<?xml version="1.0" encoding="UTF-8"?>
<testsuite xmlns:xsi="http://www.w3.org/2001/XMLSchema-instance" xsi:noNamespaceSchemaLocation="https://maven.apache.org/surefire/maven-failsafe-plugin/xsd/failsafe-test-report-3.0.xsd" version="3.0" name="starter.CucumberTestSuite" time="22.555" tests="40" errors="0" skipped="0" failures="3">
  <properties>
    <property name="sun.desktop" value="windows"/>
    <property name="awt.toolkit" value="sun.awt.windows.WToolkit"/>
    <property name="java.specification.version" value="11"/>
    <property name="sun.cpu.isalist" value="amd64"/>
    <property name="sun.jnu.encoding" value="Cp1252"/>
    <property name="java.class.path" value="E:\APIMinpro\API\minpro\target\test-classes;C:\Users\user\.m2\repository\net\serenity-bdd\serenity-rest-assured\3.6.22\serenity-rest-assured-3.6.22.jar;C:\Users\user\.m2\repository\org\apache\httpcomponents\httpclient\4.5.13\httpclient-4.5.13.jar;C:\Users\user\.m2\repository\org\apache\httpcomponents\httpcore\4.4.13\httpcore-4.4.13.jar;C:\Users\user\.m2\repository\commons-logging\commons-logging\1.2\commons-logging-1.2.jar;C:\Users\user\.m2\repository\io\rest-assured\rest-assured\5.3.0\rest-assured-5.3.0.jar;C:\Users\user\.m2\repository\org\apache\httpcomponents\httpmime\4.5.13\httpmime-4.5.13.jar;C:\Users\user\.m2\repository\org\ccil\cowan\tagsoup\tagsoup\1.2.1\tagsoup-1.2.1.jar;C:\Users\user\.m2\repository\io\rest-assured\json-path\5.3.0\json-path-5.3.0.jar;C:\Users\user\.m2\repository\io\rest-assured\rest-assured-common\5.3.0\rest-assured-common-5.3.0.jar;C:\Users\user\.m2\repository\io\rest-assured\xml-path\5.3.0\xml-path-5.3.0.jar;C:\Users\user\.m2\repository\org\apache\groovy\groovy-json\4.0.10\groovy-json-4.0.10.jar;C:\Users\user\.m2\repository\org\apache\groovy\groovy-xml\4.0.10\groovy-xml-4.0.10.jar;C:\Users\user\.m2\repository\org\apache\groovy\groovy\4.0.10\groovy-4.0.10.jar;C:\Users\user\.m2\repository\org\opentest4j\opentest4j\1.2.0\opentest4j-1.2.0.jar;C:\Users\user\.m2\repository\net\serenity-bdd\serenity-core\3.6.21\serenity-core-3.6.21.jar;C:\Users\user\.m2\repository\net\serenity-bdd\serenity-model\3.6.21\serenity-model-3.6.21.jar;C:\Users\user\.m2\repository\org\apache\commons\commons-text\1.10.0\commons-text-1.10.0.jar;C:\Users\user\.m2\repository\commons-net\commons-net\3.9.0\commons-net-3.9.0.jar;C:\Users\user\.m2\repository\com\google\guava\guava\31.1-jre\guava-31.1-jre.jar;C:\Users\user\.m2\repository\com\google\guava\failureaccess\1.0.1\failureaccess-1.0.1.jar;C:\Users\user\.m2\repository\com\google\guava\listenablefuture\9999.0-empty-to-avoid-conflict-with-guava\listenablefuture-9999.0-empty-to-avoid-conflict-with-guava.jar;C:\Users\user\.m2\repository\com\google\code\findbugs\jsr305\3.0.2\jsr305-3.0.2.jar;C:\Users\user\.m2\repository\org\checkerframework\checker-qual\3.12.0\checker-qual-3.12.0.jar;C:\Users\user\.m2\repository\com\google\errorprone\error_prone_annotations\2.11.0\error_prone_annotations-2.11.0.jar;C:\Users\user\.m2\repository\com\google\j2objc\j2objc-annotations\1.3\j2objc-annotations-1.3.jar;C:\Users\user\.m2\repository\com\google\inject\guice\5.1.0\guice-5.1.0.jar;C:\Users\user\.m2\repository\javax\inject\javax.inject\1\javax.inject-1.jar;C:\Users\user\.m2\repository\aopalliance\aopalliance\1.0\aopalliance-1.0.jar;C:\Users\user\.m2\repository\org\jsoup\jsoup\1.14.3\jsoup-1.14.3.jar;C:\Users\user\.m2\repository\com\thoughtworks\xstream\xstream\1.4.20\xstream-1.4.20.jar;C:\Users\user\.m2\repository\io\github\x-stream\mxparser\1.2.2\mxparser-1.2.2.jar;C:\Users\user\.m2\repository\xmlpull\xmlpull\1.1.3.1\xmlpull-1.1.3.1.jar;C:\Users\user\.m2\repository\com\typesafe\config\1.4.2\config-1.4.2.jar;C:\Users\user\.m2\repository\org\imgscalr\imgscalr-lib\4.2\imgscalr-lib-4.2.jar;C:\Users\user\.m2\repository\org\awaitility\awaitility\4.2.0\awaitility-4.2.0.jar;C:\Users\user\.m2\repository\org\freemarker\freemarker\2.3.31\freemarker-2.3.31.jar;C:\Users\user\.m2\repository\io\github\classgraph\classgraph\4.8.138\classgraph-4.8.138.jar;C:\Users\user\.m2\repository\net\sourceforge\jexcelapi\jxl\2.6.12\jxl-2.6.12.jar;C:\Users\user\.m2\repository\net\bytebuddy\byte-buddy-agent\1.14.2\byte-buddy-agent-1.14.2.jar;C:\Users\user\.m2\repository\org\objenesis\objenesis\3.3\objenesis-3.3.jar;C:\Users\user\.m2\repository\net\serenity-bdd\serenity-reports\3.6.21\serenity-reports-3.6.21.jar;C:\Users\user\.m2\repository\net\serenity-bdd\serenity-stats\3.6.21\serenity-stats-3.6.21.jar;C:\Users\user\.m2\repository\net\serenity-bdd\serenity-reports-configuration\3.6.21\serenity-reports-configuration-3.6.21.jar;C:\Users\user\.m2\repository\com\vladsch\flexmark\flexmark-all\0.62.2\flexmark-all-0.62.2.jar;C:\Users\user\.m2\repository\com\vladsch\flexmark\flexmark\0.62.2\flexmark-0.62.2.jar;C:\Users\user\.m2\repository\com\vladsch\flexmark\flexmark-ext-abbreviation\0.62.2\flexmark-ext-abbreviation-0.62.2.jar;C:\Users\user\.m2\repository\com\vladsch\flexmark\flexmark-util\0.62.2\flexmark-util-0.62.2.jar;C:\Users\user\.m2\repository\com\vladsch\flexmark\flexmark-ext-admonition\0.62.2\flexmark-ext-admonition-0.62.2.jar;C:\Users\user\.m2\repository\com\vladsch\flexmark\flexmark-ext-anchorlink\0.62.2\flexmark-ext-anchorlink-0.62.2.jar;C:\Users\user\.m2\repository\com\vladsch\flexmark\flexmark-ext-aside\0.62.2\flexmark-ext-aside-0.62.2.jar;C:\Users\user\.m2\repository\com\vladsch\flexmark\flexmark-ext-attributes\0.62.2\flexmark-ext-attributes-0.62.2.jar;C:\Users\user\.m2\repository\com\vladsch\flexmark\flexmark-ext-autolink\0.62.2\flexmark-ext-autolink-0.62.2.jar;C:\Users\user\.m2\repository\org\nibor\autolink\autolink\0.6.0\autolink-0.6.0.jar;C:\Users\user\.m2\repository\com\vladsch\flexmark\flexmark-ext-definition\0.62.2\flexmark-ext-definition-0.62.2.jar;C:\Users\user\.m2\repository\com\vladsch\flexmark\flexmark-ext-emoji\0.62.2\flexmark-ext-emoji-0.62.2.jar;C:\Users\user\.m2\repository\com\vladsch\flexmark\flexmark-ext-enumerated-reference\0.62.2\flexmark-ext-enumerated-reference-0.62.2.jar;C:\Users\user\.m2\repository\com\vladsch\flexmark\flexmark-ext-escaped-character\0.62.2\flexmark-ext-escaped-character-0.62.2.jar;C:\Users\user\.m2\repository\com\vladsch\flexmark\flexmark-ext-footnotes\0.62.2\flexmark-ext-footnotes-0.62.2.jar;C:\Users\user\.m2\repository\com\vladsch\flexmark\flexmark-ext-gfm-issues\0.62.2\flexmark-ext-gfm-issues-0.62.2.jar;C:\Users\user\.m2\repository\com\vladsch\flexmark\flexmark-ext-gfm-strikethrough\0.62.2\flexmark-ext-gfm-strikethrough-0.62.2.jar;C:\Users\user\.m2\repository\com\vladsch\flexmark\flexmark-ext-gfm-tasklist\0.62.2\flexmark-ext-gfm-tasklist-0.62.2.jar;C:\Users\user\.m2\repository\com\vladsch\flexmark\flexmark-ext-gfm-users\0.62.2\flexmark-ext-gfm-users-0.62.2.jar;C:\Users\user\.m2\repository\com\vladsch\flexmark\flexmark-ext-gitlab\0.62.2\flexmark-ext-gitlab-0.62.2.jar;C:\Users\user\.m2\repository\com\vladsch\flexmark\flexmark-ext-jekyll-front-matter\0.62.2\flexmark-ext-jekyll-front-matter-0.62.2.jar;C:\Users\user\.m2\repository\com\vladsch\flexmark\flexmark-ext-jekyll-tag\0.62.2\flexmark-ext-jekyll-tag-0.62.2.jar;C:\Users\user\.m2\repository\com\vladsch\flexmark\flexmark-ext-media-tags\0.62.2\flexmark-ext-media-tags-0.62.2.jar;C:\Users\user\.m2\repository\com\vladsch\flexmark\flexmark-ext-macros\0.62.2\flexmark-ext-macros-0.62.2.jar;C:\Users\user\.m2\repository\com\vladsch\flexmark\flexmark-ext-ins\0.62.2\flexmark-ext-ins-0.62.2.jar;C:\Users\user\.m2\repository\com\vladsch\flexmark\flexmark-ext-xwiki-macros\0.62.2\flexmark-ext-xwiki-macros-0.62.2.jar;C:\Users\user\.m2\repository\com\vladsch\flexmark\flexmark-ext-superscript\0.62.2\flexmark-ext-superscript-0.62.2.jar;C:\Users\user\.m2\repository\com\vladsch\flexmark\flexmark-ext-tables\0.62.2\flexmark-ext-tables-0.62.2.jar;C:\Users\user\.m2\repository\com\vladsch\flexmark\flexmark-ext-toc\0.62.2\flexmark-ext-toc-0.62.2.jar;C:\Users\user\.m2\repository\com\vladsch\flexmark\flexmark-ext-typographic\0.62.2\flexmark-ext-typographic-0.62.2.jar;C:\Users\user\.m2\repository\com\vladsch\flexmark\flexmark-ext-wikilink\0.62.2\flexmark-ext-wikilink-0.62.2.jar;C:\Users\user\.m2\repository\com\vladsch\flexmark\flexmark-ext-yaml-front-matter\0.62.2\flexmark-ext-yaml-front-matter-0.62.2.jar;C:\Users\user\.m2\repository\com\vladsch\flexmark\flexmark-ext-youtube-embedded\0.62.2\flexmark-ext-youtube-embedded-0.62.2.jar;C:\Users\user\.m2\repository\com\vladsch\flexmark\flexmark-html2md-converter\0.62.2\flexmark-html2md-converter-0.62.2.jar;C:\Users\user\.m2\repository\com\vladsch\flexmark\flexmark-jira-converter\0.62.2\flexmark-jira-converter-0.62.2.jar;C:\Users\user\.m2\repository\com\vladsch\flexmark\flexmark-pdf-converter\0.62.2\flexmark-pdf-converter-0.62.2.jar;C:\Users\user\.m2\repository\com\openhtmltopdf\openhtmltopdf-core\1.0.0\openhtmltopdf-core-1.0.0.jar;C:\Users\user\.m2\repository\com\openhtmltopdf\openhtmltopdf-pdfbox\1.0.0\openhtmltopdf-pdfbox-1.0.0.jar;C:\Users\user\.m2\repository\org\apache\pdfbox\pdfbox\2.0.16\pdfbox-2.0.16.jar;C:\Users\user\.m2\repository\org\apache\pdfbox\fontbox\2.0.16\fontbox-2.0.16.jar;C:\Users\user\.m2\repository\org\apache\pdfbox\xmpbox\2.0.16\xmpbox-2.0.16.jar;C:\Users\user\.m2\repository\de\rototor\pdfbox\graphics2d\0.24\graphics2d-0.24.jar;C:\Users\user\.m2\repository\com\openhtmltopdf\openhtmltopdf-rtl-support\1.0.0\openhtmltopdf-rtl-support-1.0.0.jar;C:\Users\user\.m2\repository\com\openhtmltopdf\openhtmltopdf-jsoup-dom-converter\1.0.0\openhtmltopdf-jsoup-dom-converter-1.0.0.jar;C:\Users\user\.m2\repository\com\vladsch\flexmark\flexmark-profile-pegdown\0.62.2\flexmark-profile-pegdown-0.62.2.jar;C:\Users\user\.m2\repository\com\vladsch\flexmark\flexmark-util-ast\0.62.2\flexmark-util-ast-0.62.2.jar;C:\Users\user\.m2\repository\com\vladsch\flexmark\flexmark-util-builder\0.62.2\flexmark-util-builder-0.62.2.jar;C:\Users\user\.m2\repository\com\vladsch\flexmark\flexmark-util-collection\0.62.2\flexmark-util-collection-0.62.2.jar;C:\Users\user\.m2\repository\com\vladsch\flexmark\flexmark-util-data\0.62.2\flexmark-util-data-0.62.2.jar;C:\Users\user\.m2\repository\com\vladsch\flexmark\flexmark-util-dependency\0.62.2\flexmark-util-dependency-0.62.2.jar;C:\Users\user\.m2\repository\com\vladsch\flexmark\flexmark-util-format\0.62.2\flexmark-util-format-0.62.2.jar;C:\Users\user\.m2\repository\com\vladsch\flexmark\flexmark-util-html\0.62.2\flexmark-util-html-0.62.2.jar;C:\Users\user\.m2\repository\com\vladsch\flexmark\flexmark-util-misc\0.62.2\flexmark-util-misc-0.62.2.jar;C:\Users\user\.m2\repository\com\vladsch\flexmark\flexmark-util-options\0.62.2\flexmark-util-options-0.62.2.jar;C:\Users\user\.m2\repository\com\vladsch\flexmark\flexmark-util-sequence\0.62.2\flexmark-util-sequence-0.62.2.jar;C:\Users\user\.m2\repository\com\vladsch\flexmark\flexmark-util-visitor\0.62.2\flexmark-util-visitor-0.62.2.jar;C:\Users\user\.m2\repository\com\vladsch\flexmark\flexmark-youtrack-converter\0.62.2\flexmark-youtrack-converter-0.62.2.jar;C:\Users\user\.m2\repository\com\ibm\icu\icu4j\72.1\icu4j-72.1.jar;C:\Users\user\.m2\repository\es\nitaur\markdown\txtmark\0.16\txtmark-0.16.jar;C:\Users\user\.m2\repository\net\serenity-bdd\serenity-report-resources\3.6.21\serenity-report-resources-3.6.21.jar;C:\Users\user\.m2\repository\com\google\code\gson\gson\2.10.1\gson-2.10.1.jar;C:\Users\user\.m2\repository\com\fasterxml\jackson\core\jackson-core\2.15.0-rc1\jackson-core-2.15.0-rc1.jar;C:\Users\user\.m2\repository\com\fasterxml\jackson\core\jackson-databind\2.15.0-rc1\jackson-databind-2.15.0-rc1.jar;C:\Users\user\.m2\repository\com\fasterxml\jackson\core\jackson-annotations\2.15.0-rc1\jackson-annotations-2.15.0-rc1.jar;C:\Users\user\.m2\repository\commons-codec\commons-codec\1.15\commons-codec-1.15.jar;C:\Users\user\.m2\repository\commons-io\commons-io\2.11.0\commons-io-2.11.0.jar;C:\Users\user\.m2\repository\org\seleniumhq\selenium\selenium-java\4.8.1\selenium-java-4.8.1.jar;C:\Users\user\.m2\repository\org\seleniumhq\selenium\selenium-devtools-v108\4.8.1\selenium-devtools-v108-4.8.1.jar;C:\Users\user\.m2\repository\org\seleniumhq\selenium\selenium-devtools-v109\4.8.1\selenium-devtools-v109-4.8.1.jar;C:\Users\user\.m2\repository\org\seleniumhq\selenium\selenium-devtools-v110\4.8.1\selenium-devtools-v110-4.8.1.jar;C:\Users\user\.m2\repository\org\seleniumhq\selenium\selenium-devtools-v85\4.8.1\selenium-devtools-v85-4.8.1.jar;C:\Users\user\.m2\repository\org\seleniumhq\selenium\selenium-remote-driver\4.8.1\selenium-remote-driver-4.8.1.jar;C:\Users\user\.m2\repository\com\beust\jcommander\1.82\jcommander-1.82.jar;C:\Users\user\.m2\repository\io\netty\netty-buffer\4.1.87.Final\netty-buffer-4.1.87.Final.jar;C:\Users\user\.m2\repository\io\netty\netty-codec-http\4.1.87.Final\netty-codec-http-4.1.87.Final.jar;C:\Users\user\.m2\repository\io\netty\netty-codec\4.1.87.Final\netty-codec-4.1.87.Final.jar;C:\Users\user\.m2\repository\io\netty\netty-handler\4.1.87.Final\netty-handler-4.1.87.Final.jar;C:\Users\user\.m2\repository\io\netty\netty-common\4.1.87.Final\netty-common-4.1.87.Final.jar;C:\Users\user\.m2\repository\io\netty\netty-transport-classes-epoll\4.1.87.Final\netty-transport-classes-epoll-4.1.87.Final.jar;C:\Users\user\.m2\repository\io\netty\netty-transport-classes-kqueue\4.1.87.Final\netty-transport-classes-kqueue-4.1.87.Final.jar;C:\Users\user\.m2\repository\io\netty\netty-transport-native-epoll\4.1.87.Final\netty-transport-native-epoll-4.1.87.Final.jar;C:\Users\user\.m2\repository\io\netty\netty-transport-native-kqueue\4.1.87.Final\netty-transport-native-kqueue-4.1.87.Final.jar;C:\Users\user\.m2\repository\io\netty\netty-transport-native-unix-common\4.1.87.Final\netty-transport-native-unix-common-4.1.87.Final.jar;C:\Users\user\.m2\repository\io\netty\netty-transport\4.1.87.Final\netty-transport-4.1.87.Final.jar;C:\Users\user\.m2\repository\io\netty\netty-resolver\4.1.87.Final\netty-resolver-4.1.87.Final.jar;C:\Users\user\.m2\repository\io\opentelemetry\opentelemetry-api\1.22.0\opentelemetry-api-1.22.0.jar;C:\Users\user\.m2\repository\io\opentelemetry\opentelemetry-context\1.22.0\opentelemetry-context-1.22.0.jar;C:\Users\user\.m2\repository\io\opentelemetry\opentelemetry-exporter-logging\1.22.0\opentelemetry-exporter-logging-1.22.0.jar;C:\Users\user\.m2\repository\io\opentelemetry\opentelemetry-sdk-metrics\1.22.0\opentelemetry-sdk-metrics-1.22.0.jar;C:\Users\user\.m2\repository\io\opentelemetry\opentelemetry-sdk-logs\1.22.0-alpha\opentelemetry-sdk-logs-1.22.0-alpha.jar;C:\Users\user\.m2\repository\io\opentelemetry\opentelemetry-api-logs\1.22.0-alpha\opentelemetry-api-logs-1.22.0-alpha.jar;C:\Users\user\.m2\repository\io\opentelemetry\opentelemetry-sdk-common\1.22.0\opentelemetry-sdk-common-1.22.0.jar;C:\Users\user\.m2\repository\io\opentelemetry\opentelemetry-sdk-extension-autoconfigure-spi\1.22.0\opentelemetry-sdk-extension-autoconfigure-spi-1.22.0.jar;C:\Users\user\.m2\repository\io\opentelemetry\opentelemetry-sdk-extension-autoconfigure\1.22.0-alpha\opentelemetry-sdk-extension-autoconfigure-1.22.0-alpha.jar;C:\Users\user\.m2\repository\io\opentelemetry\opentelemetry-sdk-trace\1.22.0\opentelemetry-sdk-trace-1.22.0.jar;C:\Users\user\.m2\repository\io\opentelemetry\opentelemetry-sdk\1.22.0\opentelemetry-sdk-1.22.0.jar;C:\Users\user\.m2\repository\io\opentelemetry\opentelemetry-semconv\1.22.0-alpha\opentelemetry-semconv-1.22.0-alpha.jar;C:\Users\user\.m2\repository\io\ous\jtoml\2.0.0\jtoml-2.0.0.jar;C:\Users\user\.m2\repository\org\apache\commons\commons-exec\1.3\commons-exec-1.3.jar;C:\Users\user\.m2\repository\org\asynchttpclient\async-http-client\2.12.3\async-http-client-2.12.3.jar;C:\Users\user\.m2\repository\org\asynchttpclient\async-http-client-netty-utils\2.12.3\async-http-client-netty-utils-2.12.3.jar;C:\Users\user\.m2\repository\io\netty\netty-codec-socks\4.1.60.Final\netty-codec-socks-4.1.60.Final.jar;C:\Users\user\.m2\repository\io\netty\netty-handler-proxy\4.1.60.Final\netty-handler-proxy-4.1.60.Final.jar;C:\Users\user\.m2\repository\io\netty\netty-transport-native-epoll\4.1.60.Final\netty-transport-native-epoll-4.1.60.Final-linux-x86_64.jar;C:\Users\user\.m2\repository\io\netty\netty-transport-native-kqueue\4.1.60.Final\netty-transport-native-kqueue-4.1.60.Final-osx-x86_64.jar;C:\Users\user\.m2\repository\org\reactivestreams\reactive-streams\1.0.3\reactive-streams-1.0.3.jar;C:\Users\user\.m2\repository\com\typesafe\netty\netty-reactive-streams\2.0.4\netty-reactive-streams-2.0.4.jar;C:\Users\user\.m2\repository\org\seleniumhq\selenium\selenium-manager\4.8.1\selenium-manager-4.8.1.jar;C:\Users\user\.m2\repository\org\seleniumhq\selenium\selenium-safari-driver\4.8.1\selenium-safari-driver-4.8.1.jar;C:\Users\user\.m2\repository\org\seleniumhq\selenium\selenium-api\4.8.1\selenium-api-4.8.1.jar;C:\Users\user\.m2\repository\org\seleniumhq\selenium\selenium-support\4.8.1\selenium-support-4.8.1.jar;C:\Users\user\.m2\repository\com\google\auto\service\auto-service-annotations\1.0.1\auto-service-annotations-1.0.1.jar;C:\Users\user\.m2\repository\com\google\auto\service\auto-service\1.0.1\auto-service-1.0.1.jar;C:\Users\user\.m2\repository\com\google\auto\auto-common\1.2\auto-common-1.2.jar;C:\Users\user\.m2\repository\org\seleniumhq\selenium\selenium-json\4.8.1\selenium-json-4.8.1.jar;C:\Users\user\.m2\repository\org\seleniumhq\selenium\selenium-chrome-driver\4.8.1\selenium-chrome-driver-4.8.1.jar;C:\Users\user\.m2\repository\org\seleniumhq\selenium\selenium-chromium-driver\4.8.1\selenium-chromium-driver-4.8.1.jar;C:\Users\user\.m2\repository\org\seleniumhq\selenium\selenium-firefox-driver\4.8.1\selenium-firefox-driver-4.8.1.jar;C:\Users\user\.m2\repository\org\seleniumhq\selenium\selenium-http\4.8.1\selenium-http-4.8.1.jar;C:\Users\user\.m2\repository\dev\failsafe\failsafe\3.3.0\failsafe-3.3.0.jar;C:\Users\user\.m2\repository\org\seleniumhq\selenium\selenium-edge-driver\4.8.1\selenium-edge-driver-4.8.1.jar;C:\Users\user\.m2\repository\org\seleniumhq\selenium\selenium-ie-driver\4.8.1\selenium-ie-driver-4.8.1.jar;C:\Users\user\.m2\repository\org\projectlombok\lombok\1.18.20\lombok-1.18.20.jar;C:\Users\user\.m2\repository\io\appium\java-client\8.3.0\java-client-8.3.0.jar;C:\Users\user\.m2\repository\commons-validator\commons-validator\1.7\commons-validator-1.7.jar;C:\Users\user\.m2\repository\commons-digester\commons-digester\2.1\commons-digester-2.1.jar;C:\Users\user\.m2\repository\net\sf\opencsv\opencsv\2.0\opencsv-2.0.jar;C:\Users\user\.m2\repository\commons-beanutils\commons-beanutils\1.9.4\commons-beanutils-1.9.4.jar;C:\Users\user\.m2\repository\org\apache\commons\commons-lang3\3.12.0\commons-lang3-3.12.0.jar;C:\Users\user\.m2\repository\commons-collections\commons-collections\3.2.2\commons-collections-3.2.2.jar;C:\Users\user\.m2\repository\org\fluentlenium\fluentlenium-core\0.10.2\fluentlenium-core-0.10.2.jar;C:\Users\user\.m2\repository\io\github\bonigarcia\webdrivermanager\5.3.0\webdrivermanager-5.3.0.jar;C:\Users\user\.m2\repository\com\github\docker-java\docker-java\3.2.13\docker-java-3.2.13.jar;C:\Users\user\.m2\repository\com\github\docker-java\docker-java-core\3.2.13\docker-java-core-3.2.13.jar;C:\Users\user\.m2\repository\com\github\docker-java\docker-java-api\3.2.13\docker-java-api-3.2.13.jar;C:\Users\user\.m2\repository\org\apache\commons\commons-compress\1.21\commons-compress-1.21.jar;C:\Users\user\.m2\repository\org\bouncycastle\bcpkix-jdk15on\1.64\bcpkix-jdk15on-1.64.jar;C:\Users\user\.m2\repository\org\bouncycastle\bcprov-jdk15on\1.64\bcprov-jdk15on-1.64.jar;C:\Users\user\.m2\repository\org\slf4j\jcl-over-slf4j\1.7.30\jcl-over-slf4j-1.7.30.jar;C:\Users\user\.m2\repository\com\github\docker-java\docker-java-transport-httpclient5\3.2.13\docker-java-transport-httpclient5-3.2.13.jar;C:\Users\user\.m2\repository\com\github\docker-java\docker-java-transport\3.2.13\docker-java-transport-3.2.13.jar;C:\Users\user\.m2\repository\net\java\dev\jna\jna\5.8.0\jna-5.8.0.jar;C:\Users\user\.m2\repository\org\brotli\dec\0.1.2\dec-0.1.2.jar;C:\Users\user\.m2\repository\org\apache\httpcomponents\client5\httpclient5\5.1.3\httpclient5-5.1.3.jar;C:\Users\user\.m2\repository\org\apache\httpcomponents\core5\httpcore5\5.1.3\httpcore5-5.1.3.jar;C:\Users\user\.m2\repository\org\apache\httpcomponents\core5\httpcore5-h2\5.1.3\httpcore5-h2-5.1.3.jar;C:\Users\user\.m2\repository\com\jhlabs\filters\2.0.235\filters-2.0.235.jar;C:\Users\user\.m2\repository\com\paulhammant\ngwebdriver\1.1.6\ngwebdriver-1.1.6.jar;C:\Users\user\.m2\repository\joda-time\joda-time\2.12.2\joda-time-2.12.2.jar;C:\Users\user\.m2\repository\org\hamcrest\hamcrest\2.2\hamcrest-2.2.jar;C:\Users\user\.m2\repository\com\google\jimfs\jimfs\1.2\jimfs-1.2.jar;C:\Users\user\.m2\repository\org\mockito\mockito-core\3.3.3\mockito-core-3.3.3.jar;C:\Users\user\.m2\repository\javax\xml\bind\jaxb-api\2.3.1\jaxb-api-2.3.1.jar;C:\Users\user\.m2\repository\javax\activation\javax.activation-api\1.2.0\javax.activation-api-1.2.0.jar;C:\Users\user\.m2\repository\com\sun\xml\bind\jaxb-core\2.3.0.1\jaxb-core-2.3.0.1.jar;C:\Users\user\.m2\repository\com\sun\xml\bind\jaxb-impl\2.3.3\jaxb-impl-2.3.3.jar;C:\Users\user\.m2\repository\jakarta\xml\bind\jakarta.xml.bind-api\2.3.3\jakarta.xml.bind-api-2.3.3.jar;C:\Users\user\.m2\repository\com\sun\activation\jakarta.activation\1.2.2\jakarta.activation-1.2.2.jar;C:\Users\user\.m2\repository\javax\activation\activation\1.1.1\activation-1.1.1.jar;C:\Users\user\.m2\repository\net\serenity-bdd\serenity-cucumber\3.6.21\serenity-cucumber-3.6.21.jar;C:\Users\user\.m2\repository\io\cucumber\cucumber-core\7.11.0\cucumber-core-7.11.0.jar;C:\Users\user\.m2\repository\io\cucumber\cucumber-gherkin\7.11.0\cucumber-gherkin-7.11.0.jar;C:\Users\user\.m2\repository\io\cucumber\cucumber-gherkin-messages\7.11.0\cucumber-gherkin-messages-7.11.0.jar;C:\Users\user\.m2\repository\io\cucumber\gherkin\26.0.3\gherkin-26.0.3.jar;C:\Users\user\.m2\repository\io\cucumber\messages\21.0.1\messages-21.0.1.jar;C:\Users\user\.m2\repository\io\cucumber\tag-expressions\5.0.1\tag-expressions-5.0.1.jar;C:\Users\user\.m2\repository\io\cucumber\cucumber-expressions\16.1.1\cucumber-expressions-16.1.1.jar;C:\Users\user\.m2\repository\io\cucumber\datatable\7.11.0\datatable-7.11.0.jar;C:\Users\user\.m2\repository\io\cucumber\cucumber-plugin\7.11.0\cucumber-plugin-7.11.0.jar;C:\Users\user\.m2\repository\io\cucumber\docstring\7.11.0\docstring-7.11.0.jar;C:\Users\user\.m2\repository\io\cucumber\html-formatter\20.2.1\html-formatter-20.2.1.jar;C:\Users\user\.m2\repository\io\cucumber\junit-xml-formatter\0.1.0\junit-xml-formatter-0.1.0.jar;C:\Users\user\.m2\repository\io\cucumber\ci-environment\9.1.0\ci-environment-9.1.0.jar;C:\Users\user\.m2\repository\io\cucumber\cucumber-java\7.11.0\cucumber-java-7.11.0.jar;C:\Users\user\.m2\repository\io\cucumber\cucumber-junit\7.11.0\cucumber-junit-7.11.0.jar;C:\Users\user\.m2\repository\org\apache\commons\commons-csv\1.5\commons-csv-1.5.jar;C:\Users\user\.m2\repository\net\serenity-bdd\serenity-screenplay\3.6.21\serenity-screenplay-3.6.21.jar;C:\Users\user\.m2\repository\net\serenity-bdd\serenity-screenplay-webdriver\3.6.21\serenity-screenplay-webdriver-3.6.21.jar;C:\Users\user\.m2\repository\net\serenity-bdd\serenity-ensure\3.6.21\serenity-ensure-3.6.21.jar;C:\Users\user\.m2\repository\net\serenity-bdd\serenity-junit\3.6.21\serenity-junit-3.6.21.jar;C:\Users\user\.m2\repository\org\jetbrains\kotlin\kotlin-stdlib\1.8.10\kotlin-stdlib-1.8.10.jar;C:\Users\user\.m2\repository\org\jetbrains\kotlin\kotlin-stdlib-common\1.8.10\kotlin-stdlib-common-1.8.10.jar;C:\Users\user\.m2\repository\org\jetbrains\annotations\13.0\annotations-13.0.jar;C:\Users\user\.m2\repository\org\junit\platform\junit-platform-launcher\1.8.2\junit-platform-launcher-1.8.2.jar;C:\Users\user\.m2\repository\org\junit\platform\junit-platform-engine\1.8.2\junit-platform-engine-1.8.2.jar;C:\Users\user\.m2\repository\org\junit\platform\junit-platform-commons\1.8.2\junit-platform-commons-1.8.2.jar;C:\Users\user\.m2\repository\org\apiguardian\apiguardian-api\1.1.2\apiguardian-api-1.1.2.jar;C:\Users\user\.m2\repository\org\junit\jupiter\junit-jupiter-engine\5.8.2\junit-jupiter-engine-5.8.2.jar;C:\Users\user\.m2\repository\org\junit\jupiter\junit-jupiter-api\5.8.2\junit-jupiter-api-5.8.2.jar;C:\Users\user\.m2\repository\org\junit\vintage\junit-vintage-engine\5.8.2\junit-vintage-engine-5.8.2.jar;C:\Users\user\.m2\repository\junit\junit\4.13.2\junit-4.13.2.jar;C:\Users\user\.m2\repository\org\hamcrest\hamcrest-core\1.3\hamcrest-core-1.3.jar;C:\Users\user\.m2\repository\ch\qos\logback\logback-classic\1.2.10\logback-classic-1.2.10.jar;C:\Users\user\.m2\repository\ch\qos\logback\logback-core\1.2.10\logback-core-1.2.10.jar;C:\Users\user\.m2\repository\org\slf4j\slf4j-api\1.7.32\slf4j-api-1.7.32.jar;C:\Users\user\.m2\repository\org\assertj\assertj-core\3.23.1\assertj-core-3.23.1.jar;C:\Users\user\.m2\repository\net\bytebuddy\byte-buddy\1.12.10\byte-buddy-1.12.10.jar;C:\Users\user\.m2\repository\com\googlecode\json-simple\json-simple\1.1.1\json-simple-1.1.1.jar;"/>
    <property name="java.vm.vendor" value="Oracle Corporation"/>
    <property name="sun.arch.data.model" value="64"/>
    <property name="user.variant" value=""/>
    <property name="java.vendor.url" value="https://openjdk.java.net/"/>
    <property name="user.timezone" value="Asia/Bangkok"/>
    <property name="java.vm.specification.version" value="11"/>
    <property name="os.name" value="Windows 10"/>
    <property name="sun.java.launcher" value="SUN_STANDARD"/>
    <property name="user.country" value="ID"/>
    <property name="sun.boot.library.path" value="C:\Program Files\Java\jdk-11.0.15.1\bin"/>
    <property name="sun.java.command" value="org.apache.maven.surefire.booter.ForkedBooter C:\Users\user\AppData\Local\Temp\surefire15047374879842073381 2023-05-06T09-19-18_188-jvmRun1 surefire14632153522145030474tmp surefire_010228167234415123876tmp"/>
    <property name="jdk.debug" value="release"/>
    <property name="surefire.test.class.path" value="E:\APIMinpro\API\minpro\target\test-classes;C:\Users\user\.m2\repository\net\serenity-bdd\serenity-rest-assured\3.6.22\serenity-rest-assured-3.6.22.jar;C:\Users\user\.m2\repository\org\apache\httpcomponents\httpclient\4.5.13\httpclient-4.5.13.jar;C:\Users\user\.m2\repository\org\apache\httpcomponents\httpcore\4.4.13\httpcore-4.4.13.jar;C:\Users\user\.m2\repository\commons-logging\commons-logging\1.2\commons-logging-1.2.jar;C:\Users\user\.m2\repository\io\rest-assured\rest-assured\5.3.0\rest-assured-5.3.0.jar;C:\Users\user\.m2\repository\org\apache\httpcomponents\httpmime\4.5.13\httpmime-4.5.13.jar;C:\Users\user\.m2\repository\org\ccil\cowan\tagsoup\tagsoup\1.2.1\tagsoup-1.2.1.jar;C:\Users\user\.m2\repository\io\rest-assured\json-path\5.3.0\json-path-5.3.0.jar;C:\Users\user\.m2\repository\io\rest-assured\rest-assured-common\5.3.0\rest-assured-common-5.3.0.jar;C:\Users\user\.m2\repository\io\rest-assured\xml-path\5.3.0\xml-path-5.3.0.jar;C:\Users\user\.m2\repository\org\apache\groovy\groovy-json\4.0.10\groovy-json-4.0.10.jar;C:\Users\user\.m2\repository\org\apache\groovy\groovy-xml\4.0.10\groovy-xml-4.0.10.jar;C:\Users\user\.m2\repository\org\apache\groovy\groovy\4.0.10\groovy-4.0.10.jar;C:\Users\user\.m2\repository\org\opentest4j\opentest4j\1.2.0\opentest4j-1.2.0.jar;C:\Users\user\.m2\repository\net\serenity-bdd\serenity-core\3.6.21\serenity-core-3.6.21.jar;C:\Users\user\.m2\repository\net\serenity-bdd\serenity-model\3.6.21\serenity-model-3.6.21.jar;C:\Users\user\.m2\repository\org\apache\commons\commons-text\1.10.0\commons-text-1.10.0.jar;C:\Users\user\.m2\repository\commons-net\commons-net\3.9.0\commons-net-3.9.0.jar;C:\Users\user\.m2\repository\com\google\guava\guava\31.1-jre\guava-31.1-jre.jar;C:\Users\user\.m2\repository\com\google\guava\failureaccess\1.0.1\failureaccess-1.0.1.jar;C:\Users\user\.m2\repository\com\google\guava\listenablefuture\9999.0-empty-to-avoid-conflict-with-guava\listenablefuture-9999.0-empty-to-avoid-conflict-with-guava.jar;C:\Users\user\.m2\repository\com\google\code\findbugs\jsr305\3.0.2\jsr305-3.0.2.jar;C:\Users\user\.m2\repository\org\checkerframework\checker-qual\3.12.0\checker-qual-3.12.0.jar;C:\Users\user\.m2\repository\com\google\errorprone\error_prone_annotations\2.11.0\error_prone_annotations-2.11.0.jar;C:\Users\user\.m2\repository\com\google\j2objc\j2objc-annotations\1.3\j2objc-annotations-1.3.jar;C:\Users\user\.m2\repository\com\google\inject\guice\5.1.0\guice-5.1.0.jar;C:\Users\user\.m2\repository\javax\inject\javax.inject\1\javax.inject-1.jar;C:\Users\user\.m2\repository\aopalliance\aopalliance\1.0\aopalliance-1.0.jar;C:\Users\user\.m2\repository\org\jsoup\jsoup\1.14.3\jsoup-1.14.3.jar;C:\Users\user\.m2\repository\com\thoughtworks\xstream\xstream\1.4.20\xstream-1.4.20.jar;C:\Users\user\.m2\repository\io\github\x-stream\mxparser\1.2.2\mxparser-1.2.2.jar;C:\Users\user\.m2\repository\xmlpull\xmlpull\1.1.3.1\xmlpull-1.1.3.1.jar;C:\Users\user\.m2\repository\com\typesafe\config\1.4.2\config-1.4.2.jar;C:\Users\user\.m2\repository\org\imgscalr\imgscalr-lib\4.2\imgscalr-lib-4.2.jar;C:\Users\user\.m2\repository\org\awaitility\awaitility\4.2.0\awaitility-4.2.0.jar;C:\Users\user\.m2\repository\org\freemarker\freemarker\2.3.31\freemarker-2.3.31.jar;C:\Users\user\.m2\repository\io\github\classgraph\classgraph\4.8.138\classgraph-4.8.138.jar;C:\Users\user\.m2\repository\net\sourceforge\jexcelapi\jxl\2.6.12\jxl-2.6.12.jar;C:\Users\user\.m2\repository\net\bytebuddy\byte-buddy-agent\1.14.2\byte-buddy-agent-1.14.2.jar;C:\Users\user\.m2\repository\org\objenesis\objenesis\3.3\objenesis-3.3.jar;C:\Users\user\.m2\repository\net\serenity-bdd\serenity-reports\3.6.21\serenity-reports-3.6.21.jar;C:\Users\user\.m2\repository\net\serenity-bdd\serenity-stats\3.6.21\serenity-stats-3.6.21.jar;C:\Users\user\.m2\repository\net\serenity-bdd\serenity-reports-configuration\3.6.21\serenity-reports-configuration-3.6.21.jar;C:\Users\user\.m2\repository\com\vladsch\flexmark\flexmark-all\0.62.2\flexmark-all-0.62.2.jar;C:\Users\user\.m2\repository\com\vladsch\flexmark\flexmark\0.62.2\flexmark-0.62.2.jar;C:\Users\user\.m2\repository\com\vladsch\flexmark\flexmark-ext-abbreviation\0.62.2\flexmark-ext-abbreviation-0.62.2.jar;C:\Users\user\.m2\repository\com\vladsch\flexmark\flexmark-util\0.62.2\flexmark-util-0.62.2.jar;C:\Users\user\.m2\repository\com\vladsch\flexmark\flexmark-ext-admonition\0.62.2\flexmark-ext-admonition-0.62.2.jar;C:\Users\user\.m2\repository\com\vladsch\flexmark\flexmark-ext-anchorlink\0.62.2\flexmark-ext-anchorlink-0.62.2.jar;C:\Users\user\.m2\repository\com\vladsch\flexmark\flexmark-ext-aside\0.62.2\flexmark-ext-aside-0.62.2.jar;C:\Users\user\.m2\repository\com\vladsch\flexmark\flexmark-ext-attributes\0.62.2\flexmark-ext-attributes-0.62.2.jar;C:\Users\user\.m2\repository\com\vladsch\flexmark\flexmark-ext-autolink\0.62.2\flexmark-ext-autolink-0.62.2.jar;C:\Users\user\.m2\repository\org\nibor\autolink\autolink\0.6.0\autolink-0.6.0.jar;C:\Users\user\.m2\repository\com\vladsch\flexmark\flexmark-ext-definition\0.62.2\flexmark-ext-definition-0.62.2.jar;C:\Users\user\.m2\repository\com\vladsch\flexmark\flexmark-ext-emoji\0.62.2\flexmark-ext-emoji-0.62.2.jar;C:\Users\user\.m2\repository\com\vladsch\flexmark\flexmark-ext-enumerated-reference\0.62.2\flexmark-ext-enumerated-reference-0.62.2.jar;C:\Users\user\.m2\repository\com\vladsch\flexmark\flexmark-ext-escaped-character\0.62.2\flexmark-ext-escaped-character-0.62.2.jar;C:\Users\user\.m2\repository\com\vladsch\flexmark\flexmark-ext-footnotes\0.62.2\flexmark-ext-footnotes-0.62.2.jar;C:\Users\user\.m2\repository\com\vladsch\flexmark\flexmark-ext-gfm-issues\0.62.2\flexmark-ext-gfm-issues-0.62.2.jar;C:\Users\user\.m2\repository\com\vladsch\flexmark\flexmark-ext-gfm-strikethrough\0.62.2\flexmark-ext-gfm-strikethrough-0.62.2.jar;C:\Users\user\.m2\repository\com\vladsch\flexmark\flexmark-ext-gfm-tasklist\0.62.2\flexmark-ext-gfm-tasklist-0.62.2.jar;C:\Users\user\.m2\repository\com\vladsch\flexmark\flexmark-ext-gfm-users\0.62.2\flexmark-ext-gfm-users-0.62.2.jar;C:\Users\user\.m2\repository\com\vladsch\flexmark\flexmark-ext-gitlab\0.62.2\flexmark-ext-gitlab-0.62.2.jar;C:\Users\user\.m2\repository\com\vladsch\flexmark\flexmark-ext-jekyll-front-matter\0.62.2\flexmark-ext-jekyll-front-matter-0.62.2.jar;C:\Users\user\.m2\repository\com\vladsch\flexmark\flexmark-ext-jekyll-tag\0.62.2\flexmark-ext-jekyll-tag-0.62.2.jar;C:\Users\user\.m2\repository\com\vladsch\flexmark\flexmark-ext-media-tags\0.62.2\flexmark-ext-media-tags-0.62.2.jar;C:\Users\user\.m2\repository\com\vladsch\flexmark\flexmark-ext-macros\0.62.2\flexmark-ext-macros-0.62.2.jar;C:\Users\user\.m2\repository\com\vladsch\flexmark\flexmark-ext-ins\0.62.2\flexmark-ext-ins-0.62.2.jar;C:\Users\user\.m2\repository\com\vladsch\flexmark\flexmark-ext-xwiki-macros\0.62.2\flexmark-ext-xwiki-macros-0.62.2.jar;C:\Users\user\.m2\repository\com\vladsch\flexmark\flexmark-ext-superscript\0.62.2\flexmark-ext-superscript-0.62.2.jar;C:\Users\user\.m2\repository\com\vladsch\flexmark\flexmark-ext-tables\0.62.2\flexmark-ext-tables-0.62.2.jar;C:\Users\user\.m2\repository\com\vladsch\flexmark\flexmark-ext-toc\0.62.2\flexmark-ext-toc-0.62.2.jar;C:\Users\user\.m2\repository\com\vladsch\flexmark\flexmark-ext-typographic\0.62.2\flexmark-ext-typographic-0.62.2.jar;C:\Users\user\.m2\repository\com\vladsch\flexmark\flexmark-ext-wikilink\0.62.2\flexmark-ext-wikilink-0.62.2.jar;C:\Users\user\.m2\repository\com\vladsch\flexmark\flexmark-ext-yaml-front-matter\0.62.2\flexmark-ext-yaml-front-matter-0.62.2.jar;C:\Users\user\.m2\repository\com\vladsch\flexmark\flexmark-ext-youtube-embedded\0.62.2\flexmark-ext-youtube-embedded-0.62.2.jar;C:\Users\user\.m2\repository\com\vladsch\flexmark\flexmark-html2md-converter\0.62.2\flexmark-html2md-converter-0.62.2.jar;C:\Users\user\.m2\repository\com\vladsch\flexmark\flexmark-jira-converter\0.62.2\flexmark-jira-converter-0.62.2.jar;C:\Users\user\.m2\repository\com\vladsch\flexmark\flexmark-pdf-converter\0.62.2\flexmark-pdf-converter-0.62.2.jar;C:\Users\user\.m2\repository\com\openhtmltopdf\openhtmltopdf-core\1.0.0\openhtmltopdf-core-1.0.0.jar;C:\Users\user\.m2\repository\com\openhtmltopdf\openhtmltopdf-pdfbox\1.0.0\openhtmltopdf-pdfbox-1.0.0.jar;C:\Users\user\.m2\repository\org\apache\pdfbox\pdfbox\2.0.16\pdfbox-2.0.16.jar;C:\Users\user\.m2\repository\org\apache\pdfbox\fontbox\2.0.16\fontbox-2.0.16.jar;C:\Users\user\.m2\repository\org\apache\pdfbox\xmpbox\2.0.16\xmpbox-2.0.16.jar;C:\Users\user\.m2\repository\de\rototor\pdfbox\graphics2d\0.24\graphics2d-0.24.jar;C:\Users\user\.m2\repository\com\openhtmltopdf\openhtmltopdf-rtl-support\1.0.0\openhtmltopdf-rtl-support-1.0.0.jar;C:\Users\user\.m2\repository\com\openhtmltopdf\openhtmltopdf-jsoup-dom-converter\1.0.0\openhtmltopdf-jsoup-dom-converter-1.0.0.jar;C:\Users\user\.m2\repository\com\vladsch\flexmark\flexmark-profile-pegdown\0.62.2\flexmark-profile-pegdown-0.62.2.jar;C:\Users\user\.m2\repository\com\vladsch\flexmark\flexmark-util-ast\0.62.2\flexmark-util-ast-0.62.2.jar;C:\Users\user\.m2\repository\com\vladsch\flexmark\flexmark-util-builder\0.62.2\flexmark-util-builder-0.62.2.jar;C:\Users\user\.m2\repository\com\vladsch\flexmark\flexmark-util-collection\0.62.2\flexmark-util-collection-0.62.2.jar;C:\Users\user\.m2\repository\com\vladsch\flexmark\flexmark-util-data\0.62.2\flexmark-util-data-0.62.2.jar;C:\Users\user\.m2\repository\com\vladsch\flexmark\flexmark-util-dependency\0.62.2\flexmark-util-dependency-0.62.2.jar;C:\Users\user\.m2\repository\com\vladsch\flexmark\flexmark-util-format\0.62.2\flexmark-util-format-0.62.2.jar;C:\Users\user\.m2\repository\com\vladsch\flexmark\flexmark-util-html\0.62.2\flexmark-util-html-0.62.2.jar;C:\Users\user\.m2\repository\com\vladsch\flexmark\flexmark-util-misc\0.62.2\flexmark-util-misc-0.62.2.jar;C:\Users\user\.m2\repository\com\vladsch\flexmark\flexmark-util-options\0.62.2\flexmark-util-options-0.62.2.jar;C:\Users\user\.m2\repository\com\vladsch\flexmark\flexmark-util-sequence\0.62.2\flexmark-util-sequence-0.62.2.jar;C:\Users\user\.m2\repository\com\vladsch\flexmark\flexmark-util-visitor\0.62.2\flexmark-util-visitor-0.62.2.jar;C:\Users\user\.m2\repository\com\vladsch\flexmark\flexmark-youtrack-converter\0.62.2\flexmark-youtrack-converter-0.62.2.jar;C:\Users\user\.m2\repository\com\ibm\icu\icu4j\72.1\icu4j-72.1.jar;C:\Users\user\.m2\repository\es\nitaur\markdown\txtmark\0.16\txtmark-0.16.jar;C:\Users\user\.m2\repository\net\serenity-bdd\serenity-report-resources\3.6.21\serenity-report-resources-3.6.21.jar;C:\Users\user\.m2\repository\com\google\code\gson\gson\2.10.1\gson-2.10.1.jar;C:\Users\user\.m2\repository\com\fasterxml\jackson\core\jackson-core\2.15.0-rc1\jackson-core-2.15.0-rc1.jar;C:\Users\user\.m2\repository\com\fasterxml\jackson\core\jackson-databind\2.15.0-rc1\jackson-databind-2.15.0-rc1.jar;C:\Users\user\.m2\repository\com\fasterxml\jackson\core\jackson-annotations\2.15.0-rc1\jackson-annotations-2.15.0-rc1.jar;C:\Users\user\.m2\repository\commons-codec\commons-codec\1.15\commons-codec-1.15.jar;C:\Users\user\.m2\repository\commons-io\commons-io\2.11.0\commons-io-2.11.0.jar;C:\Users\user\.m2\repository\org\seleniumhq\selenium\selenium-java\4.8.1\selenium-java-4.8.1.jar;C:\Users\user\.m2\repository\org\seleniumhq\selenium\selenium-devtools-v108\4.8.1\selenium-devtools-v108-4.8.1.jar;C:\Users\user\.m2\repository\org\seleniumhq\selenium\selenium-devtools-v109\4.8.1\selenium-devtools-v109-4.8.1.jar;C:\Users\user\.m2\repository\org\seleniumhq\selenium\selenium-devtools-v110\4.8.1\selenium-devtools-v110-4.8.1.jar;C:\Users\user\.m2\repository\org\seleniumhq\selenium\selenium-devtools-v85\4.8.1\selenium-devtools-v85-4.8.1.jar;C:\Users\user\.m2\repository\org\seleniumhq\selenium\selenium-remote-driver\4.8.1\selenium-remote-driver-4.8.1.jar;C:\Users\user\.m2\repository\com\beust\jcommander\1.82\jcommander-1.82.jar;C:\Users\user\.m2\repository\io\netty\netty-buffer\4.1.87.Final\netty-buffer-4.1.87.Final.jar;C:\Users\user\.m2\repository\io\netty\netty-codec-http\4.1.87.Final\netty-codec-http-4.1.87.Final.jar;C:\Users\user\.m2\repository\io\netty\netty-codec\4.1.87.Final\netty-codec-4.1.87.Final.jar;C:\Users\user\.m2\repository\io\netty\netty-handler\4.1.87.Final\netty-handler-4.1.87.Final.jar;C:\Users\user\.m2\repository\io\netty\netty-common\4.1.87.Final\netty-common-4.1.87.Final.jar;C:\Users\user\.m2\repository\io\netty\netty-transport-classes-epoll\4.1.87.Final\netty-transport-classes-epoll-4.1.87.Final.jar;C:\Users\user\.m2\repository\io\netty\netty-transport-classes-kqueue\4.1.87.Final\netty-transport-classes-kqueue-4.1.87.Final.jar;C:\Users\user\.m2\repository\io\netty\netty-transport-native-epoll\4.1.87.Final\netty-transport-native-epoll-4.1.87.Final.jar;C:\Users\user\.m2\repository\io\netty\netty-transport-native-kqueue\4.1.87.Final\netty-transport-native-kqueue-4.1.87.Final.jar;C:\Users\user\.m2\repository\io\netty\netty-transport-native-unix-common\4.1.87.Final\netty-transport-native-unix-common-4.1.87.Final.jar;C:\Users\user\.m2\repository\io\netty\netty-transport\4.1.87.Final\netty-transport-4.1.87.Final.jar;C:\Users\user\.m2\repository\io\netty\netty-resolver\4.1.87.Final\netty-resolver-4.1.87.Final.jar;C:\Users\user\.m2\repository\io\opentelemetry\opentelemetry-api\1.22.0\opentelemetry-api-1.22.0.jar;C:\Users\user\.m2\repository\io\opentelemetry\opentelemetry-context\1.22.0\opentelemetry-context-1.22.0.jar;C:\Users\user\.m2\repository\io\opentelemetry\opentelemetry-exporter-logging\1.22.0\opentelemetry-exporter-logging-1.22.0.jar;C:\Users\user\.m2\repository\io\opentelemetry\opentelemetry-sdk-metrics\1.22.0\opentelemetry-sdk-metrics-1.22.0.jar;C:\Users\user\.m2\repository\io\opentelemetry\opentelemetry-sdk-logs\1.22.0-alpha\opentelemetry-sdk-logs-1.22.0-alpha.jar;C:\Users\user\.m2\repository\io\opentelemetry\opentelemetry-api-logs\1.22.0-alpha\opentelemetry-api-logs-1.22.0-alpha.jar;C:\Users\user\.m2\repository\io\opentelemetry\opentelemetry-sdk-common\1.22.0\opentelemetry-sdk-common-1.22.0.jar;C:\Users\user\.m2\repository\io\opentelemetry\opentelemetry-sdk-extension-autoconfigure-spi\1.22.0\opentelemetry-sdk-extension-autoconfigure-spi-1.22.0.jar;C:\Users\user\.m2\repository\io\opentelemetry\opentelemetry-sdk-extension-autoconfigure\1.22.0-alpha\opentelemetry-sdk-extension-autoconfigure-1.22.0-alpha.jar;C:\Users\user\.m2\repository\io\opentelemetry\opentelemetry-sdk-trace\1.22.0\opentelemetry-sdk-trace-1.22.0.jar;C:\Users\user\.m2\repository\io\opentelemetry\opentelemetry-sdk\1.22.0\opentelemetry-sdk-1.22.0.jar;C:\Users\user\.m2\repository\io\opentelemetry\opentelemetry-semconv\1.22.0-alpha\opentelemetry-semconv-1.22.0-alpha.jar;C:\Users\user\.m2\repository\io\ous\jtoml\2.0.0\jtoml-2.0.0.jar;C:\Users\user\.m2\repository\org\apache\commons\commons-exec\1.3\commons-exec-1.3.jar;C:\Users\user\.m2\repository\org\asynchttpclient\async-http-client\2.12.3\async-http-client-2.12.3.jar;C:\Users\user\.m2\repository\org\asynchttpclient\async-http-client-netty-utils\2.12.3\async-http-client-netty-utils-2.12.3.jar;C:\Users\user\.m2\repository\io\netty\netty-codec-socks\4.1.60.Final\netty-codec-socks-4.1.60.Final.jar;C:\Users\user\.m2\repository\io\netty\netty-handler-proxy\4.1.60.Final\netty-handler-proxy-4.1.60.Final.jar;C:\Users\user\.m2\repository\io\netty\netty-transport-native-epoll\4.1.60.Final\netty-transport-native-epoll-4.1.60.Final-linux-x86_64.jar;C:\Users\user\.m2\repository\io\netty\netty-transport-native-kqueue\4.1.60.Final\netty-transport-native-kqueue-4.1.60.Final-osx-x86_64.jar;C:\Users\user\.m2\repository\org\reactivestreams\reactive-streams\1.0.3\reactive-streams-1.0.3.jar;C:\Users\user\.m2\repository\com\typesafe\netty\netty-reactive-streams\2.0.4\netty-reactive-streams-2.0.4.jar;C:\Users\user\.m2\repository\org\seleniumhq\selenium\selenium-manager\4.8.1\selenium-manager-4.8.1.jar;C:\Users\user\.m2\repository\org\seleniumhq\selenium\selenium-safari-driver\4.8.1\selenium-safari-driver-4.8.1.jar;C:\Users\user\.m2\repository\org\seleniumhq\selenium\selenium-api\4.8.1\selenium-api-4.8.1.jar;C:\Users\user\.m2\repository\org\seleniumhq\selenium\selenium-support\4.8.1\selenium-support-4.8.1.jar;C:\Users\user\.m2\repository\com\google\auto\service\auto-service-annotations\1.0.1\auto-service-annotations-1.0.1.jar;C:\Users\user\.m2\repository\com\google\auto\service\auto-service\1.0.1\auto-service-1.0.1.jar;C:\Users\user\.m2\repository\com\google\auto\auto-common\1.2\auto-common-1.2.jar;C:\Users\user\.m2\repository\org\seleniumhq\selenium\selenium-json\4.8.1\selenium-json-4.8.1.jar;C:\Users\user\.m2\repository\org\seleniumhq\selenium\selenium-chrome-driver\4.8.1\selenium-chrome-driver-4.8.1.jar;C:\Users\user\.m2\repository\org\seleniumhq\selenium\selenium-chromium-driver\4.8.1\selenium-chromium-driver-4.8.1.jar;C:\Users\user\.m2\repository\org\seleniumhq\selenium\selenium-firefox-driver\4.8.1\selenium-firefox-driver-4.8.1.jar;C:\Users\user\.m2\repository\org\seleniumhq\selenium\selenium-http\4.8.1\selenium-http-4.8.1.jar;C:\Users\user\.m2\repository\dev\failsafe\failsafe\3.3.0\failsafe-3.3.0.jar;C:\Users\user\.m2\repository\org\seleniumhq\selenium\selenium-edge-driver\4.8.1\selenium-edge-driver-4.8.1.jar;C:\Users\user\.m2\repository\org\seleniumhq\selenium\selenium-ie-driver\4.8.1\selenium-ie-driver-4.8.1.jar;C:\Users\user\.m2\repository\org\projectlombok\lombok\1.18.20\lombok-1.18.20.jar;C:\Users\user\.m2\repository\io\appium\java-client\8.3.0\java-client-8.3.0.jar;C:\Users\user\.m2\repository\commons-validator\commons-validator\1.7\commons-validator-1.7.jar;C:\Users\user\.m2\repository\commons-digester\commons-digester\2.1\commons-digester-2.1.jar;C:\Users\user\.m2\repository\net\sf\opencsv\opencsv\2.0\opencsv-2.0.jar;C:\Users\user\.m2\repository\commons-beanutils\commons-beanutils\1.9.4\commons-beanutils-1.9.4.jar;C:\Users\user\.m2\repository\org\apache\commons\commons-lang3\3.12.0\commons-lang3-3.12.0.jar;C:\Users\user\.m2\repository\commons-collections\commons-collections\3.2.2\commons-collections-3.2.2.jar;C:\Users\user\.m2\repository\org\fluentlenium\fluentlenium-core\0.10.2\fluentlenium-core-0.10.2.jar;C:\Users\user\.m2\repository\io\github\bonigarcia\webdrivermanager\5.3.0\webdrivermanager-5.3.0.jar;C:\Users\user\.m2\repository\com\github\docker-java\docker-java\3.2.13\docker-java-3.2.13.jar;C:\Users\user\.m2\repository\com\github\docker-java\docker-java-core\3.2.13\docker-java-core-3.2.13.jar;C:\Users\user\.m2\repository\com\github\docker-java\docker-java-api\3.2.13\docker-java-api-3.2.13.jar;C:\Users\user\.m2\repository\org\apache\commons\commons-compress\1.21\commons-compress-1.21.jar;C:\Users\user\.m2\repository\org\bouncycastle\bcpkix-jdk15on\1.64\bcpkix-jdk15on-1.64.jar;C:\Users\user\.m2\repository\org\bouncycastle\bcprov-jdk15on\1.64\bcprov-jdk15on-1.64.jar;C:\Users\user\.m2\repository\org\slf4j\jcl-over-slf4j\1.7.30\jcl-over-slf4j-1.7.30.jar;C:\Users\user\.m2\repository\com\github\docker-java\docker-java-transport-httpclient5\3.2.13\docker-java-transport-httpclient5-3.2.13.jar;C:\Users\user\.m2\repository\com\github\docker-java\docker-java-transport\3.2.13\docker-java-transport-3.2.13.jar;C:\Users\user\.m2\repository\net\java\dev\jna\jna\5.8.0\jna-5.8.0.jar;C:\Users\user\.m2\repository\org\brotli\dec\0.1.2\dec-0.1.2.jar;C:\Users\user\.m2\repository\org\apache\httpcomponents\client5\httpclient5\5.1.3\httpclient5-5.1.3.jar;C:\Users\user\.m2\repository\org\apache\httpcomponents\core5\httpcore5\5.1.3\httpcore5-5.1.3.jar;C:\Users\user\.m2\repository\org\apache\httpcomponents\core5\httpcore5-h2\5.1.3\httpcore5-h2-5.1.3.jar;C:\Users\user\.m2\repository\com\jhlabs\filters\2.0.235\filters-2.0.235.jar;C:\Users\user\.m2\repository\com\paulhammant\ngwebdriver\1.1.6\ngwebdriver-1.1.6.jar;C:\Users\user\.m2\repository\joda-time\joda-time\2.12.2\joda-time-2.12.2.jar;C:\Users\user\.m2\repository\org\hamcrest\hamcrest\2.2\hamcrest-2.2.jar;C:\Users\user\.m2\repository\com\google\jimfs\jimfs\1.2\jimfs-1.2.jar;C:\Users\user\.m2\repository\org\mockito\mockito-core\3.3.3\mockito-core-3.3.3.jar;C:\Users\user\.m2\repository\javax\xml\bind\jaxb-api\2.3.1\jaxb-api-2.3.1.jar;C:\Users\user\.m2\repository\javax\activation\javax.activation-api\1.2.0\javax.activation-api-1.2.0.jar;C:\Users\user\.m2\repository\com\sun\xml\bind\jaxb-core\2.3.0.1\jaxb-core-2.3.0.1.jar;C:\Users\user\.m2\repository\com\sun\xml\bind\jaxb-impl\2.3.3\jaxb-impl-2.3.3.jar;C:\Users\user\.m2\repository\jakarta\xml\bind\jakarta.xml.bind-api\2.3.3\jakarta.xml.bind-api-2.3.3.jar;C:\Users\user\.m2\repository\com\sun\activation\jakarta.activation\1.2.2\jakarta.activation-1.2.2.jar;C:\Users\user\.m2\repository\javax\activation\activation\1.1.1\activation-1.1.1.jar;C:\Users\user\.m2\repository\net\serenity-bdd\serenity-cucumber\3.6.21\serenity-cucumber-3.6.21.jar;C:\Users\user\.m2\repository\io\cucumber\cucumber-core\7.11.0\cucumber-core-7.11.0.jar;C:\Users\user\.m2\repository\io\cucumber\cucumber-gherkin\7.11.0\cucumber-gherkin-7.11.0.jar;C:\Users\user\.m2\repository\io\cucumber\cucumber-gherkin-messages\7.11.0\cucumber-gherkin-messages-7.11.0.jar;C:\Users\user\.m2\repository\io\cucumber\gherkin\26.0.3\gherkin-26.0.3.jar;C:\Users\user\.m2\repository\io\cucumber\messages\21.0.1\messages-21.0.1.jar;C:\Users\user\.m2\repository\io\cucumber\tag-expressions\5.0.1\tag-expressions-5.0.1.jar;C:\Users\user\.m2\repository\io\cucumber\cucumber-expressions\16.1.1\cucumber-expressions-16.1.1.jar;C:\Users\user\.m2\repository\io\cucumber\datatable\7.11.0\datatable-7.11.0.jar;C:\Users\user\.m2\repository\io\cucumber\cucumber-plugin\7.11.0\cucumber-plugin-7.11.0.jar;C:\Users\user\.m2\repository\io\cucumber\docstring\7.11.0\docstring-7.11.0.jar;C:\Users\user\.m2\repository\io\cucumber\html-formatter\20.2.1\html-formatter-20.2.1.jar;C:\Users\user\.m2\repository\io\cucumber\junit-xml-formatter\0.1.0\junit-xml-formatter-0.1.0.jar;C:\Users\user\.m2\repository\io\cucumber\ci-environment\9.1.0\ci-environment-9.1.0.jar;C:\Users\user\.m2\repository\io\cucumber\cucumber-java\7.11.0\cucumber-java-7.11.0.jar;C:\Users\user\.m2\repository\io\cucumber\cucumber-junit\7.11.0\cucumber-junit-7.11.0.jar;C:\Users\user\.m2\repository\org\apache\commons\commons-csv\1.5\commons-csv-1.5.jar;C:\Users\user\.m2\repository\net\serenity-bdd\serenity-screenplay\3.6.21\serenity-screenplay-3.6.21.jar;C:\Users\user\.m2\repository\net\serenity-bdd\serenity-screenplay-webdriver\3.6.21\serenity-screenplay-webdriver-3.6.21.jar;C:\Users\user\.m2\repository\net\serenity-bdd\serenity-ensure\3.6.21\serenity-ensure-3.6.21.jar;C:\Users\user\.m2\repository\net\serenity-bdd\serenity-junit\3.6.21\serenity-junit-3.6.21.jar;C:\Users\user\.m2\repository\org\jetbrains\kotlin\kotlin-stdlib\1.8.10\kotlin-stdlib-1.8.10.jar;C:\Users\user\.m2\repository\org\jetbrains\kotlin\kotlin-stdlib-common\1.8.10\kotlin-stdlib-common-1.8.10.jar;C:\Users\user\.m2\repository\org\jetbrains\annotations\13.0\annotations-13.0.jar;C:\Users\user\.m2\repository\org\junit\platform\junit-platform-launcher\1.8.2\junit-platform-launcher-1.8.2.jar;C:\Users\user\.m2\repository\org\junit\platform\junit-platform-engine\1.8.2\junit-platform-engine-1.8.2.jar;C:\Users\user\.m2\repository\org\junit\platform\junit-platform-commons\1.8.2\junit-platform-commons-1.8.2.jar;C:\Users\user\.m2\repository\org\apiguardian\apiguardian-api\1.1.2\apiguardian-api-1.1.2.jar;C:\Users\user\.m2\repository\org\junit\jupiter\junit-jupiter-engine\5.8.2\junit-jupiter-engine-5.8.2.jar;C:\Users\user\.m2\repository\org\junit\jupiter\junit-jupiter-api\5.8.2\junit-jupiter-api-5.8.2.jar;C:\Users\user\.m2\repository\org\junit\vintage\junit-vintage-engine\5.8.2\junit-vintage-engine-5.8.2.jar;C:\Users\user\.m2\repository\junit\junit\4.13.2\junit-4.13.2.jar;C:\Users\user\.m2\repository\org\hamcrest\hamcrest-core\1.3\hamcrest-core-1.3.jar;C:\Users\user\.m2\repository\ch\qos\logback\logback-classic\1.2.10\logback-classic-1.2.10.jar;C:\Users\user\.m2\repository\ch\qos\logback\logback-core\1.2.10\logback-core-1.2.10.jar;C:\Users\user\.m2\repository\org\slf4j\slf4j-api\1.7.32\slf4j-api-1.7.32.jar;C:\Users\user\.m2\repository\org\assertj\assertj-core\3.23.1\assertj-core-3.23.1.jar;C:\Users\user\.m2\repository\net\bytebuddy\byte-buddy\1.12.10\byte-buddy-1.12.10.jar;C:\Users\user\.m2\repository\com\googlecode\json-simple\json-simple\1.1.1\json-simple-1.1.1.jar;"/>
    <property name="sun.cpu.endian" value="little"/>
    <property name="user.home" value="C:\Users\user"/>
    <property name="user.language" value="en"/>
    <property name="java.specification.vendor" value="Oracle Corporation"/>
    <property name="jdk.module.path" value="E:\APIMinpro\API\minpro\target\minpro-1.0-SNAPSHOT.jar"/>
    <property name="java.version.date" value="2022-04-22"/>
    <property name="java.home" value="C:\Program Files\Java\jdk-11.0.15.1"/>
    <property name="file.separator" value="\"/>
    <property name="basedir" value="E:\APIMinpro\API\minpro"/>
    <property name="java.vm.compressedOopsMode" value="Zero based"/>
    <property name="line.separator" value="&#10;"/>
    <property name="java.specification.name" value="Java Platform API Specification"/>
    <property name="java.vm.specification.vendor" value="Oracle Corporation"/>
    <property name="java.awt.graphicsenv" value="sun.awt.Win32GraphicsEnvironment"/>
    <property name="surefire.real.class.path" value="C:\Users\user\.m2\repository\org\apache\maven\surefire\surefire-booter\3.0.0-M5\surefire-booter-3.0.0-M5.jar;C:\Users\user\.m2\repository\org\apache\maven\surefire\surefire-api\3.0.0-M5\surefire-api-3.0.0-M5.jar;C:\Users\user\.m2\repository\org\apache\maven\surefire\surefire-logger-api\3.0.0-M5\surefire-logger-api-3.0.0-M5.jar;C:\Users\user\.m2\repository\org\apache\maven\surefire\surefire-shared-utils\3.0.0-M4\surefire-shared-utils-3.0.0-M4.jar;C:\Users\user\.m2\repository\org\apache\maven\surefire\surefire-extensions-spi\3.0.0-M5\surefire-extensions-spi-3.0.0-M5.jar;E:\APIMinpro\API\minpro\target\test-classes;C:\Users\user\.m2\repository\net\serenity-bdd\serenity-rest-assured\3.6.22\serenity-rest-assured-3.6.22.jar;C:\Users\user\.m2\repository\org\apache\httpcomponents\httpclient\4.5.13\httpclient-4.5.13.jar;C:\Users\user\.m2\repository\org\apache\httpcomponents\httpcore\4.4.13\httpcore-4.4.13.jar;C:\Users\user\.m2\repository\commons-logging\commons-logging\1.2\commons-logging-1.2.jar;C:\Users\user\.m2\repository\io\rest-assured\rest-assured\5.3.0\rest-assured-5.3.0.jar;C:\Users\user\.m2\repository\org\apache\httpcomponents\httpmime\4.5.13\httpmime-4.5.13.jar;C:\Users\user\.m2\repository\org\ccil\cowan\tagsoup\tagsoup\1.2.1\tagsoup-1.2.1.jar;C:\Users\user\.m2\repository\io\rest-assured\json-path\5.3.0\json-path-5.3.0.jar;C:\Users\user\.m2\repository\io\rest-assured\rest-assured-common\5.3.0\rest-assured-common-5.3.0.jar;C:\Users\user\.m2\repository\io\rest-assured\xml-path\5.3.0\xml-path-5.3.0.jar;C:\Users\user\.m2\repository\org\apache\groovy\groovy-json\4.0.10\groovy-json-4.0.10.jar;C:\Users\user\.m2\repository\org\apache\groovy\groovy-xml\4.0.10\groovy-xml-4.0.10.jar;C:\Users\user\.m2\repository\org\apache\groovy\groovy\4.0.10\groovy-4.0.10.jar;C:\Users\user\.m2\repository\org\opentest4j\opentest4j\1.2.0\opentest4j-1.2.0.jar;C:\Users\user\.m2\repository\net\serenity-bdd\serenity-core\3.6.21\serenity-core-3.6.21.jar;C:\Users\user\.m2\repository\net\serenity-bdd\serenity-model\3.6.21\serenity-model-3.6.21.jar;C:\Users\user\.m2\repository\org\apache\commons\commons-text\1.10.0\commons-text-1.10.0.jar;C:\Users\user\.m2\repository\commons-net\commons-net\3.9.0\commons-net-3.9.0.jar;C:\Users\user\.m2\repository\com\google\guava\guava\31.1-jre\guava-31.1-jre.jar;C:\Users\user\.m2\repository\com\google\guava\failureaccess\1.0.1\failureaccess-1.0.1.jar;C:\Users\user\.m2\repository\com\google\guava\listenablefuture\9999.0-empty-to-avoid-conflict-with-guava\listenablefuture-9999.0-empty-to-avoid-conflict-with-guava.jar;C:\Users\user\.m2\repository\com\google\code\findbugs\jsr305\3.0.2\jsr305-3.0.2.jar;C:\Users\user\.m2\repository\org\checkerframework\checker-qual\3.12.0\checker-qual-3.12.0.jar;C:\Users\user\.m2\repository\com\google\errorprone\error_prone_annotations\2.11.0\error_prone_annotations-2.11.0.jar;C:\Users\user\.m2\repository\com\google\j2objc\j2objc-annotations\1.3\j2objc-annotations-1.3.jar;C:\Users\user\.m2\repository\com\google\inject\guice\5.1.0\guice-5.1.0.jar;C:\Users\user\.m2\repository\javax\inject\javax.inject\1\javax.inject-1.jar;C:\Users\user\.m2\repository\aopalliance\aopalliance\1.0\aopalliance-1.0.jar;C:\Users\user\.m2\repository\org\jsoup\jsoup\1.14.3\jsoup-1.14.3.jar;C:\Users\user\.m2\repository\com\thoughtworks\xstream\xstream\1.4.20\xstream-1.4.20.jar;C:\Users\user\.m2\repository\io\github\x-stream\mxparser\1.2.2\mxparser-1.2.2.jar;C:\Users\user\.m2\repository\xmlpull\xmlpull\1.1.3.1\xmlpull-1.1.3.1.jar;C:\Users\user\.m2\repository\com\typesafe\config\1.4.2\config-1.4.2.jar;C:\Users\user\.m2\repository\org\imgscalr\imgscalr-lib\4.2\imgscalr-lib-4.2.jar;C:\Users\user\.m2\repository\org\awaitility\awaitility\4.2.0\awaitility-4.2.0.jar;C:\Users\user\.m2\repository\org\freemarker\freemarker\2.3.31\freemarker-2.3.31.jar;C:\Users\user\.m2\repository\io\github\classgraph\classgraph\4.8.138\classgraph-4.8.138.jar;C:\Users\user\.m2\repository\net\sourceforge\jexcelapi\jxl\2.6.12\jxl-2.6.12.jar;C:\Users\user\.m2\repository\net\bytebuddy\byte-buddy-agent\1.14.2\byte-buddy-agent-1.14.2.jar;C:\Users\user\.m2\repository\org\objenesis\objenesis\3.3\objenesis-3.3.jar;C:\Users\user\.m2\repository\net\serenity-bdd\serenity-reports\3.6.21\serenity-reports-3.6.21.jar;C:\Users\user\.m2\repository\net\serenity-bdd\serenity-stats\3.6.21\serenity-stats-3.6.21.jar;C:\Users\user\.m2\repository\net\serenity-bdd\serenity-reports-configuration\3.6.21\serenity-reports-configuration-3.6.21.jar;C:\Users\user\.m2\repository\com\vladsch\flexmark\flexmark-all\0.62.2\flexmark-all-0.62.2.jar;C:\Users\user\.m2\repository\com\vladsch\flexmark\flexmark\0.62.2\flexmark-0.62.2.jar;C:\Users\user\.m2\repository\com\vladsch\flexmark\flexmark-ext-abbreviation\0.62.2\flexmark-ext-abbreviation-0.62.2.jar;C:\Users\user\.m2\repository\com\vladsch\flexmark\flexmark-util\0.62.2\flexmark-util-0.62.2.jar;C:\Users\user\.m2\repository\com\vladsch\flexmark\flexmark-ext-admonition\0.62.2\flexmark-ext-admonition-0.62.2.jar;C:\Users\user\.m2\repository\com\vladsch\flexmark\flexmark-ext-anchorlink\0.62.2\flexmark-ext-anchorlink-0.62.2.jar;C:\Users\user\.m2\repository\com\vladsch\flexmark\flexmark-ext-aside\0.62.2\flexmark-ext-aside-0.62.2.jar;C:\Users\user\.m2\repository\com\vladsch\flexmark\flexmark-ext-attributes\0.62.2\flexmark-ext-attributes-0.62.2.jar;C:\Users\user\.m2\repository\com\vladsch\flexmark\flexmark-ext-autolink\0.62.2\flexmark-ext-autolink-0.62.2.jar;C:\Users\user\.m2\repository\org\nibor\autolink\autolink\0.6.0\autolink-0.6.0.jar;C:\Users\user\.m2\repository\com\vladsch\flexmark\flexmark-ext-definition\0.62.2\flexmark-ext-definition-0.62.2.jar;C:\Users\user\.m2\repository\com\vladsch\flexmark\flexmark-ext-emoji\0.62.2\flexmark-ext-emoji-0.62.2.jar;C:\Users\user\.m2\repository\com\vladsch\flexmark\flexmark-ext-enumerated-reference\0.62.2\flexmark-ext-enumerated-reference-0.62.2.jar;C:\Users\user\.m2\repository\com\vladsch\flexmark\flexmark-ext-escaped-character\0.62.2\flexmark-ext-escaped-character-0.62.2.jar;C:\Users\user\.m2\repository\com\vladsch\flexmark\flexmark-ext-footnotes\0.62.2\flexmark-ext-footnotes-0.62.2.jar;C:\Users\user\.m2\repository\com\vladsch\flexmark\flexmark-ext-gfm-issues\0.62.2\flexmark-ext-gfm-issues-0.62.2.jar;C:\Users\user\.m2\repository\com\vladsch\flexmark\flexmark-ext-gfm-strikethrough\0.62.2\flexmark-ext-gfm-strikethrough-0.62.2.jar;C:\Users\user\.m2\repository\com\vladsch\flexmark\flexmark-ext-gfm-tasklist\0.62.2\flexmark-ext-gfm-tasklist-0.62.2.jar;C:\Users\user\.m2\repository\com\vladsch\flexmark\flexmark-ext-gfm-users\0.62.2\flexmark-ext-gfm-users-0.62.2.jar;C:\Users\user\.m2\repository\com\vladsch\flexmark\flexmark-ext-gitlab\0.62.2\flexmark-ext-gitlab-0.62.2.jar;C:\Users\user\.m2\repository\com\vladsch\flexmark\flexmark-ext-jekyll-front-matter\0.62.2\flexmark-ext-jekyll-front-matter-0.62.2.jar;C:\Users\user\.m2\repository\com\vladsch\flexmark\flexmark-ext-jekyll-tag\0.62.2\flexmark-ext-jekyll-tag-0.62.2.jar;C:\Users\user\.m2\repository\com\vladsch\flexmark\flexmark-ext-media-tags\0.62.2\flexmark-ext-media-tags-0.62.2.jar;C:\Users\user\.m2\repository\com\vladsch\flexmark\flexmark-ext-macros\0.62.2\flexmark-ext-macros-0.62.2.jar;C:\Users\user\.m2\repository\com\vladsch\flexmark\flexmark-ext-ins\0.62.2\flexmark-ext-ins-0.62.2.jar;C:\Users\user\.m2\repository\com\vladsch\flexmark\flexmark-ext-xwiki-macros\0.62.2\flexmark-ext-xwiki-macros-0.62.2.jar;C:\Users\user\.m2\repository\com\vladsch\flexmark\flexmark-ext-superscript\0.62.2\flexmark-ext-superscript-0.62.2.jar;C:\Users\user\.m2\repository\com\vladsch\flexmark\flexmark-ext-tables\0.62.2\flexmark-ext-tables-0.62.2.jar;C:\Users\user\.m2\repository\com\vladsch\flexmark\flexmark-ext-toc\0.62.2\flexmark-ext-toc-0.62.2.jar;C:\Users\user\.m2\repository\com\vladsch\flexmark\flexmark-ext-typographic\0.62.2\flexmark-ext-typographic-0.62.2.jar;C:\Users\user\.m2\repository\com\vladsch\flexmark\flexmark-ext-wikilink\0.62.2\flexmark-ext-wikilink-0.62.2.jar;C:\Users\user\.m2\repository\com\vladsch\flexmark\flexmark-ext-yaml-front-matter\0.62.2\flexmark-ext-yaml-front-matter-0.62.2.jar;C:\Users\user\.m2\repository\com\vladsch\flexmark\flexmark-ext-youtube-embedded\0.62.2\flexmark-ext-youtube-embedded-0.62.2.jar;C:\Users\user\.m2\repository\com\vladsch\flexmark\flexmark-html2md-converter\0.62.2\flexmark-html2md-converter-0.62.2.jar;C:\Users\user\.m2\repository\com\vladsch\flexmark\flexmark-jira-converter\0.62.2\flexmark-jira-converter-0.62.2.jar;C:\Users\user\.m2\repository\com\vladsch\flexmark\flexmark-pdf-converter\0.62.2\flexmark-pdf-converter-0.62.2.jar;C:\Users\user\.m2\repository\com\openhtmltopdf\openhtmltopdf-core\1.0.0\openhtmltopdf-core-1.0.0.jar;C:\Users\user\.m2\repository\com\openhtmltopdf\openhtmltopdf-pdfbox\1.0.0\openhtmltopdf-pdfbox-1.0.0.jar;C:\Users\user\.m2\repository\org\apache\pdfbox\pdfbox\2.0.16\pdfbox-2.0.16.jar;C:\Users\user\.m2\repository\org\apache\pdfbox\fontbox\2.0.16\fontbox-2.0.16.jar;C:\Users\user\.m2\repository\org\apache\pdfbox\xmpbox\2.0.16\xmpbox-2.0.16.jar;C:\Users\user\.m2\repository\de\rototor\pdfbox\graphics2d\0.24\graphics2d-0.24.jar;C:\Users\user\.m2\repository\com\openhtmltopdf\openhtmltopdf-rtl-support\1.0.0\openhtmltopdf-rtl-support-1.0.0.jar;C:\Users\user\.m2\repository\com\openhtmltopdf\openhtmltopdf-jsoup-dom-converter\1.0.0\openhtmltopdf-jsoup-dom-converter-1.0.0.jar;C:\Users\user\.m2\repository\com\vladsch\flexmark\flexmark-profile-pegdown\0.62.2\flexmark-profile-pegdown-0.62.2.jar;C:\Users\user\.m2\repository\com\vladsch\flexmark\flexmark-util-ast\0.62.2\flexmark-util-ast-0.62.2.jar;C:\Users\user\.m2\repository\com\vladsch\flexmark\flexmark-util-builder\0.62.2\flexmark-util-builder-0.62.2.jar;C:\Users\user\.m2\repository\com\vladsch\flexmark\flexmark-util-collection\0.62.2\flexmark-util-collection-0.62.2.jar;C:\Users\user\.m2\repository\com\vladsch\flexmark\flexmark-util-data\0.62.2\flexmark-util-data-0.62.2.jar;C:\Users\user\.m2\repository\com\vladsch\flexmark\flexmark-util-dependency\0.62.2\flexmark-util-dependency-0.62.2.jar;C:\Users\user\.m2\repository\com\vladsch\flexmark\flexmark-util-format\0.62.2\flexmark-util-format-0.62.2.jar;C:\Users\user\.m2\repository\com\vladsch\flexmark\flexmark-util-html\0.62.2\flexmark-util-html-0.62.2.jar;C:\Users\user\.m2\repository\com\vladsch\flexmark\flexmark-util-misc\0.62.2\flexmark-util-misc-0.62.2.jar;C:\Users\user\.m2\repository\com\vladsch\flexmark\flexmark-util-options\0.62.2\flexmark-util-options-0.62.2.jar;C:\Users\user\.m2\repository\com\vladsch\flexmark\flexmark-util-sequence\0.62.2\flexmark-util-sequence-0.62.2.jar;C:\Users\user\.m2\repository\com\vladsch\flexmark\flexmark-util-visitor\0.62.2\flexmark-util-visitor-0.62.2.jar;C:\Users\user\.m2\repository\com\vladsch\flexmark\flexmark-youtrack-converter\0.62.2\flexmark-youtrack-converter-0.62.2.jar;C:\Users\user\.m2\repository\com\ibm\icu\icu4j\72.1\icu4j-72.1.jar;C:\Users\user\.m2\repository\es\nitaur\markdown\txtmark\0.16\txtmark-0.16.jar;C:\Users\user\.m2\repository\net\serenity-bdd\serenity-report-resources\3.6.21\serenity-report-resources-3.6.21.jar;C:\Users\user\.m2\repository\com\google\code\gson\gson\2.10.1\gson-2.10.1.jar;C:\Users\user\.m2\repository\com\fasterxml\jackson\core\jackson-core\2.15.0-rc1\jackson-core-2.15.0-rc1.jar;C:\Users\user\.m2\repository\com\fasterxml\jackson\core\jackson-databind\2.15.0-rc1\jackson-databind-2.15.0-rc1.jar;C:\Users\user\.m2\repository\com\fasterxml\jackson\core\jackson-annotations\2.15.0-rc1\jackson-annotations-2.15.0-rc1.jar;C:\Users\user\.m2\repository\commons-codec\commons-codec\1.15\commons-codec-1.15.jar;C:\Users\user\.m2\repository\commons-io\commons-io\2.11.0\commons-io-2.11.0.jar;C:\Users\user\.m2\repository\org\seleniumhq\selenium\selenium-java\4.8.1\selenium-java-4.8.1.jar;C:\Users\user\.m2\repository\org\seleniumhq\selenium\selenium-devtools-v108\4.8.1\selenium-devtools-v108-4.8.1.jar;C:\Users\user\.m2\repository\org\seleniumhq\selenium\selenium-devtools-v109\4.8.1\selenium-devtools-v109-4.8.1.jar;C:\Users\user\.m2\repository\org\seleniumhq\selenium\selenium-devtools-v110\4.8.1\selenium-devtools-v110-4.8.1.jar;C:\Users\user\.m2\repository\org\seleniumhq\selenium\selenium-devtools-v85\4.8.1\selenium-devtools-v85-4.8.1.jar;C:\Users\user\.m2\repository\org\seleniumhq\selenium\selenium-remote-driver\4.8.1\selenium-remote-driver-4.8.1.jar;C:\Users\user\.m2\repository\com\beust\jcommander\1.82\jcommander-1.82.jar;C:\Users\user\.m2\repository\io\netty\netty-buffer\4.1.87.Final\netty-buffer-4.1.87.Final.jar;C:\Users\user\.m2\repository\io\netty\netty-codec-http\4.1.87.Final\netty-codec-http-4.1.87.Final.jar;C:\Users\user\.m2\repository\io\netty\netty-codec\4.1.87.Final\netty-codec-4.1.87.Final.jar;C:\Users\user\.m2\repository\io\netty\netty-handler\4.1.87.Final\netty-handler-4.1.87.Final.jar;C:\Users\user\.m2\repository\io\netty\netty-common\4.1.87.Final\netty-common-4.1.87.Final.jar;C:\Users\user\.m2\repository\io\netty\netty-transport-classes-epoll\4.1.87.Final\netty-transport-classes-epoll-4.1.87.Final.jar;C:\Users\user\.m2\repository\io\netty\netty-transport-classes-kqueue\4.1.87.Final\netty-transport-classes-kqueue-4.1.87.Final.jar;C:\Users\user\.m2\repository\io\netty\netty-transport-native-epoll\4.1.87.Final\netty-transport-native-epoll-4.1.87.Final.jar;C:\Users\user\.m2\repository\io\netty\netty-transport-native-kqueue\4.1.87.Final\netty-transport-native-kqueue-4.1.87.Final.jar;C:\Users\user\.m2\repository\io\netty\netty-transport-native-unix-common\4.1.87.Final\netty-transport-native-unix-common-4.1.87.Final.jar;C:\Users\user\.m2\repository\io\netty\netty-transport\4.1.87.Final\netty-transport-4.1.87.Final.jar;C:\Users\user\.m2\repository\io\netty\netty-resolver\4.1.87.Final\netty-resolver-4.1.87.Final.jar;C:\Users\user\.m2\repository\io\opentelemetry\opentelemetry-api\1.22.0\opentelemetry-api-1.22.0.jar;C:\Users\user\.m2\repository\io\opentelemetry\opentelemetry-context\1.22.0\opentelemetry-context-1.22.0.jar;C:\Users\user\.m2\repository\io\opentelemetry\opentelemetry-exporter-logging\1.22.0\opentelemetry-exporter-logging-1.22.0.jar;C:\Users\user\.m2\repository\io\opentelemetry\opentelemetry-sdk-metrics\1.22.0\opentelemetry-sdk-metrics-1.22.0.jar;C:\Users\user\.m2\repository\io\opentelemetry\opentelemetry-sdk-logs\1.22.0-alpha\opentelemetry-sdk-logs-1.22.0-alpha.jar;C:\Users\user\.m2\repository\io\opentelemetry\opentelemetry-api-logs\1.22.0-alpha\opentelemetry-api-logs-1.22.0-alpha.jar;C:\Users\user\.m2\repository\io\opentelemetry\opentelemetry-sdk-common\1.22.0\opentelemetry-sdk-common-1.22.0.jar;C:\Users\user\.m2\repository\io\opentelemetry\opentelemetry-sdk-extension-autoconfigure-spi\1.22.0\opentelemetry-sdk-extension-autoconfigure-spi-1.22.0.jar;C:\Users\user\.m2\repository\io\opentelemetry\opentelemetry-sdk-extension-autoconfigure\1.22.0-alpha\opentelemetry-sdk-extension-autoconfigure-1.22.0-alpha.jar;C:\Users\user\.m2\repository\io\opentelemetry\opentelemetry-sdk-trace\1.22.0\opentelemetry-sdk-trace-1.22.0.jar;C:\Users\user\.m2\repository\io\opentelemetry\opentelemetry-sdk\1.22.0\opentelemetry-sdk-1.22.0.jar;C:\Users\user\.m2\repository\io\opentelemetry\opentelemetry-semconv\1.22.0-alpha\opentelemetry-semconv-1.22.0-alpha.jar;C:\Users\user\.m2\repository\io\ous\jtoml\2.0.0\jtoml-2.0.0.jar;C:\Users\user\.m2\repository\org\apache\commons\commons-exec\1.3\commons-exec-1.3.jar;C:\Users\user\.m2\repository\org\asynchttpclient\async-http-client\2.12.3\async-http-client-2.12.3.jar;C:\Users\user\.m2\repository\org\asynchttpclient\async-http-client-netty-utils\2.12.3\async-http-client-netty-utils-2.12.3.jar;C:\Users\user\.m2\repository\io\netty\netty-codec-socks\4.1.60.Final\netty-codec-socks-4.1.60.Final.jar;C:\Users\user\.m2\repository\io\netty\netty-handler-proxy\4.1.60.Final\netty-handler-proxy-4.1.60.Final.jar;C:\Users\user\.m2\repository\io\netty\netty-transport-native-epoll\4.1.60.Final\netty-transport-native-epoll-4.1.60.Final-linux-x86_64.jar;C:\Users\user\.m2\repository\io\netty\netty-transport-native-kqueue\4.1.60.Final\netty-transport-native-kqueue-4.1.60.Final-osx-x86_64.jar;C:\Users\user\.m2\repository\org\reactivestreams\reactive-streams\1.0.3\reactive-streams-1.0.3.jar;C:\Users\user\.m2\repository\com\typesafe\netty\netty-reactive-streams\2.0.4\netty-reactive-streams-2.0.4.jar;C:\Users\user\.m2\repository\org\seleniumhq\selenium\selenium-manager\4.8.1\selenium-manager-4.8.1.jar;C:\Users\user\.m2\repository\org\seleniumhq\selenium\selenium-safari-driver\4.8.1\selenium-safari-driver-4.8.1.jar;C:\Users\user\.m2\repository\org\seleniumhq\selenium\selenium-api\4.8.1\selenium-api-4.8.1.jar;C:\Users\user\.m2\repository\org\seleniumhq\selenium\selenium-support\4.8.1\selenium-support-4.8.1.jar;C:\Users\user\.m2\repository\com\google\auto\service\auto-service-annotations\1.0.1\auto-service-annotations-1.0.1.jar;C:\Users\user\.m2\repository\com\google\auto\service\auto-service\1.0.1\auto-service-1.0.1.jar;C:\Users\user\.m2\repository\com\google\auto\auto-common\1.2\auto-common-1.2.jar;C:\Users\user\.m2\repository\org\seleniumhq\selenium\selenium-json\4.8.1\selenium-json-4.8.1.jar;C:\Users\user\.m2\repository\org\seleniumhq\selenium\selenium-chrome-driver\4.8.1\selenium-chrome-driver-4.8.1.jar;C:\Users\user\.m2\repository\org\seleniumhq\selenium\selenium-chromium-driver\4.8.1\selenium-chromium-driver-4.8.1.jar;C:\Users\user\.m2\repository\org\seleniumhq\selenium\selenium-firefox-driver\4.8.1\selenium-firefox-driver-4.8.1.jar;C:\Users\user\.m2\repository\org\seleniumhq\selenium\selenium-http\4.8.1\selenium-http-4.8.1.jar;C:\Users\user\.m2\repository\dev\failsafe\failsafe\3.3.0\failsafe-3.3.0.jar;C:\Users\user\.m2\repository\org\seleniumhq\selenium\selenium-edge-driver\4.8.1\selenium-edge-driver-4.8.1.jar;C:\Users\user\.m2\repository\org\seleniumhq\selenium\selenium-ie-driver\4.8.1\selenium-ie-driver-4.8.1.jar;C:\Users\user\.m2\repository\org\projectlombok\lombok\1.18.20\lombok-1.18.20.jar;C:\Users\user\.m2\repository\io\appium\java-client\8.3.0\java-client-8.3.0.jar;C:\Users\user\.m2\repository\commons-validator\commons-validator\1.7\commons-validator-1.7.jar;C:\Users\user\.m2\repository\commons-digester\commons-digester\2.1\commons-digester-2.1.jar;C:\Users\user\.m2\repository\net\sf\opencsv\opencsv\2.0\opencsv-2.0.jar;C:\Users\user\.m2\repository\commons-beanutils\commons-beanutils\1.9.4\commons-beanutils-1.9.4.jar;C:\Users\user\.m2\repository\org\apache\commons\commons-lang3\3.12.0\commons-lang3-3.12.0.jar;C:\Users\user\.m2\repository\commons-collections\commons-collections\3.2.2\commons-collections-3.2.2.jar;C:\Users\user\.m2\repository\org\fluentlenium\fluentlenium-core\0.10.2\fluentlenium-core-0.10.2.jar;C:\Users\user\.m2\repository\io\github\bonigarcia\webdrivermanager\5.3.0\webdrivermanager-5.3.0.jar;C:\Users\user\.m2\repository\com\github\docker-java\docker-java\3.2.13\docker-java-3.2.13.jar;C:\Users\user\.m2\repository\com\github\docker-java\docker-java-core\3.2.13\docker-java-core-3.2.13.jar;C:\Users\user\.m2\repository\com\github\docker-java\docker-java-api\3.2.13\docker-java-api-3.2.13.jar;C:\Users\user\.m2\repository\org\apache\commons\commons-compress\1.21\commons-compress-1.21.jar;C:\Users\user\.m2\repository\org\bouncycastle\bcpkix-jdk15on\1.64\bcpkix-jdk15on-1.64.jar;C:\Users\user\.m2\repository\org\bouncycastle\bcprov-jdk15on\1.64\bcprov-jdk15on-1.64.jar;C:\Users\user\.m2\repository\org\slf4j\jcl-over-slf4j\1.7.30\jcl-over-slf4j-1.7.30.jar;C:\Users\user\.m2\repository\com\github\docker-java\docker-java-transport-httpclient5\3.2.13\docker-java-transport-httpclient5-3.2.13.jar;C:\Users\user\.m2\repository\com\github\docker-java\docker-java-transport\3.2.13\docker-java-transport-3.2.13.jar;C:\Users\user\.m2\repository\net\java\dev\jna\jna\5.8.0\jna-5.8.0.jar;C:\Users\user\.m2\repository\org\brotli\dec\0.1.2\dec-0.1.2.jar;C:\Users\user\.m2\repository\org\apache\httpcomponents\client5\httpclient5\5.1.3\httpclient5-5.1.3.jar;C:\Users\user\.m2\repository\org\apache\httpcomponents\core5\httpcore5\5.1.3\httpcore5-5.1.3.jar;C:\Users\user\.m2\repository\org\apache\httpcomponents\core5\httpcore5-h2\5.1.3\httpcore5-h2-5.1.3.jar;C:\Users\user\.m2\repository\com\jhlabs\filters\2.0.235\filters-2.0.235.jar;C:\Users\user\.m2\repository\com\paulhammant\ngwebdriver\1.1.6\ngwebdriver-1.1.6.jar;C:\Users\user\.m2\repository\joda-time\joda-time\2.12.2\joda-time-2.12.2.jar;C:\Users\user\.m2\repository\org\hamcrest\hamcrest\2.2\hamcrest-2.2.jar;C:\Users\user\.m2\repository\com\google\jimfs\jimfs\1.2\jimfs-1.2.jar;C:\Users\user\.m2\repository\org\mockito\mockito-core\3.3.3\mockito-core-3.3.3.jar;C:\Users\user\.m2\repository\javax\xml\bind\jaxb-api\2.3.1\jaxb-api-2.3.1.jar;C:\Users\user\.m2\repository\javax\activation\javax.activation-api\1.2.0\javax.activation-api-1.2.0.jar;C:\Users\user\.m2\repository\com\sun\xml\bind\jaxb-core\2.3.0.1\jaxb-core-2.3.0.1.jar;C:\Users\user\.m2\repository\com\sun\xml\bind\jaxb-impl\2.3.3\jaxb-impl-2.3.3.jar;C:\Users\user\.m2\repository\jakarta\xml\bind\jakarta.xml.bind-api\2.3.3\jakarta.xml.bind-api-2.3.3.jar;C:\Users\user\.m2\repository\com\sun\activation\jakarta.activation\1.2.2\jakarta.activation-1.2.2.jar;C:\Users\user\.m2\repository\javax\activation\activation\1.1.1\activation-1.1.1.jar;C:\Users\user\.m2\repository\net\serenity-bdd\serenity-cucumber\3.6.21\serenity-cucumber-3.6.21.jar;C:\Users\user\.m2\repository\io\cucumber\cucumber-core\7.11.0\cucumber-core-7.11.0.jar;C:\Users\user\.m2\repository\io\cucumber\cucumber-gherkin\7.11.0\cucumber-gherkin-7.11.0.jar;C:\Users\user\.m2\repository\io\cucumber\cucumber-gherkin-messages\7.11.0\cucumber-gherkin-messages-7.11.0.jar;C:\Users\user\.m2\repository\io\cucumber\gherkin\26.0.3\gherkin-26.0.3.jar;C:\Users\user\.m2\repository\io\cucumber\messages\21.0.1\messages-21.0.1.jar;C:\Users\user\.m2\repository\io\cucumber\tag-expressions\5.0.1\tag-expressions-5.0.1.jar;C:\Users\user\.m2\repository\io\cucumber\cucumber-expressions\16.1.1\cucumber-expressions-16.1.1.jar;C:\Users\user\.m2\repository\io\cucumber\datatable\7.11.0\datatable-7.11.0.jar;C:\Users\user\.m2\repository\io\cucumber\cucumber-plugin\7.11.0\cucumber-plugin-7.11.0.jar;C:\Users\user\.m2\repository\io\cucumber\docstring\7.11.0\docstring-7.11.0.jar;C:\Users\user\.m2\repository\io\cucumber\html-formatter\20.2.1\html-formatter-20.2.1.jar;C:\Users\user\.m2\repository\io\cucumber\junit-xml-formatter\0.1.0\junit-xml-formatter-0.1.0.jar;C:\Users\user\.m2\repository\io\cucumber\ci-environment\9.1.0\ci-environment-9.1.0.jar;C:\Users\user\.m2\repository\io\cucumber\cucumber-java\7.11.0\cucumber-java-7.11.0.jar;C:\Users\user\.m2\repository\io\cucumber\cucumber-junit\7.11.0\cucumber-junit-7.11.0.jar;C:\Users\user\.m2\repository\org\apache\commons\commons-csv\1.5\commons-csv-1.5.jar;C:\Users\user\.m2\repository\net\serenity-bdd\serenity-screenplay\3.6.21\serenity-screenplay-3.6.21.jar;C:\Users\user\.m2\repository\net\serenity-bdd\serenity-screenplay-webdriver\3.6.21\serenity-screenplay-webdriver-3.6.21.jar;C:\Users\user\.m2\repository\net\serenity-bdd\serenity-ensure\3.6.21\serenity-ensure-3.6.21.jar;C:\Users\user\.m2\repository\net\serenity-bdd\serenity-junit\3.6.21\serenity-junit-3.6.21.jar;C:\Users\user\.m2\repository\org\jetbrains\kotlin\kotlin-stdlib\1.8.10\kotlin-stdlib-1.8.10.jar;C:\Users\user\.m2\repository\org\jetbrains\kotlin\kotlin-stdlib-common\1.8.10\kotlin-stdlib-common-1.8.10.jar;C:\Users\user\.m2\repository\org\jetbrains\annotations\13.0\annotations-13.0.jar;C:\Users\user\.m2\repository\org\junit\platform\junit-platform-launcher\1.8.2\junit-platform-launcher-1.8.2.jar;C:\Users\user\.m2\repository\org\junit\platform\junit-platform-engine\1.8.2\junit-platform-engine-1.8.2.jar;C:\Users\user\.m2\repository\org\junit\platform\junit-platform-commons\1.8.2\junit-platform-commons-1.8.2.jar;C:\Users\user\.m2\repository\org\apiguardian\apiguardian-api\1.1.2\apiguardian-api-1.1.2.jar;C:\Users\user\.m2\repository\org\junit\jupiter\junit-jupiter-engine\5.8.2\junit-jupiter-engine-5.8.2.jar;C:\Users\user\.m2\repository\org\junit\jupiter\junit-jupiter-api\5.8.2\junit-jupiter-api-5.8.2.jar;C:\Users\user\.m2\repository\org\junit\vintage\junit-vintage-engine\5.8.2\junit-vintage-engine-5.8.2.jar;C:\Users\user\.m2\repository\junit\junit\4.13.2\junit-4.13.2.jar;C:\Users\user\.m2\repository\org\hamcrest\hamcrest-core\1.3\hamcrest-core-1.3.jar;C:\Users\user\.m2\repository\ch\qos\logback\logback-classic\1.2.10\logback-classic-1.2.10.jar;C:\Users\user\.m2\repository\ch\qos\logback\logback-core\1.2.10\logback-core-1.2.10.jar;C:\Users\user\.m2\repository\org\slf4j\slf4j-api\1.7.32\slf4j-api-1.7.32.jar;C:\Users\user\.m2\repository\org\assertj\assertj-core\3.23.1\assertj-core-3.23.1.jar;C:\Users\user\.m2\repository\net\bytebuddy\byte-buddy\1.12.10\byte-buddy-1.12.10.jar;C:\Users\user\.m2\repository\com\googlecode\json-simple\json-simple\1.1.1\json-simple-1.1.1.jar;C:\Users\user\.m2\repository\org\apache\maven\surefire\surefire-junit-platform\3.0.0-M5\surefire-junit-platform-3.0.0-M5.jar;C:\Users\user\.m2\repository\org\apache\maven\surefire\common-java5\3.0.0-M5\common-java5-3.0.0-M5.jar"/>
    <property name="user.script" value=""/>
    <property name="sun.management.compiler" value="HotSpot 64-Bit Tiered Compilers"/>
    <property name="java.runtime.version" value="11.0.15.1+2-LTS-10"/>
    <property name="user.name" value="user"/>
    <property name="path.separator" value=";"/>
    <property name="os.version" value="10.0"/>
    <property name="java.runtime.name" value="Java(TM) SE Runtime Environment"/>
    <property name="file.encoding" value="Cp1252"/>
    <property name="webdriver.base.url" value=""/>
    <property name="java.vm.name" value="Java HotSpot(TM) 64-Bit Server VM"/>
    <property name="java.vendor.version" value="18.9"/>
    <property name="localRepository" value="C:\Users\user\.m2\repository"/>
    <property name="java.vendor.url.bug" value="https://bugreport.java.com/bugreport/"/>
    <property name="java.io.tmpdir" value="C:\Users\user\AppData\Local\Temp\"/>
    <property name="java.version" value="11.0.15.1"/>
    <property name="user.dir" value="E:\APIMinpro\API\minpro"/>
    <property name="os.arch" value="amd64"/>
    <property name="java.vm.specification.name" value="Java Virtual Machine Specification"/>
    <property name="java.awt.printerjob" value="sun.awt.windows.WPrinterJob"/>
    <property name="sun.os.patch.level" value=""/>
    <property name="java.library.path" value="C:\Program Files\Java\jdk-11.0.15.1\bin;C:\Windows\Sun\Java\bin;C:\Windows\system32;C:\Windows;C:\Program Files\Common Files\Oracle\Java\javapath;C:\Program Files (x86)\Common Files\Oracle\Java\javapath;C:\ProgramData\Oracle\Java\javapath;C:\Windows\system32;C:\Windows;C:\Windows\System32\Wbem;C:\Windows\System32\WindowsPowerShell\v1.0\;C:\Windows\System32\OpenSSH\;C:\Program Files\NVIDIA Corporation\NVIDIA NvDLISR;C:\Program Files (x86)\NVIDIA Corporation\PhysX\Common;C:\Program Files (x86)\dotnet\;C:\Program Files\Git\cmd;C:\PROGRA~1\IBM\SQLLIB\BIN;C:\PROGRA~1\IBM\SQLLIB\FUNCTION;C:\PROGRA~1\IBM\SQLLIB\SAMPLES\REPL;C:\xampp\php;C:\composer;C:\hadoop\bin;C:\hadoop\sbin;C:\Program Files\nodejs\;D:\apache-maven-3.9.1\bin;C:\Program Files\Java\jdk-11.0.15.1\bin;C:\Users\user\AppData\Local\Android\Sdk;C:\Users\user\AppData\Local\Android\Sdk\platform-tools;C:\Users\user\scoop\shims;C:\Users\user\AppData\Local\Programs\Python\Python311\Scripts\;C:\Users\user\AppData\Local\Programs\Python\Python311\;C:\Users\user\AppData\Local\Programs\Eclipse Adoptium\jdk-17.0.1.12-hotspot\bin;C:\Users\user\AppData\Local\Microsoft\WindowsApps;E:\Microsoft VS Code\bin;C:\Users\user\AppData\Roaming\Composer\vendor\bin;C:\hadoop\bin;C:\Users\user\OneDrive\Documents\Big Data\spark\bin;C:\Users\user\AppData\Local\GitHubDesktop\bin;C:\Users\user\AppData\Roaming\npm;C:\Users\user\AppData\Local\spicetify;."/>
    <property name="java.vendor" value="Oracle Corporation"/>
    <property name="java.vm.info" value="mixed mode"/>
    <property name="java.vm.version" value="11.0.15.1+2-LTS-10"/>
    <property name="sun.io.unicode.encoding" value="UnicodeLittle"/>
    <property name="java.class.version" value="55.0"/>
  </properties>
  <testcase name="POST - Register with valid data" classname="Register" time="3.445">
    <failure type="java.lang.AssertionError"><![CDATA[java.lang.AssertionError: 
1 expectation failed.
Expected status code <200> but was <400>.

]]></failure>
    <system-out><![CDATA[09:19:21.147 [main] DEBUG net.thucydides.core.guice.Injectors - Created injector for module net.thucydides.core.guice.ThucydidesModule
09:19:21.411 [main] DEBUG io.cucumber.core.plugin.SerenityReporter - Running feature from file:///E:/APIMinpro/API/minpro/src/test/resources/features/1.%20Register.feature
09:19:21.539 [main] DEBUG net.thucydides.core.guice.Injectors - Created injector for module net.thucydides.core.guice.webdriver.WebDriverModule
09:19:21.550 [main] INFO  - 

-------------------------------------------------------------------------------------
     _______. _______ .______       _______ .__   __.  __  .___________.____    ____ 
    /       ||   ____||   _  \     |   ____||  \ |  | |  | |           |\   \  /   / 
   |   (----`|  |__   |  |_)  |    |  |__   |   \|  | |  | `---|  |----` \   \/   /  
    \   \    |   __|  |      /     |   __|  |  . `  | |  |     |  |       \_    _/   
.----)   |   |  |____ |  |\  \----.|  |____ |  |\   | |  |     |  |         |  |     
|_______/    |_______|| _| `._____||_______||__| \__| |__|     |__|         |__|    
                                                                                     
 News and tutorials at http://www.serenity-bdd.info                                  
 Documentation at https://wakaleo.gitbooks.io/the-serenity-book/content/             
 Join the Serenity Community on Gitter: https://gitter.im/serenity-bdd/serenity-core 
 Serenity BDD Support and Training at http://serenity-bdd.info/#/trainingandsupport  
-------------------------------------------------------------------------------------

09:19:21.552 [main] DEBUG net.thucydides.core.steps.StepEventBus - Test suite started for story net.thucydides.core.model.Story@773abe6e
09:19:21.555 [main] INFO  - Test Suite Started: Register
09:19:21.566 [main] DEBUG io.cucumber.core.plugin.SerenityReporter - Running feature from file:///E:/APIMinpro/API/minpro/src/test/resources/features/2.%20Login.feature
09:19:21.570 [main] DEBUG net.thucydides.core.steps.StepEventBus - Test suite started for story net.thucydides.core.model.Story@86b1dd01
09:19:21.571 [main] INFO  - Test Suite Started: Login
09:19:21.571 [main] DEBUG io.cucumber.core.plugin.SerenityReporter - Running feature from file:///E:/APIMinpro/API/minpro/src/test/resources/features/3.%20User.feature
09:19:21.574 [main] DEBUG net.thucydides.core.steps.StepEventBus - Test suite started for story net.thucydides.core.model.Story@11e807f1
09:19:21.574 [main] INFO  - Test Suite Started: User Information
09:19:21.574 [main] DEBUG io.cucumber.core.plugin.SerenityReporter - Running feature from file:///E:/APIMinpro/API/minpro/src/test/resources/features/4.%20Categories.feature
09:19:21.578 [main] DEBUG net.thucydides.core.steps.StepEventBus - Test suite started for story net.thucydides.core.model.Story@1b5f86d1
09:19:21.579 [main] INFO  - Test Suite Started: Categories
09:19:21.579 [main] DEBUG io.cucumber.core.plugin.SerenityReporter - Running feature from file:///E:/APIMinpro/API/minpro/src/test/resources/features/5.%20Product.feature
09:19:21.582 [main] DEBUG net.thucydides.core.steps.StepEventBus - Test suite started for story net.thucydides.core.model.Story@5c78189e
09:19:21.583 [main] INFO  - Test Suite Started: Product
09:19:21.583 [main] DEBUG io.cucumber.core.plugin.SerenityReporter - Running feature from file:///E:/APIMinpro/API/minpro/src/test/resources/features/6.%20Order.feature
09:19:21.586 [main] DEBUG net.thucydides.core.steps.StepEventBus - Test suite started for story net.thucydides.core.model.Story@421cad1d
09:19:21.587 [main] INFO  - Test Suite Started: Order
09:19:21.587 [main] DEBUG io.cucumber.core.plugin.SerenityReporter - Running feature from file:///E:/APIMinpro/API/minpro/src/test/resources/features/7.%20Rating.feature
09:19:21.590 [main] DEBUG net.thucydides.core.steps.StepEventBus - Test suite started for story net.thucydides.core.model.Story@a2cc97b4
09:19:21.591 [main] INFO  - Test Suite Started: Rating
09:19:21.591 [main] DEBUG io.cucumber.core.plugin.SerenityReporter - Running feature from file:///E:/APIMinpro/API/minpro/src/test/resources/features/8.%20Comment.feature
09:19:21.594 [main] DEBUG net.thucydides.core.steps.StepEventBus - Test suite started for story net.thucydides.core.model.Story@8ea159bb
09:19:21.595 [main] INFO  - Test Suite Started: Comment
09:19:21.595 [main] DEBUG io.cucumber.core.plugin.SerenityReporter - Running feature from file:///E:/APIMinpro/API/minpro/src/test/resources/features/1.%20Register.feature
09:19:21.598 [main] DEBUG net.thucydides.core.steps.StepEventBus - Test suite started for story net.thucydides.core.model.Story@773abe6e
09:19:21.598 [main] INFO  - Test Suite Started: Register

Scenario: POST - Register with valid data              &amp#27;[90m# src/test/resources/features/1. Register.feature:7&amp#27;[0m
09:19:21.683 [main] DEBUG io.cucumber.core.plugin.SerenityReporter - Running feature from file:///E:/APIMinpro/API/minpro/src/test/resources/features/1.%20Register.feature
09:19:21.794 [main] INFO  - 
  _____   ___   ___   _____     ___   _____     _     ___   _____   ___   ___  
 |_   _| | __| / __| |_   _|   / __| |_   _|   /_\   | _ \ |_   _| | __| |   \ 
   | |   | _|  \__ \   | |     \__ \   | |    / _ \  |   /   | |   | _|  | |) |
   |_|   |___| |___/   |_|     |___/   |_|   /_/ \_\ |_|_\   |_|   |___| |___/ 

POST - Register with valid data(register;post---register-with-valid-data)
--------------------------------------------------------------------------------
09:19:21.844 [main] DEBUG net.thucydides.core.requirements.model.cucumber.CucumberParser - Loading feature E:\APIMinpro\API\minpro\src\test\resources\features\1. Register.feature
09:19:21.860 [main] DEBUG net.thucydides.core.requirements.model.cucumber.CucumberParser - Loading feature E:\APIMinpro\API\minpro\src\test\resources\features\2. Login.feature
09:19:21.863 [main] DEBUG net.thucydides.core.requirements.model.cucumber.CucumberParser - Loading feature E:\APIMinpro\API\minpro\src\test\resources\features\3. User.feature
09:19:21.866 [main] DEBUG net.thucydides.core.requirements.model.cucumber.CucumberParser - Loading feature E:\APIMinpro\API\minpro\src\test\resources\features\4. Categories.feature
09:19:21.870 [main] DEBUG net.thucydides.core.requirements.model.cucumber.CucumberParser - Loading feature E:\APIMinpro\API\minpro\src\test\resources\features\5. Product.feature
09:19:21.874 [main] DEBUG net.thucydides.core.requirements.model.cucumber.CucumberParser - Loading feature E:\APIMinpro\API\minpro\src\test\resources\features\6. Order.feature
09:19:21.877 [main] DEBUG net.thucydides.core.requirements.model.cucumber.CucumberParser - Loading feature E:\APIMinpro\API\minpro\src\test\resources\features\7. Rating.feature
09:19:21.879 [main] DEBUG net.thucydides.core.requirements.model.cucumber.CucumberParser - Loading feature E:\APIMinpro\API\minpro\src\test\resources\features\8. Comment.feature
09:19:22.234 [main] DEBUG net.thucydides.core.steps.StepInterceptor - STARTING STEP: RegisterSteps.setPostApiEndpointsRegister - I set POST api endpoints register
09:19:22.237 [main] DEBUG net.thucydides.core.steps.StepInterceptor - STEP DONE: I set POST api endpoints register
  &amp#27;[32mGiven &amp#27;[0m&amp#27;[32mI set POST api endpoints register&amp#27;[0m              &amp#27;[90m# starter.stepdefinitions.RegisterSteps.setPostApiEndpointsRegister()&amp#27;[0m
09:19:22.248 [main] DEBUG net.thucydides.core.steps.StepInterceptor - STARTING STEP: RegisterSteps.sendPostHttpRequestRegister - I send POST HTTP request register
09:19:23.779 [main] DEBUG net.thucydides.core.steps.StepInterceptor - STARTING STEP: Register.sendPostHttpRequestRegister - I set POST api endpoints register
09:19:23.779 [main] DEBUG net.thucydides.core.steps.StepInterceptor - STEP DONE: I set POST api endpoints register
09:19:24.361 [main] DEBUG org.apache.http.impl.conn.BasicClientConnectionManager - Get connection for route {s}->https://altashop-api.fly.dev:443
09:19:24.371 [main] DEBUG org.apache.http.impl.conn.DefaultClientConnectionOperator - Connecting to altashop-api.fly.dev:443
09:19:24.851 [main] DEBUG org.apache.http.client.protocol.RequestAddCookies - CookieSpec selected: ignoreCookies
09:19:24.852 [main] DEBUG org.apache.http.client.protocol.RequestAuthCache - Auth cache not set in the context
09:19:24.852 [main] DEBUG org.apache.http.client.protocol.RequestTargetAuthentication - Target auth state: UNCHALLENGED
09:19:24.852 [main] DEBUG org.apache.http.client.protocol.RequestProxyAuthentication - Proxy auth state: UNCHALLENGED
09:19:24.853 [main] DEBUG org.apache.http.impl.client.DefaultHttpClient - Attempt 1 to execute request
09:19:24.853 [main] DEBUG org.apache.http.impl.conn.DefaultClientConnection - Sending request: POST /api/auth/register HTTP/1.1
09:19:24.853 [main] DEBUG org.apache.http.wire -  >> "POST /api/auth/register HTTP/1.1[\r][\n]"
09:19:24.854 [main] DEBUG org.apache.http.wire -  >> "Accept: */*[\r][\n]"
09:19:24.854 [main] DEBUG org.apache.http.wire -  >> "Content-Type: application/json[\r][\n]"
09:19:24.854 [main] DEBUG org.apache.http.wire -  >> "Content-Length: 117[\r][\n]"
09:19:24.854 [main] DEBUG org.apache.http.wire -  >> "Host: altashop-api.fly.dev[\r][\n]"
09:19:24.854 [main] DEBUG org.apache.http.wire -  >> "Connection: Keep-Alive[\r][\n]"
09:19:24.854 [main] DEBUG org.apache.http.wire -  >> "User-Agent: Apache-HttpClient/4.5.13 (Java/11.0.15.1)[\r][\n]"
09:19:24.854 [main] DEBUG org.apache.http.wire -  >> "Accept-Encoding: gzip,deflate[\r][\n]"
09:19:24.854 [main] DEBUG org.apache.http.wire -  >> "[\r][\n]"
09:19:24.854 [main] DEBUG org.apache.http.headers - >> POST /api/auth/register HTTP/1.1
09:19:24.854 [main] DEBUG org.apache.http.headers - >> Accept: */*
09:19:24.854 [main] DEBUG org.apache.http.headers - >> Content-Type: application/json
09:19:24.854 [main] DEBUG org.apache.http.headers - >> Content-Length: 117
09:19:24.854 [main] DEBUG org.apache.http.headers - >> Host: altashop-api.fly.dev
09:19:24.854 [main] DEBUG org.apache.http.headers - >> Connection: Keep-Alive
09:19:24.854 [main] DEBUG org.apache.http.headers - >> User-Agent: Apache-HttpClient/4.5.13 (Java/11.0.15.1)
09:19:24.854 [main] DEBUG org.apache.http.headers - >> Accept-Encoding: gzip,deflate
09:19:24.855 [main] DEBUG org.apache.http.wire -  >> "{"password":"123456","fullname":"aditya nugraha perdana","email":"adityaaaaaaaaaaaaaaaaaaaaaaaaaaaaaaaaaa@gmail.com"}"
09:19:24.876 [main] DEBUG org.apache.http.wire -  << "HTTP/1.1 400 Bad Request[\r][\n]"
09:19:24.876 [main] DEBUG org.apache.http.wire -  << "content-type: application/json[\r][\n]"
09:19:24.876 [main] DEBUG org.apache.http.wire -  << "date: Sat, 06 May 2023 02:19:24 GMT[\r][\n]"
09:19:24.877 [main] DEBUG org.apache.http.wire -  << "content-encoding: gzip[\r][\n]"
09:19:24.877 [main] DEBUG org.apache.http.wire -  << "transfer-encoding: chunked[\r][\n]"
09:19:24.877 [main] DEBUG org.apache.http.wire -  << "server: Fly/3f2597ca (2023-05-03)[\r][\n]"
09:19:24.877 [main] DEBUG org.apache.http.wire -  << "via: 1.1 fly.io[\r][\n]"
09:19:24.877 [main] DEBUG org.apache.http.wire -  << "fly-request-id: 01GZQDPNSKXD0YEV6FSJHS5GMZ-sin[\r][\n]"
09:19:24.877 [main] DEBUG org.apache.http.wire -  << "[\r][\n]"
09:19:24.877 [main] DEBUG org.apache.http.impl.conn.DefaultClientConnection - Receiving response: HTTP/1.1 400 Bad Request
09:19:24.877 [main] DEBUG org.apache.http.headers - << HTTP/1.1 400 Bad Request
09:19:24.877 [main] DEBUG org.apache.http.headers - << content-type: application/json
09:19:24.877 [main] DEBUG org.apache.http.headers - << date: Sat, 06 May 2023 02:19:24 GMT
09:19:24.877 [main] DEBUG org.apache.http.headers - << content-encoding: gzip
09:19:24.877 [main] DEBUG org.apache.http.headers - << transfer-encoding: chunked
09:19:24.877 [main] DEBUG org.apache.http.headers - << server: Fly/3f2597ca (2023-05-03)
09:19:24.877 [main] DEBUG org.apache.http.headers - << via: 1.1 fly.io
09:19:24.877 [main] DEBUG org.apache.http.headers - << fly-request-id: 01GZQDPNSKXD0YEV6FSJHS5GMZ-sin
09:19:24.881 [main] DEBUG org.apache.http.impl.client.DefaultHttpClient - Connection can be kept alive indefinitely
09:19:24.884 [main] DEBUG io.restassured.internal.RestAssuredHttpBuilder - Parsing response as: application/json
09:19:24.884 [main] DEBUG org.apache.http.wire -  << "7B[\r][\n]"
09:19:24.884 [main] DEBUG org.apache.http.wire -  << "[0x1f][0x8b][0x8][0x0][0x0][0x0][0x0][0x0][0x4][0xff][0xab]VJ-*[0xca]/R[0xb2]Rr[\r][\n]"
09:19:24.884 [main] DEBUG org.apache.http.wire -  << "[0xf2][0xf][0xb2]RH)-[0xc8][0xc9]LN,IU[0xc8]N[0xad]T(K[0xcc])MU([0xcb][0xcc][0xcf]I,I-V([0xcd][0xcb],,MUH[0xce][0xcf]+.)J[0xcc][0xcc]+Q[0x88]Q*-N-*[0x8e]O[0xcd]M[0xcc][0xcc][0x89][0xcf]N[0xad][0x8c]QR[0xd0][0x8][0xe][0xf4][0x9][0xe]q[0xc]qU02650[0xd5]T[0xaa][0xe5][0x2][0x0][0x1a]G[0x13]pg[0x0][0x0][0x0]"
09:19:24.884 [main] DEBUG org.apache.http.wire -  << "[\r][\n]"
09:19:24.884 [main] DEBUG org.apache.http.wire -  << "0[\r][\n]"
09:19:24.884 [main] DEBUG org.apache.http.wire -  << "[\r][\n]"
09:19:24.884 [main] DEBUG io.restassured.internal.RestAssuredHttpBuilder - Parsed data to instance of: class org.apache.http.conn.EofSensorInputStream
09:19:24.908 [main] DEBUG org.apache.http.impl.conn.BasicClientConnectionManager - Releasing connection org.apache.http.impl.conn.ManagedClientConnectionImpl@32dbca45
09:19:24.908 [main] DEBUG org.apache.http.impl.conn.BasicClientConnectionManager - Connection can be kept alive indefinitely
09:19:24.910 [main] DEBUG net.thucydides.core.steps.StepInterceptor - STEP DONE: I send POST HTTP request register
  &amp#27;[32mWhen &amp#27;[0m&amp#27;[32mI send POST HTTP request register&amp#27;[0m               &amp#27;[90m# starter.stepdefinitions.RegisterSteps.sendPostHttpRequestRegister()&amp#27;[0m
09:19:24.914 [main] DEBUG net.thucydides.core.steps.StepInterceptor - STARTING STEP: RegisterSteps.receiveValidHttp200Register - I receive valid HTTP response code 200 register
  &amp#27;[31mThen &amp#27;[0m&amp#27;[31mI receive valid HTTP response code 200 register&amp#27;[0m &amp#27;[90m# starter.stepdefinitions.RegisterSteps.receiveValidHttp200Register()&amp#27;[0m
      &amp#27;[31mjava.lang.AssertionError: 1 expectation failed.
Expected status code <200> but was <400>.

	at java.base/jdk.internal.reflect.NativeConstructorAccessorImpl.newInstance0(Native Method)
	at java.base/jdk.internal.reflect.NativeConstructorAccessorImpl.newInstance(NativeConstructorAccessorImpl.java:62)
	at java.base/jdk.internal.reflect.DelegatingConstructorAccessorImpl.newInstance(DelegatingConstructorAccessorImpl.java:45)
	at java.base/java.lang.reflect.Constructor.newInstance(Constructor.java:490)
	at org.codehaus.groovy.reflection.CachedConstructor.invoke(CachedConstructor.java:73)
	at org.codehaus.groovy.reflection.CachedConstructor.doConstructorInvoke(CachedConstructor.java:60)
	at org.codehaus.groovy.runtime.callsite.ConstructorSite$ConstructorSiteNoUnwrap.callConstructor(ConstructorSite.java:86)
	at org.codehaus.groovy.runtime.callsite.CallSiteArray.defaultCallConstructor(CallSiteArray.java:57)
	at org.codehaus.groovy.runtime.callsite.AbstractCallSite.callConstructor(AbstractCallSite.java:263)
	at org.codehaus.groovy.runtime.callsite.AbstractCallSite.callConstructor(AbstractCallSite.java:277)
	at io.restassured.internal.ResponseSpecificationImpl$HamcrestAssertionClosure.validate(ResponseSpecificationImpl.groovy:512)
	at io.restassured.internal.ResponseSpecificationImpl$HamcrestAssertionClosure$validate$1.call(Unknown Source)
	at org.codehaus.groovy.runtime.callsite.CallSiteArray.defaultCall(CallSiteArray.java:45)
	at org.codehaus.groovy.runtime.callsite.AbstractCallSite.call(AbstractCallSite.java:125)
	at org.codehaus.groovy.runtime.callsite.AbstractCallSite.call(AbstractCallSite.java:139)
	at io.restassured.internal.ResponseSpecificationImpl.validateResponseIfRequired(ResponseSpecificationImpl.groovy:696)
	at io.restassured.internal.ResponseSpecificationImpl.this$2$validateResponseIfRequired(ResponseSpecificationImpl.groovy)
	at java.base/jdk.internal.reflect.NativeMethodAccessorImpl.invoke0(Native Method)
	at java.base/jdk.internal.reflect.NativeMethodAccessorImpl.invoke(NativeMethodAccessorImpl.java:62)
	at java.base/jdk.internal.reflect.DelegatingMethodAccessorImpl.invoke(DelegatingMethodAccessorImpl.java:43)
	at java.base/java.lang.reflect.Method.invoke(Method.java:566)
	at org.codehaus.groovy.runtime.callsite.PlainObjectMetaMethodSite.doInvoke(PlainObjectMetaMethodSite.java:43)
	at org.codehaus.groovy.runtime.callsite.PogoMetaMethodSite$PogoCachedMethodSiteNoUnwrapNoCoerce.invoke(PogoMetaMethodSite.java:198)
	at org.codehaus.groovy.runtime.callsite.PogoMetaMethodSite.callCurrent(PogoMetaMethodSite.java:62)
	at org.codehaus.groovy.runtime.callsite.CallSiteArray.defaultCallCurrent(CallSiteArray.java:49)
	at org.codehaus.groovy.runtime.callsite.AbstractCallSite.callCurrent(AbstractCallSite.java:171)
	at org.codehaus.groovy.runtime.callsite.AbstractCallSite.callCurrent(AbstractCallSite.java:185)
	at io.restassured.internal.ResponseSpecificationImpl.statusCode(ResponseSpecificationImpl.groovy:135)
	at io.restassured.specification.ResponseSpecification$statusCode$0.callCurrent(Unknown Source)
	at org.codehaus.groovy.runtime.callsite.CallSiteArray.defaultCallCurrent(CallSiteArray.java:49)
	at org.codehaus.groovy.runtime.callsite.AbstractCallSite.callCurrent(AbstractCallSite.java:171)
	at org.codehaus.groovy.runtime.callsite.AbstractCallSite.callCurrent(AbstractCallSite.java:185)
	at io.restassured.internal.ResponseSpecificationImpl.statusCode(ResponseSpecificationImpl.groovy:143)
	at io.restassured.internal.ValidatableResponseOptionsImpl.statusCode(ValidatableResponseOptionsImpl.java:89)
	at minpro@1.0-SNAPSHOT/starter.java.Register.lambda$receiveValidHttp200Register$0(Register.java:108)
	at net.serenitybdd.rest.SerenityRest.restAssuredThat(SerenityRest.java:626)
	at minpro@1.0-SNAPSHOT/starter.java.Register.receiveValidHttp200Register(Register.java:108)
	at minpro@1.0-SNAPSHOT/starter.java.Register$ByteBuddy$au47k875.receiveValidHttp200Register$accessor$P11spNkr(Unknown Source)
	at java.base/jdk.internal.reflect.NativeMethodAccessorImpl.invoke0(Native Method)
	at java.base/jdk.internal.reflect.NativeMethodAccessorImpl.invoke(NativeMethodAccessorImpl.java:62)
	at java.base/jdk.internal.reflect.DelegatingMethodAccessorImpl.invoke(DelegatingMethodAccessorImpl.java:43)
	at java.base/java.lang.reflect.Method.invoke(Method.java:566)
	at net.thucydides.core.steps.StepInterceptor.invokeMethod(StepInterceptor.java:518)
	at net.thucydides.core.steps.StepInterceptor.executeTestStepMethod(StepInterceptor.java:498)
	at net.thucydides.core.steps.StepInterceptor.runTestStep(StepInterceptor.java:472)
	at net.thucydides.core.steps.StepInterceptor.runOrSkipMethod(StepInterceptor.java:211)
	at net.thucydides.core.steps.StepInterceptor.testStepResult(StepInterceptor.java:198)
	at net.thucydides.core.steps.StepInterceptor.intercept(StepInterceptor.java:86)
	at net.thucydides.core.steps.ProxyConfiguration$InterceptorDispatcher.intercept(ProxyConfiguration.java:51)
	at minpro@1.0-SNAPSHOT/starter.java.Register$ByteBuddy$au47k875.receiveValidHttp200Register(Unknown Source)
	at minpro@1.0-SNAPSHOT/starter.stepdefinitions.RegisterSteps.receiveValidHttp200Register(RegisterSteps.java:62)
	at âœ½.I receive valid HTTP response code 200 register(file:///E:/APIMinpro/API/minpro/src/test/resources/features/1.%20Register.feature:10)
&amp#27;[0m
09:19:24.972 [main] ERROR  - 
  _____   ___   ___   _____     ___     _     ___   _      ___   ___  
 |_   _| | __| / __| |_   _|   | __|   /_\   |_ _| | |    | __| |   \ 
   | |   | _|  \__ \   | |     | _|   / _ \   | |  | |__  | _|  | |) |
   |_|   |___| |___/   |_|     |_|   /_/ \_\ |___| |____| |___| |___/ 

POST - Register with valid data
-----------------------------------------------------------------------
09:19:24.973 [main] DEBUG  - RELATED ISSUES: 
09:19:25.036 [main] ERROR  -     Test failed at step: I receive valid HTTP response code 200 register
09:19:25.036 [main] ERROR  -     1 expectation failed.Expected status code <200> but was <400>.
]]></system-out>
  </testcase>
  <testcase name="POST - Register without fullname" classname="Register" time="0.282">
    <system-out><![CDATA[
Scenario: POST - Register without fullname             &amp#27;[90m# src/test/resources/features/1. Register.feature:12&amp#27;[0m
09:19:25.061 [main] DEBUG io.cucumber.core.plugin.SerenityReporter - Running feature from file:///E:/APIMinpro/API/minpro/src/test/resources/features/1.%20Register.feature
09:19:25.064 [main] INFO  - 
  _____   ___   ___   _____     ___   _____     _     ___   _____   ___   ___  
 |_   _| | __| / __| |_   _|   / __| |_   _|   /_\   | _ \ |_   _| | __| |   \ 
   | |   | _|  \__ \   | |     \__ \   | |    / _ \  |   /   | |   | _|  | |) |
   |_|   |___| |___/   |_|     |___/   |_|   /_/ \_\ |_|_\   |_|   |___| |___/ 

POST - Register without fullname(register;post---register-without-fullname)
--------------------------------------------------------------------------------
09:19:25.077 [main] DEBUG net.thucydides.core.steps.StepInterceptor - STARTING STEP: RegisterSteps.setPostApiEndpointsRegister - I set POST api endpoints register
09:19:25.077 [main] DEBUG net.thucydides.core.steps.StepInterceptor - STEP DONE: I set POST api endpoints register
  &amp#27;[32mGiven &amp#27;[0m&amp#27;[32mI set POST api endpoints register&amp#27;[0m              &amp#27;[90m# starter.stepdefinitions.RegisterSteps.setPostApiEndpointsRegister()&amp#27;[0m
09:19:25.083 [main] DEBUG net.thucydides.core.steps.StepInterceptor - STARTING STEP: RegisterSteps.sendPostHttpRequestRegister2 - I send POST HTTP request register2
09:19:25.085 [main] DEBUG net.thucydides.core.steps.StepInterceptor - STARTING STEP: Register.sendPostHttpRequestRegister2 - I set POST api endpoints register
09:19:25.086 [main] DEBUG net.thucydides.core.steps.StepInterceptor - STEP DONE: I set POST api endpoints register
09:19:25.112 [main] DEBUG org.apache.http.impl.conn.BasicClientConnectionManager - Get connection for route {s}->https://altashop-api.fly.dev:443
09:19:25.112 [main] DEBUG org.apache.http.impl.conn.DefaultClientConnectionOperator - Connecting to altashop-api.fly.dev:443
09:19:25.177 [main] DEBUG org.apache.http.client.protocol.RequestAddCookies - CookieSpec selected: ignoreCookies
09:19:25.177 [main] DEBUG org.apache.http.client.protocol.RequestAuthCache - Auth cache not set in the context
09:19:25.177 [main] DEBUG org.apache.http.client.protocol.RequestTargetAuthentication - Target auth state: UNCHALLENGED
09:19:25.177 [main] DEBUG org.apache.http.client.protocol.RequestProxyAuthentication - Proxy auth state: UNCHALLENGED
09:19:25.177 [main] DEBUG org.apache.http.impl.client.DefaultHttpClient - Attempt 1 to execute request
09:19:25.177 [main] DEBUG org.apache.http.impl.conn.DefaultClientConnection - Sending request: POST /api/auth/register HTTP/1.1
09:19:25.177 [main] DEBUG org.apache.http.wire -  >> "POST /api/auth/register HTTP/1.1[\r][\n]"
09:19:25.177 [main] DEBUG org.apache.http.wire -  >> "Accept: */*[\r][\n]"
09:19:25.177 [main] DEBUG org.apache.http.wire -  >> "Content-Type: application/json[\r][\n]"
09:19:25.177 [main] DEBUG org.apache.http.wire -  >> "Content-Length: 62[\r][\n]"
09:19:25.177 [main] DEBUG org.apache.http.wire -  >> "Host: altashop-api.fly.dev[\r][\n]"
09:19:25.177 [main] DEBUG org.apache.http.wire -  >> "Connection: Keep-Alive[\r][\n]"
09:19:25.177 [main] DEBUG org.apache.http.wire -  >> "User-Agent: Apache-HttpClient/4.5.13 (Java/11.0.15.1)[\r][\n]"
09:19:25.177 [main] DEBUG org.apache.http.wire -  >> "Accept-Encoding: gzip,deflate[\r][\n]"
09:19:25.177 [main] DEBUG org.apache.http.wire -  >> "[\r][\n]"
09:19:25.177 [main] DEBUG org.apache.http.headers - >> POST /api/auth/register HTTP/1.1
09:19:25.177 [main] DEBUG org.apache.http.headers - >> Accept: */*
09:19:25.177 [main] DEBUG org.apache.http.headers - >> Content-Type: application/json
09:19:25.177 [main] DEBUG org.apache.http.headers - >> Content-Length: 62
09:19:25.177 [main] DEBUG org.apache.http.headers - >> Host: altashop-api.fly.dev
09:19:25.177 [main] DEBUG org.apache.http.headers - >> Connection: Keep-Alive
09:19:25.177 [main] DEBUG org.apache.http.headers - >> User-Agent: Apache-HttpClient/4.5.13 (Java/11.0.15.1)
09:19:25.177 [main] DEBUG org.apache.http.headers - >> Accept-Encoding: gzip,deflate
09:19:25.177 [main] DEBUG org.apache.http.wire -  >> "{"password":"123456","fullname":"","email":"aditya@gmail.com"}"
09:19:25.324 [main] DEBUG org.apache.http.wire -  << "HTTP/1.1 400 Bad Request[\r][\n]"
09:19:25.324 [main] DEBUG org.apache.http.wire -  << "content-type: application/json[\r][\n]"
09:19:25.324 [main] DEBUG org.apache.http.wire -  << "date: Sat, 06 May 2023 02:19:25 GMT[\r][\n]"
09:19:25.324 [main] DEBUG org.apache.http.wire -  << "content-encoding: gzip[\r][\n]"
09:19:25.324 [main] DEBUG org.apache.http.wire -  << "transfer-encoding: chunked[\r][\n]"
09:19:25.324 [main] DEBUG org.apache.http.wire -  << "server: Fly/3f2597ca (2023-05-03)[\r][\n]"
09:19:25.324 [main] DEBUG org.apache.http.wire -  << "via: 1.1 fly.io[\r][\n]"
09:19:25.324 [main] DEBUG org.apache.http.wire -  << "fly-request-id: 01GZQDPP3NHRVKP9P4FYAJA6X5-sin[\r][\n]"
09:19:25.324 [main] DEBUG org.apache.http.wire -  << "[\r][\n]"
09:19:25.324 [main] DEBUG org.apache.http.impl.conn.DefaultClientConnection - Receiving response: HTTP/1.1 400 Bad Request
09:19:25.324 [main] DEBUG org.apache.http.headers - << HTTP/1.1 400 Bad Request
09:19:25.324 [main] DEBUG org.apache.http.headers - << content-type: application/json
09:19:25.324 [main] DEBUG org.apache.http.headers - << date: Sat, 06 May 2023 02:19:25 GMT
09:19:25.325 [main] DEBUG org.apache.http.headers - << content-encoding: gzip
09:19:25.325 [main] DEBUG org.apache.http.headers - << transfer-encoding: chunked
09:19:25.325 [main] DEBUG org.apache.http.headers - << server: Fly/3f2597ca (2023-05-03)
09:19:25.325 [main] DEBUG org.apache.http.headers - << via: 1.1 fly.io
09:19:25.325 [main] DEBUG org.apache.http.headers - << fly-request-id: 01GZQDPP3NHRVKP9P4FYAJA6X5-sin
09:19:25.325 [main] DEBUG org.apache.http.impl.client.DefaultHttpClient - Connection can be kept alive indefinitely
09:19:25.325 [main] DEBUG io.restassured.internal.RestAssuredHttpBuilder - Parsing response as: application/json
09:19:25.325 [main] DEBUG org.apache.http.wire -  << "35[\r][\n]"
09:19:25.325 [main] DEBUG org.apache.http.wire -  << "[0x1f][0x8b][0x8][0x0][0x0][0x0][0x0][0x0][0x4][0xff][0xab]VJ-*[0xca]/R[0xb2]RJ+[0xcd][0xc9][0xc9]K[0xcc]MU[0xc8],V(J-,[0xcd],JMQ[0xaa][0xe5][0x2][0x0]ok4[0xc9]![0x0][0x0][0x0]"
09:19:25.325 [main] DEBUG org.apache.http.wire -  << "[\r][\n]"
09:19:25.325 [main] DEBUG org.apache.http.wire -  << "0[\r][\n]"
09:19:25.325 [main] DEBUG org.apache.http.wire -  << "[\r][\n]"
09:19:25.325 [main] DEBUG io.restassured.internal.RestAssuredHttpBuilder - Parsed data to instance of: class org.apache.http.conn.EofSensorInputStream
09:19:25.326 [main] DEBUG org.apache.http.impl.conn.BasicClientConnectionManager - Releasing connection org.apache.http.impl.conn.ManagedClientConnectionImpl@4ac0ed65
09:19:25.326 [main] DEBUG org.apache.http.impl.conn.BasicClientConnectionManager - Connection can be kept alive indefinitely
09:19:25.326 [main] DEBUG net.thucydides.core.steps.StepInterceptor - STEP DONE: I send POST HTTP request register2
  &amp#27;[32mWhen &amp#27;[0m&amp#27;[32mI send POST HTTP request register2&amp#27;[0m              &amp#27;[90m# starter.stepdefinitions.RegisterSteps.sendPostHttpRequestRegister2()&amp#27;[0m
09:19:25.329 [main] DEBUG net.thucydides.core.steps.StepInterceptor - STARTING STEP: RegisterSteps.receiveValidHttp400Register - I receive valid HTTP response code 400 register
09:19:25.330 [main] DEBUG net.thucydides.core.steps.StepInterceptor - STEP DONE: I receive valid HTTP response code 400 register
  &amp#27;[32mThen &amp#27;[0m&amp#27;[32mI receive valid HTTP response code 400 register&amp#27;[0m &amp#27;[90m# starter.stepdefinitions.RegisterSteps.receiveValidHttp400Register()&amp#27;[0m
09:19:25.332 [main] INFO  - 
  _____   ___   ___   _____     ___     _     ___   ___   ___   ___  
 |_   _| | __| / __| |_   _|   | _ \   /_\   / __| / __| | __| |   \ 
   | |   | _|  \__ \   | |     |  _/  / _ \  \__ \ \__ \ | _|  | |) |
   |_|   |___| |___/   |_|     |_|   /_/ \_\ |___/ |___/ |___| |___/ 

POST - Register without fullname
----------------------------------------------------------------------
]]></system-out>
  </testcase>
  <testcase name="POST - Register without email" classname="Register" time="0.793">
    <system-out><![CDATA[
Scenario: POST - Register without email                &amp#27;[90m# src/test/resources/features/1. Register.feature:17&amp#27;[0m
09:19:25.343 [main] DEBUG io.cucumber.core.plugin.SerenityReporter - Running feature from file:///E:/APIMinpro/API/minpro/src/test/resources/features/1.%20Register.feature
09:19:25.346 [main] INFO  - 
  _____   ___   ___   _____     ___   _____     _     ___   _____   ___   ___  
 |_   _| | __| / __| |_   _|   / __| |_   _|   /_\   | _ \ |_   _| | __| |   \ 
   | |   | _|  \__ \   | |     \__ \   | |    / _ \  |   /   | |   | _|  | |) |
   |_|   |___| |___/   |_|     |___/   |_|   /_/ \_\ |_|_\   |_|   |___| |___/ 

POST - Register without email(register;post---register-without-email)
--------------------------------------------------------------------------------
09:19:25.357 [main] DEBUG net.thucydides.core.steps.StepInterceptor - STARTING STEP: RegisterSteps.setPostApiEndpointsRegister - I set POST api endpoints register
09:19:25.358 [main] DEBUG net.thucydides.core.steps.StepInterceptor - STEP DONE: I set POST api endpoints register
  &amp#27;[32mGiven &amp#27;[0m&amp#27;[32mI set POST api endpoints register&amp#27;[0m              &amp#27;[90m# starter.stepdefinitions.RegisterSteps.setPostApiEndpointsRegister()&amp#27;[0m
09:19:25.362 [main] DEBUG net.thucydides.core.steps.StepInterceptor - STARTING STEP: RegisterSteps.sendPostHttpRequestRegister3 - I send POST HTTP request register3
09:19:25.364 [main] DEBUG net.thucydides.core.steps.StepInterceptor - STARTING STEP: Register.sendPostHttpRequestRegister3 - I set POST api endpoints register
09:19:25.364 [main] DEBUG net.thucydides.core.steps.StepInterceptor - STEP DONE: I set POST api endpoints register
09:19:25.382 [main] DEBUG org.apache.http.impl.conn.BasicClientConnectionManager - Get connection for route {s}->https://altashop-api.fly.dev:443
09:19:25.382 [main] DEBUG org.apache.http.impl.conn.DefaultClientConnectionOperator - Connecting to altashop-api.fly.dev:443
09:19:25.812 [main] DEBUG org.apache.http.client.protocol.RequestAddCookies - CookieSpec selected: ignoreCookies
09:19:25.812 [main] DEBUG org.apache.http.client.protocol.RequestAuthCache - Auth cache not set in the context
09:19:25.812 [main] DEBUG org.apache.http.client.protocol.RequestTargetAuthentication - Target auth state: UNCHALLENGED
09:19:25.812 [main] DEBUG org.apache.http.client.protocol.RequestProxyAuthentication - Proxy auth state: UNCHALLENGED
09:19:25.812 [main] DEBUG org.apache.http.impl.client.DefaultHttpClient - Attempt 1 to execute request
09:19:25.813 [main] DEBUG org.apache.http.impl.conn.DefaultClientConnection - Sending request: POST /api/auth/register HTTP/1.1
09:19:25.813 [main] DEBUG org.apache.http.wire -  >> "POST /api/auth/register HTTP/1.1[\r][\n]"
09:19:25.813 [main] DEBUG org.apache.http.wire -  >> "Accept: */*[\r][\n]"
09:19:25.813 [main] DEBUG org.apache.http.wire -  >> "Content-Type: application/json[\r][\n]"
09:19:25.813 [main] DEBUG org.apache.http.wire -  >> "Content-Length: 68[\r][\n]"
09:19:25.813 [main] DEBUG org.apache.http.wire -  >> "Host: altashop-api.fly.dev[\r][\n]"
09:19:25.813 [main] DEBUG org.apache.http.wire -  >> "Connection: Keep-Alive[\r][\n]"
09:19:25.813 [main] DEBUG org.apache.http.wire -  >> "User-Agent: Apache-HttpClient/4.5.13 (Java/11.0.15.1)[\r][\n]"
09:19:25.813 [main] DEBUG org.apache.http.wire -  >> "Accept-Encoding: gzip,deflate[\r][\n]"
09:19:25.813 [main] DEBUG org.apache.http.wire -  >> "[\r][\n]"
09:19:25.813 [main] DEBUG org.apache.http.headers - >> POST /api/auth/register HTTP/1.1
09:19:25.813 [main] DEBUG org.apache.http.headers - >> Accept: */*
09:19:25.813 [main] DEBUG org.apache.http.headers - >> Content-Type: application/json
09:19:25.813 [main] DEBUG org.apache.http.headers - >> Content-Length: 68
09:19:25.813 [main] DEBUG org.apache.http.headers - >> Host: altashop-api.fly.dev
09:19:25.813 [main] DEBUG org.apache.http.headers - >> Connection: Keep-Alive
09:19:25.813 [main] DEBUG org.apache.http.headers - >> User-Agent: Apache-HttpClient/4.5.13 (Java/11.0.15.1)
09:19:25.813 [main] DEBUG org.apache.http.headers - >> Accept-Encoding: gzip,deflate
09:19:25.813 [main] DEBUG org.apache.http.wire -  >> "{"password":"123456","fullname":"aditya nugraha perdana","email":""}"
09:19:25.848 [main] DEBUG org.apache.http.wire -  << "HTTP/1.1 400 Bad Request[\r][\n]"
09:19:25.848 [main] DEBUG org.apache.http.wire -  << "content-type: application/json[\r][\n]"
09:19:25.848 [main] DEBUG org.apache.http.wire -  << "date: Sat, 06 May 2023 02:19:25 GMT[\r][\n]"
09:19:25.848 [main] DEBUG org.apache.http.wire -  << "content-encoding: gzip[\r][\n]"
09:19:25.848 [main] DEBUG org.apache.http.wire -  << "transfer-encoding: chunked[\r][\n]"
09:19:25.848 [main] DEBUG org.apache.http.wire -  << "server: Fly/3f2597ca (2023-05-03)[\r][\n]"
09:19:25.848 [main] DEBUG org.apache.http.wire -  << "via: 1.1 fly.io[\r][\n]"
09:19:25.848 [main] DEBUG org.apache.http.wire -  << "fly-request-id: 01GZQDPPQKVPS8FFNGA28H9KV2-sin[\r][\n]"
09:19:25.848 [main] DEBUG org.apache.http.wire -  << "[\r][\n]"
09:19:25.848 [main] DEBUG org.apache.http.impl.conn.DefaultClientConnection - Receiving response: HTTP/1.1 400 Bad Request
09:19:25.848 [main] DEBUG org.apache.http.headers - << HTTP/1.1 400 Bad Request
09:19:25.848 [main] DEBUG org.apache.http.headers - << content-type: application/json
09:19:25.848 [main] DEBUG org.apache.http.headers - << date: Sat, 06 May 2023 02:19:25 GMT
09:19:25.848 [main] DEBUG org.apache.http.headers - << content-encoding: gzip
09:19:25.848 [main] DEBUG org.apache.http.headers - << transfer-encoding: chunked
09:19:25.848 [main] DEBUG org.apache.http.headers - << server: Fly/3f2597ca (2023-05-03)
09:19:25.848 [main] DEBUG org.apache.http.headers - << via: 1.1 fly.io
09:19:25.848 [main] DEBUG org.apache.http.headers - << fly-request-id: 01GZQDPPQKVPS8FFNGA28H9KV2-sin
09:19:25.848 [main] DEBUG org.apache.http.impl.client.DefaultHttpClient - Connection can be kept alive indefinitely
09:19:25.848 [main] DEBUG io.restassured.internal.RestAssuredHttpBuilder - Parsing response as: application/json
09:19:25.848 [main] DEBUG org.apache.http.wire -  << "32[\r][\n]"
09:19:25.848 [main] DEBUG org.apache.http.wire -  << "[0x1f][0x8b][0x8][0x0][0x0][0x0][0x0][0x0][0x4][0xff][0xab]VJ-*[0xca]/R[0xb2]RJ[0xcd]M[0xcc][0xcc]Q[0xc8],V(J-,[0xcd],JMQ[0xaa][0xe5][0x2][0x0]&[0xe3][0xaa]j[0x1e][0x0][0x0][0x0]"
09:19:25.849 [main] DEBUG org.apache.http.wire -  << "[\r][\n]"
09:19:26.120 [main] DEBUG org.apache.http.wire -  << "0[\r][\n]"
09:19:26.120 [main] DEBUG org.apache.http.wire -  << "[\r][\n]"
09:19:26.120 [main] DEBUG io.restassured.internal.RestAssuredHttpBuilder - Parsed data to instance of: class org.apache.http.conn.EofSensorInputStream
09:19:26.121 [main] DEBUG org.apache.http.impl.conn.BasicClientConnectionManager - Releasing connection org.apache.http.impl.conn.ManagedClientConnectionImpl@5d22ed6c
09:19:26.121 [main] DEBUG org.apache.http.impl.conn.BasicClientConnectionManager - Connection can be kept alive indefinitely
09:19:26.122 [main] DEBUG net.thucydides.core.steps.StepInterceptor - STEP DONE: I send POST HTTP request register3
  &amp#27;[32mWhen &amp#27;[0m&amp#27;[32mI send POST HTTP request register3&amp#27;[0m              &amp#27;[90m# starter.stepdefinitions.RegisterSteps.sendPostHttpRequestRegister3()&amp#27;[0m
09:19:26.124 [main] DEBUG net.thucydides.core.steps.StepInterceptor - STARTING STEP: RegisterSteps.receiveValidHttp400Register - I receive valid HTTP response code 400 register
09:19:26.124 [main] DEBUG net.thucydides.core.steps.StepInterceptor - STEP DONE: I receive valid HTTP response code 400 register
  &amp#27;[32mThen &amp#27;[0m&amp#27;[32mI receive valid HTTP response code 400 register&amp#27;[0m &amp#27;[90m# starter.stepdefinitions.RegisterSteps.receiveValidHttp400Register()&amp#27;[0m
09:19:26.126 [main] INFO  - 
  _____   ___   ___   _____     ___     _     ___   ___   ___   ___  
 |_   _| | __| / __| |_   _|   | _ \   /_\   / __| / __| | __| |   \ 
   | |   | _|  \__ \   | |     |  _/  / _ \  \__ \ \__ \ | _|  | |) |
   |_|   |___| |___/   |_|     |_|   /_/ \_\ |___/ |___/ |___| |___/ 

POST - Register without email
----------------------------------------------------------------------
]]></system-out>
  </testcase>
  <testcase name="POST - Register without password" classname="Register" time="0.216">
    <system-out><![CDATA[
Scenario: POST - Register without password             &amp#27;[90m# src/test/resources/features/1. Register.feature:22&amp#27;[0m
09:19:26.134 [main] DEBUG io.cucumber.core.plugin.SerenityReporter - Running feature from file:///E:/APIMinpro/API/minpro/src/test/resources/features/1.%20Register.feature
09:19:26.137 [main] INFO  - 
  _____   ___   ___   _____     ___   _____     _     ___   _____   ___   ___  
 |_   _| | __| / __| |_   _|   / __| |_   _|   /_\   | _ \ |_   _| | __| |   \ 
   | |   | _|  \__ \   | |     \__ \   | |    / _ \  |   /   | |   | _|  | |) |
   |_|   |___| |___/   |_|     |___/   |_|   /_/ \_\ |_|_\   |_|   |___| |___/ 

POST - Register without password(register;post---register-without-password)
--------------------------------------------------------------------------------
09:19:26.145 [main] DEBUG net.thucydides.core.steps.StepInterceptor - STARTING STEP: RegisterSteps.setPostApiEndpointsRegister - I set POST api endpoints register
09:19:26.145 [main] DEBUG net.thucydides.core.steps.StepInterceptor - STEP DONE: I set POST api endpoints register
  &amp#27;[32mGiven &amp#27;[0m&amp#27;[32mI set POST api endpoints register&amp#27;[0m              &amp#27;[90m# starter.stepdefinitions.RegisterSteps.setPostApiEndpointsRegister()&amp#27;[0m
09:19:26.149 [main] DEBUG net.thucydides.core.steps.StepInterceptor - STARTING STEP: RegisterSteps.sendPostHttpRequest4 - I send POST HTTP request register4
09:19:26.151 [main] DEBUG net.thucydides.core.steps.StepInterceptor - STARTING STEP: Register.sendPostHttpRequestRegister4 - I set POST api endpoints register
09:19:26.151 [main] DEBUG net.thucydides.core.steps.StepInterceptor - STEP DONE: I set POST api endpoints register
09:19:26.168 [main] DEBUG org.apache.http.impl.conn.BasicClientConnectionManager - Get connection for route {s}->https://altashop-api.fly.dev:443
09:19:26.168 [main] DEBUG org.apache.http.impl.conn.DefaultClientConnectionOperator - Connecting to altashop-api.fly.dev:443
09:19:26.244 [main] DEBUG org.apache.http.client.protocol.RequestAddCookies - CookieSpec selected: ignoreCookies
09:19:26.244 [main] DEBUG org.apache.http.client.protocol.RequestAuthCache - Auth cache not set in the context
09:19:26.244 [main] DEBUG org.apache.http.client.protocol.RequestTargetAuthentication - Target auth state: UNCHALLENGED
09:19:26.244 [main] DEBUG org.apache.http.client.protocol.RequestProxyAuthentication - Proxy auth state: UNCHALLENGED
09:19:26.245 [main] DEBUG org.apache.http.impl.client.DefaultHttpClient - Attempt 1 to execute request
09:19:26.245 [main] DEBUG org.apache.http.impl.conn.DefaultClientConnection - Sending request: POST /api/auth/register HTTP/1.1
09:19:26.245 [main] DEBUG org.apache.http.wire -  >> "POST /api/auth/register HTTP/1.1[\r][\n]"
09:19:26.245 [main] DEBUG org.apache.http.wire -  >> "Accept: */*[\r][\n]"
09:19:26.245 [main] DEBUG org.apache.http.wire -  >> "Content-Type: application/json[\r][\n]"
09:19:26.245 [main] DEBUG org.apache.http.wire -  >> "Content-Length: 78[\r][\n]"
09:19:26.245 [main] DEBUG org.apache.http.wire -  >> "Host: altashop-api.fly.dev[\r][\n]"
09:19:26.245 [main] DEBUG org.apache.http.wire -  >> "Connection: Keep-Alive[\r][\n]"
09:19:26.245 [main] DEBUG org.apache.http.wire -  >> "User-Agent: Apache-HttpClient/4.5.13 (Java/11.0.15.1)[\r][\n]"
09:19:26.245 [main] DEBUG org.apache.http.wire -  >> "Accept-Encoding: gzip,deflate[\r][\n]"
09:19:26.245 [main] DEBUG org.apache.http.wire -  >> "[\r][\n]"
09:19:26.245 [main] DEBUG org.apache.http.headers - >> POST /api/auth/register HTTP/1.1
09:19:26.245 [main] DEBUG org.apache.http.headers - >> Accept: */*
09:19:26.245 [main] DEBUG org.apache.http.headers - >> Content-Type: application/json
09:19:26.245 [main] DEBUG org.apache.http.headers - >> Content-Length: 78
09:19:26.245 [main] DEBUG org.apache.http.headers - >> Host: altashop-api.fly.dev
09:19:26.245 [main] DEBUG org.apache.http.headers - >> Connection: Keep-Alive
09:19:26.245 [main] DEBUG org.apache.http.headers - >> User-Agent: Apache-HttpClient/4.5.13 (Java/11.0.15.1)
09:19:26.245 [main] DEBUG org.apache.http.headers - >> Accept-Encoding: gzip,deflate
09:19:26.245 [main] DEBUG org.apache.http.wire -  >> "{"password":"","fullname":"aditya nugraha perdana","email":"aditya@gmail.com"}"
09:19:26.335 [main] DEBUG org.apache.http.wire -  << "HTTP/1.1 400 Bad Request[\r][\n]"
09:19:26.335 [main] DEBUG org.apache.http.wire -  << "content-type: application/json[\r][\n]"
09:19:26.335 [main] DEBUG org.apache.http.wire -  << "date: Sat, 06 May 2023 02:19:26 GMT[\r][\n]"
09:19:26.335 [main] DEBUG org.apache.http.wire -  << "content-encoding: gzip[\r][\n]"
09:19:26.335 [main] DEBUG org.apache.http.wire -  << "transfer-encoding: chunked[\r][\n]"
09:19:26.335 [main] DEBUG org.apache.http.wire -  << "server: Fly/3f2597ca (2023-05-03)[\r][\n]"
09:19:26.335 [main] DEBUG org.apache.http.wire -  << "via: 1.1 fly.io[\r][\n]"
09:19:26.335 [main] DEBUG org.apache.http.wire -  << "fly-request-id: 01GZQDPQ531BN5V8K29PDVFSVX-sin[\r][\n]"
09:19:26.335 [main] DEBUG org.apache.http.wire -  << "[\r][\n]"
09:19:26.335 [main] DEBUG org.apache.http.impl.conn.DefaultClientConnection - Receiving response: HTTP/1.1 400 Bad Request
09:19:26.335 [main] DEBUG org.apache.http.headers - << HTTP/1.1 400 Bad Request
09:19:26.335 [main] DEBUG org.apache.http.headers - << content-type: application/json
09:19:26.335 [main] DEBUG org.apache.http.headers - << date: Sat, 06 May 2023 02:19:26 GMT
09:19:26.335 [main] DEBUG org.apache.http.headers - << content-encoding: gzip
09:19:26.335 [main] DEBUG org.apache.http.headers - << transfer-encoding: chunked
09:19:26.335 [main] DEBUG org.apache.http.headers - << server: Fly/3f2597ca (2023-05-03)
09:19:26.335 [main] DEBUG org.apache.http.headers - << via: 1.1 fly.io
09:19:26.335 [main] DEBUG org.apache.http.headers - << fly-request-id: 01GZQDPQ531BN5V8K29PDVFSVX-sin
09:19:26.335 [main] DEBUG org.apache.http.impl.client.DefaultHttpClient - Connection can be kept alive indefinitely
09:19:26.335 [main] DEBUG io.restassured.internal.RestAssuredHttpBuilder - Parsing response as: application/json
09:19:26.335 [main] DEBUG org.apache.http.wire -  << "35[\r][\n]"
09:19:26.335 [main] DEBUG org.apache.http.wire -  << "[0x1f][0x8b][0x8][0x0][0x0][0x0][0x0][0x0][0x4][0xff][0xab]VJ-*[0xca]/R[0xb2]R*H,..[0xcf]/JQ[0xc8],V(J-,[0xcd],JMQ[0xaa][0xe5][0x2][0x0][0xb9][0x8f][0xe5][0xe0]![0x0][0x0][0x0]"
09:19:26.335 [main] DEBUG org.apache.http.wire -  << "[\r][\n]"
09:19:26.335 [main] DEBUG org.apache.http.wire -  << "0[\r][\n]"
09:19:26.335 [main] DEBUG org.apache.http.wire -  << "[\r][\n]"
09:19:26.335 [main] DEBUG io.restassured.internal.RestAssuredHttpBuilder - Parsed data to instance of: class org.apache.http.conn.EofSensorInputStream
09:19:26.336 [main] DEBUG org.apache.http.impl.conn.BasicClientConnectionManager - Releasing connection org.apache.http.impl.conn.ManagedClientConnectionImpl@5a57cf90
09:19:26.336 [main] DEBUG org.apache.http.impl.conn.BasicClientConnectionManager - Connection can be kept alive indefinitely
09:19:26.337 [main] DEBUG net.thucydides.core.steps.StepInterceptor - STEP DONE: I send POST HTTP request register4
  &amp#27;[32mWhen &amp#27;[0m&amp#27;[32mI send POST HTTP request register4&amp#27;[0m              &amp#27;[90m# starter.stepdefinitions.RegisterSteps.sendPostHttpRequest4()&amp#27;[0m
09:19:26.340 [main] DEBUG net.thucydides.core.steps.StepInterceptor - STARTING STEP: RegisterSteps.receiveValidHttp400Register - I receive valid HTTP response code 400 register
09:19:26.341 [main] DEBUG net.thucydides.core.steps.StepInterceptor - STEP DONE: I receive valid HTTP response code 400 register
  &amp#27;[32mThen &amp#27;[0m&amp#27;[32mI receive valid HTTP response code 400 register&amp#27;[0m &amp#27;[90m# starter.stepdefinitions.RegisterSteps.receiveValidHttp400Register()&amp#27;[0m
09:19:26.343 [main] INFO  - 
  _____   ___   ___   _____     ___     _     ___   ___   ___   ___  
 |_   _| | __| / __| |_   _|   | _ \   /_\   / __| / __| | __| |   \ 
   | |   | _|  \__ \   | |     |  _/  / _ \  \__ \ \__ \ | _|  | |) |
   |_|   |___| |___/   |_|     |_|   /_/ \_\ |___/ |___/ |___| |___/ 

POST - Register without password
----------------------------------------------------------------------
]]></system-out>
  </testcase>
  <testcase name="POST - Register with existed account" classname="Register" time="0.776">
    <system-out><![CDATA[
Scenario: POST - Register with existed account         &amp#27;[90m# src/test/resources/features/1. Register.feature:27&amp#27;[0m
09:19:26.351 [main] DEBUG io.cucumber.core.plugin.SerenityReporter - Running feature from file:///E:/APIMinpro/API/minpro/src/test/resources/features/1.%20Register.feature
09:19:26.354 [main] INFO  - 
  _____   ___   ___   _____     ___   _____     _     ___   _____   ___   ___  
 |_   _| | __| / __| |_   _|   / __| |_   _|   /_\   | _ \ |_   _| | __| |   \ 
   | |   | _|  \__ \   | |     \__ \   | |    / _ \  |   /   | |   | _|  | |) |
   |_|   |___| |___/   |_|     |___/   |_|   /_/ \_\ |_|_\   |_|   |___| |___/ 

POST - Register with existed account(register;post---register-with-existed-account)
--------------------------------------------------------------------------------
09:19:26.365 [main] DEBUG net.thucydides.core.steps.StepInterceptor - STARTING STEP: RegisterSteps.setPostApiEndpointsRegister - I set POST api endpoints register
09:19:26.365 [main] DEBUG net.thucydides.core.steps.StepInterceptor - STEP DONE: I set POST api endpoints register
  &amp#27;[32mGiven &amp#27;[0m&amp#27;[32mI set POST api endpoints register&amp#27;[0m              &amp#27;[90m# starter.stepdefinitions.RegisterSteps.setPostApiEndpointsRegister()&amp#27;[0m
09:19:26.367 [main] DEBUG net.thucydides.core.steps.StepInterceptor - STARTING STEP: RegisterSteps.sendPostHttpRequest5 - I send POST HTTP request register5
09:19:26.369 [main] DEBUG net.thucydides.core.steps.StepInterceptor - STARTING STEP: Register.sendPostHttpRequestRegister5 - I set POST api endpoints register
09:19:26.369 [main] DEBUG net.thucydides.core.steps.StepInterceptor - STEP DONE: I set POST api endpoints register
09:19:26.379 [main] DEBUG org.apache.http.impl.conn.BasicClientConnectionManager - Get connection for route {s}->https://altashop-api.fly.dev:443
09:19:26.379 [main] DEBUG org.apache.http.impl.conn.DefaultClientConnectionOperator - Connecting to altashop-api.fly.dev:443
09:19:26.807 [main] DEBUG org.apache.http.client.protocol.RequestAddCookies - CookieSpec selected: ignoreCookies
09:19:26.807 [main] DEBUG org.apache.http.client.protocol.RequestAuthCache - Auth cache not set in the context
09:19:26.807 [main] DEBUG org.apache.http.client.protocol.RequestTargetAuthentication - Target auth state: UNCHALLENGED
09:19:26.807 [main] DEBUG org.apache.http.client.protocol.RequestProxyAuthentication - Proxy auth state: UNCHALLENGED
09:19:26.807 [main] DEBUG org.apache.http.impl.client.DefaultHttpClient - Attempt 1 to execute request
09:19:26.808 [main] DEBUG org.apache.http.impl.conn.DefaultClientConnection - Sending request: POST /api/auth/register HTTP/1.1
09:19:26.808 [main] DEBUG org.apache.http.wire -  >> "POST /api/auth/register HTTP/1.1[\r][\n]"
09:19:26.808 [main] DEBUG org.apache.http.wire -  >> "Accept: */*[\r][\n]"
09:19:26.808 [main] DEBUG org.apache.http.wire -  >> "Content-Type: application/json[\r][\n]"
09:19:26.808 [main] DEBUG org.apache.http.wire -  >> "Content-Length: 65[\r][\n]"
09:19:26.808 [main] DEBUG org.apache.http.wire -  >> "Host: altashop-api.fly.dev[\r][\n]"
09:19:26.808 [main] DEBUG org.apache.http.wire -  >> "Connection: Keep-Alive[\r][\n]"
09:19:26.808 [main] DEBUG org.apache.http.wire -  >> "User-Agent: Apache-HttpClient/4.5.13 (Java/11.0.15.1)[\r][\n]"
09:19:26.808 [main] DEBUG org.apache.http.wire -  >> "Accept-Encoding: gzip,deflate[\r][\n]"
09:19:26.808 [main] DEBUG org.apache.http.wire -  >> "[\r][\n]"
09:19:26.808 [main] DEBUG org.apache.http.headers - >> POST /api/auth/register HTTP/1.1
09:19:26.808 [main] DEBUG org.apache.http.headers - >> Accept: */*
09:19:26.808 [main] DEBUG org.apache.http.headers - >> Content-Type: application/json
09:19:26.808 [main] DEBUG org.apache.http.headers - >> Content-Length: 65
09:19:26.808 [main] DEBUG org.apache.http.headers - >> Host: altashop-api.fly.dev
09:19:26.808 [main] DEBUG org.apache.http.headers - >> Connection: Keep-Alive
09:19:26.808 [main] DEBUG org.apache.http.headers - >> User-Agent: Apache-HttpClient/4.5.13 (Java/11.0.15.1)
09:19:26.808 [main] DEBUG org.apache.http.headers - >> Accept-Encoding: gzip,deflate
09:19:26.808 [main] DEBUG org.apache.http.wire -  >> "{"password":"adit123","fullname":"adit","email":"adit@gmail.com"}"
09:19:26.843 [main] DEBUG org.apache.http.wire -  << "HTTP/1.1 400 Bad Request[\r][\n]"
09:19:26.843 [main] DEBUG org.apache.http.wire -  << "content-type: application/json[\r][\n]"
09:19:26.843 [main] DEBUG org.apache.http.wire -  << "date: Sat, 06 May 2023 02:19:26 GMT[\r][\n]"
09:19:26.843 [main] DEBUG org.apache.http.wire -  << "content-encoding: gzip[\r][\n]"
09:19:26.843 [main] DEBUG org.apache.http.wire -  << "transfer-encoding: chunked[\r][\n]"
09:19:26.843 [main] DEBUG org.apache.http.wire -  << "server: Fly/3f2597ca (2023-05-03)[\r][\n]"
09:19:26.843 [main] DEBUG org.apache.http.wire -  << "via: 1.1 fly.io[\r][\n]"
09:19:26.843 [main] DEBUG org.apache.http.wire -  << "fly-request-id: 01GZQDPQPNY7772TJNKRZD29PW-sin[\r][\n]"
09:19:26.843 [main] DEBUG org.apache.http.wire -  << "[\r][\n]"
09:19:26.843 [main] DEBUG org.apache.http.impl.conn.DefaultClientConnection - Receiving response: HTTP/1.1 400 Bad Request
09:19:26.843 [main] DEBUG org.apache.http.headers - << HTTP/1.1 400 Bad Request
09:19:26.843 [main] DEBUG org.apache.http.headers - << content-type: application/json
09:19:26.843 [main] DEBUG org.apache.http.headers - << date: Sat, 06 May 2023 02:19:26 GMT
09:19:26.843 [main] DEBUG org.apache.http.headers - << content-encoding: gzip
09:19:26.843 [main] DEBUG org.apache.http.headers - << transfer-encoding: chunked
09:19:26.843 [main] DEBUG org.apache.http.headers - << server: Fly/3f2597ca (2023-05-03)
09:19:26.843 [main] DEBUG org.apache.http.headers - << via: 1.1 fly.io
09:19:26.843 [main] DEBUG org.apache.http.headers - << fly-request-id: 01GZQDPQPNY7772TJNKRZD29PW-sin
09:19:26.844 [main] DEBUG org.apache.http.impl.client.DefaultHttpClient - Connection can be kept alive indefinitely
09:19:26.844 [main] DEBUG io.restassured.internal.RestAssuredHttpBuilder - Parsing response as: application/json
09:19:26.844 [main] DEBUG org.apache.http.wire -  << "7B[\r][\n]"
09:19:26.844 [main] DEBUG org.apache.http.wire -  << "[0x1f][0x8b][0x8][0x0][0x0][0x0][0x0][0x0][0x4][0xff][0xab]VJ-*[0xca]/R[0xb2]Rr[\r][\n]"
09:19:26.844 [main] DEBUG org.apache.http.wire -  << "[0xf2][0xf][0xb2]RH)-[0xc8][0xc9]LN,IU[0xc8]N[0xad]T(K[0xcc])MU([0xcb][0xcc][0xcf]I,I-V([0xcd][0xcb],,MUH[0xce][0xcf]+.)J[0xcc][0xcc]+Q[0x88]Q*-N-*[0x8e]O[0xcd]M[0xcc][0xcc][0x89][0xcf]N[0xad][0x8c]QR[0xd0][0x8][0xe][0xf4][0x9][0xe]q[0xc]qU02650[0xd5]T[0xaa][0xe5][0x2][0x0][0x1a]G[0x13]pg[0x0][0x0][0x0]"
09:19:26.844 [main] DEBUG org.apache.http.wire -  << "[\r][\n]"
09:19:27.114 [main] DEBUG org.apache.http.wire -  << "0[\r][\n]"
09:19:27.114 [main] DEBUG org.apache.http.wire -  << "[\r][\n]"
09:19:27.114 [main] DEBUG io.restassured.internal.RestAssuredHttpBuilder - Parsed data to instance of: class org.apache.http.conn.EofSensorInputStream
09:19:27.115 [main] DEBUG org.apache.http.impl.conn.BasicClientConnectionManager - Releasing connection org.apache.http.impl.conn.ManagedClientConnectionImpl@2aac6fa7
09:19:27.115 [main] DEBUG org.apache.http.impl.conn.BasicClientConnectionManager - Connection can be kept alive indefinitely
09:19:27.115 [main] DEBUG net.thucydides.core.steps.StepInterceptor - STEP DONE: I send POST HTTP request register5
  &amp#27;[32mWhen &amp#27;[0m&amp#27;[32mI send POST HTTP request register5&amp#27;[0m              &amp#27;[90m# starter.stepdefinitions.RegisterSteps.sendPostHttpRequest5()&amp#27;[0m
09:19:27.118 [main] DEBUG net.thucydides.core.steps.StepInterceptor - STARTING STEP: RegisterSteps.receiveValidHttp400Register - I receive valid HTTP response code 400 register
09:19:27.118 [main] DEBUG net.thucydides.core.steps.StepInterceptor - STEP DONE: I receive valid HTTP response code 400 register
  &amp#27;[32mThen &amp#27;[0m&amp#27;[32mI receive valid HTTP response code 400 register&amp#27;[0m &amp#27;[90m# starter.stepdefinitions.RegisterSteps.receiveValidHttp400Register()&amp#27;[0m
09:19:27.120 [main] INFO  - 
  _____   ___   ___   _____     ___     _     ___   ___   ___   ___  
 |_   _| | __| / __| |_   _|   | _ \   /_\   / __| / __| | __| |   \ 
   | |   | _|  \__ \   | |     |  _/  / _ \  \__ \ \__ \ | _|  | |) |
   |_|   |___| |___/   |_|     |_|   /_/ \_\ |___/ |___/ |___| |___/ 

POST - Register with existed account
----------------------------------------------------------------------
]]></system-out>
  </testcase>
  <testcase name="POST - Register with invalid email" classname="Register" time="0.778">
    <system-out><![CDATA[
Scenario: POST - Register with invalid email           &amp#27;[90m# src/test/resources/features/1. Register.feature:32&amp#27;[0m
09:19:27.127 [main] DEBUG io.cucumber.core.plugin.SerenityReporter - Running feature from file:///E:/APIMinpro/API/minpro/src/test/resources/features/1.%20Register.feature
09:19:27.129 [main] INFO  - 
  _____   ___   ___   _____     ___   _____     _     ___   _____   ___   ___  
 |_   _| | __| / __| |_   _|   / __| |_   _|   /_\   | _ \ |_   _| | __| |   \ 
   | |   | _|  \__ \   | |     \__ \   | |    / _ \  |   /   | |   | _|  | |) |
   |_|   |___| |___/   |_|     |___/   |_|   /_/ \_\ |_|_\   |_|   |___| |___/ 

POST - Register with invalid email(register;post---register-with-invalid-email)
--------------------------------------------------------------------------------
09:19:27.139 [main] DEBUG net.thucydides.core.steps.StepInterceptor - STARTING STEP: RegisterSteps.setPostApiEndpointsRegister - I set POST api endpoints register
09:19:27.139 [main] DEBUG net.thucydides.core.steps.StepInterceptor - STEP DONE: I set POST api endpoints register
  &amp#27;[32mGiven &amp#27;[0m&amp#27;[32mI set POST api endpoints register&amp#27;[0m              &amp#27;[90m# starter.stepdefinitions.RegisterSteps.setPostApiEndpointsRegister()&amp#27;[0m
09:19:27.142 [main] DEBUG net.thucydides.core.steps.StepInterceptor - STARTING STEP: RegisterSteps.sendPostHttpRequest6 - I send POST HTTP request register6
09:19:27.144 [main] DEBUG net.thucydides.core.steps.StepInterceptor - STARTING STEP: Register.sendPostHttpRequestRegister6 - I set POST api endpoints register
09:19:27.144 [main] DEBUG net.thucydides.core.steps.StepInterceptor - STEP DONE: I set POST api endpoints register
09:19:27.154 [main] DEBUG org.apache.http.impl.conn.BasicClientConnectionManager - Get connection for route {s}->https://altashop-api.fly.dev:443
09:19:27.154 [main] DEBUG org.apache.http.impl.conn.DefaultClientConnectionOperator - Connecting to altashop-api.fly.dev:443
09:19:27.585 [main] DEBUG org.apache.http.client.protocol.RequestAddCookies - CookieSpec selected: ignoreCookies
09:19:27.585 [main] DEBUG org.apache.http.client.protocol.RequestAuthCache - Auth cache not set in the context
09:19:27.585 [main] DEBUG org.apache.http.client.protocol.RequestTargetAuthentication - Target auth state: UNCHALLENGED
09:19:27.585 [main] DEBUG org.apache.http.client.protocol.RequestProxyAuthentication - Proxy auth state: UNCHALLENGED
09:19:27.585 [main] DEBUG org.apache.http.impl.client.DefaultHttpClient - Attempt 1 to execute request
09:19:27.585 [main] DEBUG org.apache.http.impl.conn.DefaultClientConnection - Sending request: POST /api/auth/register HTTP/1.1
09:19:27.585 [main] DEBUG org.apache.http.wire -  >> "POST /api/auth/register HTTP/1.1[\r][\n]"
09:19:27.585 [main] DEBUG org.apache.http.wire -  >> "Accept: */*[\r][\n]"
09:19:27.585 [main] DEBUG org.apache.http.wire -  >> "Content-Type: application/json[\r][\n]"
09:19:27.585 [main] DEBUG org.apache.http.wire -  >> "Content-Length: 67[\r][\n]"
09:19:27.585 [main] DEBUG org.apache.http.wire -  >> "Host: altashop-api.fly.dev[\r][\n]"
09:19:27.585 [main] DEBUG org.apache.http.wire -  >> "Connection: Keep-Alive[\r][\n]"
09:19:27.585 [main] DEBUG org.apache.http.wire -  >> "User-Agent: Apache-HttpClient/4.5.13 (Java/11.0.15.1)[\r][\n]"
09:19:27.585 [main] DEBUG org.apache.http.wire -  >> "Accept-Encoding: gzip,deflate[\r][\n]"
09:19:27.585 [main] DEBUG org.apache.http.wire -  >> "[\r][\n]"
09:19:27.585 [main] DEBUG org.apache.http.headers - >> POST /api/auth/register HTTP/1.1
09:19:27.585 [main] DEBUG org.apache.http.headers - >> Accept: */*
09:19:27.585 [main] DEBUG org.apache.http.headers - >> Content-Type: application/json
09:19:27.585 [main] DEBUG org.apache.http.headers - >> Content-Length: 67
09:19:27.585 [main] DEBUG org.apache.http.headers - >> Host: altashop-api.fly.dev
09:19:27.585 [main] DEBUG org.apache.http.headers - >> Connection: Keep-Alive
09:19:27.585 [main] DEBUG org.apache.http.headers - >> User-Agent: Apache-HttpClient/4.5.13 (Java/11.0.15.1)
09:19:27.585 [main] DEBUG org.apache.http.headers - >> Accept-Encoding: gzip,deflate
09:19:27.585 [main] DEBUG org.apache.http.wire -  >> "{"password":"adit123","fullname":"adit","email":"aditaaagmail.com"}"
09:19:27.621 [main] DEBUG org.apache.http.wire -  << "HTTP/1.1 400 Bad Request[\r][\n]"
09:19:27.621 [main] DEBUG org.apache.http.wire -  << "content-type: application/json[\r][\n]"
09:19:27.621 [main] DEBUG org.apache.http.wire -  << "date: Sat, 06 May 2023 02:19:27 GMT[\r][\n]"
09:19:27.621 [main] DEBUG org.apache.http.wire -  << "content-encoding: gzip[\r][\n]"
09:19:27.621 [main] DEBUG org.apache.http.wire -  << "transfer-encoding: chunked[\r][\n]"
09:19:27.621 [main] DEBUG org.apache.http.wire -  << "server: Fly/3f2597ca (2023-05-03)[\r][\n]"
09:19:27.621 [main] DEBUG org.apache.http.wire -  << "via: 1.1 fly.io[\r][\n]"
09:19:27.621 [main] DEBUG org.apache.http.wire -  << "fly-request-id: 01GZQDPREYH7WJF6XAVCNQ5JJ4-sin[\r][\n]"
09:19:27.621 [main] DEBUG org.apache.http.wire -  << "[\r][\n]"
09:19:27.621 [main] DEBUG org.apache.http.impl.conn.DefaultClientConnection - Receiving response: HTTP/1.1 400 Bad Request
09:19:27.621 [main] DEBUG org.apache.http.headers - << HTTP/1.1 400 Bad Request
09:19:27.621 [main] DEBUG org.apache.http.headers - << content-type: application/json
09:19:27.621 [main] DEBUG org.apache.http.headers - << date: Sat, 06 May 2023 02:19:27 GMT
09:19:27.621 [main] DEBUG org.apache.http.headers - << content-encoding: gzip
09:19:27.621 [main] DEBUG org.apache.http.headers - << transfer-encoding: chunked
09:19:27.621 [main] DEBUG org.apache.http.headers - << server: Fly/3f2597ca (2023-05-03)
09:19:27.621 [main] DEBUG org.apache.http.headers - << via: 1.1 fly.io
09:19:27.621 [main] DEBUG org.apache.http.headers - << fly-request-id: 01GZQDPREYH7WJF6XAVCNQ5JJ4-sin
09:19:27.621 [main] DEBUG org.apache.http.impl.client.DefaultHttpClient - Connection can be kept alive indefinitely
09:19:27.621 [main] DEBUG io.restassured.internal.RestAssuredHttpBuilder - Parsing response as: application/json
09:19:27.621 [main] DEBUG org.apache.http.wire -  << "7B[\r][\n]"
09:19:27.621 [main] DEBUG org.apache.http.wire -  << "[0x1f][0x8b][0x8][0x0][0x0][0x0][0x0][0x0][0x4][0xff][0xab]VJ-*[0xca]/R[0xb2]Rr[\r][\n]"
09:19:27.621 [main] DEBUG org.apache.http.wire -  << "[0xf2][0xf][0xb2]RH)-[0xc8][0xc9]LN,IU[0xc8]N[0xad]T(K[0xcc])MU([0xcb][0xcc][0xcf]I,I-V([0xcd][0xcb],,MUH[0xce][0xcf]+.)J[0xcc][0xcc]+Q[0x88]Q*-N-*[0x8e]O[0xcd]M[0xcc][0xcc][0x89][0xcf]N[0xad][0x8c]QR[0xd0][0x8][0xe][0xf4][0x9][0xe]q[0xc]qU02650[0xd5]T[0xaa][0xe5][0x2][0x0][0x1a]G[0x13]pg[0x0][0x0][0x0]"
09:19:27.621 [main] DEBUG org.apache.http.wire -  << "[\r][\n]"
09:19:27.893 [main] DEBUG org.apache.http.wire -  << "0[\r][\n]"
09:19:27.893 [main] DEBUG org.apache.http.wire -  << "[\r][\n]"
09:19:27.893 [main] DEBUG io.restassured.internal.RestAssuredHttpBuilder - Parsed data to instance of: class org.apache.http.conn.EofSensorInputStream
09:19:27.894 [main] DEBUG org.apache.http.impl.conn.BasicClientConnectionManager - Releasing connection org.apache.http.impl.conn.ManagedClientConnectionImpl@4c9ef9c9
09:19:27.894 [main] DEBUG org.apache.http.impl.conn.BasicClientConnectionManager - Connection can be kept alive indefinitely
09:19:27.894 [main] DEBUG net.thucydides.core.steps.StepInterceptor - STEP DONE: I send POST HTTP request register6
  &amp#27;[32mWhen &amp#27;[0m&amp#27;[32mI send POST HTTP request register6&amp#27;[0m              &amp#27;[90m# starter.stepdefinitions.RegisterSteps.sendPostHttpRequest6()&amp#27;[0m
09:19:27.897 [main] DEBUG net.thucydides.core.steps.StepInterceptor - STARTING STEP: RegisterSteps.receiveValidHttp400Register - I receive valid HTTP response code 400 register
09:19:27.897 [main] DEBUG net.thucydides.core.steps.StepInterceptor - STEP DONE: I receive valid HTTP response code 400 register
  &amp#27;[32mThen &amp#27;[0m&amp#27;[32mI receive valid HTTP response code 400 register&amp#27;[0m &amp#27;[90m# starter.stepdefinitions.RegisterSteps.receiveValidHttp400Register()&amp#27;[0m
09:19:27.899 [main] INFO  - 
  _____   ___   ___   _____     ___     _     ___   ___   ___   ___  
 |_   _| | __| / __| |_   _|   | _ \   /_\   / __| / __| | __| |   \ 
   | |   | _|  \__ \   | |     |  _/  / _ \  \__ \ \__ \ | _|  | |) |
   |_|   |___| |___/   |_|     |_|   /_/ \_\ |___/ |___/ |___| |___/ 

POST - Register with invalid email
----------------------------------------------------------------------
]]></system-out>
  </testcase>
  <testcase name="POST - Register with invalid password" classname="Register" time="0.55">
    <failure type="java.lang.AssertionError"><![CDATA[java.lang.AssertionError: 
1 expectation failed.
Expected status code <400> but was <200>.

]]></failure>
    <system-out><![CDATA[
Scenario: POST - Register with invalid password        &amp#27;[90m# src/test/resources/features/1. Register.feature:37&amp#27;[0m
09:19:27.906 [main] DEBUG io.cucumber.core.plugin.SerenityReporter - Running feature from file:///E:/APIMinpro/API/minpro/src/test/resources/features/1.%20Register.feature
09:19:27.907 [main] INFO  - 
  _____   ___   ___   _____     ___   _____     _     ___   _____   ___   ___  
 |_   _| | __| / __| |_   _|   / __| |_   _|   /_\   | _ \ |_   _| | __| |   \ 
   | |   | _|  \__ \   | |     \__ \   | |    / _ \  |   /   | |   | _|  | |) |
   |_|   |___| |___/   |_|     |___/   |_|   /_/ \_\ |_|_\   |_|   |___| |___/ 

POST - Register with invalid password(register;post---register-with-invalid-password)
--------------------------------------------------------------------------------
09:19:27.917 [main] DEBUG net.thucydides.core.steps.StepInterceptor - STARTING STEP: RegisterSteps.setPostApiEndpointsRegister - I set POST api endpoints register
09:19:27.917 [main] DEBUG net.thucydides.core.steps.StepInterceptor - STEP DONE: I set POST api endpoints register
  &amp#27;[32mGiven &amp#27;[0m&amp#27;[32mI set POST api endpoints register&amp#27;[0m              &amp#27;[90m# starter.stepdefinitions.RegisterSteps.setPostApiEndpointsRegister()&amp#27;[0m
09:19:27.920 [main] DEBUG net.thucydides.core.steps.StepInterceptor - STARTING STEP: RegisterSteps.sendPostHttpRequest7 - I send POST HTTP request register7
09:19:27.921 [main] DEBUG net.thucydides.core.steps.StepInterceptor - STARTING STEP: Register.sendPostHttpRequestRegister7 - I set POST api endpoints register
09:19:27.922 [main] DEBUG net.thucydides.core.steps.StepInterceptor - STEP DONE: I set POST api endpoints register
09:19:27.931 [main] DEBUG org.apache.http.impl.conn.BasicClientConnectionManager - Get connection for route {s}->https://altashop-api.fly.dev:443
09:19:27.931 [main] DEBUG org.apache.http.impl.conn.DefaultClientConnectionOperator - Connecting to altashop-api.fly.dev:443
09:19:28.400 [main] DEBUG org.apache.http.client.protocol.RequestAddCookies - CookieSpec selected: ignoreCookies
09:19:28.400 [main] DEBUG org.apache.http.client.protocol.RequestAuthCache - Auth cache not set in the context
09:19:28.400 [main] DEBUG org.apache.http.client.protocol.RequestTargetAuthentication - Target auth state: UNCHALLENGED
09:19:28.400 [main] DEBUG org.apache.http.client.protocol.RequestProxyAuthentication - Proxy auth state: UNCHALLENGED
09:19:28.400 [main] DEBUG org.apache.http.impl.client.DefaultHttpClient - Attempt 1 to execute request
09:19:28.400 [main] DEBUG org.apache.http.impl.conn.DefaultClientConnection - Sending request: POST /api/auth/register HTTP/1.1
09:19:28.400 [main] DEBUG org.apache.http.wire -  >> "POST /api/auth/register HTTP/1.1[\r][\n]"
09:19:28.400 [main] DEBUG org.apache.http.wire -  >> "Accept: */*[\r][\n]"
09:19:28.400 [main] DEBUG org.apache.http.wire -  >> "Content-Type: application/json[\r][\n]"
09:19:28.400 [main] DEBUG org.apache.http.wire -  >> "Content-Length: 62[\r][\n]"
09:19:28.401 [main] DEBUG org.apache.http.wire -  >> "Host: altashop-api.fly.dev[\r][\n]"
09:19:28.401 [main] DEBUG org.apache.http.wire -  >> "Connection: Keep-Alive[\r][\n]"
09:19:28.401 [main] DEBUG org.apache.http.wire -  >> "User-Agent: Apache-HttpClient/4.5.13 (Java/11.0.15.1)[\r][\n]"
09:19:28.401 [main] DEBUG org.apache.http.wire -  >> "Accept-Encoding: gzip,deflate[\r][\n]"
09:19:28.401 [main] DEBUG org.apache.http.wire -  >> "[\r][\n]"
09:19:28.401 [main] DEBUG org.apache.http.headers - >> POST /api/auth/register HTTP/1.1
09:19:28.401 [main] DEBUG org.apache.http.headers - >> Accept: */*
09:19:28.401 [main] DEBUG org.apache.http.headers - >> Content-Type: application/json
09:19:28.401 [main] DEBUG org.apache.http.headers - >> Content-Length: 62
09:19:28.401 [main] DEBUG org.apache.http.headers - >> Host: altashop-api.fly.dev
09:19:28.401 [main] DEBUG org.apache.http.headers - >> Connection: Keep-Alive
09:19:28.401 [main] DEBUG org.apache.http.headers - >> User-Agent: Apache-HttpClient/4.5.13 (Java/11.0.15.1)
09:19:28.401 [main] DEBUG org.apache.http.headers - >> Accept-Encoding: gzip,deflate
09:19:28.401 [main] DEBUG org.apache.http.wire -  >> "{"password":" ","fullname":"adit","email":"aditbaa@gmail.com"}"
09:19:28.434 [main] DEBUG org.apache.http.wire -  << "HTTP/1.1 200 OK[\r][\n]"
09:19:28.434 [main] DEBUG org.apache.http.wire -  << "content-type: application/json[\r][\n]"
09:19:28.434 [main] DEBUG org.apache.http.wire -  << "date: Sat, 06 May 2023 02:19:28 GMT[\r][\n]"
09:19:28.434 [main] DEBUG org.apache.http.wire -  << "content-encoding: gzip[\r][\n]"
09:19:28.434 [main] DEBUG org.apache.http.wire -  << "transfer-encoding: chunked[\r][\n]"
09:19:28.434 [main] DEBUG org.apache.http.wire -  << "server: Fly/3f2597ca (2023-05-03)[\r][\n]"
09:19:28.434 [main] DEBUG org.apache.http.wire -  << "via: 1.1 fly.io[\r][\n]"
09:19:28.434 [main] DEBUG org.apache.http.wire -  << "fly-request-id: 01GZQDPS8DPZ56R6GFA1HGMVBB-sin[\r][\n]"
09:19:28.434 [main] DEBUG org.apache.http.wire -  << "[\r][\n]"
09:19:28.434 [main] DEBUG org.apache.http.impl.conn.DefaultClientConnection - Receiving response: HTTP/1.1 200 OK
09:19:28.434 [main] DEBUG org.apache.http.headers - << HTTP/1.1 200 OK
09:19:28.434 [main] DEBUG org.apache.http.headers - << content-type: application/json
09:19:28.434 [main] DEBUG org.apache.http.headers - << date: Sat, 06 May 2023 02:19:28 GMT
09:19:28.434 [main] DEBUG org.apache.http.headers - << content-encoding: gzip
09:19:28.434 [main] DEBUG org.apache.http.headers - << transfer-encoding: chunked
09:19:28.434 [main] DEBUG org.apache.http.headers - << server: Fly/3f2597ca (2023-05-03)
09:19:28.435 [main] DEBUG org.apache.http.headers - << via: 1.1 fly.io
09:19:28.435 [main] DEBUG org.apache.http.headers - << fly-request-id: 01GZQDPS8DPZ56R6GFA1HGMVBB-sin
09:19:28.435 [main] DEBUG org.apache.http.impl.client.DefaultHttpClient - Connection can be kept alive indefinitely
09:19:28.435 [main] DEBUG io.restassured.internal.RestAssuredHttpBuilder - Parsing response as: application/json
09:19:28.435 [main] DEBUG org.apache.http.wire -  << "5F[\r][\n]"
09:19:28.435 [main] DEBUG org.apache.http.wire -  << "[0x1f][0x8b][0x8][0x0][0x0][0x0][0x0][0x0][0x4][0xff][0xab]VJI,IT[0xb2][0xaa]V[0xf2]tQ[0xb2]2[0xb4][0xb0]07[0xd2]Qr+[0xcd][0xc9][0xc9]K[0xcc]MU[0xb2]RJL[0xc9],Q[0xd2]Qr[0xcd]M[0xcc][0xcc][0x81]r[0x93][0x12][0x13][0x1d][0xd2]A|[0xbd][0xe4][0xfc]\%[0x1d][0xa5][0x80][0xc4][0xe2][0xe2][0xf2][0xfc][0xa2][0x14]%+%[0x5][0xa5][0xda]Z.[0x0]9_[0xc4][0x15]S[0x0][0x0][0x0]"
09:19:28.435 [main] DEBUG org.apache.http.wire -  << "[\r][\n]"
09:19:28.435 [main] DEBUG org.apache.http.wire -  << "0[\r][\n]"
09:19:28.435 [main] DEBUG org.apache.http.wire -  << "[\r][\n]"
09:19:28.435 [main] DEBUG io.restassured.internal.RestAssuredHttpBuilder - Parsed data to instance of: class org.apache.http.conn.EofSensorInputStream
09:19:28.436 [main] DEBUG org.apache.http.impl.conn.BasicClientConnectionManager - Releasing connection org.apache.http.impl.conn.ManagedClientConnectionImpl@3cfab340
09:19:28.436 [main] DEBUG org.apache.http.impl.conn.BasicClientConnectionManager - Connection can be kept alive indefinitely
09:19:28.437 [main] DEBUG net.thucydides.core.steps.StepInterceptor - STEP DONE: I send POST HTTP request register7
  &amp#27;[32mWhen &amp#27;[0m&amp#27;[32mI send POST HTTP request register7&amp#27;[0m              &amp#27;[90m# starter.stepdefinitions.RegisterSteps.sendPostHttpRequest7()&amp#27;[0m
09:19:28.440 [main] DEBUG net.thucydides.core.steps.StepInterceptor - STARTING STEP: RegisterSteps.receiveValidHttp400Register - I receive valid HTTP response code 400 register
  &amp#27;[31mThen &amp#27;[0m&amp#27;[31mI receive valid HTTP response code 400 register&amp#27;[0m &amp#27;[90m# starter.stepdefinitions.RegisterSteps.receiveValidHttp400Register()&amp#27;[0m
      &amp#27;[31mjava.lang.AssertionError: 1 expectation failed.
Expected status code <400> but was <200>.

	at java.base/jdk.internal.reflect.NativeConstructorAccessorImpl.newInstance0(Native Method)
	at java.base/jdk.internal.reflect.NativeConstructorAccessorImpl.newInstance(NativeConstructorAccessorImpl.java:62)
	at java.base/jdk.internal.reflect.DelegatingConstructorAccessorImpl.newInstance(DelegatingConstructorAccessorImpl.java:45)
	at java.base/java.lang.reflect.Constructor.newInstance(Constructor.java:490)
	at org.codehaus.groovy.reflection.CachedConstructor.invoke(CachedConstructor.java:73)
	at org.codehaus.groovy.reflection.CachedConstructor.doConstructorInvoke(CachedConstructor.java:60)
	at org.codehaus.groovy.runtime.callsite.ConstructorSite$ConstructorSiteNoUnwrap.callConstructor(ConstructorSite.java:86)
	at org.codehaus.groovy.runtime.callsite.AbstractCallSite.callConstructor(AbstractCallSite.java:277)
	at io.restassured.internal.ResponseSpecificationImpl$HamcrestAssertionClosure.validate(ResponseSpecificationImpl.groovy:512)
	at io.restassured.internal.ResponseSpecificationImpl$HamcrestAssertionClosure$validate$1.call(Unknown Source)
	at io.restassured.internal.ResponseSpecificationImpl.validateResponseIfRequired(ResponseSpecificationImpl.groovy:696)
	at io.restassured.internal.ResponseSpecificationImpl.this$2$validateResponseIfRequired(ResponseSpecificationImpl.groovy)
	at java.base/jdk.internal.reflect.NativeMethodAccessorImpl.invoke0(Native Method)
	at java.base/jdk.internal.reflect.NativeMethodAccessorImpl.invoke(NativeMethodAccessorImpl.java:62)
	at java.base/jdk.internal.reflect.DelegatingMethodAccessorImpl.invoke(DelegatingMethodAccessorImpl.java:43)
	at java.base/java.lang.reflect.Method.invoke(Method.java:566)
	at org.codehaus.groovy.runtime.callsite.PlainObjectMetaMethodSite.doInvoke(PlainObjectMetaMethodSite.java:43)
	at org.codehaus.groovy.runtime.callsite.PogoMetaMethodSite$PogoCachedMethodSiteNoUnwrapNoCoerce.invoke(PogoMetaMethodSite.java:198)
	at org.codehaus.groovy.runtime.callsite.PogoMetaMethodSite.callCurrent(PogoMetaMethodSite.java:62)
	at org.codehaus.groovy.runtime.callsite.AbstractCallSite.callCurrent(AbstractCallSite.java:185)
	at io.restassured.internal.ResponseSpecificationImpl.statusCode(ResponseSpecificationImpl.groovy:135)
	at io.restassured.specification.ResponseSpecification$statusCode$0.callCurrent(Unknown Source)
	at io.restassured.internal.ResponseSpecificationImpl.statusCode(ResponseSpecificationImpl.groovy:143)
	at io.restassured.internal.ValidatableResponseOptionsImpl.statusCode(ValidatableResponseOptionsImpl.java:89)
	at minpro@1.0-SNAPSHOT/starter.java.Register.lambda$receiveValidHttp400Register$1(Register.java:113)
	at net.serenitybdd.rest.SerenityRest.restAssuredThat(SerenityRest.java:626)
	at minpro@1.0-SNAPSHOT/starter.java.Register.receiveValidHttp400Register(Register.java:113)
	at minpro@1.0-SNAPSHOT/starter.java.Register$ByteBuddy$au47k875.receiveValidHttp400Register$accessor$P11spNkr(Unknown Source)
	at java.base/jdk.internal.reflect.NativeMethodAccessorImpl.invoke0(Native Method)
	at java.base/jdk.internal.reflect.NativeMethodAccessorImpl.invoke(NativeMethodAccessorImpl.java:62)
	at java.base/jdk.internal.reflect.DelegatingMethodAccessorImpl.invoke(DelegatingMethodAccessorImpl.java:43)
	at java.base/java.lang.reflect.Method.invoke(Method.java:566)
	at net.thucydides.core.steps.StepInterceptor.invokeMethod(StepInterceptor.java:518)
	at net.thucydides.core.steps.StepInterceptor.executeTestStepMethod(StepInterceptor.java:498)
	at net.thucydides.core.steps.StepInterceptor.runTestStep(StepInterceptor.java:472)
	at net.thucydides.core.steps.StepInterceptor.runOrSkipMethod(StepInterceptor.java:211)
	at net.thucydides.core.steps.StepInterceptor.testStepResult(StepInterceptor.java:198)
	at net.thucydides.core.steps.StepInterceptor.intercept(StepInterceptor.java:86)
	at net.thucydides.core.steps.ProxyConfiguration$InterceptorDispatcher.intercept(ProxyConfiguration.java:51)
	at minpro@1.0-SNAPSHOT/starter.java.Register$ByteBuddy$au47k875.receiveValidHttp400Register(Unknown Source)
	at minpro@1.0-SNAPSHOT/starter.stepdefinitions.RegisterSteps.receiveValidHttp400Register(RegisterSteps.java:67)
	at âœ½.I receive valid HTTP response code 400 register(file:///E:/APIMinpro/API/minpro/src/test/resources/features/1.%20Register.feature:40)
&amp#27;[0m
09:19:28.448 [main] ERROR  - 
  _____   ___   ___   _____     ___     _     ___   _      ___   ___  
 |_   _| | __| / __| |_   _|   | __|   /_\   |_ _| | |    | __| |   \ 
   | |   | _|  \__ \   | |     | _|   / _ \   | |  | |__  | _|  | |) |
   |_|   |___| |___/   |_|     |_|   /_/ \_\ |___| |____| |___| |___/ 

POST - Register with invalid password
-----------------------------------------------------------------------
09:19:28.448 [main] DEBUG  - RELATED ISSUES: 
09:19:28.448 [main] ERROR  -     Test failed at step: I receive valid HTTP response code 400 register
09:19:28.448 [main] ERROR  -     1 expectation failed.Expected status code <400> but was <200>.
]]></system-out>
  </testcase>
  <testcase name="POST - Register with invalid fullname" classname="Register" time="0.559">
    <failure type="java.lang.AssertionError"><![CDATA[java.lang.AssertionError: 
1 expectation failed.
Expected status code <400> but was <200>.

]]></failure>
    <system-out><![CDATA[
Scenario: POST - Register with invalid fullname        &amp#27;[90m# src/test/resources/features/1. Register.feature:42&amp#27;[0m
09:19:28.455 [main] DEBUG io.cucumber.core.plugin.SerenityReporter - Running feature from file:///E:/APIMinpro/API/minpro/src/test/resources/features/1.%20Register.feature
09:19:28.457 [main] INFO  - 
  _____   ___   ___   _____     ___   _____     _     ___   _____   ___   ___  
 |_   _| | __| / __| |_   _|   / __| |_   _|   /_\   | _ \ |_   _| | __| |   \ 
   | |   | _|  \__ \   | |     \__ \   | |    / _ \  |   /   | |   | _|  | |) |
   |_|   |___| |___/   |_|     |___/   |_|   /_/ \_\ |_|_\   |_|   |___| |___/ 

POST - Register with invalid fullname(register;post---register-with-invalid-fullname)
--------------------------------------------------------------------------------
09:19:28.466 [main] DEBUG net.thucydides.core.steps.StepInterceptor - STARTING STEP: RegisterSteps.setPostApiEndpointsRegister - I set POST api endpoints register
09:19:28.466 [main] DEBUG net.thucydides.core.steps.StepInterceptor - STEP DONE: I set POST api endpoints register
  &amp#27;[32mGiven &amp#27;[0m&amp#27;[32mI set POST api endpoints register&amp#27;[0m              &amp#27;[90m# starter.stepdefinitions.RegisterSteps.setPostApiEndpointsRegister()&amp#27;[0m
09:19:28.469 [main] DEBUG net.thucydides.core.steps.StepInterceptor - STARTING STEP: RegisterSteps.sendPostHttpRequest8 - I send POST HTTP request register8
09:19:28.470 [main] DEBUG net.thucydides.core.steps.StepInterceptor - STARTING STEP: Register.sendPostHttpRequestRegister8 - I set POST api endpoints register
09:19:28.471 [main] DEBUG net.thucydides.core.steps.StepInterceptor - STEP DONE: I set POST api endpoints register
09:19:28.482 [main] DEBUG org.apache.http.impl.conn.BasicClientConnectionManager - Get connection for route {s}->https://altashop-api.fly.dev:443
09:19:28.482 [main] DEBUG org.apache.http.impl.conn.DefaultClientConnectionOperator - Connecting to altashop-api.fly.dev:443
09:19:28.700 [main] DEBUG org.apache.http.client.protocol.RequestAddCookies - CookieSpec selected: ignoreCookies
09:19:28.700 [main] DEBUG org.apache.http.client.protocol.RequestAuthCache - Auth cache not set in the context
09:19:28.700 [main] DEBUG org.apache.http.client.protocol.RequestTargetAuthentication - Target auth state: UNCHALLENGED
09:19:28.700 [main] DEBUG org.apache.http.client.protocol.RequestProxyAuthentication - Proxy auth state: UNCHALLENGED
09:19:28.700 [main] DEBUG org.apache.http.impl.client.DefaultHttpClient - Attempt 1 to execute request
09:19:28.700 [main] DEBUG org.apache.http.impl.conn.DefaultClientConnection - Sending request: POST /api/auth/register HTTP/1.1
09:19:28.700 [main] DEBUG org.apache.http.wire -  >> "POST /api/auth/register HTTP/1.1[\r][\n]"
09:19:28.700 [main] DEBUG org.apache.http.wire -  >> "Accept: */*[\r][\n]"
09:19:28.700 [main] DEBUG org.apache.http.wire -  >> "Content-Type: application/json[\r][\n]"
09:19:28.700 [main] DEBUG org.apache.http.wire -  >> "Content-Length: 68[\r][\n]"
09:19:28.700 [main] DEBUG org.apache.http.wire -  >> "Host: altashop-api.fly.dev[\r][\n]"
09:19:28.700 [main] DEBUG org.apache.http.wire -  >> "Connection: Keep-Alive[\r][\n]"
09:19:28.700 [main] DEBUG org.apache.http.wire -  >> "User-Agent: Apache-HttpClient/4.5.13 (Java/11.0.15.1)[\r][\n]"
09:19:28.700 [main] DEBUG org.apache.http.wire -  >> "Accept-Encoding: gzip,deflate[\r][\n]"
09:19:28.701 [main] DEBUG org.apache.http.wire -  >> "[\r][\n]"
09:19:28.701 [main] DEBUG org.apache.http.headers - >> POST /api/auth/register HTTP/1.1
09:19:28.701 [main] DEBUG org.apache.http.headers - >> Accept: */*
09:19:28.701 [main] DEBUG org.apache.http.headers - >> Content-Type: application/json
09:19:28.701 [main] DEBUG org.apache.http.headers - >> Content-Length: 68
09:19:28.701 [main] DEBUG org.apache.http.headers - >> Host: altashop-api.fly.dev
09:19:28.701 [main] DEBUG org.apache.http.headers - >> Connection: Keep-Alive
09:19:28.701 [main] DEBUG org.apache.http.headers - >> User-Agent: Apache-HttpClient/4.5.13 (Java/11.0.15.1)
09:19:28.701 [main] DEBUG org.apache.http.headers - >> Accept-Encoding: gzip,deflate
09:19:28.701 [main] DEBUG org.apache.http.wire -  >> "{"password":"adit123","fullname":"1213","email":"aditcaa@gmail.com"}"
09:19:28.730 [main] DEBUG org.apache.http.wire -  << "HTTP/1.1 200 OK[\r][\n]"
09:19:28.730 [main] DEBUG org.apache.http.wire -  << "content-type: application/json[\r][\n]"
09:19:28.730 [main] DEBUG org.apache.http.wire -  << "date: Sat, 06 May 2023 02:19:28 GMT[\r][\n]"
09:19:28.730 [main] DEBUG org.apache.http.wire -  << "content-encoding: gzip[\r][\n]"
09:19:28.730 [main] DEBUG org.apache.http.wire -  << "transfer-encoding: chunked[\r][\n]"
09:19:28.730 [main] DEBUG org.apache.http.wire -  << "server: Fly/3f2597ca (2023-05-03)[\r][\n]"
09:19:28.730 [main] DEBUG org.apache.http.wire -  << "via: 1.1 fly.io[\r][\n]"
09:19:28.730 [main] DEBUG org.apache.http.wire -  << "fly-request-id: 01GZQDPSHRHW6Z98F65646R8VF-sin[\r][\n]"
09:19:28.730 [main] DEBUG org.apache.http.wire -  << "[\r][\n]"
09:19:28.731 [main] DEBUG org.apache.http.impl.conn.DefaultClientConnection - Receiving response: HTTP/1.1 200 OK
09:19:28.731 [main] DEBUG org.apache.http.headers - << HTTP/1.1 200 OK
09:19:28.731 [main] DEBUG org.apache.http.headers - << content-type: application/json
09:19:28.731 [main] DEBUG org.apache.http.headers - << date: Sat, 06 May 2023 02:19:28 GMT
09:19:28.731 [main] DEBUG org.apache.http.headers - << content-encoding: gzip
09:19:28.731 [main] DEBUG org.apache.http.headers - << transfer-encoding: chunked
09:19:28.731 [main] DEBUG org.apache.http.headers - << server: Fly/3f2597ca (2023-05-03)
09:19:28.731 [main] DEBUG org.apache.http.headers - << via: 1.1 fly.io
09:19:28.731 [main] DEBUG org.apache.http.headers - << fly-request-id: 01GZQDPSHRHW6Z98F65646R8VF-sin
09:19:28.731 [main] DEBUG org.apache.http.impl.client.DefaultHttpClient - Connection can be kept alive indefinitely
09:19:28.731 [main] DEBUG io.restassured.internal.RestAssuredHttpBuilder - Parsing response as: application/json
09:19:28.731 [main] DEBUG org.apache.http.wire -  << "65[\r][\n]"
09:19:28.731 [main] DEBUG org.apache.http.wire -  << "[0x1f][0x8b][0x8][0x0][0x0][0x0][0x0][0x0][0x4][0xff][0xab]VJI,IT[0xb2][0xaa]V[0xf2]tQ[0xb2]2[0xb4][0xb0]07[0xd6]Qr+[0xcd][0xc9][0xc9]K[0xcc]MU[0xb2]R2424V[0xd2]Qr[0xcd]M[0xcc][0xcc]Q[0xb2]RJL[0xc9],INLtH[0x7][0xf1][0xf5][0x92][0xf3]s[0x95]t[0x94][0x2][0x12][0x8b][0x8b][0xcb][0xf3][0x8b]R[0xa0][0xd2][0x86]F[0xc6]J[0xb5][0xb5]\[0x0]G[0xae][0x83]SY[0x0][0x0][0x0]"
09:19:28.731 [main] DEBUG org.apache.http.wire -  << "[\r][\n]"
09:19:28.996 [main] DEBUG org.apache.http.wire -  << "0[\r][\n]"
09:19:28.996 [main] DEBUG org.apache.http.wire -  << "[\r][\n]"
09:19:28.996 [main] DEBUG io.restassured.internal.RestAssuredHttpBuilder - Parsed data to instance of: class org.apache.http.conn.EofSensorInputStream
09:19:28.997 [main] DEBUG org.apache.http.impl.conn.BasicClientConnectionManager - Releasing connection org.apache.http.impl.conn.ManagedClientConnectionImpl@694b1ddb
09:19:28.997 [main] DEBUG org.apache.http.impl.conn.BasicClientConnectionManager - Connection can be kept alive indefinitely
09:19:28.998 [main] DEBUG net.thucydides.core.steps.StepInterceptor - STEP DONE: I send POST HTTP request register8
  &amp#27;[32mWhen &amp#27;[0m&amp#27;[32mI send POST HTTP request register8&amp#27;[0m              &amp#27;[90m# starter.stepdefinitions.RegisterSteps.sendPostHttpRequest8()&amp#27;[0m
09:19:29.000 [main] DEBUG net.thucydides.core.steps.StepInterceptor - STARTING STEP: RegisterSteps.receiveValidHttp400Register - I receive valid HTTP response code 400 register
  &amp#27;[31mThen &amp#27;[0m&amp#27;[31mI receive valid HTTP response code 400 register&amp#27;[0m &amp#27;[90m# starter.stepdefinitions.RegisterSteps.receiveValidHttp400Register()&amp#27;[0m
      &amp#27;[31mjava.lang.AssertionError: 1 expectation failed.
Expected status code <400> but was <200>.

	at java.base/jdk.internal.reflect.NativeConstructorAccessorImpl.newInstance0(Native Method)
	at java.base/jdk.internal.reflect.NativeConstructorAccessorImpl.newInstance(NativeConstructorAccessorImpl.java:62)
	at java.base/jdk.internal.reflect.DelegatingConstructorAccessorImpl.newInstance(DelegatingConstructorAccessorImpl.java:45)
	at java.base/java.lang.reflect.Constructor.newInstance(Constructor.java:490)
	at org.codehaus.groovy.reflection.CachedConstructor.invoke(CachedConstructor.java:73)
	at org.codehaus.groovy.reflection.CachedConstructor.doConstructorInvoke(CachedConstructor.java:60)
	at org.codehaus.groovy.runtime.callsite.ConstructorSite$ConstructorSiteNoUnwrap.callConstructor(ConstructorSite.java:86)
	at org.codehaus.groovy.runtime.callsite.AbstractCallSite.callConstructor(AbstractCallSite.java:277)
	at io.restassured.internal.ResponseSpecificationImpl$HamcrestAssertionClosure.validate(ResponseSpecificationImpl.groovy:512)
	at io.restassured.internal.ResponseSpecificationImpl$HamcrestAssertionClosure$validate$1.call(Unknown Source)
	at io.restassured.internal.ResponseSpecificationImpl.validateResponseIfRequired(ResponseSpecificationImpl.groovy:696)
	at io.restassured.internal.ResponseSpecificationImpl.this$2$validateResponseIfRequired(ResponseSpecificationImpl.groovy)
	at java.base/jdk.internal.reflect.NativeMethodAccessorImpl.invoke0(Native Method)
	at java.base/jdk.internal.reflect.NativeMethodAccessorImpl.invoke(NativeMethodAccessorImpl.java:62)
	at java.base/jdk.internal.reflect.DelegatingMethodAccessorImpl.invoke(DelegatingMethodAccessorImpl.java:43)
	at java.base/java.lang.reflect.Method.invoke(Method.java:566)
	at org.codehaus.groovy.runtime.callsite.PlainObjectMetaMethodSite.doInvoke(PlainObjectMetaMethodSite.java:43)
	at org.codehaus.groovy.runtime.callsite.PogoMetaMethodSite$PogoCachedMethodSiteNoUnwrapNoCoerce.invoke(PogoMetaMethodSite.java:198)
	at org.codehaus.groovy.runtime.callsite.PogoMetaMethodSite.callCurrent(PogoMetaMethodSite.java:62)
	at org.codehaus.groovy.runtime.callsite.AbstractCallSite.callCurrent(AbstractCallSite.java:185)
	at io.restassured.internal.ResponseSpecificationImpl.statusCode(ResponseSpecificationImpl.groovy:135)
	at io.restassured.specification.ResponseSpecification$statusCode$0.callCurrent(Unknown Source)
	at io.restassured.internal.ResponseSpecificationImpl.statusCode(ResponseSpecificationImpl.groovy:143)
	at io.restassured.internal.ValidatableResponseOptionsImpl.statusCode(ValidatableResponseOptionsImpl.java:89)
	at minpro@1.0-SNAPSHOT/starter.java.Register.lambda$receiveValidHttp400Register$1(Register.java:113)
	at net.serenitybdd.rest.SerenityRest.restAssuredThat(SerenityRest.java:626)
	at minpro@1.0-SNAPSHOT/starter.java.Register.receiveValidHttp400Register(Register.java:113)
	at minpro@1.0-SNAPSHOT/starter.java.Register$ByteBuddy$au47k875.receiveValidHttp400Register$accessor$P11spNkr(Unknown Source)
	at java.base/jdk.internal.reflect.NativeMethodAccessorImpl.invoke0(Native Method)
	at java.base/jdk.internal.reflect.NativeMethodAccessorImpl.invoke(NativeMethodAccessorImpl.java:62)
	at java.base/jdk.internal.reflect.DelegatingMethodAccessorImpl.invoke(DelegatingMethodAccessorImpl.java:43)
	at java.base/java.lang.reflect.Method.invoke(Method.java:566)
	at net.thucydides.core.steps.StepInterceptor.invokeMethod(StepInterceptor.java:518)
	at net.thucydides.core.steps.StepInterceptor.executeTestStepMethod(StepInterceptor.java:498)
	at net.thucydides.core.steps.StepInterceptor.runTestStep(StepInterceptor.java:472)
	at net.thucydides.core.steps.StepInterceptor.runOrSkipMethod(StepInterceptor.java:211)
	at net.thucydides.core.steps.StepInterceptor.testStepResult(StepInterceptor.java:198)
	at net.thucydides.core.steps.StepInterceptor.intercept(StepInterceptor.java:86)
	at net.thucydides.core.steps.ProxyConfiguration$InterceptorDispatcher.intercept(ProxyConfiguration.java:51)
	at minpro@1.0-SNAPSHOT/starter.java.Register$ByteBuddy$au47k875.receiveValidHttp400Register(Unknown Source)
	at minpro@1.0-SNAPSHOT/starter.stepdefinitions.RegisterSteps.receiveValidHttp400Register(RegisterSteps.java:67)
	at âœ½.I receive valid HTTP response code 400 register(file:///E:/APIMinpro/API/minpro/src/test/resources/features/1.%20Register.feature:45)
&amp#27;[0m
09:19:29.008 [main] ERROR  - 
  _____   ___   ___   _____     ___     _     ___   _      ___   ___  
 |_   _| | __| / __| |_   _|   | __|   /_\   |_ _| | |    | __| |   \ 
   | |   | _|  \__ \   | |     | _|   / _ \   | |  | |__  | _|  | |) |
   |_|   |___| |___/   |_|     |_|   /_/ \_\ |___| |____| |___| |___/ 

POST - Register with invalid fullname
-----------------------------------------------------------------------
09:19:29.008 [main] DEBUG  - RELATED ISSUES: 
09:19:29.008 [main] ERROR  -     Test failed at step: I receive valid HTTP response code 400 register
09:19:29.008 [main] ERROR  -     1 expectation failed.Expected status code <400> but was <200>.
]]></system-out>
  </testcase>
  <testcase name="POST - Login with valid account" classname="Login" time="0.331">
    <system-out><![CDATA[09:19:29.011 [main] DEBUG io.cucumber.core.plugin.SerenityReporter - Running feature from file:///E:/APIMinpro/API/minpro/src/test/resources/features/2.%20Login.feature
09:19:29.013 [main] DEBUG net.thucydides.core.steps.StepEventBus - Test suite started for story net.thucydides.core.model.Story@86b1dd01
09:19:29.013 [main] INFO  - Test Suite Started: Login

Scenario: POST - Login with valid account           &amp#27;[90m# src/test/resources/features/2. Login.feature:7&amp#27;[0m
09:19:29.018 [main] DEBUG io.cucumber.core.plugin.SerenityReporter - Running feature from file:///E:/APIMinpro/API/minpro/src/test/resources/features/2.%20Login.feature
09:19:29.020 [main] INFO  - 
  _____   ___   ___   _____     ___   _____     _     ___   _____   ___   ___  
 |_   _| | __| / __| |_   _|   / __| |_   _|   /_\   | _ \ |_   _| | __| |   \ 
   | |   | _|  \__ \   | |     \__ \   | |    / _ \  |   /   | |   | _|  | |) |
   |_|   |___| |___/   |_|     |___/   |_|   /_/ \_\ |_|_\   |_|   |___| |___/ 

POST - Login with valid account(login;post---login-with-valid-account)
--------------------------------------------------------------------------------
09:19:29.036 [main] DEBUG net.thucydides.core.steps.StepInterceptor - STARTING STEP: LoginSteps.setPostApiEndpointsLogin - I set POST api endpoints login
09:19:29.036 [main] DEBUG net.thucydides.core.steps.StepInterceptor - STEP DONE: I set POST api endpoints login
  &amp#27;[32mGiven &amp#27;[0m&amp#27;[32mI set POST api endpoints login&amp#27;[0m              &amp#27;[90m# starter.stepdefinitions.LoginSteps.setPostApiEndpointsLogin()&amp#27;[0m
09:19:29.039 [main] DEBUG net.thucydides.core.steps.StepInterceptor - STARTING STEP: LoginSteps.sendPostHttpRequestLogin - I send POST HTTP request login
09:19:29.040 [main] DEBUG net.thucydides.core.steps.StepInterceptor - STARTING STEP: Login.sendPostHttpRequestLogin - I set POST api endpoints login
09:19:29.040 [main] DEBUG net.thucydides.core.steps.StepInterceptor - STEP DONE: I set POST api endpoints login
09:19:29.053 [main] DEBUG org.apache.http.impl.conn.BasicClientConnectionManager - Get connection for route {s}->https://altashop-api.fly.dev:443
09:19:29.053 [main] DEBUG org.apache.http.impl.conn.DefaultClientConnectionOperator - Connecting to altashop-api.fly.dev:443
09:19:29.314 [main] DEBUG org.apache.http.client.protocol.RequestAddCookies - CookieSpec selected: ignoreCookies
09:19:29.314 [main] DEBUG org.apache.http.client.protocol.RequestAuthCache - Auth cache not set in the context
09:19:29.314 [main] DEBUG org.apache.http.client.protocol.RequestTargetAuthentication - Target auth state: UNCHALLENGED
09:19:29.314 [main] DEBUG org.apache.http.client.protocol.RequestProxyAuthentication - Proxy auth state: UNCHALLENGED
09:19:29.314 [main] DEBUG org.apache.http.impl.client.DefaultHttpClient - Attempt 1 to execute request
09:19:29.314 [main] DEBUG org.apache.http.impl.conn.DefaultClientConnection - Sending request: POST /api/auth/login HTTP/1.1
09:19:29.314 [main] DEBUG org.apache.http.wire -  >> "POST /api/auth/login HTTP/1.1[\r][\n]"
09:19:29.314 [main] DEBUG org.apache.http.wire -  >> "Accept: */*[\r][\n]"
09:19:29.314 [main] DEBUG org.apache.http.wire -  >> "Content-Type: application/json[\r][\n]"
09:19:29.314 [main] DEBUG org.apache.http.wire -  >> "Content-Length: 47[\r][\n]"
09:19:29.314 [main] DEBUG org.apache.http.wire -  >> "Host: altashop-api.fly.dev[\r][\n]"
09:19:29.314 [main] DEBUG org.apache.http.wire -  >> "Connection: Keep-Alive[\r][\n]"
09:19:29.314 [main] DEBUG org.apache.http.wire -  >> "User-Agent: Apache-HttpClient/4.5.13 (Java/11.0.15.1)[\r][\n]"
09:19:29.314 [main] DEBUG org.apache.http.wire -  >> "Accept-Encoding: gzip,deflate[\r][\n]"
09:19:29.314 [main] DEBUG org.apache.http.wire -  >> "[\r][\n]"
09:19:29.314 [main] DEBUG org.apache.http.headers - >> POST /api/auth/login HTTP/1.1
09:19:29.314 [main] DEBUG org.apache.http.headers - >> Accept: */*
09:19:29.314 [main] DEBUG org.apache.http.headers - >> Content-Type: application/json
09:19:29.314 [main] DEBUG org.apache.http.headers - >> Content-Length: 47
09:19:29.314 [main] DEBUG org.apache.http.headers - >> Host: altashop-api.fly.dev
09:19:29.314 [main] DEBUG org.apache.http.headers - >> Connection: Keep-Alive
09:19:29.314 [main] DEBUG org.apache.http.headers - >> User-Agent: Apache-HttpClient/4.5.13 (Java/11.0.15.1)
09:19:29.314 [main] DEBUG org.apache.http.headers - >> Accept-Encoding: gzip,deflate
09:19:29.314 [main] DEBUG org.apache.http.wire -  >> "{"password":"adit123","email":"adit@gmail.com"}"
09:19:29.338 [main] DEBUG org.apache.http.wire -  << "HTTP/1.1 200 OK[\r][\n]"
09:19:29.338 [main] DEBUG org.apache.http.wire -  << "content-type: application/json[\r][\n]"
09:19:29.338 [main] DEBUG org.apache.http.wire -  << "date: Sat, 06 May 2023 02:19:29 GMT[\r][\n]"
09:19:29.338 [main] DEBUG org.apache.http.wire -  << "content-encoding: gzip[\r][\n]"
09:19:29.338 [main] DEBUG org.apache.http.wire -  << "transfer-encoding: chunked[\r][\n]"
09:19:29.338 [main] DEBUG org.apache.http.wire -  << "server: Fly/3f2597ca (2023-05-03)[\r][\n]"
09:19:29.338 [main] DEBUG org.apache.http.wire -  << "via: 1.1 fly.io[\r][\n]"
09:19:29.338 [main] DEBUG org.apache.http.wire -  << "fly-request-id: 01GZQDPT51ZXMCD04SJJEKB1QS-sin[\r][\n]"
09:19:29.338 [main] DEBUG org.apache.http.wire -  << "[\r][\n]"
09:19:29.338 [main] DEBUG org.apache.http.impl.conn.DefaultClientConnection - Receiving response: HTTP/1.1 200 OK
09:19:29.338 [main] DEBUG org.apache.http.headers - << HTTP/1.1 200 OK
09:19:29.338 [main] DEBUG org.apache.http.headers - << content-type: application/json
09:19:29.338 [main] DEBUG org.apache.http.headers - << date: Sat, 06 May 2023 02:19:29 GMT
09:19:29.338 [main] DEBUG org.apache.http.headers - << content-encoding: gzip
09:19:29.338 [main] DEBUG org.apache.http.headers - << transfer-encoding: chunked
09:19:29.338 [main] DEBUG org.apache.http.headers - << server: Fly/3f2597ca (2023-05-03)
09:19:29.338 [main] DEBUG org.apache.http.headers - << via: 1.1 fly.io
09:19:29.338 [main] DEBUG org.apache.http.headers - << fly-request-id: 01GZQDPT51ZXMCD04SJJEKB1QS-sin
09:19:29.338 [main] DEBUG org.apache.http.impl.client.DefaultHttpClient - Connection can be kept alive indefinitely
09:19:29.339 [main] DEBUG io.restassured.internal.RestAssuredHttpBuilder - Parsing response as: application/json
09:19:29.339 [main] DEBUG org.apache.http.wire -  << "B5[\r][\n]"
09:19:29.339 [main] DEBUG org.apache.http.wire -  << "[0x1f][0x8b][0x8][0x0][0x0][0x0][0x0][0x0][0x4][0xff][0xab]VJI,IT[0xb2]RJ[0xad][0xf4][0xca]HrO[0xce][0xf4][0xcf][0xf4][0xf2][0xc][0xad][0xf2]4[0xf4][0xcb][0xf4],[0xf6][0xcc][0xb]2Mv[0xf6]4[0xf3][0xcc].[0x88][0x8]s[0xf6][0xb2][0xd4]K[0xad][0xf4]rO[0x9][0xaf](N[0xca]u+[0x89][\n]"
09:19:29.339 [main] DEBUG org.apache.http.wire -  << "[0x6]I[0xb8]e'F[0x4][0x99]F[0x6];[0xf9][0xa7][0x84][0xa7]TF[0x86]gdxf[0x96]g[0x6][0x85][0x1b]f$[0x86][0x97][0x83][0xc][0xcb][0x88]r[0xcf]1[0x8]tO)[0x89][0xc][0xcf])[0xf6][0xc9][0xf5]+K[\n]"
09:19:29.339 [main] DEBUG org.apache.http.wire -  << "[0xf6][0xb2][0xd4][0xb][0xf3]5[0xca]q[0xc][0xca][0xce][0xcd][0xcd][0xc9],5,[0x8]/[0xc9]6,[0xcd]H[0xb2][0xa8]2MsOt[0xcd])[0xf3]0[0xcc][0xf2][0xcc][0x8f][0xf4]57[\n]"
09:19:29.339 [main] DEBUG org.apache.http.wire -  << "I5NW[0xaa][0xe5][0x2][0x0]:[0xa7]R[0xe5][0xa5][0x0][0x0][0x0]"
09:19:29.339 [main] DEBUG org.apache.http.wire -  << "[\r][\n]"
09:19:29.339 [main] DEBUG org.apache.http.wire -  << "0[\r][\n]"
09:19:29.339 [main] DEBUG org.apache.http.wire -  << "[\r][\n]"
09:19:29.339 [main] DEBUG io.restassured.internal.RestAssuredHttpBuilder - Parsed data to instance of: class org.apache.http.conn.EofSensorInputStream
09:19:29.340 [main] DEBUG org.apache.http.impl.conn.BasicClientConnectionManager - Releasing connection org.apache.http.impl.conn.ManagedClientConnectionImpl@5d98364c
09:19:29.340 [main] DEBUG org.apache.http.impl.conn.BasicClientConnectionManager - Connection can be kept alive indefinitely
09:19:29.340 [main] DEBUG net.thucydides.core.steps.StepInterceptor - STEP DONE: I send POST HTTP request login
  &amp#27;[32mWhen &amp#27;[0m&amp#27;[32mI send POST HTTP request login&amp#27;[0m               &amp#27;[90m# starter.stepdefinitions.LoginSteps.sendPostHttpRequestLogin()&amp#27;[0m
09:19:29.342 [main] DEBUG net.thucydides.core.steps.StepInterceptor - STARTING STEP: LoginSteps.receiveValidHttp200Login - I receive valid HTTP response code 200 login
09:19:29.343 [main] DEBUG net.thucydides.core.steps.StepInterceptor - STEP DONE: I receive valid HTTP response code 200 login
  &amp#27;[32mThen &amp#27;[0m&amp#27;[32mI receive valid HTTP response code 200 login&amp#27;[0m &amp#27;[90m# starter.stepdefinitions.LoginSteps.receiveValidHttp200Login()&amp#27;[0m
09:19:29.344 [main] INFO  - 
  _____   ___   ___   _____     ___     _     ___   ___   ___   ___  
 |_   _| | __| / __| |_   _|   | _ \   /_\   / __| / __| | __| |   \ 
   | |   | _|  \__ \   | |     |  _/  / _ \  \__ \ \__ \ | _|  | |) |
   |_|   |___| |___/   |_|     |_|   /_/ \_\ |___/ |___/ |___| |___/ 

POST - Login with valid account
----------------------------------------------------------------------
]]></system-out>
  </testcase>
  <testcase name="POST - Login wrong password" classname="Login" time="5.171">
    <system-out><![CDATA[
Scenario: POST - Login wrong password               &amp#27;[90m# src/test/resources/features/2. Login.feature:12&amp#27;[0m
09:19:29.349 [main] DEBUG io.cucumber.core.plugin.SerenityReporter - Running feature from file:///E:/APIMinpro/API/minpro/src/test/resources/features/2.%20Login.feature
09:19:29.351 [main] INFO  - 
  _____   ___   ___   _____     ___   _____     _     ___   _____   ___   ___  
 |_   _| | __| / __| |_   _|   / __| |_   _|   /_\   | _ \ |_   _| | __| |   \ 
   | |   | _|  \__ \   | |     \__ \   | |    / _ \  |   /   | |   | _|  | |) |
   |_|   |___| |___/   |_|     |___/   |_|   /_/ \_\ |_|_\   |_|   |___| |___/ 

POST - Login wrong password(login;post---login-wrong-password)
--------------------------------------------------------------------------------
09:19:29.356 [main] DEBUG net.thucydides.core.steps.StepInterceptor - STARTING STEP: LoginSteps.setPostApiEndpointsLogin - I set POST api endpoints login
09:19:29.356 [main] DEBUG net.thucydides.core.steps.StepInterceptor - STEP DONE: I set POST api endpoints login
  &amp#27;[32mGiven &amp#27;[0m&amp#27;[32mI set POST api endpoints login&amp#27;[0m              &amp#27;[90m# starter.stepdefinitions.LoginSteps.setPostApiEndpointsLogin()&amp#27;[0m
09:19:29.358 [main] DEBUG net.thucydides.core.steps.StepInterceptor - STARTING STEP: LoginSteps.sendPostHttpRequestLogin1 - I send POST HTTP request login1
09:19:29.360 [main] DEBUG net.thucydides.core.steps.StepInterceptor - STARTING STEP: Login.sendPostHttpRequestLogin1 - I set POST api endpoints login
09:19:29.360 [main] DEBUG net.thucydides.core.steps.StepInterceptor - STEP DONE: I set POST api endpoints login
09:19:29.369 [main] DEBUG org.apache.http.impl.conn.BasicClientConnectionManager - Get connection for route {s}->https://altashop-api.fly.dev:443
09:19:29.369 [main] DEBUG org.apache.http.impl.conn.DefaultClientConnectionOperator - Connecting to altashop-api.fly.dev:443
09:19:34.491 [main] DEBUG org.apache.http.client.protocol.RequestAddCookies - CookieSpec selected: ignoreCookies
09:19:34.491 [main] DEBUG org.apache.http.client.protocol.RequestAuthCache - Auth cache not set in the context
09:19:34.491 [main] DEBUG org.apache.http.client.protocol.RequestTargetAuthentication - Target auth state: UNCHALLENGED
09:19:34.491 [main] DEBUG org.apache.http.client.protocol.RequestProxyAuthentication - Proxy auth state: UNCHALLENGED
09:19:34.491 [main] DEBUG org.apache.http.impl.client.DefaultHttpClient - Attempt 1 to execute request
09:19:34.491 [main] DEBUG org.apache.http.impl.conn.DefaultClientConnection - Sending request: POST /api/auth/login HTTP/1.1
09:19:34.491 [main] DEBUG org.apache.http.wire -  >> "POST /api/auth/login HTTP/1.1[\r][\n]"
09:19:34.491 [main] DEBUG org.apache.http.wire -  >> "Accept: */*[\r][\n]"
09:19:34.491 [main] DEBUG org.apache.http.wire -  >> "Content-Type: application/json[\r][\n]"
09:19:34.491 [main] DEBUG org.apache.http.wire -  >> "Content-Length: 45[\r][\n]"
09:19:34.491 [main] DEBUG org.apache.http.wire -  >> "Host: altashop-api.fly.dev[\r][\n]"
09:19:34.491 [main] DEBUG org.apache.http.wire -  >> "Connection: Keep-Alive[\r][\n]"
09:19:34.491 [main] DEBUG org.apache.http.wire -  >> "User-Agent: Apache-HttpClient/4.5.13 (Java/11.0.15.1)[\r][\n]"
09:19:34.491 [main] DEBUG org.apache.http.wire -  >> "Accept-Encoding: gzip,deflate[\r][\n]"
09:19:34.491 [main] DEBUG org.apache.http.wire -  >> "[\r][\n]"
09:19:34.491 [main] DEBUG org.apache.http.headers - >> POST /api/auth/login HTTP/1.1
09:19:34.491 [main] DEBUG org.apache.http.headers - >> Accept: */*
09:19:34.491 [main] DEBUG org.apache.http.headers - >> Content-Type: application/json
09:19:34.491 [main] DEBUG org.apache.http.headers - >> Content-Length: 45
09:19:34.491 [main] DEBUG org.apache.http.headers - >> Host: altashop-api.fly.dev
09:19:34.491 [main] DEBUG org.apache.http.headers - >> Connection: Keep-Alive
09:19:34.491 [main] DEBUG org.apache.http.headers - >> User-Agent: Apache-HttpClient/4.5.13 (Java/11.0.15.1)
09:19:34.491 [main] DEBUG org.apache.http.headers - >> Accept-Encoding: gzip,deflate
09:19:34.491 [main] DEBUG org.apache.http.wire -  >> "{"password":"adit1","email":"adit@gmail.com"}"
09:19:34.510 [main] DEBUG org.apache.http.wire -  << "HTTP/1.1 400 Bad Request[\r][\n]"
09:19:34.510 [main] DEBUG org.apache.http.wire -  << "content-type: application/json[\r][\n]"
09:19:34.510 [main] DEBUG org.apache.http.wire -  << "date: Sat, 06 May 2023 02:19:34 GMT[\r][\n]"
09:19:34.510 [main] DEBUG org.apache.http.wire -  << "content-encoding: gzip[\r][\n]"
09:19:34.510 [main] DEBUG org.apache.http.wire -  << "transfer-encoding: chunked[\r][\n]"
09:19:34.510 [main] DEBUG org.apache.http.wire -  << "server: Fly/3f2597ca (2023-05-03)[\r][\n]"
09:19:34.510 [main] DEBUG org.apache.http.wire -  << "via: 1.1 fly.io[\r][\n]"
09:19:34.510 [main] DEBUG org.apache.http.wire -  << "fly-request-id: 01GZQDPZ6PSXVARFPHBJCX8M8N-sin[\r][\n]"
09:19:34.510 [main] DEBUG org.apache.http.wire -  << "[\r][\n]"
09:19:34.510 [main] DEBUG org.apache.http.impl.conn.DefaultClientConnection - Receiving response: HTTP/1.1 400 Bad Request
09:19:34.510 [main] DEBUG org.apache.http.headers - << HTTP/1.1 400 Bad Request
09:19:34.510 [main] DEBUG org.apache.http.headers - << content-type: application/json
09:19:34.510 [main] DEBUG org.apache.http.headers - << date: Sat, 06 May 2023 02:19:34 GMT
09:19:34.510 [main] DEBUG org.apache.http.headers - << content-encoding: gzip
09:19:34.510 [main] DEBUG org.apache.http.headers - << transfer-encoding: chunked
09:19:34.510 [main] DEBUG org.apache.http.headers - << server: Fly/3f2597ca (2023-05-03)
09:19:34.510 [main] DEBUG org.apache.http.headers - << via: 1.1 fly.io
09:19:34.510 [main] DEBUG org.apache.http.headers - << fly-request-id: 01GZQDPZ6PSXVARFPHBJCX8M8N-sin
09:19:34.510 [main] DEBUG org.apache.http.impl.client.DefaultHttpClient - Connection can be kept alive indefinitely
09:19:34.510 [main] DEBUG io.restassured.internal.RestAssuredHttpBuilder - Parsing response as: application/json
09:19:34.510 [main] DEBUG org.apache.http.wire -  << "3D[\r][\n]"
09:19:34.510 [main] DEBUG org.apache.http.wire -  << "[0x1f][0x8b][0x8][0x0][0x0][0x0][0x0][0x0][0x4][0xff][0xab]VJ-*[0xca]/R[0xb2]RJ[0xcd]M[0xcc][0xcc]Q[0xc8]/R(H,..[0xcf]/JQ[0xc8],V[0xc8][0xcc]+K[0xcc][0xc9]LQ[0xaa][0xe5][0x2][0x0][0xc0][0xad][0xff][0xb])[0x0][0x0][0x0]"
09:19:34.510 [main] DEBUG org.apache.http.wire -  << "[\r][\n]"
09:19:34.510 [main] DEBUG org.apache.http.wire -  << "0[\r][\n]"
09:19:34.510 [main] DEBUG org.apache.http.wire -  << "[\r][\n]"
09:19:34.510 [main] DEBUG io.restassured.internal.RestAssuredHttpBuilder - Parsed data to instance of: class org.apache.http.conn.EofSensorInputStream
09:19:34.511 [main] DEBUG org.apache.http.impl.conn.BasicClientConnectionManager - Releasing connection org.apache.http.impl.conn.ManagedClientConnectionImpl@c79780
09:19:34.511 [main] DEBUG org.apache.http.impl.conn.BasicClientConnectionManager - Connection can be kept alive indefinitely
09:19:34.511 [main] DEBUG net.thucydides.core.steps.StepInterceptor - STEP DONE: I send POST HTTP request login1
  &amp#27;[32mWhen &amp#27;[0m&amp#27;[32mI send POST HTTP request login1&amp#27;[0m              &amp#27;[90m# starter.stepdefinitions.LoginSteps.sendPostHttpRequestLogin1()&amp#27;[0m
09:19:34.514 [main] DEBUG net.thucydides.core.steps.StepInterceptor - STARTING STEP: LoginSteps.receiveValidHttp400Login - I receive valid HTTP response code 400 login
09:19:34.514 [main] DEBUG net.thucydides.core.steps.StepInterceptor - STEP DONE: I receive valid HTTP response code 400 login
  &amp#27;[32mThen &amp#27;[0m&amp#27;[32mI receive valid HTTP response code 400 login&amp#27;[0m &amp#27;[90m# starter.stepdefinitions.LoginSteps.receiveValidHttp400Login()&amp#27;[0m
09:19:34.515 [main] INFO  - 
  _____   ___   ___   _____     ___     _     ___   ___   ___   ___  
 |_   _| | __| / __| |_   _|   | _ \   /_\   / __| / __| | __| |   \ 
   | |   | _|  \__ \   | |     |  _/  / _ \  \__ \ \__ \ | _|  | |) |
   |_|   |___| |___/   |_|     |_|   /_/ \_\ |___/ |___/ |___| |___/ 

POST - Login wrong password
----------------------------------------------------------------------
]]></system-out>
  </testcase>
  <testcase name="POST - Login with empty email" classname="Login" time="0.1">
    <system-out><![CDATA[
Scenario: POST - Login with empty email             &amp#27;[90m# src/test/resources/features/2. Login.feature:17&amp#27;[0m
09:19:34.519 [main] DEBUG io.cucumber.core.plugin.SerenityReporter - Running feature from file:///E:/APIMinpro/API/minpro/src/test/resources/features/2.%20Login.feature
09:19:34.521 [main] INFO  - 
  _____   ___   ___   _____     ___   _____     _     ___   _____   ___   ___  
 |_   _| | __| / __| |_   _|   / __| |_   _|   /_\   | _ \ |_   _| | __| |   \ 
   | |   | _|  \__ \   | |     \__ \   | |    / _ \  |   /   | |   | _|  | |) |
   |_|   |___| |___/   |_|     |___/   |_|   /_/ \_\ |_|_\   |_|   |___| |___/ 

POST - Login with empty email(login;post---login-with-empty-email)
--------------------------------------------------------------------------------
09:19:34.527 [main] DEBUG net.thucydides.core.steps.StepInterceptor - STARTING STEP: LoginSteps.setPostApiEndpointsLogin - I set POST api endpoints login
09:19:34.527 [main] DEBUG net.thucydides.core.steps.StepInterceptor - STEP DONE: I set POST api endpoints login
  &amp#27;[32mGiven &amp#27;[0m&amp#27;[32mI set POST api endpoints login&amp#27;[0m              &amp#27;[90m# starter.stepdefinitions.LoginSteps.setPostApiEndpointsLogin()&amp#27;[0m
09:19:34.529 [main] DEBUG net.thucydides.core.steps.StepInterceptor - STARTING STEP: LoginSteps.sendPostHttpRequestLogin2 - I send POST HTTP request login2
09:19:34.530 [main] DEBUG net.thucydides.core.steps.StepInterceptor - STARTING STEP: Login.sendPostHttpRequestLogin2 - I set POST api endpoints login
09:19:34.530 [main] DEBUG net.thucydides.core.steps.StepInterceptor - STEP DONE: I set POST api endpoints login
09:19:34.538 [main] DEBUG org.apache.http.impl.conn.BasicClientConnectionManager - Get connection for route {s}->https://altashop-api.fly.dev:443
09:19:34.538 [main] DEBUG org.apache.http.impl.conn.DefaultClientConnectionOperator - Connecting to altashop-api.fly.dev:443
09:19:34.588 [main] DEBUG org.apache.http.client.protocol.RequestAddCookies - CookieSpec selected: ignoreCookies
09:19:34.588 [main] DEBUG org.apache.http.client.protocol.RequestAuthCache - Auth cache not set in the context
09:19:34.588 [main] DEBUG org.apache.http.client.protocol.RequestTargetAuthentication - Target auth state: UNCHALLENGED
09:19:34.588 [main] DEBUG org.apache.http.client.protocol.RequestProxyAuthentication - Proxy auth state: UNCHALLENGED
09:19:34.588 [main] DEBUG org.apache.http.impl.client.DefaultHttpClient - Attempt 1 to execute request
09:19:34.588 [main] DEBUG org.apache.http.impl.conn.DefaultClientConnection - Sending request: POST /api/auth/login HTTP/1.1
09:19:34.588 [main] DEBUG org.apache.http.wire -  >> "POST /api/auth/login HTTP/1.1[\r][\n]"
09:19:34.588 [main] DEBUG org.apache.http.wire -  >> "Accept: */*[\r][\n]"
09:19:34.588 [main] DEBUG org.apache.http.wire -  >> "Content-Type: application/json[\r][\n]"
09:19:34.588 [main] DEBUG org.apache.http.wire -  >> "Content-Length: 34[\r][\n]"
09:19:34.588 [main] DEBUG org.apache.http.wire -  >> "Host: altashop-api.fly.dev[\r][\n]"
09:19:34.588 [main] DEBUG org.apache.http.wire -  >> "Connection: Keep-Alive[\r][\n]"
09:19:34.588 [main] DEBUG org.apache.http.wire -  >> "User-Agent: Apache-HttpClient/4.5.13 (Java/11.0.15.1)[\r][\n]"
09:19:34.588 [main] DEBUG org.apache.http.wire -  >> "Accept-Encoding: gzip,deflate[\r][\n]"
09:19:34.588 [main] DEBUG org.apache.http.wire -  >> "[\r][\n]"
09:19:34.588 [main] DEBUG org.apache.http.headers - >> POST /api/auth/login HTTP/1.1
09:19:34.588 [main] DEBUG org.apache.http.headers - >> Accept: */*
09:19:34.588 [main] DEBUG org.apache.http.headers - >> Content-Type: application/json
09:19:34.588 [main] DEBUG org.apache.http.headers - >> Content-Length: 34
09:19:34.588 [main] DEBUG org.apache.http.headers - >> Host: altashop-api.fly.dev
09:19:34.588 [main] DEBUG org.apache.http.headers - >> Connection: Keep-Alive
09:19:34.588 [main] DEBUG org.apache.http.headers - >> User-Agent: Apache-HttpClient/4.5.13 (Java/11.0.15.1)
09:19:34.588 [main] DEBUG org.apache.http.headers - >> Accept-Encoding: gzip,deflate
09:19:34.588 [main] DEBUG org.apache.http.wire -  >> "{"password":"adit123","email":" "}"
09:19:34.610 [main] DEBUG org.apache.http.wire -  << "HTTP/1.1 400 Bad Request[\r][\n]"
09:19:34.610 [main] DEBUG org.apache.http.wire -  << "content-type: application/json[\r][\n]"
09:19:34.610 [main] DEBUG org.apache.http.wire -  << "date: Sat, 06 May 2023 02:19:34 GMT[\r][\n]"
09:19:34.610 [main] DEBUG org.apache.http.wire -  << "content-encoding: gzip[\r][\n]"
09:19:34.610 [main] DEBUG org.apache.http.wire -  << "transfer-encoding: chunked[\r][\n]"
09:19:34.610 [main] DEBUG org.apache.http.wire -  << "server: Fly/3f2597ca (2023-05-03)[\r][\n]"
09:19:34.610 [main] DEBUG org.apache.http.wire -  << "via: 1.1 fly.io[\r][\n]"
09:19:34.610 [main] DEBUG org.apache.http.wire -  << "fly-request-id: 01GZQDPZ9T89JV5JE0DS33XC8C-sin[\r][\n]"
09:19:34.610 [main] DEBUG org.apache.http.wire -  << "[\r][\n]"
09:19:34.610 [main] DEBUG org.apache.http.impl.conn.DefaultClientConnection - Receiving response: HTTP/1.1 400 Bad Request
09:19:34.610 [main] DEBUG org.apache.http.headers - << HTTP/1.1 400 Bad Request
09:19:34.610 [main] DEBUG org.apache.http.headers - << content-type: application/json
09:19:34.610 [main] DEBUG org.apache.http.headers - << date: Sat, 06 May 2023 02:19:34 GMT
09:19:34.610 [main] DEBUG org.apache.http.headers - << content-encoding: gzip
09:19:34.610 [main] DEBUG org.apache.http.headers - << transfer-encoding: chunked
09:19:34.610 [main] DEBUG org.apache.http.headers - << server: Fly/3f2597ca (2023-05-03)
09:19:34.610 [main] DEBUG org.apache.http.headers - << via: 1.1 fly.io
09:19:34.610 [main] DEBUG org.apache.http.headers - << fly-request-id: 01GZQDPZ9T89JV5JE0DS33XC8C-sin
09:19:34.610 [main] DEBUG org.apache.http.impl.client.DefaultHttpClient - Connection can be kept alive indefinitely
09:19:34.610 [main] DEBUG io.restassured.internal.RestAssuredHttpBuilder - Parsing response as: application/json
09:19:34.610 [main] DEBUG org.apache.http.wire -  << "3D[\r][\n]"
09:19:34.610 [main] DEBUG org.apache.http.wire -  << "[0x1f][0x8b][0x8][0x0][0x0][0x0][0x0][0x0][0x4][0xff][0xab]VJ-*[0xca]/R[0xb2]RJ[0xcd]M[0xcc][0xcc]Q[0xc8]/R(H,..[0xcf]/JQ[0xc8],V[0xc8][0xcc]+K[0xcc][0xc9]LQ[0xaa][0xe5][0x2][0x0][0xc0][0xad][0xff][0xb])[0x0][0x0][0x0]"
09:19:34.610 [main] DEBUG org.apache.http.wire -  << "[\r][\n]"
09:19:34.610 [main] DEBUG org.apache.http.wire -  << "0[\r][\n]"
09:19:34.610 [main] DEBUG org.apache.http.wire -  << "[\r][\n]"
09:19:34.610 [main] DEBUG io.restassured.internal.RestAssuredHttpBuilder - Parsed data to instance of: class org.apache.http.conn.EofSensorInputStream
09:19:34.611 [main] DEBUG org.apache.http.impl.conn.BasicClientConnectionManager - Releasing connection org.apache.http.impl.conn.ManagedClientConnectionImpl@372841d2
09:19:34.611 [main] DEBUG org.apache.http.impl.conn.BasicClientConnectionManager - Connection can be kept alive indefinitely
09:19:34.611 [main] DEBUG net.thucydides.core.steps.StepInterceptor - STEP DONE: I send POST HTTP request login2
  &amp#27;[32mWhen &amp#27;[0m&amp#27;[32mI send POST HTTP request login2&amp#27;[0m              &amp#27;[90m# starter.stepdefinitions.LoginSteps.sendPostHttpRequestLogin2()&amp#27;[0m
09:19:34.613 [main] DEBUG net.thucydides.core.steps.StepInterceptor - STARTING STEP: LoginSteps.receiveValidHttp400Login - I receive valid HTTP response code 400 login
09:19:34.614 [main] DEBUG net.thucydides.core.steps.StepInterceptor - STEP DONE: I receive valid HTTP response code 400 login
  &amp#27;[32mThen &amp#27;[0m&amp#27;[32mI receive valid HTTP response code 400 login&amp#27;[0m &amp#27;[90m# starter.stepdefinitions.LoginSteps.receiveValidHttp400Login()&amp#27;[0m
09:19:34.615 [main] INFO  - 
  _____   ___   ___   _____     ___     _     ___   ___   ___   ___  
 |_   _| | __| / __| |_   _|   | _ \   /_\   / __| / __| | __| |   \ 
   | |   | _|  \__ \   | |     |  _/  / _ \  \__ \ \__ \ | _|  | |) |
   |_|   |___| |___/   |_|     |_|   /_/ \_\ |___/ |___/ |___| |___/ 

POST - Login with empty email
----------------------------------------------------------------------
]]></system-out>
  </testcase>
  <testcase name="POST - Login with empty password" classname="Login" time="0.089">
    <system-out><![CDATA[
Scenario: POST - Login with empty password          &amp#27;[90m# src/test/resources/features/2. Login.feature:22&amp#27;[0m
09:19:34.619 [main] DEBUG io.cucumber.core.plugin.SerenityReporter - Running feature from file:///E:/APIMinpro/API/minpro/src/test/resources/features/2.%20Login.feature
09:19:34.621 [main] INFO  - 
  _____   ___   ___   _____     ___   _____     _     ___   _____   ___   ___  
 |_   _| | __| / __| |_   _|   / __| |_   _|   /_\   | _ \ |_   _| | __| |   \ 
   | |   | _|  \__ \   | |     \__ \   | |    / _ \  |   /   | |   | _|  | |) |
   |_|   |___| |___/   |_|     |___/   |_|   /_/ \_\ |_|_\   |_|   |___| |___/ 

POST - Login with empty password(login;post---login-with-empty-password)
--------------------------------------------------------------------------------
09:19:34.627 [main] DEBUG net.thucydides.core.steps.StepInterceptor - STARTING STEP: LoginSteps.setPostApiEndpointsLogin - I set POST api endpoints login
09:19:34.627 [main] DEBUG net.thucydides.core.steps.StepInterceptor - STEP DONE: I set POST api endpoints login
  &amp#27;[32mGiven &amp#27;[0m&amp#27;[32mI set POST api endpoints login&amp#27;[0m              &amp#27;[90m# starter.stepdefinitions.LoginSteps.setPostApiEndpointsLogin()&amp#27;[0m
09:19:34.629 [main] DEBUG net.thucydides.core.steps.StepInterceptor - STARTING STEP: LoginSteps.sendPostHttpRequestLogin3 - I send POST HTTP request login3
09:19:34.630 [main] DEBUG net.thucydides.core.steps.StepInterceptor - STARTING STEP: Login.sendPostHttpRequestLogin3 - I set POST api endpoints login
09:19:34.630 [main] DEBUG net.thucydides.core.steps.StepInterceptor - STEP DONE: I set POST api endpoints login
09:19:34.636 [main] DEBUG org.apache.http.impl.conn.BasicClientConnectionManager - Get connection for route {s}->https://altashop-api.fly.dev:443
09:19:34.636 [main] DEBUG org.apache.http.impl.conn.DefaultClientConnectionOperator - Connecting to altashop-api.fly.dev:443
09:19:34.679 [main] DEBUG org.apache.http.client.protocol.RequestAddCookies - CookieSpec selected: ignoreCookies
09:19:34.679 [main] DEBUG org.apache.http.client.protocol.RequestAuthCache - Auth cache not set in the context
09:19:34.679 [main] DEBUG org.apache.http.client.protocol.RequestTargetAuthentication - Target auth state: UNCHALLENGED
09:19:34.679 [main] DEBUG org.apache.http.client.protocol.RequestProxyAuthentication - Proxy auth state: UNCHALLENGED
09:19:34.679 [main] DEBUG org.apache.http.impl.client.DefaultHttpClient - Attempt 1 to execute request
09:19:34.679 [main] DEBUG org.apache.http.impl.conn.DefaultClientConnection - Sending request: POST /api/auth/login HTTP/1.1
09:19:34.679 [main] DEBUG org.apache.http.wire -  >> "POST /api/auth/login HTTP/1.1[\r][\n]"
09:19:34.679 [main] DEBUG org.apache.http.wire -  >> "Accept: */*[\r][\n]"
09:19:34.679 [main] DEBUG org.apache.http.wire -  >> "Content-Type: application/json[\r][\n]"
09:19:34.679 [main] DEBUG org.apache.http.wire -  >> "Content-Length: 43[\r][\n]"
09:19:34.679 [main] DEBUG org.apache.http.wire -  >> "Host: altashop-api.fly.dev[\r][\n]"
09:19:34.679 [main] DEBUG org.apache.http.wire -  >> "Connection: Keep-Alive[\r][\n]"
09:19:34.679 [main] DEBUG org.apache.http.wire -  >> "User-Agent: Apache-HttpClient/4.5.13 (Java/11.0.15.1)[\r][\n]"
09:19:34.679 [main] DEBUG org.apache.http.wire -  >> "Accept-Encoding: gzip,deflate[\r][\n]"
09:19:34.679 [main] DEBUG org.apache.http.wire -  >> "[\r][\n]"
09:19:34.679 [main] DEBUG org.apache.http.headers - >> POST /api/auth/login HTTP/1.1
09:19:34.679 [main] DEBUG org.apache.http.headers - >> Accept: */*
09:19:34.679 [main] DEBUG org.apache.http.headers - >> Content-Type: application/json
09:19:34.679 [main] DEBUG org.apache.http.headers - >> Content-Length: 43
09:19:34.679 [main] DEBUG org.apache.http.headers - >> Host: altashop-api.fly.dev
09:19:34.679 [main] DEBUG org.apache.http.headers - >> Connection: Keep-Alive
09:19:34.679 [main] DEBUG org.apache.http.headers - >> User-Agent: Apache-HttpClient/4.5.13 (Java/11.0.15.1)
09:19:34.679 [main] DEBUG org.apache.http.headers - >> Accept-Encoding: gzip,deflate
09:19:34.679 [main] DEBUG org.apache.http.wire -  >> "{"password":" ","email":"someone@mail.com"}"
09:19:34.698 [main] DEBUG org.apache.http.wire -  << "HTTP/1.1 400 Bad Request[\r][\n]"
09:19:34.698 [main] DEBUG org.apache.http.wire -  << "content-type: application/json[\r][\n]"
09:19:34.698 [main] DEBUG org.apache.http.wire -  << "date: Sat, 06 May 2023 02:19:34 GMT[\r][\n]"
09:19:34.698 [main] DEBUG org.apache.http.wire -  << "content-encoding: gzip[\r][\n]"
09:19:34.698 [main] DEBUG org.apache.http.wire -  << "transfer-encoding: chunked[\r][\n]"
09:19:34.698 [main] DEBUG org.apache.http.wire -  << "server: Fly/3f2597ca (2023-05-03)[\r][\n]"
09:19:34.698 [main] DEBUG org.apache.http.wire -  << "via: 1.1 fly.io[\r][\n]"
09:19:34.698 [main] DEBUG org.apache.http.wire -  << "fly-request-id: 01GZQDPZCJ0HFY2GA9DCA7EBCY-sin[\r][\n]"
09:19:34.698 [main] DEBUG org.apache.http.wire -  << "[\r][\n]"
09:19:34.698 [main] DEBUG org.apache.http.impl.conn.DefaultClientConnection - Receiving response: HTTP/1.1 400 Bad Request
09:19:34.698 [main] DEBUG org.apache.http.headers - << HTTP/1.1 400 Bad Request
09:19:34.698 [main] DEBUG org.apache.http.headers - << content-type: application/json
09:19:34.698 [main] DEBUG org.apache.http.headers - << date: Sat, 06 May 2023 02:19:34 GMT
09:19:34.698 [main] DEBUG org.apache.http.headers - << content-encoding: gzip
09:19:34.698 [main] DEBUG org.apache.http.headers - << transfer-encoding: chunked
09:19:34.698 [main] DEBUG org.apache.http.headers - << server: Fly/3f2597ca (2023-05-03)
09:19:34.698 [main] DEBUG org.apache.http.headers - << via: 1.1 fly.io
09:19:34.698 [main] DEBUG org.apache.http.headers - << fly-request-id: 01GZQDPZCJ0HFY2GA9DCA7EBCY-sin
09:19:34.699 [main] DEBUG org.apache.http.impl.client.DefaultHttpClient - Connection can be kept alive indefinitely
09:19:34.699 [main] DEBUG io.restassured.internal.RestAssuredHttpBuilder - Parsing response as: application/json
09:19:34.699 [main] DEBUG org.apache.http.wire -  << "3D[\r][\n]"
09:19:34.699 [main] DEBUG org.apache.http.wire -  << "[0x1f][0x8b][0x8][0x0][0x0][0x0][0x0][0x0][0x4][0xff][0xab]VJ-*[0xca]/R[0xb2]RJ[0xcd]M[0xcc][0xcc]Q[0xc8]/R(H,..[0xcf]/JQ[0xc8],V[0xc8][0xcc]+K[0xcc][0xc9]LQ[0xaa][0xe5][0x2][0x0][0xc0][0xad][0xff][0xb])[0x0][0x0][0x0]"
09:19:34.699 [main] DEBUG org.apache.http.wire -  << "[\r][\n]"
09:19:34.699 [main] DEBUG org.apache.http.wire -  << "0[\r][\n]"
09:19:34.699 [main] DEBUG org.apache.http.wire -  << "[\r][\n]"
09:19:34.699 [main] DEBUG io.restassured.internal.RestAssuredHttpBuilder - Parsed data to instance of: class org.apache.http.conn.EofSensorInputStream
09:19:34.700 [main] DEBUG org.apache.http.impl.conn.BasicClientConnectionManager - Releasing connection org.apache.http.impl.conn.ManagedClientConnectionImpl@393bcd6b
09:19:34.700 [main] DEBUG org.apache.http.impl.conn.BasicClientConnectionManager - Connection can be kept alive indefinitely
09:19:34.700 [main] DEBUG net.thucydides.core.steps.StepInterceptor - STEP DONE: I send POST HTTP request login3
  &amp#27;[32mWhen &amp#27;[0m&amp#27;[32mI send POST HTTP request login3&amp#27;[0m              &amp#27;[90m# starter.stepdefinitions.LoginSteps.sendPostHttpRequestLogin3()&amp#27;[0m
09:19:34.702 [main] DEBUG net.thucydides.core.steps.StepInterceptor - STARTING STEP: LoginSteps.receiveValidHttp400Login - I receive valid HTTP response code 400 login
09:19:34.703 [main] DEBUG net.thucydides.core.steps.StepInterceptor - STEP DONE: I receive valid HTTP response code 400 login
  &amp#27;[32mThen &amp#27;[0m&amp#27;[32mI receive valid HTTP response code 400 login&amp#27;[0m &amp#27;[90m# starter.stepdefinitions.LoginSteps.receiveValidHttp400Login()&amp#27;[0m
09:19:34.704 [main] INFO  - 
  _____   ___   ___   _____     ___     _     ___   ___   ___   ___  
 |_   _| | __| / __| |_   _|   | _ \   /_\   / __| / __| | __| |   \ 
   | |   | _|  \__ \   | |     |  _/  / _ \  \__ \ \__ \ | _|  | |) |
   |_|   |___| |___/   |_|     |_|   /_/ \_\ |___/ |___/ |___| |___/ 

POST - Login with empty password
----------------------------------------------------------------------
]]></system-out>
  </testcase>
  <testcase name="POST - Login without payload" classname="Login" time="0.093">
    <system-out><![CDATA[
Scenario: POST - Login without payload              &amp#27;[90m# src/test/resources/features/2. Login.feature:27&amp#27;[0m
09:19:34.708 [main] DEBUG io.cucumber.core.plugin.SerenityReporter - Running feature from file:///E:/APIMinpro/API/minpro/src/test/resources/features/2.%20Login.feature
09:19:34.710 [main] INFO  - 
  _____   ___   ___   _____     ___   _____     _     ___   _____   ___   ___  
 |_   _| | __| / __| |_   _|   / __| |_   _|   /_\   | _ \ |_   _| | __| |   \ 
   | |   | _|  \__ \   | |     \__ \   | |    / _ \  |   /   | |   | _|  | |) |
   |_|   |___| |___/   |_|     |___/   |_|   /_/ \_\ |_|_\   |_|   |___| |___/ 

POST - Login without payload(login;post---login-without-payload)
--------------------------------------------------------------------------------
09:19:34.715 [main] DEBUG net.thucydides.core.steps.StepInterceptor - STARTING STEP: LoginSteps.setPostApiEndpointsLogin - I set POST api endpoints login
09:19:34.715 [main] DEBUG net.thucydides.core.steps.StepInterceptor - STEP DONE: I set POST api endpoints login
  &amp#27;[32mGiven &amp#27;[0m&amp#27;[32mI set POST api endpoints login&amp#27;[0m              &amp#27;[90m# starter.stepdefinitions.LoginSteps.setPostApiEndpointsLogin()&amp#27;[0m
09:19:34.717 [main] DEBUG net.thucydides.core.steps.StepInterceptor - STARTING STEP: LoginSteps.sendPostHttpRequestLogin4 - I send POST HTTP request login4
09:19:34.718 [main] DEBUG net.thucydides.core.steps.StepInterceptor - STARTING STEP: Login.sendPostHttpRequestLogin4 - I set POST api endpoints login
09:19:34.718 [main] DEBUG net.thucydides.core.steps.StepInterceptor - STEP DONE: I set POST api endpoints login
09:19:34.725 [main] DEBUG org.apache.http.impl.conn.BasicClientConnectionManager - Get connection for route {s}->https://altashop-api.fly.dev:443
09:19:34.725 [main] DEBUG org.apache.http.impl.conn.DefaultClientConnectionOperator - Connecting to altashop-api.fly.dev:443
09:19:34.771 [main] DEBUG org.apache.http.client.protocol.RequestAddCookies - CookieSpec selected: ignoreCookies
09:19:34.771 [main] DEBUG org.apache.http.client.protocol.RequestAuthCache - Auth cache not set in the context
09:19:34.771 [main] DEBUG org.apache.http.client.protocol.RequestTargetAuthentication - Target auth state: UNCHALLENGED
09:19:34.771 [main] DEBUG org.apache.http.client.protocol.RequestProxyAuthentication - Proxy auth state: UNCHALLENGED
09:19:34.771 [main] DEBUG org.apache.http.impl.client.DefaultHttpClient - Attempt 1 to execute request
09:19:34.771 [main] DEBUG org.apache.http.impl.conn.DefaultClientConnection - Sending request: POST /api/auth/login HTTP/1.1
09:19:34.771 [main] DEBUG org.apache.http.wire -  >> "POST /api/auth/login HTTP/1.1[\r][\n]"
09:19:34.771 [main] DEBUG org.apache.http.wire -  >> "Accept: */*[\r][\n]"
09:19:34.771 [main] DEBUG org.apache.http.wire -  >> "Content-Type: application/json[\r][\n]"
09:19:34.771 [main] DEBUG org.apache.http.wire -  >> "Content-Length: 9[\r][\n]"
09:19:34.771 [main] DEBUG org.apache.http.wire -  >> "Host: altashop-api.fly.dev[\r][\n]"
09:19:34.771 [main] DEBUG org.apache.http.wire -  >> "Connection: Keep-Alive[\r][\n]"
09:19:34.771 [main] DEBUG org.apache.http.wire -  >> "User-Agent: Apache-HttpClient/4.5.13 (Java/11.0.15.1)[\r][\n]"
09:19:34.771 [main] DEBUG org.apache.http.wire -  >> "Accept-Encoding: gzip,deflate[\r][\n]"
09:19:34.771 [main] DEBUG org.apache.http.wire -  >> "[\r][\n]"
09:19:34.771 [main] DEBUG org.apache.http.headers - >> POST /api/auth/login HTTP/1.1
09:19:34.771 [main] DEBUG org.apache.http.headers - >> Accept: */*
09:19:34.771 [main] DEBUG org.apache.http.headers - >> Content-Type: application/json
09:19:34.771 [main] DEBUG org.apache.http.headers - >> Content-Length: 9
09:19:34.771 [main] DEBUG org.apache.http.headers - >> Host: altashop-api.fly.dev
09:19:34.771 [main] DEBUG org.apache.http.headers - >> Connection: Keep-Alive
09:19:34.771 [main] DEBUG org.apache.http.headers - >> User-Agent: Apache-HttpClient/4.5.13 (Java/11.0.15.1)
09:19:34.771 [main] DEBUG org.apache.http.headers - >> Accept-Encoding: gzip,deflate
09:19:34.771 [main] DEBUG org.apache.http.wire -  >> "{" ":" "}"
09:19:34.792 [main] DEBUG org.apache.http.wire -  << "HTTP/1.1 400 Bad Request[\r][\n]"
09:19:34.792 [main] DEBUG org.apache.http.wire -  << "content-type: application/json[\r][\n]"
09:19:34.792 [main] DEBUG org.apache.http.wire -  << "date: Sat, 06 May 2023 02:19:34 GMT[\r][\n]"
09:19:34.792 [main] DEBUG org.apache.http.wire -  << "content-encoding: gzip[\r][\n]"
09:19:34.792 [main] DEBUG org.apache.http.wire -  << "transfer-encoding: chunked[\r][\n]"
09:19:34.792 [main] DEBUG org.apache.http.wire -  << "server: Fly/3f2597ca (2023-05-03)[\r][\n]"
09:19:34.792 [main] DEBUG org.apache.http.wire -  << "via: 1.1 fly.io[\r][\n]"
09:19:34.792 [main] DEBUG org.apache.http.wire -  << "fly-request-id: 01GZQDPZFHAVTB51XK8QPDGB84-sin[\r][\n]"
09:19:34.792 [main] DEBUG org.apache.http.wire -  << "[\r][\n]"
09:19:34.792 [main] DEBUG org.apache.http.impl.conn.DefaultClientConnection - Receiving response: HTTP/1.1 400 Bad Request
09:19:34.792 [main] DEBUG org.apache.http.headers - << HTTP/1.1 400 Bad Request
09:19:34.792 [main] DEBUG org.apache.http.headers - << content-type: application/json
09:19:34.792 [main] DEBUG org.apache.http.headers - << date: Sat, 06 May 2023 02:19:34 GMT
09:19:34.792 [main] DEBUG org.apache.http.headers - << content-encoding: gzip
09:19:34.792 [main] DEBUG org.apache.http.headers - << transfer-encoding: chunked
09:19:34.792 [main] DEBUG org.apache.http.headers - << server: Fly/3f2597ca (2023-05-03)
09:19:34.792 [main] DEBUG org.apache.http.headers - << via: 1.1 fly.io
09:19:34.792 [main] DEBUG org.apache.http.headers - << fly-request-id: 01GZQDPZFHAVTB51XK8QPDGB84-sin
09:19:34.792 [main] DEBUG org.apache.http.impl.client.DefaultHttpClient - Connection can be kept alive indefinitely
09:19:34.792 [main] DEBUG io.restassured.internal.RestAssuredHttpBuilder - Parsing response as: application/json
09:19:34.792 [main] DEBUG org.apache.http.wire -  << "32[\r][\n]"
09:19:34.792 [main] DEBUG org.apache.http.wire -  << "[0x1f][0x8b][0x8][0x0][0x0][0x0][0x0][0x0][0x4][0xff][0xab]VJ-*[0xca]/R[0xb2]RJ[0xcd]M[0xcc][0xcc]Q[0xc8],V(J-,[0xcd],JMQ[0xaa][0xe5][0x2][0x0]&[0xe3][0xaa]j[0x1e][0x0][0x0][0x0]"
09:19:34.792 [main] DEBUG org.apache.http.wire -  << "[\r][\n]"
09:19:34.793 [main] DEBUG org.apache.http.wire -  << "0[\r][\n]"
09:19:34.793 [main] DEBUG org.apache.http.wire -  << "[\r][\n]"
09:19:34.793 [main] DEBUG io.restassured.internal.RestAssuredHttpBuilder - Parsed data to instance of: class org.apache.http.conn.EofSensorInputStream
09:19:34.793 [main] DEBUG org.apache.http.impl.conn.BasicClientConnectionManager - Releasing connection org.apache.http.impl.conn.ManagedClientConnectionImpl@6c8672b9
09:19:34.793 [main] DEBUG org.apache.http.impl.conn.BasicClientConnectionManager - Connection can be kept alive indefinitely
09:19:34.794 [main] DEBUG net.thucydides.core.steps.StepInterceptor - STEP DONE: I send POST HTTP request login4
  &amp#27;[32mWhen &amp#27;[0m&amp#27;[32mI send POST HTTP request login4&amp#27;[0m              &amp#27;[90m# starter.stepdefinitions.LoginSteps.sendPostHttpRequestLogin4()&amp#27;[0m
09:19:34.796 [main] DEBUG net.thucydides.core.steps.StepInterceptor - STARTING STEP: LoginSteps.receiveValidHttp400Login - I receive valid HTTP response code 400 login
09:19:34.796 [main] DEBUG net.thucydides.core.steps.StepInterceptor - STEP DONE: I receive valid HTTP response code 400 login
  &amp#27;[32mThen &amp#27;[0m&amp#27;[32mI receive valid HTTP response code 400 login&amp#27;[0m &amp#27;[90m# starter.stepdefinitions.LoginSteps.receiveValidHttp400Login()&amp#27;[0m
09:19:34.797 [main] INFO  - 
  _____   ___   ___   _____     ___     _     ___   ___   ___   ___  
 |_   _| | __| / __| |_   _|   | _ \   /_\   / __| / __| | __| |   \ 
   | |   | _|  \__ \   | |     |  _/  / _ \  \__ \ \__ \ | _|  | |) |
   |_|   |___| |___/   |_|     |_|   /_/ \_\ |___/ |___/ |___| |___/ 

POST - Login without payload
----------------------------------------------------------------------
]]></system-out>
  </testcase>
  <testcase name="POST - Login with empty body parameter" classname="Login" time="0.094">
    <system-out><![CDATA[
Scenario: POST - Login with empty body parameter    &amp#27;[90m# src/test/resources/features/2. Login.feature:32&amp#27;[0m
09:19:34.801 [main] DEBUG io.cucumber.core.plugin.SerenityReporter - Running feature from file:///E:/APIMinpro/API/minpro/src/test/resources/features/2.%20Login.feature
09:19:34.803 [main] INFO  - 
  _____   ___   ___   _____     ___   _____     _     ___   _____   ___   ___  
 |_   _| | __| / __| |_   _|   / __| |_   _|   /_\   | _ \ |_   _| | __| |   \ 
   | |   | _|  \__ \   | |     \__ \   | |    / _ \  |   /   | |   | _|  | |) |
   |_|   |___| |___/   |_|     |___/   |_|   /_/ \_\ |_|_\   |_|   |___| |___/ 

POST - Login with empty body parameter(login;post---login-with-empty-body-parameter)
--------------------------------------------------------------------------------
09:19:34.811 [main] DEBUG net.thucydides.core.steps.StepInterceptor - STARTING STEP: LoginSteps.setPostApiEndpointsLogin - I set POST api endpoints login
09:19:34.811 [main] DEBUG net.thucydides.core.steps.StepInterceptor - STEP DONE: I set POST api endpoints login
  &amp#27;[32mGiven &amp#27;[0m&amp#27;[32mI set POST api endpoints login&amp#27;[0m              &amp#27;[90m# starter.stepdefinitions.LoginSteps.setPostApiEndpointsLogin()&amp#27;[0m
09:19:34.815 [main] DEBUG net.thucydides.core.steps.StepInterceptor - STARTING STEP: LoginSteps.sendPostHttpRequestLogin5 - I send POST HTTP request login5
09:19:34.817 [main] DEBUG net.thucydides.core.steps.StepInterceptor - STARTING STEP: Login.sendPostHttpRequestLogin5 - I set POST api endpoints login
09:19:34.817 [main] DEBUG net.thucydides.core.steps.StepInterceptor - STEP DONE: I set POST api endpoints login
09:19:34.823 [main] DEBUG org.apache.http.impl.conn.BasicClientConnectionManager - Get connection for route {s}->https://altashop-api.fly.dev:443
09:19:34.823 [main] DEBUG org.apache.http.impl.conn.DefaultClientConnectionOperator - Connecting to altashop-api.fly.dev:443
09:19:34.864 [main] DEBUG org.apache.http.client.protocol.RequestAddCookies - CookieSpec selected: ignoreCookies
09:19:34.864 [main] DEBUG org.apache.http.client.protocol.RequestAuthCache - Auth cache not set in the context
09:19:34.864 [main] DEBUG org.apache.http.client.protocol.RequestTargetAuthentication - Target auth state: UNCHALLENGED
09:19:34.864 [main] DEBUG org.apache.http.client.protocol.RequestProxyAuthentication - Proxy auth state: UNCHALLENGED
09:19:34.864 [main] DEBUG org.apache.http.impl.client.DefaultHttpClient - Attempt 1 to execute request
09:19:34.864 [main] DEBUG org.apache.http.impl.conn.DefaultClientConnection - Sending request: POST /api/auth/login HTTP/1.1
09:19:34.864 [main] DEBUG org.apache.http.wire -  >> "POST /api/auth/login HTTP/1.1[\r][\n]"
09:19:34.864 [main] DEBUG org.apache.http.wire -  >> "Accept: */*[\r][\n]"
09:19:34.864 [main] DEBUG org.apache.http.wire -  >> "Content-Type: application/json[\r][\n]"
09:19:34.864 [main] DEBUG org.apache.http.wire -  >> "Content-Length: 28[\r][\n]"
09:19:34.864 [main] DEBUG org.apache.http.wire -  >> "Host: altashop-api.fly.dev[\r][\n]"
09:19:34.864 [main] DEBUG org.apache.http.wire -  >> "Connection: Keep-Alive[\r][\n]"
09:19:34.864 [main] DEBUG org.apache.http.wire -  >> "User-Agent: Apache-HttpClient/4.5.13 (Java/11.0.15.1)[\r][\n]"
09:19:34.864 [main] DEBUG org.apache.http.wire -  >> "Accept-Encoding: gzip,deflate[\r][\n]"
09:19:34.864 [main] DEBUG org.apache.http.wire -  >> "[\r][\n]"
09:19:34.864 [main] DEBUG org.apache.http.headers - >> POST /api/auth/login HTTP/1.1
09:19:34.864 [main] DEBUG org.apache.http.headers - >> Accept: */*
09:19:34.864 [main] DEBUG org.apache.http.headers - >> Content-Type: application/json
09:19:34.864 [main] DEBUG org.apache.http.headers - >> Content-Length: 28
09:19:34.864 [main] DEBUG org.apache.http.headers - >> Host: altashop-api.fly.dev
09:19:34.864 [main] DEBUG org.apache.http.headers - >> Connection: Keep-Alive
09:19:34.864 [main] DEBUG org.apache.http.headers - >> User-Agent: Apache-HttpClient/4.5.13 (Java/11.0.15.1)
09:19:34.864 [main] DEBUG org.apache.http.headers - >> Accept-Encoding: gzip,deflate
09:19:34.864 [main] DEBUG org.apache.http.wire -  >> "{"password":" ","email":" "}"
09:19:34.886 [main] DEBUG org.apache.http.wire -  << "HTTP/1.1 400 Bad Request[\r][\n]"
09:19:34.886 [main] DEBUG org.apache.http.wire -  << "content-type: application/json[\r][\n]"
09:19:34.886 [main] DEBUG org.apache.http.wire -  << "date: Sat, 06 May 2023 02:19:34 GMT[\r][\n]"
09:19:34.886 [main] DEBUG org.apache.http.wire -  << "content-encoding: gzip[\r][\n]"
09:19:34.886 [main] DEBUG org.apache.http.wire -  << "transfer-encoding: chunked[\r][\n]"
09:19:34.886 [main] DEBUG org.apache.http.wire -  << "server: Fly/3f2597ca (2023-05-03)[\r][\n]"
09:19:34.886 [main] DEBUG org.apache.http.wire -  << "via: 1.1 fly.io[\r][\n]"
09:19:34.886 [main] DEBUG org.apache.http.wire -  << "fly-request-id: 01GZQDPZJFJDB7D94CVT60635Z-sin[\r][\n]"
09:19:34.886 [main] DEBUG org.apache.http.wire -  << "[\r][\n]"
09:19:34.886 [main] DEBUG org.apache.http.impl.conn.DefaultClientConnection - Receiving response: HTTP/1.1 400 Bad Request
09:19:34.886 [main] DEBUG org.apache.http.headers - << HTTP/1.1 400 Bad Request
09:19:34.886 [main] DEBUG org.apache.http.headers - << content-type: application/json
09:19:34.886 [main] DEBUG org.apache.http.headers - << date: Sat, 06 May 2023 02:19:34 GMT
09:19:34.886 [main] DEBUG org.apache.http.headers - << content-encoding: gzip
09:19:34.886 [main] DEBUG org.apache.http.headers - << transfer-encoding: chunked
09:19:34.886 [main] DEBUG org.apache.http.headers - << server: Fly/3f2597ca (2023-05-03)
09:19:34.886 [main] DEBUG org.apache.http.headers - << via: 1.1 fly.io
09:19:34.886 [main] DEBUG org.apache.http.headers - << fly-request-id: 01GZQDPZJFJDB7D94CVT60635Z-sin
09:19:34.886 [main] DEBUG org.apache.http.impl.client.DefaultHttpClient - Connection can be kept alive indefinitely
09:19:34.886 [main] DEBUG io.restassured.internal.RestAssuredHttpBuilder - Parsing response as: application/json
09:19:34.886 [main] DEBUG org.apache.http.wire -  << "3D[\r][\n]"
09:19:34.886 [main] DEBUG org.apache.http.wire -  << "[0x1f][0x8b][0x8][0x0][0x0][0x0][0x0][0x0][0x4][0xff][0xab]VJ-*[0xca]/R[0xb2]RJ[0xcd]M[0xcc][0xcc]Q[0xc8]/R(H,..[0xcf]/JQ[0xc8],V[0xc8][0xcc]+K[0xcc][0xc9]LQ[0xaa][0xe5][0x2][0x0][0xc0][0xad][0xff][0xb])[0x0][0x0][0x0]"
09:19:34.886 [main] DEBUG org.apache.http.wire -  << "[\r][\n]"
09:19:34.886 [main] DEBUG org.apache.http.wire -  << "0[\r][\n]"
09:19:34.886 [main] DEBUG org.apache.http.wire -  << "[\r][\n]"
09:19:34.886 [main] DEBUG io.restassured.internal.RestAssuredHttpBuilder - Parsed data to instance of: class org.apache.http.conn.EofSensorInputStream
09:19:34.887 [main] DEBUG org.apache.http.impl.conn.BasicClientConnectionManager - Releasing connection org.apache.http.impl.conn.ManagedClientConnectionImpl@259c6ab8
09:19:34.887 [main] DEBUG org.apache.http.impl.conn.BasicClientConnectionManager - Connection can be kept alive indefinitely
09:19:34.888 [main] DEBUG net.thucydides.core.steps.StepInterceptor - STEP DONE: I send POST HTTP request login5
  &amp#27;[32mWhen &amp#27;[0m&amp#27;[32mI send POST HTTP request login5&amp#27;[0m              &amp#27;[90m# starter.stepdefinitions.LoginSteps.sendPostHttpRequestLogin5()&amp#27;[0m
09:19:34.890 [main] DEBUG net.thucydides.core.steps.StepInterceptor - STARTING STEP: LoginSteps.receiveValidHttp400Login - I receive valid HTTP response code 400 login
09:19:34.890 [main] DEBUG net.thucydides.core.steps.StepInterceptor - STEP DONE: I receive valid HTTP response code 400 login
  &amp#27;[32mThen &amp#27;[0m&amp#27;[32mI receive valid HTTP response code 400 login&amp#27;[0m &amp#27;[90m# starter.stepdefinitions.LoginSteps.receiveValidHttp400Login()&amp#27;[0m
09:19:34.891 [main] INFO  - 
  _____   ___   ___   _____     ___     _     ___   ___   ___   ___  
 |_   _| | __| / __| |_   _|   | _ \   /_\   / __| / __| | __| |   \ 
   | |   | _|  \__ \   | |     |  _/  / _ \  \__ \ \__ \ | _|  | |) |
   |_|   |___| |___/   |_|     |_|   /_/ \_\ |___/ |___/ |___| |___/ 

POST - Login with empty body parameter
----------------------------------------------------------------------
]]></system-out>
  </testcase>
  <testcase name="GET - Get user information" classname="User Information" time="0.108">
    <system-out><![CDATA[09:19:34.893 [main] DEBUG io.cucumber.core.plugin.SerenityReporter - Running feature from file:///E:/APIMinpro/API/minpro/src/test/resources/features/3.%20User.feature
09:19:34.895 [main] DEBUG net.thucydides.core.steps.StepEventBus - Test suite started for story net.thucydides.core.model.Story@11e807f1
09:19:34.895 [main] INFO  - Test Suite Started: User Information

Scenario: GET - Get user information               &amp#27;[90m# src/test/resources/features/3. User.feature:7&amp#27;[0m
09:19:34.899 [main] DEBUG io.cucumber.core.plugin.SerenityReporter - Running feature from file:///E:/APIMinpro/API/minpro/src/test/resources/features/3.%20User.feature
09:19:34.901 [main] INFO  - 
  _____   ___   ___   _____     ___   _____     _     ___   _____   ___   ___  
 |_   _| | __| / __| |_   _|   / __| |_   _|   /_\   | _ \ |_   _| | __| |   \ 
   | |   | _|  \__ \   | |     \__ \   | |    / _ \  |   /   | |   | _|  | |) |
   |_|   |___| |___/   |_|     |___/   |_|   /_/ \_\ |_|_\   |_|   |___| |___/ 

GET - Get user information(user-information;get---get-user-information)
--------------------------------------------------------------------------------
  &amp#27;[32mGiven &amp#27;[0m&amp#27;[32mI set GET api endpoints user&amp#27;[0m               &amp#27;[90m# starter.stepdefinitions.UserSteps.setGetApiEndpointsUser()&amp#27;[0m
09:19:34.926 [main] DEBUG org.apache.http.impl.conn.BasicClientConnectionManager - Get connection for route {s}->https://altashop-api.fly.dev:443
09:19:34.926 [main] DEBUG org.apache.http.impl.conn.DefaultClientConnectionOperator - Connecting to altashop-api.fly.dev:443
09:19:34.975 [main] DEBUG org.apache.http.client.protocol.RequestAddCookies - CookieSpec selected: ignoreCookies
09:19:34.975 [main] DEBUG org.apache.http.client.protocol.RequestAuthCache - Auth cache not set in the context
09:19:34.975 [main] DEBUG org.apache.http.client.protocol.RequestProxyAuthentication - Proxy auth state: UNCHALLENGED
09:19:34.975 [main] DEBUG org.apache.http.impl.client.DefaultHttpClient - Attempt 1 to execute request
09:19:34.975 [main] DEBUG org.apache.http.impl.conn.DefaultClientConnection - Sending request: GET /api/auth/info HTTP/1.1
09:19:34.975 [main] DEBUG org.apache.http.wire -  >> "GET /api/auth/info HTTP/1.1[\r][\n]"
09:19:34.975 [main] DEBUG org.apache.http.wire -  >> "Authorization: Bearer eyJhbGciOiJIUzI1NiIsInR5cCI6IkpXVCJ9.eyJGdWxsbmFtZSI6IkFkaXR5YSBOdWdyYWhhIiwiRW1haWwiOiJhZGl0QGdtYWlsLmNvbSJ9.VM2lARkmmliu1pWtk1uhb8z5fGaElvH1jIoYM72Te3g[\r][\n]"
09:19:34.975 [main] DEBUG org.apache.http.wire -  >> "Accept: */*[\r][\n]"
09:19:34.975 [main] DEBUG org.apache.http.wire -  >> "Host: altashop-api.fly.dev[\r][\n]"
09:19:34.975 [main] DEBUG org.apache.http.wire -  >> "Connection: Keep-Alive[\r][\n]"
09:19:34.975 [main] DEBUG org.apache.http.wire -  >> "User-Agent: Apache-HttpClient/4.5.13 (Java/11.0.15.1)[\r][\n]"
09:19:34.975 [main] DEBUG org.apache.http.wire -  >> "Accept-Encoding: gzip,deflate[\r][\n]"
09:19:34.975 [main] DEBUG org.apache.http.wire -  >> "[\r][\n]"
09:19:34.975 [main] DEBUG org.apache.http.headers - >> GET /api/auth/info HTTP/1.1
09:19:34.975 [main] DEBUG org.apache.http.headers - >> Authorization: Bearer eyJhbGciOiJIUzI1NiIsInR5cCI6IkpXVCJ9.eyJGdWxsbmFtZSI6IkFkaXR5YSBOdWdyYWhhIiwiRW1haWwiOiJhZGl0QGdtYWlsLmNvbSJ9.VM2lARkmmliu1pWtk1uhb8z5fGaElvH1jIoYM72Te3g
09:19:34.975 [main] DEBUG org.apache.http.headers - >> Accept: */*
09:19:34.975 [main] DEBUG org.apache.http.headers - >> Host: altashop-api.fly.dev
09:19:34.975 [main] DEBUG org.apache.http.headers - >> Connection: Keep-Alive
09:19:34.975 [main] DEBUG org.apache.http.headers - >> User-Agent: Apache-HttpClient/4.5.13 (Java/11.0.15.1)
09:19:34.975 [main] DEBUG org.apache.http.headers - >> Accept-Encoding: gzip,deflate
09:19:34.996 [main] DEBUG org.apache.http.wire -  << "HTTP/1.1 200 OK[\r][\n]"
09:19:34.996 [main] DEBUG org.apache.http.wire -  << "content-type: application/json[\r][\n]"
09:19:34.996 [main] DEBUG org.apache.http.wire -  << "date: Sat, 06 May 2023 02:19:34 GMT[\r][\n]"
09:19:34.996 [main] DEBUG org.apache.http.wire -  << "content-encoding: gzip[\r][\n]"
09:19:34.996 [main] DEBUG org.apache.http.wire -  << "transfer-encoding: chunked[\r][\n]"
09:19:34.996 [main] DEBUG org.apache.http.wire -  << "server: Fly/3f2597ca (2023-05-03)[\r][\n]"
09:19:34.996 [main] DEBUG org.apache.http.wire -  << "via: 1.1 fly.io[\r][\n]"
09:19:34.996 [main] DEBUG org.apache.http.wire -  << "fly-request-id: 01GZQDPZNWRQDAV6JSZ95T8R3X-sin[\r][\n]"
09:19:34.996 [main] DEBUG org.apache.http.wire -  << "[\r][\n]"
09:19:34.996 [main] DEBUG org.apache.http.impl.conn.DefaultClientConnection - Receiving response: HTTP/1.1 200 OK
09:19:34.996 [main] DEBUG org.apache.http.headers - << HTTP/1.1 200 OK
09:19:34.996 [main] DEBUG org.apache.http.headers - << content-type: application/json
09:19:34.996 [main] DEBUG org.apache.http.headers - << date: Sat, 06 May 2023 02:19:34 GMT
09:19:34.996 [main] DEBUG org.apache.http.headers - << content-encoding: gzip
09:19:34.996 [main] DEBUG org.apache.http.headers - << transfer-encoding: chunked
09:19:34.996 [main] DEBUG org.apache.http.headers - << server: Fly/3f2597ca (2023-05-03)
09:19:34.996 [main] DEBUG org.apache.http.headers - << via: 1.1 fly.io
09:19:34.996 [main] DEBUG org.apache.http.headers - << fly-request-id: 01GZQDPZNWRQDAV6JSZ95T8R3X-sin
09:19:34.996 [main] DEBUG org.apache.http.impl.client.DefaultHttpClient - Connection can be kept alive indefinitely
09:19:34.996 [main] DEBUG io.restassured.internal.RestAssuredHttpBuilder - Parsing response as: application/json
09:19:34.996 [main] DEBUG org.apache.http.wire -  << "6C[\r][\n]"
09:19:34.996 [main] DEBUG org.apache.http.wire -  << "[0x1f][0x8b][0x8][0x0][0x0][0x0][0x0][0x0][0x4][0xff][0xab]VJI,IT[0xb2][0xaa]V[0xf2]tQ[0xb2]2471[0xb2][0xd4]Qr+[0xcd][0xc9][0xc9]K[0xcc]MU[0xb2]RrL[0xc9],[0xa9]LT[0xf0]+M/J[0xcc]HT[0xd2]Qr[0xcd]M[0xcc][0xcc]Q[0xb2]RJL[0xc9],qH[0x7]q[0xf4][0x92][0xf3]s[0x95]t[0x94][0x2][0x12][0x8b][0x8b][0xcb][0xf3][0x8b]R[0xa0]r[0x86]F[0xc6]J[0xb5][0xb5]\[0x0][0xd4][0xca][0x1]_`[0x0][0x0][0x0]"
09:19:34.996 [main] DEBUG org.apache.http.wire -  << "[\r][\n]"
09:19:34.996 [main] DEBUG org.apache.http.wire -  << "0[\r][\n]"
09:19:34.996 [main] DEBUG org.apache.http.wire -  << "[\r][\n]"
09:19:34.997 [main] DEBUG io.restassured.internal.RestAssuredHttpBuilder - Parsed data to instance of: class org.apache.http.conn.EofSensorInputStream
09:19:34.997 [main] DEBUG org.apache.http.impl.conn.BasicClientConnectionManager - Releasing connection org.apache.http.impl.conn.ManagedClientConnectionImpl@64fba3e6
09:19:34.997 [main] DEBUG org.apache.http.impl.conn.BasicClientConnectionManager - Connection can be kept alive indefinitely
  &amp#27;[32mWhen &amp#27;[0m&amp#27;[32mI send GET HTTP request user&amp#27;[0m                &amp#27;[90m# starter.stepdefinitions.UserSteps.sentGetHttpRequestUser()&amp#27;[0m
  &amp#27;[32mThen &amp#27;[0m&amp#27;[32mI receive valid HTTP response code 200 user&amp#27;[0m &amp#27;[90m# starter.stepdefinitions.UserSteps.receiveValidHttp200User()&amp#27;[0m
09:19:35.002 [main] INFO  - 
  _____   ___   ___   _____     ___     _     ___   ___   ___   ___  
 |_   _| | __| / __| |_   _|   | _ \   /_\   / __| / __| | __| |   \ 
   | |   | _|  \__ \   | |     |  _/  / _ \  \__ \ \__ \ | _|  | |) |
   |_|   |___| |___/   |_|     |_|   /_/ \_\ |___/ |___/ |___| |___/ 

GET - Get user information
----------------------------------------------------------------------
]]></system-out>
  </testcase>
  <testcase name="GET - Get user information without token" classname="User Information" time="0.095">
    <system-out><![CDATA[
Scenario: GET - Get user information without token &amp#27;[90m# src/test/resources/features/3. User.feature:12&amp#27;[0m
09:19:35.006 [main] DEBUG io.cucumber.core.plugin.SerenityReporter - Running feature from file:///E:/APIMinpro/API/minpro/src/test/resources/features/3.%20User.feature
09:19:35.007 [main] INFO  - 
  _____   ___   ___   _____     ___   _____     _     ___   _____   ___   ___  
 |_   _| | __| / __| |_   _|   / __| |_   _|   /_\   | _ \ |_   _| | __| |   \ 
   | |   | _|  \__ \   | |     \__ \   | |    / _ \  |   /   | |   | _|  | |) |
   |_|   |___| |___/   |_|     |___/   |_|   /_/ \_\ |_|_\   |_|   |___| |___/ 

GET - Get user information without token(user-information;get---get-user-information-without-token)
--------------------------------------------------------------------------------
  &amp#27;[32mGiven &amp#27;[0m&amp#27;[32mI set GET api endpoints user&amp#27;[0m               &amp#27;[90m# starter.stepdefinitions.UserSteps.setGetApiEndpointsUser()&amp#27;[0m
09:19:35.026 [main] DEBUG org.apache.http.impl.conn.BasicClientConnectionManager - Get connection for route {s}->https://altashop-api.fly.dev:443
09:19:35.027 [main] DEBUG org.apache.http.impl.conn.DefaultClientConnectionOperator - Connecting to altashop-api.fly.dev:443
09:19:35.072 [main] DEBUG org.apache.http.client.protocol.RequestAddCookies - CookieSpec selected: ignoreCookies
09:19:35.072 [main] DEBUG org.apache.http.client.protocol.RequestAuthCache - Auth cache not set in the context
09:19:35.072 [main] DEBUG org.apache.http.client.protocol.RequestTargetAuthentication - Target auth state: UNCHALLENGED
09:19:35.072 [main] DEBUG org.apache.http.client.protocol.RequestProxyAuthentication - Proxy auth state: UNCHALLENGED
09:19:35.072 [main] DEBUG org.apache.http.impl.client.DefaultHttpClient - Attempt 1 to execute request
09:19:35.072 [main] DEBUG org.apache.http.impl.conn.DefaultClientConnection - Sending request: GET /api/auth/info HTTP/1.1
09:19:35.072 [main] DEBUG org.apache.http.wire -  >> "GET /api/auth/info HTTP/1.1[\r][\n]"
09:19:35.072 [main] DEBUG org.apache.http.wire -  >> "Accept: */*[\r][\n]"
09:19:35.072 [main] DEBUG org.apache.http.wire -  >> "Host: altashop-api.fly.dev[\r][\n]"
09:19:35.072 [main] DEBUG org.apache.http.wire -  >> "Connection: Keep-Alive[\r][\n]"
09:19:35.072 [main] DEBUG org.apache.http.wire -  >> "User-Agent: Apache-HttpClient/4.5.13 (Java/11.0.15.1)[\r][\n]"
09:19:35.072 [main] DEBUG org.apache.http.wire -  >> "Accept-Encoding: gzip,deflate[\r][\n]"
09:19:35.072 [main] DEBUG org.apache.http.wire -  >> "[\r][\n]"
09:19:35.072 [main] DEBUG org.apache.http.headers - >> GET /api/auth/info HTTP/1.1
09:19:35.072 [main] DEBUG org.apache.http.headers - >> Accept: */*
09:19:35.072 [main] DEBUG org.apache.http.headers - >> Host: altashop-api.fly.dev
09:19:35.072 [main] DEBUG org.apache.http.headers - >> Connection: Keep-Alive
09:19:35.072 [main] DEBUG org.apache.http.headers - >> User-Agent: Apache-HttpClient/4.5.13 (Java/11.0.15.1)
09:19:35.072 [main] DEBUG org.apache.http.headers - >> Accept-Encoding: gzip,deflate
09:19:35.092 [main] DEBUG org.apache.http.wire -  << "HTTP/1.1 401 Unauthorized[\r][\n]"
09:19:35.092 [main] DEBUG org.apache.http.wire -  << "content-type: application/json[\r][\n]"
09:19:35.092 [main] DEBUG org.apache.http.wire -  << "date: Sat, 06 May 2023 02:19:35 GMT[\r][\n]"
09:19:35.092 [main] DEBUG org.apache.http.wire -  << "content-encoding: gzip[\r][\n]"
09:19:35.092 [main] DEBUG org.apache.http.wire -  << "transfer-encoding: chunked[\r][\n]"
09:19:35.092 [main] DEBUG org.apache.http.wire -  << "server: Fly/3f2597ca (2023-05-03)[\r][\n]"
09:19:35.092 [main] DEBUG org.apache.http.wire -  << "via: 1.1 fly.io[\r][\n]"
09:19:35.092 [main] DEBUG org.apache.http.wire -  << "fly-request-id: 01GZQDPZRX00HAJ9RHE53Q3VVY-sin[\r][\n]"
09:19:35.092 [main] DEBUG org.apache.http.wire -  << "[\r][\n]"
09:19:35.092 [main] DEBUG org.apache.http.impl.conn.DefaultClientConnection - Receiving response: HTTP/1.1 401 Unauthorized
09:19:35.092 [main] DEBUG org.apache.http.headers - << HTTP/1.1 401 Unauthorized
09:19:35.092 [main] DEBUG org.apache.http.headers - << content-type: application/json
09:19:35.092 [main] DEBUG org.apache.http.headers - << date: Sat, 06 May 2023 02:19:35 GMT
09:19:35.092 [main] DEBUG org.apache.http.headers - << content-encoding: gzip
09:19:35.092 [main] DEBUG org.apache.http.headers - << transfer-encoding: chunked
09:19:35.092 [main] DEBUG org.apache.http.headers - << server: Fly/3f2597ca (2023-05-03)
09:19:35.092 [main] DEBUG org.apache.http.headers - << via: 1.1 fly.io
09:19:35.092 [main] DEBUG org.apache.http.headers - << fly-request-id: 01GZQDPZRX00HAJ9RHE53Q3VVY-sin
09:19:35.092 [main] DEBUG org.apache.http.impl.client.DefaultHttpClient - Connection can be kept alive indefinitely
09:19:35.092 [main] DEBUG org.apache.http.impl.client.DefaultHttpClient - Authentication required
09:19:35.092 [main] DEBUG org.apache.http.impl.client.DefaultHttpClient - altashop-api.fly.dev:443 requested authentication
09:19:35.092 [main] DEBUG org.apache.http.impl.client.DefaultHttpClient - Response contains no authentication challenges
09:19:35.092 [main] DEBUG io.restassured.internal.RestAssuredHttpBuilder - Parsing response as: application/json
09:19:35.092 [main] DEBUG org.apache.http.wire -  << "2D[\r][\n]"
09:19:35.092 [main] DEBUG org.apache.http.wire -  << "[0x1f][0x8b][0x8][0x0][0x0][0x0][0x0][0x0][0x4][0xff][0xab]VJ-*[0xca]/R[0xb2]R*[0xcd]K,-[0xc9][0xc8]/[0xca][0xac]JMQ[0xaa][0xe5][0x2][0x0]@[0x17]da[0x19][0x0][0x0][0x0]"
09:19:35.092 [main] DEBUG org.apache.http.wire -  << "[\r][\n]"
09:19:35.093 [main] DEBUG org.apache.http.wire -  << "0[\r][\n]"
09:19:35.093 [main] DEBUG org.apache.http.wire -  << "[\r][\n]"
09:19:35.093 [main] DEBUG io.restassured.internal.RestAssuredHttpBuilder - Parsed data to instance of: class org.apache.http.conn.EofSensorInputStream
09:19:35.094 [main] DEBUG org.apache.http.impl.conn.BasicClientConnectionManager - Releasing connection org.apache.http.impl.conn.ManagedClientConnectionImpl@187df588
09:19:35.094 [main] DEBUG org.apache.http.impl.conn.BasicClientConnectionManager - Connection can be kept alive indefinitely
  &amp#27;[32mWhen &amp#27;[0m&amp#27;[32mI send GET HTTP request user2&amp#27;[0m               &amp#27;[90m# starter.stepdefinitions.UserSteps.sendGetHttpRequestUser2()&amp#27;[0m
  &amp#27;[32mThen &amp#27;[0m&amp#27;[32mI receive valid HTTP response code 401 user&amp#27;[0m &amp#27;[90m# starter.stepdefinitions.UserSteps.receiveValidHttp401User()&amp#27;[0m
09:19:35.097 [main] INFO  - 
  _____   ___   ___   _____     ___     _     ___   ___   ___   ___  
 |_   _| | __| / __| |_   _|   | _ \   /_\   / __| / __| | __| |   \ 
   | |   | _|  \__ \   | |     |  _/  / _ \  \__ \ \__ \ | _|  | |) |
   |_|   |___| |___/   |_|     |_|   /_/ \_\ |___/ |___/ |___| |___/ 

GET - Get user information without token
----------------------------------------------------------------------
]]></system-out>
  </testcase>
  <testcase name="POST - Add new category" classname="Categories" time="0.108">
    <system-out><![CDATA[09:19:35.098 [main] DEBUG io.cucumber.core.plugin.SerenityReporter - Running feature from file:///E:/APIMinpro/API/minpro/src/test/resources/features/4.%20Categories.feature
09:19:35.100 [main] DEBUG net.thucydides.core.steps.StepEventBus - Test suite started for story net.thucydides.core.model.Story@1b5f86d1
09:19:35.100 [main] INFO  - Test Suite Started: Categories

Scenario: POST - Add new category                        &amp#27;[90m# src/test/resources/features/4. Categories.feature:7&amp#27;[0m
09:19:35.103 [main] DEBUG io.cucumber.core.plugin.SerenityReporter - Running feature from file:///E:/APIMinpro/API/minpro/src/test/resources/features/4.%20Categories.feature
09:19:35.105 [main] INFO  - 
  _____   ___   ___   _____     ___   _____     _     ___   _____   ___   ___  
 |_   _| | __| / __| |_   _|   / __| |_   _|   /_\   | _ \ |_   _| | __| |   \ 
   | |   | _|  \__ \   | |     \__ \   | |    / _ \  |   /   | |   | _|  | |) |
   |_|   |___| |___/   |_|     |___/   |_|   /_/ \_\ |_|_\   |_|   |___| |___/ 

POST - Add new category(categories;post---add-new-category)
--------------------------------------------------------------------------------
09:19:35.120 [main] DEBUG net.thucydides.core.steps.StepInterceptor - STARTING STEP: CategoriesSteps.setPostApiEndpointsf - I set POST api endpoints categories
09:19:35.120 [main] DEBUG net.thucydides.core.steps.StepInterceptor - STEP DONE: I set POST api endpoints categories
  &amp#27;[32mGiven &amp#27;[0m&amp#27;[32mI set POST api endpoints categories&amp#27;[0m              &amp#27;[90m# starter.stepdefinitions.CategoriesSteps.setPostApiEndpointsf()&amp#27;[0m
09:19:35.122 [main] DEBUG net.thucydides.core.steps.StepInterceptor - STARTING STEP: CategoriesSteps.sendPostHttpRequestCategories - I send POST HTTP request categories
09:19:35.123 [main] DEBUG net.thucydides.core.steps.StepInterceptor - STARTING STEP: Categories.sendPostHttpRequestCategories - I set POST api endpoints categories
09:19:35.123 [main] DEBUG net.thucydides.core.steps.StepInterceptor - STEP DONE: I set POST api endpoints categories
09:19:35.130 [main] DEBUG org.apache.http.impl.conn.BasicClientConnectionManager - Get connection for route {s}->https://altashop-api.fly.dev:443
09:19:35.130 [main] DEBUG org.apache.http.impl.conn.DefaultClientConnectionOperator - Connecting to altashop-api.fly.dev:443
09:19:35.180 [main] DEBUG org.apache.http.client.protocol.RequestAddCookies - CookieSpec selected: ignoreCookies
09:19:35.180 [main] DEBUG org.apache.http.client.protocol.RequestAuthCache - Auth cache not set in the context
09:19:35.180 [main] DEBUG org.apache.http.client.protocol.RequestTargetAuthentication - Target auth state: UNCHALLENGED
09:19:35.180 [main] DEBUG org.apache.http.client.protocol.RequestProxyAuthentication - Proxy auth state: UNCHALLENGED
09:19:35.180 [main] DEBUG org.apache.http.impl.client.DefaultHttpClient - Attempt 1 to execute request
09:19:35.180 [main] DEBUG org.apache.http.impl.conn.DefaultClientConnection - Sending request: POST /api/categories HTTP/1.1
09:19:35.180 [main] DEBUG org.apache.http.wire -  >> "POST /api/categories HTTP/1.1[\r][\n]"
09:19:35.180 [main] DEBUG org.apache.http.wire -  >> "Accept: */*[\r][\n]"
09:19:35.180 [main] DEBUG org.apache.http.wire -  >> "Content-Type: application/json[\r][\n]"
09:19:35.180 [main] DEBUG org.apache.http.wire -  >> "Content-Length: 53[\r][\n]"
09:19:35.180 [main] DEBUG org.apache.http.wire -  >> "Host: altashop-api.fly.dev[\r][\n]"
09:19:35.180 [main] DEBUG org.apache.http.wire -  >> "Connection: Keep-Alive[\r][\n]"
09:19:35.180 [main] DEBUG org.apache.http.wire -  >> "User-Agent: Apache-HttpClient/4.5.13 (Java/11.0.15.1)[\r][\n]"
09:19:35.180 [main] DEBUG org.apache.http.wire -  >> "Accept-Encoding: gzip,deflate[\r][\n]"
09:19:35.180 [main] DEBUG org.apache.http.wire -  >> "[\r][\n]"
09:19:35.180 [main] DEBUG org.apache.http.headers - >> POST /api/categories HTTP/1.1
09:19:35.180 [main] DEBUG org.apache.http.headers - >> Accept: */*
09:19:35.180 [main] DEBUG org.apache.http.headers - >> Content-Type: application/json
09:19:35.180 [main] DEBUG org.apache.http.headers - >> Content-Length: 53
09:19:35.180 [main] DEBUG org.apache.http.headers - >> Host: altashop-api.fly.dev
09:19:35.180 [main] DEBUG org.apache.http.headers - >> Connection: Keep-Alive
09:19:35.180 [main] DEBUG org.apache.http.headers - >> User-Agent: Apache-HttpClient/4.5.13 (Java/11.0.15.1)
09:19:35.180 [main] DEBUG org.apache.http.headers - >> Accept-Encoding: gzip,deflate
09:19:35.180 [main] DEBUG org.apache.http.wire -  >> "{"name":"Gaming","description":"For gaming purposes"}"
09:19:35.203 [main] DEBUG org.apache.http.wire -  << "HTTP/1.1 200 OK[\r][\n]"
09:19:35.203 [main] DEBUG org.apache.http.wire -  << "content-type: application/json[\r][\n]"
09:19:35.203 [main] DEBUG org.apache.http.wire -  << "date: Sat, 06 May 2023 02:19:35 GMT[\r][\n]"
09:19:35.203 [main] DEBUG org.apache.http.wire -  << "content-encoding: gzip[\r][\n]"
09:19:35.203 [main] DEBUG org.apache.http.wire -  << "transfer-encoding: chunked[\r][\n]"
09:19:35.203 [main] DEBUG org.apache.http.wire -  << "server: Fly/3f2597ca (2023-05-03)[\r][\n]"
09:19:35.203 [main] DEBUG org.apache.http.wire -  << "via: 1.1 fly.io[\r][\n]"
09:19:35.203 [main] DEBUG org.apache.http.wire -  << "fly-request-id: 01GZQDPZWAWFYX59SD6HRPAQ4D-sin[\r][\n]"
09:19:35.203 [main] DEBUG org.apache.http.wire -  << "[\r][\n]"
09:19:35.203 [main] DEBUG org.apache.http.impl.conn.DefaultClientConnection - Receiving response: HTTP/1.1 200 OK
09:19:35.203 [main] DEBUG org.apache.http.headers - << HTTP/1.1 200 OK
09:19:35.203 [main] DEBUG org.apache.http.headers - << content-type: application/json
09:19:35.203 [main] DEBUG org.apache.http.headers - << date: Sat, 06 May 2023 02:19:35 GMT
09:19:35.203 [main] DEBUG org.apache.http.headers - << content-encoding: gzip
09:19:35.203 [main] DEBUG org.apache.http.headers - << transfer-encoding: chunked
09:19:35.203 [main] DEBUG org.apache.http.headers - << server: Fly/3f2597ca (2023-05-03)
09:19:35.203 [main] DEBUG org.apache.http.headers - << via: 1.1 fly.io
09:19:35.203 [main] DEBUG org.apache.http.headers - << fly-request-id: 01GZQDPZWAWFYX59SD6HRPAQ4D-sin
09:19:35.203 [main] DEBUG org.apache.http.impl.client.DefaultHttpClient - Connection can be kept alive indefinitely
09:19:35.203 [main] DEBUG io.restassured.internal.RestAssuredHttpBuilder - Parsing response as: application/json
09:19:35.203 [main] DEBUG org.apache.http.wire -  << "5B[\r][\n]"
09:19:35.203 [main] DEBUG org.apache.http.wire -  << "[0x1f][0x8b][0x8][0x0][0x0][0x0][0x0][0x0][0x4][0xff][0xab]VJI,IT[0xb2][0xaa]V[0xf2]tQ[0xb2]24[0xb2]41[0xd4]Q[0xf2]K[0xcc]MU[0xb2]RrO[0xcc][0xcd][0xcc]KW[0xd2]QrI-N.[0xca],([0xc9][0xcc][0xcf]S[0xb2]Rr[0xcb]/RH[0x7]K)[0x14][0x94][0x16][0x15][0xe4][0x17][0xa7][0x16]+[0xd5][0xd6]r[0x1][0x0][0xd1]d[0xef][\r]J[0x0][0x0][0x0]"
09:19:35.203 [main] DEBUG org.apache.http.wire -  << "[\r][\n]"
09:19:35.203 [main] DEBUG org.apache.http.wire -  << "0[\r][\n]"
09:19:35.203 [main] DEBUG org.apache.http.wire -  << "[\r][\n]"
09:19:35.203 [main] DEBUG io.restassured.internal.RestAssuredHttpBuilder - Parsed data to instance of: class org.apache.http.conn.EofSensorInputStream
09:19:35.204 [main] DEBUG org.apache.http.impl.conn.BasicClientConnectionManager - Releasing connection org.apache.http.impl.conn.ManagedClientConnectionImpl@46b55a0e
09:19:35.204 [main] DEBUG org.apache.http.impl.conn.BasicClientConnectionManager - Connection can be kept alive indefinitely
09:19:35.204 [main] DEBUG net.thucydides.core.steps.StepInterceptor - STEP DONE: I send POST HTTP request categories
  &amp#27;[32mWhen &amp#27;[0m&amp#27;[32mI send POST HTTP request categories&amp#27;[0m               &amp#27;[90m# starter.stepdefinitions.CategoriesSteps.sendPostHttpRequestCategories()&amp#27;[0m
09:19:35.207 [main] DEBUG net.thucydides.core.steps.StepInterceptor - STARTING STEP: CategoriesSteps.receiveValidHttp200Categories - I receive valid HTTP response code 200 categories
09:19:35.207 [main] DEBUG net.thucydides.core.steps.StepInterceptor - STEP DONE: I receive valid HTTP response code 200 categories
  &amp#27;[32mThen &amp#27;[0m&amp#27;[32mI receive valid HTTP response code 200 categories&amp#27;[0m &amp#27;[90m# starter.stepdefinitions.CategoriesSteps.receiveValidHttp200Categories()&amp#27;[0m
09:19:35.208 [main] INFO  - 
  _____   ___   ___   _____     ___     _     ___   ___   ___   ___  
 |_   _| | __| / __| |_   _|   | _ \   /_\   / __| / __| | __| |   \ 
   | |   | _|  \__ \   | |     |  _/  / _ \  \__ \ \__ \ | _|  | |) |
   |_|   |___| |___/   |_|     |_|   /_/ \_\ |___/ |___/ |___| |___/ 

POST - Add new category
----------------------------------------------------------------------
]]></system-out>
  </testcase>
  <testcase name="POST - Add new category without description data payload" classname="Categories" time="0.125">
    <system-out><![CDATA[
Scenario: POST - Add new category without description data payload &amp#27;[90m# src/test/resources/features/4. Categories.feature:12&amp#27;[0m
09:19:35.212 [main] DEBUG io.cucumber.core.plugin.SerenityReporter - Running feature from file:///E:/APIMinpro/API/minpro/src/test/resources/features/4.%20Categories.feature
09:19:35.213 [main] INFO  - 
  _____   ___   ___   _____     ___   _____     _     ___   _____   ___   ___  
 |_   _| | __| / __| |_   _|   / __| |_   _|   /_\   | _ \ |_   _| | __| |   \ 
   | |   | _|  \__ \   | |     \__ \   | |    / _ \  |   /   | |   | _|  | |) |
   |_|   |___| |___/   |_|     |___/   |_|   /_/ \_\ |_|_\   |_|   |___| |___/ 

POST - Add new category without description data payload(categories;post---add-new-category-without-description-data-payload)
--------------------------------------------------------------------------------
09:19:35.219 [main] DEBUG net.thucydides.core.steps.StepInterceptor - STARTING STEP: CategoriesSteps.setPostApiEndpointsf - I set POST api endpoints categories
09:19:35.219 [main] DEBUG net.thucydides.core.steps.StepInterceptor - STEP DONE: I set POST api endpoints categories
  &amp#27;[32mGiven &amp#27;[0m&amp#27;[32mI set POST api endpoints categories&amp#27;[0m                        &amp#27;[90m# starter.stepdefinitions.CategoriesSteps.setPostApiEndpointsf()&amp#27;[0m
09:19:35.221 [main] DEBUG net.thucydides.core.steps.StepInterceptor - STARTING STEP: CategoriesSteps.sendPostHttpRequestCategories2 - I send POST HTTP request categories2
09:19:35.222 [main] DEBUG net.thucydides.core.steps.StepInterceptor - STARTING STEP: Categories.sendPostHttpRequestCategories2 - I set POST api endpoints categories
09:19:35.222 [main] DEBUG net.thucydides.core.steps.StepInterceptor - STEP DONE: I set POST api endpoints categories
09:19:35.227 [main] DEBUG org.apache.http.impl.conn.BasicClientConnectionManager - Get connection for route {s}->https://altashop-api.fly.dev:443
09:19:35.227 [main] DEBUG org.apache.http.impl.conn.DefaultClientConnectionOperator - Connecting to altashop-api.fly.dev:443
09:19:35.268 [Finalizer] DEBUG org.apache.http.impl.conn.DefaultClientConnection - Connection 0.0.0.0:64458<->149.248.193.56:443 closed
09:19:35.272 [Finalizer] DEBUG org.apache.http.impl.conn.DefaultClientConnection - Connection 0.0.0.0:64457<->149.248.193.56:443 closed
09:19:35.275 [Finalizer] DEBUG org.apache.http.impl.conn.DefaultClientConnection - Connection 0.0.0.0:64456<->149.248.193.56:443 closed
09:19:35.278 [Finalizer] DEBUG org.apache.http.impl.conn.DefaultClientConnection - Connection 0.0.0.0:64455<->149.248.193.56:443 closed
09:19:35.281 [Finalizer] DEBUG org.apache.http.impl.conn.DefaultClientConnection - Connection 0.0.0.0:64454<->149.248.193.56:443 closed
09:19:35.283 [Finalizer] DEBUG org.apache.http.impl.conn.DefaultClientConnection - Connection 0.0.0.0:64453<->149.248.193.56:443 closed
09:19:35.286 [Finalizer] DEBUG org.apache.http.impl.conn.DefaultClientConnection - Connection 0.0.0.0:64461<->149.248.193.56:443 closed
09:19:35.288 [Finalizer] DEBUG org.apache.http.impl.conn.DefaultClientConnection - Connection 0.0.0.0:64459<->149.248.193.56:443 closed
09:19:35.290 [Finalizer] DEBUG org.apache.http.impl.conn.DefaultClientConnection - Connection 0.0.0.0:64471<->149.248.193.56:443 closed
09:19:35.292 [Finalizer] DEBUG org.apache.http.impl.conn.DefaultClientConnection - Connection 0.0.0.0:64470<->149.248.193.56:443 closed
09:19:35.294 [Finalizer] DEBUG org.apache.http.impl.conn.DefaultClientConnection - Connection 0.0.0.0:64467<->149.248.193.56:443 closed
09:19:35.295 [Finalizer] DEBUG org.apache.http.impl.conn.DefaultClientConnection - Connection 0.0.0.0:64466<->149.248.193.56:443 closed
09:19:35.297 [Finalizer] DEBUG org.apache.http.impl.conn.DefaultClientConnection - Connection 0.0.0.0:64465<->149.248.193.56:443 closed
09:19:35.298 [Finalizer] DEBUG org.apache.http.impl.conn.DefaultClientConnection - Connection 0.0.0.0:64463<->149.248.193.56:443 closed
09:19:35.299 [Finalizer] DEBUG org.apache.http.impl.conn.DefaultClientConnection - Connection 0.0.0.0:64462<->149.248.193.56:443 closed
09:19:35.301 [Finalizer] DEBUG org.apache.http.impl.conn.DefaultClientConnection - Connection 0.0.0.0:64469<->149.248.193.56:443 closed
09:19:35.302 [Finalizer] DEBUG org.apache.http.impl.conn.DefaultClientConnection - Connection 0.0.0.0:64468<->149.248.193.56:443 closed
09:19:35.308 [main] DEBUG org.apache.http.client.protocol.RequestAddCookies - CookieSpec selected: ignoreCookies
09:19:35.308 [main] DEBUG org.apache.http.client.protocol.RequestAuthCache - Auth cache not set in the context
09:19:35.308 [main] DEBUG org.apache.http.client.protocol.RequestTargetAuthentication - Target auth state: UNCHALLENGED
09:19:35.308 [main] DEBUG org.apache.http.client.protocol.RequestProxyAuthentication - Proxy auth state: UNCHALLENGED
09:19:35.308 [main] DEBUG org.apache.http.impl.client.DefaultHttpClient - Attempt 1 to execute request
09:19:35.308 [main] DEBUG org.apache.http.impl.conn.DefaultClientConnection - Sending request: POST /api/categories HTTP/1.1
09:19:35.308 [main] DEBUG org.apache.http.wire -  >> "POST /api/categories HTTP/1.1[\r][\n]"
09:19:35.308 [main] DEBUG org.apache.http.wire -  >> "Accept: */*[\r][\n]"
09:19:35.308 [main] DEBUG org.apache.http.wire -  >> "Content-Type: application/json[\r][\n]"
09:19:35.308 [main] DEBUG org.apache.http.wire -  >> "Content-Length: 17[\r][\n]"
09:19:35.308 [main] DEBUG org.apache.http.wire -  >> "Host: altashop-api.fly.dev[\r][\n]"
09:19:35.308 [main] DEBUG org.apache.http.wire -  >> "Connection: Keep-Alive[\r][\n]"
09:19:35.308 [main] DEBUG org.apache.http.wire -  >> "User-Agent: Apache-HttpClient/4.5.13 (Java/11.0.15.1)[\r][\n]"
09:19:35.308 [main] DEBUG org.apache.http.wire -  >> "Accept-Encoding: gzip,deflate[\r][\n]"
09:19:35.308 [main] DEBUG org.apache.http.wire -  >> "[\r][\n]"
09:19:35.308 [main] DEBUG org.apache.http.headers - >> POST /api/categories HTTP/1.1
09:19:35.308 [main] DEBUG org.apache.http.headers - >> Accept: */*
09:19:35.308 [main] DEBUG org.apache.http.headers - >> Content-Type: application/json
09:19:35.308 [main] DEBUG org.apache.http.headers - >> Content-Length: 17
09:19:35.308 [main] DEBUG org.apache.http.headers - >> Host: altashop-api.fly.dev
09:19:35.308 [main] DEBUG org.apache.http.headers - >> Connection: Keep-Alive
09:19:35.308 [main] DEBUG org.apache.http.headers - >> User-Agent: Apache-HttpClient/4.5.13 (Java/11.0.15.1)
09:19:35.308 [main] DEBUG org.apache.http.headers - >> Accept-Encoding: gzip,deflate
09:19:35.308 [main] DEBUG org.apache.http.wire -  >> "{"name":"Gaming"}"
09:19:35.328 [main] DEBUG org.apache.http.wire -  << "HTTP/1.1 200 OK[\r][\n]"
09:19:35.328 [main] DEBUG org.apache.http.wire -  << "content-type: application/json[\r][\n]"
09:19:35.328 [main] DEBUG org.apache.http.wire -  << "date: Sat, 06 May 2023 02:19:35 GMT[\r][\n]"
09:19:35.328 [main] DEBUG org.apache.http.wire -  << "content-encoding: gzip[\r][\n]"
09:19:35.328 [main] DEBUG org.apache.http.wire -  << "transfer-encoding: chunked[\r][\n]"
09:19:35.328 [main] DEBUG org.apache.http.wire -  << "server: Fly/3f2597ca (2023-05-03)[\r][\n]"
09:19:35.328 [main] DEBUG org.apache.http.wire -  << "via: 1.1 fly.io[\r][\n]"
09:19:35.328 [main] DEBUG org.apache.http.wire -  << "fly-request-id: 01GZQDQ007HC9KHK5NT3X6C7W7-sin[\r][\n]"
09:19:35.328 [main] DEBUG org.apache.http.wire -  << "[\r][\n]"
09:19:35.328 [main] DEBUG org.apache.http.impl.conn.DefaultClientConnection - Receiving response: HTTP/1.1 200 OK
09:19:35.328 [main] DEBUG org.apache.http.headers - << HTTP/1.1 200 OK
09:19:35.328 [main] DEBUG org.apache.http.headers - << content-type: application/json
09:19:35.328 [main] DEBUG org.apache.http.headers - << date: Sat, 06 May 2023 02:19:35 GMT
09:19:35.328 [main] DEBUG org.apache.http.headers - << content-encoding: gzip
09:19:35.328 [main] DEBUG org.apache.http.headers - << transfer-encoding: chunked
09:19:35.328 [main] DEBUG org.apache.http.headers - << server: Fly/3f2597ca (2023-05-03)
09:19:35.328 [main] DEBUG org.apache.http.headers - << via: 1.1 fly.io
09:19:35.328 [main] DEBUG org.apache.http.headers - << fly-request-id: 01GZQDQ007HC9KHK5NT3X6C7W7-sin
09:19:35.329 [main] DEBUG org.apache.http.impl.client.DefaultHttpClient - Connection can be kept alive indefinitely
09:19:35.329 [main] DEBUG io.restassured.internal.RestAssuredHttpBuilder - Parsing response as: application/json
09:19:35.329 [main] DEBUG org.apache.http.wire -  << "4B[\r][\n]"
09:19:35.329 [main] DEBUG org.apache.http.wire -  << "[0x1f][0x8b][0x8][0x0][0x0][0x0][0x0][0x0][0x4][0xff][0xab]VJI,IT[0xb2][0xaa]V[0xf2]tQ[0xb2]24[0xb2]41[0xd2]Q[0xf2]K[0xcc]MU[0xb2]RrO[0xcc][0xcd][0xcc]KW[0xd2]QrI-N.[0xca],([0xc9][0xcc][0xcf]S[0xb2]RR[0xaa][0xad][0xe5][0x2][0x0][0xfe]![0x9a][0xaf]7[0x0][0x0][0x0]"
09:19:35.329 [main] DEBUG org.apache.http.wire -  << "[\r][\n]"
09:19:35.329 [main] DEBUG org.apache.http.wire -  << "0[\r][\n]"
09:19:35.329 [main] DEBUG org.apache.http.wire -  << "[\r][\n]"
09:19:35.329 [main] DEBUG io.restassured.internal.RestAssuredHttpBuilder - Parsed data to instance of: class org.apache.http.conn.EofSensorInputStream
09:19:35.330 [main] DEBUG org.apache.http.impl.conn.BasicClientConnectionManager - Releasing connection org.apache.http.impl.conn.ManagedClientConnectionImpl@703a2bc9
09:19:35.330 [main] DEBUG org.apache.http.impl.conn.BasicClientConnectionManager - Connection can be kept alive indefinitely
09:19:35.330 [main] DEBUG net.thucydides.core.steps.StepInterceptor - STEP DONE: I send POST HTTP request categories2
  &amp#27;[32mWhen &amp#27;[0m&amp#27;[32mI send POST HTTP request categories2&amp#27;[0m                        &amp#27;[90m# starter.stepdefinitions.CategoriesSteps.sendPostHttpRequestCategories2()&amp#27;[0m
09:19:35.332 [main] DEBUG net.thucydides.core.steps.StepInterceptor - STARTING STEP: CategoriesSteps.receiveValidHttp200Categories - I receive valid HTTP response code 200 categories
09:19:35.332 [main] DEBUG net.thucydides.core.steps.StepInterceptor - STEP DONE: I receive valid HTTP response code 200 categories
  &amp#27;[32mThen &amp#27;[0m&amp#27;[32mI receive valid HTTP response code 200 categories&amp#27;[0m           &amp#27;[90m# starter.stepdefinitions.CategoriesSteps.receiveValidHttp200Categories()&amp#27;[0m
09:19:35.333 [main] INFO  - 
  _____   ___   ___   _____     ___     _     ___   ___   ___   ___  
 |_   _| | __| / __| |_   _|   | _ \   /_\   / __| / __| | __| |   \ 
   | |   | _|  \__ \   | |     |  _/  / _ \  \__ \ \__ \ | _|  | |) |
   |_|   |___| |___/   |_|     |_|   /_/ \_\ |___/ |___/ |___| |___/ 

POST - Add new category without description data payload
----------------------------------------------------------------------
]]></system-out>
  </testcase>
  <testcase name="POST - Add new category without name data payload" classname="Categories" time="0.101">
    <system-out><![CDATA[
Scenario: POST - Add new category without name data payload &amp#27;[90m# src/test/resources/features/4. Categories.feature:17&amp#27;[0m
09:19:35.337 [main] DEBUG io.cucumber.core.plugin.SerenityReporter - Running feature from file:///E:/APIMinpro/API/minpro/src/test/resources/features/4.%20Categories.feature
09:19:35.339 [main] INFO  - 
  _____   ___   ___   _____     ___   _____     _     ___   _____   ___   ___  
 |_   _| | __| / __| |_   _|   / __| |_   _|   /_\   | _ \ |_   _| | __| |   \ 
   | |   | _|  \__ \   | |     \__ \   | |    / _ \  |   /   | |   | _|  | |) |
   |_|   |___| |___/   |_|     |___/   |_|   /_/ \_\ |_|_\   |_|   |___| |___/ 

POST - Add new category without name data payload(categories;post---add-new-category-without-name-data-payload)
--------------------------------------------------------------------------------
09:19:35.347 [main] DEBUG net.thucydides.core.steps.StepInterceptor - STARTING STEP: CategoriesSteps.setPostApiEndpointsf - I set POST api endpoints categories
09:19:35.348 [main] DEBUG net.thucydides.core.steps.StepInterceptor - STEP DONE: I set POST api endpoints categories
  &amp#27;[32mGiven &amp#27;[0m&amp#27;[32mI set POST api endpoints categories&amp#27;[0m                 &amp#27;[90m# starter.stepdefinitions.CategoriesSteps.setPostApiEndpointsf()&amp#27;[0m
09:19:35.352 [main] DEBUG net.thucydides.core.steps.StepInterceptor - STARTING STEP: CategoriesSteps.sendPostHttpRequestCategories3 - I send POST HTTP request categories3
09:19:35.353 [main] DEBUG net.thucydides.core.steps.StepInterceptor - STARTING STEP: Categories.sendPostHttpRequestCategories3 - I set POST api endpoints categories
09:19:35.353 [main] DEBUG net.thucydides.core.steps.StepInterceptor - STEP DONE: I set POST api endpoints categories
09:19:35.358 [main] DEBUG org.apache.http.impl.conn.BasicClientConnectionManager - Get connection for route {s}->https://altashop-api.fly.dev:443
09:19:35.358 [main] DEBUG org.apache.http.impl.conn.DefaultClientConnectionOperator - Connecting to altashop-api.fly.dev:443
09:19:35.404 [main] DEBUG org.apache.http.client.protocol.RequestAddCookies - CookieSpec selected: ignoreCookies
09:19:35.404 [main] DEBUG org.apache.http.client.protocol.RequestAuthCache - Auth cache not set in the context
09:19:35.404 [main] DEBUG org.apache.http.client.protocol.RequestTargetAuthentication - Target auth state: UNCHALLENGED
09:19:35.404 [main] DEBUG org.apache.http.client.protocol.RequestProxyAuthentication - Proxy auth state: UNCHALLENGED
09:19:35.404 [main] DEBUG org.apache.http.impl.client.DefaultHttpClient - Attempt 1 to execute request
09:19:35.404 [main] DEBUG org.apache.http.impl.conn.DefaultClientConnection - Sending request: POST /api/categories HTTP/1.1
09:19:35.404 [main] DEBUG org.apache.http.wire -  >> "POST /api/categories HTTP/1.1[\r][\n]"
09:19:35.404 [main] DEBUG org.apache.http.wire -  >> "Accept: */*[\r][\n]"
09:19:35.404 [main] DEBUG org.apache.http.wire -  >> "Content-Type: application/json[\r][\n]"
09:19:35.404 [main] DEBUG org.apache.http.wire -  >> "Content-Length: 37[\r][\n]"
09:19:35.404 [main] DEBUG org.apache.http.wire -  >> "Host: altashop-api.fly.dev[\r][\n]"
09:19:35.404 [main] DEBUG org.apache.http.wire -  >> "Connection: Keep-Alive[\r][\n]"
09:19:35.404 [main] DEBUG org.apache.http.wire -  >> "User-Agent: Apache-HttpClient/4.5.13 (Java/11.0.15.1)[\r][\n]"
09:19:35.404 [main] DEBUG org.apache.http.wire -  >> "Accept-Encoding: gzip,deflate[\r][\n]"
09:19:35.404 [main] DEBUG org.apache.http.wire -  >> "[\r][\n]"
09:19:35.404 [main] DEBUG org.apache.http.headers - >> POST /api/categories HTTP/1.1
09:19:35.404 [main] DEBUG org.apache.http.headers - >> Accept: */*
09:19:35.404 [main] DEBUG org.apache.http.headers - >> Content-Type: application/json
09:19:35.404 [main] DEBUG org.apache.http.headers - >> Content-Length: 37
09:19:35.404 [main] DEBUG org.apache.http.headers - >> Host: altashop-api.fly.dev
09:19:35.404 [main] DEBUG org.apache.http.headers - >> Connection: Keep-Alive
09:19:35.404 [main] DEBUG org.apache.http.headers - >> User-Agent: Apache-HttpClient/4.5.13 (Java/11.0.15.1)
09:19:35.404 [main] DEBUG org.apache.http.headers - >> Accept-Encoding: gzip,deflate
09:19:35.404 [main] DEBUG org.apache.http.wire -  >> "{"description":"For gaming purposes"}"
09:19:35.429 [main] DEBUG org.apache.http.wire -  << "HTTP/1.1 500 Internal Server Error[\r][\n]"
09:19:35.429 [main] DEBUG org.apache.http.wire -  << "content-type: application/json[\r][\n]"
09:19:35.429 [main] DEBUG org.apache.http.wire -  << "date: Sat, 06 May 2023 02:19:35 GMT[\r][\n]"
09:19:35.429 [main] DEBUG org.apache.http.wire -  << "content-encoding: gzip[\r][\n]"
09:19:35.429 [main] DEBUG org.apache.http.wire -  << "transfer-encoding: chunked[\r][\n]"
09:19:35.429 [main] DEBUG org.apache.http.wire -  << "server: Fly/3f2597ca (2023-05-03)[\r][\n]"
09:19:35.429 [main] DEBUG org.apache.http.wire -  << "via: 1.1 fly.io[\r][\n]"
09:19:35.429 [main] DEBUG org.apache.http.wire -  << "fly-request-id: 01GZQDQ038J200NEACD9YKH2VV-sin[\r][\n]"
09:19:35.429 [main] DEBUG org.apache.http.wire -  << "[\r][\n]"
09:19:35.429 [main] DEBUG org.apache.http.impl.conn.DefaultClientConnection - Receiving response: HTTP/1.1 500 Internal Server Error
09:19:35.429 [main] DEBUG org.apache.http.headers - << HTTP/1.1 500 Internal Server Error
09:19:35.429 [main] DEBUG org.apache.http.headers - << content-type: application/json
09:19:35.429 [main] DEBUG org.apache.http.headers - << date: Sat, 06 May 2023 02:19:35 GMT
09:19:35.429 [main] DEBUG org.apache.http.headers - << content-encoding: gzip
09:19:35.429 [main] DEBUG org.apache.http.headers - << transfer-encoding: chunked
09:19:35.429 [main] DEBUG org.apache.http.headers - << server: Fly/3f2597ca (2023-05-03)
09:19:35.429 [main] DEBUG org.apache.http.headers - << via: 1.1 fly.io
09:19:35.429 [main] DEBUG org.apache.http.headers - << fly-request-id: 01GZQDQ038J200NEACD9YKH2VV-sin
09:19:35.430 [main] DEBUG org.apache.http.impl.client.DefaultHttpClient - Connection can be kept alive indefinitely
09:19:35.430 [main] DEBUG io.restassured.internal.RestAssuredHttpBuilder - Parsing response as: application/json
09:19:35.430 [main] DEBUG org.apache.http.wire -  << "82[\r][\n]"
09:19:35.430 [main] DEBUG org.apache.http.wire -  << "[0x1f][0x8b][0x8][0x0][0x0][0x0][0x0][0x0][0x4][0xff][0xab]VJ-*[0xca]/R[0xb2]Rr[\r][\n]"
09:19:35.430 [main] DEBUG org.apache.http.wire -  << "[0xf2][0xf][0xb2]R[0xc8]K-W([0xca]/WH[0xcb]/R(J[0xcd]I,[0xc9][0xcc][0xcf]S[0x88]QJN,IM[0xcf]/[0xca]L-[0x8e]QR([0xcb][0xcc][0xcf]I,I-VH[0xce]HM[0xce]VH[0xce][0xcf]+.)J[0xcc][0xcc]+AQ[0x18][0x9f][0x97][0x98][0x9b][0x1a][0xf]V[0x12][0xa3][0xa4][0xa0][0x11][0x1c][0xe8][0x13][0x1c][0xe2][0x18][0xe2][0xaa]`dljh[0xa2][0xa9]T[0xcb][0x5][0x0]p%[0xdd]o|[0x0][0x0][0x0]"
09:19:35.430 [main] DEBUG org.apache.http.wire -  << "[\r][\n]"
09:19:35.430 [main] DEBUG org.apache.http.wire -  << "0[\r][\n]"
09:19:35.430 [main] DEBUG org.apache.http.wire -  << "[\r][\n]"
09:19:35.430 [main] DEBUG io.restassured.internal.RestAssuredHttpBuilder - Parsed data to instance of: class org.apache.http.conn.EofSensorInputStream
09:19:35.431 [main] DEBUG org.apache.http.impl.conn.BasicClientConnectionManager - Releasing connection org.apache.http.impl.conn.ManagedClientConnectionImpl@7fe0ca60
09:19:35.431 [main] DEBUG org.apache.http.impl.conn.BasicClientConnectionManager - Connection can be kept alive indefinitely
09:19:35.431 [main] DEBUG net.thucydides.core.steps.StepInterceptor - STEP DONE: I send POST HTTP request categories3
  &amp#27;[32mWhen &amp#27;[0m&amp#27;[32mI send POST HTTP request categories3&amp#27;[0m                 &amp#27;[90m# starter.stepdefinitions.CategoriesSteps.sendPostHttpRequestCategories3()&amp#27;[0m
09:19:35.433 [main] DEBUG net.thucydides.core.steps.StepInterceptor - STARTING STEP: CategoriesSteps.receiveValidHttp500Categories - I receive valid HTTP response code 500 categories
09:19:35.433 [main] DEBUG net.thucydides.core.steps.StepInterceptor - STEP DONE: I receive valid HTTP response code 500 categories
  &amp#27;[32mThen &amp#27;[0m&amp#27;[32mI receive valid HTTP response code 500 categories&amp#27;[0m    &amp#27;[90m# starter.stepdefinitions.CategoriesSteps.receiveValidHttp500Categories()&amp#27;[0m
09:19:35.434 [main] INFO  - 
  _____   ___   ___   _____     ___     _     ___   ___   ___   ___  
 |_   _| | __| / __| |_   _|   | _ \   /_\   / __| / __| | __| |   \ 
   | |   | _|  \__ \   | |     |  _/  / _ \  \__ \ \__ \ | _|  | |) |
   |_|   |___| |___/   |_|     |_|   /_/ \_\ |___/ |___/ |___| |___/ 

POST - Add new category without name data payload
----------------------------------------------------------------------
]]></system-out>
  </testcase>
  <testcase name="GET - Get list all categories" classname="Categories" time="0.11">
    <system-out><![CDATA[
Scenario: GET - Get list all categories                  &amp#27;[90m# src/test/resources/features/4. Categories.feature:22&amp#27;[0m
09:19:35.437 [main] DEBUG io.cucumber.core.plugin.SerenityReporter - Running feature from file:///E:/APIMinpro/API/minpro/src/test/resources/features/4.%20Categories.feature
09:19:35.439 [main] INFO  - 
  _____   ___   ___   _____     ___   _____     _     ___   _____   ___   ___  
 |_   _| | __| / __| |_   _|   / __| |_   _|   /_\   | _ \ |_   _| | __| |   \ 
   | |   | _|  \__ \   | |     \__ \   | |    / _ \  |   /   | |   | _|  | |) |
   |_|   |___| |___/   |_|     |___/   |_|   /_/ \_\ |_|_\   |_|   |___| |___/ 

GET - Get list all categories(categories;get---get-list-all-categories)
--------------------------------------------------------------------------------
09:19:35.447 [main] DEBUG net.thucydides.core.steps.StepInterceptor - STARTING STEP: CategoriesSteps.setGetApiEndpoints - I set GET api endpoints categories
09:19:35.447 [main] DEBUG net.thucydides.core.steps.StepInterceptor - STEP DONE: I set GET api endpoints categories
  &amp#27;[32mGiven &amp#27;[0m&amp#27;[32mI set GET api endpoints categories&amp#27;[0m               &amp#27;[90m# starter.stepdefinitions.CategoriesSteps.setGetApiEndpoints()&amp#27;[0m
09:19:35.451 [main] DEBUG net.thucydides.core.steps.StepInterceptor - STARTING STEP: CategoriesSteps.sentGetHttpRequestCategories - I send GET HTTP request categories
09:19:35.452 [main] DEBUG net.thucydides.core.steps.StepInterceptor - STARTING STEP: Categories.sendGetHttpRequestCategories - I set GET api endpoints categories
09:19:35.452 [main] DEBUG net.thucydides.core.steps.StepInterceptor - STEP DONE: I set GET api endpoints categories
09:19:35.457 [main] DEBUG org.apache.http.impl.conn.BasicClientConnectionManager - Get connection for route {s}->https://altashop-api.fly.dev:443
09:19:35.457 [main] DEBUG org.apache.http.impl.conn.DefaultClientConnectionOperator - Connecting to altashop-api.fly.dev:443
09:19:35.504 [main] DEBUG org.apache.http.client.protocol.RequestAddCookies - CookieSpec selected: ignoreCookies
09:19:35.504 [main] DEBUG org.apache.http.client.protocol.RequestAuthCache - Auth cache not set in the context
09:19:35.504 [main] DEBUG org.apache.http.client.protocol.RequestTargetAuthentication - Target auth state: UNCHALLENGED
09:19:35.504 [main] DEBUG org.apache.http.client.protocol.RequestProxyAuthentication - Proxy auth state: UNCHALLENGED
09:19:35.504 [main] DEBUG org.apache.http.impl.client.DefaultHttpClient - Attempt 1 to execute request
09:19:35.504 [main] DEBUG org.apache.http.impl.conn.DefaultClientConnection - Sending request: GET /api/categories HTTP/1.1
09:19:35.504 [main] DEBUG org.apache.http.wire -  >> "GET /api/categories HTTP/1.1[\r][\n]"
09:19:35.505 [main] DEBUG org.apache.http.wire -  >> "Accept: */*[\r][\n]"
09:19:35.505 [main] DEBUG org.apache.http.wire -  >> "Host: altashop-api.fly.dev[\r][\n]"
09:19:35.505 [main] DEBUG org.apache.http.wire -  >> "Connection: Keep-Alive[\r][\n]"
09:19:35.505 [main] DEBUG org.apache.http.wire -  >> "User-Agent: Apache-HttpClient/4.5.13 (Java/11.0.15.1)[\r][\n]"
09:19:35.505 [main] DEBUG org.apache.http.wire -  >> "Accept-Encoding: gzip,deflate[\r][\n]"
09:19:35.505 [main] DEBUG org.apache.http.wire -  >> "[\r][\n]"
09:19:35.505 [main] DEBUG org.apache.http.headers - >> GET /api/categories HTTP/1.1
09:19:35.505 [main] DEBUG org.apache.http.headers - >> Accept: */*
09:19:35.505 [main] DEBUG org.apache.http.headers - >> Host: altashop-api.fly.dev
09:19:35.505 [main] DEBUG org.apache.http.headers - >> Connection: Keep-Alive
09:19:35.505 [main] DEBUG org.apache.http.headers - >> User-Agent: Apache-HttpClient/4.5.13 (Java/11.0.15.1)
09:19:35.505 [main] DEBUG org.apache.http.headers - >> Accept-Encoding: gzip,deflate
09:19:35.528 [main] DEBUG org.apache.http.wire -  << "HTTP/1.1 200 OK[\r][\n]"
09:19:35.528 [main] DEBUG org.apache.http.wire -  << "content-type: application/json[\r][\n]"
09:19:35.528 [main] DEBUG org.apache.http.wire -  << "date: Sat, 06 May 2023 02:19:35 GMT[\r][\n]"
09:19:35.528 [main] DEBUG org.apache.http.wire -  << "transfer-encoding: chunked[\r][\n]"
09:19:35.528 [main] DEBUG org.apache.http.wire -  << "content-encoding: gzip[\r][\n]"
09:19:35.528 [main] DEBUG org.apache.http.wire -  << "server: Fly/3f2597ca (2023-05-03)[\r][\n]"
09:19:35.528 [main] DEBUG org.apache.http.wire -  << "via: 1.1 fly.io[\r][\n]"
09:19:35.528 [main] DEBUG org.apache.http.wire -  << "fly-request-id: 01GZQDQ06EHHJDH7FV7WSGH6V6-sin[\r][\n]"
09:19:35.528 [main] DEBUG org.apache.http.wire -  << "[\r][\n]"
09:19:35.528 [main] DEBUG org.apache.http.impl.conn.DefaultClientConnection - Receiving response: HTTP/1.1 200 OK
09:19:35.528 [main] DEBUG org.apache.http.headers - << HTTP/1.1 200 OK
09:19:35.528 [main] DEBUG org.apache.http.headers - << content-type: application/json
09:19:35.528 [main] DEBUG org.apache.http.headers - << date: Sat, 06 May 2023 02:19:35 GMT
09:19:35.528 [main] DEBUG org.apache.http.headers - << transfer-encoding: chunked
09:19:35.528 [main] DEBUG org.apache.http.headers - << content-encoding: gzip
09:19:35.528 [main] DEBUG org.apache.http.headers - << server: Fly/3f2597ca (2023-05-03)
09:19:35.528 [main] DEBUG org.apache.http.headers - << via: 1.1 fly.io
09:19:35.528 [main] DEBUG org.apache.http.headers - << fly-request-id: 01GZQDQ06EHHJDH7FV7WSGH6V6-sin
09:19:35.528 [main] DEBUG org.apache.http.impl.client.DefaultHttpClient - Connection can be kept alive indefinitely
09:19:35.528 [main] DEBUG io.restassured.internal.RestAssuredHttpBuilder - Parsing response as: application/json
09:19:35.528 [main] DEBUG org.apache.http.wire -  << "358[\r][\n]"
09:19:35.528 [main] DEBUG org.apache.http.wire -  << "[0x1f][0x8b][0x8][0x0][0x0][0x0][0x0][0x0][0x4][0xff][0xaa]VJI,IT[0xb2][0x8a][0xae]V[0xf2]tQ[0xb2]24250[0xd1]Q[0xf2]K[0xcc]MU[0xb2]Rr+-[0xca][0xcb],)-JU[0xd2]QrI-N.[0xca],([0xc9][0xcc][0xcf]S[0xb2]RJ[0xcb]/RHO[0xcc][0xcd][0xcc]KW((-*[0xc8]/N-V[0xaa][0xd5]A[0x98]aJ[0x5]3[0xcc][0xe0]f(:([0xab][0xa8][0x92][0xec][0x6][0xb][0xb8]~[0xf2][0xfd]a[0x9]7[0x83],7[0x18][0x1a][0xc2][0xf5]CB[0x8b]TO[0x18][0x1a]Sj[0x0]"6[0xc9]t[0x1]"[0x1a][0xc8]4[0xc0][0x9c]R/ "[0x81]<[0x17][0x18][0x19]P[0xe8][0x2]##J[\r]@DcXjIjQf^bQ%FZH[0xcd]IM.)[0xca]L[0xce]L[0xcc]C[0xce]LF[0x88][0xcc][0xe4][0x9b][0xf][0xca][\n]"
09:19:35.528 [main] DEBUG org.apache.http.wire -  << "[0x1][0x99][0xc9][0xa0]\Y[0xac][0x90][0x98][0x97][0xa2][0xe0][0x96][0x99][0x93][0x8b]aTFbfQJQjqqj[0x11][0x8a]Q[0x88][0xb8][0xf0]([0xcd]M[0xcc]S[0x8]J-[0xce]/-JN-[0xc6]0[0xa1]<3/%[0xbf]\!9'51[0xf][0xcd][0x10]D|[0xb8][0xa6][0x94]&'[0x82][0x9d][0xe4][0x9b][0x98][0x97][0x98][0x9e][0x9a][0x9b][0x9a]W[0x82]aRA~Nfr[0xaa]B~ZZf2[0xaa]I[0xc6][0x88][0xec][0x11][0x94][0x98][0x99]S[0x94][0x9f][0x98][0xa2][0xe0][0x9b][0x98]W[0x9a][0x96][0x8][0xf6][0x1f][0x86]I[0x89]%%[0xf9]Ey[0xa9][0x95][\n]"
09:19:35.528 [main] DEBUG org.apache.http.wire -  << "[0x89]%[\n]"
09:19:35.528 [main] DEBUG org.apache.http.wire -  << "9[0x89][0xe5][0xc8]>3F[0x84][0xb0]SbIbz~[0x91]Bx~v)[0x86][0x11][0xce][0xa9][0xb9][0x99]9[0x89]y[\n]"
09:19:35.528 [main] DEBUG org.apache.http.wire -  << "[0xc5][0xa9][0x19] CR[0xab][0x12]K[0x14][0x92]R[0x8b][0xd2]3[0xab]2Q[0x8c][0xa3]4[0xdb][0x18]#"[\r][0x92]h[0xd3]1[0x9c]B[0xa0][0xc]5Fd[0xbc][0x92][0xd4][0xe2][0x12],Q[0x84][0xe2]`DiG[0xae]}[0x88]h%[0xc2]>[0x13]D[0xd4][0xb9][0x83][0xeb][0x1][0xc][0xef][0xb9][0xe1][0xaf]"L[0x10]y[\n]"
09:19:35.528 [main] DEBUG org.apache.http.wire -  << "[0x87][0x1][0xc8][0xde]3AD/[0x99][0xde]3A[0xc4](1[0xde]Cd[0x14]"\g[0x8a][0x8][0xc][0x88][0xeb]0[0x2][0x83]@\[0x9b]"[0x2][0x83]L[0x3][0x10][0xe1]C[0x8d][0xe4]o[0x8a][0x8],[0xaa][0x18][0x87][0xc8][0xc]T1[0xe][0x91]3[0xa8]b[0x1c]"[0xae][0xa9]b[0x1c]"'R[0xc5]8D[0xb6][0xa4][0x86]qf[0x94][0xd6][0x85]f[0x88][0xb4][0xee][0x98][0x9d][0x94]X[0xa4][0x10][0x94]Y[0x95]][0xa9][0xe0][0x96][0x98]QTZ[0x94]_[0x85]Y[0xab][0xe5]f[0xe6]e*[0x14][0x14][0xe5]g[0xa5]&[0x97] gi3D[0x9a][0xa7][0x8a][0xc7][0x10]9[0x80][0xbc],d[0x86]H[0xf3]d[0x1a]@[0xdd]Tn[0x86]H[0xe5]d[0xba][0x7][0x91][0xae][0x9d][0x13]KR[0xd3][0xf3][0x8b]*[0x15][0x1c]Ks2[0x13]1J'P[0xc]%[0xc3][0x94]$[0x82][0x95] 5[0xe6][0xcd][0x10][0x9]:/17[0x11][0x14][0x97])[0xa5][0xd9][0x18][0x86]dC[0xc][0x0][0xc7]5H[0x1e][0xd9][0x4][0xea][0xa6]asD[0x12]$/d[0xcc][0x11]I[0x8f]L[0x3](Ml[0xe6][0x94]&6sDb#[0xd3][0xb][0x94]&/sD[0xb2] [0xd3][0x5][0x88]T[0x1]1[0x80][0xe4]&[0x92][0x5][0xa2]0#[0xa2]N[0xb7][0xa0]4[0xd6]-([0x8d]u[0xb]D[0xac][0x13][0xe3]^Jc[0xc8][0x2]Q[0x0][0x10]c[0x1d]zt`[0xe4]p[0x2][0x8d][0x18]KDl[0x84][0xa4][0x16]c[0xf6][0x3]<[0xf3]2[0x15]@[0x12][0xa0]A[0x3][0xf7][0xcc][0xd4][0x1c][0xe4][0xca][0xc0][0x92][0xd2],mIi[0xe4]ZR[0x1a][0xb9][0x96][0x88][0xc8][0x85]$g[0x92][0xc3][0x8f][0xd2],mIi[0x82][0xb1]D$[0x18]2[0xbd]@i[0x99]`[0x89]H[0x84][0x84][0x93][0xac][0x99][0x1][0x85][0xa9][0xc6][0xcc][0x0][0x91]j[0x88][0xb1][0x8e][0xc2][0x18]63@[0xc4]01[0xd6]Q[0x18][0x1b]f[0x6][0x88][0xd8] [0xc2]:[0xa4][0xb1][0xaa][0xdc][0xc4][0xec][0xc4][0xbc][0xc4]<[0x8c][0x4][0xc][0x13]GT[0xed]f[0x86][0x88][0x10]$+[0xc9][0x98]Q:[0xc2]ef[0x88]'V[0x0][0x0][0x0][0x0][0xff][0xff]"
09:19:35.528 [main] DEBUG org.apache.http.wire -  << "[\r][\n]"
09:19:35.528 [main] DEBUG org.apache.http.wire -  << "3FD[\r][\n]"
09:19:35.529 [main] DEBUG org.apache.http.wire -  << ""f[0xb0][0xd2][0xcc][0x10][0x11]+dz[0x81][0xc2]|gf[0x88][0x88]i*4[0x85][0xcd][0xc][0x11][0xf1][0x1e][0x9e]Y[0x94][0x9a][0x93]Z[0x8c]9[0xbc]S[0x90]QY[0x9c][0x99][0x9c]Y[0x8c][0xdc]$7[0xa3]t[0xa0][0xcc][0x8c][0xd2][0x81]23#J#[0xd3][0x88][0xd2][0xb8]0B[0x4][0x1e][0x8e][0xd4][0x90]X[0x9c][0x82]Tu[0x99][0x19][0xa1][0x16]Y[0xa0][0xda][0xad][0xa0](?[0xa5]4[0x19][0xb3][0x6],[0xc9][0xc8],V[0xc8],V([0xc9]H[0x85][0xb4][0xa2][0x93]K[0x14]R[0x90][0xc6][0xd5][0x91][0xf2][0x95]1[0xa2]2[0x5][0xe5]]j[0x99][0x8a](0[0x9][0x99][0x8a][0xec]EcD&'[0xa4][0x8d][0x14]/"j\B[0xa6][0xa2]8[0x86][0xd2][0xec][0x8a]6[0xb0]F[0xad][0xa0]E[0xe4]aR|[0x83]4[0x8e]FH[0x1b][0x9]A[0x8b]4[0xb8]F[0xc8]T[0xe4][0xa0]E[0x1a]#[0xc3][0x91][0xf6][0xf1]7[0x1][0xcd]L([0xcd]}&[0x4]s[0x1f][0x1][0x17][0x98]"[0xf2][\r]y^[0xa0]t([0xce][0xcc][0x94][0xf8]dMB[0x8c][0x9a]R[0x9a][0xea]M[0x11]Q[0x13][0x90][0x9f][0x93]Y^[0x94]X[0x92][0x81]Q[0xc1][0x7][0xa5][0x16][0x94][0xa6]d&[0xe6][0xa5]$[0xa6]*[0xe4][0xa5][0x16]'g[0x96][0xe6][0x95]([0xa4]V$[0xa7][0x16][0x94][0x94][0x16]e*[0xa4][0xe4][0xe7][0xe4][0x17][0xa5]*[0xa4][0x96][0xe6]*[0x14][0xa7][0x16][0x96]f[0xea]!'[0x1e]SD[0x6][0xf0]ML[0xce][0xc8][0xcf][0xc6][0x9c]5[0xc],M,[0xce]TH+MOT[0xc8][0xcb][0xcf]S(,[0xcd]OQ[0xc8][0xcc]-HM[0xc9],Q(K[0xcd][0xc9],A5[0x90][0xd2][0xb4]@[0xe9]X[0x97][0x19][0xd2][0x10][0x15]$1[0x91][0xda]C53CM[0xc][0xf8][0x7][0xf1][0xcd][0xcc][0x10][0x91]lhd[0xac][0x90][0x98][0x85]9T[0x3]J[0xfe][0xb9][0xa9]E[0xc9][0x19][0xd8][0xe6]][0xcd]([0x1d]323CTf[0x10][0x1f]c$[0x11][0x90][0x3] RX]`Ni[0xfe]3G[0x84][0x18][0xc4][0x1a][0x92]]@i[0x13][0xc2][0x1c][0x91][0x90][0xc9]s[0x1][0xd2][0xb0][0x4][0x99][0x6]P[0x1a][0x6][0x16][0x88][0xcc]N[0xa6][0xb][0x8][0x86][0x1]r[0xd6][0xa7][0xb4][0xf7]nF[0xb8][0xf7][0x8e]b[0x1d][0xa5][0xbe]#[0xdc][0xcf]E[0xb2][0xce][0x9c][0xd2]^[0xa6]9R/[0x93][0xac][0xd8]07[0xa0]0=[0x98]#[0xad][0xe9] [0xd3][0x5][0x88][0x92][0x89]L[0x3]([0x8c]3s[0x3]RR[0xa4]9Rg[0x96]<[0xf7]R[0xda][0xaf]5G[0xea][0xd7][0xe2][0x98]A[0xc4]?Aj[0x8e][0xd4]-%[0xd3][0x0]D[0x88][0xe1]0[0x0]9[0x95]#u[0x1a][0xc9][0xc]1[0x82]U[0x7][0xb2]uF[0x88]$[0x8d][0xc3]q[0x4][0x82][0x7][0xa9][0xa7][0x88][0xc3][0x0][0x14][0xeb](M~F[0x88][0xc0][0xc4][0x11]<[0xc8][0xd6]!-l[0xc0][0xa1][0x1a]5j[0x8e][0xd4][0xe3][0xc2]a[0x0][0x8a]u[0x94][0xfa][0xce][0x98]$[0xdf]![0xf5]Yp8[0x8e][0x80][0xef][0x90][0xba]'8[0xc]@[0xf6][0x1d]R[0xa7][0x82]Pg[0x86][0xf8][0x6][0xb5][0xb9][0x9][0xc2][0xcb][0x84]LEq[0xc]"[0x95][0x13][0xd2]F[0x82]c[0x90][0x16][0x10][0xe0]H[0xcc][0x4]r[0x3]R[0xaf][0x5][0x87][0x1][0xc8][0x9e]@[0x9a][0xde][0xc7][0xa1][0x9a][0x90]u[0x88][0xea][0x0][0x87][0x1]([0xd6]![0x82][0x1a]Gt[0x13]H/[0xa6][0x88][0x9e][0x0][0xe][0xeb][0x8][0xb9][0x17][0x11]k8[0xc]@v/[0xd2][0x14]7[0x15][0x86][0xe3][0xcc]1z[0x11]$[0xb6]h[0xcd][0x91]:[0x11][0xe4][0x85][0x1f][0xd2][0xd4]6[0xee][0xa5][0x90]p[0x19][0x5][0xaf][0xd4][0x82][0xc4][0xa2]D[0x94][0x10][0xa1][0xb4][0x80]1[0xa3]4[0x9]P[0xda][0xaf]0[0xa7]t[0xd2][0xd8][0x9c][0xd2]Ics[0xa4][0x9e][\r]<[0xac]1[0x92][0x2]\[0x6]K,P:[0xe7]kn[0x8e][0x88]F[0xb7][0xa2][0xd2]L[0xcc][0x1]J[0xe4]8[0xa7][0xb4][0x1b]d[0x8e]4AL[0x84]m[0x88][0x1c][0x8a]]qz~~[0x8a][0x2][0xa8][0x9c][0xc8]HM[0xcc])[0xc9]@v)[0xa5][0xfd]-s[0xb][0xc4][0xb0](y[0x19][0x8c][0xd2][0xa9]esJ[0xa7][0x96][0xcd][0x91][0xa6][0x96][0xc9][0xf4][0x2][0xa2]H'[0xd3][0x0]D[0xe2]"[0xd3][0x0]J[0xcb][0x8][0xb]D5A[0x9e][0xb][0x90]f[0xb0][0xc9]4[0x80][0xd2][0x84]D[0xb8]#[0xc][0xca][0x2][0x10][0xc7]a[0x1b]1G[0x9a][0xc6][0xa6]F[0xdd]E[0xe9][0xa4][0xb6][0xb9]%[0xa5][0xc9][0x8a][0xf0][0xa4]6rQ[0x80][0xd4][0xb3][0xa7][0x8a][0xf7])NQ[0x88]b[\r][0x12]i[0x18][0x5]>[0xfe][0xf8][0xb4]0[0xa0]p<[0xcd][0x82][0xd2][0xd1][0xb][0xb][0xa4]Ik[0xd8][0xfc]/[0xfa]n[0x10][0x98]8b[0xfe][0xca][0x2][0xa9][0xbb][0xee][0xee][0xe8][0xeb][0xe9][0xe7]N[0xb2][0xc7][0x11]A[0xef][0x98][0x9c][0x9c]Z\[0x9c]_[0x94][0x89]e[0xf8][0xb4]$_!5/#1/9U![0xb1][0xa0] 5[0xb1][0x8][0xc4]DJ[0x11][0x16][0x86][0x88][0x0][0xa4]B[0x8a][0xb0][0xa0]t`[0xc1][0x2]i`[0x81]*[0xee]A[0xf4][0xa3][0xa9]b[0x1c]"[0xbb]R[0x16][0xea][0x88][0xb2][0x9c]"s[0x8c][0x10][0x5]*9[0xe6][0x0][0x0][0x0][0x0][0xff][0xff]"
09:19:35.529 [main] DEBUG org.apache.http.wire -  << "[\r][\n]"
09:19:35.529 [main] DEBUG org.apache.http.wire -  << "235[\r][\n]"
09:19:35.529 [main] DEBUG org.apache.http.wire -  << "[0x82]mH[0xb2]0[0xa0]4[0x1f][0x1a]RX[0xbb]YP:[0xbe]baH[0xa9][0x17]([0x9d][0xdd][0xb7]@[0x9a][0xdd][0xa7](2[0x90][0xc6]~[0xc8]+[0x14][0x91][0xc6]~(s[0x8][0x95]R;[0xa5][0x8b][0xe],[0x8][0x8f].[0x11][0xa8]&[0x8][0xaf]Z d[0x0][0xa5][0xa9][0xb]i[0xc1][0x2][0x8e]HE[0xce][0x8f][0x94][0xe][0x90]Y [\r][0x90]Q[0x94][0x4][0x90][0x16][0x3][0xe0]p6[0x81][0x80]C[0x1a]:[0xa3][0xcc]![0x88][0xfa][0x8e]L[0x87]P[0x1a][0x83]&[0x88][0x9a][0x92]<[0x17]P:.hAx\[0x90]@d`l[0x13]"[0xb5][0xd5]A[0xe9][\n]"
09:19:35.529 [main] DEBUG org.apache.http.wire -  << "[0x8][0xb][0x13]D[0x91]Bf "*[0x1a][0x8a][0xd2][0x13][0xd2][0xf8]&[0x99][0xe][0xa1]4A[0x9a]P[0x9a] )][0xcb]a[0x81]4[0xac]J[0xce][0xf6]][0xb][0xa4][0xa5][0x1c][0xe4][0x85]![0xd2]@+[0x99][0x6] [0x92][0x13]E[0xa9][0x1]i[0xf5][0x7]e[0xe6] [0xda]udz[0x8][0x91][0xaa][0xc8][0x8a][0x12][0xa4]5[0x1d][0x14]y[0x4]i[0x8c][0x97]<[0x8f]P:[0xaa]kA[0xe9][0xa8][0xae][0x5][0xd2][0xa8].yA[0x89](i[0xc8][0xc][0x2]Db [0xcf][0x1][0x94][0x16][0x10]H[0x83][0xc2]d9[0x80][0xd2]!][0xb][0xa4]!][0xf2][0x1c][0x80][0xc8][0xde][0xe4]E[0x1][0xd2][0x88].y[0xe]@dG2[0x1d][0x80][0x88]C[0xb2][0x1c]@[0xe9][0xd0][0xab][0x5][0xd2][0xd0]+y[0xe][0xa0]p[0xb9][0x90][0x85][0x5][0xa5]q[0x88][0xb4]X[0x87]<[0x1f]P[0x1a][0x87][0x16][0x14][0xc6]![0xa5][0xcb],[0x90]F=[0xc9][\n]"
09:19:35.529 [main] DEBUG org.apache.http.wire -  << "[0x1]JG)-[0x90]F)[0xc9]s[0x0][0xa2]$L[0xce][0xcf]+[0xc9][0xcf][0xd0][0x85]n[0xa7][0xc4]6d[0xe5][0x96]X[0x9c][0x91][0x99][0x9f][0x97][0x98][0x94][0x93][0x8a][0xdc]%[0xb2]DD#a30U [\r]v m[0xa2]!+S[R:fhI[0xe9][0x82]%K[0xa4]AG2[0xbd][0x80][0x88][0x11]2[\r]@d[\n]"
09:19:35.529 [main] DEBUG org.apache.http.wire -  << "[0x1c]S[0xc6][0xf8][0xe7][0x9c]-[0x91][0x6][0x1e]q[0x18][0x80][0x14][0xfb][0x96]H[0xc3][0x82]8T[0x13][0xb2][0xe]1[0x10][0x88][0xc3][0x0][0x14][0xeb][0x10][0x85][0x16][0xe][0xd5][0x84][0xac]C4[0x1e]p[0x18][0x80]b[0x1d]"m[0x93][0x17][0x1b][0x94][0xe]~YR:[0xf8]e[0x89]4[0x12]I[0x9e][0x17][0x90]F[0xcf][0xc8]4[0x0][0x11][0xc3]d[0x1a]@aUg[0x89]4[0xce][0x85]#[0xd2][0x9][0xa4][0x1a][0xa4]q.[0x1c][0x6] [0xa7][0x1a][0xa4][0x9d]5[0xe4]y[0x98][0xd2]Q&K[0xa4]Q&[0x1c][0xee]%[0xe0]a[0xa4]cip[0x18][0x80][0xec]a[0x8c]CcH[0x1c][0xbe][0xb0][0xa4]t4[0xcb][0xd2][0x18][0x91]Qq[0xb8][0x97][0x90][0x87][0x9][0x16][0x9b][0xc8][0x1e]F[0x1a]1"[0xcf]:[0xa4][0x11]#[0x1c][0x6]([0xd5][0xc6][0xd6]r[0x1][0x0][0x0][0x0][0xff][0xff]"
09:19:35.529 [main] DEBUG org.apache.http.wire -  << "[\r][\n]"
09:19:35.529 [main] DEBUG org.apache.http.wire -  << "A[\r][\n]"
09:19:35.529 [main] DEBUG org.apache.http.wire -  << "[0x3][0x0]([0xe1][0xe5][0x19][0xe6]L[0x0][0x0]"
09:19:35.529 [main] DEBUG org.apache.http.wire -  << "[\r][\n]"
09:19:35.529 [main] DEBUG org.apache.http.wire -  << "0[\r][\n]"
09:19:35.529 [main] DEBUG org.apache.http.wire -  << "[\r][\n]"
09:19:35.529 [main] DEBUG io.restassured.internal.RestAssuredHttpBuilder - Parsed data to instance of: class org.apache.http.conn.EofSensorInputStream
09:19:35.530 [main] DEBUG org.apache.http.impl.conn.BasicClientConnectionManager - Releasing connection org.apache.http.impl.conn.ManagedClientConnectionImpl@5b86f4cb
09:19:35.530 [main] DEBUG org.apache.http.impl.conn.BasicClientConnectionManager - Connection can be kept alive indefinitely
09:19:35.541 [main] DEBUG net.thucydides.core.steps.StepInterceptor - STEP DONE: I send GET HTTP request categories
  &amp#27;[32mWhen &amp#27;[0m&amp#27;[32mI send GET HTTP request categories&amp#27;[0m                &amp#27;[90m# starter.stepdefinitions.CategoriesSteps.sentGetHttpRequestCategories()&amp#27;[0m
09:19:35.543 [main] DEBUG net.thucydides.core.steps.StepInterceptor - STARTING STEP: CategoriesSteps.receiveValidHttp200Categories - I receive valid HTTP response code 200 categories
09:19:35.543 [main] DEBUG net.thucydides.core.steps.StepInterceptor - STEP DONE: I receive valid HTTP response code 200 categories
  &amp#27;[32mThen &amp#27;[0m&amp#27;[32mI receive valid HTTP response code 200 categories&amp#27;[0m &amp#27;[90m# starter.stepdefinitions.CategoriesSteps.receiveValidHttp200Categories()&amp#27;[0m
09:19:35.544 [main] INFO  - 
  _____   ___   ___   _____     ___     _     ___   ___   ___   ___  
 |_   _| | __| / __| |_   _|   | _ \   /_\   / __| / __| | __| |   \ 
   | |   | _|  \__ \   | |     |  _/  / _ \  \__ \ \__ \ | _|  | |) |
   |_|   |___| |___/   |_|     |_|   /_/ \_\ |___/ |___/ |___| |___/ 

GET - Get list all categories
----------------------------------------------------------------------
]]></system-out>
  </testcase>
  <testcase name="GET - Get categories by ID" classname="Categories" time="0.099">
    <system-out><![CDATA[
Scenario: GET - Get categories by ID                     &amp#27;[90m# src/test/resources/features/4. Categories.feature:27&amp#27;[0m
09:19:35.548 [main] DEBUG io.cucumber.core.plugin.SerenityReporter - Running feature from file:///E:/APIMinpro/API/minpro/src/test/resources/features/4.%20Categories.feature
09:19:35.550 [main] INFO  - 
  _____   ___   ___   _____     ___   _____     _     ___   _____   ___   ___  
 |_   _| | __| / __| |_   _|   / __| |_   _|   /_\   | _ \ |_   _| | __| |   \ 
   | |   | _|  \__ \   | |     \__ \   | |    / _ \  |   /   | |   | _|  | |) |
   |_|   |___| |___/   |_|     |___/   |_|   /_/ \_\ |_|_\   |_|   |___| |___/ 

GET - Get categories by ID(categories;get---get-categories-by-id)
--------------------------------------------------------------------------------
09:19:35.556 [main] DEBUG net.thucydides.core.steps.StepInterceptor - STARTING STEP: CategoriesSteps.setGetApiEndpoints - I set GET api endpoints categories
09:19:35.556 [main] DEBUG net.thucydides.core.steps.StepInterceptor - STEP DONE: I set GET api endpoints categories
  &amp#27;[32mGiven &amp#27;[0m&amp#27;[32mI set GET api endpoints categories&amp#27;[0m               &amp#27;[90m# starter.stepdefinitions.CategoriesSteps.setGetApiEndpoints()&amp#27;[0m
09:19:35.558 [main] DEBUG net.thucydides.core.steps.StepInterceptor - STARTING STEP: CategoriesSteps.sendGetHttpRequestCategories2 - I send GET HTTP request categories2
09:19:35.560 [main] DEBUG net.thucydides.core.steps.StepInterceptor - STARTING STEP: Categories.sendGetHttpRequestCategories2 - I set GET api endpoints categories
09:19:35.560 [main] DEBUG net.thucydides.core.steps.StepInterceptor - STEP DONE: I set GET api endpoints categories
09:19:35.564 [main] DEBUG org.apache.http.impl.conn.BasicClientConnectionManager - Get connection for route {s}->https://altashop-api.fly.dev:443
09:19:35.564 [main] DEBUG org.apache.http.impl.conn.DefaultClientConnectionOperator - Connecting to altashop-api.fly.dev:443
09:19:35.609 [main] DEBUG org.apache.http.client.protocol.RequestAddCookies - CookieSpec selected: ignoreCookies
09:19:35.609 [main] DEBUG org.apache.http.client.protocol.RequestAuthCache - Auth cache not set in the context
09:19:35.609 [main] DEBUG org.apache.http.client.protocol.RequestTargetAuthentication - Target auth state: UNCHALLENGED
09:19:35.609 [main] DEBUG org.apache.http.client.protocol.RequestProxyAuthentication - Proxy auth state: UNCHALLENGED
09:19:35.609 [main] DEBUG org.apache.http.impl.client.DefaultHttpClient - Attempt 1 to execute request
09:19:35.609 [main] DEBUG org.apache.http.impl.conn.DefaultClientConnection - Sending request: GET /api/categories HTTP/1.1
09:19:35.609 [main] DEBUG org.apache.http.wire -  >> "GET /api/categories HTTP/1.1[\r][\n]"
09:19:35.609 [main] DEBUG org.apache.http.wire -  >> "Accept: */*[\r][\n]"
09:19:35.609 [main] DEBUG org.apache.http.wire -  >> "Host: altashop-api.fly.dev[\r][\n]"
09:19:35.609 [main] DEBUG org.apache.http.wire -  >> "Connection: Keep-Alive[\r][\n]"
09:19:35.609 [main] DEBUG org.apache.http.wire -  >> "User-Agent: Apache-HttpClient/4.5.13 (Java/11.0.15.1)[\r][\n]"
09:19:35.609 [main] DEBUG org.apache.http.wire -  >> "Accept-Encoding: gzip,deflate[\r][\n]"
09:19:35.609 [main] DEBUG org.apache.http.wire -  >> "[\r][\n]"
09:19:35.609 [main] DEBUG org.apache.http.headers - >> GET /api/categories HTTP/1.1
09:19:35.609 [main] DEBUG org.apache.http.headers - >> Accept: */*
09:19:35.609 [main] DEBUG org.apache.http.headers - >> Host: altashop-api.fly.dev
09:19:35.609 [main] DEBUG org.apache.http.headers - >> Connection: Keep-Alive
09:19:35.609 [main] DEBUG org.apache.http.headers - >> User-Agent: Apache-HttpClient/4.5.13 (Java/11.0.15.1)
09:19:35.609 [main] DEBUG org.apache.http.headers - >> Accept-Encoding: gzip,deflate
09:19:35.630 [main] DEBUG org.apache.http.wire -  << "HTTP/1.1 200 OK[\r][\n]"
09:19:35.630 [main] DEBUG org.apache.http.wire -  << "content-type: application/json[\r][\n]"
09:19:35.630 [main] DEBUG org.apache.http.wire -  << "date: Sat, 06 May 2023 02:19:35 GMT[\r][\n]"
09:19:35.630 [main] DEBUG org.apache.http.wire -  << "transfer-encoding: chunked[\r][\n]"
09:19:35.630 [main] DEBUG org.apache.http.wire -  << "content-encoding: gzip[\r][\n]"
09:19:35.630 [main] DEBUG org.apache.http.wire -  << "server: Fly/3f2597ca (2023-05-03)[\r][\n]"
09:19:35.630 [main] DEBUG org.apache.http.wire -  << "via: 1.1 fly.io[\r][\n]"
09:19:35.630 [main] DEBUG org.apache.http.wire -  << "fly-request-id: 01GZQDQ09MRCFMTKRXJB58HFGR-sin[\r][\n]"
09:19:35.630 [main] DEBUG org.apache.http.wire -  << "[\r][\n]"
09:19:35.631 [main] DEBUG org.apache.http.impl.conn.DefaultClientConnection - Receiving response: HTTP/1.1 200 OK
09:19:35.631 [main] DEBUG org.apache.http.headers - << HTTP/1.1 200 OK
09:19:35.631 [main] DEBUG org.apache.http.headers - << content-type: application/json
09:19:35.631 [main] DEBUG org.apache.http.headers - << date: Sat, 06 May 2023 02:19:35 GMT
09:19:35.631 [main] DEBUG org.apache.http.headers - << transfer-encoding: chunked
09:19:35.631 [main] DEBUG org.apache.http.headers - << content-encoding: gzip
09:19:35.631 [main] DEBUG org.apache.http.headers - << server: Fly/3f2597ca (2023-05-03)
09:19:35.631 [main] DEBUG org.apache.http.headers - << via: 1.1 fly.io
09:19:35.631 [main] DEBUG org.apache.http.headers - << fly-request-id: 01GZQDQ09MRCFMTKRXJB58HFGR-sin
09:19:35.631 [main] DEBUG org.apache.http.impl.client.DefaultHttpClient - Connection can be kept alive indefinitely
09:19:35.631 [main] DEBUG io.restassured.internal.RestAssuredHttpBuilder - Parsing response as: application/json
09:19:35.631 [main] DEBUG org.apache.http.wire -  << "20B[\r][\n]"
09:19:35.631 [main] DEBUG org.apache.http.wire -  << "[0x1f][0x8b][0x8][0x0][0x0][0x0][0x0][0x0][0x4][0xff][0xaa]VJI,IT[0xb2][0x8a][0xae]V[0xf2]tQ[0xb2]24250[0xd1]Q[0xf2]K[0xcc]MU[0xb2]Rr+-[0xca][0xcb],)-JU[0xd2]QrI-N.[0xca],([0xc9][0xcc][0xcf]S[0xb2]RJ[0xcb]/RHO[0xcc][0xcd][0xcc]KW((-*[0xc8]/N-V[0xaa][0xd5]A[0x98]aJ[0x5]3[0xcc][0xe0]f(:([0xab][0xa8][0x92][0xec][0x6][0xb][0xb8]~[0xf2][0xfd]a[0x9]7[0x83],7[0x18][0x1a][0xc2][0xf5]CB[0x8b]TO[0x18][0x1a]Sj[0x0]"6[0xc9]t[0x1]"[0x1a][0xc8]4[0xc0][0x9c]R/ "[0x81]<[0x17][0x18][0x19]P[0xe8][0x2]##J[\r]@DcXjIjQf^bQ%FZH[0xcd]IM.)[0xca]L[0xce]L[0xcc]C[0xce]LF[0x88][0xcc][0xe4][0x9b][0xf][0xca][\n]"
09:19:35.631 [main] DEBUG org.apache.http.wire -  << "[0x1][0x99][0xc9][0xa0]\Y[0xac][0x90][0x98][0x97][0xa2][0xe0][0x96][0x99][0x93][0x8b]aTFbfQJQjqqj[0x11][0x8a]Q[0x88][0xb8][0xf0]([0xcd]M[0xcc]S[0x8]J-[0xce]/-JN-[0xc6]0[0xa1]<3/%[0xbf]\!9'51[0xf][0xcd][0x10]D|[0xb8][0xa6][0x94]&'[0x82][0x9d][0xe4][0x9b][0x98][0x97][0x98][0x9e][0x9a][0x9b][0x9a]W[0x82]aRA~Nfr[0xaa]B~ZZf2[0xaa]I[0xc6][0x88][0xec][0x11][0x94][0x98][0x99]S[0x94][0x9f][0x98][0xa2][0xe0][0x9b][0x98]W[0x9a][0x96][0x8][0xf6][0x1f][0x86]I[0x89]%%[0xf9]Ey[0xa9][0x95][\n]"
09:19:35.631 [main] DEBUG org.apache.http.wire -  << "[0x89]%[\n]"
09:19:35.631 [main] DEBUG org.apache.http.wire -  << "9[0x89][0xe5][0xc8]>3F[0x84][0xb0]SbIbz~[0x91]Bx~v)[0x86][0x11][0xce][0xa9][0xb9][0x99]9[0x89]y[\n]"
09:19:35.631 [main] DEBUG org.apache.http.wire -  << "[0xc5][0xa9][0x19] CR[0xab][0x12]K[0x14][0x92]R[0x8b][0xd2]3[0xab]2Q[0x8c][0xa3]4[0xdb][0x18]#"[\r][0x92]h[0xd3]1[0x9c]B[0xa0][0xc]5Fd[0xbc][0x92][0xd4][0xe2][0x12],Q[0x84][0xe2]`DiG[0xae]}[0x88]h%[0xc2]>[0x13]D[0xd4][0xb9][0x83][0xeb][0x1][0xc][0xef][0xb9][0xe1][0xaf]"L[0x10]y[\n]"
09:19:35.631 [main] DEBUG org.apache.http.wire -  << "[0x87][0x1][0xc8][0xde]3AD/[0x99][0xde]3A[0xc4](1[0xde]Cd[0x14]"\g[0x8a][0x8][0xc][0x88][0xeb]0[0x2][0x83]@\[0x9b]"[0x2][0x83]L[0x3][0x10][0xe1]C[0x8d][0xe4]o[0x8a][0x8],[0xaa][0x18][0x87][0xc8][0xc]T1[0xe][0x91]3[0xa8]b[0x1c]"[0xae][0xa9]b[0x1c]"'R[0xc5]8D[0xb6][0xa4][0x86]qf[0x94][0xd6][0x85]f[0xa0][0xb4][0xe][0x0][0x0][0x0][0xff][0xff]"
09:19:35.631 [main] DEBUG org.apache.http.wire -  << "[\r][\n]"
09:19:35.631 [main] DEBUG org.apache.http.wire -  << "423[\r][\n]"
09:19:35.631 [main] DEBUG org.apache.http.wire -  << "[0x82]4[0xf][0x1d][0xb3][0x93][0x12][0x8b][0x14][0x82]2[0xab][0xb2]+[0x15][0xdc][0x12]3[0x8a]J[0x8b][0xf2][0xab]0k[0xb5][0xdc][0xcc][0xbc]L[0x85][0x82][0xa2][0xfc][0xac][0xd4][0xe4][0x12][0xe4],m[0x86]H[0xf3]T[0xf1][0x18]"[0x7][0x90][0x97][0x85][0xcc][0x10]i[0x9e]L[0x3][0xa8][0x9b][0xca][0xcd][0x10][0xa9][0x9c]L[0xf7] [0xd2][0xb5]sbIjz~Q[0xa5][0x82]ciNf"F[0xe9][0x4][0x8a][0xa1]d[0x98][0x92]D[0xb0][0x12][0xa4][0xc6][0xbc][0x19]"A[0xe7]%[0xe6]&[0x82][0xe2]2[0xa5]4[0x1b][0xc3][0x90]l[0x88][0x1][0xe0][0xb8][0x6][0xc9]#[0x9b]@[0xdd]4l[0x8e]H[0x82][0xe4][0x85][0x8c]9"[0xe9][0x91]i[0x0][0xa5][0x89][0xcd][0x9c][0xd2][0xc4]f[0x8e]Hldz[0x81][0xd2][0xe4]e[0x8e]H[0x16]d[0xba][0x0][0x91]* [0x6][0x90][0xdc]D[0xb2]@[0x14]fD[0xd4][0xe9][0x16][0x94][0xc6][0xba][0x5][0xa5][0xb1]n[0x81][0x88]ub[0xdc]Ki[0xc]Y [\n]"
09:19:35.631 [main] DEBUG org.apache.http.wire -  << "[0x0]b[0xac]C[0x8f][0xe][0x8c][0x1c]N[0xa0][0x11]c[0x89][0x88][0x8d][0x90][0xd4]b[0xcc]~[0x80]g^[0xa6][0x2]H[0x2]4h[0xe0][0x9e][0x99][0x9a][0x83]\[0x19]XR[0x9a][0xa5]-)[0x8d]\KJ#[0xd7][0x12][0x11][0xb9][0x90][0xe4]Lr[0xf8]Q[0x9a][0xa5]-)M0[0x96][0x88][0x4]C[0xa6][0x17](-[0x13],[0x11][0x89][0x90]p[0x92]53[0xa0]0[0xd5][0x98][0x19] R[\r]1[0xd6]Q[0x18][0xc3]f[0x6][0x88][0x18]&[0xc6]:[\n]"
09:19:35.631 [main] DEBUG org.apache.http.wire -  << "c[0xc3][0xcc][0x0][0x11][0x1b]DX[0x87]4V[0x95][0x9b][0x98][0x9d][0x98][0x97][0x98][0x87][0x91][0x80]a[0xe2][0x88][0xaa][0xdd][0xcc][0x10][0x11][0x82]d%[0x19]3JG[0xb8][0xcc][0xc])[0x8d][0x15]CD[0xac][0x90][0xe9][0x5][\n]"
09:19:35.631 [main] DEBUG org.apache.http.wire -  << "[0xf3][0x9d][0x99]!"[0xa6][0xa9][0xd0][0x14]63D[0xc4]{xfQjNj1[0xe6][0xf0]NAFeqfrf1r[0x93][0xdc][0x8c][0xd2][0x81]23J[0x7][0xca][0xcc][0x8c]([0x8d]L#J[0xe3][0xc2][0x8][0x11]x8RCbq[\n]"
09:19:35.631 [main] DEBUG org.apache.http.wire -  << "R[0xd5]ef[0x84]Zd[0x81]j[0xb7][0x82][0xa2][0xfc][0x94][0xd2]d[0xcc][0x1a][0xb0]$#[0xb3]X![0xb3]X[0xa1]$#[0x15][0xd2][0x8a]N.QHA[0x1a]WG[0xca]W[0xc6][0x88][0xca][0x14][0x94]w[0xa9]e*[0xa2][0xc0]$d*[0xb2][0x17][0x8d][0x11][0x99][0x9c][0x90]6R[0xbc][0x88][0xa8]q[0x9][0x99][0x8a][0xe2][0x18]J[0xb3]+[0xda][0xc0][0x1a][0xb5][0x82][0x16][0x91][0x87]I[0xf1][\r][0xd2]8[0x1a]!m$[0x4]-[0xd2][0xe0][0x1a]!S[0x91][0x83][0x16]i[0x8c][0xc]G[0xda][0xc7][0xdf][0x4]43[0xa1]4[0xf7][0x99][0x10][0xcc]}[0x4]\`[0x8a][0xc8]7[0xe4]y[0x81][0xd2][0xa1]83S[0xe2][0x93]5[0x9]1jJi[0xaa]7EDM@~NfyQbI[0x6]F[0x5][0x1f][0x94]ZP[0x9a][0x92][0x99][0x98][0x97][0x92][0x98][0xaa][0x90][0x97]Z[0x9c][0x9c]Y[0x9a]W[0xa2][0x90]Z[0x91][0x9c]ZPRZ[0x94][0xa9][0x90][0x92][0x9f][0x93]_[0x94][0xaa][0x90]Z[0x9a][0xab]P[0x9c]ZX[0x9a][0xa9][0x87][0x9c]xL[0x11][0x19][0xc0]719#?[0x1b]s[0xd6]0[0xb0]4[0xb1]8S![0xad]4=Q!/?O[0xa1][0xb0]4?E!3[0xb7] 5%[0xb3]D[0xa1],5'[0xb3][0x4][0xd5]@J[0xd3][0x2][0xa5]c]fHCT[0x90][0xc4]Dj[0xf][0xd5][0xcc][0xc]51[0xe0][0x1f][0xc4]73CD[0xb2][0xa1][0x91][0xb1]Bb[0x16][0xe6]P[\r]([0xf9][0xe7][0xa6][0x16]%g`[0x9b]w5[0xa3]t[0xcc][0xc8][0xcc][0xc]Q[0x99]A|[0x8c][0x91]D@[0xe][0x80]Hau[0x81]9[0xa5][0xf9][0xcf][0x1c][0x11]b[0x10]kHv[0x1][0xa5]M[0x8]sDB&[0xcf][0x5]H[0xc3][0x12]d[0x1a]@i[0x18]X 2;[0x99]. [0x18][0x6][0xc8]Y[0x9f][0xd2][0xde][0xbb][0x19][0xe1][0xde];[0x8a]u[0x94][0xfa][0x8e]p?[0x17][0xc9]:sJ{[0x99][0xe6]H[0xbd]L[0xb2]b[0xc3][0xdc][0x80][0xc2][0xf4]`[0x8e][0xb4][0xa6][0x83]L[0x17] J&2[\r][0xa0]0[0xce][0xcc][\r]HI[0x91][0xe6]H[0x9d]Y[0xf2][0xdc]Ki[0xbf][0xd6][0x1c][0xa9]_[0x8b]c[0x6][0x11][0xff][0x4][0xa9]9R[0xb7][0x94]L[0x3][0x10]![0x86][0xc3][0x0][0xe4]T[0x8e][0xd4]i$3[0xc4][0x8]V[0x1d][0xc8][0xd6][0x19]![0x92]4[0xe][0xc7][0x11][0x8][0x1e][0xa4][0x9e]"[0xe][0x3]P[0xac][0xa3]4[0xf9][0x19]![0x2][0x13]G[0xf0] [[0x87][0xb4][0xb0][0x1][0x87]j[0xfc][0xd5][0xa8]9R[0x8f][0xb][0x87][0x1]([0xd6]Q[0xea];c[0x92]|[0x87][0xd4]g[0xc1][0xe1]8[0x2][0xbe]C[0xea][0x9e][0xe0]0[0x0][0xd9]wH[0x9d][\n]"
09:19:35.631 [main] DEBUG org.apache.http.wire -  << "B[0x9d][0x19][0xe2][0x1b][0xd4][0xe6]&[0x8]/[0x13]2[0x15][0xc5]1[0x88]TNH[0x1b][0x9][0x8e]AZ@[0x80]#1[0x13][0xc8][\r]H[0xbd][0x16][0x1c][0x6] {[0x2]iz[0x1f][0x87]jB[0xd6]![0xaa][0x3][0x1c][0x6][0xa0]X[0x87][0x8]j[0x1c][0xd1]M [0xbd][0x98]"z[0x2]8[0xac]#[0xe4]^D[0xac][0xe1]0[0x0][0xd9][0xbd]HS[0xdc]T[0x18][0x8e]3[0xc7][0xe8]E[0x90][0xd8][0xa2]5G[0xea]D[0x90][0x17]~HS[0xdb][0xb8][0x97]B[0xc2]e[0x14][0xbc]R[0xb][0x12][0x8b][0x12]QB[0x4][0xad][0x80][0x1][0x0][0x0][0x0][0xff][0xff]"
09:19:35.631 [main] DEBUG org.apache.http.wire -  << "[\r][\n]"
09:19:35.631 [main] DEBUG org.apache.http.wire -  << "35A[\r][\n]"
09:19:35.631 [main] DEBUG org.apache.http.wire -  << ""[0xb5][0x1f]dnFi[0x12][0xa0][0xb4]_aN[0xe9][0xa4][0xb1]9[0xa5][0x93][0xc6][0xe6]H=[0x1b]xXc$[0x5][0xb8][0xc][0x96]X[0xa0]t[0xce][0xd7][0xdc][0x1c][0x11][0x8d]nE[0xa5][0x99][0x98][0x3][0x94][0xc8]qNi7[0xc8][0x1c]i[0x82][0x98][0x8][0xdb][0x10]9[0x14][0xbb][0xe2][0xf4][0xfc][0xfc][0x14][0x5]P9[0x91][0x91][0x9a][0x98]S[0x92][0x81][0xec]RJ[0xfb][[0xe6][0x16][0x88]aQ[0xf2]2[0x18][0xa5]S[0xcb][0xe6][0x94]N-[0x9b]#M-[0x93][0xe9][0x5]D[0x91]N[0xa6][0x1][0x88][0xc4]E[0xa6][0x1][0x94][0x96][0x11][0x16][0x88]j[0x82]<[0x17] [0xcd]`[0x93]i[0x0][0xa5][0x9][0x89]pG[0x18][0x94][0x5] [0x8e][0xc3]6[0xfe]b[0x8e]4[0x8d]M[0x8d][0xba][0x8b][0xd2]ImsKJ[0x93][0x15][0xe1]Im[0xe4][0xa2][0x0][0xa9]gO[0x15][0xef]S[0x9c][0xa2][0x10][0xc5][0x1a]$[0xd2]0[\n]"
09:19:35.631 [main] DEBUG org.apache.http.wire -  << "|[0xfc][0xf1]ia@[0xe1]x[0x9a][0x5][0xa5][0xa3][0x17][0x16]H[0x93][0xd6][0xb0][0xf9]_[0xf4][0xdd] 0q[0xc4][0xfc][0x95][0x5]Rw[0xdd][0xdd][0xd1][0xd7][0xd3][0xcf][0x9d]d[0x8f]#[0x82][0xde]199[0xb5][0xb8]8[0xbf]([0x13][0xcb][0xf0]iI[0xbe]Bj^Fb^r[0xaa]BbAAjb[0x11][0x88][0x89][0x94]",[0xc][0x11][0x1]H[0x85][0x14]aA[0xe9][0xc0][0x82][0x5][0xd2][0xc0][0x2]U[0xdc][0x83][0xe8]GS[0xc5]8Dv[0xa5],[0xd4][0x11]e9E[0xe6][0x18]![\n]"
09:19:35.631 [main] DEBUG org.apache.http.wire -  << "T[0x8a][0xcc]1[0xa0]4[0x1f][0x1a]RX[0xbb]YP:[0xbe]baH[0xa9][0x17]([0x9d][0xdd][0xb7]@[0x9a][0xdd][0xa7](2[0x90][0xc6]~[0xc8]+[0x14][0x91][0xc6]~(s[0x8][0x95]R;[0xa5][0x8b][0xe],[0x8][0x8f].[0x11][0xa8]&[0x8][0xaf]Z d[0x0][0xa5][0xa9][0xb]i[0xc1][0x2][0x8e]HE.[0x95])[0x1d] [0xb3]@[0x1a] [0xa3]([0x9] -[0x6][0xc0][0xe1]l[0x2][0x1][0x87]4tF[0x99]C[0x10][0xf5][0x1d][0x99][0xe][0xa1]4[0x6]M[0x10]5%y.[0xa0]t\[0xd0][0x82][0xf0][0xb8] [0x81][0xc8][0xc0][0xd8]&Dj[0xab][0x83][0xd2][0x15][0x10][0x16]&[0x88]"[0x85][0xcc]@DT4[0x14][0xa5]'[0xa4][0xf1]M2[0x1d]Bi[0x82]4[0xa1]4AR[0xba][0x96][0xc3][0x2]iX[0x95][0x9c][0xed][0xbb][0x16]HK9[0xc8][0xb]C[0xa4][0x81]V2[\r]@$'[0x8a]R[0x3][0xd2][0xea][0xf][0xca][0xcc]A[0xb4][0xeb][0xc8][0xf4][0x10]"U[0x91][0x15]%Hk:([0xf2][0x8][0xd2][0x18]/y[0x1e][0xa1]tT[0xd7][0x82][0xd2]Q][0xb][0xa4]Q][0xf2][0x82][0x12]Q[0xd2][0x90][0x19][0x4][0x88][0xc4]@[0x9e][0x3](- [0x90][0x6][0x85][0xc9]r[0x0][0xa5]C[0xba][0x16]HC[0xba][0xe4]9[0x0][0x91][0xbd][0xc9][0x8b][0x2][0xa4][0x11]][0xf2][0x1c][0x80][0xc8][0x8e]d:[0x0][0x11][0x87]d9[0x80][0xd2][0xa1]W[0xb][0xa4][0xa1]W[0xf2][0x1c]@[0xe1]r![0xb][0xb]J[0xe3][0x10]i[0xb1][0xe]y>[0xa0]4[0xe]-([0x8c]CJ[0x97][0xff]X [0x8d]z[0x92][0x15][0x2][0x94][0x8e]RZ [0x8d]R[0x92][0xe7][0x0]DI[0x98][0x9c][0x9f]W[0x92][0x9f][0xa1][0xb][0xdd]N[0x89]m[0xc8][0xca]-[0xb1]8#3?/1)'[0x15][0xb9]Kd[0x89][0x88]F[0xc2]f`[0xaa]@[0x1a]{C[0xda]DCV[0xa6][0xb6][0xa4]t[0xcc][0xd0][0x92][0xd2][0x5]K[0x96]H[0x83][0x8e]dz[0x1][0x11]#d[0x1a][0x80][0xc8][0x14]8[0xa6][0x8c][0xf1][0xcf]9["[\r]<[0xe2]0[0x0])[0xf6]-[0x91][0x86][0x5]q[0xa8]&d[0x1d]b [0x10][0x87][0x1]([0xd6]![\n]"
09:19:35.631 [main] DEBUG org.apache.http.wire -  << "-[0x1c][0xaa][0x9]Y[0x87]h<[0xe0]0[0x0][0xc5]:D[0xda]&/6([0x1d][0xfc][0xb2][0xa4]t[0xf0][0xcb][0x12]i$[0x92]</ [0x8d][0x9e][0x91]i[0x0]"[0x86][0xc9]4[0x80][0xc2][0xaa][0xce][0x12]i[0x9c][0xb]G[0xa4][0x13]H5H[0xe3]\8[0xc]@N5H;k[0xc8][0xf3]0[0xa5][0xa3]L[0x96]H[0xa3]L8[0xdc]K[0xc0][0xc3]H[0xc7][0xd2][0xe0]0[0x0][0xd9][0xc3][0x18][0x87][0xc6][0x90]8|aI[0xe9]h[0x96][0xa5]1"[0xa3][0xe2]p/![0xf][0x13],6[0x91]=[0x8c]4bD[0x9e]uH#F8[0xc]P[0xaa][0x8d][0xad][0xe5][0x2][0x0][0x0][0x0][0xff][0xff]"
09:19:35.631 [main] DEBUG org.apache.http.wire -  << "[\r][\n]"
09:19:35.631 [main] DEBUG org.apache.http.wire -  << "A[\r][\n]"
09:19:35.631 [main] DEBUG org.apache.http.wire -  << "[0x3][0x0]([0xe1][0xe5][0x19][0xe6]L[0x0][0x0]"
09:19:35.631 [main] DEBUG org.apache.http.wire -  << "[\r][\n]"
09:19:35.631 [main] DEBUG org.apache.http.wire -  << "0[\r][\n]"
09:19:35.631 [main] DEBUG org.apache.http.wire -  << "[\r][\n]"
09:19:35.631 [main] DEBUG io.restassured.internal.RestAssuredHttpBuilder - Parsed data to instance of: class org.apache.http.conn.EofSensorInputStream
09:19:35.632 [main] DEBUG org.apache.http.impl.conn.BasicClientConnectionManager - Releasing connection org.apache.http.impl.conn.ManagedClientConnectionImpl@558ed473
09:19:35.632 [main] DEBUG org.apache.http.impl.conn.BasicClientConnectionManager - Connection can be kept alive indefinitely
09:19:35.639 [main] DEBUG net.thucydides.core.steps.StepInterceptor - STEP DONE: I send GET HTTP request categories2
  &amp#27;[32mWhen &amp#27;[0m&amp#27;[32mI send GET HTTP request categories2&amp#27;[0m               &amp#27;[90m# starter.stepdefinitions.CategoriesSteps.sendGetHttpRequestCategories2()&amp#27;[0m
09:19:35.641 [main] DEBUG net.thucydides.core.steps.StepInterceptor - STARTING STEP: CategoriesSteps.receiveValidHttp200Categories - I receive valid HTTP response code 200 categories
09:19:35.642 [main] DEBUG net.thucydides.core.steps.StepInterceptor - STEP DONE: I receive valid HTTP response code 200 categories
  &amp#27;[32mThen &amp#27;[0m&amp#27;[32mI receive valid HTTP response code 200 categories&amp#27;[0m &amp#27;[90m# starter.stepdefinitions.CategoriesSteps.receiveValidHttp200Categories()&amp#27;[0m
09:19:35.643 [main] INFO  - 
  _____   ___   ___   _____     ___     _     ___   ___   ___   ___  
 |_   _| | __| / __| |_   _|   | _ \   /_\   / __| / __| | __| |   \ 
   | |   | _|  \__ \   | |     |  _/  / _ \  \__ \ \__ \ | _|  | |) |
   |_|   |___| |___/   |_|     |_|   /_/ \_\ |___/ |___/ |___| |___/ 

GET - Get categories by ID
----------------------------------------------------------------------
]]></system-out>
  </testcase>
  <testcase name="DEL - Delete category with ID" classname="Categories" time="0.09">
    <system-out><![CDATA[
Scenario: DEL - Delete category with ID                  &amp#27;[90m# src/test/resources/features/4. Categories.feature:32&amp#27;[0m
09:19:35.646 [main] DEBUG io.cucumber.core.plugin.SerenityReporter - Running feature from file:///E:/APIMinpro/API/minpro/src/test/resources/features/4.%20Categories.feature
09:19:35.648 [main] INFO  - 
  _____   ___   ___   _____     ___   _____     _     ___   _____   ___   ___  
 |_   _| | __| / __| |_   _|   / __| |_   _|   /_\   | _ \ |_   _| | __| |   \ 
   | |   | _|  \__ \   | |     \__ \   | |    / _ \  |   /   | |   | _|  | |) |
   |_|   |___| |___/   |_|     |___/   |_|   /_/ \_\ |_|_\   |_|   |___| |___/ 

DEL - Delete category with ID(categories;del---delete-category-with-id)
--------------------------------------------------------------------------------
09:19:35.654 [main] DEBUG net.thucydides.core.steps.StepInterceptor - STARTING STEP: CategoriesSteps.setDelApiEndpoints - I set DEL api endpoints categories
09:19:35.654 [main] DEBUG net.thucydides.core.steps.StepInterceptor - STEP DONE: I set DEL api endpoints categories
  &amp#27;[32mGiven &amp#27;[0m&amp#27;[32mI set DEL api endpoints categories&amp#27;[0m               &amp#27;[90m# starter.stepdefinitions.CategoriesSteps.setDelApiEndpoints()&amp#27;[0m
09:19:35.657 [main] DEBUG net.thucydides.core.steps.StepInterceptor - STARTING STEP: CategoriesSteps.sendDelHttpRequestCategoriesDel - I send DEL HTTP request categories
09:19:35.658 [main] DEBUG net.thucydides.core.steps.StepInterceptor - STARTING STEP: Categories.sendDelHttpRequestCategories - I set DEL api endpoints categories
09:19:35.658 [main] DEBUG net.thucydides.core.steps.StepInterceptor - STEP DONE: I set DEL api endpoints categories
09:19:35.664 [main] DEBUG org.apache.http.impl.conn.BasicClientConnectionManager - Get connection for route {s}->https://altashop-api.fly.dev:443
09:19:35.665 [main] DEBUG org.apache.http.impl.conn.DefaultClientConnectionOperator - Connecting to altashop-api.fly.dev:443
09:19:35.707 [main] DEBUG org.apache.http.client.protocol.RequestAddCookies - CookieSpec selected: ignoreCookies
09:19:35.707 [main] DEBUG org.apache.http.client.protocol.RequestAuthCache - Auth cache not set in the context
09:19:35.707 [main] DEBUG org.apache.http.client.protocol.RequestTargetAuthentication - Target auth state: UNCHALLENGED
09:19:35.707 [main] DEBUG org.apache.http.client.protocol.RequestProxyAuthentication - Proxy auth state: UNCHALLENGED
09:19:35.707 [main] DEBUG org.apache.http.impl.client.DefaultHttpClient - Attempt 1 to execute request
09:19:35.707 [main] DEBUG org.apache.http.impl.conn.DefaultClientConnection - Sending request: DELETE /api/categories/12510 HTTP/1.1
09:19:35.707 [main] DEBUG org.apache.http.wire -  >> "DELETE /api/categories/12510 HTTP/1.1[\r][\n]"
09:19:35.707 [main] DEBUG org.apache.http.wire -  >> "Accept: */*[\r][\n]"
09:19:35.707 [main] DEBUG org.apache.http.wire -  >> "Host: altashop-api.fly.dev[\r][\n]"
09:19:35.707 [main] DEBUG org.apache.http.wire -  >> "Connection: Keep-Alive[\r][\n]"
09:19:35.707 [main] DEBUG org.apache.http.wire -  >> "User-Agent: Apache-HttpClient/4.5.13 (Java/11.0.15.1)[\r][\n]"
09:19:35.708 [main] DEBUG org.apache.http.wire -  >> "Accept-Encoding: gzip,deflate[\r][\n]"
09:19:35.708 [main] DEBUG org.apache.http.wire -  >> "[\r][\n]"
09:19:35.708 [main] DEBUG org.apache.http.headers - >> DELETE /api/categories/12510 HTTP/1.1
09:19:35.708 [main] DEBUG org.apache.http.headers - >> Accept: */*
09:19:35.708 [main] DEBUG org.apache.http.headers - >> Host: altashop-api.fly.dev
09:19:35.708 [main] DEBUG org.apache.http.headers - >> Connection: Keep-Alive
09:19:35.708 [main] DEBUG org.apache.http.headers - >> User-Agent: Apache-HttpClient/4.5.13 (Java/11.0.15.1)
09:19:35.708 [main] DEBUG org.apache.http.headers - >> Accept-Encoding: gzip,deflate
09:19:35.728 [main] DEBUG org.apache.http.wire -  << "HTTP/1.1 200 OK[\r][\n]"
09:19:35.728 [main] DEBUG org.apache.http.wire -  << "content-type: application/json[\r][\n]"
09:19:35.728 [main] DEBUG org.apache.http.wire -  << "date: Sat, 06 May 2023 02:19:35 GMT[\r][\n]"
09:19:35.728 [main] DEBUG org.apache.http.wire -  << "content-encoding: gzip[\r][\n]"
09:19:35.728 [main] DEBUG org.apache.http.wire -  << "transfer-encoding: chunked[\r][\n]"
09:19:35.728 [main] DEBUG org.apache.http.wire -  << "server: Fly/3f2597ca (2023-05-03)[\r][\n]"
09:19:35.728 [main] DEBUG org.apache.http.wire -  << "via: 1.1 fly.io[\r][\n]"
09:19:35.728 [main] DEBUG org.apache.http.wire -  << "fly-request-id: 01GZQDQ0CPTES897JBNYS19WZ0-sin[\r][\n]"
09:19:35.728 [main] DEBUG org.apache.http.wire -  << "[\r][\n]"
09:19:35.728 [main] DEBUG org.apache.http.impl.conn.DefaultClientConnection - Receiving response: HTTP/1.1 200 OK
09:19:35.728 [main] DEBUG org.apache.http.headers - << HTTP/1.1 200 OK
09:19:35.728 [main] DEBUG org.apache.http.headers - << content-type: application/json
09:19:35.728 [main] DEBUG org.apache.http.headers - << date: Sat, 06 May 2023 02:19:35 GMT
09:19:35.728 [main] DEBUG org.apache.http.headers - << content-encoding: gzip
09:19:35.728 [main] DEBUG org.apache.http.headers - << transfer-encoding: chunked
09:19:35.728 [main] DEBUG org.apache.http.headers - << server: Fly/3f2597ca (2023-05-03)
09:19:35.728 [main] DEBUG org.apache.http.headers - << via: 1.1 fly.io
09:19:35.728 [main] DEBUG org.apache.http.headers - << fly-request-id: 01GZQDQ0CPTES897JBNYS19WZ0-sin
09:19:35.728 [main] DEBUG org.apache.http.impl.client.DefaultHttpClient - Connection can be kept alive indefinitely
09:19:35.728 [main] DEBUG io.restassured.internal.RestAssuredHttpBuilder - Parsing response as: application/json
09:19:35.728 [main] DEBUG org.apache.http.wire -  << "22[\r][\n]"
09:19:35.728 [main] DEBUG org.apache.http.wire -  << "[0x1f][0x8b][0x8][0x0][0x0][0x0][0x0][0x0][0x4][0xff][0xab]VJI,IT[0xb2][0xca]+[0xcd][0xc9][0xa9][0xe5][0x2][0x0][0xa3][0xab][0x8f]W[0xe][0x0][0x0][0x0]"
09:19:35.728 [main] DEBUG org.apache.http.wire -  << "[\r][\n]"
09:19:35.728 [main] DEBUG org.apache.http.wire -  << "0[\r][\n]"
09:19:35.728 [main] DEBUG org.apache.http.wire -  << "[\r][\n]"
09:19:35.728 [main] DEBUG io.restassured.internal.RestAssuredHttpBuilder - Parsed data to instance of: class org.apache.http.conn.EofSensorInputStream
09:19:35.729 [main] DEBUG org.apache.http.impl.conn.BasicClientConnectionManager - Releasing connection org.apache.http.impl.conn.ManagedClientConnectionImpl@6ca30886
09:19:35.729 [main] DEBUG org.apache.http.impl.conn.BasicClientConnectionManager - Connection can be kept alive indefinitely
09:19:35.730 [main] DEBUG net.thucydides.core.steps.StepInterceptor - STEP DONE: I send DEL HTTP request categories
  &amp#27;[32mWhen &amp#27;[0m&amp#27;[32mI send DEL HTTP request categories&amp#27;[0m                &amp#27;[90m# starter.stepdefinitions.CategoriesSteps.sendDelHttpRequestCategoriesDel()&amp#27;[0m
09:19:35.732 [main] DEBUG net.thucydides.core.steps.StepInterceptor - STARTING STEP: CategoriesSteps.receiveValidHttp200Categories - I receive valid HTTP response code 200 categories
09:19:35.732 [main] DEBUG net.thucydides.core.steps.StepInterceptor - STEP DONE: I receive valid HTTP response code 200 categories
  &amp#27;[32mThen &amp#27;[0m&amp#27;[32mI receive valid HTTP response code 200 categories&amp#27;[0m &amp#27;[90m# starter.stepdefinitions.CategoriesSteps.receiveValidHttp200Categories()&amp#27;[0m
09:19:35.734 [main] INFO  - 
  _____   ___   ___   _____     ___     _     ___   ___   ___   ___  
 |_   _| | __| / __| |_   _|   | _ \   /_\   / __| / __| | __| |   \ 
   | |   | _|  \__ \   | |     |  _/  / _ \  \__ \ \__ \ | _|  | |) |
   |_|   |___| |___/   |_|     |_|   /_/ \_\ |___/ |___/ |___| |___/ 

DEL - Delete category with ID
----------------------------------------------------------------------
]]></system-out>
  </testcase>
  <testcase name="DEL - Delete category with invalid ID" classname="Categories" time="0.092">
    <system-out><![CDATA[
Scenario: DEL - Delete category with invalid ID          &amp#27;[90m# src/test/resources/features/4. Categories.feature:37&amp#27;[0m
09:19:35.737 [main] DEBUG io.cucumber.core.plugin.SerenityReporter - Running feature from file:///E:/APIMinpro/API/minpro/src/test/resources/features/4.%20Categories.feature
09:19:35.739 [main] INFO  - 
  _____   ___   ___   _____     ___   _____     _     ___   _____   ___   ___  
 |_   _| | __| / __| |_   _|   / __| |_   _|   /_\   | _ \ |_   _| | __| |   \ 
   | |   | _|  \__ \   | |     \__ \   | |    / _ \  |   /   | |   | _|  | |) |
   |_|   |___| |___/   |_|     |___/   |_|   /_/ \_\ |_|_\   |_|   |___| |___/ 

DEL - Delete category with invalid ID(categories;del---delete-category-with-invalid-id)
--------------------------------------------------------------------------------
09:19:35.743 [main] DEBUG net.thucydides.core.steps.StepInterceptor - STARTING STEP: CategoriesSteps.setDelApiEndpoints2 - I set DEL api endpoints categories2
09:19:35.744 [main] DEBUG net.thucydides.core.steps.StepInterceptor - STEP DONE: I set DEL api endpoints categories2
  &amp#27;[32mGiven &amp#27;[0m&amp#27;[32mI set DEL api endpoints categories2&amp#27;[0m              &amp#27;[90m# starter.stepdefinitions.CategoriesSteps.setDelApiEndpoints2()&amp#27;[0m
09:19:35.746 [main] DEBUG net.thucydides.core.steps.StepInterceptor - STARTING STEP: CategoriesSteps.sendDelHttpRequestCategoriesDel2 - I send DEL HTTP request categories2
09:19:35.747 [main] DEBUG net.thucydides.core.steps.StepInterceptor - STARTING STEP: Categories.sendDelHttpRequestCategories2 - I set DEL api endpoints categories2
09:19:35.747 [main] DEBUG net.thucydides.core.steps.StepInterceptor - STEP DONE: I set DEL api endpoints categories2
09:19:35.751 [main] DEBUG org.apache.http.impl.conn.BasicClientConnectionManager - Get connection for route {s}->https://altashop-api.fly.dev:443
09:19:35.752 [main] DEBUG org.apache.http.impl.conn.DefaultClientConnectionOperator - Connecting to altashop-api.fly.dev:443
09:19:35.798 [main] DEBUG org.apache.http.client.protocol.RequestAddCookies - CookieSpec selected: ignoreCookies
09:19:35.798 [main] DEBUG org.apache.http.client.protocol.RequestAuthCache - Auth cache not set in the context
09:19:35.798 [main] DEBUG org.apache.http.client.protocol.RequestTargetAuthentication - Target auth state: UNCHALLENGED
09:19:35.798 [main] DEBUG org.apache.http.client.protocol.RequestProxyAuthentication - Proxy auth state: UNCHALLENGED
09:19:35.798 [main] DEBUG org.apache.http.impl.client.DefaultHttpClient - Attempt 1 to execute request
09:19:35.798 [main] DEBUG org.apache.http.impl.conn.DefaultClientConnection - Sending request: DELETE /api/categories/-12510 HTTP/1.1
09:19:35.798 [main] DEBUG org.apache.http.wire -  >> "DELETE /api/categories/-12510 HTTP/1.1[\r][\n]"
09:19:35.798 [main] DEBUG org.apache.http.wire -  >> "Accept: */*[\r][\n]"
09:19:35.798 [main] DEBUG org.apache.http.wire -  >> "Host: altashop-api.fly.dev[\r][\n]"
09:19:35.798 [main] DEBUG org.apache.http.wire -  >> "Connection: Keep-Alive[\r][\n]"
09:19:35.798 [main] DEBUG org.apache.http.wire -  >> "User-Agent: Apache-HttpClient/4.5.13 (Java/11.0.15.1)[\r][\n]"
09:19:35.798 [main] DEBUG org.apache.http.wire -  >> "Accept-Encoding: gzip,deflate[\r][\n]"
09:19:35.798 [main] DEBUG org.apache.http.wire -  >> "[\r][\n]"
09:19:35.798 [main] DEBUG org.apache.http.headers - >> DELETE /api/categories/-12510 HTTP/1.1
09:19:35.798 [main] DEBUG org.apache.http.headers - >> Accept: */*
09:19:35.798 [main] DEBUG org.apache.http.headers - >> Host: altashop-api.fly.dev
09:19:35.798 [main] DEBUG org.apache.http.headers - >> Connection: Keep-Alive
09:19:35.798 [main] DEBUG org.apache.http.headers - >> User-Agent: Apache-HttpClient/4.5.13 (Java/11.0.15.1)
09:19:35.798 [main] DEBUG org.apache.http.headers - >> Accept-Encoding: gzip,deflate
09:19:35.821 [main] DEBUG org.apache.http.wire -  << "HTTP/1.1 500 Internal Server Error[\r][\n]"
09:19:35.821 [main] DEBUG org.apache.http.wire -  << "content-type: application/json[\r][\n]"
09:19:35.821 [main] DEBUG org.apache.http.wire -  << "date: Sat, 06 May 2023 02:19:35 GMT[\r][\n]"
09:19:35.821 [main] DEBUG org.apache.http.wire -  << "content-encoding: gzip[\r][\n]"
09:19:35.821 [main] DEBUG org.apache.http.wire -  << "transfer-encoding: chunked[\r][\n]"
09:19:35.821 [main] DEBUG org.apache.http.wire -  << "server: Fly/3f2597ca (2023-05-03)[\r][\n]"
09:19:35.821 [main] DEBUG org.apache.http.wire -  << "via: 1.1 fly.io[\r][\n]"
09:19:35.821 [main] DEBUG org.apache.http.wire -  << "fly-request-id: 01GZQDQ0FPHR7FZ9YQJMHY4NC2-sin[\r][\n]"
09:19:35.821 [main] DEBUG org.apache.http.wire -  << "[\r][\n]"
09:19:35.821 [main] DEBUG org.apache.http.impl.conn.DefaultClientConnection - Receiving response: HTTP/1.1 500 Internal Server Error
09:19:35.821 [main] DEBUG org.apache.http.headers - << HTTP/1.1 500 Internal Server Error
09:19:35.821 [main] DEBUG org.apache.http.headers - << content-type: application/json
09:19:35.821 [main] DEBUG org.apache.http.headers - << date: Sat, 06 May 2023 02:19:35 GMT
09:19:35.821 [main] DEBUG org.apache.http.headers - << content-encoding: gzip
09:19:35.821 [main] DEBUG org.apache.http.headers - << transfer-encoding: chunked
09:19:35.821 [main] DEBUG org.apache.http.headers - << server: Fly/3f2597ca (2023-05-03)
09:19:35.821 [main] DEBUG org.apache.http.headers - << via: 1.1 fly.io
09:19:35.821 [main] DEBUG org.apache.http.headers - << fly-request-id: 01GZQDQ0FPHR7FZ9YQJMHY4NC2-sin
09:19:35.821 [main] DEBUG org.apache.http.impl.client.DefaultHttpClient - Connection can be kept alive indefinitely
09:19:35.822 [main] DEBUG io.restassured.internal.RestAssuredHttpBuilder - Parsing response as: application/json
09:19:35.822 [main] DEBUG org.apache.http.wire -  << "5C[\r][\n]"
09:19:35.822 [main] DEBUG org.apache.http.wire -  << "[0x1f][0x8b][0x8][0x0][0x0][0x0][0x0][0x0][0x4][0xff][0xab]VJ-*[0xca]/R[0xb2]R2[0xb4]01137110767[0xb0]45[0xb6]440S[0xc8],VH/JM,I-R([0xc9]H[0xcc]S[0xc8]M[0xac][0xc8][0xcc]-[0xcd]U(K[0xcc])MUH[0xcb]/R[0xf0][0xcc]+1Q[0xaa][0xe5][0x2][0x0]g[0xb3][0xb][0x10]H[0x0][0x0][0x0]"
09:19:35.822 [main] DEBUG org.apache.http.wire -  << "[\r][\n]"
09:19:35.822 [main] DEBUG org.apache.http.wire -  << "0[\r][\n]"
09:19:35.822 [main] DEBUG org.apache.http.wire -  << "[\r][\n]"
09:19:35.822 [main] DEBUG io.restassured.internal.RestAssuredHttpBuilder - Parsed data to instance of: class org.apache.http.conn.EofSensorInputStream
09:19:35.822 [main] DEBUG org.apache.http.impl.conn.BasicClientConnectionManager - Releasing connection org.apache.http.impl.conn.ManagedClientConnectionImpl@3183a37c
09:19:35.822 [main] DEBUG org.apache.http.impl.conn.BasicClientConnectionManager - Connection can be kept alive indefinitely
09:19:35.823 [main] DEBUG net.thucydides.core.steps.StepInterceptor - STEP DONE: I send DEL HTTP request categories2
  &amp#27;[32mWhen &amp#27;[0m&amp#27;[32mI send DEL HTTP request categories2&amp#27;[0m               &amp#27;[90m# starter.stepdefinitions.CategoriesSteps.sendDelHttpRequestCategoriesDel2()&amp#27;[0m
09:19:35.825 [main] DEBUG net.thucydides.core.steps.StepInterceptor - STARTING STEP: CategoriesSteps.receiveValidHttp500Categories - I receive valid HTTP response code 500 categories
09:19:35.825 [main] DEBUG net.thucydides.core.steps.StepInterceptor - STEP DONE: I receive valid HTTP response code 500 categories
  &amp#27;[32mThen &amp#27;[0m&amp#27;[32mI receive valid HTTP response code 500 categories&amp#27;[0m &amp#27;[90m# starter.stepdefinitions.CategoriesSteps.receiveValidHttp500Categories()&amp#27;[0m
09:19:35.826 [main] INFO  - 
  _____   ___   ___   _____     ___     _     ___   ___   ___   ___  
 |_   _| | __| / __| |_   _|   | _ \   /_\   / __| / __| | __| |   \ 
   | |   | _|  \__ \   | |     |  _/  / _ \  \__ \ \__ \ | _|  | |) |
   |_|   |___| |___/   |_|     |_|   /_/ \_\ |___/ |___/ |___| |___/ 

DEL - Delete category with invalid ID
----------------------------------------------------------------------
]]></system-out>
  </testcase>
  <testcase name="POST - Add new product product" classname="Product" time="0.106">
    <system-out><![CDATA[09:19:35.827 [main] DEBUG io.cucumber.core.plugin.SerenityReporter - Running feature from file:///E:/APIMinpro/API/minpro/src/test/resources/features/5.%20Product.feature
09:19:35.829 [main] DEBUG net.thucydides.core.steps.StepEventBus - Test suite started for story net.thucydides.core.model.Story@5c78189e
09:19:35.829 [main] INFO  - Test Suite Started: Product

Scenario: POST - Add new product product              &amp#27;[90m# src/test/resources/features/5. Product.feature:7&amp#27;[0m
09:19:35.832 [main] DEBUG io.cucumber.core.plugin.SerenityReporter - Running feature from file:///E:/APIMinpro/API/minpro/src/test/resources/features/5.%20Product.feature
09:19:35.833 [main] INFO  - 
  _____   ___   ___   _____     ___   _____     _     ___   _____   ___   ___  
 |_   _| | __| / __| |_   _|   / __| |_   _|   /_\   | _ \ |_   _| | __| |   \ 
   | |   | _|  \__ \   | |     \__ \   | |    / _ \  |   /   | |   | _|  | |) |
   |_|   |___| |___/   |_|     |___/   |_|   /_/ \_\ |_|_\   |_|   |___| |___/ 

POST - Add new product product(product;post---add-new-product-product)
--------------------------------------------------------------------------------
09:19:35.847 [main] DEBUG net.thucydides.core.steps.StepInterceptor - STARTING STEP: ProductSteps.setPostApiEndpointsProduct - I set POST api endpoints product
09:19:35.847 [main] DEBUG net.thucydides.core.steps.StepInterceptor - STEP DONE: I set POST api endpoints product
  &amp#27;[32mGiven &amp#27;[0m&amp#27;[32mI set POST api endpoints product&amp#27;[0m              &amp#27;[90m# starter.stepdefinitions.ProductSteps.setPostApiEndpointsProduct()&amp#27;[0m
09:19:35.849 [main] DEBUG net.thucydides.core.steps.StepInterceptor - STARTING STEP: ProductSteps.sendPostHttpRequestProduct - I send POST HTTP request product
09:19:35.852 [main] DEBUG net.thucydides.core.steps.StepInterceptor - STARTING STEP: Product.sendPostHttpRequestProduct - I set POST api endpoints product
09:19:35.852 [main] DEBUG net.thucydides.core.steps.StepInterceptor - STEP DONE: I set POST api endpoints product
09:19:35.858 [main] DEBUG org.apache.http.impl.conn.BasicClientConnectionManager - Get connection for route {s}->https://altashop-api.fly.dev:443
09:19:35.858 [main] DEBUG org.apache.http.impl.conn.DefaultClientConnectionOperator - Connecting to altashop-api.fly.dev:443
09:19:35.905 [main] DEBUG org.apache.http.client.protocol.RequestAddCookies - CookieSpec selected: ignoreCookies
09:19:35.905 [main] DEBUG org.apache.http.client.protocol.RequestAuthCache - Auth cache not set in the context
09:19:35.905 [main] DEBUG org.apache.http.client.protocol.RequestTargetAuthentication - Target auth state: UNCHALLENGED
09:19:35.905 [main] DEBUG org.apache.http.client.protocol.RequestProxyAuthentication - Proxy auth state: UNCHALLENGED
09:19:35.905 [main] DEBUG org.apache.http.impl.client.DefaultHttpClient - Attempt 1 to execute request
09:19:35.905 [main] DEBUG org.apache.http.impl.conn.DefaultClientConnection - Sending request: POST /api/products HTTP/1.1
09:19:35.906 [main] DEBUG org.apache.http.wire -  >> "POST /api/products HTTP/1.1[\r][\n]"
09:19:35.906 [main] DEBUG org.apache.http.wire -  >> "Accept: */*[\r][\n]"
09:19:35.906 [main] DEBUG org.apache.http.wire -  >> "Content-Type: application/json[\r][\n]"
09:19:35.906 [main] DEBUG org.apache.http.wire -  >> "Content-Length: 76[\r][\n]"
09:19:35.906 [main] DEBUG org.apache.http.wire -  >> "Host: altashop-api.fly.dev[\r][\n]"
09:19:35.906 [main] DEBUG org.apache.http.wire -  >> "Connection: Keep-Alive[\r][\n]"
09:19:35.906 [main] DEBUG org.apache.http.wire -  >> "User-Agent: Apache-HttpClient/4.5.13 (Java/11.0.15.1)[\r][\n]"
09:19:35.906 [main] DEBUG org.apache.http.wire -  >> "Accept-Encoding: gzip,deflate[\r][\n]"
09:19:35.906 [main] DEBUG org.apache.http.wire -  >> "[\r][\n]"
09:19:35.906 [main] DEBUG org.apache.http.headers - >> POST /api/products HTTP/1.1
09:19:35.906 [main] DEBUG org.apache.http.headers - >> Accept: */*
09:19:35.906 [main] DEBUG org.apache.http.headers - >> Content-Type: application/json
09:19:35.906 [main] DEBUG org.apache.http.headers - >> Content-Length: 76
09:19:35.906 [main] DEBUG org.apache.http.headers - >> Host: altashop-api.fly.dev
09:19:35.906 [main] DEBUG org.apache.http.headers - >> Connection: Keep-Alive
09:19:35.906 [main] DEBUG org.apache.http.headers - >> User-Agent: Apache-HttpClient/4.5.13 (Java/11.0.15.1)
09:19:35.906 [main] DEBUG org.apache.http.headers - >> Accept-Encoding: gzip,deflate
09:19:35.906 [main] DEBUG org.apache.http.wire -  >> "{"price":499,"name":"XBOX1","description":"For gaming","categories":[12541]}"
09:19:35.930 [main] DEBUG org.apache.http.wire -  << "HTTP/1.1 200 OK[\r][\n]"
09:19:35.930 [main] DEBUG org.apache.http.wire -  << "content-type: application/json[\r][\n]"
09:19:35.930 [main] DEBUG org.apache.http.wire -  << "date: Sat, 06 May 2023 02:19:35 GMT[\r][\n]"
09:19:35.930 [main] DEBUG org.apache.http.wire -  << "content-encoding: gzip[\r][\n]"
09:19:35.930 [main] DEBUG org.apache.http.wire -  << "transfer-encoding: chunked[\r][\n]"
09:19:35.930 [main] DEBUG org.apache.http.wire -  << "server: Fly/3f2597ca (2023-05-03)[\r][\n]"
09:19:35.930 [main] DEBUG org.apache.http.wire -  << "via: 1.1 fly.io[\r][\n]"
09:19:35.930 [main] DEBUG org.apache.http.wire -  << "fly-request-id: 01GZQDQ0K0NNR22NGAK656CBMK-sin[\r][\n]"
09:19:35.930 [main] DEBUG org.apache.http.wire -  << "[\r][\n]"
09:19:35.930 [main] DEBUG org.apache.http.impl.conn.DefaultClientConnection - Receiving response: HTTP/1.1 200 OK
09:19:35.930 [main] DEBUG org.apache.http.headers - << HTTP/1.1 200 OK
09:19:35.930 [main] DEBUG org.apache.http.headers - << content-type: application/json
09:19:35.930 [main] DEBUG org.apache.http.headers - << date: Sat, 06 May 2023 02:19:35 GMT
09:19:35.930 [main] DEBUG org.apache.http.headers - << content-encoding: gzip
09:19:35.930 [main] DEBUG org.apache.http.headers - << transfer-encoding: chunked
09:19:35.930 [main] DEBUG org.apache.http.headers - << server: Fly/3f2597ca (2023-05-03)
09:19:35.930 [main] DEBUG org.apache.http.headers - << via: 1.1 fly.io
09:19:35.930 [main] DEBUG org.apache.http.headers - << fly-request-id: 01GZQDQ0K0NNR22NGAK656CBMK-sin
09:19:35.930 [main] DEBUG org.apache.http.impl.client.DefaultHttpClient - Connection can be kept alive indefinitely
09:19:35.930 [main] DEBUG io.restassured.internal.RestAssuredHttpBuilder - Parsing response as: application/json
09:19:35.930 [main] DEBUG org.apache.http.wire -  << "93[\r][\n]"
09:19:35.931 [main] DEBUG org.apache.http.wire -  << "[0x1f][0x8b][0x8][0x0][0x0][0x0][0x0][0x0][0x4][0xff][0xab]VJI,IT[0xb2][0xaa]V[0xf2]tQ[0xb2]24654[0xd4]Q[0xf2]K[0xcc]MU[0xb2]R[0x8a]p[0xf2][0x8f]0T[0xd2]QrI-N.[0xca],([0xc9][0xcc][0xcf]S[0xb2]Rr[0xcb]/RHO[0xcc][0xcd][0xcc]KW[0xd2]Q[\n]"
09:19:35.931 [main] DEBUG org.apache.http.wire -  << "([0xca]LNU[0xb2]2[0xb1][0xb4][0xd4]Q[\n]"
09:19:35.931 [main] DEBUG org.apache.http.wire -  << "J,[0xc9][0xcc]K/V[0xb2]2[0xd0]QrN,IM[0xcf]/[0xca]L-V[0xb2][0x8a][0x86][0x9a]mdj[0x82]0[0xdb][0x1d]f[0x2].[0xc3][0x15][\n]"
09:19:35.931 [main] DEBUG org.apache.http.wire -  << "J[0x8b][\n]"
09:19:35.931 [main] DEBUG org.apache.http.wire -  << "[0xf2][0x8b]S[0x8b][0x95]jckk[0xb9][0x0][0x91]DF[0xc3][0xa8][0x0][0x0][0x0]"
09:19:35.931 [main] DEBUG org.apache.http.wire -  << "[\r][\n]"
09:19:35.931 [main] DEBUG org.apache.http.wire -  << "0[\r][\n]"
09:19:35.931 [main] DEBUG org.apache.http.wire -  << "[\r][\n]"
09:19:35.931 [main] DEBUG io.restassured.internal.RestAssuredHttpBuilder - Parsed data to instance of: class org.apache.http.conn.EofSensorInputStream
09:19:35.931 [main] DEBUG org.apache.http.impl.conn.BasicClientConnectionManager - Releasing connection org.apache.http.impl.conn.ManagedClientConnectionImpl@9a74a93
09:19:35.931 [main] DEBUG org.apache.http.impl.conn.BasicClientConnectionManager - Connection can be kept alive indefinitely
09:19:35.932 [main] DEBUG net.thucydides.core.steps.StepInterceptor - STEP DONE: I send POST HTTP request product
  &amp#27;[32mWhen &amp#27;[0m&amp#27;[32mI send POST HTTP request product&amp#27;[0m               &amp#27;[90m# starter.stepdefinitions.ProductSteps.sendPostHttpRequestProduct()&amp#27;[0m
09:19:35.934 [main] DEBUG net.thucydides.core.steps.StepInterceptor - STARTING STEP: ProductSteps.receiveValidHttp200Product - I receive valid HTTP response code 200 product
09:19:35.934 [main] DEBUG net.thucydides.core.steps.StepInterceptor - STEP DONE: I receive valid HTTP response code 200 product
  &amp#27;[32mThen &amp#27;[0m&amp#27;[32mI receive valid HTTP response code 200 product&amp#27;[0m &amp#27;[90m# starter.stepdefinitions.ProductSteps.receiveValidHttp200Product()&amp#27;[0m
09:19:35.936 [main] INFO  - 
  _____   ___   ___   _____     ___     _     ___   ___   ___   ___  
 |_   _| | __| / __| |_   _|   | _ \   /_\   / __| / __| | __| |   \ 
   | |   | _|  \__ \   | |     |  _/  / _ \  \__ \ \__ \ | _|  | |) |
   |_|   |___| |___/   |_|     |_|   /_/ \_\ |___/ |___/ |___| |___/ 

POST - Add new product product
----------------------------------------------------------------------
]]></system-out>
  </testcase>
  <testcase name="POST - Add new product without fill name" classname="Product" time="0.101">
    <system-out><![CDATA[
Scenario: POST - Add new product without fill name    &amp#27;[90m# src/test/resources/features/5. Product.feature:12&amp#27;[0m
09:19:35.939 [main] DEBUG io.cucumber.core.plugin.SerenityReporter - Running feature from file:///E:/APIMinpro/API/minpro/src/test/resources/features/5.%20Product.feature
09:19:35.941 [main] INFO  - 
  _____   ___   ___   _____     ___   _____     _     ___   _____   ___   ___  
 |_   _| | __| / __| |_   _|   / __| |_   _|   /_\   | _ \ |_   _| | __| |   \ 
   | |   | _|  \__ \   | |     \__ \   | |    / _ \  |   /   | |   | _|  | |) |
   |_|   |___| |___/   |_|     |___/   |_|   /_/ \_\ |_|_\   |_|   |___| |___/ 

POST - Add new product without fill name(product;post---add-new-product-without-fill-name)
--------------------------------------------------------------------------------
09:19:35.951 [main] DEBUG net.thucydides.core.steps.StepInterceptor - STARTING STEP: ProductSteps.setPostApiEndpointsProduct - I set POST api endpoints product
09:19:35.951 [main] DEBUG net.thucydides.core.steps.StepInterceptor - STEP DONE: I set POST api endpoints product
  &amp#27;[32mGiven &amp#27;[0m&amp#27;[32mI set POST api endpoints product&amp#27;[0m              &amp#27;[90m# starter.stepdefinitions.ProductSteps.setPostApiEndpointsProduct()&amp#27;[0m
09:19:35.954 [main] DEBUG net.thucydides.core.steps.StepInterceptor - STARTING STEP: ProductSteps.sendPostHttpRequestProduct2 - I send POST HTTP request product2
09:19:35.955 [main] DEBUG net.thucydides.core.steps.StepInterceptor - STARTING STEP: Product.sendPostHttpRequestProduct2 - I set POST api endpoints product
09:19:35.955 [main] DEBUG net.thucydides.core.steps.StepInterceptor - STEP DONE: I set POST api endpoints product
09:19:35.962 [main] DEBUG org.apache.http.impl.conn.BasicClientConnectionManager - Get connection for route {s}->https://altashop-api.fly.dev:443
09:19:35.962 [main] DEBUG org.apache.http.impl.conn.DefaultClientConnectionOperator - Connecting to altashop-api.fly.dev:443
09:19:36.008 [main] DEBUG org.apache.http.client.protocol.RequestAddCookies - CookieSpec selected: ignoreCookies
09:19:36.008 [main] DEBUG org.apache.http.client.protocol.RequestAuthCache - Auth cache not set in the context
09:19:36.008 [main] DEBUG org.apache.http.client.protocol.RequestTargetAuthentication - Target auth state: UNCHALLENGED
09:19:36.008 [main] DEBUG org.apache.http.client.protocol.RequestProxyAuthentication - Proxy auth state: UNCHALLENGED
09:19:36.008 [main] DEBUG org.apache.http.impl.client.DefaultHttpClient - Attempt 1 to execute request
09:19:36.008 [main] DEBUG org.apache.http.impl.conn.DefaultClientConnection - Sending request: POST /api/products HTTP/1.1
09:19:36.008 [main] DEBUG org.apache.http.wire -  >> "POST /api/products HTTP/1.1[\r][\n]"
09:19:36.008 [main] DEBUG org.apache.http.wire -  >> "Accept: */*[\r][\n]"
09:19:36.008 [main] DEBUG org.apache.http.wire -  >> "Content-Type: application/json[\r][\n]"
09:19:36.008 [main] DEBUG org.apache.http.wire -  >> "Content-Length: 71[\r][\n]"
09:19:36.008 [main] DEBUG org.apache.http.wire -  >> "Host: altashop-api.fly.dev[\r][\n]"
09:19:36.008 [main] DEBUG org.apache.http.wire -  >> "Connection: Keep-Alive[\r][\n]"
09:19:36.008 [main] DEBUG org.apache.http.wire -  >> "User-Agent: Apache-HttpClient/4.5.13 (Java/11.0.15.1)[\r][\n]"
09:19:36.008 [main] DEBUG org.apache.http.wire -  >> "Accept-Encoding: gzip,deflate[\r][\n]"
09:19:36.008 [main] DEBUG org.apache.http.wire -  >> "[\r][\n]"
09:19:36.008 [main] DEBUG org.apache.http.headers - >> POST /api/products HTTP/1.1
09:19:36.008 [main] DEBUG org.apache.http.headers - >> Accept: */*
09:19:36.008 [main] DEBUG org.apache.http.headers - >> Content-Type: application/json
09:19:36.008 [main] DEBUG org.apache.http.headers - >> Content-Length: 71
09:19:36.008 [main] DEBUG org.apache.http.headers - >> Host: altashop-api.fly.dev
09:19:36.008 [main] DEBUG org.apache.http.headers - >> Connection: Keep-Alive
09:19:36.008 [main] DEBUG org.apache.http.headers - >> User-Agent: Apache-HttpClient/4.5.13 (Java/11.0.15.1)
09:19:36.008 [main] DEBUG org.apache.http.headers - >> Accept-Encoding: gzip,deflate
09:19:36.008 [main] DEBUG org.apache.http.wire -  >> "{"price":499,"name":"","description":"For gaming","categories":[12541]}"
09:19:36.031 [main] DEBUG org.apache.http.wire -  << "HTTP/1.1 500 Internal Server Error[\r][\n]"
09:19:36.031 [main] DEBUG org.apache.http.wire -  << "content-type: application/json[\r][\n]"
09:19:36.031 [main] DEBUG org.apache.http.wire -  << "date: Sat, 06 May 2023 02:19:36 GMT[\r][\n]"
09:19:36.031 [main] DEBUG org.apache.http.wire -  << "content-encoding: gzip[\r][\n]"
09:19:36.031 [main] DEBUG org.apache.http.wire -  << "transfer-encoding: chunked[\r][\n]"
09:19:36.031 [main] DEBUG org.apache.http.wire -  << "server: Fly/3f2597ca (2023-05-03)[\r][\n]"
09:19:36.031 [main] DEBUG org.apache.http.wire -  << "via: 1.1 fly.io[\r][\n]"
09:19:36.031 [main] DEBUG org.apache.http.wire -  << "fly-request-id: 01GZQDQ0P52WNVCPPX7BJ8J80Z-sin[\r][\n]"
09:19:36.031 [main] DEBUG org.apache.http.wire -  << "[\r][\n]"
09:19:36.031 [main] DEBUG org.apache.http.impl.conn.DefaultClientConnection - Receiving response: HTTP/1.1 500 Internal Server Error
09:19:36.031 [main] DEBUG org.apache.http.headers - << HTTP/1.1 500 Internal Server Error
09:19:36.031 [main] DEBUG org.apache.http.headers - << content-type: application/json
09:19:36.031 [main] DEBUG org.apache.http.headers - << date: Sat, 06 May 2023 02:19:36 GMT
09:19:36.031 [main] DEBUG org.apache.http.headers - << content-encoding: gzip
09:19:36.031 [main] DEBUG org.apache.http.headers - << transfer-encoding: chunked
09:19:36.031 [main] DEBUG org.apache.http.headers - << server: Fly/3f2597ca (2023-05-03)
09:19:36.031 [main] DEBUG org.apache.http.headers - << via: 1.1 fly.io
09:19:36.031 [main] DEBUG org.apache.http.headers - << fly-request-id: 01GZQDQ0P52WNVCPPX7BJ8J80Z-sin
09:19:36.031 [main] DEBUG org.apache.http.impl.client.DefaultHttpClient - Connection can be kept alive indefinitely
09:19:36.031 [main] DEBUG io.restassured.internal.RestAssuredHttpBuilder - Parsing response as: application/json
09:19:36.031 [main] DEBUG org.apache.http.wire -  << "80[\r][\n]"
09:19:36.031 [main] DEBUG org.apache.http.wire -  << "[0x1f][0x8b][0x8][0x0][0x0][0x0][0x0][0x0][0x4][0xff][0xab]VJ-*[0xca]/R[0xb2]Rr[\r][\n]"
09:19:36.031 [main] DEBUG org.apache.http.wire -  << "[0xf2][0xf][0xb2]R[0xc8]K-W([0xca]/WH[0xcb]/R(J[0xcd]I,[0xc9][0xcc][0xcf]S[0x88]Q*([0xca]O)M.)[0x8e]QR([0xcb][0xcc][0xcf]I,I-VH[0xce]HM[0xce]VH[0xce][0xcf]+.)J[0xcc][0xcc]+AR[0x16][0x9f][0x97][0x98][0x9b][0x1a][0xf]V[0x10][0xa3][0xa4][0xa0][0x11][0x1c][0xe8][0x13][0x1c][0xe2][0x18][0xe2][0xaa]`dljh[0xa2][0xa9]T[0xcb][0x5][0x0]5m[0xa8][0xef]x[0x0][0x0][0x0]"
09:19:36.031 [main] DEBUG org.apache.http.wire -  << "[\r][\n]"
09:19:36.031 [main] DEBUG org.apache.http.wire -  << "0[\r][\n]"
09:19:36.031 [main] DEBUG org.apache.http.wire -  << "[\r][\n]"
09:19:36.031 [main] DEBUG io.restassured.internal.RestAssuredHttpBuilder - Parsed data to instance of: class org.apache.http.conn.EofSensorInputStream
09:19:36.032 [main] DEBUG org.apache.http.impl.conn.BasicClientConnectionManager - Releasing connection org.apache.http.impl.conn.ManagedClientConnectionImpl@8a7cd7c
09:19:36.032 [main] DEBUG org.apache.http.impl.conn.BasicClientConnectionManager - Connection can be kept alive indefinitely
09:19:36.032 [main] DEBUG net.thucydides.core.steps.StepInterceptor - STEP DONE: I send POST HTTP request product2
  &amp#27;[32mWhen &amp#27;[0m&amp#27;[32mI send POST HTTP request product2&amp#27;[0m              &amp#27;[90m# starter.stepdefinitions.ProductSteps.sendPostHttpRequestProduct2()&amp#27;[0m
09:19:36.035 [main] DEBUG net.thucydides.core.steps.StepInterceptor - STARTING STEP: ProductSteps.receiveValidHttp500Product - I receive valid HTTP response code 500 product
09:19:36.035 [main] DEBUG net.thucydides.core.steps.StepInterceptor - STEP DONE: I receive valid HTTP response code 500 product
  &amp#27;[32mThen &amp#27;[0m&amp#27;[32mI receive valid HTTP response code 500 product&amp#27;[0m &amp#27;[90m# starter.stepdefinitions.ProductSteps.receiveValidHttp500Product()&amp#27;[0m
09:19:36.037 [main] INFO  - 
  _____   ___   ___   _____     ___     _     ___   ___   ___   ___  
 |_   _| | __| / __| |_   _|   | _ \   /_\   / __| / __| | __| |   \ 
   | |   | _|  \__ \   | |     |  _/  / _ \  \__ \ \__ \ | _|  | |) |
   |_|   |___| |___/   |_|     |_|   /_/ \_\ |___/ |___/ |___| |___/ 

POST - Add new product without fill name
----------------------------------------------------------------------
]]></system-out>
  </testcase>
  <testcase name="POST - Add new product without fill description" classname="Product" time="0.099">
    <system-out><![CDATA[
Scenario: POST - Add new product without fill description &amp#27;[90m# src/test/resources/features/5. Product.feature:17&amp#27;[0m
09:19:36.041 [main] DEBUG io.cucumber.core.plugin.SerenityReporter - Running feature from file:///E:/APIMinpro/API/minpro/src/test/resources/features/5.%20Product.feature
09:19:36.043 [main] INFO  - 
  _____   ___   ___   _____     ___   _____     _     ___   _____   ___   ___  
 |_   _| | __| / __| |_   _|   / __| |_   _|   /_\   | _ \ |_   _| | __| |   \ 
   | |   | _|  \__ \   | |     \__ \   | |    / _ \  |   /   | |   | _|  | |) |
   |_|   |___| |___/   |_|     |___/   |_|   /_/ \_\ |_|_\   |_|   |___| |___/ 

POST - Add new product without fill description(product;post---add-new-product-without-fill-description)
--------------------------------------------------------------------------------
09:19:36.049 [main] DEBUG net.thucydides.core.steps.StepInterceptor - STARTING STEP: ProductSteps.setPostApiEndpointsProduct - I set POST api endpoints product
09:19:36.049 [main] DEBUG net.thucydides.core.steps.StepInterceptor - STEP DONE: I set POST api endpoints product
  &amp#27;[32mGiven &amp#27;[0m&amp#27;[32mI set POST api endpoints product&amp#27;[0m                  &amp#27;[90m# starter.stepdefinitions.ProductSteps.setPostApiEndpointsProduct()&amp#27;[0m
09:19:36.051 [main] DEBUG net.thucydides.core.steps.StepInterceptor - STARTING STEP: ProductSteps.sendPostHttpRequestProduct3 - I send POST HTTP request product3
09:19:36.051 [main] DEBUG net.thucydides.core.steps.StepInterceptor - STARTING STEP: Product.sendPostHttpRequestProduct3 - I set POST api endpoints product
09:19:36.052 [main] DEBUG net.thucydides.core.steps.StepInterceptor - STEP DONE: I set POST api endpoints product
09:19:36.059 [main] DEBUG org.apache.http.impl.conn.BasicClientConnectionManager - Get connection for route {s}->https://altashop-api.fly.dev:443
09:19:36.060 [main] DEBUG org.apache.http.impl.conn.DefaultClientConnectionOperator - Connecting to altashop-api.fly.dev:443
09:19:36.104 [main] DEBUG org.apache.http.client.protocol.RequestAddCookies - CookieSpec selected: ignoreCookies
09:19:36.104 [main] DEBUG org.apache.http.client.protocol.RequestAuthCache - Auth cache not set in the context
09:19:36.104 [main] DEBUG org.apache.http.client.protocol.RequestTargetAuthentication - Target auth state: UNCHALLENGED
09:19:36.104 [main] DEBUG org.apache.http.client.protocol.RequestProxyAuthentication - Proxy auth state: UNCHALLENGED
09:19:36.104 [main] DEBUG org.apache.http.impl.client.DefaultHttpClient - Attempt 1 to execute request
09:19:36.104 [main] DEBUG org.apache.http.impl.conn.DefaultClientConnection - Sending request: POST /api/products HTTP/1.1
09:19:36.104 [main] DEBUG org.apache.http.wire -  >> "POST /api/products HTTP/1.1[\r][\n]"
09:19:36.104 [main] DEBUG org.apache.http.wire -  >> "Accept: */*[\r][\n]"
09:19:36.104 [main] DEBUG org.apache.http.wire -  >> "Content-Type: application/json[\r][\n]"
09:19:36.104 [main] DEBUG org.apache.http.wire -  >> "Content-Length: 66[\r][\n]"
09:19:36.104 [main] DEBUG org.apache.http.wire -  >> "Host: altashop-api.fly.dev[\r][\n]"
09:19:36.104 [main] DEBUG org.apache.http.wire -  >> "Connection: Keep-Alive[\r][\n]"
09:19:36.104 [main] DEBUG org.apache.http.wire -  >> "User-Agent: Apache-HttpClient/4.5.13 (Java/11.0.15.1)[\r][\n]"
09:19:36.104 [main] DEBUG org.apache.http.wire -  >> "Accept-Encoding: gzip,deflate[\r][\n]"
09:19:36.104 [main] DEBUG org.apache.http.wire -  >> "[\r][\n]"
09:19:36.104 [main] DEBUG org.apache.http.headers - >> POST /api/products HTTP/1.1
09:19:36.104 [main] DEBUG org.apache.http.headers - >> Accept: */*
09:19:36.104 [main] DEBUG org.apache.http.headers - >> Content-Type: application/json
09:19:36.104 [main] DEBUG org.apache.http.headers - >> Content-Length: 66
09:19:36.104 [main] DEBUG org.apache.http.headers - >> Host: altashop-api.fly.dev
09:19:36.104 [main] DEBUG org.apache.http.headers - >> Connection: Keep-Alive
09:19:36.104 [main] DEBUG org.apache.http.headers - >> User-Agent: Apache-HttpClient/4.5.13 (Java/11.0.15.1)
09:19:36.104 [main] DEBUG org.apache.http.headers - >> Accept-Encoding: gzip,deflate
09:19:36.104 [main] DEBUG org.apache.http.wire -  >> "{"price":499,"name":"XBOX1","description":"","categories":[12541]}"
09:19:36.130 [main] DEBUG org.apache.http.wire -  << "HTTP/1.1 200 OK[\r][\n]"
09:19:36.131 [main] DEBUG org.apache.http.wire -  << "content-type: application/json[\r][\n]"
09:19:36.131 [main] DEBUG org.apache.http.wire -  << "date: Sat, 06 May 2023 02:19:36 GMT[\r][\n]"
09:19:36.131 [main] DEBUG org.apache.http.wire -  << "content-encoding: gzip[\r][\n]"
09:19:36.131 [main] DEBUG org.apache.http.wire -  << "transfer-encoding: chunked[\r][\n]"
09:19:36.131 [main] DEBUG org.apache.http.wire -  << "server: Fly/3f2597ca (2023-05-03)[\r][\n]"
09:19:36.131 [main] DEBUG org.apache.http.wire -  << "via: 1.1 fly.io[\r][\n]"
09:19:36.131 [main] DEBUG org.apache.http.wire -  << "fly-request-id: 01GZQDQ0S6EVPPJQW4HA9P798D-sin[\r][\n]"
09:19:36.131 [main] DEBUG org.apache.http.wire -  << "[\r][\n]"
09:19:36.131 [main] DEBUG org.apache.http.impl.conn.DefaultClientConnection - Receiving response: HTTP/1.1 200 OK
09:19:36.131 [main] DEBUG org.apache.http.headers - << HTTP/1.1 200 OK
09:19:36.131 [main] DEBUG org.apache.http.headers - << content-type: application/json
09:19:36.131 [main] DEBUG org.apache.http.headers - << date: Sat, 06 May 2023 02:19:36 GMT
09:19:36.131 [main] DEBUG org.apache.http.headers - << content-encoding: gzip
09:19:36.131 [main] DEBUG org.apache.http.headers - << transfer-encoding: chunked
09:19:36.131 [main] DEBUG org.apache.http.headers - << server: Fly/3f2597ca (2023-05-03)
09:19:36.131 [main] DEBUG org.apache.http.headers - << via: 1.1 fly.io
09:19:36.131 [main] DEBUG org.apache.http.headers - << fly-request-id: 01GZQDQ0S6EVPPJQW4HA9P798D-sin
09:19:36.131 [main] DEBUG org.apache.http.impl.client.DefaultHttpClient - Connection can be kept alive indefinitely
09:19:36.131 [main] DEBUG io.restassured.internal.RestAssuredHttpBuilder - Parsing response as: application/json
09:19:36.131 [main] DEBUG org.apache.http.wire -  << "94[\r][\n]"
09:19:36.131 [main] DEBUG org.apache.http.wire -  << "[0x1f][0x8b][0x8][0x0][0x0][0x0][0x0][0x0][0x4][0xff][0xab]VJI,IT[0xb2][0xaa]V[0xf2]tQ[0xb2]24654[0xd6]Q[0xf2]K[0xcc]MU[0xb2]R[0x8a]p[0xf2][0x8f]0T[0xd2]QrI-N.[0xca],([0xc9][0xcc][0xcf]S[0xb2]RR[0xd2]Q[\n]"
09:19:36.131 [main] DEBUG org.apache.http.wire -  << "([0xca]LNU[0xb2]2[0xb1][0xb4][0xd4]Q[\n]"
09:19:36.131 [main] DEBUG org.apache.http.wire -  << "J,[0xc9][0xcc]K/V[0xb2]2[0xd0]QrN,IM[0xcf]/[0xca]L-V[0xb2][0x8a][0x86][0x9a]hdjb[0x8]7[0xd1]=173/[0x1d][0xc3]H[0xb7][0xfc]"[0x85]t[0xb0][0x94]BAiQA~qj[0xb1]Rmlm-[0x17][0x0]\[0xe9].Z[0x9e][0x0][0x0][0x0]"
09:19:36.131 [main] DEBUG org.apache.http.wire -  << "[\r][\n]"
09:19:36.131 [main] DEBUG org.apache.http.wire -  << "0[\r][\n]"
09:19:36.131 [main] DEBUG org.apache.http.wire -  << "[\r][\n]"
09:19:36.131 [main] DEBUG io.restassured.internal.RestAssuredHttpBuilder - Parsed data to instance of: class org.apache.http.conn.EofSensorInputStream
09:19:36.132 [main] DEBUG org.apache.http.impl.conn.BasicClientConnectionManager - Releasing connection org.apache.http.impl.conn.ManagedClientConnectionImpl@2559f65c
09:19:36.132 [main] DEBUG org.apache.http.impl.conn.BasicClientConnectionManager - Connection can be kept alive indefinitely
09:19:36.132 [main] DEBUG net.thucydides.core.steps.StepInterceptor - STEP DONE: I send POST HTTP request product3
  &amp#27;[32mWhen &amp#27;[0m&amp#27;[32mI send POST HTTP request product3&amp#27;[0m                  &amp#27;[90m# starter.stepdefinitions.ProductSteps.sendPostHttpRequestProduct3()&amp#27;[0m
09:19:36.134 [main] DEBUG net.thucydides.core.steps.StepInterceptor - STARTING STEP: ProductSteps.receiveValidHttp200Product - I receive valid HTTP response code 200 product
09:19:36.135 [main] DEBUG net.thucydides.core.steps.StepInterceptor - STEP DONE: I receive valid HTTP response code 200 product
  &amp#27;[32mThen &amp#27;[0m&amp#27;[32mI receive valid HTTP response code 200 product&amp#27;[0m     &amp#27;[90m# starter.stepdefinitions.ProductSteps.receiveValidHttp200Product()&amp#27;[0m
09:19:36.136 [main] INFO  - 
  _____   ___   ___   _____     ___     _     ___   ___   ___   ___  
 |_   _| | __| / __| |_   _|   | _ \   /_\   / __| / __| | __| |   \ 
   | |   | _|  \__ \   | |     |  _/  / _ \  \__ \ \__ \ | _|  | |) |
   |_|   |___| |___/   |_|     |_|   /_/ \_\ |___/ |___/ |___| |___/ 

POST - Add new product without fill description
----------------------------------------------------------------------
]]></system-out>
  </testcase>
  <testcase name="POST - Add new product without fill price" classname="Product" time="0.092">
    <system-out><![CDATA[
Scenario: POST - Add new product without fill price   &amp#27;[90m# src/test/resources/features/5. Product.feature:22&amp#27;[0m
09:19:36.139 [main] DEBUG io.cucumber.core.plugin.SerenityReporter - Running feature from file:///E:/APIMinpro/API/minpro/src/test/resources/features/5.%20Product.feature
09:19:36.140 [main] INFO  - 
  _____   ___   ___   _____     ___   _____     _     ___   _____   ___   ___  
 |_   _| | __| / __| |_   _|   / __| |_   _|   /_\   | _ \ |_   _| | __| |   \ 
   | |   | _|  \__ \   | |     \__ \   | |    / _ \  |   /   | |   | _|  | |) |
   |_|   |___| |___/   |_|     |___/   |_|   /_/ \_\ |_|_\   |_|   |___| |___/ 

POST - Add new product without fill price(product;post---add-new-product-without-fill-price)
--------------------------------------------------------------------------------
09:19:36.146 [main] DEBUG net.thucydides.core.steps.StepInterceptor - STARTING STEP: ProductSteps.setPostApiEndpointsProduct - I set POST api endpoints product
09:19:36.146 [main] DEBUG net.thucydides.core.steps.StepInterceptor - STEP DONE: I set POST api endpoints product
  &amp#27;[32mGiven &amp#27;[0m&amp#27;[32mI set POST api endpoints product&amp#27;[0m              &amp#27;[90m# starter.stepdefinitions.ProductSteps.setPostApiEndpointsProduct()&amp#27;[0m
09:19:36.148 [main] DEBUG net.thucydides.core.steps.StepInterceptor - STARTING STEP: ProductSteps.sendPostHttpRequestProduct4 - I send POST HTTP request product4
09:19:36.148 [main] DEBUG net.thucydides.core.steps.StepInterceptor - STARTING STEP: Product.sendPostHttpRequestProduct4 - I set POST api endpoints product
09:19:36.148 [main] DEBUG net.thucydides.core.steps.StepInterceptor - STEP DONE: I set POST api endpoints product
09:19:36.154 [main] DEBUG org.apache.http.impl.conn.BasicClientConnectionManager - Get connection for route {s}->https://altashop-api.fly.dev:443
09:19:36.154 [main] DEBUG org.apache.http.impl.conn.DefaultClientConnectionOperator - Connecting to altashop-api.fly.dev:443
09:19:36.203 [main] DEBUG org.apache.http.client.protocol.RequestAddCookies - CookieSpec selected: ignoreCookies
09:19:36.203 [main] DEBUG org.apache.http.client.protocol.RequestAuthCache - Auth cache not set in the context
09:19:36.203 [main] DEBUG org.apache.http.client.protocol.RequestTargetAuthentication - Target auth state: UNCHALLENGED
09:19:36.203 [main] DEBUG org.apache.http.client.protocol.RequestProxyAuthentication - Proxy auth state: UNCHALLENGED
09:19:36.203 [main] DEBUG org.apache.http.impl.client.DefaultHttpClient - Attempt 1 to execute request
09:19:36.203 [main] DEBUG org.apache.http.impl.conn.DefaultClientConnection - Sending request: POST /api/products HTTP/1.1
09:19:36.203 [main] DEBUG org.apache.http.wire -  >> "POST /api/products HTTP/1.1[\r][\n]"
09:19:36.203 [main] DEBUG org.apache.http.wire -  >> "Accept: */*[\r][\n]"
09:19:36.203 [main] DEBUG org.apache.http.wire -  >> "Content-Type: application/json[\r][\n]"
09:19:36.203 [main] DEBUG org.apache.http.wire -  >> "Content-Length: 75[\r][\n]"
09:19:36.203 [main] DEBUG org.apache.http.wire -  >> "Host: altashop-api.fly.dev[\r][\n]"
09:19:36.203 [main] DEBUG org.apache.http.wire -  >> "Connection: Keep-Alive[\r][\n]"
09:19:36.203 [main] DEBUG org.apache.http.wire -  >> "User-Agent: Apache-HttpClient/4.5.13 (Java/11.0.15.1)[\r][\n]"
09:19:36.203 [main] DEBUG org.apache.http.wire -  >> "Accept-Encoding: gzip,deflate[\r][\n]"
09:19:36.203 [main] DEBUG org.apache.http.wire -  >> "[\r][\n]"
09:19:36.203 [main] DEBUG org.apache.http.headers - >> POST /api/products HTTP/1.1
09:19:36.203 [main] DEBUG org.apache.http.headers - >> Accept: */*
09:19:36.203 [main] DEBUG org.apache.http.headers - >> Content-Type: application/json
09:19:36.203 [main] DEBUG org.apache.http.headers - >> Content-Length: 75
09:19:36.203 [main] DEBUG org.apache.http.headers - >> Host: altashop-api.fly.dev
09:19:36.203 [main] DEBUG org.apache.http.headers - >> Connection: Keep-Alive
09:19:36.203 [main] DEBUG org.apache.http.headers - >> User-Agent: Apache-HttpClient/4.5.13 (Java/11.0.15.1)
09:19:36.203 [main] DEBUG org.apache.http.headers - >> Accept-Encoding: gzip,deflate
09:19:36.203 [main] DEBUG org.apache.http.wire -  >> "{"price":"","name":"XBOX1","description":"For gaming","categories":[12541]}"
09:19:36.223 [main] DEBUG org.apache.http.wire -  << "HTTP/1.1 400 Bad Request[\r][\n]"
09:19:36.223 [main] DEBUG org.apache.http.wire -  << "content-type: application/json[\r][\n]"
09:19:36.223 [main] DEBUG org.apache.http.wire -  << "date: Sat, 06 May 2023 02:19:36 GMT[\r][\n]"
09:19:36.223 [main] DEBUG org.apache.http.wire -  << "content-encoding: gzip[\r][\n]"
09:19:36.223 [main] DEBUG org.apache.http.wire -  << "transfer-encoding: chunked[\r][\n]"
09:19:36.223 [main] DEBUG org.apache.http.wire -  << "server: Fly/3f2597ca (2023-05-03)[\r][\n]"
09:19:36.223 [main] DEBUG org.apache.http.wire -  << "via: 1.1 fly.io[\r][\n]"
09:19:36.223 [main] DEBUG org.apache.http.wire -  << "fly-request-id: 01GZQDQ0W99MX49SEQM9ZVHGQ0-sin[\r][\n]"
09:19:36.223 [main] DEBUG org.apache.http.wire -  << "[\r][\n]"
09:19:36.223 [main] DEBUG org.apache.http.impl.conn.DefaultClientConnection - Receiving response: HTTP/1.1 400 Bad Request
09:19:36.223 [main] DEBUG org.apache.http.headers - << HTTP/1.1 400 Bad Request
09:19:36.223 [main] DEBUG org.apache.http.headers - << content-type: application/json
09:19:36.223 [main] DEBUG org.apache.http.headers - << date: Sat, 06 May 2023 02:19:36 GMT
09:19:36.223 [main] DEBUG org.apache.http.headers - << content-encoding: gzip
09:19:36.223 [main] DEBUG org.apache.http.headers - << transfer-encoding: chunked
09:19:36.223 [main] DEBUG org.apache.http.headers - << server: Fly/3f2597ca (2023-05-03)
09:19:36.223 [main] DEBUG org.apache.http.headers - << via: 1.1 fly.io
09:19:36.223 [main] DEBUG org.apache.http.headers - << fly-request-id: 01GZQDQ0W99MX49SEQM9ZVHGQ0-sin
09:19:36.224 [main] DEBUG org.apache.http.impl.client.DefaultHttpClient - Connection can be kept alive indefinitely
09:19:36.224 [main] DEBUG io.restassured.internal.RestAssuredHttpBuilder - Parsing response as: application/json
09:19:36.224 [main] DEBUG org.apache.http.wire -  << "71[\r][\n]"
09:19:36.224 [main] DEBUG org.apache.http.wire -  << "[0x1f][0x8b][0x8][0x0][0x0][0x0][0x0][0x0][0x4][0xff][0xab]VJ-*[0xca]/R[0xb2]R[0xca]*[0xce][0xcf][0xb3]RHN[0xcc][0xcb][0xcb]/Q([0xcd][0xcb]M,*[0xce]H[0xcc]Q(.)[0xca][0xcc]KW[0xc8][0xcc]+[0xc9]Wp[0xcf][0x7]qK[0x93]K[0x14][0xd2]2SsR[0x14][0x2][0x8a][0xf2]SJ[0x93]K[0x9c][0x8b]R[0x13]KR[0xf5][\n]"
09:19:36.224 [main] DEBUG org.apache.http.wire -  << "[0x8a]2[0x93]S[0x15][0xf2][0xd3][0x14]J*[0xb]R[0x15]J3[0xf3]J[0x94]j[0xb9][0x0][0xd2][0x2]#[0xd6]`[0x0][0x0][0x0]"
09:19:36.224 [main] DEBUG org.apache.http.wire -  << "[\r][\n]"
09:19:36.224 [main] DEBUG org.apache.http.wire -  << "0[\r][\n]"
09:19:36.224 [main] DEBUG org.apache.http.wire -  << "[\r][\n]"
09:19:36.224 [main] DEBUG io.restassured.internal.RestAssuredHttpBuilder - Parsed data to instance of: class org.apache.http.conn.EofSensorInputStream
09:19:36.224 [main] DEBUG org.apache.http.impl.conn.BasicClientConnectionManager - Releasing connection org.apache.http.impl.conn.ManagedClientConnectionImpl@3ccc4ca0
09:19:36.224 [main] DEBUG org.apache.http.impl.conn.BasicClientConnectionManager - Connection can be kept alive indefinitely
09:19:36.225 [main] DEBUG net.thucydides.core.steps.StepInterceptor - STEP DONE: I send POST HTTP request product4
  &amp#27;[32mWhen &amp#27;[0m&amp#27;[32mI send POST HTTP request product4&amp#27;[0m              &amp#27;[90m# starter.stepdefinitions.ProductSteps.sendPostHttpRequestProduct4()&amp#27;[0m
09:19:36.227 [main] DEBUG net.thucydides.core.steps.StepInterceptor - STARTING STEP: ProductSteps.receiveValidHttp400Product - I receive valid HTTP response code 400 product
09:19:36.228 [main] DEBUG net.thucydides.core.steps.StepInterceptor - STEP DONE: I receive valid HTTP response code 400 product
  &amp#27;[32mThen &amp#27;[0m&amp#27;[32mI receive valid HTTP response code 400 product&amp#27;[0m &amp#27;[90m# starter.stepdefinitions.ProductSteps.receiveValidHttp400Product()&amp#27;[0m
09:19:36.229 [main] INFO  - 
  _____   ___   ___   _____     ___     _     ___   ___   ___   ___  
 |_   _| | __| / __| |_   _|   | _ \   /_\   / __| / __| | __| |   \ 
   | |   | _|  \__ \   | |     |  _/  / _ \  \__ \ \__ \ | _|  | |) |
   |_|   |___| |___/   |_|     |_|   /_/ \_\ |___/ |___/ |___| |___/ 

POST - Add new product without fill price
----------------------------------------------------------------------
]]></system-out>
  </testcase>
  <testcase name="GET - Get product by ID" classname="Product" time="0.227">
    <system-out><![CDATA[
Scenario: GET - Get product by ID                     &amp#27;[90m# src/test/resources/features/5. Product.feature:27&amp#27;[0m
09:19:36.233 [main] DEBUG io.cucumber.core.plugin.SerenityReporter - Running feature from file:///E:/APIMinpro/API/minpro/src/test/resources/features/5.%20Product.feature
09:19:36.235 [main] INFO  - 
  _____   ___   ___   _____     ___   _____     _     ___   _____   ___   ___  
 |_   _| | __| / __| |_   _|   / __| |_   _|   /_\   | _ \ |_   _| | __| |   \ 
   | |   | _|  \__ \   | |     \__ \   | |    / _ \  |   /   | |   | _|  | |) |
   |_|   |___| |___/   |_|     |___/   |_|   /_/ \_\ |_|_\   |_|   |___| |___/ 

GET - Get product by ID(product;get---get-product-by-id)
--------------------------------------------------------------------------------
09:19:36.240 [main] DEBUG net.thucydides.core.steps.StepInterceptor - STARTING STEP: ProductSteps.setGetApiEndpointsProduct - I set GET api endpoints product
09:19:36.241 [main] DEBUG net.thucydides.core.steps.StepInterceptor - STEP DONE: I set GET api endpoints product
  &amp#27;[32mGiven &amp#27;[0m&amp#27;[32mI set GET api endpoints product&amp#27;[0m               &amp#27;[90m# starter.stepdefinitions.ProductSteps.setGetApiEndpointsProduct()&amp#27;[0m
09:19:36.243 [main] DEBUG net.thucydides.core.steps.StepInterceptor - STARTING STEP: ProductSteps.sentGetHttpRequestProduct - I send GET HTTP request product
09:19:36.243 [main] DEBUG net.thucydides.core.steps.StepInterceptor - STARTING STEP: Product.sendGetHttpRequestProduct - I set GET api endpoints product
09:19:36.244 [main] DEBUG net.thucydides.core.steps.StepInterceptor - STEP DONE: I set GET api endpoints product
09:19:36.249 [main] DEBUG org.apache.http.impl.conn.BasicClientConnectionManager - Get connection for route {s}->https://altashop-api.fly.dev:443
09:19:36.249 [main] DEBUG org.apache.http.impl.conn.DefaultClientConnectionOperator - Connecting to altashop-api.fly.dev:443
09:19:36.292 [main] DEBUG org.apache.http.client.protocol.RequestAddCookies - CookieSpec selected: ignoreCookies
09:19:36.292 [main] DEBUG org.apache.http.client.protocol.RequestAuthCache - Auth cache not set in the context
09:19:36.292 [main] DEBUG org.apache.http.client.protocol.RequestTargetAuthentication - Target auth state: UNCHALLENGED
09:19:36.292 [main] DEBUG org.apache.http.client.protocol.RequestProxyAuthentication - Proxy auth state: UNCHALLENGED
09:19:36.292 [main] DEBUG org.apache.http.impl.client.DefaultHttpClient - Attempt 1 to execute request
09:19:36.292 [main] DEBUG org.apache.http.impl.conn.DefaultClientConnection - Sending request: GET /api/products HTTP/1.1
09:19:36.292 [main] DEBUG org.apache.http.wire -  >> "GET /api/products HTTP/1.1[\r][\n]"
09:19:36.292 [main] DEBUG org.apache.http.wire -  >> "Accept: */*[\r][\n]"
09:19:36.292 [main] DEBUG org.apache.http.wire -  >> "Host: altashop-api.fly.dev[\r][\n]"
09:19:36.292 [main] DEBUG org.apache.http.wire -  >> "Connection: Keep-Alive[\r][\n]"
09:19:36.292 [main] DEBUG org.apache.http.wire -  >> "User-Agent: Apache-HttpClient/4.5.13 (Java/11.0.15.1)[\r][\n]"
09:19:36.292 [main] DEBUG org.apache.http.wire -  >> "Accept-Encoding: gzip,deflate[\r][\n]"
09:19:36.292 [main] DEBUG org.apache.http.wire -  >> "[\r][\n]"
09:19:36.292 [main] DEBUG org.apache.http.headers - >> GET /api/products HTTP/1.1
09:19:36.293 [main] DEBUG org.apache.http.headers - >> Accept: */*
09:19:36.293 [main] DEBUG org.apache.http.headers - >> Host: altashop-api.fly.dev
09:19:36.293 [main] DEBUG org.apache.http.headers - >> Connection: Keep-Alive
09:19:36.293 [main] DEBUG org.apache.http.headers - >> User-Agent: Apache-HttpClient/4.5.13 (Java/11.0.15.1)
09:19:36.293 [main] DEBUG org.apache.http.headers - >> Accept-Encoding: gzip,deflate
09:19:36.434 [main] DEBUG org.apache.http.wire -  << "HTTP/1.1 200 OK[\r][\n]"
09:19:36.434 [main] DEBUG org.apache.http.wire -  << "content-type: application/json[\r][\n]"
09:19:36.434 [main] DEBUG org.apache.http.wire -  << "date: Sat, 06 May 2023 02:19:36 GMT[\r][\n]"
09:19:36.434 [main] DEBUG org.apache.http.wire -  << "transfer-encoding: chunked[\r][\n]"
09:19:36.434 [main] DEBUG org.apache.http.wire -  << "content-encoding: gzip[\r][\n]"
09:19:36.434 [main] DEBUG org.apache.http.wire -  << "server: Fly/3f2597ca (2023-05-03)[\r][\n]"
09:19:36.434 [main] DEBUG org.apache.http.wire -  << "via: 1.1 fly.io[\r][\n]"
09:19:36.434 [main] DEBUG org.apache.http.wire -  << "fly-request-id: 01GZQDQ0Z15GQ0PP7DPKK22HYV-sin[\r][\n]"
09:19:36.434 [main] DEBUG org.apache.http.wire -  << "[\r][\n]"
09:19:36.434 [main] DEBUG org.apache.http.impl.conn.DefaultClientConnection - Receiving response: HTTP/1.1 200 OK
09:19:36.434 [main] DEBUG org.apache.http.headers - << HTTP/1.1 200 OK
09:19:36.434 [main] DEBUG org.apache.http.headers - << content-type: application/json
09:19:36.434 [main] DEBUG org.apache.http.headers - << date: Sat, 06 May 2023 02:19:36 GMT
09:19:36.434 [main] DEBUG org.apache.http.headers - << transfer-encoding: chunked
09:19:36.434 [main] DEBUG org.apache.http.headers - << content-encoding: gzip
09:19:36.434 [main] DEBUG org.apache.http.headers - << server: Fly/3f2597ca (2023-05-03)
09:19:36.434 [main] DEBUG org.apache.http.headers - << via: 1.1 fly.io
09:19:36.434 [main] DEBUG org.apache.http.headers - << fly-request-id: 01GZQDQ0Z15GQ0PP7DPKK22HYV-sin
09:19:36.434 [main] DEBUG org.apache.http.impl.client.DefaultHttpClient - Connection can be kept alive indefinitely
09:19:36.434 [main] DEBUG io.restassured.internal.RestAssuredHttpBuilder - Parsing response as: application/json
09:19:36.434 [main] DEBUG org.apache.http.wire -  << "331[\r][\n]"
09:19:36.434 [main] DEBUG org.apache.http.wire -  << "[0x1f][0x8b][0x8][0x0][0x0][0x0][0x0][0x0][0x4][0xff][0xaa]VJI,IT[0xb2][0x8a][0xae]V[0xf2]tQ[0xb2]24[0xb2][0xb0]0[0xd7]Q[0xf2]K[0xcc]MU[0xb2]Rr[0xcd][0xcb]/[0xca][0xcd]/-Vp[0xce]/)[0xc9][0xcf]Sp[0xce][0xcf]-(-I-R[0xd2]QrI-N.[0xca],([0xc9][0xcc][0xcf]S[0xb2]R[\n]"
09:19:36.434 [main] DEBUG org.apache.http.wire -  << "-Q[0xc8]KMN-.[0xce],I,[0xc9]L*-V([0xcb],ILU[0xc8],-JUH[0xc9][0xcf][0xc9]/J-V(J-H[0xcd][0xc9]I[0xcd]K)-V([0xce][0xcc][0xcd][0xcc][0xc9],,M[0xd5]S[0xd2]Q[\n]"
09:19:36.434 [main] DEBUG org.apache.http.wire -  << "([0xca]LNU[0xb2][0xb2]4[0xd4]Q[\n]"
09:19:36.434 [main] DEBUG org.apache.http.wire -  << "J,[0xc9][0xcc]K/V[0xb2]2[0xd1]QrN,IM[0xcf]/[0xca]L-V[0xb2][0x8a][0x8e][0xad][0xd5]A[0xb8][0xd0][0x2][0xee][0xc2][0x80][0xa2][0xc4][0xe4][0x92][0xcc][0xe4][0xc4][0x1c][0x5][0xdf][0xc4][0xa2][0xa4][0x9c]T[0x85][0x90][0xc4][0xa4][0x9c]T[0xc][0xf7][0x85][0xa4][0xe6][0x16][0xe4][0x17][0x81][0x1d]V\[0x9a]W[0xa2][0x90]X\[0x90]Z[0x94][0x9]r[0x15][0x92][0xfd][0x16]F[0xc4][0xda]o[0x9][0xb7]?[0xa8][0xb4][0xb8]$3Y[0xc1][0xbd](1/[0xb3]$U!8#?[0xb5][0x18][0xd3][0xf6][0xfc][0x92][0xc4]\[0x85][0xc2]R[0x90][0xfd])[0x89][0xb9][\n]"
09:19:36.434 [main] DEBUG org.apache.http.wire -  << "e[0xa9]9H[0xd6][0x9a][0x98]!Yk[0x8c][0xc7][0xdb][0x96][0x6]pk[0x83][0xf3][0xf3]*[0x15][0x2][0x82]M1[0xac]*[0xc8]I[0xac]T[0xc8]H,V[0xc8][0xcb]W[0xc8][0xc9][0xcc][0xcd],[0x1][0xb9][0x6][0x1a][0xbe]F[0x96][0x96]H6[0xe1][0xb]`K#[0xba][0xd9]dLM[0x9b][0xc][0xf1][0x85][0x9e])[0xdd]l2[0x83][0xdb][0xe4]Z[0x94][0x9e][0x9f][0x97][0x9f][0x9b][0x99][0xac][0x10][0x9e][0x9f][0x9f][0x92][0x9a][0xa7][0xe0][0x9e][0x93]_[0x86]%[0x85][0x4]g[0xe6]d#2[0x82][0xb1][0xa5]1r[0x9a]0[0xc5][0xe7]+Dfu[0xcf]/JO[0x5]eV[0x90]a[0xb8],[0x82]dd[0x84]Uf[0x16][0x86][0xc6]H[0x89][0xc2][0x0][0x9f]U[0x88]\[0xe7][0x98]Z[0x94][0x9f]R[0x99][0x97][0x8][0xf2][0x18]4[0xdf][0x5]gd[0x16][0x95]`$G[0xcf][0xa2][0xfc]<[0x84]e[0x16]&[0xa6][0xc8]Y[0xc][0xaf][0xbf][0x10]Y[0xcc][0xa5][0xb4][0x8][0x94][0xa7][0xe1]y[0xcc])1[0x1d][0xc3][0x1e][0xe7][0xfc][0xbc][0xe4][0xa2][0xd4][0x12]P[0xc6][0x87]&vc[0xb]C[0x3]$[0x8f][0xe1]I[0xed][0x96][0x6][0x88]|[0x5][0xf][0xc3][0x80][0xc4][0x82][0xd4]"[0xdc][0xe5][0x1d]$6[0x11]>3[0xb7][0xb4]0![0xd6]6[0xaa][0xe6]-<[0x11]fi`[0x2]O[0x87]T(/[0xf0][0xc4][0x96][0xa5][0x1]U[0xf3][0x16]^?![0x12][0xa1]GjbY[0xa5][0x82]KiI[0xa5]BpIjj[0x8e][0x82]G"f[0x2]D[0x8f](3[0x3]Ss[0xa4][0x88][0xc2]k[0x15]f[0x12][0x84][0xa6][0x8a][0x8c][0xc4]L[0xcc]*[0x10][0xec][0x6]D[0x8a]035D[0xae][0xce][0xf0]Y[0x4]J[0xa8][0xd0][\n]"
09:19:36.434 [main] DEBUG org.apache.http.wire -  << "[0xd7][0xb1]<[0xb5]8?7U[0xc1]'5[0xb1]$[0x3][0x94][0x0]s[0xf2][0x93]A[0x5][0x3]jm[0x8b][0x9a][0xab][0xcc][\r]-[0x88][0xcc][0xc2][0x96] 'Am[0x82]W[0xed]NE[0xf9]yU[0xa9][0xb8][0x93]zPiR[0x12][0xb8][0xc6][0x87]f,[0xb][0xa2]K[0xc]KCDR[0x87][0xd6][0x93]>[0x99]y[0xa9]y[\n]"
09:19:36.434 [main] DEBUG org.apache.http.wire -  << "[0x1]9[0x89][0xe0][0xac][0x8a][0xea]+t[0x8b][0x8c][\r]ML[0x89][0x8c]*P[0x19][0x6][0xf5][0x97]ojJf~r[0x11][0xc8]C[0x90]"A[0xc1][0x19]k[0x18][0x82]][0x82][0x88].[0x13]3C[0xe4]"[0x17]ot!e[0xab][0xca][0xbc][0xd4][0xa2][0xf4]Lp[0x13][0x0][0x14])[\n]"
09:19:36.434 [main] DEBUG org.apache.http.wire -  << "[0xd8]K[0xc1][0x80][0x9c]D[0x90][0x12][0x84]m[0xa6][0xc6][0x16][0xc8][0x85][0x13]^[0xdb][0x10]Y[0xb][0xb9][0xd4][0x85][0x94][0xe3][\n]"
09:19:36.434 [main] DEBUG org.apache.http.wire -  << "[0xde]y[0x99]i[0xa0]B[0xf]5$[0xb1][0xd8]gJt[0x12]AT^[0xc8][0xf6]9[0xe6][0x94][0xe6]f[0xe6][0x95][0xe6]*@J_[0x0][0x0][0x0][0x0][0xff][0xff]"
09:19:36.434 [main] DEBUG org.apache.http.wire -  << "[\r][\n]"
09:19:36.435 [main] DEBUG org.apache.http.wire -  << "6C8[\r][\n]"
09:19:36.435 [main] DEBUG org.apache.http.wire -  << "B[0xb5][0xf][0x9a]Z[0x91][0xfc]giL[0xb4][0xff][0x10][0x15][0x18]r[0x86][0xce][0xcc][0xc9]V[0x8]O[0xcc][0xc9]I[0xc5][0xcc][0xd2][0x90][0x4][0x8b][0xb0][0xcc][0xd2][0xcc][0xc0][0x82][0xd8]t[0x82](=0[0x1a][0x8e]8l[0xc3][0xf0][0x9b][0x85][0x99]!rQ[0x8f]7[0xee][0x10]%[0x8]rXBkL[0x1c][0x16]:[0xe7][0x17][0x14] [0xe7]7K3C[0xe4]f[0x1b]>[0xfb][0x8c][0x10][0x15][0x19][0xac] [0x81]&[0x5][0x5][0xe7]D[0xcc][0x12][0xb]= [0x8d][0x8d][\r][0x88]-[0xb2][0x8c][0xc][0xe1]U[0xb][0xcc]&HI[0x8b][0xab][0xdd][0x1]j[0x93] [0xa2][0xcc][0x94][0xf8]R[0xd8][0x8]Q[0x86][0xc0][0x8b],[0xa8]U[0xd8]3[0x1b]D[0x12]a[0x97][0x99][0xb9][0x19]r[0xa3][0x3]o[0xf8]![0x1a][0xa3][0xf0]b$<??[0x7]G[0x11][0x82][0x1e]~[0xa6][0x16]&D[0x87][0x1f][0xa2][0xc][0x81][0xdb][0x4]1[0xe]G[0x17][0x2][0xdd]W[0xc6][0x6][0xa6][0xc4]&z#D[0x9][0x2]-[0x85]!I[0xc][0x87]M[0xd0][0x14][0x83][0x8]@c#[0xa2][0xab]L#D[0xe1]A[0x85][0x16][0x7][0xde][0xa8]B[0x14][0x1b][0x88][0x9c][0xc][0xa9][0x9e]q4[0x3]r[0x10]>[0xb2][0xb4][0x4]U[0xb9][0xf0][0xae]&^{[0x10]%[0x6][0xbc]m[0x8][0xeb][0xec]a[0xaf][0xc6][0xa0][0xb2][0x8][0xdb][0xcc][\r]-[0x89]mr[0x18]![\n]"
09:19:36.435 [main] DEBUG org.apache.http.wire -  << "[0xc][0xcf][0xbc][0x92][0xd4][0x9c][0x9c][0xcc][0xf4][0xd4][0xbc][0x12][0x5]h[0xca][0xc0][0x96][0x87]1l351%[0xb6]"[0x3][0x95][0xd1][0xd0]Z[0x13][0x9e][0xb5][0xc0][0xad][0x18][0x5][0xa7][0xfc][0x92][0x12],[0xbd]hP[0x15][0x87][0xf0][0x97][0xb1][0x85][0x1][0xb1][0x95][0x8a]1[0xa2][0xb8][0xf0][0x4][0xd5][0xca])[0x99][0xa0][0xae]:4[0xa5])8cmO[0xc1]j[0x1c][0x84][0x85]F[0x6]DG[0x9b]1[0xa2][0xd4]@$[0xf]h[0xb2]w[0xce][0xc7][0xd2]N[0x84][0xba][0x5]a[0x99][0xa5][0x99][0x9][0xb1]U[0x98]1[0xa2][0xd8][0x8][0xce]IM[0xcd]V[0x0][0xb7]-[0x14][0xb0][0xda][0x83]Z[0xe][0x1a][0x9b][0x1a][0x11][0x1d][0x84][0x88][0x12][0xc3]'3=[0xa3][0xa4]<[0x15]D[0xc2]F=[0x9c]R[0xf3][0x92]3[0x88][0xa8][0x97][0xcd]A[0x5]7Q[0x9][0xdf][0x18]Qj[0xc0]K(hbS[0xf0]N[0xad]L[0xca]O,J[0xc1][0xb0][0x10]TX"[0x82][0xd0][0xc8][0xc8][0x84][0xd8][0x9a][0xb][0xd4][0xdf][0x85]&E[0xe4][0x9a][0x12][0x14]Z[0xb8]m[0x3]gw[0x84]u[0xe6][0x16][0xc4][0xc7][0x18][0xa2][0xf4]@jt@[0xab]z[0x1c][0xe5]"z[0xf3][0xd4][0xd2][0x8]4PF\X"[\n]"
09:19:36.435 [main] DEBUG org.apache.http.wire -  << "[0x11]$[0xeb]`}V\[0xb9][\r][0xdd]B33P[0xfd]N[0x9c][0x85][0x88]r[0x4]^j[0x81]2/q[0xb5][0xb3][0x85][0x5][0xd1][0xed][0x0]P[0x88]C[0xe3][\r][0xd6]M[0x87][0xe6][0xb2][0x80][0xc4]<[0xf0][0xd8][0x13]jK[0x11][0xbd][0x1a]325#[0xb6][0xb4][0x2][0xd5][0xad]P[0xab][0xe0][0xa5][0x15]$[0x88]p[0xb4][0xba][0xa1][0xd1][0x89]H [0xa6][0x86][0xc6][0xc4][0xb6][0xdc]L[0x10][0xe5][0x87][b^[0x9][0xb8][0xf9][0xe][0x1b][0xc2][0xc1][0xd6][0x2][0xc6](>,,[0x88]nq[0x9b] [0x8a][0xf]h[0xfd][0xc][0xca]F8[0xda][0x1c][0x10][0x1f]#[0xfc]db[0x8][0x1a][0x15]$*Q[0x98] J[0x90]`[0xa4]~[0xb][0xac][0x9c][0xc5][0xda]}F[0xcb]bf[0x6][0x96]D[0x87] [0xa2][0xfc]@[0xae][0xca][0xc0]9[0x1a][0xfb]()([0x81]"<fd@t=[0x6][0x1a]@[0x85][0xa6][0xc]Dd[0x81]LS[0xc0][0x9e][0x8][0xd1]<eabAl[0xb3][0xcd][0x4]Qn [0xd7]c[0x90][0xb1]""Z[0xd8][0x16]F[0xa0][0xb1]&[0xe2]b[0xb]Qf Y[0x5][0xe]>[0xec][0xed][0xe][0x90][0x14]"[0xf8][0xcc]L@[0xd1]M[0x9c]M[0x88][0xc2][0x2][0x9e][0xb1]`%=[0xf6]z[0x5]#[0x17][[0x80]j[0xb][0xa2],3[0xc5][0xec][0xa2][0x80]c[0x8a]p[0xa3][0xcd][0xd8][0xdc][0x94][0xd8][0xda][0xc4][0x14][0xd1][0xdc]@[0xc][0xc0][0xc2][0x8b][lV[0x81][0xdc][0x80][0x8]<K[0x13]c[0xa2][0xad]Bd*x5[0x9]N_8[\n]"
09:19:36.435 [main] DEBUG org.apache.http.wire -  << "%XnCXfjFtB7E[0xe4])hI[0x1][0x8a]t[0xac][0x19][0x17][0xd5]CF[0x96]f[0xc4]6AA[0x8e][0x81]f&[0xa4]t[0x7]K[0xf][0xe1][0x89]%X[0xda][0x19][0x18][0xa5][0x9f][0x99][0x1][0xca]p([0xbe][0x6]6[0xa8]o[0x1][0xb5][0xf]^U[0xc1][0x6]7p53[0xc0][0x8d]TD[0x8][0x9a][0x19][0x99][0x11][0xdb][0x17][0x2]u[0x9a][0xa0][0xb6]![0xf9][0xe][0x12]a[0xd8][0xca]uHe[0x86]d[0x95][0xb1]1[0xd1][0x1][0x89][0xc8]V[0x88]R[0x9][0x16][0xfd][\n]"
09:19:36.435 [main] DEBUG org.apache.http.wire -  << "[0xd8]3[0x16][0x9a][0xc7]LM[0x89][0xce][0xc4]f[0x88]|[0x85]\[0xb8]CC[0x12][0xfb][0x10][0x18][0xa4][[0x81][0xf0][0x9c])[0xea][0x4][0x11][0xbe]X3C[0xe4]0X[0xbd][0xf]K"8J'[0xd0][0x8]-[0xc2]*cC[0xa2][0x7][0xc0]@[0xbd]wh[0x94]A[0x13]="[0x10][0xb1]wS [0x9e]FXfb[0x2][0x1a][0x1f]$[0xaa]x2C[0xe4]0xY[0x8][0xca]J8[0x6][0xda][0xd0]C[0xd0][0xc4][0xd8][0x9c][0xd8][0xe4][0x1]J[0xb2]Po[0xc1]m[0x82][0xa4]6[0x1c][0xc3][0xa3][0xa0][0xac][0x8e][0xf0][0x93][0x85][0x19][0xd1][\r]'sD[0xd2][0x80][0xdb][0x4])[0xc1][0x15][0xb0]ggXI[0x89][0xb0][0xcd][0xd8][0x98][0xe8]!fsD[0xcb][0x9][0xd2][0x19][0x82][0x8e]va[0x1f][0xa9][0xc4][0xb4][0xca][0xd2][0x1c][0xe4]^[0xa2]"[0xcb][0x1c]Q[0xf6]"[0x17][0xf3][0xe0][0x99]j[0xec]cC[0x98][0xd6][0x19][[0x80][\n]"
09:19:36.435 [main] DEBUG org.apache.http.wire -  << " [0xe2][0xac]C[0x1a][0xdc]@j?A[0xb]?\[0xad]xXbE[0x4][0xa6][0x85][0x1][0xf1]Q[0x87]h[0x4]@[0xd3]>81bo?A3 [0xc2]"c[0x13]cb[0xcb]EPn[0x84][0xa6][0xc6][0xe0][0xdc][0xc4][0x9c][0x1c][0xf8]d[0x1b][0xf6]pDO[0xf7][0x96]&[0xa0][0xb9]&[0xa2]B[0x11][0xd4][0xd6][0x82][0xda][0x4][0xf5][0x12]4[0xd5]c[0xb7][0x9][0x92]P[0x91][0xfc]dJt[0xbb][0x1a]4[0x9d][0xf][0xb5][0x9][0xb9][0x5][\n]"
09:19:36.435 [main] DEBUG org.apache.http.wire -  << "[0x8b][0x10][0xec][0xfd]s[0x98],[0xc2]F[0xb]SPaG[0x9c][0xdf][0x10]-y[0xa4]~[0x1e][0xb8]P[0xc7][0xd1][0x14][0xc5][0xf0][0x1e][0xf1][0xa9][0x1f]T[0xc3][0xc2][0xbd][0x97]\[0x94][\n]"
09:19:36.435 [main] DEBUG org.apache.http.wire -  << "[0x1d]S[0x1][0xb7]Eq[0x8c][0xdf][0xa0][0x16]!F[0xe6]f[0xc4][0xe]>X [0x8a]E[0xe4][0xee]9,;[0xe1][0x1a][0xa9][0x7]%VD@[0x1a][0x93][0x90]H[0x10]Y[\r]5[0x91]`o[0xd0][0x83][0xc7][[0x10][0x16][0x99][[0x80][0xc6][0xd1][0x88][0x88]1cc$[0x8f]E8[0xf9]G[0x18]b[0x8c]h L5AY=[0x81]^9[0xc2][0xd6][0xa6][0x98]"uS[0xdd][0x13]s3[0xf3]0[0xe7][0xaa][0xdd][0xf2][0x8b][0x14][0xd2][0xc1]R[\n]"
09:19:36.435 [main] DEBUG org.apache.http.wire -  << "[0x5][0xa5]E[0x5][0xf9][0xc5][0xa9][0xc5]J[0xb5]H[0xcb][,A[0xe3][\n]"
09:19:36.435 [main] DEBUG org.apache.http.wire -  << "[0xd0][0x98]E[0x1e][0xea][0x81][0xe6][0x13][0x1c][0xf5]+[0xca][0x2][0x2][0x13]KP3[0x8e][0x88][0x10]0[0xb2][0xb4]@[0x14]1H-"h[0xdf][0x19]GU[0x4][0xea][0x9f]"[0x2][0xc6][0xc8][0x8][0x94][0xa7][0x89][0xb2][0xc][0xd4]W[0xc5][0xe2]3H.[0xc0]Y[0x1b][0x81][\n]"
09:19:36.435 [main] DEBUG org.apache.http.wire -  << "t[0x84]u[0xe6][0xa6][0xa0][0x16][0x1]q[0xd6]![0xea]"D[0x13][0xc]Z[0x1f]ao[0x80][0xa1][0xa5]$K[0xb][0xa2][0xb3][0x88]%"[0xef][0xc3][0xdb][0xb1]A[0xe0][0xa9]S<[0x3]X[0xe8][0xf3][0x82][0xc6]fF[0xc4][0xe][0x87][0x80]:[0xe2][0xd0][0xa0]D.[0xdd]@Y[0xe][0xeb]d[0xf]4F[0x11][0xe1]hj[0x0][0x9a][0xb5]'.[0x1c][0x11][0xd9][0x1f])[0x8d]@[0xeb][0x1b][0xec][0xb6][0x81][0xe6]y[0x11]v[0x19]Y[0x80][0xda][0xa7][0xc4][0xd9][0x85][0xc8][0xfa][0x90][0x9a][0x8][0x1c]%8[0xda][0xcb][0x98][0xa5][0xb5]1[0xf1][0xc3][0xb6][0xa0]Qyh[0x8]"[0x95][0xd6][0xd0][0xb4][0x88]=[0x97][0xa1]&|[0xb]K[0xa2]'[0x1e]-[0x11][0xb9][0xc][0x91][0x12][0xa1][0xc9][0x3][[0xbf][0x3][0x92]H[0x11][0x1]hl[0x1][0x1a]d[0x86][0x7] [0xbe][0xd5],[0xa0]b[\n]"
09:19:36.435 [main] DEBUG org.apache.http.wire -  << "[0xea]-[0xa4][0xc8][0x82]TB[0xd8][0x13]=[0xac][0x18]GXgn[\n]"
09:19:36.435 [main] DEBUG org.apache.http.wire -  << "[0x1a][0x0][0x83][[0x87]{[0xe9][0x87][0xb1][0x1]h@[0x3]n[0x1d]b[0xca][0x2][0x16]38[0xba][0xc1][0xe8][\r][0x8]3[0xd4][0x19][0x19][0xdc][0xfe]360@dj$[0xff]A[0xa3][\r]{[0x83][0x16]=4M[0xcc][0x88][0xec][0xdf][0x1b][0x1b][0x80][0xda]5X[0xbc][0x7]1[0x11]G[0xaf][0x0][0xda]"D[0x4][0xa7][0x91][0x99][0x11]q[\r]1cp[0x9e][0x84][0xda][0x7]i>[0xc3][0x3][0x12][0xfb][0xc2]F[0xb4]*[0xdd][0x94][0xc8][0x14]il`[0x80][0x94][0xcf][0x90]Z[0xb3][0x90][0xdc][0x86][0xbd][0x81][0x89][0xd4][0xaf][0x2][0x0][0x0][0x0][0xff][0xff]"
09:19:36.435 [main] DEBUG org.apache.http.wire -  << "[\r][\n]"
09:19:36.435 [main] DEBUG org.apache.http.wire -  << "6E7[\r][\n]"
09:19:36.435 [main] DEBUG org.apache.http.wire -  << "[0x2][0xaf][0xd7]42[0x0][\r][0xdb][0xc3]S[0x9][0xde]HCt[0x86]a[0xf3][0xc5][0xe0][0x92][0xca]'1[0xb7][0x0][0xa3][0xce][0x5]w[0xc7][0x11][0xa1]ga[\n]"
09:19:36.435 [main] DEBUG org.apache.http.wire -  << "[0xea][0xb5][0xc3][0xad]A[0xaf]y[0x11]5[0xa7]1x~[0x8][0x16]z[0xe0]f,[0xc4];8[0x16][0xdd]a[0xc4][0x93])[0xb1][0xd5][0xa6][0xb1][0x1][0xd2]J[0x1a][0xb4]x[0xc2][0xde][0x8e]E[0xf7][0x13][0xb1][0xe3][0x8][0xc6][0x6]H[0x8b]h`A[0x7]-8[0xb0][\r]dA[0xb]eD[0xe8][0x19][0x81]W[0xe1][0x10][0x17]z[0x88][0xfe][0x14]R[0x81][0x8][0x89]u[0xdc][0xeb][0x83]0l$[0xba]kjl[0x0]Zs[0x3][0x8b]/[0xca]W[0xb4][0xe2]M[0x19][0x88][0x91][[0x9a][0xce]L[0x1b][0x1b][0x18]"[0x8a][0xfa][0x80]`[0x5][0xcc][0x15][0xba][0xe9][0x89][0xb9][0xa9][\n]"
09:19:36.435 [main] DEBUG org.apache.http.wire -  << "[0xa6][\n]"
09:19:36.435 [main] DEBUG org.apache.http.wire -  << "[0xc5]%[0xe0][0xf1]bhV[0xc2][0xdf][0xb8]DI[0xe2][0x88][0x9c][0x4][0xf1][0x88][0xa1][0x11]F[0x6][0x82]/[0x2]F_[0x1]l[0xc]*[0xad][0x89]J[0xb][0xa0][0xa9]&[0xe4][0x98])03[0xc3][0xb0]&9?)1[0x11]D R[0x1b][0x9][0x16] F[0x90][0x9c][0xf3][0x93][0x12][0x15]RJsJ1l[0xc8][0xcc][0xcb]T[0xc8]H[0xcc][0xab]LT(H-[0x2][0xd9][0x94][0x98][0xa7]P[0x90]_[0xc]Z[0x13][0x4][\r]8SKKP[0x85]G[0x9c][0x9f][0x10]5[0x7]-b[0x6]4[0x95][0xb][\r]2[0x9a][0x18][0x8f][0xc8][0x9d]![0x89][0x98]A[0x5][0x8f]s,[0xb][0xbf][\r][\r]0[0x0]Q[0xb][0xa6][0x8c][\r]@[0xf5][0x16][0xd4]O[0x1e][0x5][\n]"
09:19:36.435 [main] DEBUG org.apache.http.wire -  << "a[0x99]e[0xf9][\n]"
09:19:36.435 [main] DEBUG org.apache.http.wire -  << "[0x91]F[0x98][0x9].7573'3;S[0xa1][0xb8] [0xb5]83-3;[0xb1]8S[0xa1]21/]![0xb1] [0x13][0xb4]~[0x11][0x1a][[0xa0][0xe6][0x2][0xb8][0xc5]@\|![0x92]:[0xfd]|[0x8c][0xb4]T[0x81][0xfe]>FZ[0xb6]0[0x0][0x96]#z0%[0xa9][0xc5][0xa0]m[0x18][\n]"
09:19:36.435 [main] DEBUG org.apache.http.wire -  << "[0x5]E[0xf9])[0xa5][0xc9][0xa0][0xec][0x86]:[0x8d][[0x92][0x91]Y[0xac][0x90]Y[0xac]P[0x92][0x91][\n]"
09:19:36.435 [main] DEBUG org.apache.http.wire -  << "S[0xa3][0x90][0x82][0xb4]![0x4][0xbe][0xa5][0x3][0x9c][0xf2][0x88]Lk[0xa0][0xc9]YhZ[0x3][0x97]lf[0x6][0x6][0x6][0x18]%[0x2][0xbe]dnJtI[0x0][0x9a][0xae][0x82]Z50^E4[0xbe][0x6][0xc6]~[0xba][0xd5][0x86][0xa0][0x11]HhH[0x83]#[0x95][0xe4]=+D[0xd7]X[0xa0]&=[0xd4]&[0xfa][0xe7][0x1d][0xa4]u[0x10][0x3][0x12][0xa1]H[0xa3]N[0x3]c?[0xa2]j[0x1d][0x18][0xfb][0x11]e[0x17]dh[\r][0xa3][0xe0]H[0xc3]2[0xea][0x6]/[0xa6][0x88][0x9d][0xf8]26[0x0]M[0xc8]AS[0x19]l[0xe2][0xb][0xdc][0x91][0xc1][0xbe][0x86]-(53935/%[0xb3]X[0xa1]85E!3[0xaf],5[0xaf]$[0xbf](U!3/93[0x5][0xb4][0x11]-[0xb5]D![0xb1][0xb4]$5[0x17]i?[0x18][0xb1]k[0x4][0x8c][\r]@[0xeb][0xe3][0xa1][0x8e][0x19][0x98]PG[0x14]c[0x3][0x90][0xe5][0x10]e[0x18][0xd5]<O[0xdc][0x8a]?c[0x3][0x13]D[0x1b][0x9f][0x90][0xdd][0x88][0xb6]1[0xa8].$[0xb2]*[0x4][0xad][0x9b][0x1b][0xc8][0x88]EZ[0xa5]A[0xc8]4i[\n]"
09:19:36.435 [main] DEBUG org.apache.http.wire -  << " -[0xe0][0xa0][0x9a][0xfd][0xc4][0xc6]-h[0x8b][0x1a][0x91]aOV[0xdc][0x82][0xe6][0xaf][0x88]4[0x9f]6a[0x8b][0xe8]GP-lAI[0x9b][0xe8][0xf0]E[0xc]&S[0xcd]~[0xa2][0xed]F[0x14]X[0x84][0xec]&/niP&[0x91][0x14][0xb6][0x88]r[0x89][0xb6][0xd5] h)[0x16]4[0x11][0xd3][0xd6]"[0xd0][0xbc][0x1][0xd4]"B1F[0x93][0xdc][0x2][0x9a][0xfb][0xa5][0xb6][0xfd][0xc4][0xa6]V[0xd0]<[0x17][0x91]v[0x93][0x95]ZAs[D[0x9a]O[0x9b][0xb0][0xa5]QIDd%[0x8b][0xb4][0xd6][0x87][0xbc][0xae][0x9][0xd1][0xdd]M[0xd0][0xe2];h@[0xd3][0xda]&D[0x1][0x10][0xe1][0x94]_[0xa1]0[0x18]&[0xb4][0x8d][\r][0xcc][0x11]c}[0x3][0x92][0x89][0x91][0xd6]$Q[0xcd]~b3[0xb1]9[0xa2]gB[0xc8]n[0xb2]21[0xd2]"(B[0xe6][0xd3]$[0x13][0x9b][0xd3][0xa0]:[0x7]UyDfb[0xa4][0x85]K[0x3][0xe2]}[0xd0][0xd2][0x7]h[0xd6][0xa6][0x9a][0xfd][0xc4]&-[0xa4][0x5]N[0x84][0xec]&+i[0x81][0xd6][0xfc]Q[0xdb]o[0xa0][0xa8]%[0xda][0x3][? -V![0x14][0xbc][0xb4][0xc8]YF[0xa0][0xad]Z[0xd0][0xe0][0xa7]m[0x1b][0xb]t[0xee][0xe][0xd4]"[0xaa]y[0x94][0xd8]8F:i[0x86][0x90][0xdd]8[0xd3]0[0xbe][0xe5][0x9]H[0xcb]r[0x8][0x99]O[0x8b]H[0x4][0xef][0x97][0xa1]v[0xd8][0x82][0xf2][0x10]q[0xc5][0xa3]!h[0xf4][0x94][0x16][0xd6][0x13][0x19][0xbd][0x86][0xa0][0x8d]d[0x3]j?[\r][0xc6]%[0x89][0xf6];mk~C[0xa4][0xa5])[0x3][0x91][0xb4][\r]A[0xcb][0xc7]h[0x11][0xb7]D&m[0xa4][0x15][0x18][0x3][0xe2]}[0xa4]u[0x19][0xb4]m[0xd4][0x1b][0x82]v/@[0x3][0x9a][0xd6]6!j\Z[0xdb][0x84]h6[0xd2][0xda]&[0xc4][0x98][0xf][0xad]mB[0x8c][0xfe][0xd0][0xda]&D7[0x8f][0xd6]6![0xe6][0xe0]il[0x13][0xfa][0x8a][0x13][0x92]g[\n]"
09:19:36.435 [main] DEBUG org.apache.http.wire -  << "[0x89][0xed][0x8e][0x1b]"5[0xac]h[0xed]'D[0xf5]Ck[0x9b][0x10][0x95][\r][0xad]m[0xa2][~2B[0xe4][0xa7][0x1])[0xe1][0x91][0x16][0xbf]P[0xcd]~b[0x1b][0xf][0xa0][0x1d][0xc][0xd0]2[0x9f][0x90][0xdd]8[0xdb][0xc5]x[0xd6][0xc3][0x19]"[0x9d][0xfd]A[0xe3][0xf4][0x82][0xb4][0xa0][0x86][0x90]Oh[0xd1][0x2]7DZSCU[0xfb][0x89]l[0xa6] -K[0xa0][0xaa][0xf5][0xc4]&$[0xa4][0x95][0x9]4[0x8e]h[0xa4][0xa9]qZ[0xdb][0x84]([0x82]h[0xb0][0xd2][0xce][0x10]i[0xf6][0x13][0xb1][0xaf][0x10][0xba][0xcc][0x15][0xd7][0x9][0x1a][0x81][0xa5][0xa0][0xe5]P[0x88]Sf[0x13][0x8b][0x8b]KsS[0xf3]R[0x12][0x15]Jsr[0x12][0xc9][0x9a][0xde]7D[0x9a][0x5][0xa5]q[0x80]"[0xcd]y[0x6][0x4][0x9b]`[0xac][0x9d]((6QHJ,[0x2]-:DZ[0xc8]Gd[0x6][0x18][0xe0][0xf9]NCSD[0x9b][0x96]j[0x19][0x90][0xd8][0xcc][0x87][0xb4]a[0x9f][0x90][0xdd]d[0x95][0xe2][0xa0]]^D[0xd6][0x12]4)[A{gia?[0x91]Ik[0x80]'[0xb0][0xc][0x91]f[0x90][0x8]E/M[0x82][0x1f][0xb4][0x8f][0x98][0xda][0xc1]Ol[0xd2]F[0x9a][0xd3]"[0xe4]w[0xb2][0x92]6[0xd2][0xfe]xB[0xe6][0xd3]&l[0x11][0x1d][0x1f][0xaa][0xda]Od[0xd2][0xa6][0xd5][0xb4][\n]"
09:19:36.435 [main] DEBUG org.apache.http.wire -  << "[0xb1][0xd1][0xb]:[0xc7][0x0][0x9a][0xb4]hQ[0xc5][0x9a]#u`[0x91]v[0x1f][0x81]w[0xc9][0xe0][0xd8]U[0xe5][0x9f][0x9b][0x7]]FW[0x8][0xaa]k[0x93][0xf3][0xf3][0x8a]S[0xb]K[0x13]KJ[0x8b][0x14][0x92][0xf3][0x8b]@[0xa7][0xbb][0x83][0xe]=O[0xca],V(J[0x4][0x9d]J[0x8f]|[0xb2]<[0xd1]K[0xea][0xc][0xcd][0x11][0xd1]N[0xb]#MWQ[0xa1]J[0xc7][0xb3][0xe3][0xca][0x10]ib[\n]"
09:19:36.435 [main] DEBUG org.apache.http.wire -  << "[0xb2]A[0x9][0xba]i[0x8][0xfb][0xd6].[0xc7][0xd2][0x12][0x85][0xd4][0xe2][0x12][0x85][0x9c][0xc4][0xa4][0xfc][0xa2][0xd2]\[0x85][0xe2][0xc4][0x82][0xcc][0xd4][0xbc][0x92]TD[0xd0][0x82]W)[0x82]V1[0x92][0xb3]R[0xd1][0x10]i[0xaa]*/17[0x11][0xb2]h[0x1c][0xb4]1[0x0]u]y6[0xf4][0xc4][0x84]<[0xb4][0xbd]Al[0xb2]E[0x9a][0xb2][0xa2]I[0xf4]![0xda][0x12][0xd0]}[0xe9][0xd0]=d[0xb8]v[0xc0][0x7][0x83][0xd6]x[0xe6]%[0x82][0xf][0xff]O$/[0xe4][0x10][0x3]e[0xc8][0xfb]|[0xa1][0xbb][0xb2][0xb0]o[\n]"
09:19:36.435 [main] DEBUG org.apache.http.wire -  << "[0xf4]K,)-VH-Q([0xce][0xcc]+![0xcf]VD[0xb][0x9b][0xaa][0xa5][0x1f][0xd1][0xf1]8[0xc0]][0xa4]][0xf1]H[[0xe1]`[0x91][0x8d]m[0xe3]]X~NiAIbIj[0xb1]B[0x9][0xa2][0x1b][0x90]Z[0xa2][0x90]Z[\n]"
09:19:36.435 [main] DEBUG org.apache.http.wire -  << "[0x8e]}[0x85]R[0xf0]J_[0xf2]b[0x3]Q([\r]Hl[0xd0]c&[0x14]_YF[0x8b][0x9]J[0xd0]$[0x1a]rj[0xc4]3[0x89]h[0x88]4I[0x9][0xdb][0x82][0x9][0xda]w[0x8b][0xe3]t[0x4]G[0xd0][0xdd]"y[0xe0][0x8a][0x9][0xbe][0xcc][0xbb][0xb0]4S![0xaf]4[0xb7][0xb0][0x94][0xcc][0xae] =[0xa6]1[0xf1][0x86][0x0]F[0xc1][0x7]=O[0x0][0xc7]a[0x99][0x9e][0xb9][0x5][0xa9])[0x99]%[\n]"
09:19:36.435 [main] DEBUG org.apache.http.wire -  << "E[0xa9][0xa0][0xda][0x4]v[0x1][0xc][0xb8][0xe2][0x6][0xd5][0xda][0x99][0xe0][0xdc][0x0][0xef]"[0x83]k[0x1d][0xf2][0xea]kKD[0xf1]80Y[0x3]QP"6[0xf6]C[0xb]g[0xec][0xa7]n!]ES[0x94]ZP[0x9a][0x92][0x99][0x98][0x97][0x92][0x98]JQ[0xa3][0x5][0xe9]$[0x3][0x9a][0x5][0x2][0xde][0xd4][0x81]h[0xcd][0xd1][0xcc]~|[0x83][0x99][0xa0][0x91]hcu [0xec][0x7][0xb7].[0x7][0xd4]~[0x1a][0xac][0xaf]C.[0x1b]1[0xc3][0x1e][0x0][0x0][0x0][0xff][0xff]"
09:19:36.435 [main] DEBUG org.apache.http.wire -  << "[\r][\n]"
09:19:36.435 [main] DEBUG org.apache.http.wire -  << "702[\r][\n]"
09:19:36.435 [main] DEBUG org.apache.http.wire -  << "[0x82][0xdd][0xc5]dl[0x84]t[0x1c][0x3][0xa1][0xb0]'[0xa7][0x1f]h[0x4]:cz [0xc3][0x16]t[0xf8]>[0xd4]~[0x9a][0xae][0xc2]1[0xa2][0xd5]t>q[0x1d]N#[0xd0][0xd1][0xda]P[0x12][0x8a]GZ[0xf4][0xb7][0x8d][0x90][0xa6][0xd3]if?[0x9e]2[0xcc][0x8]i[0x92][0x9d]f[0xf6][0xe3][0xcb]G[0xa0]K%[0x6]4[0xfc][0x7][0xb6]"5[0xa2][0xdb]Q[0x10]FH[0x7]4P[0xa1][0xf][0x8e]/N[0xe9]6[0xa5]m[0x84]tK[0x6][0x15][0xfc][0x84][0xa7]-n[0x84]t[0xca][0x1]m[0xcb]C#D[0x93][0x93][\n]"
09:19:36.435 [main] DEBUG org.apache.http.wire -  << "^[0xc2][0x1b]M[0x88][0xa4]Ok[0x9b][0x10][0xad][0xc5][0xcc][0xbc][0x94][0xfc][0xdc]L[0xcc][0xbb]{[0x12][0xb3]K[0x15][0x8a]K[0xb3][0x13][0x15][0x10][\n]"
09:19:36.435 [main] DEBUG org.apache.http.wire -  << "[0xa0]c FD[0x9f][0x9c]`[0x84]4s[0x8e]0[0x6]u[0xa8][0x85]:[0xf6] [0x1a]~[0xc1][0x89][0xb9][0xc5][0xa5]y[0xe9][\n]"
09:19:36.435 [main] DEBUG org.apache.http.wire -  << "[0xc1]F[0xc6][\n]"
09:19:36.435 [main] DEBUG org.apache.http.wire -  << "[0xa1]9%E[0x89][0x18][0xb3]HH[0xd5][0xbf][0x99][0x1]q[0xe7]+[0x1b][0x1b]![0xcd][0x83][0xd3]8n[0x90][0xe6][0xa9][0x9][0xfb][0xc5]=1'[0xb1][0xa2][0x12][0xe1]#b[KH[0x93][0xd1][0xb4][0xf6][0xe][0xbd][0x16][0x84][0x18]![0x9f][0xdb]@[0x9b]D[0x80]t\[0x3][0xad]C[\r][0x91]Aim[0x13]b[0x84][0x8b][0xd6]6!2i[0x0][0x8e][0xf3]<@[0xe7][0xec][0xa4][0xa4][0x16]g[0x17]e[0x16][0x14]g[0x92];[0xf8]j[0x84][0xb4][0xd4][0x81][0xb6]U[0x3][0xd2][0x9a][0x6][0x1a][[0x84][0xe8]X[0xd1][0xd8]"[0xc4]B1[0x1a][[0x84]([0x16]POr[0x5]]:[0x86]c[0xe6]%,[0xb5][0x8]|[0xad]/[0xe4][0x10][0x3][0xa4][0xd1]M[0xc4]-[0xba][\n]"
09:19:36.435 [main] DEBUG org.apache.http.wire -  << ")[0x99][0xe9]y[0x99][0xc5][0xc5][0x99][0xb9][0xf9][0xc5][0xe4][0xc]q[0x1a][0xd1]m[0xf1][0x88][0x11][0xd2][0xa1][0x9]4[0xce]xH[0xf7]R[0xd0][0xda]&[0xba][0x15]&H'[0x1f][0xc0]jIH][0xa8][0xe0]hL[0xda]i=D[0x9f][0xb9][0x1][0xbe]E[0x8][0xda]5[0xa2][0xc1][0xa4][0x8e][0x11][0xd2]r[0x9f][0x1][0xe9][0xf9]!-[0xf3][0x19][0x18][0xfb][0x11]e[0xcf][0xc0][0xd8][0x8f]([0x92][0x6][0xc6]~[0xb4][0x8e][0x6][0xed][0xce][0x9d]2BZ[0xf][0x84]\[0xfa][0x82]O[0x90][0xc1]z[0x14]&h[0x9a][0x1][0xd1][0xca]42[0x7][0xb5][0x84][0x88]9;[0xcd][0x8]ie[0x10][0xf2]}[0x10]`[0x9b][0x88]:D[0x1b]r[0xf0]$qv!J[0x1f][0xd8][0x99]8[0x90][0x89]|[0xec][0x87][0xe2]@g[0xe][0x10][0xde]25$[0xf2][0xc8]c#[0xd0]I[0xa0][0xd0][0xa2][0x0]6[0x13][0x3];[0xbd][0x16][0xc7][0x9][0xeb][0xd0]9;[0x84]m[0x16]&[0xa0][0xc3]x[0x89][0xf3][0x18]b[0xde][\r]q[0x8b][0x1c][0xe4][0xe8]Z[0x1c]U%t[0x95] [0xc2]6[0x13]S[0xd0][0x0]"Q[0xb6]![0x1d]u[0x0][0x99][0xb1][0x7]G[0x16][0xd6]d[0x1][0x99][0xcb]G[0xd8]b[0x4]^[0xb3]H[0x9c]-[0x88]&[\r][0xf2][0xe1][0xe2][0x10][0x13]q[0xad]nDM[0x86][0xa6][0x96][0xa0][0xe9]([0xe2]lC[0x94]-[0xf0][0xeb]q[0xa0]a[0x84][0xf5][0xda][0x1a]H[0xe0]"<f[0xc][0xae][0xae][0x89][0xb3][\n]"
09:19:36.435 [main] DEBUG org.apache.http.wire -  << "Q[0x8c] [0xe7]-[0xa8][0xc7][0xb0]'E[0xc8][0xa9][0xc1]H[0xd6]Y[0x80][\n]"
09:19:36.435 [main] DEBUG org.apache.http.wire -  << "c[0xe2][0xac]C[0xc][0x1a][0xc0]}[0x86][0xd7].[0xc8][0x91][0xc1][0x8][0xbb][0xcc][0x88]>[0xab][0xd7][0x88][0x84][0xb5]V4[0x19][0x9b][0x1d][0xe0][0xb5]XFf[0x88]|[0x8]nH[0xd1][0xb0][0x84][0x6][0x95]D[0xd0][0x2]f@*[0xa3][0x1]>*[0xc1][0x88][0x16]G%[0xa0]O[0xb5][0xe3][0x1b][0x8b]#[0xe1][0xb8][0x4][0x9a]$[0xf5][0x1]>N[0xc1]h[0x80][0xd7][0xfd][0x19][0xa1]/P[0xa3]aVC^[0xa1]F[0xd3][0xc3][0x9f][0x8d][0x90]V[0x85][0xd1][0xba][0xfc][0xb0]@kL[0xd2]l[0x17][0x9b][0x91][0x5][0xdd][0x86][0xaa][0x90][0xee]#[0x1][0x7][0x1f][\r][0xfd][0x84]V[0xd0][0xd3][0xce]&[0xa4]%E[0x88]u[0x1b][0xd0][0xb6]"[0xae]V[0x90]cQrFfIjrI[0xbe][0x2]lEK1h}_>xejj1YK[0xed][0x8c][0x90][0x16][0x17][0x81]C[0x97][0x86]9[0xe][0xd4]l[0x83]Vn[0x8]OC[0xaf][0x95][0xc1][0xbe].[0xd4]/3#3G!5[0x11][0xb4]8[0x94][0xac]q[0x1d]K[0xba][0xe5][0x7]K[0xba][0xe5][0x7][0xa4][0xe5]&4[0x1d][0xac]3F:=[0x1]6[0xd8][0xe2][0x98][0x85]9[0xb1][0x82][0xef]Ld[0xa2]GY[0x8c][0x91][0x16]r[0x80][0xd3]![0xcd][0xf2][0x9e]1[0xf2][0xd5][0x13]4-[0xf8][0x8d][0x91][0x16]5[0xd0][0xd8]OH[0xd3][0xf7][0xb4][0xb6][0x9]1[0x9c]Oc[0x9b][0xa8];[0xa9][0x8c][0xa7][0xd5]g[0xc][0xba][0xf5][0x8]Z0!wJ[0xe1]]{lW[0xe4][0xf8][0xa5][0x16][0x96][0xa6]*[0x94]A[0x96][0xdd][0x16][0x83][\n]"
09:19:36.435 [main] DEBUG org.apache.http.wire -  << "([0x85][0xcc][0x14]h[0xc1][0x8c][0xbc][0xdf][0xe]4[0x12]BL[0x8f][0xce][0x18]i[0xd2][0x94][0xc6][0x1]K[0xb7][0xcd][0xb7][0xc6][0xa0][[0x83][0xa0][0x1]Kk?[0xd1][0xab][0xa0][0x7][0xdf][0x9c]B[0x1f]?![0xcd]3[0xd1]8[0xf4][0x90][0xa6]?[0x6][0xcf][0xb9]}[0xc6]H[0x13][0x18][0x83][0xc9]U[0x88][0xe1][0xc6][0xc1][0xe4]*D[0xb1]<[0x98]\e[0xa9][0xa3][0x4][0xcd]+[0x83][0xe5]~Ccc[0xd0][0x18][0xdb][0xe0]s[0x14]b[0xf8]p[0x10][0x85][0x14]b[0x90][0x91][0xc6][0x5][0x10][0xd2][0xc0]:[0x8d]mB:Q[0x97][0xd6]6[0xd1][0xad]JB[0x1a][0xa0][0xf5][0x8]P[0xc8][0xcd],[0xc9][0xc7]X[0xfd][0x4]n[0xa4][0x97][0xa4][0x16]%%"_[0x88]c[\n]"
09:19:36.435 [main] DEBUG org.apache.http.wire -  << "[0xd2]IT[0xeb]d[0x80][0xc7]`[0x8d][0x91][0xc6]`[0xa9]60J[0xe4][0xaa])c[0x12][0x6]e[0x11][0xe3][0xeb][0xa0]QG[0xe2][0xd6]>[0x1b][0xf][0xf0][0xa0][0xab]1[0xad][0x6]][0x89][0xf5]>"[0x9f]P-jA[0xa1]Ot[0xf4]"z[0xee]4[0xb3][0x1f][0xcf][0xd2]o[0xf0][0x9d][0xed][0xd0][0xfa][0x88]f[0xf6][0xe3][0xeb][0xfd] m[0x86][0x1e][0x18][0xfb][0x11][0x8d][0x84][0x1][0xb1][0x1f]i[0xcc]y`[0xec]GL[0x89][0xe][0x8c][0xfd][0x88]I[0xd2][0x81][0xb1][0x1f][0xd1][0xf4][0x19][0x18][0xfb][0x11][0xe5][0xf][0xad]jO[0xa4]![0xec][0xc1][0xd3][0xba][0xb3]@[0xe4];*[0xb4][0x84][0x8c]u[0x94][0x9c][0xa1][0xdb][0xe7]S[0x8b][0x95][0xac][0x90]7i[0x19]#m[0xe0][0x1d]<[0xde]G[0x1a][0xf8][0x86][0xae]KUp[0xcd]I[0xc4]ra:[0xe8][0xe2]G[0xf0][0xfe]H[0xb0][0x1c]t5<h[0x10][0x16][0xde]p[0xc2][0xeb]wD[0xea][0xa6][0xc1][0xea]1c[0xa4][0x1]n[0xb7][0xd2][0xa2][0xbc][0xcc][0x92][0xd2][0xa2]T[0x85][0x90]|[0xcc][m[0x11][0xb2])[0x89]E[0x99][\n]"
09:19:36.435 [main] DEBUG org.apache.http.wire -  << "^[0xa9][0x5][0x89][0xe0]E[0xf2]P[0xff][0x18][0x82][0xee][0xfc][0x81]{[0x8]_uA[0xb7][0x81]n[0x13][0xa4][0xd3][0x83][0xa9][0x90]@[0xf1][0xf8][0xc9][0x4]i[0xa4][0x1b][0x11]N[0xb4][0xc]E[0x13][0xa4]}[0x85][0xb4][0xf6][0x1b][0xa2]xC[0xac]"[0x82][0xac]<[0xc1][0xb1][0x8a][0xc8]1'3[0xb1]X![0xad]4=Q[0xa1][0x14]yR[0x9]|[0x9c]31i[0xc4][0xc4][0x0]1F[0xe2]Y[0x90][0x91][0x9f][0x97][0xaa]`h[0xa8]`f[0xa2][0x90][0x9e][0x84][0xbd]c[0x92][0x91][0x8]:<E[0x1][0xfd][0xbe]X[0xa2]g[0xf]L@[0x1b]:[0xa0]m([0x98][0x85]F4[0xb5][0x10]ih[0x1f]f!m}[0x88]t[0xde]0[0x9d],D[0x14]\4N[0xa1][0x86][0x18][0xc3][0xc][0xe6]4J&[0x86][0x88]t[0x19][0x90][0x98][0x93][0xe8][0x93][0xef][0x83]g:[0xb]Kj[0x4][0x8d]g[0xc3]3[0x0][0x9e]mj&H[0x9b][0xfc]hP[0xea][0x9b][0x80][0x16][0xf5]A[0x93];-[0x8c]G[0xda]8[0xe8]T[0x94][0x98][0x9c][0x9a][0x93][0x8a]y[0x7][0xab]obJ[0xaa]B~[0x9a]BFfz[0x86]BaibNfI[0xa5]BAjbQN1[0xa2][0x13]l[0x4]2[0x9][0x1e]`[0xf8]J`[0xa4]Cqi[0xe2]#D[0x1b][0x97]&[0xc6]#[0xf2][\n]"
09:19:36.435 [main] DEBUG org.apache.http.wire -  << "[0xdd][0x2][0xc]Q[0xac][0xd3][0xcd]JD>[0xa5][0xa6][0x95][0xf8][0xf2][0x11][0xd2][0xcc][0x1c]5[0xad][0xc4][0x9b][0x12][0x11]e[0x4][0x8d][0xcb]=[0xa4][0xcd][0x85]4[0xea]x[0x98] M[0xf5][0xd1]2[0xfc][0xaa][0x95]<][0x94][0xac][0xc][0x8d],[0x90][0x8a]r[0xc7][0xe4][0xe4][0xd4][0xe2][0xe2][0xfc][0xa2][0xcc]TP[0x81][0x80][0xba][0xfb][0xb3]$_!5/#1/9U![0xb1][0x0]Th[0x80][0x98]J[0xb5]H[0x7];[0x98] [0xed][0x87],N-HM[0xc1],[0xa8][0x13]3+A[0x82][0xd0][0x6],x[0x1f][0x5]QE[\r][0xd2]&HZ[0x86][0x9][0x8a]g[0x10][0xe5][0x3][0xb5]=C[0xff]b[0x0][0xb4][0x9][0x0]Z[0xf9][0x4][0x83]cF[0xc1]'[0xb3][0xb8][0xa4][0x8]<[0xae][0x8c][0x1a][0xcd]P[0xe9][0x1c][0x88][0xb4]B^zjR)[0xa8]&!=[0xca][0x10]CtP3[0xa1]V*8%[0xe6]$bvv[0xa0][0x8a]P-VHJ[0xcc]K[0x7][0xd7]dP[0xfb]MA[o[0x88]K2[0x88]2[0x81]nI[0x6]1[0xa1]G7+[0x11][0x3][0x2][0x14]Z[0x9][0x0][0x0][0x0][0xff][0xff]"
09:19:36.435 [main] DEBUG org.apache.http.wire -  << "[\r][\n]"
09:19:36.435 [main] DEBUG org.apache.http.wire -  << "350[\r][\n]"
09:19:36.435 [main] DEBUG org.apache.http.wire -  << ""[0xba][0xda]G[0x9a][0xe2][0x86][0x9e]h[0x7][0xed][0x99]`[r[0x11]Z[0xa2][0x90]ZT[0x94]_[0xa4]P[0x94][0x9a]\Z[0xc]9[0xb7][0xa8] [0x1f][0xb4][0xeb][0xaf][0xb4]X!7?[0x7]tk|b*[0xe8][0x90]@[0x85]L[0xc8][0x1]PHk[0xc6][0x88][0xef][0xbc] ]f[0x8d][0xe8]0[0xf9]d[0xe6][0xa5][0xe6])8[0xe5][0x97][0x94][0xe4]`n[0x9a][0x7][0x1d]_X[0x90]ZT\[0x90][0x99][0x9c][0x99]X[0x92]Y[0xc]][0x6][0xa2][0x90][0x92][0x99]\[0x92][0xa8]P[0x90]_T[0x94][0xaf][0x90]YP\[0x9a][0xab][0x90][0x8a]|[\n]"
09:19:36.435 [main] DEBUG org.apache.http.wire -  << "[0x1f][0x9]NB4_[0xe8][0x16]3[0x88]"[0xb][0xb2][0x1d][0x4][0x12][0x2][0xee]9[0xf9]eX[\n]"
09:19:36.435 [main] DEBUG org.apache.http.wire -  << "t[0xff][0xb4][0xb4][0xcc][0xe4][0xcc][0xcc]b[0x5][0xe4]s1[0x13][0xf3]2s3[0xe1][0x11]S[0xc][,S[0x92][0xaa][0x90][0x92][0x9a][0x93][0x9a][0x97]Y[0x92]I^[0xfc][0xd0][0xbf][0xc8]C[0xda][0xb4][0xe9][0x9e]_[0x94][0x9e][0x9a]_Z[0xac][0x0][0xdb]m[0x91]X[0x84][0xd1]Y[0xf1][0x7][0x9d]=[0x6]^[0xa3]Y[0x9a][0xb][0xba]_[0x1b][0x9a][0x4][0xc0][0xe7][0x8c]e[0xe6][0x17]C[0xce]cTH[0xcc][0xc9],,[0xcd]LQ([0xce]$[0xaf][0x93][0x8d][0xb4]<[0x2][0x91]Na[0xbb][[0x9c][0xf3][0x13]A%-jy[0xec]Z[0x2][0xea][0xd5]g&[0x96](@[0xd6][0x8c][0xe6]f[0xe6]e[0xe6]&[0xc2]N[0x86]S(.-N[0xce], [0xd7]5[0x88]"[0x12]y[0xc7]Wx~~[0x8e]BpFf[0x11]V[0xd7][0x80][0xce][0xfc][0x84].[0xa1]*[0xc9]L*-V([0xc8]ILNM,QH%3H[0x10][0x85]&[0x8d][0xdb]n[0xa0][0xaa][0x3]Z[0x9]*`[0xc4]?x[0xb2][0x95][0xe2]1[\r][0xa4]S[0xd1][0xc9][0xf2][0xc][0x91][0xf3]_&H'[0xa4][0x93]e[0xf][0xf1][0xa3]4Hg[0xa1][0xd3][0xab][0x18]C[0xda][0xf2]H7+[0x11][0x8d][0x15][0xba]Y[0x89][0xc8]|t[0xb3][0x92]~Y[\r][0xd1],[0xa1]q[0xfa]D[0xde][0x2][0x9]Y[0x19][0x8c]y[0x81]-[0xbe][0xbc]m[0x82]2+[0x80][0xde][0xc9][0x84]u[0x92]L[0x91][0x1a][0x18][0xee][0x89][0xb9][0x99][0xe0]i[0x5][0xd4][0x82][0xda]-[0xbf]H[0x1][0xb2][0xb6][[0xa1][0xa0][0xb4][0xa8] [0xbf]8[0xb5][0x18][0xb5]wD[0xb7]U,&H[0xb7]@[0xd3]:[0xf4][0x91]Z[0x1c][0x90][0xd0]7[0xa5]Q[0xc9]j[0x86]hA[0xd0][0xda]O[0x88]![0x13]Z[0xdb][0x84](u[0xa0]6[\r][0xda][0xb4][0x8b]([0xac]p[0xba][0x14]1[0x84][0x88][0xaf][0x16][0xa3]j[0x8e][0xc2]([0xcf][0x6]m[0xf8]a[0x94][0x87][0x98].[0xa5][0xf8]!-[0x92][0x82][0xc6]*[0xad]r/[0xd2]r)[0xbf][0xc4][0xe2]L[0x5][0x97][0xc4][0xd2]<[0x5][0xaf][0xd4][0xa2]R[0xcc][0x3][0xdd][0xc1][0xf2][0xe5][0xa9]y[0x89][0xd9][0xd9][\n]"
09:19:36.435 [main] DEBUG org.apache.http.wire -  << "%[0xa9]y[0x89]y[\n]"
09:19:36.435 [main] DEBUG org.apache.http.wire -  << "[0xb9][0xa5]E[0xb9][0xa9][0xa0][0x16];t[0xc][0xc0][0xd0][0x12][0xff][0xb1]f[0xb0]$f[0x81]t[0xc8]mr~^I~[0x86]n2b[0xba][G[0x9][0xad][0xfc]N,[0xce][0xc8][0xcc][0xcf]KL[0xca]IE-[0xb7][0x91][0x96]Z[0x81][0xdd][0x86]p[0xbb]Bbeb[0xae]Bz~Q*[0x96][0xfa][0x0][0xac][0x96]J[0xfe]@[0xa4]s[0xc2][0xfe][0xc0]T[0x81]2F[0x87][0xb4][[0x96][0xd6]qN[0xb7]r[0x14][0xe9][0xe6][0x9]Z[0xfb][0x9]#[0x1f][0xd3]*[0xc7][0xd0]m[0xab][0xab][0x9][0xd2]VW[0x82][0xcb][0xd0][0xe9]U[0xb2]#[0xed][0x89][0xc5][0xe1]&Ds[0xb]Qn[0xd2][0xaf]-[0x87]t[0xd8][0xff][0xe0]t[0x1f][0xdd][0xd2])[0xd2][0xae]X[0x1c]!1[0x10][0xf1][0x83][0xb4]Ph0[0xb9][0x8a]n[0xad]e[0xa4]%F[0xd8]Wo[\r]l[0xf6]AZ[0x8f][0x84][0xdd]y[0x3][0x92]f[0x10][0xb5],vG[\r]h[0x98][0x99]"[0xad][0xac][0xc2][0xee][0xbc][0x1][0x8]3S[0xa4]EX[0xb4][0xad]yM[0x91][0x16]_a[0xf7][0xfe][0x0][0xc7][0xe][0xa2][0xb1][0x83][0xdd]y[0x3][0x12];[0x18][0xfd]K[0x1a][0xb5]V[0xc0][0xe7][0x12]A[0x87]V[0xb1]{`c[0x7]i[0xe5][0x17]v[0xe7][\r]D[0xec] [0xad][0xe][0xc3][0xee][0xa8][0x1][0xe]3De[0x85][0xdd]y[0xf4][0xb][0xb3][0xd8]Z.[0x0][0x0][0x0][0x0][0xff][0xff]"
09:19:36.436 [main] DEBUG org.apache.http.wire -  << "[\r][\n]"
09:19:36.436 [main] DEBUG org.apache.http.wire -  << "A[\r][\n]"
09:19:36.436 [main] DEBUG org.apache.http.wire -  << "[0x3][0x0]rC[0xf0][0x87]t[0xcc][0x0][0x0]"
09:19:36.436 [main] DEBUG org.apache.http.wire -  << "[\r][\n]"
09:19:36.436 [main] DEBUG org.apache.http.wire -  << "0[\r][\n]"
09:19:36.436 [main] DEBUG org.apache.http.wire -  << "[\r][\n]"
09:19:36.436 [main] DEBUG io.restassured.internal.RestAssuredHttpBuilder - Parsed data to instance of: class org.apache.http.conn.EofSensorInputStream
09:19:36.436 [main] DEBUG org.apache.http.impl.conn.BasicClientConnectionManager - Releasing connection org.apache.http.impl.conn.ManagedClientConnectionImpl@6e4bccc
09:19:36.436 [main] DEBUG org.apache.http.impl.conn.BasicClientConnectionManager - Connection can be kept alive indefinitely
09:19:36.452 [main] DEBUG net.thucydides.core.steps.StepInterceptor - STEP DONE: I send GET HTTP request product
  &amp#27;[32mWhen &amp#27;[0m&amp#27;[32mI send GET HTTP request product&amp#27;[0m                &amp#27;[90m# starter.stepdefinitions.ProductSteps.sentGetHttpRequestProduct()&amp#27;[0m
09:19:36.454 [main] DEBUG net.thucydides.core.steps.StepInterceptor - STARTING STEP: ProductSteps.receiveValidHttp200Product - I receive valid HTTP response code 200 product
09:19:36.455 [main] DEBUG net.thucydides.core.steps.StepInterceptor - STEP DONE: I receive valid HTTP response code 200 product
  &amp#27;[32mThen &amp#27;[0m&amp#27;[32mI receive valid HTTP response code 200 product&amp#27;[0m &amp#27;[90m# starter.stepdefinitions.ProductSteps.receiveValidHttp200Product()&amp#27;[0m
09:19:36.456 [main] INFO  - 
  _____   ___   ___   _____     ___     _     ___   ___   ___   ___  
 |_   _| | __| / __| |_   _|   | _ \   /_\   / __| / __| | __| |   \ 
   | |   | _|  \__ \   | |     |  _/  / _ \  \__ \ \__ \ | _|  | |) |
   |_|   |___| |___/   |_|     |_|   /_/ \_\ |___/ |___/ |___| |___/ 

GET - Get product by ID
----------------------------------------------------------------------
]]></system-out>
  </testcase>
  <testcase name="GET - Get all product" classname="Product" time="0.095">
    <system-out><![CDATA[
Scenario: GET - Get all product                       &amp#27;[90m# src/test/resources/features/5. Product.feature:32&amp#27;[0m
09:19:36.460 [main] DEBUG io.cucumber.core.plugin.SerenityReporter - Running feature from file:///E:/APIMinpro/API/minpro/src/test/resources/features/5.%20Product.feature
09:19:36.462 [main] INFO  - 
  _____   ___   ___   _____     ___   _____     _     ___   _____   ___   ___  
 |_   _| | __| / __| |_   _|   / __| |_   _|   /_\   | _ \ |_   _| | __| |   \ 
   | |   | _|  \__ \   | |     \__ \   | |    / _ \  |   /   | |   | _|  | |) |
   |_|   |___| |___/   |_|     |___/   |_|   /_/ \_\ |_|_\   |_|   |___| |___/ 

GET - Get all product(product;get---get-all-product)
--------------------------------------------------------------------------------
09:19:36.469 [main] DEBUG net.thucydides.core.steps.StepInterceptor - STARTING STEP: ProductSteps.setGetApiEndpointsProduct2 - I set GET api endpoints product2
09:19:36.469 [main] DEBUG net.thucydides.core.steps.StepInterceptor - STEP DONE: I set GET api endpoints product2
  &amp#27;[32mGiven &amp#27;[0m&amp#27;[32mI set GET api endpoints product2&amp#27;[0m              &amp#27;[90m# starter.stepdefinitions.ProductSteps.setGetApiEndpointsProduct2()&amp#27;[0m
09:19:36.471 [main] DEBUG net.thucydides.core.steps.StepInterceptor - STARTING STEP: ProductSteps.sendGetHttpRequestProduct2 - I send GET HTTP request product2
09:19:36.472 [main] DEBUG net.thucydides.core.steps.StepInterceptor - STARTING STEP: Product.sendGetHttpRequestProduct2 - I set GET api endpoints product2
09:19:36.472 [main] DEBUG net.thucydides.core.steps.StepInterceptor - STEP DONE: I set GET api endpoints product2
09:19:36.477 [main] DEBUG org.apache.http.impl.conn.BasicClientConnectionManager - Get connection for route {s}->https://altashop-api.fly.dev:443
09:19:36.477 [main] DEBUG org.apache.http.impl.conn.DefaultClientConnectionOperator - Connecting to altashop-api.fly.dev:443
09:19:36.524 [main] DEBUG org.apache.http.client.protocol.RequestAddCookies - CookieSpec selected: ignoreCookies
09:19:36.524 [main] DEBUG org.apache.http.client.protocol.RequestAuthCache - Auth cache not set in the context
09:19:36.524 [main] DEBUG org.apache.http.client.protocol.RequestTargetAuthentication - Target auth state: UNCHALLENGED
09:19:36.524 [main] DEBUG org.apache.http.client.protocol.RequestProxyAuthentication - Proxy auth state: UNCHALLENGED
09:19:36.524 [main] DEBUG org.apache.http.impl.client.DefaultHttpClient - Attempt 1 to execute request
09:19:36.524 [main] DEBUG org.apache.http.impl.conn.DefaultClientConnection - Sending request: GET /api/products/13000 HTTP/1.1
09:19:36.524 [main] DEBUG org.apache.http.wire -  >> "GET /api/products/13000 HTTP/1.1[\r][\n]"
09:19:36.524 [main] DEBUG org.apache.http.wire -  >> "Accept: */*[\r][\n]"
09:19:36.524 [main] DEBUG org.apache.http.wire -  >> "Host: altashop-api.fly.dev[\r][\n]"
09:19:36.524 [main] DEBUG org.apache.http.wire -  >> "Connection: Keep-Alive[\r][\n]"
09:19:36.524 [main] DEBUG org.apache.http.wire -  >> "User-Agent: Apache-HttpClient/4.5.13 (Java/11.0.15.1)[\r][\n]"
09:19:36.524 [main] DEBUG org.apache.http.wire -  >> "Accept-Encoding: gzip,deflate[\r][\n]"
09:19:36.524 [main] DEBUG org.apache.http.wire -  >> "[\r][\n]"
09:19:36.524 [main] DEBUG org.apache.http.headers - >> GET /api/products/13000 HTTP/1.1
09:19:36.524 [main] DEBUG org.apache.http.headers - >> Accept: */*
09:19:36.524 [main] DEBUG org.apache.http.headers - >> Host: altashop-api.fly.dev
09:19:36.524 [main] DEBUG org.apache.http.headers - >> Connection: Keep-Alive
09:19:36.524 [main] DEBUG org.apache.http.headers - >> User-Agent: Apache-HttpClient/4.5.13 (Java/11.0.15.1)
09:19:36.524 [main] DEBUG org.apache.http.headers - >> Accept-Encoding: gzip,deflate
09:19:36.547 [main] DEBUG org.apache.http.wire -  << "HTTP/1.1 200 OK[\r][\n]"
09:19:36.547 [main] DEBUG org.apache.http.wire -  << "content-type: application/json[\r][\n]"
09:19:36.547 [main] DEBUG org.apache.http.wire -  << "date: Sat, 06 May 2023 02:19:36 GMT[\r][\n]"
09:19:36.547 [main] DEBUG org.apache.http.wire -  << "content-encoding: gzip[\r][\n]"
09:19:36.547 [main] DEBUG org.apache.http.wire -  << "transfer-encoding: chunked[\r][\n]"
09:19:36.547 [main] DEBUG org.apache.http.wire -  << "server: Fly/3f2597ca (2023-05-03)[\r][\n]"
09:19:36.547 [main] DEBUG org.apache.http.wire -  << "via: 1.1 fly.io[\r][\n]"
09:19:36.547 [main] DEBUG org.apache.http.wire -  << "fly-request-id: 01GZQDQ169JJ1VJR67ZSR7AYXV-sin[\r][\n]"
09:19:36.547 [main] DEBUG org.apache.http.wire -  << "[\r][\n]"
09:19:36.547 [main] DEBUG org.apache.http.impl.conn.DefaultClientConnection - Receiving response: HTTP/1.1 200 OK
09:19:36.547 [main] DEBUG org.apache.http.headers - << HTTP/1.1 200 OK
09:19:36.547 [main] DEBUG org.apache.http.headers - << content-type: application/json
09:19:36.547 [main] DEBUG org.apache.http.headers - << date: Sat, 06 May 2023 02:19:36 GMT
09:19:36.547 [main] DEBUG org.apache.http.headers - << content-encoding: gzip
09:19:36.547 [main] DEBUG org.apache.http.headers - << transfer-encoding: chunked
09:19:36.547 [main] DEBUG org.apache.http.headers - << server: Fly/3f2597ca (2023-05-03)
09:19:36.547 [main] DEBUG org.apache.http.headers - << via: 1.1 fly.io
09:19:36.547 [main] DEBUG org.apache.http.headers - << fly-request-id: 01GZQDQ169JJ1VJR67ZSR7AYXV-sin
09:19:36.547 [main] DEBUG org.apache.http.impl.client.DefaultHttpClient - Connection can be kept alive indefinitely
09:19:36.547 [main] DEBUG io.restassured.internal.RestAssuredHttpBuilder - Parsing response as: application/json
09:19:36.547 [main] DEBUG org.apache.http.wire -  << "8E[\r][\n]"
09:19:36.547 [main] DEBUG org.apache.http.wire -  << "[0x1f][0x8b][0x8][0x0][0x0][0x0][0x0][0x0][0x4][0xff][0xab]VJI,IT[0xb2][0xaa]V[0xf2]tQ[0xb2]24600[0xd0]Q[0xf2]K[0xcc]MU[0xb2]R[0xf2][0xcc]+I[0xcd][0xc9][0xc9]LO[0xcd]+Qp[0xcc])[0xcd][0xcd][0xcc]+[0xcd]U[0x8][0xce][0xc8],*Q[0xd2]QrI-N.[0xca],([0xc9][0xcc][0xcf]S[0xb2]Rr*[0xca][0xcf][0xab]JU[0xd2]Q[\n]"
09:19:36.547 [main] DEBUG org.apache.http.wire -  << "([0xca]LNU[0xb2]2[0xb3]44[0xd0]Q[\n]"
09:19:36.547 [main] DEBUG org.apache.http.wire -  << "J,[0xc9][0xcc]K/V[0xb2]2[0xd1]QrN,IM[0xcf]/[0xca]L-V[0xb2][0x8a][0x8e][0xad][0xad][0xe5][0x2][0x0]a[0xcc]-lz[0x0][0x0][0x0]"
09:19:36.547 [main] DEBUG org.apache.http.wire -  << "[\r][\n]"
09:19:36.547 [main] DEBUG org.apache.http.wire -  << "0[\r][\n]"
09:19:36.547 [main] DEBUG org.apache.http.wire -  << "[\r][\n]"
09:19:36.547 [main] DEBUG io.restassured.internal.RestAssuredHttpBuilder - Parsed data to instance of: class org.apache.http.conn.EofSensorInputStream
09:19:36.548 [main] DEBUG org.apache.http.impl.conn.BasicClientConnectionManager - Releasing connection org.apache.http.impl.conn.ManagedClientConnectionImpl@2d4f1ddd
09:19:36.548 [main] DEBUG org.apache.http.impl.conn.BasicClientConnectionManager - Connection can be kept alive indefinitely
09:19:36.548 [main] DEBUG net.thucydides.core.steps.StepInterceptor - STEP DONE: I send GET HTTP request product2
  &amp#27;[32mWhen &amp#27;[0m&amp#27;[32mI send GET HTTP request product2&amp#27;[0m               &amp#27;[90m# starter.stepdefinitions.ProductSteps.sendGetHttpRequestProduct2()&amp#27;[0m
09:19:36.550 [main] DEBUG net.thucydides.core.steps.StepInterceptor - STARTING STEP: ProductSteps.receiveValidHttp200Product - I receive valid HTTP response code 200 product
09:19:36.551 [main] DEBUG net.thucydides.core.steps.StepInterceptor - STEP DONE: I receive valid HTTP response code 200 product
  &amp#27;[32mThen &amp#27;[0m&amp#27;[32mI receive valid HTTP response code 200 product&amp#27;[0m &amp#27;[90m# starter.stepdefinitions.ProductSteps.receiveValidHttp200Product()&amp#27;[0m
09:19:36.552 [main] INFO  - 
  _____   ___   ___   _____     ___     _     ___   ___   ___   ___  
 |_   _| | __| / __| |_   _|   | _ \   /_\   / __| / __| | __| |   \ 
   | |   | _|  \__ \   | |     |  _/  / _ \  \__ \ \__ \ | _|  | |) |
   |_|   |___| |___/   |_|     |_|   /_/ \_\ |___/ |___/ |___| |___/ 

GET - Get all product
----------------------------------------------------------------------
]]></system-out>
  </testcase>
  <testcase name="GET - Get product by invalid ID" classname="Product" time="0.086">
    <system-out><![CDATA[
Scenario: GET - Get product by invalid ID             &amp#27;[90m# src/test/resources/features/5. Product.feature:37&amp#27;[0m
09:19:36.555 [main] DEBUG io.cucumber.core.plugin.SerenityReporter - Running feature from file:///E:/APIMinpro/API/minpro/src/test/resources/features/5.%20Product.feature
09:19:36.557 [main] INFO  - 
  _____   ___   ___   _____     ___   _____     _     ___   _____   ___   ___  
 |_   _| | __| / __| |_   _|   / __| |_   _|   /_\   | _ \ |_   _| | __| |   \ 
   | |   | _|  \__ \   | |     \__ \   | |    / _ \  |   /   | |   | _|  | |) |
   |_|   |___| |___/   |_|     |___/   |_|   /_/ \_\ |_|_\   |_|   |___| |___/ 

GET - Get product by invalid ID(product;get---get-product-by-invalid-id)
--------------------------------------------------------------------------------
09:19:36.566 [main] DEBUG net.thucydides.core.steps.StepInterceptor - STARTING STEP: ProductSteps.setGetApiEndpointsProduct3 - I set GET api endpoints product3
09:19:36.566 [main] DEBUG net.thucydides.core.steps.StepInterceptor - STEP DONE: I set GET api endpoints product3
  &amp#27;[32mGiven &amp#27;[0m&amp#27;[32mI set GET api endpoints product3&amp#27;[0m              &amp#27;[90m# starter.stepdefinitions.ProductSteps.setGetApiEndpointsProduct3()&amp#27;[0m
09:19:36.569 [main] DEBUG net.thucydides.core.steps.StepInterceptor - STARTING STEP: ProductSteps.sendGetHttpRequestProduct3 - I send GET HTTP request product3
09:19:36.570 [main] DEBUG net.thucydides.core.steps.StepInterceptor - STARTING STEP: Product.sendGetHttpRequestProduct3 - I set GET api endpoints product3
09:19:36.570 [main] DEBUG net.thucydides.core.steps.StepInterceptor - STEP DONE: I set GET api endpoints product3
09:19:36.574 [main] DEBUG org.apache.http.impl.conn.BasicClientConnectionManager - Get connection for route {s}->https://altashop-api.fly.dev:443
09:19:36.575 [main] DEBUG org.apache.http.impl.conn.DefaultClientConnectionOperator - Connecting to altashop-api.fly.dev:443
09:19:36.614 [main] DEBUG org.apache.http.client.protocol.RequestAddCookies - CookieSpec selected: ignoreCookies
09:19:36.614 [main] DEBUG org.apache.http.client.protocol.RequestAuthCache - Auth cache not set in the context
09:19:36.614 [main] DEBUG org.apache.http.client.protocol.RequestTargetAuthentication - Target auth state: UNCHALLENGED
09:19:36.614 [main] DEBUG org.apache.http.client.protocol.RequestProxyAuthentication - Proxy auth state: UNCHALLENGED
09:19:36.615 [main] DEBUG org.apache.http.impl.client.DefaultHttpClient - Attempt 1 to execute request
09:19:36.615 [main] DEBUG org.apache.http.impl.conn.DefaultClientConnection - Sending request: GET /api/products/-13000 HTTP/1.1
09:19:36.615 [main] DEBUG org.apache.http.wire -  >> "GET /api/products/-13000 HTTP/1.1[\r][\n]"
09:19:36.615 [main] DEBUG org.apache.http.wire -  >> "Accept: */*[\r][\n]"
09:19:36.615 [main] DEBUG org.apache.http.wire -  >> "Host: altashop-api.fly.dev[\r][\n]"
09:19:36.615 [main] DEBUG org.apache.http.wire -  >> "Connection: Keep-Alive[\r][\n]"
09:19:36.615 [main] DEBUG org.apache.http.wire -  >> "User-Agent: Apache-HttpClient/4.5.13 (Java/11.0.15.1)[\r][\n]"
09:19:36.615 [main] DEBUG org.apache.http.wire -  >> "Accept-Encoding: gzip,deflate[\r][\n]"
09:19:36.615 [main] DEBUG org.apache.http.wire -  >> "[\r][\n]"
09:19:36.615 [main] DEBUG org.apache.http.headers - >> GET /api/products/-13000 HTTP/1.1
09:19:36.615 [main] DEBUG org.apache.http.headers - >> Accept: */*
09:19:36.615 [main] DEBUG org.apache.http.headers - >> Host: altashop-api.fly.dev
09:19:36.615 [main] DEBUG org.apache.http.headers - >> Connection: Keep-Alive
09:19:36.615 [main] DEBUG org.apache.http.headers - >> User-Agent: Apache-HttpClient/4.5.13 (Java/11.0.15.1)
09:19:36.615 [main] DEBUG org.apache.http.headers - >> Accept-Encoding: gzip,deflate
09:19:36.634 [main] DEBUG org.apache.http.wire -  << "HTTP/1.1 500 Internal Server Error[\r][\n]"
09:19:36.634 [main] DEBUG org.apache.http.wire -  << "content-type: application/json[\r][\n]"
09:19:36.634 [main] DEBUG org.apache.http.wire -  << "date: Sat, 06 May 2023 02:19:36 GMT[\r][\n]"
09:19:36.634 [main] DEBUG org.apache.http.wire -  << "content-encoding: gzip[\r][\n]"
09:19:36.634 [main] DEBUG org.apache.http.wire -  << "transfer-encoding: chunked[\r][\n]"
09:19:36.634 [main] DEBUG org.apache.http.wire -  << "server: Fly/3f2597ca (2023-05-03)[\r][\n]"
09:19:36.634 [main] DEBUG org.apache.http.wire -  << "via: 1.1 fly.io[\r][\n]"
09:19:36.634 [main] DEBUG org.apache.http.wire -  << "fly-request-id: 01GZQDQ1937MP8SM8RFCQ69W2N-sin[\r][\n]"
09:19:36.634 [main] DEBUG org.apache.http.wire -  << "[\r][\n]"
09:19:36.634 [main] DEBUG org.apache.http.impl.conn.DefaultClientConnection - Receiving response: HTTP/1.1 500 Internal Server Error
09:19:36.634 [main] DEBUG org.apache.http.headers - << HTTP/1.1 500 Internal Server Error
09:19:36.634 [main] DEBUG org.apache.http.headers - << content-type: application/json
09:19:36.634 [main] DEBUG org.apache.http.headers - << date: Sat, 06 May 2023 02:19:36 GMT
09:19:36.634 [main] DEBUG org.apache.http.headers - << content-encoding: gzip
09:19:36.634 [main] DEBUG org.apache.http.headers - << transfer-encoding: chunked
09:19:36.634 [main] DEBUG org.apache.http.headers - << server: Fly/3f2597ca (2023-05-03)
09:19:36.634 [main] DEBUG org.apache.http.headers - << via: 1.1 fly.io
09:19:36.634 [main] DEBUG org.apache.http.headers - << fly-request-id: 01GZQDQ1937MP8SM8RFCQ69W2N-sin
09:19:36.634 [main] DEBUG org.apache.http.impl.client.DefaultHttpClient - Connection can be kept alive indefinitely
09:19:36.634 [main] DEBUG io.restassured.internal.RestAssuredHttpBuilder - Parsing response as: application/json
09:19:36.634 [main] DEBUG org.apache.http.wire -  << "5C[\r][\n]"
09:19:36.634 [main] DEBUG org.apache.http.wire -  << "[0x1f][0x8b][0x8][0x0][0x0][0x0][0x0][0x0][0x4][0xff][0xab]VJ-*[0xca]/R[0xb2]R2[0xb4]01137110767[0xb0]45[0xb6]034S[0xc8],VH/JM,I-R([0xc9]H[0xcc]S[0xc8]M[0xac][0xc8][0xcc]-[0xcd]U(K[0xcc])MUH[0xcb]/R[0xf0][0xcc]+1Q[0xaa][0xe5][0x2][0x0][0xf0][0xc5][0xea][0x99]H[0x0][0x0][0x0]"
09:19:36.634 [main] DEBUG org.apache.http.wire -  << "[\r][\n]"
09:19:36.634 [main] DEBUG org.apache.http.wire -  << "0[\r][\n]"
09:19:36.634 [main] DEBUG org.apache.http.wire -  << "[\r][\n]"
09:19:36.634 [main] DEBUG io.restassured.internal.RestAssuredHttpBuilder - Parsed data to instance of: class org.apache.http.conn.EofSensorInputStream
09:19:36.635 [main] DEBUG org.apache.http.impl.conn.BasicClientConnectionManager - Releasing connection org.apache.http.impl.conn.ManagedClientConnectionImpl@7e0b68e5
09:19:36.635 [main] DEBUG org.apache.http.impl.conn.BasicClientConnectionManager - Connection can be kept alive indefinitely
09:19:36.635 [main] DEBUG net.thucydides.core.steps.StepInterceptor - STEP DONE: I send GET HTTP request product3
  &amp#27;[32mWhen &amp#27;[0m&amp#27;[32mI send GET HTTP request product3&amp#27;[0m               &amp#27;[90m# starter.stepdefinitions.ProductSteps.sendGetHttpRequestProduct3()&amp#27;[0m
09:19:36.637 [main] DEBUG net.thucydides.core.steps.StepInterceptor - STARTING STEP: ProductSteps.receiveValidHttp500Product - I receive valid HTTP response code 500 product
09:19:36.637 [main] DEBUG net.thucydides.core.steps.StepInterceptor - STEP DONE: I receive valid HTTP response code 500 product
  &amp#27;[32mThen &amp#27;[0m&amp#27;[32mI receive valid HTTP response code 500 product&amp#27;[0m &amp#27;[90m# starter.stepdefinitions.ProductSteps.receiveValidHttp500Product()&amp#27;[0m
09:19:36.639 [main] INFO  - 
  _____   ___   ___   _____     ___     _     ___   ___   ___   ___  
 |_   _| | __| / __| |_   _|   | _ \   /_\   / __| / __| | __| |   \ 
   | |   | _|  \__ \   | |     |  _/  / _ \  \__ \ \__ \ | _|  | |) |
   |_|   |___| |___/   |_|     |_|   /_/ \_\ |___/ |___/ |___| |___/ 

GET - Get product by invalid ID
----------------------------------------------------------------------
]]></system-out>
  </testcase>
  <testcase name="POST - Add new orders" classname="Order" time="0.092">
    <system-out><![CDATA[09:19:36.639 [main] DEBUG io.cucumber.core.plugin.SerenityReporter - Running feature from file:///E:/APIMinpro/API/minpro/src/test/resources/features/6.%20Order.feature
09:19:36.641 [main] DEBUG net.thucydides.core.steps.StepEventBus - Test suite started for story net.thucydides.core.model.Story@421cad1d
09:19:36.642 [main] INFO  - Test Suite Started: Order

Scenario: POST - Add new orders                     &amp#27;[90m# src/test/resources/features/6. Order.feature:7&amp#27;[0m
09:19:36.644 [main] DEBUG io.cucumber.core.plugin.SerenityReporter - Running feature from file:///E:/APIMinpro/API/minpro/src/test/resources/features/6.%20Order.feature
09:19:36.646 [main] INFO  - 
  _____   ___   ___   _____     ___   _____     _     ___   _____   ___   ___  
 |_   _| | __| / __| |_   _|   / __| |_   _|   /_\   | _ \ |_   _| | __| |   \ 
   | |   | _|  \__ \   | |     \__ \   | |    / _ \  |   /   | |   | _|  | |) |
   |_|   |___| |___/   |_|     |___/   |_|   /_/ \_\ |_|_\   |_|   |___| |___/ 

POST - Add new orders(order;post---add-new-orders)
--------------------------------------------------------------------------------
  &amp#27;[32mGiven &amp#27;[0m&amp#27;[32mI set POST api endpoints order&amp#27;[0m              &amp#27;[90m# starter.stepdefinitions.OrderSteps.setPostApiEndpointOrder()&amp#27;[0m
09:19:36.657 [main] DEBUG org.apache.http.impl.conn.BasicClientConnectionManager - Get connection for route {s}->https://altashop-api.fly.dev:443
09:19:36.657 [main] DEBUG org.apache.http.impl.conn.DefaultClientConnectionOperator - Connecting to altashop-api.fly.dev:443
09:19:36.702 [main] DEBUG org.apache.http.client.protocol.RequestAddCookies - CookieSpec selected: ignoreCookies
09:19:36.702 [main] DEBUG org.apache.http.client.protocol.RequestAuthCache - Auth cache not set in the context
09:19:36.702 [main] DEBUG org.apache.http.client.protocol.RequestProxyAuthentication - Proxy auth state: UNCHALLENGED
09:19:36.702 [main] DEBUG org.apache.http.impl.client.DefaultHttpClient - Attempt 1 to execute request
09:19:36.702 [main] DEBUG org.apache.http.impl.conn.DefaultClientConnection - Sending request: GET /api/orders HTTP/1.1
09:19:36.702 [main] DEBUG org.apache.http.wire -  >> "GET /api/orders HTTP/1.1[\r][\n]"
09:19:36.702 [main] DEBUG org.apache.http.wire -  >> "Authorization: Bearer eyJhbGciOiJIUzI1NiIsInR5cCI6IkpXVCJ9.eyJGdWxsbmFtZSI6IkFkaXR5YSBOdWdyYWhhIiwiRW1haWwiOiJhZGl0QGdtYWlsLmNvbSJ9.VM2lARkmmliu1pWtk1uhb8z5fGaElvH1jIoYM72Te3g[\r][\n]"
09:19:36.702 [main] DEBUG org.apache.http.wire -  >> "Accept: */*[\r][\n]"
09:19:36.702 [main] DEBUG org.apache.http.wire -  >> "Host: altashop-api.fly.dev[\r][\n]"
09:19:36.702 [main] DEBUG org.apache.http.wire -  >> "Connection: Keep-Alive[\r][\n]"
09:19:36.702 [main] DEBUG org.apache.http.wire -  >> "User-Agent: Apache-HttpClient/4.5.13 (Java/11.0.15.1)[\r][\n]"
09:19:36.702 [main] DEBUG org.apache.http.wire -  >> "Accept-Encoding: gzip,deflate[\r][\n]"
09:19:36.702 [main] DEBUG org.apache.http.wire -  >> "[\r][\n]"
09:19:36.702 [main] DEBUG org.apache.http.headers - >> GET /api/orders HTTP/1.1
09:19:36.702 [main] DEBUG org.apache.http.headers - >> Authorization: Bearer eyJhbGciOiJIUzI1NiIsInR5cCI6IkpXVCJ9.eyJGdWxsbmFtZSI6IkFkaXR5YSBOdWdyYWhhIiwiRW1haWwiOiJhZGl0QGdtYWlsLmNvbSJ9.VM2lARkmmliu1pWtk1uhb8z5fGaElvH1jIoYM72Te3g
09:19:36.702 [main] DEBUG org.apache.http.headers - >> Accept: */*
09:19:36.702 [main] DEBUG org.apache.http.headers - >> Host: altashop-api.fly.dev
09:19:36.702 [main] DEBUG org.apache.http.headers - >> Connection: Keep-Alive
09:19:36.702 [main] DEBUG org.apache.http.headers - >> User-Agent: Apache-HttpClient/4.5.13 (Java/11.0.15.1)
09:19:36.702 [main] DEBUG org.apache.http.headers - >> Accept-Encoding: gzip,deflate
09:19:36.729 [main] DEBUG org.apache.http.wire -  << "HTTP/1.1 200 OK[\r][\n]"
09:19:36.729 [main] DEBUG org.apache.http.wire -  << "content-type: application/json[\r][\n]"
09:19:36.729 [main] DEBUG org.apache.http.wire -  << "date: Sat, 06 May 2023 02:19:36 GMT[\r][\n]"
09:19:36.729 [main] DEBUG org.apache.http.wire -  << "content-encoding: gzip[\r][\n]"
09:19:36.729 [main] DEBUG org.apache.http.wire -  << "transfer-encoding: chunked[\r][\n]"
09:19:36.729 [main] DEBUG org.apache.http.wire -  << "server: Fly/3f2597ca (2023-05-03)[\r][\n]"
09:19:36.729 [main] DEBUG org.apache.http.wire -  << "via: 1.1 fly.io[\r][\n]"
09:19:36.729 [main] DEBUG org.apache.http.wire -  << "fly-request-id: 01GZQDQ1BVRZY1H508D2MZ5VDX-sin[\r][\n]"
09:19:36.729 [main] DEBUG org.apache.http.wire -  << "[\r][\n]"
09:19:36.730 [main] DEBUG org.apache.http.impl.conn.DefaultClientConnection - Receiving response: HTTP/1.1 200 OK
09:19:36.730 [main] DEBUG org.apache.http.headers - << HTTP/1.1 200 OK
09:19:36.730 [main] DEBUG org.apache.http.headers - << content-type: application/json
09:19:36.730 [main] DEBUG org.apache.http.headers - << date: Sat, 06 May 2023 02:19:36 GMT
09:19:36.730 [main] DEBUG org.apache.http.headers - << content-encoding: gzip
09:19:36.730 [main] DEBUG org.apache.http.headers - << transfer-encoding: chunked
09:19:36.730 [main] DEBUG org.apache.http.headers - << server: Fly/3f2597ca (2023-05-03)
09:19:36.730 [main] DEBUG org.apache.http.headers - << via: 1.1 fly.io
09:19:36.730 [main] DEBUG org.apache.http.headers - << fly-request-id: 01GZQDQ1BVRZY1H508D2MZ5VDX-sin
09:19:36.730 [main] DEBUG org.apache.http.impl.client.DefaultHttpClient - Connection can be kept alive indefinitely
09:19:36.730 [main] DEBUG io.restassured.internal.RestAssuredHttpBuilder - Parsing response as: application/json
09:19:36.730 [main] DEBUG org.apache.http.wire -  << "97[\r][\n]"
09:19:36.730 [main] DEBUG org.apache.http.wire -  << "[0x1f][0x8b][0x8][0x0][0x0][0x0][0x0][0x0][0x4][0xff][0xaa]VJI,IT[0xb2][0x8a][0xae]V[\n]"
09:19:36.730 [main] DEBUG org.apache.http.wire -  << "([0xca]O)M.Q[0xb2]R[0xf2][0xcc]+I[0xcd][0xc9][0xc9]LO[0xcd]+Qp[0xcc])[0xcd][0xcd][0xcc]+[0xcd]U[0x8][0xce][0xc8],*Q[0xd2]Q[\n]"
09:19:36.730 [main] DEBUG org.apache.http.wire -  << "([0xca]LNU[0xb2]2[0xb3]44[0xd0]Q[\n]"
09:19:36.730 [main] DEBUG org.apache.http.wire -  << ",M[0xcc]+[0xc9],[0xa9]T[0xb2]2[0xd4]Q[\n]"
09:19:36.730 [main] DEBUG org.apache.http.wire -  << ".M*[0xc9]/I[0xcc][0x81]H[0xd6][0xea][0xd0][0xd8]H[0xc0][0x82][0xf3][0xf3]*[0x15][0x2][0x82]M[0x11]n2[0xb2][0xb4]Dv[0x92][0x11][0xb2][0x93]L--P]DP;[0x8a][0x8f][0x8c],-Q[0xb5]S'[0x8c]bk[0xb9][0x0][0xd8][0xa6][0x81][0x15][0x82][0x1][0x0][0x0]"
09:19:36.730 [main] DEBUG org.apache.http.wire -  << "[\r][\n]"
09:19:36.730 [main] DEBUG org.apache.http.wire -  << "0[\r][\n]"
09:19:36.730 [main] DEBUG org.apache.http.wire -  << "[\r][\n]"
09:19:36.730 [main] DEBUG io.restassured.internal.RestAssuredHttpBuilder - Parsed data to instance of: class org.apache.http.conn.EofSensorInputStream
09:19:36.731 [main] DEBUG org.apache.http.impl.conn.BasicClientConnectionManager - Releasing connection org.apache.http.impl.conn.ManagedClientConnectionImpl@779cb140
09:19:36.731 [main] DEBUG org.apache.http.impl.conn.BasicClientConnectionManager - Connection can be kept alive indefinitely
  &amp#27;[32mWhen &amp#27;[0m&amp#27;[32mI send POST HTTP request order&amp#27;[0m               &amp#27;[90m# starter.stepdefinitions.OrderSteps.sentPostHttpRequestOrder()&amp#27;[0m
  &amp#27;[32mThen &amp#27;[0m&amp#27;[32mI receive valid HTTP response code 200 order&amp#27;[0m &amp#27;[90m# starter.stepdefinitions.OrderSteps.receiveValidHttp200Order()&amp#27;[0m
09:19:36.734 [main] INFO  - 
  _____   ___   ___   _____     ___     _     ___   ___   ___   ___  
 |_   _| | __| / __| |_   _|   | _ \   /_\   / __| / __| | __| |   \ 
   | |   | _|  \__ \   | |     |  _/  / _ \  \__ \ \__ \ | _|  | |) |
   |_|   |___| |___/   |_|     |_|   /_/ \_\ |___/ |___/ |___| |___/ 

POST - Add new orders
----------------------------------------------------------------------
]]></system-out>
  </testcase>
  <testcase name="GET - Get all order" classname="Order" time="0.086">
    <system-out><![CDATA[
Scenario: GET - Get all order                       &amp#27;[90m# src/test/resources/features/6. Order.feature:12&amp#27;[0m
09:19:36.737 [main] DEBUG io.cucumber.core.plugin.SerenityReporter - Running feature from file:///E:/APIMinpro/API/minpro/src/test/resources/features/6.%20Order.feature
09:19:36.739 [main] INFO  - 
  _____   ___   ___   _____     ___   _____     _     ___   _____   ___   ___  
 |_   _| | __| / __| |_   _|   / __| |_   _|   /_\   | _ \ |_   _| | __| |   \ 
   | |   | _|  \__ \   | |     \__ \   | |    / _ \  |   /   | |   | _|  | |) |
   |_|   |___| |___/   |_|     |___/   |_|   /_/ \_\ |_|_\   |_|   |___| |___/ 

GET - Get all order(order;get---get-all-order)
--------------------------------------------------------------------------------
  &amp#27;[32mGiven &amp#27;[0m&amp#27;[32mI set GET api endpoints order&amp#27;[0m               &amp#27;[90m# starter.stepdefinitions.OrderSteps.setGetApiEndpointOrder()&amp#27;[0m
09:19:36.751 [main] DEBUG org.apache.http.impl.conn.BasicClientConnectionManager - Get connection for route {s}->https://altashop-api.fly.dev:443
09:19:36.751 [main] DEBUG org.apache.http.impl.conn.DefaultClientConnectionOperator - Connecting to altashop-api.fly.dev:443
09:19:36.791 [main] DEBUG org.apache.http.client.protocol.RequestAddCookies - CookieSpec selected: ignoreCookies
09:19:36.791 [main] DEBUG org.apache.http.client.protocol.RequestAuthCache - Auth cache not set in the context
09:19:36.791 [main] DEBUG org.apache.http.client.protocol.RequestProxyAuthentication - Proxy auth state: UNCHALLENGED
09:19:36.791 [main] DEBUG org.apache.http.impl.client.DefaultHttpClient - Attempt 1 to execute request
09:19:36.791 [main] DEBUG org.apache.http.impl.conn.DefaultClientConnection - Sending request: GET /api/orders HTTP/1.1
09:19:36.791 [main] DEBUG org.apache.http.wire -  >> "GET /api/orders HTTP/1.1[\r][\n]"
09:19:36.791 [main] DEBUG org.apache.http.wire -  >> "Authorization: Bearer eyJhbGciOiJIUzI1NiIsInR5cCI6IkpXVCJ9.eyJGdWxsbmFtZSI6IkFkaXR5YSBOdWdyYWhhIiwiRW1haWwiOiJhZGl0QGdtYWlsLmNvbSJ9.VM2lARkmmliu1pWtk1uhb8z5fGaElvH1jIoYM72Te3g[\r][\n]"
09:19:36.791 [main] DEBUG org.apache.http.wire -  >> "Accept: */*[\r][\n]"
09:19:36.791 [main] DEBUG org.apache.http.wire -  >> "Host: altashop-api.fly.dev[\r][\n]"
09:19:36.791 [main] DEBUG org.apache.http.wire -  >> "Connection: Keep-Alive[\r][\n]"
09:19:36.791 [main] DEBUG org.apache.http.wire -  >> "User-Agent: Apache-HttpClient/4.5.13 (Java/11.0.15.1)[\r][\n]"
09:19:36.791 [main] DEBUG org.apache.http.wire -  >> "Accept-Encoding: gzip,deflate[\r][\n]"
09:19:36.791 [main] DEBUG org.apache.http.wire -  >> "[\r][\n]"
09:19:36.791 [main] DEBUG org.apache.http.headers - >> GET /api/orders HTTP/1.1
09:19:36.791 [main] DEBUG org.apache.http.headers - >> Authorization: Bearer eyJhbGciOiJIUzI1NiIsInR5cCI6IkpXVCJ9.eyJGdWxsbmFtZSI6IkFkaXR5YSBOdWdyYWhhIiwiRW1haWwiOiJhZGl0QGdtYWlsLmNvbSJ9.VM2lARkmmliu1pWtk1uhb8z5fGaElvH1jIoYM72Te3g
09:19:36.791 [main] DEBUG org.apache.http.headers - >> Accept: */*
09:19:36.791 [main] DEBUG org.apache.http.headers - >> Host: altashop-api.fly.dev
09:19:36.791 [main] DEBUG org.apache.http.headers - >> Connection: Keep-Alive
09:19:36.791 [main] DEBUG org.apache.http.headers - >> User-Agent: Apache-HttpClient/4.5.13 (Java/11.0.15.1)
09:19:36.791 [main] DEBUG org.apache.http.headers - >> Accept-Encoding: gzip,deflate
09:19:36.817 [main] DEBUG org.apache.http.wire -  << "HTTP/1.1 200 OK[\r][\n]"
09:19:36.817 [main] DEBUG org.apache.http.wire -  << "content-type: application/json[\r][\n]"
09:19:36.817 [main] DEBUG org.apache.http.wire -  << "date: Sat, 06 May 2023 02:19:36 GMT[\r][\n]"
09:19:36.817 [main] DEBUG org.apache.http.wire -  << "content-encoding: gzip[\r][\n]"
09:19:36.817 [main] DEBUG org.apache.http.wire -  << "transfer-encoding: chunked[\r][\n]"
09:19:36.817 [main] DEBUG org.apache.http.wire -  << "server: Fly/3f2597ca (2023-05-03)[\r][\n]"
09:19:36.817 [main] DEBUG org.apache.http.wire -  << "via: 1.1 fly.io[\r][\n]"
09:19:36.817 [main] DEBUG org.apache.http.wire -  << "fly-request-id: 01GZQDQ1EKKMM27XZ7GZ85TXY5-sin[\r][\n]"
09:19:36.817 [main] DEBUG org.apache.http.wire -  << "[\r][\n]"
09:19:36.817 [main] DEBUG org.apache.http.impl.conn.DefaultClientConnection - Receiving response: HTTP/1.1 200 OK
09:19:36.817 [main] DEBUG org.apache.http.headers - << HTTP/1.1 200 OK
09:19:36.817 [main] DEBUG org.apache.http.headers - << content-type: application/json
09:19:36.817 [main] DEBUG org.apache.http.headers - << date: Sat, 06 May 2023 02:19:36 GMT
09:19:36.817 [main] DEBUG org.apache.http.headers - << content-encoding: gzip
09:19:36.817 [main] DEBUG org.apache.http.headers - << transfer-encoding: chunked
09:19:36.817 [main] DEBUG org.apache.http.headers - << server: Fly/3f2597ca (2023-05-03)
09:19:36.817 [main] DEBUG org.apache.http.headers - << via: 1.1 fly.io
09:19:36.817 [main] DEBUG org.apache.http.headers - << fly-request-id: 01GZQDQ1EKKMM27XZ7GZ85TXY5-sin
09:19:36.817 [main] DEBUG org.apache.http.impl.client.DefaultHttpClient - Connection can be kept alive indefinitely
09:19:36.817 [main] DEBUG io.restassured.internal.RestAssuredHttpBuilder - Parsing response as: application/json
09:19:36.817 [main] DEBUG org.apache.http.wire -  << "97[\r][\n]"
09:19:36.817 [main] DEBUG org.apache.http.wire -  << "[0x1f][0x8b][0x8][0x0][0x0][0x0][0x0][0x0][0x4][0xff][0xaa]VJI,IT[0xb2][0x8a][0xae]V[\n]"
09:19:36.817 [main] DEBUG org.apache.http.wire -  << "([0xca]O)M.Q[0xb2]R[0xf2][0xcc]+I[0xcd][0xc9][0xc9]LO[0xcd]+Qp[0xcc])[0xcd][0xcd][0xcc]+[0xcd]U[0x8][0xce][0xc8],*Q[0xd2]Q[\n]"
09:19:36.817 [main] DEBUG org.apache.http.wire -  << "([0xca]LNU[0xb2]2[0xb3]44[0xd0]Q[\n]"
09:19:36.817 [main] DEBUG org.apache.http.wire -  << ",M[0xcc]+[0xc9],[0xa9]T[0xb2]2[0xd4]Q[\n]"
09:19:36.817 [main] DEBUG org.apache.http.wire -  << ".M*[0xc9]/I[0xcc][0x81]H[0xd6][0xea][0xd0][0xd8]H[0xc0][0x82][0xf3][0xf3]*[0x15][0x2][0x82]M[0x11]n2[0xb2][0xb4]Dv[0x92][0x11][0xb2][0x93]L--P]DP;[0x8a][0x8f][0x8c],-Q[0xb5]S'[0x8c]bk[0xb9][0x0][0xd8][0xa6][0x81][0x15][0x82][0x1][0x0][0x0]"
09:19:36.817 [main] DEBUG org.apache.http.wire -  << "[\r][\n]"
09:19:36.817 [main] DEBUG org.apache.http.wire -  << "0[\r][\n]"
09:19:36.817 [main] DEBUG org.apache.http.wire -  << "[\r][\n]"
09:19:36.817 [main] DEBUG io.restassured.internal.RestAssuredHttpBuilder - Parsed data to instance of: class org.apache.http.conn.EofSensorInputStream
09:19:36.818 [main] DEBUG org.apache.http.impl.conn.BasicClientConnectionManager - Releasing connection org.apache.http.impl.conn.ManagedClientConnectionImpl@58038583
09:19:36.818 [main] DEBUG org.apache.http.impl.conn.BasicClientConnectionManager - Connection can be kept alive indefinitely
  &amp#27;[32mWhen &amp#27;[0m&amp#27;[32mI send GET HTTP request order&amp#27;[0m                &amp#27;[90m# starter.stepdefinitions.OrderSteps.sendGetHttpRequestOrder()&amp#27;[0m
  &amp#27;[32mThen &amp#27;[0m&amp#27;[32mI receive valid HTTP response code 200 order&amp#27;[0m &amp#27;[90m# starter.stepdefinitions.OrderSteps.receiveValidHttp200Order()&amp#27;[0m
09:19:36.821 [main] INFO  - 
  _____   ___   ___   _____     ___     _     ___   ___   ___   ___  
 |_   _| | __| / __| |_   _|   | _ \   /_\   / __| / __| | __| |   \ 
   | |   | _|  \__ \   | |     |  _/  / _ \  \__ \ \__ \ | _|  | |) |
   |_|   |___| |___/   |_|     |_|   /_/ \_\ |___/ |___/ |___| |___/ 

GET - Get all order
----------------------------------------------------------------------
]]></system-out>
  </testcase>
  <testcase name="GET - Get all order without login" classname="Order" time="0.112">
    <system-out><![CDATA[
Scenario: GET - Get all order without login         &amp#27;[90m# src/test/resources/features/6. Order.feature:17&amp#27;[0m
09:19:36.823 [main] DEBUG io.cucumber.core.plugin.SerenityReporter - Running feature from file:///E:/APIMinpro/API/minpro/src/test/resources/features/6.%20Order.feature
09:19:36.825 [main] INFO  - 
  _____   ___   ___   _____     ___   _____     _     ___   _____   ___   ___  
 |_   _| | __| / __| |_   _|   / __| |_   _|   /_\   | _ \ |_   _| | __| |   \ 
   | |   | _|  \__ \   | |     \__ \   | |    / _ \  |   /   | |   | _|  | |) |
   |_|   |___| |___/   |_|     |___/   |_|   /_/ \_\ |_|_\   |_|   |___| |___/ 

GET - Get all order without login(order;get---get-all-order-without-login)
--------------------------------------------------------------------------------
  &amp#27;[32mGiven &amp#27;[0m&amp#27;[32mI set GET api endpoints order&amp#27;[0m               &amp#27;[90m# starter.stepdefinitions.OrderSteps.setGetApiEndpointOrder()&amp#27;[0m
09:19:36.833 [main] DEBUG org.apache.http.impl.conn.BasicClientConnectionManager - Get connection for route {s}->https://altashop-api.fly.dev:443
09:19:36.833 [main] DEBUG org.apache.http.impl.conn.DefaultClientConnectionOperator - Connecting to altashop-api.fly.dev:443
09:19:36.894 [main] DEBUG org.apache.http.client.protocol.RequestAddCookies - CookieSpec selected: ignoreCookies
09:19:36.894 [main] DEBUG org.apache.http.client.protocol.RequestAuthCache - Auth cache not set in the context
09:19:36.894 [main] DEBUG org.apache.http.client.protocol.RequestTargetAuthentication - Target auth state: UNCHALLENGED
09:19:36.894 [main] DEBUG org.apache.http.client.protocol.RequestProxyAuthentication - Proxy auth state: UNCHALLENGED
09:19:36.895 [main] DEBUG org.apache.http.impl.client.DefaultHttpClient - Attempt 1 to execute request
09:19:36.895 [main] DEBUG org.apache.http.impl.conn.DefaultClientConnection - Sending request: GET /api/orders HTTP/1.1
09:19:36.895 [main] DEBUG org.apache.http.wire -  >> "GET /api/orders HTTP/1.1[\r][\n]"
09:19:36.895 [main] DEBUG org.apache.http.wire -  >> "Accept: */*[\r][\n]"
09:19:36.895 [main] DEBUG org.apache.http.wire -  >> "Host: altashop-api.fly.dev[\r][\n]"
09:19:36.895 [main] DEBUG org.apache.http.wire -  >> "Connection: Keep-Alive[\r][\n]"
09:19:36.895 [main] DEBUG org.apache.http.wire -  >> "User-Agent: Apache-HttpClient/4.5.13 (Java/11.0.15.1)[\r][\n]"
09:19:36.895 [main] DEBUG org.apache.http.wire -  >> "Accept-Encoding: gzip,deflate[\r][\n]"
09:19:36.895 [main] DEBUG org.apache.http.wire -  >> "[\r][\n]"
09:19:36.895 [main] DEBUG org.apache.http.headers - >> GET /api/orders HTTP/1.1
09:19:36.895 [main] DEBUG org.apache.http.headers - >> Accept: */*
09:19:36.895 [main] DEBUG org.apache.http.headers - >> Host: altashop-api.fly.dev
09:19:36.895 [main] DEBUG org.apache.http.headers - >> Connection: Keep-Alive
09:19:36.895 [main] DEBUG org.apache.http.headers - >> User-Agent: Apache-HttpClient/4.5.13 (Java/11.0.15.1)
09:19:36.895 [main] DEBUG org.apache.http.headers - >> Accept-Encoding: gzip,deflate
09:19:36.917 [main] DEBUG org.apache.http.wire -  << "HTTP/1.1 401 Unauthorized[\r][\n]"
09:19:36.917 [main] DEBUG org.apache.http.wire -  << "content-type: application/json[\r][\n]"
09:19:36.917 [main] DEBUG org.apache.http.wire -  << "date: Sat, 06 May 2023 02:19:36 GMT[\r][\n]"
09:19:36.917 [main] DEBUG org.apache.http.wire -  << "content-encoding: gzip[\r][\n]"
09:19:36.917 [main] DEBUG org.apache.http.wire -  << "transfer-encoding: chunked[\r][\n]"
09:19:36.917 [main] DEBUG org.apache.http.wire -  << "server: Fly/3f2597ca (2023-05-03)[\r][\n]"
09:19:36.917 [main] DEBUG org.apache.http.wire -  << "via: 1.1 fly.io[\r][\n]"
09:19:36.917 [main] DEBUG org.apache.http.wire -  << "fly-request-id: 01GZQDQ1HWYJN57WAA5Z6Y9GSQ-sin[\r][\n]"
09:19:36.917 [main] DEBUG org.apache.http.wire -  << "[\r][\n]"
09:19:36.917 [main] DEBUG org.apache.http.impl.conn.DefaultClientConnection - Receiving response: HTTP/1.1 401 Unauthorized
09:19:36.917 [main] DEBUG org.apache.http.headers - << HTTP/1.1 401 Unauthorized
09:19:36.917 [main] DEBUG org.apache.http.headers - << content-type: application/json
09:19:36.917 [main] DEBUG org.apache.http.headers - << date: Sat, 06 May 2023 02:19:36 GMT
09:19:36.917 [main] DEBUG org.apache.http.headers - << content-encoding: gzip
09:19:36.917 [main] DEBUG org.apache.http.headers - << transfer-encoding: chunked
09:19:36.917 [main] DEBUG org.apache.http.headers - << server: Fly/3f2597ca (2023-05-03)
09:19:36.917 [main] DEBUG org.apache.http.headers - << via: 1.1 fly.io
09:19:36.917 [main] DEBUG org.apache.http.headers - << fly-request-id: 01GZQDQ1HWYJN57WAA5Z6Y9GSQ-sin
09:19:36.917 [main] DEBUG org.apache.http.impl.client.DefaultHttpClient - Connection can be kept alive indefinitely
09:19:36.917 [main] DEBUG org.apache.http.impl.client.DefaultHttpClient - Authentication required
09:19:36.917 [main] DEBUG org.apache.http.impl.client.DefaultHttpClient - altashop-api.fly.dev:443 requested authentication
09:19:36.917 [main] DEBUG org.apache.http.impl.client.DefaultHttpClient - Response contains no authentication challenges
09:19:36.917 [main] DEBUG io.restassured.internal.RestAssuredHttpBuilder - Parsing response as: application/json
09:19:36.917 [main] DEBUG org.apache.http.wire -  << "2D[\r][\n]"
09:19:36.917 [main] DEBUG org.apache.http.wire -  << "[0x1f][0x8b][0x8][0x0][0x0][0x0][0x0][0x0][0x4][0xff][0xab]VJ-*[0xca]/R[0xb2]R*[0xcd]K,-[0xc9][0xc8]/[0xca][0xac]JMQ[0xaa][0xe5][0x2][0x0]@[0x17]da[0x19][0x0][0x0][0x0]"
09:19:36.917 [main] DEBUG org.apache.http.wire -  << "[\r][\n]"
09:19:36.917 [main] DEBUG org.apache.http.wire -  << "0[\r][\n]"
09:19:36.917 [main] DEBUG org.apache.http.wire -  << "[\r][\n]"
09:19:36.917 [main] DEBUG io.restassured.internal.RestAssuredHttpBuilder - Parsed data to instance of: class org.apache.http.conn.EofSensorInputStream
09:19:36.918 [main] DEBUG org.apache.http.impl.conn.BasicClientConnectionManager - Releasing connection org.apache.http.impl.conn.ManagedClientConnectionImpl@3c577368
09:19:36.918 [main] DEBUG org.apache.http.impl.conn.BasicClientConnectionManager - Connection can be kept alive indefinitely
  &amp#27;[32mWhen &amp#27;[0m&amp#27;[32mI send GET HTTP request order2&amp#27;[0m               &amp#27;[90m# starter.stepdefinitions.OrderSteps.sendGetHttpRequestOrder2()&amp#27;[0m
09:19:36.928 [Finalizer] DEBUG org.apache.http.impl.conn.DefaultClientConnection - Connection 0.0.0.0:64476<->149.248.193.56:443 closed
09:19:36.930 [Finalizer] DEBUG org.apache.http.impl.conn.DefaultClientConnection - Connection 0.0.0.0:64475<->149.248.193.56:443 closed
  &amp#27;[32mThen &amp#27;[0m&amp#27;[32mI receive valid HTTP response code 401 order&amp#27;[0m &amp#27;[90m# starter.stepdefinitions.OrderSteps.receiveValidHttp401Order()&amp#27;[0m
09:19:36.930 [Finalizer] DEBUG org.apache.http.impl.conn.DefaultClientConnection - Connection 0.0.0.0:64474<->149.248.193.56:443 closed
09:19:36.931 [Finalizer] DEBUG org.apache.http.impl.conn.DefaultClientConnection - Connection 0.0.0.0:64473<->149.248.193.56:443 closed
09:19:36.931 [Finalizer] DEBUG org.apache.http.impl.conn.DefaultClientConnection - Connection 0.0.0.0:64472<->149.248.193.56:443 closed
09:19:36.931 [Finalizer] DEBUG org.apache.http.impl.conn.DefaultClientConnection - Connection 0.0.0.0:64478<->149.248.193.56:443 closed
09:19:36.932 [Finalizer] DEBUG org.apache.http.impl.conn.DefaultClientConnection - Connection 0.0.0.0:64477<->149.248.193.56:443 closed
09:19:36.932 [Finalizer] DEBUG org.apache.http.impl.conn.DefaultClientConnection - Connection 0.0.0.0:64486<->149.248.193.56:443 closed
09:19:36.933 [main] INFO  - 
  _____   ___   ___   _____     ___     _     ___   ___   ___   ___  
 |_   _| | __| / __| |_   _|   | _ \   /_\   / __| / __| | __| |   \ 
   | |   | _|  \__ \   | |     |  _/  / _ \  \__ \ \__ \ | _|  | |) |
   |_|   |___| |___/   |_|     |_|   /_/ \_\ |___/ |___/ |___| |___/ 

GET - Get all order without login
----------------------------------------------------------------------
09:19:36.933 [Finalizer] DEBUG org.apache.http.impl.conn.DefaultClientConnection - Connection 0.0.0.0:64485<->149.248.193.56:443 closed
09:19:36.933 [Finalizer] DEBUG org.apache.http.impl.conn.DefaultClientConnection - Connection 0.0.0.0:64480<->149.248.193.56:443 closed
09:19:36.933 [Finalizer] DEBUG org.apache.http.impl.conn.DefaultClientConnection - Connection 0.0.0.0:64479<->149.248.193.56:443 closed
09:19:36.933 [Finalizer] DEBUG org.apache.http.impl.conn.DefaultClientConnection - Connection 0.0.0.0:64482<->149.248.193.56:443 closed
]]></system-out>
  </testcase>
  <testcase name="POST - Give product rating" classname="Rating" time="0.121">
    <system-out><![CDATA[09:19:36.933 [Finalizer] DEBUG org.apache.http.impl.conn.DefaultClientConnection - Connection 0.0.0.0:64481<->149.248.193.56:443 closed
09:19:36.934 [main] DEBUG io.cucumber.core.plugin.SerenityReporter - Running feature from file:///E:/APIMinpro/API/minpro/src/test/resources/features/7.%20Rating.feature
09:19:36.934 [Finalizer] DEBUG org.apache.http.impl.conn.DefaultClientConnection - Connection 0.0.0.0:64484<->149.248.193.56:443 closed
09:19:36.934 [Finalizer] DEBUG org.apache.http.impl.conn.DefaultClientConnection - Connection 0.0.0.0:64483<->149.248.193.56:443 closed
09:19:36.935 [main] DEBUG net.thucydides.core.steps.StepEventBus - Test suite started for story net.thucydides.core.model.Story@a2cc97b4
09:19:36.935 [main] INFO  - Test Suite Started: Rating

Scenario: POST - Give product rating                 &amp#27;[90m# src/test/resources/features/7. Rating.feature:7&amp#27;[0m
09:19:36.938 [main] DEBUG io.cucumber.core.plugin.SerenityReporter - Running feature from file:///E:/APIMinpro/API/minpro/src/test/resources/features/7.%20Rating.feature
09:19:36.939 [main] INFO  - 
  _____   ___   ___   _____     ___   _____     _     ___   _____   ___   ___  
 |_   _| | __| / __| |_   _|   / __| |_   _|   /_\   | _ \ |_   _| | __| |   \ 
   | |   | _|  \__ \   | |     \__ \   | |    / _ \  |   /   | |   | _|  | |) |
   |_|   |___| |___/   |_|     |___/   |_|   /_/ \_\ |_|_\   |_|   |___| |___/ 

POST - Give product rating(rating;post---give-product-rating)
--------------------------------------------------------------------------------
09:19:36.953 [main] DEBUG net.thucydides.core.steps.StepInterceptor - STARTING STEP: RatingSteps.setPostApiEndpointRating - I set POST api endpoints rating
09:19:36.953 [main] DEBUG net.thucydides.core.steps.StepInterceptor - STEP DONE: I set POST api endpoints rating
  &amp#27;[32mGiven &amp#27;[0m&amp#27;[32mI set POST api endpoints rating&amp#27;[0m              &amp#27;[90m# starter.stepdefinitions.RatingSteps.setPostApiEndpointRating()&amp#27;[0m
09:19:36.955 [main] DEBUG net.thucydides.core.steps.StepInterceptor - STARTING STEP: RatingSteps.sentPostHttpRequestRating - I send POST HTTP request rating
09:19:36.956 [main] DEBUG net.thucydides.core.steps.StepInterceptor - STARTING STEP: Rating.sendPostHTTPRequestRating - I set POST api endpoints rating
09:19:36.956 [main] DEBUG net.thucydides.core.steps.StepInterceptor - STEP DONE: I set POST api endpoints rating
09:19:36.968 [main] DEBUG org.apache.http.impl.conn.BasicClientConnectionManager - Get connection for route {s}->https://altashop-api.fly.dev:443
09:19:36.968 [main] DEBUG org.apache.http.impl.conn.DefaultClientConnectionOperator - Connecting to altashop-api.fly.dev:443
09:19:37.023 [main] DEBUG org.apache.http.client.protocol.RequestAddCookies - CookieSpec selected: ignoreCookies
09:19:37.023 [main] DEBUG org.apache.http.client.protocol.RequestAuthCache - Auth cache not set in the context
09:19:37.023 [main] DEBUG org.apache.http.client.protocol.RequestProxyAuthentication - Proxy auth state: UNCHALLENGED
09:19:37.023 [main] DEBUG org.apache.http.impl.client.DefaultHttpClient - Attempt 1 to execute request
09:19:37.023 [main] DEBUG org.apache.http.impl.conn.DefaultClientConnection - Sending request: POST /api/products/13000/ratings HTTP/1.1
09:19:37.023 [main] DEBUG org.apache.http.wire -  >> "POST /api/products/13000/ratings HTTP/1.1[\r][\n]"
09:19:37.023 [main] DEBUG org.apache.http.wire -  >> "Authorization: Bearer eyJhbGciOiJIUzI1NiIsInR5cCI6IkpXVCJ9.eyJGdWxsbmFtZSI6IkFkaXR5YSBOdWdyYWhhIiwiRW1haWwiOiJhZGl0QGdtYWlsLmNvbSJ9.VM2lARkmmliu1pWtk1uhb8z5fGaElvH1jIoYM72Te3g[\r][\n]"
09:19:37.023 [main] DEBUG org.apache.http.wire -  >> "Accept: */*[\r][\n]"
09:19:37.023 [main] DEBUG org.apache.http.wire -  >> "Content-Type: text/plain; charset=ISO-8859-1[\r][\n]"
09:19:37.023 [main] DEBUG org.apache.http.wire -  >> "Content-Length: 11[\r][\n]"
09:19:37.023 [main] DEBUG org.apache.http.wire -  >> "Host: altashop-api.fly.dev[\r][\n]"
09:19:37.023 [main] DEBUG org.apache.http.wire -  >> "Connection: Keep-Alive[\r][\n]"
09:19:37.023 [main] DEBUG org.apache.http.wire -  >> "User-Agent: Apache-HttpClient/4.5.13 (Java/11.0.15.1)[\r][\n]"
09:19:37.023 [main] DEBUG org.apache.http.wire -  >> "Accept-Encoding: gzip,deflate[\r][\n]"
09:19:37.023 [main] DEBUG org.apache.http.wire -  >> "[\r][\n]"
09:19:37.023 [main] DEBUG org.apache.http.headers - >> POST /api/products/13000/ratings HTTP/1.1
09:19:37.023 [main] DEBUG org.apache.http.headers - >> Authorization: Bearer eyJhbGciOiJIUzI1NiIsInR5cCI6IkpXVCJ9.eyJGdWxsbmFtZSI6IkFkaXR5YSBOdWdyYWhhIiwiRW1haWwiOiJhZGl0QGdtYWlsLmNvbSJ9.VM2lARkmmliu1pWtk1uhb8z5fGaElvH1jIoYM72Te3g
09:19:37.023 [main] DEBUG org.apache.http.headers - >> Accept: */*
09:19:37.023 [main] DEBUG org.apache.http.headers - >> Content-Type: text/plain; charset=ISO-8859-1
09:19:37.023 [main] DEBUG org.apache.http.headers - >> Content-Length: 11
09:19:37.023 [main] DEBUG org.apache.http.headers - >> Host: altashop-api.fly.dev
09:19:37.023 [main] DEBUG org.apache.http.headers - >> Connection: Keep-Alive
09:19:37.023 [main] DEBUG org.apache.http.headers - >> User-Agent: Apache-HttpClient/4.5.13 (Java/11.0.15.1)
09:19:37.023 [main] DEBUG org.apache.http.headers - >> Accept-Encoding: gzip,deflate
09:19:37.023 [main] DEBUG org.apache.http.wire -  >> "{"count":5}"
09:19:37.051 [main] DEBUG org.apache.http.wire -  << "HTTP/1.1 200 OK[\r][\n]"
09:19:37.051 [main] DEBUG org.apache.http.wire -  << "content-type: application/json[\r][\n]"
09:19:37.051 [main] DEBUG org.apache.http.wire -  << "date: Sat, 06 May 2023 02:19:37 GMT[\r][\n]"
09:19:37.051 [main] DEBUG org.apache.http.wire -  << "content-encoding: gzip[\r][\n]"
09:19:37.051 [main] DEBUG org.apache.http.wire -  << "transfer-encoding: chunked[\r][\n]"
09:19:37.051 [main] DEBUG org.apache.http.wire -  << "server: Fly/3f2597ca (2023-05-03)[\r][\n]"
09:19:37.051 [main] DEBUG org.apache.http.wire -  << "via: 1.1 fly.io[\r][\n]"
09:19:37.051 [main] DEBUG org.apache.http.wire -  << "fly-request-id: 01GZQDQ1NWT7X3Q3VRZZ717GHC-sin[\r][\n]"
09:19:37.051 [main] DEBUG org.apache.http.wire -  << "[\r][\n]"
09:19:37.051 [main] DEBUG org.apache.http.impl.conn.DefaultClientConnection - Receiving response: HTTP/1.1 200 OK
09:19:37.051 [main] DEBUG org.apache.http.headers - << HTTP/1.1 200 OK
09:19:37.051 [main] DEBUG org.apache.http.headers - << content-type: application/json
09:19:37.051 [main] DEBUG org.apache.http.headers - << date: Sat, 06 May 2023 02:19:37 GMT
09:19:37.051 [main] DEBUG org.apache.http.headers - << content-encoding: gzip
09:19:37.051 [main] DEBUG org.apache.http.headers - << transfer-encoding: chunked
09:19:37.051 [main] DEBUG org.apache.http.headers - << server: Fly/3f2597ca (2023-05-03)
09:19:37.051 [main] DEBUG org.apache.http.headers - << via: 1.1 fly.io
09:19:37.051 [main] DEBUG org.apache.http.headers - << fly-request-id: 01GZQDQ1NWT7X3Q3VRZZ717GHC-sin
09:19:37.051 [main] DEBUG org.apache.http.impl.client.DefaultHttpClient - Connection can be kept alive indefinitely
09:19:37.051 [main] DEBUG io.restassured.internal.RestAssuredHttpBuilder - Parsing response as: application/json
09:19:37.051 [main] DEBUG org.apache.http.wire -  << "8E[\r][\n]"
09:19:37.051 [main] DEBUG org.apache.http.wire -  << "[0x1f][0x8b][0x8][0x0][0x0][0x0][0x0][0x0][0x4][0xff][0xab]VJI,IT[0xb2][0xaa]V[0xf2]tQ[0xb2]24600[0xd0]Q[0xf2]K[0xcc]MU[0xb2]R[0xf2][0xcc]+I[0xcd][0xc9][0xc9]LO[0xcd]+Qp[0xcc])[0xcd][0xcd][0xcc]+[0xcd]U[0x8][0xce][0xc8],*Q[0xd2]QrI-N.[0xca],([0xc9][0xcc][0xcf]S[0xb2]Rr*[0xca][0xcf][0xab]JU[0xd2]Q[\n]"
09:19:37.051 [main] DEBUG org.apache.http.wire -  << "([0xca]LNU[0xb2]2[0xb3]44[0xd0]Q[\n]"
09:19:37.051 [main] DEBUG org.apache.http.wire -  << "J,[0xc9][0xcc]K/V[0xb2]2[0xd1]QrN,IM[0xcf]/[0xca]L-V[0xb2][0x8a][0x8e][0xad][0xad][0xe5][0x2][0x0]a[0xcc]-lz[0x0][0x0][0x0]"
09:19:37.051 [main] DEBUG org.apache.http.wire -  << "[\r][\n]"
09:19:37.051 [main] DEBUG org.apache.http.wire -  << "0[\r][\n]"
09:19:37.051 [main] DEBUG org.apache.http.wire -  << "[\r][\n]"
09:19:37.051 [main] DEBUG io.restassured.internal.RestAssuredHttpBuilder - Parsed data to instance of: class org.apache.http.conn.EofSensorInputStream
09:19:37.052 [main] DEBUG org.apache.http.impl.conn.BasicClientConnectionManager - Releasing connection org.apache.http.impl.conn.ManagedClientConnectionImpl@434a2a10
09:19:37.052 [main] DEBUG org.apache.http.impl.conn.BasicClientConnectionManager - Connection can be kept alive indefinitely
09:19:37.052 [main] DEBUG net.thucydides.core.steps.StepInterceptor - STEP DONE: I send POST HTTP request rating
  &amp#27;[32mWhen &amp#27;[0m&amp#27;[32mI send POST HTTP request rating&amp#27;[0m               &amp#27;[90m# starter.stepdefinitions.RatingSteps.sentPostHttpRequestRating()&amp#27;[0m
09:19:37.054 [main] DEBUG net.thucydides.core.steps.StepInterceptor - STARTING STEP: RatingSteps.receiveValidHttp200Rating - I receive valid HTTP response code 200 rating
09:19:37.055 [main] DEBUG net.thucydides.core.steps.StepInterceptor - STEP DONE: I receive valid HTTP response code 200 rating
  &amp#27;[32mThen &amp#27;[0m&amp#27;[32mI receive valid HTTP response code 200 rating&amp#27;[0m &amp#27;[90m# starter.stepdefinitions.RatingSteps.receiveValidHttp200Rating()&amp#27;[0m
09:19:37.056 [main] INFO  - 
  _____   ___   ___   _____     ___     _     ___   ___   ___   ___  
 |_   _| | __| / __| |_   _|   | _ \   /_\   / __| / __| | __| |   \ 
   | |   | _|  \__ \   | |     |  _/  / _ \  \__ \ \__ \ | _|  | |) |
   |_|   |___| |___/   |_|     |_|   /_/ \_\ |___/ |___/ |___| |___/ 

POST - Give product rating
----------------------------------------------------------------------
]]></system-out>
  </testcase>
  <testcase name="POST - Give product rating out of bond" classname="Rating" time="0.094">
    <system-out><![CDATA[
Scenario: POST - Give product rating out of bond     &amp#27;[90m# src/test/resources/features/7. Rating.feature:12&amp#27;[0m
09:19:37.060 [main] DEBUG io.cucumber.core.plugin.SerenityReporter - Running feature from file:///E:/APIMinpro/API/minpro/src/test/resources/features/7.%20Rating.feature
09:19:37.061 [main] INFO  - 
  _____   ___   ___   _____     ___   _____     _     ___   _____   ___   ___  
 |_   _| | __| / __| |_   _|   / __| |_   _|   /_\   | _ \ |_   _| | __| |   \ 
   | |   | _|  \__ \   | |     \__ \   | |    / _ \  |   /   | |   | _|  | |) |
   |_|   |___| |___/   |_|     |___/   |_|   /_/ \_\ |_|_\   |_|   |___| |___/ 

POST - Give product rating out of bond(rating;post---give-product-rating-out-of-bond)
--------------------------------------------------------------------------------
09:19:37.067 [main] DEBUG net.thucydides.core.steps.StepInterceptor - STARTING STEP: RatingSteps.setPostApiEndpointRating2 - I set POST api endpoints rating2
09:19:37.067 [main] DEBUG net.thucydides.core.steps.StepInterceptor - STEP DONE: I set POST api endpoints rating2
  &amp#27;[32mGiven &amp#27;[0m&amp#27;[32mI set POST api endpoints rating2&amp#27;[0m             &amp#27;[90m# starter.stepdefinitions.RatingSteps.setPostApiEndpointRating2()&amp#27;[0m
09:19:37.070 [main] DEBUG net.thucydides.core.steps.StepInterceptor - STARTING STEP: RatingSteps.sendPostHttpRequestRating2 - I send POST HTTP request rating
09:19:37.071 [main] DEBUG net.thucydides.core.steps.StepInterceptor - STARTING STEP: Rating.sendPostHttpRequestRating2 - I set POST api endpoints rating2
09:19:37.071 [main] DEBUG net.thucydides.core.steps.StepInterceptor - STEP DONE: I set POST api endpoints rating2
09:19:37.076 [main] DEBUG org.apache.http.impl.conn.BasicClientConnectionManager - Get connection for route {s}->https://altashop-api.fly.dev:443
09:19:37.076 [main] DEBUG org.apache.http.impl.conn.DefaultClientConnectionOperator - Connecting to altashop-api.fly.dev:443
09:19:37.118 [main] DEBUG org.apache.http.client.protocol.RequestAddCookies - CookieSpec selected: ignoreCookies
09:19:37.118 [main] DEBUG org.apache.http.client.protocol.RequestAuthCache - Auth cache not set in the context
09:19:37.118 [main] DEBUG org.apache.http.client.protocol.RequestProxyAuthentication - Proxy auth state: UNCHALLENGED
09:19:37.118 [main] DEBUG org.apache.http.impl.client.DefaultHttpClient - Attempt 1 to execute request
09:19:37.118 [main] DEBUG org.apache.http.impl.conn.DefaultClientConnection - Sending request: POST /api/products/13000/ratings HTTP/1.1
09:19:37.118 [main] DEBUG org.apache.http.wire -  >> "POST /api/products/13000/ratings HTTP/1.1[\r][\n]"
09:19:37.118 [main] DEBUG org.apache.http.wire -  >> "Authorization: Bearer eyJhbGciOiJIUzI1NiIsInR5cCI6IkpXVCJ9.eyJGdWxsbmFtZSI6IkFkaXR5YSBOdWdyYWhhIiwiRW1haWwiOiJhZGl0QGdtYWlsLmNvbSJ9.VM2lARkmmliu1pWtk1uhb8z5fGaElvH1jIoYM72Te3g[\r][\n]"
09:19:37.118 [main] DEBUG org.apache.http.wire -  >> "Accept: */*[\r][\n]"
09:19:37.118 [main] DEBUG org.apache.http.wire -  >> "Content-Type: text/plain; charset=ISO-8859-1[\r][\n]"
09:19:37.118 [main] DEBUG org.apache.http.wire -  >> "Content-Length: 12[\r][\n]"
09:19:37.118 [main] DEBUG org.apache.http.wire -  >> "Host: altashop-api.fly.dev[\r][\n]"
09:19:37.118 [main] DEBUG org.apache.http.wire -  >> "Connection: Keep-Alive[\r][\n]"
09:19:37.118 [main] DEBUG org.apache.http.wire -  >> "User-Agent: Apache-HttpClient/4.5.13 (Java/11.0.15.1)[\r][\n]"
09:19:37.118 [main] DEBUG org.apache.http.wire -  >> "Accept-Encoding: gzip,deflate[\r][\n]"
09:19:37.118 [main] DEBUG org.apache.http.wire -  >> "[\r][\n]"
09:19:37.118 [main] DEBUG org.apache.http.headers - >> POST /api/products/13000/ratings HTTP/1.1
09:19:37.118 [main] DEBUG org.apache.http.headers - >> Authorization: Bearer eyJhbGciOiJIUzI1NiIsInR5cCI6IkpXVCJ9.eyJGdWxsbmFtZSI6IkFkaXR5YSBOdWdyYWhhIiwiRW1haWwiOiJhZGl0QGdtYWlsLmNvbSJ9.VM2lARkmmliu1pWtk1uhb8z5fGaElvH1jIoYM72Te3g
09:19:37.118 [main] DEBUG org.apache.http.headers - >> Accept: */*
09:19:37.118 [main] DEBUG org.apache.http.headers - >> Content-Type: text/plain; charset=ISO-8859-1
09:19:37.118 [main] DEBUG org.apache.http.headers - >> Content-Length: 12
09:19:37.118 [main] DEBUG org.apache.http.headers - >> Host: altashop-api.fly.dev
09:19:37.118 [main] DEBUG org.apache.http.headers - >> Connection: Keep-Alive
09:19:37.118 [main] DEBUG org.apache.http.headers - >> User-Agent: Apache-HttpClient/4.5.13 (Java/11.0.15.1)
09:19:37.118 [main] DEBUG org.apache.http.headers - >> Accept-Encoding: gzip,deflate
09:19:37.118 [main] DEBUG org.apache.http.wire -  >> "{"count":10}"
09:19:37.145 [main] DEBUG org.apache.http.wire -  << "HTTP/1.1 500 Internal Server Error[\r][\n]"
09:19:37.145 [main] DEBUG org.apache.http.wire -  << "content-type: application/json[\r][\n]"
09:19:37.145 [main] DEBUG org.apache.http.wire -  << "date: Sat, 06 May 2023 02:19:37 GMT[\r][\n]"
09:19:37.145 [main] DEBUG org.apache.http.wire -  << "content-encoding: gzip[\r][\n]"
09:19:37.145 [main] DEBUG org.apache.http.wire -  << "transfer-encoding: chunked[\r][\n]"
09:19:37.145 [main] DEBUG org.apache.http.wire -  << "server: Fly/3f2597ca (2023-05-03)[\r][\n]"
09:19:37.145 [main] DEBUG org.apache.http.wire -  << "via: 1.1 fly.io[\r][\n]"
09:19:37.145 [main] DEBUG org.apache.http.wire -  << "fly-request-id: 01GZQDQ1RV9STX19A8B7MHARQY-sin[\r][\n]"
09:19:37.145 [main] DEBUG org.apache.http.wire -  << "[\r][\n]"
09:19:37.145 [main] DEBUG org.apache.http.impl.conn.DefaultClientConnection - Receiving response: HTTP/1.1 500 Internal Server Error
09:19:37.145 [main] DEBUG org.apache.http.headers - << HTTP/1.1 500 Internal Server Error
09:19:37.145 [main] DEBUG org.apache.http.headers - << content-type: application/json
09:19:37.145 [main] DEBUG org.apache.http.headers - << date: Sat, 06 May 2023 02:19:37 GMT
09:19:37.145 [main] DEBUG org.apache.http.headers - << content-encoding: gzip
09:19:37.145 [main] DEBUG org.apache.http.headers - << transfer-encoding: chunked
09:19:37.145 [main] DEBUG org.apache.http.headers - << server: Fly/3f2597ca (2023-05-03)
09:19:37.145 [main] DEBUG org.apache.http.headers - << via: 1.1 fly.io
09:19:37.145 [main] DEBUG org.apache.http.headers - << fly-request-id: 01GZQDQ1RV9STX19A8B7MHARQY-sin
09:19:37.145 [main] DEBUG org.apache.http.impl.client.DefaultHttpClient - Connection can be kept alive indefinitely
09:19:37.145 [main] DEBUG io.restassured.internal.RestAssuredHttpBuilder - Parsing response as: application/json
09:19:37.145 [main] DEBUG org.apache.http.wire -  << "80[\r][\n]"
09:19:37.145 [main] DEBUG org.apache.http.wire -  << "[0x1f][0x8b][0x8][0x0][0x0][0x0][0x0][0x0][0x4][0xff][0xab]VJ-*[0xca]/R[0xb2]Rr[\r][\n]"
09:19:37.145 [main] DEBUG org.apache.http.wire -  << "[0xf2][0xf][0xb2]R[0xc8]K-W([0xca]/WH[0xcb]/R(J[0xcd]I,[0xc9][0xcc][0xcf]S[0x88]Q*J,[0xc9][0xcc]K/[0x8e]QR([0xcb][0xcc][0xcf]I,I-VH[0xce]HM[0xce]VH[0xce][0xcf]+.)J[0xcc][0xcc]+A[0xa8][0x8a]O[0xce]/[0xcd]+[0x89][0x7]+[0x88]QR[0xd0][0x8][0xe][0xf4][0x9][0xe]q[0xc]qU02654[0xd1]T[0xaa][0xe5][0x2][0x0]t[0xdc]t[0xaa]w[0x0][0x0][0x0]"
09:19:37.145 [main] DEBUG org.apache.http.wire -  << "[\r][\n]"
09:19:37.145 [main] DEBUG org.apache.http.wire -  << "0[\r][\n]"
09:19:37.145 [main] DEBUG org.apache.http.wire -  << "[\r][\n]"
09:19:37.145 [main] DEBUG io.restassured.internal.RestAssuredHttpBuilder - Parsed data to instance of: class org.apache.http.conn.EofSensorInputStream
09:19:37.146 [main] DEBUG org.apache.http.impl.conn.BasicClientConnectionManager - Releasing connection org.apache.http.impl.conn.ManagedClientConnectionImpl@61a17f3
09:19:37.146 [main] DEBUG org.apache.http.impl.conn.BasicClientConnectionManager - Connection can be kept alive indefinitely
09:19:37.146 [main] DEBUG net.thucydides.core.steps.StepInterceptor - STEP DONE: I send POST HTTP request rating
  &amp#27;[32mWhen &amp#27;[0m&amp#27;[32mI send POST HTTP request rating2&amp#27;[0m              &amp#27;[90m# starter.stepdefinitions.RatingSteps.sendPostHttpRequestRating2()&amp#27;[0m
09:19:37.148 [main] DEBUG net.thucydides.core.steps.StepInterceptor - STARTING STEP: RatingSteps.receiveValidHttp500Rating - Then I receive valid HTTP response code 500 rating
09:19:37.149 [main] DEBUG net.thucydides.core.steps.StepInterceptor - STEP DONE: Then I receive valid HTTP response code 500 rating
  &amp#27;[32mThen &amp#27;[0m&amp#27;[32mI receive valid HTTP response code 500 rating&amp#27;[0m &amp#27;[90m# starter.stepdefinitions.RatingSteps.receiveValidHttp500Rating()&amp#27;[0m
09:19:37.150 [main] INFO  - 
  _____   ___   ___   _____     ___     _     ___   ___   ___   ___  
 |_   _| | __| / __| |_   _|   | _ \   /_\   / __| / __| | __| |   \ 
   | |   | _|  \__ \   | |     |  _/  / _ \  \__ \ \__ \ | _|  | |) |
   |_|   |___| |___/   |_|     |_|   /_/ \_\ |___/ |___/ |___| |___/ 

POST - Give product rating out of bond
----------------------------------------------------------------------
]]></system-out>
  </testcase>
  <testcase name="GET - Get product rating" classname="Rating" time="0.091">
    <system-out><![CDATA[
Scenario: GET - Get product rating                   &amp#27;[90m# src/test/resources/features/7. Rating.feature:17&amp#27;[0m
09:19:37.153 [main] DEBUG io.cucumber.core.plugin.SerenityReporter - Running feature from file:///E:/APIMinpro/API/minpro/src/test/resources/features/7.%20Rating.feature
09:19:37.154 [main] INFO  - 
  _____   ___   ___   _____     ___   _____     _     ___   _____   ___   ___  
 |_   _| | __| / __| |_   _|   / __| |_   _|   /_\   | _ \ |_   _| | __| |   \ 
   | |   | _|  \__ \   | |     \__ \   | |    / _ \  |   /   | |   | _|  | |) |
   |_|   |___| |___/   |_|     |___/   |_|   /_/ \_\ |_|_\   |_|   |___| |___/ 

GET - Get product rating(rating;get---get-product-rating)
--------------------------------------------------------------------------------
09:19:37.159 [main] DEBUG net.thucydides.core.steps.StepInterceptor - STARTING STEP: RatingSteps.setGetApiEndpointRating - I set GET api endpoints rating
09:19:37.159 [main] DEBUG net.thucydides.core.steps.StepInterceptor - STEP DONE: I set GET api endpoints rating
  &amp#27;[32mGiven &amp#27;[0m&amp#27;[32mI set GET api endpoints rating&amp#27;[0m               &amp#27;[90m# starter.stepdefinitions.RatingSteps.setGetApiEndpointRating()&amp#27;[0m
09:19:37.161 [main] DEBUG net.thucydides.core.steps.StepInterceptor - STARTING STEP: RatingSteps.sendGetHttpRequestRating - I send GET HTTP request rating
09:19:37.162 [main] DEBUG net.thucydides.core.steps.StepInterceptor - STARTING STEP: Rating.sendGetHttpRequestRating - I set GET api endpoints rating
09:19:37.162 [main] DEBUG net.thucydides.core.steps.StepInterceptor - STEP DONE: I set GET api endpoints rating
09:19:37.167 [main] DEBUG org.apache.http.impl.conn.BasicClientConnectionManager - Get connection for route {s}->https://altashop-api.fly.dev:443
09:19:37.167 [main] DEBUG org.apache.http.impl.conn.DefaultClientConnectionOperator - Connecting to altashop-api.fly.dev:443
09:19:37.213 [main] DEBUG org.apache.http.client.protocol.RequestAddCookies - CookieSpec selected: ignoreCookies
09:19:37.213 [main] DEBUG org.apache.http.client.protocol.RequestAuthCache - Auth cache not set in the context
09:19:37.213 [main] DEBUG org.apache.http.client.protocol.RequestTargetAuthentication - Target auth state: UNCHALLENGED
09:19:37.213 [main] DEBUG org.apache.http.client.protocol.RequestProxyAuthentication - Proxy auth state: UNCHALLENGED
09:19:37.213 [main] DEBUG org.apache.http.impl.client.DefaultHttpClient - Attempt 1 to execute request
09:19:37.213 [main] DEBUG org.apache.http.impl.conn.DefaultClientConnection - Sending request: GET /api/products/13000/ratings HTTP/1.1
09:19:37.213 [main] DEBUG org.apache.http.wire -  >> "GET /api/products/13000/ratings HTTP/1.1[\r][\n]"
09:19:37.213 [main] DEBUG org.apache.http.wire -  >> "Accept: */*[\r][\n]"
09:19:37.213 [main] DEBUG org.apache.http.wire -  >> "Host: altashop-api.fly.dev[\r][\n]"
09:19:37.213 [main] DEBUG org.apache.http.wire -  >> "Connection: Keep-Alive[\r][\n]"
09:19:37.213 [main] DEBUG org.apache.http.wire -  >> "User-Agent: Apache-HttpClient/4.5.13 (Java/11.0.15.1)[\r][\n]"
09:19:37.213 [main] DEBUG org.apache.http.wire -  >> "Accept-Encoding: gzip,deflate[\r][\n]"
09:19:37.213 [main] DEBUG org.apache.http.wire -  >> "[\r][\n]"
09:19:37.213 [main] DEBUG org.apache.http.headers - >> GET /api/products/13000/ratings HTTP/1.1
09:19:37.213 [main] DEBUG org.apache.http.headers - >> Accept: */*
09:19:37.213 [main] DEBUG org.apache.http.headers - >> Host: altashop-api.fly.dev
09:19:37.213 [main] DEBUG org.apache.http.headers - >> Connection: Keep-Alive
09:19:37.213 [main] DEBUG org.apache.http.headers - >> User-Agent: Apache-HttpClient/4.5.13 (Java/11.0.15.1)
09:19:37.213 [main] DEBUG org.apache.http.headers - >> Accept-Encoding: gzip,deflate
09:19:37.236 [main] DEBUG org.apache.http.wire -  << "HTTP/1.1 200 OK[\r][\n]"
09:19:37.236 [main] DEBUG org.apache.http.wire -  << "content-type: application/json[\r][\n]"
09:19:37.236 [main] DEBUG org.apache.http.wire -  << "date: Sat, 06 May 2023 02:19:37 GMT[\r][\n]"
09:19:37.236 [main] DEBUG org.apache.http.wire -  << "content-encoding: gzip[\r][\n]"
09:19:37.236 [main] DEBUG org.apache.http.wire -  << "transfer-encoding: chunked[\r][\n]"
09:19:37.236 [main] DEBUG org.apache.http.wire -  << "server: Fly/3f2597ca (2023-05-03)[\r][\n]"
09:19:37.236 [main] DEBUG org.apache.http.wire -  << "via: 1.1 fly.io[\r][\n]"
09:19:37.236 [main] DEBUG org.apache.http.wire -  << "fly-request-id: 01GZQDQ1VTV5WDW4F4JQNZQ0B4-sin[\r][\n]"
09:19:37.236 [main] DEBUG org.apache.http.wire -  << "[\r][\n]"
09:19:37.236 [main] DEBUG org.apache.http.impl.conn.DefaultClientConnection - Receiving response: HTTP/1.1 200 OK
09:19:37.236 [main] DEBUG org.apache.http.headers - << HTTP/1.1 200 OK
09:19:37.236 [main] DEBUG org.apache.http.headers - << content-type: application/json
09:19:37.236 [main] DEBUG org.apache.http.headers - << date: Sat, 06 May 2023 02:19:37 GMT
09:19:37.236 [main] DEBUG org.apache.http.headers - << content-encoding: gzip
09:19:37.236 [main] DEBUG org.apache.http.headers - << transfer-encoding: chunked
09:19:37.236 [main] DEBUG org.apache.http.headers - << server: Fly/3f2597ca (2023-05-03)
09:19:37.236 [main] DEBUG org.apache.http.headers - << via: 1.1 fly.io
09:19:37.236 [main] DEBUG org.apache.http.headers - << fly-request-id: 01GZQDQ1VTV5WDW4F4JQNZQ0B4-sin
09:19:37.236 [main] DEBUG org.apache.http.impl.client.DefaultHttpClient - Connection can be kept alive indefinitely
09:19:37.236 [main] DEBUG io.restassured.internal.RestAssuredHttpBuilder - Parsing response as: application/json
09:19:37.236 [main] DEBUG org.apache.http.wire -  << "1F[\r][\n]"
09:19:37.236 [main] DEBUG org.apache.http.wire -  << "[0x1f][0x8b][0x8][0x0][0x0][0x0][0x0][0x0][0x4][0xff][0xab]VJI,IT[0xb2]2[0xa9][0xe5][0x2][0x0][0xb4]([0xdc]F[0xb][0x0][0x0][0x0]"
09:19:37.236 [main] DEBUG org.apache.http.wire -  << "[\r][\n]"
09:19:37.236 [main] DEBUG org.apache.http.wire -  << "0[\r][\n]"
09:19:37.236 [main] DEBUG org.apache.http.wire -  << "[\r][\n]"
09:19:37.236 [main] DEBUG io.restassured.internal.RestAssuredHttpBuilder - Parsed data to instance of: class org.apache.http.conn.EofSensorInputStream
09:19:37.237 [main] DEBUG org.apache.http.impl.conn.BasicClientConnectionManager - Releasing connection org.apache.http.impl.conn.ManagedClientConnectionImpl@73d7e7aa
09:19:37.237 [main] DEBUG org.apache.http.impl.conn.BasicClientConnectionManager - Connection can be kept alive indefinitely
09:19:37.238 [main] DEBUG net.thucydides.core.steps.StepInterceptor - STEP DONE: I send GET HTTP request rating
  &amp#27;[32mWhen &amp#27;[0m&amp#27;[32mI send GET HTTP request rating&amp#27;[0m                &amp#27;[90m# starter.stepdefinitions.RatingSteps.sendGetHttpRequestRating()&amp#27;[0m
09:19:37.240 [main] DEBUG net.thucydides.core.steps.StepInterceptor - STARTING STEP: RatingSteps.receiveValidHttp200Rating - I receive valid HTTP response code 200 rating
09:19:37.240 [main] DEBUG net.thucydides.core.steps.StepInterceptor - STEP DONE: I receive valid HTTP response code 200 rating
  &amp#27;[32mThen &amp#27;[0m&amp#27;[32mI receive valid HTTP response code 200 rating&amp#27;[0m &amp#27;[90m# starter.stepdefinitions.RatingSteps.receiveValidHttp200Rating()&amp#27;[0m
09:19:37.241 [main] INFO  - 
  _____   ___   ___   _____     ___     _     ___   ___   ___   ___  
 |_   _| | __| / __| |_   _|   | _ \   /_\   / __| / __| | __| |   \ 
   | |   | _|  \__ \   | |     |  _/  / _ \  \__ \ \__ \ | _|  | |) |
   |_|   |___| |___/   |_|     |_|   /_/ \_\ |___/ |___/ |___| |___/ 

GET - Get product rating
----------------------------------------------------------------------
]]></system-out>
  </testcase>
  <testcase name="GET - Get product rating with invalid data" classname="Rating" time="0.089">
    <system-out><![CDATA[
Scenario: GET - Get product rating with invalid data &amp#27;[90m# src/test/resources/features/7. Rating.feature:22&amp#27;[0m
09:19:37.245 [main] DEBUG io.cucumber.core.plugin.SerenityReporter - Running feature from file:///E:/APIMinpro/API/minpro/src/test/resources/features/7.%20Rating.feature
09:19:37.246 [main] INFO  - 
  _____   ___   ___   _____     ___   _____     _     ___   _____   ___   ___  
 |_   _| | __| / __| |_   _|   / __| |_   _|   /_\   | _ \ |_   _| | __| |   \ 
   | |   | _|  \__ \   | |     \__ \   | |    / _ \  |   /   | |   | _|  | |) |
   |_|   |___| |___/   |_|     |___/   |_|   /_/ \_\ |_|_\   |_|   |___| |___/ 

GET - Get product rating with invalid data(rating;get---get-product-rating-with-invalid-data)
--------------------------------------------------------------------------------
09:19:37.253 [main] DEBUG net.thucydides.core.steps.StepInterceptor - STARTING STEP: RatingSteps.setGetApiEndpointRating2 - I set GET api endpoints rating2
09:19:37.253 [main] DEBUG net.thucydides.core.steps.StepInterceptor - STEP DONE: I set GET api endpoints rating2
  &amp#27;[32mGiven &amp#27;[0m&amp#27;[32mI set GET api endpoints rating2&amp#27;[0m              &amp#27;[90m# starter.stepdefinitions.RatingSteps.setGetApiEndpointRating2()&amp#27;[0m
09:19:37.255 [main] DEBUG net.thucydides.core.steps.StepInterceptor - STARTING STEP: RatingSteps.sendGetHttpRequestRating2 - I send GET HTTP request rating2
09:19:37.256 [main] DEBUG net.thucydides.core.steps.StepInterceptor - STARTING STEP: Rating.sendGetHttpRequestRating2 - I set GET api endpoints rating2
09:19:37.256 [main] DEBUG net.thucydides.core.steps.StepInterceptor - STEP DONE: I set GET api endpoints rating2
09:19:37.260 [main] DEBUG org.apache.http.impl.conn.BasicClientConnectionManager - Get connection for route {s}->https://altashop-api.fly.dev:443
09:19:37.260 [main] DEBUG org.apache.http.impl.conn.DefaultClientConnectionOperator - Connecting to altashop-api.fly.dev:443
09:19:37.302 [main] DEBUG org.apache.http.client.protocol.RequestAddCookies - CookieSpec selected: ignoreCookies
09:19:37.302 [main] DEBUG org.apache.http.client.protocol.RequestAuthCache - Auth cache not set in the context
09:19:37.302 [main] DEBUG org.apache.http.client.protocol.RequestTargetAuthentication - Target auth state: UNCHALLENGED
09:19:37.302 [main] DEBUG org.apache.http.client.protocol.RequestProxyAuthentication - Proxy auth state: UNCHALLENGED
09:19:37.302 [main] DEBUG org.apache.http.impl.client.DefaultHttpClient - Attempt 1 to execute request
09:19:37.302 [main] DEBUG org.apache.http.impl.conn.DefaultClientConnection - Sending request: GET /api/products/-13000/ratings HTTP/1.1
09:19:37.302 [main] DEBUG org.apache.http.wire -  >> "GET /api/products/-13000/ratings HTTP/1.1[\r][\n]"
09:19:37.302 [main] DEBUG org.apache.http.wire -  >> "Accept: */*[\r][\n]"
09:19:37.302 [main] DEBUG org.apache.http.wire -  >> "Host: altashop-api.fly.dev[\r][\n]"
09:19:37.302 [main] DEBUG org.apache.http.wire -  >> "Connection: Keep-Alive[\r][\n]"
09:19:37.302 [main] DEBUG org.apache.http.wire -  >> "User-Agent: Apache-HttpClient/4.5.13 (Java/11.0.15.1)[\r][\n]"
09:19:37.302 [main] DEBUG org.apache.http.wire -  >> "Accept-Encoding: gzip,deflate[\r][\n]"
09:19:37.302 [main] DEBUG org.apache.http.wire -  >> "[\r][\n]"
09:19:37.302 [main] DEBUG org.apache.http.headers - >> GET /api/products/-13000/ratings HTTP/1.1
09:19:37.302 [main] DEBUG org.apache.http.headers - >> Accept: */*
09:19:37.302 [main] DEBUG org.apache.http.headers - >> Host: altashop-api.fly.dev
09:19:37.302 [main] DEBUG org.apache.http.headers - >> Connection: Keep-Alive
09:19:37.302 [main] DEBUG org.apache.http.headers - >> User-Agent: Apache-HttpClient/4.5.13 (Java/11.0.15.1)
09:19:37.302 [main] DEBUG org.apache.http.headers - >> Accept-Encoding: gzip,deflate
09:19:37.326 [main] DEBUG org.apache.http.wire -  << "HTTP/1.1 500 Internal Server Error[\r][\n]"
09:19:37.326 [main] DEBUG org.apache.http.wire -  << "content-type: application/json[\r][\n]"
09:19:37.326 [main] DEBUG org.apache.http.wire -  << "date: Sat, 06 May 2023 02:19:37 GMT[\r][\n]"
09:19:37.326 [main] DEBUG org.apache.http.wire -  << "content-encoding: gzip[\r][\n]"
09:19:37.326 [main] DEBUG org.apache.http.wire -  << "transfer-encoding: chunked[\r][\n]"
09:19:37.326 [main] DEBUG org.apache.http.wire -  << "server: Fly/3f2597ca (2023-05-03)[\r][\n]"
09:19:37.326 [main] DEBUG org.apache.http.wire -  << "via: 1.1 fly.io[\r][\n]"
09:19:37.326 [main] DEBUG org.apache.http.wire -  << "fly-request-id: 01GZQDQ1YH676XPT3M8506F3YH-sin[\r][\n]"
09:19:37.326 [main] DEBUG org.apache.http.wire -  << "[\r][\n]"
09:19:37.326 [main] DEBUG org.apache.http.impl.conn.DefaultClientConnection - Receiving response: HTTP/1.1 500 Internal Server Error
09:19:37.326 [main] DEBUG org.apache.http.headers - << HTTP/1.1 500 Internal Server Error
09:19:37.326 [main] DEBUG org.apache.http.headers - << content-type: application/json
09:19:37.326 [main] DEBUG org.apache.http.headers - << date: Sat, 06 May 2023 02:19:37 GMT
09:19:37.326 [main] DEBUG org.apache.http.headers - << content-encoding: gzip
09:19:37.326 [main] DEBUG org.apache.http.headers - << transfer-encoding: chunked
09:19:37.326 [main] DEBUG org.apache.http.headers - << server: Fly/3f2597ca (2023-05-03)
09:19:37.326 [main] DEBUG org.apache.http.headers - << via: 1.1 fly.io
09:19:37.326 [main] DEBUG org.apache.http.headers - << fly-request-id: 01GZQDQ1YH676XPT3M8506F3YH-sin
09:19:37.326 [main] DEBUG org.apache.http.impl.client.DefaultHttpClient - Connection can be kept alive indefinitely
09:19:37.326 [main] DEBUG io.restassured.internal.RestAssuredHttpBuilder - Parsing response as: application/json
09:19:37.326 [main] DEBUG org.apache.http.wire -  << "5C[\r][\n]"
09:19:37.326 [main] DEBUG org.apache.http.wire -  << "[0x1f][0x8b][0x8][0x0][0x0][0x0][0x0][0x0][0x4][0xff][0xab]VJ-*[0xca]/R[0xb2]R2[0xb4]01137110767[0xb0]45[0xb6]034S[0xc8],VH/JM,I-R([0xc9]H[0xcc]S[0xc8]M[0xac][0xc8][0xcc]-[0xcd]U(K[0xcc])MUH[0xcb]/R[0xf0][0xcc]+1Q[0xaa][0xe5][0x2][0x0][0xf0][0xc5][0xea][0x99]H[0x0][0x0][0x0]"
09:19:37.326 [main] DEBUG org.apache.http.wire -  << "[\r][\n]"
09:19:37.326 [main] DEBUG org.apache.http.wire -  << "0[\r][\n]"
09:19:37.326 [main] DEBUG org.apache.http.wire -  << "[\r][\n]"
09:19:37.326 [main] DEBUG io.restassured.internal.RestAssuredHttpBuilder - Parsed data to instance of: class org.apache.http.conn.EofSensorInputStream
09:19:37.327 [main] DEBUG org.apache.http.impl.conn.BasicClientConnectionManager - Releasing connection org.apache.http.impl.conn.ManagedClientConnectionImpl@77902ed6
09:19:37.327 [main] DEBUG org.apache.http.impl.conn.BasicClientConnectionManager - Connection can be kept alive indefinitely
09:19:37.327 [main] DEBUG net.thucydides.core.steps.StepInterceptor - STEP DONE: I send GET HTTP request rating2
  &amp#27;[32mWhen &amp#27;[0m&amp#27;[32mI send GET HTTP request rating2&amp#27;[0m               &amp#27;[90m# starter.stepdefinitions.RatingSteps.sendGetHttpRequestRating2()&amp#27;[0m
09:19:37.329 [main] DEBUG net.thucydides.core.steps.StepInterceptor - STARTING STEP: RatingSteps.receiveValidHttp500Rating - Then I receive valid HTTP response code 500 rating
09:19:37.330 [main] DEBUG net.thucydides.core.steps.StepInterceptor - STEP DONE: Then I receive valid HTTP response code 500 rating
  &amp#27;[32mThen &amp#27;[0m&amp#27;[32mI receive valid HTTP response code 500 rating&amp#27;[0m &amp#27;[90m# starter.stepdefinitions.RatingSteps.receiveValidHttp500Rating()&amp#27;[0m
09:19:37.331 [main] INFO  - 
  _____   ___   ___   _____     ___     _     ___   ___   ___   ___  
 |_   _| | __| / __| |_   _|   | _ \   /_\   / __| / __| | __| |   \ 
   | |   | _|  \__ \   | |     |  _/  / _ \  \__ \ \__ \ | _|  | |) |
   |_|   |___| |___/   |_|     |_|   /_/ \_\ |___/ |___/ |___| |___/ 

GET - Get product rating with invalid data
----------------------------------------------------------------------
]]></system-out>
  </testcase>
  <testcase name="POST - Post comment" classname="Comment" time="0.1">
    <system-out><![CDATA[09:19:37.332 [main] DEBUG io.cucumber.core.plugin.SerenityReporter - Running feature from file:///E:/APIMinpro/API/minpro/src/test/resources/features/8.%20Comment.feature
09:19:37.333 [main] DEBUG net.thucydides.core.steps.StepEventBus - Test suite started for story net.thucydides.core.model.Story@8ea159bb
09:19:37.333 [main] INFO  - Test Suite Started: Comment

Scenario: POST - Post comment                         &amp#27;[90m# src/test/resources/features/8. Comment.feature:7&amp#27;[0m
09:19:37.336 [main] DEBUG io.cucumber.core.plugin.SerenityReporter - Running feature from file:///E:/APIMinpro/API/minpro/src/test/resources/features/8.%20Comment.feature
09:19:37.337 [main] INFO  - 
  _____   ___   ___   _____     ___   _____     _     ___   _____   ___   ___  
 |_   _| | __| / __| |_   _|   / __| |_   _|   /_\   | _ \ |_   _| | __| |   \ 
   | |   | _|  \__ \   | |     \__ \   | |    / _ \  |   /   | |   | _|  | |) |
   |_|   |___| |___/   |_|     |___/   |_|   /_/ \_\ |_|_\   |_|   |___| |___/ 

POST - Post comment(comment;post---post-comment)
--------------------------------------------------------------------------------
09:19:37.349 [main] DEBUG net.thucydides.core.steps.StepInterceptor - STARTING STEP: CommentSteps.setPostApiEndpointComment - I set POST api endpoints 
09:19:37.349 [main] DEBUG net.thucydides.core.steps.StepInterceptor - STEP DONE: I set POST api endpoints 
  &amp#27;[32mGiven &amp#27;[0m&amp#27;[32mI set POST api endpoints comment&amp#27;[0m              &amp#27;[90m# starter.stepdefinitions.CommentSteps.setPostApiEndpointComment()&amp#27;[0m
09:19:37.352 [main] DEBUG net.thucydides.core.steps.StepInterceptor - STARTING STEP: CommentSteps.sentPostHttpRequestComment - I send POST HTTP request comment
09:19:37.353 [main] DEBUG net.thucydides.core.steps.StepInterceptor - STARTING STEP: Comment.sendPostHTTPRequestComment - I set POST api endpoints 
09:19:37.353 [main] DEBUG net.thucydides.core.steps.StepInterceptor - STEP DONE: I set POST api endpoints 
09:19:37.359 [main] DEBUG org.apache.http.impl.conn.BasicClientConnectionManager - Get connection for route {s}->https://altashop-api.fly.dev:443
09:19:37.359 [main] DEBUG org.apache.http.impl.conn.DefaultClientConnectionOperator - Connecting to altashop-api.fly.dev:443
09:19:37.406 [main] DEBUG org.apache.http.client.protocol.RequestAddCookies - CookieSpec selected: ignoreCookies
09:19:37.406 [main] DEBUG org.apache.http.client.protocol.RequestAuthCache - Auth cache not set in the context
09:19:37.406 [main] DEBUG org.apache.http.client.protocol.RequestProxyAuthentication - Proxy auth state: UNCHALLENGED
09:19:37.406 [main] DEBUG org.apache.http.impl.client.DefaultHttpClient - Attempt 1 to execute request
09:19:37.406 [main] DEBUG org.apache.http.impl.conn.DefaultClientConnection - Sending request: POST /api/products/2/comments HTTP/1.1
09:19:37.406 [main] DEBUG org.apache.http.wire -  >> "POST /api/products/2/comments HTTP/1.1[\r][\n]"
09:19:37.406 [main] DEBUG org.apache.http.wire -  >> "Authorization: Bearer eyJhbGciOiJIUzI1NiIsInR5cCI6IkpXVCJ9.eyJGdWxsbmFtZSI6IkFkaXR5YSBOdWdyYWhhIiwiRW1haWwiOiJhZGl0QGdtYWlsLmNvbSJ9.VM2lARkmmliu1pWtk1uhb8z5fGaElvH1jIoYM72Te3g[\r][\n]"
09:19:37.406 [main] DEBUG org.apache.http.wire -  >> "Accept: */*[\r][\n]"
09:19:37.406 [main] DEBUG org.apache.http.wire -  >> "Content-Type: text/plain; charset=ISO-8859-1[\r][\n]"
09:19:37.406 [main] DEBUG org.apache.http.wire -  >> "Content-Length: 87[\r][\n]"
09:19:37.406 [main] DEBUG org.apache.http.wire -  >> "Host: altashop-api.fly.dev[\r][\n]"
09:19:37.406 [main] DEBUG org.apache.http.wire -  >> "Connection: Keep-Alive[\r][\n]"
09:19:37.406 [main] DEBUG org.apache.http.wire -  >> "User-Agent: Apache-HttpClient/4.5.13 (Java/11.0.15.1)[\r][\n]"
09:19:37.406 [main] DEBUG org.apache.http.wire -  >> "Accept-Encoding: gzip,deflate[\r][\n]"
09:19:37.406 [main] DEBUG org.apache.http.wire -  >> "[\r][\n]"
09:19:37.406 [main] DEBUG org.apache.http.headers - >> POST /api/products/2/comments HTTP/1.1
09:19:37.406 [main] DEBUG org.apache.http.headers - >> Authorization: Bearer eyJhbGciOiJIUzI1NiIsInR5cCI6IkpXVCJ9.eyJGdWxsbmFtZSI6IkFkaXR5YSBOdWdyYWhhIiwiRW1haWwiOiJhZGl0QGdtYWlsLmNvbSJ9.VM2lARkmmliu1pWtk1uhb8z5fGaElvH1jIoYM72Te3g
09:19:37.406 [main] DEBUG org.apache.http.headers - >> Accept: */*
09:19:37.406 [main] DEBUG org.apache.http.headers - >> Content-Type: text/plain; charset=ISO-8859-1
09:19:37.406 [main] DEBUG org.apache.http.headers - >> Content-Length: 87
09:19:37.406 [main] DEBUG org.apache.http.headers - >> Host: altashop-api.fly.dev
09:19:37.406 [main] DEBUG org.apache.http.headers - >> Connection: Keep-Alive
09:19:37.406 [main] DEBUG org.apache.http.headers - >> User-Agent: Apache-HttpClient/4.5.13 (Java/11.0.15.1)
09:19:37.406 [main] DEBUG org.apache.http.headers - >> Accept-Encoding: gzip,deflate
09:19:37.406 [main] DEBUG org.apache.http.wire -  >> "{"content":"the games are great including Gran Turismo 7 but sadly GT4 is much better"}"
09:19:37.428 [main] DEBUG org.apache.http.wire -  << "HTTP/1.1 200 OK[\r][\n]"
09:19:37.429 [main] DEBUG org.apache.http.wire -  << "content-type: application/json[\r][\n]"
09:19:37.429 [main] DEBUG org.apache.http.wire -  << "date: Sat, 06 May 2023 02:19:37 GMT[\r][\n]"
09:19:37.429 [main] DEBUG org.apache.http.wire -  << "content-encoding: gzip[\r][\n]"
09:19:37.429 [main] DEBUG org.apache.http.wire -  << "transfer-encoding: chunked[\r][\n]"
09:19:37.429 [main] DEBUG org.apache.http.wire -  << "server: Fly/3f2597ca (2023-05-03)[\r][\n]"
09:19:37.429 [main] DEBUG org.apache.http.wire -  << "via: 1.1 fly.io[\r][\n]"
09:19:37.429 [main] DEBUG org.apache.http.wire -  << "fly-request-id: 01GZQDQ21VEMYN30AMA9D068ZP-sin[\r][\n]"
09:19:37.429 [main] DEBUG org.apache.http.wire -  << "[\r][\n]"
09:19:37.429 [main] DEBUG org.apache.http.impl.conn.DefaultClientConnection - Receiving response: HTTP/1.1 200 OK
09:19:37.429 [main] DEBUG org.apache.http.headers - << HTTP/1.1 200 OK
09:19:37.429 [main] DEBUG org.apache.http.headers - << content-type: application/json
09:19:37.429 [main] DEBUG org.apache.http.headers - << date: Sat, 06 May 2023 02:19:37 GMT
09:19:37.429 [main] DEBUG org.apache.http.headers - << content-encoding: gzip
09:19:37.429 [main] DEBUG org.apache.http.headers - << transfer-encoding: chunked
09:19:37.429 [main] DEBUG org.apache.http.headers - << server: Fly/3f2597ca (2023-05-03)
09:19:37.429 [main] DEBUG org.apache.http.headers - << via: 1.1 fly.io
09:19:37.429 [main] DEBUG org.apache.http.headers - << fly-request-id: 01GZQDQ21VEMYN30AMA9D068ZP-sin
09:19:37.429 [main] DEBUG org.apache.http.impl.client.DefaultHttpClient - Connection can be kept alive indefinitely
09:19:37.429 [main] DEBUG io.restassured.internal.RestAssuredHttpBuilder - Parsing response as: application/json
09:19:37.429 [main] DEBUG org.apache.http.wire -  << "9E[\r][\n]"
09:19:37.429 [main] DEBUG org.apache.http.wire -  << "[0x1f][0x8b][0x8][0x0][0x0][0x0][0x0][0x0][0x4][0xff][0xab]VJI,IT[0xb2][0xaa]V[0xf2]tQ[0xb2]24073[0xd6]Qr[0xce][0xcf]+I[0xcd]+Q[0xb2]R*[0xc9]HUHO[0xcc]M-VH,JUH/JM,Q[0xc8][0xcc]K[0xce])M[0xc9][0xcc]KWp/J[0xcc]S[0x8])-[0xca],[0xce][0xcd]W0WH*-Q(NL[0xc9][0xa9]Tp[0xf]1Q[0xc8],V[0xc8]-M[0xce]PHJ-)I-R[0xd2]Q[\n]"
09:19:37.429 [main] DEBUG org.apache.http.wire -  << "-N-R[0xb2][0xca]+[0xcd][0xc9][0xd1]Q[\n]"
09:19:37.429 [main] DEBUG org.apache.http.wire -  << "([0xca]O)M.[0x81]q[0x9d][0xf3]ss[0xc1][0x16][0x82]dkk[0xb9][0x0]O[0xb8][0x12].[0x96][0x0][0x0][0x0]"
09:19:37.429 [main] DEBUG org.apache.http.wire -  << "[\r][\n]"
09:19:37.429 [main] DEBUG org.apache.http.wire -  << "0[\r][\n]"
09:19:37.429 [main] DEBUG org.apache.http.wire -  << "[\r][\n]"
09:19:37.429 [main] DEBUG io.restassured.internal.RestAssuredHttpBuilder - Parsed data to instance of: class org.apache.http.conn.EofSensorInputStream
09:19:37.430 [main] DEBUG org.apache.http.impl.conn.BasicClientConnectionManager - Releasing connection org.apache.http.impl.conn.ManagedClientConnectionImpl@5fdff4f1
09:19:37.430 [main] DEBUG org.apache.http.impl.conn.BasicClientConnectionManager - Connection can be kept alive indefinitely
09:19:37.430 [main] DEBUG net.thucydides.core.steps.StepInterceptor - STEP DONE: I send POST HTTP request comment
  &amp#27;[32mWhen &amp#27;[0m&amp#27;[32mI send POST HTTP request comment&amp#27;[0m               &amp#27;[90m# starter.stepdefinitions.CommentSteps.sentPostHttpRequestComment()&amp#27;[0m
09:19:37.432 [main] DEBUG net.thucydides.core.steps.StepInterceptor - STARTING STEP: CommentSteps.receiveValidHttp200Rating - I receive valid HTTP response code 200 comment
09:19:37.432 [main] DEBUG net.thucydides.core.steps.StepInterceptor - STEP DONE: I receive valid HTTP response code 200 comment
  &amp#27;[32mThen &amp#27;[0m&amp#27;[32mI receive valid HTTP response code 200 comment&amp#27;[0m &amp#27;[90m# starter.stepdefinitions.CommentSteps.receiveValidHttp200Rating()&amp#27;[0m
09:19:37.433 [main] INFO  - 
  _____   ___   ___   _____     ___     _     ___   ___   ___   ___  
 |_   _| | __| / __| |_   _|   | _ \   /_\   / __| / __| | __| |   \ 
   | |   | _|  \__ \   | |     |  _/  / _ \  \__ \ \__ \ | _|  | |) |
   |_|   |___| |___/   |_|     |_|   /_/ \_\ |___/ |___/ |___| |___/ 

POST - Post comment
----------------------------------------------------------------------
]]></system-out>
  </testcase>
  <testcase name="GET - Get comment with correct endpoints" classname="Comment" time="0.088">
    <system-out><![CDATA[
Scenario: GET - Get comment with correct endpoints    &amp#27;[90m# src/test/resources/features/8. Comment.feature:12&amp#27;[0m
09:19:37.437 [main] DEBUG io.cucumber.core.plugin.SerenityReporter - Running feature from file:///E:/APIMinpro/API/minpro/src/test/resources/features/8.%20Comment.feature
09:19:37.439 [main] INFO  - 
  _____   ___   ___   _____     ___   _____     _     ___   _____   ___   ___  
 |_   _| | __| / __| |_   _|   / __| |_   _|   /_\   | _ \ |_   _| | __| |   \ 
   | |   | _|  \__ \   | |     \__ \   | |    / _ \  |   /   | |   | _|  | |) |
   |_|   |___| |___/   |_|     |___/   |_|   /_/ \_\ |_|_\   |_|   |___| |___/ 

GET - Get comment with correct endpoints(comment;get---get-comment-with-correct-endpoints)
--------------------------------------------------------------------------------
09:19:37.445 [main] DEBUG net.thucydides.core.steps.StepInterceptor - STARTING STEP: CommentSteps.setGetApiEndpointComment - I set GET api endpoints comment
09:19:37.445 [main] DEBUG net.thucydides.core.steps.StepInterceptor - STEP DONE: I set GET api endpoints comment
  &amp#27;[32mGiven &amp#27;[0m&amp#27;[32mI set GET api endpoints comment&amp#27;[0m               &amp#27;[90m# starter.stepdefinitions.CommentSteps.setGetApiEndpointComment()&amp#27;[0m
09:19:37.448 [main] DEBUG net.thucydides.core.steps.StepInterceptor - STARTING STEP: CommentSteps.sendGetHttpRequestComment - I send GET HTTP request comment
09:19:37.448 [main] DEBUG net.thucydides.core.steps.StepInterceptor - STARTING STEP: Comment.sendGetHttpRequestComment - I set GET api endpoints comment
09:19:37.448 [main] DEBUG net.thucydides.core.steps.StepInterceptor - STEP DONE: I set GET api endpoints comment
09:19:37.455 [main] DEBUG org.apache.http.impl.conn.BasicClientConnectionManager - Get connection for route {s}->https://altashop-api.fly.dev:443
09:19:37.455 [main] DEBUG org.apache.http.impl.conn.DefaultClientConnectionOperator - Connecting to altashop-api.fly.dev:443
09:19:37.494 [main] DEBUG org.apache.http.client.protocol.RequestAddCookies - CookieSpec selected: ignoreCookies
09:19:37.494 [main] DEBUG org.apache.http.client.protocol.RequestAuthCache - Auth cache not set in the context
09:19:37.494 [main] DEBUG org.apache.http.client.protocol.RequestTargetAuthentication - Target auth state: UNCHALLENGED
09:19:37.494 [main] DEBUG org.apache.http.client.protocol.RequestProxyAuthentication - Proxy auth state: UNCHALLENGED
09:19:37.494 [main] DEBUG org.apache.http.impl.client.DefaultHttpClient - Attempt 1 to execute request
09:19:37.494 [main] DEBUG org.apache.http.impl.conn.DefaultClientConnection - Sending request: GET /api/products/2/comments HTTP/1.1
09:19:37.494 [main] DEBUG org.apache.http.wire -  >> "GET /api/products/2/comments HTTP/1.1[\r][\n]"
09:19:37.494 [main] DEBUG org.apache.http.wire -  >> "Accept: */*[\r][\n]"
09:19:37.494 [main] DEBUG org.apache.http.wire -  >> "Host: altashop-api.fly.dev[\r][\n]"
09:19:37.494 [main] DEBUG org.apache.http.wire -  >> "Connection: Keep-Alive[\r][\n]"
09:19:37.494 [main] DEBUG org.apache.http.wire -  >> "User-Agent: Apache-HttpClient/4.5.13 (Java/11.0.15.1)[\r][\n]"
09:19:37.494 [main] DEBUG org.apache.http.wire -  >> "Accept-Encoding: gzip,deflate[\r][\n]"
09:19:37.494 [main] DEBUG org.apache.http.wire -  >> "[\r][\n]"
09:19:37.494 [main] DEBUG org.apache.http.headers - >> GET /api/products/2/comments HTTP/1.1
09:19:37.494 [main] DEBUG org.apache.http.headers - >> Accept: */*
09:19:37.494 [main] DEBUG org.apache.http.headers - >> Host: altashop-api.fly.dev
09:19:37.494 [main] DEBUG org.apache.http.headers - >> Connection: Keep-Alive
09:19:37.494 [main] DEBUG org.apache.http.headers - >> User-Agent: Apache-HttpClient/4.5.13 (Java/11.0.15.1)
09:19:37.494 [main] DEBUG org.apache.http.headers - >> Accept-Encoding: gzip,deflate
09:19:37.514 [main] DEBUG org.apache.http.wire -  << "HTTP/1.1 200 OK[\r][\n]"
09:19:37.514 [main] DEBUG org.apache.http.wire -  << "content-type: application/json[\r][\n]"
09:19:37.514 [main] DEBUG org.apache.http.wire -  << "date: Sat, 06 May 2023 02:19:37 GMT[\r][\n]"
09:19:37.514 [main] DEBUG org.apache.http.wire -  << "transfer-encoding: chunked[\r][\n]"
09:19:37.514 [main] DEBUG org.apache.http.wire -  << "content-encoding: gzip[\r][\n]"
09:19:37.514 [main] DEBUG org.apache.http.wire -  << "server: Fly/3f2597ca (2023-05-03)[\r][\n]"
09:19:37.514 [main] DEBUG org.apache.http.wire -  << "via: 1.1 fly.io[\r][\n]"
09:19:37.514 [main] DEBUG org.apache.http.wire -  << "fly-request-id: 01GZQDQ24JG9HKN96GHRKKBFP5-sin[\r][\n]"
09:19:37.514 [main] DEBUG org.apache.http.wire -  << "[\r][\n]"
09:19:37.514 [main] DEBUG org.apache.http.impl.conn.DefaultClientConnection - Receiving response: HTTP/1.1 200 OK
09:19:37.514 [main] DEBUG org.apache.http.headers - << HTTP/1.1 200 OK
09:19:37.514 [main] DEBUG org.apache.http.headers - << content-type: application/json
09:19:37.514 [main] DEBUG org.apache.http.headers - << date: Sat, 06 May 2023 02:19:37 GMT
09:19:37.514 [main] DEBUG org.apache.http.headers - << transfer-encoding: chunked
09:19:37.514 [main] DEBUG org.apache.http.headers - << content-encoding: gzip
09:19:37.514 [main] DEBUG org.apache.http.headers - << server: Fly/3f2597ca (2023-05-03)
09:19:37.515 [main] DEBUG org.apache.http.headers - << via: 1.1 fly.io
09:19:37.515 [main] DEBUG org.apache.http.headers - << fly-request-id: 01GZQDQ24JG9HKN96GHRKKBFP5-sin
09:19:37.515 [main] DEBUG org.apache.http.impl.client.DefaultHttpClient - Connection can be kept alive indefinitely
09:19:37.515 [main] DEBUG io.restassured.internal.RestAssuredHttpBuilder - Parsing response as: application/json
09:19:37.515 [main] DEBUG org.apache.http.wire -  << "153[\r][\n]"
09:19:37.515 [main] DEBUG org.apache.http.wire -  << "[0x1f][0x8b][0x8][0x0][0x0][0x0][0x0][0x0][0x4][0xff][0xaa]VJI,IT[0xb2][0x8a][0xae]V[0xf2]tQ[0xb2]24056[0xd6]Qr[0xce][0xcf]+I[0xcd]+Q[0xb2]Rr[0xcc][0xc9]L,V[0xc8]LQH[0xc9],.[0xc9][0xcc]K.[0xc9][0xcc]W(N-,[0xcd]T(K-[0xca],I,[0xc9],[0xd6]S[0xd2]Q[\n]"
09:19:37.515 [main] DEBUG org.apache.http.wire -  << "-N-R[0xb2][0xca]+[0xcd][0xc9][0xd1]Q[\n]"
09:19:37.515 [main] DEBUG org.apache.http.wire -  << "([0xca]O)M.[0x81]q[0x9d][0xf3]ss[0xc1]f[0x81]dku[0x10][0xf6][0x98] [0xdb][0xe3][0x9c][0x9f][0x7]26[0xb1][0xa4][0xb4]H!'[0xb1]4%1[0xaf]$[0xb3]4W!7?'[0xb5][0xb8]$31U!1E![0xb5][0x84]\[0xab]L[0x91][0xad]*[0xc9]HUHO[0xcc]M-VH,JUH/JM,Q[0xc8][0xcc]K[0xce])M[0xc9][0xcc]KWp/J[0xcc]S[0x8])-[0xca],[0xce][0xcd]W0WH*-Q(NL[0xc9][0xa9]Tp[0xf]1Q[0xc8],V[0xc8]-M[0xce]PHJ-)I-"[0xd3][0xdf][0xe6][0x83][0xc9]1[0x16][0x83][0xc8]1&[0x6][0x83][0xc9]1[0x86][0x83][0xc9]1F[0xc8][0x8e][0xc9]T/)Vp+[0xca]LI[0xac]$/[0x9][0x9a][0xa0]d[0xf1][0x1][0xce][0xf]&[0x83])s[0x9a][0xa1][0x14]J[0x14][0x7][0xb4][0xd9]`[0xf2][0x9b][0xf9]`[0xca]^[0xe6][0x83])[0x9][0x9a][0xf][0xa6]h[0xb2][0xb0]D[0xce][0xeb][0x3][0x9c]9-[0x7]Q)hf0[0x88][0x12][0xb0][0x99][0xc1] [0x8a]&3c[0x94][0xfa][0x81][0xf6]i[0x6][0x0][0x0][0x0][0xff][0xff]"
09:19:37.515 [main] DEBUG org.apache.http.wire -  << "[\r][\n]"
09:19:37.515 [main] DEBUG org.apache.http.wire -  << "20F[\r][\n]"
09:19:37.515 [main] DEBUG org.apache.http.wire -  << "[0x2][0xb7][0xf3]p4[0xec][0xcc][0xcc][0x6]S4[0x99][\r][0xa6][0x4]l<[0x88][0xca][0x19]3S[0x14][0xc7]PZ[0xd5][0x99][0x99][0x9a]![0x17][[0x94][0x1b][0x87][0xd2]Jv-QH-QH[0xad]HN-()-[0xca]T(,ML-J,Q[0xc8][0xcb][0xcc][0xc8][0xcc]Q[0xc8]O[0xc9],[0x81][0xb][0x81]z[0x11][0x99][0xe4][0xf5][0x13][0xcc]L[0x7]Qk[0xd8][0xcc]t0[0x15]0[0xa8][0xf5][0x80][0x9e][0x9e][0x9e]B[0xa2]Bnf^[0x8a]B^jjJ[0xb1]BR~~v[0xb1]Bb[0xb1]B[0xa2]Bqy~[0x11]L8Q[0xa1]<#[0xb5][0xa4][0xb8]$?/UG!3M![0xb3][0x4][0xd4][0x83]*[0xc9]W[0xc8]NM-P[0xc8],)VHMIO%3[0xb2],Q[0xca][0xbc][0xf0][0xcc][0xbc][0x92][0xd4]"[0x90][0xf1][0xc9][0xf9][0xb9][0x99]y[0xe9][0xe4][0x1a]J[0xdd]Tl[0x89][0x92][0x8a][0x1d][0xf3]R[0x14][0x8a][0xf3][0x15]2R[0x15][0x8a][0xb][0xf2][0xb3]Su[0x14][0x12][0xd1][0x5]J2[0x12]K[0x14]|@[0x1][0x98][0x9f][0xa6][0xe0][0x9c]X\[0x92][0x98][0x9b]Z[0x94][0xaa][0x3][0xee][0x85][0xe6][0xe5][0x97]+[0x80]J[0xf6][0xa2][0xc4][0xcc][0xbc]b[0x85]rP[0x8][0xe6][0xab][0xa7][0x16])dd[0x16]+d$[0xe6][0xe4][0xe8]([0x94]g[0x96]d([0xe4][0xe5]+[0xe4][0xe7][0xa5][0x82]T[0x16][0xa5]*[0x94][0x80]lK,[0xd2]S[0x88]L-[0xd6]Q l[0x2][0xc8]Ay[0xf9]%[0xa0]h[0xcc]/[0xcd][0x81]k'[0xab][0x97]af[0x89][0x92][0x80][0xa9][0x13]A[0xe6][0xa8]m[0x0]P[0x88]z*d$[0x96][0xa5]*$*[0x94][0xa4][0xe6][0xa5][0xa4][0x16][0x81][0xc2][0x16][0xd4][0x9f]W[0xc8][0xad]T[0xc8]HM,*QH[0xcb]/RH.[0xca],([0xc8][0x1]u[0xf9][0xf3]R[0x14][0x92]@[0x1][[0x94]R[0xc][0xe][0xff][0xa4][0xa2][0xfc][0xec][0xd4]<[0x85][0x92][0x8c][0xcc][0xbc]t2[0x87]2[0xcc][\r]P*[0x99][0x90][0x8c]T[0x5][0xbf][0xfc][0xa2][0x92][0xc][0x85][0xa2][0xd4][0xdc][0xd4][0xdc][0xa4][0xd4]"r[0xcd]5D)[0xa2]A[0x91]?p[0xe3][0x16][0xe6][0x86]([0xd1]9[0xc0][0x8e]1A[0xc9][0xfc][0x3][0xed][0x18][0x94]N[0xe3]@;[0x6][0xa5][0x4][0x1b]h[0xc7][0xc][0xa2][\n]"
09:19:37.515 [main] DEBUG org.apache.http.wire -  << "[0xd5][0xdc]t[0x10][0xb5]K[0xcd]M[0x7]S[0x2]6[0x1d]D[0x9d]qs[0xd3][0xc1][0x94][0x9b]P[0x1b][0xc9][0x3][0x9c][0x9b]P[0x9b][0xd8][0x3][0xed][0x18][0x94][0xa6][0xcd]@;f0[0xd5]M[0x83][0xa9][0xff]kn6[0x98][0xca][0x19][0xb3][0x81]/gbk[0xb9][0x0][0x0][0x0][0x0][0xff][0xff]"
09:19:37.515 [main] DEBUG org.apache.http.wire -  << "[\r][\n]"
09:19:37.515 [main] DEBUG org.apache.http.wire -  << "A[\r][\n]"
09:19:37.515 [main] DEBUG org.apache.http.wire -  << "[0x3][0x0]B[0x8e][0xc7][0xcc][0xf3][0x1a][0x0][0x0]"
09:19:37.515 [main] DEBUG org.apache.http.wire -  << "[\r][\n]"
09:19:37.515 [main] DEBUG org.apache.http.wire -  << "0[\r][\n]"
09:19:37.515 [main] DEBUG org.apache.http.wire -  << "[\r][\n]"
09:19:37.515 [main] DEBUG io.restassured.internal.RestAssuredHttpBuilder - Parsed data to instance of: class org.apache.http.conn.EofSensorInputStream
09:19:37.516 [main] DEBUG org.apache.http.impl.conn.BasicClientConnectionManager - Releasing connection org.apache.http.impl.conn.ManagedClientConnectionImpl@5be8a92c
09:19:37.516 [main] DEBUG org.apache.http.impl.conn.BasicClientConnectionManager - Connection can be kept alive indefinitely
09:19:37.517 [main] DEBUG net.thucydides.core.steps.StepInterceptor - STEP DONE: I send GET HTTP request comment
  &amp#27;[32mWhen &amp#27;[0m&amp#27;[32mI send GET HTTP request comment&amp#27;[0m                &amp#27;[90m# starter.stepdefinitions.CommentSteps.sendGetHttpRequestComment()&amp#27;[0m
09:19:37.519 [main] DEBUG net.thucydides.core.steps.StepInterceptor - STARTING STEP: CommentSteps.receiveValidHttp200Rating - I receive valid HTTP response code 200 comment
09:19:37.520 [main] DEBUG net.thucydides.core.steps.StepInterceptor - STEP DONE: I receive valid HTTP response code 200 comment
  &amp#27;[32mThen &amp#27;[0m&amp#27;[32mI receive valid HTTP response code 200 comment&amp#27;[0m &amp#27;[90m# starter.stepdefinitions.CommentSteps.receiveValidHttp200Rating()&amp#27;[0m
09:19:37.521 [main] INFO  - 
  _____   ___   ___   _____     ___     _     ___   ___   ___   ___  
 |_   _| | __| / __| |_   _|   | _ \   /_\   / __| / __| | __| |   \ 
   | |   | _|  \__ \   | |     |  _/  / _ \  \__ \ \__ \ | _|  | |) |
   |_|   |___| |___/   |_|     |_|   /_/ \_\ |___/ |___/ |___| |___/ 

GET - Get comment with correct endpoints
----------------------------------------------------------------------
]]></system-out>
  </testcase>
  <testcase name="Get comment with incorrect endpoints" classname="Comment" time="0.096">
    <system-out><![CDATA[
Scenario: Get comment with incorrect endpoints        &amp#27;[90m# src/test/resources/features/8. Comment.feature:17&amp#27;[0m
09:19:37.524 [main] DEBUG io.cucumber.core.plugin.SerenityReporter - Running feature from file:///E:/APIMinpro/API/minpro/src/test/resources/features/8.%20Comment.feature
09:19:37.526 [main] INFO  - 
  _____   ___   ___   _____     ___   _____     _     ___   _____   ___   ___  
 |_   _| | __| / __| |_   _|   / __| |_   _|   /_\   | _ \ |_   _| | __| |   \ 
   | |   | _|  \__ \   | |     \__ \   | |    / _ \  |   /   | |   | _|  | |) |
   |_|   |___| |___/   |_|     |___/   |_|   /_/ \_\ |_|_\   |_|   |___| |___/ 

Get comment with incorrect endpoints(comment;get-comment-with-incorrect-endpoints)
--------------------------------------------------------------------------------
09:19:37.534 [main] DEBUG net.thucydides.core.steps.StepInterceptor - STARTING STEP: CommentSteps.setGetApiEndpointComment2 - I set GET api endpoints comment2
09:19:37.534 [main] DEBUG net.thucydides.core.steps.StepInterceptor - STEP DONE: I set GET api endpoints comment2
  &amp#27;[32mGiven &amp#27;[0m&amp#27;[32mI set GET api endpoints comment2&amp#27;[0m              &amp#27;[90m# starter.stepdefinitions.CommentSteps.setGetApiEndpointComment2()&amp#27;[0m
09:19:37.537 [main] DEBUG net.thucydides.core.steps.StepInterceptor - STARTING STEP: CommentSteps.sendGetHttpRequestComment2 - I send GET HTTP request comment2
09:19:37.539 [main] DEBUG net.thucydides.core.steps.StepInterceptor - STARTING STEP: Comment.sendGetHttpRequestComment2 - I set GET api endpoints comment2
09:19:37.539 [main] DEBUG net.thucydides.core.steps.StepInterceptor - STEP DONE: I set GET api endpoints comment2
09:19:37.545 [main] DEBUG org.apache.http.impl.conn.BasicClientConnectionManager - Get connection for route {s}->https://altashop-api.fly.dev:443
09:19:37.545 [main] DEBUG org.apache.http.impl.conn.DefaultClientConnectionOperator - Connecting to altashop-api.fly.dev:443
09:19:37.591 [main] DEBUG org.apache.http.client.protocol.RequestAddCookies - CookieSpec selected: ignoreCookies
09:19:37.591 [main] DEBUG org.apache.http.client.protocol.RequestAuthCache - Auth cache not set in the context
09:19:37.591 [main] DEBUG org.apache.http.client.protocol.RequestTargetAuthentication - Target auth state: UNCHALLENGED
09:19:37.591 [main] DEBUG org.apache.http.client.protocol.RequestProxyAuthentication - Proxy auth state: UNCHALLENGED
09:19:37.591 [main] DEBUG org.apache.http.impl.client.DefaultHttpClient - Attempt 1 to execute request
09:19:37.591 [main] DEBUG org.apache.http.impl.conn.DefaultClientConnection - Sending request: GET /api/products/2/comment HTTP/1.1
09:19:37.591 [main] DEBUG org.apache.http.wire -  >> "GET /api/products/2/comment HTTP/1.1[\r][\n]"
09:19:37.591 [main] DEBUG org.apache.http.wire -  >> "Accept: */*[\r][\n]"
09:19:37.591 [main] DEBUG org.apache.http.wire -  >> "Host: altashop-api.fly.dev[\r][\n]"
09:19:37.591 [main] DEBUG org.apache.http.wire -  >> "Connection: Keep-Alive[\r][\n]"
09:19:37.591 [main] DEBUG org.apache.http.wire -  >> "User-Agent: Apache-HttpClient/4.5.13 (Java/11.0.15.1)[\r][\n]"
09:19:37.591 [main] DEBUG org.apache.http.wire -  >> "Accept-Encoding: gzip,deflate[\r][\n]"
09:19:37.591 [main] DEBUG org.apache.http.wire -  >> "[\r][\n]"
09:19:37.591 [main] DEBUG org.apache.http.headers - >> GET /api/products/2/comment HTTP/1.1
09:19:37.591 [main] DEBUG org.apache.http.headers - >> Accept: */*
09:19:37.591 [main] DEBUG org.apache.http.headers - >> Host: altashop-api.fly.dev
09:19:37.591 [main] DEBUG org.apache.http.headers - >> Connection: Keep-Alive
09:19:37.591 [main] DEBUG org.apache.http.headers - >> User-Agent: Apache-HttpClient/4.5.13 (Java/11.0.15.1)
09:19:37.591 [main] DEBUG org.apache.http.headers - >> Accept-Encoding: gzip,deflate
09:19:37.612 [main] DEBUG org.apache.http.wire -  << "HTTP/1.1 404 Not Found[\r][\n]"
09:19:37.612 [main] DEBUG org.apache.http.wire -  << "date: Sat, 06 May 2023 02:19:37 GMT[\r][\n]"
09:19:37.612 [main] DEBUG org.apache.http.wire -  << "content-encoding: gzip[\r][\n]"
09:19:37.612 [main] DEBUG org.apache.http.wire -  << "content-type: text/plain; charset=utf-8[\r][\n]"
09:19:37.612 [main] DEBUG org.apache.http.wire -  << "transfer-encoding: chunked[\r][\n]"
09:19:37.612 [main] DEBUG org.apache.http.wire -  << "server: Fly/3f2597ca (2023-05-03)[\r][\n]"
09:19:37.612 [main] DEBUG org.apache.http.wire -  << "via: 1.1 fly.io[\r][\n]"
09:19:37.612 [main] DEBUG org.apache.http.wire -  << "fly-request-id: 01GZQDQ27NF3QGQHEWYD0SYB8K-sin[\r][\n]"
09:19:37.612 [main] DEBUG org.apache.http.wire -  << "[\r][\n]"
09:19:37.612 [main] DEBUG org.apache.http.impl.conn.DefaultClientConnection - Receiving response: HTTP/1.1 404 Not Found
09:19:37.612 [main] DEBUG org.apache.http.headers - << HTTP/1.1 404 Not Found
09:19:37.612 [main] DEBUG org.apache.http.headers - << date: Sat, 06 May 2023 02:19:37 GMT
09:19:37.612 [main] DEBUG org.apache.http.headers - << content-encoding: gzip
09:19:37.612 [main] DEBUG org.apache.http.headers - << content-type: text/plain; charset=utf-8
09:19:37.612 [main] DEBUG org.apache.http.headers - << transfer-encoding: chunked
09:19:37.612 [main] DEBUG org.apache.http.headers - << server: Fly/3f2597ca (2023-05-03)
09:19:37.612 [main] DEBUG org.apache.http.headers - << via: 1.1 fly.io
09:19:37.612 [main] DEBUG org.apache.http.headers - << fly-request-id: 01GZQDQ27NF3QGQHEWYD0SYB8K-sin
09:19:37.612 [main] DEBUG org.apache.http.impl.client.DefaultHttpClient - Connection can be kept alive indefinitely
09:19:37.612 [main] DEBUG io.restassured.internal.RestAssuredHttpBuilder - Parsing response as: text/plain; charset=utf-8
09:19:37.612 [main] DEBUG org.apache.http.wire -  << "1E[\r][\n]"
09:19:37.612 [main] DEBUG org.apache.http.wire -  << "[0x1f][0x8b][0x8][0x0][0x0][0x0][0x0][0x0][0x4][0xff][0xcb][0xcb]/QH[0xcb]/[0xcd]K[0xe1][0x2][0x0][0xd4]I[0xfa]r[\n]"
09:19:37.612 [main] DEBUG org.apache.http.wire -  << "[0x0][0x0][0x0]"
09:19:37.612 [main] DEBUG org.apache.http.wire -  << "[\r][\n]"
09:19:37.612 [main] DEBUG org.apache.http.wire -  << "0[\r][\n]"
09:19:37.612 [main] DEBUG org.apache.http.wire -  << "[\r][\n]"
09:19:37.612 [main] DEBUG io.restassured.internal.RestAssuredHttpBuilder - Parsed data to instance of: class org.apache.http.conn.EofSensorInputStream
09:19:37.613 [main] DEBUG org.apache.http.impl.conn.BasicClientConnectionManager - Releasing connection org.apache.http.impl.conn.ManagedClientConnectionImpl@4d21b505
09:19:37.613 [main] DEBUG org.apache.http.impl.conn.BasicClientConnectionManager - Connection can be kept alive indefinitely
09:19:37.613 [main] DEBUG net.thucydides.core.steps.StepInterceptor - STEP DONE: I send GET HTTP request comment2
  &amp#27;[32mWhen &amp#27;[0m&amp#27;[32mI send GET HTTP request comment2&amp#27;[0m               &amp#27;[90m# starter.stepdefinitions.CommentSteps.sendGetHttpRequestComment2()&amp#27;[0m
09:19:37.616 [main] DEBUG net.thucydides.core.steps.StepInterceptor - STARTING STEP: CommentSteps.receiveValidHttp404Rating - Then I receive valid HTTP response code 404 comment
09:19:37.616 [main] DEBUG net.thucydides.core.steps.StepInterceptor - STEP DONE: Then I receive valid HTTP response code 404 comment
  &amp#27;[32mThen &amp#27;[0m&amp#27;[32mI receive valid HTTP response code 404 comment&amp#27;[0m &amp#27;[90m# starter.stepdefinitions.CommentSteps.receiveValidHttp404Rating()&amp#27;[0m
09:19:37.617 [main] INFO  - 
  _____   ___   ___   _____     ___     _     ___   ___   ___   ___  
 |_   _| | __| / __| |_   _|   | _ \   /_\   / __| / __| | __| |   \ 
   | |   | _|  \__ \   | |     |  _/  / _ \  \__ \ \__ \ | _|  | |) |
   |_|   |___| |___/   |_|     |_|   /_/ \_\ |___/ |___/ |___| |___/ 

Get comment with incorrect endpoints
----------------------------------------------------------------------
]]></system-out>
  </testcase>
</testsuite>