<?xml version="1.0" encoding="UTF-8"?>
<testsuite xmlns:xsi="http://www.w3.org/2001/XMLSchema-instance" xsi:noNamespaceSchemaLocation="https://maven.apache.org/surefire/maven-failsafe-plugin/xsd/failsafe-test-report-3.0.xsd" version="3.0" name="starter.CucumberTestSuite" time="16.522" tests="3" errors="0" skipped="0" failures="0">
  <properties>
    <property name="sun.desktop" value="windows"/>
    <property name="awt.toolkit" value="sun.awt.windows.WToolkit"/>
    <property name="java.specification.version" value="11"/>
    <property name="webdriver.chrome.driver" value="src/test/resources/webdriver/chromedriver.exe"/>
    <property name="sun.cpu.isalist" value="amd64"/>
    <property name="sun.jnu.encoding" value="Cp1252"/>
    <property name="java.class.path" value="C:\Prioritas1\alta\target\test-classes;C:\Users\user\.m2\repository\net\serenity-bdd\serenity-core\3.6.21\serenity-core-3.6.21.jar;C:\Users\user\.m2\repository\net\serenity-bdd\serenity-model\3.6.21\serenity-model-3.6.21.jar;C:\Users\user\.m2\repository\org\apache\commons\commons-text\1.10.0\commons-text-1.10.0.jar;C:\Users\user\.m2\repository\commons-net\commons-net\3.9.0\commons-net-3.9.0.jar;C:\Users\user\.m2\repository\com\google\guava\guava\31.1-jre\guava-31.1-jre.jar;C:\Users\user\.m2\repository\com\google\guava\failureaccess\1.0.1\failureaccess-1.0.1.jar;C:\Users\user\.m2\repository\com\google\guava\listenablefuture\9999.0-empty-to-avoid-conflict-with-guava\listenablefuture-9999.0-empty-to-avoid-conflict-with-guava.jar;C:\Users\user\.m2\repository\com\google\code\findbugs\jsr305\3.0.2\jsr305-3.0.2.jar;C:\Users\user\.m2\repository\org\checkerframework\checker-qual\3.12.0\checker-qual-3.12.0.jar;C:\Users\user\.m2\repository\com\google\errorprone\error_prone_annotations\2.11.0\error_prone_annotations-2.11.0.jar;C:\Users\user\.m2\repository\com\google\j2objc\j2objc-annotations\1.3\j2objc-annotations-1.3.jar;C:\Users\user\.m2\repository\com\google\inject\guice\5.1.0\guice-5.1.0.jar;C:\Users\user\.m2\repository\javax\inject\javax.inject\1\javax.inject-1.jar;C:\Users\user\.m2\repository\aopalliance\aopalliance\1.0\aopalliance-1.0.jar;C:\Users\user\.m2\repository\org\jsoup\jsoup\1.14.3\jsoup-1.14.3.jar;C:\Users\user\.m2\repository\com\thoughtworks\xstream\xstream\1.4.20\xstream-1.4.20.jar;C:\Users\user\.m2\repository\io\github\x-stream\mxparser\1.2.2\mxparser-1.2.2.jar;C:\Users\user\.m2\repository\xmlpull\xmlpull\1.1.3.1\xmlpull-1.1.3.1.jar;C:\Users\user\.m2\repository\com\typesafe\config\1.4.2\config-1.4.2.jar;C:\Users\user\.m2\repository\org\imgscalr\imgscalr-lib\4.2\imgscalr-lib-4.2.jar;C:\Users\user\.m2\repository\org\awaitility\awaitility\4.2.0\awaitility-4.2.0.jar;C:\Users\user\.m2\repository\org\freemarker\freemarker\2.3.31\freemarker-2.3.31.jar;C:\Users\user\.m2\repository\io\github\classgraph\classgraph\4.8.138\classgraph-4.8.138.jar;C:\Users\user\.m2\repository\net\sourceforge\jexcelapi\jxl\2.6.12\jxl-2.6.12.jar;C:\Users\user\.m2\repository\net\bytebuddy\byte-buddy-agent\1.14.2\byte-buddy-agent-1.14.2.jar;C:\Users\user\.m2\repository\org\objenesis\objenesis\3.3\objenesis-3.3.jar;C:\Users\user\.m2\repository\net\serenity-bdd\serenity-reports\3.6.21\serenity-reports-3.6.21.jar;C:\Users\user\.m2\repository\net\serenity-bdd\serenity-stats\3.6.21\serenity-stats-3.6.21.jar;C:\Users\user\.m2\repository\net\serenity-bdd\serenity-reports-configuration\3.6.21\serenity-reports-configuration-3.6.21.jar;C:\Users\user\.m2\repository\com\vladsch\flexmark\flexmark-all\0.62.2\flexmark-all-0.62.2.jar;C:\Users\user\.m2\repository\com\vladsch\flexmark\flexmark\0.62.2\flexmark-0.62.2.jar;C:\Users\user\.m2\repository\com\vladsch\flexmark\flexmark-ext-abbreviation\0.62.2\flexmark-ext-abbreviation-0.62.2.jar;C:\Users\user\.m2\repository\com\vladsch\flexmark\flexmark-util\0.62.2\flexmark-util-0.62.2.jar;C:\Users\user\.m2\repository\com\vladsch\flexmark\flexmark-ext-admonition\0.62.2\flexmark-ext-admonition-0.62.2.jar;C:\Users\user\.m2\repository\com\vladsch\flexmark\flexmark-ext-anchorlink\0.62.2\flexmark-ext-anchorlink-0.62.2.jar;C:\Users\user\.m2\repository\com\vladsch\flexmark\flexmark-ext-aside\0.62.2\flexmark-ext-aside-0.62.2.jar;C:\Users\user\.m2\repository\com\vladsch\flexmark\flexmark-ext-attributes\0.62.2\flexmark-ext-attributes-0.62.2.jar;C:\Users\user\.m2\repository\com\vladsch\flexmark\flexmark-ext-autolink\0.62.2\flexmark-ext-autolink-0.62.2.jar;C:\Users\user\.m2\repository\org\nibor\autolink\autolink\0.6.0\autolink-0.6.0.jar;C:\Users\user\.m2\repository\com\vladsch\flexmark\flexmark-ext-definition\0.62.2\flexmark-ext-definition-0.62.2.jar;C:\Users\user\.m2\repository\com\vladsch\flexmark\flexmark-ext-emoji\0.62.2\flexmark-ext-emoji-0.62.2.jar;C:\Users\user\.m2\repository\com\vladsch\flexmark\flexmark-ext-enumerated-reference\0.62.2\flexmark-ext-enumerated-reference-0.62.2.jar;C:\Users\user\.m2\repository\com\vladsch\flexmark\flexmark-ext-escaped-character\0.62.2\flexmark-ext-escaped-character-0.62.2.jar;C:\Users\user\.m2\repository\com\vladsch\flexmark\flexmark-ext-footnotes\0.62.2\flexmark-ext-footnotes-0.62.2.jar;C:\Users\user\.m2\repository\com\vladsch\flexmark\flexmark-ext-gfm-issues\0.62.2\flexmark-ext-gfm-issues-0.62.2.jar;C:\Users\user\.m2\repository\com\vladsch\flexmark\flexmark-ext-gfm-strikethrough\0.62.2\flexmark-ext-gfm-strikethrough-0.62.2.jar;C:\Users\user\.m2\repository\com\vladsch\flexmark\flexmark-ext-gfm-tasklist\0.62.2\flexmark-ext-gfm-tasklist-0.62.2.jar;C:\Users\user\.m2\repository\com\vladsch\flexmark\flexmark-ext-gfm-users\0.62.2\flexmark-ext-gfm-users-0.62.2.jar;C:\Users\user\.m2\repository\com\vladsch\flexmark\flexmark-ext-gitlab\0.62.2\flexmark-ext-gitlab-0.62.2.jar;C:\Users\user\.m2\repository\com\vladsch\flexmark\flexmark-ext-jekyll-front-matter\0.62.2\flexmark-ext-jekyll-front-matter-0.62.2.jar;C:\Users\user\.m2\repository\com\vladsch\flexmark\flexmark-ext-jekyll-tag\0.62.2\flexmark-ext-jekyll-tag-0.62.2.jar;C:\Users\user\.m2\repository\com\vladsch\flexmark\flexmark-ext-media-tags\0.62.2\flexmark-ext-media-tags-0.62.2.jar;C:\Users\user\.m2\repository\com\vladsch\flexmark\flexmark-ext-macros\0.62.2\flexmark-ext-macros-0.62.2.jar;C:\Users\user\.m2\repository\com\vladsch\flexmark\flexmark-ext-ins\0.62.2\flexmark-ext-ins-0.62.2.jar;C:\Users\user\.m2\repository\com\vladsch\flexmark\flexmark-ext-xwiki-macros\0.62.2\flexmark-ext-xwiki-macros-0.62.2.jar;C:\Users\user\.m2\repository\com\vladsch\flexmark\flexmark-ext-superscript\0.62.2\flexmark-ext-superscript-0.62.2.jar;C:\Users\user\.m2\repository\com\vladsch\flexmark\flexmark-ext-tables\0.62.2\flexmark-ext-tables-0.62.2.jar;C:\Users\user\.m2\repository\com\vladsch\flexmark\flexmark-ext-toc\0.62.2\flexmark-ext-toc-0.62.2.jar;C:\Users\user\.m2\repository\com\vladsch\flexmark\flexmark-ext-typographic\0.62.2\flexmark-ext-typographic-0.62.2.jar;C:\Users\user\.m2\repository\com\vladsch\flexmark\flexmark-ext-wikilink\0.62.2\flexmark-ext-wikilink-0.62.2.jar;C:\Users\user\.m2\repository\com\vladsch\flexmark\flexmark-ext-yaml-front-matter\0.62.2\flexmark-ext-yaml-front-matter-0.62.2.jar;C:\Users\user\.m2\repository\com\vladsch\flexmark\flexmark-ext-youtube-embedded\0.62.2\flexmark-ext-youtube-embedded-0.62.2.jar;C:\Users\user\.m2\repository\com\vladsch\flexmark\flexmark-html2md-converter\0.62.2\flexmark-html2md-converter-0.62.2.jar;C:\Users\user\.m2\repository\com\vladsch\flexmark\flexmark-jira-converter\0.62.2\flexmark-jira-converter-0.62.2.jar;C:\Users\user\.m2\repository\com\vladsch\flexmark\flexmark-pdf-converter\0.62.2\flexmark-pdf-converter-0.62.2.jar;C:\Users\user\.m2\repository\com\openhtmltopdf\openhtmltopdf-core\1.0.0\openhtmltopdf-core-1.0.0.jar;C:\Users\user\.m2\repository\com\openhtmltopdf\openhtmltopdf-pdfbox\1.0.0\openhtmltopdf-pdfbox-1.0.0.jar;C:\Users\user\.m2\repository\org\apache\pdfbox\pdfbox\2.0.16\pdfbox-2.0.16.jar;C:\Users\user\.m2\repository\org\apache\pdfbox\fontbox\2.0.16\fontbox-2.0.16.jar;C:\Users\user\.m2\repository\org\apache\pdfbox\xmpbox\2.0.16\xmpbox-2.0.16.jar;C:\Users\user\.m2\repository\de\rototor\pdfbox\graphics2d\0.24\graphics2d-0.24.jar;C:\Users\user\.m2\repository\com\openhtmltopdf\openhtmltopdf-rtl-support\1.0.0\openhtmltopdf-rtl-support-1.0.0.jar;C:\Users\user\.m2\repository\com\openhtmltopdf\openhtmltopdf-jsoup-dom-converter\1.0.0\openhtmltopdf-jsoup-dom-converter-1.0.0.jar;C:\Users\user\.m2\repository\com\vladsch\flexmark\flexmark-profile-pegdown\0.62.2\flexmark-profile-pegdown-0.62.2.jar;C:\Users\user\.m2\repository\com\vladsch\flexmark\flexmark-util-ast\0.62.2\flexmark-util-ast-0.62.2.jar;C:\Users\user\.m2\repository\com\vladsch\flexmark\flexmark-util-builder\0.62.2\flexmark-util-builder-0.62.2.jar;C:\Users\user\.m2\repository\com\vladsch\flexmark\flexmark-util-collection\0.62.2\flexmark-util-collection-0.62.2.jar;C:\Users\user\.m2\repository\com\vladsch\flexmark\flexmark-util-data\0.62.2\flexmark-util-data-0.62.2.jar;C:\Users\user\.m2\repository\com\vladsch\flexmark\flexmark-util-dependency\0.62.2\flexmark-util-dependency-0.62.2.jar;C:\Users\user\.m2\repository\com\vladsch\flexmark\flexmark-util-format\0.62.2\flexmark-util-format-0.62.2.jar;C:\Users\user\.m2\repository\com\vladsch\flexmark\flexmark-util-html\0.62.2\flexmark-util-html-0.62.2.jar;C:\Users\user\.m2\repository\com\vladsch\flexmark\flexmark-util-misc\0.62.2\flexmark-util-misc-0.62.2.jar;C:\Users\user\.m2\repository\com\vladsch\flexmark\flexmark-util-options\0.62.2\flexmark-util-options-0.62.2.jar;C:\Users\user\.m2\repository\com\vladsch\flexmark\flexmark-util-sequence\0.62.2\flexmark-util-sequence-0.62.2.jar;C:\Users\user\.m2\repository\com\vladsch\flexmark\flexmark-util-visitor\0.62.2\flexmark-util-visitor-0.62.2.jar;C:\Users\user\.m2\repository\com\vladsch\flexmark\flexmark-youtrack-converter\0.62.2\flexmark-youtrack-converter-0.62.2.jar;C:\Users\user\.m2\repository\com\ibm\icu\icu4j\72.1\icu4j-72.1.jar;C:\Users\user\.m2\repository\es\nitaur\markdown\txtmark\0.16\txtmark-0.16.jar;C:\Users\user\.m2\repository\net\serenity-bdd\serenity-report-resources\3.6.21\serenity-report-resources-3.6.21.jar;C:\Users\user\.m2\repository\com\google\code\gson\gson\2.10.1\gson-2.10.1.jar;C:\Users\user\.m2\repository\com\fasterxml\jackson\core\jackson-core\2.15.0-rc1\jackson-core-2.15.0-rc1.jar;C:\Users\user\.m2\repository\com\fasterxml\jackson\core\jackson-databind\2.15.0-rc1\jackson-databind-2.15.0-rc1.jar;C:\Users\user\.m2\repository\com\fasterxml\jackson\core\jackson-annotations\2.15.0-rc1\jackson-annotations-2.15.0-rc1.jar;C:\Users\user\.m2\repository\commons-codec\commons-codec\1.15\commons-codec-1.15.jar;C:\Users\user\.m2\repository\commons-io\commons-io\2.11.0\commons-io-2.11.0.jar;C:\Users\user\.m2\repository\org\apache\httpcomponents\httpclient\4.5.13\httpclient-4.5.13.jar;C:\Users\user\.m2\repository\org\apache\httpcomponents\httpcore\4.4.13\httpcore-4.4.13.jar;C:\Users\user\.m2\repository\commons-logging\commons-logging\1.2\commons-logging-1.2.jar;C:\Users\user\.m2\repository\org\seleniumhq\selenium\selenium-java\4.8.1\selenium-java-4.8.1.jar;C:\Users\user\.m2\repository\org\seleniumhq\selenium\selenium-devtools-v108\4.8.1\selenium-devtools-v108-4.8.1.jar;C:\Users\user\.m2\repository\org\seleniumhq\selenium\selenium-devtools-v109\4.8.1\selenium-devtools-v109-4.8.1.jar;C:\Users\user\.m2\repository\org\seleniumhq\selenium\selenium-devtools-v110\4.8.1\selenium-devtools-v110-4.8.1.jar;C:\Users\user\.m2\repository\org\seleniumhq\selenium\selenium-devtools-v85\4.8.1\selenium-devtools-v85-4.8.1.jar;C:\Users\user\.m2\repository\org\seleniumhq\selenium\selenium-remote-driver\4.8.1\selenium-remote-driver-4.8.1.jar;C:\Users\user\.m2\repository\com\beust\jcommander\1.82\jcommander-1.82.jar;C:\Users\user\.m2\repository\io\netty\netty-buffer\4.1.87.Final\netty-buffer-4.1.87.Final.jar;C:\Users\user\.m2\repository\io\netty\netty-codec-http\4.1.87.Final\netty-codec-http-4.1.87.Final.jar;C:\Users\user\.m2\repository\io\netty\netty-codec\4.1.87.Final\netty-codec-4.1.87.Final.jar;C:\Users\user\.m2\repository\io\netty\netty-handler\4.1.87.Final\netty-handler-4.1.87.Final.jar;C:\Users\user\.m2\repository\io\netty\netty-common\4.1.87.Final\netty-common-4.1.87.Final.jar;C:\Users\user\.m2\repository\io\netty\netty-transport-classes-epoll\4.1.87.Final\netty-transport-classes-epoll-4.1.87.Final.jar;C:\Users\user\.m2\repository\io\netty\netty-transport-classes-kqueue\4.1.87.Final\netty-transport-classes-kqueue-4.1.87.Final.jar;C:\Users\user\.m2\repository\io\netty\netty-transport-native-epoll\4.1.87.Final\netty-transport-native-epoll-4.1.87.Final.jar;C:\Users\user\.m2\repository\io\netty\netty-transport-native-kqueue\4.1.87.Final\netty-transport-native-kqueue-4.1.87.Final.jar;C:\Users\user\.m2\repository\io\netty\netty-transport-native-unix-common\4.1.87.Final\netty-transport-native-unix-common-4.1.87.Final.jar;C:\Users\user\.m2\repository\io\netty\netty-transport\4.1.87.Final\netty-transport-4.1.87.Final.jar;C:\Users\user\.m2\repository\io\netty\netty-resolver\4.1.87.Final\netty-resolver-4.1.87.Final.jar;C:\Users\user\.m2\repository\io\opentelemetry\opentelemetry-api\1.22.0\opentelemetry-api-1.22.0.jar;C:\Users\user\.m2\repository\io\opentelemetry\opentelemetry-context\1.22.0\opentelemetry-context-1.22.0.jar;C:\Users\user\.m2\repository\io\opentelemetry\opentelemetry-exporter-logging\1.22.0\opentelemetry-exporter-logging-1.22.0.jar;C:\Users\user\.m2\repository\io\opentelemetry\opentelemetry-sdk-metrics\1.22.0\opentelemetry-sdk-metrics-1.22.0.jar;C:\Users\user\.m2\repository\io\opentelemetry\opentelemetry-sdk-logs\1.22.0-alpha\opentelemetry-sdk-logs-1.22.0-alpha.jar;C:\Users\user\.m2\repository\io\opentelemetry\opentelemetry-api-logs\1.22.0-alpha\opentelemetry-api-logs-1.22.0-alpha.jar;C:\Users\user\.m2\repository\io\opentelemetry\opentelemetry-sdk-common\1.22.0\opentelemetry-sdk-common-1.22.0.jar;C:\Users\user\.m2\repository\io\opentelemetry\opentelemetry-sdk-extension-autoconfigure-spi\1.22.0\opentelemetry-sdk-extension-autoconfigure-spi-1.22.0.jar;C:\Users\user\.m2\repository\io\opentelemetry\opentelemetry-sdk-extension-autoconfigure\1.22.0-alpha\opentelemetry-sdk-extension-autoconfigure-1.22.0-alpha.jar;C:\Users\user\.m2\repository\io\opentelemetry\opentelemetry-sdk-trace\1.22.0\opentelemetry-sdk-trace-1.22.0.jar;C:\Users\user\.m2\repository\io\opentelemetry\opentelemetry-sdk\1.22.0\opentelemetry-sdk-1.22.0.jar;C:\Users\user\.m2\repository\io\opentelemetry\opentelemetry-semconv\1.22.0-alpha\opentelemetry-semconv-1.22.0-alpha.jar;C:\Users\user\.m2\repository\io\ous\jtoml\2.0.0\jtoml-2.0.0.jar;C:\Users\user\.m2\repository\org\apache\commons\commons-exec\1.3\commons-exec-1.3.jar;C:\Users\user\.m2\repository\org\asynchttpclient\async-http-client\2.12.3\async-http-client-2.12.3.jar;C:\Users\user\.m2\repository\org\asynchttpclient\async-http-client-netty-utils\2.12.3\async-http-client-netty-utils-2.12.3.jar;C:\Users\user\.m2\repository\io\netty\netty-codec-socks\4.1.60.Final\netty-codec-socks-4.1.60.Final.jar;C:\Users\user\.m2\repository\io\netty\netty-handler-proxy\4.1.60.Final\netty-handler-proxy-4.1.60.Final.jar;C:\Users\user\.m2\repository\io\netty\netty-transport-native-epoll\4.1.60.Final\netty-transport-native-epoll-4.1.60.Final-linux-x86_64.jar;C:\Users\user\.m2\repository\io\netty\netty-transport-native-kqueue\4.1.60.Final\netty-transport-native-kqueue-4.1.60.Final-osx-x86_64.jar;C:\Users\user\.m2\repository\org\reactivestreams\reactive-streams\1.0.3\reactive-streams-1.0.3.jar;C:\Users\user\.m2\repository\com\typesafe\netty\netty-reactive-streams\2.0.4\netty-reactive-streams-2.0.4.jar;C:\Users\user\.m2\repository\org\seleniumhq\selenium\selenium-manager\4.8.1\selenium-manager-4.8.1.jar;C:\Users\user\.m2\repository\org\seleniumhq\selenium\selenium-safari-driver\4.8.1\selenium-safari-driver-4.8.1.jar;C:\Users\user\.m2\repository\org\seleniumhq\selenium\selenium-api\4.8.1\selenium-api-4.8.1.jar;C:\Users\user\.m2\repository\org\seleniumhq\selenium\selenium-support\4.8.1\selenium-support-4.8.1.jar;C:\Users\user\.m2\repository\com\google\auto\service\auto-service-annotations\1.0.1\auto-service-annotations-1.0.1.jar;C:\Users\user\.m2\repository\com\google\auto\service\auto-service\1.0.1\auto-service-1.0.1.jar;C:\Users\user\.m2\repository\com\google\auto\auto-common\1.2\auto-common-1.2.jar;C:\Users\user\.m2\repository\org\seleniumhq\selenium\selenium-json\4.8.1\selenium-json-4.8.1.jar;C:\Users\user\.m2\repository\org\seleniumhq\selenium\selenium-chrome-driver\4.8.1\selenium-chrome-driver-4.8.1.jar;C:\Users\user\.m2\repository\org\seleniumhq\selenium\selenium-chromium-driver\4.8.1\selenium-chromium-driver-4.8.1.jar;C:\Users\user\.m2\repository\org\seleniumhq\selenium\selenium-firefox-driver\4.8.1\selenium-firefox-driver-4.8.1.jar;C:\Users\user\.m2\repository\org\seleniumhq\selenium\selenium-http\4.8.1\selenium-http-4.8.1.jar;C:\Users\user\.m2\repository\dev\failsafe\failsafe\3.3.0\failsafe-3.3.0.jar;C:\Users\user\.m2\repository\org\seleniumhq\selenium\selenium-edge-driver\4.8.1\selenium-edge-driver-4.8.1.jar;C:\Users\user\.m2\repository\org\seleniumhq\selenium\selenium-ie-driver\4.8.1\selenium-ie-driver-4.8.1.jar;C:\Users\user\.m2\repository\org\projectlombok\lombok\1.18.20\lombok-1.18.20.jar;C:\Users\user\.m2\repository\io\appium\java-client\8.3.0\java-client-8.3.0.jar;C:\Users\user\.m2\repository\commons-validator\commons-validator\1.7\commons-validator-1.7.jar;C:\Users\user\.m2\repository\commons-digester\commons-digester\2.1\commons-digester-2.1.jar;C:\Users\user\.m2\repository\org\apache\groovy\groovy\4.0.10\groovy-4.0.10.jar;C:\Users\user\.m2\repository\net\sf\opencsv\opencsv\2.0\opencsv-2.0.jar;C:\Users\user\.m2\repository\commons-beanutils\commons-beanutils\1.9.4\commons-beanutils-1.9.4.jar;C:\Users\user\.m2\repository\org\apache\commons\commons-lang3\3.12.0\commons-lang3-3.12.0.jar;C:\Users\user\.m2\repository\commons-collections\commons-collections\3.2.2\commons-collections-3.2.2.jar;C:\Users\user\.m2\repository\org\fluentlenium\fluentlenium-core\0.10.2\fluentlenium-core-0.10.2.jar;C:\Users\user\.m2\repository\io\github\bonigarcia\webdrivermanager\5.3.0\webdrivermanager-5.3.0.jar;C:\Users\user\.m2\repository\com\github\docker-java\docker-java\3.2.13\docker-java-3.2.13.jar;C:\Users\user\.m2\repository\com\github\docker-java\docker-java-core\3.2.13\docker-java-core-3.2.13.jar;C:\Users\user\.m2\repository\com\github\docker-java\docker-java-api\3.2.13\docker-java-api-3.2.13.jar;C:\Users\user\.m2\repository\org\apache\commons\commons-compress\1.21\commons-compress-1.21.jar;C:\Users\user\.m2\repository\org\bouncycastle\bcpkix-jdk15on\1.64\bcpkix-jdk15on-1.64.jar;C:\Users\user\.m2\repository\org\bouncycastle\bcprov-jdk15on\1.64\bcprov-jdk15on-1.64.jar;C:\Users\user\.m2\repository\org\slf4j\jcl-over-slf4j\1.7.30\jcl-over-slf4j-1.7.30.jar;C:\Users\user\.m2\repository\com\github\docker-java\docker-java-transport-httpclient5\3.2.13\docker-java-transport-httpclient5-3.2.13.jar;C:\Users\user\.m2\repository\com\github\docker-java\docker-java-transport\3.2.13\docker-java-transport-3.2.13.jar;C:\Users\user\.m2\repository\net\java\dev\jna\jna\5.8.0\jna-5.8.0.jar;C:\Users\user\.m2\repository\org\brotli\dec\0.1.2\dec-0.1.2.jar;C:\Users\user\.m2\repository\org\apache\httpcomponents\client5\httpclient5\5.1.3\httpclient5-5.1.3.jar;C:\Users\user\.m2\repository\org\apache\httpcomponents\core5\httpcore5\5.1.3\httpcore5-5.1.3.jar;C:\Users\user\.m2\repository\org\apache\httpcomponents\core5\httpcore5-h2\5.1.3\httpcore5-h2-5.1.3.jar;C:\Users\user\.m2\repository\com\jhlabs\filters\2.0.235\filters-2.0.235.jar;C:\Users\user\.m2\repository\com\paulhammant\ngwebdriver\1.1.6\ngwebdriver-1.1.6.jar;C:\Users\user\.m2\repository\joda-time\joda-time\2.12.2\joda-time-2.12.2.jar;C:\Users\user\.m2\repository\org\hamcrest\hamcrest\2.2\hamcrest-2.2.jar;C:\Users\user\.m2\repository\com\google\jimfs\jimfs\1.2\jimfs-1.2.jar;C:\Users\user\.m2\repository\org\mockito\mockito-core\3.3.3\mockito-core-3.3.3.jar;C:\Users\user\.m2\repository\javax\xml\bind\jaxb-api\2.3.1\jaxb-api-2.3.1.jar;C:\Users\user\.m2\repository\javax\activation\javax.activation-api\1.2.0\javax.activation-api-1.2.0.jar;C:\Users\user\.m2\repository\com\sun\xml\bind\jaxb-core\2.3.0.1\jaxb-core-2.3.0.1.jar;C:\Users\user\.m2\repository\com\sun\xml\bind\jaxb-impl\2.3.3\jaxb-impl-2.3.3.jar;C:\Users\user\.m2\repository\jakarta\xml\bind\jakarta.xml.bind-api\2.3.3\jakarta.xml.bind-api-2.3.3.jar;C:\Users\user\.m2\repository\com\sun\activation\jakarta.activation\1.2.2\jakarta.activation-1.2.2.jar;C:\Users\user\.m2\repository\javax\activation\activation\1.1.1\activation-1.1.1.jar;C:\Users\user\.m2\repository\net\serenity-bdd\serenity-cucumber\3.6.21\serenity-cucumber-3.6.21.jar;C:\Users\user\.m2\repository\io\cucumber\cucumber-core\7.11.0\cucumber-core-7.11.0.jar;C:\Users\user\.m2\repository\io\cucumber\cucumber-gherkin\7.11.0\cucumber-gherkin-7.11.0.jar;C:\Users\user\.m2\repository\io\cucumber\cucumber-gherkin-messages\7.11.0\cucumber-gherkin-messages-7.11.0.jar;C:\Users\user\.m2\repository\io\cucumber\gherkin\26.0.3\gherkin-26.0.3.jar;C:\Users\user\.m2\repository\io\cucumber\messages\21.0.1\messages-21.0.1.jar;C:\Users\user\.m2\repository\io\cucumber\tag-expressions\5.0.1\tag-expressions-5.0.1.jar;C:\Users\user\.m2\repository\io\cucumber\cucumber-expressions\16.1.1\cucumber-expressions-16.1.1.jar;C:\Users\user\.m2\repository\io\cucumber\datatable\7.11.0\datatable-7.11.0.jar;C:\Users\user\.m2\repository\io\cucumber\cucumber-plugin\7.11.0\cucumber-plugin-7.11.0.jar;C:\Users\user\.m2\repository\io\cucumber\docstring\7.11.0\docstring-7.11.0.jar;C:\Users\user\.m2\repository\io\cucumber\html-formatter\20.2.1\html-formatter-20.2.1.jar;C:\Users\user\.m2\repository\io\cucumber\junit-xml-formatter\0.1.0\junit-xml-formatter-0.1.0.jar;C:\Users\user\.m2\repository\io\cucumber\ci-environment\9.1.0\ci-environment-9.1.0.jar;C:\Users\user\.m2\repository\io\cucumber\cucumber-java\7.11.0\cucumber-java-7.11.0.jar;C:\Users\user\.m2\repository\io\cucumber\cucumber-junit\7.11.0\cucumber-junit-7.11.0.jar;C:\Users\user\.m2\repository\org\apache\commons\commons-csv\1.5\commons-csv-1.5.jar;C:\Users\user\.m2\repository\net\serenity-bdd\serenity-screenplay\3.6.21\serenity-screenplay-3.6.21.jar;C:\Users\user\.m2\repository\net\serenity-bdd\serenity-screenplay-webdriver\3.6.21\serenity-screenplay-webdriver-3.6.21.jar;C:\Users\user\.m2\repository\net\serenity-bdd\serenity-ensure\3.6.21\serenity-ensure-3.6.21.jar;C:\Users\user\.m2\repository\net\serenity-bdd\serenity-junit\3.6.21\serenity-junit-3.6.21.jar;C:\Users\user\.m2\repository\org\jetbrains\kotlin\kotlin-stdlib\1.8.10\kotlin-stdlib-1.8.10.jar;C:\Users\user\.m2\repository\org\jetbrains\kotlin\kotlin-stdlib-common\1.8.10\kotlin-stdlib-common-1.8.10.jar;C:\Users\user\.m2\repository\org\jetbrains\annotations\13.0\annotations-13.0.jar;C:\Users\user\.m2\repository\org\junit\platform\junit-platform-launcher\1.8.2\junit-platform-launcher-1.8.2.jar;C:\Users\user\.m2\repository\org\junit\platform\junit-platform-engine\1.8.2\junit-platform-engine-1.8.2.jar;C:\Users\user\.m2\repository\org\opentest4j\opentest4j\1.2.0\opentest4j-1.2.0.jar;C:\Users\user\.m2\repository\org\junit\platform\junit-platform-commons\1.8.2\junit-platform-commons-1.8.2.jar;C:\Users\user\.m2\repository\org\apiguardian\apiguardian-api\1.1.2\apiguardian-api-1.1.2.jar;C:\Users\user\.m2\repository\org\junit\jupiter\junit-jupiter-engine\5.8.2\junit-jupiter-engine-5.8.2.jar;C:\Users\user\.m2\repository\org\junit\jupiter\junit-jupiter-api\5.8.2\junit-jupiter-api-5.8.2.jar;C:\Users\user\.m2\repository\org\junit\vintage\junit-vintage-engine\5.8.2\junit-vintage-engine-5.8.2.jar;C:\Users\user\.m2\repository\junit\junit\4.13.2\junit-4.13.2.jar;C:\Users\user\.m2\repository\org\hamcrest\hamcrest-core\1.3\hamcrest-core-1.3.jar;C:\Users\user\.m2\repository\ch\qos\logback\logback-classic\1.2.10\logback-classic-1.2.10.jar;C:\Users\user\.m2\repository\ch\qos\logback\logback-core\1.2.10\logback-core-1.2.10.jar;C:\Users\user\.m2\repository\org\slf4j\slf4j-api\1.7.32\slf4j-api-1.7.32.jar;C:\Users\user\.m2\repository\org\assertj\assertj-core\3.23.1\assertj-core-3.23.1.jar;C:\Users\user\.m2\repository\net\bytebuddy\byte-buddy\1.12.10\byte-buddy-1.12.10.jar;"/>
    <property name="java.vm.vendor" value="Oracle Corporation"/>
    <property name="sun.arch.data.model" value="64"/>
    <property name="user.variant" value=""/>
    <property name="java.vendor.url" value="https://openjdk.java.net/"/>
    <property name="user.timezone" value="Asia/Bangkok"/>
    <property name="java.vm.specification.version" value="11"/>
    <property name="os.name" value="Windows 10"/>
    <property name="sun.java.launcher" value="SUN_STANDARD"/>
    <property name="user.country" value="ID"/>
    <property name="sun.boot.library.path" value="C:\Program Files\Java\jdk-11.0.15.1\bin"/>
    <property name="sun.java.command" value="org.apache.maven.surefire.booter.ForkedBooter C:\Users\user\AppData\Local\Temp\surefire5950747857339449695 2023-04-06T21-34-35_154-jvmRun1 surefire11408288576429965033tmp surefire_06566844644730150613tmp"/>
    <property name="jdk.debug" value="release"/>
    <property name="surefire.test.class.path" value="C:\Prioritas1\alta\target\test-classes;C:\Users\user\.m2\repository\net\serenity-bdd\serenity-core\3.6.21\serenity-core-3.6.21.jar;C:\Users\user\.m2\repository\net\serenity-bdd\serenity-model\3.6.21\serenity-model-3.6.21.jar;C:\Users\user\.m2\repository\org\apache\commons\commons-text\1.10.0\commons-text-1.10.0.jar;C:\Users\user\.m2\repository\commons-net\commons-net\3.9.0\commons-net-3.9.0.jar;C:\Users\user\.m2\repository\com\google\guava\guava\31.1-jre\guava-31.1-jre.jar;C:\Users\user\.m2\repository\com\google\guava\failureaccess\1.0.1\failureaccess-1.0.1.jar;C:\Users\user\.m2\repository\com\google\guava\listenablefuture\9999.0-empty-to-avoid-conflict-with-guava\listenablefuture-9999.0-empty-to-avoid-conflict-with-guava.jar;C:\Users\user\.m2\repository\com\google\code\findbugs\jsr305\3.0.2\jsr305-3.0.2.jar;C:\Users\user\.m2\repository\org\checkerframework\checker-qual\3.12.0\checker-qual-3.12.0.jar;C:\Users\user\.m2\repository\com\google\errorprone\error_prone_annotations\2.11.0\error_prone_annotations-2.11.0.jar;C:\Users\user\.m2\repository\com\google\j2objc\j2objc-annotations\1.3\j2objc-annotations-1.3.jar;C:\Users\user\.m2\repository\com\google\inject\guice\5.1.0\guice-5.1.0.jar;C:\Users\user\.m2\repository\javax\inject\javax.inject\1\javax.inject-1.jar;C:\Users\user\.m2\repository\aopalliance\aopalliance\1.0\aopalliance-1.0.jar;C:\Users\user\.m2\repository\org\jsoup\jsoup\1.14.3\jsoup-1.14.3.jar;C:\Users\user\.m2\repository\com\thoughtworks\xstream\xstream\1.4.20\xstream-1.4.20.jar;C:\Users\user\.m2\repository\io\github\x-stream\mxparser\1.2.2\mxparser-1.2.2.jar;C:\Users\user\.m2\repository\xmlpull\xmlpull\1.1.3.1\xmlpull-1.1.3.1.jar;C:\Users\user\.m2\repository\com\typesafe\config\1.4.2\config-1.4.2.jar;C:\Users\user\.m2\repository\org\imgscalr\imgscalr-lib\4.2\imgscalr-lib-4.2.jar;C:\Users\user\.m2\repository\org\awaitility\awaitility\4.2.0\awaitility-4.2.0.jar;C:\Users\user\.m2\repository\org\freemarker\freemarker\2.3.31\freemarker-2.3.31.jar;C:\Users\user\.m2\repository\io\github\classgraph\classgraph\4.8.138\classgraph-4.8.138.jar;C:\Users\user\.m2\repository\net\sourceforge\jexcelapi\jxl\2.6.12\jxl-2.6.12.jar;C:\Users\user\.m2\repository\net\bytebuddy\byte-buddy-agent\1.14.2\byte-buddy-agent-1.14.2.jar;C:\Users\user\.m2\repository\org\objenesis\objenesis\3.3\objenesis-3.3.jar;C:\Users\user\.m2\repository\net\serenity-bdd\serenity-reports\3.6.21\serenity-reports-3.6.21.jar;C:\Users\user\.m2\repository\net\serenity-bdd\serenity-stats\3.6.21\serenity-stats-3.6.21.jar;C:\Users\user\.m2\repository\net\serenity-bdd\serenity-reports-configuration\3.6.21\serenity-reports-configuration-3.6.21.jar;C:\Users\user\.m2\repository\com\vladsch\flexmark\flexmark-all\0.62.2\flexmark-all-0.62.2.jar;C:\Users\user\.m2\repository\com\vladsch\flexmark\flexmark\0.62.2\flexmark-0.62.2.jar;C:\Users\user\.m2\repository\com\vladsch\flexmark\flexmark-ext-abbreviation\0.62.2\flexmark-ext-abbreviation-0.62.2.jar;C:\Users\user\.m2\repository\com\vladsch\flexmark\flexmark-util\0.62.2\flexmark-util-0.62.2.jar;C:\Users\user\.m2\repository\com\vladsch\flexmark\flexmark-ext-admonition\0.62.2\flexmark-ext-admonition-0.62.2.jar;C:\Users\user\.m2\repository\com\vladsch\flexmark\flexmark-ext-anchorlink\0.62.2\flexmark-ext-anchorlink-0.62.2.jar;C:\Users\user\.m2\repository\com\vladsch\flexmark\flexmark-ext-aside\0.62.2\flexmark-ext-aside-0.62.2.jar;C:\Users\user\.m2\repository\com\vladsch\flexmark\flexmark-ext-attributes\0.62.2\flexmark-ext-attributes-0.62.2.jar;C:\Users\user\.m2\repository\com\vladsch\flexmark\flexmark-ext-autolink\0.62.2\flexmark-ext-autolink-0.62.2.jar;C:\Users\user\.m2\repository\org\nibor\autolink\autolink\0.6.0\autolink-0.6.0.jar;C:\Users\user\.m2\repository\com\vladsch\flexmark\flexmark-ext-definition\0.62.2\flexmark-ext-definition-0.62.2.jar;C:\Users\user\.m2\repository\com\vladsch\flexmark\flexmark-ext-emoji\0.62.2\flexmark-ext-emoji-0.62.2.jar;C:\Users\user\.m2\repository\com\vladsch\flexmark\flexmark-ext-enumerated-reference\0.62.2\flexmark-ext-enumerated-reference-0.62.2.jar;C:\Users\user\.m2\repository\com\vladsch\flexmark\flexmark-ext-escaped-character\0.62.2\flexmark-ext-escaped-character-0.62.2.jar;C:\Users\user\.m2\repository\com\vladsch\flexmark\flexmark-ext-footnotes\0.62.2\flexmark-ext-footnotes-0.62.2.jar;C:\Users\user\.m2\repository\com\vladsch\flexmark\flexmark-ext-gfm-issues\0.62.2\flexmark-ext-gfm-issues-0.62.2.jar;C:\Users\user\.m2\repository\com\vladsch\flexmark\flexmark-ext-gfm-strikethrough\0.62.2\flexmark-ext-gfm-strikethrough-0.62.2.jar;C:\Users\user\.m2\repository\com\vladsch\flexmark\flexmark-ext-gfm-tasklist\0.62.2\flexmark-ext-gfm-tasklist-0.62.2.jar;C:\Users\user\.m2\repository\com\vladsch\flexmark\flexmark-ext-gfm-users\0.62.2\flexmark-ext-gfm-users-0.62.2.jar;C:\Users\user\.m2\repository\com\vladsch\flexmark\flexmark-ext-gitlab\0.62.2\flexmark-ext-gitlab-0.62.2.jar;C:\Users\user\.m2\repository\com\vladsch\flexmark\flexmark-ext-jekyll-front-matter\0.62.2\flexmark-ext-jekyll-front-matter-0.62.2.jar;C:\Users\user\.m2\repository\com\vladsch\flexmark\flexmark-ext-jekyll-tag\0.62.2\flexmark-ext-jekyll-tag-0.62.2.jar;C:\Users\user\.m2\repository\com\vladsch\flexmark\flexmark-ext-media-tags\0.62.2\flexmark-ext-media-tags-0.62.2.jar;C:\Users\user\.m2\repository\com\vladsch\flexmark\flexmark-ext-macros\0.62.2\flexmark-ext-macros-0.62.2.jar;C:\Users\user\.m2\repository\com\vladsch\flexmark\flexmark-ext-ins\0.62.2\flexmark-ext-ins-0.62.2.jar;C:\Users\user\.m2\repository\com\vladsch\flexmark\flexmark-ext-xwiki-macros\0.62.2\flexmark-ext-xwiki-macros-0.62.2.jar;C:\Users\user\.m2\repository\com\vladsch\flexmark\flexmark-ext-superscript\0.62.2\flexmark-ext-superscript-0.62.2.jar;C:\Users\user\.m2\repository\com\vladsch\flexmark\flexmark-ext-tables\0.62.2\flexmark-ext-tables-0.62.2.jar;C:\Users\user\.m2\repository\com\vladsch\flexmark\flexmark-ext-toc\0.62.2\flexmark-ext-toc-0.62.2.jar;C:\Users\user\.m2\repository\com\vladsch\flexmark\flexmark-ext-typographic\0.62.2\flexmark-ext-typographic-0.62.2.jar;C:\Users\user\.m2\repository\com\vladsch\flexmark\flexmark-ext-wikilink\0.62.2\flexmark-ext-wikilink-0.62.2.jar;C:\Users\user\.m2\repository\com\vladsch\flexmark\flexmark-ext-yaml-front-matter\0.62.2\flexmark-ext-yaml-front-matter-0.62.2.jar;C:\Users\user\.m2\repository\com\vladsch\flexmark\flexmark-ext-youtube-embedded\0.62.2\flexmark-ext-youtube-embedded-0.62.2.jar;C:\Users\user\.m2\repository\com\vladsch\flexmark\flexmark-html2md-converter\0.62.2\flexmark-html2md-converter-0.62.2.jar;C:\Users\user\.m2\repository\com\vladsch\flexmark\flexmark-jira-converter\0.62.2\flexmark-jira-converter-0.62.2.jar;C:\Users\user\.m2\repository\com\vladsch\flexmark\flexmark-pdf-converter\0.62.2\flexmark-pdf-converter-0.62.2.jar;C:\Users\user\.m2\repository\com\openhtmltopdf\openhtmltopdf-core\1.0.0\openhtmltopdf-core-1.0.0.jar;C:\Users\user\.m2\repository\com\openhtmltopdf\openhtmltopdf-pdfbox\1.0.0\openhtmltopdf-pdfbox-1.0.0.jar;C:\Users\user\.m2\repository\org\apache\pdfbox\pdfbox\2.0.16\pdfbox-2.0.16.jar;C:\Users\user\.m2\repository\org\apache\pdfbox\fontbox\2.0.16\fontbox-2.0.16.jar;C:\Users\user\.m2\repository\org\apache\pdfbox\xmpbox\2.0.16\xmpbox-2.0.16.jar;C:\Users\user\.m2\repository\de\rototor\pdfbox\graphics2d\0.24\graphics2d-0.24.jar;C:\Users\user\.m2\repository\com\openhtmltopdf\openhtmltopdf-rtl-support\1.0.0\openhtmltopdf-rtl-support-1.0.0.jar;C:\Users\user\.m2\repository\com\openhtmltopdf\openhtmltopdf-jsoup-dom-converter\1.0.0\openhtmltopdf-jsoup-dom-converter-1.0.0.jar;C:\Users\user\.m2\repository\com\vladsch\flexmark\flexmark-profile-pegdown\0.62.2\flexmark-profile-pegdown-0.62.2.jar;C:\Users\user\.m2\repository\com\vladsch\flexmark\flexmark-util-ast\0.62.2\flexmark-util-ast-0.62.2.jar;C:\Users\user\.m2\repository\com\vladsch\flexmark\flexmark-util-builder\0.62.2\flexmark-util-builder-0.62.2.jar;C:\Users\user\.m2\repository\com\vladsch\flexmark\flexmark-util-collection\0.62.2\flexmark-util-collection-0.62.2.jar;C:\Users\user\.m2\repository\com\vladsch\flexmark\flexmark-util-data\0.62.2\flexmark-util-data-0.62.2.jar;C:\Users\user\.m2\repository\com\vladsch\flexmark\flexmark-util-dependency\0.62.2\flexmark-util-dependency-0.62.2.jar;C:\Users\user\.m2\repository\com\vladsch\flexmark\flexmark-util-format\0.62.2\flexmark-util-format-0.62.2.jar;C:\Users\user\.m2\repository\com\vladsch\flexmark\flexmark-util-html\0.62.2\flexmark-util-html-0.62.2.jar;C:\Users\user\.m2\repository\com\vladsch\flexmark\flexmark-util-misc\0.62.2\flexmark-util-misc-0.62.2.jar;C:\Users\user\.m2\repository\com\vladsch\flexmark\flexmark-util-options\0.62.2\flexmark-util-options-0.62.2.jar;C:\Users\user\.m2\repository\com\vladsch\flexmark\flexmark-util-sequence\0.62.2\flexmark-util-sequence-0.62.2.jar;C:\Users\user\.m2\repository\com\vladsch\flexmark\flexmark-util-visitor\0.62.2\flexmark-util-visitor-0.62.2.jar;C:\Users\user\.m2\repository\com\vladsch\flexmark\flexmark-youtrack-converter\0.62.2\flexmark-youtrack-converter-0.62.2.jar;C:\Users\user\.m2\repository\com\ibm\icu\icu4j\72.1\icu4j-72.1.jar;C:\Users\user\.m2\repository\es\nitaur\markdown\txtmark\0.16\txtmark-0.16.jar;C:\Users\user\.m2\repository\net\serenity-bdd\serenity-report-resources\3.6.21\serenity-report-resources-3.6.21.jar;C:\Users\user\.m2\repository\com\google\code\gson\gson\2.10.1\gson-2.10.1.jar;C:\Users\user\.m2\repository\com\fasterxml\jackson\core\jackson-core\2.15.0-rc1\jackson-core-2.15.0-rc1.jar;C:\Users\user\.m2\repository\com\fasterxml\jackson\core\jackson-databind\2.15.0-rc1\jackson-databind-2.15.0-rc1.jar;C:\Users\user\.m2\repository\com\fasterxml\jackson\core\jackson-annotations\2.15.0-rc1\jackson-annotations-2.15.0-rc1.jar;C:\Users\user\.m2\repository\commons-codec\commons-codec\1.15\commons-codec-1.15.jar;C:\Users\user\.m2\repository\commons-io\commons-io\2.11.0\commons-io-2.11.0.jar;C:\Users\user\.m2\repository\org\apache\httpcomponents\httpclient\4.5.13\httpclient-4.5.13.jar;C:\Users\user\.m2\repository\org\apache\httpcomponents\httpcore\4.4.13\httpcore-4.4.13.jar;C:\Users\user\.m2\repository\commons-logging\commons-logging\1.2\commons-logging-1.2.jar;C:\Users\user\.m2\repository\org\seleniumhq\selenium\selenium-java\4.8.1\selenium-java-4.8.1.jar;C:\Users\user\.m2\repository\org\seleniumhq\selenium\selenium-devtools-v108\4.8.1\selenium-devtools-v108-4.8.1.jar;C:\Users\user\.m2\repository\org\seleniumhq\selenium\selenium-devtools-v109\4.8.1\selenium-devtools-v109-4.8.1.jar;C:\Users\user\.m2\repository\org\seleniumhq\selenium\selenium-devtools-v110\4.8.1\selenium-devtools-v110-4.8.1.jar;C:\Users\user\.m2\repository\org\seleniumhq\selenium\selenium-devtools-v85\4.8.1\selenium-devtools-v85-4.8.1.jar;C:\Users\user\.m2\repository\org\seleniumhq\selenium\selenium-remote-driver\4.8.1\selenium-remote-driver-4.8.1.jar;C:\Users\user\.m2\repository\com\beust\jcommander\1.82\jcommander-1.82.jar;C:\Users\user\.m2\repository\io\netty\netty-buffer\4.1.87.Final\netty-buffer-4.1.87.Final.jar;C:\Users\user\.m2\repository\io\netty\netty-codec-http\4.1.87.Final\netty-codec-http-4.1.87.Final.jar;C:\Users\user\.m2\repository\io\netty\netty-codec\4.1.87.Final\netty-codec-4.1.87.Final.jar;C:\Users\user\.m2\repository\io\netty\netty-handler\4.1.87.Final\netty-handler-4.1.87.Final.jar;C:\Users\user\.m2\repository\io\netty\netty-common\4.1.87.Final\netty-common-4.1.87.Final.jar;C:\Users\user\.m2\repository\io\netty\netty-transport-classes-epoll\4.1.87.Final\netty-transport-classes-epoll-4.1.87.Final.jar;C:\Users\user\.m2\repository\io\netty\netty-transport-classes-kqueue\4.1.87.Final\netty-transport-classes-kqueue-4.1.87.Final.jar;C:\Users\user\.m2\repository\io\netty\netty-transport-native-epoll\4.1.87.Final\netty-transport-native-epoll-4.1.87.Final.jar;C:\Users\user\.m2\repository\io\netty\netty-transport-native-kqueue\4.1.87.Final\netty-transport-native-kqueue-4.1.87.Final.jar;C:\Users\user\.m2\repository\io\netty\netty-transport-native-unix-common\4.1.87.Final\netty-transport-native-unix-common-4.1.87.Final.jar;C:\Users\user\.m2\repository\io\netty\netty-transport\4.1.87.Final\netty-transport-4.1.87.Final.jar;C:\Users\user\.m2\repository\io\netty\netty-resolver\4.1.87.Final\netty-resolver-4.1.87.Final.jar;C:\Users\user\.m2\repository\io\opentelemetry\opentelemetry-api\1.22.0\opentelemetry-api-1.22.0.jar;C:\Users\user\.m2\repository\io\opentelemetry\opentelemetry-context\1.22.0\opentelemetry-context-1.22.0.jar;C:\Users\user\.m2\repository\io\opentelemetry\opentelemetry-exporter-logging\1.22.0\opentelemetry-exporter-logging-1.22.0.jar;C:\Users\user\.m2\repository\io\opentelemetry\opentelemetry-sdk-metrics\1.22.0\opentelemetry-sdk-metrics-1.22.0.jar;C:\Users\user\.m2\repository\io\opentelemetry\opentelemetry-sdk-logs\1.22.0-alpha\opentelemetry-sdk-logs-1.22.0-alpha.jar;C:\Users\user\.m2\repository\io\opentelemetry\opentelemetry-api-logs\1.22.0-alpha\opentelemetry-api-logs-1.22.0-alpha.jar;C:\Users\user\.m2\repository\io\opentelemetry\opentelemetry-sdk-common\1.22.0\opentelemetry-sdk-common-1.22.0.jar;C:\Users\user\.m2\repository\io\opentelemetry\opentelemetry-sdk-extension-autoconfigure-spi\1.22.0\opentelemetry-sdk-extension-autoconfigure-spi-1.22.0.jar;C:\Users\user\.m2\repository\io\opentelemetry\opentelemetry-sdk-extension-autoconfigure\1.22.0-alpha\opentelemetry-sdk-extension-autoconfigure-1.22.0-alpha.jar;C:\Users\user\.m2\repository\io\opentelemetry\opentelemetry-sdk-trace\1.22.0\opentelemetry-sdk-trace-1.22.0.jar;C:\Users\user\.m2\repository\io\opentelemetry\opentelemetry-sdk\1.22.0\opentelemetry-sdk-1.22.0.jar;C:\Users\user\.m2\repository\io\opentelemetry\opentelemetry-semconv\1.22.0-alpha\opentelemetry-semconv-1.22.0-alpha.jar;C:\Users\user\.m2\repository\io\ous\jtoml\2.0.0\jtoml-2.0.0.jar;C:\Users\user\.m2\repository\org\apache\commons\commons-exec\1.3\commons-exec-1.3.jar;C:\Users\user\.m2\repository\org\asynchttpclient\async-http-client\2.12.3\async-http-client-2.12.3.jar;C:\Users\user\.m2\repository\org\asynchttpclient\async-http-client-netty-utils\2.12.3\async-http-client-netty-utils-2.12.3.jar;C:\Users\user\.m2\repository\io\netty\netty-codec-socks\4.1.60.Final\netty-codec-socks-4.1.60.Final.jar;C:\Users\user\.m2\repository\io\netty\netty-handler-proxy\4.1.60.Final\netty-handler-proxy-4.1.60.Final.jar;C:\Users\user\.m2\repository\io\netty\netty-transport-native-epoll\4.1.60.Final\netty-transport-native-epoll-4.1.60.Final-linux-x86_64.jar;C:\Users\user\.m2\repository\io\netty\netty-transport-native-kqueue\4.1.60.Final\netty-transport-native-kqueue-4.1.60.Final-osx-x86_64.jar;C:\Users\user\.m2\repository\org\reactivestreams\reactive-streams\1.0.3\reactive-streams-1.0.3.jar;C:\Users\user\.m2\repository\com\typesafe\netty\netty-reactive-streams\2.0.4\netty-reactive-streams-2.0.4.jar;C:\Users\user\.m2\repository\org\seleniumhq\selenium\selenium-manager\4.8.1\selenium-manager-4.8.1.jar;C:\Users\user\.m2\repository\org\seleniumhq\selenium\selenium-safari-driver\4.8.1\selenium-safari-driver-4.8.1.jar;C:\Users\user\.m2\repository\org\seleniumhq\selenium\selenium-api\4.8.1\selenium-api-4.8.1.jar;C:\Users\user\.m2\repository\org\seleniumhq\selenium\selenium-support\4.8.1\selenium-support-4.8.1.jar;C:\Users\user\.m2\repository\com\google\auto\service\auto-service-annotations\1.0.1\auto-service-annotations-1.0.1.jar;C:\Users\user\.m2\repository\com\google\auto\service\auto-service\1.0.1\auto-service-1.0.1.jar;C:\Users\user\.m2\repository\com\google\auto\auto-common\1.2\auto-common-1.2.jar;C:\Users\user\.m2\repository\org\seleniumhq\selenium\selenium-json\4.8.1\selenium-json-4.8.1.jar;C:\Users\user\.m2\repository\org\seleniumhq\selenium\selenium-chrome-driver\4.8.1\selenium-chrome-driver-4.8.1.jar;C:\Users\user\.m2\repository\org\seleniumhq\selenium\selenium-chromium-driver\4.8.1\selenium-chromium-driver-4.8.1.jar;C:\Users\user\.m2\repository\org\seleniumhq\selenium\selenium-firefox-driver\4.8.1\selenium-firefox-driver-4.8.1.jar;C:\Users\user\.m2\repository\org\seleniumhq\selenium\selenium-http\4.8.1\selenium-http-4.8.1.jar;C:\Users\user\.m2\repository\dev\failsafe\failsafe\3.3.0\failsafe-3.3.0.jar;C:\Users\user\.m2\repository\org\seleniumhq\selenium\selenium-edge-driver\4.8.1\selenium-edge-driver-4.8.1.jar;C:\Users\user\.m2\repository\org\seleniumhq\selenium\selenium-ie-driver\4.8.1\selenium-ie-driver-4.8.1.jar;C:\Users\user\.m2\repository\org\projectlombok\lombok\1.18.20\lombok-1.18.20.jar;C:\Users\user\.m2\repository\io\appium\java-client\8.3.0\java-client-8.3.0.jar;C:\Users\user\.m2\repository\commons-validator\commons-validator\1.7\commons-validator-1.7.jar;C:\Users\user\.m2\repository\commons-digester\commons-digester\2.1\commons-digester-2.1.jar;C:\Users\user\.m2\repository\org\apache\groovy\groovy\4.0.10\groovy-4.0.10.jar;C:\Users\user\.m2\repository\net\sf\opencsv\opencsv\2.0\opencsv-2.0.jar;C:\Users\user\.m2\repository\commons-beanutils\commons-beanutils\1.9.4\commons-beanutils-1.9.4.jar;C:\Users\user\.m2\repository\org\apache\commons\commons-lang3\3.12.0\commons-lang3-3.12.0.jar;C:\Users\user\.m2\repository\commons-collections\commons-collections\3.2.2\commons-collections-3.2.2.jar;C:\Users\user\.m2\repository\org\fluentlenium\fluentlenium-core\0.10.2\fluentlenium-core-0.10.2.jar;C:\Users\user\.m2\repository\io\github\bonigarcia\webdrivermanager\5.3.0\webdrivermanager-5.3.0.jar;C:\Users\user\.m2\repository\com\github\docker-java\docker-java\3.2.13\docker-java-3.2.13.jar;C:\Users\user\.m2\repository\com\github\docker-java\docker-java-core\3.2.13\docker-java-core-3.2.13.jar;C:\Users\user\.m2\repository\com\github\docker-java\docker-java-api\3.2.13\docker-java-api-3.2.13.jar;C:\Users\user\.m2\repository\org\apache\commons\commons-compress\1.21\commons-compress-1.21.jar;C:\Users\user\.m2\repository\org\bouncycastle\bcpkix-jdk15on\1.64\bcpkix-jdk15on-1.64.jar;C:\Users\user\.m2\repository\org\bouncycastle\bcprov-jdk15on\1.64\bcprov-jdk15on-1.64.jar;C:\Users\user\.m2\repository\org\slf4j\jcl-over-slf4j\1.7.30\jcl-over-slf4j-1.7.30.jar;C:\Users\user\.m2\repository\com\github\docker-java\docker-java-transport-httpclient5\3.2.13\docker-java-transport-httpclient5-3.2.13.jar;C:\Users\user\.m2\repository\com\github\docker-java\docker-java-transport\3.2.13\docker-java-transport-3.2.13.jar;C:\Users\user\.m2\repository\net\java\dev\jna\jna\5.8.0\jna-5.8.0.jar;C:\Users\user\.m2\repository\org\brotli\dec\0.1.2\dec-0.1.2.jar;C:\Users\user\.m2\repository\org\apache\httpcomponents\client5\httpclient5\5.1.3\httpclient5-5.1.3.jar;C:\Users\user\.m2\repository\org\apache\httpcomponents\core5\httpcore5\5.1.3\httpcore5-5.1.3.jar;C:\Users\user\.m2\repository\org\apache\httpcomponents\core5\httpcore5-h2\5.1.3\httpcore5-h2-5.1.3.jar;C:\Users\user\.m2\repository\com\jhlabs\filters\2.0.235\filters-2.0.235.jar;C:\Users\user\.m2\repository\com\paulhammant\ngwebdriver\1.1.6\ngwebdriver-1.1.6.jar;C:\Users\user\.m2\repository\joda-time\joda-time\2.12.2\joda-time-2.12.2.jar;C:\Users\user\.m2\repository\org\hamcrest\hamcrest\2.2\hamcrest-2.2.jar;C:\Users\user\.m2\repository\com\google\jimfs\jimfs\1.2\jimfs-1.2.jar;C:\Users\user\.m2\repository\org\mockito\mockito-core\3.3.3\mockito-core-3.3.3.jar;C:\Users\user\.m2\repository\javax\xml\bind\jaxb-api\2.3.1\jaxb-api-2.3.1.jar;C:\Users\user\.m2\repository\javax\activation\javax.activation-api\1.2.0\javax.activation-api-1.2.0.jar;C:\Users\user\.m2\repository\com\sun\xml\bind\jaxb-core\2.3.0.1\jaxb-core-2.3.0.1.jar;C:\Users\user\.m2\repository\com\sun\xml\bind\jaxb-impl\2.3.3\jaxb-impl-2.3.3.jar;C:\Users\user\.m2\repository\jakarta\xml\bind\jakarta.xml.bind-api\2.3.3\jakarta.xml.bind-api-2.3.3.jar;C:\Users\user\.m2\repository\com\sun\activation\jakarta.activation\1.2.2\jakarta.activation-1.2.2.jar;C:\Users\user\.m2\repository\javax\activation\activation\1.1.1\activation-1.1.1.jar;C:\Users\user\.m2\repository\net\serenity-bdd\serenity-cucumber\3.6.21\serenity-cucumber-3.6.21.jar;C:\Users\user\.m2\repository\io\cucumber\cucumber-core\7.11.0\cucumber-core-7.11.0.jar;C:\Users\user\.m2\repository\io\cucumber\cucumber-gherkin\7.11.0\cucumber-gherkin-7.11.0.jar;C:\Users\user\.m2\repository\io\cucumber\cucumber-gherkin-messages\7.11.0\cucumber-gherkin-messages-7.11.0.jar;C:\Users\user\.m2\repository\io\cucumber\gherkin\26.0.3\gherkin-26.0.3.jar;C:\Users\user\.m2\repository\io\cucumber\messages\21.0.1\messages-21.0.1.jar;C:\Users\user\.m2\repository\io\cucumber\tag-expressions\5.0.1\tag-expressions-5.0.1.jar;C:\Users\user\.m2\repository\io\cucumber\cucumber-expressions\16.1.1\cucumber-expressions-16.1.1.jar;C:\Users\user\.m2\repository\io\cucumber\datatable\7.11.0\datatable-7.11.0.jar;C:\Users\user\.m2\repository\io\cucumber\cucumber-plugin\7.11.0\cucumber-plugin-7.11.0.jar;C:\Users\user\.m2\repository\io\cucumber\docstring\7.11.0\docstring-7.11.0.jar;C:\Users\user\.m2\repository\io\cucumber\html-formatter\20.2.1\html-formatter-20.2.1.jar;C:\Users\user\.m2\repository\io\cucumber\junit-xml-formatter\0.1.0\junit-xml-formatter-0.1.0.jar;C:\Users\user\.m2\repository\io\cucumber\ci-environment\9.1.0\ci-environment-9.1.0.jar;C:\Users\user\.m2\repository\io\cucumber\cucumber-java\7.11.0\cucumber-java-7.11.0.jar;C:\Users\user\.m2\repository\io\cucumber\cucumber-junit\7.11.0\cucumber-junit-7.11.0.jar;C:\Users\user\.m2\repository\org\apache\commons\commons-csv\1.5\commons-csv-1.5.jar;C:\Users\user\.m2\repository\net\serenity-bdd\serenity-screenplay\3.6.21\serenity-screenplay-3.6.21.jar;C:\Users\user\.m2\repository\net\serenity-bdd\serenity-screenplay-webdriver\3.6.21\serenity-screenplay-webdriver-3.6.21.jar;C:\Users\user\.m2\repository\net\serenity-bdd\serenity-ensure\3.6.21\serenity-ensure-3.6.21.jar;C:\Users\user\.m2\repository\net\serenity-bdd\serenity-junit\3.6.21\serenity-junit-3.6.21.jar;C:\Users\user\.m2\repository\org\jetbrains\kotlin\kotlin-stdlib\1.8.10\kotlin-stdlib-1.8.10.jar;C:\Users\user\.m2\repository\org\jetbrains\kotlin\kotlin-stdlib-common\1.8.10\kotlin-stdlib-common-1.8.10.jar;C:\Users\user\.m2\repository\org\jetbrains\annotations\13.0\annotations-13.0.jar;C:\Users\user\.m2\repository\org\junit\platform\junit-platform-launcher\1.8.2\junit-platform-launcher-1.8.2.jar;C:\Users\user\.m2\repository\org\junit\platform\junit-platform-engine\1.8.2\junit-platform-engine-1.8.2.jar;C:\Users\user\.m2\repository\org\opentest4j\opentest4j\1.2.0\opentest4j-1.2.0.jar;C:\Users\user\.m2\repository\org\junit\platform\junit-platform-commons\1.8.2\junit-platform-commons-1.8.2.jar;C:\Users\user\.m2\repository\org\apiguardian\apiguardian-api\1.1.2\apiguardian-api-1.1.2.jar;C:\Users\user\.m2\repository\org\junit\jupiter\junit-jupiter-engine\5.8.2\junit-jupiter-engine-5.8.2.jar;C:\Users\user\.m2\repository\org\junit\jupiter\junit-jupiter-api\5.8.2\junit-jupiter-api-5.8.2.jar;C:\Users\user\.m2\repository\org\junit\vintage\junit-vintage-engine\5.8.2\junit-vintage-engine-5.8.2.jar;C:\Users\user\.m2\repository\junit\junit\4.13.2\junit-4.13.2.jar;C:\Users\user\.m2\repository\org\hamcrest\hamcrest-core\1.3\hamcrest-core-1.3.jar;C:\Users\user\.m2\repository\ch\qos\logback\logback-classic\1.2.10\logback-classic-1.2.10.jar;C:\Users\user\.m2\repository\ch\qos\logback\logback-core\1.2.10\logback-core-1.2.10.jar;C:\Users\user\.m2\repository\org\slf4j\slf4j-api\1.7.32\slf4j-api-1.7.32.jar;C:\Users\user\.m2\repository\org\assertj\assertj-core\3.23.1\assertj-core-3.23.1.jar;C:\Users\user\.m2\repository\net\bytebuddy\byte-buddy\1.12.10\byte-buddy-1.12.10.jar;"/>
    <property name="sun.cpu.endian" value="little"/>
    <property name="user.home" value="C:\Users\user"/>
    <property name="user.language" value="en"/>
    <property name="java.specification.vendor" value="Oracle Corporation"/>
    <property name="jdk.module.path" value="C:\Prioritas1\alta\target\alta-1.0-SNAPSHOT.jar"/>
    <property name="java.version.date" value="2022-04-22"/>
    <property name="java.home" value="C:\Program Files\Java\jdk-11.0.15.1"/>
    <property name="file.separator" value="\"/>
    <property name="basedir" value="C:\Prioritas1\alta"/>
    <property name="java.vm.compressedOopsMode" value="Zero based"/>
    <property name="line.separator" value="&#10;"/>
    <property name="java.specification.name" value="Java Platform API Specification"/>
    <property name="java.vm.specification.vendor" value="Oracle Corporation"/>
    <property name="java.awt.graphicsenv" value="sun.awt.Win32GraphicsEnvironment"/>
    <property name="surefire.real.class.path" value="C:\Users\user\.m2\repository\org\apache\maven\surefire\surefire-booter\3.0.0-M5\surefire-booter-3.0.0-M5.jar;C:\Users\user\.m2\repository\org\apache\maven\surefire\surefire-api\3.0.0-M5\surefire-api-3.0.0-M5.jar;C:\Users\user\.m2\repository\org\apache\maven\surefire\surefire-logger-api\3.0.0-M5\surefire-logger-api-3.0.0-M5.jar;C:\Users\user\.m2\repository\org\apache\maven\surefire\surefire-shared-utils\3.0.0-M4\surefire-shared-utils-3.0.0-M4.jar;C:\Users\user\.m2\repository\org\apache\maven\surefire\surefire-extensions-spi\3.0.0-M5\surefire-extensions-spi-3.0.0-M5.jar;C:\Prioritas1\alta\target\test-classes;C:\Users\user\.m2\repository\net\serenity-bdd\serenity-core\3.6.21\serenity-core-3.6.21.jar;C:\Users\user\.m2\repository\net\serenity-bdd\serenity-model\3.6.21\serenity-model-3.6.21.jar;C:\Users\user\.m2\repository\org\apache\commons\commons-text\1.10.0\commons-text-1.10.0.jar;C:\Users\user\.m2\repository\commons-net\commons-net\3.9.0\commons-net-3.9.0.jar;C:\Users\user\.m2\repository\com\google\guava\guava\31.1-jre\guava-31.1-jre.jar;C:\Users\user\.m2\repository\com\google\guava\failureaccess\1.0.1\failureaccess-1.0.1.jar;C:\Users\user\.m2\repository\com\google\guava\listenablefuture\9999.0-empty-to-avoid-conflict-with-guava\listenablefuture-9999.0-empty-to-avoid-conflict-with-guava.jar;C:\Users\user\.m2\repository\com\google\code\findbugs\jsr305\3.0.2\jsr305-3.0.2.jar;C:\Users\user\.m2\repository\org\checkerframework\checker-qual\3.12.0\checker-qual-3.12.0.jar;C:\Users\user\.m2\repository\com\google\errorprone\error_prone_annotations\2.11.0\error_prone_annotations-2.11.0.jar;C:\Users\user\.m2\repository\com\google\j2objc\j2objc-annotations\1.3\j2objc-annotations-1.3.jar;C:\Users\user\.m2\repository\com\google\inject\guice\5.1.0\guice-5.1.0.jar;C:\Users\user\.m2\repository\javax\inject\javax.inject\1\javax.inject-1.jar;C:\Users\user\.m2\repository\aopalliance\aopalliance\1.0\aopalliance-1.0.jar;C:\Users\user\.m2\repository\org\jsoup\jsoup\1.14.3\jsoup-1.14.3.jar;C:\Users\user\.m2\repository\com\thoughtworks\xstream\xstream\1.4.20\xstream-1.4.20.jar;C:\Users\user\.m2\repository\io\github\x-stream\mxparser\1.2.2\mxparser-1.2.2.jar;C:\Users\user\.m2\repository\xmlpull\xmlpull\1.1.3.1\xmlpull-1.1.3.1.jar;C:\Users\user\.m2\repository\com\typesafe\config\1.4.2\config-1.4.2.jar;C:\Users\user\.m2\repository\org\imgscalr\imgscalr-lib\4.2\imgscalr-lib-4.2.jar;C:\Users\user\.m2\repository\org\awaitility\awaitility\4.2.0\awaitility-4.2.0.jar;C:\Users\user\.m2\repository\org\freemarker\freemarker\2.3.31\freemarker-2.3.31.jar;C:\Users\user\.m2\repository\io\github\classgraph\classgraph\4.8.138\classgraph-4.8.138.jar;C:\Users\user\.m2\repository\net\sourceforge\jexcelapi\jxl\2.6.12\jxl-2.6.12.jar;C:\Users\user\.m2\repository\net\bytebuddy\byte-buddy-agent\1.14.2\byte-buddy-agent-1.14.2.jar;C:\Users\user\.m2\repository\org\objenesis\objenesis\3.3\objenesis-3.3.jar;C:\Users\user\.m2\repository\net\serenity-bdd\serenity-reports\3.6.21\serenity-reports-3.6.21.jar;C:\Users\user\.m2\repository\net\serenity-bdd\serenity-stats\3.6.21\serenity-stats-3.6.21.jar;C:\Users\user\.m2\repository\net\serenity-bdd\serenity-reports-configuration\3.6.21\serenity-reports-configuration-3.6.21.jar;C:\Users\user\.m2\repository\com\vladsch\flexmark\flexmark-all\0.62.2\flexmark-all-0.62.2.jar;C:\Users\user\.m2\repository\com\vladsch\flexmark\flexmark\0.62.2\flexmark-0.62.2.jar;C:\Users\user\.m2\repository\com\vladsch\flexmark\flexmark-ext-abbreviation\0.62.2\flexmark-ext-abbreviation-0.62.2.jar;C:\Users\user\.m2\repository\com\vladsch\flexmark\flexmark-util\0.62.2\flexmark-util-0.62.2.jar;C:\Users\user\.m2\repository\com\vladsch\flexmark\flexmark-ext-admonition\0.62.2\flexmark-ext-admonition-0.62.2.jar;C:\Users\user\.m2\repository\com\vladsch\flexmark\flexmark-ext-anchorlink\0.62.2\flexmark-ext-anchorlink-0.62.2.jar;C:\Users\user\.m2\repository\com\vladsch\flexmark\flexmark-ext-aside\0.62.2\flexmark-ext-aside-0.62.2.jar;C:\Users\user\.m2\repository\com\vladsch\flexmark\flexmark-ext-attributes\0.62.2\flexmark-ext-attributes-0.62.2.jar;C:\Users\user\.m2\repository\com\vladsch\flexmark\flexmark-ext-autolink\0.62.2\flexmark-ext-autolink-0.62.2.jar;C:\Users\user\.m2\repository\org\nibor\autolink\autolink\0.6.0\autolink-0.6.0.jar;C:\Users\user\.m2\repository\com\vladsch\flexmark\flexmark-ext-definition\0.62.2\flexmark-ext-definition-0.62.2.jar;C:\Users\user\.m2\repository\com\vladsch\flexmark\flexmark-ext-emoji\0.62.2\flexmark-ext-emoji-0.62.2.jar;C:\Users\user\.m2\repository\com\vladsch\flexmark\flexmark-ext-enumerated-reference\0.62.2\flexmark-ext-enumerated-reference-0.62.2.jar;C:\Users\user\.m2\repository\com\vladsch\flexmark\flexmark-ext-escaped-character\0.62.2\flexmark-ext-escaped-character-0.62.2.jar;C:\Users\user\.m2\repository\com\vladsch\flexmark\flexmark-ext-footnotes\0.62.2\flexmark-ext-footnotes-0.62.2.jar;C:\Users\user\.m2\repository\com\vladsch\flexmark\flexmark-ext-gfm-issues\0.62.2\flexmark-ext-gfm-issues-0.62.2.jar;C:\Users\user\.m2\repository\com\vladsch\flexmark\flexmark-ext-gfm-strikethrough\0.62.2\flexmark-ext-gfm-strikethrough-0.62.2.jar;C:\Users\user\.m2\repository\com\vladsch\flexmark\flexmark-ext-gfm-tasklist\0.62.2\flexmark-ext-gfm-tasklist-0.62.2.jar;C:\Users\user\.m2\repository\com\vladsch\flexmark\flexmark-ext-gfm-users\0.62.2\flexmark-ext-gfm-users-0.62.2.jar;C:\Users\user\.m2\repository\com\vladsch\flexmark\flexmark-ext-gitlab\0.62.2\flexmark-ext-gitlab-0.62.2.jar;C:\Users\user\.m2\repository\com\vladsch\flexmark\flexmark-ext-jekyll-front-matter\0.62.2\flexmark-ext-jekyll-front-matter-0.62.2.jar;C:\Users\user\.m2\repository\com\vladsch\flexmark\flexmark-ext-jekyll-tag\0.62.2\flexmark-ext-jekyll-tag-0.62.2.jar;C:\Users\user\.m2\repository\com\vladsch\flexmark\flexmark-ext-media-tags\0.62.2\flexmark-ext-media-tags-0.62.2.jar;C:\Users\user\.m2\repository\com\vladsch\flexmark\flexmark-ext-macros\0.62.2\flexmark-ext-macros-0.62.2.jar;C:\Users\user\.m2\repository\com\vladsch\flexmark\flexmark-ext-ins\0.62.2\flexmark-ext-ins-0.62.2.jar;C:\Users\user\.m2\repository\com\vladsch\flexmark\flexmark-ext-xwiki-macros\0.62.2\flexmark-ext-xwiki-macros-0.62.2.jar;C:\Users\user\.m2\repository\com\vladsch\flexmark\flexmark-ext-superscript\0.62.2\flexmark-ext-superscript-0.62.2.jar;C:\Users\user\.m2\repository\com\vladsch\flexmark\flexmark-ext-tables\0.62.2\flexmark-ext-tables-0.62.2.jar;C:\Users\user\.m2\repository\com\vladsch\flexmark\flexmark-ext-toc\0.62.2\flexmark-ext-toc-0.62.2.jar;C:\Users\user\.m2\repository\com\vladsch\flexmark\flexmark-ext-typographic\0.62.2\flexmark-ext-typographic-0.62.2.jar;C:\Users\user\.m2\repository\com\vladsch\flexmark\flexmark-ext-wikilink\0.62.2\flexmark-ext-wikilink-0.62.2.jar;C:\Users\user\.m2\repository\com\vladsch\flexmark\flexmark-ext-yaml-front-matter\0.62.2\flexmark-ext-yaml-front-matter-0.62.2.jar;C:\Users\user\.m2\repository\com\vladsch\flexmark\flexmark-ext-youtube-embedded\0.62.2\flexmark-ext-youtube-embedded-0.62.2.jar;C:\Users\user\.m2\repository\com\vladsch\flexmark\flexmark-html2md-converter\0.62.2\flexmark-html2md-converter-0.62.2.jar;C:\Users\user\.m2\repository\com\vladsch\flexmark\flexmark-jira-converter\0.62.2\flexmark-jira-converter-0.62.2.jar;C:\Users\user\.m2\repository\com\vladsch\flexmark\flexmark-pdf-converter\0.62.2\flexmark-pdf-converter-0.62.2.jar;C:\Users\user\.m2\repository\com\openhtmltopdf\openhtmltopdf-core\1.0.0\openhtmltopdf-core-1.0.0.jar;C:\Users\user\.m2\repository\com\openhtmltopdf\openhtmltopdf-pdfbox\1.0.0\openhtmltopdf-pdfbox-1.0.0.jar;C:\Users\user\.m2\repository\org\apache\pdfbox\pdfbox\2.0.16\pdfbox-2.0.16.jar;C:\Users\user\.m2\repository\org\apache\pdfbox\fontbox\2.0.16\fontbox-2.0.16.jar;C:\Users\user\.m2\repository\org\apache\pdfbox\xmpbox\2.0.16\xmpbox-2.0.16.jar;C:\Users\user\.m2\repository\de\rototor\pdfbox\graphics2d\0.24\graphics2d-0.24.jar;C:\Users\user\.m2\repository\com\openhtmltopdf\openhtmltopdf-rtl-support\1.0.0\openhtmltopdf-rtl-support-1.0.0.jar;C:\Users\user\.m2\repository\com\openhtmltopdf\openhtmltopdf-jsoup-dom-converter\1.0.0\openhtmltopdf-jsoup-dom-converter-1.0.0.jar;C:\Users\user\.m2\repository\com\vladsch\flexmark\flexmark-profile-pegdown\0.62.2\flexmark-profile-pegdown-0.62.2.jar;C:\Users\user\.m2\repository\com\vladsch\flexmark\flexmark-util-ast\0.62.2\flexmark-util-ast-0.62.2.jar;C:\Users\user\.m2\repository\com\vladsch\flexmark\flexmark-util-builder\0.62.2\flexmark-util-builder-0.62.2.jar;C:\Users\user\.m2\repository\com\vladsch\flexmark\flexmark-util-collection\0.62.2\flexmark-util-collection-0.62.2.jar;C:\Users\user\.m2\repository\com\vladsch\flexmark\flexmark-util-data\0.62.2\flexmark-util-data-0.62.2.jar;C:\Users\user\.m2\repository\com\vladsch\flexmark\flexmark-util-dependency\0.62.2\flexmark-util-dependency-0.62.2.jar;C:\Users\user\.m2\repository\com\vladsch\flexmark\flexmark-util-format\0.62.2\flexmark-util-format-0.62.2.jar;C:\Users\user\.m2\repository\com\vladsch\flexmark\flexmark-util-html\0.62.2\flexmark-util-html-0.62.2.jar;C:\Users\user\.m2\repository\com\vladsch\flexmark\flexmark-util-misc\0.62.2\flexmark-util-misc-0.62.2.jar;C:\Users\user\.m2\repository\com\vladsch\flexmark\flexmark-util-options\0.62.2\flexmark-util-options-0.62.2.jar;C:\Users\user\.m2\repository\com\vladsch\flexmark\flexmark-util-sequence\0.62.2\flexmark-util-sequence-0.62.2.jar;C:\Users\user\.m2\repository\com\vladsch\flexmark\flexmark-util-visitor\0.62.2\flexmark-util-visitor-0.62.2.jar;C:\Users\user\.m2\repository\com\vladsch\flexmark\flexmark-youtrack-converter\0.62.2\flexmark-youtrack-converter-0.62.2.jar;C:\Users\user\.m2\repository\com\ibm\icu\icu4j\72.1\icu4j-72.1.jar;C:\Users\user\.m2\repository\es\nitaur\markdown\txtmark\0.16\txtmark-0.16.jar;C:\Users\user\.m2\repository\net\serenity-bdd\serenity-report-resources\3.6.21\serenity-report-resources-3.6.21.jar;C:\Users\user\.m2\repository\com\google\code\gson\gson\2.10.1\gson-2.10.1.jar;C:\Users\user\.m2\repository\com\fasterxml\jackson\core\jackson-core\2.15.0-rc1\jackson-core-2.15.0-rc1.jar;C:\Users\user\.m2\repository\com\fasterxml\jackson\core\jackson-databind\2.15.0-rc1\jackson-databind-2.15.0-rc1.jar;C:\Users\user\.m2\repository\com\fasterxml\jackson\core\jackson-annotations\2.15.0-rc1\jackson-annotations-2.15.0-rc1.jar;C:\Users\user\.m2\repository\commons-codec\commons-codec\1.15\commons-codec-1.15.jar;C:\Users\user\.m2\repository\commons-io\commons-io\2.11.0\commons-io-2.11.0.jar;C:\Users\user\.m2\repository\org\apache\httpcomponents\httpclient\4.5.13\httpclient-4.5.13.jar;C:\Users\user\.m2\repository\org\apache\httpcomponents\httpcore\4.4.13\httpcore-4.4.13.jar;C:\Users\user\.m2\repository\commons-logging\commons-logging\1.2\commons-logging-1.2.jar;C:\Users\user\.m2\repository\org\seleniumhq\selenium\selenium-java\4.8.1\selenium-java-4.8.1.jar;C:\Users\user\.m2\repository\org\seleniumhq\selenium\selenium-devtools-v108\4.8.1\selenium-devtools-v108-4.8.1.jar;C:\Users\user\.m2\repository\org\seleniumhq\selenium\selenium-devtools-v109\4.8.1\selenium-devtools-v109-4.8.1.jar;C:\Users\user\.m2\repository\org\seleniumhq\selenium\selenium-devtools-v110\4.8.1\selenium-devtools-v110-4.8.1.jar;C:\Users\user\.m2\repository\org\seleniumhq\selenium\selenium-devtools-v85\4.8.1\selenium-devtools-v85-4.8.1.jar;C:\Users\user\.m2\repository\org\seleniumhq\selenium\selenium-remote-driver\4.8.1\selenium-remote-driver-4.8.1.jar;C:\Users\user\.m2\repository\com\beust\jcommander\1.82\jcommander-1.82.jar;C:\Users\user\.m2\repository\io\netty\netty-buffer\4.1.87.Final\netty-buffer-4.1.87.Final.jar;C:\Users\user\.m2\repository\io\netty\netty-codec-http\4.1.87.Final\netty-codec-http-4.1.87.Final.jar;C:\Users\user\.m2\repository\io\netty\netty-codec\4.1.87.Final\netty-codec-4.1.87.Final.jar;C:\Users\user\.m2\repository\io\netty\netty-handler\4.1.87.Final\netty-handler-4.1.87.Final.jar;C:\Users\user\.m2\repository\io\netty\netty-common\4.1.87.Final\netty-common-4.1.87.Final.jar;C:\Users\user\.m2\repository\io\netty\netty-transport-classes-epoll\4.1.87.Final\netty-transport-classes-epoll-4.1.87.Final.jar;C:\Users\user\.m2\repository\io\netty\netty-transport-classes-kqueue\4.1.87.Final\netty-transport-classes-kqueue-4.1.87.Final.jar;C:\Users\user\.m2\repository\io\netty\netty-transport-native-epoll\4.1.87.Final\netty-transport-native-epoll-4.1.87.Final.jar;C:\Users\user\.m2\repository\io\netty\netty-transport-native-kqueue\4.1.87.Final\netty-transport-native-kqueue-4.1.87.Final.jar;C:\Users\user\.m2\repository\io\netty\netty-transport-native-unix-common\4.1.87.Final\netty-transport-native-unix-common-4.1.87.Final.jar;C:\Users\user\.m2\repository\io\netty\netty-transport\4.1.87.Final\netty-transport-4.1.87.Final.jar;C:\Users\user\.m2\repository\io\netty\netty-resolver\4.1.87.Final\netty-resolver-4.1.87.Final.jar;C:\Users\user\.m2\repository\io\opentelemetry\opentelemetry-api\1.22.0\opentelemetry-api-1.22.0.jar;C:\Users\user\.m2\repository\io\opentelemetry\opentelemetry-context\1.22.0\opentelemetry-context-1.22.0.jar;C:\Users\user\.m2\repository\io\opentelemetry\opentelemetry-exporter-logging\1.22.0\opentelemetry-exporter-logging-1.22.0.jar;C:\Users\user\.m2\repository\io\opentelemetry\opentelemetry-sdk-metrics\1.22.0\opentelemetry-sdk-metrics-1.22.0.jar;C:\Users\user\.m2\repository\io\opentelemetry\opentelemetry-sdk-logs\1.22.0-alpha\opentelemetry-sdk-logs-1.22.0-alpha.jar;C:\Users\user\.m2\repository\io\opentelemetry\opentelemetry-api-logs\1.22.0-alpha\opentelemetry-api-logs-1.22.0-alpha.jar;C:\Users\user\.m2\repository\io\opentelemetry\opentelemetry-sdk-common\1.22.0\opentelemetry-sdk-common-1.22.0.jar;C:\Users\user\.m2\repository\io\opentelemetry\opentelemetry-sdk-extension-autoconfigure-spi\1.22.0\opentelemetry-sdk-extension-autoconfigure-spi-1.22.0.jar;C:\Users\user\.m2\repository\io\opentelemetry\opentelemetry-sdk-extension-autoconfigure\1.22.0-alpha\opentelemetry-sdk-extension-autoconfigure-1.22.0-alpha.jar;C:\Users\user\.m2\repository\io\opentelemetry\opentelemetry-sdk-trace\1.22.0\opentelemetry-sdk-trace-1.22.0.jar;C:\Users\user\.m2\repository\io\opentelemetry\opentelemetry-sdk\1.22.0\opentelemetry-sdk-1.22.0.jar;C:\Users\user\.m2\repository\io\opentelemetry\opentelemetry-semconv\1.22.0-alpha\opentelemetry-semconv-1.22.0-alpha.jar;C:\Users\user\.m2\repository\io\ous\jtoml\2.0.0\jtoml-2.0.0.jar;C:\Users\user\.m2\repository\org\apache\commons\commons-exec\1.3\commons-exec-1.3.jar;C:\Users\user\.m2\repository\org\asynchttpclient\async-http-client\2.12.3\async-http-client-2.12.3.jar;C:\Users\user\.m2\repository\org\asynchttpclient\async-http-client-netty-utils\2.12.3\async-http-client-netty-utils-2.12.3.jar;C:\Users\user\.m2\repository\io\netty\netty-codec-socks\4.1.60.Final\netty-codec-socks-4.1.60.Final.jar;C:\Users\user\.m2\repository\io\netty\netty-handler-proxy\4.1.60.Final\netty-handler-proxy-4.1.60.Final.jar;C:\Users\user\.m2\repository\io\netty\netty-transport-native-epoll\4.1.60.Final\netty-transport-native-epoll-4.1.60.Final-linux-x86_64.jar;C:\Users\user\.m2\repository\io\netty\netty-transport-native-kqueue\4.1.60.Final\netty-transport-native-kqueue-4.1.60.Final-osx-x86_64.jar;C:\Users\user\.m2\repository\org\reactivestreams\reactive-streams\1.0.3\reactive-streams-1.0.3.jar;C:\Users\user\.m2\repository\com\typesafe\netty\netty-reactive-streams\2.0.4\netty-reactive-streams-2.0.4.jar;C:\Users\user\.m2\repository\org\seleniumhq\selenium\selenium-manager\4.8.1\selenium-manager-4.8.1.jar;C:\Users\user\.m2\repository\org\seleniumhq\selenium\selenium-safari-driver\4.8.1\selenium-safari-driver-4.8.1.jar;C:\Users\user\.m2\repository\org\seleniumhq\selenium\selenium-api\4.8.1\selenium-api-4.8.1.jar;C:\Users\user\.m2\repository\org\seleniumhq\selenium\selenium-support\4.8.1\selenium-support-4.8.1.jar;C:\Users\user\.m2\repository\com\google\auto\service\auto-service-annotations\1.0.1\auto-service-annotations-1.0.1.jar;C:\Users\user\.m2\repository\com\google\auto\service\auto-service\1.0.1\auto-service-1.0.1.jar;C:\Users\user\.m2\repository\com\google\auto\auto-common\1.2\auto-common-1.2.jar;C:\Users\user\.m2\repository\org\seleniumhq\selenium\selenium-json\4.8.1\selenium-json-4.8.1.jar;C:\Users\user\.m2\repository\org\seleniumhq\selenium\selenium-chrome-driver\4.8.1\selenium-chrome-driver-4.8.1.jar;C:\Users\user\.m2\repository\org\seleniumhq\selenium\selenium-chromium-driver\4.8.1\selenium-chromium-driver-4.8.1.jar;C:\Users\user\.m2\repository\org\seleniumhq\selenium\selenium-firefox-driver\4.8.1\selenium-firefox-driver-4.8.1.jar;C:\Users\user\.m2\repository\org\seleniumhq\selenium\selenium-http\4.8.1\selenium-http-4.8.1.jar;C:\Users\user\.m2\repository\dev\failsafe\failsafe\3.3.0\failsafe-3.3.0.jar;C:\Users\user\.m2\repository\org\seleniumhq\selenium\selenium-edge-driver\4.8.1\selenium-edge-driver-4.8.1.jar;C:\Users\user\.m2\repository\org\seleniumhq\selenium\selenium-ie-driver\4.8.1\selenium-ie-driver-4.8.1.jar;C:\Users\user\.m2\repository\org\projectlombok\lombok\1.18.20\lombok-1.18.20.jar;C:\Users\user\.m2\repository\io\appium\java-client\8.3.0\java-client-8.3.0.jar;C:\Users\user\.m2\repository\commons-validator\commons-validator\1.7\commons-validator-1.7.jar;C:\Users\user\.m2\repository\commons-digester\commons-digester\2.1\commons-digester-2.1.jar;C:\Users\user\.m2\repository\org\apache\groovy\groovy\4.0.10\groovy-4.0.10.jar;C:\Users\user\.m2\repository\net\sf\opencsv\opencsv\2.0\opencsv-2.0.jar;C:\Users\user\.m2\repository\commons-beanutils\commons-beanutils\1.9.4\commons-beanutils-1.9.4.jar;C:\Users\user\.m2\repository\org\apache\commons\commons-lang3\3.12.0\commons-lang3-3.12.0.jar;C:\Users\user\.m2\repository\commons-collections\commons-collections\3.2.2\commons-collections-3.2.2.jar;C:\Users\user\.m2\repository\org\fluentlenium\fluentlenium-core\0.10.2\fluentlenium-core-0.10.2.jar;C:\Users\user\.m2\repository\io\github\bonigarcia\webdrivermanager\5.3.0\webdrivermanager-5.3.0.jar;C:\Users\user\.m2\repository\com\github\docker-java\docker-java\3.2.13\docker-java-3.2.13.jar;C:\Users\user\.m2\repository\com\github\docker-java\docker-java-core\3.2.13\docker-java-core-3.2.13.jar;C:\Users\user\.m2\repository\com\github\docker-java\docker-java-api\3.2.13\docker-java-api-3.2.13.jar;C:\Users\user\.m2\repository\org\apache\commons\commons-compress\1.21\commons-compress-1.21.jar;C:\Users\user\.m2\repository\org\bouncycastle\bcpkix-jdk15on\1.64\bcpkix-jdk15on-1.64.jar;C:\Users\user\.m2\repository\org\bouncycastle\bcprov-jdk15on\1.64\bcprov-jdk15on-1.64.jar;C:\Users\user\.m2\repository\org\slf4j\jcl-over-slf4j\1.7.30\jcl-over-slf4j-1.7.30.jar;C:\Users\user\.m2\repository\com\github\docker-java\docker-java-transport-httpclient5\3.2.13\docker-java-transport-httpclient5-3.2.13.jar;C:\Users\user\.m2\repository\com\github\docker-java\docker-java-transport\3.2.13\docker-java-transport-3.2.13.jar;C:\Users\user\.m2\repository\net\java\dev\jna\jna\5.8.0\jna-5.8.0.jar;C:\Users\user\.m2\repository\org\brotli\dec\0.1.2\dec-0.1.2.jar;C:\Users\user\.m2\repository\org\apache\httpcomponents\client5\httpclient5\5.1.3\httpclient5-5.1.3.jar;C:\Users\user\.m2\repository\org\apache\httpcomponents\core5\httpcore5\5.1.3\httpcore5-5.1.3.jar;C:\Users\user\.m2\repository\org\apache\httpcomponents\core5\httpcore5-h2\5.1.3\httpcore5-h2-5.1.3.jar;C:\Users\user\.m2\repository\com\jhlabs\filters\2.0.235\filters-2.0.235.jar;C:\Users\user\.m2\repository\com\paulhammant\ngwebdriver\1.1.6\ngwebdriver-1.1.6.jar;C:\Users\user\.m2\repository\joda-time\joda-time\2.12.2\joda-time-2.12.2.jar;C:\Users\user\.m2\repository\org\hamcrest\hamcrest\2.2\hamcrest-2.2.jar;C:\Users\user\.m2\repository\com\google\jimfs\jimfs\1.2\jimfs-1.2.jar;C:\Users\user\.m2\repository\org\mockito\mockito-core\3.3.3\mockito-core-3.3.3.jar;C:\Users\user\.m2\repository\javax\xml\bind\jaxb-api\2.3.1\jaxb-api-2.3.1.jar;C:\Users\user\.m2\repository\javax\activation\javax.activation-api\1.2.0\javax.activation-api-1.2.0.jar;C:\Users\user\.m2\repository\com\sun\xml\bind\jaxb-core\2.3.0.1\jaxb-core-2.3.0.1.jar;C:\Users\user\.m2\repository\com\sun\xml\bind\jaxb-impl\2.3.3\jaxb-impl-2.3.3.jar;C:\Users\user\.m2\repository\jakarta\xml\bind\jakarta.xml.bind-api\2.3.3\jakarta.xml.bind-api-2.3.3.jar;C:\Users\user\.m2\repository\com\sun\activation\jakarta.activation\1.2.2\jakarta.activation-1.2.2.jar;C:\Users\user\.m2\repository\javax\activation\activation\1.1.1\activation-1.1.1.jar;C:\Users\user\.m2\repository\net\serenity-bdd\serenity-cucumber\3.6.21\serenity-cucumber-3.6.21.jar;C:\Users\user\.m2\repository\io\cucumber\cucumber-core\7.11.0\cucumber-core-7.11.0.jar;C:\Users\user\.m2\repository\io\cucumber\cucumber-gherkin\7.11.0\cucumber-gherkin-7.11.0.jar;C:\Users\user\.m2\repository\io\cucumber\cucumber-gherkin-messages\7.11.0\cucumber-gherkin-messages-7.11.0.jar;C:\Users\user\.m2\repository\io\cucumber\gherkin\26.0.3\gherkin-26.0.3.jar;C:\Users\user\.m2\repository\io\cucumber\messages\21.0.1\messages-21.0.1.jar;C:\Users\user\.m2\repository\io\cucumber\tag-expressions\5.0.1\tag-expressions-5.0.1.jar;C:\Users\user\.m2\repository\io\cucumber\cucumber-expressions\16.1.1\cucumber-expressions-16.1.1.jar;C:\Users\user\.m2\repository\io\cucumber\datatable\7.11.0\datatable-7.11.0.jar;C:\Users\user\.m2\repository\io\cucumber\cucumber-plugin\7.11.0\cucumber-plugin-7.11.0.jar;C:\Users\user\.m2\repository\io\cucumber\docstring\7.11.0\docstring-7.11.0.jar;C:\Users\user\.m2\repository\io\cucumber\html-formatter\20.2.1\html-formatter-20.2.1.jar;C:\Users\user\.m2\repository\io\cucumber\junit-xml-formatter\0.1.0\junit-xml-formatter-0.1.0.jar;C:\Users\user\.m2\repository\io\cucumber\ci-environment\9.1.0\ci-environment-9.1.0.jar;C:\Users\user\.m2\repository\io\cucumber\cucumber-java\7.11.0\cucumber-java-7.11.0.jar;C:\Users\user\.m2\repository\io\cucumber\cucumber-junit\7.11.0\cucumber-junit-7.11.0.jar;C:\Users\user\.m2\repository\org\apache\commons\commons-csv\1.5\commons-csv-1.5.jar;C:\Users\user\.m2\repository\net\serenity-bdd\serenity-screenplay\3.6.21\serenity-screenplay-3.6.21.jar;C:\Users\user\.m2\repository\net\serenity-bdd\serenity-screenplay-webdriver\3.6.21\serenity-screenplay-webdriver-3.6.21.jar;C:\Users\user\.m2\repository\net\serenity-bdd\serenity-ensure\3.6.21\serenity-ensure-3.6.21.jar;C:\Users\user\.m2\repository\net\serenity-bdd\serenity-junit\3.6.21\serenity-junit-3.6.21.jar;C:\Users\user\.m2\repository\org\jetbrains\kotlin\kotlin-stdlib\1.8.10\kotlin-stdlib-1.8.10.jar;C:\Users\user\.m2\repository\org\jetbrains\kotlin\kotlin-stdlib-common\1.8.10\kotlin-stdlib-common-1.8.10.jar;C:\Users\user\.m2\repository\org\jetbrains\annotations\13.0\annotations-13.0.jar;C:\Users\user\.m2\repository\org\junit\platform\junit-platform-launcher\1.8.2\junit-platform-launcher-1.8.2.jar;C:\Users\user\.m2\repository\org\junit\platform\junit-platform-engine\1.8.2\junit-platform-engine-1.8.2.jar;C:\Users\user\.m2\repository\org\opentest4j\opentest4j\1.2.0\opentest4j-1.2.0.jar;C:\Users\user\.m2\repository\org\junit\platform\junit-platform-commons\1.8.2\junit-platform-commons-1.8.2.jar;C:\Users\user\.m2\repository\org\apiguardian\apiguardian-api\1.1.2\apiguardian-api-1.1.2.jar;C:\Users\user\.m2\repository\org\junit\jupiter\junit-jupiter-engine\5.8.2\junit-jupiter-engine-5.8.2.jar;C:\Users\user\.m2\repository\org\junit\jupiter\junit-jupiter-api\5.8.2\junit-jupiter-api-5.8.2.jar;C:\Users\user\.m2\repository\org\junit\vintage\junit-vintage-engine\5.8.2\junit-vintage-engine-5.8.2.jar;C:\Users\user\.m2\repository\junit\junit\4.13.2\junit-4.13.2.jar;C:\Users\user\.m2\repository\org\hamcrest\hamcrest-core\1.3\hamcrest-core-1.3.jar;C:\Users\user\.m2\repository\ch\qos\logback\logback-classic\1.2.10\logback-classic-1.2.10.jar;C:\Users\user\.m2\repository\ch\qos\logback\logback-core\1.2.10\logback-core-1.2.10.jar;C:\Users\user\.m2\repository\org\slf4j\slf4j-api\1.7.32\slf4j-api-1.7.32.jar;C:\Users\user\.m2\repository\org\assertj\assertj-core\3.23.1\assertj-core-3.23.1.jar;C:\Users\user\.m2\repository\net\bytebuddy\byte-buddy\1.12.10\byte-buddy-1.12.10.jar;C:\Users\user\.m2\repository\org\apache\maven\surefire\surefire-junit-platform\3.0.0-M5\surefire-junit-platform-3.0.0-M5.jar;C:\Users\user\.m2\repository\org\apache\maven\surefire\common-java5\3.0.0-M5\common-java5-3.0.0-M5.jar"/>
    <property name="user.script" value=""/>
    <property name="java.protocol.handler.pkgs" value="com.google.common"/>
    <property name="sun.management.compiler" value="HotSpot 64-Bit Tiered Compilers"/>
    <property name="java.runtime.version" value="11.0.15.1+2-LTS-10"/>
    <property name="user.name" value="user"/>
    <property name="path.separator" value=";"/>
    <property name="os.version" value="10.0"/>
    <property name="java.runtime.name" value="Java(TM) SE Runtime Environment"/>
    <property name="file.encoding" value="Cp1252"/>
    <property name="webdriver.base.url" value=""/>
    <property name="java.vm.name" value="Java HotSpot(TM) 64-Bit Server VM"/>
    <property name="java.vendor.version" value="18.9"/>
    <property name="localRepository" value="C:\Users\user\.m2\repository"/>
    <property name="java.vendor.url.bug" value="https://bugreport.java.com/bugreport/"/>
    <property name="java.io.tmpdir" value="C:\Users\user\AppData\Local\Temp\"/>
    <property name="java.version" value="11.0.15.1"/>
    <property name="user.dir" value="C:\Prioritas1\alta"/>
    <property name="os.arch" value="amd64"/>
    <property name="java.vm.specification.name" value="Java Virtual Machine Specification"/>
    <property name="java.awt.printerjob" value="sun.awt.windows.WPrinterJob"/>
    <property name="sun.os.patch.level" value=""/>
    <property name="java.library.path" value="C:\Program Files\Java\jdk-11.0.15.1\bin;C:\Windows\Sun\Java\bin;C:\Windows\system32;C:\Windows;C:\Program Files\Common Files\Oracle\Java\javapath;C:\Program Files (x86)\Common Files\Oracle\Java\javapath;C:\ProgramData\Oracle\Java\javapath;C:\Windows\system32;C:\Windows;C:\Windows\System32\Wbem;C:\Windows\System32\WindowsPowerShell\v1.0\;C:\Windows\System32\OpenSSH\;C:\Program Files\NVIDIA Corporation\NVIDIA NvDLISR;C:\Program Files (x86)\NVIDIA Corporation\PhysX\Common;C:\Program Files (x86)\dotnet\;C:\Program Files\Git\cmd;C:\PROGRA~1\IBM\SQLLIB\BIN;C:\PROGRA~1\IBM\SQLLIB\FUNCTION;C:\PROGRA~1\IBM\SQLLIB\SAMPLES\REPL;C:\xampp\php;C:\composer;C:\hadoop\bin;C:\hadoop\sbin;C:\Program Files\nodejs\;D:\apache-maven-3.9.1\bin;C:\Program Files\Java\jdk-11.0.15.1\bin;C:\Users\user\scoop\shims;C:\Users\user\AppData\Local\Programs\Python\Python311\Scripts\;C:\Users\user\AppData\Local\Programs\Python\Python311\;C:\Users\user\AppData\Local\Programs\Eclipse Adoptium\jdk-17.0.1.12-hotspot\bin;C:\Users\user\AppData\Local\Microsoft\WindowsApps;E:\Microsoft VS Code\bin;C:\Users\user\AppData\Roaming\Composer\vendor\bin;C:\hadoop\bin;C:\Users\user\OneDrive\Documents\Big Data\spark\bin;C:\Users\user\AppData\Local\GitHubDesktop\bin;C:\Users\user\AppData\Roaming\npm;C:\Users\user\AppData\Local\spicetify;."/>
    <property name="java.vendor" value="Oracle Corporation"/>
    <property name="java.vm.info" value="mixed mode"/>
    <property name="java.vm.version" value="11.0.15.1+2-LTS-10"/>
    <property name="sun.io.unicode.encoding" value="UnicodeLittle"/>
    <property name="java.class.version" value="55.0"/>
  </properties>
  <testcase name="User Successfully add item to cart" classname="Add to Cart" time="10.499">
    <system-out><![CDATA[21:34:39.745 [main] DEBUG net.thucydides.core.guice.Injectors - Created injector for module net.thucydides.core.guice.ThucydidesModule
21:34:40.073 [main] DEBUG io.cucumber.core.plugin.SerenityReporter - Running feature from file:///C:/Prioritas1/alta/src/test/resources/features/AddToCart.feature
21:34:40.260 [main] DEBUG net.thucydides.core.guice.Injectors - Created injector for module net.thucydides.core.guice.webdriver.WebDriverModule
21:34:40.277 [main] INFO  - 

-------------------------------------------------------------------------------------
     _______. _______ .______       _______ .__   __.  __  .___________.____    ____ 
    /       ||   ____||   _  \     |   ____||  \ |  | |  | |           |\   \  /   / 
   |   (----`|  |__   |  |_)  |    |  |__   |   \|  | |  | `---|  |----` \   \/   /  
    \   \    |   __|  |      /     |   __|  |  . `  | |  |     |  |       \_    _/   
.----)   |   |  |____ |  |\  \----.|  |____ |  |\   | |  |     |  |         |  |     
|_______/    |_______|| _| `._____||_______||__| \__| |__|     |__|         |__|    
                                                                                     
 News and tutorials at http://www.serenity-bdd.info                                  
 Documentation at https://wakaleo.gitbooks.io/the-serenity-book/content/             
 Join the Serenity Community on Gitter: https://gitter.im/serenity-bdd/serenity-core 
 Serenity BDD Support and Training at http://serenity-bdd.info/#/trainingandsupport  
-------------------------------------------------------------------------------------

21:34:40.280 [main] DEBUG net.thucydides.core.steps.StepEventBus - Test suite started for story net.thucydides.core.model.Story@f400f1de
21:34:40.282 [main] INFO  - Test Suite Started: Add to Cart
21:34:40.300 [main] DEBUG io.cucumber.core.plugin.SerenityReporter - Running feature from file:///C:/Prioritas1/alta/src/test/resources/features/Checkout.feature
21:34:40.305 [main] DEBUG net.thucydides.core.steps.StepEventBus - Test suite started for story net.thucydides.core.model.Story@65fd1e8
21:34:40.309 [main] INFO  - Test Suite Started: Checkout
21:34:40.309 [main] DEBUG io.cucumber.core.plugin.SerenityReporter - Running feature from file:///C:/Prioritas1/alta/src/test/resources/features/Logout.feature
21:34:40.314 [main] DEBUG net.thucydides.core.steps.StepEventBus - Test suite started for story net.thucydides.core.model.Story@827fa538
21:34:40.315 [main] INFO  - Test Suite Started: Logout after checkout
21:34:40.316 [main] DEBUG io.cucumber.core.plugin.SerenityReporter - Running feature from file:///C:/Prioritas1/alta/src/test/resources/features/AddToCart.feature
21:34:40.320 [main] DEBUG net.thucydides.core.steps.StepEventBus - Test suite started for story net.thucydides.core.model.Story@f400f1de
21:34:40.320 [main] INFO  - Test Suite Started: Add to Cart

Scenario: User Successfully add item to cart &amp#27;[90m# src/test/resources/features/AddToCart.feature:6&amp#27;[0m
21:34:40.418 [main] DEBUG io.cucumber.core.plugin.SerenityReporter - Running feature from file:///C:/Prioritas1/alta/src/test/resources/features/AddToCart.feature
21:34:40.584 [main] INFO  - 
  _____   ___   ___   _____     ___   _____     _     ___   _____   ___   ___  
 |_   _| | __| / __| |_   _|   / __| |_   _|   /_\   | _ \ |_   _| | __| |   \ 
   | |   | _|  \__ \   | |     \__ \   | |    / _ \  |   /   | |   | _|  | |) |
   |_|   |___| |___/   |_|     |___/   |_|   /_/ \_\ |_|_\   |_|   |___| |___/ 

User Successfully add item to cart(add-to-cart;user-successfully-add-item-to-cart)
--------------------------------------------------------------------------------
21:34:40.670 [main] DEBUG net.thucydides.core.requirements.model.cucumber.CucumberParser - Loading feature C:\Prioritas1\alta\src\test\resources\features\AddToCart.feature
21:34:40.694 [main] DEBUG net.thucydides.core.requirements.model.cucumber.CucumberParser - Loading feature C:\Prioritas1\alta\src\test\resources\features\Checkout.feature
21:34:40.700 [main] DEBUG net.thucydides.core.requirements.model.cucumber.CucumberParser - Loading feature C:\Prioritas1\alta\src\test\resources\features\Logout.feature
21:34:41.650 [main] DEBUG net.thucydides.core.steps.StepInterceptor - STARTING STEP: AddToCartSteps.onTheLoginPage - openPage
21:34:41.806 [main] INFO net.serenitybdd.core.webdriver.driverproviders.ChromeDriverProvider - Starting Chrome driver instance with capabilities:
21:34:41.809 [main] INFO net.serenitybdd.core.webdriver.driverproviders.ChromeDriverProvider - Capabilities {acceptInsecureCerts: false, browserName: chrome, goog:chromeOptions: {args: [remote-allow-origins=*], extensions: []}}
21:34:41.930 [main] DEBUG io.netty.util.internal.logging.InternalLoggerFactory - Using SLF4J as the default logging framework
21:34:41.934 [main] DEBUG io.netty.util.ResourceLeakDetector - -Dio.netty.leakDetection.level: simple
21:34:41.934 [main] DEBUG io.netty.util.ResourceLeakDetector - -Dio.netty.leakDetection.targetRecords: 4
21:34:41.942 [main] DEBUG io.netty.util.ResourceLeakDetectorFactory - Loaded default ResourceLeakDetector: io.netty.util.ResourceLeakDetector@5d7dd549
21:34:41.970 [main] DEBUG io.netty.util.internal.PlatformDependent0 - -Dio.netty.noUnsafe: false
21:34:41.970 [main] DEBUG io.netty.util.internal.PlatformDependent0 - Java version: 11
21:34:41.971 [main] DEBUG io.netty.util.internal.PlatformDependent0 - sun.misc.Unsafe.theUnsafe: available
21:34:41.972 [main] DEBUG io.netty.util.internal.PlatformDependent0 - sun.misc.Unsafe.copyMemory: available
21:34:41.973 [main] DEBUG io.netty.util.internal.PlatformDependent0 - sun.misc.Unsafe.storeFence: available
21:34:41.974 [main] DEBUG io.netty.util.internal.PlatformDependent0 - java.nio.Buffer.address: available
21:34:41.975 [main] DEBUG io.netty.util.internal.PlatformDependent0 - direct buffer constructor: unavailable: Reflective setAccessible(true) disabled
21:34:41.976 [main] DEBUG io.netty.util.internal.PlatformDependent0 - java.nio.Bits.unaligned: available, true
21:34:41.977 [main] DEBUG io.netty.util.internal.PlatformDependent0 - jdk.internal.misc.Unsafe.allocateUninitializedArray(int): unavailable: class io.netty.util.internal.PlatformDependent0$7 cannot access class jdk.internal.misc.Unsafe (in module java.base) because module java.base does not export jdk.internal.misc to unnamed module @750fe12e
21:34:41.979 [main] DEBUG io.netty.util.internal.PlatformDependent0 - java.nio.DirectByteBuffer.<init>(long, int): unavailable
21:34:41.979 [main] DEBUG io.netty.util.internal.PlatformDependent - sun.misc.Unsafe: available
21:34:41.980 [main] DEBUG io.netty.util.internal.PlatformDependent - maxDirectMemory: 4257218560 bytes (maybe)
21:34:41.981 [main] DEBUG io.netty.util.internal.PlatformDependent - -Dio.netty.tmpdir: C:\Users\user\AppData\Local\Temp (java.io.tmpdir)
21:34:41.981 [main] DEBUG io.netty.util.internal.PlatformDependent - -Dio.netty.bitMode: 64 (sun.arch.data.model)
21:34:41.982 [main] DEBUG io.netty.util.internal.PlatformDependent - Platform: Windows
21:34:41.983 [main] DEBUG io.netty.util.internal.PlatformDependent - -Dio.netty.maxDirectMemory: -1 bytes
21:34:41.983 [main] DEBUG io.netty.util.internal.PlatformDependent - -Dio.netty.uninitializedArrayAllocationThreshold: -1
21:34:41.984 [main] DEBUG io.netty.util.internal.CleanerJava9 - java.nio.ByteBuffer.cleaner(): available
21:34:41.985 [main] DEBUG io.netty.util.internal.PlatformDependent - -Dio.netty.noPreferDirect: false
21:34:41.996 [main] DEBUG io.netty.util.internal.PlatformDependent - org.jctools-core.MpscChunkedArrayQueue: available
21:34:42.024 [main] DEBUG io.netty.util.internal.InternalThreadLocalMap - -Dio.netty.threadLocalMap.stringBuilder.initialSize: 1024
21:34:42.024 [main] DEBUG io.netty.util.internal.InternalThreadLocalMap - -Dio.netty.threadLocalMap.stringBuilder.maxSize: 4096
21:34:42.250 [main] DEBUG io.netty.handler.ssl.JdkSslContext - Default protocols (JDK): [TLSv1.3, TLSv1.2] 
21:34:42.250 [main] DEBUG io.netty.handler.ssl.JdkSslContext - Default cipher suites (JDK): [TLS_ECDHE_ECDSA_WITH_AES_256_GCM_SHA384, TLS_ECDHE_ECDSA_WITH_AES_128_GCM_SHA256, TLS_ECDHE_RSA_WITH_AES_128_GCM_SHA256, TLS_ECDHE_RSA_WITH_AES_256_GCM_SHA384, TLS_ECDHE_RSA_WITH_AES_128_CBC_SHA, TLS_ECDHE_RSA_WITH_AES_256_CBC_SHA, TLS_RSA_WITH_AES_128_GCM_SHA256, TLS_RSA_WITH_AES_128_CBC_SHA, TLS_RSA_WITH_AES_256_CBC_SHA, TLS_AES_128_GCM_SHA256, TLS_AES_256_GCM_SHA384]
21:34:42.287 [main] DEBUG io.netty.channel.MultithreadEventLoopGroup - -Dio.netty.eventLoopThreads: 24
21:34:42.298 [main] DEBUG io.netty.channel.nio.NioEventLoop - -Dio.netty.noKeySetOptimization: false
21:34:42.298 [main] DEBUG io.netty.channel.nio.NioEventLoop - -Dio.netty.selectorAutoRebuildThreshold: 512
21:34:42.356 [main] DEBUG io.netty.buffer.PooledByteBufAllocator - -Dio.netty.allocator.numHeapArenas: 24
21:34:42.356 [main] DEBUG io.netty.buffer.PooledByteBufAllocator - -Dio.netty.allocator.numDirectArenas: 24
21:34:42.356 [main] DEBUG io.netty.buffer.PooledByteBufAllocator - -Dio.netty.allocator.pageSize: 8192
21:34:42.356 [main] DEBUG io.netty.buffer.PooledByteBufAllocator - -Dio.netty.allocator.maxOrder: 9
21:34:42.356 [main] DEBUG io.netty.buffer.PooledByteBufAllocator - -Dio.netty.allocator.chunkSize: 4194304
21:34:42.356 [main] DEBUG io.netty.buffer.PooledByteBufAllocator - -Dio.netty.allocator.smallCacheSize: 256
21:34:42.356 [main] DEBUG io.netty.buffer.PooledByteBufAllocator - -Dio.netty.allocator.normalCacheSize: 64
21:34:42.356 [main] DEBUG io.netty.buffer.PooledByteBufAllocator - -Dio.netty.allocator.maxCachedBufferCapacity: 32768
21:34:42.356 [main] DEBUG io.netty.buffer.PooledByteBufAllocator - -Dio.netty.allocator.cacheTrimInterval: 8192
21:34:42.356 [main] DEBUG io.netty.buffer.PooledByteBufAllocator - -Dio.netty.allocator.cacheTrimIntervalMillis: 0
21:34:42.356 [main] DEBUG io.netty.buffer.PooledByteBufAllocator - -Dio.netty.allocator.useCacheForAllThreads: false
21:34:42.356 [main] DEBUG io.netty.buffer.PooledByteBufAllocator - -Dio.netty.allocator.maxCachedByteBuffersPerChunk: 1023
21:34:42.374 [main] DEBUG io.netty.buffer.ByteBufUtil - -Dio.netty.allocator.type: pooled
21:34:42.375 [main] DEBUG io.netty.buffer.ByteBufUtil - -Dio.netty.threadLocalDirectBufferSize: 0
21:34:42.375 [main] DEBUG io.netty.buffer.ByteBufUtil - -Dio.netty.maxThreadLocalCharBufferSize: 16384
21:34:42.681 [Forwarding newSession on session null to remote] DEBUG io.netty.channel.DefaultChannelId - -Dio.netty.processId: 4000 (auto-detected)
21:34:42.684 [Forwarding newSession on session null to remote] DEBUG io.netty.util.NetUtil - -Djava.net.preferIPv4Stack: false
21:34:42.684 [Forwarding newSession on session null to remote] DEBUG io.netty.util.NetUtil - -Djava.net.preferIPv6Addresses: false
21:34:43.114 [Forwarding newSession on session null to remote] DEBUG io.netty.util.NetUtilInitializations - Loopback interface: lo (Software Loopback Interface 1, 127.0.0.1)
21:34:43.116 [Forwarding newSession on session null to remote] DEBUG io.netty.util.NetUtil - Failed to get SOMAXCONN from sysctl and file \proc\sys\net\core\somaxconn. Default: 200
21:34:43.138 [Forwarding newSession on session null to remote] DEBUG io.netty.channel.DefaultChannelId - -Dio.netty.machineId: 38:00:25:ff:fe:a0:6e:b9 (auto-detected)
21:34:43.207 [AsyncHttpClient-1-2] DEBUG io.netty.buffer.AbstractByteBuf - -Dio.netty.buffer.checkAccessible: true
21:34:43.208 [AsyncHttpClient-1-2] DEBUG io.netty.buffer.AbstractByteBuf - -Dio.netty.buffer.checkBounds: true
21:34:43.208 [AsyncHttpClient-1-2] DEBUG io.netty.util.ResourceLeakDetectorFactory - Loaded default ResourceLeakDetector: io.netty.util.ResourceLeakDetector@46a71b9e
21:34:43.227 [AsyncHttpClient-1-2] DEBUG org.asynchttpclient.netty.channel.NettyConnectListener - Using new Channel '[id: 0xab69aba0, L:/127.0.0.1:55914 - R:localhost/127.0.0.1:24341]' for 'POST' to '/session'
21:34:43.256 [AsyncHttpClient-1-2] DEBUG io.netty.util.Recycler - -Dio.netty.recycler.maxCapacityPerThread: 4096
21:34:43.256 [AsyncHttpClient-1-2] DEBUG io.netty.util.Recycler - -Dio.netty.recycler.ratio: 8
21:34:43.256 [AsyncHttpClient-1-2] DEBUG io.netty.util.Recycler - -Dio.netty.recycler.chunkSize: 32
21:34:43.256 [AsyncHttpClient-1-2] DEBUG io.netty.util.Recycler - -Dio.netty.recycler.blocking: false
21:34:43.950 [AsyncHttpClient-1-2] DEBUG io.netty.handler.codec.compression.Brotli - brotli4j not in the classpath; Brotli support will be unavailable.
21:34:43.950 [AsyncHttpClient-1-2] DEBUG org.asynchttpclient.netty.handler.HttpHandler - 

Request DefaultHttpRequest(decodeResult: success, version: HTTP/1.1)
POST /session HTTP/1.1
User-Agent: selenium/4.8.1 (java windows)
Content-Length: 507
Content-Type: application/json; charset=utf-8
host: localhost:24341
accept: */*

Response DefaultHttpResponse(decodeResult: success, version: HTTP/1.1)
HTTP/1.1 200 OK
Content-Length: 858
Content-Type: application/json; charset=utf-8
cache-control: no-cache

21:34:43.960 [AsyncHttpClient-1-2] DEBUG org.asynchttpclient.netty.channel.ChannelManager - Adding key: http://localhost:24341 for channel [id: 0xab69aba0, L:/127.0.0.1:55914 - R:localhost/127.0.0.1:24341]
21:34:44.055 [AsyncHttpClient-1-3] DEBUG org.asynchttpclient.netty.channel.NettyConnectListener - Using new Channel '[id: 0x7d66637a, L:/127.0.0.1:55921 - R:localhost/127.0.0.1:55915]' for 'GET' to '/json/version'
21:34:44.058 [AsyncHttpClient-1-3] DEBUG org.asynchttpclient.netty.handler.HttpHandler - 

Request DefaultFullHttpRequest(decodeResult: success, version: HTTP/1.1, content: EmptyByteBufBE)
GET /json/version HTTP/1.1
User-Agent: selenium/4.8.1 (java windows)
host: localhost:55915
accept: */*

Response DefaultHttpResponse(decodeResult: success, version: HTTP/1.1)
HTTP/1.1 200 OK
Content-Security-Policy: frame-ancestors 'none'
Content-Length: 424
Content-Type: application/json; charset=UTF-8

21:34:44.059 [AsyncHttpClient-1-3] DEBUG org.asynchttpclient.netty.channel.ChannelManager - Adding key: http://localhost:55915 for channel [id: 0x7d66637a, L:/127.0.0.1:55921 - R:localhost/127.0.0.1:55915]
21:34:44.071 [main] DEBUG io.netty.util.internal.ThreadLocalRandom - -Dio.netty.initialSeedUniquifier: 0x558e12849600967e
21:34:44.090 [AsyncHttpClient-1-4] DEBUG org.asynchttpclient.netty.channel.NettyConnectListener - Using new Channel '[id: 0x88ce6072, L:/127.0.0.1:55922 - R:localhost/127.0.0.1:55915]' for 'GET' to '/devtools/browser/28e0a3d3-b0ce-4aa6-a652-c4cb0183bc13'
21:34:44.094 [AsyncHttpClient-1-4] DEBUG org.asynchttpclient.netty.handler.WebSocketHandler - 

Request DefaultFullHttpRequest(decodeResult: success, version: HTTP/1.1, content: EmptyByteBufBE)
GET /devtools/browser/28e0a3d3-b0ce-4aa6-a652-c4cb0183bc13 HTTP/1.1
upgrade: websocket
connection: upgrade
sec-websocket-key: GGqOSbrXV2PNW6pNfLJMmQ==
sec-websocket-version: 13
origin: http://localhost:55915
host: localhost:55915
accept: */*
user-agent: AHC/2.1

Response DefaultHttpResponse(decodeResult: success, version: HTTP/1.1)
HTTP/1.1 101 WebSocket Protocol Handshake
Upgrade: WebSocket
Connection: Upgrade
Sec-WebSocket-Accept: gUR2TSFFTMBQbkWNyhALT0UUXJA=

21:34:44.289 [Forwarding get on session 90cdc4615931637e7b77e3767dac3d58 to remote] DEBUG org.asynchttpclient.netty.request.NettyRequestSender - Using pooled Channel '[id: 0xab69aba0, L:/127.0.0.1:55914 - R:localhost/127.0.0.1:24341]' for 'POST' to 'http://localhost:24341/session/90cdc4615931637e7b77e3767dac3d58/url'
21:34:44.289 [Forwarding get on session 90cdc4615931637e7b77e3767dac3d58 to remote] DEBUG org.asynchttpclient.netty.request.NettyRequestSender - Using open Channel [id: 0xab69aba0, L:/127.0.0.1:55914 - R:localhost/127.0.0.1:24341] for POST '/session/90cdc4615931637e7b77e3767dac3d58/url'
21:34:44.404 [AsyncHttpClient-1-1] DEBUG org.asynchttpclient.netty.channel.DefaultChannelPool - Entry count for : http://localhost:55915 : 1
21:34:44.954 [AsyncHttpClient-1-2] DEBUG org.asynchttpclient.netty.handler.HttpHandler - 

Request DefaultHttpRequest(decodeResult: success, version: HTTP/1.1)
POST /session/90cdc4615931637e7b77e3767dac3d58/url HTTP/1.1
User-Agent: selenium/4.8.1 (java windows)
Content-Length: 56
Content-Type: application/json; charset=utf-8
host: localhost:24341
accept: */*

Response DefaultHttpResponse(decodeResult: success, version: HTTP/1.1)
HTTP/1.1 200 OK
Content-Length: 14
Content-Type: application/json; charset=utf-8
cache-control: no-cache

21:34:44.955 [AsyncHttpClient-1-2] DEBUG org.asynchttpclient.netty.channel.ChannelManager - Adding key: http://localhost:24341 for channel [id: 0xab69aba0, L:/127.0.0.1:55914 - R:localhost/127.0.0.1:24341]
21:34:44.961 [Forwarding setTimeout on session 90cdc4615931637e7b77e3767dac3d58 to remote] DEBUG org.asynchttpclient.netty.request.NettyRequestSender - Using pooled Channel '[id: 0xab69aba0, L:/127.0.0.1:55914 - R:localhost/127.0.0.1:24341]' for 'POST' to 'http://localhost:24341/session/90cdc4615931637e7b77e3767dac3d58/timeouts'
21:34:44.961 [Forwarding setTimeout on session 90cdc4615931637e7b77e3767dac3d58 to remote] DEBUG org.asynchttpclient.netty.request.NettyRequestSender - Using open Channel [id: 0xab69aba0, L:/127.0.0.1:55914 - R:localhost/127.0.0.1:24341] for POST '/session/90cdc4615931637e7b77e3767dac3d58/timeouts'
21:34:44.964 [AsyncHttpClient-1-2] DEBUG org.asynchttpclient.netty.handler.HttpHandler - 

Request DefaultHttpRequest(decodeResult: success, version: HTTP/1.1)
POST /session/90cdc4615931637e7b77e3767dac3d58/timeouts HTTP/1.1
User-Agent: selenium/4.8.1 (java windows)
Content-Length: 22
Content-Type: application/json; charset=utf-8
host: localhost:24341
accept: */*

Response DefaultHttpResponse(decodeResult: success, version: HTTP/1.1)
HTTP/1.1 200 OK
Content-Length: 14
Content-Type: application/json; charset=utf-8
cache-control: no-cache

21:34:44.964 [AsyncHttpClient-1-2] DEBUG org.asynchttpclient.netty.channel.ChannelManager - Adding key: http://localhost:24341 for channel [id: 0xab69aba0, L:/127.0.0.1:55914 - R:localhost/127.0.0.1:24341]
21:34:45.014 [main] DEBUG net.serenitybdd.core.photography.Darkroom - Opening darkroom
21:34:45.054 [Darkroom Processing Line] DEBUG net.serenitybdd.core.photography.DarkroomProcessingLine - Darkroom processing line starting up
21:34:45.061 [Forwarding getAlertText on session 90cdc4615931637e7b77e3767dac3d58 to remote] DEBUG org.asynchttpclient.netty.request.NettyRequestSender - Using pooled Channel '[id: 0xab69aba0, L:/127.0.0.1:55914 - R:localhost/127.0.0.1:24341]' for 'GET' to 'http://localhost:24341/session/90cdc4615931637e7b77e3767dac3d58/alert/text'
21:34:45.061 [Forwarding getAlertText on session 90cdc4615931637e7b77e3767dac3d58 to remote] DEBUG org.asynchttpclient.netty.request.NettyRequestSender - Using open Channel [id: 0xab69aba0, L:/127.0.0.1:55914 - R:localhost/127.0.0.1:24341] for GET '/session/90cdc4615931637e7b77e3767dac3d58/alert/text'
21:34:45.070 [AsyncHttpClient-1-2] DEBUG org.asynchttpclient.netty.handler.HttpHandler - 

Request DefaultFullHttpRequest(decodeResult: success, version: HTTP/1.1, content: EmptyByteBufBE)
GET /session/90cdc4615931637e7b77e3767dac3d58/alert/text HTTP/1.1
User-Agent: selenium/4.8.1 (java windows)
Cache-Control: no-cache
Content-Type: application/json; charset=utf-8
host: localhost:24341
accept: */*

Response DefaultHttpResponse(decodeResult: success, version: HTTP/1.1)
HTTP/1.1 404 Not Found
Content-Length: 836
Content-Type: application/json; charset=utf-8
cache-control: no-cache

21:34:45.070 [AsyncHttpClient-1-2] DEBUG org.asynchttpclient.netty.channel.ChannelManager - Adding key: http://localhost:24341 for channel [id: 0xab69aba0, L:/127.0.0.1:55914 - R:localhost/127.0.0.1:24341]
21:34:45.087 [Forwarding getCurrentUrl on session 90cdc4615931637e7b77e3767dac3d58 to remote] DEBUG org.asynchttpclient.netty.request.NettyRequestSender - Using pooled Channel '[id: 0xab69aba0, L:/127.0.0.1:55914 - R:localhost/127.0.0.1:24341]' for 'GET' to 'http://localhost:24341/session/90cdc4615931637e7b77e3767dac3d58/url'
21:34:45.087 [Forwarding getCurrentUrl on session 90cdc4615931637e7b77e3767dac3d58 to remote] DEBUG org.asynchttpclient.netty.request.NettyRequestSender - Using open Channel [id: 0xab69aba0, L:/127.0.0.1:55914 - R:localhost/127.0.0.1:24341] for GET '/session/90cdc4615931637e7b77e3767dac3d58/url'
21:34:45.095 [AsyncHttpClient-1-2] DEBUG org.asynchttpclient.netty.handler.HttpHandler - 

Request DefaultFullHttpRequest(decodeResult: success, version: HTTP/1.1, content: EmptyByteBufBE)
GET /session/90cdc4615931637e7b77e3767dac3d58/url HTTP/1.1
User-Agent: selenium/4.8.1 (java windows)
Cache-Control: no-cache
Content-Type: application/json; charset=utf-8
host: localhost:24341
accept: */*

Response DefaultHttpResponse(decodeResult: success, version: HTTP/1.1)
HTTP/1.1 200 OK
Content-Length: 38
Content-Type: application/json; charset=utf-8
cache-control: no-cache

21:34:45.095 [AsyncHttpClient-1-2] DEBUG org.asynchttpclient.netty.channel.ChannelManager - Adding key: http://localhost:24341 for channel [id: 0xab69aba0, L:/127.0.0.1:55914 - R:localhost/127.0.0.1:24341]
21:34:45.100 [Forwarding screenshot on session 90cdc4615931637e7b77e3767dac3d58 to remote] DEBUG org.asynchttpclient.netty.request.NettyRequestSender - Using pooled Channel '[id: 0xab69aba0, L:/127.0.0.1:55914 - R:localhost/127.0.0.1:24341]' for 'GET' to 'http://localhost:24341/session/90cdc4615931637e7b77e3767dac3d58/screenshot'
21:34:45.100 [Forwarding screenshot on session 90cdc4615931637e7b77e3767dac3d58 to remote] DEBUG org.asynchttpclient.netty.request.NettyRequestSender - Using open Channel [id: 0xab69aba0, L:/127.0.0.1:55914 - R:localhost/127.0.0.1:24341] for GET '/session/90cdc4615931637e7b77e3767dac3d58/screenshot'
21:34:45.247 [AsyncHttpClient-1-2] DEBUG org.asynchttpclient.netty.handler.HttpHandler - 

Request DefaultFullHttpRequest(decodeResult: success, version: HTTP/1.1, content: EmptyByteBufBE)
GET /session/90cdc4615931637e7b77e3767dac3d58/screenshot HTTP/1.1
User-Agent: selenium/4.8.1 (java windows)
Cache-Control: no-cache
Content-Type: application/json; charset=utf-8
host: localhost:24341
accept: */*

Response DefaultHttpResponse(decodeResult: success, version: HTTP/1.1)
HTTP/1.1 200 OK
Content-Length: 48208
Content-Type: application/json; charset=utf-8
cache-control: no-cache

21:34:45.248 [AsyncHttpClient-1-2] DEBUG org.asynchttpclient.netty.channel.ChannelManager - Adding key: http://localhost:24341 for channel [id: 0xab69aba0, L:/127.0.0.1:55914 - R:localhost/127.0.0.1:24341]
21:34:45.352 [main] DEBUG net.serenitybdd.core.photography.Darkroom - Send negative for processing for target\site\serenity\4552f886b62cf3b550f08b114f3599019dbf1d321330fd6567b8496c8e952dfa.png
21:34:45.353 [Darkroom Processing Line] DEBUG net.serenitybdd.core.photography.DarkroomProcessingLine - Processing screenshot image in /var/screenshots/screenshot-6305253752970498416
21:34:45.353 [Darkroom Processing Line] DEBUG net.serenitybdd.core.photography.DarkroomProcessingLine - Saving screenshot to target\site\serenity\4552f886b62cf3b550f08b114f3599019dbf1d321330fd6567b8496c8e952dfa.png
21:34:45.359 [main] DEBUG net.thucydides.core.steps.StepInterceptor - STEP DONE: openPage
21:34:45.374 [Forwarding getPageSource on session 90cdc4615931637e7b77e3767dac3d58 to remote] DEBUG org.asynchttpclient.netty.request.NettyRequestSender - Using pooled Channel '[id: 0xab69aba0, L:/127.0.0.1:55914 - R:localhost/127.0.0.1:24341]' for 'POST' to 'http://localhost:24341/session/90cdc4615931637e7b77e3767dac3d58/execute/sync'
21:34:45.374 [Forwarding getPageSource on session 90cdc4615931637e7b77e3767dac3d58 to remote] DEBUG org.asynchttpclient.netty.request.NettyRequestSender - Using open Channel [id: 0xab69aba0, L:/127.0.0.1:55914 - R:localhost/127.0.0.1:24341] for POST '/session/90cdc4615931637e7b77e3767dac3d58/execute/sync'
21:34:45.384 [AsyncHttpClient-1-2] DEBUG org.asynchttpclient.netty.handler.HttpHandler - 

Request DefaultHttpRequest(decodeResult: success, version: HTTP/1.1)
POST /session/90cdc4615931637e7b77e3767dac3d58/execute/sync HTTP/1.1
User-Agent: selenium/4.8.1 (java windows)
Content-Length: 176
Content-Type: application/json; charset=utf-8
host: localhost:24341
accept: */*

Response DefaultHttpResponse(decodeResult: success, version: HTTP/1.1)
HTTP/1.1 200 OK
Content-Length: 4286
Content-Type: application/json; charset=utf-8
cache-control: no-cache

21:34:45.384 [AsyncHttpClient-1-2] DEBUG org.asynchttpclient.netty.channel.ChannelManager - Adding key: http://localhost:24341 for channel [id: 0xab69aba0, L:/127.0.0.1:55914 - R:localhost/127.0.0.1:24341]
21:34:45.494 [Forwarding getCurrentUrl on session 90cdc4615931637e7b77e3767dac3d58 to remote] DEBUG org.asynchttpclient.netty.request.NettyRequestSender - Using pooled Channel '[id: 0xab69aba0, L:/127.0.0.1:55914 - R:localhost/127.0.0.1:24341]' for 'GET' to 'http://localhost:24341/session/90cdc4615931637e7b77e3767dac3d58/url'
21:34:45.495 [Forwarding getCurrentUrl on session 90cdc4615931637e7b77e3767dac3d58 to remote] DEBUG org.asynchttpclient.netty.request.NettyRequestSender - Using open Channel [id: 0xab69aba0, L:/127.0.0.1:55914 - R:localhost/127.0.0.1:24341] for GET '/session/90cdc4615931637e7b77e3767dac3d58/url'
21:34:45.498 [AsyncHttpClient-1-2] DEBUG org.asynchttpclient.netty.handler.HttpHandler - 

Request DefaultFullHttpRequest(decodeResult: success, version: HTTP/1.1, content: EmptyByteBufBE)
GET /session/90cdc4615931637e7b77e3767dac3d58/url HTTP/1.1
User-Agent: selenium/4.8.1 (java windows)
Cache-Control: no-cache
Content-Type: application/json; charset=utf-8
host: localhost:24341
accept: */*

Response DefaultHttpResponse(decodeResult: success, version: HTTP/1.1)
HTTP/1.1 200 OK
Content-Length: 38
Content-Type: application/json; charset=utf-8
cache-control: no-cache

21:34:45.499 [AsyncHttpClient-1-2] DEBUG org.asynchttpclient.netty.channel.ChannelManager - Adding key: http://localhost:24341 for channel [id: 0xab69aba0, L:/127.0.0.1:55914 - R:localhost/127.0.0.1:24341]
21:34:45.502 [main] DEBUG net.thucydides.core.steps.StepInterceptor - STARTING STEP: AddToCartSteps.onTheLoginPage - validateOnLoginPage
21:34:45.504 [AsyncHttpClient-1-1] DEBUG org.asynchttpclient.netty.channel.DefaultChannelPool - Entry count for : http://localhost:24341 : 1
21:34:45.504 [AsyncHttpClient-1-1] DEBUG org.asynchttpclient.netty.channel.DefaultChannelPool - Entry count for : http://localhost:55915 : 1
21:34:45.517 [Forwarding findElement on session 90cdc4615931637e7b77e3767dac3d58 to remote] DEBUG org.asynchttpclient.netty.request.NettyRequestSender - Using pooled Channel '[id: 0xab69aba0, L:/127.0.0.1:55914 - R:localhost/127.0.0.1:24341]' for 'POST' to 'http://localhost:24341/session/90cdc4615931637e7b77e3767dac3d58/element'
21:34:45.517 [Forwarding findElement on session 90cdc4615931637e7b77e3767dac3d58 to remote] DEBUG org.asynchttpclient.netty.request.NettyRequestSender - Using open Channel [id: 0xab69aba0, L:/127.0.0.1:55914 - R:localhost/127.0.0.1:24341] for POST '/session/90cdc4615931637e7b77e3767dac3d58/element'
21:34:45.538 [AsyncHttpClient-1-2] DEBUG org.asynchttpclient.netty.handler.HttpHandler - 

Request DefaultHttpRequest(decodeResult: success, version: HTTP/1.1)
POST /session/90cdc4615931637e7b77e3767dac3d58/element HTTP/1.1
User-Agent: selenium/4.8.1 (java windows)
Content-Length: 59
Content-Type: application/json; charset=utf-8
host: localhost:24341
accept: */*

Response DefaultHttpResponse(decodeResult: success, version: HTTP/1.1)
HTTP/1.1 200 OK
Content-Length: 88
Content-Type: application/json; charset=utf-8
cache-control: no-cache

21:34:45.539 [AsyncHttpClient-1-2] DEBUG org.asynchttpclient.netty.channel.ChannelManager - Adding key: http://localhost:24341 for channel [id: 0xab69aba0, L:/127.0.0.1:55914 - R:localhost/127.0.0.1:24341]
21:34:45.556 [Forwarding isElementDisplayed on session 90cdc4615931637e7b77e3767dac3d58 to remote] DEBUG org.asynchttpclient.netty.request.NettyRequestSender - Using pooled Channel '[id: 0xab69aba0, L:/127.0.0.1:55914 - R:localhost/127.0.0.1:24341]' for 'POST' to 'http://localhost:24341/session/90cdc4615931637e7b77e3767dac3d58/execute/sync'
21:34:45.556 [Forwarding isElementDisplayed on session 90cdc4615931637e7b77e3767dac3d58 to remote] DEBUG org.asynchttpclient.netty.request.NettyRequestSender - Using open Channel [id: 0xab69aba0, L:/127.0.0.1:55914 - R:localhost/127.0.0.1:24341] for POST '/session/90cdc4615931637e7b77e3767dac3d58/execute/sync'
21:34:45.583 [AsyncHttpClient-1-2] DEBUG org.asynchttpclient.netty.handler.HttpHandler - 

Request DefaultHttpRequest(decodeResult: success, version: HTTP/1.1)
POST /session/90cdc4615931637e7b77e3767dac3d58/execute/sync HTTP/1.1
User-Agent: selenium/4.8.1 (java windows)
Content-Length: 48807
Content-Type: application/json; charset=utf-8
host: localhost:24341
accept: */*

Response DefaultHttpResponse(decodeResult: success, version: HTTP/1.1)
HTTP/1.1 200 OK
Content-Length: 14
Content-Type: application/json; charset=utf-8
cache-control: no-cache

21:34:45.584 [AsyncHttpClient-1-2] DEBUG org.asynchttpclient.netty.channel.ChannelManager - Adding key: http://localhost:24341 for channel [id: 0xab69aba0, L:/127.0.0.1:55914 - R:localhost/127.0.0.1:24341]
21:34:45.595 [Forwarding getAlertText on session 90cdc4615931637e7b77e3767dac3d58 to remote] DEBUG org.asynchttpclient.netty.request.NettyRequestSender - Using pooled Channel '[id: 0xab69aba0, L:/127.0.0.1:55914 - R:localhost/127.0.0.1:24341]' for 'GET' to 'http://localhost:24341/session/90cdc4615931637e7b77e3767dac3d58/alert/text'
21:34:45.595 [Forwarding getAlertText on session 90cdc4615931637e7b77e3767dac3d58 to remote] DEBUG org.asynchttpclient.netty.request.NettyRequestSender - Using open Channel [id: 0xab69aba0, L:/127.0.0.1:55914 - R:localhost/127.0.0.1:24341] for GET '/session/90cdc4615931637e7b77e3767dac3d58/alert/text'
21:34:45.597 [AsyncHttpClient-1-2] DEBUG org.asynchttpclient.netty.handler.HttpHandler - 

Request DefaultFullHttpRequest(decodeResult: success, version: HTTP/1.1, content: EmptyByteBufBE)
GET /session/90cdc4615931637e7b77e3767dac3d58/alert/text HTTP/1.1
User-Agent: selenium/4.8.1 (java windows)
Cache-Control: no-cache
Content-Type: application/json; charset=utf-8
host: localhost:24341
accept: */*

Response DefaultHttpResponse(decodeResult: success, version: HTTP/1.1)
HTTP/1.1 404 Not Found
Content-Length: 836
Content-Type: application/json; charset=utf-8
cache-control: no-cache

21:34:45.598 [AsyncHttpClient-1-2] DEBUG org.asynchttpclient.netty.channel.ChannelManager - Adding key: http://localhost:24341 for channel [id: 0xab69aba0, L:/127.0.0.1:55914 - R:localhost/127.0.0.1:24341]
21:34:45.601 [Forwarding getCurrentUrl on session 90cdc4615931637e7b77e3767dac3d58 to remote] DEBUG org.asynchttpclient.netty.request.NettyRequestSender - Using pooled Channel '[id: 0xab69aba0, L:/127.0.0.1:55914 - R:localhost/127.0.0.1:24341]' for 'GET' to 'http://localhost:24341/session/90cdc4615931637e7b77e3767dac3d58/url'
21:34:45.601 [Forwarding getCurrentUrl on session 90cdc4615931637e7b77e3767dac3d58 to remote] DEBUG org.asynchttpclient.netty.request.NettyRequestSender - Using open Channel [id: 0xab69aba0, L:/127.0.0.1:55914 - R:localhost/127.0.0.1:24341] for GET '/session/90cdc4615931637e7b77e3767dac3d58/url'
21:34:45.606 [AsyncHttpClient-1-2] DEBUG org.asynchttpclient.netty.handler.HttpHandler - 

Request DefaultFullHttpRequest(decodeResult: success, version: HTTP/1.1, content: EmptyByteBufBE)
GET /session/90cdc4615931637e7b77e3767dac3d58/url HTTP/1.1
User-Agent: selenium/4.8.1 (java windows)
Cache-Control: no-cache
Content-Type: application/json; charset=utf-8
host: localhost:24341
accept: */*

Response DefaultHttpResponse(decodeResult: success, version: HTTP/1.1)
HTTP/1.1 200 OK
Content-Length: 38
Content-Type: application/json; charset=utf-8
cache-control: no-cache

21:34:45.607 [AsyncHttpClient-1-2] DEBUG org.asynchttpclient.netty.channel.ChannelManager - Adding key: http://localhost:24341 for channel [id: 0xab69aba0, L:/127.0.0.1:55914 - R:localhost/127.0.0.1:24341]
21:34:45.609 [Forwarding screenshot on session 90cdc4615931637e7b77e3767dac3d58 to remote] DEBUG org.asynchttpclient.netty.request.NettyRequestSender - Using pooled Channel '[id: 0xab69aba0, L:/127.0.0.1:55914 - R:localhost/127.0.0.1:24341]' for 'GET' to 'http://localhost:24341/session/90cdc4615931637e7b77e3767dac3d58/screenshot'
21:34:45.609 [Forwarding screenshot on session 90cdc4615931637e7b77e3767dac3d58 to remote] DEBUG org.asynchttpclient.netty.request.NettyRequestSender - Using open Channel [id: 0xab69aba0, L:/127.0.0.1:55914 - R:localhost/127.0.0.1:24341] for GET '/session/90cdc4615931637e7b77e3767dac3d58/screenshot'
21:34:45.743 [AsyncHttpClient-1-2] DEBUG org.asynchttpclient.netty.handler.HttpHandler - 

Request DefaultFullHttpRequest(decodeResult: success, version: HTTP/1.1, content: EmptyByteBufBE)
GET /session/90cdc4615931637e7b77e3767dac3d58/screenshot HTTP/1.1
User-Agent: selenium/4.8.1 (java windows)
Cache-Control: no-cache
Content-Type: application/json; charset=utf-8
host: localhost:24341
accept: */*

Response DefaultHttpResponse(decodeResult: success, version: HTTP/1.1)
HTTP/1.1 200 OK
Content-Length: 48208
Content-Type: application/json; charset=utf-8
cache-control: no-cache

21:34:45.744 [AsyncHttpClient-1-2] DEBUG org.asynchttpclient.netty.channel.ChannelManager - Adding key: http://localhost:24341 for channel [id: 0xab69aba0, L:/127.0.0.1:55914 - R:localhost/127.0.0.1:24341]
21:34:45.748 [main] DEBUG net.serenitybdd.core.photography.Darkroom - Send negative for processing for target\site\serenity\4552f886b62cf3b550f08b114f3599019dbf1d321330fd6567b8496c8e952dfa.png
21:34:45.749 [main] DEBUG net.thucydides.core.steps.StepInterceptor - STEP DONE: validateOnLoginPage
  &amp#27;[32mGiven &amp#27;[0m&amp#27;[32mI am on the Saucedemo login page&amp#27;[0m     &amp#27;[90m# starter.stepdefinitions.AddToCartSteps.onTheLoginPage()&amp#27;[0m
21:34:45.769 [Forwarding getPageSource on session 90cdc4615931637e7b77e3767dac3d58 to remote] DEBUG org.asynchttpclient.netty.request.NettyRequestSender - Using pooled Channel '[id: 0xab69aba0, L:/127.0.0.1:55914 - R:localhost/127.0.0.1:24341]' for 'POST' to 'http://localhost:24341/session/90cdc4615931637e7b77e3767dac3d58/execute/sync'
21:34:45.769 [Forwarding getPageSource on session 90cdc4615931637e7b77e3767dac3d58 to remote] DEBUG org.asynchttpclient.netty.request.NettyRequestSender - Using open Channel [id: 0xab69aba0, L:/127.0.0.1:55914 - R:localhost/127.0.0.1:24341] for POST '/session/90cdc4615931637e7b77e3767dac3d58/execute/sync'
21:34:45.776 [AsyncHttpClient-1-2] DEBUG org.asynchttpclient.netty.handler.HttpHandler - 

Request DefaultHttpRequest(decodeResult: success, version: HTTP/1.1)
POST /session/90cdc4615931637e7b77e3767dac3d58/execute/sync HTTP/1.1
User-Agent: selenium/4.8.1 (java windows)
Content-Length: 176
Content-Type: application/json; charset=utf-8
host: localhost:24341
accept: */*

Response DefaultHttpResponse(decodeResult: success, version: HTTP/1.1)
HTTP/1.1 200 OK
Content-Length: 4286
Content-Type: application/json; charset=utf-8
cache-control: no-cache

21:34:45.776 [AsyncHttpClient-1-2] DEBUG org.asynchttpclient.netty.channel.ChannelManager - Adding key: http://localhost:24341 for channel [id: 0xab69aba0, L:/127.0.0.1:55914 - R:localhost/127.0.0.1:24341]
21:34:45.782 [Forwarding getCurrentUrl on session 90cdc4615931637e7b77e3767dac3d58 to remote] DEBUG org.asynchttpclient.netty.request.NettyRequestSender - Using pooled Channel '[id: 0xab69aba0, L:/127.0.0.1:55914 - R:localhost/127.0.0.1:24341]' for 'GET' to 'http://localhost:24341/session/90cdc4615931637e7b77e3767dac3d58/url'
21:34:45.782 [Forwarding getCurrentUrl on session 90cdc4615931637e7b77e3767dac3d58 to remote] DEBUG org.asynchttpclient.netty.request.NettyRequestSender - Using open Channel [id: 0xab69aba0, L:/127.0.0.1:55914 - R:localhost/127.0.0.1:24341] for GET '/session/90cdc4615931637e7b77e3767dac3d58/url'
21:34:45.786 [AsyncHttpClient-1-2] DEBUG org.asynchttpclient.netty.handler.HttpHandler - 

Request DefaultFullHttpRequest(decodeResult: success, version: HTTP/1.1, content: EmptyByteBufBE)
GET /session/90cdc4615931637e7b77e3767dac3d58/url HTTP/1.1
User-Agent: selenium/4.8.1 (java windows)
Cache-Control: no-cache
Content-Type: application/json; charset=utf-8
host: localhost:24341
accept: */*

Response DefaultHttpResponse(decodeResult: success, version: HTTP/1.1)
HTTP/1.1 200 OK
Content-Length: 38
Content-Type: application/json; charset=utf-8
cache-control: no-cache

21:34:45.786 [AsyncHttpClient-1-2] DEBUG org.asynchttpclient.netty.channel.ChannelManager - Adding key: http://localhost:24341 for channel [id: 0xab69aba0, L:/127.0.0.1:55914 - R:localhost/127.0.0.1:24341]
21:34:45.799 [Forwarding getAlertText on session 90cdc4615931637e7b77e3767dac3d58 to remote] DEBUG org.asynchttpclient.netty.request.NettyRequestSender - Using pooled Channel '[id: 0xab69aba0, L:/127.0.0.1:55914 - R:localhost/127.0.0.1:24341]' for 'GET' to 'http://localhost:24341/session/90cdc4615931637e7b77e3767dac3d58/alert/text'
21:34:45.799 [Forwarding getAlertText on session 90cdc4615931637e7b77e3767dac3d58 to remote] DEBUG org.asynchttpclient.netty.request.NettyRequestSender - Using open Channel [id: 0xab69aba0, L:/127.0.0.1:55914 - R:localhost/127.0.0.1:24341] for GET '/session/90cdc4615931637e7b77e3767dac3d58/alert/text'
21:34:45.801 [AsyncHttpClient-1-2] DEBUG org.asynchttpclient.netty.handler.HttpHandler - 

Request DefaultFullHttpRequest(decodeResult: success, version: HTTP/1.1, content: EmptyByteBufBE)
GET /session/90cdc4615931637e7b77e3767dac3d58/alert/text HTTP/1.1
User-Agent: selenium/4.8.1 (java windows)
Cache-Control: no-cache
Content-Type: application/json; charset=utf-8
host: localhost:24341
accept: */*

Response DefaultHttpResponse(decodeResult: success, version: HTTP/1.1)
HTTP/1.1 404 Not Found
Content-Length: 836
Content-Type: application/json; charset=utf-8
cache-control: no-cache

21:34:45.801 [AsyncHttpClient-1-2] DEBUG org.asynchttpclient.netty.channel.ChannelManager - Adding key: http://localhost:24341 for channel [id: 0xab69aba0, L:/127.0.0.1:55914 - R:localhost/127.0.0.1:24341]
21:34:45.804 [Forwarding getCurrentUrl on session 90cdc4615931637e7b77e3767dac3d58 to remote] DEBUG org.asynchttpclient.netty.request.NettyRequestSender - Using pooled Channel '[id: 0xab69aba0, L:/127.0.0.1:55914 - R:localhost/127.0.0.1:24341]' for 'GET' to 'http://localhost:24341/session/90cdc4615931637e7b77e3767dac3d58/url'
21:34:45.804 [Forwarding getCurrentUrl on session 90cdc4615931637e7b77e3767dac3d58 to remote] DEBUG org.asynchttpclient.netty.request.NettyRequestSender - Using open Channel [id: 0xab69aba0, L:/127.0.0.1:55914 - R:localhost/127.0.0.1:24341] for GET '/session/90cdc4615931637e7b77e3767dac3d58/url'
21:34:45.808 [AsyncHttpClient-1-2] DEBUG org.asynchttpclient.netty.handler.HttpHandler - 

Request DefaultFullHttpRequest(decodeResult: success, version: HTTP/1.1, content: EmptyByteBufBE)
GET /session/90cdc4615931637e7b77e3767dac3d58/url HTTP/1.1
User-Agent: selenium/4.8.1 (java windows)
Cache-Control: no-cache
Content-Type: application/json; charset=utf-8
host: localhost:24341
accept: */*

Response DefaultHttpResponse(decodeResult: success, version: HTTP/1.1)
HTTP/1.1 200 OK
Content-Length: 38
Content-Type: application/json; charset=utf-8
cache-control: no-cache

21:34:45.809 [AsyncHttpClient-1-2] DEBUG org.asynchttpclient.netty.channel.ChannelManager - Adding key: http://localhost:24341 for channel [id: 0xab69aba0, L:/127.0.0.1:55914 - R:localhost/127.0.0.1:24341]
21:34:45.810 [Forwarding screenshot on session 90cdc4615931637e7b77e3767dac3d58 to remote] DEBUG org.asynchttpclient.netty.request.NettyRequestSender - Using pooled Channel '[id: 0xab69aba0, L:/127.0.0.1:55914 - R:localhost/127.0.0.1:24341]' for 'GET' to 'http://localhost:24341/session/90cdc4615931637e7b77e3767dac3d58/screenshot'
21:34:45.810 [Forwarding screenshot on session 90cdc4615931637e7b77e3767dac3d58 to remote] DEBUG org.asynchttpclient.netty.request.NettyRequestSender - Using open Channel [id: 0xab69aba0, L:/127.0.0.1:55914 - R:localhost/127.0.0.1:24341] for GET '/session/90cdc4615931637e7b77e3767dac3d58/screenshot'
21:34:45.927 [AsyncHttpClient-1-2] DEBUG org.asynchttpclient.netty.handler.HttpHandler - 

Request DefaultFullHttpRequest(decodeResult: success, version: HTTP/1.1, content: EmptyByteBufBE)
GET /session/90cdc4615931637e7b77e3767dac3d58/screenshot HTTP/1.1
User-Agent: selenium/4.8.1 (java windows)
Cache-Control: no-cache
Content-Type: application/json; charset=utf-8
host: localhost:24341
accept: */*

Response DefaultHttpResponse(decodeResult: success, version: HTTP/1.1)
HTTP/1.1 200 OK
Content-Length: 48208
Content-Type: application/json; charset=utf-8
cache-control: no-cache

21:34:45.928 [AsyncHttpClient-1-2] DEBUG org.asynchttpclient.netty.channel.ChannelManager - Adding key: http://localhost:24341 for channel [id: 0xab69aba0, L:/127.0.0.1:55914 - R:localhost/127.0.0.1:24341]
21:34:45.933 [main] DEBUG net.serenitybdd.core.photography.Darkroom - Send negative for processing for target\site\serenity\4552f886b62cf3b550f08b114f3599019dbf1d321330fd6567b8496c8e952dfa.png
21:34:45.935 [Forwarding getPageSource on session 90cdc4615931637e7b77e3767dac3d58 to remote] DEBUG org.asynchttpclient.netty.request.NettyRequestSender - Using pooled Channel '[id: 0xab69aba0, L:/127.0.0.1:55914 - R:localhost/127.0.0.1:24341]' for 'POST' to 'http://localhost:24341/session/90cdc4615931637e7b77e3767dac3d58/execute/sync'
21:34:45.935 [Forwarding getPageSource on session 90cdc4615931637e7b77e3767dac3d58 to remote] DEBUG org.asynchttpclient.netty.request.NettyRequestSender - Using open Channel [id: 0xab69aba0, L:/127.0.0.1:55914 - R:localhost/127.0.0.1:24341] for POST '/session/90cdc4615931637e7b77e3767dac3d58/execute/sync'
21:34:45.940 [AsyncHttpClient-1-2] DEBUG org.asynchttpclient.netty.handler.HttpHandler - 

Request DefaultHttpRequest(decodeResult: success, version: HTTP/1.1)
POST /session/90cdc4615931637e7b77e3767dac3d58/execute/sync HTTP/1.1
User-Agent: selenium/4.8.1 (java windows)
Content-Length: 176
Content-Type: application/json; charset=utf-8
host: localhost:24341
accept: */*

Response DefaultHttpResponse(decodeResult: success, version: HTTP/1.1)
HTTP/1.1 200 OK
Content-Length: 4286
Content-Type: application/json; charset=utf-8
cache-control: no-cache

21:34:45.940 [AsyncHttpClient-1-2] DEBUG org.asynchttpclient.netty.channel.ChannelManager - Adding key: http://localhost:24341 for channel [id: 0xab69aba0, L:/127.0.0.1:55914 - R:localhost/127.0.0.1:24341]
21:34:45.944 [Forwarding getCurrentUrl on session 90cdc4615931637e7b77e3767dac3d58 to remote] DEBUG org.asynchttpclient.netty.request.NettyRequestSender - Using pooled Channel '[id: 0xab69aba0, L:/127.0.0.1:55914 - R:localhost/127.0.0.1:24341]' for 'GET' to 'http://localhost:24341/session/90cdc4615931637e7b77e3767dac3d58/url'
21:34:45.944 [Forwarding getCurrentUrl on session 90cdc4615931637e7b77e3767dac3d58 to remote] DEBUG org.asynchttpclient.netty.request.NettyRequestSender - Using open Channel [id: 0xab69aba0, L:/127.0.0.1:55914 - R:localhost/127.0.0.1:24341] for GET '/session/90cdc4615931637e7b77e3767dac3d58/url'
21:34:45.947 [AsyncHttpClient-1-2] DEBUG org.asynchttpclient.netty.handler.HttpHandler - 

Request DefaultFullHttpRequest(decodeResult: success, version: HTTP/1.1, content: EmptyByteBufBE)
GET /session/90cdc4615931637e7b77e3767dac3d58/url HTTP/1.1
User-Agent: selenium/4.8.1 (java windows)
Cache-Control: no-cache
Content-Type: application/json; charset=utf-8
host: localhost:24341
accept: */*

Response DefaultHttpResponse(decodeResult: success, version: HTTP/1.1)
HTTP/1.1 200 OK
Content-Length: 38
Content-Type: application/json; charset=utf-8
cache-control: no-cache

21:34:45.947 [AsyncHttpClient-1-2] DEBUG org.asynchttpclient.netty.channel.ChannelManager - Adding key: http://localhost:24341 for channel [id: 0xab69aba0, L:/127.0.0.1:55914 - R:localhost/127.0.0.1:24341]
21:34:45.949 [main] DEBUG net.thucydides.core.steps.StepInterceptor - STARTING STEP: AddToCartSteps.loginWithValid - inputUserName
21:34:45.953 [Forwarding findElement on session 90cdc4615931637e7b77e3767dac3d58 to remote] DEBUG org.asynchttpclient.netty.request.NettyRequestSender - Using pooled Channel '[id: 0xab69aba0, L:/127.0.0.1:55914 - R:localhost/127.0.0.1:24341]' for 'POST' to 'http://localhost:24341/session/90cdc4615931637e7b77e3767dac3d58/element'
21:34:45.953 [Forwarding findElement on session 90cdc4615931637e7b77e3767dac3d58 to remote] DEBUG org.asynchttpclient.netty.request.NettyRequestSender - Using open Channel [id: 0xab69aba0, L:/127.0.0.1:55914 - R:localhost/127.0.0.1:24341] for POST '/session/90cdc4615931637e7b77e3767dac3d58/element'
21:34:45.967 [AsyncHttpClient-1-2] DEBUG org.asynchttpclient.netty.handler.HttpHandler - 

Request DefaultHttpRequest(decodeResult: success, version: HTTP/1.1)
POST /session/90cdc4615931637e7b77e3767dac3d58/element HTTP/1.1
User-Agent: selenium/4.8.1 (java windows)
Content-Length: 56
Content-Type: application/json; charset=utf-8
host: localhost:24341
accept: */*

Response DefaultHttpResponse(decodeResult: success, version: HTTP/1.1)
HTTP/1.1 200 OK
Content-Length: 88
Content-Type: application/json; charset=utf-8
cache-control: no-cache

21:34:45.967 [AsyncHttpClient-1-2] DEBUG org.asynchttpclient.netty.channel.ChannelManager - Adding key: http://localhost:24341 for channel [id: 0xab69aba0, L:/127.0.0.1:55914 - R:localhost/127.0.0.1:24341]
21:34:45.969 [Forwarding clearElement on session 90cdc4615931637e7b77e3767dac3d58 to remote] DEBUG org.asynchttpclient.netty.request.NettyRequestSender - Using pooled Channel '[id: 0xab69aba0, L:/127.0.0.1:55914 - R:localhost/127.0.0.1:24341]' for 'POST' to 'http://localhost:24341/session/90cdc4615931637e7b77e3767dac3d58/element/1272f1b9-d51a-4f50-b7e0-a351c3399d80/clear'
21:34:45.969 [Forwarding clearElement on session 90cdc4615931637e7b77e3767dac3d58 to remote] DEBUG org.asynchttpclient.netty.request.NettyRequestSender - Using open Channel [id: 0xab69aba0, L:/127.0.0.1:55914 - R:localhost/127.0.0.1:24341] for POST '/session/90cdc4615931637e7b77e3767dac3d58/element/1272f1b9-d51a-4f50-b7e0-a351c3399d80/clear'
21:34:46.018 [AsyncHttpClient-1-2] DEBUG org.asynchttpclient.netty.handler.HttpHandler - 

Request DefaultHttpRequest(decodeResult: success, version: HTTP/1.1)
POST /session/90cdc4615931637e7b77e3767dac3d58/element/1272f1b9-d51a-4f50-b7e0-a351c3399d80/clear HTTP/1.1
User-Agent: selenium/4.8.1 (java windows)
Content-Length: 50
Content-Type: application/json; charset=utf-8
host: localhost:24341
accept: */*

Response DefaultHttpResponse(decodeResult: success, version: HTTP/1.1)
HTTP/1.1 200 OK
Content-Length: 14
Content-Type: application/json; charset=utf-8
cache-control: no-cache

21:34:46.018 [AsyncHttpClient-1-2] DEBUG org.asynchttpclient.netty.channel.ChannelManager - Adding key: http://localhost:24341 for channel [id: 0xab69aba0, L:/127.0.0.1:55914 - R:localhost/127.0.0.1:24341]
21:34:46.024 [Forwarding sendKeysToElement on session 90cdc4615931637e7b77e3767dac3d58 to remote] DEBUG org.asynchttpclient.netty.request.NettyRequestSender - Using pooled Channel '[id: 0xab69aba0, L:/127.0.0.1:55914 - R:localhost/127.0.0.1:24341]' for 'POST' to 'http://localhost:24341/session/90cdc4615931637e7b77e3767dac3d58/element/1272f1b9-d51a-4f50-b7e0-a351c3399d80/value'
21:34:46.024 [Forwarding sendKeysToElement on session 90cdc4615931637e7b77e3767dac3d58 to remote] DEBUG org.asynchttpclient.netty.request.NettyRequestSender - Using open Channel [id: 0xab69aba0, L:/127.0.0.1:55914 - R:localhost/127.0.0.1:24341] for POST '/session/90cdc4615931637e7b77e3767dac3d58/element/1272f1b9-d51a-4f50-b7e0-a351c3399d80/value'
21:34:46.108 [AsyncHttpClient-1-2] DEBUG org.asynchttpclient.netty.handler.HttpHandler - 

Request DefaultHttpRequest(decodeResult: success, version: HTTP/1.1)
POST /session/90cdc4615931637e7b77e3767dac3d58/element/1272f1b9-d51a-4f50-b7e0-a351c3399d80/value HTTP/1.1
User-Agent: selenium/4.8.1 (java windows)
Content-Length: 211
Content-Type: application/json; charset=utf-8
host: localhost:24341
accept: */*

Response DefaultHttpResponse(decodeResult: success, version: HTTP/1.1)
HTTP/1.1 200 OK
Content-Length: 14
Content-Type: application/json; charset=utf-8
cache-control: no-cache

21:34:46.108 [AsyncHttpClient-1-2] DEBUG org.asynchttpclient.netty.channel.ChannelManager - Adding key: http://localhost:24341 for channel [id: 0xab69aba0, L:/127.0.0.1:55914 - R:localhost/127.0.0.1:24341]
21:34:46.123 [Forwarding getAlertText on session 90cdc4615931637e7b77e3767dac3d58 to remote] DEBUG org.asynchttpclient.netty.request.NettyRequestSender - Using pooled Channel '[id: 0xab69aba0, L:/127.0.0.1:55914 - R:localhost/127.0.0.1:24341]' for 'GET' to 'http://localhost:24341/session/90cdc4615931637e7b77e3767dac3d58/alert/text'
21:34:46.123 [Forwarding getAlertText on session 90cdc4615931637e7b77e3767dac3d58 to remote] DEBUG org.asynchttpclient.netty.request.NettyRequestSender - Using open Channel [id: 0xab69aba0, L:/127.0.0.1:55914 - R:localhost/127.0.0.1:24341] for GET '/session/90cdc4615931637e7b77e3767dac3d58/alert/text'
21:34:46.125 [AsyncHttpClient-1-2] DEBUG org.asynchttpclient.netty.handler.HttpHandler - 

Request DefaultFullHttpRequest(decodeResult: success, version: HTTP/1.1, content: EmptyByteBufBE)
GET /session/90cdc4615931637e7b77e3767dac3d58/alert/text HTTP/1.1
User-Agent: selenium/4.8.1 (java windows)
Cache-Control: no-cache
Content-Type: application/json; charset=utf-8
host: localhost:24341
accept: */*

Response DefaultHttpResponse(decodeResult: success, version: HTTP/1.1)
HTTP/1.1 404 Not Found
Content-Length: 836
Content-Type: application/json; charset=utf-8
cache-control: no-cache

21:34:46.125 [AsyncHttpClient-1-2] DEBUG org.asynchttpclient.netty.channel.ChannelManager - Adding key: http://localhost:24341 for channel [id: 0xab69aba0, L:/127.0.0.1:55914 - R:localhost/127.0.0.1:24341]
21:34:46.127 [Forwarding getCurrentUrl on session 90cdc4615931637e7b77e3767dac3d58 to remote] DEBUG org.asynchttpclient.netty.request.NettyRequestSender - Using pooled Channel '[id: 0xab69aba0, L:/127.0.0.1:55914 - R:localhost/127.0.0.1:24341]' for 'GET' to 'http://localhost:24341/session/90cdc4615931637e7b77e3767dac3d58/url'
21:34:46.127 [Forwarding getCurrentUrl on session 90cdc4615931637e7b77e3767dac3d58 to remote] DEBUG org.asynchttpclient.netty.request.NettyRequestSender - Using open Channel [id: 0xab69aba0, L:/127.0.0.1:55914 - R:localhost/127.0.0.1:24341] for GET '/session/90cdc4615931637e7b77e3767dac3d58/url'
21:34:46.131 [AsyncHttpClient-1-2] DEBUG org.asynchttpclient.netty.handler.HttpHandler - 

Request DefaultFullHttpRequest(decodeResult: success, version: HTTP/1.1, content: EmptyByteBufBE)
GET /session/90cdc4615931637e7b77e3767dac3d58/url HTTP/1.1
User-Agent: selenium/4.8.1 (java windows)
Cache-Control: no-cache
Content-Type: application/json; charset=utf-8
host: localhost:24341
accept: */*

Response DefaultHttpResponse(decodeResult: success, version: HTTP/1.1)
HTTP/1.1 200 OK
Content-Length: 38
Content-Type: application/json; charset=utf-8
cache-control: no-cache

21:34:46.131 [AsyncHttpClient-1-2] DEBUG org.asynchttpclient.netty.channel.ChannelManager - Adding key: http://localhost:24341 for channel [id: 0xab69aba0, L:/127.0.0.1:55914 - R:localhost/127.0.0.1:24341]
21:34:46.133 [Forwarding screenshot on session 90cdc4615931637e7b77e3767dac3d58 to remote] DEBUG org.asynchttpclient.netty.request.NettyRequestSender - Using pooled Channel '[id: 0xab69aba0, L:/127.0.0.1:55914 - R:localhost/127.0.0.1:24341]' for 'GET' to 'http://localhost:24341/session/90cdc4615931637e7b77e3767dac3d58/screenshot'
21:34:46.133 [Forwarding screenshot on session 90cdc4615931637e7b77e3767dac3d58 to remote] DEBUG org.asynchttpclient.netty.request.NettyRequestSender - Using open Channel [id: 0xab69aba0, L:/127.0.0.1:55914 - R:localhost/127.0.0.1:24341] for GET '/session/90cdc4615931637e7b77e3767dac3d58/screenshot'
21:34:46.266 [AsyncHttpClient-1-2] DEBUG org.asynchttpclient.netty.handler.HttpHandler - 

Request DefaultFullHttpRequest(decodeResult: success, version: HTTP/1.1, content: EmptyByteBufBE)
GET /session/90cdc4615931637e7b77e3767dac3d58/screenshot HTTP/1.1
User-Agent: selenium/4.8.1 (java windows)
Cache-Control: no-cache
Content-Type: application/json; charset=utf-8
host: localhost:24341
accept: */*

Response DefaultHttpResponse(decodeResult: success, version: HTTP/1.1)
HTTP/1.1 200 OK
Content-Length: 49172
Content-Type: application/json; charset=utf-8
cache-control: no-cache

21:34:46.267 [AsyncHttpClient-1-2] DEBUG org.asynchttpclient.netty.channel.ChannelManager - Adding key: http://localhost:24341 for channel [id: 0xab69aba0, L:/127.0.0.1:55914 - R:localhost/127.0.0.1:24341]
21:34:46.277 [main] DEBUG net.serenitybdd.core.photography.Darkroom - Send negative for processing for target\site\serenity\bdc87eaaed79ee38e1e439464994353ed7f5a7f71e803aece9831f8ca43e7944.png
21:34:46.278 [Darkroom Processing Line] DEBUG net.serenitybdd.core.photography.DarkroomProcessingLine - Processing screenshot image in /var/screenshots/screenshot-6572938748638220787
21:34:46.278 [Darkroom Processing Line] DEBUG net.serenitybdd.core.photography.DarkroomProcessingLine - Saving screenshot to target\site\serenity\bdc87eaaed79ee38e1e439464994353ed7f5a7f71e803aece9831f8ca43e7944.png
21:34:46.278 [main] DEBUG net.thucydides.core.steps.StepInterceptor - STEP DONE: inputUserName
21:34:46.290 [Forwarding getPageSource on session 90cdc4615931637e7b77e3767dac3d58 to remote] DEBUG org.asynchttpclient.netty.request.NettyRequestSender - Using pooled Channel '[id: 0xab69aba0, L:/127.0.0.1:55914 - R:localhost/127.0.0.1:24341]' for 'POST' to 'http://localhost:24341/session/90cdc4615931637e7b77e3767dac3d58/execute/sync'
21:34:46.290 [Forwarding getPageSource on session 90cdc4615931637e7b77e3767dac3d58 to remote] DEBUG org.asynchttpclient.netty.request.NettyRequestSender - Using open Channel [id: 0xab69aba0, L:/127.0.0.1:55914 - R:localhost/127.0.0.1:24341] for POST '/session/90cdc4615931637e7b77e3767dac3d58/execute/sync'
21:34:46.294 [AsyncHttpClient-1-2] DEBUG org.asynchttpclient.netty.handler.HttpHandler - 

Request DefaultHttpRequest(decodeResult: success, version: HTTP/1.1)
POST /session/90cdc4615931637e7b77e3767dac3d58/execute/sync HTTP/1.1
User-Agent: selenium/4.8.1 (java windows)
Content-Length: 176
Content-Type: application/json; charset=utf-8
host: localhost:24341
accept: */*

Response DefaultHttpResponse(decodeResult: success, version: HTTP/1.1)
HTTP/1.1 200 OK
Content-Length: 4299
Content-Type: application/json; charset=utf-8
cache-control: no-cache

21:34:46.294 [AsyncHttpClient-1-2] DEBUG org.asynchttpclient.netty.channel.ChannelManager - Adding key: http://localhost:24341 for channel [id: 0xab69aba0, L:/127.0.0.1:55914 - R:localhost/127.0.0.1:24341]
21:34:46.297 [Forwarding getCurrentUrl on session 90cdc4615931637e7b77e3767dac3d58 to remote] DEBUG org.asynchttpclient.netty.request.NettyRequestSender - Using pooled Channel '[id: 0xab69aba0, L:/127.0.0.1:55914 - R:localhost/127.0.0.1:24341]' for 'GET' to 'http://localhost:24341/session/90cdc4615931637e7b77e3767dac3d58/url'
21:34:46.297 [Forwarding getCurrentUrl on session 90cdc4615931637e7b77e3767dac3d58 to remote] DEBUG org.asynchttpclient.netty.request.NettyRequestSender - Using open Channel [id: 0xab69aba0, L:/127.0.0.1:55914 - R:localhost/127.0.0.1:24341] for GET '/session/90cdc4615931637e7b77e3767dac3d58/url'
21:34:46.300 [AsyncHttpClient-1-2] DEBUG org.asynchttpclient.netty.handler.HttpHandler - 

Request DefaultFullHttpRequest(decodeResult: success, version: HTTP/1.1, content: EmptyByteBufBE)
GET /session/90cdc4615931637e7b77e3767dac3d58/url HTTP/1.1
User-Agent: selenium/4.8.1 (java windows)
Cache-Control: no-cache
Content-Type: application/json; charset=utf-8
host: localhost:24341
accept: */*

Response DefaultHttpResponse(decodeResult: success, version: HTTP/1.1)
HTTP/1.1 200 OK
Content-Length: 38
Content-Type: application/json; charset=utf-8
cache-control: no-cache

21:34:46.300 [AsyncHttpClient-1-2] DEBUG org.asynchttpclient.netty.channel.ChannelManager - Adding key: http://localhost:24341 for channel [id: 0xab69aba0, L:/127.0.0.1:55914 - R:localhost/127.0.0.1:24341]
21:34:46.302 [main] DEBUG net.thucydides.core.steps.StepInterceptor - STARTING STEP: AddToCartSteps.loginWithValid - inputPassword
21:34:46.305 [Forwarding findElement on session 90cdc4615931637e7b77e3767dac3d58 to remote] DEBUG org.asynchttpclient.netty.request.NettyRequestSender - Using pooled Channel '[id: 0xab69aba0, L:/127.0.0.1:55914 - R:localhost/127.0.0.1:24341]' for 'POST' to 'http://localhost:24341/session/90cdc4615931637e7b77e3767dac3d58/element'
21:34:46.306 [Forwarding findElement on session 90cdc4615931637e7b77e3767dac3d58 to remote] DEBUG org.asynchttpclient.netty.request.NettyRequestSender - Using open Channel [id: 0xab69aba0, L:/127.0.0.1:55914 - R:localhost/127.0.0.1:24341] for POST '/session/90cdc4615931637e7b77e3767dac3d58/element'
21:34:46.324 [AsyncHttpClient-1-2] DEBUG org.asynchttpclient.netty.handler.HttpHandler - 

Request DefaultHttpRequest(decodeResult: success, version: HTTP/1.1)
POST /session/90cdc4615931637e7b77e3767dac3d58/element HTTP/1.1
User-Agent: selenium/4.8.1 (java windows)
Content-Length: 53
Content-Type: application/json; charset=utf-8
host: localhost:24341
accept: */*

Response DefaultHttpResponse(decodeResult: success, version: HTTP/1.1)
HTTP/1.1 200 OK
Content-Length: 88
Content-Type: application/json; charset=utf-8
cache-control: no-cache

21:34:46.324 [AsyncHttpClient-1-2] DEBUG org.asynchttpclient.netty.channel.ChannelManager - Adding key: http://localhost:24341 for channel [id: 0xab69aba0, L:/127.0.0.1:55914 - R:localhost/127.0.0.1:24341]
21:34:46.326 [Forwarding clearElement on session 90cdc4615931637e7b77e3767dac3d58 to remote] DEBUG org.asynchttpclient.netty.request.NettyRequestSender - Using pooled Channel '[id: 0xab69aba0, L:/127.0.0.1:55914 - R:localhost/127.0.0.1:24341]' for 'POST' to 'http://localhost:24341/session/90cdc4615931637e7b77e3767dac3d58/element/0ceeb166-126a-4f80-808d-8ff12992b0ed/clear'
21:34:46.326 [Forwarding clearElement on session 90cdc4615931637e7b77e3767dac3d58 to remote] DEBUG org.asynchttpclient.netty.request.NettyRequestSender - Using open Channel [id: 0xab69aba0, L:/127.0.0.1:55914 - R:localhost/127.0.0.1:24341] for POST '/session/90cdc4615931637e7b77e3767dac3d58/element/0ceeb166-126a-4f80-808d-8ff12992b0ed/clear'
21:34:46.377 [AsyncHttpClient-1-2] DEBUG org.asynchttpclient.netty.handler.HttpHandler - 

Request DefaultHttpRequest(decodeResult: success, version: HTTP/1.1)
POST /session/90cdc4615931637e7b77e3767dac3d58/element/0ceeb166-126a-4f80-808d-8ff12992b0ed/clear HTTP/1.1
User-Agent: selenium/4.8.1 (java windows)
Content-Length: 50
Content-Type: application/json; charset=utf-8
host: localhost:24341
accept: */*

Response DefaultHttpResponse(decodeResult: success, version: HTTP/1.1)
HTTP/1.1 200 OK
Content-Length: 14
Content-Type: application/json; charset=utf-8
cache-control: no-cache

21:34:46.378 [AsyncHttpClient-1-2] DEBUG org.asynchttpclient.netty.channel.ChannelManager - Adding key: http://localhost:24341 for channel [id: 0xab69aba0, L:/127.0.0.1:55914 - R:localhost/127.0.0.1:24341]
21:34:46.380 [Forwarding sendKeysToElement on session 90cdc4615931637e7b77e3767dac3d58 to remote] DEBUG org.asynchttpclient.netty.request.NettyRequestSender - Using pooled Channel '[id: 0xab69aba0, L:/127.0.0.1:55914 - R:localhost/127.0.0.1:24341]' for 'POST' to 'http://localhost:24341/session/90cdc4615931637e7b77e3767dac3d58/element/0ceeb166-126a-4f80-808d-8ff12992b0ed/value'
21:34:46.380 [Forwarding sendKeysToElement on session 90cdc4615931637e7b77e3767dac3d58 to remote] DEBUG org.asynchttpclient.netty.request.NettyRequestSender - Using open Channel [id: 0xab69aba0, L:/127.0.0.1:55914 - R:localhost/127.0.0.1:24341] for POST '/session/90cdc4615931637e7b77e3767dac3d58/element/0ceeb166-126a-4f80-808d-8ff12992b0ed/value'
21:34:46.456 [AsyncHttpClient-1-2] DEBUG org.asynchttpclient.netty.handler.HttpHandler - 

Request DefaultHttpRequest(decodeResult: success, version: HTTP/1.1)
POST /session/90cdc4615931637e7b77e3767dac3d58/element/0ceeb166-126a-4f80-808d-8ff12992b0ed/value HTTP/1.1
User-Agent: selenium/4.8.1 (java windows)
Content-Length: 201
Content-Type: application/json; charset=utf-8
host: localhost:24341
accept: */*

Response DefaultHttpResponse(decodeResult: success, version: HTTP/1.1)
HTTP/1.1 200 OK
Content-Length: 14
Content-Type: application/json; charset=utf-8
cache-control: no-cache

21:34:46.456 [AsyncHttpClient-1-2] DEBUG org.asynchttpclient.netty.channel.ChannelManager - Adding key: http://localhost:24341 for channel [id: 0xab69aba0, L:/127.0.0.1:55914 - R:localhost/127.0.0.1:24341]
21:34:46.468 [Forwarding getAlertText on session 90cdc4615931637e7b77e3767dac3d58 to remote] DEBUG org.asynchttpclient.netty.request.NettyRequestSender - Using pooled Channel '[id: 0xab69aba0, L:/127.0.0.1:55914 - R:localhost/127.0.0.1:24341]' for 'GET' to 'http://localhost:24341/session/90cdc4615931637e7b77e3767dac3d58/alert/text'
21:34:46.468 [Forwarding getAlertText on session 90cdc4615931637e7b77e3767dac3d58 to remote] DEBUG org.asynchttpclient.netty.request.NettyRequestSender - Using open Channel [id: 0xab69aba0, L:/127.0.0.1:55914 - R:localhost/127.0.0.1:24341] for GET '/session/90cdc4615931637e7b77e3767dac3d58/alert/text'
21:34:46.470 [AsyncHttpClient-1-2] DEBUG org.asynchttpclient.netty.handler.HttpHandler - 

Request DefaultFullHttpRequest(decodeResult: success, version: HTTP/1.1, content: EmptyByteBufBE)
GET /session/90cdc4615931637e7b77e3767dac3d58/alert/text HTTP/1.1
User-Agent: selenium/4.8.1 (java windows)
Cache-Control: no-cache
Content-Type: application/json; charset=utf-8
host: localhost:24341
accept: */*

Response DefaultHttpResponse(decodeResult: success, version: HTTP/1.1)
HTTP/1.1 404 Not Found
Content-Length: 836
Content-Type: application/json; charset=utf-8
cache-control: no-cache

21:34:46.470 [AsyncHttpClient-1-2] DEBUG org.asynchttpclient.netty.channel.ChannelManager - Adding key: http://localhost:24341 for channel [id: 0xab69aba0, L:/127.0.0.1:55914 - R:localhost/127.0.0.1:24341]
21:34:46.473 [Forwarding getCurrentUrl on session 90cdc4615931637e7b77e3767dac3d58 to remote] DEBUG org.asynchttpclient.netty.request.NettyRequestSender - Using pooled Channel '[id: 0xab69aba0, L:/127.0.0.1:55914 - R:localhost/127.0.0.1:24341]' for 'GET' to 'http://localhost:24341/session/90cdc4615931637e7b77e3767dac3d58/url'
21:34:46.473 [Forwarding getCurrentUrl on session 90cdc4615931637e7b77e3767dac3d58 to remote] DEBUG org.asynchttpclient.netty.request.NettyRequestSender - Using open Channel [id: 0xab69aba0, L:/127.0.0.1:55914 - R:localhost/127.0.0.1:24341] for GET '/session/90cdc4615931637e7b77e3767dac3d58/url'
21:34:46.477 [AsyncHttpClient-1-2] DEBUG org.asynchttpclient.netty.handler.HttpHandler - 

Request DefaultFullHttpRequest(decodeResult: success, version: HTTP/1.1, content: EmptyByteBufBE)
GET /session/90cdc4615931637e7b77e3767dac3d58/url HTTP/1.1
User-Agent: selenium/4.8.1 (java windows)
Cache-Control: no-cache
Content-Type: application/json; charset=utf-8
host: localhost:24341
accept: */*

Response DefaultHttpResponse(decodeResult: success, version: HTTP/1.1)
HTTP/1.1 200 OK
Content-Length: 38
Content-Type: application/json; charset=utf-8
cache-control: no-cache

21:34:46.478 [AsyncHttpClient-1-2] DEBUG org.asynchttpclient.netty.channel.ChannelManager - Adding key: http://localhost:24341 for channel [id: 0xab69aba0, L:/127.0.0.1:55914 - R:localhost/127.0.0.1:24341]
21:34:46.479 [Forwarding screenshot on session 90cdc4615931637e7b77e3767dac3d58 to remote] DEBUG org.asynchttpclient.netty.request.NettyRequestSender - Using pooled Channel '[id: 0xab69aba0, L:/127.0.0.1:55914 - R:localhost/127.0.0.1:24341]' for 'GET' to 'http://localhost:24341/session/90cdc4615931637e7b77e3767dac3d58/screenshot'
21:34:46.479 [Forwarding screenshot on session 90cdc4615931637e7b77e3767dac3d58 to remote] DEBUG org.asynchttpclient.netty.request.NettyRequestSender - Using open Channel [id: 0xab69aba0, L:/127.0.0.1:55914 - R:localhost/127.0.0.1:24341] for GET '/session/90cdc4615931637e7b77e3767dac3d58/screenshot'
21:34:46.604 [AsyncHttpClient-1-2] DEBUG org.asynchttpclient.netty.handler.HttpHandler - 

Request DefaultFullHttpRequest(decodeResult: success, version: HTTP/1.1, content: EmptyByteBufBE)
GET /session/90cdc4615931637e7b77e3767dac3d58/screenshot HTTP/1.1
User-Agent: selenium/4.8.1 (java windows)
Cache-Control: no-cache
Content-Type: application/json; charset=utf-8
host: localhost:24341
accept: */*

Response DefaultHttpResponse(decodeResult: success, version: HTTP/1.1)
HTTP/1.1 200 OK
Content-Length: 46836
Content-Type: application/json; charset=utf-8
cache-control: no-cache

21:34:46.605 [AsyncHttpClient-1-2] DEBUG org.asynchttpclient.netty.channel.ChannelManager - Adding key: http://localhost:24341 for channel [id: 0xab69aba0, L:/127.0.0.1:55914 - R:localhost/127.0.0.1:24341]
21:34:46.607 [AsyncHttpClient-1-1] DEBUG org.asynchttpclient.netty.channel.DefaultChannelPool - Entry count for : http://localhost:24341 : 1
21:34:46.607 [AsyncHttpClient-1-1] DEBUG org.asynchttpclient.netty.channel.DefaultChannelPool - Entry count for : http://localhost:55915 : 1
21:34:46.612 [main] DEBUG net.serenitybdd.core.photography.Darkroom - Send negative for processing for target\site\serenity\2dc98446eda085b025639da8d04d3bef5ac1680f614b15ebad0c60c8fde6f9fe.png
21:34:46.612 [main] DEBUG net.thucydides.core.steps.StepInterceptor - STEP DONE: inputPassword
21:34:46.612 [Darkroom Processing Line] DEBUG net.serenitybdd.core.photography.DarkroomProcessingLine - Processing screenshot image in /var/screenshots/screenshot-16403026450974208466
21:34:46.612 [Darkroom Processing Line] DEBUG net.serenitybdd.core.photography.DarkroomProcessingLine - Saving screenshot to target\site\serenity\2dc98446eda085b025639da8d04d3bef5ac1680f614b15ebad0c60c8fde6f9fe.png
21:34:46.622 [Forwarding getPageSource on session 90cdc4615931637e7b77e3767dac3d58 to remote] DEBUG org.asynchttpclient.netty.request.NettyRequestSender - Using pooled Channel '[id: 0xab69aba0, L:/127.0.0.1:55914 - R:localhost/127.0.0.1:24341]' for 'POST' to 'http://localhost:24341/session/90cdc4615931637e7b77e3767dac3d58/execute/sync'
21:34:46.622 [Forwarding getPageSource on session 90cdc4615931637e7b77e3767dac3d58 to remote] DEBUG org.asynchttpclient.netty.request.NettyRequestSender - Using open Channel [id: 0xab69aba0, L:/127.0.0.1:55914 - R:localhost/127.0.0.1:24341] for POST '/session/90cdc4615931637e7b77e3767dac3d58/execute/sync'
21:34:46.627 [AsyncHttpClient-1-2] DEBUG org.asynchttpclient.netty.handler.HttpHandler - 

Request DefaultHttpRequest(decodeResult: success, version: HTTP/1.1)
POST /session/90cdc4615931637e7b77e3767dac3d58/execute/sync HTTP/1.1
User-Agent: selenium/4.8.1 (java windows)
Content-Length: 176
Content-Type: application/json; charset=utf-8
host: localhost:24341
accept: */*

Response DefaultHttpResponse(decodeResult: success, version: HTTP/1.1)
HTTP/1.1 200 OK
Content-Length: 4311
Content-Type: application/json; charset=utf-8
cache-control: no-cache

21:34:46.627 [AsyncHttpClient-1-2] DEBUG org.asynchttpclient.netty.channel.ChannelManager - Adding key: http://localhost:24341 for channel [id: 0xab69aba0, L:/127.0.0.1:55914 - R:localhost/127.0.0.1:24341]
21:34:46.631 [Forwarding getCurrentUrl on session 90cdc4615931637e7b77e3767dac3d58 to remote] DEBUG org.asynchttpclient.netty.request.NettyRequestSender - Using pooled Channel '[id: 0xab69aba0, L:/127.0.0.1:55914 - R:localhost/127.0.0.1:24341]' for 'GET' to 'http://localhost:24341/session/90cdc4615931637e7b77e3767dac3d58/url'
21:34:46.631 [Forwarding getCurrentUrl on session 90cdc4615931637e7b77e3767dac3d58 to remote] DEBUG org.asynchttpclient.netty.request.NettyRequestSender - Using open Channel [id: 0xab69aba0, L:/127.0.0.1:55914 - R:localhost/127.0.0.1:24341] for GET '/session/90cdc4615931637e7b77e3767dac3d58/url'
21:34:46.635 [AsyncHttpClient-1-2] DEBUG org.asynchttpclient.netty.handler.HttpHandler - 

Request DefaultFullHttpRequest(decodeResult: success, version: HTTP/1.1, content: EmptyByteBufBE)
GET /session/90cdc4615931637e7b77e3767dac3d58/url HTTP/1.1
User-Agent: selenium/4.8.1 (java windows)
Cache-Control: no-cache
Content-Type: application/json; charset=utf-8
host: localhost:24341
accept: */*

Response DefaultHttpResponse(decodeResult: success, version: HTTP/1.1)
HTTP/1.1 200 OK
Content-Length: 38
Content-Type: application/json; charset=utf-8
cache-control: no-cache

21:34:46.635 [AsyncHttpClient-1-2] DEBUG org.asynchttpclient.netty.channel.ChannelManager - Adding key: http://localhost:24341 for channel [id: 0xab69aba0, L:/127.0.0.1:55914 - R:localhost/127.0.0.1:24341]
21:34:46.637 [main] DEBUG net.thucydides.core.steps.StepInterceptor - STARTING STEP: AddToCartSteps.loginWithValid - clickLoginButton
21:34:46.645 [Forwarding findElement on session 90cdc4615931637e7b77e3767dac3d58 to remote] DEBUG org.asynchttpclient.netty.request.NettyRequestSender - Using pooled Channel '[id: 0xab69aba0, L:/127.0.0.1:55914 - R:localhost/127.0.0.1:24341]' for 'POST' to 'http://localhost:24341/session/90cdc4615931637e7b77e3767dac3d58/element'
21:34:46.645 [Forwarding findElement on session 90cdc4615931637e7b77e3767dac3d58 to remote] DEBUG org.asynchttpclient.netty.request.NettyRequestSender - Using open Channel [id: 0xab69aba0, L:/127.0.0.1:55914 - R:localhost/127.0.0.1:24341] for POST '/session/90cdc4615931637e7b77e3767dac3d58/element'
21:34:46.654 [AsyncHttpClient-1-2] DEBUG org.asynchttpclient.netty.handler.HttpHandler - 

Request DefaultHttpRequest(decodeResult: success, version: HTTP/1.1)
POST /session/90cdc4615931637e7b77e3767dac3d58/element HTTP/1.1
User-Agent: selenium/4.8.1 (java windows)
Content-Length: 59
Content-Type: application/json; charset=utf-8
host: localhost:24341
accept: */*

Response DefaultHttpResponse(decodeResult: success, version: HTTP/1.1)
HTTP/1.1 200 OK
Content-Length: 88
Content-Type: application/json; charset=utf-8
cache-control: no-cache

21:34:46.654 [AsyncHttpClient-1-2] DEBUG org.asynchttpclient.netty.channel.ChannelManager - Adding key: http://localhost:24341 for channel [id: 0xab69aba0, L:/127.0.0.1:55914 - R:localhost/127.0.0.1:24341]
21:34:46.656 [Forwarding getElementTagName on session 90cdc4615931637e7b77e3767dac3d58 to remote] DEBUG org.asynchttpclient.netty.request.NettyRequestSender - Using pooled Channel '[id: 0xab69aba0, L:/127.0.0.1:55914 - R:localhost/127.0.0.1:24341]' for 'GET' to 'http://localhost:24341/session/90cdc4615931637e7b77e3767dac3d58/element/bffd1169-cdf9-4624-9fa3-f460762e0267/name'
21:34:46.656 [Forwarding getElementTagName on session 90cdc4615931637e7b77e3767dac3d58 to remote] DEBUG org.asynchttpclient.netty.request.NettyRequestSender - Using open Channel [id: 0xab69aba0, L:/127.0.0.1:55914 - R:localhost/127.0.0.1:24341] for GET '/session/90cdc4615931637e7b77e3767dac3d58/element/bffd1169-cdf9-4624-9fa3-f460762e0267/name'
21:34:46.662 [AsyncHttpClient-1-2] DEBUG org.asynchttpclient.netty.handler.HttpHandler - 

Request DefaultFullHttpRequest(decodeResult: success, version: HTTP/1.1, content: EmptyByteBufBE)
GET /session/90cdc4615931637e7b77e3767dac3d58/element/bffd1169-cdf9-4624-9fa3-f460762e0267/name HTTP/1.1
User-Agent: selenium/4.8.1 (java windows)
Cache-Control: no-cache
Content-Type: application/json; charset=utf-8
host: localhost:24341
accept: */*

Response DefaultHttpResponse(decodeResult: success, version: HTTP/1.1)
HTTP/1.1 200 OK
Content-Length: 17
Content-Type: application/json; charset=utf-8
cache-control: no-cache

21:34:46.663 [AsyncHttpClient-1-2] DEBUG org.asynchttpclient.netty.channel.ChannelManager - Adding key: http://localhost:24341 for channel [id: 0xab69aba0, L:/127.0.0.1:55914 - R:localhost/127.0.0.1:24341]
21:34:46.665 [Forwarding getElementTagName on session 90cdc4615931637e7b77e3767dac3d58 to remote] DEBUG org.asynchttpclient.netty.request.NettyRequestSender - Using pooled Channel '[id: 0xab69aba0, L:/127.0.0.1:55914 - R:localhost/127.0.0.1:24341]' for 'GET' to 'http://localhost:24341/session/90cdc4615931637e7b77e3767dac3d58/element/bffd1169-cdf9-4624-9fa3-f460762e0267/name'
21:34:46.665 [Forwarding getElementTagName on session 90cdc4615931637e7b77e3767dac3d58 to remote] DEBUG org.asynchttpclient.netty.request.NettyRequestSender - Using open Channel [id: 0xab69aba0, L:/127.0.0.1:55914 - R:localhost/127.0.0.1:24341] for GET '/session/90cdc4615931637e7b77e3767dac3d58/element/bffd1169-cdf9-4624-9fa3-f460762e0267/name'
21:34:46.668 [AsyncHttpClient-1-2] DEBUG org.asynchttpclient.netty.handler.HttpHandler - 

Request DefaultFullHttpRequest(decodeResult: success, version: HTTP/1.1, content: EmptyByteBufBE)
GET /session/90cdc4615931637e7b77e3767dac3d58/element/bffd1169-cdf9-4624-9fa3-f460762e0267/name HTTP/1.1
User-Agent: selenium/4.8.1 (java windows)
Cache-Control: no-cache
Content-Type: application/json; charset=utf-8
host: localhost:24341
accept: */*

Response DefaultHttpResponse(decodeResult: success, version: HTTP/1.1)
HTTP/1.1 200 OK
Content-Length: 17
Content-Type: application/json; charset=utf-8
cache-control: no-cache

21:34:46.669 [AsyncHttpClient-1-2] DEBUG org.asynchttpclient.netty.channel.ChannelManager - Adding key: http://localhost:24341 for channel [id: 0xab69aba0, L:/127.0.0.1:55914 - R:localhost/127.0.0.1:24341]
21:34:46.674 [Forwarding isElementEnabled on session 90cdc4615931637e7b77e3767dac3d58 to remote] DEBUG org.asynchttpclient.netty.request.NettyRequestSender - Using pooled Channel '[id: 0xab69aba0, L:/127.0.0.1:55914 - R:localhost/127.0.0.1:24341]' for 'GET' to 'http://localhost:24341/session/90cdc4615931637e7b77e3767dac3d58/element/bffd1169-cdf9-4624-9fa3-f460762e0267/enabled'
21:34:46.674 [Forwarding isElementEnabled on session 90cdc4615931637e7b77e3767dac3d58 to remote] DEBUG org.asynchttpclient.netty.request.NettyRequestSender - Using open Channel [id: 0xab69aba0, L:/127.0.0.1:55914 - R:localhost/127.0.0.1:24341] for GET '/session/90cdc4615931637e7b77e3767dac3d58/element/bffd1169-cdf9-4624-9fa3-f460762e0267/enabled'
21:34:46.690 [AsyncHttpClient-1-2] DEBUG org.asynchttpclient.netty.handler.HttpHandler - 

Request DefaultFullHttpRequest(decodeResult: success, version: HTTP/1.1, content: EmptyByteBufBE)
GET /session/90cdc4615931637e7b77e3767dac3d58/element/bffd1169-cdf9-4624-9fa3-f460762e0267/enabled HTTP/1.1
User-Agent: selenium/4.8.1 (java windows)
Cache-Control: no-cache
Content-Type: application/json; charset=utf-8
host: localhost:24341
accept: */*

Response DefaultHttpResponse(decodeResult: success, version: HTTP/1.1)
HTTP/1.1 200 OK
Content-Length: 14
Content-Type: application/json; charset=utf-8
cache-control: no-cache

21:34:46.691 [AsyncHttpClient-1-2] DEBUG org.asynchttpclient.netty.channel.ChannelManager - Adding key: http://localhost:24341 for channel [id: 0xab69aba0, L:/127.0.0.1:55914 - R:localhost/127.0.0.1:24341]
21:34:46.694 [Forwarding isElementEnabled on session 90cdc4615931637e7b77e3767dac3d58 to remote] DEBUG org.asynchttpclient.netty.request.NettyRequestSender - Using pooled Channel '[id: 0xab69aba0, L:/127.0.0.1:55914 - R:localhost/127.0.0.1:24341]' for 'GET' to 'http://localhost:24341/session/90cdc4615931637e7b77e3767dac3d58/element/bffd1169-cdf9-4624-9fa3-f460762e0267/enabled'
21:34:46.694 [Forwarding isElementEnabled on session 90cdc4615931637e7b77e3767dac3d58 to remote] DEBUG org.asynchttpclient.netty.request.NettyRequestSender - Using open Channel [id: 0xab69aba0, L:/127.0.0.1:55914 - R:localhost/127.0.0.1:24341] for GET '/session/90cdc4615931637e7b77e3767dac3d58/element/bffd1169-cdf9-4624-9fa3-f460762e0267/enabled'
21:34:46.701 [AsyncHttpClient-1-2] DEBUG org.asynchttpclient.netty.handler.HttpHandler - 

Request DefaultFullHttpRequest(decodeResult: success, version: HTTP/1.1, content: EmptyByteBufBE)
GET /session/90cdc4615931637e7b77e3767dac3d58/element/bffd1169-cdf9-4624-9fa3-f460762e0267/enabled HTTP/1.1
User-Agent: selenium/4.8.1 (java windows)
Cache-Control: no-cache
Content-Type: application/json; charset=utf-8
host: localhost:24341
accept: */*

Response DefaultHttpResponse(decodeResult: success, version: HTTP/1.1)
HTTP/1.1 200 OK
Content-Length: 14
Content-Type: application/json; charset=utf-8
cache-control: no-cache

21:34:46.702 [AsyncHttpClient-1-2] DEBUG org.asynchttpclient.netty.channel.ChannelManager - Adding key: http://localhost:24341 for channel [id: 0xab69aba0, L:/127.0.0.1:55914 - R:localhost/127.0.0.1:24341]
21:34:46.706 [Forwarding findElement on session 90cdc4615931637e7b77e3767dac3d58 to remote] DEBUG org.asynchttpclient.netty.request.NettyRequestSender - Using pooled Channel '[id: 0xab69aba0, L:/127.0.0.1:55914 - R:localhost/127.0.0.1:24341]' for 'POST' to 'http://localhost:24341/session/90cdc4615931637e7b77e3767dac3d58/element'
21:34:46.706 [Forwarding findElement on session 90cdc4615931637e7b77e3767dac3d58 to remote] DEBUG org.asynchttpclient.netty.request.NettyRequestSender - Using open Channel [id: 0xab69aba0, L:/127.0.0.1:55914 - R:localhost/127.0.0.1:24341] for POST '/session/90cdc4615931637e7b77e3767dac3d58/element'
21:34:46.715 [AsyncHttpClient-1-2] DEBUG org.asynchttpclient.netty.handler.HttpHandler - 

Request DefaultHttpRequest(decodeResult: success, version: HTTP/1.1)
POST /session/90cdc4615931637e7b77e3767dac3d58/element HTTP/1.1
User-Agent: selenium/4.8.1 (java windows)
Content-Length: 59
Content-Type: application/json; charset=utf-8
host: localhost:24341
accept: */*

Response DefaultHttpResponse(decodeResult: success, version: HTTP/1.1)
HTTP/1.1 200 OK
Content-Length: 88
Content-Type: application/json; charset=utf-8
cache-control: no-cache

21:34:46.716 [AsyncHttpClient-1-2] DEBUG org.asynchttpclient.netty.channel.ChannelManager - Adding key: http://localhost:24341 for channel [id: 0xab69aba0, L:/127.0.0.1:55914 - R:localhost/127.0.0.1:24341]
21:34:46.718 [Forwarding clickElement on session 90cdc4615931637e7b77e3767dac3d58 to remote] DEBUG org.asynchttpclient.netty.request.NettyRequestSender - Using pooled Channel '[id: 0xab69aba0, L:/127.0.0.1:55914 - R:localhost/127.0.0.1:24341]' for 'POST' to 'http://localhost:24341/session/90cdc4615931637e7b77e3767dac3d58/element/bffd1169-cdf9-4624-9fa3-f460762e0267/click'
21:34:46.718 [Forwarding clickElement on session 90cdc4615931637e7b77e3767dac3d58 to remote] DEBUG org.asynchttpclient.netty.request.NettyRequestSender - Using open Channel [id: 0xab69aba0, L:/127.0.0.1:55914 - R:localhost/127.0.0.1:24341] for POST '/session/90cdc4615931637e7b77e3767dac3d58/element/bffd1169-cdf9-4624-9fa3-f460762e0267/click'
21:34:46.890 [AsyncHttpClient-1-2] DEBUG org.asynchttpclient.netty.handler.HttpHandler - 

Request DefaultHttpRequest(decodeResult: success, version: HTTP/1.1)
POST /session/90cdc4615931637e7b77e3767dac3d58/element/bffd1169-cdf9-4624-9fa3-f460762e0267/click HTTP/1.1
User-Agent: selenium/4.8.1 (java windows)
Content-Length: 50
Content-Type: application/json; charset=utf-8
host: localhost:24341
accept: */*

Response DefaultHttpResponse(decodeResult: success, version: HTTP/1.1)
HTTP/1.1 200 OK
Content-Length: 14
Content-Type: application/json; charset=utf-8
cache-control: no-cache

21:34:46.890 [AsyncHttpClient-1-2] DEBUG org.asynchttpclient.netty.channel.ChannelManager - Adding key: http://localhost:24341 for channel [id: 0xab69aba0, L:/127.0.0.1:55914 - R:localhost/127.0.0.1:24341]
21:34:46.904 [Forwarding getAlertText on session 90cdc4615931637e7b77e3767dac3d58 to remote] DEBUG org.asynchttpclient.netty.request.NettyRequestSender - Using pooled Channel '[id: 0xab69aba0, L:/127.0.0.1:55914 - R:localhost/127.0.0.1:24341]' for 'GET' to 'http://localhost:24341/session/90cdc4615931637e7b77e3767dac3d58/alert/text'
21:34:46.904 [Forwarding getAlertText on session 90cdc4615931637e7b77e3767dac3d58 to remote] DEBUG org.asynchttpclient.netty.request.NettyRequestSender - Using open Channel [id: 0xab69aba0, L:/127.0.0.1:55914 - R:localhost/127.0.0.1:24341] for GET '/session/90cdc4615931637e7b77e3767dac3d58/alert/text'
21:34:46.910 [AsyncHttpClient-1-2] DEBUG org.asynchttpclient.netty.handler.HttpHandler - 

Request DefaultFullHttpRequest(decodeResult: success, version: HTTP/1.1, content: EmptyByteBufBE)
GET /session/90cdc4615931637e7b77e3767dac3d58/alert/text HTTP/1.1
User-Agent: selenium/4.8.1 (java windows)
Cache-Control: no-cache
Content-Type: application/json; charset=utf-8
host: localhost:24341
accept: */*

Response DefaultHttpResponse(decodeResult: success, version: HTTP/1.1)
HTTP/1.1 404 Not Found
Content-Length: 836
Content-Type: application/json; charset=utf-8
cache-control: no-cache

21:34:46.910 [AsyncHttpClient-1-2] DEBUG org.asynchttpclient.netty.channel.ChannelManager - Adding key: http://localhost:24341 for channel [id: 0xab69aba0, L:/127.0.0.1:55914 - R:localhost/127.0.0.1:24341]
21:34:46.918 [Forwarding getCurrentUrl on session 90cdc4615931637e7b77e3767dac3d58 to remote] DEBUG org.asynchttpclient.netty.request.NettyRequestSender - Using pooled Channel '[id: 0xab69aba0, L:/127.0.0.1:55914 - R:localhost/127.0.0.1:24341]' for 'GET' to 'http://localhost:24341/session/90cdc4615931637e7b77e3767dac3d58/url'
21:34:46.918 [Forwarding getCurrentUrl on session 90cdc4615931637e7b77e3767dac3d58 to remote] DEBUG org.asynchttpclient.netty.request.NettyRequestSender - Using open Channel [id: 0xab69aba0, L:/127.0.0.1:55914 - R:localhost/127.0.0.1:24341] for GET '/session/90cdc4615931637e7b77e3767dac3d58/url'
21:34:46.924 [AsyncHttpClient-1-2] DEBUG org.asynchttpclient.netty.handler.HttpHandler - 

Request DefaultFullHttpRequest(decodeResult: success, version: HTTP/1.1, content: EmptyByteBufBE)
GET /session/90cdc4615931637e7b77e3767dac3d58/url HTTP/1.1
User-Agent: selenium/4.8.1 (java windows)
Cache-Control: no-cache
Content-Type: application/json; charset=utf-8
host: localhost:24341
accept: */*

Response DefaultHttpResponse(decodeResult: success, version: HTTP/1.1)
HTTP/1.1 200 OK
Content-Length: 52
Content-Type: application/json; charset=utf-8
cache-control: no-cache

21:34:46.924 [AsyncHttpClient-1-2] DEBUG org.asynchttpclient.netty.channel.ChannelManager - Adding key: http://localhost:24341 for channel [id: 0xab69aba0, L:/127.0.0.1:55914 - R:localhost/127.0.0.1:24341]
21:34:46.925 [Forwarding screenshot on session 90cdc4615931637e7b77e3767dac3d58 to remote] DEBUG org.asynchttpclient.netty.request.NettyRequestSender - Using pooled Channel '[id: 0xab69aba0, L:/127.0.0.1:55914 - R:localhost/127.0.0.1:24341]' for 'GET' to 'http://localhost:24341/session/90cdc4615931637e7b77e3767dac3d58/screenshot'
21:34:46.925 [Forwarding screenshot on session 90cdc4615931637e7b77e3767dac3d58 to remote] DEBUG org.asynchttpclient.netty.request.NettyRequestSender - Using open Channel [id: 0xab69aba0, L:/127.0.0.1:55914 - R:localhost/127.0.0.1:24341] for GET '/session/90cdc4615931637e7b77e3767dac3d58/screenshot'
21:34:47.189 [AsyncHttpClient-1-2] DEBUG org.asynchttpclient.netty.handler.HttpHandler - 

Request DefaultFullHttpRequest(decodeResult: success, version: HTTP/1.1, content: EmptyByteBufBE)
GET /session/90cdc4615931637e7b77e3767dac3d58/screenshot HTTP/1.1
User-Agent: selenium/4.8.1 (java windows)
Cache-Control: no-cache
Content-Type: application/json; charset=utf-8
host: localhost:24341
accept: */*

Response DefaultHttpResponse(decodeResult: success, version: HTTP/1.1)
HTTP/1.1 200 OK
Content-Length: 249776
Content-Type: application/json; charset=utf-8
cache-control: no-cache

21:34:47.191 [AsyncHttpClient-1-2] DEBUG org.asynchttpclient.netty.channel.ChannelManager - Adding key: http://localhost:24341 for channel [id: 0xab69aba0, L:/127.0.0.1:55914 - R:localhost/127.0.0.1:24341]
21:34:47.207 [main] DEBUG net.serenitybdd.core.photography.Darkroom - Send negative for processing for target\site\serenity\749e0c3affe43ded31b5f4280e69df55b49dc9c332c2fc8a2d97f7c0c4e20187.png
21:34:47.208 [Darkroom Processing Line] DEBUG net.serenitybdd.core.photography.DarkroomProcessingLine - Processing screenshot image in /var/screenshots/screenshot-4692977748131324761
21:34:47.208 [Darkroom Processing Line] DEBUG net.serenitybdd.core.photography.DarkroomProcessingLine - Saving screenshot to target\site\serenity\749e0c3affe43ded31b5f4280e69df55b49dc9c332c2fc8a2d97f7c0c4e20187.png
21:34:47.208 [main] DEBUG net.thucydides.core.steps.StepInterceptor - STEP DONE: clickLoginButton
  &amp#27;[32mWhen &amp#27;[0m&amp#27;[32mI log in with valid credentials&amp#27;[0m       &amp#27;[90m# starter.stepdefinitions.AddToCartSteps.loginWithValid()&amp#27;[0m
21:34:47.226 [Forwarding getPageSource on session 90cdc4615931637e7b77e3767dac3d58 to remote] DEBUG org.asynchttpclient.netty.request.NettyRequestSender - Using pooled Channel '[id: 0xab69aba0, L:/127.0.0.1:55914 - R:localhost/127.0.0.1:24341]' for 'POST' to 'http://localhost:24341/session/90cdc4615931637e7b77e3767dac3d58/execute/sync'
21:34:47.226 [Forwarding getPageSource on session 90cdc4615931637e7b77e3767dac3d58 to remote] DEBUG org.asynchttpclient.netty.request.NettyRequestSender - Using open Channel [id: 0xab69aba0, L:/127.0.0.1:55914 - R:localhost/127.0.0.1:24341] for POST '/session/90cdc4615931637e7b77e3767dac3d58/execute/sync'
21:34:47.233 [AsyncHttpClient-1-2] DEBUG org.asynchttpclient.netty.handler.HttpHandler - 

Request DefaultHttpRequest(decodeResult: success, version: HTTP/1.1)
POST /session/90cdc4615931637e7b77e3767dac3d58/execute/sync HTTP/1.1
User-Agent: selenium/4.8.1 (java windows)
Content-Length: 176
Content-Type: application/json; charset=utf-8
host: localhost:24341
accept: */*

Response DefaultHttpResponse(decodeResult: success, version: HTTP/1.1)
HTTP/1.1 200 OK
Content-Length: 16329
Content-Type: application/json; charset=utf-8
cache-control: no-cache

21:34:47.233 [AsyncHttpClient-1-2] DEBUG org.asynchttpclient.netty.channel.ChannelManager - Adding key: http://localhost:24341 for channel [id: 0xab69aba0, L:/127.0.0.1:55914 - R:localhost/127.0.0.1:24341]
21:34:47.268 [Forwarding getCurrentUrl on session 90cdc4615931637e7b77e3767dac3d58 to remote] DEBUG org.asynchttpclient.netty.request.NettyRequestSender - Using pooled Channel '[id: 0xab69aba0, L:/127.0.0.1:55914 - R:localhost/127.0.0.1:24341]' for 'GET' to 'http://localhost:24341/session/90cdc4615931637e7b77e3767dac3d58/url'
21:34:47.269 [Forwarding getCurrentUrl on session 90cdc4615931637e7b77e3767dac3d58 to remote] DEBUG org.asynchttpclient.netty.request.NettyRequestSender - Using open Channel [id: 0xab69aba0, L:/127.0.0.1:55914 - R:localhost/127.0.0.1:24341] for GET '/session/90cdc4615931637e7b77e3767dac3d58/url'
21:34:47.278 [AsyncHttpClient-1-2] DEBUG org.asynchttpclient.netty.handler.HttpHandler - 

Request DefaultFullHttpRequest(decodeResult: success, version: HTTP/1.1, content: EmptyByteBufBE)
GET /session/90cdc4615931637e7b77e3767dac3d58/url HTTP/1.1
User-Agent: selenium/4.8.1 (java windows)
Cache-Control: no-cache
Content-Type: application/json; charset=utf-8
host: localhost:24341
accept: */*

Response DefaultHttpResponse(decodeResult: success, version: HTTP/1.1)
HTTP/1.1 200 OK
Content-Length: 52
Content-Type: application/json; charset=utf-8
cache-control: no-cache

21:34:47.278 [AsyncHttpClient-1-2] DEBUG org.asynchttpclient.netty.channel.ChannelManager - Adding key: http://localhost:24341 for channel [id: 0xab69aba0, L:/127.0.0.1:55914 - R:localhost/127.0.0.1:24341]
21:34:47.295 [Forwarding getAlertText on session 90cdc4615931637e7b77e3767dac3d58 to remote] DEBUG org.asynchttpclient.netty.request.NettyRequestSender - Using pooled Channel '[id: 0xab69aba0, L:/127.0.0.1:55914 - R:localhost/127.0.0.1:24341]' for 'GET' to 'http://localhost:24341/session/90cdc4615931637e7b77e3767dac3d58/alert/text'
21:34:47.295 [Forwarding getAlertText on session 90cdc4615931637e7b77e3767dac3d58 to remote] DEBUG org.asynchttpclient.netty.request.NettyRequestSender - Using open Channel [id: 0xab69aba0, L:/127.0.0.1:55914 - R:localhost/127.0.0.1:24341] for GET '/session/90cdc4615931637e7b77e3767dac3d58/alert/text'
21:34:47.297 [AsyncHttpClient-1-2] DEBUG org.asynchttpclient.netty.handler.HttpHandler - 

Request DefaultFullHttpRequest(decodeResult: success, version: HTTP/1.1, content: EmptyByteBufBE)
GET /session/90cdc4615931637e7b77e3767dac3d58/alert/text HTTP/1.1
User-Agent: selenium/4.8.1 (java windows)
Cache-Control: no-cache
Content-Type: application/json; charset=utf-8
host: localhost:24341
accept: */*

Response DefaultHttpResponse(decodeResult: success, version: HTTP/1.1)
HTTP/1.1 404 Not Found
Content-Length: 836
Content-Type: application/json; charset=utf-8
cache-control: no-cache

21:34:47.297 [AsyncHttpClient-1-2] DEBUG org.asynchttpclient.netty.channel.ChannelManager - Adding key: http://localhost:24341 for channel [id: 0xab69aba0, L:/127.0.0.1:55914 - R:localhost/127.0.0.1:24341]
21:34:47.299 [Forwarding getCurrentUrl on session 90cdc4615931637e7b77e3767dac3d58 to remote] DEBUG org.asynchttpclient.netty.request.NettyRequestSender - Using pooled Channel '[id: 0xab69aba0, L:/127.0.0.1:55914 - R:localhost/127.0.0.1:24341]' for 'GET' to 'http://localhost:24341/session/90cdc4615931637e7b77e3767dac3d58/url'
21:34:47.300 [Forwarding getCurrentUrl on session 90cdc4615931637e7b77e3767dac3d58 to remote] DEBUG org.asynchttpclient.netty.request.NettyRequestSender - Using open Channel [id: 0xab69aba0, L:/127.0.0.1:55914 - R:localhost/127.0.0.1:24341] for GET '/session/90cdc4615931637e7b77e3767dac3d58/url'
21:34:47.304 [AsyncHttpClient-1-2] DEBUG org.asynchttpclient.netty.handler.HttpHandler - 

Request DefaultFullHttpRequest(decodeResult: success, version: HTTP/1.1, content: EmptyByteBufBE)
GET /session/90cdc4615931637e7b77e3767dac3d58/url HTTP/1.1
User-Agent: selenium/4.8.1 (java windows)
Cache-Control: no-cache
Content-Type: application/json; charset=utf-8
host: localhost:24341
accept: */*

Response DefaultHttpResponse(decodeResult: success, version: HTTP/1.1)
HTTP/1.1 200 OK
Content-Length: 52
Content-Type: application/json; charset=utf-8
cache-control: no-cache

21:34:47.304 [AsyncHttpClient-1-2] DEBUG org.asynchttpclient.netty.channel.ChannelManager - Adding key: http://localhost:24341 for channel [id: 0xab69aba0, L:/127.0.0.1:55914 - R:localhost/127.0.0.1:24341]
21:34:47.306 [Forwarding screenshot on session 90cdc4615931637e7b77e3767dac3d58 to remote] DEBUG org.asynchttpclient.netty.request.NettyRequestSender - Using pooled Channel '[id: 0xab69aba0, L:/127.0.0.1:55914 - R:localhost/127.0.0.1:24341]' for 'GET' to 'http://localhost:24341/session/90cdc4615931637e7b77e3767dac3d58/screenshot'
21:34:47.306 [Forwarding screenshot on session 90cdc4615931637e7b77e3767dac3d58 to remote] DEBUG org.asynchttpclient.netty.request.NettyRequestSender - Using open Channel [id: 0xab69aba0, L:/127.0.0.1:55914 - R:localhost/127.0.0.1:24341] for GET '/session/90cdc4615931637e7b77e3767dac3d58/screenshot'
21:34:47.497 [AsyncHttpClient-1-2] DEBUG org.asynchttpclient.netty.handler.HttpHandler - 

Request DefaultFullHttpRequest(decodeResult: success, version: HTTP/1.1, content: EmptyByteBufBE)
GET /session/90cdc4615931637e7b77e3767dac3d58/screenshot HTTP/1.1
User-Agent: selenium/4.8.1 (java windows)
Cache-Control: no-cache
Content-Type: application/json; charset=utf-8
host: localhost:24341
accept: */*

Response DefaultHttpResponse(decodeResult: success, version: HTTP/1.1)
HTTP/1.1 200 OK
Content-Length: 249776
Content-Type: application/json; charset=utf-8
cache-control: no-cache

21:34:47.500 [AsyncHttpClient-1-2] DEBUG org.asynchttpclient.netty.channel.ChannelManager - Adding key: http://localhost:24341 for channel [id: 0xab69aba0, L:/127.0.0.1:55914 - R:localhost/127.0.0.1:24341]
21:34:47.511 [main] DEBUG net.serenitybdd.core.photography.Darkroom - Send negative for processing for target\site\serenity\749e0c3affe43ded31b5f4280e69df55b49dc9c332c2fc8a2d97f7c0c4e20187.png
21:34:47.513 [Forwarding getPageSource on session 90cdc4615931637e7b77e3767dac3d58 to remote] DEBUG org.asynchttpclient.netty.request.NettyRequestSender - Using pooled Channel '[id: 0xab69aba0, L:/127.0.0.1:55914 - R:localhost/127.0.0.1:24341]' for 'POST' to 'http://localhost:24341/session/90cdc4615931637e7b77e3767dac3d58/execute/sync'
21:34:47.513 [Forwarding getPageSource on session 90cdc4615931637e7b77e3767dac3d58 to remote] DEBUG org.asynchttpclient.netty.request.NettyRequestSender - Using open Channel [id: 0xab69aba0, L:/127.0.0.1:55914 - R:localhost/127.0.0.1:24341] for POST '/session/90cdc4615931637e7b77e3767dac3d58/execute/sync'
21:34:47.521 [AsyncHttpClient-1-2] DEBUG org.asynchttpclient.netty.handler.HttpHandler - 

Request DefaultHttpRequest(decodeResult: success, version: HTTP/1.1)
POST /session/90cdc4615931637e7b77e3767dac3d58/execute/sync HTTP/1.1
User-Agent: selenium/4.8.1 (java windows)
Content-Length: 176
Content-Type: application/json; charset=utf-8
host: localhost:24341
accept: */*

Response DefaultHttpResponse(decodeResult: success, version: HTTP/1.1)
HTTP/1.1 200 OK
Content-Length: 16345
Content-Type: application/json; charset=utf-8
cache-control: no-cache

21:34:47.521 [AsyncHttpClient-1-2] DEBUG org.asynchttpclient.netty.channel.ChannelManager - Adding key: http://localhost:24341 for channel [id: 0xab69aba0, L:/127.0.0.1:55914 - R:localhost/127.0.0.1:24341]
21:34:47.532 [Forwarding getCurrentUrl on session 90cdc4615931637e7b77e3767dac3d58 to remote] DEBUG org.asynchttpclient.netty.request.NettyRequestSender - Using pooled Channel '[id: 0xab69aba0, L:/127.0.0.1:55914 - R:localhost/127.0.0.1:24341]' for 'GET' to 'http://localhost:24341/session/90cdc4615931637e7b77e3767dac3d58/url'
21:34:47.532 [Forwarding getCurrentUrl on session 90cdc4615931637e7b77e3767dac3d58 to remote] DEBUG org.asynchttpclient.netty.request.NettyRequestSender - Using open Channel [id: 0xab69aba0, L:/127.0.0.1:55914 - R:localhost/127.0.0.1:24341] for GET '/session/90cdc4615931637e7b77e3767dac3d58/url'
21:34:47.537 [AsyncHttpClient-1-2] DEBUG org.asynchttpclient.netty.handler.HttpHandler - 

Request DefaultFullHttpRequest(decodeResult: success, version: HTTP/1.1, content: EmptyByteBufBE)
GET /session/90cdc4615931637e7b77e3767dac3d58/url HTTP/1.1
User-Agent: selenium/4.8.1 (java windows)
Cache-Control: no-cache
Content-Type: application/json; charset=utf-8
host: localhost:24341
accept: */*

Response DefaultHttpResponse(decodeResult: success, version: HTTP/1.1)
HTTP/1.1 200 OK
Content-Length: 52
Content-Type: application/json; charset=utf-8
cache-control: no-cache

21:34:47.537 [AsyncHttpClient-1-2] DEBUG org.asynchttpclient.netty.channel.ChannelManager - Adding key: http://localhost:24341 for channel [id: 0xab69aba0, L:/127.0.0.1:55914 - R:localhost/127.0.0.1:24341]
21:34:47.540 [main] DEBUG net.thucydides.core.steps.StepInterceptor - STARTING STEP: AddToCartSteps.onTheProductPage - validateOnProductPage
21:34:47.543 [Forwarding findElement on session 90cdc4615931637e7b77e3767dac3d58 to remote] DEBUG org.asynchttpclient.netty.request.NettyRequestSender - Using pooled Channel '[id: 0xab69aba0, L:/127.0.0.1:55914 - R:localhost/127.0.0.1:24341]' for 'POST' to 'http://localhost:24341/session/90cdc4615931637e7b77e3767dac3d58/element'
21:34:47.543 [Forwarding findElement on session 90cdc4615931637e7b77e3767dac3d58 to remote] DEBUG org.asynchttpclient.netty.request.NettyRequestSender - Using open Channel [id: 0xab69aba0, L:/127.0.0.1:55914 - R:localhost/127.0.0.1:24341] for POST '/session/90cdc4615931637e7b77e3767dac3d58/element'
21:34:47.562 [AsyncHttpClient-1-2] DEBUG org.asynchttpclient.netty.handler.HttpHandler - 

Request DefaultHttpRequest(decodeResult: success, version: HTTP/1.1)
POST /session/90cdc4615931637e7b77e3767dac3d58/element HTTP/1.1
User-Agent: selenium/4.8.1 (java windows)
Content-Length: 50
Content-Type: application/json; charset=utf-8
host: localhost:24341
accept: */*

Response DefaultHttpResponse(decodeResult: success, version: HTTP/1.1)
HTTP/1.1 200 OK
Content-Length: 88
Content-Type: application/json; charset=utf-8
cache-control: no-cache

21:34:47.563 [AsyncHttpClient-1-2] DEBUG org.asynchttpclient.netty.channel.ChannelManager - Adding key: http://localhost:24341 for channel [id: 0xab69aba0, L:/127.0.0.1:55914 - R:localhost/127.0.0.1:24341]
21:34:47.570 [Forwarding isElementDisplayed on session 90cdc4615931637e7b77e3767dac3d58 to remote] DEBUG org.asynchttpclient.netty.request.NettyRequestSender - Using pooled Channel '[id: 0xab69aba0, L:/127.0.0.1:55914 - R:localhost/127.0.0.1:24341]' for 'POST' to 'http://localhost:24341/session/90cdc4615931637e7b77e3767dac3d58/execute/sync'
21:34:47.571 [Forwarding isElementDisplayed on session 90cdc4615931637e7b77e3767dac3d58 to remote] DEBUG org.asynchttpclient.netty.request.NettyRequestSender - Using open Channel [id: 0xab69aba0, L:/127.0.0.1:55914 - R:localhost/127.0.0.1:24341] for POST '/session/90cdc4615931637e7b77e3767dac3d58/execute/sync'
21:34:47.593 [AsyncHttpClient-1-2] DEBUG org.asynchttpclient.netty.handler.HttpHandler - 

Request DefaultHttpRequest(decodeResult: success, version: HTTP/1.1)
POST /session/90cdc4615931637e7b77e3767dac3d58/execute/sync HTTP/1.1
User-Agent: selenium/4.8.1 (java windows)
Content-Length: 48807
Content-Type: application/json; charset=utf-8
host: localhost:24341
accept: */*

Response DefaultHttpResponse(decodeResult: success, version: HTTP/1.1)
HTTP/1.1 200 OK
Content-Length: 14
Content-Type: application/json; charset=utf-8
cache-control: no-cache

21:34:47.593 [AsyncHttpClient-1-2] DEBUG org.asynchttpclient.netty.channel.ChannelManager - Adding key: http://localhost:24341 for channel [id: 0xab69aba0, L:/127.0.0.1:55914 - R:localhost/127.0.0.1:24341]
21:34:47.602 [Forwarding getAlertText on session 90cdc4615931637e7b77e3767dac3d58 to remote] DEBUG org.asynchttpclient.netty.request.NettyRequestSender - Using pooled Channel '[id: 0xab69aba0, L:/127.0.0.1:55914 - R:localhost/127.0.0.1:24341]' for 'GET' to 'http://localhost:24341/session/90cdc4615931637e7b77e3767dac3d58/alert/text'
21:34:47.602 [Forwarding getAlertText on session 90cdc4615931637e7b77e3767dac3d58 to remote] DEBUG org.asynchttpclient.netty.request.NettyRequestSender - Using open Channel [id: 0xab69aba0, L:/127.0.0.1:55914 - R:localhost/127.0.0.1:24341] for GET '/session/90cdc4615931637e7b77e3767dac3d58/alert/text'
21:34:47.605 [AsyncHttpClient-1-2] DEBUG org.asynchttpclient.netty.handler.HttpHandler - 

Request DefaultFullHttpRequest(decodeResult: success, version: HTTP/1.1, content: EmptyByteBufBE)
GET /session/90cdc4615931637e7b77e3767dac3d58/alert/text HTTP/1.1
User-Agent: selenium/4.8.1 (java windows)
Cache-Control: no-cache
Content-Type: application/json; charset=utf-8
host: localhost:24341
accept: */*

Response DefaultHttpResponse(decodeResult: success, version: HTTP/1.1)
HTTP/1.1 404 Not Found
Content-Length: 836
Content-Type: application/json; charset=utf-8
cache-control: no-cache

21:34:47.605 [AsyncHttpClient-1-2] DEBUG org.asynchttpclient.netty.channel.ChannelManager - Adding key: http://localhost:24341 for channel [id: 0xab69aba0, L:/127.0.0.1:55914 - R:localhost/127.0.0.1:24341]
21:34:47.607 [Forwarding getCurrentUrl on session 90cdc4615931637e7b77e3767dac3d58 to remote] DEBUG org.asynchttpclient.netty.request.NettyRequestSender - Using pooled Channel '[id: 0xab69aba0, L:/127.0.0.1:55914 - R:localhost/127.0.0.1:24341]' for 'GET' to 'http://localhost:24341/session/90cdc4615931637e7b77e3767dac3d58/url'
21:34:47.607 [Forwarding getCurrentUrl on session 90cdc4615931637e7b77e3767dac3d58 to remote] DEBUG org.asynchttpclient.netty.request.NettyRequestSender - Using open Channel [id: 0xab69aba0, L:/127.0.0.1:55914 - R:localhost/127.0.0.1:24341] for GET '/session/90cdc4615931637e7b77e3767dac3d58/url'
21:34:47.615 [AsyncHttpClient-1-2] DEBUG org.asynchttpclient.netty.handler.HttpHandler - 

Request DefaultFullHttpRequest(decodeResult: success, version: HTTP/1.1, content: EmptyByteBufBE)
GET /session/90cdc4615931637e7b77e3767dac3d58/url HTTP/1.1
User-Agent: selenium/4.8.1 (java windows)
Cache-Control: no-cache
Content-Type: application/json; charset=utf-8
host: localhost:24341
accept: */*

Response DefaultHttpResponse(decodeResult: success, version: HTTP/1.1)
HTTP/1.1 200 OK
Content-Length: 52
Content-Type: application/json; charset=utf-8
cache-control: no-cache

21:34:47.615 [AsyncHttpClient-1-2] DEBUG org.asynchttpclient.netty.channel.ChannelManager - Adding key: http://localhost:24341 for channel [id: 0xab69aba0, L:/127.0.0.1:55914 - R:localhost/127.0.0.1:24341]
21:34:47.616 [Forwarding screenshot on session 90cdc4615931637e7b77e3767dac3d58 to remote] DEBUG org.asynchttpclient.netty.request.NettyRequestSender - Using pooled Channel '[id: 0xab69aba0, L:/127.0.0.1:55914 - R:localhost/127.0.0.1:24341]' for 'GET' to 'http://localhost:24341/session/90cdc4615931637e7b77e3767dac3d58/screenshot'
21:34:47.616 [Forwarding screenshot on session 90cdc4615931637e7b77e3767dac3d58 to remote] DEBUG org.asynchttpclient.netty.request.NettyRequestSender - Using open Channel [id: 0xab69aba0, L:/127.0.0.1:55914 - R:localhost/127.0.0.1:24341] for GET '/session/90cdc4615931637e7b77e3767dac3d58/screenshot'
21:34:47.715 [AsyncHttpClient-1-1] DEBUG org.asynchttpclient.netty.channel.DefaultChannelPool - Entry count for : http://localhost:55915 : 1
21:34:47.789 [AsyncHttpClient-1-2] DEBUG org.asynchttpclient.netty.handler.HttpHandler - 

Request DefaultFullHttpRequest(decodeResult: success, version: HTTP/1.1, content: EmptyByteBufBE)
GET /session/90cdc4615931637e7b77e3767dac3d58/screenshot HTTP/1.1
User-Agent: selenium/4.8.1 (java windows)
Cache-Control: no-cache
Content-Type: application/json; charset=utf-8
host: localhost:24341
accept: */*

Response DefaultHttpResponse(decodeResult: success, version: HTTP/1.1)
HTTP/1.1 200 OK
Content-Length: 249776
Content-Type: application/json; charset=utf-8
cache-control: no-cache

21:34:47.791 [AsyncHttpClient-1-2] DEBUG org.asynchttpclient.netty.channel.ChannelManager - Adding key: http://localhost:24341 for channel [id: 0xab69aba0, L:/127.0.0.1:55914 - R:localhost/127.0.0.1:24341]
21:34:47.801 [main] DEBUG net.serenitybdd.core.photography.Darkroom - Send negative for processing for target\site\serenity\749e0c3affe43ded31b5f4280e69df55b49dc9c332c2fc8a2d97f7c0c4e20187.png
21:34:47.802 [main] DEBUG net.thucydides.core.steps.StepInterceptor - STEP DONE: validateOnProductPage
  &amp#27;[32mAnd &amp#27;[0m&amp#27;[32mI navigate to the products page&amp#27;[0m        &amp#27;[90m# starter.stepdefinitions.AddToCartSteps.onTheProductPage()&amp#27;[0m
21:34:47.816 [Forwarding getPageSource on session 90cdc4615931637e7b77e3767dac3d58 to remote] DEBUG org.asynchttpclient.netty.request.NettyRequestSender - Using pooled Channel '[id: 0xab69aba0, L:/127.0.0.1:55914 - R:localhost/127.0.0.1:24341]' for 'POST' to 'http://localhost:24341/session/90cdc4615931637e7b77e3767dac3d58/execute/sync'
21:34:47.816 [Forwarding getPageSource on session 90cdc4615931637e7b77e3767dac3d58 to remote] DEBUG org.asynchttpclient.netty.request.NettyRequestSender - Using open Channel [id: 0xab69aba0, L:/127.0.0.1:55914 - R:localhost/127.0.0.1:24341] for POST '/session/90cdc4615931637e7b77e3767dac3d58/execute/sync'
21:34:47.822 [AsyncHttpClient-1-2] DEBUG org.asynchttpclient.netty.handler.HttpHandler - 

Request DefaultHttpRequest(decodeResult: success, version: HTTP/1.1)
POST /session/90cdc4615931637e7b77e3767dac3d58/execute/sync HTTP/1.1
User-Agent: selenium/4.8.1 (java windows)
Content-Length: 176
Content-Type: application/json; charset=utf-8
host: localhost:24341
accept: */*

Response DefaultHttpResponse(decodeResult: success, version: HTTP/1.1)
HTTP/1.1 200 OK
Content-Length: 16345
Content-Type: application/json; charset=utf-8
cache-control: no-cache

21:34:47.822 [AsyncHttpClient-1-2] DEBUG org.asynchttpclient.netty.channel.ChannelManager - Adding key: http://localhost:24341 for channel [id: 0xab69aba0, L:/127.0.0.1:55914 - R:localhost/127.0.0.1:24341]
21:34:47.833 [Forwarding getCurrentUrl on session 90cdc4615931637e7b77e3767dac3d58 to remote] DEBUG org.asynchttpclient.netty.request.NettyRequestSender - Using pooled Channel '[id: 0xab69aba0, L:/127.0.0.1:55914 - R:localhost/127.0.0.1:24341]' for 'GET' to 'http://localhost:24341/session/90cdc4615931637e7b77e3767dac3d58/url'
21:34:47.833 [Forwarding getCurrentUrl on session 90cdc4615931637e7b77e3767dac3d58 to remote] DEBUG org.asynchttpclient.netty.request.NettyRequestSender - Using open Channel [id: 0xab69aba0, L:/127.0.0.1:55914 - R:localhost/127.0.0.1:24341] for GET '/session/90cdc4615931637e7b77e3767dac3d58/url'
21:34:47.837 [AsyncHttpClient-1-2] DEBUG org.asynchttpclient.netty.handler.HttpHandler - 

Request DefaultFullHttpRequest(decodeResult: success, version: HTTP/1.1, content: EmptyByteBufBE)
GET /session/90cdc4615931637e7b77e3767dac3d58/url HTTP/1.1
User-Agent: selenium/4.8.1 (java windows)
Cache-Control: no-cache
Content-Type: application/json; charset=utf-8
host: localhost:24341
accept: */*

Response DefaultHttpResponse(decodeResult: success, version: HTTP/1.1)
HTTP/1.1 200 OK
Content-Length: 52
Content-Type: application/json; charset=utf-8
cache-control: no-cache

21:34:47.838 [AsyncHttpClient-1-2] DEBUG org.asynchttpclient.netty.channel.ChannelManager - Adding key: http://localhost:24341 for channel [id: 0xab69aba0, L:/127.0.0.1:55914 - R:localhost/127.0.0.1:24341]
21:34:47.851 [Forwarding getPageSource on session 90cdc4615931637e7b77e3767dac3d58 to remote] DEBUG org.asynchttpclient.netty.request.NettyRequestSender - Using pooled Channel '[id: 0xab69aba0, L:/127.0.0.1:55914 - R:localhost/127.0.0.1:24341]' for 'POST' to 'http://localhost:24341/session/90cdc4615931637e7b77e3767dac3d58/execute/sync'
21:34:47.851 [Forwarding getPageSource on session 90cdc4615931637e7b77e3767dac3d58 to remote] DEBUG org.asynchttpclient.netty.request.NettyRequestSender - Using open Channel [id: 0xab69aba0, L:/127.0.0.1:55914 - R:localhost/127.0.0.1:24341] for POST '/session/90cdc4615931637e7b77e3767dac3d58/execute/sync'
21:34:47.858 [AsyncHttpClient-1-2] DEBUG org.asynchttpclient.netty.handler.HttpHandler - 

Request DefaultHttpRequest(decodeResult: success, version: HTTP/1.1)
POST /session/90cdc4615931637e7b77e3767dac3d58/execute/sync HTTP/1.1
User-Agent: selenium/4.8.1 (java windows)
Content-Length: 176
Content-Type: application/json; charset=utf-8
host: localhost:24341
accept: */*

Response DefaultHttpResponse(decodeResult: success, version: HTTP/1.1)
HTTP/1.1 200 OK
Content-Length: 16345
Content-Type: application/json; charset=utf-8
cache-control: no-cache

21:34:47.858 [AsyncHttpClient-1-2] DEBUG org.asynchttpclient.netty.channel.ChannelManager - Adding key: http://localhost:24341 for channel [id: 0xab69aba0, L:/127.0.0.1:55914 - R:localhost/127.0.0.1:24341]
21:34:47.869 [Forwarding getCurrentUrl on session 90cdc4615931637e7b77e3767dac3d58 to remote] DEBUG org.asynchttpclient.netty.request.NettyRequestSender - Using pooled Channel '[id: 0xab69aba0, L:/127.0.0.1:55914 - R:localhost/127.0.0.1:24341]' for 'GET' to 'http://localhost:24341/session/90cdc4615931637e7b77e3767dac3d58/url'
21:34:47.869 [Forwarding getCurrentUrl on session 90cdc4615931637e7b77e3767dac3d58 to remote] DEBUG org.asynchttpclient.netty.request.NettyRequestSender - Using open Channel [id: 0xab69aba0, L:/127.0.0.1:55914 - R:localhost/127.0.0.1:24341] for GET '/session/90cdc4615931637e7b77e3767dac3d58/url'
21:34:47.874 [AsyncHttpClient-1-2] DEBUG org.asynchttpclient.netty.handler.HttpHandler - 

Request DefaultFullHttpRequest(decodeResult: success, version: HTTP/1.1, content: EmptyByteBufBE)
GET /session/90cdc4615931637e7b77e3767dac3d58/url HTTP/1.1
User-Agent: selenium/4.8.1 (java windows)
Cache-Control: no-cache
Content-Type: application/json; charset=utf-8
host: localhost:24341
accept: */*

Response DefaultHttpResponse(decodeResult: success, version: HTTP/1.1)
HTTP/1.1 200 OK
Content-Length: 52
Content-Type: application/json; charset=utf-8
cache-control: no-cache

21:34:47.875 [AsyncHttpClient-1-2] DEBUG org.asynchttpclient.netty.channel.ChannelManager - Adding key: http://localhost:24341 for channel [id: 0xab69aba0, L:/127.0.0.1:55914 - R:localhost/127.0.0.1:24341]
21:34:47.877 [main] DEBUG net.thucydides.core.steps.StepInterceptor - STARTING STEP: AddToCartSteps.selectProduct - clickTheProduct
21:34:47.887 [Forwarding findElement on session 90cdc4615931637e7b77e3767dac3d58 to remote] DEBUG org.asynchttpclient.netty.request.NettyRequestSender - Using pooled Channel '[id: 0xab69aba0, L:/127.0.0.1:55914 - R:localhost/127.0.0.1:24341]' for 'POST' to 'http://localhost:24341/session/90cdc4615931637e7b77e3767dac3d58/element'
21:34:47.887 [Forwarding findElement on session 90cdc4615931637e7b77e3767dac3d58 to remote] DEBUG org.asynchttpclient.netty.request.NettyRequestSender - Using open Channel [id: 0xab69aba0, L:/127.0.0.1:55914 - R:localhost/127.0.0.1:24341] for POST '/session/90cdc4615931637e7b77e3767dac3d58/element'
21:34:47.906 [AsyncHttpClient-1-2] DEBUG org.asynchttpclient.netty.handler.HttpHandler - 

Request DefaultHttpRequest(decodeResult: success, version: HTTP/1.1)
POST /session/90cdc4615931637e7b77e3767dac3d58/element HTTP/1.1
User-Agent: selenium/4.8.1 (java windows)
Content-Length: 62
Content-Type: application/json; charset=utf-8
host: localhost:24341
accept: */*

Response DefaultHttpResponse(decodeResult: success, version: HTTP/1.1)
HTTP/1.1 200 OK
Content-Length: 88
Content-Type: application/json; charset=utf-8
cache-control: no-cache

21:34:47.907 [AsyncHttpClient-1-2] DEBUG org.asynchttpclient.netty.channel.ChannelManager - Adding key: http://localhost:24341 for channel [id: 0xab69aba0, L:/127.0.0.1:55914 - R:localhost/127.0.0.1:24341]
21:34:47.909 [Forwarding getElementTagName on session 90cdc4615931637e7b77e3767dac3d58 to remote] DEBUG org.asynchttpclient.netty.request.NettyRequestSender - Using pooled Channel '[id: 0xab69aba0, L:/127.0.0.1:55914 - R:localhost/127.0.0.1:24341]' for 'GET' to 'http://localhost:24341/session/90cdc4615931637e7b77e3767dac3d58/element/ea2cfbab-736d-496d-8723-638e71df6932/name'
21:34:47.909 [Forwarding getElementTagName on session 90cdc4615931637e7b77e3767dac3d58 to remote] DEBUG org.asynchttpclient.netty.request.NettyRequestSender - Using open Channel [id: 0xab69aba0, L:/127.0.0.1:55914 - R:localhost/127.0.0.1:24341] for GET '/session/90cdc4615931637e7b77e3767dac3d58/element/ea2cfbab-736d-496d-8723-638e71df6932/name'
21:34:47.916 [AsyncHttpClient-1-2] DEBUG org.asynchttpclient.netty.handler.HttpHandler - 

Request DefaultFullHttpRequest(decodeResult: success, version: HTTP/1.1, content: EmptyByteBufBE)
GET /session/90cdc4615931637e7b77e3767dac3d58/element/ea2cfbab-736d-496d-8723-638e71df6932/name HTTP/1.1
User-Agent: selenium/4.8.1 (java windows)
Cache-Control: no-cache
Content-Type: application/json; charset=utf-8
host: localhost:24341
accept: */*

Response DefaultHttpResponse(decodeResult: success, version: HTTP/1.1)
HTTP/1.1 200 OK
Content-Length: 13
Content-Type: application/json; charset=utf-8
cache-control: no-cache

21:34:47.917 [AsyncHttpClient-1-2] DEBUG org.asynchttpclient.netty.channel.ChannelManager - Adding key: http://localhost:24341 for channel [id: 0xab69aba0, L:/127.0.0.1:55914 - R:localhost/127.0.0.1:24341]
21:34:47.919 [Forwarding getElementTagName on session 90cdc4615931637e7b77e3767dac3d58 to remote] DEBUG org.asynchttpclient.netty.request.NettyRequestSender - Using pooled Channel '[id: 0xab69aba0, L:/127.0.0.1:55914 - R:localhost/127.0.0.1:24341]' for 'GET' to 'http://localhost:24341/session/90cdc4615931637e7b77e3767dac3d58/element/ea2cfbab-736d-496d-8723-638e71df6932/name'
21:34:47.919 [Forwarding getElementTagName on session 90cdc4615931637e7b77e3767dac3d58 to remote] DEBUG org.asynchttpclient.netty.request.NettyRequestSender - Using open Channel [id: 0xab69aba0, L:/127.0.0.1:55914 - R:localhost/127.0.0.1:24341] for GET '/session/90cdc4615931637e7b77e3767dac3d58/element/ea2cfbab-736d-496d-8723-638e71df6932/name'
21:34:47.923 [AsyncHttpClient-1-2] DEBUG org.asynchttpclient.netty.handler.HttpHandler - 

Request DefaultFullHttpRequest(decodeResult: success, version: HTTP/1.1, content: EmptyByteBufBE)
GET /session/90cdc4615931637e7b77e3767dac3d58/element/ea2cfbab-736d-496d-8723-638e71df6932/name HTTP/1.1
User-Agent: selenium/4.8.1 (java windows)
Cache-Control: no-cache
Content-Type: application/json; charset=utf-8
host: localhost:24341
accept: */*

Response DefaultHttpResponse(decodeResult: success, version: HTTP/1.1)
HTTP/1.1 200 OK
Content-Length: 13
Content-Type: application/json; charset=utf-8
cache-control: no-cache

21:34:47.923 [AsyncHttpClient-1-2] DEBUG org.asynchttpclient.netty.channel.ChannelManager - Adding key: http://localhost:24341 for channel [id: 0xab69aba0, L:/127.0.0.1:55914 - R:localhost/127.0.0.1:24341]
21:34:47.926 [Forwarding findElement on session 90cdc4615931637e7b77e3767dac3d58 to remote] DEBUG org.asynchttpclient.netty.request.NettyRequestSender - Using pooled Channel '[id: 0xab69aba0, L:/127.0.0.1:55914 - R:localhost/127.0.0.1:24341]' for 'POST' to 'http://localhost:24341/session/90cdc4615931637e7b77e3767dac3d58/element'
21:34:47.926 [Forwarding findElement on session 90cdc4615931637e7b77e3767dac3d58 to remote] DEBUG org.asynchttpclient.netty.request.NettyRequestSender - Using open Channel [id: 0xab69aba0, L:/127.0.0.1:55914 - R:localhost/127.0.0.1:24341] for POST '/session/90cdc4615931637e7b77e3767dac3d58/element'
21:34:47.934 [AsyncHttpClient-1-2] DEBUG org.asynchttpclient.netty.handler.HttpHandler - 

Request DefaultHttpRequest(decodeResult: success, version: HTTP/1.1)
POST /session/90cdc4615931637e7b77e3767dac3d58/element HTTP/1.1
User-Agent: selenium/4.8.1 (java windows)
Content-Length: 62
Content-Type: application/json; charset=utf-8
host: localhost:24341
accept: */*

Response DefaultHttpResponse(decodeResult: success, version: HTTP/1.1)
HTTP/1.1 200 OK
Content-Length: 88
Content-Type: application/json; charset=utf-8
cache-control: no-cache

21:34:47.935 [AsyncHttpClient-1-2] DEBUG org.asynchttpclient.netty.channel.ChannelManager - Adding key: http://localhost:24341 for channel [id: 0xab69aba0, L:/127.0.0.1:55914 - R:localhost/127.0.0.1:24341]
21:34:47.937 [Forwarding clickElement on session 90cdc4615931637e7b77e3767dac3d58 to remote] DEBUG org.asynchttpclient.netty.request.NettyRequestSender - Using pooled Channel '[id: 0xab69aba0, L:/127.0.0.1:55914 - R:localhost/127.0.0.1:24341]' for 'POST' to 'http://localhost:24341/session/90cdc4615931637e7b77e3767dac3d58/element/ea2cfbab-736d-496d-8723-638e71df6932/click'
21:34:47.937 [Forwarding clickElement on session 90cdc4615931637e7b77e3767dac3d58 to remote] DEBUG org.asynchttpclient.netty.request.NettyRequestSender - Using open Channel [id: 0xab69aba0, L:/127.0.0.1:55914 - R:localhost/127.0.0.1:24341] for POST '/session/90cdc4615931637e7b77e3767dac3d58/element/ea2cfbab-736d-496d-8723-638e71df6932/click'
21:34:48.015 [AsyncHttpClient-1-2] DEBUG org.asynchttpclient.netty.handler.HttpHandler - 

Request DefaultHttpRequest(decodeResult: success, version: HTTP/1.1)
POST /session/90cdc4615931637e7b77e3767dac3d58/element/ea2cfbab-736d-496d-8723-638e71df6932/click HTTP/1.1
User-Agent: selenium/4.8.1 (java windows)
Content-Length: 50
Content-Type: application/json; charset=utf-8
host: localhost:24341
accept: */*

Response DefaultHttpResponse(decodeResult: success, version: HTTP/1.1)
HTTP/1.1 200 OK
Content-Length: 14
Content-Type: application/json; charset=utf-8
cache-control: no-cache

21:34:48.015 [AsyncHttpClient-1-2] DEBUG org.asynchttpclient.netty.channel.ChannelManager - Adding key: http://localhost:24341 for channel [id: 0xab69aba0, L:/127.0.0.1:55914 - R:localhost/127.0.0.1:24341]
21:34:48.035 [Forwarding getAlertText on session 90cdc4615931637e7b77e3767dac3d58 to remote] DEBUG org.asynchttpclient.netty.request.NettyRequestSender - Using pooled Channel '[id: 0xab69aba0, L:/127.0.0.1:55914 - R:localhost/127.0.0.1:24341]' for 'GET' to 'http://localhost:24341/session/90cdc4615931637e7b77e3767dac3d58/alert/text'
21:34:48.035 [Forwarding getAlertText on session 90cdc4615931637e7b77e3767dac3d58 to remote] DEBUG org.asynchttpclient.netty.request.NettyRequestSender - Using open Channel [id: 0xab69aba0, L:/127.0.0.1:55914 - R:localhost/127.0.0.1:24341] for GET '/session/90cdc4615931637e7b77e3767dac3d58/alert/text'
21:34:48.037 [AsyncHttpClient-1-2] DEBUG org.asynchttpclient.netty.handler.HttpHandler - 

Request DefaultFullHttpRequest(decodeResult: success, version: HTTP/1.1, content: EmptyByteBufBE)
GET /session/90cdc4615931637e7b77e3767dac3d58/alert/text HTTP/1.1
User-Agent: selenium/4.8.1 (java windows)
Cache-Control: no-cache
Content-Type: application/json; charset=utf-8
host: localhost:24341
accept: */*

Response DefaultHttpResponse(decodeResult: success, version: HTTP/1.1)
HTTP/1.1 404 Not Found
Content-Length: 836
Content-Type: application/json; charset=utf-8
cache-control: no-cache

21:34:48.038 [AsyncHttpClient-1-2] DEBUG org.asynchttpclient.netty.channel.ChannelManager - Adding key: http://localhost:24341 for channel [id: 0xab69aba0, L:/127.0.0.1:55914 - R:localhost/127.0.0.1:24341]
21:34:48.040 [Forwarding getCurrentUrl on session 90cdc4615931637e7b77e3767dac3d58 to remote] DEBUG org.asynchttpclient.netty.request.NettyRequestSender - Using pooled Channel '[id: 0xab69aba0, L:/127.0.0.1:55914 - R:localhost/127.0.0.1:24341]' for 'GET' to 'http://localhost:24341/session/90cdc4615931637e7b77e3767dac3d58/url'
21:34:48.040 [Forwarding getCurrentUrl on session 90cdc4615931637e7b77e3767dac3d58 to remote] DEBUG org.asynchttpclient.netty.request.NettyRequestSender - Using open Channel [id: 0xab69aba0, L:/127.0.0.1:55914 - R:localhost/127.0.0.1:24341] for GET '/session/90cdc4615931637e7b77e3767dac3d58/url'
21:34:48.048 [AsyncHttpClient-1-2] DEBUG org.asynchttpclient.netty.handler.HttpHandler - 

Request DefaultFullHttpRequest(decodeResult: success, version: HTTP/1.1, content: EmptyByteBufBE)
GET /session/90cdc4615931637e7b77e3767dac3d58/url HTTP/1.1
User-Agent: selenium/4.8.1 (java windows)
Cache-Control: no-cache
Content-Type: application/json; charset=utf-8
host: localhost:24341
accept: */*

Response DefaultHttpResponse(decodeResult: success, version: HTTP/1.1)
HTTP/1.1 200 OK
Content-Length: 62
Content-Type: application/json; charset=utf-8
cache-control: no-cache

21:34:48.048 [AsyncHttpClient-1-2] DEBUG org.asynchttpclient.netty.channel.ChannelManager - Adding key: http://localhost:24341 for channel [id: 0xab69aba0, L:/127.0.0.1:55914 - R:localhost/127.0.0.1:24341]
21:34:48.050 [Forwarding screenshot on session 90cdc4615931637e7b77e3767dac3d58 to remote] DEBUG org.asynchttpclient.netty.request.NettyRequestSender - Using pooled Channel '[id: 0xab69aba0, L:/127.0.0.1:55914 - R:localhost/127.0.0.1:24341]' for 'GET' to 'http://localhost:24341/session/90cdc4615931637e7b77e3767dac3d58/screenshot'
21:34:48.050 [Forwarding screenshot on session 90cdc4615931637e7b77e3767dac3d58 to remote] DEBUG org.asynchttpclient.netty.request.NettyRequestSender - Using open Channel [id: 0xab69aba0, L:/127.0.0.1:55914 - R:localhost/127.0.0.1:24341] for GET '/session/90cdc4615931637e7b77e3767dac3d58/screenshot'
21:34:48.409 [AsyncHttpClient-1-2] DEBUG org.asynchttpclient.netty.handler.HttpHandler - 

Request DefaultFullHttpRequest(decodeResult: success, version: HTTP/1.1, content: EmptyByteBufBE)
GET /session/90cdc4615931637e7b77e3767dac3d58/screenshot HTTP/1.1
User-Agent: selenium/4.8.1 (java windows)
Cache-Control: no-cache
Content-Type: application/json; charset=utf-8
host: localhost:24341
accept: */*

Response DefaultHttpResponse(decodeResult: success, version: HTTP/1.1)
HTTP/1.1 200 OK
Content-Length: 611740
Content-Type: application/json; charset=utf-8
cache-control: no-cache

21:34:48.414 [AsyncHttpClient-1-2] DEBUG org.asynchttpclient.netty.channel.ChannelManager - Adding key: http://localhost:24341 for channel [id: 0xab69aba0, L:/127.0.0.1:55914 - R:localhost/127.0.0.1:24341]
21:34:48.441 [main] DEBUG net.serenitybdd.core.photography.Darkroom - Send negative for processing for target\site\serenity\89cd35cb69e07bb419d73aee485ce3b1bdd239bb4ab606995cfaf0f10cecf6cf.png
21:34:48.441 [main] DEBUG net.thucydides.core.steps.StepInterceptor - STEP DONE: clickTheProduct
21:34:48.441 [Darkroom Processing Line] DEBUG net.serenitybdd.core.photography.DarkroomProcessingLine - Processing screenshot image in /var/screenshots/screenshot-10280815084488640903
21:34:48.441 [Darkroom Processing Line] DEBUG net.serenitybdd.core.photography.DarkroomProcessingLine - Saving screenshot to target\site\serenity\89cd35cb69e07bb419d73aee485ce3b1bdd239bb4ab606995cfaf0f10cecf6cf.png
  &amp#27;[32mAnd &amp#27;[0m&amp#27;[32mI select a product to add to my cart&amp#27;[0m   &amp#27;[90m# starter.stepdefinitions.AddToCartSteps.selectProduct()&amp#27;[0m
21:34:48.457 [Forwarding getPageSource on session 90cdc4615931637e7b77e3767dac3d58 to remote] DEBUG org.asynchttpclient.netty.request.NettyRequestSender - Using pooled Channel '[id: 0xab69aba0, L:/127.0.0.1:55914 - R:localhost/127.0.0.1:24341]' for 'POST' to 'http://localhost:24341/session/90cdc4615931637e7b77e3767dac3d58/execute/sync'
21:34:48.457 [Forwarding getPageSource on session 90cdc4615931637e7b77e3767dac3d58 to remote] DEBUG org.asynchttpclient.netty.request.NettyRequestSender - Using open Channel [id: 0xab69aba0, L:/127.0.0.1:55914 - R:localhost/127.0.0.1:24341] for POST '/session/90cdc4615931637e7b77e3767dac3d58/execute/sync'
21:34:48.462 [AsyncHttpClient-1-2] DEBUG org.asynchttpclient.netty.handler.HttpHandler - 

Request DefaultHttpRequest(decodeResult: success, version: HTTP/1.1)
POST /session/90cdc4615931637e7b77e3767dac3d58/execute/sync HTTP/1.1
User-Agent: selenium/4.8.1 (java windows)
Content-Length: 176
Content-Type: application/json; charset=utf-8
host: localhost:24341
accept: */*

Response DefaultHttpResponse(decodeResult: success, version: HTTP/1.1)
HTTP/1.1 200 OK
Content-Length: 12434
Content-Type: application/json; charset=utf-8
cache-control: no-cache

21:34:48.463 [AsyncHttpClient-1-2] DEBUG org.asynchttpclient.netty.channel.ChannelManager - Adding key: http://localhost:24341 for channel [id: 0xab69aba0, L:/127.0.0.1:55914 - R:localhost/127.0.0.1:24341]
21:34:48.489 [Forwarding getCurrentUrl on session 90cdc4615931637e7b77e3767dac3d58 to remote] DEBUG org.asynchttpclient.netty.request.NettyRequestSender - Using pooled Channel '[id: 0xab69aba0, L:/127.0.0.1:55914 - R:localhost/127.0.0.1:24341]' for 'GET' to 'http://localhost:24341/session/90cdc4615931637e7b77e3767dac3d58/url'
21:34:48.489 [Forwarding getCurrentUrl on session 90cdc4615931637e7b77e3767dac3d58 to remote] DEBUG org.asynchttpclient.netty.request.NettyRequestSender - Using open Channel [id: 0xab69aba0, L:/127.0.0.1:55914 - R:localhost/127.0.0.1:24341] for GET '/session/90cdc4615931637e7b77e3767dac3d58/url'
21:34:48.494 [AsyncHttpClient-1-2] DEBUG org.asynchttpclient.netty.handler.HttpHandler - 

Request DefaultFullHttpRequest(decodeResult: success, version: HTTP/1.1, content: EmptyByteBufBE)
GET /session/90cdc4615931637e7b77e3767dac3d58/url HTTP/1.1
User-Agent: selenium/4.8.1 (java windows)
Cache-Control: no-cache
Content-Type: application/json; charset=utf-8
host: localhost:24341
accept: */*

Response DefaultHttpResponse(decodeResult: success, version: HTTP/1.1)
HTTP/1.1 200 OK
Content-Length: 62
Content-Type: application/json; charset=utf-8
cache-control: no-cache

21:34:48.494 [AsyncHttpClient-1-2] DEBUG org.asynchttpclient.netty.channel.ChannelManager - Adding key: http://localhost:24341 for channel [id: 0xab69aba0, L:/127.0.0.1:55914 - R:localhost/127.0.0.1:24341]
21:34:48.506 [Forwarding getAlertText on session 90cdc4615931637e7b77e3767dac3d58 to remote] DEBUG org.asynchttpclient.netty.request.NettyRequestSender - Using pooled Channel '[id: 0xab69aba0, L:/127.0.0.1:55914 - R:localhost/127.0.0.1:24341]' for 'GET' to 'http://localhost:24341/session/90cdc4615931637e7b77e3767dac3d58/alert/text'
21:34:48.507 [Forwarding getAlertText on session 90cdc4615931637e7b77e3767dac3d58 to remote] DEBUG org.asynchttpclient.netty.request.NettyRequestSender - Using open Channel [id: 0xab69aba0, L:/127.0.0.1:55914 - R:localhost/127.0.0.1:24341] for GET '/session/90cdc4615931637e7b77e3767dac3d58/alert/text'
21:34:48.508 [AsyncHttpClient-1-2] DEBUG org.asynchttpclient.netty.handler.HttpHandler - 

Request DefaultFullHttpRequest(decodeResult: success, version: HTTP/1.1, content: EmptyByteBufBE)
GET /session/90cdc4615931637e7b77e3767dac3d58/alert/text HTTP/1.1
User-Agent: selenium/4.8.1 (java windows)
Cache-Control: no-cache
Content-Type: application/json; charset=utf-8
host: localhost:24341
accept: */*

Response DefaultHttpResponse(decodeResult: success, version: HTTP/1.1)
HTTP/1.1 404 Not Found
Content-Length: 836
Content-Type: application/json; charset=utf-8
cache-control: no-cache

21:34:48.509 [AsyncHttpClient-1-2] DEBUG org.asynchttpclient.netty.channel.ChannelManager - Adding key: http://localhost:24341 for channel [id: 0xab69aba0, L:/127.0.0.1:55914 - R:localhost/127.0.0.1:24341]
21:34:48.510 [Forwarding getCurrentUrl on session 90cdc4615931637e7b77e3767dac3d58 to remote] DEBUG org.asynchttpclient.netty.request.NettyRequestSender - Using pooled Channel '[id: 0xab69aba0, L:/127.0.0.1:55914 - R:localhost/127.0.0.1:24341]' for 'GET' to 'http://localhost:24341/session/90cdc4615931637e7b77e3767dac3d58/url'
21:34:48.511 [Forwarding getCurrentUrl on session 90cdc4615931637e7b77e3767dac3d58 to remote] DEBUG org.asynchttpclient.netty.request.NettyRequestSender - Using open Channel [id: 0xab69aba0, L:/127.0.0.1:55914 - R:localhost/127.0.0.1:24341] for GET '/session/90cdc4615931637e7b77e3767dac3d58/url'
21:34:48.514 [AsyncHttpClient-1-2] DEBUG org.asynchttpclient.netty.handler.HttpHandler - 

Request DefaultFullHttpRequest(decodeResult: success, version: HTTP/1.1, content: EmptyByteBufBE)
GET /session/90cdc4615931637e7b77e3767dac3d58/url HTTP/1.1
User-Agent: selenium/4.8.1 (java windows)
Cache-Control: no-cache
Content-Type: application/json; charset=utf-8
host: localhost:24341
accept: */*

Response DefaultHttpResponse(decodeResult: success, version: HTTP/1.1)
HTTP/1.1 200 OK
Content-Length: 62
Content-Type: application/json; charset=utf-8
cache-control: no-cache

21:34:48.514 [AsyncHttpClient-1-2] DEBUG org.asynchttpclient.netty.channel.ChannelManager - Adding key: http://localhost:24341 for channel [id: 0xab69aba0, L:/127.0.0.1:55914 - R:localhost/127.0.0.1:24341]
21:34:48.515 [Forwarding screenshot on session 90cdc4615931637e7b77e3767dac3d58 to remote] DEBUG org.asynchttpclient.netty.request.NettyRequestSender - Using pooled Channel '[id: 0xab69aba0, L:/127.0.0.1:55914 - R:localhost/127.0.0.1:24341]' for 'GET' to 'http://localhost:24341/session/90cdc4615931637e7b77e3767dac3d58/screenshot'
21:34:48.515 [Forwarding screenshot on session 90cdc4615931637e7b77e3767dac3d58 to remote] DEBUG org.asynchttpclient.netty.request.NettyRequestSender - Using open Channel [id: 0xab69aba0, L:/127.0.0.1:55914 - R:localhost/127.0.0.1:24341] for GET '/session/90cdc4615931637e7b77e3767dac3d58/screenshot'
21:34:48.788 [AsyncHttpClient-1-2] DEBUG org.asynchttpclient.netty.handler.HttpHandler - 

Request DefaultFullHttpRequest(decodeResult: success, version: HTTP/1.1, content: EmptyByteBufBE)
GET /session/90cdc4615931637e7b77e3767dac3d58/screenshot HTTP/1.1
User-Agent: selenium/4.8.1 (java windows)
Cache-Control: no-cache
Content-Type: application/json; charset=utf-8
host: localhost:24341
accept: */*

Response DefaultHttpResponse(decodeResult: success, version: HTTP/1.1)
HTTP/1.1 200 OK
Content-Length: 611740
Content-Type: application/json; charset=utf-8
cache-control: no-cache

21:34:48.792 [AsyncHttpClient-1-2] DEBUG org.asynchttpclient.netty.channel.ChannelManager - Adding key: http://localhost:24341 for channel [id: 0xab69aba0, L:/127.0.0.1:55914 - R:localhost/127.0.0.1:24341]
21:34:48.803 [AsyncHttpClient-1-1] DEBUG org.asynchttpclient.netty.channel.DefaultChannelPool - Entry count for : http://localhost:24341 : 1
21:34:48.803 [AsyncHttpClient-1-1] DEBUG org.asynchttpclient.netty.channel.DefaultChannelPool - Entry count for : http://localhost:55915 : 1
21:34:48.813 [main] DEBUG net.serenitybdd.core.photography.Darkroom - Send negative for processing for target\site\serenity\89cd35cb69e07bb419d73aee485ce3b1bdd239bb4ab606995cfaf0f10cecf6cf.png
21:34:48.815 [Forwarding getPageSource on session 90cdc4615931637e7b77e3767dac3d58 to remote] DEBUG org.asynchttpclient.netty.request.NettyRequestSender - Using pooled Channel '[id: 0xab69aba0, L:/127.0.0.1:55914 - R:localhost/127.0.0.1:24341]' for 'POST' to 'http://localhost:24341/session/90cdc4615931637e7b77e3767dac3d58/execute/sync'
21:34:48.816 [Forwarding getPageSource on session 90cdc4615931637e7b77e3767dac3d58 to remote] DEBUG org.asynchttpclient.netty.request.NettyRequestSender - Using open Channel [id: 0xab69aba0, L:/127.0.0.1:55914 - R:localhost/127.0.0.1:24341] for POST '/session/90cdc4615931637e7b77e3767dac3d58/execute/sync'
21:34:48.822 [AsyncHttpClient-1-2] DEBUG org.asynchttpclient.netty.handler.HttpHandler - 

Request DefaultHttpRequest(decodeResult: success, version: HTTP/1.1)
POST /session/90cdc4615931637e7b77e3767dac3d58/execute/sync HTTP/1.1
User-Agent: selenium/4.8.1 (java windows)
Content-Length: 176
Content-Type: application/json; charset=utf-8
host: localhost:24341
accept: */*

Response DefaultHttpResponse(decodeResult: success, version: HTTP/1.1)
HTTP/1.1 200 OK
Content-Length: 12434
Content-Type: application/json; charset=utf-8
cache-control: no-cache

21:34:48.822 [AsyncHttpClient-1-2] DEBUG org.asynchttpclient.netty.channel.ChannelManager - Adding key: http://localhost:24341 for channel [id: 0xab69aba0, L:/127.0.0.1:55914 - R:localhost/127.0.0.1:24341]
21:34:48.826 [Forwarding getCurrentUrl on session 90cdc4615931637e7b77e3767dac3d58 to remote] DEBUG org.asynchttpclient.netty.request.NettyRequestSender - Using pooled Channel '[id: 0xab69aba0, L:/127.0.0.1:55914 - R:localhost/127.0.0.1:24341]' for 'GET' to 'http://localhost:24341/session/90cdc4615931637e7b77e3767dac3d58/url'
21:34:48.826 [Forwarding getCurrentUrl on session 90cdc4615931637e7b77e3767dac3d58 to remote] DEBUG org.asynchttpclient.netty.request.NettyRequestSender - Using open Channel [id: 0xab69aba0, L:/127.0.0.1:55914 - R:localhost/127.0.0.1:24341] for GET '/session/90cdc4615931637e7b77e3767dac3d58/url'
21:34:48.830 [AsyncHttpClient-1-2] DEBUG org.asynchttpclient.netty.handler.HttpHandler - 

Request DefaultFullHttpRequest(decodeResult: success, version: HTTP/1.1, content: EmptyByteBufBE)
GET /session/90cdc4615931637e7b77e3767dac3d58/url HTTP/1.1
User-Agent: selenium/4.8.1 (java windows)
Cache-Control: no-cache
Content-Type: application/json; charset=utf-8
host: localhost:24341
accept: */*

Response DefaultHttpResponse(decodeResult: success, version: HTTP/1.1)
HTTP/1.1 200 OK
Content-Length: 62
Content-Type: application/json; charset=utf-8
cache-control: no-cache

21:34:48.830 [AsyncHttpClient-1-2] DEBUG org.asynchttpclient.netty.channel.ChannelManager - Adding key: http://localhost:24341 for channel [id: 0xab69aba0, L:/127.0.0.1:55914 - R:localhost/127.0.0.1:24341]
21:34:48.832 [main] DEBUG net.thucydides.core.steps.StepInterceptor - STARTING STEP: AddToCartSteps.AddToCart - clickAddToCart
21:34:48.837 [Forwarding findElement on session 90cdc4615931637e7b77e3767dac3d58 to remote] DEBUG org.asynchttpclient.netty.request.NettyRequestSender - Using pooled Channel '[id: 0xab69aba0, L:/127.0.0.1:55914 - R:localhost/127.0.0.1:24341]' for 'POST' to 'http://localhost:24341/session/90cdc4615931637e7b77e3767dac3d58/element'
21:34:48.837 [Forwarding findElement on session 90cdc4615931637e7b77e3767dac3d58 to remote] DEBUG org.asynchttpclient.netty.request.NettyRequestSender - Using open Channel [id: 0xab69aba0, L:/127.0.0.1:55914 - R:localhost/127.0.0.1:24341] for POST '/session/90cdc4615931637e7b77e3767dac3d58/element'
21:34:48.856 [AsyncHttpClient-1-2] DEBUG org.asynchttpclient.netty.handler.HttpHandler - 

Request DefaultHttpRequest(decodeResult: success, version: HTTP/1.1)
POST /session/90cdc4615931637e7b77e3767dac3d58/element HTTP/1.1
User-Agent: selenium/4.8.1 (java windows)
Content-Length: 93
Content-Type: application/json; charset=utf-8
host: localhost:24341
accept: */*

Response DefaultHttpResponse(decodeResult: success, version: HTTP/1.1)
HTTP/1.1 200 OK
Content-Length: 88
Content-Type: application/json; charset=utf-8
cache-control: no-cache

21:34:48.857 [AsyncHttpClient-1-2] DEBUG org.asynchttpclient.netty.channel.ChannelManager - Adding key: http://localhost:24341 for channel [id: 0xab69aba0, L:/127.0.0.1:55914 - R:localhost/127.0.0.1:24341]
21:34:48.858 [Forwarding getElementTagName on session 90cdc4615931637e7b77e3767dac3d58 to remote] DEBUG org.asynchttpclient.netty.request.NettyRequestSender - Using pooled Channel '[id: 0xab69aba0, L:/127.0.0.1:55914 - R:localhost/127.0.0.1:24341]' for 'GET' to 'http://localhost:24341/session/90cdc4615931637e7b77e3767dac3d58/element/bf9cba53-c06d-49b9-b3fa-da85c9bfdd4f/name'
21:34:48.859 [Forwarding getElementTagName on session 90cdc4615931637e7b77e3767dac3d58 to remote] DEBUG org.asynchttpclient.netty.request.NettyRequestSender - Using open Channel [id: 0xab69aba0, L:/127.0.0.1:55914 - R:localhost/127.0.0.1:24341] for GET '/session/90cdc4615931637e7b77e3767dac3d58/element/bf9cba53-c06d-49b9-b3fa-da85c9bfdd4f/name'
21:34:48.865 [AsyncHttpClient-1-2] DEBUG org.asynchttpclient.netty.handler.HttpHandler - 

Request DefaultFullHttpRequest(decodeResult: success, version: HTTP/1.1, content: EmptyByteBufBE)
GET /session/90cdc4615931637e7b77e3767dac3d58/element/bf9cba53-c06d-49b9-b3fa-da85c9bfdd4f/name HTTP/1.1
User-Agent: selenium/4.8.1 (java windows)
Cache-Control: no-cache
Content-Type: application/json; charset=utf-8
host: localhost:24341
accept: */*

Response DefaultHttpResponse(decodeResult: success, version: HTTP/1.1)
HTTP/1.1 200 OK
Content-Length: 18
Content-Type: application/json; charset=utf-8
cache-control: no-cache

21:34:48.866 [AsyncHttpClient-1-2] DEBUG org.asynchttpclient.netty.channel.ChannelManager - Adding key: http://localhost:24341 for channel [id: 0xab69aba0, L:/127.0.0.1:55914 - R:localhost/127.0.0.1:24341]
21:34:48.867 [Forwarding getElementTagName on session 90cdc4615931637e7b77e3767dac3d58 to remote] DEBUG org.asynchttpclient.netty.request.NettyRequestSender - Using pooled Channel '[id: 0xab69aba0, L:/127.0.0.1:55914 - R:localhost/127.0.0.1:24341]' for 'GET' to 'http://localhost:24341/session/90cdc4615931637e7b77e3767dac3d58/element/bf9cba53-c06d-49b9-b3fa-da85c9bfdd4f/name'
21:34:48.867 [Forwarding getElementTagName on session 90cdc4615931637e7b77e3767dac3d58 to remote] DEBUG org.asynchttpclient.netty.request.NettyRequestSender - Using open Channel [id: 0xab69aba0, L:/127.0.0.1:55914 - R:localhost/127.0.0.1:24341] for GET '/session/90cdc4615931637e7b77e3767dac3d58/element/bf9cba53-c06d-49b9-b3fa-da85c9bfdd4f/name'
21:34:48.870 [AsyncHttpClient-1-2] DEBUG org.asynchttpclient.netty.handler.HttpHandler - 

Request DefaultFullHttpRequest(decodeResult: success, version: HTTP/1.1, content: EmptyByteBufBE)
GET /session/90cdc4615931637e7b77e3767dac3d58/element/bf9cba53-c06d-49b9-b3fa-da85c9bfdd4f/name HTTP/1.1
User-Agent: selenium/4.8.1 (java windows)
Cache-Control: no-cache
Content-Type: application/json; charset=utf-8
host: localhost:24341
accept: */*

Response DefaultHttpResponse(decodeResult: success, version: HTTP/1.1)
HTTP/1.1 200 OK
Content-Length: 18
Content-Type: application/json; charset=utf-8
cache-control: no-cache

21:34:48.870 [AsyncHttpClient-1-2] DEBUG org.asynchttpclient.netty.channel.ChannelManager - Adding key: http://localhost:24341 for channel [id: 0xab69aba0, L:/127.0.0.1:55914 - R:localhost/127.0.0.1:24341]
21:34:48.873 [Forwarding isElementEnabled on session 90cdc4615931637e7b77e3767dac3d58 to remote] DEBUG org.asynchttpclient.netty.request.NettyRequestSender - Using pooled Channel '[id: 0xab69aba0, L:/127.0.0.1:55914 - R:localhost/127.0.0.1:24341]' for 'GET' to 'http://localhost:24341/session/90cdc4615931637e7b77e3767dac3d58/element/bf9cba53-c06d-49b9-b3fa-da85c9bfdd4f/enabled'
21:34:48.873 [Forwarding isElementEnabled on session 90cdc4615931637e7b77e3767dac3d58 to remote] DEBUG org.asynchttpclient.netty.request.NettyRequestSender - Using open Channel [id: 0xab69aba0, L:/127.0.0.1:55914 - R:localhost/127.0.0.1:24341] for GET '/session/90cdc4615931637e7b77e3767dac3d58/element/bf9cba53-c06d-49b9-b3fa-da85c9bfdd4f/enabled'
21:34:48.885 [AsyncHttpClient-1-2] DEBUG org.asynchttpclient.netty.handler.HttpHandler - 

Request DefaultFullHttpRequest(decodeResult: success, version: HTTP/1.1, content: EmptyByteBufBE)
GET /session/90cdc4615931637e7b77e3767dac3d58/element/bf9cba53-c06d-49b9-b3fa-da85c9bfdd4f/enabled HTTP/1.1
User-Agent: selenium/4.8.1 (java windows)
Cache-Control: no-cache
Content-Type: application/json; charset=utf-8
host: localhost:24341
accept: */*

Response DefaultHttpResponse(decodeResult: success, version: HTTP/1.1)
HTTP/1.1 200 OK
Content-Length: 14
Content-Type: application/json; charset=utf-8
cache-control: no-cache

21:34:48.885 [AsyncHttpClient-1-2] DEBUG org.asynchttpclient.netty.channel.ChannelManager - Adding key: http://localhost:24341 for channel [id: 0xab69aba0, L:/127.0.0.1:55914 - R:localhost/127.0.0.1:24341]
21:34:48.887 [Forwarding isElementEnabled on session 90cdc4615931637e7b77e3767dac3d58 to remote] DEBUG org.asynchttpclient.netty.request.NettyRequestSender - Using pooled Channel '[id: 0xab69aba0, L:/127.0.0.1:55914 - R:localhost/127.0.0.1:24341]' for 'GET' to 'http://localhost:24341/session/90cdc4615931637e7b77e3767dac3d58/element/bf9cba53-c06d-49b9-b3fa-da85c9bfdd4f/enabled'
21:34:48.887 [Forwarding isElementEnabled on session 90cdc4615931637e7b77e3767dac3d58 to remote] DEBUG org.asynchttpclient.netty.request.NettyRequestSender - Using open Channel [id: 0xab69aba0, L:/127.0.0.1:55914 - R:localhost/127.0.0.1:24341] for GET '/session/90cdc4615931637e7b77e3767dac3d58/element/bf9cba53-c06d-49b9-b3fa-da85c9bfdd4f/enabled'
21:34:48.893 [AsyncHttpClient-1-2] DEBUG org.asynchttpclient.netty.handler.HttpHandler - 

Request DefaultFullHttpRequest(decodeResult: success, version: HTTP/1.1, content: EmptyByteBufBE)
GET /session/90cdc4615931637e7b77e3767dac3d58/element/bf9cba53-c06d-49b9-b3fa-da85c9bfdd4f/enabled HTTP/1.1
User-Agent: selenium/4.8.1 (java windows)
Cache-Control: no-cache
Content-Type: application/json; charset=utf-8
host: localhost:24341
accept: */*

Response DefaultHttpResponse(decodeResult: success, version: HTTP/1.1)
HTTP/1.1 200 OK
Content-Length: 14
Content-Type: application/json; charset=utf-8
cache-control: no-cache

21:34:48.894 [AsyncHttpClient-1-2] DEBUG org.asynchttpclient.netty.channel.ChannelManager - Adding key: http://localhost:24341 for channel [id: 0xab69aba0, L:/127.0.0.1:55914 - R:localhost/127.0.0.1:24341]
21:34:48.896 [Forwarding findElement on session 90cdc4615931637e7b77e3767dac3d58 to remote] DEBUG org.asynchttpclient.netty.request.NettyRequestSender - Using pooled Channel '[id: 0xab69aba0, L:/127.0.0.1:55914 - R:localhost/127.0.0.1:24341]' for 'POST' to 'http://localhost:24341/session/90cdc4615931637e7b77e3767dac3d58/element'
21:34:48.896 [Forwarding findElement on session 90cdc4615931637e7b77e3767dac3d58 to remote] DEBUG org.asynchttpclient.netty.request.NettyRequestSender - Using open Channel [id: 0xab69aba0, L:/127.0.0.1:55914 - R:localhost/127.0.0.1:24341] for POST '/session/90cdc4615931637e7b77e3767dac3d58/element'
21:34:48.904 [AsyncHttpClient-1-2] DEBUG org.asynchttpclient.netty.handler.HttpHandler - 

Request DefaultHttpRequest(decodeResult: success, version: HTTP/1.1)
POST /session/90cdc4615931637e7b77e3767dac3d58/element HTTP/1.1
User-Agent: selenium/4.8.1 (java windows)
Content-Length: 93
Content-Type: application/json; charset=utf-8
host: localhost:24341
accept: */*

Response DefaultHttpResponse(decodeResult: success, version: HTTP/1.1)
HTTP/1.1 200 OK
Content-Length: 88
Content-Type: application/json; charset=utf-8
cache-control: no-cache

21:34:48.904 [AsyncHttpClient-1-2] DEBUG org.asynchttpclient.netty.channel.ChannelManager - Adding key: http://localhost:24341 for channel [id: 0xab69aba0, L:/127.0.0.1:55914 - R:localhost/127.0.0.1:24341]
21:34:48.906 [Forwarding clickElement on session 90cdc4615931637e7b77e3767dac3d58 to remote] DEBUG org.asynchttpclient.netty.request.NettyRequestSender - Using pooled Channel '[id: 0xab69aba0, L:/127.0.0.1:55914 - R:localhost/127.0.0.1:24341]' for 'POST' to 'http://localhost:24341/session/90cdc4615931637e7b77e3767dac3d58/element/bf9cba53-c06d-49b9-b3fa-da85c9bfdd4f/click'
21:34:48.906 [Forwarding clickElement on session 90cdc4615931637e7b77e3767dac3d58 to remote] DEBUG org.asynchttpclient.netty.request.NettyRequestSender - Using open Channel [id: 0xab69aba0, L:/127.0.0.1:55914 - R:localhost/127.0.0.1:24341] for POST '/session/90cdc4615931637e7b77e3767dac3d58/element/bf9cba53-c06d-49b9-b3fa-da85c9bfdd4f/click'
21:34:48.968 [AsyncHttpClient-1-2] DEBUG org.asynchttpclient.netty.handler.HttpHandler - 

Request DefaultHttpRequest(decodeResult: success, version: HTTP/1.1)
POST /session/90cdc4615931637e7b77e3767dac3d58/element/bf9cba53-c06d-49b9-b3fa-da85c9bfdd4f/click HTTP/1.1
User-Agent: selenium/4.8.1 (java windows)
Content-Length: 50
Content-Type: application/json; charset=utf-8
host: localhost:24341
accept: */*

Response DefaultHttpResponse(decodeResult: success, version: HTTP/1.1)
HTTP/1.1 200 OK
Content-Length: 14
Content-Type: application/json; charset=utf-8
cache-control: no-cache

21:34:48.969 [AsyncHttpClient-1-2] DEBUG org.asynchttpclient.netty.channel.ChannelManager - Adding key: http://localhost:24341 for channel [id: 0xab69aba0, L:/127.0.0.1:55914 - R:localhost/127.0.0.1:24341]
21:34:48.978 [Forwarding getAlertText on session 90cdc4615931637e7b77e3767dac3d58 to remote] DEBUG org.asynchttpclient.netty.request.NettyRequestSender - Using pooled Channel '[id: 0xab69aba0, L:/127.0.0.1:55914 - R:localhost/127.0.0.1:24341]' for 'GET' to 'http://localhost:24341/session/90cdc4615931637e7b77e3767dac3d58/alert/text'
21:34:48.979 [Forwarding getAlertText on session 90cdc4615931637e7b77e3767dac3d58 to remote] DEBUG org.asynchttpclient.netty.request.NettyRequestSender - Using open Channel [id: 0xab69aba0, L:/127.0.0.1:55914 - R:localhost/127.0.0.1:24341] for GET '/session/90cdc4615931637e7b77e3767dac3d58/alert/text'
21:34:48.980 [AsyncHttpClient-1-2] DEBUG org.asynchttpclient.netty.handler.HttpHandler - 

Request DefaultFullHttpRequest(decodeResult: success, version: HTTP/1.1, content: EmptyByteBufBE)
GET /session/90cdc4615931637e7b77e3767dac3d58/alert/text HTTP/1.1
User-Agent: selenium/4.8.1 (java windows)
Cache-Control: no-cache
Content-Type: application/json; charset=utf-8
host: localhost:24341
accept: */*

Response DefaultHttpResponse(decodeResult: success, version: HTTP/1.1)
HTTP/1.1 404 Not Found
Content-Length: 836
Content-Type: application/json; charset=utf-8
cache-control: no-cache

21:34:48.981 [AsyncHttpClient-1-2] DEBUG org.asynchttpclient.netty.channel.ChannelManager - Adding key: http://localhost:24341 for channel [id: 0xab69aba0, L:/127.0.0.1:55914 - R:localhost/127.0.0.1:24341]
21:34:48.982 [Forwarding getCurrentUrl on session 90cdc4615931637e7b77e3767dac3d58 to remote] DEBUG org.asynchttpclient.netty.request.NettyRequestSender - Using pooled Channel '[id: 0xab69aba0, L:/127.0.0.1:55914 - R:localhost/127.0.0.1:24341]' for 'GET' to 'http://localhost:24341/session/90cdc4615931637e7b77e3767dac3d58/url'
21:34:48.983 [Forwarding getCurrentUrl on session 90cdc4615931637e7b77e3767dac3d58 to remote] DEBUG org.asynchttpclient.netty.request.NettyRequestSender - Using open Channel [id: 0xab69aba0, L:/127.0.0.1:55914 - R:localhost/127.0.0.1:24341] for GET '/session/90cdc4615931637e7b77e3767dac3d58/url'
21:34:48.986 [AsyncHttpClient-1-2] DEBUG org.asynchttpclient.netty.handler.HttpHandler - 

Request DefaultFullHttpRequest(decodeResult: success, version: HTTP/1.1, content: EmptyByteBufBE)
GET /session/90cdc4615931637e7b77e3767dac3d58/url HTTP/1.1
User-Agent: selenium/4.8.1 (java windows)
Cache-Control: no-cache
Content-Type: application/json; charset=utf-8
host: localhost:24341
accept: */*

Response DefaultHttpResponse(decodeResult: success, version: HTTP/1.1)
HTTP/1.1 200 OK
Content-Length: 62
Content-Type: application/json; charset=utf-8
cache-control: no-cache

21:34:48.987 [AsyncHttpClient-1-2] DEBUG org.asynchttpclient.netty.channel.ChannelManager - Adding key: http://localhost:24341 for channel [id: 0xab69aba0, L:/127.0.0.1:55914 - R:localhost/127.0.0.1:24341]
21:34:48.988 [Forwarding screenshot on session 90cdc4615931637e7b77e3767dac3d58 to remote] DEBUG org.asynchttpclient.netty.request.NettyRequestSender - Using pooled Channel '[id: 0xab69aba0, L:/127.0.0.1:55914 - R:localhost/127.0.0.1:24341]' for 'GET' to 'http://localhost:24341/session/90cdc4615931637e7b77e3767dac3d58/screenshot'
21:34:48.988 [Forwarding screenshot on session 90cdc4615931637e7b77e3767dac3d58 to remote] DEBUG org.asynchttpclient.netty.request.NettyRequestSender - Using open Channel [id: 0xab69aba0, L:/127.0.0.1:55914 - R:localhost/127.0.0.1:24341] for GET '/session/90cdc4615931637e7b77e3767dac3d58/screenshot'
21:34:49.270 [AsyncHttpClient-1-2] DEBUG org.asynchttpclient.netty.handler.HttpHandler - 

Request DefaultFullHttpRequest(decodeResult: success, version: HTTP/1.1, content: EmptyByteBufBE)
GET /session/90cdc4615931637e7b77e3767dac3d58/screenshot HTTP/1.1
User-Agent: selenium/4.8.1 (java windows)
Cache-Control: no-cache
Content-Type: application/json; charset=utf-8
host: localhost:24341
accept: */*

Response DefaultHttpResponse(decodeResult: success, version: HTTP/1.1)
HTTP/1.1 200 OK
Content-Length: 611668
Content-Type: application/json; charset=utf-8
cache-control: no-cache

21:34:49.273 [AsyncHttpClient-1-2] DEBUG org.asynchttpclient.netty.channel.ChannelManager - Adding key: http://localhost:24341 for channel [id: 0xab69aba0, L:/127.0.0.1:55914 - R:localhost/127.0.0.1:24341]
21:34:49.304 [main] DEBUG net.serenitybdd.core.photography.Darkroom - Send negative for processing for target\site\serenity\c147a72fc76e270be1f74c98855eabe6966ab4a35a7350fdacf4b2c71ed23bf5.png
21:34:49.304 [main] DEBUG net.thucydides.core.steps.StepInterceptor - STEP DONE: clickAddToCart
21:34:49.304 [Darkroom Processing Line] DEBUG net.serenitybdd.core.photography.DarkroomProcessingLine - Processing screenshot image in /var/screenshots/screenshot-5485326845915991963
21:34:49.304 [Darkroom Processing Line] DEBUG net.serenitybdd.core.photography.DarkroomProcessingLine - Saving screenshot to target\site\serenity\c147a72fc76e270be1f74c98855eabe6966ab4a35a7350fdacf4b2c71ed23bf5.png
  &amp#27;[32mAnd &amp#27;[0m&amp#27;[32mI click Add to Cart button&amp#27;[0m             &amp#27;[90m# starter.stepdefinitions.AddToCartSteps.AddToCart()&amp#27;[0m
21:34:49.317 [Forwarding getPageSource on session 90cdc4615931637e7b77e3767dac3d58 to remote] DEBUG org.asynchttpclient.netty.request.NettyRequestSender - Using pooled Channel '[id: 0xab69aba0, L:/127.0.0.1:55914 - R:localhost/127.0.0.1:24341]' for 'POST' to 'http://localhost:24341/session/90cdc4615931637e7b77e3767dac3d58/execute/sync'
21:34:49.317 [Forwarding getPageSource on session 90cdc4615931637e7b77e3767dac3d58 to remote] DEBUG org.asynchttpclient.netty.request.NettyRequestSender - Using open Channel [id: 0xab69aba0, L:/127.0.0.1:55914 - R:localhost/127.0.0.1:24341] for POST '/session/90cdc4615931637e7b77e3767dac3d58/execute/sync'
21:34:49.322 [AsyncHttpClient-1-2] DEBUG org.asynchttpclient.netty.handler.HttpHandler - 

Request DefaultHttpRequest(decodeResult: success, version: HTTP/1.1)
POST /session/90cdc4615931637e7b77e3767dac3d58/execute/sync HTTP/1.1
User-Agent: selenium/4.8.1 (java windows)
Content-Length: 176
Content-Type: application/json; charset=utf-8
host: localhost:24341
accept: */*

Response DefaultHttpResponse(decodeResult: success, version: HTTP/1.1)
HTTP/1.1 200 OK
Content-Length: 12470
Content-Type: application/json; charset=utf-8
cache-control: no-cache

21:34:49.322 [AsyncHttpClient-1-2] DEBUG org.asynchttpclient.netty.channel.ChannelManager - Adding key: http://localhost:24341 for channel [id: 0xab69aba0, L:/127.0.0.1:55914 - R:localhost/127.0.0.1:24341]
21:34:49.326 [Forwarding getCurrentUrl on session 90cdc4615931637e7b77e3767dac3d58 to remote] DEBUG org.asynchttpclient.netty.request.NettyRequestSender - Using pooled Channel '[id: 0xab69aba0, L:/127.0.0.1:55914 - R:localhost/127.0.0.1:24341]' for 'GET' to 'http://localhost:24341/session/90cdc4615931637e7b77e3767dac3d58/url'
21:34:49.327 [Forwarding getCurrentUrl on session 90cdc4615931637e7b77e3767dac3d58 to remote] DEBUG org.asynchttpclient.netty.request.NettyRequestSender - Using open Channel [id: 0xab69aba0, L:/127.0.0.1:55914 - R:localhost/127.0.0.1:24341] for GET '/session/90cdc4615931637e7b77e3767dac3d58/url'
21:34:49.330 [AsyncHttpClient-1-2] DEBUG org.asynchttpclient.netty.handler.HttpHandler - 

Request DefaultFullHttpRequest(decodeResult: success, version: HTTP/1.1, content: EmptyByteBufBE)
GET /session/90cdc4615931637e7b77e3767dac3d58/url HTTP/1.1
User-Agent: selenium/4.8.1 (java windows)
Cache-Control: no-cache
Content-Type: application/json; charset=utf-8
host: localhost:24341
accept: */*

Response DefaultHttpResponse(decodeResult: success, version: HTTP/1.1)
HTTP/1.1 200 OK
Content-Length: 62
Content-Type: application/json; charset=utf-8
cache-control: no-cache

21:34:49.330 [AsyncHttpClient-1-2] DEBUG org.asynchttpclient.netty.channel.ChannelManager - Adding key: http://localhost:24341 for channel [id: 0xab69aba0, L:/127.0.0.1:55914 - R:localhost/127.0.0.1:24341]
21:34:49.340 [Forwarding getPageSource on session 90cdc4615931637e7b77e3767dac3d58 to remote] DEBUG org.asynchttpclient.netty.request.NettyRequestSender - Using pooled Channel '[id: 0xab69aba0, L:/127.0.0.1:55914 - R:localhost/127.0.0.1:24341]' for 'POST' to 'http://localhost:24341/session/90cdc4615931637e7b77e3767dac3d58/execute/sync'
21:34:49.341 [Forwarding getPageSource on session 90cdc4615931637e7b77e3767dac3d58 to remote] DEBUG org.asynchttpclient.netty.request.NettyRequestSender - Using open Channel [id: 0xab69aba0, L:/127.0.0.1:55914 - R:localhost/127.0.0.1:24341] for POST '/session/90cdc4615931637e7b77e3767dac3d58/execute/sync'
21:34:49.346 [AsyncHttpClient-1-2] DEBUG org.asynchttpclient.netty.handler.HttpHandler - 

Request DefaultHttpRequest(decodeResult: success, version: HTTP/1.1)
POST /session/90cdc4615931637e7b77e3767dac3d58/execute/sync HTTP/1.1
User-Agent: selenium/4.8.1 (java windows)
Content-Length: 176
Content-Type: application/json; charset=utf-8
host: localhost:24341
accept: */*

Response DefaultHttpResponse(decodeResult: success, version: HTTP/1.1)
HTTP/1.1 200 OK
Content-Length: 12470
Content-Type: application/json; charset=utf-8
cache-control: no-cache

21:34:49.346 [AsyncHttpClient-1-2] DEBUG org.asynchttpclient.netty.channel.ChannelManager - Adding key: http://localhost:24341 for channel [id: 0xab69aba0, L:/127.0.0.1:55914 - R:localhost/127.0.0.1:24341]
21:34:49.349 [Forwarding getCurrentUrl on session 90cdc4615931637e7b77e3767dac3d58 to remote] DEBUG org.asynchttpclient.netty.request.NettyRequestSender - Using pooled Channel '[id: 0xab69aba0, L:/127.0.0.1:55914 - R:localhost/127.0.0.1:24341]' for 'GET' to 'http://localhost:24341/session/90cdc4615931637e7b77e3767dac3d58/url'
21:34:49.349 [Forwarding getCurrentUrl on session 90cdc4615931637e7b77e3767dac3d58 to remote] DEBUG org.asynchttpclient.netty.request.NettyRequestSender - Using open Channel [id: 0xab69aba0, L:/127.0.0.1:55914 - R:localhost/127.0.0.1:24341] for GET '/session/90cdc4615931637e7b77e3767dac3d58/url'
21:34:49.352 [AsyncHttpClient-1-2] DEBUG org.asynchttpclient.netty.handler.HttpHandler - 

Request DefaultFullHttpRequest(decodeResult: success, version: HTTP/1.1, content: EmptyByteBufBE)
GET /session/90cdc4615931637e7b77e3767dac3d58/url HTTP/1.1
User-Agent: selenium/4.8.1 (java windows)
Cache-Control: no-cache
Content-Type: application/json; charset=utf-8
host: localhost:24341
accept: */*

Response DefaultHttpResponse(decodeResult: success, version: HTTP/1.1)
HTTP/1.1 200 OK
Content-Length: 62
Content-Type: application/json; charset=utf-8
cache-control: no-cache

21:34:49.353 [AsyncHttpClient-1-2] DEBUG org.asynchttpclient.netty.channel.ChannelManager - Adding key: http://localhost:24341 for channel [id: 0xab69aba0, L:/127.0.0.1:55914 - R:localhost/127.0.0.1:24341]
21:34:49.354 [main] DEBUG net.thucydides.core.steps.StepInterceptor - STARTING STEP: AddToCartSteps.checkMyCart - clickCartIcon
21:34:49.358 [Forwarding findElement on session 90cdc4615931637e7b77e3767dac3d58 to remote] DEBUG org.asynchttpclient.netty.request.NettyRequestSender - Using pooled Channel '[id: 0xab69aba0, L:/127.0.0.1:55914 - R:localhost/127.0.0.1:24341]' for 'POST' to 'http://localhost:24341/session/90cdc4615931637e7b77e3767dac3d58/element'
21:34:49.358 [Forwarding findElement on session 90cdc4615931637e7b77e3767dac3d58 to remote] DEBUG org.asynchttpclient.netty.request.NettyRequestSender - Using open Channel [id: 0xab69aba0, L:/127.0.0.1:55914 - R:localhost/127.0.0.1:24341] for POST '/session/90cdc4615931637e7b77e3767dac3d58/element'
21:34:49.377 [AsyncHttpClient-1-2] DEBUG org.asynchttpclient.netty.handler.HttpHandler - 

Request DefaultHttpRequest(decodeResult: success, version: HTTP/1.1)
POST /session/90cdc4615931637e7b77e3767dac3d58/element HTTP/1.1
User-Agent: selenium/4.8.1 (java windows)
Content-Length: 63
Content-Type: application/json; charset=utf-8
host: localhost:24341
accept: */*

Response DefaultHttpResponse(decodeResult: success, version: HTTP/1.1)
HTTP/1.1 200 OK
Content-Length: 88
Content-Type: application/json; charset=utf-8
cache-control: no-cache

21:34:49.377 [AsyncHttpClient-1-2] DEBUG org.asynchttpclient.netty.channel.ChannelManager - Adding key: http://localhost:24341 for channel [id: 0xab69aba0, L:/127.0.0.1:55914 - R:localhost/127.0.0.1:24341]
21:34:49.379 [Forwarding getElementTagName on session 90cdc4615931637e7b77e3767dac3d58 to remote] DEBUG org.asynchttpclient.netty.request.NettyRequestSender - Using pooled Channel '[id: 0xab69aba0, L:/127.0.0.1:55914 - R:localhost/127.0.0.1:24341]' for 'GET' to 'http://localhost:24341/session/90cdc4615931637e7b77e3767dac3d58/element/49983a81-55bf-49fd-971f-51a0e2650e43/name'
21:34:49.379 [Forwarding getElementTagName on session 90cdc4615931637e7b77e3767dac3d58 to remote] DEBUG org.asynchttpclient.netty.request.NettyRequestSender - Using open Channel [id: 0xab69aba0, L:/127.0.0.1:55914 - R:localhost/127.0.0.1:24341] for GET '/session/90cdc4615931637e7b77e3767dac3d58/element/49983a81-55bf-49fd-971f-51a0e2650e43/name'
21:34:49.386 [AsyncHttpClient-1-2] DEBUG org.asynchttpclient.netty.handler.HttpHandler - 

Request DefaultFullHttpRequest(decodeResult: success, version: HTTP/1.1, content: EmptyByteBufBE)
GET /session/90cdc4615931637e7b77e3767dac3d58/element/49983a81-55bf-49fd-971f-51a0e2650e43/name HTTP/1.1
User-Agent: selenium/4.8.1 (java windows)
Cache-Control: no-cache
Content-Type: application/json; charset=utf-8
host: localhost:24341
accept: */*

Response DefaultHttpResponse(decodeResult: success, version: HTTP/1.1)
HTTP/1.1 200 OK
Content-Length: 13
Content-Type: application/json; charset=utf-8
cache-control: no-cache

21:34:49.386 [AsyncHttpClient-1-2] DEBUG org.asynchttpclient.netty.channel.ChannelManager - Adding key: http://localhost:24341 for channel [id: 0xab69aba0, L:/127.0.0.1:55914 - R:localhost/127.0.0.1:24341]
21:34:49.387 [Forwarding getElementTagName on session 90cdc4615931637e7b77e3767dac3d58 to remote] DEBUG org.asynchttpclient.netty.request.NettyRequestSender - Using pooled Channel '[id: 0xab69aba0, L:/127.0.0.1:55914 - R:localhost/127.0.0.1:24341]' for 'GET' to 'http://localhost:24341/session/90cdc4615931637e7b77e3767dac3d58/element/49983a81-55bf-49fd-971f-51a0e2650e43/name'
21:34:49.387 [Forwarding getElementTagName on session 90cdc4615931637e7b77e3767dac3d58 to remote] DEBUG org.asynchttpclient.netty.request.NettyRequestSender - Using open Channel [id: 0xab69aba0, L:/127.0.0.1:55914 - R:localhost/127.0.0.1:24341] for GET '/session/90cdc4615931637e7b77e3767dac3d58/element/49983a81-55bf-49fd-971f-51a0e2650e43/name'
21:34:49.391 [AsyncHttpClient-1-2] DEBUG org.asynchttpclient.netty.handler.HttpHandler - 

Request DefaultFullHttpRequest(decodeResult: success, version: HTTP/1.1, content: EmptyByteBufBE)
GET /session/90cdc4615931637e7b77e3767dac3d58/element/49983a81-55bf-49fd-971f-51a0e2650e43/name HTTP/1.1
User-Agent: selenium/4.8.1 (java windows)
Cache-Control: no-cache
Content-Type: application/json; charset=utf-8
host: localhost:24341
accept: */*

Response DefaultHttpResponse(decodeResult: success, version: HTTP/1.1)
HTTP/1.1 200 OK
Content-Length: 13
Content-Type: application/json; charset=utf-8
cache-control: no-cache

21:34:49.391 [AsyncHttpClient-1-2] DEBUG org.asynchttpclient.netty.channel.ChannelManager - Adding key: http://localhost:24341 for channel [id: 0xab69aba0, L:/127.0.0.1:55914 - R:localhost/127.0.0.1:24341]
21:34:49.393 [Forwarding findElement on session 90cdc4615931637e7b77e3767dac3d58 to remote] DEBUG org.asynchttpclient.netty.request.NettyRequestSender - Using pooled Channel '[id: 0xab69aba0, L:/127.0.0.1:55914 - R:localhost/127.0.0.1:24341]' for 'POST' to 'http://localhost:24341/session/90cdc4615931637e7b77e3767dac3d58/element'
21:34:49.393 [Forwarding findElement on session 90cdc4615931637e7b77e3767dac3d58 to remote] DEBUG org.asynchttpclient.netty.request.NettyRequestSender - Using open Channel [id: 0xab69aba0, L:/127.0.0.1:55914 - R:localhost/127.0.0.1:24341] for POST '/session/90cdc4615931637e7b77e3767dac3d58/element'
21:34:49.401 [AsyncHttpClient-1-2] DEBUG org.asynchttpclient.netty.handler.HttpHandler - 

Request DefaultHttpRequest(decodeResult: success, version: HTTP/1.1)
POST /session/90cdc4615931637e7b77e3767dac3d58/element HTTP/1.1
User-Agent: selenium/4.8.1 (java windows)
Content-Length: 63
Content-Type: application/json; charset=utf-8
host: localhost:24341
accept: */*

Response DefaultHttpResponse(decodeResult: success, version: HTTP/1.1)
HTTP/1.1 200 OK
Content-Length: 88
Content-Type: application/json; charset=utf-8
cache-control: no-cache

21:34:49.401 [AsyncHttpClient-1-2] DEBUG org.asynchttpclient.netty.channel.ChannelManager - Adding key: http://localhost:24341 for channel [id: 0xab69aba0, L:/127.0.0.1:55914 - R:localhost/127.0.0.1:24341]
21:34:49.403 [Forwarding clickElement on session 90cdc4615931637e7b77e3767dac3d58 to remote] DEBUG org.asynchttpclient.netty.request.NettyRequestSender - Using pooled Channel '[id: 0xab69aba0, L:/127.0.0.1:55914 - R:localhost/127.0.0.1:24341]' for 'POST' to 'http://localhost:24341/session/90cdc4615931637e7b77e3767dac3d58/element/49983a81-55bf-49fd-971f-51a0e2650e43/click'
21:34:49.403 [Forwarding clickElement on session 90cdc4615931637e7b77e3767dac3d58 to remote] DEBUG org.asynchttpclient.netty.request.NettyRequestSender - Using open Channel [id: 0xab69aba0, L:/127.0.0.1:55914 - R:localhost/127.0.0.1:24341] for POST '/session/90cdc4615931637e7b77e3767dac3d58/element/49983a81-55bf-49fd-971f-51a0e2650e43/click'
21:34:49.465 [AsyncHttpClient-1-2] DEBUG org.asynchttpclient.netty.handler.HttpHandler - 

Request DefaultHttpRequest(decodeResult: success, version: HTTP/1.1)
POST /session/90cdc4615931637e7b77e3767dac3d58/element/49983a81-55bf-49fd-971f-51a0e2650e43/click HTTP/1.1
User-Agent: selenium/4.8.1 (java windows)
Content-Length: 50
Content-Type: application/json; charset=utf-8
host: localhost:24341
accept: */*

Response DefaultHttpResponse(decodeResult: success, version: HTTP/1.1)
HTTP/1.1 200 OK
Content-Length: 14
Content-Type: application/json; charset=utf-8
cache-control: no-cache

21:34:49.465 [AsyncHttpClient-1-2] DEBUG org.asynchttpclient.netty.channel.ChannelManager - Adding key: http://localhost:24341 for channel [id: 0xab69aba0, L:/127.0.0.1:55914 - R:localhost/127.0.0.1:24341]
21:34:49.475 [Forwarding getAlertText on session 90cdc4615931637e7b77e3767dac3d58 to remote] DEBUG org.asynchttpclient.netty.request.NettyRequestSender - Using pooled Channel '[id: 0xab69aba0, L:/127.0.0.1:55914 - R:localhost/127.0.0.1:24341]' for 'GET' to 'http://localhost:24341/session/90cdc4615931637e7b77e3767dac3d58/alert/text'
21:34:49.475 [Forwarding getAlertText on session 90cdc4615931637e7b77e3767dac3d58 to remote] DEBUG org.asynchttpclient.netty.request.NettyRequestSender - Using open Channel [id: 0xab69aba0, L:/127.0.0.1:55914 - R:localhost/127.0.0.1:24341] for GET '/session/90cdc4615931637e7b77e3767dac3d58/alert/text'
21:34:49.477 [AsyncHttpClient-1-2] DEBUG org.asynchttpclient.netty.handler.HttpHandler - 

Request DefaultFullHttpRequest(decodeResult: success, version: HTTP/1.1, content: EmptyByteBufBE)
GET /session/90cdc4615931637e7b77e3767dac3d58/alert/text HTTP/1.1
User-Agent: selenium/4.8.1 (java windows)
Cache-Control: no-cache
Content-Type: application/json; charset=utf-8
host: localhost:24341
accept: */*

Response DefaultHttpResponse(decodeResult: success, version: HTTP/1.1)
HTTP/1.1 404 Not Found
Content-Length: 836
Content-Type: application/json; charset=utf-8
cache-control: no-cache

21:34:49.477 [AsyncHttpClient-1-2] DEBUG org.asynchttpclient.netty.channel.ChannelManager - Adding key: http://localhost:24341 for channel [id: 0xab69aba0, L:/127.0.0.1:55914 - R:localhost/127.0.0.1:24341]
21:34:49.479 [Forwarding getCurrentUrl on session 90cdc4615931637e7b77e3767dac3d58 to remote] DEBUG org.asynchttpclient.netty.request.NettyRequestSender - Using pooled Channel '[id: 0xab69aba0, L:/127.0.0.1:55914 - R:localhost/127.0.0.1:24341]' for 'GET' to 'http://localhost:24341/session/90cdc4615931637e7b77e3767dac3d58/url'
21:34:49.479 [Forwarding getCurrentUrl on session 90cdc4615931637e7b77e3767dac3d58 to remote] DEBUG org.asynchttpclient.netty.request.NettyRequestSender - Using open Channel [id: 0xab69aba0, L:/127.0.0.1:55914 - R:localhost/127.0.0.1:24341] for GET '/session/90cdc4615931637e7b77e3767dac3d58/url'
21:34:49.483 [AsyncHttpClient-1-2] DEBUG org.asynchttpclient.netty.handler.HttpHandler - 

Request DefaultFullHttpRequest(decodeResult: success, version: HTTP/1.1, content: EmptyByteBufBE)
GET /session/90cdc4615931637e7b77e3767dac3d58/url HTTP/1.1
User-Agent: selenium/4.8.1 (java windows)
Cache-Control: no-cache
Content-Type: application/json; charset=utf-8
host: localhost:24341
accept: */*

Response DefaultHttpResponse(decodeResult: success, version: HTTP/1.1)
HTTP/1.1 200 OK
Content-Length: 47
Content-Type: application/json; charset=utf-8
cache-control: no-cache

21:34:49.484 [AsyncHttpClient-1-2] DEBUG org.asynchttpclient.netty.channel.ChannelManager - Adding key: http://localhost:24341 for channel [id: 0xab69aba0, L:/127.0.0.1:55914 - R:localhost/127.0.0.1:24341]
21:34:49.486 [Forwarding screenshot on session 90cdc4615931637e7b77e3767dac3d58 to remote] DEBUG org.asynchttpclient.netty.request.NettyRequestSender - Using pooled Channel '[id: 0xab69aba0, L:/127.0.0.1:55914 - R:localhost/127.0.0.1:24341]' for 'GET' to 'http://localhost:24341/session/90cdc4615931637e7b77e3767dac3d58/screenshot'
21:34:49.486 [Forwarding screenshot on session 90cdc4615931637e7b77e3767dac3d58 to remote] DEBUG org.asynchttpclient.netty.request.NettyRequestSender - Using open Channel [id: 0xab69aba0, L:/127.0.0.1:55914 - R:localhost/127.0.0.1:24341] for GET '/session/90cdc4615931637e7b77e3767dac3d58/screenshot'
21:34:49.637 [AsyncHttpClient-1-2] DEBUG org.asynchttpclient.netty.handler.HttpHandler - 

Request DefaultFullHttpRequest(decodeResult: success, version: HTTP/1.1, content: EmptyByteBufBE)
GET /session/90cdc4615931637e7b77e3767dac3d58/screenshot HTTP/1.1
User-Agent: selenium/4.8.1 (java windows)
Cache-Control: no-cache
Content-Type: application/json; charset=utf-8
host: localhost:24341
accept: */*

Response DefaultHttpResponse(decodeResult: success, version: HTTP/1.1)
HTTP/1.1 200 OK
Content-Length: 81924
Content-Type: application/json; charset=utf-8
cache-control: no-cache

21:34:49.638 [AsyncHttpClient-1-2] DEBUG org.asynchttpclient.netty.channel.ChannelManager - Adding key: http://localhost:24341 for channel [id: 0xab69aba0, L:/127.0.0.1:55914 - R:localhost/127.0.0.1:24341]
21:34:49.643 [main] DEBUG net.serenitybdd.core.photography.Darkroom - Send negative for processing for target\site\serenity\ee2566730fb032362f127c6645695e9177dfa8c21c195575e52b25bd50b45ae4.png
21:34:49.643 [main] DEBUG net.thucydides.core.steps.StepInterceptor - STEP DONE: clickCartIcon
  &amp#27;[32mAnd &amp#27;[0m&amp#27;[32mI check my cart&amp#27;[0m                        &amp#27;[90m# starter.stepdefinitions.AddToCartSteps.checkMyCart()&amp#27;[0m
21:34:49.645 [Darkroom Processing Line] DEBUG net.serenitybdd.core.photography.DarkroomProcessingLine - Processing screenshot image in /var/screenshots/screenshot-6726594178825569460
21:34:49.645 [Darkroom Processing Line] DEBUG net.serenitybdd.core.photography.DarkroomProcessingLine - Saving screenshot to target\site\serenity\ee2566730fb032362f127c6645695e9177dfa8c21c195575e52b25bd50b45ae4.png
21:34:49.655 [Forwarding getPageSource on session 90cdc4615931637e7b77e3767dac3d58 to remote] DEBUG org.asynchttpclient.netty.request.NettyRequestSender - Using pooled Channel '[id: 0xab69aba0, L:/127.0.0.1:55914 - R:localhost/127.0.0.1:24341]' for 'POST' to 'http://localhost:24341/session/90cdc4615931637e7b77e3767dac3d58/execute/sync'
21:34:49.655 [Forwarding getPageSource on session 90cdc4615931637e7b77e3767dac3d58 to remote] DEBUG org.asynchttpclient.netty.request.NettyRequestSender - Using open Channel [id: 0xab69aba0, L:/127.0.0.1:55914 - R:localhost/127.0.0.1:24341] for POST '/session/90cdc4615931637e7b77e3767dac3d58/execute/sync'
21:34:49.662 [AsyncHttpClient-1-2] DEBUG org.asynchttpclient.netty.handler.HttpHandler - 

Request DefaultHttpRequest(decodeResult: success, version: HTTP/1.1)
POST /session/90cdc4615931637e7b77e3767dac3d58/execute/sync HTTP/1.1
User-Agent: selenium/4.8.1 (java windows)
Content-Length: 176
Content-Type: application/json; charset=utf-8
host: localhost:24341
accept: */*

Response DefaultHttpResponse(decodeResult: success, version: HTTP/1.1)
HTTP/1.1 200 OK
Content-Length: 12640
Content-Type: application/json; charset=utf-8
cache-control: no-cache

21:34:49.662 [AsyncHttpClient-1-2] DEBUG org.asynchttpclient.netty.channel.ChannelManager - Adding key: http://localhost:24341 for channel [id: 0xab69aba0, L:/127.0.0.1:55914 - R:localhost/127.0.0.1:24341]
21:34:49.666 [Forwarding getCurrentUrl on session 90cdc4615931637e7b77e3767dac3d58 to remote] DEBUG org.asynchttpclient.netty.request.NettyRequestSender - Using pooled Channel '[id: 0xab69aba0, L:/127.0.0.1:55914 - R:localhost/127.0.0.1:24341]' for 'GET' to 'http://localhost:24341/session/90cdc4615931637e7b77e3767dac3d58/url'
21:34:49.666 [Forwarding getCurrentUrl on session 90cdc4615931637e7b77e3767dac3d58 to remote] DEBUG org.asynchttpclient.netty.request.NettyRequestSender - Using open Channel [id: 0xab69aba0, L:/127.0.0.1:55914 - R:localhost/127.0.0.1:24341] for GET '/session/90cdc4615931637e7b77e3767dac3d58/url'
21:34:49.670 [AsyncHttpClient-1-2] DEBUG org.asynchttpclient.netty.handler.HttpHandler - 

Request DefaultFullHttpRequest(decodeResult: success, version: HTTP/1.1, content: EmptyByteBufBE)
GET /session/90cdc4615931637e7b77e3767dac3d58/url HTTP/1.1
User-Agent: selenium/4.8.1 (java windows)
Cache-Control: no-cache
Content-Type: application/json; charset=utf-8
host: localhost:24341
accept: */*

Response DefaultHttpResponse(decodeResult: success, version: HTTP/1.1)
HTTP/1.1 200 OK
Content-Length: 47
Content-Type: application/json; charset=utf-8
cache-control: no-cache

21:34:49.671 [AsyncHttpClient-1-2] DEBUG org.asynchttpclient.netty.channel.ChannelManager - Adding key: http://localhost:24341 for channel [id: 0xab69aba0, L:/127.0.0.1:55914 - R:localhost/127.0.0.1:24341]
21:34:49.686 [Forwarding getPageSource on session 90cdc4615931637e7b77e3767dac3d58 to remote] DEBUG org.asynchttpclient.netty.request.NettyRequestSender - Using pooled Channel '[id: 0xab69aba0, L:/127.0.0.1:55914 - R:localhost/127.0.0.1:24341]' for 'POST' to 'http://localhost:24341/session/90cdc4615931637e7b77e3767dac3d58/execute/sync'
21:34:49.686 [Forwarding getPageSource on session 90cdc4615931637e7b77e3767dac3d58 to remote] DEBUG org.asynchttpclient.netty.request.NettyRequestSender - Using open Channel [id: 0xab69aba0, L:/127.0.0.1:55914 - R:localhost/127.0.0.1:24341] for POST '/session/90cdc4615931637e7b77e3767dac3d58/execute/sync'
21:34:49.692 [AsyncHttpClient-1-2] DEBUG org.asynchttpclient.netty.handler.HttpHandler - 

Request DefaultHttpRequest(decodeResult: success, version: HTTP/1.1)
POST /session/90cdc4615931637e7b77e3767dac3d58/execute/sync HTTP/1.1
User-Agent: selenium/4.8.1 (java windows)
Content-Length: 176
Content-Type: application/json; charset=utf-8
host: localhost:24341
accept: */*

Response DefaultHttpResponse(decodeResult: success, version: HTTP/1.1)
HTTP/1.1 200 OK
Content-Length: 12640
Content-Type: application/json; charset=utf-8
cache-control: no-cache

21:34:49.692 [AsyncHttpClient-1-2] DEBUG org.asynchttpclient.netty.channel.ChannelManager - Adding key: http://localhost:24341 for channel [id: 0xab69aba0, L:/127.0.0.1:55914 - R:localhost/127.0.0.1:24341]
21:34:49.696 [Forwarding getCurrentUrl on session 90cdc4615931637e7b77e3767dac3d58 to remote] DEBUG org.asynchttpclient.netty.request.NettyRequestSender - Using pooled Channel '[id: 0xab69aba0, L:/127.0.0.1:55914 - R:localhost/127.0.0.1:24341]' for 'GET' to 'http://localhost:24341/session/90cdc4615931637e7b77e3767dac3d58/url'
21:34:49.696 [Forwarding getCurrentUrl on session 90cdc4615931637e7b77e3767dac3d58 to remote] DEBUG org.asynchttpclient.netty.request.NettyRequestSender - Using open Channel [id: 0xab69aba0, L:/127.0.0.1:55914 - R:localhost/127.0.0.1:24341] for GET '/session/90cdc4615931637e7b77e3767dac3d58/url'
21:34:49.699 [AsyncHttpClient-1-2] DEBUG org.asynchttpclient.netty.handler.HttpHandler - 

Request DefaultFullHttpRequest(decodeResult: success, version: HTTP/1.1, content: EmptyByteBufBE)
GET /session/90cdc4615931637e7b77e3767dac3d58/url HTTP/1.1
User-Agent: selenium/4.8.1 (java windows)
Cache-Control: no-cache
Content-Type: application/json; charset=utf-8
host: localhost:24341
accept: */*

Response DefaultHttpResponse(decodeResult: success, version: HTTP/1.1)
HTTP/1.1 200 OK
Content-Length: 47
Content-Type: application/json; charset=utf-8
cache-control: no-cache

21:34:49.699 [AsyncHttpClient-1-2] DEBUG org.asynchttpclient.netty.channel.ChannelManager - Adding key: http://localhost:24341 for channel [id: 0xab69aba0, L:/127.0.0.1:55914 - R:localhost/127.0.0.1:24341]
21:34:49.701 [main] DEBUG net.thucydides.core.steps.StepInterceptor - STARTING STEP: AddToCartSteps.validateTheProductHasBeenAdded - clickCartIcon
21:34:49.705 [Forwarding findElement on session 90cdc4615931637e7b77e3767dac3d58 to remote] DEBUG org.asynchttpclient.netty.request.NettyRequestSender - Using pooled Channel '[id: 0xab69aba0, L:/127.0.0.1:55914 - R:localhost/127.0.0.1:24341]' for 'POST' to 'http://localhost:24341/session/90cdc4615931637e7b77e3767dac3d58/element'
21:34:49.705 [Forwarding findElement on session 90cdc4615931637e7b77e3767dac3d58 to remote] DEBUG org.asynchttpclient.netty.request.NettyRequestSender - Using open Channel [id: 0xab69aba0, L:/127.0.0.1:55914 - R:localhost/127.0.0.1:24341] for POST '/session/90cdc4615931637e7b77e3767dac3d58/element'
21:34:49.716 [AsyncHttpClient-1-2] DEBUG org.asynchttpclient.netty.handler.HttpHandler - 

Request DefaultHttpRequest(decodeResult: success, version: HTTP/1.1)
POST /session/90cdc4615931637e7b77e3767dac3d58/element HTTP/1.1
User-Agent: selenium/4.8.1 (java windows)
Content-Length: 63
Content-Type: application/json; charset=utf-8
host: localhost:24341
accept: */*

Response DefaultHttpResponse(decodeResult: success, version: HTTP/1.1)
HTTP/1.1 200 OK
Content-Length: 88
Content-Type: application/json; charset=utf-8
cache-control: no-cache

21:34:49.716 [AsyncHttpClient-1-2] DEBUG org.asynchttpclient.netty.channel.ChannelManager - Adding key: http://localhost:24341 for channel [id: 0xab69aba0, L:/127.0.0.1:55914 - R:localhost/127.0.0.1:24341]
21:34:49.718 [Forwarding getElementTagName on session 90cdc4615931637e7b77e3767dac3d58 to remote] DEBUG org.asynchttpclient.netty.request.NettyRequestSender - Using pooled Channel '[id: 0xab69aba0, L:/127.0.0.1:55914 - R:localhost/127.0.0.1:24341]' for 'GET' to 'http://localhost:24341/session/90cdc4615931637e7b77e3767dac3d58/element/44e3ac0c-92e4-43b6-9427-a56dc6a82a82/name'
21:34:49.718 [Forwarding getElementTagName on session 90cdc4615931637e7b77e3767dac3d58 to remote] DEBUG org.asynchttpclient.netty.request.NettyRequestSender - Using open Channel [id: 0xab69aba0, L:/127.0.0.1:55914 - R:localhost/127.0.0.1:24341] for GET '/session/90cdc4615931637e7b77e3767dac3d58/element/44e3ac0c-92e4-43b6-9427-a56dc6a82a82/name'
21:34:49.725 [AsyncHttpClient-1-2] DEBUG org.asynchttpclient.netty.handler.HttpHandler - 

Request DefaultFullHttpRequest(decodeResult: success, version: HTTP/1.1, content: EmptyByteBufBE)
GET /session/90cdc4615931637e7b77e3767dac3d58/element/44e3ac0c-92e4-43b6-9427-a56dc6a82a82/name HTTP/1.1
User-Agent: selenium/4.8.1 (java windows)
Cache-Control: no-cache
Content-Type: application/json; charset=utf-8
host: localhost:24341
accept: */*

Response DefaultHttpResponse(decodeResult: success, version: HTTP/1.1)
HTTP/1.1 200 OK
Content-Length: 13
Content-Type: application/json; charset=utf-8
cache-control: no-cache

21:34:49.725 [AsyncHttpClient-1-2] DEBUG org.asynchttpclient.netty.channel.ChannelManager - Adding key: http://localhost:24341 for channel [id: 0xab69aba0, L:/127.0.0.1:55914 - R:localhost/127.0.0.1:24341]
21:34:49.726 [Forwarding getElementTagName on session 90cdc4615931637e7b77e3767dac3d58 to remote] DEBUG org.asynchttpclient.netty.request.NettyRequestSender - Using pooled Channel '[id: 0xab69aba0, L:/127.0.0.1:55914 - R:localhost/127.0.0.1:24341]' for 'GET' to 'http://localhost:24341/session/90cdc4615931637e7b77e3767dac3d58/element/44e3ac0c-92e4-43b6-9427-a56dc6a82a82/name'
21:34:49.726 [Forwarding getElementTagName on session 90cdc4615931637e7b77e3767dac3d58 to remote] DEBUG org.asynchttpclient.netty.request.NettyRequestSender - Using open Channel [id: 0xab69aba0, L:/127.0.0.1:55914 - R:localhost/127.0.0.1:24341] for GET '/session/90cdc4615931637e7b77e3767dac3d58/element/44e3ac0c-92e4-43b6-9427-a56dc6a82a82/name'
21:34:49.730 [AsyncHttpClient-1-2] DEBUG org.asynchttpclient.netty.handler.HttpHandler - 

Request DefaultFullHttpRequest(decodeResult: success, version: HTTP/1.1, content: EmptyByteBufBE)
GET /session/90cdc4615931637e7b77e3767dac3d58/element/44e3ac0c-92e4-43b6-9427-a56dc6a82a82/name HTTP/1.1
User-Agent: selenium/4.8.1 (java windows)
Cache-Control: no-cache
Content-Type: application/json; charset=utf-8
host: localhost:24341
accept: */*

Response DefaultHttpResponse(decodeResult: success, version: HTTP/1.1)
HTTP/1.1 200 OK
Content-Length: 13
Content-Type: application/json; charset=utf-8
cache-control: no-cache

21:34:49.731 [AsyncHttpClient-1-2] DEBUG org.asynchttpclient.netty.channel.ChannelManager - Adding key: http://localhost:24341 for channel [id: 0xab69aba0, L:/127.0.0.1:55914 - R:localhost/127.0.0.1:24341]
21:34:49.733 [Forwarding findElement on session 90cdc4615931637e7b77e3767dac3d58 to remote] DEBUG org.asynchttpclient.netty.request.NettyRequestSender - Using pooled Channel '[id: 0xab69aba0, L:/127.0.0.1:55914 - R:localhost/127.0.0.1:24341]' for 'POST' to 'http://localhost:24341/session/90cdc4615931637e7b77e3767dac3d58/element'
21:34:49.733 [Forwarding findElement on session 90cdc4615931637e7b77e3767dac3d58 to remote] DEBUG org.asynchttpclient.netty.request.NettyRequestSender - Using open Channel [id: 0xab69aba0, L:/127.0.0.1:55914 - R:localhost/127.0.0.1:24341] for POST '/session/90cdc4615931637e7b77e3767dac3d58/element'
21:34:49.742 [AsyncHttpClient-1-2] DEBUG org.asynchttpclient.netty.handler.HttpHandler - 

Request DefaultHttpRequest(decodeResult: success, version: HTTP/1.1)
POST /session/90cdc4615931637e7b77e3767dac3d58/element HTTP/1.1
User-Agent: selenium/4.8.1 (java windows)
Content-Length: 63
Content-Type: application/json; charset=utf-8
host: localhost:24341
accept: */*

Response DefaultHttpResponse(decodeResult: success, version: HTTP/1.1)
HTTP/1.1 200 OK
Content-Length: 88
Content-Type: application/json; charset=utf-8
cache-control: no-cache

21:34:49.742 [AsyncHttpClient-1-2] DEBUG org.asynchttpclient.netty.channel.ChannelManager - Adding key: http://localhost:24341 for channel [id: 0xab69aba0, L:/127.0.0.1:55914 - R:localhost/127.0.0.1:24341]
21:34:49.744 [Forwarding clickElement on session 90cdc4615931637e7b77e3767dac3d58 to remote] DEBUG org.asynchttpclient.netty.request.NettyRequestSender - Using pooled Channel '[id: 0xab69aba0, L:/127.0.0.1:55914 - R:localhost/127.0.0.1:24341]' for 'POST' to 'http://localhost:24341/session/90cdc4615931637e7b77e3767dac3d58/element/44e3ac0c-92e4-43b6-9427-a56dc6a82a82/click'
21:34:49.744 [Forwarding clickElement on session 90cdc4615931637e7b77e3767dac3d58 to remote] DEBUG org.asynchttpclient.netty.request.NettyRequestSender - Using open Channel [id: 0xab69aba0, L:/127.0.0.1:55914 - R:localhost/127.0.0.1:24341] for POST '/session/90cdc4615931637e7b77e3767dac3d58/element/44e3ac0c-92e4-43b6-9427-a56dc6a82a82/click'
21:34:49.802 [AsyncHttpClient-1-2] DEBUG org.asynchttpclient.netty.handler.HttpHandler - 

Request DefaultHttpRequest(decodeResult: success, version: HTTP/1.1)
POST /session/90cdc4615931637e7b77e3767dac3d58/element/44e3ac0c-92e4-43b6-9427-a56dc6a82a82/click HTTP/1.1
User-Agent: selenium/4.8.1 (java windows)
Content-Length: 50
Content-Type: application/json; charset=utf-8
host: localhost:24341
accept: */*

Response DefaultHttpResponse(decodeResult: success, version: HTTP/1.1)
HTTP/1.1 200 OK
Content-Length: 14
Content-Type: application/json; charset=utf-8
cache-control: no-cache

21:34:49.802 [AsyncHttpClient-1-2] DEBUG org.asynchttpclient.netty.channel.ChannelManager - Adding key: http://localhost:24341 for channel [id: 0xab69aba0, L:/127.0.0.1:55914 - R:localhost/127.0.0.1:24341]
21:34:49.811 [Forwarding getAlertText on session 90cdc4615931637e7b77e3767dac3d58 to remote] DEBUG org.asynchttpclient.netty.request.NettyRequestSender - Using pooled Channel '[id: 0xab69aba0, L:/127.0.0.1:55914 - R:localhost/127.0.0.1:24341]' for 'GET' to 'http://localhost:24341/session/90cdc4615931637e7b77e3767dac3d58/alert/text'
21:34:49.811 [Forwarding getAlertText on session 90cdc4615931637e7b77e3767dac3d58 to remote] DEBUG org.asynchttpclient.netty.request.NettyRequestSender - Using open Channel [id: 0xab69aba0, L:/127.0.0.1:55914 - R:localhost/127.0.0.1:24341] for GET '/session/90cdc4615931637e7b77e3767dac3d58/alert/text'
21:34:49.813 [AsyncHttpClient-1-2] DEBUG org.asynchttpclient.netty.handler.HttpHandler - 

Request DefaultFullHttpRequest(decodeResult: success, version: HTTP/1.1, content: EmptyByteBufBE)
GET /session/90cdc4615931637e7b77e3767dac3d58/alert/text HTTP/1.1
User-Agent: selenium/4.8.1 (java windows)
Cache-Control: no-cache
Content-Type: application/json; charset=utf-8
host: localhost:24341
accept: */*

Response DefaultHttpResponse(decodeResult: success, version: HTTP/1.1)
HTTP/1.1 404 Not Found
Content-Length: 836
Content-Type: application/json; charset=utf-8
cache-control: no-cache

21:34:49.813 [AsyncHttpClient-1-2] DEBUG org.asynchttpclient.netty.channel.ChannelManager - Adding key: http://localhost:24341 for channel [id: 0xab69aba0, L:/127.0.0.1:55914 - R:localhost/127.0.0.1:24341]
21:34:49.814 [Forwarding getCurrentUrl on session 90cdc4615931637e7b77e3767dac3d58 to remote] DEBUG org.asynchttpclient.netty.request.NettyRequestSender - Using pooled Channel '[id: 0xab69aba0, L:/127.0.0.1:55914 - R:localhost/127.0.0.1:24341]' for 'GET' to 'http://localhost:24341/session/90cdc4615931637e7b77e3767dac3d58/url'
21:34:49.814 [Forwarding getCurrentUrl on session 90cdc4615931637e7b77e3767dac3d58 to remote] DEBUG org.asynchttpclient.netty.request.NettyRequestSender - Using open Channel [id: 0xab69aba0, L:/127.0.0.1:55914 - R:localhost/127.0.0.1:24341] for GET '/session/90cdc4615931637e7b77e3767dac3d58/url'
21:34:49.819 [AsyncHttpClient-1-2] DEBUG org.asynchttpclient.netty.handler.HttpHandler - 

Request DefaultFullHttpRequest(decodeResult: success, version: HTTP/1.1, content: EmptyByteBufBE)
GET /session/90cdc4615931637e7b77e3767dac3d58/url HTTP/1.1
User-Agent: selenium/4.8.1 (java windows)
Cache-Control: no-cache
Content-Type: application/json; charset=utf-8
host: localhost:24341
accept: */*

Response DefaultHttpResponse(decodeResult: success, version: HTTP/1.1)
HTTP/1.1 200 OK
Content-Length: 47
Content-Type: application/json; charset=utf-8
cache-control: no-cache

21:34:49.819 [AsyncHttpClient-1-2] DEBUG org.asynchttpclient.netty.channel.ChannelManager - Adding key: http://localhost:24341 for channel [id: 0xab69aba0, L:/127.0.0.1:55914 - R:localhost/127.0.0.1:24341]
21:34:49.820 [Forwarding screenshot on session 90cdc4615931637e7b77e3767dac3d58 to remote] DEBUG org.asynchttpclient.netty.request.NettyRequestSender - Using pooled Channel '[id: 0xab69aba0, L:/127.0.0.1:55914 - R:localhost/127.0.0.1:24341]' for 'GET' to 'http://localhost:24341/session/90cdc4615931637e7b77e3767dac3d58/screenshot'
21:34:49.820 [Forwarding screenshot on session 90cdc4615931637e7b77e3767dac3d58 to remote] DEBUG org.asynchttpclient.netty.request.NettyRequestSender - Using open Channel [id: 0xab69aba0, L:/127.0.0.1:55914 - R:localhost/127.0.0.1:24341] for GET '/session/90cdc4615931637e7b77e3767dac3d58/screenshot'
21:34:49.903 [AsyncHttpClient-1-1] DEBUG org.asynchttpclient.netty.channel.DefaultChannelPool - Entry count for : http://localhost:55915 : 1
21:34:49.949 [AsyncHttpClient-1-2] DEBUG org.asynchttpclient.netty.handler.HttpHandler - 

Request DefaultFullHttpRequest(decodeResult: success, version: HTTP/1.1, content: EmptyByteBufBE)
GET /session/90cdc4615931637e7b77e3767dac3d58/screenshot HTTP/1.1
User-Agent: selenium/4.8.1 (java windows)
Cache-Control: no-cache
Content-Type: application/json; charset=utf-8
host: localhost:24341
accept: */*

Response DefaultHttpResponse(decodeResult: success, version: HTTP/1.1)
HTTP/1.1 200 OK
Content-Length: 81924
Content-Type: application/json; charset=utf-8
cache-control: no-cache

21:34:49.950 [AsyncHttpClient-1-2] DEBUG org.asynchttpclient.netty.channel.ChannelManager - Adding key: http://localhost:24341 for channel [id: 0xab69aba0, L:/127.0.0.1:55914 - R:localhost/127.0.0.1:24341]
21:34:49.953 [main] DEBUG net.serenitybdd.core.photography.Darkroom - Send negative for processing for target\site\serenity\ee2566730fb032362f127c6645695e9177dfa8c21c195575e52b25bd50b45ae4.png
21:34:49.953 [main] DEBUG net.thucydides.core.steps.StepInterceptor - STEP DONE: clickCartIcon
  &amp#27;[32mThen &amp#27;[0m&amp#27;[32mthe item should be added to my cart&amp#27;[0m   &amp#27;[90m# starter.stepdefinitions.AddToCartSteps.validateTheProductHasBeenAdded()&amp#27;[0m
21:34:49.962 [main] INFO  - 
  _____   ___   ___   _____     ___     _     ___   ___   ___   ___  
 |_   _| | __| / __| |_   _|   | _ \   /_\   / __| / __| | __| |   \ 
   | |   | _|  \__ \   | |     |  _/  / _ \  \__ \ \__ \ | _|  | |) |
   |_|   |___| |___/   |_|     |_|   /_/ \_\ |___/ |___/ |___| |___/ 

User Successfully add item to cart
----------------------------------------------------------------------
21:34:50.054 [Driver Command Executor] DEBUG org.asynchttpclient.netty.request.NettyRequestSender - Using pooled Channel '[id: 0xab69aba0, L:/127.0.0.1:55914 - R:localhost/127.0.0.1:24341]' for 'DELETE' to 'http://localhost:24341/session/90cdc4615931637e7b77e3767dac3d58'
21:34:50.054 [Driver Command Executor] DEBUG org.asynchttpclient.netty.request.NettyRequestSender - Using open Channel [id: 0xab69aba0, L:/127.0.0.1:55914 - R:localhost/127.0.0.1:24341] for DELETE '/session/90cdc4615931637e7b77e3767dac3d58'
21:34:50.122 [AsyncHttpClient-1-3] DEBUG org.asynchttpclient.netty.handler.HttpHandler - Unexpected I/O exception on channel [id: 0x7d66637a, L:/127.0.0.1:55921 - R:localhost/127.0.0.1:55915]
java.io.IOException: An existing connection was forcibly closed by the remote host
	at java.base/sun.nio.ch.SocketDispatcher.read0(Native Method)
	at java.base/sun.nio.ch.SocketDispatcher.read(SocketDispatcher.java:43)
	at java.base/sun.nio.ch.IOUtil.readIntoNativeBuffer(IOUtil.java:276)
	at java.base/sun.nio.ch.IOUtil.read(IOUtil.java:233)
	at java.base/sun.nio.ch.IOUtil.read(IOUtil.java:223)
	at java.base/sun.nio.ch.SocketChannelImpl.read(SocketChannelImpl.java:358)
	at io.netty.buffer.PooledByteBuf.setBytes(PooledByteBuf.java:259)
	at io.netty.buffer.AbstractByteBuf.writeBytes(AbstractByteBuf.java:1132)
	at io.netty.channel.socket.nio.NioSocketChannel.doReadBytes(NioSocketChannel.java:357)
	at io.netty.channel.nio.AbstractNioByteChannel$NioByteUnsafe.read(AbstractNioByteChannel.java:151)
	at io.netty.channel.nio.NioEventLoop.processSelectedKey(NioEventLoop.java:788)
	at io.netty.channel.nio.NioEventLoop.processSelectedKeysOptimized(NioEventLoop.java:724)
	at io.netty.channel.nio.NioEventLoop.processSelectedKeys(NioEventLoop.java:650)
	at io.netty.channel.nio.NioEventLoop.run(NioEventLoop.java:562)
	at io.netty.util.concurrent.SingleThreadEventExecutor$4.run(SingleThreadEventExecutor.java:997)
	at io.netty.util.internal.ThreadExecutorMap$2.run(ThreadExecutorMap.java:74)
	at io.netty.util.concurrent.FastThreadLocalRunnable.run(FastThreadLocalRunnable.java:30)
	at java.base/java.lang.Thread.run(Thread.java:834)
21:34:50.122 [AsyncHttpClient-1-4] DEBUG org.asynchttpclient.netty.handler.WebSocketHandler - Unexpected I/O exception on channel [id: 0x88ce6072, L:/127.0.0.1:55922 - R:localhost/127.0.0.1:55915]
java.io.IOException: An existing connection was forcibly closed by the remote host
	at java.base/sun.nio.ch.SocketDispatcher.read0(Native Method)
	at java.base/sun.nio.ch.SocketDispatcher.read(SocketDispatcher.java:43)
	at java.base/sun.nio.ch.IOUtil.readIntoNativeBuffer(IOUtil.java:276)
	at java.base/sun.nio.ch.IOUtil.read(IOUtil.java:233)
	at java.base/sun.nio.ch.IOUtil.read(IOUtil.java:223)
	at java.base/sun.nio.ch.SocketChannelImpl.read(SocketChannelImpl.java:358)
	at io.netty.buffer.PooledByteBuf.setBytes(PooledByteBuf.java:259)
	at io.netty.buffer.AbstractByteBuf.writeBytes(AbstractByteBuf.java:1132)
	at io.netty.channel.socket.nio.NioSocketChannel.doReadBytes(NioSocketChannel.java:357)
	at io.netty.channel.nio.AbstractNioByteChannel$NioByteUnsafe.read(AbstractNioByteChannel.java:151)
	at io.netty.channel.nio.NioEventLoop.processSelectedKey(NioEventLoop.java:788)
	at io.netty.channel.nio.NioEventLoop.processSelectedKeysOptimized(NioEventLoop.java:724)
	at io.netty.channel.nio.NioEventLoop.processSelectedKeys(NioEventLoop.java:650)
	at io.netty.channel.nio.NioEventLoop.run(NioEventLoop.java:562)
	at io.netty.util.concurrent.SingleThreadEventExecutor$4.run(SingleThreadEventExecutor.java:997)
	at io.netty.util.internal.ThreadExecutorMap$2.run(ThreadExecutorMap.java:74)
	at io.netty.util.concurrent.FastThreadLocalRunnable.run(FastThreadLocalRunnable.java:30)
	at java.base/java.lang.Thread.run(Thread.java:834)
21:34:50.123 [AsyncHttpClient-1-3] DEBUG org.asynchttpclient.netty.channel.ChannelManager - Closing Channel [id: 0x7d66637a, L:/127.0.0.1:55921 - R:localhost/127.0.0.1:55915] 
21:34:50.123 [AsyncHttpClient-1-4] DEBUG org.asynchttpclient.netty.handler.WebSocketHandler - Trying to recover from dead Channel: [id: 0x88ce6072, L:/127.0.0.1:55922 - R:localhost/127.0.0.1:55915]
21:34:50.124 [AsyncHttpClient-1-4] DEBUG org.asynchttpclient.netty.handler.WebSocketHandler - Channel Closed: [id: 0x88ce6072, L:/127.0.0.1:55922 ! R:localhost/127.0.0.1:55915] with attribute NettyResponseFuture{currentRetry=0,
	isDone=1,
	isCancelled=0,
	asyncHandler=org.asynchttpclient.ws.WebSocketUpgradeHandler@a3b39e1,
	nettyRequest=org.asynchttpclient.netty.request.NettyRequest@2988dde8,
	future=java.util.concurrent.CompletableFuture@1c19820c[Completed normally],
	uri=ws://localhost:55915/devtools/browser/28e0a3d3-b0ce-4aa6-a652-c4cb0183bc13,
	keepAlive=true,
	redirectCount=0,
	timeoutsHolder=null,
	inAuth=0,
	touch=1680791690123}
21:34:50.125 [AsyncHttpClient-1-4] DEBUG org.asynchttpclient.netty.channel.ChannelManager - Closing Channel [id: 0x88ce6072, L:/127.0.0.1:55922 ! R:localhost/127.0.0.1:55915] 
21:34:50.125 [AsyncHttpClient-1-3] DEBUG org.asynchttpclient.netty.handler.HttpHandler - Channel Closed: [id: 0x7d66637a, L:/127.0.0.1:55921 ! R:localhost/127.0.0.1:55915] with attribute DISCARD
21:34:50.143 [AsyncHttpClient-1-2] DEBUG org.asynchttpclient.netty.handler.HttpHandler - 

Request DefaultFullHttpRequest(decodeResult: success, version: HTTP/1.1, content: EmptyByteBufBE)
DELETE /session/90cdc4615931637e7b77e3767dac3d58 HTTP/1.1
User-Agent: selenium/4.8.1 (java windows)
Content-Type: application/json; charset=utf-8
host: localhost:24341
accept: */*

Response DefaultHttpResponse(decodeResult: success, version: HTTP/1.1)
HTTP/1.1 200 OK
Content-Length: 14
Content-Type: application/json; charset=utf-8
cache-control: no-cache

21:34:50.143 [AsyncHttpClient-1-2] DEBUG org.asynchttpclient.netty.channel.ChannelManager - Adding key: http://localhost:24341 for channel [id: 0xab69aba0, L:/127.0.0.1:55914 - R:localhost/127.0.0.1:24341]
21:34:50.243 [AsyncHttpClient-1-2] DEBUG org.asynchttpclient.netty.handler.HttpHandler - Channel Closed: [id: 0xab69aba0, L:/127.0.0.1:55914 ! R:localhost/127.0.0.1:24341] with attribute DISCARD
]]></system-out>
    <system-err><![CDATA[Starting ChromeDriver 111.0.5563.64 (c710e93d5b63b7095afe8c2c17df34408078439d-refs/branch-heads/5563@{#995}) on port 24341
Only local connections are allowed.
Please see https://chromedriver.chromium.org/security-considerations for suggestions on keeping ChromeDriver safe.
ChromeDriver was started successfully.
Apr 06, 2023 9:34:44 PM org.openqa.selenium.devtools.CdpVersionFinder findNearestMatch
WARNING: Unable to find an exact match for CDP version 111, so returning the closest version found: 110
]]></system-err>
  </testcase>
  <testcase name="User cannot checkout without providing postal code" classname="Checkout" time="0.35">
    <system-out><![CDATA[21:34:50.826 [main] DEBUG io.cucumber.core.plugin.SerenityReporter - Running feature from file:///C:/Prioritas1/alta/src/test/resources/features/Checkout.feature
21:34:50.830 [main] DEBUG net.thucydides.core.steps.StepEventBus - Test suite started for story net.thucydides.core.model.Story@65fd1e8
21:34:50.830 [main] INFO  - Test Suite Started: Checkout

Scenario: User cannot checkout without providing postal code &amp#27;[90m# src/test/resources/features/Checkout.feature:3&amp#27;[0m
21:34:50.841 [main] DEBUG io.cucumber.core.plugin.SerenityReporter - Running feature from file:///C:/Prioritas1/alta/src/test/resources/features/Checkout.feature
21:34:50.843 [main] INFO  - 
  _____   ___   ___   _____     ___   _____     _     ___   _____   ___   ___  
 |_   _| | __| / __| |_   _|   / __| |_   _|   /_\   | _ \ |_   _| | __| |   \ 
   | |   | _|  \__ \   | |     \__ \   | |    / _ \  |   /   | |   | _|  | |) |
   |_|   |___| |___/   |_|     |___/   |_|   /_/ \_\ |_|_\   |_|   |___| |___/ 

User cannot checkout without providing postal code(checkout;user-cannot-checkout-without-providing-postal-code)
--------------------------------------------------------------------------------
21:34:51.004 [AsyncHttpClient-1-1] DEBUG org.asynchttpclient.netty.channel.DefaultChannelPool - Entry count for : http://localhost:24341 : 1
21:34:51.004 [AsyncHttpClient-1-1] DEBUG org.asynchttpclient.netty.channel.DefaultChannelPool - Entry count for : http://localhost:55915 : 1
21:34:51.004 [AsyncHttpClient-1-1] DEBUG org.asynchttpclient.netty.channel.DefaultChannelPool - Adding Candidate expired Channel [id: 0xab69aba0, L:/127.0.0.1:55914 ! R:localhost/127.0.0.1:24341] isIdleTimeoutExpired=false isRemotelyClosed=true isTtlExpired=false
21:34:51.004 [AsyncHttpClient-1-1] DEBUG org.asynchttpclient.netty.channel.DefaultChannelPool - Closing Idle Channel [id: 0xab69aba0, L:/127.0.0.1:55914 ! R:localhost/127.0.0.1:24341]
21:34:51.005 [AsyncHttpClient-1-1] DEBUG org.asynchttpclient.netty.channel.DefaultChannelPool - Adding Candidate expired Channel [id: 0x7d66637a, L:/127.0.0.1:55921 ! R:localhost/127.0.0.1:55915] isIdleTimeoutExpired=false isRemotelyClosed=true isTtlExpired=false
21:34:51.005 [AsyncHttpClient-1-1] DEBUG org.asynchttpclient.netty.channel.DefaultChannelPool - Closing Idle Channel [id: 0x7d66637a, L:/127.0.0.1:55921 ! R:localhost/127.0.0.1:55915]
21:34:51.005 [AsyncHttpClient-1-1] DEBUG org.asynchttpclient.netty.channel.DefaultChannelPool - Closed 2 connections out of 2 in 1 ms
21:34:51.078 [main] DEBUG net.thucydides.core.steps.StepInterceptor - STARTING STEP: CartSteps.onTheCartPage - validateOnCartPage
21:34:51.084 [main] DEBUG net.thucydides.core.steps.StepInterceptor - STEP DONE: validateOnCartPage
  &amp#27;[32mGiven &amp#27;[0m&amp#27;[32mI am on the shopping cart page&amp#27;[0m                       &amp#27;[90m# starter.stepdefinitions.CartSteps.onTheCartPage()&amp#27;[0m
21:34:51.092 [main] DEBUG net.thucydides.core.steps.StepInterceptor - STARTING STEP: CartSteps.clickCheckoutButton - clickCheckoutButton
21:34:51.097 [main] DEBUG net.thucydides.core.steps.StepInterceptor - STEP DONE: clickCheckoutButton
  &amp#27;[32mWhen &amp#27;[0m&amp#27;[32mI click on checkout button&amp#27;[0m                            &amp#27;[90m# starter.stepdefinitions.CartSteps.clickCheckoutButton()&amp#27;[0m
21:34:51.105 [main] DEBUG net.thucydides.core.steps.StepInterceptor - STARTING STEP: CartSteps.inputMyInformation - inputFirstName
21:34:51.109 [main] DEBUG net.thucydides.core.steps.StepInterceptor - STEP DONE: inputFirstName
21:34:51.129 [main] DEBUG net.thucydides.core.steps.StepInterceptor - STARTING STEP: CartSteps.inputMyInformation - inputLastName
21:34:51.133 [main] DEBUG net.thucydides.core.steps.StepInterceptor - STEP DONE: inputLastName
21:34:51.137 [main] DEBUG net.thucydides.core.steps.StepInterceptor - STARTING STEP: CartSteps.inputMyInformation - inputPostalCode
21:34:51.156 [main] DEBUG net.thucydides.core.steps.StepInterceptor - STEP DONE: inputPostalCode
  &amp#27;[32mAnd &amp#27;[0m&amp#27;[32mI do not provide postal code&amp#27;[0m                           &amp#27;[90m# starter.stepdefinitions.CartSteps.inputMyInformation()&amp#27;[0m
21:34:51.163 [main] DEBUG net.thucydides.core.steps.StepInterceptor - STARTING STEP: CartSteps.clickContinueButton - clickContinueButton
21:34:51.168 [main] DEBUG net.thucydides.core.steps.StepInterceptor - STEP DONE: clickContinueButton
  &amp#27;[32mAnd &amp#27;[0m&amp#27;[32mI click on continue button&amp#27;[0m                             &amp#27;[90m# starter.stepdefinitions.CartSteps.clickContinueButton()&amp#27;[0m
21:34:51.176 [main] DEBUG net.thucydides.core.steps.StepInterceptor - STARTING STEP: CartSteps.errorMessageDisplayed - errorMessageDisplayed
21:34:51.178 [main] DEBUG net.thucydides.core.steps.StepInterceptor - STEP DONE: errorMessageDisplayed
  &amp#27;[32mThen &amp#27;[0m&amp#27;[32mI should see an error message for missing postal code&amp#27;[0m &amp#27;[90m# starter.stepdefinitions.CartSteps.errorMessageDisplayed()&amp#27;[0m
21:34:51.182 [main] INFO  - 
  _____   ___   ___   _____     ___     _     ___   ___   ___   ___  
 |_   _| | __| / __| |_   _|   | _ \   /_\   / __| / __| | __| |   \ 
   | |   | _|  \__ \   | |     |  _/  / _ \  \__ \ \__ \ | _|  | |) |
   |_|   |___| |___/   |_|     |_|   /_/ \_\ |___/ |___/ |___| |___/ 

User cannot checkout without providing postal code
----------------------------------------------------------------------
]]></system-out>
  </testcase>
  <testcase name="Logout after completing checkout" classname="Logout after checkout" time="0.126">
    <system-out><![CDATA[21:34:51.184 [main] DEBUG io.cucumber.core.plugin.SerenityReporter - Running feature from file:///C:/Prioritas1/alta/src/test/resources/features/Logout.feature
21:34:51.198 [main] DEBUG net.thucydides.core.steps.StepEventBus - Test suite started for story net.thucydides.core.model.Story@827fa538
21:34:51.198 [main] INFO  - Test Suite Started: Logout after checkout

Scenario: Logout after completing checkout                                   &amp#27;[90m# src/test/resources/features/Logout.feature:6&amp#27;[0m
21:34:51.208 [main] DEBUG io.cucumber.core.plugin.SerenityReporter - Running feature from file:///C:/Prioritas1/alta/src/test/resources/features/Logout.feature
21:34:51.211 [main] INFO  - 
  _____   ___   ___   _____     ___   _____     _     ___   _____   ___   ___  
 |_   _| | __| / __| |_   _|   / __| |_   _|   /_\   | _ \ |_   _| | __| |   \ 
   | |   | _|  \__ \   | |     \__ \   | |    / _ \  |   /   | |   | _|  | |) |
   |_|   |___| |___/   |_|     |___/   |_|   /_/ \_\ |_|_\   |_|   |___| |___/ 

Logout after completing checkout(logout-after-checkout;logout-after-completing-checkout)
--------------------------------------------------------------------------------
21:34:51.259 [main] DEBUG net.thucydides.core.steps.StepInterceptor - STARTING STEP: LogoutSteps.onTheCartPage - validateOnCartPage
21:34:51.261 [main] DEBUG net.thucydides.core.steps.StepInterceptor - STEP DONE: validateOnCartPage
  &amp#27;[32mGiven &amp#27;[0m&amp#27;[32mI am on the checkout page&amp#27;[0m                                            &amp#27;[90m# starter.stepdefinitions.LogoutSteps.onTheCartPage()&amp#27;[0m
21:34:51.270 [main] DEBUG net.thucydides.core.steps.StepInterceptor - STARTING STEP: LogoutSteps.validateCompleteCheckout - validateCompleteCheckout
21:34:51.272 [main] DEBUG net.thucydides.core.steps.StepInterceptor - STEP DONE: validateCompleteCheckout
  &amp#27;[32mWhen &amp#27;[0m&amp#27;[32mI have completed the checkout process&amp#27;[0m                                 &amp#27;[90m# starter.stepdefinitions.LogoutSteps.validateCompleteCheckout()&amp#27;[0m
21:34:51.283 [main] DEBUG net.thucydides.core.steps.StepInterceptor - STARTING STEP: LogoutSteps.clickBackHome - clickBackHome
21:34:51.287 [main] DEBUG net.thucydides.core.steps.StepInterceptor - STEP DONE: clickBackHome
  &amp#27;[32mAnd &amp#27;[0m&amp#27;[32mI click on the Back Home button&amp#27;[0m                                        &amp#27;[90m# starter.stepdefinitions.LogoutSteps.clickBackHome()&amp#27;[0m
21:34:51.294 [main] DEBUG net.thucydides.core.steps.StepInterceptor - STARTING STEP: LogoutSteps.clickMenuButton - clickMenuButton
21:34:51.299 [main] DEBUG net.thucydides.core.steps.StepInterceptor - STEP DONE: clickMenuButton
  &amp#27;[32mAnd &amp#27;[0m&amp#27;[32mI click on the Menu button&amp#27;[0m                                             &amp#27;[90m# starter.stepdefinitions.LogoutSteps.clickMenuButton()&amp#27;[0m
21:34:51.305 [main] DEBUG net.thucydides.core.steps.StepInterceptor - STARTING STEP: LogoutSteps.clickLogoutButton - clickLogoutButton
21:34:51.311 [main] DEBUG net.thucydides.core.steps.StepInterceptor - STEP DONE: clickLogoutButton
  &amp#27;[32mAnd &amp#27;[0m&amp#27;[32mI click on the Logout button&amp#27;[0m                                           &amp#27;[90m# starter.stepdefinitions.LogoutSteps.clickLogoutButton()&amp#27;[0m
21:34:51.318 [main] DEBUG net.thucydides.core.steps.StepInterceptor - STARTING STEP: LogoutSteps.validateOnLoginPage - validateOnLoginPage
21:34:51.320 [main] DEBUG net.thucydides.core.steps.StepInterceptor - STEP DONE: validateOnLoginPage
  &amp#27;[32mThen &amp#27;[0m&amp#27;[32mI should be logged out of my account and redirected to the login page&amp#27;[0m &amp#27;[90m# starter.stepdefinitions.LogoutSteps.validateOnLoginPage()&amp#27;[0m
21:34:51.323 [main] INFO  - 
  _____   ___   ___   _____     ___     _     ___   ___   ___   ___  
 |_   _| | __| / __| |_   _|   | _ \   /_\   / __| / __| | __| |   \ 
   | |   | _|  \__ \   | |     |  _/  / _ \  \__ \ \__ \ | _|  | |) |
   |_|   |___| |___/   |_|     |_|   /_/ \_\ |___/ |___/ |___| |___/ 

Logout after completing checkout
----------------------------------------------------------------------
]]></system-out>
  </testcase>
</testsuite>