<?xml version="1.0" encoding="UTF-8"?>
<testsuite xmlns:xsi="http://www.w3.org/2001/XMLSchema-instance" xsi:noNamespaceSchemaLocation="https://maven.apache.org/surefire/maven-failsafe-plugin/xsd/failsafe-test-report-3.0.xsd" version="3.0" name="starter.CucumberTestSuite" time="105.874" tests="22" errors="0" skipped="0" failures="0">
  <properties>
    <property name="sun.desktop" value="windows"/>
    <property name="awt.toolkit" value="sun.awt.windows.WToolkit"/>
    <property name="java.specification.version" value="11"/>
    <property name="webdriver.chrome.driver" value="src/test/resources/webdriver/chromedriver.exe"/>
    <property name="sun.cpu.isalist" value="amd64"/>
    <property name="sun.jnu.encoding" value="Cp1252"/>
    <property name="java.class.path" value="D:\WebMinpro\code\minpro\target\test-classes;C:\Users\user\.m2\repository\net\serenity-bdd\serenity-rest-assured\3.6.22\serenity-rest-assured-3.6.22.jar;C:\Users\user\.m2\repository\org\apache\httpcomponents\httpclient\4.5.13\httpclient-4.5.13.jar;C:\Users\user\.m2\repository\org\apache\httpcomponents\httpcore\4.4.13\httpcore-4.4.13.jar;C:\Users\user\.m2\repository\commons-logging\commons-logging\1.2\commons-logging-1.2.jar;C:\Users\user\.m2\repository\io\rest-assured\rest-assured\5.3.0\rest-assured-5.3.0.jar;C:\Users\user\.m2\repository\org\apache\httpcomponents\httpmime\4.5.13\httpmime-4.5.13.jar;C:\Users\user\.m2\repository\org\ccil\cowan\tagsoup\tagsoup\1.2.1\tagsoup-1.2.1.jar;C:\Users\user\.m2\repository\io\rest-assured\json-path\5.3.0\json-path-5.3.0.jar;C:\Users\user\.m2\repository\io\rest-assured\rest-assured-common\5.3.0\rest-assured-common-5.3.0.jar;C:\Users\user\.m2\repository\io\rest-assured\xml-path\5.3.0\xml-path-5.3.0.jar;C:\Users\user\.m2\repository\org\apache\groovy\groovy-json\4.0.10\groovy-json-4.0.10.jar;C:\Users\user\.m2\repository\org\apache\groovy\groovy-xml\4.0.10\groovy-xml-4.0.10.jar;C:\Users\user\.m2\repository\org\apache\groovy\groovy\4.0.10\groovy-4.0.10.jar;C:\Users\user\.m2\repository\org\opentest4j\opentest4j\1.2.0\opentest4j-1.2.0.jar;C:\Users\user\.m2\repository\net\serenity-bdd\serenity-core\3.6.21\serenity-core-3.6.21.jar;C:\Users\user\.m2\repository\net\serenity-bdd\serenity-model\3.6.21\serenity-model-3.6.21.jar;C:\Users\user\.m2\repository\org\apache\commons\commons-text\1.10.0\commons-text-1.10.0.jar;C:\Users\user\.m2\repository\commons-net\commons-net\3.9.0\commons-net-3.9.0.jar;C:\Users\user\.m2\repository\com\google\guava\guava\31.1-jre\guava-31.1-jre.jar;C:\Users\user\.m2\repository\com\google\guava\failureaccess\1.0.1\failureaccess-1.0.1.jar;C:\Users\user\.m2\repository\com\google\guava\listenablefuture\9999.0-empty-to-avoid-conflict-with-guava\listenablefuture-9999.0-empty-to-avoid-conflict-with-guava.jar;C:\Users\user\.m2\repository\com\google\code\findbugs\jsr305\3.0.2\jsr305-3.0.2.jar;C:\Users\user\.m2\repository\org\checkerframework\checker-qual\3.12.0\checker-qual-3.12.0.jar;C:\Users\user\.m2\repository\com\google\errorprone\error_prone_annotations\2.11.0\error_prone_annotations-2.11.0.jar;C:\Users\user\.m2\repository\com\google\j2objc\j2objc-annotations\1.3\j2objc-annotations-1.3.jar;C:\Users\user\.m2\repository\com\google\inject\guice\5.1.0\guice-5.1.0.jar;C:\Users\user\.m2\repository\javax\inject\javax.inject\1\javax.inject-1.jar;C:\Users\user\.m2\repository\aopalliance\aopalliance\1.0\aopalliance-1.0.jar;C:\Users\user\.m2\repository\org\jsoup\jsoup\1.14.3\jsoup-1.14.3.jar;C:\Users\user\.m2\repository\com\thoughtworks\xstream\xstream\1.4.20\xstream-1.4.20.jar;C:\Users\user\.m2\repository\io\github\x-stream\mxparser\1.2.2\mxparser-1.2.2.jar;C:\Users\user\.m2\repository\xmlpull\xmlpull\1.1.3.1\xmlpull-1.1.3.1.jar;C:\Users\user\.m2\repository\com\typesafe\config\1.4.2\config-1.4.2.jar;C:\Users\user\.m2\repository\org\imgscalr\imgscalr-lib\4.2\imgscalr-lib-4.2.jar;C:\Users\user\.m2\repository\org\awaitility\awaitility\4.2.0\awaitility-4.2.0.jar;C:\Users\user\.m2\repository\org\freemarker\freemarker\2.3.31\freemarker-2.3.31.jar;C:\Users\user\.m2\repository\io\github\classgraph\classgraph\4.8.138\classgraph-4.8.138.jar;C:\Users\user\.m2\repository\net\sourceforge\jexcelapi\jxl\2.6.12\jxl-2.6.12.jar;C:\Users\user\.m2\repository\net\bytebuddy\byte-buddy-agent\1.14.2\byte-buddy-agent-1.14.2.jar;C:\Users\user\.m2\repository\org\objenesis\objenesis\3.3\objenesis-3.3.jar;C:\Users\user\.m2\repository\net\serenity-bdd\serenity-reports\3.6.21\serenity-reports-3.6.21.jar;C:\Users\user\.m2\repository\net\serenity-bdd\serenity-stats\3.6.21\serenity-stats-3.6.21.jar;C:\Users\user\.m2\repository\net\serenity-bdd\serenity-reports-configuration\3.6.21\serenity-reports-configuration-3.6.21.jar;C:\Users\user\.m2\repository\com\vladsch\flexmark\flexmark-all\0.62.2\flexmark-all-0.62.2.jar;C:\Users\user\.m2\repository\com\vladsch\flexmark\flexmark\0.62.2\flexmark-0.62.2.jar;C:\Users\user\.m2\repository\com\vladsch\flexmark\flexmark-ext-abbreviation\0.62.2\flexmark-ext-abbreviation-0.62.2.jar;C:\Users\user\.m2\repository\com\vladsch\flexmark\flexmark-util\0.62.2\flexmark-util-0.62.2.jar;C:\Users\user\.m2\repository\com\vladsch\flexmark\flexmark-ext-admonition\0.62.2\flexmark-ext-admonition-0.62.2.jar;C:\Users\user\.m2\repository\com\vladsch\flexmark\flexmark-ext-anchorlink\0.62.2\flexmark-ext-anchorlink-0.62.2.jar;C:\Users\user\.m2\repository\com\vladsch\flexmark\flexmark-ext-aside\0.62.2\flexmark-ext-aside-0.62.2.jar;C:\Users\user\.m2\repository\com\vladsch\flexmark\flexmark-ext-attributes\0.62.2\flexmark-ext-attributes-0.62.2.jar;C:\Users\user\.m2\repository\com\vladsch\flexmark\flexmark-ext-autolink\0.62.2\flexmark-ext-autolink-0.62.2.jar;C:\Users\user\.m2\repository\org\nibor\autolink\autolink\0.6.0\autolink-0.6.0.jar;C:\Users\user\.m2\repository\com\vladsch\flexmark\flexmark-ext-definition\0.62.2\flexmark-ext-definition-0.62.2.jar;C:\Users\user\.m2\repository\com\vladsch\flexmark\flexmark-ext-emoji\0.62.2\flexmark-ext-emoji-0.62.2.jar;C:\Users\user\.m2\repository\com\vladsch\flexmark\flexmark-ext-enumerated-reference\0.62.2\flexmark-ext-enumerated-reference-0.62.2.jar;C:\Users\user\.m2\repository\com\vladsch\flexmark\flexmark-ext-escaped-character\0.62.2\flexmark-ext-escaped-character-0.62.2.jar;C:\Users\user\.m2\repository\com\vladsch\flexmark\flexmark-ext-footnotes\0.62.2\flexmark-ext-footnotes-0.62.2.jar;C:\Users\user\.m2\repository\com\vladsch\flexmark\flexmark-ext-gfm-issues\0.62.2\flexmark-ext-gfm-issues-0.62.2.jar;C:\Users\user\.m2\repository\com\vladsch\flexmark\flexmark-ext-gfm-strikethrough\0.62.2\flexmark-ext-gfm-strikethrough-0.62.2.jar;C:\Users\user\.m2\repository\com\vladsch\flexmark\flexmark-ext-gfm-tasklist\0.62.2\flexmark-ext-gfm-tasklist-0.62.2.jar;C:\Users\user\.m2\repository\com\vladsch\flexmark\flexmark-ext-gfm-users\0.62.2\flexmark-ext-gfm-users-0.62.2.jar;C:\Users\user\.m2\repository\com\vladsch\flexmark\flexmark-ext-gitlab\0.62.2\flexmark-ext-gitlab-0.62.2.jar;C:\Users\user\.m2\repository\com\vladsch\flexmark\flexmark-ext-jekyll-front-matter\0.62.2\flexmark-ext-jekyll-front-matter-0.62.2.jar;C:\Users\user\.m2\repository\com\vladsch\flexmark\flexmark-ext-jekyll-tag\0.62.2\flexmark-ext-jekyll-tag-0.62.2.jar;C:\Users\user\.m2\repository\com\vladsch\flexmark\flexmark-ext-media-tags\0.62.2\flexmark-ext-media-tags-0.62.2.jar;C:\Users\user\.m2\repository\com\vladsch\flexmark\flexmark-ext-macros\0.62.2\flexmark-ext-macros-0.62.2.jar;C:\Users\user\.m2\repository\com\vladsch\flexmark\flexmark-ext-ins\0.62.2\flexmark-ext-ins-0.62.2.jar;C:\Users\user\.m2\repository\com\vladsch\flexmark\flexmark-ext-xwiki-macros\0.62.2\flexmark-ext-xwiki-macros-0.62.2.jar;C:\Users\user\.m2\repository\com\vladsch\flexmark\flexmark-ext-superscript\0.62.2\flexmark-ext-superscript-0.62.2.jar;C:\Users\user\.m2\repository\com\vladsch\flexmark\flexmark-ext-tables\0.62.2\flexmark-ext-tables-0.62.2.jar;C:\Users\user\.m2\repository\com\vladsch\flexmark\flexmark-ext-toc\0.62.2\flexmark-ext-toc-0.62.2.jar;C:\Users\user\.m2\repository\com\vladsch\flexmark\flexmark-ext-typographic\0.62.2\flexmark-ext-typographic-0.62.2.jar;C:\Users\user\.m2\repository\com\vladsch\flexmark\flexmark-ext-wikilink\0.62.2\flexmark-ext-wikilink-0.62.2.jar;C:\Users\user\.m2\repository\com\vladsch\flexmark\flexmark-ext-yaml-front-matter\0.62.2\flexmark-ext-yaml-front-matter-0.62.2.jar;C:\Users\user\.m2\repository\com\vladsch\flexmark\flexmark-ext-youtube-embedded\0.62.2\flexmark-ext-youtube-embedded-0.62.2.jar;C:\Users\user\.m2\repository\com\vladsch\flexmark\flexmark-html2md-converter\0.62.2\flexmark-html2md-converter-0.62.2.jar;C:\Users\user\.m2\repository\com\vladsch\flexmark\flexmark-jira-converter\0.62.2\flexmark-jira-converter-0.62.2.jar;C:\Users\user\.m2\repository\com\vladsch\flexmark\flexmark-pdf-converter\0.62.2\flexmark-pdf-converter-0.62.2.jar;C:\Users\user\.m2\repository\com\openhtmltopdf\openhtmltopdf-core\1.0.0\openhtmltopdf-core-1.0.0.jar;C:\Users\user\.m2\repository\com\openhtmltopdf\openhtmltopdf-pdfbox\1.0.0\openhtmltopdf-pdfbox-1.0.0.jar;C:\Users\user\.m2\repository\org\apache\pdfbox\pdfbox\2.0.16\pdfbox-2.0.16.jar;C:\Users\user\.m2\repository\org\apache\pdfbox\fontbox\2.0.16\fontbox-2.0.16.jar;C:\Users\user\.m2\repository\org\apache\pdfbox\xmpbox\2.0.16\xmpbox-2.0.16.jar;C:\Users\user\.m2\repository\de\rototor\pdfbox\graphics2d\0.24\graphics2d-0.24.jar;C:\Users\user\.m2\repository\com\openhtmltopdf\openhtmltopdf-rtl-support\1.0.0\openhtmltopdf-rtl-support-1.0.0.jar;C:\Users\user\.m2\repository\com\openhtmltopdf\openhtmltopdf-jsoup-dom-converter\1.0.0\openhtmltopdf-jsoup-dom-converter-1.0.0.jar;C:\Users\user\.m2\repository\com\vladsch\flexmark\flexmark-profile-pegdown\0.62.2\flexmark-profile-pegdown-0.62.2.jar;C:\Users\user\.m2\repository\com\vladsch\flexmark\flexmark-util-ast\0.62.2\flexmark-util-ast-0.62.2.jar;C:\Users\user\.m2\repository\com\vladsch\flexmark\flexmark-util-builder\0.62.2\flexmark-util-builder-0.62.2.jar;C:\Users\user\.m2\repository\com\vladsch\flexmark\flexmark-util-collection\0.62.2\flexmark-util-collection-0.62.2.jar;C:\Users\user\.m2\repository\com\vladsch\flexmark\flexmark-util-data\0.62.2\flexmark-util-data-0.62.2.jar;C:\Users\user\.m2\repository\com\vladsch\flexmark\flexmark-util-dependency\0.62.2\flexmark-util-dependency-0.62.2.jar;C:\Users\user\.m2\repository\com\vladsch\flexmark\flexmark-util-format\0.62.2\flexmark-util-format-0.62.2.jar;C:\Users\user\.m2\repository\com\vladsch\flexmark\flexmark-util-html\0.62.2\flexmark-util-html-0.62.2.jar;C:\Users\user\.m2\repository\com\vladsch\flexmark\flexmark-util-misc\0.62.2\flexmark-util-misc-0.62.2.jar;C:\Users\user\.m2\repository\com\vladsch\flexmark\flexmark-util-options\0.62.2\flexmark-util-options-0.62.2.jar;C:\Users\user\.m2\repository\com\vladsch\flexmark\flexmark-util-sequence\0.62.2\flexmark-util-sequence-0.62.2.jar;C:\Users\user\.m2\repository\com\vladsch\flexmark\flexmark-util-visitor\0.62.2\flexmark-util-visitor-0.62.2.jar;C:\Users\user\.m2\repository\com\vladsch\flexmark\flexmark-youtrack-converter\0.62.2\flexmark-youtrack-converter-0.62.2.jar;C:\Users\user\.m2\repository\com\ibm\icu\icu4j\72.1\icu4j-72.1.jar;C:\Users\user\.m2\repository\es\nitaur\markdown\txtmark\0.16\txtmark-0.16.jar;C:\Users\user\.m2\repository\net\serenity-bdd\serenity-report-resources\3.6.21\serenity-report-resources-3.6.21.jar;C:\Users\user\.m2\repository\com\google\code\gson\gson\2.10.1\gson-2.10.1.jar;C:\Users\user\.m2\repository\com\fasterxml\jackson\core\jackson-core\2.15.0-rc1\jackson-core-2.15.0-rc1.jar;C:\Users\user\.m2\repository\com\fasterxml\jackson\core\jackson-databind\2.15.0-rc1\jackson-databind-2.15.0-rc1.jar;C:\Users\user\.m2\repository\com\fasterxml\jackson\core\jackson-annotations\2.15.0-rc1\jackson-annotations-2.15.0-rc1.jar;C:\Users\user\.m2\repository\commons-codec\commons-codec\1.15\commons-codec-1.15.jar;C:\Users\user\.m2\repository\commons-io\commons-io\2.11.0\commons-io-2.11.0.jar;C:\Users\user\.m2\repository\org\seleniumhq\selenium\selenium-java\4.8.1\selenium-java-4.8.1.jar;C:\Users\user\.m2\repository\org\seleniumhq\selenium\selenium-devtools-v108\4.8.1\selenium-devtools-v108-4.8.1.jar;C:\Users\user\.m2\repository\org\seleniumhq\selenium\selenium-devtools-v109\4.8.1\selenium-devtools-v109-4.8.1.jar;C:\Users\user\.m2\repository\org\seleniumhq\selenium\selenium-devtools-v110\4.8.1\selenium-devtools-v110-4.8.1.jar;C:\Users\user\.m2\repository\org\seleniumhq\selenium\selenium-devtools-v85\4.8.1\selenium-devtools-v85-4.8.1.jar;C:\Users\user\.m2\repository\org\seleniumhq\selenium\selenium-remote-driver\4.8.1\selenium-remote-driver-4.8.1.jar;C:\Users\user\.m2\repository\com\beust\jcommander\1.82\jcommander-1.82.jar;C:\Users\user\.m2\repository\io\netty\netty-buffer\4.1.87.Final\netty-buffer-4.1.87.Final.jar;C:\Users\user\.m2\repository\io\netty\netty-codec-http\4.1.87.Final\netty-codec-http-4.1.87.Final.jar;C:\Users\user\.m2\repository\io\netty\netty-codec\4.1.87.Final\netty-codec-4.1.87.Final.jar;C:\Users\user\.m2\repository\io\netty\netty-handler\4.1.87.Final\netty-handler-4.1.87.Final.jar;C:\Users\user\.m2\repository\io\netty\netty-common\4.1.87.Final\netty-common-4.1.87.Final.jar;C:\Users\user\.m2\repository\io\netty\netty-transport-classes-epoll\4.1.87.Final\netty-transport-classes-epoll-4.1.87.Final.jar;C:\Users\user\.m2\repository\io\netty\netty-transport-classes-kqueue\4.1.87.Final\netty-transport-classes-kqueue-4.1.87.Final.jar;C:\Users\user\.m2\repository\io\netty\netty-transport-native-epoll\4.1.87.Final\netty-transport-native-epoll-4.1.87.Final.jar;C:\Users\user\.m2\repository\io\netty\netty-transport-native-kqueue\4.1.87.Final\netty-transport-native-kqueue-4.1.87.Final.jar;C:\Users\user\.m2\repository\io\netty\netty-transport-native-unix-common\4.1.87.Final\netty-transport-native-unix-common-4.1.87.Final.jar;C:\Users\user\.m2\repository\io\netty\netty-transport\4.1.87.Final\netty-transport-4.1.87.Final.jar;C:\Users\user\.m2\repository\io\netty\netty-resolver\4.1.87.Final\netty-resolver-4.1.87.Final.jar;C:\Users\user\.m2\repository\io\opentelemetry\opentelemetry-api\1.22.0\opentelemetry-api-1.22.0.jar;C:\Users\user\.m2\repository\io\opentelemetry\opentelemetry-context\1.22.0\opentelemetry-context-1.22.0.jar;C:\Users\user\.m2\repository\io\opentelemetry\opentelemetry-exporter-logging\1.22.0\opentelemetry-exporter-logging-1.22.0.jar;C:\Users\user\.m2\repository\io\opentelemetry\opentelemetry-sdk-metrics\1.22.0\opentelemetry-sdk-metrics-1.22.0.jar;C:\Users\user\.m2\repository\io\opentelemetry\opentelemetry-sdk-logs\1.22.0-alpha\opentelemetry-sdk-logs-1.22.0-alpha.jar;C:\Users\user\.m2\repository\io\opentelemetry\opentelemetry-api-logs\1.22.0-alpha\opentelemetry-api-logs-1.22.0-alpha.jar;C:\Users\user\.m2\repository\io\opentelemetry\opentelemetry-sdk-common\1.22.0\opentelemetry-sdk-common-1.22.0.jar;C:\Users\user\.m2\repository\io\opentelemetry\opentelemetry-sdk-extension-autoconfigure-spi\1.22.0\opentelemetry-sdk-extension-autoconfigure-spi-1.22.0.jar;C:\Users\user\.m2\repository\io\opentelemetry\opentelemetry-sdk-extension-autoconfigure\1.22.0-alpha\opentelemetry-sdk-extension-autoconfigure-1.22.0-alpha.jar;C:\Users\user\.m2\repository\io\opentelemetry\opentelemetry-sdk-trace\1.22.0\opentelemetry-sdk-trace-1.22.0.jar;C:\Users\user\.m2\repository\io\opentelemetry\opentelemetry-sdk\1.22.0\opentelemetry-sdk-1.22.0.jar;C:\Users\user\.m2\repository\io\opentelemetry\opentelemetry-semconv\1.22.0-alpha\opentelemetry-semconv-1.22.0-alpha.jar;C:\Users\user\.m2\repository\io\ous\jtoml\2.0.0\jtoml-2.0.0.jar;C:\Users\user\.m2\repository\org\apache\commons\commons-exec\1.3\commons-exec-1.3.jar;C:\Users\user\.m2\repository\org\asynchttpclient\async-http-client\2.12.3\async-http-client-2.12.3.jar;C:\Users\user\.m2\repository\org\asynchttpclient\async-http-client-netty-utils\2.12.3\async-http-client-netty-utils-2.12.3.jar;C:\Users\user\.m2\repository\io\netty\netty-codec-socks\4.1.60.Final\netty-codec-socks-4.1.60.Final.jar;C:\Users\user\.m2\repository\io\netty\netty-handler-proxy\4.1.60.Final\netty-handler-proxy-4.1.60.Final.jar;C:\Users\user\.m2\repository\io\netty\netty-transport-native-epoll\4.1.60.Final\netty-transport-native-epoll-4.1.60.Final-linux-x86_64.jar;C:\Users\user\.m2\repository\io\netty\netty-transport-native-kqueue\4.1.60.Final\netty-transport-native-kqueue-4.1.60.Final-osx-x86_64.jar;C:\Users\user\.m2\repository\org\reactivestreams\reactive-streams\1.0.3\reactive-streams-1.0.3.jar;C:\Users\user\.m2\repository\com\typesafe\netty\netty-reactive-streams\2.0.4\netty-reactive-streams-2.0.4.jar;C:\Users\user\.m2\repository\org\seleniumhq\selenium\selenium-manager\4.8.1\selenium-manager-4.8.1.jar;C:\Users\user\.m2\repository\org\seleniumhq\selenium\selenium-safari-driver\4.8.1\selenium-safari-driver-4.8.1.jar;C:\Users\user\.m2\repository\org\seleniumhq\selenium\selenium-api\4.8.1\selenium-api-4.8.1.jar;C:\Users\user\.m2\repository\org\seleniumhq\selenium\selenium-support\4.8.1\selenium-support-4.8.1.jar;C:\Users\user\.m2\repository\com\google\auto\service\auto-service-annotations\1.0.1\auto-service-annotations-1.0.1.jar;C:\Users\user\.m2\repository\com\google\auto\service\auto-service\1.0.1\auto-service-1.0.1.jar;C:\Users\user\.m2\repository\com\google\auto\auto-common\1.2\auto-common-1.2.jar;C:\Users\user\.m2\repository\org\seleniumhq\selenium\selenium-json\4.8.1\selenium-json-4.8.1.jar;C:\Users\user\.m2\repository\org\seleniumhq\selenium\selenium-chrome-driver\4.8.1\selenium-chrome-driver-4.8.1.jar;C:\Users\user\.m2\repository\org\seleniumhq\selenium\selenium-chromium-driver\4.8.1\selenium-chromium-driver-4.8.1.jar;C:\Users\user\.m2\repository\org\seleniumhq\selenium\selenium-firefox-driver\4.8.1\selenium-firefox-driver-4.8.1.jar;C:\Users\user\.m2\repository\org\seleniumhq\selenium\selenium-http\4.8.1\selenium-http-4.8.1.jar;C:\Users\user\.m2\repository\dev\failsafe\failsafe\3.3.0\failsafe-3.3.0.jar;C:\Users\user\.m2\repository\org\seleniumhq\selenium\selenium-edge-driver\4.8.1\selenium-edge-driver-4.8.1.jar;C:\Users\user\.m2\repository\org\seleniumhq\selenium\selenium-ie-driver\4.8.1\selenium-ie-driver-4.8.1.jar;C:\Users\user\.m2\repository\org\projectlombok\lombok\1.18.20\lombok-1.18.20.jar;C:\Users\user\.m2\repository\io\appium\java-client\8.3.0\java-client-8.3.0.jar;C:\Users\user\.m2\repository\commons-validator\commons-validator\1.7\commons-validator-1.7.jar;C:\Users\user\.m2\repository\commons-digester\commons-digester\2.1\commons-digester-2.1.jar;C:\Users\user\.m2\repository\net\sf\opencsv\opencsv\2.0\opencsv-2.0.jar;C:\Users\user\.m2\repository\commons-beanutils\commons-beanutils\1.9.4\commons-beanutils-1.9.4.jar;C:\Users\user\.m2\repository\org\apache\commons\commons-lang3\3.12.0\commons-lang3-3.12.0.jar;C:\Users\user\.m2\repository\commons-collections\commons-collections\3.2.2\commons-collections-3.2.2.jar;C:\Users\user\.m2\repository\org\fluentlenium\fluentlenium-core\0.10.2\fluentlenium-core-0.10.2.jar;C:\Users\user\.m2\repository\io\github\bonigarcia\webdrivermanager\5.3.0\webdrivermanager-5.3.0.jar;C:\Users\user\.m2\repository\com\github\docker-java\docker-java\3.2.13\docker-java-3.2.13.jar;C:\Users\user\.m2\repository\com\github\docker-java\docker-java-core\3.2.13\docker-java-core-3.2.13.jar;C:\Users\user\.m2\repository\com\github\docker-java\docker-java-api\3.2.13\docker-java-api-3.2.13.jar;C:\Users\user\.m2\repository\org\apache\commons\commons-compress\1.21\commons-compress-1.21.jar;C:\Users\user\.m2\repository\org\bouncycastle\bcpkix-jdk15on\1.64\bcpkix-jdk15on-1.64.jar;C:\Users\user\.m2\repository\org\bouncycastle\bcprov-jdk15on\1.64\bcprov-jdk15on-1.64.jar;C:\Users\user\.m2\repository\org\slf4j\jcl-over-slf4j\1.7.30\jcl-over-slf4j-1.7.30.jar;C:\Users\user\.m2\repository\com\github\docker-java\docker-java-transport-httpclient5\3.2.13\docker-java-transport-httpclient5-3.2.13.jar;C:\Users\user\.m2\repository\com\github\docker-java\docker-java-transport\3.2.13\docker-java-transport-3.2.13.jar;C:\Users\user\.m2\repository\net\java\dev\jna\jna\5.8.0\jna-5.8.0.jar;C:\Users\user\.m2\repository\org\brotli\dec\0.1.2\dec-0.1.2.jar;C:\Users\user\.m2\repository\org\apache\httpcomponents\client5\httpclient5\5.1.3\httpclient5-5.1.3.jar;C:\Users\user\.m2\repository\org\apache\httpcomponents\core5\httpcore5\5.1.3\httpcore5-5.1.3.jar;C:\Users\user\.m2\repository\org\apache\httpcomponents\core5\httpcore5-h2\5.1.3\httpcore5-h2-5.1.3.jar;C:\Users\user\.m2\repository\com\jhlabs\filters\2.0.235\filters-2.0.235.jar;C:\Users\user\.m2\repository\com\paulhammant\ngwebdriver\1.1.6\ngwebdriver-1.1.6.jar;C:\Users\user\.m2\repository\joda-time\joda-time\2.12.2\joda-time-2.12.2.jar;C:\Users\user\.m2\repository\org\hamcrest\hamcrest\2.2\hamcrest-2.2.jar;C:\Users\user\.m2\repository\com\google\jimfs\jimfs\1.2\jimfs-1.2.jar;C:\Users\user\.m2\repository\org\mockito\mockito-core\3.3.3\mockito-core-3.3.3.jar;C:\Users\user\.m2\repository\javax\xml\bind\jaxb-api\2.3.1\jaxb-api-2.3.1.jar;C:\Users\user\.m2\repository\javax\activation\javax.activation-api\1.2.0\javax.activation-api-1.2.0.jar;C:\Users\user\.m2\repository\com\sun\xml\bind\jaxb-core\2.3.0.1\jaxb-core-2.3.0.1.jar;C:\Users\user\.m2\repository\com\sun\xml\bind\jaxb-impl\2.3.3\jaxb-impl-2.3.3.jar;C:\Users\user\.m2\repository\jakarta\xml\bind\jakarta.xml.bind-api\2.3.3\jakarta.xml.bind-api-2.3.3.jar;C:\Users\user\.m2\repository\com\sun\activation\jakarta.activation\1.2.2\jakarta.activation-1.2.2.jar;C:\Users\user\.m2\repository\javax\activation\activation\1.1.1\activation-1.1.1.jar;C:\Users\user\.m2\repository\net\serenity-bdd\serenity-cucumber\3.6.21\serenity-cucumber-3.6.21.jar;C:\Users\user\.m2\repository\io\cucumber\cucumber-core\7.11.0\cucumber-core-7.11.0.jar;C:\Users\user\.m2\repository\io\cucumber\cucumber-gherkin\7.11.0\cucumber-gherkin-7.11.0.jar;C:\Users\user\.m2\repository\io\cucumber\cucumber-gherkin-messages\7.11.0\cucumber-gherkin-messages-7.11.0.jar;C:\Users\user\.m2\repository\io\cucumber\gherkin\26.0.3\gherkin-26.0.3.jar;C:\Users\user\.m2\repository\io\cucumber\messages\21.0.1\messages-21.0.1.jar;C:\Users\user\.m2\repository\io\cucumber\tag-expressions\5.0.1\tag-expressions-5.0.1.jar;C:\Users\user\.m2\repository\io\cucumber\cucumber-expressions\16.1.1\cucumber-expressions-16.1.1.jar;C:\Users\user\.m2\repository\io\cucumber\datatable\7.11.0\datatable-7.11.0.jar;C:\Users\user\.m2\repository\io\cucumber\cucumber-plugin\7.11.0\cucumber-plugin-7.11.0.jar;C:\Users\user\.m2\repository\io\cucumber\docstring\7.11.0\docstring-7.11.0.jar;C:\Users\user\.m2\repository\io\cucumber\html-formatter\20.2.1\html-formatter-20.2.1.jar;C:\Users\user\.m2\repository\io\cucumber\junit-xml-formatter\0.1.0\junit-xml-formatter-0.1.0.jar;C:\Users\user\.m2\repository\io\cucumber\ci-environment\9.1.0\ci-environment-9.1.0.jar;C:\Users\user\.m2\repository\io\cucumber\cucumber-java\7.11.0\cucumber-java-7.11.0.jar;C:\Users\user\.m2\repository\io\cucumber\cucumber-junit\7.11.0\cucumber-junit-7.11.0.jar;C:\Users\user\.m2\repository\org\apache\commons\commons-csv\1.5\commons-csv-1.5.jar;C:\Users\user\.m2\repository\net\serenity-bdd\serenity-screenplay\3.6.21\serenity-screenplay-3.6.21.jar;C:\Users\user\.m2\repository\net\serenity-bdd\serenity-screenplay-webdriver\3.6.21\serenity-screenplay-webdriver-3.6.21.jar;C:\Users\user\.m2\repository\net\serenity-bdd\serenity-ensure\3.6.21\serenity-ensure-3.6.21.jar;C:\Users\user\.m2\repository\net\serenity-bdd\serenity-junit\3.6.21\serenity-junit-3.6.21.jar;C:\Users\user\.m2\repository\org\jetbrains\kotlin\kotlin-stdlib\1.8.10\kotlin-stdlib-1.8.10.jar;C:\Users\user\.m2\repository\org\jetbrains\kotlin\kotlin-stdlib-common\1.8.10\kotlin-stdlib-common-1.8.10.jar;C:\Users\user\.m2\repository\org\jetbrains\annotations\13.0\annotations-13.0.jar;C:\Users\user\.m2\repository\org\junit\platform\junit-platform-launcher\1.8.2\junit-platform-launcher-1.8.2.jar;C:\Users\user\.m2\repository\org\junit\platform\junit-platform-engine\1.8.2\junit-platform-engine-1.8.2.jar;C:\Users\user\.m2\repository\org\junit\platform\junit-platform-commons\1.8.2\junit-platform-commons-1.8.2.jar;C:\Users\user\.m2\repository\org\apiguardian\apiguardian-api\1.1.2\apiguardian-api-1.1.2.jar;C:\Users\user\.m2\repository\org\junit\jupiter\junit-jupiter-engine\5.8.2\junit-jupiter-engine-5.8.2.jar;C:\Users\user\.m2\repository\org\junit\jupiter\junit-jupiter-api\5.8.2\junit-jupiter-api-5.8.2.jar;C:\Users\user\.m2\repository\org\junit\vintage\junit-vintage-engine\5.8.2\junit-vintage-engine-5.8.2.jar;C:\Users\user\.m2\repository\junit\junit\4.13.2\junit-4.13.2.jar;C:\Users\user\.m2\repository\org\hamcrest\hamcrest-core\1.3\hamcrest-core-1.3.jar;C:\Users\user\.m2\repository\ch\qos\logback\logback-classic\1.2.10\logback-classic-1.2.10.jar;C:\Users\user\.m2\repository\ch\qos\logback\logback-core\1.2.10\logback-core-1.2.10.jar;C:\Users\user\.m2\repository\org\slf4j\slf4j-api\1.7.32\slf4j-api-1.7.32.jar;C:\Users\user\.m2\repository\org\assertj\assertj-core\3.23.1\assertj-core-3.23.1.jar;C:\Users\user\.m2\repository\net\bytebuddy\byte-buddy\1.12.10\byte-buddy-1.12.10.jar;C:\Users\user\.m2\repository\com\googlecode\json-simple\json-simple\1.1.1\json-simple-1.1.1.jar;"/>
    <property name="java.vm.vendor" value="Oracle Corporation"/>
    <property name="sun.arch.data.model" value="64"/>
    <property name="user.variant" value=""/>
    <property name="java.vendor.url" value="https://openjdk.java.net/"/>
    <property name="user.timezone" value="Asia/Bangkok"/>
    <property name="java.vm.specification.version" value="11"/>
    <property name="os.name" value="Windows 10"/>
    <property name="sun.java.launcher" value="SUN_STANDARD"/>
    <property name="user.country" value="ID"/>
    <property name="sun.boot.library.path" value="C:\Program Files\Java\jdk-11.0.15.1\bin"/>
    <property name="sun.java.command" value="org.apache.maven.surefire.booter.ForkedBooter C:\Users\user\AppData\Local\Temp\surefire12719599648373431925 2023-05-07T10-11-52_909-jvmRun1 surefire1057868861478282827tmp surefire_03610824156578451916tmp"/>
    <property name="jdk.debug" value="release"/>
    <property name="surefire.test.class.path" value="D:\WebMinpro\code\minpro\target\test-classes;C:\Users\user\.m2\repository\net\serenity-bdd\serenity-rest-assured\3.6.22\serenity-rest-assured-3.6.22.jar;C:\Users\user\.m2\repository\org\apache\httpcomponents\httpclient\4.5.13\httpclient-4.5.13.jar;C:\Users\user\.m2\repository\org\apache\httpcomponents\httpcore\4.4.13\httpcore-4.4.13.jar;C:\Users\user\.m2\repository\commons-logging\commons-logging\1.2\commons-logging-1.2.jar;C:\Users\user\.m2\repository\io\rest-assured\rest-assured\5.3.0\rest-assured-5.3.0.jar;C:\Users\user\.m2\repository\org\apache\httpcomponents\httpmime\4.5.13\httpmime-4.5.13.jar;C:\Users\user\.m2\repository\org\ccil\cowan\tagsoup\tagsoup\1.2.1\tagsoup-1.2.1.jar;C:\Users\user\.m2\repository\io\rest-assured\json-path\5.3.0\json-path-5.3.0.jar;C:\Users\user\.m2\repository\io\rest-assured\rest-assured-common\5.3.0\rest-assured-common-5.3.0.jar;C:\Users\user\.m2\repository\io\rest-assured\xml-path\5.3.0\xml-path-5.3.0.jar;C:\Users\user\.m2\repository\org\apache\groovy\groovy-json\4.0.10\groovy-json-4.0.10.jar;C:\Users\user\.m2\repository\org\apache\groovy\groovy-xml\4.0.10\groovy-xml-4.0.10.jar;C:\Users\user\.m2\repository\org\apache\groovy\groovy\4.0.10\groovy-4.0.10.jar;C:\Users\user\.m2\repository\org\opentest4j\opentest4j\1.2.0\opentest4j-1.2.0.jar;C:\Users\user\.m2\repository\net\serenity-bdd\serenity-core\3.6.21\serenity-core-3.6.21.jar;C:\Users\user\.m2\repository\net\serenity-bdd\serenity-model\3.6.21\serenity-model-3.6.21.jar;C:\Users\user\.m2\repository\org\apache\commons\commons-text\1.10.0\commons-text-1.10.0.jar;C:\Users\user\.m2\repository\commons-net\commons-net\3.9.0\commons-net-3.9.0.jar;C:\Users\user\.m2\repository\com\google\guava\guava\31.1-jre\guava-31.1-jre.jar;C:\Users\user\.m2\repository\com\google\guava\failureaccess\1.0.1\failureaccess-1.0.1.jar;C:\Users\user\.m2\repository\com\google\guava\listenablefuture\9999.0-empty-to-avoid-conflict-with-guava\listenablefuture-9999.0-empty-to-avoid-conflict-with-guava.jar;C:\Users\user\.m2\repository\com\google\code\findbugs\jsr305\3.0.2\jsr305-3.0.2.jar;C:\Users\user\.m2\repository\org\checkerframework\checker-qual\3.12.0\checker-qual-3.12.0.jar;C:\Users\user\.m2\repository\com\google\errorprone\error_prone_annotations\2.11.0\error_prone_annotations-2.11.0.jar;C:\Users\user\.m2\repository\com\google\j2objc\j2objc-annotations\1.3\j2objc-annotations-1.3.jar;C:\Users\user\.m2\repository\com\google\inject\guice\5.1.0\guice-5.1.0.jar;C:\Users\user\.m2\repository\javax\inject\javax.inject\1\javax.inject-1.jar;C:\Users\user\.m2\repository\aopalliance\aopalliance\1.0\aopalliance-1.0.jar;C:\Users\user\.m2\repository\org\jsoup\jsoup\1.14.3\jsoup-1.14.3.jar;C:\Users\user\.m2\repository\com\thoughtworks\xstream\xstream\1.4.20\xstream-1.4.20.jar;C:\Users\user\.m2\repository\io\github\x-stream\mxparser\1.2.2\mxparser-1.2.2.jar;C:\Users\user\.m2\repository\xmlpull\xmlpull\1.1.3.1\xmlpull-1.1.3.1.jar;C:\Users\user\.m2\repository\com\typesafe\config\1.4.2\config-1.4.2.jar;C:\Users\user\.m2\repository\org\imgscalr\imgscalr-lib\4.2\imgscalr-lib-4.2.jar;C:\Users\user\.m2\repository\org\awaitility\awaitility\4.2.0\awaitility-4.2.0.jar;C:\Users\user\.m2\repository\org\freemarker\freemarker\2.3.31\freemarker-2.3.31.jar;C:\Users\user\.m2\repository\io\github\classgraph\classgraph\4.8.138\classgraph-4.8.138.jar;C:\Users\user\.m2\repository\net\sourceforge\jexcelapi\jxl\2.6.12\jxl-2.6.12.jar;C:\Users\user\.m2\repository\net\bytebuddy\byte-buddy-agent\1.14.2\byte-buddy-agent-1.14.2.jar;C:\Users\user\.m2\repository\org\objenesis\objenesis\3.3\objenesis-3.3.jar;C:\Users\user\.m2\repository\net\serenity-bdd\serenity-reports\3.6.21\serenity-reports-3.6.21.jar;C:\Users\user\.m2\repository\net\serenity-bdd\serenity-stats\3.6.21\serenity-stats-3.6.21.jar;C:\Users\user\.m2\repository\net\serenity-bdd\serenity-reports-configuration\3.6.21\serenity-reports-configuration-3.6.21.jar;C:\Users\user\.m2\repository\com\vladsch\flexmark\flexmark-all\0.62.2\flexmark-all-0.62.2.jar;C:\Users\user\.m2\repository\com\vladsch\flexmark\flexmark\0.62.2\flexmark-0.62.2.jar;C:\Users\user\.m2\repository\com\vladsch\flexmark\flexmark-ext-abbreviation\0.62.2\flexmark-ext-abbreviation-0.62.2.jar;C:\Users\user\.m2\repository\com\vladsch\flexmark\flexmark-util\0.62.2\flexmark-util-0.62.2.jar;C:\Users\user\.m2\repository\com\vladsch\flexmark\flexmark-ext-admonition\0.62.2\flexmark-ext-admonition-0.62.2.jar;C:\Users\user\.m2\repository\com\vladsch\flexmark\flexmark-ext-anchorlink\0.62.2\flexmark-ext-anchorlink-0.62.2.jar;C:\Users\user\.m2\repository\com\vladsch\flexmark\flexmark-ext-aside\0.62.2\flexmark-ext-aside-0.62.2.jar;C:\Users\user\.m2\repository\com\vladsch\flexmark\flexmark-ext-attributes\0.62.2\flexmark-ext-attributes-0.62.2.jar;C:\Users\user\.m2\repository\com\vladsch\flexmark\flexmark-ext-autolink\0.62.2\flexmark-ext-autolink-0.62.2.jar;C:\Users\user\.m2\repository\org\nibor\autolink\autolink\0.6.0\autolink-0.6.0.jar;C:\Users\user\.m2\repository\com\vladsch\flexmark\flexmark-ext-definition\0.62.2\flexmark-ext-definition-0.62.2.jar;C:\Users\user\.m2\repository\com\vladsch\flexmark\flexmark-ext-emoji\0.62.2\flexmark-ext-emoji-0.62.2.jar;C:\Users\user\.m2\repository\com\vladsch\flexmark\flexmark-ext-enumerated-reference\0.62.2\flexmark-ext-enumerated-reference-0.62.2.jar;C:\Users\user\.m2\repository\com\vladsch\flexmark\flexmark-ext-escaped-character\0.62.2\flexmark-ext-escaped-character-0.62.2.jar;C:\Users\user\.m2\repository\com\vladsch\flexmark\flexmark-ext-footnotes\0.62.2\flexmark-ext-footnotes-0.62.2.jar;C:\Users\user\.m2\repository\com\vladsch\flexmark\flexmark-ext-gfm-issues\0.62.2\flexmark-ext-gfm-issues-0.62.2.jar;C:\Users\user\.m2\repository\com\vladsch\flexmark\flexmark-ext-gfm-strikethrough\0.62.2\flexmark-ext-gfm-strikethrough-0.62.2.jar;C:\Users\user\.m2\repository\com\vladsch\flexmark\flexmark-ext-gfm-tasklist\0.62.2\flexmark-ext-gfm-tasklist-0.62.2.jar;C:\Users\user\.m2\repository\com\vladsch\flexmark\flexmark-ext-gfm-users\0.62.2\flexmark-ext-gfm-users-0.62.2.jar;C:\Users\user\.m2\repository\com\vladsch\flexmark\flexmark-ext-gitlab\0.62.2\flexmark-ext-gitlab-0.62.2.jar;C:\Users\user\.m2\repository\com\vladsch\flexmark\flexmark-ext-jekyll-front-matter\0.62.2\flexmark-ext-jekyll-front-matter-0.62.2.jar;C:\Users\user\.m2\repository\com\vladsch\flexmark\flexmark-ext-jekyll-tag\0.62.2\flexmark-ext-jekyll-tag-0.62.2.jar;C:\Users\user\.m2\repository\com\vladsch\flexmark\flexmark-ext-media-tags\0.62.2\flexmark-ext-media-tags-0.62.2.jar;C:\Users\user\.m2\repository\com\vladsch\flexmark\flexmark-ext-macros\0.62.2\flexmark-ext-macros-0.62.2.jar;C:\Users\user\.m2\repository\com\vladsch\flexmark\flexmark-ext-ins\0.62.2\flexmark-ext-ins-0.62.2.jar;C:\Users\user\.m2\repository\com\vladsch\flexmark\flexmark-ext-xwiki-macros\0.62.2\flexmark-ext-xwiki-macros-0.62.2.jar;C:\Users\user\.m2\repository\com\vladsch\flexmark\flexmark-ext-superscript\0.62.2\flexmark-ext-superscript-0.62.2.jar;C:\Users\user\.m2\repository\com\vladsch\flexmark\flexmark-ext-tables\0.62.2\flexmark-ext-tables-0.62.2.jar;C:\Users\user\.m2\repository\com\vladsch\flexmark\flexmark-ext-toc\0.62.2\flexmark-ext-toc-0.62.2.jar;C:\Users\user\.m2\repository\com\vladsch\flexmark\flexmark-ext-typographic\0.62.2\flexmark-ext-typographic-0.62.2.jar;C:\Users\user\.m2\repository\com\vladsch\flexmark\flexmark-ext-wikilink\0.62.2\flexmark-ext-wikilink-0.62.2.jar;C:\Users\user\.m2\repository\com\vladsch\flexmark\flexmark-ext-yaml-front-matter\0.62.2\flexmark-ext-yaml-front-matter-0.62.2.jar;C:\Users\user\.m2\repository\com\vladsch\flexmark\flexmark-ext-youtube-embedded\0.62.2\flexmark-ext-youtube-embedded-0.62.2.jar;C:\Users\user\.m2\repository\com\vladsch\flexmark\flexmark-html2md-converter\0.62.2\flexmark-html2md-converter-0.62.2.jar;C:\Users\user\.m2\repository\com\vladsch\flexmark\flexmark-jira-converter\0.62.2\flexmark-jira-converter-0.62.2.jar;C:\Users\user\.m2\repository\com\vladsch\flexmark\flexmark-pdf-converter\0.62.2\flexmark-pdf-converter-0.62.2.jar;C:\Users\user\.m2\repository\com\openhtmltopdf\openhtmltopdf-core\1.0.0\openhtmltopdf-core-1.0.0.jar;C:\Users\user\.m2\repository\com\openhtmltopdf\openhtmltopdf-pdfbox\1.0.0\openhtmltopdf-pdfbox-1.0.0.jar;C:\Users\user\.m2\repository\org\apache\pdfbox\pdfbox\2.0.16\pdfbox-2.0.16.jar;C:\Users\user\.m2\repository\org\apache\pdfbox\fontbox\2.0.16\fontbox-2.0.16.jar;C:\Users\user\.m2\repository\org\apache\pdfbox\xmpbox\2.0.16\xmpbox-2.0.16.jar;C:\Users\user\.m2\repository\de\rototor\pdfbox\graphics2d\0.24\graphics2d-0.24.jar;C:\Users\user\.m2\repository\com\openhtmltopdf\openhtmltopdf-rtl-support\1.0.0\openhtmltopdf-rtl-support-1.0.0.jar;C:\Users\user\.m2\repository\com\openhtmltopdf\openhtmltopdf-jsoup-dom-converter\1.0.0\openhtmltopdf-jsoup-dom-converter-1.0.0.jar;C:\Users\user\.m2\repository\com\vladsch\flexmark\flexmark-profile-pegdown\0.62.2\flexmark-profile-pegdown-0.62.2.jar;C:\Users\user\.m2\repository\com\vladsch\flexmark\flexmark-util-ast\0.62.2\flexmark-util-ast-0.62.2.jar;C:\Users\user\.m2\repository\com\vladsch\flexmark\flexmark-util-builder\0.62.2\flexmark-util-builder-0.62.2.jar;C:\Users\user\.m2\repository\com\vladsch\flexmark\flexmark-util-collection\0.62.2\flexmark-util-collection-0.62.2.jar;C:\Users\user\.m2\repository\com\vladsch\flexmark\flexmark-util-data\0.62.2\flexmark-util-data-0.62.2.jar;C:\Users\user\.m2\repository\com\vladsch\flexmark\flexmark-util-dependency\0.62.2\flexmark-util-dependency-0.62.2.jar;C:\Users\user\.m2\repository\com\vladsch\flexmark\flexmark-util-format\0.62.2\flexmark-util-format-0.62.2.jar;C:\Users\user\.m2\repository\com\vladsch\flexmark\flexmark-util-html\0.62.2\flexmark-util-html-0.62.2.jar;C:\Users\user\.m2\repository\com\vladsch\flexmark\flexmark-util-misc\0.62.2\flexmark-util-misc-0.62.2.jar;C:\Users\user\.m2\repository\com\vladsch\flexmark\flexmark-util-options\0.62.2\flexmark-util-options-0.62.2.jar;C:\Users\user\.m2\repository\com\vladsch\flexmark\flexmark-util-sequence\0.62.2\flexmark-util-sequence-0.62.2.jar;C:\Users\user\.m2\repository\com\vladsch\flexmark\flexmark-util-visitor\0.62.2\flexmark-util-visitor-0.62.2.jar;C:\Users\user\.m2\repository\com\vladsch\flexmark\flexmark-youtrack-converter\0.62.2\flexmark-youtrack-converter-0.62.2.jar;C:\Users\user\.m2\repository\com\ibm\icu\icu4j\72.1\icu4j-72.1.jar;C:\Users\user\.m2\repository\es\nitaur\markdown\txtmark\0.16\txtmark-0.16.jar;C:\Users\user\.m2\repository\net\serenity-bdd\serenity-report-resources\3.6.21\serenity-report-resources-3.6.21.jar;C:\Users\user\.m2\repository\com\google\code\gson\gson\2.10.1\gson-2.10.1.jar;C:\Users\user\.m2\repository\com\fasterxml\jackson\core\jackson-core\2.15.0-rc1\jackson-core-2.15.0-rc1.jar;C:\Users\user\.m2\repository\com\fasterxml\jackson\core\jackson-databind\2.15.0-rc1\jackson-databind-2.15.0-rc1.jar;C:\Users\user\.m2\repository\com\fasterxml\jackson\core\jackson-annotations\2.15.0-rc1\jackson-annotations-2.15.0-rc1.jar;C:\Users\user\.m2\repository\commons-codec\commons-codec\1.15\commons-codec-1.15.jar;C:\Users\user\.m2\repository\commons-io\commons-io\2.11.0\commons-io-2.11.0.jar;C:\Users\user\.m2\repository\org\seleniumhq\selenium\selenium-java\4.8.1\selenium-java-4.8.1.jar;C:\Users\user\.m2\repository\org\seleniumhq\selenium\selenium-devtools-v108\4.8.1\selenium-devtools-v108-4.8.1.jar;C:\Users\user\.m2\repository\org\seleniumhq\selenium\selenium-devtools-v109\4.8.1\selenium-devtools-v109-4.8.1.jar;C:\Users\user\.m2\repository\org\seleniumhq\selenium\selenium-devtools-v110\4.8.1\selenium-devtools-v110-4.8.1.jar;C:\Users\user\.m2\repository\org\seleniumhq\selenium\selenium-devtools-v85\4.8.1\selenium-devtools-v85-4.8.1.jar;C:\Users\user\.m2\repository\org\seleniumhq\selenium\selenium-remote-driver\4.8.1\selenium-remote-driver-4.8.1.jar;C:\Users\user\.m2\repository\com\beust\jcommander\1.82\jcommander-1.82.jar;C:\Users\user\.m2\repository\io\netty\netty-buffer\4.1.87.Final\netty-buffer-4.1.87.Final.jar;C:\Users\user\.m2\repository\io\netty\netty-codec-http\4.1.87.Final\netty-codec-http-4.1.87.Final.jar;C:\Users\user\.m2\repository\io\netty\netty-codec\4.1.87.Final\netty-codec-4.1.87.Final.jar;C:\Users\user\.m2\repository\io\netty\netty-handler\4.1.87.Final\netty-handler-4.1.87.Final.jar;C:\Users\user\.m2\repository\io\netty\netty-common\4.1.87.Final\netty-common-4.1.87.Final.jar;C:\Users\user\.m2\repository\io\netty\netty-transport-classes-epoll\4.1.87.Final\netty-transport-classes-epoll-4.1.87.Final.jar;C:\Users\user\.m2\repository\io\netty\netty-transport-classes-kqueue\4.1.87.Final\netty-transport-classes-kqueue-4.1.87.Final.jar;C:\Users\user\.m2\repository\io\netty\netty-transport-native-epoll\4.1.87.Final\netty-transport-native-epoll-4.1.87.Final.jar;C:\Users\user\.m2\repository\io\netty\netty-transport-native-kqueue\4.1.87.Final\netty-transport-native-kqueue-4.1.87.Final.jar;C:\Users\user\.m2\repository\io\netty\netty-transport-native-unix-common\4.1.87.Final\netty-transport-native-unix-common-4.1.87.Final.jar;C:\Users\user\.m2\repository\io\netty\netty-transport\4.1.87.Final\netty-transport-4.1.87.Final.jar;C:\Users\user\.m2\repository\io\netty\netty-resolver\4.1.87.Final\netty-resolver-4.1.87.Final.jar;C:\Users\user\.m2\repository\io\opentelemetry\opentelemetry-api\1.22.0\opentelemetry-api-1.22.0.jar;C:\Users\user\.m2\repository\io\opentelemetry\opentelemetry-context\1.22.0\opentelemetry-context-1.22.0.jar;C:\Users\user\.m2\repository\io\opentelemetry\opentelemetry-exporter-logging\1.22.0\opentelemetry-exporter-logging-1.22.0.jar;C:\Users\user\.m2\repository\io\opentelemetry\opentelemetry-sdk-metrics\1.22.0\opentelemetry-sdk-metrics-1.22.0.jar;C:\Users\user\.m2\repository\io\opentelemetry\opentelemetry-sdk-logs\1.22.0-alpha\opentelemetry-sdk-logs-1.22.0-alpha.jar;C:\Users\user\.m2\repository\io\opentelemetry\opentelemetry-api-logs\1.22.0-alpha\opentelemetry-api-logs-1.22.0-alpha.jar;C:\Users\user\.m2\repository\io\opentelemetry\opentelemetry-sdk-common\1.22.0\opentelemetry-sdk-common-1.22.0.jar;C:\Users\user\.m2\repository\io\opentelemetry\opentelemetry-sdk-extension-autoconfigure-spi\1.22.0\opentelemetry-sdk-extension-autoconfigure-spi-1.22.0.jar;C:\Users\user\.m2\repository\io\opentelemetry\opentelemetry-sdk-extension-autoconfigure\1.22.0-alpha\opentelemetry-sdk-extension-autoconfigure-1.22.0-alpha.jar;C:\Users\user\.m2\repository\io\opentelemetry\opentelemetry-sdk-trace\1.22.0\opentelemetry-sdk-trace-1.22.0.jar;C:\Users\user\.m2\repository\io\opentelemetry\opentelemetry-sdk\1.22.0\opentelemetry-sdk-1.22.0.jar;C:\Users\user\.m2\repository\io\opentelemetry\opentelemetry-semconv\1.22.0-alpha\opentelemetry-semconv-1.22.0-alpha.jar;C:\Users\user\.m2\repository\io\ous\jtoml\2.0.0\jtoml-2.0.0.jar;C:\Users\user\.m2\repository\org\apache\commons\commons-exec\1.3\commons-exec-1.3.jar;C:\Users\user\.m2\repository\org\asynchttpclient\async-http-client\2.12.3\async-http-client-2.12.3.jar;C:\Users\user\.m2\repository\org\asynchttpclient\async-http-client-netty-utils\2.12.3\async-http-client-netty-utils-2.12.3.jar;C:\Users\user\.m2\repository\io\netty\netty-codec-socks\4.1.60.Final\netty-codec-socks-4.1.60.Final.jar;C:\Users\user\.m2\repository\io\netty\netty-handler-proxy\4.1.60.Final\netty-handler-proxy-4.1.60.Final.jar;C:\Users\user\.m2\repository\io\netty\netty-transport-native-epoll\4.1.60.Final\netty-transport-native-epoll-4.1.60.Final-linux-x86_64.jar;C:\Users\user\.m2\repository\io\netty\netty-transport-native-kqueue\4.1.60.Final\netty-transport-native-kqueue-4.1.60.Final-osx-x86_64.jar;C:\Users\user\.m2\repository\org\reactivestreams\reactive-streams\1.0.3\reactive-streams-1.0.3.jar;C:\Users\user\.m2\repository\com\typesafe\netty\netty-reactive-streams\2.0.4\netty-reactive-streams-2.0.4.jar;C:\Users\user\.m2\repository\org\seleniumhq\selenium\selenium-manager\4.8.1\selenium-manager-4.8.1.jar;C:\Users\user\.m2\repository\org\seleniumhq\selenium\selenium-safari-driver\4.8.1\selenium-safari-driver-4.8.1.jar;C:\Users\user\.m2\repository\org\seleniumhq\selenium\selenium-api\4.8.1\selenium-api-4.8.1.jar;C:\Users\user\.m2\repository\org\seleniumhq\selenium\selenium-support\4.8.1\selenium-support-4.8.1.jar;C:\Users\user\.m2\repository\com\google\auto\service\auto-service-annotations\1.0.1\auto-service-annotations-1.0.1.jar;C:\Users\user\.m2\repository\com\google\auto\service\auto-service\1.0.1\auto-service-1.0.1.jar;C:\Users\user\.m2\repository\com\google\auto\auto-common\1.2\auto-common-1.2.jar;C:\Users\user\.m2\repository\org\seleniumhq\selenium\selenium-json\4.8.1\selenium-json-4.8.1.jar;C:\Users\user\.m2\repository\org\seleniumhq\selenium\selenium-chrome-driver\4.8.1\selenium-chrome-driver-4.8.1.jar;C:\Users\user\.m2\repository\org\seleniumhq\selenium\selenium-chromium-driver\4.8.1\selenium-chromium-driver-4.8.1.jar;C:\Users\user\.m2\repository\org\seleniumhq\selenium\selenium-firefox-driver\4.8.1\selenium-firefox-driver-4.8.1.jar;C:\Users\user\.m2\repository\org\seleniumhq\selenium\selenium-http\4.8.1\selenium-http-4.8.1.jar;C:\Users\user\.m2\repository\dev\failsafe\failsafe\3.3.0\failsafe-3.3.0.jar;C:\Users\user\.m2\repository\org\seleniumhq\selenium\selenium-edge-driver\4.8.1\selenium-edge-driver-4.8.1.jar;C:\Users\user\.m2\repository\org\seleniumhq\selenium\selenium-ie-driver\4.8.1\selenium-ie-driver-4.8.1.jar;C:\Users\user\.m2\repository\org\projectlombok\lombok\1.18.20\lombok-1.18.20.jar;C:\Users\user\.m2\repository\io\appium\java-client\8.3.0\java-client-8.3.0.jar;C:\Users\user\.m2\repository\commons-validator\commons-validator\1.7\commons-validator-1.7.jar;C:\Users\user\.m2\repository\commons-digester\commons-digester\2.1\commons-digester-2.1.jar;C:\Users\user\.m2\repository\net\sf\opencsv\opencsv\2.0\opencsv-2.0.jar;C:\Users\user\.m2\repository\commons-beanutils\commons-beanutils\1.9.4\commons-beanutils-1.9.4.jar;C:\Users\user\.m2\repository\org\apache\commons\commons-lang3\3.12.0\commons-lang3-3.12.0.jar;C:\Users\user\.m2\repository\commons-collections\commons-collections\3.2.2\commons-collections-3.2.2.jar;C:\Users\user\.m2\repository\org\fluentlenium\fluentlenium-core\0.10.2\fluentlenium-core-0.10.2.jar;C:\Users\user\.m2\repository\io\github\bonigarcia\webdrivermanager\5.3.0\webdrivermanager-5.3.0.jar;C:\Users\user\.m2\repository\com\github\docker-java\docker-java\3.2.13\docker-java-3.2.13.jar;C:\Users\user\.m2\repository\com\github\docker-java\docker-java-core\3.2.13\docker-java-core-3.2.13.jar;C:\Users\user\.m2\repository\com\github\docker-java\docker-java-api\3.2.13\docker-java-api-3.2.13.jar;C:\Users\user\.m2\repository\org\apache\commons\commons-compress\1.21\commons-compress-1.21.jar;C:\Users\user\.m2\repository\org\bouncycastle\bcpkix-jdk15on\1.64\bcpkix-jdk15on-1.64.jar;C:\Users\user\.m2\repository\org\bouncycastle\bcprov-jdk15on\1.64\bcprov-jdk15on-1.64.jar;C:\Users\user\.m2\repository\org\slf4j\jcl-over-slf4j\1.7.30\jcl-over-slf4j-1.7.30.jar;C:\Users\user\.m2\repository\com\github\docker-java\docker-java-transport-httpclient5\3.2.13\docker-java-transport-httpclient5-3.2.13.jar;C:\Users\user\.m2\repository\com\github\docker-java\docker-java-transport\3.2.13\docker-java-transport-3.2.13.jar;C:\Users\user\.m2\repository\net\java\dev\jna\jna\5.8.0\jna-5.8.0.jar;C:\Users\user\.m2\repository\org\brotli\dec\0.1.2\dec-0.1.2.jar;C:\Users\user\.m2\repository\org\apache\httpcomponents\client5\httpclient5\5.1.3\httpclient5-5.1.3.jar;C:\Users\user\.m2\repository\org\apache\httpcomponents\core5\httpcore5\5.1.3\httpcore5-5.1.3.jar;C:\Users\user\.m2\repository\org\apache\httpcomponents\core5\httpcore5-h2\5.1.3\httpcore5-h2-5.1.3.jar;C:\Users\user\.m2\repository\com\jhlabs\filters\2.0.235\filters-2.0.235.jar;C:\Users\user\.m2\repository\com\paulhammant\ngwebdriver\1.1.6\ngwebdriver-1.1.6.jar;C:\Users\user\.m2\repository\joda-time\joda-time\2.12.2\joda-time-2.12.2.jar;C:\Users\user\.m2\repository\org\hamcrest\hamcrest\2.2\hamcrest-2.2.jar;C:\Users\user\.m2\repository\com\google\jimfs\jimfs\1.2\jimfs-1.2.jar;C:\Users\user\.m2\repository\org\mockito\mockito-core\3.3.3\mockito-core-3.3.3.jar;C:\Users\user\.m2\repository\javax\xml\bind\jaxb-api\2.3.1\jaxb-api-2.3.1.jar;C:\Users\user\.m2\repository\javax\activation\javax.activation-api\1.2.0\javax.activation-api-1.2.0.jar;C:\Users\user\.m2\repository\com\sun\xml\bind\jaxb-core\2.3.0.1\jaxb-core-2.3.0.1.jar;C:\Users\user\.m2\repository\com\sun\xml\bind\jaxb-impl\2.3.3\jaxb-impl-2.3.3.jar;C:\Users\user\.m2\repository\jakarta\xml\bind\jakarta.xml.bind-api\2.3.3\jakarta.xml.bind-api-2.3.3.jar;C:\Users\user\.m2\repository\com\sun\activation\jakarta.activation\1.2.2\jakarta.activation-1.2.2.jar;C:\Users\user\.m2\repository\javax\activation\activation\1.1.1\activation-1.1.1.jar;C:\Users\user\.m2\repository\net\serenity-bdd\serenity-cucumber\3.6.21\serenity-cucumber-3.6.21.jar;C:\Users\user\.m2\repository\io\cucumber\cucumber-core\7.11.0\cucumber-core-7.11.0.jar;C:\Users\user\.m2\repository\io\cucumber\cucumber-gherkin\7.11.0\cucumber-gherkin-7.11.0.jar;C:\Users\user\.m2\repository\io\cucumber\cucumber-gherkin-messages\7.11.0\cucumber-gherkin-messages-7.11.0.jar;C:\Users\user\.m2\repository\io\cucumber\gherkin\26.0.3\gherkin-26.0.3.jar;C:\Users\user\.m2\repository\io\cucumber\messages\21.0.1\messages-21.0.1.jar;C:\Users\user\.m2\repository\io\cucumber\tag-expressions\5.0.1\tag-expressions-5.0.1.jar;C:\Users\user\.m2\repository\io\cucumber\cucumber-expressions\16.1.1\cucumber-expressions-16.1.1.jar;C:\Users\user\.m2\repository\io\cucumber\datatable\7.11.0\datatable-7.11.0.jar;C:\Users\user\.m2\repository\io\cucumber\cucumber-plugin\7.11.0\cucumber-plugin-7.11.0.jar;C:\Users\user\.m2\repository\io\cucumber\docstring\7.11.0\docstring-7.11.0.jar;C:\Users\user\.m2\repository\io\cucumber\html-formatter\20.2.1\html-formatter-20.2.1.jar;C:\Users\user\.m2\repository\io\cucumber\junit-xml-formatter\0.1.0\junit-xml-formatter-0.1.0.jar;C:\Users\user\.m2\repository\io\cucumber\ci-environment\9.1.0\ci-environment-9.1.0.jar;C:\Users\user\.m2\repository\io\cucumber\cucumber-java\7.11.0\cucumber-java-7.11.0.jar;C:\Users\user\.m2\repository\io\cucumber\cucumber-junit\7.11.0\cucumber-junit-7.11.0.jar;C:\Users\user\.m2\repository\org\apache\commons\commons-csv\1.5\commons-csv-1.5.jar;C:\Users\user\.m2\repository\net\serenity-bdd\serenity-screenplay\3.6.21\serenity-screenplay-3.6.21.jar;C:\Users\user\.m2\repository\net\serenity-bdd\serenity-screenplay-webdriver\3.6.21\serenity-screenplay-webdriver-3.6.21.jar;C:\Users\user\.m2\repository\net\serenity-bdd\serenity-ensure\3.6.21\serenity-ensure-3.6.21.jar;C:\Users\user\.m2\repository\net\serenity-bdd\serenity-junit\3.6.21\serenity-junit-3.6.21.jar;C:\Users\user\.m2\repository\org\jetbrains\kotlin\kotlin-stdlib\1.8.10\kotlin-stdlib-1.8.10.jar;C:\Users\user\.m2\repository\org\jetbrains\kotlin\kotlin-stdlib-common\1.8.10\kotlin-stdlib-common-1.8.10.jar;C:\Users\user\.m2\repository\org\jetbrains\annotations\13.0\annotations-13.0.jar;C:\Users\user\.m2\repository\org\junit\platform\junit-platform-launcher\1.8.2\junit-platform-launcher-1.8.2.jar;C:\Users\user\.m2\repository\org\junit\platform\junit-platform-engine\1.8.2\junit-platform-engine-1.8.2.jar;C:\Users\user\.m2\repository\org\junit\platform\junit-platform-commons\1.8.2\junit-platform-commons-1.8.2.jar;C:\Users\user\.m2\repository\org\apiguardian\apiguardian-api\1.1.2\apiguardian-api-1.1.2.jar;C:\Users\user\.m2\repository\org\junit\jupiter\junit-jupiter-engine\5.8.2\junit-jupiter-engine-5.8.2.jar;C:\Users\user\.m2\repository\org\junit\jupiter\junit-jupiter-api\5.8.2\junit-jupiter-api-5.8.2.jar;C:\Users\user\.m2\repository\org\junit\vintage\junit-vintage-engine\5.8.2\junit-vintage-engine-5.8.2.jar;C:\Users\user\.m2\repository\junit\junit\4.13.2\junit-4.13.2.jar;C:\Users\user\.m2\repository\org\hamcrest\hamcrest-core\1.3\hamcrest-core-1.3.jar;C:\Users\user\.m2\repository\ch\qos\logback\logback-classic\1.2.10\logback-classic-1.2.10.jar;C:\Users\user\.m2\repository\ch\qos\logback\logback-core\1.2.10\logback-core-1.2.10.jar;C:\Users\user\.m2\repository\org\slf4j\slf4j-api\1.7.32\slf4j-api-1.7.32.jar;C:\Users\user\.m2\repository\org\assertj\assertj-core\3.23.1\assertj-core-3.23.1.jar;C:\Users\user\.m2\repository\net\bytebuddy\byte-buddy\1.12.10\byte-buddy-1.12.10.jar;C:\Users\user\.m2\repository\com\googlecode\json-simple\json-simple\1.1.1\json-simple-1.1.1.jar;"/>
    <property name="sun.cpu.endian" value="little"/>
    <property name="user.home" value="C:\Users\user"/>
    <property name="user.language" value="en"/>
    <property name="java.specification.vendor" value="Oracle Corporation"/>
    <property name="jdk.module.path" value="D:\WebMinpro\code\minpro\target\alta-1.0-SNAPSHOT.jar"/>
    <property name="java.version.date" value="2022-04-22"/>
    <property name="java.home" value="C:\Program Files\Java\jdk-11.0.15.1"/>
    <property name="file.separator" value="\"/>
    <property name="basedir" value="D:\WebMinpro\code\minpro"/>
    <property name="java.vm.compressedOopsMode" value="Zero based"/>
    <property name="line.separator" value="&#10;"/>
    <property name="java.specification.name" value="Java Platform API Specification"/>
    <property name="java.vm.specification.vendor" value="Oracle Corporation"/>
    <property name="java.awt.graphicsenv" value="sun.awt.Win32GraphicsEnvironment"/>
    <property name="surefire.real.class.path" value="C:\Users\user\.m2\repository\org\apache\maven\surefire\surefire-booter\3.0.0-M5\surefire-booter-3.0.0-M5.jar;C:\Users\user\.m2\repository\org\apache\maven\surefire\surefire-api\3.0.0-M5\surefire-api-3.0.0-M5.jar;C:\Users\user\.m2\repository\org\apache\maven\surefire\surefire-logger-api\3.0.0-M5\surefire-logger-api-3.0.0-M5.jar;C:\Users\user\.m2\repository\org\apache\maven\surefire\surefire-shared-utils\3.0.0-M4\surefire-shared-utils-3.0.0-M4.jar;C:\Users\user\.m2\repository\org\apache\maven\surefire\surefire-extensions-spi\3.0.0-M5\surefire-extensions-spi-3.0.0-M5.jar;D:\WebMinpro\code\minpro\target\test-classes;C:\Users\user\.m2\repository\net\serenity-bdd\serenity-rest-assured\3.6.22\serenity-rest-assured-3.6.22.jar;C:\Users\user\.m2\repository\org\apache\httpcomponents\httpclient\4.5.13\httpclient-4.5.13.jar;C:\Users\user\.m2\repository\org\apache\httpcomponents\httpcore\4.4.13\httpcore-4.4.13.jar;C:\Users\user\.m2\repository\commons-logging\commons-logging\1.2\commons-logging-1.2.jar;C:\Users\user\.m2\repository\io\rest-assured\rest-assured\5.3.0\rest-assured-5.3.0.jar;C:\Users\user\.m2\repository\org\apache\httpcomponents\httpmime\4.5.13\httpmime-4.5.13.jar;C:\Users\user\.m2\repository\org\ccil\cowan\tagsoup\tagsoup\1.2.1\tagsoup-1.2.1.jar;C:\Users\user\.m2\repository\io\rest-assured\json-path\5.3.0\json-path-5.3.0.jar;C:\Users\user\.m2\repository\io\rest-assured\rest-assured-common\5.3.0\rest-assured-common-5.3.0.jar;C:\Users\user\.m2\repository\io\rest-assured\xml-path\5.3.0\xml-path-5.3.0.jar;C:\Users\user\.m2\repository\org\apache\groovy\groovy-json\4.0.10\groovy-json-4.0.10.jar;C:\Users\user\.m2\repository\org\apache\groovy\groovy-xml\4.0.10\groovy-xml-4.0.10.jar;C:\Users\user\.m2\repository\org\apache\groovy\groovy\4.0.10\groovy-4.0.10.jar;C:\Users\user\.m2\repository\org\opentest4j\opentest4j\1.2.0\opentest4j-1.2.0.jar;C:\Users\user\.m2\repository\net\serenity-bdd\serenity-core\3.6.21\serenity-core-3.6.21.jar;C:\Users\user\.m2\repository\net\serenity-bdd\serenity-model\3.6.21\serenity-model-3.6.21.jar;C:\Users\user\.m2\repository\org\apache\commons\commons-text\1.10.0\commons-text-1.10.0.jar;C:\Users\user\.m2\repository\commons-net\commons-net\3.9.0\commons-net-3.9.0.jar;C:\Users\user\.m2\repository\com\google\guava\guava\31.1-jre\guava-31.1-jre.jar;C:\Users\user\.m2\repository\com\google\guava\failureaccess\1.0.1\failureaccess-1.0.1.jar;C:\Users\user\.m2\repository\com\google\guava\listenablefuture\9999.0-empty-to-avoid-conflict-with-guava\listenablefuture-9999.0-empty-to-avoid-conflict-with-guava.jar;C:\Users\user\.m2\repository\com\google\code\findbugs\jsr305\3.0.2\jsr305-3.0.2.jar;C:\Users\user\.m2\repository\org\checkerframework\checker-qual\3.12.0\checker-qual-3.12.0.jar;C:\Users\user\.m2\repository\com\google\errorprone\error_prone_annotations\2.11.0\error_prone_annotations-2.11.0.jar;C:\Users\user\.m2\repository\com\google\j2objc\j2objc-annotations\1.3\j2objc-annotations-1.3.jar;C:\Users\user\.m2\repository\com\google\inject\guice\5.1.0\guice-5.1.0.jar;C:\Users\user\.m2\repository\javax\inject\javax.inject\1\javax.inject-1.jar;C:\Users\user\.m2\repository\aopalliance\aopalliance\1.0\aopalliance-1.0.jar;C:\Users\user\.m2\repository\org\jsoup\jsoup\1.14.3\jsoup-1.14.3.jar;C:\Users\user\.m2\repository\com\thoughtworks\xstream\xstream\1.4.20\xstream-1.4.20.jar;C:\Users\user\.m2\repository\io\github\x-stream\mxparser\1.2.2\mxparser-1.2.2.jar;C:\Users\user\.m2\repository\xmlpull\xmlpull\1.1.3.1\xmlpull-1.1.3.1.jar;C:\Users\user\.m2\repository\com\typesafe\config\1.4.2\config-1.4.2.jar;C:\Users\user\.m2\repository\org\imgscalr\imgscalr-lib\4.2\imgscalr-lib-4.2.jar;C:\Users\user\.m2\repository\org\awaitility\awaitility\4.2.0\awaitility-4.2.0.jar;C:\Users\user\.m2\repository\org\freemarker\freemarker\2.3.31\freemarker-2.3.31.jar;C:\Users\user\.m2\repository\io\github\classgraph\classgraph\4.8.138\classgraph-4.8.138.jar;C:\Users\user\.m2\repository\net\sourceforge\jexcelapi\jxl\2.6.12\jxl-2.6.12.jar;C:\Users\user\.m2\repository\net\bytebuddy\byte-buddy-agent\1.14.2\byte-buddy-agent-1.14.2.jar;C:\Users\user\.m2\repository\org\objenesis\objenesis\3.3\objenesis-3.3.jar;C:\Users\user\.m2\repository\net\serenity-bdd\serenity-reports\3.6.21\serenity-reports-3.6.21.jar;C:\Users\user\.m2\repository\net\serenity-bdd\serenity-stats\3.6.21\serenity-stats-3.6.21.jar;C:\Users\user\.m2\repository\net\serenity-bdd\serenity-reports-configuration\3.6.21\serenity-reports-configuration-3.6.21.jar;C:\Users\user\.m2\repository\com\vladsch\flexmark\flexmark-all\0.62.2\flexmark-all-0.62.2.jar;C:\Users\user\.m2\repository\com\vladsch\flexmark\flexmark\0.62.2\flexmark-0.62.2.jar;C:\Users\user\.m2\repository\com\vladsch\flexmark\flexmark-ext-abbreviation\0.62.2\flexmark-ext-abbreviation-0.62.2.jar;C:\Users\user\.m2\repository\com\vladsch\flexmark\flexmark-util\0.62.2\flexmark-util-0.62.2.jar;C:\Users\user\.m2\repository\com\vladsch\flexmark\flexmark-ext-admonition\0.62.2\flexmark-ext-admonition-0.62.2.jar;C:\Users\user\.m2\repository\com\vladsch\flexmark\flexmark-ext-anchorlink\0.62.2\flexmark-ext-anchorlink-0.62.2.jar;C:\Users\user\.m2\repository\com\vladsch\flexmark\flexmark-ext-aside\0.62.2\flexmark-ext-aside-0.62.2.jar;C:\Users\user\.m2\repository\com\vladsch\flexmark\flexmark-ext-attributes\0.62.2\flexmark-ext-attributes-0.62.2.jar;C:\Users\user\.m2\repository\com\vladsch\flexmark\flexmark-ext-autolink\0.62.2\flexmark-ext-autolink-0.62.2.jar;C:\Users\user\.m2\repository\org\nibor\autolink\autolink\0.6.0\autolink-0.6.0.jar;C:\Users\user\.m2\repository\com\vladsch\flexmark\flexmark-ext-definition\0.62.2\flexmark-ext-definition-0.62.2.jar;C:\Users\user\.m2\repository\com\vladsch\flexmark\flexmark-ext-emoji\0.62.2\flexmark-ext-emoji-0.62.2.jar;C:\Users\user\.m2\repository\com\vladsch\flexmark\flexmark-ext-enumerated-reference\0.62.2\flexmark-ext-enumerated-reference-0.62.2.jar;C:\Users\user\.m2\repository\com\vladsch\flexmark\flexmark-ext-escaped-character\0.62.2\flexmark-ext-escaped-character-0.62.2.jar;C:\Users\user\.m2\repository\com\vladsch\flexmark\flexmark-ext-footnotes\0.62.2\flexmark-ext-footnotes-0.62.2.jar;C:\Users\user\.m2\repository\com\vladsch\flexmark\flexmark-ext-gfm-issues\0.62.2\flexmark-ext-gfm-issues-0.62.2.jar;C:\Users\user\.m2\repository\com\vladsch\flexmark\flexmark-ext-gfm-strikethrough\0.62.2\flexmark-ext-gfm-strikethrough-0.62.2.jar;C:\Users\user\.m2\repository\com\vladsch\flexmark\flexmark-ext-gfm-tasklist\0.62.2\flexmark-ext-gfm-tasklist-0.62.2.jar;C:\Users\user\.m2\repository\com\vladsch\flexmark\flexmark-ext-gfm-users\0.62.2\flexmark-ext-gfm-users-0.62.2.jar;C:\Users\user\.m2\repository\com\vladsch\flexmark\flexmark-ext-gitlab\0.62.2\flexmark-ext-gitlab-0.62.2.jar;C:\Users\user\.m2\repository\com\vladsch\flexmark\flexmark-ext-jekyll-front-matter\0.62.2\flexmark-ext-jekyll-front-matter-0.62.2.jar;C:\Users\user\.m2\repository\com\vladsch\flexmark\flexmark-ext-jekyll-tag\0.62.2\flexmark-ext-jekyll-tag-0.62.2.jar;C:\Users\user\.m2\repository\com\vladsch\flexmark\flexmark-ext-media-tags\0.62.2\flexmark-ext-media-tags-0.62.2.jar;C:\Users\user\.m2\repository\com\vladsch\flexmark\flexmark-ext-macros\0.62.2\flexmark-ext-macros-0.62.2.jar;C:\Users\user\.m2\repository\com\vladsch\flexmark\flexmark-ext-ins\0.62.2\flexmark-ext-ins-0.62.2.jar;C:\Users\user\.m2\repository\com\vladsch\flexmark\flexmark-ext-xwiki-macros\0.62.2\flexmark-ext-xwiki-macros-0.62.2.jar;C:\Users\user\.m2\repository\com\vladsch\flexmark\flexmark-ext-superscript\0.62.2\flexmark-ext-superscript-0.62.2.jar;C:\Users\user\.m2\repository\com\vladsch\flexmark\flexmark-ext-tables\0.62.2\flexmark-ext-tables-0.62.2.jar;C:\Users\user\.m2\repository\com\vladsch\flexmark\flexmark-ext-toc\0.62.2\flexmark-ext-toc-0.62.2.jar;C:\Users\user\.m2\repository\com\vladsch\flexmark\flexmark-ext-typographic\0.62.2\flexmark-ext-typographic-0.62.2.jar;C:\Users\user\.m2\repository\com\vladsch\flexmark\flexmark-ext-wikilink\0.62.2\flexmark-ext-wikilink-0.62.2.jar;C:\Users\user\.m2\repository\com\vladsch\flexmark\flexmark-ext-yaml-front-matter\0.62.2\flexmark-ext-yaml-front-matter-0.62.2.jar;C:\Users\user\.m2\repository\com\vladsch\flexmark\flexmark-ext-youtube-embedded\0.62.2\flexmark-ext-youtube-embedded-0.62.2.jar;C:\Users\user\.m2\repository\com\vladsch\flexmark\flexmark-html2md-converter\0.62.2\flexmark-html2md-converter-0.62.2.jar;C:\Users\user\.m2\repository\com\vladsch\flexmark\flexmark-jira-converter\0.62.2\flexmark-jira-converter-0.62.2.jar;C:\Users\user\.m2\repository\com\vladsch\flexmark\flexmark-pdf-converter\0.62.2\flexmark-pdf-converter-0.62.2.jar;C:\Users\user\.m2\repository\com\openhtmltopdf\openhtmltopdf-core\1.0.0\openhtmltopdf-core-1.0.0.jar;C:\Users\user\.m2\repository\com\openhtmltopdf\openhtmltopdf-pdfbox\1.0.0\openhtmltopdf-pdfbox-1.0.0.jar;C:\Users\user\.m2\repository\org\apache\pdfbox\pdfbox\2.0.16\pdfbox-2.0.16.jar;C:\Users\user\.m2\repository\org\apache\pdfbox\fontbox\2.0.16\fontbox-2.0.16.jar;C:\Users\user\.m2\repository\org\apache\pdfbox\xmpbox\2.0.16\xmpbox-2.0.16.jar;C:\Users\user\.m2\repository\de\rototor\pdfbox\graphics2d\0.24\graphics2d-0.24.jar;C:\Users\user\.m2\repository\com\openhtmltopdf\openhtmltopdf-rtl-support\1.0.0\openhtmltopdf-rtl-support-1.0.0.jar;C:\Users\user\.m2\repository\com\openhtmltopdf\openhtmltopdf-jsoup-dom-converter\1.0.0\openhtmltopdf-jsoup-dom-converter-1.0.0.jar;C:\Users\user\.m2\repository\com\vladsch\flexmark\flexmark-profile-pegdown\0.62.2\flexmark-profile-pegdown-0.62.2.jar;C:\Users\user\.m2\repository\com\vladsch\flexmark\flexmark-util-ast\0.62.2\flexmark-util-ast-0.62.2.jar;C:\Users\user\.m2\repository\com\vladsch\flexmark\flexmark-util-builder\0.62.2\flexmark-util-builder-0.62.2.jar;C:\Users\user\.m2\repository\com\vladsch\flexmark\flexmark-util-collection\0.62.2\flexmark-util-collection-0.62.2.jar;C:\Users\user\.m2\repository\com\vladsch\flexmark\flexmark-util-data\0.62.2\flexmark-util-data-0.62.2.jar;C:\Users\user\.m2\repository\com\vladsch\flexmark\flexmark-util-dependency\0.62.2\flexmark-util-dependency-0.62.2.jar;C:\Users\user\.m2\repository\com\vladsch\flexmark\flexmark-util-format\0.62.2\flexmark-util-format-0.62.2.jar;C:\Users\user\.m2\repository\com\vladsch\flexmark\flexmark-util-html\0.62.2\flexmark-util-html-0.62.2.jar;C:\Users\user\.m2\repository\com\vladsch\flexmark\flexmark-util-misc\0.62.2\flexmark-util-misc-0.62.2.jar;C:\Users\user\.m2\repository\com\vladsch\flexmark\flexmark-util-options\0.62.2\flexmark-util-options-0.62.2.jar;C:\Users\user\.m2\repository\com\vladsch\flexmark\flexmark-util-sequence\0.62.2\flexmark-util-sequence-0.62.2.jar;C:\Users\user\.m2\repository\com\vladsch\flexmark\flexmark-util-visitor\0.62.2\flexmark-util-visitor-0.62.2.jar;C:\Users\user\.m2\repository\com\vladsch\flexmark\flexmark-youtrack-converter\0.62.2\flexmark-youtrack-converter-0.62.2.jar;C:\Users\user\.m2\repository\com\ibm\icu\icu4j\72.1\icu4j-72.1.jar;C:\Users\user\.m2\repository\es\nitaur\markdown\txtmark\0.16\txtmark-0.16.jar;C:\Users\user\.m2\repository\net\serenity-bdd\serenity-report-resources\3.6.21\serenity-report-resources-3.6.21.jar;C:\Users\user\.m2\repository\com\google\code\gson\gson\2.10.1\gson-2.10.1.jar;C:\Users\user\.m2\repository\com\fasterxml\jackson\core\jackson-core\2.15.0-rc1\jackson-core-2.15.0-rc1.jar;C:\Users\user\.m2\repository\com\fasterxml\jackson\core\jackson-databind\2.15.0-rc1\jackson-databind-2.15.0-rc1.jar;C:\Users\user\.m2\repository\com\fasterxml\jackson\core\jackson-annotations\2.15.0-rc1\jackson-annotations-2.15.0-rc1.jar;C:\Users\user\.m2\repository\commons-codec\commons-codec\1.15\commons-codec-1.15.jar;C:\Users\user\.m2\repository\commons-io\commons-io\2.11.0\commons-io-2.11.0.jar;C:\Users\user\.m2\repository\org\seleniumhq\selenium\selenium-java\4.8.1\selenium-java-4.8.1.jar;C:\Users\user\.m2\repository\org\seleniumhq\selenium\selenium-devtools-v108\4.8.1\selenium-devtools-v108-4.8.1.jar;C:\Users\user\.m2\repository\org\seleniumhq\selenium\selenium-devtools-v109\4.8.1\selenium-devtools-v109-4.8.1.jar;C:\Users\user\.m2\repository\org\seleniumhq\selenium\selenium-devtools-v110\4.8.1\selenium-devtools-v110-4.8.1.jar;C:\Users\user\.m2\repository\org\seleniumhq\selenium\selenium-devtools-v85\4.8.1\selenium-devtools-v85-4.8.1.jar;C:\Users\user\.m2\repository\org\seleniumhq\selenium\selenium-remote-driver\4.8.1\selenium-remote-driver-4.8.1.jar;C:\Users\user\.m2\repository\com\beust\jcommander\1.82\jcommander-1.82.jar;C:\Users\user\.m2\repository\io\netty\netty-buffer\4.1.87.Final\netty-buffer-4.1.87.Final.jar;C:\Users\user\.m2\repository\io\netty\netty-codec-http\4.1.87.Final\netty-codec-http-4.1.87.Final.jar;C:\Users\user\.m2\repository\io\netty\netty-codec\4.1.87.Final\netty-codec-4.1.87.Final.jar;C:\Users\user\.m2\repository\io\netty\netty-handler\4.1.87.Final\netty-handler-4.1.87.Final.jar;C:\Users\user\.m2\repository\io\netty\netty-common\4.1.87.Final\netty-common-4.1.87.Final.jar;C:\Users\user\.m2\repository\io\netty\netty-transport-classes-epoll\4.1.87.Final\netty-transport-classes-epoll-4.1.87.Final.jar;C:\Users\user\.m2\repository\io\netty\netty-transport-classes-kqueue\4.1.87.Final\netty-transport-classes-kqueue-4.1.87.Final.jar;C:\Users\user\.m2\repository\io\netty\netty-transport-native-epoll\4.1.87.Final\netty-transport-native-epoll-4.1.87.Final.jar;C:\Users\user\.m2\repository\io\netty\netty-transport-native-kqueue\4.1.87.Final\netty-transport-native-kqueue-4.1.87.Final.jar;C:\Users\user\.m2\repository\io\netty\netty-transport-native-unix-common\4.1.87.Final\netty-transport-native-unix-common-4.1.87.Final.jar;C:\Users\user\.m2\repository\io\netty\netty-transport\4.1.87.Final\netty-transport-4.1.87.Final.jar;C:\Users\user\.m2\repository\io\netty\netty-resolver\4.1.87.Final\netty-resolver-4.1.87.Final.jar;C:\Users\user\.m2\repository\io\opentelemetry\opentelemetry-api\1.22.0\opentelemetry-api-1.22.0.jar;C:\Users\user\.m2\repository\io\opentelemetry\opentelemetry-context\1.22.0\opentelemetry-context-1.22.0.jar;C:\Users\user\.m2\repository\io\opentelemetry\opentelemetry-exporter-logging\1.22.0\opentelemetry-exporter-logging-1.22.0.jar;C:\Users\user\.m2\repository\io\opentelemetry\opentelemetry-sdk-metrics\1.22.0\opentelemetry-sdk-metrics-1.22.0.jar;C:\Users\user\.m2\repository\io\opentelemetry\opentelemetry-sdk-logs\1.22.0-alpha\opentelemetry-sdk-logs-1.22.0-alpha.jar;C:\Users\user\.m2\repository\io\opentelemetry\opentelemetry-api-logs\1.22.0-alpha\opentelemetry-api-logs-1.22.0-alpha.jar;C:\Users\user\.m2\repository\io\opentelemetry\opentelemetry-sdk-common\1.22.0\opentelemetry-sdk-common-1.22.0.jar;C:\Users\user\.m2\repository\io\opentelemetry\opentelemetry-sdk-extension-autoconfigure-spi\1.22.0\opentelemetry-sdk-extension-autoconfigure-spi-1.22.0.jar;C:\Users\user\.m2\repository\io\opentelemetry\opentelemetry-sdk-extension-autoconfigure\1.22.0-alpha\opentelemetry-sdk-extension-autoconfigure-1.22.0-alpha.jar;C:\Users\user\.m2\repository\io\opentelemetry\opentelemetry-sdk-trace\1.22.0\opentelemetry-sdk-trace-1.22.0.jar;C:\Users\user\.m2\repository\io\opentelemetry\opentelemetry-sdk\1.22.0\opentelemetry-sdk-1.22.0.jar;C:\Users\user\.m2\repository\io\opentelemetry\opentelemetry-semconv\1.22.0-alpha\opentelemetry-semconv-1.22.0-alpha.jar;C:\Users\user\.m2\repository\io\ous\jtoml\2.0.0\jtoml-2.0.0.jar;C:\Users\user\.m2\repository\org\apache\commons\commons-exec\1.3\commons-exec-1.3.jar;C:\Users\user\.m2\repository\org\asynchttpclient\async-http-client\2.12.3\async-http-client-2.12.3.jar;C:\Users\user\.m2\repository\org\asynchttpclient\async-http-client-netty-utils\2.12.3\async-http-client-netty-utils-2.12.3.jar;C:\Users\user\.m2\repository\io\netty\netty-codec-socks\4.1.60.Final\netty-codec-socks-4.1.60.Final.jar;C:\Users\user\.m2\repository\io\netty\netty-handler-proxy\4.1.60.Final\netty-handler-proxy-4.1.60.Final.jar;C:\Users\user\.m2\repository\io\netty\netty-transport-native-epoll\4.1.60.Final\netty-transport-native-epoll-4.1.60.Final-linux-x86_64.jar;C:\Users\user\.m2\repository\io\netty\netty-transport-native-kqueue\4.1.60.Final\netty-transport-native-kqueue-4.1.60.Final-osx-x86_64.jar;C:\Users\user\.m2\repository\org\reactivestreams\reactive-streams\1.0.3\reactive-streams-1.0.3.jar;C:\Users\user\.m2\repository\com\typesafe\netty\netty-reactive-streams\2.0.4\netty-reactive-streams-2.0.4.jar;C:\Users\user\.m2\repository\org\seleniumhq\selenium\selenium-manager\4.8.1\selenium-manager-4.8.1.jar;C:\Users\user\.m2\repository\org\seleniumhq\selenium\selenium-safari-driver\4.8.1\selenium-safari-driver-4.8.1.jar;C:\Users\user\.m2\repository\org\seleniumhq\selenium\selenium-api\4.8.1\selenium-api-4.8.1.jar;C:\Users\user\.m2\repository\org\seleniumhq\selenium\selenium-support\4.8.1\selenium-support-4.8.1.jar;C:\Users\user\.m2\repository\com\google\auto\service\auto-service-annotations\1.0.1\auto-service-annotations-1.0.1.jar;C:\Users\user\.m2\repository\com\google\auto\service\auto-service\1.0.1\auto-service-1.0.1.jar;C:\Users\user\.m2\repository\com\google\auto\auto-common\1.2\auto-common-1.2.jar;C:\Users\user\.m2\repository\org\seleniumhq\selenium\selenium-json\4.8.1\selenium-json-4.8.1.jar;C:\Users\user\.m2\repository\org\seleniumhq\selenium\selenium-chrome-driver\4.8.1\selenium-chrome-driver-4.8.1.jar;C:\Users\user\.m2\repository\org\seleniumhq\selenium\selenium-chromium-driver\4.8.1\selenium-chromium-driver-4.8.1.jar;C:\Users\user\.m2\repository\org\seleniumhq\selenium\selenium-firefox-driver\4.8.1\selenium-firefox-driver-4.8.1.jar;C:\Users\user\.m2\repository\org\seleniumhq\selenium\selenium-http\4.8.1\selenium-http-4.8.1.jar;C:\Users\user\.m2\repository\dev\failsafe\failsafe\3.3.0\failsafe-3.3.0.jar;C:\Users\user\.m2\repository\org\seleniumhq\selenium\selenium-edge-driver\4.8.1\selenium-edge-driver-4.8.1.jar;C:\Users\user\.m2\repository\org\seleniumhq\selenium\selenium-ie-driver\4.8.1\selenium-ie-driver-4.8.1.jar;C:\Users\user\.m2\repository\org\projectlombok\lombok\1.18.20\lombok-1.18.20.jar;C:\Users\user\.m2\repository\io\appium\java-client\8.3.0\java-client-8.3.0.jar;C:\Users\user\.m2\repository\commons-validator\commons-validator\1.7\commons-validator-1.7.jar;C:\Users\user\.m2\repository\commons-digester\commons-digester\2.1\commons-digester-2.1.jar;C:\Users\user\.m2\repository\net\sf\opencsv\opencsv\2.0\opencsv-2.0.jar;C:\Users\user\.m2\repository\commons-beanutils\commons-beanutils\1.9.4\commons-beanutils-1.9.4.jar;C:\Users\user\.m2\repository\org\apache\commons\commons-lang3\3.12.0\commons-lang3-3.12.0.jar;C:\Users\user\.m2\repository\commons-collections\commons-collections\3.2.2\commons-collections-3.2.2.jar;C:\Users\user\.m2\repository\org\fluentlenium\fluentlenium-core\0.10.2\fluentlenium-core-0.10.2.jar;C:\Users\user\.m2\repository\io\github\bonigarcia\webdrivermanager\5.3.0\webdrivermanager-5.3.0.jar;C:\Users\user\.m2\repository\com\github\docker-java\docker-java\3.2.13\docker-java-3.2.13.jar;C:\Users\user\.m2\repository\com\github\docker-java\docker-java-core\3.2.13\docker-java-core-3.2.13.jar;C:\Users\user\.m2\repository\com\github\docker-java\docker-java-api\3.2.13\docker-java-api-3.2.13.jar;C:\Users\user\.m2\repository\org\apache\commons\commons-compress\1.21\commons-compress-1.21.jar;C:\Users\user\.m2\repository\org\bouncycastle\bcpkix-jdk15on\1.64\bcpkix-jdk15on-1.64.jar;C:\Users\user\.m2\repository\org\bouncycastle\bcprov-jdk15on\1.64\bcprov-jdk15on-1.64.jar;C:\Users\user\.m2\repository\org\slf4j\jcl-over-slf4j\1.7.30\jcl-over-slf4j-1.7.30.jar;C:\Users\user\.m2\repository\com\github\docker-java\docker-java-transport-httpclient5\3.2.13\docker-java-transport-httpclient5-3.2.13.jar;C:\Users\user\.m2\repository\com\github\docker-java\docker-java-transport\3.2.13\docker-java-transport-3.2.13.jar;C:\Users\user\.m2\repository\net\java\dev\jna\jna\5.8.0\jna-5.8.0.jar;C:\Users\user\.m2\repository\org\brotli\dec\0.1.2\dec-0.1.2.jar;C:\Users\user\.m2\repository\org\apache\httpcomponents\client5\httpclient5\5.1.3\httpclient5-5.1.3.jar;C:\Users\user\.m2\repository\org\apache\httpcomponents\core5\httpcore5\5.1.3\httpcore5-5.1.3.jar;C:\Users\user\.m2\repository\org\apache\httpcomponents\core5\httpcore5-h2\5.1.3\httpcore5-h2-5.1.3.jar;C:\Users\user\.m2\repository\com\jhlabs\filters\2.0.235\filters-2.0.235.jar;C:\Users\user\.m2\repository\com\paulhammant\ngwebdriver\1.1.6\ngwebdriver-1.1.6.jar;C:\Users\user\.m2\repository\joda-time\joda-time\2.12.2\joda-time-2.12.2.jar;C:\Users\user\.m2\repository\org\hamcrest\hamcrest\2.2\hamcrest-2.2.jar;C:\Users\user\.m2\repository\com\google\jimfs\jimfs\1.2\jimfs-1.2.jar;C:\Users\user\.m2\repository\org\mockito\mockito-core\3.3.3\mockito-core-3.3.3.jar;C:\Users\user\.m2\repository\javax\xml\bind\jaxb-api\2.3.1\jaxb-api-2.3.1.jar;C:\Users\user\.m2\repository\javax\activation\javax.activation-api\1.2.0\javax.activation-api-1.2.0.jar;C:\Users\user\.m2\repository\com\sun\xml\bind\jaxb-core\2.3.0.1\jaxb-core-2.3.0.1.jar;C:\Users\user\.m2\repository\com\sun\xml\bind\jaxb-impl\2.3.3\jaxb-impl-2.3.3.jar;C:\Users\user\.m2\repository\jakarta\xml\bind\jakarta.xml.bind-api\2.3.3\jakarta.xml.bind-api-2.3.3.jar;C:\Users\user\.m2\repository\com\sun\activation\jakarta.activation\1.2.2\jakarta.activation-1.2.2.jar;C:\Users\user\.m2\repository\javax\activation\activation\1.1.1\activation-1.1.1.jar;C:\Users\user\.m2\repository\net\serenity-bdd\serenity-cucumber\3.6.21\serenity-cucumber-3.6.21.jar;C:\Users\user\.m2\repository\io\cucumber\cucumber-core\7.11.0\cucumber-core-7.11.0.jar;C:\Users\user\.m2\repository\io\cucumber\cucumber-gherkin\7.11.0\cucumber-gherkin-7.11.0.jar;C:\Users\user\.m2\repository\io\cucumber\cucumber-gherkin-messages\7.11.0\cucumber-gherkin-messages-7.11.0.jar;C:\Users\user\.m2\repository\io\cucumber\gherkin\26.0.3\gherkin-26.0.3.jar;C:\Users\user\.m2\repository\io\cucumber\messages\21.0.1\messages-21.0.1.jar;C:\Users\user\.m2\repository\io\cucumber\tag-expressions\5.0.1\tag-expressions-5.0.1.jar;C:\Users\user\.m2\repository\io\cucumber\cucumber-expressions\16.1.1\cucumber-expressions-16.1.1.jar;C:\Users\user\.m2\repository\io\cucumber\datatable\7.11.0\datatable-7.11.0.jar;C:\Users\user\.m2\repository\io\cucumber\cucumber-plugin\7.11.0\cucumber-plugin-7.11.0.jar;C:\Users\user\.m2\repository\io\cucumber\docstring\7.11.0\docstring-7.11.0.jar;C:\Users\user\.m2\repository\io\cucumber\html-formatter\20.2.1\html-formatter-20.2.1.jar;C:\Users\user\.m2\repository\io\cucumber\junit-xml-formatter\0.1.0\junit-xml-formatter-0.1.0.jar;C:\Users\user\.m2\repository\io\cucumber\ci-environment\9.1.0\ci-environment-9.1.0.jar;C:\Users\user\.m2\repository\io\cucumber\cucumber-java\7.11.0\cucumber-java-7.11.0.jar;C:\Users\user\.m2\repository\io\cucumber\cucumber-junit\7.11.0\cucumber-junit-7.11.0.jar;C:\Users\user\.m2\repository\org\apache\commons\commons-csv\1.5\commons-csv-1.5.jar;C:\Users\user\.m2\repository\net\serenity-bdd\serenity-screenplay\3.6.21\serenity-screenplay-3.6.21.jar;C:\Users\user\.m2\repository\net\serenity-bdd\serenity-screenplay-webdriver\3.6.21\serenity-screenplay-webdriver-3.6.21.jar;C:\Users\user\.m2\repository\net\serenity-bdd\serenity-ensure\3.6.21\serenity-ensure-3.6.21.jar;C:\Users\user\.m2\repository\net\serenity-bdd\serenity-junit\3.6.21\serenity-junit-3.6.21.jar;C:\Users\user\.m2\repository\org\jetbrains\kotlin\kotlin-stdlib\1.8.10\kotlin-stdlib-1.8.10.jar;C:\Users\user\.m2\repository\org\jetbrains\kotlin\kotlin-stdlib-common\1.8.10\kotlin-stdlib-common-1.8.10.jar;C:\Users\user\.m2\repository\org\jetbrains\annotations\13.0\annotations-13.0.jar;C:\Users\user\.m2\repository\org\junit\platform\junit-platform-launcher\1.8.2\junit-platform-launcher-1.8.2.jar;C:\Users\user\.m2\repository\org\junit\platform\junit-platform-engine\1.8.2\junit-platform-engine-1.8.2.jar;C:\Users\user\.m2\repository\org\junit\platform\junit-platform-commons\1.8.2\junit-platform-commons-1.8.2.jar;C:\Users\user\.m2\repository\org\apiguardian\apiguardian-api\1.1.2\apiguardian-api-1.1.2.jar;C:\Users\user\.m2\repository\org\junit\jupiter\junit-jupiter-engine\5.8.2\junit-jupiter-engine-5.8.2.jar;C:\Users\user\.m2\repository\org\junit\jupiter\junit-jupiter-api\5.8.2\junit-jupiter-api-5.8.2.jar;C:\Users\user\.m2\repository\org\junit\vintage\junit-vintage-engine\5.8.2\junit-vintage-engine-5.8.2.jar;C:\Users\user\.m2\repository\junit\junit\4.13.2\junit-4.13.2.jar;C:\Users\user\.m2\repository\org\hamcrest\hamcrest-core\1.3\hamcrest-core-1.3.jar;C:\Users\user\.m2\repository\ch\qos\logback\logback-classic\1.2.10\logback-classic-1.2.10.jar;C:\Users\user\.m2\repository\ch\qos\logback\logback-core\1.2.10\logback-core-1.2.10.jar;C:\Users\user\.m2\repository\org\slf4j\slf4j-api\1.7.32\slf4j-api-1.7.32.jar;C:\Users\user\.m2\repository\org\assertj\assertj-core\3.23.1\assertj-core-3.23.1.jar;C:\Users\user\.m2\repository\net\bytebuddy\byte-buddy\1.12.10\byte-buddy-1.12.10.jar;C:\Users\user\.m2\repository\com\googlecode\json-simple\json-simple\1.1.1\json-simple-1.1.1.jar;C:\Users\user\.m2\repository\org\apache\maven\surefire\surefire-junit-platform\3.0.0-M5\surefire-junit-platform-3.0.0-M5.jar;C:\Users\user\.m2\repository\org\apache\maven\surefire\common-java5\3.0.0-M5\common-java5-3.0.0-M5.jar"/>
    <property name="user.script" value=""/>
    <property name="java.protocol.handler.pkgs" value="com.google.common"/>
    <property name="sun.management.compiler" value="HotSpot 64-Bit Tiered Compilers"/>
    <property name="java.runtime.version" value="11.0.15.1+2-LTS-10"/>
    <property name="user.name" value="user"/>
    <property name="path.separator" value=";"/>
    <property name="os.version" value="10.0"/>
    <property name="java.runtime.name" value="Java(TM) SE Runtime Environment"/>
    <property name="file.encoding" value="Cp1252"/>
    <property name="webdriver.base.url" value=""/>
    <property name="java.vm.name" value="Java HotSpot(TM) 64-Bit Server VM"/>
    <property name="java.vendor.version" value="18.9"/>
    <property name="localRepository" value="C:\Users\user\.m2\repository"/>
    <property name="java.vendor.url.bug" value="https://bugreport.java.com/bugreport/"/>
    <property name="java.io.tmpdir" value="C:\Users\user\AppData\Local\Temp\"/>
    <property name="java.version" value="11.0.15.1"/>
    <property name="user.dir" value="D:\WebMinpro\code\minpro"/>
    <property name="os.arch" value="amd64"/>
    <property name="java.vm.specification.name" value="Java Virtual Machine Specification"/>
    <property name="java.awt.printerjob" value="sun.awt.windows.WPrinterJob"/>
    <property name="sun.os.patch.level" value=""/>
    <property name="java.library.path" value="C:\Program Files\Java\jdk-11.0.15.1\bin;C:\Windows\Sun\Java\bin;C:\Windows\system32;C:\Windows;C:\Program Files\Common Files\Oracle\Java\javapath;C:\Program Files (x86)\Common Files\Oracle\Java\javapath;C:\ProgramData\Oracle\Java\javapath;C:\Windows\system32;C:\Windows;C:\Windows\System32\Wbem;C:\Windows\System32\WindowsPowerShell\v1.0\;C:\Windows\System32\OpenSSH\;C:\Program Files\NVIDIA Corporation\NVIDIA NvDLISR;C:\Program Files (x86)\NVIDIA Corporation\PhysX\Common;C:\Program Files (x86)\dotnet\;C:\Program Files\Git\cmd;C:\PROGRA~1\IBM\SQLLIB\BIN;C:\PROGRA~1\IBM\SQLLIB\FUNCTION;C:\PROGRA~1\IBM\SQLLIB\SAMPLES\REPL;C:\xampp\php;C:\composer;C:\hadoop\bin;C:\hadoop\sbin;C:\Program Files\nodejs\;D:\apache-maven-3.9.1\bin;C:\Program Files\Java\jdk-11.0.15.1\bin;C:\Users\user\AppData\Local\Android\Sdk;C:\Users\user\AppData\Local\Android\Sdk\platform-tools;C:\Users\user\scoop\shims;C:\Users\user\AppData\Local\Programs\Python\Python311\Scripts\;C:\Users\user\AppData\Local\Programs\Python\Python311\;C:\Users\user\AppData\Local\Programs\Eclipse Adoptium\jdk-17.0.1.12-hotspot\bin;C:\Users\user\AppData\Local\Microsoft\WindowsApps;E:\Microsoft VS Code\bin;C:\Users\user\AppData\Roaming\Composer\vendor\bin;C:\hadoop\bin;C:\Users\user\OneDrive\Documents\Big Data\spark\bin;C:\Users\user\AppData\Local\GitHubDesktop\bin;C:\Users\user\AppData\Roaming\npm;C:\Users\user\AppData\Local\spicetify;."/>
    <property name="java.vendor" value="Oracle Corporation"/>
    <property name="java.vm.info" value="mixed mode"/>
    <property name="java.vm.version" value="11.0.15.1+2-LTS-10"/>
    <property name="sun.io.unicode.encoding" value="UnicodeLittle"/>
    <property name="java.class.version" value="55.0"/>
  </properties>
  <testcase name="Register with valid data" classname="Register to Alta-shop Account" time="8.21">
    <system-out><![CDATA[10:11:56.384 [main] DEBUG net.thucydides.core.guice.Injectors - Created injector for module net.thucydides.core.guice.ThucydidesModule
10:11:56.707 [main] DEBUG io.cucumber.core.plugin.SerenityReporter - Running feature from file:///D:/WebMinpro/code/minpro/src/test/resources/features/1.%20Register.feature
10:11:56.838 [main] DEBUG net.thucydides.core.guice.Injectors - Created injector for module net.thucydides.core.guice.webdriver.WebDriverModule
10:11:56.852 [main] INFO  - 

-------------------------------------------------------------------------------------
     _______. _______ .______       _______ .__   __.  __  .___________.____    ____ 
    /       ||   ____||   _  \     |   ____||  \ |  | |  | |           |\   \  /   / 
   |   (----`|  |__   |  |_)  |    |  |__   |   \|  | |  | `---|  |----` \   \/   /  
    \   \    |   __|  |      /     |   __|  |  . `  | |  |     |  |       \_    _/   
.----)   |   |  |____ |  |\  \----.|  |____ |  |\   | |  |     |  |         |  |     
|_______/    |_______|| _| `._____||_______||__| \__| |__|     |__|         |__|    
                                                                                     
 News and tutorials at http://www.serenity-bdd.info                                  
 Documentation at https://wakaleo.gitbooks.io/the-serenity-book/content/             
 Join the Serenity Community on Gitter: https://gitter.im/serenity-bdd/serenity-core 
 Serenity BDD Support and Training at http://serenity-bdd.info/#/trainingandsupport  
-------------------------------------------------------------------------------------

10:11:56.854 [main] DEBUG net.thucydides.core.steps.StepEventBus - Test suite started for story net.thucydides.core.model.Story@529b74ce
10:11:56.855 [main] INFO  - Test Suite Started: Register to Alta-shop Account
10:11:56.866 [main] DEBUG io.cucumber.core.plugin.SerenityReporter - Running feature from file:///D:/WebMinpro/code/minpro/src/test/resources/features/2.%20Login.feature
10:11:56.872 [main] DEBUG net.thucydides.core.steps.StepEventBus - Test suite started for story net.thucydides.core.model.Story@dffa83ad
10:11:56.873 [main] INFO  - Test Suite Started: Login to Alta-shop Account
10:11:56.873 [main] DEBUG io.cucumber.core.plugin.SerenityReporter - Running feature from file:///D:/WebMinpro/code/minpro/src/test/resources/features/3.%20Logout.feature
10:11:56.878 [main] DEBUG net.thucydides.core.steps.StepEventBus - Test suite started for story net.thucydides.core.model.Story@ae23688f
10:11:56.879 [main] INFO  - Test Suite Started: Logout from Alta-shop Account
10:11:56.879 [main] DEBUG io.cucumber.core.plugin.SerenityReporter - Running feature from file:///D:/WebMinpro/code/minpro/src/test/resources/features/4.%20Product.feature
10:11:56.883 [main] DEBUG net.thucydides.core.steps.StepEventBus - Test suite started for story net.thucydides.core.model.Story@74d6423f
10:11:56.887 [main] INFO  - Test Suite Started: Product
10:11:56.887 [main] DEBUG io.cucumber.core.plugin.SerenityReporter - Running feature from file:///D:/WebMinpro/code/minpro/src/test/resources/features/5.%20Category.feature
10:11:56.892 [main] DEBUG net.thucydides.core.steps.StepEventBus - Test suite started for story net.thucydides.core.model.Story@5255d4d2
10:11:56.892 [main] INFO  - Test Suite Started: Category
10:11:56.892 [main] DEBUG io.cucumber.core.plugin.SerenityReporter - Running feature from file:///D:/WebMinpro/code/minpro/src/test/resources/features/6.%20Transaction.feature
10:11:56.895 [main] DEBUG net.thucydides.core.steps.StepEventBus - Test suite started for story net.thucydides.core.model.Story@9816bb5d
10:11:56.896 [main] INFO  - Test Suite Started: Transaction
10:11:56.896 [main] DEBUG io.cucumber.core.plugin.SerenityReporter - Running feature from file:///D:/WebMinpro/code/minpro/src/test/resources/features/1.%20Register.feature
10:11:56.900 [main] DEBUG net.thucydides.core.steps.StepEventBus - Test suite started for story net.thucydides.core.model.Story@529b74ce
10:11:56.901 [main] INFO  - Test Suite Started: Register to Alta-shop Account

Scenario: Register with valid data          &amp#27;[90m# src/test/resources/features/1. Register.feature:7&amp#27;[0m
10:11:56.996 [main] DEBUG io.cucumber.core.plugin.SerenityReporter - Running feature from file:///D:/WebMinpro/code/minpro/src/test/resources/features/1.%20Register.feature
10:11:57.126 [main] INFO  - 
  _____   ___   ___   _____     ___   _____     _     ___   _____   ___   ___  
 |_   _| | __| / __| |_   _|   / __| |_   _|   /_\   | _ \ |_   _| | __| |   \ 
   | |   | _|  \__ \   | |     \__ \   | |    / _ \  |   /   | |   | _|  | |) |
   |_|   |___| |___/   |_|     |___/   |_|   /_/ \_\ |_|_\   |_|   |___| |___/ 

Register with valid data(register-to-alta-shop-account;register-with-valid-data)
--------------------------------------------------------------------------------
10:11:57.185 [main] DEBUG net.thucydides.core.requirements.model.cucumber.CucumberParser - Loading feature D:\WebMinpro\code\minpro\src\test\resources\features\1. Register.feature
10:11:57.208 [main] DEBUG net.thucydides.core.requirements.model.cucumber.CucumberParser - Loading feature D:\WebMinpro\code\minpro\src\test\resources\features\2. Login.feature
10:11:57.213 [main] DEBUG net.thucydides.core.requirements.model.cucumber.CucumberParser - Loading feature D:\WebMinpro\code\minpro\src\test\resources\features\3. Logout.feature
10:11:57.216 [main] DEBUG net.thucydides.core.requirements.model.cucumber.CucumberParser - Loading feature D:\WebMinpro\code\minpro\src\test\resources\features\4. Product.feature
10:11:57.220 [main] DEBUG net.thucydides.core.requirements.model.cucumber.CucumberParser - Loading feature D:\WebMinpro\code\minpro\src\test\resources\features\5. Category.feature
10:11:57.224 [main] DEBUG net.thucydides.core.requirements.model.cucumber.CucumberParser - Loading feature D:\WebMinpro\code\minpro\src\test\resources\features\6. Transaction.feature
10:11:58.110 [main] DEBUG net.thucydides.core.steps.StepInterceptor - STARTING STEP: LoginSteps.onTheLoginPage - openPage
10:11:58.225 [main] INFO net.serenitybdd.core.webdriver.driverproviders.ChromeDriverProvider - Starting Chrome driver instance with capabilities:
10:11:58.226 [main] INFO net.serenitybdd.core.webdriver.driverproviders.ChromeDriverProvider - Capabilities {acceptInsecureCerts: false, browserName: chrome, goog:chromeOptions: {args: [remote-allow-origins=*], extensions: []}}
10:11:58.335 [main] DEBUG io.netty.util.internal.logging.InternalLoggerFactory - Using SLF4J as the default logging framework
10:11:58.340 [main] DEBUG io.netty.util.ResourceLeakDetector - -Dio.netty.leakDetection.level: simple
10:11:58.341 [main] DEBUG io.netty.util.ResourceLeakDetector - -Dio.netty.leakDetection.targetRecords: 4
10:11:58.346 [main] DEBUG io.netty.util.ResourceLeakDetectorFactory - Loaded default ResourceLeakDetector: io.netty.util.ResourceLeakDetector@78c74647
10:11:58.368 [main] DEBUG io.netty.util.internal.PlatformDependent0 - -Dio.netty.noUnsafe: false
10:11:58.368 [main] DEBUG io.netty.util.internal.PlatformDependent0 - Java version: 11
10:11:58.370 [main] DEBUG io.netty.util.internal.PlatformDependent0 - sun.misc.Unsafe.theUnsafe: available
10:11:58.370 [main] DEBUG io.netty.util.internal.PlatformDependent0 - sun.misc.Unsafe.copyMemory: available
10:11:58.371 [main] DEBUG io.netty.util.internal.PlatformDependent0 - sun.misc.Unsafe.storeFence: available
10:11:58.371 [main] DEBUG io.netty.util.internal.PlatformDependent0 - java.nio.Buffer.address: available
10:11:58.372 [main] DEBUG io.netty.util.internal.PlatformDependent0 - direct buffer constructor: unavailable: Reflective setAccessible(true) disabled
10:11:58.373 [main] DEBUG io.netty.util.internal.PlatformDependent0 - java.nio.Bits.unaligned: available, true
10:11:58.374 [main] DEBUG io.netty.util.internal.PlatformDependent0 - jdk.internal.misc.Unsafe.allocateUninitializedArray(int): unavailable: class io.netty.util.internal.PlatformDependent0$7 cannot access class jdk.internal.misc.Unsafe (in module java.base) because module java.base does not export jdk.internal.misc to unnamed module @47747fb9
10:11:58.376 [main] DEBUG io.netty.util.internal.PlatformDependent0 - java.nio.DirectByteBuffer.<init>(long, int): unavailable
10:11:58.376 [main] DEBUG io.netty.util.internal.PlatformDependent - sun.misc.Unsafe: available
10:11:58.378 [main] DEBUG io.netty.util.internal.PlatformDependent - maxDirectMemory: 4257218560 bytes (maybe)
10:11:58.378 [main] DEBUG io.netty.util.internal.PlatformDependent - -Dio.netty.tmpdir: C:\Users\user\AppData\Local\Temp (java.io.tmpdir)
10:11:58.378 [main] DEBUG io.netty.util.internal.PlatformDependent - -Dio.netty.bitMode: 64 (sun.arch.data.model)
10:11:58.379 [main] DEBUG io.netty.util.internal.PlatformDependent - Platform: Windows
10:11:58.379 [main] DEBUG io.netty.util.internal.PlatformDependent - -Dio.netty.maxDirectMemory: -1 bytes
10:11:58.379 [main] DEBUG io.netty.util.internal.PlatformDependent - -Dio.netty.uninitializedArrayAllocationThreshold: -1
10:11:58.381 [main] DEBUG io.netty.util.internal.CleanerJava9 - java.nio.ByteBuffer.cleaner(): available
10:11:58.381 [main] DEBUG io.netty.util.internal.PlatformDependent - -Dio.netty.noPreferDirect: false
10:11:58.388 [main] DEBUG io.netty.util.internal.PlatformDependent - org.jctools-core.MpscChunkedArrayQueue: available
10:11:58.417 [main] DEBUG io.netty.util.internal.InternalThreadLocalMap - -Dio.netty.threadLocalMap.stringBuilder.initialSize: 1024
10:11:58.417 [main] DEBUG io.netty.util.internal.InternalThreadLocalMap - -Dio.netty.threadLocalMap.stringBuilder.maxSize: 4096
10:11:58.581 [main] DEBUG io.netty.handler.ssl.JdkSslContext - Default protocols (JDK): [TLSv1.3, TLSv1.2] 
10:11:58.581 [main] DEBUG io.netty.handler.ssl.JdkSslContext - Default cipher suites (JDK): [TLS_ECDHE_ECDSA_WITH_AES_256_GCM_SHA384, TLS_ECDHE_ECDSA_WITH_AES_128_GCM_SHA256, TLS_ECDHE_RSA_WITH_AES_128_GCM_SHA256, TLS_ECDHE_RSA_WITH_AES_256_GCM_SHA384, TLS_ECDHE_RSA_WITH_AES_128_CBC_SHA, TLS_ECDHE_RSA_WITH_AES_256_CBC_SHA, TLS_RSA_WITH_AES_128_GCM_SHA256, TLS_RSA_WITH_AES_128_CBC_SHA, TLS_RSA_WITH_AES_256_CBC_SHA, TLS_AES_128_GCM_SHA256, TLS_AES_256_GCM_SHA384]
10:11:58.613 [main] DEBUG io.netty.channel.MultithreadEventLoopGroup - -Dio.netty.eventLoopThreads: 24
10:11:58.624 [main] DEBUG io.netty.channel.nio.NioEventLoop - -Dio.netty.noKeySetOptimization: false
10:11:58.624 [main] DEBUG io.netty.channel.nio.NioEventLoop - -Dio.netty.selectorAutoRebuildThreshold: 512
10:11:58.683 [main] DEBUG io.netty.buffer.PooledByteBufAllocator - -Dio.netty.allocator.numHeapArenas: 24
10:11:58.683 [main] DEBUG io.netty.buffer.PooledByteBufAllocator - -Dio.netty.allocator.numDirectArenas: 24
10:11:58.683 [main] DEBUG io.netty.buffer.PooledByteBufAllocator - -Dio.netty.allocator.pageSize: 8192
10:11:58.683 [main] DEBUG io.netty.buffer.PooledByteBufAllocator - -Dio.netty.allocator.maxOrder: 9
10:11:58.683 [main] DEBUG io.netty.buffer.PooledByteBufAllocator - -Dio.netty.allocator.chunkSize: 4194304
10:11:58.683 [main] DEBUG io.netty.buffer.PooledByteBufAllocator - -Dio.netty.allocator.smallCacheSize: 256
10:11:58.683 [main] DEBUG io.netty.buffer.PooledByteBufAllocator - -Dio.netty.allocator.normalCacheSize: 64
10:11:58.683 [main] DEBUG io.netty.buffer.PooledByteBufAllocator - -Dio.netty.allocator.maxCachedBufferCapacity: 32768
10:11:58.683 [main] DEBUG io.netty.buffer.PooledByteBufAllocator - -Dio.netty.allocator.cacheTrimInterval: 8192
10:11:58.683 [main] DEBUG io.netty.buffer.PooledByteBufAllocator - -Dio.netty.allocator.cacheTrimIntervalMillis: 0
10:11:58.683 [main] DEBUG io.netty.buffer.PooledByteBufAllocator - -Dio.netty.allocator.useCacheForAllThreads: false
10:11:58.683 [main] DEBUG io.netty.buffer.PooledByteBufAllocator - -Dio.netty.allocator.maxCachedByteBuffersPerChunk: 1023
10:11:58.696 [main] DEBUG io.netty.buffer.ByteBufUtil - -Dio.netty.allocator.type: pooled
10:11:58.696 [main] DEBUG io.netty.buffer.ByteBufUtil - -Dio.netty.threadLocalDirectBufferSize: 0
10:11:58.696 [main] DEBUG io.netty.buffer.ByteBufUtil - -Dio.netty.maxThreadLocalCharBufferSize: 16384
10:11:59.492 [Forwarding newSession on session null to remote] DEBUG io.netty.channel.DefaultChannelId - -Dio.netty.processId: 13780 (auto-detected)
10:11:59.494 [Forwarding newSession on session null to remote] DEBUG io.netty.util.NetUtil - -Djava.net.preferIPv4Stack: false
10:11:59.494 [Forwarding newSession on session null to remote] DEBUG io.netty.util.NetUtil - -Djava.net.preferIPv6Addresses: false
10:11:59.760 [Forwarding newSession on session null to remote] DEBUG io.netty.util.NetUtilInitializations - Loopback interface: lo (Software Loopback Interface 1, 127.0.0.1)
10:11:59.760 [Forwarding newSession on session null to remote] DEBUG io.netty.util.NetUtil - Failed to get SOMAXCONN from sysctl and file \proc\sys\net\core\somaxconn. Default: 200
10:11:59.774 [Forwarding newSession on session null to remote] DEBUG io.netty.channel.DefaultChannelId - -Dio.netty.machineId: 38:00:25:ff:fe:a0:6e:b9 (auto-detected)
10:11:59.826 [AsyncHttpClient-1-2] DEBUG io.netty.buffer.AbstractByteBuf - -Dio.netty.buffer.checkAccessible: true
10:11:59.826 [AsyncHttpClient-1-2] DEBUG io.netty.buffer.AbstractByteBuf - -Dio.netty.buffer.checkBounds: true
10:11:59.826 [AsyncHttpClient-1-2] DEBUG io.netty.util.ResourceLeakDetectorFactory - Loaded default ResourceLeakDetector: io.netty.util.ResourceLeakDetector@44e4dd36
10:11:59.839 [AsyncHttpClient-1-2] DEBUG org.asynchttpclient.netty.channel.NettyConnectListener - Using new Channel '[id: 0xe5eee0e1, L:/127.0.0.1:51420 - R:localhost/127.0.0.1:12515]' for 'POST' to '/session'
10:11:59.854 [AsyncHttpClient-1-2] DEBUG io.netty.util.Recycler - -Dio.netty.recycler.maxCapacityPerThread: 4096
10:11:59.855 [AsyncHttpClient-1-2] DEBUG io.netty.util.Recycler - -Dio.netty.recycler.ratio: 8
10:11:59.855 [AsyncHttpClient-1-2] DEBUG io.netty.util.Recycler - -Dio.netty.recycler.chunkSize: 32
10:11:59.855 [AsyncHttpClient-1-2] DEBUG io.netty.util.Recycler - -Dio.netty.recycler.blocking: false
10:12:00.653 [AsyncHttpClient-1-2] DEBUG io.netty.handler.codec.compression.Brotli - brotli4j not in the classpath; Brotli support will be unavailable.
10:12:00.653 [AsyncHttpClient-1-2] DEBUG org.asynchttpclient.netty.handler.HttpHandler - 

Request DefaultHttpRequest(decodeResult: success, version: HTTP/1.1)
POST /session HTTP/1.1
User-Agent: selenium/4.8.1 (java windows)
Content-Length: 507
Content-Type: application/json; charset=utf-8
host: localhost:12515
accept: */*

Response DefaultHttpResponse(decodeResult: success, version: HTTP/1.1)
HTTP/1.1 200 OK
Content-Length: 859
Content-Type: application/json; charset=utf-8
cache-control: no-cache

10:12:00.661 [AsyncHttpClient-1-2] DEBUG org.asynchttpclient.netty.channel.ChannelManager - Adding key: http://localhost:12515 for channel [id: 0xe5eee0e1, L:/127.0.0.1:51420 - R:localhost/127.0.0.1:12515]
10:12:00.695 [AsyncHttpClient-1-1] DEBUG org.asynchttpclient.netty.channel.DefaultChannelPool - Entry count for : http://localhost:12515 : 1
10:12:00.722 [AsyncHttpClient-1-3] DEBUG org.asynchttpclient.netty.channel.NettyConnectListener - Using new Channel '[id: 0x2b562712, L:/127.0.0.1:51428 - R:localhost/127.0.0.1:51423]' for 'GET' to '/json/version'
10:12:00.724 [AsyncHttpClient-1-3] DEBUG org.asynchttpclient.netty.handler.HttpHandler - 

Request DefaultFullHttpRequest(decodeResult: success, version: HTTP/1.1, content: EmptyByteBufBE)
GET /json/version HTTP/1.1
User-Agent: selenium/4.8.1 (java windows)
host: localhost:51423
accept: */*

Response DefaultHttpResponse(decodeResult: success, version: HTTP/1.1)
HTTP/1.1 200 OK
Content-Security-Policy: frame-ancestors 'none'
Content-Length: 424
Content-Type: application/json; charset=UTF-8

10:12:00.725 [AsyncHttpClient-1-3] DEBUG org.asynchttpclient.netty.channel.ChannelManager - Adding key: http://localhost:51423 for channel [id: 0x2b562712, L:/127.0.0.1:51428 - R:localhost/127.0.0.1:51423]
10:12:00.732 [main] DEBUG io.netty.util.internal.ThreadLocalRandom - -Dio.netty.initialSeedUniquifier: 0xce5da153e552c895
10:12:00.736 [AsyncHttpClient-1-4] DEBUG org.asynchttpclient.netty.channel.NettyConnectListener - Using new Channel '[id: 0x3272b316, L:/127.0.0.1:51430 - R:localhost/127.0.0.1:51423]' for 'GET' to '/devtools/browser/eae65715-e001-44a5-ad0c-f3c2689bb5cb'
10:12:00.739 [AsyncHttpClient-1-4] DEBUG org.asynchttpclient.netty.handler.WebSocketHandler - 

Request DefaultFullHttpRequest(decodeResult: success, version: HTTP/1.1, content: EmptyByteBufBE)
GET /devtools/browser/eae65715-e001-44a5-ad0c-f3c2689bb5cb HTTP/1.1
upgrade: websocket
connection: upgrade
sec-websocket-key: rRHsA5sg9bX+4i95lRozKg==
sec-websocket-version: 13
origin: http://localhost:51423
host: localhost:51423
accept: */*
user-agent: AHC/2.1

Response DefaultHttpResponse(decodeResult: success, version: HTTP/1.1)
HTTP/1.1 101 WebSocket Protocol Handshake
Upgrade: WebSocket
Connection: Upgrade
Sec-WebSocket-Accept: o+iTTnaG9IKLt8Btekx/X8l1tn0=

10:12:00.842 [Forwarding get on session 9123aba038aa2b0d5ba258a671f2d6f5 to remote] DEBUG org.asynchttpclient.netty.request.NettyRequestSender - Using pooled Channel '[id: 0xe5eee0e1, L:/127.0.0.1:51420 - R:localhost/127.0.0.1:12515]' for 'POST' to 'http://localhost:12515/session/9123aba038aa2b0d5ba258a671f2d6f5/url'
10:12:00.842 [Forwarding get on session 9123aba038aa2b0d5ba258a671f2d6f5 to remote] DEBUG org.asynchttpclient.netty.request.NettyRequestSender - Using open Channel [id: 0xe5eee0e1, L:/127.0.0.1:51420 - R:localhost/127.0.0.1:12515] for POST '/session/9123aba038aa2b0d5ba258a671f2d6f5/url'
10:12:01.800 [AsyncHttpClient-1-1] DEBUG org.asynchttpclient.netty.channel.DefaultChannelPool - Entry count for : http://localhost:51423 : 1
10:12:02.173 [AsyncHttpClient-1-2] DEBUG org.asynchttpclient.netty.handler.HttpHandler - 

Request DefaultHttpRequest(decodeResult: success, version: HTTP/1.1)
POST /session/9123aba038aa2b0d5ba258a671f2d6f5/url HTTP/1.1
User-Agent: selenium/4.8.1 (java windows)
Content-Length: 74
Content-Type: application/json; charset=utf-8
host: localhost:12515
accept: */*

Response DefaultHttpResponse(decodeResult: success, version: HTTP/1.1)
HTTP/1.1 200 OK
Content-Length: 14
Content-Type: application/json; charset=utf-8
cache-control: no-cache

10:12:02.173 [AsyncHttpClient-1-2] DEBUG org.asynchttpclient.netty.channel.ChannelManager - Adding key: http://localhost:12515 for channel [id: 0xe5eee0e1, L:/127.0.0.1:51420 - R:localhost/127.0.0.1:12515]
10:12:02.177 [Forwarding setTimeout on session 9123aba038aa2b0d5ba258a671f2d6f5 to remote] DEBUG org.asynchttpclient.netty.request.NettyRequestSender - Using pooled Channel '[id: 0xe5eee0e1, L:/127.0.0.1:51420 - R:localhost/127.0.0.1:12515]' for 'POST' to 'http://localhost:12515/session/9123aba038aa2b0d5ba258a671f2d6f5/timeouts'
10:12:02.177 [Forwarding setTimeout on session 9123aba038aa2b0d5ba258a671f2d6f5 to remote] DEBUG org.asynchttpclient.netty.request.NettyRequestSender - Using open Channel [id: 0xe5eee0e1, L:/127.0.0.1:51420 - R:localhost/127.0.0.1:12515] for POST '/session/9123aba038aa2b0d5ba258a671f2d6f5/timeouts'
10:12:02.178 [AsyncHttpClient-1-2] DEBUG org.asynchttpclient.netty.handler.HttpHandler - 

Request DefaultHttpRequest(decodeResult: success, version: HTTP/1.1)
POST /session/9123aba038aa2b0d5ba258a671f2d6f5/timeouts HTTP/1.1
User-Agent: selenium/4.8.1 (java windows)
Content-Length: 22
Content-Type: application/json; charset=utf-8
host: localhost:12515
accept: */*

Response DefaultHttpResponse(decodeResult: success, version: HTTP/1.1)
HTTP/1.1 200 OK
Content-Length: 14
Content-Type: application/json; charset=utf-8
cache-control: no-cache

10:12:02.179 [AsyncHttpClient-1-2] DEBUG org.asynchttpclient.netty.channel.ChannelManager - Adding key: http://localhost:12515 for channel [id: 0xe5eee0e1, L:/127.0.0.1:51420 - R:localhost/127.0.0.1:12515]
10:12:02.200 [main] DEBUG net.serenitybdd.core.photography.Darkroom - Opening darkroom
10:12:02.201 [Darkroom Processing Line] DEBUG net.serenitybdd.core.photography.DarkroomProcessingLine - Darkroom processing line starting up
10:12:02.215 [Forwarding getAlertText on session 9123aba038aa2b0d5ba258a671f2d6f5 to remote] DEBUG org.asynchttpclient.netty.request.NettyRequestSender - Using pooled Channel '[id: 0xe5eee0e1, L:/127.0.0.1:51420 - R:localhost/127.0.0.1:12515]' for 'GET' to 'http://localhost:12515/session/9123aba038aa2b0d5ba258a671f2d6f5/alert/text'
10:12:02.215 [Forwarding getAlertText on session 9123aba038aa2b0d5ba258a671f2d6f5 to remote] DEBUG org.asynchttpclient.netty.request.NettyRequestSender - Using open Channel [id: 0xe5eee0e1, L:/127.0.0.1:51420 - R:localhost/127.0.0.1:12515] for GET '/session/9123aba038aa2b0d5ba258a671f2d6f5/alert/text'
10:12:02.217 [AsyncHttpClient-1-2] DEBUG org.asynchttpclient.netty.handler.HttpHandler - 

Request DefaultFullHttpRequest(decodeResult: success, version: HTTP/1.1, content: EmptyByteBufBE)
GET /session/9123aba038aa2b0d5ba258a671f2d6f5/alert/text HTTP/1.1
User-Agent: selenium/4.8.1 (java windows)
Cache-Control: no-cache
Content-Type: application/json; charset=utf-8
host: localhost:12515
accept: */*

Response DefaultHttpResponse(decodeResult: success, version: HTTP/1.1)
HTTP/1.1 404 Not Found
Content-Length: 836
Content-Type: application/json; charset=utf-8
cache-control: no-cache

10:12:02.217 [AsyncHttpClient-1-2] DEBUG org.asynchttpclient.netty.channel.ChannelManager - Adding key: http://localhost:12515 for channel [id: 0xe5eee0e1, L:/127.0.0.1:51420 - R:localhost/127.0.0.1:12515]
10:12:02.223 [Forwarding getCurrentUrl on session 9123aba038aa2b0d5ba258a671f2d6f5 to remote] DEBUG org.asynchttpclient.netty.request.NettyRequestSender - Using pooled Channel '[id: 0xe5eee0e1, L:/127.0.0.1:51420 - R:localhost/127.0.0.1:12515]' for 'GET' to 'http://localhost:12515/session/9123aba038aa2b0d5ba258a671f2d6f5/url'
10:12:02.223 [Forwarding getCurrentUrl on session 9123aba038aa2b0d5ba258a671f2d6f5 to remote] DEBUG org.asynchttpclient.netty.request.NettyRequestSender - Using open Channel [id: 0xe5eee0e1, L:/127.0.0.1:51420 - R:localhost/127.0.0.1:12515] for GET '/session/9123aba038aa2b0d5ba258a671f2d6f5/url'
10:12:02.226 [AsyncHttpClient-1-2] DEBUG org.asynchttpclient.netty.handler.HttpHandler - 

Request DefaultFullHttpRequest(decodeResult: success, version: HTTP/1.1, content: EmptyByteBufBE)
GET /session/9123aba038aa2b0d5ba258a671f2d6f5/url HTTP/1.1
User-Agent: selenium/4.8.1 (java windows)
Cache-Control: no-cache
Content-Type: application/json; charset=utf-8
host: localhost:12515
accept: */*

Response DefaultHttpResponse(decodeResult: success, version: HTTP/1.1)
HTTP/1.1 200 OK
Content-Length: 51
Content-Type: application/json; charset=utf-8
cache-control: no-cache

10:12:02.226 [AsyncHttpClient-1-2] DEBUG org.asynchttpclient.netty.channel.ChannelManager - Adding key: http://localhost:12515 for channel [id: 0xe5eee0e1, L:/127.0.0.1:51420 - R:localhost/127.0.0.1:12515]
10:12:02.229 [Forwarding screenshot on session 9123aba038aa2b0d5ba258a671f2d6f5 to remote] DEBUG org.asynchttpclient.netty.request.NettyRequestSender - Using pooled Channel '[id: 0xe5eee0e1, L:/127.0.0.1:51420 - R:localhost/127.0.0.1:12515]' for 'GET' to 'http://localhost:12515/session/9123aba038aa2b0d5ba258a671f2d6f5/screenshot'
10:12:02.229 [Forwarding screenshot on session 9123aba038aa2b0d5ba258a671f2d6f5 to remote] DEBUG org.asynchttpclient.netty.request.NettyRequestSender - Using open Channel [id: 0xe5eee0e1, L:/127.0.0.1:51420 - R:localhost/127.0.0.1:12515] for GET '/session/9123aba038aa2b0d5ba258a671f2d6f5/screenshot'
10:12:02.306 [AsyncHttpClient-1-2] DEBUG org.asynchttpclient.netty.handler.HttpHandler - 

Request DefaultFullHttpRequest(decodeResult: success, version: HTTP/1.1, content: EmptyByteBufBE)
GET /session/9123aba038aa2b0d5ba258a671f2d6f5/screenshot HTTP/1.1
User-Agent: selenium/4.8.1 (java windows)
Cache-Control: no-cache
Content-Type: application/json; charset=utf-8
host: localhost:12515
accept: */*

Response DefaultHttpResponse(decodeResult: success, version: HTTP/1.1)
HTTP/1.1 200 OK
Content-Length: 32748
Content-Type: application/json; charset=utf-8
cache-control: no-cache

10:12:02.307 [AsyncHttpClient-1-2] DEBUG org.asynchttpclient.netty.channel.ChannelManager - Adding key: http://localhost:12515 for channel [id: 0xe5eee0e1, L:/127.0.0.1:51420 - R:localhost/127.0.0.1:12515]
10:12:02.367 [main] DEBUG net.serenitybdd.core.photography.Darkroom - Send negative for processing for target\site\serenity\838a118defe8b2c78f320792ccc0dfcdbc689f4090a216cf0baf82906188e658.png
10:12:02.367 [Darkroom Processing Line] DEBUG net.serenitybdd.core.photography.DarkroomProcessingLine - Processing screenshot image in /var/screenshots/screenshot-1247284116842429783
10:12:02.367 [Darkroom Processing Line] DEBUG net.serenitybdd.core.photography.DarkroomProcessingLine - Saving screenshot to target\site\serenity\838a118defe8b2c78f320792ccc0dfcdbc689f4090a216cf0baf82906188e658.png
10:12:02.371 [main] DEBUG net.thucydides.core.steps.StepInterceptor - STEP DONE: openPage
  &amp#27;[32mGiven &amp#27;[0m&amp#27;[32mI am on the alta-shop login page&amp#27;[0m    &amp#27;[90m# starter.stepdefinitions.LoginSteps.onTheLoginPage()&amp#27;[0m
10:12:02.384 [Forwarding getPageSource on session 9123aba038aa2b0d5ba258a671f2d6f5 to remote] DEBUG org.asynchttpclient.netty.request.NettyRequestSender - Using pooled Channel '[id: 0xe5eee0e1, L:/127.0.0.1:51420 - R:localhost/127.0.0.1:12515]' for 'POST' to 'http://localhost:12515/session/9123aba038aa2b0d5ba258a671f2d6f5/execute/sync'
10:12:02.384 [Forwarding getPageSource on session 9123aba038aa2b0d5ba258a671f2d6f5 to remote] DEBUG org.asynchttpclient.netty.request.NettyRequestSender - Using open Channel [id: 0xe5eee0e1, L:/127.0.0.1:51420 - R:localhost/127.0.0.1:12515] for POST '/session/9123aba038aa2b0d5ba258a671f2d6f5/execute/sync'
10:12:02.389 [AsyncHttpClient-1-2] DEBUG org.asynchttpclient.netty.handler.HttpHandler - 

Request DefaultHttpRequest(decodeResult: success, version: HTTP/1.1)
POST /session/9123aba038aa2b0d5ba258a671f2d6f5/execute/sync HTTP/1.1
User-Agent: selenium/4.8.1 (java windows)
Content-Length: 176
Content-Type: application/json; charset=utf-8
host: localhost:12515
accept: */*

Response DefaultHttpResponse(decodeResult: success, version: HTTP/1.1)
HTTP/1.1 200 OK
Content-Length: 21659
Content-Type: application/json; charset=utf-8
cache-control: no-cache

10:12:02.389 [AsyncHttpClient-1-2] DEBUG org.asynchttpclient.netty.channel.ChannelManager - Adding key: http://localhost:12515 for channel [id: 0xe5eee0e1, L:/127.0.0.1:51420 - R:localhost/127.0.0.1:12515]
10:12:02.443 [Forwarding getCurrentUrl on session 9123aba038aa2b0d5ba258a671f2d6f5 to remote] DEBUG org.asynchttpclient.netty.request.NettyRequestSender - Using pooled Channel '[id: 0xe5eee0e1, L:/127.0.0.1:51420 - R:localhost/127.0.0.1:12515]' for 'GET' to 'http://localhost:12515/session/9123aba038aa2b0d5ba258a671f2d6f5/url'
10:12:02.443 [Forwarding getCurrentUrl on session 9123aba038aa2b0d5ba258a671f2d6f5 to remote] DEBUG org.asynchttpclient.netty.request.NettyRequestSender - Using open Channel [id: 0xe5eee0e1, L:/127.0.0.1:51420 - R:localhost/127.0.0.1:12515] for GET '/session/9123aba038aa2b0d5ba258a671f2d6f5/url'
10:12:02.446 [AsyncHttpClient-1-2] DEBUG org.asynchttpclient.netty.handler.HttpHandler - 

Request DefaultFullHttpRequest(decodeResult: success, version: HTTP/1.1, content: EmptyByteBufBE)
GET /session/9123aba038aa2b0d5ba258a671f2d6f5/url HTTP/1.1
User-Agent: selenium/4.8.1 (java windows)
Cache-Control: no-cache
Content-Type: application/json; charset=utf-8
host: localhost:12515
accept: */*

Response DefaultHttpResponse(decodeResult: success, version: HTTP/1.1)
HTTP/1.1 200 OK
Content-Length: 51
Content-Type: application/json; charset=utf-8
cache-control: no-cache

10:12:02.446 [AsyncHttpClient-1-2] DEBUG org.asynchttpclient.netty.channel.ChannelManager - Adding key: http://localhost:12515 for channel [id: 0xe5eee0e1, L:/127.0.0.1:51420 - R:localhost/127.0.0.1:12515]
10:12:02.533 [Forwarding getAlertText on session 9123aba038aa2b0d5ba258a671f2d6f5 to remote] DEBUG org.asynchttpclient.netty.request.NettyRequestSender - Using pooled Channel '[id: 0xe5eee0e1, L:/127.0.0.1:51420 - R:localhost/127.0.0.1:12515]' for 'GET' to 'http://localhost:12515/session/9123aba038aa2b0d5ba258a671f2d6f5/alert/text'
10:12:02.533 [Forwarding getAlertText on session 9123aba038aa2b0d5ba258a671f2d6f5 to remote] DEBUG org.asynchttpclient.netty.request.NettyRequestSender - Using open Channel [id: 0xe5eee0e1, L:/127.0.0.1:51420 - R:localhost/127.0.0.1:12515] for GET '/session/9123aba038aa2b0d5ba258a671f2d6f5/alert/text'
10:12:02.534 [AsyncHttpClient-1-2] DEBUG org.asynchttpclient.netty.handler.HttpHandler - 

Request DefaultFullHttpRequest(decodeResult: success, version: HTTP/1.1, content: EmptyByteBufBE)
GET /session/9123aba038aa2b0d5ba258a671f2d6f5/alert/text HTTP/1.1
User-Agent: selenium/4.8.1 (java windows)
Cache-Control: no-cache
Content-Type: application/json; charset=utf-8
host: localhost:12515
accept: */*

Response DefaultHttpResponse(decodeResult: success, version: HTTP/1.1)
HTTP/1.1 404 Not Found
Content-Length: 836
Content-Type: application/json; charset=utf-8
cache-control: no-cache

10:12:02.534 [AsyncHttpClient-1-2] DEBUG org.asynchttpclient.netty.channel.ChannelManager - Adding key: http://localhost:12515 for channel [id: 0xe5eee0e1, L:/127.0.0.1:51420 - R:localhost/127.0.0.1:12515]
10:12:02.537 [Forwarding getCurrentUrl on session 9123aba038aa2b0d5ba258a671f2d6f5 to remote] DEBUG org.asynchttpclient.netty.request.NettyRequestSender - Using pooled Channel '[id: 0xe5eee0e1, L:/127.0.0.1:51420 - R:localhost/127.0.0.1:12515]' for 'GET' to 'http://localhost:12515/session/9123aba038aa2b0d5ba258a671f2d6f5/url'
10:12:02.537 [Forwarding getCurrentUrl on session 9123aba038aa2b0d5ba258a671f2d6f5 to remote] DEBUG org.asynchttpclient.netty.request.NettyRequestSender - Using open Channel [id: 0xe5eee0e1, L:/127.0.0.1:51420 - R:localhost/127.0.0.1:12515] for GET '/session/9123aba038aa2b0d5ba258a671f2d6f5/url'
10:12:02.540 [AsyncHttpClient-1-2] DEBUG org.asynchttpclient.netty.handler.HttpHandler - 

Request DefaultFullHttpRequest(decodeResult: success, version: HTTP/1.1, content: EmptyByteBufBE)
GET /session/9123aba038aa2b0d5ba258a671f2d6f5/url HTTP/1.1
User-Agent: selenium/4.8.1 (java windows)
Cache-Control: no-cache
Content-Type: application/json; charset=utf-8
host: localhost:12515
accept: */*

Response DefaultHttpResponse(decodeResult: success, version: HTTP/1.1)
HTTP/1.1 200 OK
Content-Length: 51
Content-Type: application/json; charset=utf-8
cache-control: no-cache

10:12:02.540 [AsyncHttpClient-1-2] DEBUG org.asynchttpclient.netty.channel.ChannelManager - Adding key: http://localhost:12515 for channel [id: 0xe5eee0e1, L:/127.0.0.1:51420 - R:localhost/127.0.0.1:12515]
10:12:02.541 [Forwarding screenshot on session 9123aba038aa2b0d5ba258a671f2d6f5 to remote] DEBUG org.asynchttpclient.netty.request.NettyRequestSender - Using pooled Channel '[id: 0xe5eee0e1, L:/127.0.0.1:51420 - R:localhost/127.0.0.1:12515]' for 'GET' to 'http://localhost:12515/session/9123aba038aa2b0d5ba258a671f2d6f5/screenshot'
10:12:02.542 [Forwarding screenshot on session 9123aba038aa2b0d5ba258a671f2d6f5 to remote] DEBUG org.asynchttpclient.netty.request.NettyRequestSender - Using open Channel [id: 0xe5eee0e1, L:/127.0.0.1:51420 - R:localhost/127.0.0.1:12515] for GET '/session/9123aba038aa2b0d5ba258a671f2d6f5/screenshot'
10:12:02.628 [AsyncHttpClient-1-2] DEBUG org.asynchttpclient.netty.handler.HttpHandler - 

Request DefaultFullHttpRequest(decodeResult: success, version: HTTP/1.1, content: EmptyByteBufBE)
GET /session/9123aba038aa2b0d5ba258a671f2d6f5/screenshot HTTP/1.1
User-Agent: selenium/4.8.1 (java windows)
Cache-Control: no-cache
Content-Type: application/json; charset=utf-8
host: localhost:12515
accept: */*

Response DefaultHttpResponse(decodeResult: success, version: HTTP/1.1)
HTTP/1.1 200 OK
Content-Length: 32748
Content-Type: application/json; charset=utf-8
cache-control: no-cache

10:12:02.629 [AsyncHttpClient-1-2] DEBUG org.asynchttpclient.netty.channel.ChannelManager - Adding key: http://localhost:12515 for channel [id: 0xe5eee0e1, L:/127.0.0.1:51420 - R:localhost/127.0.0.1:12515]
10:12:02.632 [main] DEBUG net.serenitybdd.core.photography.Darkroom - Send negative for processing for target\site\serenity\838a118defe8b2c78f320792ccc0dfcdbc689f4090a216cf0baf82906188e658.png
10:12:02.633 [Forwarding getPageSource on session 9123aba038aa2b0d5ba258a671f2d6f5 to remote] DEBUG org.asynchttpclient.netty.request.NettyRequestSender - Using pooled Channel '[id: 0xe5eee0e1, L:/127.0.0.1:51420 - R:localhost/127.0.0.1:12515]' for 'POST' to 'http://localhost:12515/session/9123aba038aa2b0d5ba258a671f2d6f5/execute/sync'
10:12:02.634 [Forwarding getPageSource on session 9123aba038aa2b0d5ba258a671f2d6f5 to remote] DEBUG org.asynchttpclient.netty.request.NettyRequestSender - Using open Channel [id: 0xe5eee0e1, L:/127.0.0.1:51420 - R:localhost/127.0.0.1:12515] for POST '/session/9123aba038aa2b0d5ba258a671f2d6f5/execute/sync'
10:12:02.639 [AsyncHttpClient-1-2] DEBUG org.asynchttpclient.netty.handler.HttpHandler - 

Request DefaultHttpRequest(decodeResult: success, version: HTTP/1.1)
POST /session/9123aba038aa2b0d5ba258a671f2d6f5/execute/sync HTTP/1.1
User-Agent: selenium/4.8.1 (java windows)
Content-Length: 176
Content-Type: application/json; charset=utf-8
host: localhost:12515
accept: */*

Response DefaultHttpResponse(decodeResult: success, version: HTTP/1.1)
HTTP/1.1 200 OK
Content-Length: 21659
Content-Type: application/json; charset=utf-8
cache-control: no-cache

10:12:02.639 [AsyncHttpClient-1-2] DEBUG org.asynchttpclient.netty.channel.ChannelManager - Adding key: http://localhost:12515 for channel [id: 0xe5eee0e1, L:/127.0.0.1:51420 - R:localhost/127.0.0.1:12515]
10:12:02.649 [Forwarding getCurrentUrl on session 9123aba038aa2b0d5ba258a671f2d6f5 to remote] DEBUG org.asynchttpclient.netty.request.NettyRequestSender - Using pooled Channel '[id: 0xe5eee0e1, L:/127.0.0.1:51420 - R:localhost/127.0.0.1:12515]' for 'GET' to 'http://localhost:12515/session/9123aba038aa2b0d5ba258a671f2d6f5/url'
10:12:02.650 [Forwarding getCurrentUrl on session 9123aba038aa2b0d5ba258a671f2d6f5 to remote] DEBUG org.asynchttpclient.netty.request.NettyRequestSender - Using open Channel [id: 0xe5eee0e1, L:/127.0.0.1:51420 - R:localhost/127.0.0.1:12515] for GET '/session/9123aba038aa2b0d5ba258a671f2d6f5/url'
10:12:02.653 [AsyncHttpClient-1-2] DEBUG org.asynchttpclient.netty.handler.HttpHandler - 

Request DefaultFullHttpRequest(decodeResult: success, version: HTTP/1.1, content: EmptyByteBufBE)
GET /session/9123aba038aa2b0d5ba258a671f2d6f5/url HTTP/1.1
User-Agent: selenium/4.8.1 (java windows)
Cache-Control: no-cache
Content-Type: application/json; charset=utf-8
host: localhost:12515
accept: */*

Response DefaultHttpResponse(decodeResult: success, version: HTTP/1.1)
HTTP/1.1 200 OK
Content-Length: 51
Content-Type: application/json; charset=utf-8
cache-control: no-cache

10:12:02.654 [AsyncHttpClient-1-2] DEBUG org.asynchttpclient.netty.channel.ChannelManager - Adding key: http://localhost:12515 for channel [id: 0xe5eee0e1, L:/127.0.0.1:51420 - R:localhost/127.0.0.1:12515]
10:12:02.656 [main] DEBUG net.thucydides.core.steps.StepInterceptor - STARTING STEP: RegisterSteps.clickLoginButton - clickRegisterLink
10:12:02.670 [Forwarding findElement on session 9123aba038aa2b0d5ba258a671f2d6f5 to remote] DEBUG org.asynchttpclient.netty.request.NettyRequestSender - Using pooled Channel '[id: 0xe5eee0e1, L:/127.0.0.1:51420 - R:localhost/127.0.0.1:12515]' for 'POST' to 'http://localhost:12515/session/9123aba038aa2b0d5ba258a671f2d6f5/element'
10:12:02.670 [Forwarding findElement on session 9123aba038aa2b0d5ba258a671f2d6f5 to remote] DEBUG org.asynchttpclient.netty.request.NettyRequestSender - Using open Channel [id: 0xe5eee0e1, L:/127.0.0.1:51420 - R:localhost/127.0.0.1:12515] for POST '/session/9123aba038aa2b0d5ba258a671f2d6f5/element'
10:12:02.682 [AsyncHttpClient-1-2] DEBUG org.asynchttpclient.netty.handler.HttpHandler - 

Request DefaultHttpRequest(decodeResult: success, version: HTTP/1.1)
POST /session/9123aba038aa2b0d5ba258a671f2d6f5/element HTTP/1.1
User-Agent: selenium/4.8.1 (java windows)
Content-Length: 84
Content-Type: application/json; charset=utf-8
host: localhost:12515
accept: */*

Response DefaultHttpResponse(decodeResult: success, version: HTTP/1.1)
HTTP/1.1 200 OK
Content-Length: 88
Content-Type: application/json; charset=utf-8
cache-control: no-cache

10:12:02.683 [AsyncHttpClient-1-2] DEBUG org.asynchttpclient.netty.channel.ChannelManager - Adding key: http://localhost:12515 for channel [id: 0xe5eee0e1, L:/127.0.0.1:51420 - R:localhost/127.0.0.1:12515]
10:12:02.685 [Forwarding getElementTagName on session 9123aba038aa2b0d5ba258a671f2d6f5 to remote] DEBUG org.asynchttpclient.netty.request.NettyRequestSender - Using pooled Channel '[id: 0xe5eee0e1, L:/127.0.0.1:51420 - R:localhost/127.0.0.1:12515]' for 'GET' to 'http://localhost:12515/session/9123aba038aa2b0d5ba258a671f2d6f5/element/6d31c33e-edf6-4b61-99f8-6f6e3560a6b0/name'
10:12:02.685 [Forwarding getElementTagName on session 9123aba038aa2b0d5ba258a671f2d6f5 to remote] DEBUG org.asynchttpclient.netty.request.NettyRequestSender - Using open Channel [id: 0xe5eee0e1, L:/127.0.0.1:51420 - R:localhost/127.0.0.1:12515] for GET '/session/9123aba038aa2b0d5ba258a671f2d6f5/element/6d31c33e-edf6-4b61-99f8-6f6e3560a6b0/name'
10:12:02.690 [AsyncHttpClient-1-2] DEBUG org.asynchttpclient.netty.handler.HttpHandler - 

Request DefaultFullHttpRequest(decodeResult: success, version: HTTP/1.1, content: EmptyByteBufBE)
GET /session/9123aba038aa2b0d5ba258a671f2d6f5/element/6d31c33e-edf6-4b61-99f8-6f6e3560a6b0/name HTTP/1.1
User-Agent: selenium/4.8.1 (java windows)
Cache-Control: no-cache
Content-Type: application/json; charset=utf-8
host: localhost:12515
accept: */*

Response DefaultHttpResponse(decodeResult: success, version: HTTP/1.1)
HTTP/1.1 200 OK
Content-Length: 13
Content-Type: application/json; charset=utf-8
cache-control: no-cache

10:12:02.690 [AsyncHttpClient-1-2] DEBUG org.asynchttpclient.netty.channel.ChannelManager - Adding key: http://localhost:12515 for channel [id: 0xe5eee0e1, L:/127.0.0.1:51420 - R:localhost/127.0.0.1:12515]
10:12:02.691 [Forwarding getElementTagName on session 9123aba038aa2b0d5ba258a671f2d6f5 to remote] DEBUG org.asynchttpclient.netty.request.NettyRequestSender - Using pooled Channel '[id: 0xe5eee0e1, L:/127.0.0.1:51420 - R:localhost/127.0.0.1:12515]' for 'GET' to 'http://localhost:12515/session/9123aba038aa2b0d5ba258a671f2d6f5/element/6d31c33e-edf6-4b61-99f8-6f6e3560a6b0/name'
10:12:02.691 [Forwarding getElementTagName on session 9123aba038aa2b0d5ba258a671f2d6f5 to remote] DEBUG org.asynchttpclient.netty.request.NettyRequestSender - Using open Channel [id: 0xe5eee0e1, L:/127.0.0.1:51420 - R:localhost/127.0.0.1:12515] for GET '/session/9123aba038aa2b0d5ba258a671f2d6f5/element/6d31c33e-edf6-4b61-99f8-6f6e3560a6b0/name'
10:12:02.694 [AsyncHttpClient-1-2] DEBUG org.asynchttpclient.netty.handler.HttpHandler - 

Request DefaultFullHttpRequest(decodeResult: success, version: HTTP/1.1, content: EmptyByteBufBE)
GET /session/9123aba038aa2b0d5ba258a671f2d6f5/element/6d31c33e-edf6-4b61-99f8-6f6e3560a6b0/name HTTP/1.1
User-Agent: selenium/4.8.1 (java windows)
Cache-Control: no-cache
Content-Type: application/json; charset=utf-8
host: localhost:12515
accept: */*

Response DefaultHttpResponse(decodeResult: success, version: HTTP/1.1)
HTTP/1.1 200 OK
Content-Length: 13
Content-Type: application/json; charset=utf-8
cache-control: no-cache

10:12:02.694 [AsyncHttpClient-1-2] DEBUG org.asynchttpclient.netty.channel.ChannelManager - Adding key: http://localhost:12515 for channel [id: 0xe5eee0e1, L:/127.0.0.1:51420 - R:localhost/127.0.0.1:12515]
10:12:02.698 [Forwarding findElement on session 9123aba038aa2b0d5ba258a671f2d6f5 to remote] DEBUG org.asynchttpclient.netty.request.NettyRequestSender - Using pooled Channel '[id: 0xe5eee0e1, L:/127.0.0.1:51420 - R:localhost/127.0.0.1:12515]' for 'POST' to 'http://localhost:12515/session/9123aba038aa2b0d5ba258a671f2d6f5/element'
10:12:02.698 [Forwarding findElement on session 9123aba038aa2b0d5ba258a671f2d6f5 to remote] DEBUG org.asynchttpclient.netty.request.NettyRequestSender - Using open Channel [id: 0xe5eee0e1, L:/127.0.0.1:51420 - R:localhost/127.0.0.1:12515] for POST '/session/9123aba038aa2b0d5ba258a671f2d6f5/element'
10:12:02.706 [AsyncHttpClient-1-2] DEBUG org.asynchttpclient.netty.handler.HttpHandler - 

Request DefaultHttpRequest(decodeResult: success, version: HTTP/1.1)
POST /session/9123aba038aa2b0d5ba258a671f2d6f5/element HTTP/1.1
User-Agent: selenium/4.8.1 (java windows)
Content-Length: 84
Content-Type: application/json; charset=utf-8
host: localhost:12515
accept: */*

Response DefaultHttpResponse(decodeResult: success, version: HTTP/1.1)
HTTP/1.1 200 OK
Content-Length: 88
Content-Type: application/json; charset=utf-8
cache-control: no-cache

10:12:02.706 [AsyncHttpClient-1-2] DEBUG org.asynchttpclient.netty.channel.ChannelManager - Adding key: http://localhost:12515 for channel [id: 0xe5eee0e1, L:/127.0.0.1:51420 - R:localhost/127.0.0.1:12515]
10:12:02.707 [Forwarding clickElement on session 9123aba038aa2b0d5ba258a671f2d6f5 to remote] DEBUG org.asynchttpclient.netty.request.NettyRequestSender - Using pooled Channel '[id: 0xe5eee0e1, L:/127.0.0.1:51420 - R:localhost/127.0.0.1:12515]' for 'POST' to 'http://localhost:12515/session/9123aba038aa2b0d5ba258a671f2d6f5/element/6d31c33e-edf6-4b61-99f8-6f6e3560a6b0/click'
10:12:02.707 [Forwarding clickElement on session 9123aba038aa2b0d5ba258a671f2d6f5 to remote] DEBUG org.asynchttpclient.netty.request.NettyRequestSender - Using open Channel [id: 0xe5eee0e1, L:/127.0.0.1:51420 - R:localhost/127.0.0.1:12515] for POST '/session/9123aba038aa2b0d5ba258a671f2d6f5/element/6d31c33e-edf6-4b61-99f8-6f6e3560a6b0/click'
10:12:02.759 [AsyncHttpClient-1-2] DEBUG org.asynchttpclient.netty.handler.HttpHandler - 

Request DefaultHttpRequest(decodeResult: success, version: HTTP/1.1)
POST /session/9123aba038aa2b0d5ba258a671f2d6f5/element/6d31c33e-edf6-4b61-99f8-6f6e3560a6b0/click HTTP/1.1
User-Agent: selenium/4.8.1 (java windows)
Content-Length: 50
Content-Type: application/json; charset=utf-8
host: localhost:12515
accept: */*

Response DefaultHttpResponse(decodeResult: success, version: HTTP/1.1)
HTTP/1.1 200 OK
Content-Length: 14
Content-Type: application/json; charset=utf-8
cache-control: no-cache

10:12:02.759 [AsyncHttpClient-1-2] DEBUG org.asynchttpclient.netty.channel.ChannelManager - Adding key: http://localhost:12515 for channel [id: 0xe5eee0e1, L:/127.0.0.1:51420 - R:localhost/127.0.0.1:12515]
10:12:02.776 [Forwarding getAlertText on session 9123aba038aa2b0d5ba258a671f2d6f5 to remote] DEBUG org.asynchttpclient.netty.request.NettyRequestSender - Using pooled Channel '[id: 0xe5eee0e1, L:/127.0.0.1:51420 - R:localhost/127.0.0.1:12515]' for 'GET' to 'http://localhost:12515/session/9123aba038aa2b0d5ba258a671f2d6f5/alert/text'
10:12:02.776 [Forwarding getAlertText on session 9123aba038aa2b0d5ba258a671f2d6f5 to remote] DEBUG org.asynchttpclient.netty.request.NettyRequestSender - Using open Channel [id: 0xe5eee0e1, L:/127.0.0.1:51420 - R:localhost/127.0.0.1:12515] for GET '/session/9123aba038aa2b0d5ba258a671f2d6f5/alert/text'
10:12:02.778 [AsyncHttpClient-1-2] DEBUG org.asynchttpclient.netty.handler.HttpHandler - 

Request DefaultFullHttpRequest(decodeResult: success, version: HTTP/1.1, content: EmptyByteBufBE)
GET /session/9123aba038aa2b0d5ba258a671f2d6f5/alert/text HTTP/1.1
User-Agent: selenium/4.8.1 (java windows)
Cache-Control: no-cache
Content-Type: application/json; charset=utf-8
host: localhost:12515
accept: */*

Response DefaultHttpResponse(decodeResult: success, version: HTTP/1.1)
HTTP/1.1 404 Not Found
Content-Length: 836
Content-Type: application/json; charset=utf-8
cache-control: no-cache

10:12:02.778 [AsyncHttpClient-1-2] DEBUG org.asynchttpclient.netty.channel.ChannelManager - Adding key: http://localhost:12515 for channel [id: 0xe5eee0e1, L:/127.0.0.1:51420 - R:localhost/127.0.0.1:12515]
10:12:02.782 [Forwarding getCurrentUrl on session 9123aba038aa2b0d5ba258a671f2d6f5 to remote] DEBUG org.asynchttpclient.netty.request.NettyRequestSender - Using pooled Channel '[id: 0xe5eee0e1, L:/127.0.0.1:51420 - R:localhost/127.0.0.1:12515]' for 'GET' to 'http://localhost:12515/session/9123aba038aa2b0d5ba258a671f2d6f5/url'
10:12:02.782 [Forwarding getCurrentUrl on session 9123aba038aa2b0d5ba258a671f2d6f5 to remote] DEBUG org.asynchttpclient.netty.request.NettyRequestSender - Using open Channel [id: 0xe5eee0e1, L:/127.0.0.1:51420 - R:localhost/127.0.0.1:12515] for GET '/session/9123aba038aa2b0d5ba258a671f2d6f5/url'
10:12:02.786 [AsyncHttpClient-1-2] DEBUG org.asynchttpclient.netty.handler.HttpHandler - 

Request DefaultFullHttpRequest(decodeResult: success, version: HTTP/1.1, content: EmptyByteBufBE)
GET /session/9123aba038aa2b0d5ba258a671f2d6f5/url HTTP/1.1
User-Agent: selenium/4.8.1 (java windows)
Cache-Control: no-cache
Content-Type: application/json; charset=utf-8
host: localhost:12515
accept: */*

Response DefaultHttpResponse(decodeResult: success, version: HTTP/1.1)
HTTP/1.1 200 OK
Content-Length: 54
Content-Type: application/json; charset=utf-8
cache-control: no-cache

10:12:02.786 [AsyncHttpClient-1-2] DEBUG org.asynchttpclient.netty.channel.ChannelManager - Adding key: http://localhost:12515 for channel [id: 0xe5eee0e1, L:/127.0.0.1:51420 - R:localhost/127.0.0.1:12515]
10:12:02.789 [Forwarding screenshot on session 9123aba038aa2b0d5ba258a671f2d6f5 to remote] DEBUG org.asynchttpclient.netty.request.NettyRequestSender - Using pooled Channel '[id: 0xe5eee0e1, L:/127.0.0.1:51420 - R:localhost/127.0.0.1:12515]' for 'GET' to 'http://localhost:12515/session/9123aba038aa2b0d5ba258a671f2d6f5/screenshot'
10:12:02.789 [Forwarding screenshot on session 9123aba038aa2b0d5ba258a671f2d6f5 to remote] DEBUG org.asynchttpclient.netty.request.NettyRequestSender - Using open Channel [id: 0xe5eee0e1, L:/127.0.0.1:51420 - R:localhost/127.0.0.1:12515] for GET '/session/9123aba038aa2b0d5ba258a671f2d6f5/screenshot'
10:12:02.896 [AsyncHttpClient-1-1] DEBUG org.asynchttpclient.netty.channel.DefaultChannelPool - Entry count for : http://localhost:51423 : 1
10:12:02.898 [AsyncHttpClient-1-2] DEBUG org.asynchttpclient.netty.handler.HttpHandler - 

Request DefaultFullHttpRequest(decodeResult: success, version: HTTP/1.1, content: EmptyByteBufBE)
GET /session/9123aba038aa2b0d5ba258a671f2d6f5/screenshot HTTP/1.1
User-Agent: selenium/4.8.1 (java windows)
Cache-Control: no-cache
Content-Type: application/json; charset=utf-8
host: localhost:12515
accept: */*

Response DefaultHttpResponse(decodeResult: success, version: HTTP/1.1)
HTTP/1.1 200 OK
Content-Length: 38084
Content-Type: application/json; charset=utf-8
cache-control: no-cache

10:12:02.899 [AsyncHttpClient-1-2] DEBUG org.asynchttpclient.netty.channel.ChannelManager - Adding key: http://localhost:12515 for channel [id: 0xe5eee0e1, L:/127.0.0.1:51420 - R:localhost/127.0.0.1:12515]
10:12:02.901 [main] DEBUG net.serenitybdd.core.photography.Darkroom - Send negative for processing for target\site\serenity\292f659900b5da6cedc4a6300c5af9e9c893ecd14c90032acea582f4b2690658.png
10:12:02.902 [Darkroom Processing Line] DEBUG net.serenitybdd.core.photography.DarkroomProcessingLine - Processing screenshot image in /var/screenshots/screenshot-9127657883873821666
10:12:02.902 [Darkroom Processing Line] DEBUG net.serenitybdd.core.photography.DarkroomProcessingLine - Saving screenshot to target\site\serenity\292f659900b5da6cedc4a6300c5af9e9c893ecd14c90032acea582f4b2690658.png
10:12:02.902 [main] DEBUG net.thucydides.core.steps.StepInterceptor - STEP DONE: clickRegisterLink
  &amp#27;[32mWhen &amp#27;[0m&amp#27;[32mI go to the alta-shop register page&amp#27;[0m  &amp#27;[90m# starter.stepdefinitions.RegisterSteps.clickLoginButton()&amp#27;[0m
10:12:02.914 [Forwarding getPageSource on session 9123aba038aa2b0d5ba258a671f2d6f5 to remote] DEBUG org.asynchttpclient.netty.request.NettyRequestSender - Using pooled Channel '[id: 0xe5eee0e1, L:/127.0.0.1:51420 - R:localhost/127.0.0.1:12515]' for 'POST' to 'http://localhost:12515/session/9123aba038aa2b0d5ba258a671f2d6f5/execute/sync'
10:12:02.914 [Forwarding getPageSource on session 9123aba038aa2b0d5ba258a671f2d6f5 to remote] DEBUG org.asynchttpclient.netty.request.NettyRequestSender - Using open Channel [id: 0xe5eee0e1, L:/127.0.0.1:51420 - R:localhost/127.0.0.1:12515] for POST '/session/9123aba038aa2b0d5ba258a671f2d6f5/execute/sync'
10:12:02.919 [AsyncHttpClient-1-2] DEBUG org.asynchttpclient.netty.handler.HttpHandler - 

Request DefaultHttpRequest(decodeResult: success, version: HTTP/1.1)
POST /session/9123aba038aa2b0d5ba258a671f2d6f5/execute/sync HTTP/1.1
User-Agent: selenium/4.8.1 (java windows)
Content-Length: 176
Content-Type: application/json; charset=utf-8
host: localhost:12515
accept: */*

Response DefaultHttpResponse(decodeResult: success, version: HTTP/1.1)
HTTP/1.1 200 OK
Content-Length: 22314
Content-Type: application/json; charset=utf-8
cache-control: no-cache

10:12:02.919 [AsyncHttpClient-1-2] DEBUG org.asynchttpclient.netty.channel.ChannelManager - Adding key: http://localhost:12515 for channel [id: 0xe5eee0e1, L:/127.0.0.1:51420 - R:localhost/127.0.0.1:12515]
10:12:02.926 [Forwarding getCurrentUrl on session 9123aba038aa2b0d5ba258a671f2d6f5 to remote] DEBUG org.asynchttpclient.netty.request.NettyRequestSender - Using pooled Channel '[id: 0xe5eee0e1, L:/127.0.0.1:51420 - R:localhost/127.0.0.1:12515]' for 'GET' to 'http://localhost:12515/session/9123aba038aa2b0d5ba258a671f2d6f5/url'
10:12:02.926 [Forwarding getCurrentUrl on session 9123aba038aa2b0d5ba258a671f2d6f5 to remote] DEBUG org.asynchttpclient.netty.request.NettyRequestSender - Using open Channel [id: 0xe5eee0e1, L:/127.0.0.1:51420 - R:localhost/127.0.0.1:12515] for GET '/session/9123aba038aa2b0d5ba258a671f2d6f5/url'
10:12:02.931 [AsyncHttpClient-1-2] DEBUG org.asynchttpclient.netty.handler.HttpHandler - 

Request DefaultFullHttpRequest(decodeResult: success, version: HTTP/1.1, content: EmptyByteBufBE)
GET /session/9123aba038aa2b0d5ba258a671f2d6f5/url HTTP/1.1
User-Agent: selenium/4.8.1 (java windows)
Cache-Control: no-cache
Content-Type: application/json; charset=utf-8
host: localhost:12515
accept: */*

Response DefaultHttpResponse(decodeResult: success, version: HTTP/1.1)
HTTP/1.1 200 OK
Content-Length: 54
Content-Type: application/json; charset=utf-8
cache-control: no-cache

10:12:02.931 [AsyncHttpClient-1-2] DEBUG org.asynchttpclient.netty.channel.ChannelManager - Adding key: http://localhost:12515 for channel [id: 0xe5eee0e1, L:/127.0.0.1:51420 - R:localhost/127.0.0.1:12515]
10:12:02.949 [Forwarding getPageSource on session 9123aba038aa2b0d5ba258a671f2d6f5 to remote] DEBUG org.asynchttpclient.netty.request.NettyRequestSender - Using pooled Channel '[id: 0xe5eee0e1, L:/127.0.0.1:51420 - R:localhost/127.0.0.1:12515]' for 'POST' to 'http://localhost:12515/session/9123aba038aa2b0d5ba258a671f2d6f5/execute/sync'
10:12:02.949 [Forwarding getPageSource on session 9123aba038aa2b0d5ba258a671f2d6f5 to remote] DEBUG org.asynchttpclient.netty.request.NettyRequestSender - Using open Channel [id: 0xe5eee0e1, L:/127.0.0.1:51420 - R:localhost/127.0.0.1:12515] for POST '/session/9123aba038aa2b0d5ba258a671f2d6f5/execute/sync'
10:12:02.954 [AsyncHttpClient-1-2] DEBUG org.asynchttpclient.netty.handler.HttpHandler - 

Request DefaultHttpRequest(decodeResult: success, version: HTTP/1.1)
POST /session/9123aba038aa2b0d5ba258a671f2d6f5/execute/sync HTTP/1.1
User-Agent: selenium/4.8.1 (java windows)
Content-Length: 176
Content-Type: application/json; charset=utf-8
host: localhost:12515
accept: */*

Response DefaultHttpResponse(decodeResult: success, version: HTTP/1.1)
HTTP/1.1 200 OK
Content-Length: 22314
Content-Type: application/json; charset=utf-8
cache-control: no-cache

10:12:02.955 [AsyncHttpClient-1-2] DEBUG org.asynchttpclient.netty.channel.ChannelManager - Adding key: http://localhost:12515 for channel [id: 0xe5eee0e1, L:/127.0.0.1:51420 - R:localhost/127.0.0.1:12515]
10:12:02.961 [Forwarding getCurrentUrl on session 9123aba038aa2b0d5ba258a671f2d6f5 to remote] DEBUG org.asynchttpclient.netty.request.NettyRequestSender - Using pooled Channel '[id: 0xe5eee0e1, L:/127.0.0.1:51420 - R:localhost/127.0.0.1:12515]' for 'GET' to 'http://localhost:12515/session/9123aba038aa2b0d5ba258a671f2d6f5/url'
10:12:02.962 [Forwarding getCurrentUrl on session 9123aba038aa2b0d5ba258a671f2d6f5 to remote] DEBUG org.asynchttpclient.netty.request.NettyRequestSender - Using open Channel [id: 0xe5eee0e1, L:/127.0.0.1:51420 - R:localhost/127.0.0.1:12515] for GET '/session/9123aba038aa2b0d5ba258a671f2d6f5/url'
10:12:02.965 [AsyncHttpClient-1-2] DEBUG org.asynchttpclient.netty.handler.HttpHandler - 

Request DefaultFullHttpRequest(decodeResult: success, version: HTTP/1.1, content: EmptyByteBufBE)
GET /session/9123aba038aa2b0d5ba258a671f2d6f5/url HTTP/1.1
User-Agent: selenium/4.8.1 (java windows)
Cache-Control: no-cache
Content-Type: application/json; charset=utf-8
host: localhost:12515
accept: */*

Response DefaultHttpResponse(decodeResult: success, version: HTTP/1.1)
HTTP/1.1 200 OK
Content-Length: 54
Content-Type: application/json; charset=utf-8
cache-control: no-cache

10:12:02.965 [AsyncHttpClient-1-2] DEBUG org.asynchttpclient.netty.channel.ChannelManager - Adding key: http://localhost:12515 for channel [id: 0xe5eee0e1, L:/127.0.0.1:51420 - R:localhost/127.0.0.1:12515]
10:12:02.967 [main] DEBUG net.thucydides.core.steps.StepInterceptor - STARTING STEP: RegisterSteps.inputFullnameReg - inputFullnameReg
10:12:02.971 [Forwarding findElement on session 9123aba038aa2b0d5ba258a671f2d6f5 to remote] DEBUG org.asynchttpclient.netty.request.NettyRequestSender - Using pooled Channel '[id: 0xe5eee0e1, L:/127.0.0.1:51420 - R:localhost/127.0.0.1:12515]' for 'POST' to 'http://localhost:12515/session/9123aba038aa2b0d5ba258a671f2d6f5/element'
10:12:02.971 [Forwarding findElement on session 9123aba038aa2b0d5ba258a671f2d6f5 to remote] DEBUG org.asynchttpclient.netty.request.NettyRequestSender - Using open Channel [id: 0xe5eee0e1, L:/127.0.0.1:51420 - R:localhost/127.0.0.1:12515] for POST '/session/9123aba038aa2b0d5ba258a671f2d6f5/element'
10:12:02.980 [AsyncHttpClient-1-2] DEBUG org.asynchttpclient.netty.handler.HttpHandler - 

Request DefaultHttpRequest(decodeResult: success, version: HTTP/1.1)
POST /session/9123aba038aa2b0d5ba258a671f2d6f5/element HTTP/1.1
User-Agent: selenium/4.8.1 (java windows)
Content-Length: 55
Content-Type: application/json; charset=utf-8
host: localhost:12515
accept: */*

Response DefaultHttpResponse(decodeResult: success, version: HTTP/1.1)
HTTP/1.1 200 OK
Content-Length: 88
Content-Type: application/json; charset=utf-8
cache-control: no-cache

10:12:02.980 [AsyncHttpClient-1-2] DEBUG org.asynchttpclient.netty.channel.ChannelManager - Adding key: http://localhost:12515 for channel [id: 0xe5eee0e1, L:/127.0.0.1:51420 - R:localhost/127.0.0.1:12515]
10:12:02.982 [Forwarding clearElement on session 9123aba038aa2b0d5ba258a671f2d6f5 to remote] DEBUG org.asynchttpclient.netty.request.NettyRequestSender - Using pooled Channel '[id: 0xe5eee0e1, L:/127.0.0.1:51420 - R:localhost/127.0.0.1:12515]' for 'POST' to 'http://localhost:12515/session/9123aba038aa2b0d5ba258a671f2d6f5/element/a947e10c-b687-4a63-a826-d80364110e28/clear'
10:12:02.982 [Forwarding clearElement on session 9123aba038aa2b0d5ba258a671f2d6f5 to remote] DEBUG org.asynchttpclient.netty.request.NettyRequestSender - Using open Channel [id: 0xe5eee0e1, L:/127.0.0.1:51420 - R:localhost/127.0.0.1:12515] for POST '/session/9123aba038aa2b0d5ba258a671f2d6f5/element/a947e10c-b687-4a63-a826-d80364110e28/clear'
10:12:03.008 [AsyncHttpClient-1-2] DEBUG org.asynchttpclient.netty.handler.HttpHandler - 

Request DefaultHttpRequest(decodeResult: success, version: HTTP/1.1)
POST /session/9123aba038aa2b0d5ba258a671f2d6f5/element/a947e10c-b687-4a63-a826-d80364110e28/clear HTTP/1.1
User-Agent: selenium/4.8.1 (java windows)
Content-Length: 50
Content-Type: application/json; charset=utf-8
host: localhost:12515
accept: */*

Response DefaultHttpResponse(decodeResult: success, version: HTTP/1.1)
HTTP/1.1 200 OK
Content-Length: 14
Content-Type: application/json; charset=utf-8
cache-control: no-cache

10:12:03.008 [AsyncHttpClient-1-2] DEBUG org.asynchttpclient.netty.channel.ChannelManager - Adding key: http://localhost:12515 for channel [id: 0xe5eee0e1, L:/127.0.0.1:51420 - R:localhost/127.0.0.1:12515]
10:12:03.012 [Forwarding sendKeysToElement on session 9123aba038aa2b0d5ba258a671f2d6f5 to remote] DEBUG org.asynchttpclient.netty.request.NettyRequestSender - Using pooled Channel '[id: 0xe5eee0e1, L:/127.0.0.1:51420 - R:localhost/127.0.0.1:12515]' for 'POST' to 'http://localhost:12515/session/9123aba038aa2b0d5ba258a671f2d6f5/element/a947e10c-b687-4a63-a826-d80364110e28/value'
10:12:03.012 [Forwarding sendKeysToElement on session 9123aba038aa2b0d5ba258a671f2d6f5 to remote] DEBUG org.asynchttpclient.netty.request.NettyRequestSender - Using open Channel [id: 0xe5eee0e1, L:/127.0.0.1:51420 - R:localhost/127.0.0.1:12515] for POST '/session/9123aba038aa2b0d5ba258a671f2d6f5/element/a947e10c-b687-4a63-a826-d80364110e28/value'
10:12:03.066 [AsyncHttpClient-1-2] DEBUG org.asynchttpclient.netty.handler.HttpHandler - 

Request DefaultHttpRequest(decodeResult: success, version: HTTP/1.1)
POST /session/9123aba038aa2b0d5ba258a671f2d6f5/element/a947e10c-b687-4a63-a826-d80364110e28/value HTTP/1.1
User-Agent: selenium/4.8.1 (java windows)
Content-Length: 121
Content-Type: application/json; charset=utf-8
host: localhost:12515
accept: */*

Response DefaultHttpResponse(decodeResult: success, version: HTTP/1.1)
HTTP/1.1 200 OK
Content-Length: 14
Content-Type: application/json; charset=utf-8
cache-control: no-cache

10:12:03.066 [AsyncHttpClient-1-2] DEBUG org.asynchttpclient.netty.channel.ChannelManager - Adding key: http://localhost:12515 for channel [id: 0xe5eee0e1, L:/127.0.0.1:51420 - R:localhost/127.0.0.1:12515]
10:12:03.074 [Forwarding getAlertText on session 9123aba038aa2b0d5ba258a671f2d6f5 to remote] DEBUG org.asynchttpclient.netty.request.NettyRequestSender - Using pooled Channel '[id: 0xe5eee0e1, L:/127.0.0.1:51420 - R:localhost/127.0.0.1:12515]' for 'GET' to 'http://localhost:12515/session/9123aba038aa2b0d5ba258a671f2d6f5/alert/text'
10:12:03.074 [Forwarding getAlertText on session 9123aba038aa2b0d5ba258a671f2d6f5 to remote] DEBUG org.asynchttpclient.netty.request.NettyRequestSender - Using open Channel [id: 0xe5eee0e1, L:/127.0.0.1:51420 - R:localhost/127.0.0.1:12515] for GET '/session/9123aba038aa2b0d5ba258a671f2d6f5/alert/text'
10:12:03.075 [AsyncHttpClient-1-2] DEBUG org.asynchttpclient.netty.handler.HttpHandler - 

Request DefaultFullHttpRequest(decodeResult: success, version: HTTP/1.1, content: EmptyByteBufBE)
GET /session/9123aba038aa2b0d5ba258a671f2d6f5/alert/text HTTP/1.1
User-Agent: selenium/4.8.1 (java windows)
Cache-Control: no-cache
Content-Type: application/json; charset=utf-8
host: localhost:12515
accept: */*

Response DefaultHttpResponse(decodeResult: success, version: HTTP/1.1)
HTTP/1.1 404 Not Found
Content-Length: 836
Content-Type: application/json; charset=utf-8
cache-control: no-cache

10:12:03.075 [AsyncHttpClient-1-2] DEBUG org.asynchttpclient.netty.channel.ChannelManager - Adding key: http://localhost:12515 for channel [id: 0xe5eee0e1, L:/127.0.0.1:51420 - R:localhost/127.0.0.1:12515]
10:12:03.077 [Forwarding getCurrentUrl on session 9123aba038aa2b0d5ba258a671f2d6f5 to remote] DEBUG org.asynchttpclient.netty.request.NettyRequestSender - Using pooled Channel '[id: 0xe5eee0e1, L:/127.0.0.1:51420 - R:localhost/127.0.0.1:12515]' for 'GET' to 'http://localhost:12515/session/9123aba038aa2b0d5ba258a671f2d6f5/url'
10:12:03.077 [Forwarding getCurrentUrl on session 9123aba038aa2b0d5ba258a671f2d6f5 to remote] DEBUG org.asynchttpclient.netty.request.NettyRequestSender - Using open Channel [id: 0xe5eee0e1, L:/127.0.0.1:51420 - R:localhost/127.0.0.1:12515] for GET '/session/9123aba038aa2b0d5ba258a671f2d6f5/url'
10:12:03.081 [AsyncHttpClient-1-2] DEBUG org.asynchttpclient.netty.handler.HttpHandler - 

Request DefaultFullHttpRequest(decodeResult: success, version: HTTP/1.1, content: EmptyByteBufBE)
GET /session/9123aba038aa2b0d5ba258a671f2d6f5/url HTTP/1.1
User-Agent: selenium/4.8.1 (java windows)
Cache-Control: no-cache
Content-Type: application/json; charset=utf-8
host: localhost:12515
accept: */*

Response DefaultHttpResponse(decodeResult: success, version: HTTP/1.1)
HTTP/1.1 200 OK
Content-Length: 54
Content-Type: application/json; charset=utf-8
cache-control: no-cache

10:12:03.081 [AsyncHttpClient-1-2] DEBUG org.asynchttpclient.netty.channel.ChannelManager - Adding key: http://localhost:12515 for channel [id: 0xe5eee0e1, L:/127.0.0.1:51420 - R:localhost/127.0.0.1:12515]
10:12:03.082 [Forwarding screenshot on session 9123aba038aa2b0d5ba258a671f2d6f5 to remote] DEBUG org.asynchttpclient.netty.request.NettyRequestSender - Using pooled Channel '[id: 0xe5eee0e1, L:/127.0.0.1:51420 - R:localhost/127.0.0.1:12515]' for 'GET' to 'http://localhost:12515/session/9123aba038aa2b0d5ba258a671f2d6f5/screenshot'
10:12:03.082 [Forwarding screenshot on session 9123aba038aa2b0d5ba258a671f2d6f5 to remote] DEBUG org.asynchttpclient.netty.request.NettyRequestSender - Using open Channel [id: 0xe5eee0e1, L:/127.0.0.1:51420 - R:localhost/127.0.0.1:12515] for GET '/session/9123aba038aa2b0d5ba258a671f2d6f5/screenshot'
10:12:03.185 [AsyncHttpClient-1-2] DEBUG org.asynchttpclient.netty.handler.HttpHandler - 

Request DefaultFullHttpRequest(decodeResult: success, version: HTTP/1.1, content: EmptyByteBufBE)
GET /session/9123aba038aa2b0d5ba258a671f2d6f5/screenshot HTTP/1.1
User-Agent: selenium/4.8.1 (java windows)
Cache-Control: no-cache
Content-Type: application/json; charset=utf-8
host: localhost:12515
accept: */*

Response DefaultHttpResponse(decodeResult: success, version: HTTP/1.1)
HTTP/1.1 200 OK
Content-Length: 39856
Content-Type: application/json; charset=utf-8
cache-control: no-cache

10:12:03.186 [AsyncHttpClient-1-2] DEBUG org.asynchttpclient.netty.channel.ChannelManager - Adding key: http://localhost:12515 for channel [id: 0xe5eee0e1, L:/127.0.0.1:51420 - R:localhost/127.0.0.1:12515]
10:12:03.189 [main] DEBUG net.serenitybdd.core.photography.Darkroom - Send negative for processing for target\site\serenity\a52891b694e8232dd2ac2d717790f6004bb48e96c22afdd5347f5d67293be7b2.png
10:12:03.189 [main] DEBUG net.thucydides.core.steps.StepInterceptor - STEP DONE: inputFullnameReg
10:12:03.189 [Darkroom Processing Line] DEBUG net.serenitybdd.core.photography.DarkroomProcessingLine - Processing screenshot image in /var/screenshots/screenshot-3870944053484357537
10:12:03.189 [Darkroom Processing Line] DEBUG net.serenitybdd.core.photography.DarkroomProcessingLine - Saving screenshot to target\site\serenity\a52891b694e8232dd2ac2d717790f6004bb48e96c22afdd5347f5d67293be7b2.png
  &amp#27;[32mAnd &amp#27;[0m&amp#27;[32mI input correct fullname for register&amp#27;[0m &amp#27;[90m# starter.stepdefinitions.RegisterSteps.inputFullnameReg()&amp#27;[0m
10:12:03.197 [Forwarding getPageSource on session 9123aba038aa2b0d5ba258a671f2d6f5 to remote] DEBUG org.asynchttpclient.netty.request.NettyRequestSender - Using pooled Channel '[id: 0xe5eee0e1, L:/127.0.0.1:51420 - R:localhost/127.0.0.1:12515]' for 'POST' to 'http://localhost:12515/session/9123aba038aa2b0d5ba258a671f2d6f5/execute/sync'
10:12:03.197 [Forwarding getPageSource on session 9123aba038aa2b0d5ba258a671f2d6f5 to remote] DEBUG org.asynchttpclient.netty.request.NettyRequestSender - Using open Channel [id: 0xe5eee0e1, L:/127.0.0.1:51420 - R:localhost/127.0.0.1:12515] for POST '/session/9123aba038aa2b0d5ba258a671f2d6f5/execute/sync'
10:12:03.201 [AsyncHttpClient-1-2] DEBUG org.asynchttpclient.netty.handler.HttpHandler - 

Request DefaultHttpRequest(decodeResult: success, version: HTTP/1.1)
POST /session/9123aba038aa2b0d5ba258a671f2d6f5/execute/sync HTTP/1.1
User-Agent: selenium/4.8.1 (java windows)
Content-Length: 176
Content-Type: application/json; charset=utf-8
host: localhost:12515
accept: */*

Response DefaultHttpResponse(decodeResult: success, version: HTTP/1.1)
HTTP/1.1 200 OK
Content-Length: 22435
Content-Type: application/json; charset=utf-8
cache-control: no-cache

10:12:03.202 [AsyncHttpClient-1-2] DEBUG org.asynchttpclient.netty.channel.ChannelManager - Adding key: http://localhost:12515 for channel [id: 0xe5eee0e1, L:/127.0.0.1:51420 - R:localhost/127.0.0.1:12515]
10:12:03.206 [Forwarding getCurrentUrl on session 9123aba038aa2b0d5ba258a671f2d6f5 to remote] DEBUG org.asynchttpclient.netty.request.NettyRequestSender - Using pooled Channel '[id: 0xe5eee0e1, L:/127.0.0.1:51420 - R:localhost/127.0.0.1:12515]' for 'GET' to 'http://localhost:12515/session/9123aba038aa2b0d5ba258a671f2d6f5/url'
10:12:03.206 [Forwarding getCurrentUrl on session 9123aba038aa2b0d5ba258a671f2d6f5 to remote] DEBUG org.asynchttpclient.netty.request.NettyRequestSender - Using open Channel [id: 0xe5eee0e1, L:/127.0.0.1:51420 - R:localhost/127.0.0.1:12515] for GET '/session/9123aba038aa2b0d5ba258a671f2d6f5/url'
10:12:03.208 [AsyncHttpClient-1-2] DEBUG org.asynchttpclient.netty.handler.HttpHandler - 

Request DefaultFullHttpRequest(decodeResult: success, version: HTTP/1.1, content: EmptyByteBufBE)
GET /session/9123aba038aa2b0d5ba258a671f2d6f5/url HTTP/1.1
User-Agent: selenium/4.8.1 (java windows)
Cache-Control: no-cache
Content-Type: application/json; charset=utf-8
host: localhost:12515
accept: */*

Response DefaultHttpResponse(decodeResult: success, version: HTTP/1.1)
HTTP/1.1 200 OK
Content-Length: 54
Content-Type: application/json; charset=utf-8
cache-control: no-cache

10:12:03.209 [AsyncHttpClient-1-2] DEBUG org.asynchttpclient.netty.channel.ChannelManager - Adding key: http://localhost:12515 for channel [id: 0xe5eee0e1, L:/127.0.0.1:51420 - R:localhost/127.0.0.1:12515]
10:12:03.216 [Forwarding getPageSource on session 9123aba038aa2b0d5ba258a671f2d6f5 to remote] DEBUG org.asynchttpclient.netty.request.NettyRequestSender - Using pooled Channel '[id: 0xe5eee0e1, L:/127.0.0.1:51420 - R:localhost/127.0.0.1:12515]' for 'POST' to 'http://localhost:12515/session/9123aba038aa2b0d5ba258a671f2d6f5/execute/sync'
10:12:03.216 [Forwarding getPageSource on session 9123aba038aa2b0d5ba258a671f2d6f5 to remote] DEBUG org.asynchttpclient.netty.request.NettyRequestSender - Using open Channel [id: 0xe5eee0e1, L:/127.0.0.1:51420 - R:localhost/127.0.0.1:12515] for POST '/session/9123aba038aa2b0d5ba258a671f2d6f5/execute/sync'
10:12:03.220 [AsyncHttpClient-1-2] DEBUG org.asynchttpclient.netty.handler.HttpHandler - 

Request DefaultHttpRequest(decodeResult: success, version: HTTP/1.1)
POST /session/9123aba038aa2b0d5ba258a671f2d6f5/execute/sync HTTP/1.1
User-Agent: selenium/4.8.1 (java windows)
Content-Length: 176
Content-Type: application/json; charset=utf-8
host: localhost:12515
accept: */*

Response DefaultHttpResponse(decodeResult: success, version: HTTP/1.1)
HTTP/1.1 200 OK
Content-Length: 22435
Content-Type: application/json; charset=utf-8
cache-control: no-cache

10:12:03.221 [AsyncHttpClient-1-2] DEBUG org.asynchttpclient.netty.channel.ChannelManager - Adding key: http://localhost:12515 for channel [id: 0xe5eee0e1, L:/127.0.0.1:51420 - R:localhost/127.0.0.1:12515]
10:12:03.225 [Forwarding getCurrentUrl on session 9123aba038aa2b0d5ba258a671f2d6f5 to remote] DEBUG org.asynchttpclient.netty.request.NettyRequestSender - Using pooled Channel '[id: 0xe5eee0e1, L:/127.0.0.1:51420 - R:localhost/127.0.0.1:12515]' for 'GET' to 'http://localhost:12515/session/9123aba038aa2b0d5ba258a671f2d6f5/url'
10:12:03.225 [Forwarding getCurrentUrl on session 9123aba038aa2b0d5ba258a671f2d6f5 to remote] DEBUG org.asynchttpclient.netty.request.NettyRequestSender - Using open Channel [id: 0xe5eee0e1, L:/127.0.0.1:51420 - R:localhost/127.0.0.1:12515] for GET '/session/9123aba038aa2b0d5ba258a671f2d6f5/url'
10:12:03.227 [AsyncHttpClient-1-2] DEBUG org.asynchttpclient.netty.handler.HttpHandler - 

Request DefaultFullHttpRequest(decodeResult: success, version: HTTP/1.1, content: EmptyByteBufBE)
GET /session/9123aba038aa2b0d5ba258a671f2d6f5/url HTTP/1.1
User-Agent: selenium/4.8.1 (java windows)
Cache-Control: no-cache
Content-Type: application/json; charset=utf-8
host: localhost:12515
accept: */*

Response DefaultHttpResponse(decodeResult: success, version: HTTP/1.1)
HTTP/1.1 200 OK
Content-Length: 54
Content-Type: application/json; charset=utf-8
cache-control: no-cache

10:12:03.228 [AsyncHttpClient-1-2] DEBUG org.asynchttpclient.netty.channel.ChannelManager - Adding key: http://localhost:12515 for channel [id: 0xe5eee0e1, L:/127.0.0.1:51420 - R:localhost/127.0.0.1:12515]
10:12:03.229 [main] DEBUG net.thucydides.core.steps.StepInterceptor - STARTING STEP: RegisterSteps.inputEmailReg - inputEmailReg
10:12:03.232 [Forwarding findElement on session 9123aba038aa2b0d5ba258a671f2d6f5 to remote] DEBUG org.asynchttpclient.netty.request.NettyRequestSender - Using pooled Channel '[id: 0xe5eee0e1, L:/127.0.0.1:51420 - R:localhost/127.0.0.1:12515]' for 'POST' to 'http://localhost:12515/session/9123aba038aa2b0d5ba258a671f2d6f5/element'
10:12:03.232 [Forwarding findElement on session 9123aba038aa2b0d5ba258a671f2d6f5 to remote] DEBUG org.asynchttpclient.netty.request.NettyRequestSender - Using open Channel [id: 0xe5eee0e1, L:/127.0.0.1:51420 - R:localhost/127.0.0.1:12515] for POST '/session/9123aba038aa2b0d5ba258a671f2d6f5/element'
10:12:03.242 [AsyncHttpClient-1-2] DEBUG org.asynchttpclient.netty.handler.HttpHandler - 

Request DefaultHttpRequest(decodeResult: success, version: HTTP/1.1)
POST /session/9123aba038aa2b0d5ba258a671f2d6f5/element HTTP/1.1
User-Agent: selenium/4.8.1 (java windows)
Content-Length: 55
Content-Type: application/json; charset=utf-8
host: localhost:12515
accept: */*

Response DefaultHttpResponse(decodeResult: success, version: HTTP/1.1)
HTTP/1.1 200 OK
Content-Length: 88
Content-Type: application/json; charset=utf-8
cache-control: no-cache

10:12:03.242 [AsyncHttpClient-1-2] DEBUG org.asynchttpclient.netty.channel.ChannelManager - Adding key: http://localhost:12515 for channel [id: 0xe5eee0e1, L:/127.0.0.1:51420 - R:localhost/127.0.0.1:12515]
10:12:03.243 [Forwarding clearElement on session 9123aba038aa2b0d5ba258a671f2d6f5 to remote] DEBUG org.asynchttpclient.netty.request.NettyRequestSender - Using pooled Channel '[id: 0xe5eee0e1, L:/127.0.0.1:51420 - R:localhost/127.0.0.1:12515]' for 'POST' to 'http://localhost:12515/session/9123aba038aa2b0d5ba258a671f2d6f5/element/243d4e70-352d-49e5-a1da-bc0b4873d4ca/clear'
10:12:03.243 [Forwarding clearElement on session 9123aba038aa2b0d5ba258a671f2d6f5 to remote] DEBUG org.asynchttpclient.netty.request.NettyRequestSender - Using open Channel [id: 0xe5eee0e1, L:/127.0.0.1:51420 - R:localhost/127.0.0.1:12515] for POST '/session/9123aba038aa2b0d5ba258a671f2d6f5/element/243d4e70-352d-49e5-a1da-bc0b4873d4ca/clear'
10:12:03.267 [AsyncHttpClient-1-2] DEBUG org.asynchttpclient.netty.handler.HttpHandler - 

Request DefaultHttpRequest(decodeResult: success, version: HTTP/1.1)
POST /session/9123aba038aa2b0d5ba258a671f2d6f5/element/243d4e70-352d-49e5-a1da-bc0b4873d4ca/clear HTTP/1.1
User-Agent: selenium/4.8.1 (java windows)
Content-Length: 50
Content-Type: application/json; charset=utf-8
host: localhost:12515
accept: */*

Response DefaultHttpResponse(decodeResult: success, version: HTTP/1.1)
HTTP/1.1 200 OK
Content-Length: 14
Content-Type: application/json; charset=utf-8
cache-control: no-cache

10:12:03.267 [AsyncHttpClient-1-2] DEBUG org.asynchttpclient.netty.channel.ChannelManager - Adding key: http://localhost:12515 for channel [id: 0xe5eee0e1, L:/127.0.0.1:51420 - R:localhost/127.0.0.1:12515]
10:12:03.269 [Forwarding sendKeysToElement on session 9123aba038aa2b0d5ba258a671f2d6f5 to remote] DEBUG org.asynchttpclient.netty.request.NettyRequestSender - Using pooled Channel '[id: 0xe5eee0e1, L:/127.0.0.1:51420 - R:localhost/127.0.0.1:12515]' for 'POST' to 'http://localhost:12515/session/9123aba038aa2b0d5ba258a671f2d6f5/element/243d4e70-352d-49e5-a1da-bc0b4873d4ca/value'
10:12:03.269 [Forwarding sendKeysToElement on session 9123aba038aa2b0d5ba258a671f2d6f5 to remote] DEBUG org.asynchttpclient.netty.request.NettyRequestSender - Using open Channel [id: 0xe5eee0e1, L:/127.0.0.1:51420 - R:localhost/127.0.0.1:12515] for POST '/session/9123aba038aa2b0d5ba258a671f2d6f5/element/243d4e70-352d-49e5-a1da-bc0b4873d4ca/value'
10:12:03.378 [AsyncHttpClient-1-2] DEBUG org.asynchttpclient.netty.handler.HttpHandler - 

Request DefaultHttpRequest(decodeResult: success, version: HTTP/1.1)
POST /session/9123aba038aa2b0d5ba258a671f2d6f5/element/243d4e70-352d-49e5-a1da-bc0b4873d4ca/value HTTP/1.1
User-Agent: selenium/4.8.1 (java windows)
Content-Length: 351
Content-Type: application/json; charset=utf-8
host: localhost:12515
accept: */*

Response DefaultHttpResponse(decodeResult: success, version: HTTP/1.1)
HTTP/1.1 200 OK
Content-Length: 14
Content-Type: application/json; charset=utf-8
cache-control: no-cache

10:12:03.378 [AsyncHttpClient-1-2] DEBUG org.asynchttpclient.netty.channel.ChannelManager - Adding key: http://localhost:12515 for channel [id: 0xe5eee0e1, L:/127.0.0.1:51420 - R:localhost/127.0.0.1:12515]
10:12:03.387 [Forwarding getAlertText on session 9123aba038aa2b0d5ba258a671f2d6f5 to remote] DEBUG org.asynchttpclient.netty.request.NettyRequestSender - Using pooled Channel '[id: 0xe5eee0e1, L:/127.0.0.1:51420 - R:localhost/127.0.0.1:12515]' for 'GET' to 'http://localhost:12515/session/9123aba038aa2b0d5ba258a671f2d6f5/alert/text'
10:12:03.387 [Forwarding getAlertText on session 9123aba038aa2b0d5ba258a671f2d6f5 to remote] DEBUG org.asynchttpclient.netty.request.NettyRequestSender - Using open Channel [id: 0xe5eee0e1, L:/127.0.0.1:51420 - R:localhost/127.0.0.1:12515] for GET '/session/9123aba038aa2b0d5ba258a671f2d6f5/alert/text'
10:12:03.389 [AsyncHttpClient-1-2] DEBUG org.asynchttpclient.netty.handler.HttpHandler - 

Request DefaultFullHttpRequest(decodeResult: success, version: HTTP/1.1, content: EmptyByteBufBE)
GET /session/9123aba038aa2b0d5ba258a671f2d6f5/alert/text HTTP/1.1
User-Agent: selenium/4.8.1 (java windows)
Cache-Control: no-cache
Content-Type: application/json; charset=utf-8
host: localhost:12515
accept: */*

Response DefaultHttpResponse(decodeResult: success, version: HTTP/1.1)
HTTP/1.1 404 Not Found
Content-Length: 836
Content-Type: application/json; charset=utf-8
cache-control: no-cache

10:12:03.390 [AsyncHttpClient-1-2] DEBUG org.asynchttpclient.netty.channel.ChannelManager - Adding key: http://localhost:12515 for channel [id: 0xe5eee0e1, L:/127.0.0.1:51420 - R:localhost/127.0.0.1:12515]
10:12:03.391 [Forwarding getCurrentUrl on session 9123aba038aa2b0d5ba258a671f2d6f5 to remote] DEBUG org.asynchttpclient.netty.request.NettyRequestSender - Using pooled Channel '[id: 0xe5eee0e1, L:/127.0.0.1:51420 - R:localhost/127.0.0.1:12515]' for 'GET' to 'http://localhost:12515/session/9123aba038aa2b0d5ba258a671f2d6f5/url'
10:12:03.391 [Forwarding getCurrentUrl on session 9123aba038aa2b0d5ba258a671f2d6f5 to remote] DEBUG org.asynchttpclient.netty.request.NettyRequestSender - Using open Channel [id: 0xe5eee0e1, L:/127.0.0.1:51420 - R:localhost/127.0.0.1:12515] for GET '/session/9123aba038aa2b0d5ba258a671f2d6f5/url'
10:12:03.393 [AsyncHttpClient-1-2] DEBUG org.asynchttpclient.netty.handler.HttpHandler - 

Request DefaultFullHttpRequest(decodeResult: success, version: HTTP/1.1, content: EmptyByteBufBE)
GET /session/9123aba038aa2b0d5ba258a671f2d6f5/url HTTP/1.1
User-Agent: selenium/4.8.1 (java windows)
Cache-Control: no-cache
Content-Type: application/json; charset=utf-8
host: localhost:12515
accept: */*

Response DefaultHttpResponse(decodeResult: success, version: HTTP/1.1)
HTTP/1.1 200 OK
Content-Length: 54
Content-Type: application/json; charset=utf-8
cache-control: no-cache

10:12:03.394 [AsyncHttpClient-1-2] DEBUG org.asynchttpclient.netty.channel.ChannelManager - Adding key: http://localhost:12515 for channel [id: 0xe5eee0e1, L:/127.0.0.1:51420 - R:localhost/127.0.0.1:12515]
10:12:03.395 [Forwarding screenshot on session 9123aba038aa2b0d5ba258a671f2d6f5 to remote] DEBUG org.asynchttpclient.netty.request.NettyRequestSender - Using pooled Channel '[id: 0xe5eee0e1, L:/127.0.0.1:51420 - R:localhost/127.0.0.1:12515]' for 'GET' to 'http://localhost:12515/session/9123aba038aa2b0d5ba258a671f2d6f5/screenshot'
10:12:03.395 [Forwarding screenshot on session 9123aba038aa2b0d5ba258a671f2d6f5 to remote] DEBUG org.asynchttpclient.netty.request.NettyRequestSender - Using open Channel [id: 0xe5eee0e1, L:/127.0.0.1:51420 - R:localhost/127.0.0.1:12515] for GET '/session/9123aba038aa2b0d5ba258a671f2d6f5/screenshot'
10:12:03.534 [AsyncHttpClient-1-2] DEBUG org.asynchttpclient.netty.handler.HttpHandler - 

Request DefaultFullHttpRequest(decodeResult: success, version: HTTP/1.1, content: EmptyByteBufBE)
GET /session/9123aba038aa2b0d5ba258a671f2d6f5/screenshot HTTP/1.1
User-Agent: selenium/4.8.1 (java windows)
Cache-Control: no-cache
Content-Type: application/json; charset=utf-8
host: localhost:12515
accept: */*

Response DefaultHttpResponse(decodeResult: success, version: HTTP/1.1)
HTTP/1.1 200 OK
Content-Length: 44140
Content-Type: application/json; charset=utf-8
cache-control: no-cache

10:12:03.535 [AsyncHttpClient-1-2] DEBUG org.asynchttpclient.netty.channel.ChannelManager - Adding key: http://localhost:12515 for channel [id: 0xe5eee0e1, L:/127.0.0.1:51420 - R:localhost/127.0.0.1:12515]
10:12:03.539 [main] DEBUG net.serenitybdd.core.photography.Darkroom - Send negative for processing for target\site\serenity\9aff16c285b7a3d2a6eb37d1706a9fe9835c47e17505fb9440ab807ac22c1863.png
10:12:03.539 [main] DEBUG net.thucydides.core.steps.StepInterceptor - STEP DONE: inputEmailReg
10:12:03.539 [Darkroom Processing Line] DEBUG net.serenitybdd.core.photography.DarkroomProcessingLine - Processing screenshot image in /var/screenshots/screenshot-1689462879371869531
  &amp#27;[32mAnd &amp#27;[0m&amp#27;[32mI input correct email for register&amp#27;[0m    &amp#27;[90m# starter.stepdefinitions.RegisterSteps.inputEmailReg()&amp#27;[0m
10:12:03.539 [Darkroom Processing Line] DEBUG net.serenitybdd.core.photography.DarkroomProcessingLine - Saving screenshot to target\site\serenity\9aff16c285b7a3d2a6eb37d1706a9fe9835c47e17505fb9440ab807ac22c1863.png
10:12:03.547 [Forwarding getPageSource on session 9123aba038aa2b0d5ba258a671f2d6f5 to remote] DEBUG org.asynchttpclient.netty.request.NettyRequestSender - Using pooled Channel '[id: 0xe5eee0e1, L:/127.0.0.1:51420 - R:localhost/127.0.0.1:12515]' for 'POST' to 'http://localhost:12515/session/9123aba038aa2b0d5ba258a671f2d6f5/execute/sync'
10:12:03.547 [Forwarding getPageSource on session 9123aba038aa2b0d5ba258a671f2d6f5 to remote] DEBUG org.asynchttpclient.netty.request.NettyRequestSender - Using open Channel [id: 0xe5eee0e1, L:/127.0.0.1:51420 - R:localhost/127.0.0.1:12515] for POST '/session/9123aba038aa2b0d5ba258a671f2d6f5/execute/sync'
10:12:03.552 [AsyncHttpClient-1-2] DEBUG org.asynchttpclient.netty.handler.HttpHandler - 

Request DefaultHttpRequest(decodeResult: success, version: HTTP/1.1)
POST /session/9123aba038aa2b0d5ba258a671f2d6f5/execute/sync HTTP/1.1
User-Agent: selenium/4.8.1 (java windows)
Content-Length: 176
Content-Type: application/json; charset=utf-8
host: localhost:12515
accept: */*

Response DefaultHttpResponse(decodeResult: success, version: HTTP/1.1)
HTTP/1.1 200 OK
Content-Length: 22494
Content-Type: application/json; charset=utf-8
cache-control: no-cache

10:12:03.552 [AsyncHttpClient-1-2] DEBUG org.asynchttpclient.netty.channel.ChannelManager - Adding key: http://localhost:12515 for channel [id: 0xe5eee0e1, L:/127.0.0.1:51420 - R:localhost/127.0.0.1:12515]
10:12:03.556 [Forwarding getCurrentUrl on session 9123aba038aa2b0d5ba258a671f2d6f5 to remote] DEBUG org.asynchttpclient.netty.request.NettyRequestSender - Using pooled Channel '[id: 0xe5eee0e1, L:/127.0.0.1:51420 - R:localhost/127.0.0.1:12515]' for 'GET' to 'http://localhost:12515/session/9123aba038aa2b0d5ba258a671f2d6f5/url'
10:12:03.556 [Forwarding getCurrentUrl on session 9123aba038aa2b0d5ba258a671f2d6f5 to remote] DEBUG org.asynchttpclient.netty.request.NettyRequestSender - Using open Channel [id: 0xe5eee0e1, L:/127.0.0.1:51420 - R:localhost/127.0.0.1:12515] for GET '/session/9123aba038aa2b0d5ba258a671f2d6f5/url'
10:12:03.559 [AsyncHttpClient-1-2] DEBUG org.asynchttpclient.netty.handler.HttpHandler - 

Request DefaultFullHttpRequest(decodeResult: success, version: HTTP/1.1, content: EmptyByteBufBE)
GET /session/9123aba038aa2b0d5ba258a671f2d6f5/url HTTP/1.1
User-Agent: selenium/4.8.1 (java windows)
Cache-Control: no-cache
Content-Type: application/json; charset=utf-8
host: localhost:12515
accept: */*

Response DefaultHttpResponse(decodeResult: success, version: HTTP/1.1)
HTTP/1.1 200 OK
Content-Length: 54
Content-Type: application/json; charset=utf-8
cache-control: no-cache

10:12:03.559 [AsyncHttpClient-1-2] DEBUG org.asynchttpclient.netty.channel.ChannelManager - Adding key: http://localhost:12515 for channel [id: 0xe5eee0e1, L:/127.0.0.1:51420 - R:localhost/127.0.0.1:12515]
10:12:03.571 [Forwarding getPageSource on session 9123aba038aa2b0d5ba258a671f2d6f5 to remote] DEBUG org.asynchttpclient.netty.request.NettyRequestSender - Using pooled Channel '[id: 0xe5eee0e1, L:/127.0.0.1:51420 - R:localhost/127.0.0.1:12515]' for 'POST' to 'http://localhost:12515/session/9123aba038aa2b0d5ba258a671f2d6f5/execute/sync'
10:12:03.572 [Forwarding getPageSource on session 9123aba038aa2b0d5ba258a671f2d6f5 to remote] DEBUG org.asynchttpclient.netty.request.NettyRequestSender - Using open Channel [id: 0xe5eee0e1, L:/127.0.0.1:51420 - R:localhost/127.0.0.1:12515] for POST '/session/9123aba038aa2b0d5ba258a671f2d6f5/execute/sync'
10:12:03.576 [AsyncHttpClient-1-2] DEBUG org.asynchttpclient.netty.handler.HttpHandler - 

Request DefaultHttpRequest(decodeResult: success, version: HTTP/1.1)
POST /session/9123aba038aa2b0d5ba258a671f2d6f5/execute/sync HTTP/1.1
User-Agent: selenium/4.8.1 (java windows)
Content-Length: 176
Content-Type: application/json; charset=utf-8
host: localhost:12515
accept: */*

Response DefaultHttpResponse(decodeResult: success, version: HTTP/1.1)
HTTP/1.1 200 OK
Content-Length: 22494
Content-Type: application/json; charset=utf-8
cache-control: no-cache

10:12:03.577 [AsyncHttpClient-1-2] DEBUG org.asynchttpclient.netty.channel.ChannelManager - Adding key: http://localhost:12515 for channel [id: 0xe5eee0e1, L:/127.0.0.1:51420 - R:localhost/127.0.0.1:12515]
10:12:03.581 [Forwarding getCurrentUrl on session 9123aba038aa2b0d5ba258a671f2d6f5 to remote] DEBUG org.asynchttpclient.netty.request.NettyRequestSender - Using pooled Channel '[id: 0xe5eee0e1, L:/127.0.0.1:51420 - R:localhost/127.0.0.1:12515]' for 'GET' to 'http://localhost:12515/session/9123aba038aa2b0d5ba258a671f2d6f5/url'
10:12:03.581 [Forwarding getCurrentUrl on session 9123aba038aa2b0d5ba258a671f2d6f5 to remote] DEBUG org.asynchttpclient.netty.request.NettyRequestSender - Using open Channel [id: 0xe5eee0e1, L:/127.0.0.1:51420 - R:localhost/127.0.0.1:12515] for GET '/session/9123aba038aa2b0d5ba258a671f2d6f5/url'
10:12:03.584 [AsyncHttpClient-1-2] DEBUG org.asynchttpclient.netty.handler.HttpHandler - 

Request DefaultFullHttpRequest(decodeResult: success, version: HTTP/1.1, content: EmptyByteBufBE)
GET /session/9123aba038aa2b0d5ba258a671f2d6f5/url HTTP/1.1
User-Agent: selenium/4.8.1 (java windows)
Cache-Control: no-cache
Content-Type: application/json; charset=utf-8
host: localhost:12515
accept: */*

Response DefaultHttpResponse(decodeResult: success, version: HTTP/1.1)
HTTP/1.1 200 OK
Content-Length: 54
Content-Type: application/json; charset=utf-8
cache-control: no-cache

10:12:03.584 [AsyncHttpClient-1-2] DEBUG org.asynchttpclient.netty.channel.ChannelManager - Adding key: http://localhost:12515 for channel [id: 0xe5eee0e1, L:/127.0.0.1:51420 - R:localhost/127.0.0.1:12515]
10:12:03.585 [main] DEBUG net.thucydides.core.steps.StepInterceptor - STARTING STEP: RegisterSteps.inputPasswordReg - inputPasswordReg
10:12:03.589 [Forwarding findElement on session 9123aba038aa2b0d5ba258a671f2d6f5 to remote] DEBUG org.asynchttpclient.netty.request.NettyRequestSender - Using pooled Channel '[id: 0xe5eee0e1, L:/127.0.0.1:51420 - R:localhost/127.0.0.1:12515]' for 'POST' to 'http://localhost:12515/session/9123aba038aa2b0d5ba258a671f2d6f5/element'
10:12:03.590 [Forwarding findElement on session 9123aba038aa2b0d5ba258a671f2d6f5 to remote] DEBUG org.asynchttpclient.netty.request.NettyRequestSender - Using open Channel [id: 0xe5eee0e1, L:/127.0.0.1:51420 - R:localhost/127.0.0.1:12515] for POST '/session/9123aba038aa2b0d5ba258a671f2d6f5/element'
10:12:03.601 [AsyncHttpClient-1-2] DEBUG org.asynchttpclient.netty.handler.HttpHandler - 

Request DefaultHttpRequest(decodeResult: success, version: HTTP/1.1)
POST /session/9123aba038aa2b0d5ba258a671f2d6f5/element HTTP/1.1
User-Agent: selenium/4.8.1 (java windows)
Content-Length: 55
Content-Type: application/json; charset=utf-8
host: localhost:12515
accept: */*

Response DefaultHttpResponse(decodeResult: success, version: HTTP/1.1)
HTTP/1.1 200 OK
Content-Length: 88
Content-Type: application/json; charset=utf-8
cache-control: no-cache

10:12:03.602 [AsyncHttpClient-1-2] DEBUG org.asynchttpclient.netty.channel.ChannelManager - Adding key: http://localhost:12515 for channel [id: 0xe5eee0e1, L:/127.0.0.1:51420 - R:localhost/127.0.0.1:12515]
10:12:03.603 [Forwarding clearElement on session 9123aba038aa2b0d5ba258a671f2d6f5 to remote] DEBUG org.asynchttpclient.netty.request.NettyRequestSender - Using pooled Channel '[id: 0xe5eee0e1, L:/127.0.0.1:51420 - R:localhost/127.0.0.1:12515]' for 'POST' to 'http://localhost:12515/session/9123aba038aa2b0d5ba258a671f2d6f5/element/32d795b3-f4f2-47e1-8f64-1ebb89dc9d99/clear'
10:12:03.603 [Forwarding clearElement on session 9123aba038aa2b0d5ba258a671f2d6f5 to remote] DEBUG org.asynchttpclient.netty.request.NettyRequestSender - Using open Channel [id: 0xe5eee0e1, L:/127.0.0.1:51420 - R:localhost/127.0.0.1:12515] for POST '/session/9123aba038aa2b0d5ba258a671f2d6f5/element/32d795b3-f4f2-47e1-8f64-1ebb89dc9d99/clear'
10:12:03.634 [AsyncHttpClient-1-2] DEBUG org.asynchttpclient.netty.handler.HttpHandler - 

Request DefaultHttpRequest(decodeResult: success, version: HTTP/1.1)
POST /session/9123aba038aa2b0d5ba258a671f2d6f5/element/32d795b3-f4f2-47e1-8f64-1ebb89dc9d99/clear HTTP/1.1
User-Agent: selenium/4.8.1 (java windows)
Content-Length: 50
Content-Type: application/json; charset=utf-8
host: localhost:12515
accept: */*

Response DefaultHttpResponse(decodeResult: success, version: HTTP/1.1)
HTTP/1.1 200 OK
Content-Length: 14
Content-Type: application/json; charset=utf-8
cache-control: no-cache

10:12:03.635 [AsyncHttpClient-1-2] DEBUG org.asynchttpclient.netty.channel.ChannelManager - Adding key: http://localhost:12515 for channel [id: 0xe5eee0e1, L:/127.0.0.1:51420 - R:localhost/127.0.0.1:12515]
10:12:03.637 [Forwarding sendKeysToElement on session 9123aba038aa2b0d5ba258a671f2d6f5 to remote] DEBUG org.asynchttpclient.netty.request.NettyRequestSender - Using pooled Channel '[id: 0xe5eee0e1, L:/127.0.0.1:51420 - R:localhost/127.0.0.1:12515]' for 'POST' to 'http://localhost:12515/session/9123aba038aa2b0d5ba258a671f2d6f5/element/32d795b3-f4f2-47e1-8f64-1ebb89dc9d99/value'
10:12:03.638 [Forwarding sendKeysToElement on session 9123aba038aa2b0d5ba258a671f2d6f5 to remote] DEBUG org.asynchttpclient.netty.request.NettyRequestSender - Using open Channel [id: 0xe5eee0e1, L:/127.0.0.1:51420 - R:localhost/127.0.0.1:12515] for POST '/session/9123aba038aa2b0d5ba258a671f2d6f5/element/32d795b3-f4f2-47e1-8f64-1ebb89dc9d99/value'
10:12:03.690 [AsyncHttpClient-1-2] DEBUG org.asynchttpclient.netty.handler.HttpHandler - 

Request DefaultHttpRequest(decodeResult: success, version: HTTP/1.1)
POST /session/9123aba038aa2b0d5ba258a671f2d6f5/element/32d795b3-f4f2-47e1-8f64-1ebb89dc9d99/value HTTP/1.1
User-Agent: selenium/4.8.1 (java windows)
Content-Length: 151
Content-Type: application/json; charset=utf-8
host: localhost:12515
accept: */*

Response DefaultHttpResponse(decodeResult: success, version: HTTP/1.1)
HTTP/1.1 200 OK
Content-Length: 14
Content-Type: application/json; charset=utf-8
cache-control: no-cache

10:12:03.690 [AsyncHttpClient-1-2] DEBUG org.asynchttpclient.netty.channel.ChannelManager - Adding key: http://localhost:12515 for channel [id: 0xe5eee0e1, L:/127.0.0.1:51420 - R:localhost/127.0.0.1:12515]
10:12:03.717 [Forwarding getAlertText on session 9123aba038aa2b0d5ba258a671f2d6f5 to remote] DEBUG org.asynchttpclient.netty.request.NettyRequestSender - Using pooled Channel '[id: 0xe5eee0e1, L:/127.0.0.1:51420 - R:localhost/127.0.0.1:12515]' for 'GET' to 'http://localhost:12515/session/9123aba038aa2b0d5ba258a671f2d6f5/alert/text'
10:12:03.717 [Forwarding getAlertText on session 9123aba038aa2b0d5ba258a671f2d6f5 to remote] DEBUG org.asynchttpclient.netty.request.NettyRequestSender - Using open Channel [id: 0xe5eee0e1, L:/127.0.0.1:51420 - R:localhost/127.0.0.1:12515] for GET '/session/9123aba038aa2b0d5ba258a671f2d6f5/alert/text'
10:12:03.718 [AsyncHttpClient-1-2] DEBUG org.asynchttpclient.netty.handler.HttpHandler - 

Request DefaultFullHttpRequest(decodeResult: success, version: HTTP/1.1, content: EmptyByteBufBE)
GET /session/9123aba038aa2b0d5ba258a671f2d6f5/alert/text HTTP/1.1
User-Agent: selenium/4.8.1 (java windows)
Cache-Control: no-cache
Content-Type: application/json; charset=utf-8
host: localhost:12515
accept: */*

Response DefaultHttpResponse(decodeResult: success, version: HTTP/1.1)
HTTP/1.1 404 Not Found
Content-Length: 836
Content-Type: application/json; charset=utf-8
cache-control: no-cache

10:12:03.718 [AsyncHttpClient-1-2] DEBUG org.asynchttpclient.netty.channel.ChannelManager - Adding key: http://localhost:12515 for channel [id: 0xe5eee0e1, L:/127.0.0.1:51420 - R:localhost/127.0.0.1:12515]
10:12:03.720 [Forwarding getCurrentUrl on session 9123aba038aa2b0d5ba258a671f2d6f5 to remote] DEBUG org.asynchttpclient.netty.request.NettyRequestSender - Using pooled Channel '[id: 0xe5eee0e1, L:/127.0.0.1:51420 - R:localhost/127.0.0.1:12515]' for 'GET' to 'http://localhost:12515/session/9123aba038aa2b0d5ba258a671f2d6f5/url'
10:12:03.720 [Forwarding getCurrentUrl on session 9123aba038aa2b0d5ba258a671f2d6f5 to remote] DEBUG org.asynchttpclient.netty.request.NettyRequestSender - Using open Channel [id: 0xe5eee0e1, L:/127.0.0.1:51420 - R:localhost/127.0.0.1:12515] for GET '/session/9123aba038aa2b0d5ba258a671f2d6f5/url'
10:12:03.723 [AsyncHttpClient-1-2] DEBUG org.asynchttpclient.netty.handler.HttpHandler - 

Request DefaultFullHttpRequest(decodeResult: success, version: HTTP/1.1, content: EmptyByteBufBE)
GET /session/9123aba038aa2b0d5ba258a671f2d6f5/url HTTP/1.1
User-Agent: selenium/4.8.1 (java windows)
Cache-Control: no-cache
Content-Type: application/json; charset=utf-8
host: localhost:12515
accept: */*

Response DefaultHttpResponse(decodeResult: success, version: HTTP/1.1)
HTTP/1.1 200 OK
Content-Length: 54
Content-Type: application/json; charset=utf-8
cache-control: no-cache

10:12:03.724 [AsyncHttpClient-1-2] DEBUG org.asynchttpclient.netty.channel.ChannelManager - Adding key: http://localhost:12515 for channel [id: 0xe5eee0e1, L:/127.0.0.1:51420 - R:localhost/127.0.0.1:12515]
10:12:03.725 [Forwarding screenshot on session 9123aba038aa2b0d5ba258a671f2d6f5 to remote] DEBUG org.asynchttpclient.netty.request.NettyRequestSender - Using pooled Channel '[id: 0xe5eee0e1, L:/127.0.0.1:51420 - R:localhost/127.0.0.1:12515]' for 'GET' to 'http://localhost:12515/session/9123aba038aa2b0d5ba258a671f2d6f5/screenshot'
10:12:03.725 [Forwarding screenshot on session 9123aba038aa2b0d5ba258a671f2d6f5 to remote] DEBUG org.asynchttpclient.netty.request.NettyRequestSender - Using open Channel [id: 0xe5eee0e1, L:/127.0.0.1:51420 - R:localhost/127.0.0.1:12515] for GET '/session/9123aba038aa2b0d5ba258a671f2d6f5/screenshot'
10:12:03.823 [AsyncHttpClient-1-2] DEBUG org.asynchttpclient.netty.handler.HttpHandler - 

Request DefaultFullHttpRequest(decodeResult: success, version: HTTP/1.1, content: EmptyByteBufBE)
GET /session/9123aba038aa2b0d5ba258a671f2d6f5/screenshot HTTP/1.1
User-Agent: selenium/4.8.1 (java windows)
Cache-Control: no-cache
Content-Type: application/json; charset=utf-8
host: localhost:12515
accept: */*

Response DefaultHttpResponse(decodeResult: success, version: HTTP/1.1)
HTTP/1.1 200 OK
Content-Length: 46304
Content-Type: application/json; charset=utf-8
cache-control: no-cache

10:12:03.824 [AsyncHttpClient-1-2] DEBUG org.asynchttpclient.netty.channel.ChannelManager - Adding key: http://localhost:12515 for channel [id: 0xe5eee0e1, L:/127.0.0.1:51420 - R:localhost/127.0.0.1:12515]
10:12:03.828 [main] DEBUG net.serenitybdd.core.photography.Darkroom - Send negative for processing for target\site\serenity\47d10988624d8a9af9fe165408ba7f7f0ab31ed154cb2b0c532922d6565c49d6.png
10:12:03.829 [main] DEBUG net.thucydides.core.steps.StepInterceptor - STEP DONE: inputPasswordReg
10:12:03.829 [Darkroom Processing Line] DEBUG net.serenitybdd.core.photography.DarkroomProcessingLine - Processing screenshot image in /var/screenshots/screenshot-12089722154216882611
10:12:03.829 [Darkroom Processing Line] DEBUG net.serenitybdd.core.photography.DarkroomProcessingLine - Saving screenshot to target\site\serenity\47d10988624d8a9af9fe165408ba7f7f0ab31ed154cb2b0c532922d6565c49d6.png
  &amp#27;[32mAnd &amp#27;[0m&amp#27;[32mI input correct password for register&amp#27;[0m &amp#27;[90m# starter.stepdefinitions.RegisterSteps.inputPasswordReg()&amp#27;[0m
10:12:03.837 [Forwarding getPageSource on session 9123aba038aa2b0d5ba258a671f2d6f5 to remote] DEBUG org.asynchttpclient.netty.request.NettyRequestSender - Using pooled Channel '[id: 0xe5eee0e1, L:/127.0.0.1:51420 - R:localhost/127.0.0.1:12515]' for 'POST' to 'http://localhost:12515/session/9123aba038aa2b0d5ba258a671f2d6f5/execute/sync'
10:12:03.837 [Forwarding getPageSource on session 9123aba038aa2b0d5ba258a671f2d6f5 to remote] DEBUG org.asynchttpclient.netty.request.NettyRequestSender - Using open Channel [id: 0xe5eee0e1, L:/127.0.0.1:51420 - R:localhost/127.0.0.1:12515] for POST '/session/9123aba038aa2b0d5ba258a671f2d6f5/execute/sync'
10:12:03.842 [AsyncHttpClient-1-2] DEBUG org.asynchttpclient.netty.handler.HttpHandler - 

Request DefaultHttpRequest(decodeResult: success, version: HTTP/1.1)
POST /session/9123aba038aa2b0d5ba258a671f2d6f5/execute/sync HTTP/1.1
User-Agent: selenium/4.8.1 (java windows)
Content-Length: 176
Content-Type: application/json; charset=utf-8
host: localhost:12515
accept: */*

Response DefaultHttpResponse(decodeResult: success, version: HTTP/1.1)
HTTP/1.1 200 OK
Content-Length: 22553
Content-Type: application/json; charset=utf-8
cache-control: no-cache

10:12:03.842 [AsyncHttpClient-1-2] DEBUG org.asynchttpclient.netty.channel.ChannelManager - Adding key: http://localhost:12515 for channel [id: 0xe5eee0e1, L:/127.0.0.1:51420 - R:localhost/127.0.0.1:12515]
10:12:03.847 [Forwarding getCurrentUrl on session 9123aba038aa2b0d5ba258a671f2d6f5 to remote] DEBUG org.asynchttpclient.netty.request.NettyRequestSender - Using pooled Channel '[id: 0xe5eee0e1, L:/127.0.0.1:51420 - R:localhost/127.0.0.1:12515]' for 'GET' to 'http://localhost:12515/session/9123aba038aa2b0d5ba258a671f2d6f5/url'
10:12:03.847 [Forwarding getCurrentUrl on session 9123aba038aa2b0d5ba258a671f2d6f5 to remote] DEBUG org.asynchttpclient.netty.request.NettyRequestSender - Using open Channel [id: 0xe5eee0e1, L:/127.0.0.1:51420 - R:localhost/127.0.0.1:12515] for GET '/session/9123aba038aa2b0d5ba258a671f2d6f5/url'
10:12:03.850 [AsyncHttpClient-1-2] DEBUG org.asynchttpclient.netty.handler.HttpHandler - 

Request DefaultFullHttpRequest(decodeResult: success, version: HTTP/1.1, content: EmptyByteBufBE)
GET /session/9123aba038aa2b0d5ba258a671f2d6f5/url HTTP/1.1
User-Agent: selenium/4.8.1 (java windows)
Cache-Control: no-cache
Content-Type: application/json; charset=utf-8
host: localhost:12515
accept: */*

Response DefaultHttpResponse(decodeResult: success, version: HTTP/1.1)
HTTP/1.1 200 OK
Content-Length: 54
Content-Type: application/json; charset=utf-8
cache-control: no-cache

10:12:03.851 [AsyncHttpClient-1-2] DEBUG org.asynchttpclient.netty.channel.ChannelManager - Adding key: http://localhost:12515 for channel [id: 0xe5eee0e1, L:/127.0.0.1:51420 - R:localhost/127.0.0.1:12515]
10:12:03.860 [Forwarding getPageSource on session 9123aba038aa2b0d5ba258a671f2d6f5 to remote] DEBUG org.asynchttpclient.netty.request.NettyRequestSender - Using pooled Channel '[id: 0xe5eee0e1, L:/127.0.0.1:51420 - R:localhost/127.0.0.1:12515]' for 'POST' to 'http://localhost:12515/session/9123aba038aa2b0d5ba258a671f2d6f5/execute/sync'
10:12:03.860 [Forwarding getPageSource on session 9123aba038aa2b0d5ba258a671f2d6f5 to remote] DEBUG org.asynchttpclient.netty.request.NettyRequestSender - Using open Channel [id: 0xe5eee0e1, L:/127.0.0.1:51420 - R:localhost/127.0.0.1:12515] for POST '/session/9123aba038aa2b0d5ba258a671f2d6f5/execute/sync'
10:12:03.866 [AsyncHttpClient-1-2] DEBUG org.asynchttpclient.netty.handler.HttpHandler - 

Request DefaultHttpRequest(decodeResult: success, version: HTTP/1.1)
POST /session/9123aba038aa2b0d5ba258a671f2d6f5/execute/sync HTTP/1.1
User-Agent: selenium/4.8.1 (java windows)
Content-Length: 176
Content-Type: application/json; charset=utf-8
host: localhost:12515
accept: */*

Response DefaultHttpResponse(decodeResult: success, version: HTTP/1.1)
HTTP/1.1 200 OK
Content-Length: 22553
Content-Type: application/json; charset=utf-8
cache-control: no-cache

10:12:03.867 [AsyncHttpClient-1-2] DEBUG org.asynchttpclient.netty.channel.ChannelManager - Adding key: http://localhost:12515 for channel [id: 0xe5eee0e1, L:/127.0.0.1:51420 - R:localhost/127.0.0.1:12515]
10:12:03.872 [Forwarding getCurrentUrl on session 9123aba038aa2b0d5ba258a671f2d6f5 to remote] DEBUG org.asynchttpclient.netty.request.NettyRequestSender - Using pooled Channel '[id: 0xe5eee0e1, L:/127.0.0.1:51420 - R:localhost/127.0.0.1:12515]' for 'GET' to 'http://localhost:12515/session/9123aba038aa2b0d5ba258a671f2d6f5/url'
10:12:03.872 [Forwarding getCurrentUrl on session 9123aba038aa2b0d5ba258a671f2d6f5 to remote] DEBUG org.asynchttpclient.netty.request.NettyRequestSender - Using open Channel [id: 0xe5eee0e1, L:/127.0.0.1:51420 - R:localhost/127.0.0.1:12515] for GET '/session/9123aba038aa2b0d5ba258a671f2d6f5/url'
10:12:03.874 [AsyncHttpClient-1-2] DEBUG org.asynchttpclient.netty.handler.HttpHandler - 

Request DefaultFullHttpRequest(decodeResult: success, version: HTTP/1.1, content: EmptyByteBufBE)
GET /session/9123aba038aa2b0d5ba258a671f2d6f5/url HTTP/1.1
User-Agent: selenium/4.8.1 (java windows)
Cache-Control: no-cache
Content-Type: application/json; charset=utf-8
host: localhost:12515
accept: */*

Response DefaultHttpResponse(decodeResult: success, version: HTTP/1.1)
HTTP/1.1 200 OK
Content-Length: 54
Content-Type: application/json; charset=utf-8
cache-control: no-cache

10:12:03.874 [AsyncHttpClient-1-2] DEBUG org.asynchttpclient.netty.channel.ChannelManager - Adding key: http://localhost:12515 for channel [id: 0xe5eee0e1, L:/127.0.0.1:51420 - R:localhost/127.0.0.1:12515]
10:12:03.876 [main] DEBUG net.thucydides.core.steps.StepInterceptor - STARTING STEP: RegisterSteps.ClickRegisterButton - ClickRegisterButton
10:12:03.879 [Forwarding findElement on session 9123aba038aa2b0d5ba258a671f2d6f5 to remote] DEBUG org.asynchttpclient.netty.request.NettyRequestSender - Using pooled Channel '[id: 0xe5eee0e1, L:/127.0.0.1:51420 - R:localhost/127.0.0.1:12515]' for 'POST' to 'http://localhost:12515/session/9123aba038aa2b0d5ba258a671f2d6f5/element'
10:12:03.880 [Forwarding findElement on session 9123aba038aa2b0d5ba258a671f2d6f5 to remote] DEBUG org.asynchttpclient.netty.request.NettyRequestSender - Using open Channel [id: 0xe5eee0e1, L:/127.0.0.1:51420 - R:localhost/127.0.0.1:12515] for POST '/session/9123aba038aa2b0d5ba258a671f2d6f5/element'
10:12:03.890 [AsyncHttpClient-1-2] DEBUG org.asynchttpclient.netty.handler.HttpHandler - 

Request DefaultHttpRequest(decodeResult: success, version: HTTP/1.1)
POST /session/9123aba038aa2b0d5ba258a671f2d6f5/element HTTP/1.1
User-Agent: selenium/4.8.1 (java windows)
Content-Length: 71
Content-Type: application/json; charset=utf-8
host: localhost:12515
accept: */*

Response DefaultHttpResponse(decodeResult: success, version: HTTP/1.1)
HTTP/1.1 200 OK
Content-Length: 88
Content-Type: application/json; charset=utf-8
cache-control: no-cache

10:12:03.890 [AsyncHttpClient-1-2] DEBUG org.asynchttpclient.netty.channel.ChannelManager - Adding key: http://localhost:12515 for channel [id: 0xe5eee0e1, L:/127.0.0.1:51420 - R:localhost/127.0.0.1:12515]
10:12:03.892 [Forwarding getElementTagName on session 9123aba038aa2b0d5ba258a671f2d6f5 to remote] DEBUG org.asynchttpclient.netty.request.NettyRequestSender - Using pooled Channel '[id: 0xe5eee0e1, L:/127.0.0.1:51420 - R:localhost/127.0.0.1:12515]' for 'GET' to 'http://localhost:12515/session/9123aba038aa2b0d5ba258a671f2d6f5/element/8ce31420-11eb-498d-a199-ce4f9b5f3476/name'
10:12:03.892 [Forwarding getElementTagName on session 9123aba038aa2b0d5ba258a671f2d6f5 to remote] DEBUG org.asynchttpclient.netty.request.NettyRequestSender - Using open Channel [id: 0xe5eee0e1, L:/127.0.0.1:51420 - R:localhost/127.0.0.1:12515] for GET '/session/9123aba038aa2b0d5ba258a671f2d6f5/element/8ce31420-11eb-498d-a199-ce4f9b5f3476/name'
10:12:03.898 [AsyncHttpClient-1-2] DEBUG org.asynchttpclient.netty.handler.HttpHandler - 

Request DefaultFullHttpRequest(decodeResult: success, version: HTTP/1.1, content: EmptyByteBufBE)
GET /session/9123aba038aa2b0d5ba258a671f2d6f5/element/8ce31420-11eb-498d-a199-ce4f9b5f3476/name HTTP/1.1
User-Agent: selenium/4.8.1 (java windows)
Cache-Control: no-cache
Content-Type: application/json; charset=utf-8
host: localhost:12515
accept: */*

Response DefaultHttpResponse(decodeResult: success, version: HTTP/1.1)
HTTP/1.1 200 OK
Content-Length: 18
Content-Type: application/json; charset=utf-8
cache-control: no-cache

10:12:03.898 [AsyncHttpClient-1-2] DEBUG org.asynchttpclient.netty.channel.ChannelManager - Adding key: http://localhost:12515 for channel [id: 0xe5eee0e1, L:/127.0.0.1:51420 - R:localhost/127.0.0.1:12515]
10:12:03.899 [Forwarding getElementTagName on session 9123aba038aa2b0d5ba258a671f2d6f5 to remote] DEBUG org.asynchttpclient.netty.request.NettyRequestSender - Using pooled Channel '[id: 0xe5eee0e1, L:/127.0.0.1:51420 - R:localhost/127.0.0.1:12515]' for 'GET' to 'http://localhost:12515/session/9123aba038aa2b0d5ba258a671f2d6f5/element/8ce31420-11eb-498d-a199-ce4f9b5f3476/name'
10:12:03.899 [Forwarding getElementTagName on session 9123aba038aa2b0d5ba258a671f2d6f5 to remote] DEBUG org.asynchttpclient.netty.request.NettyRequestSender - Using open Channel [id: 0xe5eee0e1, L:/127.0.0.1:51420 - R:localhost/127.0.0.1:12515] for GET '/session/9123aba038aa2b0d5ba258a671f2d6f5/element/8ce31420-11eb-498d-a199-ce4f9b5f3476/name'
10:12:03.902 [AsyncHttpClient-1-2] DEBUG org.asynchttpclient.netty.handler.HttpHandler - 

Request DefaultFullHttpRequest(decodeResult: success, version: HTTP/1.1, content: EmptyByteBufBE)
GET /session/9123aba038aa2b0d5ba258a671f2d6f5/element/8ce31420-11eb-498d-a199-ce4f9b5f3476/name HTTP/1.1
User-Agent: selenium/4.8.1 (java windows)
Cache-Control: no-cache
Content-Type: application/json; charset=utf-8
host: localhost:12515
accept: */*

Response DefaultHttpResponse(decodeResult: success, version: HTTP/1.1)
HTTP/1.1 200 OK
Content-Length: 18
Content-Type: application/json; charset=utf-8
cache-control: no-cache

10:12:03.902 [AsyncHttpClient-1-2] DEBUG org.asynchttpclient.netty.channel.ChannelManager - Adding key: http://localhost:12515 for channel [id: 0xe5eee0e1, L:/127.0.0.1:51420 - R:localhost/127.0.0.1:12515]
10:12:03.909 [Forwarding isElementEnabled on session 9123aba038aa2b0d5ba258a671f2d6f5 to remote] DEBUG org.asynchttpclient.netty.request.NettyRequestSender - Using pooled Channel '[id: 0xe5eee0e1, L:/127.0.0.1:51420 - R:localhost/127.0.0.1:12515]' for 'GET' to 'http://localhost:12515/session/9123aba038aa2b0d5ba258a671f2d6f5/element/8ce31420-11eb-498d-a199-ce4f9b5f3476/enabled'
10:12:03.909 [Forwarding isElementEnabled on session 9123aba038aa2b0d5ba258a671f2d6f5 to remote] DEBUG org.asynchttpclient.netty.request.NettyRequestSender - Using open Channel [id: 0xe5eee0e1, L:/127.0.0.1:51420 - R:localhost/127.0.0.1:12515] for GET '/session/9123aba038aa2b0d5ba258a671f2d6f5/element/8ce31420-11eb-498d-a199-ce4f9b5f3476/enabled'
10:12:03.917 [AsyncHttpClient-1-2] DEBUG org.asynchttpclient.netty.handler.HttpHandler - 

Request DefaultFullHttpRequest(decodeResult: success, version: HTTP/1.1, content: EmptyByteBufBE)
GET /session/9123aba038aa2b0d5ba258a671f2d6f5/element/8ce31420-11eb-498d-a199-ce4f9b5f3476/enabled HTTP/1.1
User-Agent: selenium/4.8.1 (java windows)
Cache-Control: no-cache
Content-Type: application/json; charset=utf-8
host: localhost:12515
accept: */*

Response DefaultHttpResponse(decodeResult: success, version: HTTP/1.1)
HTTP/1.1 200 OK
Content-Length: 14
Content-Type: application/json; charset=utf-8
cache-control: no-cache

10:12:03.917 [AsyncHttpClient-1-2] DEBUG org.asynchttpclient.netty.channel.ChannelManager - Adding key: http://localhost:12515 for channel [id: 0xe5eee0e1, L:/127.0.0.1:51420 - R:localhost/127.0.0.1:12515]
10:12:03.919 [Forwarding isElementEnabled on session 9123aba038aa2b0d5ba258a671f2d6f5 to remote] DEBUG org.asynchttpclient.netty.request.NettyRequestSender - Using pooled Channel '[id: 0xe5eee0e1, L:/127.0.0.1:51420 - R:localhost/127.0.0.1:12515]' for 'GET' to 'http://localhost:12515/session/9123aba038aa2b0d5ba258a671f2d6f5/element/8ce31420-11eb-498d-a199-ce4f9b5f3476/enabled'
10:12:03.919 [Forwarding isElementEnabled on session 9123aba038aa2b0d5ba258a671f2d6f5 to remote] DEBUG org.asynchttpclient.netty.request.NettyRequestSender - Using open Channel [id: 0xe5eee0e1, L:/127.0.0.1:51420 - R:localhost/127.0.0.1:12515] for GET '/session/9123aba038aa2b0d5ba258a671f2d6f5/element/8ce31420-11eb-498d-a199-ce4f9b5f3476/enabled'
10:12:03.925 [AsyncHttpClient-1-2] DEBUG org.asynchttpclient.netty.handler.HttpHandler - 

Request DefaultFullHttpRequest(decodeResult: success, version: HTTP/1.1, content: EmptyByteBufBE)
GET /session/9123aba038aa2b0d5ba258a671f2d6f5/element/8ce31420-11eb-498d-a199-ce4f9b5f3476/enabled HTTP/1.1
User-Agent: selenium/4.8.1 (java windows)
Cache-Control: no-cache
Content-Type: application/json; charset=utf-8
host: localhost:12515
accept: */*

Response DefaultHttpResponse(decodeResult: success, version: HTTP/1.1)
HTTP/1.1 200 OK
Content-Length: 14
Content-Type: application/json; charset=utf-8
cache-control: no-cache

10:12:03.925 [AsyncHttpClient-1-2] DEBUG org.asynchttpclient.netty.channel.ChannelManager - Adding key: http://localhost:12515 for channel [id: 0xe5eee0e1, L:/127.0.0.1:51420 - R:localhost/127.0.0.1:12515]
10:12:03.927 [Forwarding findElement on session 9123aba038aa2b0d5ba258a671f2d6f5 to remote] DEBUG org.asynchttpclient.netty.request.NettyRequestSender - Using pooled Channel '[id: 0xe5eee0e1, L:/127.0.0.1:51420 - R:localhost/127.0.0.1:12515]' for 'POST' to 'http://localhost:12515/session/9123aba038aa2b0d5ba258a671f2d6f5/element'
10:12:03.928 [Forwarding findElement on session 9123aba038aa2b0d5ba258a671f2d6f5 to remote] DEBUG org.asynchttpclient.netty.request.NettyRequestSender - Using open Channel [id: 0xe5eee0e1, L:/127.0.0.1:51420 - R:localhost/127.0.0.1:12515] for POST '/session/9123aba038aa2b0d5ba258a671f2d6f5/element'
10:12:03.934 [AsyncHttpClient-1-2] DEBUG org.asynchttpclient.netty.handler.HttpHandler - 

Request DefaultHttpRequest(decodeResult: success, version: HTTP/1.1)
POST /session/9123aba038aa2b0d5ba258a671f2d6f5/element HTTP/1.1
User-Agent: selenium/4.8.1 (java windows)
Content-Length: 71
Content-Type: application/json; charset=utf-8
host: localhost:12515
accept: */*

Response DefaultHttpResponse(decodeResult: success, version: HTTP/1.1)
HTTP/1.1 200 OK
Content-Length: 88
Content-Type: application/json; charset=utf-8
cache-control: no-cache

10:12:03.934 [AsyncHttpClient-1-2] DEBUG org.asynchttpclient.netty.channel.ChannelManager - Adding key: http://localhost:12515 for channel [id: 0xe5eee0e1, L:/127.0.0.1:51420 - R:localhost/127.0.0.1:12515]
10:12:03.935 [Forwarding clickElement on session 9123aba038aa2b0d5ba258a671f2d6f5 to remote] DEBUG org.asynchttpclient.netty.request.NettyRequestSender - Using pooled Channel '[id: 0xe5eee0e1, L:/127.0.0.1:51420 - R:localhost/127.0.0.1:12515]' for 'POST' to 'http://localhost:12515/session/9123aba038aa2b0d5ba258a671f2d6f5/element/8ce31420-11eb-498d-a199-ce4f9b5f3476/click'
10:12:03.935 [Forwarding clickElement on session 9123aba038aa2b0d5ba258a671f2d6f5 to remote] DEBUG org.asynchttpclient.netty.request.NettyRequestSender - Using open Channel [id: 0xe5eee0e1, L:/127.0.0.1:51420 - R:localhost/127.0.0.1:12515] for POST '/session/9123aba038aa2b0d5ba258a671f2d6f5/element/8ce31420-11eb-498d-a199-ce4f9b5f3476/click'
10:12:03.975 [AsyncHttpClient-1-2] DEBUG org.asynchttpclient.netty.handler.HttpHandler - 

Request DefaultHttpRequest(decodeResult: success, version: HTTP/1.1)
POST /session/9123aba038aa2b0d5ba258a671f2d6f5/element/8ce31420-11eb-498d-a199-ce4f9b5f3476/click HTTP/1.1
User-Agent: selenium/4.8.1 (java windows)
Content-Length: 50
Content-Type: application/json; charset=utf-8
host: localhost:12515
accept: */*

Response DefaultHttpResponse(decodeResult: success, version: HTTP/1.1)
HTTP/1.1 200 OK
Content-Length: 14
Content-Type: application/json; charset=utf-8
cache-control: no-cache

10:12:03.976 [AsyncHttpClient-1-2] DEBUG org.asynchttpclient.netty.channel.ChannelManager - Adding key: http://localhost:12515 for channel [id: 0xe5eee0e1, L:/127.0.0.1:51420 - R:localhost/127.0.0.1:12515]
10:12:03.985 [Forwarding getAlertText on session 9123aba038aa2b0d5ba258a671f2d6f5 to remote] DEBUG org.asynchttpclient.netty.request.NettyRequestSender - Using pooled Channel '[id: 0xe5eee0e1, L:/127.0.0.1:51420 - R:localhost/127.0.0.1:12515]' for 'GET' to 'http://localhost:12515/session/9123aba038aa2b0d5ba258a671f2d6f5/alert/text'
10:12:03.985 [Forwarding getAlertText on session 9123aba038aa2b0d5ba258a671f2d6f5 to remote] DEBUG org.asynchttpclient.netty.request.NettyRequestSender - Using open Channel [id: 0xe5eee0e1, L:/127.0.0.1:51420 - R:localhost/127.0.0.1:12515] for GET '/session/9123aba038aa2b0d5ba258a671f2d6f5/alert/text'
10:12:03.986 [AsyncHttpClient-1-2] DEBUG org.asynchttpclient.netty.handler.HttpHandler - 

Request DefaultFullHttpRequest(decodeResult: success, version: HTTP/1.1, content: EmptyByteBufBE)
GET /session/9123aba038aa2b0d5ba258a671f2d6f5/alert/text HTTP/1.1
User-Agent: selenium/4.8.1 (java windows)
Cache-Control: no-cache
Content-Type: application/json; charset=utf-8
host: localhost:12515
accept: */*

Response DefaultHttpResponse(decodeResult: success, version: HTTP/1.1)
HTTP/1.1 404 Not Found
Content-Length: 836
Content-Type: application/json; charset=utf-8
cache-control: no-cache

10:12:03.987 [AsyncHttpClient-1-2] DEBUG org.asynchttpclient.netty.channel.ChannelManager - Adding key: http://localhost:12515 for channel [id: 0xe5eee0e1, L:/127.0.0.1:51420 - R:localhost/127.0.0.1:12515]
10:12:03.990 [Forwarding getCurrentUrl on session 9123aba038aa2b0d5ba258a671f2d6f5 to remote] DEBUG org.asynchttpclient.netty.request.NettyRequestSender - Using pooled Channel '[id: 0xe5eee0e1, L:/127.0.0.1:51420 - R:localhost/127.0.0.1:12515]' for 'GET' to 'http://localhost:12515/session/9123aba038aa2b0d5ba258a671f2d6f5/url'
10:12:03.990 [Forwarding getCurrentUrl on session 9123aba038aa2b0d5ba258a671f2d6f5 to remote] DEBUG org.asynchttpclient.netty.request.NettyRequestSender - Using open Channel [id: 0xe5eee0e1, L:/127.0.0.1:51420 - R:localhost/127.0.0.1:12515] for GET '/session/9123aba038aa2b0d5ba258a671f2d6f5/url'
10:12:03.993 [AsyncHttpClient-1-2] DEBUG org.asynchttpclient.netty.handler.HttpHandler - 

Request DefaultFullHttpRequest(decodeResult: success, version: HTTP/1.1, content: EmptyByteBufBE)
GET /session/9123aba038aa2b0d5ba258a671f2d6f5/url HTTP/1.1
User-Agent: selenium/4.8.1 (java windows)
Cache-Control: no-cache
Content-Type: application/json; charset=utf-8
host: localhost:12515
accept: */*

Response DefaultHttpResponse(decodeResult: success, version: HTTP/1.1)
HTTP/1.1 200 OK
Content-Length: 54
Content-Type: application/json; charset=utf-8
cache-control: no-cache

10:12:03.994 [AsyncHttpClient-1-1] DEBUG org.asynchttpclient.netty.channel.DefaultChannelPool - Entry count for : http://localhost:51423 : 1
10:12:03.994 [AsyncHttpClient-1-2] DEBUG org.asynchttpclient.netty.channel.ChannelManager - Adding key: http://localhost:12515 for channel [id: 0xe5eee0e1, L:/127.0.0.1:51420 - R:localhost/127.0.0.1:12515]
10:12:03.995 [Forwarding screenshot on session 9123aba038aa2b0d5ba258a671f2d6f5 to remote] DEBUG org.asynchttpclient.netty.request.NettyRequestSender - Using pooled Channel '[id: 0xe5eee0e1, L:/127.0.0.1:51420 - R:localhost/127.0.0.1:12515]' for 'GET' to 'http://localhost:12515/session/9123aba038aa2b0d5ba258a671f2d6f5/screenshot'
10:12:03.995 [Forwarding screenshot on session 9123aba038aa2b0d5ba258a671f2d6f5 to remote] DEBUG org.asynchttpclient.netty.request.NettyRequestSender - Using open Channel [id: 0xe5eee0e1, L:/127.0.0.1:51420 - R:localhost/127.0.0.1:12515] for GET '/session/9123aba038aa2b0d5ba258a671f2d6f5/screenshot'
10:12:04.106 [AsyncHttpClient-1-2] DEBUG org.asynchttpclient.netty.handler.HttpHandler - 

Request DefaultFullHttpRequest(decodeResult: success, version: HTTP/1.1, content: EmptyByteBufBE)
GET /session/9123aba038aa2b0d5ba258a671f2d6f5/screenshot HTTP/1.1
User-Agent: selenium/4.8.1 (java windows)
Cache-Control: no-cache
Content-Type: application/json; charset=utf-8
host: localhost:12515
accept: */*

Response DefaultHttpResponse(decodeResult: success, version: HTTP/1.1)
HTTP/1.1 200 OK
Content-Length: 45368
Content-Type: application/json; charset=utf-8
cache-control: no-cache

10:12:04.107 [AsyncHttpClient-1-2] DEBUG org.asynchttpclient.netty.channel.ChannelManager - Adding key: http://localhost:12515 for channel [id: 0xe5eee0e1, L:/127.0.0.1:51420 - R:localhost/127.0.0.1:12515]
10:12:04.111 [main] DEBUG net.serenitybdd.core.photography.Darkroom - Send negative for processing for target\site\serenity\c7691448c2066ad001aa83b0afea762546121b05a7b0a3c408565e05a26170a3.png
10:12:04.112 [main] DEBUG net.thucydides.core.steps.StepInterceptor - STEP DONE: ClickRegisterButton
10:12:04.112 [Darkroom Processing Line] DEBUG net.serenitybdd.core.photography.DarkroomProcessingLine - Processing screenshot image in /var/screenshots/screenshot-11465833713731277063
10:12:04.112 [Darkroom Processing Line] DEBUG net.serenitybdd.core.photography.DarkroomProcessingLine - Saving screenshot to target\site\serenity\c7691448c2066ad001aa83b0afea762546121b05a7b0a3c408565e05a26170a3.png
  &amp#27;[32mAnd &amp#27;[0m&amp#27;[32mI click on the register button&amp#27;[0m        &amp#27;[90m# starter.stepdefinitions.RegisterSteps.ClickRegisterButton()&amp#27;[0m
10:12:04.122 [Forwarding getPageSource on session 9123aba038aa2b0d5ba258a671f2d6f5 to remote] DEBUG org.asynchttpclient.netty.request.NettyRequestSender - Using pooled Channel '[id: 0xe5eee0e1, L:/127.0.0.1:51420 - R:localhost/127.0.0.1:12515]' for 'POST' to 'http://localhost:12515/session/9123aba038aa2b0d5ba258a671f2d6f5/execute/sync'
10:12:04.122 [Forwarding getPageSource on session 9123aba038aa2b0d5ba258a671f2d6f5 to remote] DEBUG org.asynchttpclient.netty.request.NettyRequestSender - Using open Channel [id: 0xe5eee0e1, L:/127.0.0.1:51420 - R:localhost/127.0.0.1:12515] for POST '/session/9123aba038aa2b0d5ba258a671f2d6f5/execute/sync'
10:12:04.126 [AsyncHttpClient-1-2] DEBUG org.asynchttpclient.netty.handler.HttpHandler - 

Request DefaultHttpRequest(decodeResult: success, version: HTTP/1.1)
POST /session/9123aba038aa2b0d5ba258a671f2d6f5/execute/sync HTTP/1.1
User-Agent: selenium/4.8.1 (java windows)
Content-Length: 176
Content-Type: application/json; charset=utf-8
host: localhost:12515
accept: */*

Response DefaultHttpResponse(decodeResult: success, version: HTTP/1.1)
HTTP/1.1 200 OK
Content-Length: 22833
Content-Type: application/json; charset=utf-8
cache-control: no-cache

10:12:04.127 [AsyncHttpClient-1-2] DEBUG org.asynchttpclient.netty.channel.ChannelManager - Adding key: http://localhost:12515 for channel [id: 0xe5eee0e1, L:/127.0.0.1:51420 - R:localhost/127.0.0.1:12515]
10:12:04.131 [Forwarding getCurrentUrl on session 9123aba038aa2b0d5ba258a671f2d6f5 to remote] DEBUG org.asynchttpclient.netty.request.NettyRequestSender - Using pooled Channel '[id: 0xe5eee0e1, L:/127.0.0.1:51420 - R:localhost/127.0.0.1:12515]' for 'GET' to 'http://localhost:12515/session/9123aba038aa2b0d5ba258a671f2d6f5/url'
10:12:04.131 [Forwarding getCurrentUrl on session 9123aba038aa2b0d5ba258a671f2d6f5 to remote] DEBUG org.asynchttpclient.netty.request.NettyRequestSender - Using open Channel [id: 0xe5eee0e1, L:/127.0.0.1:51420 - R:localhost/127.0.0.1:12515] for GET '/session/9123aba038aa2b0d5ba258a671f2d6f5/url'
10:12:04.134 [AsyncHttpClient-1-2] DEBUG org.asynchttpclient.netty.handler.HttpHandler - 

Request DefaultFullHttpRequest(decodeResult: success, version: HTTP/1.1, content: EmptyByteBufBE)
GET /session/9123aba038aa2b0d5ba258a671f2d6f5/url HTTP/1.1
User-Agent: selenium/4.8.1 (java windows)
Cache-Control: no-cache
Content-Type: application/json; charset=utf-8
host: localhost:12515
accept: */*

Response DefaultHttpResponse(decodeResult: success, version: HTTP/1.1)
HTTP/1.1 200 OK
Content-Length: 54
Content-Type: application/json; charset=utf-8
cache-control: no-cache

10:12:04.135 [AsyncHttpClient-1-2] DEBUG org.asynchttpclient.netty.channel.ChannelManager - Adding key: http://localhost:12515 for channel [id: 0xe5eee0e1, L:/127.0.0.1:51420 - R:localhost/127.0.0.1:12515]
10:12:04.148 [Forwarding getPageSource on session 9123aba038aa2b0d5ba258a671f2d6f5 to remote] DEBUG org.asynchttpclient.netty.request.NettyRequestSender - Using pooled Channel '[id: 0xe5eee0e1, L:/127.0.0.1:51420 - R:localhost/127.0.0.1:12515]' for 'POST' to 'http://localhost:12515/session/9123aba038aa2b0d5ba258a671f2d6f5/execute/sync'
10:12:04.148 [Forwarding getPageSource on session 9123aba038aa2b0d5ba258a671f2d6f5 to remote] DEBUG org.asynchttpclient.netty.request.NettyRequestSender - Using open Channel [id: 0xe5eee0e1, L:/127.0.0.1:51420 - R:localhost/127.0.0.1:12515] for POST '/session/9123aba038aa2b0d5ba258a671f2d6f5/execute/sync'
10:12:04.166 [AsyncHttpClient-1-2] DEBUG org.asynchttpclient.netty.handler.HttpHandler - 

Request DefaultHttpRequest(decodeResult: success, version: HTTP/1.1)
POST /session/9123aba038aa2b0d5ba258a671f2d6f5/execute/sync HTTP/1.1
User-Agent: selenium/4.8.1 (java windows)
Content-Length: 176
Content-Type: application/json; charset=utf-8
host: localhost:12515
accept: */*

Response DefaultHttpResponse(decodeResult: success, version: HTTP/1.1)
HTTP/1.1 200 OK
Content-Length: 21694
Content-Type: application/json; charset=utf-8
cache-control: no-cache

10:12:04.166 [AsyncHttpClient-1-2] DEBUG org.asynchttpclient.netty.channel.ChannelManager - Adding key: http://localhost:12515 for channel [id: 0xe5eee0e1, L:/127.0.0.1:51420 - R:localhost/127.0.0.1:12515]
10:12:04.170 [Forwarding getCurrentUrl on session 9123aba038aa2b0d5ba258a671f2d6f5 to remote] DEBUG org.asynchttpclient.netty.request.NettyRequestSender - Using pooled Channel '[id: 0xe5eee0e1, L:/127.0.0.1:51420 - R:localhost/127.0.0.1:12515]' for 'GET' to 'http://localhost:12515/session/9123aba038aa2b0d5ba258a671f2d6f5/url'
10:12:04.170 [Forwarding getCurrentUrl on session 9123aba038aa2b0d5ba258a671f2d6f5 to remote] DEBUG org.asynchttpclient.netty.request.NettyRequestSender - Using open Channel [id: 0xe5eee0e1, L:/127.0.0.1:51420 - R:localhost/127.0.0.1:12515] for GET '/session/9123aba038aa2b0d5ba258a671f2d6f5/url'
10:12:04.173 [AsyncHttpClient-1-2] DEBUG org.asynchttpclient.netty.handler.HttpHandler - 

Request DefaultFullHttpRequest(decodeResult: success, version: HTTP/1.1, content: EmptyByteBufBE)
GET /session/9123aba038aa2b0d5ba258a671f2d6f5/url HTTP/1.1
User-Agent: selenium/4.8.1 (java windows)
Cache-Control: no-cache
Content-Type: application/json; charset=utf-8
host: localhost:12515
accept: */*

Response DefaultHttpResponse(decodeResult: success, version: HTTP/1.1)
HTTP/1.1 200 OK
Content-Length: 51
Content-Type: application/json; charset=utf-8
cache-control: no-cache

10:12:04.174 [AsyncHttpClient-1-2] DEBUG org.asynchttpclient.netty.channel.ChannelManager - Adding key: http://localhost:12515 for channel [id: 0xe5eee0e1, L:/127.0.0.1:51420 - R:localhost/127.0.0.1:12515]
10:12:04.175 [main] DEBUG net.thucydides.core.steps.StepInterceptor - STARTING STEP: RegisterSteps.validateOnLoginPage - validateOnLoginPage
10:12:04.178 [Forwarding findElement on session 9123aba038aa2b0d5ba258a671f2d6f5 to remote] DEBUG org.asynchttpclient.netty.request.NettyRequestSender - Using pooled Channel '[id: 0xe5eee0e1, L:/127.0.0.1:51420 - R:localhost/127.0.0.1:12515]' for 'POST' to 'http://localhost:12515/session/9123aba038aa2b0d5ba258a671f2d6f5/element'
10:12:04.179 [Forwarding findElement on session 9123aba038aa2b0d5ba258a671f2d6f5 to remote] DEBUG org.asynchttpclient.netty.request.NettyRequestSender - Using open Channel [id: 0xe5eee0e1, L:/127.0.0.1:51420 - R:localhost/127.0.0.1:12515] for POST '/session/9123aba038aa2b0d5ba258a671f2d6f5/element'
10:12:04.186 [AsyncHttpClient-1-2] DEBUG org.asynchttpclient.netty.handler.HttpHandler - 

Request DefaultHttpRequest(decodeResult: success, version: HTTP/1.1)
POST /session/9123aba038aa2b0d5ba258a671f2d6f5/element HTTP/1.1
User-Agent: selenium/4.8.1 (java windows)
Content-Length: 71
Content-Type: application/json; charset=utf-8
host: localhost:12515
accept: */*

Response DefaultHttpResponse(decodeResult: success, version: HTTP/1.1)
HTTP/1.1 200 OK
Content-Length: 88
Content-Type: application/json; charset=utf-8
cache-control: no-cache

10:12:04.186 [AsyncHttpClient-1-2] DEBUG org.asynchttpclient.netty.channel.ChannelManager - Adding key: http://localhost:12515 for channel [id: 0xe5eee0e1, L:/127.0.0.1:51420 - R:localhost/127.0.0.1:12515]
10:12:04.197 [Forwarding isElementDisplayed on session 9123aba038aa2b0d5ba258a671f2d6f5 to remote] DEBUG org.asynchttpclient.netty.request.NettyRequestSender - Using pooled Channel '[id: 0xe5eee0e1, L:/127.0.0.1:51420 - R:localhost/127.0.0.1:12515]' for 'POST' to 'http://localhost:12515/session/9123aba038aa2b0d5ba258a671f2d6f5/execute/sync'
10:12:04.198 [Forwarding isElementDisplayed on session 9123aba038aa2b0d5ba258a671f2d6f5 to remote] DEBUG org.asynchttpclient.netty.request.NettyRequestSender - Using open Channel [id: 0xe5eee0e1, L:/127.0.0.1:51420 - R:localhost/127.0.0.1:12515] for POST '/session/9123aba038aa2b0d5ba258a671f2d6f5/execute/sync'
10:12:04.213 [AsyncHttpClient-1-2] DEBUG org.asynchttpclient.netty.handler.HttpHandler - 

Request DefaultHttpRequest(decodeResult: success, version: HTTP/1.1)
POST /session/9123aba038aa2b0d5ba258a671f2d6f5/execute/sync HTTP/1.1
User-Agent: selenium/4.8.1 (java windows)
Content-Length: 48807
Content-Type: application/json; charset=utf-8
host: localhost:12515
accept: */*

Response DefaultHttpResponse(decodeResult: success, version: HTTP/1.1)
HTTP/1.1 200 OK
Content-Length: 14
Content-Type: application/json; charset=utf-8
cache-control: no-cache

10:12:04.213 [AsyncHttpClient-1-2] DEBUG org.asynchttpclient.netty.channel.ChannelManager - Adding key: http://localhost:12515 for channel [id: 0xe5eee0e1, L:/127.0.0.1:51420 - R:localhost/127.0.0.1:12515]
10:12:04.221 [Forwarding getAlertText on session 9123aba038aa2b0d5ba258a671f2d6f5 to remote] DEBUG org.asynchttpclient.netty.request.NettyRequestSender - Using pooled Channel '[id: 0xe5eee0e1, L:/127.0.0.1:51420 - R:localhost/127.0.0.1:12515]' for 'GET' to 'http://localhost:12515/session/9123aba038aa2b0d5ba258a671f2d6f5/alert/text'
10:12:04.221 [Forwarding getAlertText on session 9123aba038aa2b0d5ba258a671f2d6f5 to remote] DEBUG org.asynchttpclient.netty.request.NettyRequestSender - Using open Channel [id: 0xe5eee0e1, L:/127.0.0.1:51420 - R:localhost/127.0.0.1:12515] for GET '/session/9123aba038aa2b0d5ba258a671f2d6f5/alert/text'
10:12:04.223 [AsyncHttpClient-1-2] DEBUG org.asynchttpclient.netty.handler.HttpHandler - 

Request DefaultFullHttpRequest(decodeResult: success, version: HTTP/1.1, content: EmptyByteBufBE)
GET /session/9123aba038aa2b0d5ba258a671f2d6f5/alert/text HTTP/1.1
User-Agent: selenium/4.8.1 (java windows)
Cache-Control: no-cache
Content-Type: application/json; charset=utf-8
host: localhost:12515
accept: */*

Response DefaultHttpResponse(decodeResult: success, version: HTTP/1.1)
HTTP/1.1 404 Not Found
Content-Length: 836
Content-Type: application/json; charset=utf-8
cache-control: no-cache

10:12:04.223 [AsyncHttpClient-1-2] DEBUG org.asynchttpclient.netty.channel.ChannelManager - Adding key: http://localhost:12515 for channel [id: 0xe5eee0e1, L:/127.0.0.1:51420 - R:localhost/127.0.0.1:12515]
10:12:04.225 [Forwarding getCurrentUrl on session 9123aba038aa2b0d5ba258a671f2d6f5 to remote] DEBUG org.asynchttpclient.netty.request.NettyRequestSender - Using pooled Channel '[id: 0xe5eee0e1, L:/127.0.0.1:51420 - R:localhost/127.0.0.1:12515]' for 'GET' to 'http://localhost:12515/session/9123aba038aa2b0d5ba258a671f2d6f5/url'
10:12:04.225 [Forwarding getCurrentUrl on session 9123aba038aa2b0d5ba258a671f2d6f5 to remote] DEBUG org.asynchttpclient.netty.request.NettyRequestSender - Using open Channel [id: 0xe5eee0e1, L:/127.0.0.1:51420 - R:localhost/127.0.0.1:12515] for GET '/session/9123aba038aa2b0d5ba258a671f2d6f5/url'
10:12:04.229 [AsyncHttpClient-1-2] DEBUG org.asynchttpclient.netty.handler.HttpHandler - 

Request DefaultFullHttpRequest(decodeResult: success, version: HTTP/1.1, content: EmptyByteBufBE)
GET /session/9123aba038aa2b0d5ba258a671f2d6f5/url HTTP/1.1
User-Agent: selenium/4.8.1 (java windows)
Cache-Control: no-cache
Content-Type: application/json; charset=utf-8
host: localhost:12515
accept: */*

Response DefaultHttpResponse(decodeResult: success, version: HTTP/1.1)
HTTP/1.1 200 OK
Content-Length: 51
Content-Type: application/json; charset=utf-8
cache-control: no-cache

10:12:04.229 [AsyncHttpClient-1-2] DEBUG org.asynchttpclient.netty.channel.ChannelManager - Adding key: http://localhost:12515 for channel [id: 0xe5eee0e1, L:/127.0.0.1:51420 - R:localhost/127.0.0.1:12515]
10:12:04.230 [Forwarding screenshot on session 9123aba038aa2b0d5ba258a671f2d6f5 to remote] DEBUG org.asynchttpclient.netty.request.NettyRequestSender - Using pooled Channel '[id: 0xe5eee0e1, L:/127.0.0.1:51420 - R:localhost/127.0.0.1:12515]' for 'GET' to 'http://localhost:12515/session/9123aba038aa2b0d5ba258a671f2d6f5/screenshot'
10:12:04.230 [Forwarding screenshot on session 9123aba038aa2b0d5ba258a671f2d6f5 to remote] DEBUG org.asynchttpclient.netty.request.NettyRequestSender - Using open Channel [id: 0xe5eee0e1, L:/127.0.0.1:51420 - R:localhost/127.0.0.1:12515] for GET '/session/9123aba038aa2b0d5ba258a671f2d6f5/screenshot'
10:12:04.320 [AsyncHttpClient-1-2] DEBUG org.asynchttpclient.netty.handler.HttpHandler - 

Request DefaultFullHttpRequest(decodeResult: success, version: HTTP/1.1, content: EmptyByteBufBE)
GET /session/9123aba038aa2b0d5ba258a671f2d6f5/screenshot HTTP/1.1
User-Agent: selenium/4.8.1 (java windows)
Cache-Control: no-cache
Content-Type: application/json; charset=utf-8
host: localhost:12515
accept: */*

Response DefaultHttpResponse(decodeResult: success, version: HTTP/1.1)
HTTP/1.1 200 OK
Content-Length: 32748
Content-Type: application/json; charset=utf-8
cache-control: no-cache

10:12:04.320 [AsyncHttpClient-1-2] DEBUG org.asynchttpclient.netty.channel.ChannelManager - Adding key: http://localhost:12515 for channel [id: 0xe5eee0e1, L:/127.0.0.1:51420 - R:localhost/127.0.0.1:12515]
10:12:04.322 [main] DEBUG net.serenitybdd.core.photography.Darkroom - Send negative for processing for target\site\serenity\838a118defe8b2c78f320792ccc0dfcdbc689f4090a216cf0baf82906188e658.png
10:12:04.322 [main] DEBUG net.thucydides.core.steps.StepInterceptor - STEP DONE: validateOnLoginPage
  &amp#27;[32mThen &amp#27;[0m&amp#27;[32mI should be redirected to login page&amp#27;[0m &amp#27;[90m# starter.stepdefinitions.RegisterSteps.validateOnLoginPage()&amp#27;[0m
10:12:04.331 [main] INFO  - 
  _____   ___   ___   _____     ___     _     ___   ___   ___   ___  
 |_   _| | __| / __| |_   _|   | _ \   /_\   / __| / __| | __| |   \ 
   | |   | _|  \__ \   | |     |  _/  / _ \  \__ \ \__ \ | _|  | |) |
   |_|   |___| |___/   |_|     |_|   /_/ \_\ |___/ |___/ |___| |___/ 

Register with valid data
----------------------------------------------------------------------
10:12:04.392 [Driver Command Executor] DEBUG org.asynchttpclient.netty.request.NettyRequestSender - Using pooled Channel '[id: 0xe5eee0e1, L:/127.0.0.1:51420 - R:localhost/127.0.0.1:12515]' for 'DELETE' to 'http://localhost:12515/session/9123aba038aa2b0d5ba258a671f2d6f5'
10:12:04.392 [Driver Command Executor] DEBUG org.asynchttpclient.netty.request.NettyRequestSender - Using open Channel [id: 0xe5eee0e1, L:/127.0.0.1:51420 - R:localhost/127.0.0.1:12515] for DELETE '/session/9123aba038aa2b0d5ba258a671f2d6f5'
10:12:04.530 [AsyncHttpClient-1-4] DEBUG org.asynchttpclient.netty.handler.WebSocketHandler - Unexpected I/O exception on channel [id: 0x3272b316, L:/127.0.0.1:51430 - R:localhost/127.0.0.1:51423]
java.io.IOException: An existing connection was forcibly closed by the remote host
	at java.base/sun.nio.ch.SocketDispatcher.read0(Native Method)
	at java.base/sun.nio.ch.SocketDispatcher.read(SocketDispatcher.java:43)
	at java.base/sun.nio.ch.IOUtil.readIntoNativeBuffer(IOUtil.java:276)
	at java.base/sun.nio.ch.IOUtil.read(IOUtil.java:233)
	at java.base/sun.nio.ch.IOUtil.read(IOUtil.java:223)
	at java.base/sun.nio.ch.SocketChannelImpl.read(SocketChannelImpl.java:358)
	at io.netty.buffer.PooledByteBuf.setBytes(PooledByteBuf.java:259)
	at io.netty.buffer.AbstractByteBuf.writeBytes(AbstractByteBuf.java:1132)
	at io.netty.channel.socket.nio.NioSocketChannel.doReadBytes(NioSocketChannel.java:357)
	at io.netty.channel.nio.AbstractNioByteChannel$NioByteUnsafe.read(AbstractNioByteChannel.java:151)
	at io.netty.channel.nio.NioEventLoop.processSelectedKey(NioEventLoop.java:788)
	at io.netty.channel.nio.NioEventLoop.processSelectedKeysOptimized(NioEventLoop.java:724)
	at io.netty.channel.nio.NioEventLoop.processSelectedKeys(NioEventLoop.java:650)
	at io.netty.channel.nio.NioEventLoop.run(NioEventLoop.java:562)
	at io.netty.util.concurrent.SingleThreadEventExecutor$4.run(SingleThreadEventExecutor.java:997)
	at io.netty.util.internal.ThreadExecutorMap$2.run(ThreadExecutorMap.java:74)
	at io.netty.util.concurrent.FastThreadLocalRunnable.run(FastThreadLocalRunnable.java:30)
	at java.base/java.lang.Thread.run(Thread.java:834)
10:12:04.530 [AsyncHttpClient-1-3] DEBUG org.asynchttpclient.netty.handler.HttpHandler - Unexpected I/O exception on channel [id: 0x2b562712, L:/127.0.0.1:51428 - R:localhost/127.0.0.1:51423]
java.io.IOException: An existing connection was forcibly closed by the remote host
	at java.base/sun.nio.ch.SocketDispatcher.read0(Native Method)
	at java.base/sun.nio.ch.SocketDispatcher.read(SocketDispatcher.java:43)
	at java.base/sun.nio.ch.IOUtil.readIntoNativeBuffer(IOUtil.java:276)
	at java.base/sun.nio.ch.IOUtil.read(IOUtil.java:233)
	at java.base/sun.nio.ch.IOUtil.read(IOUtil.java:223)
	at java.base/sun.nio.ch.SocketChannelImpl.read(SocketChannelImpl.java:358)
	at io.netty.buffer.PooledByteBuf.setBytes(PooledByteBuf.java:259)
	at io.netty.buffer.AbstractByteBuf.writeBytes(AbstractByteBuf.java:1132)
	at io.netty.channel.socket.nio.NioSocketChannel.doReadBytes(NioSocketChannel.java:357)
	at io.netty.channel.nio.AbstractNioByteChannel$NioByteUnsafe.read(AbstractNioByteChannel.java:151)
	at io.netty.channel.nio.NioEventLoop.processSelectedKey(NioEventLoop.java:788)
	at io.netty.channel.nio.NioEventLoop.processSelectedKeysOptimized(NioEventLoop.java:724)
	at io.netty.channel.nio.NioEventLoop.processSelectedKeys(NioEventLoop.java:650)
	at io.netty.channel.nio.NioEventLoop.run(NioEventLoop.java:562)
	at io.netty.util.concurrent.SingleThreadEventExecutor$4.run(SingleThreadEventExecutor.java:997)
	at io.netty.util.internal.ThreadExecutorMap$2.run(ThreadExecutorMap.java:74)
	at io.netty.util.concurrent.FastThreadLocalRunnable.run(FastThreadLocalRunnable.java:30)
	at java.base/java.lang.Thread.run(Thread.java:834)
10:12:04.530 [AsyncHttpClient-1-3] DEBUG org.asynchttpclient.netty.channel.ChannelManager - Closing Channel [id: 0x2b562712, L:/127.0.0.1:51428 - R:localhost/127.0.0.1:51423] 
10:12:04.530 [AsyncHttpClient-1-4] DEBUG org.asynchttpclient.netty.handler.WebSocketHandler - Trying to recover from dead Channel: [id: 0x3272b316, L:/127.0.0.1:51430 - R:localhost/127.0.0.1:51423]
10:12:04.531 [AsyncHttpClient-1-4] DEBUG org.asynchttpclient.netty.handler.WebSocketHandler - Channel Closed: [id: 0x3272b316, L:/127.0.0.1:51430 ! R:localhost/127.0.0.1:51423] with attribute NettyResponseFuture{currentRetry=0,
	isDone=1,
	isCancelled=0,
	asyncHandler=org.asynchttpclient.ws.WebSocketUpgradeHandler@1b6d012a,
	nettyRequest=org.asynchttpclient.netty.request.NettyRequest@6a549eb2,
	future=java.util.concurrent.CompletableFuture@69ac57bd[Completed normally],
	uri=ws://localhost:51423/devtools/browser/eae65715-e001-44a5-ad0c-f3c2689bb5cb,
	keepAlive=true,
	redirectCount=0,
	timeoutsHolder=null,
	inAuth=0,
	touch=1683429124530}
10:12:04.531 [AsyncHttpClient-1-4] DEBUG org.asynchttpclient.netty.channel.ChannelManager - Closing Channel [id: 0x3272b316, L:/127.0.0.1:51430 ! R:localhost/127.0.0.1:51423] 
10:12:04.532 [AsyncHttpClient-1-3] DEBUG org.asynchttpclient.netty.handler.HttpHandler - Channel Closed: [id: 0x2b562712, L:/127.0.0.1:51428 ! R:localhost/127.0.0.1:51423] with attribute DISCARD
10:12:04.541 [AsyncHttpClient-1-2] DEBUG org.asynchttpclient.netty.handler.HttpHandler - 

Request DefaultFullHttpRequest(decodeResult: success, version: HTTP/1.1, content: EmptyByteBufBE)
DELETE /session/9123aba038aa2b0d5ba258a671f2d6f5 HTTP/1.1
User-Agent: selenium/4.8.1 (java windows)
Content-Type: application/json; charset=utf-8
host: localhost:12515
accept: */*

Response DefaultHttpResponse(decodeResult: success, version: HTTP/1.1)
HTTP/1.1 200 OK
Content-Length: 14
Content-Type: application/json; charset=utf-8
cache-control: no-cache

10:12:04.542 [AsyncHttpClient-1-2] DEBUG org.asynchttpclient.netty.channel.ChannelManager - Adding key: http://localhost:12515 for channel [id: 0xe5eee0e1, L:/127.0.0.1:51420 - R:localhost/127.0.0.1:12515]
10:12:04.572 [AsyncHttpClient-1-2] DEBUG org.asynchttpclient.netty.handler.HttpHandler - Channel Closed: [id: 0xe5eee0e1, L:/127.0.0.1:51420 ! R:localhost/127.0.0.1:12515] with attribute DISCARD
10:12:05.096 [AsyncHttpClient-1-1] DEBUG org.asynchttpclient.netty.channel.DefaultChannelPool - Entry count for : http://localhost:51423 : 1
10:12:05.096 [AsyncHttpClient-1-1] DEBUG org.asynchttpclient.netty.channel.DefaultChannelPool - Entry count for : http://localhost:12515 : 1
10:12:05.096 [AsyncHttpClient-1-1] DEBUG org.asynchttpclient.netty.channel.DefaultChannelPool - Adding Candidate expired Channel [id: 0x2b562712, L:/127.0.0.1:51428 ! R:localhost/127.0.0.1:51423] isIdleTimeoutExpired=false isRemotelyClosed=true isTtlExpired=false
10:12:05.096 [AsyncHttpClient-1-1] DEBUG org.asynchttpclient.netty.channel.DefaultChannelPool - Closing Idle Channel [id: 0x2b562712, L:/127.0.0.1:51428 ! R:localhost/127.0.0.1:51423]
10:12:05.103 [AsyncHttpClient-1-1] DEBUG org.asynchttpclient.netty.channel.DefaultChannelPool - Adding Candidate expired Channel [id: 0xe5eee0e1, L:/127.0.0.1:51420 ! R:localhost/127.0.0.1:12515] isIdleTimeoutExpired=false isRemotelyClosed=true isTtlExpired=false
10:12:05.103 [AsyncHttpClient-1-1] DEBUG org.asynchttpclient.netty.channel.DefaultChannelPool - Closing Idle Channel [id: 0xe5eee0e1, L:/127.0.0.1:51420 ! R:localhost/127.0.0.1:12515]
10:12:05.103 [AsyncHttpClient-1-1] DEBUG org.asynchttpclient.netty.channel.DefaultChannelPool - Closed 2 connections out of 2 in 7 ms
]]></system-out>
    <system-err><![CDATA[Starting ChromeDriver 111.0.5563.64 (c710e93d5b63b7095afe8c2c17df34408078439d-refs/branch-heads/5563@{#995}) on port 12515
Only local connections are allowed.
Please see https://chromedriver.chromium.org/security-considerations for suggestions on keeping ChromeDriver safe.
ChromeDriver was started successfully.
May 07, 2023 10:12:00 AM org.openqa.selenium.devtools.CdpVersionFinder findNearestMatch
WARNING: Unable to find an exact match for CDP version 111, so returning the closest version found: 110
]]></system-err>
  </testcase>
  <testcase name="Register without fill the fullname" classname="Register to Alta-shop Account" time="4.481">
    <system-out><![CDATA[
Scenario: Register without fill the fullname   &amp#27;[90m# src/test/resources/features/1. Register.feature:16&amp#27;[0m
10:12:05.123 [main] DEBUG io.cucumber.core.plugin.SerenityReporter - Running feature from file:///D:/WebMinpro/code/minpro/src/test/resources/features/1.%20Register.feature
10:12:05.125 [main] INFO  - 
  _____   ___   ___   _____     ___   _____     _     ___   _____   ___   ___  
 |_   _| | __| / __| |_   _|   / __| |_   _|   /_\   | _ \ |_   _| | __| |   \ 
   | |   | _|  \__ \   | |     \__ \   | |    / _ \  |   /   | |   | _|  | |) |
   |_|   |___| |___/   |_|     |___/   |_|   /_/ \_\ |_|_\   |_|   |___| |___/ 

Register without fill the fullname(register-to-alta-shop-account;register-without-fill-the-fullname)
--------------------------------------------------------------------------------
10:12:05.142 [main] DEBUG net.thucydides.core.steps.StepInterceptor - STARTING STEP: LoginSteps.onTheLoginPage - openPage
10:12:05.195 [main] INFO net.serenitybdd.core.webdriver.driverproviders.ChromeDriverProvider - Starting Chrome driver instance with capabilities:
10:12:05.195 [main] INFO net.serenitybdd.core.webdriver.driverproviders.ChromeDriverProvider - Capabilities {acceptInsecureCerts: false, browserName: chrome, goog:chromeOptions: {args: [remote-allow-origins=*], extensions: []}}
10:12:05.273 [AsyncHttpClient-1-5] DEBUG org.asynchttpclient.netty.channel.NettyConnectListener - Using new Channel '[id: 0xdbac28e2, L:/127.0.0.1:51459 - R:localhost/127.0.0.1:17637]' for 'POST' to '/session'
10:12:05.809 [AsyncHttpClient-1-5] DEBUG org.asynchttpclient.netty.handler.HttpHandler - 

Request DefaultHttpRequest(decodeResult: success, version: HTTP/1.1)
POST /session HTTP/1.1
User-Agent: selenium/4.8.1 (java windows)
Content-Length: 507
Content-Type: application/json; charset=utf-8
host: localhost:17637
accept: */*

Response DefaultHttpResponse(decodeResult: success, version: HTTP/1.1)
HTTP/1.1 200 OK
Content-Length: 859
Content-Type: application/json; charset=utf-8
cache-control: no-cache

10:12:05.809 [AsyncHttpClient-1-5] DEBUG org.asynchttpclient.netty.channel.ChannelManager - Adding key: http://localhost:17637 for channel [id: 0xdbac28e2, L:/127.0.0.1:51459 - R:localhost/127.0.0.1:17637]
10:12:05.816 [AsyncHttpClient-1-6] DEBUG org.asynchttpclient.netty.channel.NettyConnectListener - Using new Channel '[id: 0x990595ec, L:/127.0.0.1:51465 - R:localhost/127.0.0.1:51460]' for 'GET' to '/json/version'
10:12:05.818 [AsyncHttpClient-1-6] DEBUG org.asynchttpclient.netty.handler.HttpHandler - 

Request DefaultFullHttpRequest(decodeResult: success, version: HTTP/1.1, content: EmptyByteBufBE)
GET /json/version HTTP/1.1
User-Agent: selenium/4.8.1 (java windows)
host: localhost:51460
accept: */*

Response DefaultHttpResponse(decodeResult: success, version: HTTP/1.1)
HTTP/1.1 200 OK
Content-Security-Policy: frame-ancestors 'none'
Content-Length: 424
Content-Type: application/json; charset=UTF-8

10:12:05.818 [AsyncHttpClient-1-6] DEBUG org.asynchttpclient.netty.channel.ChannelManager - Adding key: http://localhost:51460 for channel [id: 0x990595ec, L:/127.0.0.1:51465 - R:localhost/127.0.0.1:51460]
10:12:05.821 [AsyncHttpClient-1-7] DEBUG org.asynchttpclient.netty.channel.NettyConnectListener - Using new Channel '[id: 0x74de4fee, L:/127.0.0.1:51466 - R:localhost/127.0.0.1:51460]' for 'GET' to '/devtools/browser/7b4f55e2-7767-45a9-afa1-05c19bc2367c'
10:12:05.823 [AsyncHttpClient-1-7] DEBUG org.asynchttpclient.netty.handler.WebSocketHandler - 

Request DefaultFullHttpRequest(decodeResult: success, version: HTTP/1.1, content: EmptyByteBufBE)
GET /devtools/browser/7b4f55e2-7767-45a9-afa1-05c19bc2367c HTTP/1.1
upgrade: websocket
connection: upgrade
sec-websocket-key: 9GxfOoTKNn3tQoVw+xIEXQ==
sec-websocket-version: 13
origin: http://localhost:51460
host: localhost:51460
accept: */*
user-agent: AHC/2.1

Response DefaultHttpResponse(decodeResult: success, version: HTTP/1.1)
HTTP/1.1 101 WebSocket Protocol Handshake
Upgrade: WebSocket
Connection: Upgrade
Sec-WebSocket-Accept: LxSr54G1pO8W5zpzX0YkRFzLuLQ=

10:12:05.828 [Forwarding get on session 50591f53a29cdbd0690127ef75023327 to remote] DEBUG org.asynchttpclient.netty.request.NettyRequestSender - Using pooled Channel '[id: 0xdbac28e2, L:/127.0.0.1:51459 - R:localhost/127.0.0.1:17637]' for 'POST' to 'http://localhost:17637/session/50591f53a29cdbd0690127ef75023327/url'
10:12:05.829 [Forwarding get on session 50591f53a29cdbd0690127ef75023327 to remote] DEBUG org.asynchttpclient.netty.request.NettyRequestSender - Using open Channel [id: 0xdbac28e2, L:/127.0.0.1:51459 - R:localhost/127.0.0.1:17637] for POST '/session/50591f53a29cdbd0690127ef75023327/url'
10:12:06.200 [AsyncHttpClient-1-1] DEBUG org.asynchttpclient.netty.channel.DefaultChannelPool - Entry count for : http://localhost:51460 : 1
10:12:06.860 [AsyncHttpClient-1-5] DEBUG org.asynchttpclient.netty.handler.HttpHandler - 

Request DefaultHttpRequest(decodeResult: success, version: HTTP/1.1)
POST /session/50591f53a29cdbd0690127ef75023327/url HTTP/1.1
User-Agent: selenium/4.8.1 (java windows)
Content-Length: 74
Content-Type: application/json; charset=utf-8
host: localhost:17637
accept: */*

Response DefaultHttpResponse(decodeResult: success, version: HTTP/1.1)
HTTP/1.1 200 OK
Content-Length: 14
Content-Type: application/json; charset=utf-8
cache-control: no-cache

10:12:06.861 [AsyncHttpClient-1-5] DEBUG org.asynchttpclient.netty.channel.ChannelManager - Adding key: http://localhost:17637 for channel [id: 0xdbac28e2, L:/127.0.0.1:51459 - R:localhost/127.0.0.1:17637]
10:12:06.863 [Forwarding setTimeout on session 50591f53a29cdbd0690127ef75023327 to remote] DEBUG org.asynchttpclient.netty.request.NettyRequestSender - Using pooled Channel '[id: 0xdbac28e2, L:/127.0.0.1:51459 - R:localhost/127.0.0.1:17637]' for 'POST' to 'http://localhost:17637/session/50591f53a29cdbd0690127ef75023327/timeouts'
10:12:06.863 [Forwarding setTimeout on session 50591f53a29cdbd0690127ef75023327 to remote] DEBUG org.asynchttpclient.netty.request.NettyRequestSender - Using open Channel [id: 0xdbac28e2, L:/127.0.0.1:51459 - R:localhost/127.0.0.1:17637] for POST '/session/50591f53a29cdbd0690127ef75023327/timeouts'
10:12:06.864 [AsyncHttpClient-1-5] DEBUG org.asynchttpclient.netty.handler.HttpHandler - 

Request DefaultHttpRequest(decodeResult: success, version: HTTP/1.1)
POST /session/50591f53a29cdbd0690127ef75023327/timeouts HTTP/1.1
User-Agent: selenium/4.8.1 (java windows)
Content-Length: 22
Content-Type: application/json; charset=utf-8
host: localhost:17637
accept: */*

Response DefaultHttpResponse(decodeResult: success, version: HTTP/1.1)
HTTP/1.1 200 OK
Content-Length: 14
Content-Type: application/json; charset=utf-8
cache-control: no-cache

10:12:06.864 [AsyncHttpClient-1-5] DEBUG org.asynchttpclient.netty.channel.ChannelManager - Adding key: http://localhost:17637 for channel [id: 0xdbac28e2, L:/127.0.0.1:51459 - R:localhost/127.0.0.1:17637]
10:12:06.876 [Forwarding getAlertText on session 50591f53a29cdbd0690127ef75023327 to remote] DEBUG org.asynchttpclient.netty.request.NettyRequestSender - Using pooled Channel '[id: 0xdbac28e2, L:/127.0.0.1:51459 - R:localhost/127.0.0.1:17637]' for 'GET' to 'http://localhost:17637/session/50591f53a29cdbd0690127ef75023327/alert/text'
10:12:06.876 [Forwarding getAlertText on session 50591f53a29cdbd0690127ef75023327 to remote] DEBUG org.asynchttpclient.netty.request.NettyRequestSender - Using open Channel [id: 0xdbac28e2, L:/127.0.0.1:51459 - R:localhost/127.0.0.1:17637] for GET '/session/50591f53a29cdbd0690127ef75023327/alert/text'
10:12:06.879 [AsyncHttpClient-1-5] DEBUG org.asynchttpclient.netty.handler.HttpHandler - 

Request DefaultFullHttpRequest(decodeResult: success, version: HTTP/1.1, content: EmptyByteBufBE)
GET /session/50591f53a29cdbd0690127ef75023327/alert/text HTTP/1.1
User-Agent: selenium/4.8.1 (java windows)
Cache-Control: no-cache
Content-Type: application/json; charset=utf-8
host: localhost:17637
accept: */*

Response DefaultHttpResponse(decodeResult: success, version: HTTP/1.1)
HTTP/1.1 404 Not Found
Content-Length: 836
Content-Type: application/json; charset=utf-8
cache-control: no-cache

10:12:06.879 [AsyncHttpClient-1-5] DEBUG org.asynchttpclient.netty.channel.ChannelManager - Adding key: http://localhost:17637 for channel [id: 0xdbac28e2, L:/127.0.0.1:51459 - R:localhost/127.0.0.1:17637]
10:12:06.881 [Forwarding getCurrentUrl on session 50591f53a29cdbd0690127ef75023327 to remote] DEBUG org.asynchttpclient.netty.request.NettyRequestSender - Using pooled Channel '[id: 0xdbac28e2, L:/127.0.0.1:51459 - R:localhost/127.0.0.1:17637]' for 'GET' to 'http://localhost:17637/session/50591f53a29cdbd0690127ef75023327/url'
10:12:06.881 [Forwarding getCurrentUrl on session 50591f53a29cdbd0690127ef75023327 to remote] DEBUG org.asynchttpclient.netty.request.NettyRequestSender - Using open Channel [id: 0xdbac28e2, L:/127.0.0.1:51459 - R:localhost/127.0.0.1:17637] for GET '/session/50591f53a29cdbd0690127ef75023327/url'
10:12:06.886 [AsyncHttpClient-1-5] DEBUG org.asynchttpclient.netty.handler.HttpHandler - 

Request DefaultFullHttpRequest(decodeResult: success, version: HTTP/1.1, content: EmptyByteBufBE)
GET /session/50591f53a29cdbd0690127ef75023327/url HTTP/1.1
User-Agent: selenium/4.8.1 (java windows)
Cache-Control: no-cache
Content-Type: application/json; charset=utf-8
host: localhost:17637
accept: */*

Response DefaultHttpResponse(decodeResult: success, version: HTTP/1.1)
HTTP/1.1 200 OK
Content-Length: 51
Content-Type: application/json; charset=utf-8
cache-control: no-cache

10:12:06.886 [AsyncHttpClient-1-5] DEBUG org.asynchttpclient.netty.channel.ChannelManager - Adding key: http://localhost:17637 for channel [id: 0xdbac28e2, L:/127.0.0.1:51459 - R:localhost/127.0.0.1:17637]
10:12:06.888 [Forwarding screenshot on session 50591f53a29cdbd0690127ef75023327 to remote] DEBUG org.asynchttpclient.netty.request.NettyRequestSender - Using pooled Channel '[id: 0xdbac28e2, L:/127.0.0.1:51459 - R:localhost/127.0.0.1:17637]' for 'GET' to 'http://localhost:17637/session/50591f53a29cdbd0690127ef75023327/screenshot'
10:12:06.888 [Forwarding screenshot on session 50591f53a29cdbd0690127ef75023327 to remote] DEBUG org.asynchttpclient.netty.request.NettyRequestSender - Using open Channel [id: 0xdbac28e2, L:/127.0.0.1:51459 - R:localhost/127.0.0.1:17637] for GET '/session/50591f53a29cdbd0690127ef75023327/screenshot'
10:12:07.133 [AsyncHttpClient-1-5] DEBUG org.asynchttpclient.netty.handler.HttpHandler - 

Request DefaultFullHttpRequest(decodeResult: success, version: HTTP/1.1, content: EmptyByteBufBE)
GET /session/50591f53a29cdbd0690127ef75023327/screenshot HTTP/1.1
User-Agent: selenium/4.8.1 (java windows)
Cache-Control: no-cache
Content-Type: application/json; charset=utf-8
host: localhost:17637
accept: */*

Response DefaultHttpResponse(decodeResult: success, version: HTTP/1.1)
HTTP/1.1 200 OK
Content-Length: 32748
Content-Type: application/json; charset=utf-8
cache-control: no-cache

10:12:07.134 [AsyncHttpClient-1-5] DEBUG org.asynchttpclient.netty.channel.ChannelManager - Adding key: http://localhost:17637 for channel [id: 0xdbac28e2, L:/127.0.0.1:51459 - R:localhost/127.0.0.1:17637]
10:12:07.138 [main] DEBUG net.serenitybdd.core.photography.Darkroom - Send negative for processing for target\site\serenity\838a118defe8b2c78f320792ccc0dfcdbc689f4090a216cf0baf82906188e658.png
10:12:07.138 [main] DEBUG net.thucydides.core.steps.StepInterceptor - STEP DONE: openPage
  &amp#27;[32mGiven &amp#27;[0m&amp#27;[32mI am on the alta-shop login page&amp#27;[0m       &amp#27;[90m# starter.stepdefinitions.LoginSteps.onTheLoginPage()&amp#27;[0m
10:12:07.149 [Forwarding getPageSource on session 50591f53a29cdbd0690127ef75023327 to remote] DEBUG org.asynchttpclient.netty.request.NettyRequestSender - Using pooled Channel '[id: 0xdbac28e2, L:/127.0.0.1:51459 - R:localhost/127.0.0.1:17637]' for 'POST' to 'http://localhost:17637/session/50591f53a29cdbd0690127ef75023327/execute/sync'
10:12:07.149 [Forwarding getPageSource on session 50591f53a29cdbd0690127ef75023327 to remote] DEBUG org.asynchttpclient.netty.request.NettyRequestSender - Using open Channel [id: 0xdbac28e2, L:/127.0.0.1:51459 - R:localhost/127.0.0.1:17637] for POST '/session/50591f53a29cdbd0690127ef75023327/execute/sync'
10:12:07.155 [AsyncHttpClient-1-5] DEBUG org.asynchttpclient.netty.handler.HttpHandler - 

Request DefaultHttpRequest(decodeResult: success, version: HTTP/1.1)
POST /session/50591f53a29cdbd0690127ef75023327/execute/sync HTTP/1.1
User-Agent: selenium/4.8.1 (java windows)
Content-Length: 176
Content-Type: application/json; charset=utf-8
host: localhost:17637
accept: */*

Response DefaultHttpResponse(decodeResult: success, version: HTTP/1.1)
HTTP/1.1 200 OK
Content-Length: 21659
Content-Type: application/json; charset=utf-8
cache-control: no-cache

10:12:07.155 [AsyncHttpClient-1-5] DEBUG org.asynchttpclient.netty.channel.ChannelManager - Adding key: http://localhost:17637 for channel [id: 0xdbac28e2, L:/127.0.0.1:51459 - R:localhost/127.0.0.1:17637]
10:12:07.159 [Forwarding getCurrentUrl on session 50591f53a29cdbd0690127ef75023327 to remote] DEBUG org.asynchttpclient.netty.request.NettyRequestSender - Using pooled Channel '[id: 0xdbac28e2, L:/127.0.0.1:51459 - R:localhost/127.0.0.1:17637]' for 'GET' to 'http://localhost:17637/session/50591f53a29cdbd0690127ef75023327/url'
10:12:07.159 [Forwarding getCurrentUrl on session 50591f53a29cdbd0690127ef75023327 to remote] DEBUG org.asynchttpclient.netty.request.NettyRequestSender - Using open Channel [id: 0xdbac28e2, L:/127.0.0.1:51459 - R:localhost/127.0.0.1:17637] for GET '/session/50591f53a29cdbd0690127ef75023327/url'
10:12:07.162 [AsyncHttpClient-1-5] DEBUG org.asynchttpclient.netty.handler.HttpHandler - 

Request DefaultFullHttpRequest(decodeResult: success, version: HTTP/1.1, content: EmptyByteBufBE)
GET /session/50591f53a29cdbd0690127ef75023327/url HTTP/1.1
User-Agent: selenium/4.8.1 (java windows)
Cache-Control: no-cache
Content-Type: application/json; charset=utf-8
host: localhost:17637
accept: */*

Response DefaultHttpResponse(decodeResult: success, version: HTTP/1.1)
HTTP/1.1 200 OK
Content-Length: 51
Content-Type: application/json; charset=utf-8
cache-control: no-cache

10:12:07.162 [AsyncHttpClient-1-5] DEBUG org.asynchttpclient.netty.channel.ChannelManager - Adding key: http://localhost:17637 for channel [id: 0xdbac28e2, L:/127.0.0.1:51459 - R:localhost/127.0.0.1:17637]
10:12:07.187 [Forwarding getPageSource on session 50591f53a29cdbd0690127ef75023327 to remote] DEBUG org.asynchttpclient.netty.request.NettyRequestSender - Using pooled Channel '[id: 0xdbac28e2, L:/127.0.0.1:51459 - R:localhost/127.0.0.1:17637]' for 'POST' to 'http://localhost:17637/session/50591f53a29cdbd0690127ef75023327/execute/sync'
10:12:07.187 [Forwarding getPageSource on session 50591f53a29cdbd0690127ef75023327 to remote] DEBUG org.asynchttpclient.netty.request.NettyRequestSender - Using open Channel [id: 0xdbac28e2, L:/127.0.0.1:51459 - R:localhost/127.0.0.1:17637] for POST '/session/50591f53a29cdbd0690127ef75023327/execute/sync'
10:12:07.192 [AsyncHttpClient-1-5] DEBUG org.asynchttpclient.netty.handler.HttpHandler - 

Request DefaultHttpRequest(decodeResult: success, version: HTTP/1.1)
POST /session/50591f53a29cdbd0690127ef75023327/execute/sync HTTP/1.1
User-Agent: selenium/4.8.1 (java windows)
Content-Length: 176
Content-Type: application/json; charset=utf-8
host: localhost:17637
accept: */*

Response DefaultHttpResponse(decodeResult: success, version: HTTP/1.1)
HTTP/1.1 200 OK
Content-Length: 21659
Content-Type: application/json; charset=utf-8
cache-control: no-cache

10:12:07.192 [AsyncHttpClient-1-5] DEBUG org.asynchttpclient.netty.channel.ChannelManager - Adding key: http://localhost:17637 for channel [id: 0xdbac28e2, L:/127.0.0.1:51459 - R:localhost/127.0.0.1:17637]
10:12:07.195 [Forwarding getCurrentUrl on session 50591f53a29cdbd0690127ef75023327 to remote] DEBUG org.asynchttpclient.netty.request.NettyRequestSender - Using pooled Channel '[id: 0xdbac28e2, L:/127.0.0.1:51459 - R:localhost/127.0.0.1:17637]' for 'GET' to 'http://localhost:17637/session/50591f53a29cdbd0690127ef75023327/url'
10:12:07.195 [Forwarding getCurrentUrl on session 50591f53a29cdbd0690127ef75023327 to remote] DEBUG org.asynchttpclient.netty.request.NettyRequestSender - Using open Channel [id: 0xdbac28e2, L:/127.0.0.1:51459 - R:localhost/127.0.0.1:17637] for GET '/session/50591f53a29cdbd0690127ef75023327/url'
10:12:07.198 [AsyncHttpClient-1-5] DEBUG org.asynchttpclient.netty.handler.HttpHandler - 

Request DefaultFullHttpRequest(decodeResult: success, version: HTTP/1.1, content: EmptyByteBufBE)
GET /session/50591f53a29cdbd0690127ef75023327/url HTTP/1.1
User-Agent: selenium/4.8.1 (java windows)
Cache-Control: no-cache
Content-Type: application/json; charset=utf-8
host: localhost:17637
accept: */*

Response DefaultHttpResponse(decodeResult: success, version: HTTP/1.1)
HTTP/1.1 200 OK
Content-Length: 51
Content-Type: application/json; charset=utf-8
cache-control: no-cache

10:12:07.198 [AsyncHttpClient-1-5] DEBUG org.asynchttpclient.netty.channel.ChannelManager - Adding key: http://localhost:17637 for channel [id: 0xdbac28e2, L:/127.0.0.1:51459 - R:localhost/127.0.0.1:17637]
10:12:07.200 [main] DEBUG net.thucydides.core.steps.StepInterceptor - STARTING STEP: RegisterSteps.clickLoginButton - clickRegisterLink
10:12:07.204 [Forwarding findElement on session 50591f53a29cdbd0690127ef75023327 to remote] DEBUG org.asynchttpclient.netty.request.NettyRequestSender - Using pooled Channel '[id: 0xdbac28e2, L:/127.0.0.1:51459 - R:localhost/127.0.0.1:17637]' for 'POST' to 'http://localhost:17637/session/50591f53a29cdbd0690127ef75023327/element'
10:12:07.204 [Forwarding findElement on session 50591f53a29cdbd0690127ef75023327 to remote] DEBUG org.asynchttpclient.netty.request.NettyRequestSender - Using open Channel [id: 0xdbac28e2, L:/127.0.0.1:51459 - R:localhost/127.0.0.1:17637] for POST '/session/50591f53a29cdbd0690127ef75023327/element'
10:12:07.217 [AsyncHttpClient-1-5] DEBUG org.asynchttpclient.netty.handler.HttpHandler - 

Request DefaultHttpRequest(decodeResult: success, version: HTTP/1.1)
POST /session/50591f53a29cdbd0690127ef75023327/element HTTP/1.1
User-Agent: selenium/4.8.1 (java windows)
Content-Length: 84
Content-Type: application/json; charset=utf-8
host: localhost:17637
accept: */*

Response DefaultHttpResponse(decodeResult: success, version: HTTP/1.1)
HTTP/1.1 200 OK
Content-Length: 88
Content-Type: application/json; charset=utf-8
cache-control: no-cache

10:12:07.217 [AsyncHttpClient-1-5] DEBUG org.asynchttpclient.netty.channel.ChannelManager - Adding key: http://localhost:17637 for channel [id: 0xdbac28e2, L:/127.0.0.1:51459 - R:localhost/127.0.0.1:17637]
10:12:07.219 [Forwarding getElementTagName on session 50591f53a29cdbd0690127ef75023327 to remote] DEBUG org.asynchttpclient.netty.request.NettyRequestSender - Using pooled Channel '[id: 0xdbac28e2, L:/127.0.0.1:51459 - R:localhost/127.0.0.1:17637]' for 'GET' to 'http://localhost:17637/session/50591f53a29cdbd0690127ef75023327/element/475f5132-9c20-47dc-aa90-a841e095996d/name'
10:12:07.219 [Forwarding getElementTagName on session 50591f53a29cdbd0690127ef75023327 to remote] DEBUG org.asynchttpclient.netty.request.NettyRequestSender - Using open Channel [id: 0xdbac28e2, L:/127.0.0.1:51459 - R:localhost/127.0.0.1:17637] for GET '/session/50591f53a29cdbd0690127ef75023327/element/475f5132-9c20-47dc-aa90-a841e095996d/name'
10:12:07.223 [AsyncHttpClient-1-5] DEBUG org.asynchttpclient.netty.handler.HttpHandler - 

Request DefaultFullHttpRequest(decodeResult: success, version: HTTP/1.1, content: EmptyByteBufBE)
GET /session/50591f53a29cdbd0690127ef75023327/element/475f5132-9c20-47dc-aa90-a841e095996d/name HTTP/1.1
User-Agent: selenium/4.8.1 (java windows)
Cache-Control: no-cache
Content-Type: application/json; charset=utf-8
host: localhost:17637
accept: */*

Response DefaultHttpResponse(decodeResult: success, version: HTTP/1.1)
HTTP/1.1 200 OK
Content-Length: 13
Content-Type: application/json; charset=utf-8
cache-control: no-cache

10:12:07.223 [AsyncHttpClient-1-5] DEBUG org.asynchttpclient.netty.channel.ChannelManager - Adding key: http://localhost:17637 for channel [id: 0xdbac28e2, L:/127.0.0.1:51459 - R:localhost/127.0.0.1:17637]
10:12:07.225 [Forwarding getElementTagName on session 50591f53a29cdbd0690127ef75023327 to remote] DEBUG org.asynchttpclient.netty.request.NettyRequestSender - Using pooled Channel '[id: 0xdbac28e2, L:/127.0.0.1:51459 - R:localhost/127.0.0.1:17637]' for 'GET' to 'http://localhost:17637/session/50591f53a29cdbd0690127ef75023327/element/475f5132-9c20-47dc-aa90-a841e095996d/name'
10:12:07.225 [Forwarding getElementTagName on session 50591f53a29cdbd0690127ef75023327 to remote] DEBUG org.asynchttpclient.netty.request.NettyRequestSender - Using open Channel [id: 0xdbac28e2, L:/127.0.0.1:51459 - R:localhost/127.0.0.1:17637] for GET '/session/50591f53a29cdbd0690127ef75023327/element/475f5132-9c20-47dc-aa90-a841e095996d/name'
10:12:07.228 [AsyncHttpClient-1-5] DEBUG org.asynchttpclient.netty.handler.HttpHandler - 

Request DefaultFullHttpRequest(decodeResult: success, version: HTTP/1.1, content: EmptyByteBufBE)
GET /session/50591f53a29cdbd0690127ef75023327/element/475f5132-9c20-47dc-aa90-a841e095996d/name HTTP/1.1
User-Agent: selenium/4.8.1 (java windows)
Cache-Control: no-cache
Content-Type: application/json; charset=utf-8
host: localhost:17637
accept: */*

Response DefaultHttpResponse(decodeResult: success, version: HTTP/1.1)
HTTP/1.1 200 OK
Content-Length: 13
Content-Type: application/json; charset=utf-8
cache-control: no-cache

10:12:07.229 [AsyncHttpClient-1-5] DEBUG org.asynchttpclient.netty.channel.ChannelManager - Adding key: http://localhost:17637 for channel [id: 0xdbac28e2, L:/127.0.0.1:51459 - R:localhost/127.0.0.1:17637]
10:12:07.231 [Forwarding findElement on session 50591f53a29cdbd0690127ef75023327 to remote] DEBUG org.asynchttpclient.netty.request.NettyRequestSender - Using pooled Channel '[id: 0xdbac28e2, L:/127.0.0.1:51459 - R:localhost/127.0.0.1:17637]' for 'POST' to 'http://localhost:17637/session/50591f53a29cdbd0690127ef75023327/element'
10:12:07.231 [Forwarding findElement on session 50591f53a29cdbd0690127ef75023327 to remote] DEBUG org.asynchttpclient.netty.request.NettyRequestSender - Using open Channel [id: 0xdbac28e2, L:/127.0.0.1:51459 - R:localhost/127.0.0.1:17637] for POST '/session/50591f53a29cdbd0690127ef75023327/element'
10:12:07.238 [AsyncHttpClient-1-5] DEBUG org.asynchttpclient.netty.handler.HttpHandler - 

Request DefaultHttpRequest(decodeResult: success, version: HTTP/1.1)
POST /session/50591f53a29cdbd0690127ef75023327/element HTTP/1.1
User-Agent: selenium/4.8.1 (java windows)
Content-Length: 84
Content-Type: application/json; charset=utf-8
host: localhost:17637
accept: */*

Response DefaultHttpResponse(decodeResult: success, version: HTTP/1.1)
HTTP/1.1 200 OK
Content-Length: 88
Content-Type: application/json; charset=utf-8
cache-control: no-cache

10:12:07.238 [AsyncHttpClient-1-5] DEBUG org.asynchttpclient.netty.channel.ChannelManager - Adding key: http://localhost:17637 for channel [id: 0xdbac28e2, L:/127.0.0.1:51459 - R:localhost/127.0.0.1:17637]
10:12:07.240 [Forwarding clickElement on session 50591f53a29cdbd0690127ef75023327 to remote] DEBUG org.asynchttpclient.netty.request.NettyRequestSender - Using pooled Channel '[id: 0xdbac28e2, L:/127.0.0.1:51459 - R:localhost/127.0.0.1:17637]' for 'POST' to 'http://localhost:17637/session/50591f53a29cdbd0690127ef75023327/element/475f5132-9c20-47dc-aa90-a841e095996d/click'
10:12:07.240 [Forwarding clickElement on session 50591f53a29cdbd0690127ef75023327 to remote] DEBUG org.asynchttpclient.netty.request.NettyRequestSender - Using open Channel [id: 0xdbac28e2, L:/127.0.0.1:51459 - R:localhost/127.0.0.1:17637] for POST '/session/50591f53a29cdbd0690127ef75023327/element/475f5132-9c20-47dc-aa90-a841e095996d/click'
10:12:07.305 [AsyncHttpClient-1-1] DEBUG org.asynchttpclient.netty.channel.DefaultChannelPool - Entry count for : http://localhost:51460 : 1
10:12:07.312 [AsyncHttpClient-1-5] DEBUG org.asynchttpclient.netty.handler.HttpHandler - 

Request DefaultHttpRequest(decodeResult: success, version: HTTP/1.1)
POST /session/50591f53a29cdbd0690127ef75023327/element/475f5132-9c20-47dc-aa90-a841e095996d/click HTTP/1.1
User-Agent: selenium/4.8.1 (java windows)
Content-Length: 50
Content-Type: application/json; charset=utf-8
host: localhost:17637
accept: */*

Response DefaultHttpResponse(decodeResult: success, version: HTTP/1.1)
HTTP/1.1 200 OK
Content-Length: 14
Content-Type: application/json; charset=utf-8
cache-control: no-cache

10:12:07.313 [AsyncHttpClient-1-5] DEBUG org.asynchttpclient.netty.channel.ChannelManager - Adding key: http://localhost:17637 for channel [id: 0xdbac28e2, L:/127.0.0.1:51459 - R:localhost/127.0.0.1:17637]
10:12:07.321 [Forwarding getAlertText on session 50591f53a29cdbd0690127ef75023327 to remote] DEBUG org.asynchttpclient.netty.request.NettyRequestSender - Using pooled Channel '[id: 0xdbac28e2, L:/127.0.0.1:51459 - R:localhost/127.0.0.1:17637]' for 'GET' to 'http://localhost:17637/session/50591f53a29cdbd0690127ef75023327/alert/text'
10:12:07.321 [Forwarding getAlertText on session 50591f53a29cdbd0690127ef75023327 to remote] DEBUG org.asynchttpclient.netty.request.NettyRequestSender - Using open Channel [id: 0xdbac28e2, L:/127.0.0.1:51459 - R:localhost/127.0.0.1:17637] for GET '/session/50591f53a29cdbd0690127ef75023327/alert/text'
10:12:07.323 [AsyncHttpClient-1-5] DEBUG org.asynchttpclient.netty.handler.HttpHandler - 

Request DefaultFullHttpRequest(decodeResult: success, version: HTTP/1.1, content: EmptyByteBufBE)
GET /session/50591f53a29cdbd0690127ef75023327/alert/text HTTP/1.1
User-Agent: selenium/4.8.1 (java windows)
Cache-Control: no-cache
Content-Type: application/json; charset=utf-8
host: localhost:17637
accept: */*

Response DefaultHttpResponse(decodeResult: success, version: HTTP/1.1)
HTTP/1.1 404 Not Found
Content-Length: 836
Content-Type: application/json; charset=utf-8
cache-control: no-cache

10:12:07.324 [AsyncHttpClient-1-5] DEBUG org.asynchttpclient.netty.channel.ChannelManager - Adding key: http://localhost:17637 for channel [id: 0xdbac28e2, L:/127.0.0.1:51459 - R:localhost/127.0.0.1:17637]
10:12:07.325 [Forwarding getCurrentUrl on session 50591f53a29cdbd0690127ef75023327 to remote] DEBUG org.asynchttpclient.netty.request.NettyRequestSender - Using pooled Channel '[id: 0xdbac28e2, L:/127.0.0.1:51459 - R:localhost/127.0.0.1:17637]' for 'GET' to 'http://localhost:17637/session/50591f53a29cdbd0690127ef75023327/url'
10:12:07.325 [Forwarding getCurrentUrl on session 50591f53a29cdbd0690127ef75023327 to remote] DEBUG org.asynchttpclient.netty.request.NettyRequestSender - Using open Channel [id: 0xdbac28e2, L:/127.0.0.1:51459 - R:localhost/127.0.0.1:17637] for GET '/session/50591f53a29cdbd0690127ef75023327/url'
10:12:07.328 [AsyncHttpClient-1-5] DEBUG org.asynchttpclient.netty.handler.HttpHandler - 

Request DefaultFullHttpRequest(decodeResult: success, version: HTTP/1.1, content: EmptyByteBufBE)
GET /session/50591f53a29cdbd0690127ef75023327/url HTTP/1.1
User-Agent: selenium/4.8.1 (java windows)
Cache-Control: no-cache
Content-Type: application/json; charset=utf-8
host: localhost:17637
accept: */*

Response DefaultHttpResponse(decodeResult: success, version: HTTP/1.1)
HTTP/1.1 200 OK
Content-Length: 54
Content-Type: application/json; charset=utf-8
cache-control: no-cache

10:12:07.329 [AsyncHttpClient-1-5] DEBUG org.asynchttpclient.netty.channel.ChannelManager - Adding key: http://localhost:17637 for channel [id: 0xdbac28e2, L:/127.0.0.1:51459 - R:localhost/127.0.0.1:17637]
10:12:07.330 [Forwarding screenshot on session 50591f53a29cdbd0690127ef75023327 to remote] DEBUG org.asynchttpclient.netty.request.NettyRequestSender - Using pooled Channel '[id: 0xdbac28e2, L:/127.0.0.1:51459 - R:localhost/127.0.0.1:17637]' for 'GET' to 'http://localhost:17637/session/50591f53a29cdbd0690127ef75023327/screenshot'
10:12:07.330 [Forwarding screenshot on session 50591f53a29cdbd0690127ef75023327 to remote] DEBUG org.asynchttpclient.netty.request.NettyRequestSender - Using open Channel [id: 0xdbac28e2, L:/127.0.0.1:51459 - R:localhost/127.0.0.1:17637] for GET '/session/50591f53a29cdbd0690127ef75023327/screenshot'
10:12:07.464 [AsyncHttpClient-1-5] DEBUG org.asynchttpclient.netty.handler.HttpHandler - 

Request DefaultFullHttpRequest(decodeResult: success, version: HTTP/1.1, content: EmptyByteBufBE)
GET /session/50591f53a29cdbd0690127ef75023327/screenshot HTTP/1.1
User-Agent: selenium/4.8.1 (java windows)
Cache-Control: no-cache
Content-Type: application/json; charset=utf-8
host: localhost:17637
accept: */*

Response DefaultHttpResponse(decodeResult: success, version: HTTP/1.1)
HTTP/1.1 200 OK
Content-Length: 38084
Content-Type: application/json; charset=utf-8
cache-control: no-cache

10:12:07.465 [AsyncHttpClient-1-5] DEBUG org.asynchttpclient.netty.channel.ChannelManager - Adding key: http://localhost:17637 for channel [id: 0xdbac28e2, L:/127.0.0.1:51459 - R:localhost/127.0.0.1:17637]
10:12:07.467 [main] DEBUG net.serenitybdd.core.photography.Darkroom - Send negative for processing for target\site\serenity\292f659900b5da6cedc4a6300c5af9e9c893ecd14c90032acea582f4b2690658.png
10:12:07.467 [main] DEBUG net.thucydides.core.steps.StepInterceptor - STEP DONE: clickRegisterLink
  &amp#27;[32mWhen &amp#27;[0m&amp#27;[32mI go to the alta-shop register page&amp#27;[0m     &amp#27;[90m# starter.stepdefinitions.RegisterSteps.clickLoginButton()&amp#27;[0m
10:12:07.481 [Forwarding getPageSource on session 50591f53a29cdbd0690127ef75023327 to remote] DEBUG org.asynchttpclient.netty.request.NettyRequestSender - Using pooled Channel '[id: 0xdbac28e2, L:/127.0.0.1:51459 - R:localhost/127.0.0.1:17637]' for 'POST' to 'http://localhost:17637/session/50591f53a29cdbd0690127ef75023327/execute/sync'
10:12:07.481 [Forwarding getPageSource on session 50591f53a29cdbd0690127ef75023327 to remote] DEBUG org.asynchttpclient.netty.request.NettyRequestSender - Using open Channel [id: 0xdbac28e2, L:/127.0.0.1:51459 - R:localhost/127.0.0.1:17637] for POST '/session/50591f53a29cdbd0690127ef75023327/execute/sync'
10:12:07.485 [AsyncHttpClient-1-5] DEBUG org.asynchttpclient.netty.handler.HttpHandler - 

Request DefaultHttpRequest(decodeResult: success, version: HTTP/1.1)
POST /session/50591f53a29cdbd0690127ef75023327/execute/sync HTTP/1.1
User-Agent: selenium/4.8.1 (java windows)
Content-Length: 176
Content-Type: application/json; charset=utf-8
host: localhost:17637
accept: */*

Response DefaultHttpResponse(decodeResult: success, version: HTTP/1.1)
HTTP/1.1 200 OK
Content-Length: 22314
Content-Type: application/json; charset=utf-8
cache-control: no-cache

10:12:07.486 [AsyncHttpClient-1-5] DEBUG org.asynchttpclient.netty.channel.ChannelManager - Adding key: http://localhost:17637 for channel [id: 0xdbac28e2, L:/127.0.0.1:51459 - R:localhost/127.0.0.1:17637]
10:12:07.491 [Forwarding getCurrentUrl on session 50591f53a29cdbd0690127ef75023327 to remote] DEBUG org.asynchttpclient.netty.request.NettyRequestSender - Using pooled Channel '[id: 0xdbac28e2, L:/127.0.0.1:51459 - R:localhost/127.0.0.1:17637]' for 'GET' to 'http://localhost:17637/session/50591f53a29cdbd0690127ef75023327/url'
10:12:07.491 [Forwarding getCurrentUrl on session 50591f53a29cdbd0690127ef75023327 to remote] DEBUG org.asynchttpclient.netty.request.NettyRequestSender - Using open Channel [id: 0xdbac28e2, L:/127.0.0.1:51459 - R:localhost/127.0.0.1:17637] for GET '/session/50591f53a29cdbd0690127ef75023327/url'
10:12:07.497 [AsyncHttpClient-1-5] DEBUG org.asynchttpclient.netty.handler.HttpHandler - 

Request DefaultFullHttpRequest(decodeResult: success, version: HTTP/1.1, content: EmptyByteBufBE)
GET /session/50591f53a29cdbd0690127ef75023327/url HTTP/1.1
User-Agent: selenium/4.8.1 (java windows)
Cache-Control: no-cache
Content-Type: application/json; charset=utf-8
host: localhost:17637
accept: */*

Response DefaultHttpResponse(decodeResult: success, version: HTTP/1.1)
HTTP/1.1 200 OK
Content-Length: 54
Content-Type: application/json; charset=utf-8
cache-control: no-cache

10:12:07.498 [AsyncHttpClient-1-5] DEBUG org.asynchttpclient.netty.channel.ChannelManager - Adding key: http://localhost:17637 for channel [id: 0xdbac28e2, L:/127.0.0.1:51459 - R:localhost/127.0.0.1:17637]
10:12:07.519 [Forwarding getPageSource on session 50591f53a29cdbd0690127ef75023327 to remote] DEBUG org.asynchttpclient.netty.request.NettyRequestSender - Using pooled Channel '[id: 0xdbac28e2, L:/127.0.0.1:51459 - R:localhost/127.0.0.1:17637]' for 'POST' to 'http://localhost:17637/session/50591f53a29cdbd0690127ef75023327/execute/sync'
10:12:07.519 [Forwarding getPageSource on session 50591f53a29cdbd0690127ef75023327 to remote] DEBUG org.asynchttpclient.netty.request.NettyRequestSender - Using open Channel [id: 0xdbac28e2, L:/127.0.0.1:51459 - R:localhost/127.0.0.1:17637] for POST '/session/50591f53a29cdbd0690127ef75023327/execute/sync'
10:12:07.528 [AsyncHttpClient-1-5] DEBUG org.asynchttpclient.netty.handler.HttpHandler - 

Request DefaultHttpRequest(decodeResult: success, version: HTTP/1.1)
POST /session/50591f53a29cdbd0690127ef75023327/execute/sync HTTP/1.1
User-Agent: selenium/4.8.1 (java windows)
Content-Length: 176
Content-Type: application/json; charset=utf-8
host: localhost:17637
accept: */*

Response DefaultHttpResponse(decodeResult: success, version: HTTP/1.1)
HTTP/1.1 200 OK
Content-Length: 22314
Content-Type: application/json; charset=utf-8
cache-control: no-cache

10:12:07.529 [AsyncHttpClient-1-5] DEBUG org.asynchttpclient.netty.channel.ChannelManager - Adding key: http://localhost:17637 for channel [id: 0xdbac28e2, L:/127.0.0.1:51459 - R:localhost/127.0.0.1:17637]
10:12:07.533 [Forwarding getCurrentUrl on session 50591f53a29cdbd0690127ef75023327 to remote] DEBUG org.asynchttpclient.netty.request.NettyRequestSender - Using pooled Channel '[id: 0xdbac28e2, L:/127.0.0.1:51459 - R:localhost/127.0.0.1:17637]' for 'GET' to 'http://localhost:17637/session/50591f53a29cdbd0690127ef75023327/url'
10:12:07.533 [Forwarding getCurrentUrl on session 50591f53a29cdbd0690127ef75023327 to remote] DEBUG org.asynchttpclient.netty.request.NettyRequestSender - Using open Channel [id: 0xdbac28e2, L:/127.0.0.1:51459 - R:localhost/127.0.0.1:17637] for GET '/session/50591f53a29cdbd0690127ef75023327/url'
10:12:07.541 [AsyncHttpClient-1-5] DEBUG org.asynchttpclient.netty.handler.HttpHandler - 

Request DefaultFullHttpRequest(decodeResult: success, version: HTTP/1.1, content: EmptyByteBufBE)
GET /session/50591f53a29cdbd0690127ef75023327/url HTTP/1.1
User-Agent: selenium/4.8.1 (java windows)
Cache-Control: no-cache
Content-Type: application/json; charset=utf-8
host: localhost:17637
accept: */*

Response DefaultHttpResponse(decodeResult: success, version: HTTP/1.1)
HTTP/1.1 200 OK
Content-Length: 54
Content-Type: application/json; charset=utf-8
cache-control: no-cache

10:12:07.542 [AsyncHttpClient-1-5] DEBUG org.asynchttpclient.netty.channel.ChannelManager - Adding key: http://localhost:17637 for channel [id: 0xdbac28e2, L:/127.0.0.1:51459 - R:localhost/127.0.0.1:17637]
10:12:07.545 [main] DEBUG net.thucydides.core.steps.StepInterceptor - STARTING STEP: RegisterSteps.inputInvalidFullnameReg - inputFullnameReg
10:12:07.549 [Forwarding findElement on session 50591f53a29cdbd0690127ef75023327 to remote] DEBUG org.asynchttpclient.netty.request.NettyRequestSender - Using pooled Channel '[id: 0xdbac28e2, L:/127.0.0.1:51459 - R:localhost/127.0.0.1:17637]' for 'POST' to 'http://localhost:17637/session/50591f53a29cdbd0690127ef75023327/element'
10:12:07.549 [Forwarding findElement on session 50591f53a29cdbd0690127ef75023327 to remote] DEBUG org.asynchttpclient.netty.request.NettyRequestSender - Using open Channel [id: 0xdbac28e2, L:/127.0.0.1:51459 - R:localhost/127.0.0.1:17637] for POST '/session/50591f53a29cdbd0690127ef75023327/element'
10:12:07.567 [AsyncHttpClient-1-5] DEBUG org.asynchttpclient.netty.handler.HttpHandler - 

Request DefaultHttpRequest(decodeResult: success, version: HTTP/1.1)
POST /session/50591f53a29cdbd0690127ef75023327/element HTTP/1.1
User-Agent: selenium/4.8.1 (java windows)
Content-Length: 55
Content-Type: application/json; charset=utf-8
host: localhost:17637
accept: */*

Response DefaultHttpResponse(decodeResult: success, version: HTTP/1.1)
HTTP/1.1 200 OK
Content-Length: 88
Content-Type: application/json; charset=utf-8
cache-control: no-cache

10:12:07.567 [AsyncHttpClient-1-5] DEBUG org.asynchttpclient.netty.channel.ChannelManager - Adding key: http://localhost:17637 for channel [id: 0xdbac28e2, L:/127.0.0.1:51459 - R:localhost/127.0.0.1:17637]
10:12:07.572 [Forwarding clearElement on session 50591f53a29cdbd0690127ef75023327 to remote] DEBUG org.asynchttpclient.netty.request.NettyRequestSender - Using pooled Channel '[id: 0xdbac28e2, L:/127.0.0.1:51459 - R:localhost/127.0.0.1:17637]' for 'POST' to 'http://localhost:17637/session/50591f53a29cdbd0690127ef75023327/element/90f736bb-614d-459a-8fbc-36f40e17cb20/clear'
10:12:07.572 [Forwarding clearElement on session 50591f53a29cdbd0690127ef75023327 to remote] DEBUG org.asynchttpclient.netty.request.NettyRequestSender - Using open Channel [id: 0xdbac28e2, L:/127.0.0.1:51459 - R:localhost/127.0.0.1:17637] for POST '/session/50591f53a29cdbd0690127ef75023327/element/90f736bb-614d-459a-8fbc-36f40e17cb20/clear'
10:12:07.617 [AsyncHttpClient-1-5] DEBUG org.asynchttpclient.netty.handler.HttpHandler - 

Request DefaultHttpRequest(decodeResult: success, version: HTTP/1.1)
POST /session/50591f53a29cdbd0690127ef75023327/element/90f736bb-614d-459a-8fbc-36f40e17cb20/clear HTTP/1.1
User-Agent: selenium/4.8.1 (java windows)
Content-Length: 50
Content-Type: application/json; charset=utf-8
host: localhost:17637
accept: */*

Response DefaultHttpResponse(decodeResult: success, version: HTTP/1.1)
HTTP/1.1 200 OK
Content-Length: 14
Content-Type: application/json; charset=utf-8
cache-control: no-cache

10:12:07.618 [AsyncHttpClient-1-5] DEBUG org.asynchttpclient.netty.channel.ChannelManager - Adding key: http://localhost:17637 for channel [id: 0xdbac28e2, L:/127.0.0.1:51459 - R:localhost/127.0.0.1:17637]
10:12:07.619 [Forwarding sendKeysToElement on session 50591f53a29cdbd0690127ef75023327 to remote] DEBUG org.asynchttpclient.netty.request.NettyRequestSender - Using pooled Channel '[id: 0xdbac28e2, L:/127.0.0.1:51459 - R:localhost/127.0.0.1:17637]' for 'POST' to 'http://localhost:17637/session/50591f53a29cdbd0690127ef75023327/element/90f736bb-614d-459a-8fbc-36f40e17cb20/value'
10:12:07.619 [Forwarding sendKeysToElement on session 50591f53a29cdbd0690127ef75023327 to remote] DEBUG org.asynchttpclient.netty.request.NettyRequestSender - Using open Channel [id: 0xdbac28e2, L:/127.0.0.1:51459 - R:localhost/127.0.0.1:17637] for POST '/session/50591f53a29cdbd0690127ef75023327/element/90f736bb-614d-459a-8fbc-36f40e17cb20/value'
10:12:07.657 [AsyncHttpClient-1-5] DEBUG org.asynchttpclient.netty.handler.HttpHandler - 

Request DefaultHttpRequest(decodeResult: success, version: HTTP/1.1)
POST /session/50591f53a29cdbd0690127ef75023327/element/90f736bb-614d-459a-8fbc-36f40e17cb20/value HTTP/1.1
User-Agent: selenium/4.8.1 (java windows)
Content-Length: 82
Content-Type: application/json; charset=utf-8
host: localhost:17637
accept: */*

Response DefaultHttpResponse(decodeResult: success, version: HTTP/1.1)
HTTP/1.1 200 OK
Content-Length: 14
Content-Type: application/json; charset=utf-8
cache-control: no-cache

10:12:07.658 [AsyncHttpClient-1-5] DEBUG org.asynchttpclient.netty.channel.ChannelManager - Adding key: http://localhost:17637 for channel [id: 0xdbac28e2, L:/127.0.0.1:51459 - R:localhost/127.0.0.1:17637]
10:12:07.667 [Forwarding getAlertText on session 50591f53a29cdbd0690127ef75023327 to remote] DEBUG org.asynchttpclient.netty.request.NettyRequestSender - Using pooled Channel '[id: 0xdbac28e2, L:/127.0.0.1:51459 - R:localhost/127.0.0.1:17637]' for 'GET' to 'http://localhost:17637/session/50591f53a29cdbd0690127ef75023327/alert/text'
10:12:07.667 [Forwarding getAlertText on session 50591f53a29cdbd0690127ef75023327 to remote] DEBUG org.asynchttpclient.netty.request.NettyRequestSender - Using open Channel [id: 0xdbac28e2, L:/127.0.0.1:51459 - R:localhost/127.0.0.1:17637] for GET '/session/50591f53a29cdbd0690127ef75023327/alert/text'
10:12:07.669 [AsyncHttpClient-1-5] DEBUG org.asynchttpclient.netty.handler.HttpHandler - 

Request DefaultFullHttpRequest(decodeResult: success, version: HTTP/1.1, content: EmptyByteBufBE)
GET /session/50591f53a29cdbd0690127ef75023327/alert/text HTTP/1.1
User-Agent: selenium/4.8.1 (java windows)
Cache-Control: no-cache
Content-Type: application/json; charset=utf-8
host: localhost:17637
accept: */*

Response DefaultHttpResponse(decodeResult: success, version: HTTP/1.1)
HTTP/1.1 404 Not Found
Content-Length: 836
Content-Type: application/json; charset=utf-8
cache-control: no-cache

10:12:07.669 [AsyncHttpClient-1-5] DEBUG org.asynchttpclient.netty.channel.ChannelManager - Adding key: http://localhost:17637 for channel [id: 0xdbac28e2, L:/127.0.0.1:51459 - R:localhost/127.0.0.1:17637]
10:12:07.671 [Forwarding getCurrentUrl on session 50591f53a29cdbd0690127ef75023327 to remote] DEBUG org.asynchttpclient.netty.request.NettyRequestSender - Using pooled Channel '[id: 0xdbac28e2, L:/127.0.0.1:51459 - R:localhost/127.0.0.1:17637]' for 'GET' to 'http://localhost:17637/session/50591f53a29cdbd0690127ef75023327/url'
10:12:07.671 [Forwarding getCurrentUrl on session 50591f53a29cdbd0690127ef75023327 to remote] DEBUG org.asynchttpclient.netty.request.NettyRequestSender - Using open Channel [id: 0xdbac28e2, L:/127.0.0.1:51459 - R:localhost/127.0.0.1:17637] for GET '/session/50591f53a29cdbd0690127ef75023327/url'
10:12:07.674 [AsyncHttpClient-1-5] DEBUG org.asynchttpclient.netty.handler.HttpHandler - 

Request DefaultFullHttpRequest(decodeResult: success, version: HTTP/1.1, content: EmptyByteBufBE)
GET /session/50591f53a29cdbd0690127ef75023327/url HTTP/1.1
User-Agent: selenium/4.8.1 (java windows)
Cache-Control: no-cache
Content-Type: application/json; charset=utf-8
host: localhost:17637
accept: */*

Response DefaultHttpResponse(decodeResult: success, version: HTTP/1.1)
HTTP/1.1 200 OK
Content-Length: 54
Content-Type: application/json; charset=utf-8
cache-control: no-cache

10:12:07.674 [AsyncHttpClient-1-5] DEBUG org.asynchttpclient.netty.channel.ChannelManager - Adding key: http://localhost:17637 for channel [id: 0xdbac28e2, L:/127.0.0.1:51459 - R:localhost/127.0.0.1:17637]
10:12:07.675 [Forwarding screenshot on session 50591f53a29cdbd0690127ef75023327 to remote] DEBUG org.asynchttpclient.netty.request.NettyRequestSender - Using pooled Channel '[id: 0xdbac28e2, L:/127.0.0.1:51459 - R:localhost/127.0.0.1:17637]' for 'GET' to 'http://localhost:17637/session/50591f53a29cdbd0690127ef75023327/screenshot'
10:12:07.675 [Forwarding screenshot on session 50591f53a29cdbd0690127ef75023327 to remote] DEBUG org.asynchttpclient.netty.request.NettyRequestSender - Using open Channel [id: 0xdbac28e2, L:/127.0.0.1:51459 - R:localhost/127.0.0.1:17637] for GET '/session/50591f53a29cdbd0690127ef75023327/screenshot'
10:12:07.814 [AsyncHttpClient-1-5] DEBUG org.asynchttpclient.netty.handler.HttpHandler - 

Request DefaultFullHttpRequest(decodeResult: success, version: HTTP/1.1, content: EmptyByteBufBE)
GET /session/50591f53a29cdbd0690127ef75023327/screenshot HTTP/1.1
User-Agent: selenium/4.8.1 (java windows)
Cache-Control: no-cache
Content-Type: application/json; charset=utf-8
host: localhost:17637
accept: */*

Response DefaultHttpResponse(decodeResult: success, version: HTTP/1.1)
HTTP/1.1 200 OK
Content-Length: 38700
Content-Type: application/json; charset=utf-8
cache-control: no-cache

10:12:07.815 [AsyncHttpClient-1-5] DEBUG org.asynchttpclient.netty.channel.ChannelManager - Adding key: http://localhost:17637 for channel [id: 0xdbac28e2, L:/127.0.0.1:51459 - R:localhost/127.0.0.1:17637]
10:12:07.817 [main] DEBUG net.serenitybdd.core.photography.Darkroom - Send negative for processing for target\site\serenity\b7f24e35dc71088891d0d730ceaf305ef23035bd6ed2d8683b82120a3cbf74d4.png
10:12:07.817 [main] DEBUG net.thucydides.core.steps.StepInterceptor - STEP DONE: inputFullnameReg
10:12:07.817 [Darkroom Processing Line] DEBUG net.serenitybdd.core.photography.DarkroomProcessingLine - Processing screenshot image in /var/screenshots/screenshot-4693854002109138575
10:12:07.817 [Darkroom Processing Line] DEBUG net.serenitybdd.core.photography.DarkroomProcessingLine - Saving screenshot to target\site\serenity\b7f24e35dc71088891d0d730ceaf305ef23035bd6ed2d8683b82120a3cbf74d4.png
  &amp#27;[32mAnd &amp#27;[0m&amp#27;[32mI input nothing in fullname for register&amp#27;[0m &amp#27;[90m# starter.stepdefinitions.RegisterSteps.inputInvalidFullnameReg()&amp#27;[0m
10:12:07.829 [Forwarding getPageSource on session 50591f53a29cdbd0690127ef75023327 to remote] DEBUG org.asynchttpclient.netty.request.NettyRequestSender - Using pooled Channel '[id: 0xdbac28e2, L:/127.0.0.1:51459 - R:localhost/127.0.0.1:17637]' for 'POST' to 'http://localhost:17637/session/50591f53a29cdbd0690127ef75023327/execute/sync'
10:12:07.829 [Forwarding getPageSource on session 50591f53a29cdbd0690127ef75023327 to remote] DEBUG org.asynchttpclient.netty.request.NettyRequestSender - Using open Channel [id: 0xdbac28e2, L:/127.0.0.1:51459 - R:localhost/127.0.0.1:17637] for POST '/session/50591f53a29cdbd0690127ef75023327/execute/sync'
10:12:07.834 [AsyncHttpClient-1-5] DEBUG org.asynchttpclient.netty.handler.HttpHandler - 

Request DefaultHttpRequest(decodeResult: success, version: HTTP/1.1)
POST /session/50591f53a29cdbd0690127ef75023327/execute/sync HTTP/1.1
User-Agent: selenium/4.8.1 (java windows)
Content-Length: 176
Content-Type: application/json; charset=utf-8
host: localhost:17637
accept: */*

Response DefaultHttpResponse(decodeResult: success, version: HTTP/1.1)
HTTP/1.1 200 OK
Content-Length: 22392
Content-Type: application/json; charset=utf-8
cache-control: no-cache

10:12:07.834 [AsyncHttpClient-1-5] DEBUG org.asynchttpclient.netty.channel.ChannelManager - Adding key: http://localhost:17637 for channel [id: 0xdbac28e2, L:/127.0.0.1:51459 - R:localhost/127.0.0.1:17637]
10:12:07.839 [Forwarding getCurrentUrl on session 50591f53a29cdbd0690127ef75023327 to remote] DEBUG org.asynchttpclient.netty.request.NettyRequestSender - Using pooled Channel '[id: 0xdbac28e2, L:/127.0.0.1:51459 - R:localhost/127.0.0.1:17637]' for 'GET' to 'http://localhost:17637/session/50591f53a29cdbd0690127ef75023327/url'
10:12:07.839 [Forwarding getCurrentUrl on session 50591f53a29cdbd0690127ef75023327 to remote] DEBUG org.asynchttpclient.netty.request.NettyRequestSender - Using open Channel [id: 0xdbac28e2, L:/127.0.0.1:51459 - R:localhost/127.0.0.1:17637] for GET '/session/50591f53a29cdbd0690127ef75023327/url'
10:12:07.842 [AsyncHttpClient-1-5] DEBUG org.asynchttpclient.netty.handler.HttpHandler - 

Request DefaultFullHttpRequest(decodeResult: success, version: HTTP/1.1, content: EmptyByteBufBE)
GET /session/50591f53a29cdbd0690127ef75023327/url HTTP/1.1
User-Agent: selenium/4.8.1 (java windows)
Cache-Control: no-cache
Content-Type: application/json; charset=utf-8
host: localhost:17637
accept: */*

Response DefaultHttpResponse(decodeResult: success, version: HTTP/1.1)
HTTP/1.1 200 OK
Content-Length: 54
Content-Type: application/json; charset=utf-8
cache-control: no-cache

10:12:07.842 [AsyncHttpClient-1-5] DEBUG org.asynchttpclient.netty.channel.ChannelManager - Adding key: http://localhost:17637 for channel [id: 0xdbac28e2, L:/127.0.0.1:51459 - R:localhost/127.0.0.1:17637]
10:12:07.852 [Forwarding getPageSource on session 50591f53a29cdbd0690127ef75023327 to remote] DEBUG org.asynchttpclient.netty.request.NettyRequestSender - Using pooled Channel '[id: 0xdbac28e2, L:/127.0.0.1:51459 - R:localhost/127.0.0.1:17637]' for 'POST' to 'http://localhost:17637/session/50591f53a29cdbd0690127ef75023327/execute/sync'
10:12:07.852 [Forwarding getPageSource on session 50591f53a29cdbd0690127ef75023327 to remote] DEBUG org.asynchttpclient.netty.request.NettyRequestSender - Using open Channel [id: 0xdbac28e2, L:/127.0.0.1:51459 - R:localhost/127.0.0.1:17637] for POST '/session/50591f53a29cdbd0690127ef75023327/execute/sync'
10:12:07.858 [AsyncHttpClient-1-5] DEBUG org.asynchttpclient.netty.handler.HttpHandler - 

Request DefaultHttpRequest(decodeResult: success, version: HTTP/1.1)
POST /session/50591f53a29cdbd0690127ef75023327/execute/sync HTTP/1.1
User-Agent: selenium/4.8.1 (java windows)
Content-Length: 176
Content-Type: application/json; charset=utf-8
host: localhost:17637
accept: */*

Response DefaultHttpResponse(decodeResult: success, version: HTTP/1.1)
HTTP/1.1 200 OK
Content-Length: 22392
Content-Type: application/json; charset=utf-8
cache-control: no-cache

10:12:07.858 [AsyncHttpClient-1-5] DEBUG org.asynchttpclient.netty.channel.ChannelManager - Adding key: http://localhost:17637 for channel [id: 0xdbac28e2, L:/127.0.0.1:51459 - R:localhost/127.0.0.1:17637]
10:12:07.860 [Forwarding getCurrentUrl on session 50591f53a29cdbd0690127ef75023327 to remote] DEBUG org.asynchttpclient.netty.request.NettyRequestSender - Using pooled Channel '[id: 0xdbac28e2, L:/127.0.0.1:51459 - R:localhost/127.0.0.1:17637]' for 'GET' to 'http://localhost:17637/session/50591f53a29cdbd0690127ef75023327/url'
10:12:07.861 [Forwarding getCurrentUrl on session 50591f53a29cdbd0690127ef75023327 to remote] DEBUG org.asynchttpclient.netty.request.NettyRequestSender - Using open Channel [id: 0xdbac28e2, L:/127.0.0.1:51459 - R:localhost/127.0.0.1:17637] for GET '/session/50591f53a29cdbd0690127ef75023327/url'
10:12:07.867 [AsyncHttpClient-1-5] DEBUG org.asynchttpclient.netty.handler.HttpHandler - 

Request DefaultFullHttpRequest(decodeResult: success, version: HTTP/1.1, content: EmptyByteBufBE)
GET /session/50591f53a29cdbd0690127ef75023327/url HTTP/1.1
User-Agent: selenium/4.8.1 (java windows)
Cache-Control: no-cache
Content-Type: application/json; charset=utf-8
host: localhost:17637
accept: */*

Response DefaultHttpResponse(decodeResult: success, version: HTTP/1.1)
HTTP/1.1 200 OK
Content-Length: 54
Content-Type: application/json; charset=utf-8
cache-control: no-cache

10:12:07.867 [AsyncHttpClient-1-5] DEBUG org.asynchttpclient.netty.channel.ChannelManager - Adding key: http://localhost:17637 for channel [id: 0xdbac28e2, L:/127.0.0.1:51459 - R:localhost/127.0.0.1:17637]
10:12:07.869 [main] DEBUG net.thucydides.core.steps.StepInterceptor - STARTING STEP: RegisterSteps.inputEmailReg - inputEmailReg
10:12:07.872 [Forwarding findElement on session 50591f53a29cdbd0690127ef75023327 to remote] DEBUG org.asynchttpclient.netty.request.NettyRequestSender - Using pooled Channel '[id: 0xdbac28e2, L:/127.0.0.1:51459 - R:localhost/127.0.0.1:17637]' for 'POST' to 'http://localhost:17637/session/50591f53a29cdbd0690127ef75023327/element'
10:12:07.872 [Forwarding findElement on session 50591f53a29cdbd0690127ef75023327 to remote] DEBUG org.asynchttpclient.netty.request.NettyRequestSender - Using open Channel [id: 0xdbac28e2, L:/127.0.0.1:51459 - R:localhost/127.0.0.1:17637] for POST '/session/50591f53a29cdbd0690127ef75023327/element'
10:12:07.882 [AsyncHttpClient-1-5] DEBUG org.asynchttpclient.netty.handler.HttpHandler - 

Request DefaultHttpRequest(decodeResult: success, version: HTTP/1.1)
POST /session/50591f53a29cdbd0690127ef75023327/element HTTP/1.1
User-Agent: selenium/4.8.1 (java windows)
Content-Length: 55
Content-Type: application/json; charset=utf-8
host: localhost:17637
accept: */*

Response DefaultHttpResponse(decodeResult: success, version: HTTP/1.1)
HTTP/1.1 200 OK
Content-Length: 88
Content-Type: application/json; charset=utf-8
cache-control: no-cache

10:12:07.882 [AsyncHttpClient-1-5] DEBUG org.asynchttpclient.netty.channel.ChannelManager - Adding key: http://localhost:17637 for channel [id: 0xdbac28e2, L:/127.0.0.1:51459 - R:localhost/127.0.0.1:17637]
10:12:07.883 [Forwarding clearElement on session 50591f53a29cdbd0690127ef75023327 to remote] DEBUG org.asynchttpclient.netty.request.NettyRequestSender - Using pooled Channel '[id: 0xdbac28e2, L:/127.0.0.1:51459 - R:localhost/127.0.0.1:17637]' for 'POST' to 'http://localhost:17637/session/50591f53a29cdbd0690127ef75023327/element/7cd077ee-9772-4601-8790-f626b2fbe342/clear'
10:12:07.883 [Forwarding clearElement on session 50591f53a29cdbd0690127ef75023327 to remote] DEBUG org.asynchttpclient.netty.request.NettyRequestSender - Using open Channel [id: 0xdbac28e2, L:/127.0.0.1:51459 - R:localhost/127.0.0.1:17637] for POST '/session/50591f53a29cdbd0690127ef75023327/element/7cd077ee-9772-4601-8790-f626b2fbe342/clear'
10:12:07.911 [AsyncHttpClient-1-5] DEBUG org.asynchttpclient.netty.handler.HttpHandler - 

Request DefaultHttpRequest(decodeResult: success, version: HTTP/1.1)
POST /session/50591f53a29cdbd0690127ef75023327/element/7cd077ee-9772-4601-8790-f626b2fbe342/clear HTTP/1.1
User-Agent: selenium/4.8.1 (java windows)
Content-Length: 50
Content-Type: application/json; charset=utf-8
host: localhost:17637
accept: */*

Response DefaultHttpResponse(decodeResult: success, version: HTTP/1.1)
HTTP/1.1 200 OK
Content-Length: 14
Content-Type: application/json; charset=utf-8
cache-control: no-cache

10:12:07.911 [AsyncHttpClient-1-5] DEBUG org.asynchttpclient.netty.channel.ChannelManager - Adding key: http://localhost:17637 for channel [id: 0xdbac28e2, L:/127.0.0.1:51459 - R:localhost/127.0.0.1:17637]
10:12:07.913 [Forwarding sendKeysToElement on session 50591f53a29cdbd0690127ef75023327 to remote] DEBUG org.asynchttpclient.netty.request.NettyRequestSender - Using pooled Channel '[id: 0xdbac28e2, L:/127.0.0.1:51459 - R:localhost/127.0.0.1:17637]' for 'POST' to 'http://localhost:17637/session/50591f53a29cdbd0690127ef75023327/element/7cd077ee-9772-4601-8790-f626b2fbe342/value'
10:12:07.913 [Forwarding sendKeysToElement on session 50591f53a29cdbd0690127ef75023327 to remote] DEBUG org.asynchttpclient.netty.request.NettyRequestSender - Using open Channel [id: 0xdbac28e2, L:/127.0.0.1:51459 - R:localhost/127.0.0.1:17637] for POST '/session/50591f53a29cdbd0690127ef75023327/element/7cd077ee-9772-4601-8790-f626b2fbe342/value'
10:12:08.032 [AsyncHttpClient-1-5] DEBUG org.asynchttpclient.netty.handler.HttpHandler - 

Request DefaultHttpRequest(decodeResult: success, version: HTTP/1.1)
POST /session/50591f53a29cdbd0690127ef75023327/element/7cd077ee-9772-4601-8790-f626b2fbe342/value HTTP/1.1
User-Agent: selenium/4.8.1 (java windows)
Content-Length: 351
Content-Type: application/json; charset=utf-8
host: localhost:17637
accept: */*

Response DefaultHttpResponse(decodeResult: success, version: HTTP/1.1)
HTTP/1.1 200 OK
Content-Length: 14
Content-Type: application/json; charset=utf-8
cache-control: no-cache

10:12:08.032 [AsyncHttpClient-1-5] DEBUG org.asynchttpclient.netty.channel.ChannelManager - Adding key: http://localhost:17637 for channel [id: 0xdbac28e2, L:/127.0.0.1:51459 - R:localhost/127.0.0.1:17637]
10:12:08.038 [Forwarding getAlertText on session 50591f53a29cdbd0690127ef75023327 to remote] DEBUG org.asynchttpclient.netty.request.NettyRequestSender - Using pooled Channel '[id: 0xdbac28e2, L:/127.0.0.1:51459 - R:localhost/127.0.0.1:17637]' for 'GET' to 'http://localhost:17637/session/50591f53a29cdbd0690127ef75023327/alert/text'
10:12:08.039 [Forwarding getAlertText on session 50591f53a29cdbd0690127ef75023327 to remote] DEBUG org.asynchttpclient.netty.request.NettyRequestSender - Using open Channel [id: 0xdbac28e2, L:/127.0.0.1:51459 - R:localhost/127.0.0.1:17637] for GET '/session/50591f53a29cdbd0690127ef75023327/alert/text'
10:12:08.040 [AsyncHttpClient-1-5] DEBUG org.asynchttpclient.netty.handler.HttpHandler - 

Request DefaultFullHttpRequest(decodeResult: success, version: HTTP/1.1, content: EmptyByteBufBE)
GET /session/50591f53a29cdbd0690127ef75023327/alert/text HTTP/1.1
User-Agent: selenium/4.8.1 (java windows)
Cache-Control: no-cache
Content-Type: application/json; charset=utf-8
host: localhost:17637
accept: */*

Response DefaultHttpResponse(decodeResult: success, version: HTTP/1.1)
HTTP/1.1 404 Not Found
Content-Length: 836
Content-Type: application/json; charset=utf-8
cache-control: no-cache

10:12:08.040 [AsyncHttpClient-1-5] DEBUG org.asynchttpclient.netty.channel.ChannelManager - Adding key: http://localhost:17637 for channel [id: 0xdbac28e2, L:/127.0.0.1:51459 - R:localhost/127.0.0.1:17637]
10:12:08.042 [Forwarding getCurrentUrl on session 50591f53a29cdbd0690127ef75023327 to remote] DEBUG org.asynchttpclient.netty.request.NettyRequestSender - Using pooled Channel '[id: 0xdbac28e2, L:/127.0.0.1:51459 - R:localhost/127.0.0.1:17637]' for 'GET' to 'http://localhost:17637/session/50591f53a29cdbd0690127ef75023327/url'
10:12:08.042 [Forwarding getCurrentUrl on session 50591f53a29cdbd0690127ef75023327 to remote] DEBUG org.asynchttpclient.netty.request.NettyRequestSender - Using open Channel [id: 0xdbac28e2, L:/127.0.0.1:51459 - R:localhost/127.0.0.1:17637] for GET '/session/50591f53a29cdbd0690127ef75023327/url'
10:12:08.044 [AsyncHttpClient-1-5] DEBUG org.asynchttpclient.netty.handler.HttpHandler - 

Request DefaultFullHttpRequest(decodeResult: success, version: HTTP/1.1, content: EmptyByteBufBE)
GET /session/50591f53a29cdbd0690127ef75023327/url HTTP/1.1
User-Agent: selenium/4.8.1 (java windows)
Cache-Control: no-cache
Content-Type: application/json; charset=utf-8
host: localhost:17637
accept: */*

Response DefaultHttpResponse(decodeResult: success, version: HTTP/1.1)
HTTP/1.1 200 OK
Content-Length: 54
Content-Type: application/json; charset=utf-8
cache-control: no-cache

10:12:08.045 [AsyncHttpClient-1-5] DEBUG org.asynchttpclient.netty.channel.ChannelManager - Adding key: http://localhost:17637 for channel [id: 0xdbac28e2, L:/127.0.0.1:51459 - R:localhost/127.0.0.1:17637]
10:12:08.046 [Forwarding screenshot on session 50591f53a29cdbd0690127ef75023327 to remote] DEBUG org.asynchttpclient.netty.request.NettyRequestSender - Using pooled Channel '[id: 0xdbac28e2, L:/127.0.0.1:51459 - R:localhost/127.0.0.1:17637]' for 'GET' to 'http://localhost:17637/session/50591f53a29cdbd0690127ef75023327/screenshot'
10:12:08.046 [Forwarding screenshot on session 50591f53a29cdbd0690127ef75023327 to remote] DEBUG org.asynchttpclient.netty.request.NettyRequestSender - Using open Channel [id: 0xdbac28e2, L:/127.0.0.1:51459 - R:localhost/127.0.0.1:17637] for GET '/session/50591f53a29cdbd0690127ef75023327/screenshot'
10:12:08.160 [AsyncHttpClient-1-5] DEBUG org.asynchttpclient.netty.handler.HttpHandler - 

Request DefaultFullHttpRequest(decodeResult: success, version: HTTP/1.1, content: EmptyByteBufBE)
GET /session/50591f53a29cdbd0690127ef75023327/screenshot HTTP/1.1
User-Agent: selenium/4.8.1 (java windows)
Cache-Control: no-cache
Content-Type: application/json; charset=utf-8
host: localhost:17637
accept: */*

Response DefaultHttpResponse(decodeResult: success, version: HTTP/1.1)
HTTP/1.1 200 OK
Content-Length: 45408
Content-Type: application/json; charset=utf-8
cache-control: no-cache

10:12:08.161 [AsyncHttpClient-1-5] DEBUG org.asynchttpclient.netty.channel.ChannelManager - Adding key: http://localhost:17637 for channel [id: 0xdbac28e2, L:/127.0.0.1:51459 - R:localhost/127.0.0.1:17637]
10:12:08.163 [main] DEBUG net.serenitybdd.core.photography.Darkroom - Send negative for processing for target\site\serenity\baccfcecb9d7ca694ff52b3bbb34f8ceb850be7d63a11f8df82847be7f37ac74.png
10:12:08.163 [Darkroom Processing Line] DEBUG net.serenitybdd.core.photography.DarkroomProcessingLine - Processing screenshot image in /var/screenshots/screenshot-9104089690756204054
10:12:08.163 [main] DEBUG net.thucydides.core.steps.StepInterceptor - STEP DONE: inputEmailReg
10:12:08.163 [Darkroom Processing Line] DEBUG net.serenitybdd.core.photography.DarkroomProcessingLine - Saving screenshot to target\site\serenity\baccfcecb9d7ca694ff52b3bbb34f8ceb850be7d63a11f8df82847be7f37ac74.png
  &amp#27;[32mAnd &amp#27;[0m&amp#27;[32mI input correct email for register&amp#27;[0m       &amp#27;[90m# starter.stepdefinitions.RegisterSteps.inputEmailReg()&amp#27;[0m
10:12:08.173 [Forwarding getPageSource on session 50591f53a29cdbd0690127ef75023327 to remote] DEBUG org.asynchttpclient.netty.request.NettyRequestSender - Using pooled Channel '[id: 0xdbac28e2, L:/127.0.0.1:51459 - R:localhost/127.0.0.1:17637]' for 'POST' to 'http://localhost:17637/session/50591f53a29cdbd0690127ef75023327/execute/sync'
10:12:08.173 [Forwarding getPageSource on session 50591f53a29cdbd0690127ef75023327 to remote] DEBUG org.asynchttpclient.netty.request.NettyRequestSender - Using open Channel [id: 0xdbac28e2, L:/127.0.0.1:51459 - R:localhost/127.0.0.1:17637] for POST '/session/50591f53a29cdbd0690127ef75023327/execute/sync'
10:12:08.177 [AsyncHttpClient-1-5] DEBUG org.asynchttpclient.netty.handler.HttpHandler - 

Request DefaultHttpRequest(decodeResult: success, version: HTTP/1.1)
POST /session/50591f53a29cdbd0690127ef75023327/execute/sync HTTP/1.1
User-Agent: selenium/4.8.1 (java windows)
Content-Length: 176
Content-Type: application/json; charset=utf-8
host: localhost:17637
accept: */*

Response DefaultHttpResponse(decodeResult: success, version: HTTP/1.1)
HTTP/1.1 200 OK
Content-Length: 22435
Content-Type: application/json; charset=utf-8
cache-control: no-cache

10:12:08.177 [AsyncHttpClient-1-5] DEBUG org.asynchttpclient.netty.channel.ChannelManager - Adding key: http://localhost:17637 for channel [id: 0xdbac28e2, L:/127.0.0.1:51459 - R:localhost/127.0.0.1:17637]
10:12:08.180 [Forwarding getCurrentUrl on session 50591f53a29cdbd0690127ef75023327 to remote] DEBUG org.asynchttpclient.netty.request.NettyRequestSender - Using pooled Channel '[id: 0xdbac28e2, L:/127.0.0.1:51459 - R:localhost/127.0.0.1:17637]' for 'GET' to 'http://localhost:17637/session/50591f53a29cdbd0690127ef75023327/url'
10:12:08.180 [Forwarding getCurrentUrl on session 50591f53a29cdbd0690127ef75023327 to remote] DEBUG org.asynchttpclient.netty.request.NettyRequestSender - Using open Channel [id: 0xdbac28e2, L:/127.0.0.1:51459 - R:localhost/127.0.0.1:17637] for GET '/session/50591f53a29cdbd0690127ef75023327/url'
10:12:08.183 [AsyncHttpClient-1-5] DEBUG org.asynchttpclient.netty.handler.HttpHandler - 

Request DefaultFullHttpRequest(decodeResult: success, version: HTTP/1.1, content: EmptyByteBufBE)
GET /session/50591f53a29cdbd0690127ef75023327/url HTTP/1.1
User-Agent: selenium/4.8.1 (java windows)
Cache-Control: no-cache
Content-Type: application/json; charset=utf-8
host: localhost:17637
accept: */*

Response DefaultHttpResponse(decodeResult: success, version: HTTP/1.1)
HTTP/1.1 200 OK
Content-Length: 54
Content-Type: application/json; charset=utf-8
cache-control: no-cache

10:12:08.183 [AsyncHttpClient-1-5] DEBUG org.asynchttpclient.netty.channel.ChannelManager - Adding key: http://localhost:17637 for channel [id: 0xdbac28e2, L:/127.0.0.1:51459 - R:localhost/127.0.0.1:17637]
10:12:08.190 [Forwarding getPageSource on session 50591f53a29cdbd0690127ef75023327 to remote] DEBUG org.asynchttpclient.netty.request.NettyRequestSender - Using pooled Channel '[id: 0xdbac28e2, L:/127.0.0.1:51459 - R:localhost/127.0.0.1:17637]' for 'POST' to 'http://localhost:17637/session/50591f53a29cdbd0690127ef75023327/execute/sync'
10:12:08.190 [Forwarding getPageSource on session 50591f53a29cdbd0690127ef75023327 to remote] DEBUG org.asynchttpclient.netty.request.NettyRequestSender - Using open Channel [id: 0xdbac28e2, L:/127.0.0.1:51459 - R:localhost/127.0.0.1:17637] for POST '/session/50591f53a29cdbd0690127ef75023327/execute/sync'
10:12:08.194 [AsyncHttpClient-1-5] DEBUG org.asynchttpclient.netty.handler.HttpHandler - 

Request DefaultHttpRequest(decodeResult: success, version: HTTP/1.1)
POST /session/50591f53a29cdbd0690127ef75023327/execute/sync HTTP/1.1
User-Agent: selenium/4.8.1 (java windows)
Content-Length: 176
Content-Type: application/json; charset=utf-8
host: localhost:17637
accept: */*

Response DefaultHttpResponse(decodeResult: success, version: HTTP/1.1)
HTTP/1.1 200 OK
Content-Length: 22435
Content-Type: application/json; charset=utf-8
cache-control: no-cache

10:12:08.195 [AsyncHttpClient-1-5] DEBUG org.asynchttpclient.netty.channel.ChannelManager - Adding key: http://localhost:17637 for channel [id: 0xdbac28e2, L:/127.0.0.1:51459 - R:localhost/127.0.0.1:17637]
10:12:08.197 [Forwarding getCurrentUrl on session 50591f53a29cdbd0690127ef75023327 to remote] DEBUG org.asynchttpclient.netty.request.NettyRequestSender - Using pooled Channel '[id: 0xdbac28e2, L:/127.0.0.1:51459 - R:localhost/127.0.0.1:17637]' for 'GET' to 'http://localhost:17637/session/50591f53a29cdbd0690127ef75023327/url'
10:12:08.197 [Forwarding getCurrentUrl on session 50591f53a29cdbd0690127ef75023327 to remote] DEBUG org.asynchttpclient.netty.request.NettyRequestSender - Using open Channel [id: 0xdbac28e2, L:/127.0.0.1:51459 - R:localhost/127.0.0.1:17637] for GET '/session/50591f53a29cdbd0690127ef75023327/url'
10:12:08.199 [AsyncHttpClient-1-5] DEBUG org.asynchttpclient.netty.handler.HttpHandler - 

Request DefaultFullHttpRequest(decodeResult: success, version: HTTP/1.1, content: EmptyByteBufBE)
GET /session/50591f53a29cdbd0690127ef75023327/url HTTP/1.1
User-Agent: selenium/4.8.1 (java windows)
Cache-Control: no-cache
Content-Type: application/json; charset=utf-8
host: localhost:17637
accept: */*

Response DefaultHttpResponse(decodeResult: success, version: HTTP/1.1)
HTTP/1.1 200 OK
Content-Length: 54
Content-Type: application/json; charset=utf-8
cache-control: no-cache

10:12:08.199 [AsyncHttpClient-1-5] DEBUG org.asynchttpclient.netty.channel.ChannelManager - Adding key: http://localhost:17637 for channel [id: 0xdbac28e2, L:/127.0.0.1:51459 - R:localhost/127.0.0.1:17637]
10:12:08.200 [main] DEBUG net.thucydides.core.steps.StepInterceptor - STARTING STEP: RegisterSteps.inputPasswordReg - inputPasswordReg
10:12:08.202 [Forwarding findElement on session 50591f53a29cdbd0690127ef75023327 to remote] DEBUG org.asynchttpclient.netty.request.NettyRequestSender - Using pooled Channel '[id: 0xdbac28e2, L:/127.0.0.1:51459 - R:localhost/127.0.0.1:17637]' for 'POST' to 'http://localhost:17637/session/50591f53a29cdbd0690127ef75023327/element'
10:12:08.202 [Forwarding findElement on session 50591f53a29cdbd0690127ef75023327 to remote] DEBUG org.asynchttpclient.netty.request.NettyRequestSender - Using open Channel [id: 0xdbac28e2, L:/127.0.0.1:51459 - R:localhost/127.0.0.1:17637] for POST '/session/50591f53a29cdbd0690127ef75023327/element'
10:12:08.214 [AsyncHttpClient-1-5] DEBUG org.asynchttpclient.netty.handler.HttpHandler - 

Request DefaultHttpRequest(decodeResult: success, version: HTTP/1.1)
POST /session/50591f53a29cdbd0690127ef75023327/element HTTP/1.1
User-Agent: selenium/4.8.1 (java windows)
Content-Length: 55
Content-Type: application/json; charset=utf-8
host: localhost:17637
accept: */*

Response DefaultHttpResponse(decodeResult: success, version: HTTP/1.1)
HTTP/1.1 200 OK
Content-Length: 88
Content-Type: application/json; charset=utf-8
cache-control: no-cache

10:12:08.214 [AsyncHttpClient-1-5] DEBUG org.asynchttpclient.netty.channel.ChannelManager - Adding key: http://localhost:17637 for channel [id: 0xdbac28e2, L:/127.0.0.1:51459 - R:localhost/127.0.0.1:17637]
10:12:08.215 [Forwarding clearElement on session 50591f53a29cdbd0690127ef75023327 to remote] DEBUG org.asynchttpclient.netty.request.NettyRequestSender - Using pooled Channel '[id: 0xdbac28e2, L:/127.0.0.1:51459 - R:localhost/127.0.0.1:17637]' for 'POST' to 'http://localhost:17637/session/50591f53a29cdbd0690127ef75023327/element/bd348df6-d52d-4c5e-90b8-a5690dca6957/clear'
10:12:08.215 [Forwarding clearElement on session 50591f53a29cdbd0690127ef75023327 to remote] DEBUG org.asynchttpclient.netty.request.NettyRequestSender - Using open Channel [id: 0xdbac28e2, L:/127.0.0.1:51459 - R:localhost/127.0.0.1:17637] for POST '/session/50591f53a29cdbd0690127ef75023327/element/bd348df6-d52d-4c5e-90b8-a5690dca6957/clear'
10:12:08.244 [AsyncHttpClient-1-5] DEBUG org.asynchttpclient.netty.handler.HttpHandler - 

Request DefaultHttpRequest(decodeResult: success, version: HTTP/1.1)
POST /session/50591f53a29cdbd0690127ef75023327/element/bd348df6-d52d-4c5e-90b8-a5690dca6957/clear HTTP/1.1
User-Agent: selenium/4.8.1 (java windows)
Content-Length: 50
Content-Type: application/json; charset=utf-8
host: localhost:17637
accept: */*

Response DefaultHttpResponse(decodeResult: success, version: HTTP/1.1)
HTTP/1.1 200 OK
Content-Length: 14
Content-Type: application/json; charset=utf-8
cache-control: no-cache

10:12:08.244 [AsyncHttpClient-1-5] DEBUG org.asynchttpclient.netty.channel.ChannelManager - Adding key: http://localhost:17637 for channel [id: 0xdbac28e2, L:/127.0.0.1:51459 - R:localhost/127.0.0.1:17637]
10:12:08.246 [Forwarding sendKeysToElement on session 50591f53a29cdbd0690127ef75023327 to remote] DEBUG org.asynchttpclient.netty.request.NettyRequestSender - Using pooled Channel '[id: 0xdbac28e2, L:/127.0.0.1:51459 - R:localhost/127.0.0.1:17637]' for 'POST' to 'http://localhost:17637/session/50591f53a29cdbd0690127ef75023327/element/bd348df6-d52d-4c5e-90b8-a5690dca6957/value'
10:12:08.246 [Forwarding sendKeysToElement on session 50591f53a29cdbd0690127ef75023327 to remote] DEBUG org.asynchttpclient.netty.request.NettyRequestSender - Using open Channel [id: 0xdbac28e2, L:/127.0.0.1:51459 - R:localhost/127.0.0.1:17637] for POST '/session/50591f53a29cdbd0690127ef75023327/element/bd348df6-d52d-4c5e-90b8-a5690dca6957/value'
10:12:08.298 [AsyncHttpClient-1-5] DEBUG org.asynchttpclient.netty.handler.HttpHandler - 

Request DefaultHttpRequest(decodeResult: success, version: HTTP/1.1)
POST /session/50591f53a29cdbd0690127ef75023327/element/bd348df6-d52d-4c5e-90b8-a5690dca6957/value HTTP/1.1
User-Agent: selenium/4.8.1 (java windows)
Content-Length: 151
Content-Type: application/json; charset=utf-8
host: localhost:17637
accept: */*

Response DefaultHttpResponse(decodeResult: success, version: HTTP/1.1)
HTTP/1.1 200 OK
Content-Length: 14
Content-Type: application/json; charset=utf-8
cache-control: no-cache

10:12:08.298 [AsyncHttpClient-1-5] DEBUG org.asynchttpclient.netty.channel.ChannelManager - Adding key: http://localhost:17637 for channel [id: 0xdbac28e2, L:/127.0.0.1:51459 - R:localhost/127.0.0.1:17637]
10:12:08.303 [Forwarding getAlertText on session 50591f53a29cdbd0690127ef75023327 to remote] DEBUG org.asynchttpclient.netty.request.NettyRequestSender - Using pooled Channel '[id: 0xdbac28e2, L:/127.0.0.1:51459 - R:localhost/127.0.0.1:17637]' for 'GET' to 'http://localhost:17637/session/50591f53a29cdbd0690127ef75023327/alert/text'
10:12:08.303 [Forwarding getAlertText on session 50591f53a29cdbd0690127ef75023327 to remote] DEBUG org.asynchttpclient.netty.request.NettyRequestSender - Using open Channel [id: 0xdbac28e2, L:/127.0.0.1:51459 - R:localhost/127.0.0.1:17637] for GET '/session/50591f53a29cdbd0690127ef75023327/alert/text'
10:12:08.305 [AsyncHttpClient-1-5] DEBUG org.asynchttpclient.netty.handler.HttpHandler - 

Request DefaultFullHttpRequest(decodeResult: success, version: HTTP/1.1, content: EmptyByteBufBE)
GET /session/50591f53a29cdbd0690127ef75023327/alert/text HTTP/1.1
User-Agent: selenium/4.8.1 (java windows)
Cache-Control: no-cache
Content-Type: application/json; charset=utf-8
host: localhost:17637
accept: */*

Response DefaultHttpResponse(decodeResult: success, version: HTTP/1.1)
HTTP/1.1 404 Not Found
Content-Length: 836
Content-Type: application/json; charset=utf-8
cache-control: no-cache

10:12:08.305 [AsyncHttpClient-1-5] DEBUG org.asynchttpclient.netty.channel.ChannelManager - Adding key: http://localhost:17637 for channel [id: 0xdbac28e2, L:/127.0.0.1:51459 - R:localhost/127.0.0.1:17637]
10:12:08.307 [Forwarding getCurrentUrl on session 50591f53a29cdbd0690127ef75023327 to remote] DEBUG org.asynchttpclient.netty.request.NettyRequestSender - Using pooled Channel '[id: 0xdbac28e2, L:/127.0.0.1:51459 - R:localhost/127.0.0.1:17637]' for 'GET' to 'http://localhost:17637/session/50591f53a29cdbd0690127ef75023327/url'
10:12:08.307 [Forwarding getCurrentUrl on session 50591f53a29cdbd0690127ef75023327 to remote] DEBUG org.asynchttpclient.netty.request.NettyRequestSender - Using open Channel [id: 0xdbac28e2, L:/127.0.0.1:51459 - R:localhost/127.0.0.1:17637] for GET '/session/50591f53a29cdbd0690127ef75023327/url'
10:12:08.309 [AsyncHttpClient-1-5] DEBUG org.asynchttpclient.netty.handler.HttpHandler - 

Request DefaultFullHttpRequest(decodeResult: success, version: HTTP/1.1, content: EmptyByteBufBE)
GET /session/50591f53a29cdbd0690127ef75023327/url HTTP/1.1
User-Agent: selenium/4.8.1 (java windows)
Cache-Control: no-cache
Content-Type: application/json; charset=utf-8
host: localhost:17637
accept: */*

Response DefaultHttpResponse(decodeResult: success, version: HTTP/1.1)
HTTP/1.1 200 OK
Content-Length: 54
Content-Type: application/json; charset=utf-8
cache-control: no-cache

10:12:08.309 [AsyncHttpClient-1-5] DEBUG org.asynchttpclient.netty.channel.ChannelManager - Adding key: http://localhost:17637 for channel [id: 0xdbac28e2, L:/127.0.0.1:51459 - R:localhost/127.0.0.1:17637]
10:12:08.310 [Forwarding screenshot on session 50591f53a29cdbd0690127ef75023327 to remote] DEBUG org.asynchttpclient.netty.request.NettyRequestSender - Using pooled Channel '[id: 0xdbac28e2, L:/127.0.0.1:51459 - R:localhost/127.0.0.1:17637]' for 'GET' to 'http://localhost:17637/session/50591f53a29cdbd0690127ef75023327/screenshot'
10:12:08.310 [Forwarding screenshot on session 50591f53a29cdbd0690127ef75023327 to remote] DEBUG org.asynchttpclient.netty.request.NettyRequestSender - Using open Channel [id: 0xdbac28e2, L:/127.0.0.1:51459 - R:localhost/127.0.0.1:17637] for GET '/session/50591f53a29cdbd0690127ef75023327/screenshot'
10:12:08.394 [AsyncHttpClient-1-1] DEBUG org.asynchttpclient.netty.channel.DefaultChannelPool - Entry count for : http://localhost:51460 : 1
10:12:08.439 [AsyncHttpClient-1-5] DEBUG org.asynchttpclient.netty.handler.HttpHandler - 

Request DefaultFullHttpRequest(decodeResult: success, version: HTTP/1.1, content: EmptyByteBufBE)
GET /session/50591f53a29cdbd0690127ef75023327/screenshot HTTP/1.1
User-Agent: selenium/4.8.1 (java windows)
Cache-Control: no-cache
Content-Type: application/json; charset=utf-8
host: localhost:17637
accept: */*

Response DefaultHttpResponse(decodeResult: success, version: HTTP/1.1)
HTTP/1.1 200 OK
Content-Length: 45968
Content-Type: application/json; charset=utf-8
cache-control: no-cache

10:12:08.440 [AsyncHttpClient-1-5] DEBUG org.asynchttpclient.netty.channel.ChannelManager - Adding key: http://localhost:17637 for channel [id: 0xdbac28e2, L:/127.0.0.1:51459 - R:localhost/127.0.0.1:17637]
10:12:08.441 [main] DEBUG net.serenitybdd.core.photography.Darkroom - Send negative for processing for target\site\serenity\908b524c8ecd351f8be00cb41abc2f6d22228f9a9a7195c0d3bcc446f5646d78.png
10:12:08.442 [main] DEBUG net.thucydides.core.steps.StepInterceptor - STEP DONE: inputPasswordReg
  &amp#27;[32mAnd &amp#27;[0m&amp#27;[32mI input correct password for register&amp#27;[0m    &amp#27;[90m# starter.stepdefinitions.RegisterSteps.inputPasswordReg()&amp#27;[0m
10:12:08.442 [Darkroom Processing Line] DEBUG net.serenitybdd.core.photography.DarkroomProcessingLine - Processing screenshot image in /var/screenshots/screenshot-7200292415421061996
10:12:08.442 [Darkroom Processing Line] DEBUG net.serenitybdd.core.photography.DarkroomProcessingLine - Saving screenshot to target\site\serenity\908b524c8ecd351f8be00cb41abc2f6d22228f9a9a7195c0d3bcc446f5646d78.png
10:12:08.449 [Forwarding getPageSource on session 50591f53a29cdbd0690127ef75023327 to remote] DEBUG org.asynchttpclient.netty.request.NettyRequestSender - Using pooled Channel '[id: 0xdbac28e2, L:/127.0.0.1:51459 - R:localhost/127.0.0.1:17637]' for 'POST' to 'http://localhost:17637/session/50591f53a29cdbd0690127ef75023327/execute/sync'
10:12:08.449 [Forwarding getPageSource on session 50591f53a29cdbd0690127ef75023327 to remote] DEBUG org.asynchttpclient.netty.request.NettyRequestSender - Using open Channel [id: 0xdbac28e2, L:/127.0.0.1:51459 - R:localhost/127.0.0.1:17637] for POST '/session/50591f53a29cdbd0690127ef75023327/execute/sync'
10:12:08.455 [AsyncHttpClient-1-5] DEBUG org.asynchttpclient.netty.handler.HttpHandler - 

Request DefaultHttpRequest(decodeResult: success, version: HTTP/1.1)
POST /session/50591f53a29cdbd0690127ef75023327/execute/sync HTTP/1.1
User-Agent: selenium/4.8.1 (java windows)
Content-Length: 176
Content-Type: application/json; charset=utf-8
host: localhost:17637
accept: */*

Response DefaultHttpResponse(decodeResult: success, version: HTTP/1.1)
HTTP/1.1 200 OK
Content-Length: 22494
Content-Type: application/json; charset=utf-8
cache-control: no-cache

10:12:08.455 [AsyncHttpClient-1-5] DEBUG org.asynchttpclient.netty.channel.ChannelManager - Adding key: http://localhost:17637 for channel [id: 0xdbac28e2, L:/127.0.0.1:51459 - R:localhost/127.0.0.1:17637]
10:12:08.457 [Forwarding getCurrentUrl on session 50591f53a29cdbd0690127ef75023327 to remote] DEBUG org.asynchttpclient.netty.request.NettyRequestSender - Using pooled Channel '[id: 0xdbac28e2, L:/127.0.0.1:51459 - R:localhost/127.0.0.1:17637]' for 'GET' to 'http://localhost:17637/session/50591f53a29cdbd0690127ef75023327/url'
10:12:08.457 [Forwarding getCurrentUrl on session 50591f53a29cdbd0690127ef75023327 to remote] DEBUG org.asynchttpclient.netty.request.NettyRequestSender - Using open Channel [id: 0xdbac28e2, L:/127.0.0.1:51459 - R:localhost/127.0.0.1:17637] for GET '/session/50591f53a29cdbd0690127ef75023327/url'
10:12:08.460 [AsyncHttpClient-1-5] DEBUG org.asynchttpclient.netty.handler.HttpHandler - 

Request DefaultFullHttpRequest(decodeResult: success, version: HTTP/1.1, content: EmptyByteBufBE)
GET /session/50591f53a29cdbd0690127ef75023327/url HTTP/1.1
User-Agent: selenium/4.8.1 (java windows)
Cache-Control: no-cache
Content-Type: application/json; charset=utf-8
host: localhost:17637
accept: */*

Response DefaultHttpResponse(decodeResult: success, version: HTTP/1.1)
HTTP/1.1 200 OK
Content-Length: 54
Content-Type: application/json; charset=utf-8
cache-control: no-cache

10:12:08.460 [AsyncHttpClient-1-5] DEBUG org.asynchttpclient.netty.channel.ChannelManager - Adding key: http://localhost:17637 for channel [id: 0xdbac28e2, L:/127.0.0.1:51459 - R:localhost/127.0.0.1:17637]
10:12:08.467 [Forwarding getPageSource on session 50591f53a29cdbd0690127ef75023327 to remote] DEBUG org.asynchttpclient.netty.request.NettyRequestSender - Using pooled Channel '[id: 0xdbac28e2, L:/127.0.0.1:51459 - R:localhost/127.0.0.1:17637]' for 'POST' to 'http://localhost:17637/session/50591f53a29cdbd0690127ef75023327/execute/sync'
10:12:08.467 [Forwarding getPageSource on session 50591f53a29cdbd0690127ef75023327 to remote] DEBUG org.asynchttpclient.netty.request.NettyRequestSender - Using open Channel [id: 0xdbac28e2, L:/127.0.0.1:51459 - R:localhost/127.0.0.1:17637] for POST '/session/50591f53a29cdbd0690127ef75023327/execute/sync'
10:12:08.474 [AsyncHttpClient-1-5] DEBUG org.asynchttpclient.netty.handler.HttpHandler - 

Request DefaultHttpRequest(decodeResult: success, version: HTTP/1.1)
POST /session/50591f53a29cdbd0690127ef75023327/execute/sync HTTP/1.1
User-Agent: selenium/4.8.1 (java windows)
Content-Length: 176
Content-Type: application/json; charset=utf-8
host: localhost:17637
accept: */*

Response DefaultHttpResponse(decodeResult: success, version: HTTP/1.1)
HTTP/1.1 200 OK
Content-Length: 22494
Content-Type: application/json; charset=utf-8
cache-control: no-cache

10:12:08.474 [AsyncHttpClient-1-5] DEBUG org.asynchttpclient.netty.channel.ChannelManager - Adding key: http://localhost:17637 for channel [id: 0xdbac28e2, L:/127.0.0.1:51459 - R:localhost/127.0.0.1:17637]
10:12:08.478 [Forwarding getCurrentUrl on session 50591f53a29cdbd0690127ef75023327 to remote] DEBUG org.asynchttpclient.netty.request.NettyRequestSender - Using pooled Channel '[id: 0xdbac28e2, L:/127.0.0.1:51459 - R:localhost/127.0.0.1:17637]' for 'GET' to 'http://localhost:17637/session/50591f53a29cdbd0690127ef75023327/url'
10:12:08.478 [Forwarding getCurrentUrl on session 50591f53a29cdbd0690127ef75023327 to remote] DEBUG org.asynchttpclient.netty.request.NettyRequestSender - Using open Channel [id: 0xdbac28e2, L:/127.0.0.1:51459 - R:localhost/127.0.0.1:17637] for GET '/session/50591f53a29cdbd0690127ef75023327/url'
10:12:08.482 [AsyncHttpClient-1-5] DEBUG org.asynchttpclient.netty.handler.HttpHandler - 

Request DefaultFullHttpRequest(decodeResult: success, version: HTTP/1.1, content: EmptyByteBufBE)
GET /session/50591f53a29cdbd0690127ef75023327/url HTTP/1.1
User-Agent: selenium/4.8.1 (java windows)
Cache-Control: no-cache
Content-Type: application/json; charset=utf-8
host: localhost:17637
accept: */*

Response DefaultHttpResponse(decodeResult: success, version: HTTP/1.1)
HTTP/1.1 200 OK
Content-Length: 54
Content-Type: application/json; charset=utf-8
cache-control: no-cache

10:12:08.482 [AsyncHttpClient-1-5] DEBUG org.asynchttpclient.netty.channel.ChannelManager - Adding key: http://localhost:17637 for channel [id: 0xdbac28e2, L:/127.0.0.1:51459 - R:localhost/127.0.0.1:17637]
10:12:08.484 [main] DEBUG net.thucydides.core.steps.StepInterceptor - STARTING STEP: RegisterSteps.ClickRegisterButton - ClickRegisterButton
10:12:08.485 [Forwarding findElement on session 50591f53a29cdbd0690127ef75023327 to remote] DEBUG org.asynchttpclient.netty.request.NettyRequestSender - Using pooled Channel '[id: 0xdbac28e2, L:/127.0.0.1:51459 - R:localhost/127.0.0.1:17637]' for 'POST' to 'http://localhost:17637/session/50591f53a29cdbd0690127ef75023327/element'
10:12:08.486 [Forwarding findElement on session 50591f53a29cdbd0690127ef75023327 to remote] DEBUG org.asynchttpclient.netty.request.NettyRequestSender - Using open Channel [id: 0xdbac28e2, L:/127.0.0.1:51459 - R:localhost/127.0.0.1:17637] for POST '/session/50591f53a29cdbd0690127ef75023327/element'
10:12:08.499 [AsyncHttpClient-1-5] DEBUG org.asynchttpclient.netty.handler.HttpHandler - 

Request DefaultHttpRequest(decodeResult: success, version: HTTP/1.1)
POST /session/50591f53a29cdbd0690127ef75023327/element HTTP/1.1
User-Agent: selenium/4.8.1 (java windows)
Content-Length: 71
Content-Type: application/json; charset=utf-8
host: localhost:17637
accept: */*

Response DefaultHttpResponse(decodeResult: success, version: HTTP/1.1)
HTTP/1.1 200 OK
Content-Length: 88
Content-Type: application/json; charset=utf-8
cache-control: no-cache

10:12:08.499 [AsyncHttpClient-1-5] DEBUG org.asynchttpclient.netty.channel.ChannelManager - Adding key: http://localhost:17637 for channel [id: 0xdbac28e2, L:/127.0.0.1:51459 - R:localhost/127.0.0.1:17637]
10:12:08.501 [Forwarding getElementTagName on session 50591f53a29cdbd0690127ef75023327 to remote] DEBUG org.asynchttpclient.netty.request.NettyRequestSender - Using pooled Channel '[id: 0xdbac28e2, L:/127.0.0.1:51459 - R:localhost/127.0.0.1:17637]' for 'GET' to 'http://localhost:17637/session/50591f53a29cdbd0690127ef75023327/element/1ff9e26f-e409-4fca-be7a-5393841acdcf/name'
10:12:08.501 [Forwarding getElementTagName on session 50591f53a29cdbd0690127ef75023327 to remote] DEBUG org.asynchttpclient.netty.request.NettyRequestSender - Using open Channel [id: 0xdbac28e2, L:/127.0.0.1:51459 - R:localhost/127.0.0.1:17637] for GET '/session/50591f53a29cdbd0690127ef75023327/element/1ff9e26f-e409-4fca-be7a-5393841acdcf/name'
10:12:08.506 [AsyncHttpClient-1-5] DEBUG org.asynchttpclient.netty.handler.HttpHandler - 

Request DefaultFullHttpRequest(decodeResult: success, version: HTTP/1.1, content: EmptyByteBufBE)
GET /session/50591f53a29cdbd0690127ef75023327/element/1ff9e26f-e409-4fca-be7a-5393841acdcf/name HTTP/1.1
User-Agent: selenium/4.8.1 (java windows)
Cache-Control: no-cache
Content-Type: application/json; charset=utf-8
host: localhost:17637
accept: */*

Response DefaultHttpResponse(decodeResult: success, version: HTTP/1.1)
HTTP/1.1 200 OK
Content-Length: 18
Content-Type: application/json; charset=utf-8
cache-control: no-cache

10:12:08.506 [AsyncHttpClient-1-5] DEBUG org.asynchttpclient.netty.channel.ChannelManager - Adding key: http://localhost:17637 for channel [id: 0xdbac28e2, L:/127.0.0.1:51459 - R:localhost/127.0.0.1:17637]
10:12:08.507 [Forwarding getElementTagName on session 50591f53a29cdbd0690127ef75023327 to remote] DEBUG org.asynchttpclient.netty.request.NettyRequestSender - Using pooled Channel '[id: 0xdbac28e2, L:/127.0.0.1:51459 - R:localhost/127.0.0.1:17637]' for 'GET' to 'http://localhost:17637/session/50591f53a29cdbd0690127ef75023327/element/1ff9e26f-e409-4fca-be7a-5393841acdcf/name'
10:12:08.507 [Forwarding getElementTagName on session 50591f53a29cdbd0690127ef75023327 to remote] DEBUG org.asynchttpclient.netty.request.NettyRequestSender - Using open Channel [id: 0xdbac28e2, L:/127.0.0.1:51459 - R:localhost/127.0.0.1:17637] for GET '/session/50591f53a29cdbd0690127ef75023327/element/1ff9e26f-e409-4fca-be7a-5393841acdcf/name'
10:12:08.509 [AsyncHttpClient-1-5] DEBUG org.asynchttpclient.netty.handler.HttpHandler - 

Request DefaultFullHttpRequest(decodeResult: success, version: HTTP/1.1, content: EmptyByteBufBE)
GET /session/50591f53a29cdbd0690127ef75023327/element/1ff9e26f-e409-4fca-be7a-5393841acdcf/name HTTP/1.1
User-Agent: selenium/4.8.1 (java windows)
Cache-Control: no-cache
Content-Type: application/json; charset=utf-8
host: localhost:17637
accept: */*

Response DefaultHttpResponse(decodeResult: success, version: HTTP/1.1)
HTTP/1.1 200 OK
Content-Length: 18
Content-Type: application/json; charset=utf-8
cache-control: no-cache

10:12:08.509 [AsyncHttpClient-1-5] DEBUG org.asynchttpclient.netty.channel.ChannelManager - Adding key: http://localhost:17637 for channel [id: 0xdbac28e2, L:/127.0.0.1:51459 - R:localhost/127.0.0.1:17637]
10:12:08.511 [Forwarding isElementEnabled on session 50591f53a29cdbd0690127ef75023327 to remote] DEBUG org.asynchttpclient.netty.request.NettyRequestSender - Using pooled Channel '[id: 0xdbac28e2, L:/127.0.0.1:51459 - R:localhost/127.0.0.1:17637]' for 'GET' to 'http://localhost:17637/session/50591f53a29cdbd0690127ef75023327/element/1ff9e26f-e409-4fca-be7a-5393841acdcf/enabled'
10:12:08.511 [Forwarding isElementEnabled on session 50591f53a29cdbd0690127ef75023327 to remote] DEBUG org.asynchttpclient.netty.request.NettyRequestSender - Using open Channel [id: 0xdbac28e2, L:/127.0.0.1:51459 - R:localhost/127.0.0.1:17637] for GET '/session/50591f53a29cdbd0690127ef75023327/element/1ff9e26f-e409-4fca-be7a-5393841acdcf/enabled'
10:12:08.518 [AsyncHttpClient-1-5] DEBUG org.asynchttpclient.netty.handler.HttpHandler - 

Request DefaultFullHttpRequest(decodeResult: success, version: HTTP/1.1, content: EmptyByteBufBE)
GET /session/50591f53a29cdbd0690127ef75023327/element/1ff9e26f-e409-4fca-be7a-5393841acdcf/enabled HTTP/1.1
User-Agent: selenium/4.8.1 (java windows)
Cache-Control: no-cache
Content-Type: application/json; charset=utf-8
host: localhost:17637
accept: */*

Response DefaultHttpResponse(decodeResult: success, version: HTTP/1.1)
HTTP/1.1 200 OK
Content-Length: 14
Content-Type: application/json; charset=utf-8
cache-control: no-cache

10:12:08.518 [AsyncHttpClient-1-5] DEBUG org.asynchttpclient.netty.channel.ChannelManager - Adding key: http://localhost:17637 for channel [id: 0xdbac28e2, L:/127.0.0.1:51459 - R:localhost/127.0.0.1:17637]
10:12:08.520 [Forwarding isElementEnabled on session 50591f53a29cdbd0690127ef75023327 to remote] DEBUG org.asynchttpclient.netty.request.NettyRequestSender - Using pooled Channel '[id: 0xdbac28e2, L:/127.0.0.1:51459 - R:localhost/127.0.0.1:17637]' for 'GET' to 'http://localhost:17637/session/50591f53a29cdbd0690127ef75023327/element/1ff9e26f-e409-4fca-be7a-5393841acdcf/enabled'
10:12:08.520 [Forwarding isElementEnabled on session 50591f53a29cdbd0690127ef75023327 to remote] DEBUG org.asynchttpclient.netty.request.NettyRequestSender - Using open Channel [id: 0xdbac28e2, L:/127.0.0.1:51459 - R:localhost/127.0.0.1:17637] for GET '/session/50591f53a29cdbd0690127ef75023327/element/1ff9e26f-e409-4fca-be7a-5393841acdcf/enabled'
10:12:08.524 [AsyncHttpClient-1-5] DEBUG org.asynchttpclient.netty.handler.HttpHandler - 

Request DefaultFullHttpRequest(decodeResult: success, version: HTTP/1.1, content: EmptyByteBufBE)
GET /session/50591f53a29cdbd0690127ef75023327/element/1ff9e26f-e409-4fca-be7a-5393841acdcf/enabled HTTP/1.1
User-Agent: selenium/4.8.1 (java windows)
Cache-Control: no-cache
Content-Type: application/json; charset=utf-8
host: localhost:17637
accept: */*

Response DefaultHttpResponse(decodeResult: success, version: HTTP/1.1)
HTTP/1.1 200 OK
Content-Length: 14
Content-Type: application/json; charset=utf-8
cache-control: no-cache

10:12:08.524 [AsyncHttpClient-1-5] DEBUG org.asynchttpclient.netty.channel.ChannelManager - Adding key: http://localhost:17637 for channel [id: 0xdbac28e2, L:/127.0.0.1:51459 - R:localhost/127.0.0.1:17637]
10:12:08.526 [Forwarding findElement on session 50591f53a29cdbd0690127ef75023327 to remote] DEBUG org.asynchttpclient.netty.request.NettyRequestSender - Using pooled Channel '[id: 0xdbac28e2, L:/127.0.0.1:51459 - R:localhost/127.0.0.1:17637]' for 'POST' to 'http://localhost:17637/session/50591f53a29cdbd0690127ef75023327/element'
10:12:08.526 [Forwarding findElement on session 50591f53a29cdbd0690127ef75023327 to remote] DEBUG org.asynchttpclient.netty.request.NettyRequestSender - Using open Channel [id: 0xdbac28e2, L:/127.0.0.1:51459 - R:localhost/127.0.0.1:17637] for POST '/session/50591f53a29cdbd0690127ef75023327/element'
10:12:08.531 [AsyncHttpClient-1-5] DEBUG org.asynchttpclient.netty.handler.HttpHandler - 

Request DefaultHttpRequest(decodeResult: success, version: HTTP/1.1)
POST /session/50591f53a29cdbd0690127ef75023327/element HTTP/1.1
User-Agent: selenium/4.8.1 (java windows)
Content-Length: 71
Content-Type: application/json; charset=utf-8
host: localhost:17637
accept: */*

Response DefaultHttpResponse(decodeResult: success, version: HTTP/1.1)
HTTP/1.1 200 OK
Content-Length: 88
Content-Type: application/json; charset=utf-8
cache-control: no-cache

10:12:08.532 [AsyncHttpClient-1-5] DEBUG org.asynchttpclient.netty.channel.ChannelManager - Adding key: http://localhost:17637 for channel [id: 0xdbac28e2, L:/127.0.0.1:51459 - R:localhost/127.0.0.1:17637]
10:12:08.532 [Forwarding clickElement on session 50591f53a29cdbd0690127ef75023327 to remote] DEBUG org.asynchttpclient.netty.request.NettyRequestSender - Using pooled Channel '[id: 0xdbac28e2, L:/127.0.0.1:51459 - R:localhost/127.0.0.1:17637]' for 'POST' to 'http://localhost:17637/session/50591f53a29cdbd0690127ef75023327/element/1ff9e26f-e409-4fca-be7a-5393841acdcf/click'
10:12:08.533 [Forwarding clickElement on session 50591f53a29cdbd0690127ef75023327 to remote] DEBUG org.asynchttpclient.netty.request.NettyRequestSender - Using open Channel [id: 0xdbac28e2, L:/127.0.0.1:51459 - R:localhost/127.0.0.1:17637] for POST '/session/50591f53a29cdbd0690127ef75023327/element/1ff9e26f-e409-4fca-be7a-5393841acdcf/click'
10:12:08.575 [AsyncHttpClient-1-5] DEBUG org.asynchttpclient.netty.handler.HttpHandler - 

Request DefaultHttpRequest(decodeResult: success, version: HTTP/1.1)
POST /session/50591f53a29cdbd0690127ef75023327/element/1ff9e26f-e409-4fca-be7a-5393841acdcf/click HTTP/1.1
User-Agent: selenium/4.8.1 (java windows)
Content-Length: 50
Content-Type: application/json; charset=utf-8
host: localhost:17637
accept: */*

Response DefaultHttpResponse(decodeResult: success, version: HTTP/1.1)
HTTP/1.1 200 OK
Content-Length: 14
Content-Type: application/json; charset=utf-8
cache-control: no-cache

10:12:08.575 [AsyncHttpClient-1-5] DEBUG org.asynchttpclient.netty.channel.ChannelManager - Adding key: http://localhost:17637 for channel [id: 0xdbac28e2, L:/127.0.0.1:51459 - R:localhost/127.0.0.1:17637]
10:12:08.580 [Forwarding getAlertText on session 50591f53a29cdbd0690127ef75023327 to remote] DEBUG org.asynchttpclient.netty.request.NettyRequestSender - Using pooled Channel '[id: 0xdbac28e2, L:/127.0.0.1:51459 - R:localhost/127.0.0.1:17637]' for 'GET' to 'http://localhost:17637/session/50591f53a29cdbd0690127ef75023327/alert/text'
10:12:08.580 [Forwarding getAlertText on session 50591f53a29cdbd0690127ef75023327 to remote] DEBUG org.asynchttpclient.netty.request.NettyRequestSender - Using open Channel [id: 0xdbac28e2, L:/127.0.0.1:51459 - R:localhost/127.0.0.1:17637] for GET '/session/50591f53a29cdbd0690127ef75023327/alert/text'
10:12:08.581 [AsyncHttpClient-1-5] DEBUG org.asynchttpclient.netty.handler.HttpHandler - 

Request DefaultFullHttpRequest(decodeResult: success, version: HTTP/1.1, content: EmptyByteBufBE)
GET /session/50591f53a29cdbd0690127ef75023327/alert/text HTTP/1.1
User-Agent: selenium/4.8.1 (java windows)
Cache-Control: no-cache
Content-Type: application/json; charset=utf-8
host: localhost:17637
accept: */*

Response DefaultHttpResponse(decodeResult: success, version: HTTP/1.1)
HTTP/1.1 404 Not Found
Content-Length: 836
Content-Type: application/json; charset=utf-8
cache-control: no-cache

10:12:08.582 [AsyncHttpClient-1-5] DEBUG org.asynchttpclient.netty.channel.ChannelManager - Adding key: http://localhost:17637 for channel [id: 0xdbac28e2, L:/127.0.0.1:51459 - R:localhost/127.0.0.1:17637]
10:12:08.583 [Forwarding getCurrentUrl on session 50591f53a29cdbd0690127ef75023327 to remote] DEBUG org.asynchttpclient.netty.request.NettyRequestSender - Using pooled Channel '[id: 0xdbac28e2, L:/127.0.0.1:51459 - R:localhost/127.0.0.1:17637]' for 'GET' to 'http://localhost:17637/session/50591f53a29cdbd0690127ef75023327/url'
10:12:08.583 [Forwarding getCurrentUrl on session 50591f53a29cdbd0690127ef75023327 to remote] DEBUG org.asynchttpclient.netty.request.NettyRequestSender - Using open Channel [id: 0xdbac28e2, L:/127.0.0.1:51459 - R:localhost/127.0.0.1:17637] for GET '/session/50591f53a29cdbd0690127ef75023327/url'
10:12:08.585 [AsyncHttpClient-1-5] DEBUG org.asynchttpclient.netty.handler.HttpHandler - 

Request DefaultFullHttpRequest(decodeResult: success, version: HTTP/1.1, content: EmptyByteBufBE)
GET /session/50591f53a29cdbd0690127ef75023327/url HTTP/1.1
User-Agent: selenium/4.8.1 (java windows)
Cache-Control: no-cache
Content-Type: application/json; charset=utf-8
host: localhost:17637
accept: */*

Response DefaultHttpResponse(decodeResult: success, version: HTTP/1.1)
HTTP/1.1 200 OK
Content-Length: 54
Content-Type: application/json; charset=utf-8
cache-control: no-cache

10:12:08.585 [AsyncHttpClient-1-5] DEBUG org.asynchttpclient.netty.channel.ChannelManager - Adding key: http://localhost:17637 for channel [id: 0xdbac28e2, L:/127.0.0.1:51459 - R:localhost/127.0.0.1:17637]
10:12:08.586 [Forwarding screenshot on session 50591f53a29cdbd0690127ef75023327 to remote] DEBUG org.asynchttpclient.netty.request.NettyRequestSender - Using pooled Channel '[id: 0xdbac28e2, L:/127.0.0.1:51459 - R:localhost/127.0.0.1:17637]' for 'GET' to 'http://localhost:17637/session/50591f53a29cdbd0690127ef75023327/screenshot'
10:12:08.586 [Forwarding screenshot on session 50591f53a29cdbd0690127ef75023327 to remote] DEBUG org.asynchttpclient.netty.request.NettyRequestSender - Using open Channel [id: 0xdbac28e2, L:/127.0.0.1:51459 - R:localhost/127.0.0.1:17637] for GET '/session/50591f53a29cdbd0690127ef75023327/screenshot'
10:12:08.717 [AsyncHttpClient-1-5] DEBUG org.asynchttpclient.netty.handler.HttpHandler - 

Request DefaultFullHttpRequest(decodeResult: success, version: HTTP/1.1, content: EmptyByteBufBE)
GET /session/50591f53a29cdbd0690127ef75023327/screenshot HTTP/1.1
User-Agent: selenium/4.8.1 (java windows)
Cache-Control: no-cache
Content-Type: application/json; charset=utf-8
host: localhost:17637
accept: */*

Response DefaultHttpResponse(decodeResult: success, version: HTTP/1.1)
HTTP/1.1 200 OK
Content-Length: 44956
Content-Type: application/json; charset=utf-8
cache-control: no-cache

10:12:08.717 [AsyncHttpClient-1-5] DEBUG org.asynchttpclient.netty.channel.ChannelManager - Adding key: http://localhost:17637 for channel [id: 0xdbac28e2, L:/127.0.0.1:51459 - R:localhost/127.0.0.1:17637]
10:12:08.719 [main] DEBUG net.serenitybdd.core.photography.Darkroom - Send negative for processing for target\site\serenity\41f051dec8b6636f3f0dbf9fe18b6ba3f5909afd43afd7e8f48f1501c1fe907b.png
10:12:08.719 [main] DEBUG net.thucydides.core.steps.StepInterceptor - STEP DONE: ClickRegisterButton
10:12:08.719 [Darkroom Processing Line] DEBUG net.serenitybdd.core.photography.DarkroomProcessingLine - Processing screenshot image in /var/screenshots/screenshot-9681705259829472343
10:12:08.719 [Darkroom Processing Line] DEBUG net.serenitybdd.core.photography.DarkroomProcessingLine - Saving screenshot to target\site\serenity\41f051dec8b6636f3f0dbf9fe18b6ba3f5909afd43afd7e8f48f1501c1fe907b.png
  &amp#27;[32mWhen &amp#27;[0m&amp#27;[32mI click on the register button&amp#27;[0m          &amp#27;[90m# starter.stepdefinitions.RegisterSteps.ClickRegisterButton()&amp#27;[0m
10:12:08.732 [Forwarding getPageSource on session 50591f53a29cdbd0690127ef75023327 to remote] DEBUG org.asynchttpclient.netty.request.NettyRequestSender - Using pooled Channel '[id: 0xdbac28e2, L:/127.0.0.1:51459 - R:localhost/127.0.0.1:17637]' for 'POST' to 'http://localhost:17637/session/50591f53a29cdbd0690127ef75023327/execute/sync'
10:12:08.732 [Forwarding getPageSource on session 50591f53a29cdbd0690127ef75023327 to remote] DEBUG org.asynchttpclient.netty.request.NettyRequestSender - Using open Channel [id: 0xdbac28e2, L:/127.0.0.1:51459 - R:localhost/127.0.0.1:17637] for POST '/session/50591f53a29cdbd0690127ef75023327/execute/sync'
10:12:08.735 [AsyncHttpClient-1-5] DEBUG org.asynchttpclient.netty.handler.HttpHandler - 

Request DefaultHttpRequest(decodeResult: success, version: HTTP/1.1)
POST /session/50591f53a29cdbd0690127ef75023327/execute/sync HTTP/1.1
User-Agent: selenium/4.8.1 (java windows)
Content-Length: 176
Content-Type: application/json; charset=utf-8
host: localhost:17637
accept: */*

Response DefaultHttpResponse(decodeResult: success, version: HTTP/1.1)
HTTP/1.1 200 OK
Content-Length: 23207
Content-Type: application/json; charset=utf-8
cache-control: no-cache

10:12:08.735 [AsyncHttpClient-1-5] DEBUG org.asynchttpclient.netty.channel.ChannelManager - Adding key: http://localhost:17637 for channel [id: 0xdbac28e2, L:/127.0.0.1:51459 - R:localhost/127.0.0.1:17637]
10:12:08.740 [Forwarding getCurrentUrl on session 50591f53a29cdbd0690127ef75023327 to remote] DEBUG org.asynchttpclient.netty.request.NettyRequestSender - Using pooled Channel '[id: 0xdbac28e2, L:/127.0.0.1:51459 - R:localhost/127.0.0.1:17637]' for 'GET' to 'http://localhost:17637/session/50591f53a29cdbd0690127ef75023327/url'
10:12:08.740 [Forwarding getCurrentUrl on session 50591f53a29cdbd0690127ef75023327 to remote] DEBUG org.asynchttpclient.netty.request.NettyRequestSender - Using open Channel [id: 0xdbac28e2, L:/127.0.0.1:51459 - R:localhost/127.0.0.1:17637] for GET '/session/50591f53a29cdbd0690127ef75023327/url'
10:12:08.743 [AsyncHttpClient-1-5] DEBUG org.asynchttpclient.netty.handler.HttpHandler - 

Request DefaultFullHttpRequest(decodeResult: success, version: HTTP/1.1, content: EmptyByteBufBE)
GET /session/50591f53a29cdbd0690127ef75023327/url HTTP/1.1
User-Agent: selenium/4.8.1 (java windows)
Cache-Control: no-cache
Content-Type: application/json; charset=utf-8
host: localhost:17637
accept: */*

Response DefaultHttpResponse(decodeResult: success, version: HTTP/1.1)
HTTP/1.1 200 OK
Content-Length: 54
Content-Type: application/json; charset=utf-8
cache-control: no-cache

10:12:08.743 [AsyncHttpClient-1-5] DEBUG org.asynchttpclient.netty.channel.ChannelManager - Adding key: http://localhost:17637 for channel [id: 0xdbac28e2, L:/127.0.0.1:51459 - R:localhost/127.0.0.1:17637]
10:12:08.750 [Forwarding getPageSource on session 50591f53a29cdbd0690127ef75023327 to remote] DEBUG org.asynchttpclient.netty.request.NettyRequestSender - Using pooled Channel '[id: 0xdbac28e2, L:/127.0.0.1:51459 - R:localhost/127.0.0.1:17637]' for 'POST' to 'http://localhost:17637/session/50591f53a29cdbd0690127ef75023327/execute/sync'
10:12:08.750 [Forwarding getPageSource on session 50591f53a29cdbd0690127ef75023327 to remote] DEBUG org.asynchttpclient.netty.request.NettyRequestSender - Using open Channel [id: 0xdbac28e2, L:/127.0.0.1:51459 - R:localhost/127.0.0.1:17637] for POST '/session/50591f53a29cdbd0690127ef75023327/execute/sync'
10:12:08.754 [AsyncHttpClient-1-5] DEBUG org.asynchttpclient.netty.handler.HttpHandler - 

Request DefaultHttpRequest(decodeResult: success, version: HTTP/1.1)
POST /session/50591f53a29cdbd0690127ef75023327/execute/sync HTTP/1.1
User-Agent: selenium/4.8.1 (java windows)
Content-Length: 176
Content-Type: application/json; charset=utf-8
host: localhost:17637
accept: */*

Response DefaultHttpResponse(decodeResult: success, version: HTTP/1.1)
HTTP/1.1 200 OK
Content-Length: 23207
Content-Type: application/json; charset=utf-8
cache-control: no-cache

10:12:08.755 [AsyncHttpClient-1-5] DEBUG org.asynchttpclient.netty.channel.ChannelManager - Adding key: http://localhost:17637 for channel [id: 0xdbac28e2, L:/127.0.0.1:51459 - R:localhost/127.0.0.1:17637]
10:12:08.757 [Forwarding getCurrentUrl on session 50591f53a29cdbd0690127ef75023327 to remote] DEBUG org.asynchttpclient.netty.request.NettyRequestSender - Using pooled Channel '[id: 0xdbac28e2, L:/127.0.0.1:51459 - R:localhost/127.0.0.1:17637]' for 'GET' to 'http://localhost:17637/session/50591f53a29cdbd0690127ef75023327/url'
10:12:08.757 [Forwarding getCurrentUrl on session 50591f53a29cdbd0690127ef75023327 to remote] DEBUG org.asynchttpclient.netty.request.NettyRequestSender - Using open Channel [id: 0xdbac28e2, L:/127.0.0.1:51459 - R:localhost/127.0.0.1:17637] for GET '/session/50591f53a29cdbd0690127ef75023327/url'
10:12:08.759 [AsyncHttpClient-1-5] DEBUG org.asynchttpclient.netty.handler.HttpHandler - 

Request DefaultFullHttpRequest(decodeResult: success, version: HTTP/1.1, content: EmptyByteBufBE)
GET /session/50591f53a29cdbd0690127ef75023327/url HTTP/1.1
User-Agent: selenium/4.8.1 (java windows)
Cache-Control: no-cache
Content-Type: application/json; charset=utf-8
host: localhost:17637
accept: */*

Response DefaultHttpResponse(decodeResult: success, version: HTTP/1.1)
HTTP/1.1 200 OK
Content-Length: 54
Content-Type: application/json; charset=utf-8
cache-control: no-cache

10:12:08.759 [AsyncHttpClient-1-5] DEBUG org.asynchttpclient.netty.channel.ChannelManager - Adding key: http://localhost:17637 for channel [id: 0xdbac28e2, L:/127.0.0.1:51459 - R:localhost/127.0.0.1:17637]
10:12:08.760 [main] DEBUG net.thucydides.core.steps.StepInterceptor - STARTING STEP: LoginSteps.alertContent - incorrectAlert
10:12:08.762 [Forwarding findElement on session 50591f53a29cdbd0690127ef75023327 to remote] DEBUG org.asynchttpclient.netty.request.NettyRequestSender - Using pooled Channel '[id: 0xdbac28e2, L:/127.0.0.1:51459 - R:localhost/127.0.0.1:17637]' for 'POST' to 'http://localhost:17637/session/50591f53a29cdbd0690127ef75023327/element'
10:12:08.762 [Forwarding findElement on session 50591f53a29cdbd0690127ef75023327 to remote] DEBUG org.asynchttpclient.netty.request.NettyRequestSender - Using open Channel [id: 0xdbac28e2, L:/127.0.0.1:51459 - R:localhost/127.0.0.1:17637] for POST '/session/50591f53a29cdbd0690127ef75023327/element'
10:12:08.772 [AsyncHttpClient-1-5] DEBUG org.asynchttpclient.netty.handler.HttpHandler - 

Request DefaultHttpRequest(decodeResult: success, version: HTTP/1.1)
POST /session/50591f53a29cdbd0690127ef75023327/element HTTP/1.1
User-Agent: selenium/4.8.1 (java windows)
Content-Length: 54
Content-Type: application/json; charset=utf-8
host: localhost:17637
accept: */*

Response DefaultHttpResponse(decodeResult: success, version: HTTP/1.1)
HTTP/1.1 200 OK
Content-Length: 88
Content-Type: application/json; charset=utf-8
cache-control: no-cache

10:12:08.772 [AsyncHttpClient-1-5] DEBUG org.asynchttpclient.netty.channel.ChannelManager - Adding key: http://localhost:17637 for channel [id: 0xdbac28e2, L:/127.0.0.1:51459 - R:localhost/127.0.0.1:17637]
10:12:08.774 [Forwarding isElementDisplayed on session 50591f53a29cdbd0690127ef75023327 to remote] DEBUG org.asynchttpclient.netty.request.NettyRequestSender - Using pooled Channel '[id: 0xdbac28e2, L:/127.0.0.1:51459 - R:localhost/127.0.0.1:17637]' for 'POST' to 'http://localhost:17637/session/50591f53a29cdbd0690127ef75023327/execute/sync'
10:12:08.774 [Forwarding isElementDisplayed on session 50591f53a29cdbd0690127ef75023327 to remote] DEBUG org.asynchttpclient.netty.request.NettyRequestSender - Using open Channel [id: 0xdbac28e2, L:/127.0.0.1:51459 - R:localhost/127.0.0.1:17637] for POST '/session/50591f53a29cdbd0690127ef75023327/execute/sync'
10:12:08.784 [AsyncHttpClient-1-5] DEBUG org.asynchttpclient.netty.handler.HttpHandler - 

Request DefaultHttpRequest(decodeResult: success, version: HTTP/1.1)
POST /session/50591f53a29cdbd0690127ef75023327/execute/sync HTTP/1.1
User-Agent: selenium/4.8.1 (java windows)
Content-Length: 48807
Content-Type: application/json; charset=utf-8
host: localhost:17637
accept: */*

Response DefaultHttpResponse(decodeResult: success, version: HTTP/1.1)
HTTP/1.1 200 OK
Content-Length: 14
Content-Type: application/json; charset=utf-8
cache-control: no-cache

10:12:08.785 [AsyncHttpClient-1-5] DEBUG org.asynchttpclient.netty.channel.ChannelManager - Adding key: http://localhost:17637 for channel [id: 0xdbac28e2, L:/127.0.0.1:51459 - R:localhost/127.0.0.1:17637]
10:12:08.789 [Forwarding getAlertText on session 50591f53a29cdbd0690127ef75023327 to remote] DEBUG org.asynchttpclient.netty.request.NettyRequestSender - Using pooled Channel '[id: 0xdbac28e2, L:/127.0.0.1:51459 - R:localhost/127.0.0.1:17637]' for 'GET' to 'http://localhost:17637/session/50591f53a29cdbd0690127ef75023327/alert/text'
10:12:08.789 [Forwarding getAlertText on session 50591f53a29cdbd0690127ef75023327 to remote] DEBUG org.asynchttpclient.netty.request.NettyRequestSender - Using open Channel [id: 0xdbac28e2, L:/127.0.0.1:51459 - R:localhost/127.0.0.1:17637] for GET '/session/50591f53a29cdbd0690127ef75023327/alert/text'
10:12:08.790 [AsyncHttpClient-1-5] DEBUG org.asynchttpclient.netty.handler.HttpHandler - 

Request DefaultFullHttpRequest(decodeResult: success, version: HTTP/1.1, content: EmptyByteBufBE)
GET /session/50591f53a29cdbd0690127ef75023327/alert/text HTTP/1.1
User-Agent: selenium/4.8.1 (java windows)
Cache-Control: no-cache
Content-Type: application/json; charset=utf-8
host: localhost:17637
accept: */*

Response DefaultHttpResponse(decodeResult: success, version: HTTP/1.1)
HTTP/1.1 404 Not Found
Content-Length: 836
Content-Type: application/json; charset=utf-8
cache-control: no-cache

10:12:08.790 [AsyncHttpClient-1-5] DEBUG org.asynchttpclient.netty.channel.ChannelManager - Adding key: http://localhost:17637 for channel [id: 0xdbac28e2, L:/127.0.0.1:51459 - R:localhost/127.0.0.1:17637]
10:12:08.791 [Forwarding getCurrentUrl on session 50591f53a29cdbd0690127ef75023327 to remote] DEBUG org.asynchttpclient.netty.request.NettyRequestSender - Using pooled Channel '[id: 0xdbac28e2, L:/127.0.0.1:51459 - R:localhost/127.0.0.1:17637]' for 'GET' to 'http://localhost:17637/session/50591f53a29cdbd0690127ef75023327/url'
10:12:08.791 [Forwarding getCurrentUrl on session 50591f53a29cdbd0690127ef75023327 to remote] DEBUG org.asynchttpclient.netty.request.NettyRequestSender - Using open Channel [id: 0xdbac28e2, L:/127.0.0.1:51459 - R:localhost/127.0.0.1:17637] for GET '/session/50591f53a29cdbd0690127ef75023327/url'
10:12:08.796 [AsyncHttpClient-1-5] DEBUG org.asynchttpclient.netty.handler.HttpHandler - 

Request DefaultFullHttpRequest(decodeResult: success, version: HTTP/1.1, content: EmptyByteBufBE)
GET /session/50591f53a29cdbd0690127ef75023327/url HTTP/1.1
User-Agent: selenium/4.8.1 (java windows)
Cache-Control: no-cache
Content-Type: application/json; charset=utf-8
host: localhost:17637
accept: */*

Response DefaultHttpResponse(decodeResult: success, version: HTTP/1.1)
HTTP/1.1 200 OK
Content-Length: 54
Content-Type: application/json; charset=utf-8
cache-control: no-cache

10:12:08.796 [AsyncHttpClient-1-5] DEBUG org.asynchttpclient.netty.channel.ChannelManager - Adding key: http://localhost:17637 for channel [id: 0xdbac28e2, L:/127.0.0.1:51459 - R:localhost/127.0.0.1:17637]
10:12:08.797 [Forwarding screenshot on session 50591f53a29cdbd0690127ef75023327 to remote] DEBUG org.asynchttpclient.netty.request.NettyRequestSender - Using pooled Channel '[id: 0xdbac28e2, L:/127.0.0.1:51459 - R:localhost/127.0.0.1:17637]' for 'GET' to 'http://localhost:17637/session/50591f53a29cdbd0690127ef75023327/screenshot'
10:12:08.797 [Forwarding screenshot on session 50591f53a29cdbd0690127ef75023327 to remote] DEBUG org.asynchttpclient.netty.request.NettyRequestSender - Using open Channel [id: 0xdbac28e2, L:/127.0.0.1:51459 - R:localhost/127.0.0.1:17637] for GET '/session/50591f53a29cdbd0690127ef75023327/screenshot'
10:12:08.914 [AsyncHttpClient-1-5] DEBUG org.asynchttpclient.netty.handler.HttpHandler - 

Request DefaultFullHttpRequest(decodeResult: success, version: HTTP/1.1, content: EmptyByteBufBE)
GET /session/50591f53a29cdbd0690127ef75023327/screenshot HTTP/1.1
User-Agent: selenium/4.8.1 (java windows)
Cache-Control: no-cache
Content-Type: application/json; charset=utf-8
host: localhost:17637
accept: */*

Response DefaultHttpResponse(decodeResult: success, version: HTTP/1.1)
HTTP/1.1 200 OK
Content-Length: 46984
Content-Type: application/json; charset=utf-8
cache-control: no-cache

10:12:08.914 [AsyncHttpClient-1-5] DEBUG org.asynchttpclient.netty.channel.ChannelManager - Adding key: http://localhost:17637 for channel [id: 0xdbac28e2, L:/127.0.0.1:51459 - R:localhost/127.0.0.1:17637]
10:12:08.916 [main] DEBUG net.serenitybdd.core.photography.Darkroom - Send negative for processing for target\site\serenity\22e43e69a0acad5d019bc8d3a3a1c55557c92b342b143dab9acfb55ab77cb9d4.png
10:12:08.916 [main] DEBUG net.thucydides.core.steps.StepInterceptor - STEP DONE: incorrectAlert
  &amp#27;[32mThen &amp#27;[0m&amp#27;[32mI should see the error message&amp#27;[0m          &amp#27;[90m# starter.stepdefinitions.LoginSteps.alertContent()&amp#27;[0m
10:12:08.916 [Darkroom Processing Line] DEBUG net.serenitybdd.core.photography.DarkroomProcessingLine - Processing screenshot image in /var/screenshots/screenshot-2295127820509035816
10:12:08.916 [Darkroom Processing Line] DEBUG net.serenitybdd.core.photography.DarkroomProcessingLine - Saving screenshot to target\site\serenity\22e43e69a0acad5d019bc8d3a3a1c55557c92b342b143dab9acfb55ab77cb9d4.png
10:12:08.921 [main] INFO  - 
  _____   ___   ___   _____     ___     _     ___   ___   ___   ___  
 |_   _| | __| / __| |_   _|   | _ \   /_\   / __| / __| | __| |   \ 
   | |   | _|  \__ \   | |     |  _/  / _ \  \__ \ \__ \ | _|  | |) |
   |_|   |___| |___/   |_|     |_|   /_/ \_\ |___/ |___/ |___| |___/ 

Register without fill the fullname
----------------------------------------------------------------------
10:12:08.922 [AsyncHttpClient-1-7] DEBUG org.asynchttpclient.netty.handler.WebSocketHandler - Channel Closed: [id: 0x74de4fee, L:/127.0.0.1:51466 ! R:localhost/127.0.0.1:51460] with attribute NettyResponseFuture{currentRetry=0,
	isDone=1,
	isCancelled=0,
	asyncHandler=org.asynchttpclient.ws.WebSocketUpgradeHandler@646cc78a,
	nettyRequest=org.asynchttpclient.netty.request.NettyRequest@216e4563,
	future=java.util.concurrent.CompletableFuture@6ad6cec8[Completed normally],
	uri=ws://localhost:51460/devtools/browser/7b4f55e2-7767-45a9-afa1-05c19bc2367c,
	keepAlive=true,
	redirectCount=0,
	timeoutsHolder=null,
	inAuth=0,
	touch=1683429125824}
10:12:08.922 [Driver Command Executor] DEBUG org.asynchttpclient.netty.request.NettyRequestSender - Using pooled Channel '[id: 0xdbac28e2, L:/127.0.0.1:51459 - R:localhost/127.0.0.1:17637]' for 'DELETE' to 'http://localhost:17637/session/50591f53a29cdbd0690127ef75023327'
10:12:08.922 [AsyncHttpClient-1-7] DEBUG org.asynchttpclient.netty.channel.ChannelManager - Closing Channel [id: 0x74de4fee, L:/127.0.0.1:51466 ! R:localhost/127.0.0.1:51460] 
10:12:08.922 [Driver Command Executor] DEBUG org.asynchttpclient.netty.request.NettyRequestSender - Using open Channel [id: 0xdbac28e2, L:/127.0.0.1:51459 - R:localhost/127.0.0.1:17637] for DELETE '/session/50591f53a29cdbd0690127ef75023327'
10:12:09.025 [AsyncHttpClient-1-6] DEBUG org.asynchttpclient.netty.handler.HttpHandler - Unexpected I/O exception on channel [id: 0x990595ec, L:/127.0.0.1:51465 - R:localhost/127.0.0.1:51460]
java.io.IOException: An existing connection was forcibly closed by the remote host
	at java.base/sun.nio.ch.SocketDispatcher.read0(Native Method)
	at java.base/sun.nio.ch.SocketDispatcher.read(SocketDispatcher.java:43)
	at java.base/sun.nio.ch.IOUtil.readIntoNativeBuffer(IOUtil.java:276)
	at java.base/sun.nio.ch.IOUtil.read(IOUtil.java:233)
	at java.base/sun.nio.ch.IOUtil.read(IOUtil.java:223)
	at java.base/sun.nio.ch.SocketChannelImpl.read(SocketChannelImpl.java:358)
	at io.netty.buffer.PooledByteBuf.setBytes(PooledByteBuf.java:259)
	at io.netty.buffer.AbstractByteBuf.writeBytes(AbstractByteBuf.java:1132)
	at io.netty.channel.socket.nio.NioSocketChannel.doReadBytes(NioSocketChannel.java:357)
	at io.netty.channel.nio.AbstractNioByteChannel$NioByteUnsafe.read(AbstractNioByteChannel.java:151)
	at io.netty.channel.nio.NioEventLoop.processSelectedKey(NioEventLoop.java:788)
	at io.netty.channel.nio.NioEventLoop.processSelectedKeysOptimized(NioEventLoop.java:724)
	at io.netty.channel.nio.NioEventLoop.processSelectedKeys(NioEventLoop.java:650)
	at io.netty.channel.nio.NioEventLoop.run(NioEventLoop.java:562)
	at io.netty.util.concurrent.SingleThreadEventExecutor$4.run(SingleThreadEventExecutor.java:997)
	at io.netty.util.internal.ThreadExecutorMap$2.run(ThreadExecutorMap.java:74)
	at io.netty.util.concurrent.FastThreadLocalRunnable.run(FastThreadLocalRunnable.java:30)
	at java.base/java.lang.Thread.run(Thread.java:834)
10:12:09.025 [AsyncHttpClient-1-6] DEBUG org.asynchttpclient.netty.channel.ChannelManager - Closing Channel [id: 0x990595ec, L:/127.0.0.1:51465 - R:localhost/127.0.0.1:51460] 
10:12:09.025 [AsyncHttpClient-1-6] DEBUG org.asynchttpclient.netty.handler.HttpHandler - Channel Closed: [id: 0x990595ec, L:/127.0.0.1:51465 ! R:localhost/127.0.0.1:51460] with attribute DISCARD
10:12:09.039 [AsyncHttpClient-1-5] DEBUG org.asynchttpclient.netty.handler.HttpHandler - 

Request DefaultFullHttpRequest(decodeResult: success, version: HTTP/1.1, content: EmptyByteBufBE)
DELETE /session/50591f53a29cdbd0690127ef75023327 HTTP/1.1
User-Agent: selenium/4.8.1 (java windows)
Content-Type: application/json; charset=utf-8
host: localhost:17637
accept: */*

Response DefaultHttpResponse(decodeResult: success, version: HTTP/1.1)
HTTP/1.1 200 OK
Content-Length: 14
Content-Type: application/json; charset=utf-8
cache-control: no-cache

10:12:09.039 [AsyncHttpClient-1-5] DEBUG org.asynchttpclient.netty.channel.ChannelManager - Adding key: http://localhost:17637 for channel [id: 0xdbac28e2, L:/127.0.0.1:51459 - R:localhost/127.0.0.1:17637]
10:12:09.063 [AsyncHttpClient-1-5] DEBUG org.asynchttpclient.netty.handler.HttpHandler - Channel Closed: [id: 0xdbac28e2, L:/127.0.0.1:51459 ! R:localhost/127.0.0.1:17637] with attribute DISCARD
10:12:09.503 [AsyncHttpClient-1-1] DEBUG org.asynchttpclient.netty.channel.DefaultChannelPool - Entry count for : http://localhost:17637 : 1
10:12:09.503 [AsyncHttpClient-1-1] DEBUG org.asynchttpclient.netty.channel.DefaultChannelPool - Entry count for : http://localhost:51460 : 1
10:12:09.503 [AsyncHttpClient-1-1] DEBUG org.asynchttpclient.netty.channel.DefaultChannelPool - Adding Candidate expired Channel [id: 0xdbac28e2, L:/127.0.0.1:51459 ! R:localhost/127.0.0.1:17637] isIdleTimeoutExpired=false isRemotelyClosed=true isTtlExpired=false
10:12:09.503 [AsyncHttpClient-1-1] DEBUG org.asynchttpclient.netty.channel.DefaultChannelPool - Closing Idle Channel [id: 0xdbac28e2, L:/127.0.0.1:51459 ! R:localhost/127.0.0.1:17637]
10:12:09.503 [AsyncHttpClient-1-1] DEBUG org.asynchttpclient.netty.channel.DefaultChannelPool - Adding Candidate expired Channel [id: 0x990595ec, L:/127.0.0.1:51465 ! R:localhost/127.0.0.1:51460] isIdleTimeoutExpired=false isRemotelyClosed=true isTtlExpired=false
10:12:09.503 [AsyncHttpClient-1-1] DEBUG org.asynchttpclient.netty.channel.DefaultChannelPool - Closing Idle Channel [id: 0x990595ec, L:/127.0.0.1:51465 ! R:localhost/127.0.0.1:51460]
10:12:09.503 [AsyncHttpClient-1-1] DEBUG org.asynchttpclient.netty.channel.DefaultChannelPool - Closed 2 connections out of 2 in 0 ms
]]></system-out>
    <system-err><![CDATA[Starting ChromeDriver 111.0.5563.64 (c710e93d5b63b7095afe8c2c17df34408078439d-refs/branch-heads/5563@{#995}) on port 17637
Only local connections are allowed.
Please see https://chromedriver.chromium.org/security-considerations for suggestions on keeping ChromeDriver safe.
ChromeDriver was started successfully.
May 07, 2023 10:12:05 AM org.openqa.selenium.devtools.CdpVersionFinder findNearestMatch
WARNING: Unable to find an exact match for CDP version 111, so returning the closest version found: 110
]]></system-err>
  </testcase>
  <testcase name="Register without fill the email" classname="Register to Alta-shop Account" time="4.566">
    <system-out><![CDATA[
Scenario: Register without fill the email   &amp#27;[90m# src/test/resources/features/1. Register.feature:25&amp#27;[0m
10:12:09.602 [main] DEBUG io.cucumber.core.plugin.SerenityReporter - Running feature from file:///D:/WebMinpro/code/minpro/src/test/resources/features/1.%20Register.feature
10:12:09.603 [main] INFO  - 
  _____   ___   ___   _____     ___   _____     _     ___   _____   ___   ___  
 |_   _| | __| / __| |_   _|   / __| |_   _|   /_\   | _ \ |_   _| | __| |   \ 
   | |   | _|  \__ \   | |     \__ \   | |    / _ \  |   /   | |   | _|  | |) |
   |_|   |___| |___/   |_|     |___/   |_|   /_/ \_\ |_|_\   |_|   |___| |___/ 

Register without fill the email(register-to-alta-shop-account;register-without-fill-the-email)
--------------------------------------------------------------------------------
10:12:09.622 [main] DEBUG net.thucydides.core.steps.StepInterceptor - STARTING STEP: LoginSteps.onTheLoginPage - openPage
10:12:09.804 [main] INFO net.serenitybdd.core.webdriver.driverproviders.ChromeDriverProvider - Starting Chrome driver instance with capabilities:
10:12:09.805 [main] INFO net.serenitybdd.core.webdriver.driverproviders.ChromeDriverProvider - Capabilities {acceptInsecureCerts: false, browserName: chrome, goog:chromeOptions: {args: [remote-allow-origins=*], extensions: []}}
10:12:10.400 [AsyncHttpClient-1-8] DEBUG org.asynchttpclient.netty.channel.NettyConnectListener - Using new Channel '[id: 0xbc867797, L:/127.0.0.1:51488 - R:localhost/127.0.0.1:37981]' for 'POST' to '/session'
10:12:10.921 [AsyncHttpClient-1-8] DEBUG org.asynchttpclient.netty.handler.HttpHandler - 

Request DefaultHttpRequest(decodeResult: success, version: HTTP/1.1)
POST /session HTTP/1.1
User-Agent: selenium/4.8.1 (java windows)
Content-Length: 507
Content-Type: application/json; charset=utf-8
host: localhost:37981
accept: */*

Response DefaultHttpResponse(decodeResult: success, version: HTTP/1.1)
HTTP/1.1 200 OK
Content-Length: 859
Content-Type: application/json; charset=utf-8
cache-control: no-cache

10:12:10.922 [AsyncHttpClient-1-8] DEBUG org.asynchttpclient.netty.channel.ChannelManager - Adding key: http://localhost:37981 for channel [id: 0xbc867797, L:/127.0.0.1:51488 - R:localhost/127.0.0.1:37981]
10:12:10.931 [AsyncHttpClient-1-9] DEBUG org.asynchttpclient.netty.channel.NettyConnectListener - Using new Channel '[id: 0xa540011b, L:/127.0.0.1:51496 - R:localhost/127.0.0.1:51490]' for 'GET' to '/json/version'
10:12:10.933 [AsyncHttpClient-1-9] DEBUG org.asynchttpclient.netty.handler.HttpHandler - 

Request DefaultFullHttpRequest(decodeResult: success, version: HTTP/1.1, content: EmptyByteBufBE)
GET /json/version HTTP/1.1
User-Agent: selenium/4.8.1 (java windows)
host: localhost:51490
accept: */*

Response DefaultHttpResponse(decodeResult: success, version: HTTP/1.1)
HTTP/1.1 200 OK
Content-Security-Policy: frame-ancestors 'none'
Content-Length: 424
Content-Type: application/json; charset=UTF-8

10:12:10.933 [AsyncHttpClient-1-9] DEBUG org.asynchttpclient.netty.channel.ChannelManager - Adding key: http://localhost:51490 for channel [id: 0xa540011b, L:/127.0.0.1:51496 - R:localhost/127.0.0.1:51490]
10:12:10.937 [AsyncHttpClient-1-10] DEBUG org.asynchttpclient.netty.channel.NettyConnectListener - Using new Channel '[id: 0xb7ae45df, L:/127.0.0.1:51497 - R:localhost/127.0.0.1:51490]' for 'GET' to '/devtools/browser/9c623bfb-7525-4695-8c7b-02d92e137c05'
10:12:10.940 [AsyncHttpClient-1-10] DEBUG org.asynchttpclient.netty.handler.WebSocketHandler - 

Request DefaultFullHttpRequest(decodeResult: success, version: HTTP/1.1, content: EmptyByteBufBE)
GET /devtools/browser/9c623bfb-7525-4695-8c7b-02d92e137c05 HTTP/1.1
upgrade: websocket
connection: upgrade
sec-websocket-key: zgtxbx0AkRk35+VSjUcsWA==
sec-websocket-version: 13
origin: http://localhost:51490
host: localhost:51490
accept: */*
user-agent: AHC/2.1

Response DefaultHttpResponse(decodeResult: success, version: HTTP/1.1)
HTTP/1.1 101 WebSocket Protocol Handshake
Upgrade: WebSocket
Connection: Upgrade
Sec-WebSocket-Accept: vcZo3ZBiQGdJ5ZSr41FDE0UcAww=

10:12:10.945 [Forwarding get on session 6605c30db8420d6cebbbbcd54d73cb85 to remote] DEBUG org.asynchttpclient.netty.request.NettyRequestSender - Using pooled Channel '[id: 0xbc867797, L:/127.0.0.1:51488 - R:localhost/127.0.0.1:37981]' for 'POST' to 'http://localhost:37981/session/6605c30db8420d6cebbbbcd54d73cb85/url'
10:12:10.945 [Forwarding get on session 6605c30db8420d6cebbbbcd54d73cb85 to remote] DEBUG org.asynchttpclient.netty.request.NettyRequestSender - Using open Channel [id: 0xbc867797, L:/127.0.0.1:51488 - R:localhost/127.0.0.1:37981] for POST '/session/6605c30db8420d6cebbbbcd54d73cb85/url'
10:12:11.694 [AsyncHttpClient-1-1] DEBUG org.asynchttpclient.netty.channel.DefaultChannelPool - Entry count for : http://localhost:51490 : 1
10:12:11.883 [AsyncHttpClient-1-8] DEBUG org.asynchttpclient.netty.handler.HttpHandler - 

Request DefaultHttpRequest(decodeResult: success, version: HTTP/1.1)
POST /session/6605c30db8420d6cebbbbcd54d73cb85/url HTTP/1.1
User-Agent: selenium/4.8.1 (java windows)
Content-Length: 74
Content-Type: application/json; charset=utf-8
host: localhost:37981
accept: */*

Response DefaultHttpResponse(decodeResult: success, version: HTTP/1.1)
HTTP/1.1 200 OK
Content-Length: 14
Content-Type: application/json; charset=utf-8
cache-control: no-cache

10:12:11.883 [AsyncHttpClient-1-8] DEBUG org.asynchttpclient.netty.channel.ChannelManager - Adding key: http://localhost:37981 for channel [id: 0xbc867797, L:/127.0.0.1:51488 - R:localhost/127.0.0.1:37981]
10:12:11.884 [Forwarding setTimeout on session 6605c30db8420d6cebbbbcd54d73cb85 to remote] DEBUG org.asynchttpclient.netty.request.NettyRequestSender - Using pooled Channel '[id: 0xbc867797, L:/127.0.0.1:51488 - R:localhost/127.0.0.1:37981]' for 'POST' to 'http://localhost:37981/session/6605c30db8420d6cebbbbcd54d73cb85/timeouts'
10:12:11.884 [Forwarding setTimeout on session 6605c30db8420d6cebbbbcd54d73cb85 to remote] DEBUG org.asynchttpclient.netty.request.NettyRequestSender - Using open Channel [id: 0xbc867797, L:/127.0.0.1:51488 - R:localhost/127.0.0.1:37981] for POST '/session/6605c30db8420d6cebbbbcd54d73cb85/timeouts'
10:12:11.885 [AsyncHttpClient-1-8] DEBUG org.asynchttpclient.netty.handler.HttpHandler - 

Request DefaultHttpRequest(decodeResult: success, version: HTTP/1.1)
POST /session/6605c30db8420d6cebbbbcd54d73cb85/timeouts HTTP/1.1
User-Agent: selenium/4.8.1 (java windows)
Content-Length: 22
Content-Type: application/json; charset=utf-8
host: localhost:37981
accept: */*

Response DefaultHttpResponse(decodeResult: success, version: HTTP/1.1)
HTTP/1.1 200 OK
Content-Length: 14
Content-Type: application/json; charset=utf-8
cache-control: no-cache

10:12:11.885 [AsyncHttpClient-1-8] DEBUG org.asynchttpclient.netty.channel.ChannelManager - Adding key: http://localhost:37981 for channel [id: 0xbc867797, L:/127.0.0.1:51488 - R:localhost/127.0.0.1:37981]
10:12:11.889 [Forwarding getAlertText on session 6605c30db8420d6cebbbbcd54d73cb85 to remote] DEBUG org.asynchttpclient.netty.request.NettyRequestSender - Using pooled Channel '[id: 0xbc867797, L:/127.0.0.1:51488 - R:localhost/127.0.0.1:37981]' for 'GET' to 'http://localhost:37981/session/6605c30db8420d6cebbbbcd54d73cb85/alert/text'
10:12:11.889 [Forwarding getAlertText on session 6605c30db8420d6cebbbbcd54d73cb85 to remote] DEBUG org.asynchttpclient.netty.request.NettyRequestSender - Using open Channel [id: 0xbc867797, L:/127.0.0.1:51488 - R:localhost/127.0.0.1:37981] for GET '/session/6605c30db8420d6cebbbbcd54d73cb85/alert/text'
10:12:11.890 [AsyncHttpClient-1-8] DEBUG org.asynchttpclient.netty.handler.HttpHandler - 

Request DefaultFullHttpRequest(decodeResult: success, version: HTTP/1.1, content: EmptyByteBufBE)
GET /session/6605c30db8420d6cebbbbcd54d73cb85/alert/text HTTP/1.1
User-Agent: selenium/4.8.1 (java windows)
Cache-Control: no-cache
Content-Type: application/json; charset=utf-8
host: localhost:37981
accept: */*

Response DefaultHttpResponse(decodeResult: success, version: HTTP/1.1)
HTTP/1.1 404 Not Found
Content-Length: 836
Content-Type: application/json; charset=utf-8
cache-control: no-cache

10:12:11.890 [AsyncHttpClient-1-8] DEBUG org.asynchttpclient.netty.channel.ChannelManager - Adding key: http://localhost:37981 for channel [id: 0xbc867797, L:/127.0.0.1:51488 - R:localhost/127.0.0.1:37981]
10:12:11.892 [Forwarding getCurrentUrl on session 6605c30db8420d6cebbbbcd54d73cb85 to remote] DEBUG org.asynchttpclient.netty.request.NettyRequestSender - Using pooled Channel '[id: 0xbc867797, L:/127.0.0.1:51488 - R:localhost/127.0.0.1:37981]' for 'GET' to 'http://localhost:37981/session/6605c30db8420d6cebbbbcd54d73cb85/url'
10:12:11.892 [Forwarding getCurrentUrl on session 6605c30db8420d6cebbbbcd54d73cb85 to remote] DEBUG org.asynchttpclient.netty.request.NettyRequestSender - Using open Channel [id: 0xbc867797, L:/127.0.0.1:51488 - R:localhost/127.0.0.1:37981] for GET '/session/6605c30db8420d6cebbbbcd54d73cb85/url'
10:12:11.894 [AsyncHttpClient-1-8] DEBUG org.asynchttpclient.netty.handler.HttpHandler - 

Request DefaultFullHttpRequest(decodeResult: success, version: HTTP/1.1, content: EmptyByteBufBE)
GET /session/6605c30db8420d6cebbbbcd54d73cb85/url HTTP/1.1
User-Agent: selenium/4.8.1 (java windows)
Cache-Control: no-cache
Content-Type: application/json; charset=utf-8
host: localhost:37981
accept: */*

Response DefaultHttpResponse(decodeResult: success, version: HTTP/1.1)
HTTP/1.1 200 OK
Content-Length: 51
Content-Type: application/json; charset=utf-8
cache-control: no-cache

10:12:11.895 [AsyncHttpClient-1-8] DEBUG org.asynchttpclient.netty.channel.ChannelManager - Adding key: http://localhost:37981 for channel [id: 0xbc867797, L:/127.0.0.1:51488 - R:localhost/127.0.0.1:37981]
10:12:11.896 [Forwarding screenshot on session 6605c30db8420d6cebbbbcd54d73cb85 to remote] DEBUG org.asynchttpclient.netty.request.NettyRequestSender - Using pooled Channel '[id: 0xbc867797, L:/127.0.0.1:51488 - R:localhost/127.0.0.1:37981]' for 'GET' to 'http://localhost:37981/session/6605c30db8420d6cebbbbcd54d73cb85/screenshot'
10:12:11.897 [Forwarding screenshot on session 6605c30db8420d6cebbbbcd54d73cb85 to remote] DEBUG org.asynchttpclient.netty.request.NettyRequestSender - Using open Channel [id: 0xbc867797, L:/127.0.0.1:51488 - R:localhost/127.0.0.1:37981] for GET '/session/6605c30db8420d6cebbbbcd54d73cb85/screenshot'
10:12:11.988 [AsyncHttpClient-1-8] DEBUG org.asynchttpclient.netty.handler.HttpHandler - 

Request DefaultFullHttpRequest(decodeResult: success, version: HTTP/1.1, content: EmptyByteBufBE)
GET /session/6605c30db8420d6cebbbbcd54d73cb85/screenshot HTTP/1.1
User-Agent: selenium/4.8.1 (java windows)
Cache-Control: no-cache
Content-Type: application/json; charset=utf-8
host: localhost:37981
accept: */*

Response DefaultHttpResponse(decodeResult: success, version: HTTP/1.1)
HTTP/1.1 200 OK
Content-Length: 32748
Content-Type: application/json; charset=utf-8
cache-control: no-cache

10:12:11.988 [AsyncHttpClient-1-8] DEBUG org.asynchttpclient.netty.channel.ChannelManager - Adding key: http://localhost:37981 for channel [id: 0xbc867797, L:/127.0.0.1:51488 - R:localhost/127.0.0.1:37981]
10:12:11.990 [main] DEBUG net.serenitybdd.core.photography.Darkroom - Send negative for processing for target\site\serenity\838a118defe8b2c78f320792ccc0dfcdbc689f4090a216cf0baf82906188e658.png
10:12:11.990 [main] DEBUG net.thucydides.core.steps.StepInterceptor - STEP DONE: openPage
  &amp#27;[32mGiven &amp#27;[0m&amp#27;[32mI am on the alta-shop login page&amp#27;[0m    &amp#27;[90m# starter.stepdefinitions.LoginSteps.onTheLoginPage()&amp#27;[0m
10:12:11.995 [Forwarding getPageSource on session 6605c30db8420d6cebbbbcd54d73cb85 to remote] DEBUG org.asynchttpclient.netty.request.NettyRequestSender - Using pooled Channel '[id: 0xbc867797, L:/127.0.0.1:51488 - R:localhost/127.0.0.1:37981]' for 'POST' to 'http://localhost:37981/session/6605c30db8420d6cebbbbcd54d73cb85/execute/sync'
10:12:11.995 [Forwarding getPageSource on session 6605c30db8420d6cebbbbcd54d73cb85 to remote] DEBUG org.asynchttpclient.netty.request.NettyRequestSender - Using open Channel [id: 0xbc867797, L:/127.0.0.1:51488 - R:localhost/127.0.0.1:37981] for POST '/session/6605c30db8420d6cebbbbcd54d73cb85/execute/sync'
10:12:11.999 [AsyncHttpClient-1-8] DEBUG org.asynchttpclient.netty.handler.HttpHandler - 

Request DefaultHttpRequest(decodeResult: success, version: HTTP/1.1)
POST /session/6605c30db8420d6cebbbbcd54d73cb85/execute/sync HTTP/1.1
User-Agent: selenium/4.8.1 (java windows)
Content-Length: 176
Content-Type: application/json; charset=utf-8
host: localhost:37981
accept: */*

Response DefaultHttpResponse(decodeResult: success, version: HTTP/1.1)
HTTP/1.1 200 OK
Content-Length: 21659
Content-Type: application/json; charset=utf-8
cache-control: no-cache

10:12:12.000 [AsyncHttpClient-1-8] DEBUG org.asynchttpclient.netty.channel.ChannelManager - Adding key: http://localhost:37981 for channel [id: 0xbc867797, L:/127.0.0.1:51488 - R:localhost/127.0.0.1:37981]
10:12:12.001 [Forwarding getCurrentUrl on session 6605c30db8420d6cebbbbcd54d73cb85 to remote] DEBUG org.asynchttpclient.netty.request.NettyRequestSender - Using pooled Channel '[id: 0xbc867797, L:/127.0.0.1:51488 - R:localhost/127.0.0.1:37981]' for 'GET' to 'http://localhost:37981/session/6605c30db8420d6cebbbbcd54d73cb85/url'
10:12:12.001 [Forwarding getCurrentUrl on session 6605c30db8420d6cebbbbcd54d73cb85 to remote] DEBUG org.asynchttpclient.netty.request.NettyRequestSender - Using open Channel [id: 0xbc867797, L:/127.0.0.1:51488 - R:localhost/127.0.0.1:37981] for GET '/session/6605c30db8420d6cebbbbcd54d73cb85/url'
10:12:12.003 [AsyncHttpClient-1-8] DEBUG org.asynchttpclient.netty.handler.HttpHandler - 

Request DefaultFullHttpRequest(decodeResult: success, version: HTTP/1.1, content: EmptyByteBufBE)
GET /session/6605c30db8420d6cebbbbcd54d73cb85/url HTTP/1.1
User-Agent: selenium/4.8.1 (java windows)
Cache-Control: no-cache
Content-Type: application/json; charset=utf-8
host: localhost:37981
accept: */*

Response DefaultHttpResponse(decodeResult: success, version: HTTP/1.1)
HTTP/1.1 200 OK
Content-Length: 51
Content-Type: application/json; charset=utf-8
cache-control: no-cache

10:12:12.004 [AsyncHttpClient-1-8] DEBUG org.asynchttpclient.netty.channel.ChannelManager - Adding key: http://localhost:37981 for channel [id: 0xbc867797, L:/127.0.0.1:51488 - R:localhost/127.0.0.1:37981]
10:12:12.018 [Forwarding getPageSource on session 6605c30db8420d6cebbbbcd54d73cb85 to remote] DEBUG org.asynchttpclient.netty.request.NettyRequestSender - Using pooled Channel '[id: 0xbc867797, L:/127.0.0.1:51488 - R:localhost/127.0.0.1:37981]' for 'POST' to 'http://localhost:37981/session/6605c30db8420d6cebbbbcd54d73cb85/execute/sync'
10:12:12.018 [Forwarding getPageSource on session 6605c30db8420d6cebbbbcd54d73cb85 to remote] DEBUG org.asynchttpclient.netty.request.NettyRequestSender - Using open Channel [id: 0xbc867797, L:/127.0.0.1:51488 - R:localhost/127.0.0.1:37981] for POST '/session/6605c30db8420d6cebbbbcd54d73cb85/execute/sync'
10:12:12.022 [AsyncHttpClient-1-8] DEBUG org.asynchttpclient.netty.handler.HttpHandler - 

Request DefaultHttpRequest(decodeResult: success, version: HTTP/1.1)
POST /session/6605c30db8420d6cebbbbcd54d73cb85/execute/sync HTTP/1.1
User-Agent: selenium/4.8.1 (java windows)
Content-Length: 176
Content-Type: application/json; charset=utf-8
host: localhost:37981
accept: */*

Response DefaultHttpResponse(decodeResult: success, version: HTTP/1.1)
HTTP/1.1 200 OK
Content-Length: 21659
Content-Type: application/json; charset=utf-8
cache-control: no-cache

10:12:12.023 [AsyncHttpClient-1-8] DEBUG org.asynchttpclient.netty.channel.ChannelManager - Adding key: http://localhost:37981 for channel [id: 0xbc867797, L:/127.0.0.1:51488 - R:localhost/127.0.0.1:37981]
10:12:12.024 [Forwarding getCurrentUrl on session 6605c30db8420d6cebbbbcd54d73cb85 to remote] DEBUG org.asynchttpclient.netty.request.NettyRequestSender - Using pooled Channel '[id: 0xbc867797, L:/127.0.0.1:51488 - R:localhost/127.0.0.1:37981]' for 'GET' to 'http://localhost:37981/session/6605c30db8420d6cebbbbcd54d73cb85/url'
10:12:12.025 [Forwarding getCurrentUrl on session 6605c30db8420d6cebbbbcd54d73cb85 to remote] DEBUG org.asynchttpclient.netty.request.NettyRequestSender - Using open Channel [id: 0xbc867797, L:/127.0.0.1:51488 - R:localhost/127.0.0.1:37981] for GET '/session/6605c30db8420d6cebbbbcd54d73cb85/url'
10:12:12.027 [AsyncHttpClient-1-8] DEBUG org.asynchttpclient.netty.handler.HttpHandler - 

Request DefaultFullHttpRequest(decodeResult: success, version: HTTP/1.1, content: EmptyByteBufBE)
GET /session/6605c30db8420d6cebbbbcd54d73cb85/url HTTP/1.1
User-Agent: selenium/4.8.1 (java windows)
Cache-Control: no-cache
Content-Type: application/json; charset=utf-8
host: localhost:37981
accept: */*

Response DefaultHttpResponse(decodeResult: success, version: HTTP/1.1)
HTTP/1.1 200 OK
Content-Length: 51
Content-Type: application/json; charset=utf-8
cache-control: no-cache

10:12:12.027 [AsyncHttpClient-1-8] DEBUG org.asynchttpclient.netty.channel.ChannelManager - Adding key: http://localhost:37981 for channel [id: 0xbc867797, L:/127.0.0.1:51488 - R:localhost/127.0.0.1:37981]
10:12:12.029 [main] DEBUG net.thucydides.core.steps.StepInterceptor - STARTING STEP: RegisterSteps.clickLoginButton - clickRegisterLink
10:12:12.031 [Forwarding findElement on session 6605c30db8420d6cebbbbcd54d73cb85 to remote] DEBUG org.asynchttpclient.netty.request.NettyRequestSender - Using pooled Channel '[id: 0xbc867797, L:/127.0.0.1:51488 - R:localhost/127.0.0.1:37981]' for 'POST' to 'http://localhost:37981/session/6605c30db8420d6cebbbbcd54d73cb85/element'
10:12:12.031 [Forwarding findElement on session 6605c30db8420d6cebbbbcd54d73cb85 to remote] DEBUG org.asynchttpclient.netty.request.NettyRequestSender - Using open Channel [id: 0xbc867797, L:/127.0.0.1:51488 - R:localhost/127.0.0.1:37981] for POST '/session/6605c30db8420d6cebbbbcd54d73cb85/element'
10:12:12.043 [AsyncHttpClient-1-8] DEBUG org.asynchttpclient.netty.handler.HttpHandler - 

Request DefaultHttpRequest(decodeResult: success, version: HTTP/1.1)
POST /session/6605c30db8420d6cebbbbcd54d73cb85/element HTTP/1.1
User-Agent: selenium/4.8.1 (java windows)
Content-Length: 84
Content-Type: application/json; charset=utf-8
host: localhost:37981
accept: */*

Response DefaultHttpResponse(decodeResult: success, version: HTTP/1.1)
HTTP/1.1 200 OK
Content-Length: 88
Content-Type: application/json; charset=utf-8
cache-control: no-cache

10:12:12.043 [AsyncHttpClient-1-8] DEBUG org.asynchttpclient.netty.channel.ChannelManager - Adding key: http://localhost:37981 for channel [id: 0xbc867797, L:/127.0.0.1:51488 - R:localhost/127.0.0.1:37981]
10:12:12.044 [Forwarding getElementTagName on session 6605c30db8420d6cebbbbcd54d73cb85 to remote] DEBUG org.asynchttpclient.netty.request.NettyRequestSender - Using pooled Channel '[id: 0xbc867797, L:/127.0.0.1:51488 - R:localhost/127.0.0.1:37981]' for 'GET' to 'http://localhost:37981/session/6605c30db8420d6cebbbbcd54d73cb85/element/da8d28d5-f50c-4ebf-b8d2-e687581f737b/name'
10:12:12.044 [Forwarding getElementTagName on session 6605c30db8420d6cebbbbcd54d73cb85 to remote] DEBUG org.asynchttpclient.netty.request.NettyRequestSender - Using open Channel [id: 0xbc867797, L:/127.0.0.1:51488 - R:localhost/127.0.0.1:37981] for GET '/session/6605c30db8420d6cebbbbcd54d73cb85/element/da8d28d5-f50c-4ebf-b8d2-e687581f737b/name'
10:12:12.048 [AsyncHttpClient-1-8] DEBUG org.asynchttpclient.netty.handler.HttpHandler - 

Request DefaultFullHttpRequest(decodeResult: success, version: HTTP/1.1, content: EmptyByteBufBE)
GET /session/6605c30db8420d6cebbbbcd54d73cb85/element/da8d28d5-f50c-4ebf-b8d2-e687581f737b/name HTTP/1.1
User-Agent: selenium/4.8.1 (java windows)
Cache-Control: no-cache
Content-Type: application/json; charset=utf-8
host: localhost:37981
accept: */*

Response DefaultHttpResponse(decodeResult: success, version: HTTP/1.1)
HTTP/1.1 200 OK
Content-Length: 13
Content-Type: application/json; charset=utf-8
cache-control: no-cache

10:12:12.048 [AsyncHttpClient-1-8] DEBUG org.asynchttpclient.netty.channel.ChannelManager - Adding key: http://localhost:37981 for channel [id: 0xbc867797, L:/127.0.0.1:51488 - R:localhost/127.0.0.1:37981]
10:12:12.049 [Forwarding getElementTagName on session 6605c30db8420d6cebbbbcd54d73cb85 to remote] DEBUG org.asynchttpclient.netty.request.NettyRequestSender - Using pooled Channel '[id: 0xbc867797, L:/127.0.0.1:51488 - R:localhost/127.0.0.1:37981]' for 'GET' to 'http://localhost:37981/session/6605c30db8420d6cebbbbcd54d73cb85/element/da8d28d5-f50c-4ebf-b8d2-e687581f737b/name'
10:12:12.049 [Forwarding getElementTagName on session 6605c30db8420d6cebbbbcd54d73cb85 to remote] DEBUG org.asynchttpclient.netty.request.NettyRequestSender - Using open Channel [id: 0xbc867797, L:/127.0.0.1:51488 - R:localhost/127.0.0.1:37981] for GET '/session/6605c30db8420d6cebbbbcd54d73cb85/element/da8d28d5-f50c-4ebf-b8d2-e687581f737b/name'
10:12:12.052 [AsyncHttpClient-1-8] DEBUG org.asynchttpclient.netty.handler.HttpHandler - 

Request DefaultFullHttpRequest(decodeResult: success, version: HTTP/1.1, content: EmptyByteBufBE)
GET /session/6605c30db8420d6cebbbbcd54d73cb85/element/da8d28d5-f50c-4ebf-b8d2-e687581f737b/name HTTP/1.1
User-Agent: selenium/4.8.1 (java windows)
Cache-Control: no-cache
Content-Type: application/json; charset=utf-8
host: localhost:37981
accept: */*

Response DefaultHttpResponse(decodeResult: success, version: HTTP/1.1)
HTTP/1.1 200 OK
Content-Length: 13
Content-Type: application/json; charset=utf-8
cache-control: no-cache

10:12:12.052 [AsyncHttpClient-1-8] DEBUG org.asynchttpclient.netty.channel.ChannelManager - Adding key: http://localhost:37981 for channel [id: 0xbc867797, L:/127.0.0.1:51488 - R:localhost/127.0.0.1:37981]
10:12:12.053 [Forwarding findElement on session 6605c30db8420d6cebbbbcd54d73cb85 to remote] DEBUG org.asynchttpclient.netty.request.NettyRequestSender - Using pooled Channel '[id: 0xbc867797, L:/127.0.0.1:51488 - R:localhost/127.0.0.1:37981]' for 'POST' to 'http://localhost:37981/session/6605c30db8420d6cebbbbcd54d73cb85/element'
10:12:12.053 [Forwarding findElement on session 6605c30db8420d6cebbbbcd54d73cb85 to remote] DEBUG org.asynchttpclient.netty.request.NettyRequestSender - Using open Channel [id: 0xbc867797, L:/127.0.0.1:51488 - R:localhost/127.0.0.1:37981] for POST '/session/6605c30db8420d6cebbbbcd54d73cb85/element'
10:12:12.059 [AsyncHttpClient-1-8] DEBUG org.asynchttpclient.netty.handler.HttpHandler - 

Request DefaultHttpRequest(decodeResult: success, version: HTTP/1.1)
POST /session/6605c30db8420d6cebbbbcd54d73cb85/element HTTP/1.1
User-Agent: selenium/4.8.1 (java windows)
Content-Length: 84
Content-Type: application/json; charset=utf-8
host: localhost:37981
accept: */*

Response DefaultHttpResponse(decodeResult: success, version: HTTP/1.1)
HTTP/1.1 200 OK
Content-Length: 88
Content-Type: application/json; charset=utf-8
cache-control: no-cache

10:12:12.059 [AsyncHttpClient-1-8] DEBUG org.asynchttpclient.netty.channel.ChannelManager - Adding key: http://localhost:37981 for channel [id: 0xbc867797, L:/127.0.0.1:51488 - R:localhost/127.0.0.1:37981]
10:12:12.060 [Forwarding clickElement on session 6605c30db8420d6cebbbbcd54d73cb85 to remote] DEBUG org.asynchttpclient.netty.request.NettyRequestSender - Using pooled Channel '[id: 0xbc867797, L:/127.0.0.1:51488 - R:localhost/127.0.0.1:37981]' for 'POST' to 'http://localhost:37981/session/6605c30db8420d6cebbbbcd54d73cb85/element/da8d28d5-f50c-4ebf-b8d2-e687581f737b/click'
10:12:12.060 [Forwarding clickElement on session 6605c30db8420d6cebbbbcd54d73cb85 to remote] DEBUG org.asynchttpclient.netty.request.NettyRequestSender - Using open Channel [id: 0xbc867797, L:/127.0.0.1:51488 - R:localhost/127.0.0.1:37981] for POST '/session/6605c30db8420d6cebbbbcd54d73cb85/element/da8d28d5-f50c-4ebf-b8d2-e687581f737b/click'
10:12:12.104 [AsyncHttpClient-1-8] DEBUG org.asynchttpclient.netty.handler.HttpHandler - 

Request DefaultHttpRequest(decodeResult: success, version: HTTP/1.1)
POST /session/6605c30db8420d6cebbbbcd54d73cb85/element/da8d28d5-f50c-4ebf-b8d2-e687581f737b/click HTTP/1.1
User-Agent: selenium/4.8.1 (java windows)
Content-Length: 50
Content-Type: application/json; charset=utf-8
host: localhost:37981
accept: */*

Response DefaultHttpResponse(decodeResult: success, version: HTTP/1.1)
HTTP/1.1 200 OK
Content-Length: 14
Content-Type: application/json; charset=utf-8
cache-control: no-cache

10:12:12.105 [AsyncHttpClient-1-8] DEBUG org.asynchttpclient.netty.channel.ChannelManager - Adding key: http://localhost:37981 for channel [id: 0xbc867797, L:/127.0.0.1:51488 - R:localhost/127.0.0.1:37981]
10:12:12.115 [Forwarding getAlertText on session 6605c30db8420d6cebbbbcd54d73cb85 to remote] DEBUG org.asynchttpclient.netty.request.NettyRequestSender - Using pooled Channel '[id: 0xbc867797, L:/127.0.0.1:51488 - R:localhost/127.0.0.1:37981]' for 'GET' to 'http://localhost:37981/session/6605c30db8420d6cebbbbcd54d73cb85/alert/text'
10:12:12.115 [Forwarding getAlertText on session 6605c30db8420d6cebbbbcd54d73cb85 to remote] DEBUG org.asynchttpclient.netty.request.NettyRequestSender - Using open Channel [id: 0xbc867797, L:/127.0.0.1:51488 - R:localhost/127.0.0.1:37981] for GET '/session/6605c30db8420d6cebbbbcd54d73cb85/alert/text'
10:12:12.116 [AsyncHttpClient-1-8] DEBUG org.asynchttpclient.netty.handler.HttpHandler - 

Request DefaultFullHttpRequest(decodeResult: success, version: HTTP/1.1, content: EmptyByteBufBE)
GET /session/6605c30db8420d6cebbbbcd54d73cb85/alert/text HTTP/1.1
User-Agent: selenium/4.8.1 (java windows)
Cache-Control: no-cache
Content-Type: application/json; charset=utf-8
host: localhost:37981
accept: */*

Response DefaultHttpResponse(decodeResult: success, version: HTTP/1.1)
HTTP/1.1 404 Not Found
Content-Length: 836
Content-Type: application/json; charset=utf-8
cache-control: no-cache

10:12:12.116 [AsyncHttpClient-1-8] DEBUG org.asynchttpclient.netty.channel.ChannelManager - Adding key: http://localhost:37981 for channel [id: 0xbc867797, L:/127.0.0.1:51488 - R:localhost/127.0.0.1:37981]
10:12:12.118 [Forwarding getCurrentUrl on session 6605c30db8420d6cebbbbcd54d73cb85 to remote] DEBUG org.asynchttpclient.netty.request.NettyRequestSender - Using pooled Channel '[id: 0xbc867797, L:/127.0.0.1:51488 - R:localhost/127.0.0.1:37981]' for 'GET' to 'http://localhost:37981/session/6605c30db8420d6cebbbbcd54d73cb85/url'
10:12:12.118 [Forwarding getCurrentUrl on session 6605c30db8420d6cebbbbcd54d73cb85 to remote] DEBUG org.asynchttpclient.netty.request.NettyRequestSender - Using open Channel [id: 0xbc867797, L:/127.0.0.1:51488 - R:localhost/127.0.0.1:37981] for GET '/session/6605c30db8420d6cebbbbcd54d73cb85/url'
10:12:12.121 [AsyncHttpClient-1-8] DEBUG org.asynchttpclient.netty.handler.HttpHandler - 

Request DefaultFullHttpRequest(decodeResult: success, version: HTTP/1.1, content: EmptyByteBufBE)
GET /session/6605c30db8420d6cebbbbcd54d73cb85/url HTTP/1.1
User-Agent: selenium/4.8.1 (java windows)
Cache-Control: no-cache
Content-Type: application/json; charset=utf-8
host: localhost:37981
accept: */*

Response DefaultHttpResponse(decodeResult: success, version: HTTP/1.1)
HTTP/1.1 200 OK
Content-Length: 54
Content-Type: application/json; charset=utf-8
cache-control: no-cache

10:12:12.121 [AsyncHttpClient-1-8] DEBUG org.asynchttpclient.netty.channel.ChannelManager - Adding key: http://localhost:37981 for channel [id: 0xbc867797, L:/127.0.0.1:51488 - R:localhost/127.0.0.1:37981]
10:12:12.121 [Forwarding screenshot on session 6605c30db8420d6cebbbbcd54d73cb85 to remote] DEBUG org.asynchttpclient.netty.request.NettyRequestSender - Using pooled Channel '[id: 0xbc867797, L:/127.0.0.1:51488 - R:localhost/127.0.0.1:37981]' for 'GET' to 'http://localhost:37981/session/6605c30db8420d6cebbbbcd54d73cb85/screenshot'
10:12:12.121 [Forwarding screenshot on session 6605c30db8420d6cebbbbcd54d73cb85 to remote] DEBUG org.asynchttpclient.netty.request.NettyRequestSender - Using open Channel [id: 0xbc867797, L:/127.0.0.1:51488 - R:localhost/127.0.0.1:37981] for GET '/session/6605c30db8420d6cebbbbcd54d73cb85/screenshot'
10:12:12.212 [AsyncHttpClient-1-8] DEBUG org.asynchttpclient.netty.handler.HttpHandler - 

Request DefaultFullHttpRequest(decodeResult: success, version: HTTP/1.1, content: EmptyByteBufBE)
GET /session/6605c30db8420d6cebbbbcd54d73cb85/screenshot HTTP/1.1
User-Agent: selenium/4.8.1 (java windows)
Cache-Control: no-cache
Content-Type: application/json; charset=utf-8
host: localhost:37981
accept: */*

Response DefaultHttpResponse(decodeResult: success, version: HTTP/1.1)
HTTP/1.1 200 OK
Content-Length: 38084
Content-Type: application/json; charset=utf-8
cache-control: no-cache

10:12:12.212 [AsyncHttpClient-1-8] DEBUG org.asynchttpclient.netty.channel.ChannelManager - Adding key: http://localhost:37981 for channel [id: 0xbc867797, L:/127.0.0.1:51488 - R:localhost/127.0.0.1:37981]
10:12:12.213 [main] DEBUG net.serenitybdd.core.photography.Darkroom - Send negative for processing for target\site\serenity\2694e9996cbd76a8f15fd135803fe9228838735a339920f4e9a891ac352333ff.png
10:12:12.214 [main] DEBUG net.thucydides.core.steps.StepInterceptor - STEP DONE: clickRegisterLink
  &amp#27;[32mWhen &amp#27;[0m&amp#27;[32mI go to the alta-shop register page&amp#27;[0m  &amp#27;[90m# starter.stepdefinitions.RegisterSteps.clickLoginButton()&amp#27;[0m
10:12:12.214 [Darkroom Processing Line] DEBUG net.serenitybdd.core.photography.DarkroomProcessingLine - Processing screenshot image in /var/screenshots/screenshot-13543756715622505804
10:12:12.214 [Darkroom Processing Line] DEBUG net.serenitybdd.core.photography.DarkroomProcessingLine - Saving screenshot to target\site\serenity\2694e9996cbd76a8f15fd135803fe9228838735a339920f4e9a891ac352333ff.png
10:12:12.220 [Forwarding getPageSource on session 6605c30db8420d6cebbbbcd54d73cb85 to remote] DEBUG org.asynchttpclient.netty.request.NettyRequestSender - Using pooled Channel '[id: 0xbc867797, L:/127.0.0.1:51488 - R:localhost/127.0.0.1:37981]' for 'POST' to 'http://localhost:37981/session/6605c30db8420d6cebbbbcd54d73cb85/execute/sync'
10:12:12.220 [Forwarding getPageSource on session 6605c30db8420d6cebbbbcd54d73cb85 to remote] DEBUG org.asynchttpclient.netty.request.NettyRequestSender - Using open Channel [id: 0xbc867797, L:/127.0.0.1:51488 - R:localhost/127.0.0.1:37981] for POST '/session/6605c30db8420d6cebbbbcd54d73cb85/execute/sync'
10:12:12.224 [AsyncHttpClient-1-8] DEBUG org.asynchttpclient.netty.handler.HttpHandler - 

Request DefaultHttpRequest(decodeResult: success, version: HTTP/1.1)
POST /session/6605c30db8420d6cebbbbcd54d73cb85/execute/sync HTTP/1.1
User-Agent: selenium/4.8.1 (java windows)
Content-Length: 176
Content-Type: application/json; charset=utf-8
host: localhost:37981
accept: */*

Response DefaultHttpResponse(decodeResult: success, version: HTTP/1.1)
HTTP/1.1 200 OK
Content-Length: 22314
Content-Type: application/json; charset=utf-8
cache-control: no-cache

10:12:12.224 [AsyncHttpClient-1-8] DEBUG org.asynchttpclient.netty.channel.ChannelManager - Adding key: http://localhost:37981 for channel [id: 0xbc867797, L:/127.0.0.1:51488 - R:localhost/127.0.0.1:37981]
10:12:12.226 [Forwarding getCurrentUrl on session 6605c30db8420d6cebbbbcd54d73cb85 to remote] DEBUG org.asynchttpclient.netty.request.NettyRequestSender - Using pooled Channel '[id: 0xbc867797, L:/127.0.0.1:51488 - R:localhost/127.0.0.1:37981]' for 'GET' to 'http://localhost:37981/session/6605c30db8420d6cebbbbcd54d73cb85/url'
10:12:12.226 [Forwarding getCurrentUrl on session 6605c30db8420d6cebbbbcd54d73cb85 to remote] DEBUG org.asynchttpclient.netty.request.NettyRequestSender - Using open Channel [id: 0xbc867797, L:/127.0.0.1:51488 - R:localhost/127.0.0.1:37981] for GET '/session/6605c30db8420d6cebbbbcd54d73cb85/url'
10:12:12.229 [AsyncHttpClient-1-8] DEBUG org.asynchttpclient.netty.handler.HttpHandler - 

Request DefaultFullHttpRequest(decodeResult: success, version: HTTP/1.1, content: EmptyByteBufBE)
GET /session/6605c30db8420d6cebbbbcd54d73cb85/url HTTP/1.1
User-Agent: selenium/4.8.1 (java windows)
Cache-Control: no-cache
Content-Type: application/json; charset=utf-8
host: localhost:37981
accept: */*

Response DefaultHttpResponse(decodeResult: success, version: HTTP/1.1)
HTTP/1.1 200 OK
Content-Length: 54
Content-Type: application/json; charset=utf-8
cache-control: no-cache

10:12:12.229 [AsyncHttpClient-1-8] DEBUG org.asynchttpclient.netty.channel.ChannelManager - Adding key: http://localhost:37981 for channel [id: 0xbc867797, L:/127.0.0.1:51488 - R:localhost/127.0.0.1:37981]
10:12:12.234 [Forwarding getPageSource on session 6605c30db8420d6cebbbbcd54d73cb85 to remote] DEBUG org.asynchttpclient.netty.request.NettyRequestSender - Using pooled Channel '[id: 0xbc867797, L:/127.0.0.1:51488 - R:localhost/127.0.0.1:37981]' for 'POST' to 'http://localhost:37981/session/6605c30db8420d6cebbbbcd54d73cb85/execute/sync'
10:12:12.234 [Forwarding getPageSource on session 6605c30db8420d6cebbbbcd54d73cb85 to remote] DEBUG org.asynchttpclient.netty.request.NettyRequestSender - Using open Channel [id: 0xbc867797, L:/127.0.0.1:51488 - R:localhost/127.0.0.1:37981] for POST '/session/6605c30db8420d6cebbbbcd54d73cb85/execute/sync'
10:12:12.240 [AsyncHttpClient-1-8] DEBUG org.asynchttpclient.netty.handler.HttpHandler - 

Request DefaultHttpRequest(decodeResult: success, version: HTTP/1.1)
POST /session/6605c30db8420d6cebbbbcd54d73cb85/execute/sync HTTP/1.1
User-Agent: selenium/4.8.1 (java windows)
Content-Length: 176
Content-Type: application/json; charset=utf-8
host: localhost:37981
accept: */*

Response DefaultHttpResponse(decodeResult: success, version: HTTP/1.1)
HTTP/1.1 200 OK
Content-Length: 22314
Content-Type: application/json; charset=utf-8
cache-control: no-cache

10:12:12.241 [AsyncHttpClient-1-8] DEBUG org.asynchttpclient.netty.channel.ChannelManager - Adding key: http://localhost:37981 for channel [id: 0xbc867797, L:/127.0.0.1:51488 - R:localhost/127.0.0.1:37981]
10:12:12.242 [Forwarding getCurrentUrl on session 6605c30db8420d6cebbbbcd54d73cb85 to remote] DEBUG org.asynchttpclient.netty.request.NettyRequestSender - Using pooled Channel '[id: 0xbc867797, L:/127.0.0.1:51488 - R:localhost/127.0.0.1:37981]' for 'GET' to 'http://localhost:37981/session/6605c30db8420d6cebbbbcd54d73cb85/url'
10:12:12.242 [Forwarding getCurrentUrl on session 6605c30db8420d6cebbbbcd54d73cb85 to remote] DEBUG org.asynchttpclient.netty.request.NettyRequestSender - Using open Channel [id: 0xbc867797, L:/127.0.0.1:51488 - R:localhost/127.0.0.1:37981] for GET '/session/6605c30db8420d6cebbbbcd54d73cb85/url'
10:12:12.246 [AsyncHttpClient-1-8] DEBUG org.asynchttpclient.netty.handler.HttpHandler - 

Request DefaultFullHttpRequest(decodeResult: success, version: HTTP/1.1, content: EmptyByteBufBE)
GET /session/6605c30db8420d6cebbbbcd54d73cb85/url HTTP/1.1
User-Agent: selenium/4.8.1 (java windows)
Cache-Control: no-cache
Content-Type: application/json; charset=utf-8
host: localhost:37981
accept: */*

Response DefaultHttpResponse(decodeResult: success, version: HTTP/1.1)
HTTP/1.1 200 OK
Content-Length: 54
Content-Type: application/json; charset=utf-8
cache-control: no-cache

10:12:12.246 [AsyncHttpClient-1-8] DEBUG org.asynchttpclient.netty.channel.ChannelManager - Adding key: http://localhost:37981 for channel [id: 0xbc867797, L:/127.0.0.1:51488 - R:localhost/127.0.0.1:37981]
10:12:12.248 [main] DEBUG net.thucydides.core.steps.StepInterceptor - STARTING STEP: RegisterSteps.inputFullnameReg - inputFullnameReg
10:12:12.250 [Forwarding findElement on session 6605c30db8420d6cebbbbcd54d73cb85 to remote] DEBUG org.asynchttpclient.netty.request.NettyRequestSender - Using pooled Channel '[id: 0xbc867797, L:/127.0.0.1:51488 - R:localhost/127.0.0.1:37981]' for 'POST' to 'http://localhost:37981/session/6605c30db8420d6cebbbbcd54d73cb85/element'
10:12:12.250 [Forwarding findElement on session 6605c30db8420d6cebbbbcd54d73cb85 to remote] DEBUG org.asynchttpclient.netty.request.NettyRequestSender - Using open Channel [id: 0xbc867797, L:/127.0.0.1:51488 - R:localhost/127.0.0.1:37981] for POST '/session/6605c30db8420d6cebbbbcd54d73cb85/element'
10:12:12.261 [AsyncHttpClient-1-8] DEBUG org.asynchttpclient.netty.handler.HttpHandler - 

Request DefaultHttpRequest(decodeResult: success, version: HTTP/1.1)
POST /session/6605c30db8420d6cebbbbcd54d73cb85/element HTTP/1.1
User-Agent: selenium/4.8.1 (java windows)
Content-Length: 55
Content-Type: application/json; charset=utf-8
host: localhost:37981
accept: */*

Response DefaultHttpResponse(decodeResult: success, version: HTTP/1.1)
HTTP/1.1 200 OK
Content-Length: 88
Content-Type: application/json; charset=utf-8
cache-control: no-cache

10:12:12.261 [AsyncHttpClient-1-8] DEBUG org.asynchttpclient.netty.channel.ChannelManager - Adding key: http://localhost:37981 for channel [id: 0xbc867797, L:/127.0.0.1:51488 - R:localhost/127.0.0.1:37981]
10:12:12.262 [Forwarding clearElement on session 6605c30db8420d6cebbbbcd54d73cb85 to remote] DEBUG org.asynchttpclient.netty.request.NettyRequestSender - Using pooled Channel '[id: 0xbc867797, L:/127.0.0.1:51488 - R:localhost/127.0.0.1:37981]' for 'POST' to 'http://localhost:37981/session/6605c30db8420d6cebbbbcd54d73cb85/element/5dd9c100-b2a9-46a1-895d-b9287ab82318/clear'
10:12:12.262 [Forwarding clearElement on session 6605c30db8420d6cebbbbcd54d73cb85 to remote] DEBUG org.asynchttpclient.netty.request.NettyRequestSender - Using open Channel [id: 0xbc867797, L:/127.0.0.1:51488 - R:localhost/127.0.0.1:37981] for POST '/session/6605c30db8420d6cebbbbcd54d73cb85/element/5dd9c100-b2a9-46a1-895d-b9287ab82318/clear'
10:12:12.293 [AsyncHttpClient-1-8] DEBUG org.asynchttpclient.netty.handler.HttpHandler - 

Request DefaultHttpRequest(decodeResult: success, version: HTTP/1.1)
POST /session/6605c30db8420d6cebbbbcd54d73cb85/element/5dd9c100-b2a9-46a1-895d-b9287ab82318/clear HTTP/1.1
User-Agent: selenium/4.8.1 (java windows)
Content-Length: 50
Content-Type: application/json; charset=utf-8
host: localhost:37981
accept: */*

Response DefaultHttpResponse(decodeResult: success, version: HTTP/1.1)
HTTP/1.1 200 OK
Content-Length: 14
Content-Type: application/json; charset=utf-8
cache-control: no-cache

10:12:12.293 [AsyncHttpClient-1-8] DEBUG org.asynchttpclient.netty.channel.ChannelManager - Adding key: http://localhost:37981 for channel [id: 0xbc867797, L:/127.0.0.1:51488 - R:localhost/127.0.0.1:37981]
10:12:12.295 [Forwarding sendKeysToElement on session 6605c30db8420d6cebbbbcd54d73cb85 to remote] DEBUG org.asynchttpclient.netty.request.NettyRequestSender - Using pooled Channel '[id: 0xbc867797, L:/127.0.0.1:51488 - R:localhost/127.0.0.1:37981]' for 'POST' to 'http://localhost:37981/session/6605c30db8420d6cebbbbcd54d73cb85/element/5dd9c100-b2a9-46a1-895d-b9287ab82318/value'
10:12:12.295 [Forwarding sendKeysToElement on session 6605c30db8420d6cebbbbcd54d73cb85 to remote] DEBUG org.asynchttpclient.netty.request.NettyRequestSender - Using open Channel [id: 0xbc867797, L:/127.0.0.1:51488 - R:localhost/127.0.0.1:37981] for POST '/session/6605c30db8420d6cebbbbcd54d73cb85/element/5dd9c100-b2a9-46a1-895d-b9287ab82318/value'
10:12:12.346 [AsyncHttpClient-1-8] DEBUG org.asynchttpclient.netty.handler.HttpHandler - 

Request DefaultHttpRequest(decodeResult: success, version: HTTP/1.1)
POST /session/6605c30db8420d6cebbbbcd54d73cb85/element/5dd9c100-b2a9-46a1-895d-b9287ab82318/value HTTP/1.1
User-Agent: selenium/4.8.1 (java windows)
Content-Length: 121
Content-Type: application/json; charset=utf-8
host: localhost:37981
accept: */*

Response DefaultHttpResponse(decodeResult: success, version: HTTP/1.1)
HTTP/1.1 200 OK
Content-Length: 14
Content-Type: application/json; charset=utf-8
cache-control: no-cache

10:12:12.347 [AsyncHttpClient-1-8] DEBUG org.asynchttpclient.netty.channel.ChannelManager - Adding key: http://localhost:37981 for channel [id: 0xbc867797, L:/127.0.0.1:51488 - R:localhost/127.0.0.1:37981]
10:12:12.351 [Forwarding getAlertText on session 6605c30db8420d6cebbbbcd54d73cb85 to remote] DEBUG org.asynchttpclient.netty.request.NettyRequestSender - Using pooled Channel '[id: 0xbc867797, L:/127.0.0.1:51488 - R:localhost/127.0.0.1:37981]' for 'GET' to 'http://localhost:37981/session/6605c30db8420d6cebbbbcd54d73cb85/alert/text'
10:12:12.352 [Forwarding getAlertText on session 6605c30db8420d6cebbbbcd54d73cb85 to remote] DEBUG org.asynchttpclient.netty.request.NettyRequestSender - Using open Channel [id: 0xbc867797, L:/127.0.0.1:51488 - R:localhost/127.0.0.1:37981] for GET '/session/6605c30db8420d6cebbbbcd54d73cb85/alert/text'
10:12:12.354 [AsyncHttpClient-1-8] DEBUG org.asynchttpclient.netty.handler.HttpHandler - 

Request DefaultFullHttpRequest(decodeResult: success, version: HTTP/1.1, content: EmptyByteBufBE)
GET /session/6605c30db8420d6cebbbbcd54d73cb85/alert/text HTTP/1.1
User-Agent: selenium/4.8.1 (java windows)
Cache-Control: no-cache
Content-Type: application/json; charset=utf-8
host: localhost:37981
accept: */*

Response DefaultHttpResponse(decodeResult: success, version: HTTP/1.1)
HTTP/1.1 404 Not Found
Content-Length: 836
Content-Type: application/json; charset=utf-8
cache-control: no-cache

10:12:12.354 [AsyncHttpClient-1-8] DEBUG org.asynchttpclient.netty.channel.ChannelManager - Adding key: http://localhost:37981 for channel [id: 0xbc867797, L:/127.0.0.1:51488 - R:localhost/127.0.0.1:37981]
10:12:12.355 [Forwarding getCurrentUrl on session 6605c30db8420d6cebbbbcd54d73cb85 to remote] DEBUG org.asynchttpclient.netty.request.NettyRequestSender - Using pooled Channel '[id: 0xbc867797, L:/127.0.0.1:51488 - R:localhost/127.0.0.1:37981]' for 'GET' to 'http://localhost:37981/session/6605c30db8420d6cebbbbcd54d73cb85/url'
10:12:12.355 [Forwarding getCurrentUrl on session 6605c30db8420d6cebbbbcd54d73cb85 to remote] DEBUG org.asynchttpclient.netty.request.NettyRequestSender - Using open Channel [id: 0xbc867797, L:/127.0.0.1:51488 - R:localhost/127.0.0.1:37981] for GET '/session/6605c30db8420d6cebbbbcd54d73cb85/url'
10:12:12.357 [AsyncHttpClient-1-8] DEBUG org.asynchttpclient.netty.handler.HttpHandler - 

Request DefaultFullHttpRequest(decodeResult: success, version: HTTP/1.1, content: EmptyByteBufBE)
GET /session/6605c30db8420d6cebbbbcd54d73cb85/url HTTP/1.1
User-Agent: selenium/4.8.1 (java windows)
Cache-Control: no-cache
Content-Type: application/json; charset=utf-8
host: localhost:37981
accept: */*

Response DefaultHttpResponse(decodeResult: success, version: HTTP/1.1)
HTTP/1.1 200 OK
Content-Length: 54
Content-Type: application/json; charset=utf-8
cache-control: no-cache

10:12:12.358 [AsyncHttpClient-1-8] DEBUG org.asynchttpclient.netty.channel.ChannelManager - Adding key: http://localhost:37981 for channel [id: 0xbc867797, L:/127.0.0.1:51488 - R:localhost/127.0.0.1:37981]
10:12:12.358 [Forwarding screenshot on session 6605c30db8420d6cebbbbcd54d73cb85 to remote] DEBUG org.asynchttpclient.netty.request.NettyRequestSender - Using pooled Channel '[id: 0xbc867797, L:/127.0.0.1:51488 - R:localhost/127.0.0.1:37981]' for 'GET' to 'http://localhost:37981/session/6605c30db8420d6cebbbbcd54d73cb85/screenshot'
10:12:12.358 [Forwarding screenshot on session 6605c30db8420d6cebbbbcd54d73cb85 to remote] DEBUG org.asynchttpclient.netty.request.NettyRequestSender - Using open Channel [id: 0xbc867797, L:/127.0.0.1:51488 - R:localhost/127.0.0.1:37981] for GET '/session/6605c30db8420d6cebbbbcd54d73cb85/screenshot'
10:12:12.473 [AsyncHttpClient-1-8] DEBUG org.asynchttpclient.netty.handler.HttpHandler - 

Request DefaultFullHttpRequest(decodeResult: success, version: HTTP/1.1, content: EmptyByteBufBE)
GET /session/6605c30db8420d6cebbbbcd54d73cb85/screenshot HTTP/1.1
User-Agent: selenium/4.8.1 (java windows)
Cache-Control: no-cache
Content-Type: application/json; charset=utf-8
host: localhost:37981
accept: */*

Response DefaultHttpResponse(decodeResult: success, version: HTTP/1.1)
HTTP/1.1 200 OK
Content-Length: 39800
Content-Type: application/json; charset=utf-8
cache-control: no-cache

10:12:12.473 [AsyncHttpClient-1-8] DEBUG org.asynchttpclient.netty.channel.ChannelManager - Adding key: http://localhost:37981 for channel [id: 0xbc867797, L:/127.0.0.1:51488 - R:localhost/127.0.0.1:37981]
10:12:12.475 [main] DEBUG net.serenitybdd.core.photography.Darkroom - Send negative for processing for target\site\serenity\c27aff64c43750fac8f75f73798995144ea5c244aecae9af95dae2d8da2a2bbc.png
10:12:12.475 [main] DEBUG net.thucydides.core.steps.StepInterceptor - STEP DONE: inputFullnameReg
10:12:12.475 [Darkroom Processing Line] DEBUG net.serenitybdd.core.photography.DarkroomProcessingLine - Processing screenshot image in /var/screenshots/screenshot-14377135753232588812
10:12:12.475 [Darkroom Processing Line] DEBUG net.serenitybdd.core.photography.DarkroomProcessingLine - Saving screenshot to target\site\serenity\c27aff64c43750fac8f75f73798995144ea5c244aecae9af95dae2d8da2a2bbc.png
  &amp#27;[32mAnd &amp#27;[0m&amp#27;[32mI input correct fullname for register&amp#27;[0m &amp#27;[90m# starter.stepdefinitions.RegisterSteps.inputFullnameReg()&amp#27;[0m
10:12:12.482 [Forwarding getPageSource on session 6605c30db8420d6cebbbbcd54d73cb85 to remote] DEBUG org.asynchttpclient.netty.request.NettyRequestSender - Using pooled Channel '[id: 0xbc867797, L:/127.0.0.1:51488 - R:localhost/127.0.0.1:37981]' for 'POST' to 'http://localhost:37981/session/6605c30db8420d6cebbbbcd54d73cb85/execute/sync'
10:12:12.482 [Forwarding getPageSource on session 6605c30db8420d6cebbbbcd54d73cb85 to remote] DEBUG org.asynchttpclient.netty.request.NettyRequestSender - Using open Channel [id: 0xbc867797, L:/127.0.0.1:51488 - R:localhost/127.0.0.1:37981] for POST '/session/6605c30db8420d6cebbbbcd54d73cb85/execute/sync'
10:12:12.487 [AsyncHttpClient-1-8] DEBUG org.asynchttpclient.netty.handler.HttpHandler - 

Request DefaultHttpRequest(decodeResult: success, version: HTTP/1.1)
POST /session/6605c30db8420d6cebbbbcd54d73cb85/execute/sync HTTP/1.1
User-Agent: selenium/4.8.1 (java windows)
Content-Length: 176
Content-Type: application/json; charset=utf-8
host: localhost:37981
accept: */*

Response DefaultHttpResponse(decodeResult: success, version: HTTP/1.1)
HTTP/1.1 200 OK
Content-Length: 22435
Content-Type: application/json; charset=utf-8
cache-control: no-cache

10:12:12.487 [AsyncHttpClient-1-8] DEBUG org.asynchttpclient.netty.channel.ChannelManager - Adding key: http://localhost:37981 for channel [id: 0xbc867797, L:/127.0.0.1:51488 - R:localhost/127.0.0.1:37981]
10:12:12.489 [Forwarding getCurrentUrl on session 6605c30db8420d6cebbbbcd54d73cb85 to remote] DEBUG org.asynchttpclient.netty.request.NettyRequestSender - Using pooled Channel '[id: 0xbc867797, L:/127.0.0.1:51488 - R:localhost/127.0.0.1:37981]' for 'GET' to 'http://localhost:37981/session/6605c30db8420d6cebbbbcd54d73cb85/url'
10:12:12.489 [Forwarding getCurrentUrl on session 6605c30db8420d6cebbbbcd54d73cb85 to remote] DEBUG org.asynchttpclient.netty.request.NettyRequestSender - Using open Channel [id: 0xbc867797, L:/127.0.0.1:51488 - R:localhost/127.0.0.1:37981] for GET '/session/6605c30db8420d6cebbbbcd54d73cb85/url'
10:12:12.491 [AsyncHttpClient-1-8] DEBUG org.asynchttpclient.netty.handler.HttpHandler - 

Request DefaultFullHttpRequest(decodeResult: success, version: HTTP/1.1, content: EmptyByteBufBE)
GET /session/6605c30db8420d6cebbbbcd54d73cb85/url HTTP/1.1
User-Agent: selenium/4.8.1 (java windows)
Cache-Control: no-cache
Content-Type: application/json; charset=utf-8
host: localhost:37981
accept: */*

Response DefaultHttpResponse(decodeResult: success, version: HTTP/1.1)
HTTP/1.1 200 OK
Content-Length: 54
Content-Type: application/json; charset=utf-8
cache-control: no-cache

10:12:12.492 [AsyncHttpClient-1-8] DEBUG org.asynchttpclient.netty.channel.ChannelManager - Adding key: http://localhost:37981 for channel [id: 0xbc867797, L:/127.0.0.1:51488 - R:localhost/127.0.0.1:37981]
10:12:12.498 [Forwarding getPageSource on session 6605c30db8420d6cebbbbcd54d73cb85 to remote] DEBUG org.asynchttpclient.netty.request.NettyRequestSender - Using pooled Channel '[id: 0xbc867797, L:/127.0.0.1:51488 - R:localhost/127.0.0.1:37981]' for 'POST' to 'http://localhost:37981/session/6605c30db8420d6cebbbbcd54d73cb85/execute/sync'
10:12:12.498 [Forwarding getPageSource on session 6605c30db8420d6cebbbbcd54d73cb85 to remote] DEBUG org.asynchttpclient.netty.request.NettyRequestSender - Using open Channel [id: 0xbc867797, L:/127.0.0.1:51488 - R:localhost/127.0.0.1:37981] for POST '/session/6605c30db8420d6cebbbbcd54d73cb85/execute/sync'
10:12:12.502 [AsyncHttpClient-1-8] DEBUG org.asynchttpclient.netty.handler.HttpHandler - 

Request DefaultHttpRequest(decodeResult: success, version: HTTP/1.1)
POST /session/6605c30db8420d6cebbbbcd54d73cb85/execute/sync HTTP/1.1
User-Agent: selenium/4.8.1 (java windows)
Content-Length: 176
Content-Type: application/json; charset=utf-8
host: localhost:37981
accept: */*

Response DefaultHttpResponse(decodeResult: success, version: HTTP/1.1)
HTTP/1.1 200 OK
Content-Length: 22435
Content-Type: application/json; charset=utf-8
cache-control: no-cache

10:12:12.502 [AsyncHttpClient-1-8] DEBUG org.asynchttpclient.netty.channel.ChannelManager - Adding key: http://localhost:37981 for channel [id: 0xbc867797, L:/127.0.0.1:51488 - R:localhost/127.0.0.1:37981]
10:12:12.505 [Forwarding getCurrentUrl on session 6605c30db8420d6cebbbbcd54d73cb85 to remote] DEBUG org.asynchttpclient.netty.request.NettyRequestSender - Using pooled Channel '[id: 0xbc867797, L:/127.0.0.1:51488 - R:localhost/127.0.0.1:37981]' for 'GET' to 'http://localhost:37981/session/6605c30db8420d6cebbbbcd54d73cb85/url'
10:12:12.506 [Forwarding getCurrentUrl on session 6605c30db8420d6cebbbbcd54d73cb85 to remote] DEBUG org.asynchttpclient.netty.request.NettyRequestSender - Using open Channel [id: 0xbc867797, L:/127.0.0.1:51488 - R:localhost/127.0.0.1:37981] for GET '/session/6605c30db8420d6cebbbbcd54d73cb85/url'
10:12:12.508 [AsyncHttpClient-1-8] DEBUG org.asynchttpclient.netty.handler.HttpHandler - 

Request DefaultFullHttpRequest(decodeResult: success, version: HTTP/1.1, content: EmptyByteBufBE)
GET /session/6605c30db8420d6cebbbbcd54d73cb85/url HTTP/1.1
User-Agent: selenium/4.8.1 (java windows)
Cache-Control: no-cache
Content-Type: application/json; charset=utf-8
host: localhost:37981
accept: */*

Response DefaultHttpResponse(decodeResult: success, version: HTTP/1.1)
HTTP/1.1 200 OK
Content-Length: 54
Content-Type: application/json; charset=utf-8
cache-control: no-cache

10:12:12.508 [AsyncHttpClient-1-8] DEBUG org.asynchttpclient.netty.channel.ChannelManager - Adding key: http://localhost:37981 for channel [id: 0xbc867797, L:/127.0.0.1:51488 - R:localhost/127.0.0.1:37981]
10:12:12.510 [main] DEBUG net.thucydides.core.steps.StepInterceptor - STARTING STEP: RegisterSteps.inputInvalidEmailReg - inputEmailReg
10:12:12.512 [Forwarding findElement on session 6605c30db8420d6cebbbbcd54d73cb85 to remote] DEBUG org.asynchttpclient.netty.request.NettyRequestSender - Using pooled Channel '[id: 0xbc867797, L:/127.0.0.1:51488 - R:localhost/127.0.0.1:37981]' for 'POST' to 'http://localhost:37981/session/6605c30db8420d6cebbbbcd54d73cb85/element'
10:12:12.512 [Forwarding findElement on session 6605c30db8420d6cebbbbcd54d73cb85 to remote] DEBUG org.asynchttpclient.netty.request.NettyRequestSender - Using open Channel [id: 0xbc867797, L:/127.0.0.1:51488 - R:localhost/127.0.0.1:37981] for POST '/session/6605c30db8420d6cebbbbcd54d73cb85/element'
10:12:12.522 [AsyncHttpClient-1-8] DEBUG org.asynchttpclient.netty.handler.HttpHandler - 

Request DefaultHttpRequest(decodeResult: success, version: HTTP/1.1)
POST /session/6605c30db8420d6cebbbbcd54d73cb85/element HTTP/1.1
User-Agent: selenium/4.8.1 (java windows)
Content-Length: 55
Content-Type: application/json; charset=utf-8
host: localhost:37981
accept: */*

Response DefaultHttpResponse(decodeResult: success, version: HTTP/1.1)
HTTP/1.1 200 OK
Content-Length: 88
Content-Type: application/json; charset=utf-8
cache-control: no-cache

10:12:12.522 [AsyncHttpClient-1-8] DEBUG org.asynchttpclient.netty.channel.ChannelManager - Adding key: http://localhost:37981 for channel [id: 0xbc867797, L:/127.0.0.1:51488 - R:localhost/127.0.0.1:37981]
10:12:12.523 [Forwarding clearElement on session 6605c30db8420d6cebbbbcd54d73cb85 to remote] DEBUG org.asynchttpclient.netty.request.NettyRequestSender - Using pooled Channel '[id: 0xbc867797, L:/127.0.0.1:51488 - R:localhost/127.0.0.1:37981]' for 'POST' to 'http://localhost:37981/session/6605c30db8420d6cebbbbcd54d73cb85/element/54c593a4-bb9f-4850-b8c1-e7527ac88d26/clear'
10:12:12.523 [Forwarding clearElement on session 6605c30db8420d6cebbbbcd54d73cb85 to remote] DEBUG org.asynchttpclient.netty.request.NettyRequestSender - Using open Channel [id: 0xbc867797, L:/127.0.0.1:51488 - R:localhost/127.0.0.1:37981] for POST '/session/6605c30db8420d6cebbbbcd54d73cb85/element/54c593a4-bb9f-4850-b8c1-e7527ac88d26/clear'
10:12:12.550 [AsyncHttpClient-1-8] DEBUG org.asynchttpclient.netty.handler.HttpHandler - 

Request DefaultHttpRequest(decodeResult: success, version: HTTP/1.1)
POST /session/6605c30db8420d6cebbbbcd54d73cb85/element/54c593a4-bb9f-4850-b8c1-e7527ac88d26/clear HTTP/1.1
User-Agent: selenium/4.8.1 (java windows)
Content-Length: 50
Content-Type: application/json; charset=utf-8
host: localhost:37981
accept: */*

Response DefaultHttpResponse(decodeResult: success, version: HTTP/1.1)
HTTP/1.1 200 OK
Content-Length: 14
Content-Type: application/json; charset=utf-8
cache-control: no-cache

10:12:12.550 [AsyncHttpClient-1-8] DEBUG org.asynchttpclient.netty.channel.ChannelManager - Adding key: http://localhost:37981 for channel [id: 0xbc867797, L:/127.0.0.1:51488 - R:localhost/127.0.0.1:37981]
10:12:12.551 [Forwarding sendKeysToElement on session 6605c30db8420d6cebbbbcd54d73cb85 to remote] DEBUG org.asynchttpclient.netty.request.NettyRequestSender - Using pooled Channel '[id: 0xbc867797, L:/127.0.0.1:51488 - R:localhost/127.0.0.1:37981]' for 'POST' to 'http://localhost:37981/session/6605c30db8420d6cebbbbcd54d73cb85/element/54c593a4-bb9f-4850-b8c1-e7527ac88d26/value'
10:12:12.551 [Forwarding sendKeysToElement on session 6605c30db8420d6cebbbbcd54d73cb85 to remote] DEBUG org.asynchttpclient.netty.request.NettyRequestSender - Using open Channel [id: 0xbc867797, L:/127.0.0.1:51488 - R:localhost/127.0.0.1:37981] for POST '/session/6605c30db8420d6cebbbbcd54d73cb85/element/54c593a4-bb9f-4850-b8c1-e7527ac88d26/value'
10:12:12.580 [AsyncHttpClient-1-8] DEBUG org.asynchttpclient.netty.handler.HttpHandler - 

Request DefaultHttpRequest(decodeResult: success, version: HTTP/1.1)
POST /session/6605c30db8420d6cebbbbcd54d73cb85/element/54c593a4-bb9f-4850-b8c1-e7527ac88d26/value HTTP/1.1
User-Agent: selenium/4.8.1 (java windows)
Content-Length: 82
Content-Type: application/json; charset=utf-8
host: localhost:37981
accept: */*

Response DefaultHttpResponse(decodeResult: success, version: HTTP/1.1)
HTTP/1.1 200 OK
Content-Length: 14
Content-Type: application/json; charset=utf-8
cache-control: no-cache

10:12:12.580 [AsyncHttpClient-1-8] DEBUG org.asynchttpclient.netty.channel.ChannelManager - Adding key: http://localhost:37981 for channel [id: 0xbc867797, L:/127.0.0.1:51488 - R:localhost/127.0.0.1:37981]
10:12:12.586 [Forwarding getAlertText on session 6605c30db8420d6cebbbbcd54d73cb85 to remote] DEBUG org.asynchttpclient.netty.request.NettyRequestSender - Using pooled Channel '[id: 0xbc867797, L:/127.0.0.1:51488 - R:localhost/127.0.0.1:37981]' for 'GET' to 'http://localhost:37981/session/6605c30db8420d6cebbbbcd54d73cb85/alert/text'
10:12:12.586 [Forwarding getAlertText on session 6605c30db8420d6cebbbbcd54d73cb85 to remote] DEBUG org.asynchttpclient.netty.request.NettyRequestSender - Using open Channel [id: 0xbc867797, L:/127.0.0.1:51488 - R:localhost/127.0.0.1:37981] for GET '/session/6605c30db8420d6cebbbbcd54d73cb85/alert/text'
10:12:12.587 [AsyncHttpClient-1-8] DEBUG org.asynchttpclient.netty.handler.HttpHandler - 

Request DefaultFullHttpRequest(decodeResult: success, version: HTTP/1.1, content: EmptyByteBufBE)
GET /session/6605c30db8420d6cebbbbcd54d73cb85/alert/text HTTP/1.1
User-Agent: selenium/4.8.1 (java windows)
Cache-Control: no-cache
Content-Type: application/json; charset=utf-8
host: localhost:37981
accept: */*

Response DefaultHttpResponse(decodeResult: success, version: HTTP/1.1)
HTTP/1.1 404 Not Found
Content-Length: 836
Content-Type: application/json; charset=utf-8
cache-control: no-cache

10:12:12.588 [AsyncHttpClient-1-8] DEBUG org.asynchttpclient.netty.channel.ChannelManager - Adding key: http://localhost:37981 for channel [id: 0xbc867797, L:/127.0.0.1:51488 - R:localhost/127.0.0.1:37981]
10:12:12.589 [Forwarding getCurrentUrl on session 6605c30db8420d6cebbbbcd54d73cb85 to remote] DEBUG org.asynchttpclient.netty.request.NettyRequestSender - Using pooled Channel '[id: 0xbc867797, L:/127.0.0.1:51488 - R:localhost/127.0.0.1:37981]' for 'GET' to 'http://localhost:37981/session/6605c30db8420d6cebbbbcd54d73cb85/url'
10:12:12.589 [Forwarding getCurrentUrl on session 6605c30db8420d6cebbbbcd54d73cb85 to remote] DEBUG org.asynchttpclient.netty.request.NettyRequestSender - Using open Channel [id: 0xbc867797, L:/127.0.0.1:51488 - R:localhost/127.0.0.1:37981] for GET '/session/6605c30db8420d6cebbbbcd54d73cb85/url'
10:12:12.591 [AsyncHttpClient-1-8] DEBUG org.asynchttpclient.netty.handler.HttpHandler - 

Request DefaultFullHttpRequest(decodeResult: success, version: HTTP/1.1, content: EmptyByteBufBE)
GET /session/6605c30db8420d6cebbbbcd54d73cb85/url HTTP/1.1
User-Agent: selenium/4.8.1 (java windows)
Cache-Control: no-cache
Content-Type: application/json; charset=utf-8
host: localhost:37981
accept: */*

Response DefaultHttpResponse(decodeResult: success, version: HTTP/1.1)
HTTP/1.1 200 OK
Content-Length: 54
Content-Type: application/json; charset=utf-8
cache-control: no-cache

10:12:12.592 [AsyncHttpClient-1-8] DEBUG org.asynchttpclient.netty.channel.ChannelManager - Adding key: http://localhost:37981 for channel [id: 0xbc867797, L:/127.0.0.1:51488 - R:localhost/127.0.0.1:37981]
10:12:12.592 [Forwarding screenshot on session 6605c30db8420d6cebbbbcd54d73cb85 to remote] DEBUG org.asynchttpclient.netty.request.NettyRequestSender - Using pooled Channel '[id: 0xbc867797, L:/127.0.0.1:51488 - R:localhost/127.0.0.1:37981]' for 'GET' to 'http://localhost:37981/session/6605c30db8420d6cebbbbcd54d73cb85/screenshot'
10:12:12.592 [Forwarding screenshot on session 6605c30db8420d6cebbbbcd54d73cb85 to remote] DEBUG org.asynchttpclient.netty.request.NettyRequestSender - Using open Channel [id: 0xbc867797, L:/127.0.0.1:51488 - R:localhost/127.0.0.1:37981] for GET '/session/6605c30db8420d6cebbbbcd54d73cb85/screenshot'
10:12:12.720 [AsyncHttpClient-1-8] DEBUG org.asynchttpclient.netty.handler.HttpHandler - 

Request DefaultFullHttpRequest(decodeResult: success, version: HTTP/1.1, content: EmptyByteBufBE)
GET /session/6605c30db8420d6cebbbbcd54d73cb85/screenshot HTTP/1.1
User-Agent: selenium/4.8.1 (java windows)
Cache-Control: no-cache
Content-Type: application/json; charset=utf-8
host: localhost:37981
accept: */*

Response DefaultHttpResponse(decodeResult: success, version: HTTP/1.1)
HTTP/1.1 200 OK
Content-Length: 39628
Content-Type: application/json; charset=utf-8
cache-control: no-cache

10:12:12.721 [AsyncHttpClient-1-8] DEBUG org.asynchttpclient.netty.channel.ChannelManager - Adding key: http://localhost:37981 for channel [id: 0xbc867797, L:/127.0.0.1:51488 - R:localhost/127.0.0.1:37981]
10:12:12.737 [main] DEBUG net.serenitybdd.core.photography.Darkroom - Send negative for processing for target\site\serenity\ddd47bb74afa6051a7d3d3c71393fe8535c8e4b33b96e942f5832951fe72d61d.png
10:12:12.737 [main] DEBUG net.thucydides.core.steps.StepInterceptor - STEP DONE: inputEmailReg
  &amp#27;[32mAnd &amp#27;[0m&amp#27;[32mI input nothing in email for register&amp#27;[0m &amp#27;[90m# starter.stepdefinitions.RegisterSteps.inputInvalidEmailReg()&amp#27;[0m
10:12:12.737 [Darkroom Processing Line] DEBUG net.serenitybdd.core.photography.DarkroomProcessingLine - Processing screenshot image in /var/screenshots/screenshot-2035836264817309697
10:12:12.737 [Darkroom Processing Line] DEBUG net.serenitybdd.core.photography.DarkroomProcessingLine - Saving screenshot to target\site\serenity\ddd47bb74afa6051a7d3d3c71393fe8535c8e4b33b96e942f5832951fe72d61d.png
10:12:12.743 [Forwarding getPageSource on session 6605c30db8420d6cebbbbcd54d73cb85 to remote] DEBUG org.asynchttpclient.netty.request.NettyRequestSender - Using pooled Channel '[id: 0xbc867797, L:/127.0.0.1:51488 - R:localhost/127.0.0.1:37981]' for 'POST' to 'http://localhost:37981/session/6605c30db8420d6cebbbbcd54d73cb85/execute/sync'
10:12:12.743 [Forwarding getPageSource on session 6605c30db8420d6cebbbbcd54d73cb85 to remote] DEBUG org.asynchttpclient.netty.request.NettyRequestSender - Using open Channel [id: 0xbc867797, L:/127.0.0.1:51488 - R:localhost/127.0.0.1:37981] for POST '/session/6605c30db8420d6cebbbbcd54d73cb85/execute/sync'
10:12:12.748 [AsyncHttpClient-1-8] DEBUG org.asynchttpclient.netty.handler.HttpHandler - 

Request DefaultHttpRequest(decodeResult: success, version: HTTP/1.1)
POST /session/6605c30db8420d6cebbbbcd54d73cb85/execute/sync HTTP/1.1
User-Agent: selenium/4.8.1 (java windows)
Content-Length: 176
Content-Type: application/json; charset=utf-8
host: localhost:37981
accept: */*

Response DefaultHttpResponse(decodeResult: success, version: HTTP/1.1)
HTTP/1.1 200 OK
Content-Length: 22451
Content-Type: application/json; charset=utf-8
cache-control: no-cache

10:12:12.748 [AsyncHttpClient-1-8] DEBUG org.asynchttpclient.netty.channel.ChannelManager - Adding key: http://localhost:37981 for channel [id: 0xbc867797, L:/127.0.0.1:51488 - R:localhost/127.0.0.1:37981]
10:12:12.750 [Forwarding getCurrentUrl on session 6605c30db8420d6cebbbbcd54d73cb85 to remote] DEBUG org.asynchttpclient.netty.request.NettyRequestSender - Using pooled Channel '[id: 0xbc867797, L:/127.0.0.1:51488 - R:localhost/127.0.0.1:37981]' for 'GET' to 'http://localhost:37981/session/6605c30db8420d6cebbbbcd54d73cb85/url'
10:12:12.750 [Forwarding getCurrentUrl on session 6605c30db8420d6cebbbbcd54d73cb85 to remote] DEBUG org.asynchttpclient.netty.request.NettyRequestSender - Using open Channel [id: 0xbc867797, L:/127.0.0.1:51488 - R:localhost/127.0.0.1:37981] for GET '/session/6605c30db8420d6cebbbbcd54d73cb85/url'
10:12:12.754 [AsyncHttpClient-1-8] DEBUG org.asynchttpclient.netty.handler.HttpHandler - 

Request DefaultFullHttpRequest(decodeResult: success, version: HTTP/1.1, content: EmptyByteBufBE)
GET /session/6605c30db8420d6cebbbbcd54d73cb85/url HTTP/1.1
User-Agent: selenium/4.8.1 (java windows)
Cache-Control: no-cache
Content-Type: application/json; charset=utf-8
host: localhost:37981
accept: */*

Response DefaultHttpResponse(decodeResult: success, version: HTTP/1.1)
HTTP/1.1 200 OK
Content-Length: 54
Content-Type: application/json; charset=utf-8
cache-control: no-cache

10:12:12.754 [AsyncHttpClient-1-8] DEBUG org.asynchttpclient.netty.channel.ChannelManager - Adding key: http://localhost:37981 for channel [id: 0xbc867797, L:/127.0.0.1:51488 - R:localhost/127.0.0.1:37981]
10:12:12.760 [Forwarding getPageSource on session 6605c30db8420d6cebbbbcd54d73cb85 to remote] DEBUG org.asynchttpclient.netty.request.NettyRequestSender - Using pooled Channel '[id: 0xbc867797, L:/127.0.0.1:51488 - R:localhost/127.0.0.1:37981]' for 'POST' to 'http://localhost:37981/session/6605c30db8420d6cebbbbcd54d73cb85/execute/sync'
10:12:12.760 [Forwarding getPageSource on session 6605c30db8420d6cebbbbcd54d73cb85 to remote] DEBUG org.asynchttpclient.netty.request.NettyRequestSender - Using open Channel [id: 0xbc867797, L:/127.0.0.1:51488 - R:localhost/127.0.0.1:37981] for POST '/session/6605c30db8420d6cebbbbcd54d73cb85/execute/sync'
10:12:12.764 [AsyncHttpClient-1-8] DEBUG org.asynchttpclient.netty.handler.HttpHandler - 

Request DefaultHttpRequest(decodeResult: success, version: HTTP/1.1)
POST /session/6605c30db8420d6cebbbbcd54d73cb85/execute/sync HTTP/1.1
User-Agent: selenium/4.8.1 (java windows)
Content-Length: 176
Content-Type: application/json; charset=utf-8
host: localhost:37981
accept: */*

Response DefaultHttpResponse(decodeResult: success, version: HTTP/1.1)
HTTP/1.1 200 OK
Content-Length: 22451
Content-Type: application/json; charset=utf-8
cache-control: no-cache

10:12:12.765 [AsyncHttpClient-1-8] DEBUG org.asynchttpclient.netty.channel.ChannelManager - Adding key: http://localhost:37981 for channel [id: 0xbc867797, L:/127.0.0.1:51488 - R:localhost/127.0.0.1:37981]
10:12:12.766 [Forwarding getCurrentUrl on session 6605c30db8420d6cebbbbcd54d73cb85 to remote] DEBUG org.asynchttpclient.netty.request.NettyRequestSender - Using pooled Channel '[id: 0xbc867797, L:/127.0.0.1:51488 - R:localhost/127.0.0.1:37981]' for 'GET' to 'http://localhost:37981/session/6605c30db8420d6cebbbbcd54d73cb85/url'
10:12:12.766 [Forwarding getCurrentUrl on session 6605c30db8420d6cebbbbcd54d73cb85 to remote] DEBUG org.asynchttpclient.netty.request.NettyRequestSender - Using open Channel [id: 0xbc867797, L:/127.0.0.1:51488 - R:localhost/127.0.0.1:37981] for GET '/session/6605c30db8420d6cebbbbcd54d73cb85/url'
10:12:12.771 [AsyncHttpClient-1-8] DEBUG org.asynchttpclient.netty.handler.HttpHandler - 

Request DefaultFullHttpRequest(decodeResult: success, version: HTTP/1.1, content: EmptyByteBufBE)
GET /session/6605c30db8420d6cebbbbcd54d73cb85/url HTTP/1.1
User-Agent: selenium/4.8.1 (java windows)
Cache-Control: no-cache
Content-Type: application/json; charset=utf-8
host: localhost:37981
accept: */*

Response DefaultHttpResponse(decodeResult: success, version: HTTP/1.1)
HTTP/1.1 200 OK
Content-Length: 54
Content-Type: application/json; charset=utf-8
cache-control: no-cache

10:12:12.771 [AsyncHttpClient-1-8] DEBUG org.asynchttpclient.netty.channel.ChannelManager - Adding key: http://localhost:37981 for channel [id: 0xbc867797, L:/127.0.0.1:51488 - R:localhost/127.0.0.1:37981]
10:12:12.772 [main] DEBUG net.thucydides.core.steps.StepInterceptor - STARTING STEP: RegisterSteps.inputPasswordReg - inputPasswordReg
10:12:12.774 [Forwarding findElement on session 6605c30db8420d6cebbbbcd54d73cb85 to remote] DEBUG org.asynchttpclient.netty.request.NettyRequestSender - Using pooled Channel '[id: 0xbc867797, L:/127.0.0.1:51488 - R:localhost/127.0.0.1:37981]' for 'POST' to 'http://localhost:37981/session/6605c30db8420d6cebbbbcd54d73cb85/element'
10:12:12.774 [Forwarding findElement on session 6605c30db8420d6cebbbbcd54d73cb85 to remote] DEBUG org.asynchttpclient.netty.request.NettyRequestSender - Using open Channel [id: 0xbc867797, L:/127.0.0.1:51488 - R:localhost/127.0.0.1:37981] for POST '/session/6605c30db8420d6cebbbbcd54d73cb85/element'
10:12:12.783 [AsyncHttpClient-1-8] DEBUG org.asynchttpclient.netty.handler.HttpHandler - 

Request DefaultHttpRequest(decodeResult: success, version: HTTP/1.1)
POST /session/6605c30db8420d6cebbbbcd54d73cb85/element HTTP/1.1
User-Agent: selenium/4.8.1 (java windows)
Content-Length: 55
Content-Type: application/json; charset=utf-8
host: localhost:37981
accept: */*

Response DefaultHttpResponse(decodeResult: success, version: HTTP/1.1)
HTTP/1.1 200 OK
Content-Length: 88
Content-Type: application/json; charset=utf-8
cache-control: no-cache

10:12:12.783 [AsyncHttpClient-1-8] DEBUG org.asynchttpclient.netty.channel.ChannelManager - Adding key: http://localhost:37981 for channel [id: 0xbc867797, L:/127.0.0.1:51488 - R:localhost/127.0.0.1:37981]
10:12:12.784 [Forwarding clearElement on session 6605c30db8420d6cebbbbcd54d73cb85 to remote] DEBUG org.asynchttpclient.netty.request.NettyRequestSender - Using pooled Channel '[id: 0xbc867797, L:/127.0.0.1:51488 - R:localhost/127.0.0.1:37981]' for 'POST' to 'http://localhost:37981/session/6605c30db8420d6cebbbbcd54d73cb85/element/f02ead90-e28b-4447-82f5-6e54acff2562/clear'
10:12:12.784 [Forwarding clearElement on session 6605c30db8420d6cebbbbcd54d73cb85 to remote] DEBUG org.asynchttpclient.netty.request.NettyRequestSender - Using open Channel [id: 0xbc867797, L:/127.0.0.1:51488 - R:localhost/127.0.0.1:37981] for POST '/session/6605c30db8420d6cebbbbcd54d73cb85/element/f02ead90-e28b-4447-82f5-6e54acff2562/clear'
10:12:12.794 [AsyncHttpClient-1-1] DEBUG org.asynchttpclient.netty.channel.DefaultChannelPool - Entry count for : http://localhost:51490 : 1
10:12:12.813 [AsyncHttpClient-1-8] DEBUG org.asynchttpclient.netty.handler.HttpHandler - 

Request DefaultHttpRequest(decodeResult: success, version: HTTP/1.1)
POST /session/6605c30db8420d6cebbbbcd54d73cb85/element/f02ead90-e28b-4447-82f5-6e54acff2562/clear HTTP/1.1
User-Agent: selenium/4.8.1 (java windows)
Content-Length: 50
Content-Type: application/json; charset=utf-8
host: localhost:37981
accept: */*

Response DefaultHttpResponse(decodeResult: success, version: HTTP/1.1)
HTTP/1.1 200 OK
Content-Length: 14
Content-Type: application/json; charset=utf-8
cache-control: no-cache

10:12:12.813 [AsyncHttpClient-1-8] DEBUG org.asynchttpclient.netty.channel.ChannelManager - Adding key: http://localhost:37981 for channel [id: 0xbc867797, L:/127.0.0.1:51488 - R:localhost/127.0.0.1:37981]
10:12:12.814 [Forwarding sendKeysToElement on session 6605c30db8420d6cebbbbcd54d73cb85 to remote] DEBUG org.asynchttpclient.netty.request.NettyRequestSender - Using pooled Channel '[id: 0xbc867797, L:/127.0.0.1:51488 - R:localhost/127.0.0.1:37981]' for 'POST' to 'http://localhost:37981/session/6605c30db8420d6cebbbbcd54d73cb85/element/f02ead90-e28b-4447-82f5-6e54acff2562/value'
10:12:12.814 [Forwarding sendKeysToElement on session 6605c30db8420d6cebbbbcd54d73cb85 to remote] DEBUG org.asynchttpclient.netty.request.NettyRequestSender - Using open Channel [id: 0xbc867797, L:/127.0.0.1:51488 - R:localhost/127.0.0.1:37981] for POST '/session/6605c30db8420d6cebbbbcd54d73cb85/element/f02ead90-e28b-4447-82f5-6e54acff2562/value'
10:12:12.875 [AsyncHttpClient-1-8] DEBUG org.asynchttpclient.netty.handler.HttpHandler - 

Request DefaultHttpRequest(decodeResult: success, version: HTTP/1.1)
POST /session/6605c30db8420d6cebbbbcd54d73cb85/element/f02ead90-e28b-4447-82f5-6e54acff2562/value HTTP/1.1
User-Agent: selenium/4.8.1 (java windows)
Content-Length: 151
Content-Type: application/json; charset=utf-8
host: localhost:37981
accept: */*

Response DefaultHttpResponse(decodeResult: success, version: HTTP/1.1)
HTTP/1.1 200 OK
Content-Length: 14
Content-Type: application/json; charset=utf-8
cache-control: no-cache

10:12:12.876 [AsyncHttpClient-1-8] DEBUG org.asynchttpclient.netty.channel.ChannelManager - Adding key: http://localhost:37981 for channel [id: 0xbc867797, L:/127.0.0.1:51488 - R:localhost/127.0.0.1:37981]
10:12:12.882 [Forwarding getAlertText on session 6605c30db8420d6cebbbbcd54d73cb85 to remote] DEBUG org.asynchttpclient.netty.request.NettyRequestSender - Using pooled Channel '[id: 0xbc867797, L:/127.0.0.1:51488 - R:localhost/127.0.0.1:37981]' for 'GET' to 'http://localhost:37981/session/6605c30db8420d6cebbbbcd54d73cb85/alert/text'
10:12:12.882 [Forwarding getAlertText on session 6605c30db8420d6cebbbbcd54d73cb85 to remote] DEBUG org.asynchttpclient.netty.request.NettyRequestSender - Using open Channel [id: 0xbc867797, L:/127.0.0.1:51488 - R:localhost/127.0.0.1:37981] for GET '/session/6605c30db8420d6cebbbbcd54d73cb85/alert/text'
10:12:12.883 [AsyncHttpClient-1-8] DEBUG org.asynchttpclient.netty.handler.HttpHandler - 

Request DefaultFullHttpRequest(decodeResult: success, version: HTTP/1.1, content: EmptyByteBufBE)
GET /session/6605c30db8420d6cebbbbcd54d73cb85/alert/text HTTP/1.1
User-Agent: selenium/4.8.1 (java windows)
Cache-Control: no-cache
Content-Type: application/json; charset=utf-8
host: localhost:37981
accept: */*

Response DefaultHttpResponse(decodeResult: success, version: HTTP/1.1)
HTTP/1.1 404 Not Found
Content-Length: 836
Content-Type: application/json; charset=utf-8
cache-control: no-cache

10:12:12.883 [AsyncHttpClient-1-8] DEBUG org.asynchttpclient.netty.channel.ChannelManager - Adding key: http://localhost:37981 for channel [id: 0xbc867797, L:/127.0.0.1:51488 - R:localhost/127.0.0.1:37981]
10:12:12.884 [Forwarding getCurrentUrl on session 6605c30db8420d6cebbbbcd54d73cb85 to remote] DEBUG org.asynchttpclient.netty.request.NettyRequestSender - Using pooled Channel '[id: 0xbc867797, L:/127.0.0.1:51488 - R:localhost/127.0.0.1:37981]' for 'GET' to 'http://localhost:37981/session/6605c30db8420d6cebbbbcd54d73cb85/url'
10:12:12.884 [Forwarding getCurrentUrl on session 6605c30db8420d6cebbbbcd54d73cb85 to remote] DEBUG org.asynchttpclient.netty.request.NettyRequestSender - Using open Channel [id: 0xbc867797, L:/127.0.0.1:51488 - R:localhost/127.0.0.1:37981] for GET '/session/6605c30db8420d6cebbbbcd54d73cb85/url'
10:12:12.889 [AsyncHttpClient-1-8] DEBUG org.asynchttpclient.netty.handler.HttpHandler - 

Request DefaultFullHttpRequest(decodeResult: success, version: HTTP/1.1, content: EmptyByteBufBE)
GET /session/6605c30db8420d6cebbbbcd54d73cb85/url HTTP/1.1
User-Agent: selenium/4.8.1 (java windows)
Cache-Control: no-cache
Content-Type: application/json; charset=utf-8
host: localhost:37981
accept: */*

Response DefaultHttpResponse(decodeResult: success, version: HTTP/1.1)
HTTP/1.1 200 OK
Content-Length: 54
Content-Type: application/json; charset=utf-8
cache-control: no-cache

10:12:12.889 [AsyncHttpClient-1-8] DEBUG org.asynchttpclient.netty.channel.ChannelManager - Adding key: http://localhost:37981 for channel [id: 0xbc867797, L:/127.0.0.1:51488 - R:localhost/127.0.0.1:37981]
10:12:12.890 [Forwarding screenshot on session 6605c30db8420d6cebbbbcd54d73cb85 to remote] DEBUG org.asynchttpclient.netty.request.NettyRequestSender - Using pooled Channel '[id: 0xbc867797, L:/127.0.0.1:51488 - R:localhost/127.0.0.1:37981]' for 'GET' to 'http://localhost:37981/session/6605c30db8420d6cebbbbcd54d73cb85/screenshot'
10:12:12.890 [Forwarding screenshot on session 6605c30db8420d6cebbbbcd54d73cb85 to remote] DEBUG org.asynchttpclient.netty.request.NettyRequestSender - Using open Channel [id: 0xbc867797, L:/127.0.0.1:51488 - R:localhost/127.0.0.1:37981] for GET '/session/6605c30db8420d6cebbbbcd54d73cb85/screenshot'
10:12:13.011 [AsyncHttpClient-1-8] DEBUG org.asynchttpclient.netty.handler.HttpHandler - 

Request DefaultFullHttpRequest(decodeResult: success, version: HTTP/1.1, content: EmptyByteBufBE)
GET /session/6605c30db8420d6cebbbbcd54d73cb85/screenshot HTTP/1.1
User-Agent: selenium/4.8.1 (java windows)
Cache-Control: no-cache
Content-Type: application/json; charset=utf-8
host: localhost:37981
accept: */*

Response DefaultHttpResponse(decodeResult: success, version: HTTP/1.1)
HTTP/1.1 200 OK
Content-Length: 41068
Content-Type: application/json; charset=utf-8
cache-control: no-cache

10:12:13.011 [AsyncHttpClient-1-8] DEBUG org.asynchttpclient.netty.channel.ChannelManager - Adding key: http://localhost:37981 for channel [id: 0xbc867797, L:/127.0.0.1:51488 - R:localhost/127.0.0.1:37981]
10:12:13.013 [main] DEBUG net.serenitybdd.core.photography.Darkroom - Send negative for processing for target\site\serenity\f1705802a8d3e0154cb6b38f4881ec32b54a0e87b425e0997b4cf788d0e3d84d.png
10:12:13.013 [main] DEBUG net.thucydides.core.steps.StepInterceptor - STEP DONE: inputPasswordReg
  &amp#27;[32mAnd &amp#27;[0m&amp#27;[32mI input correct password for register&amp#27;[0m &amp#27;[90m# starter.stepdefinitions.RegisterSteps.inputPasswordReg()&amp#27;[0m
10:12:13.013 [Darkroom Processing Line] DEBUG net.serenitybdd.core.photography.DarkroomProcessingLine - Processing screenshot image in /var/screenshots/screenshot-16363295616054906316
10:12:13.013 [Darkroom Processing Line] DEBUG net.serenitybdd.core.photography.DarkroomProcessingLine - Saving screenshot to target\site\serenity\f1705802a8d3e0154cb6b38f4881ec32b54a0e87b425e0997b4cf788d0e3d84d.png
10:12:13.020 [Forwarding getPageSource on session 6605c30db8420d6cebbbbcd54d73cb85 to remote] DEBUG org.asynchttpclient.netty.request.NettyRequestSender - Using pooled Channel '[id: 0xbc867797, L:/127.0.0.1:51488 - R:localhost/127.0.0.1:37981]' for 'POST' to 'http://localhost:37981/session/6605c30db8420d6cebbbbcd54d73cb85/execute/sync'
10:12:13.020 [Forwarding getPageSource on session 6605c30db8420d6cebbbbcd54d73cb85 to remote] DEBUG org.asynchttpclient.netty.request.NettyRequestSender - Using open Channel [id: 0xbc867797, L:/127.0.0.1:51488 - R:localhost/127.0.0.1:37981] for POST '/session/6605c30db8420d6cebbbbcd54d73cb85/execute/sync'
10:12:13.023 [AsyncHttpClient-1-8] DEBUG org.asynchttpclient.netty.handler.HttpHandler - 

Request DefaultHttpRequest(decodeResult: success, version: HTTP/1.1)
POST /session/6605c30db8420d6cebbbbcd54d73cb85/execute/sync HTTP/1.1
User-Agent: selenium/4.8.1 (java windows)
Content-Length: 176
Content-Type: application/json; charset=utf-8
host: localhost:37981
accept: */*

Response DefaultHttpResponse(decodeResult: success, version: HTTP/1.1)
HTTP/1.1 200 OK
Content-Length: 22494
Content-Type: application/json; charset=utf-8
cache-control: no-cache

10:12:13.024 [AsyncHttpClient-1-8] DEBUG org.asynchttpclient.netty.channel.ChannelManager - Adding key: http://localhost:37981 for channel [id: 0xbc867797, L:/127.0.0.1:51488 - R:localhost/127.0.0.1:37981]
10:12:13.025 [Forwarding getCurrentUrl on session 6605c30db8420d6cebbbbcd54d73cb85 to remote] DEBUG org.asynchttpclient.netty.request.NettyRequestSender - Using pooled Channel '[id: 0xbc867797, L:/127.0.0.1:51488 - R:localhost/127.0.0.1:37981]' for 'GET' to 'http://localhost:37981/session/6605c30db8420d6cebbbbcd54d73cb85/url'
10:12:13.025 [Forwarding getCurrentUrl on session 6605c30db8420d6cebbbbcd54d73cb85 to remote] DEBUG org.asynchttpclient.netty.request.NettyRequestSender - Using open Channel [id: 0xbc867797, L:/127.0.0.1:51488 - R:localhost/127.0.0.1:37981] for GET '/session/6605c30db8420d6cebbbbcd54d73cb85/url'
10:12:13.029 [AsyncHttpClient-1-8] DEBUG org.asynchttpclient.netty.handler.HttpHandler - 

Request DefaultFullHttpRequest(decodeResult: success, version: HTTP/1.1, content: EmptyByteBufBE)
GET /session/6605c30db8420d6cebbbbcd54d73cb85/url HTTP/1.1
User-Agent: selenium/4.8.1 (java windows)
Cache-Control: no-cache
Content-Type: application/json; charset=utf-8
host: localhost:37981
accept: */*

Response DefaultHttpResponse(decodeResult: success, version: HTTP/1.1)
HTTP/1.1 200 OK
Content-Length: 54
Content-Type: application/json; charset=utf-8
cache-control: no-cache

10:12:13.029 [AsyncHttpClient-1-8] DEBUG org.asynchttpclient.netty.channel.ChannelManager - Adding key: http://localhost:37981 for channel [id: 0xbc867797, L:/127.0.0.1:51488 - R:localhost/127.0.0.1:37981]
10:12:13.035 [Forwarding getPageSource on session 6605c30db8420d6cebbbbcd54d73cb85 to remote] DEBUG org.asynchttpclient.netty.request.NettyRequestSender - Using pooled Channel '[id: 0xbc867797, L:/127.0.0.1:51488 - R:localhost/127.0.0.1:37981]' for 'POST' to 'http://localhost:37981/session/6605c30db8420d6cebbbbcd54d73cb85/execute/sync'
10:12:13.035 [Forwarding getPageSource on session 6605c30db8420d6cebbbbcd54d73cb85 to remote] DEBUG org.asynchttpclient.netty.request.NettyRequestSender - Using open Channel [id: 0xbc867797, L:/127.0.0.1:51488 - R:localhost/127.0.0.1:37981] for POST '/session/6605c30db8420d6cebbbbcd54d73cb85/execute/sync'
10:12:13.040 [AsyncHttpClient-1-8] DEBUG org.asynchttpclient.netty.handler.HttpHandler - 

Request DefaultHttpRequest(decodeResult: success, version: HTTP/1.1)
POST /session/6605c30db8420d6cebbbbcd54d73cb85/execute/sync HTTP/1.1
User-Agent: selenium/4.8.1 (java windows)
Content-Length: 176
Content-Type: application/json; charset=utf-8
host: localhost:37981
accept: */*

Response DefaultHttpResponse(decodeResult: success, version: HTTP/1.1)
HTTP/1.1 200 OK
Content-Length: 22494
Content-Type: application/json; charset=utf-8
cache-control: no-cache

10:12:13.040 [AsyncHttpClient-1-8] DEBUG org.asynchttpclient.netty.channel.ChannelManager - Adding key: http://localhost:37981 for channel [id: 0xbc867797, L:/127.0.0.1:51488 - R:localhost/127.0.0.1:37981]
10:12:13.042 [Forwarding getCurrentUrl on session 6605c30db8420d6cebbbbcd54d73cb85 to remote] DEBUG org.asynchttpclient.netty.request.NettyRequestSender - Using pooled Channel '[id: 0xbc867797, L:/127.0.0.1:51488 - R:localhost/127.0.0.1:37981]' for 'GET' to 'http://localhost:37981/session/6605c30db8420d6cebbbbcd54d73cb85/url'
10:12:13.042 [Forwarding getCurrentUrl on session 6605c30db8420d6cebbbbcd54d73cb85 to remote] DEBUG org.asynchttpclient.netty.request.NettyRequestSender - Using open Channel [id: 0xbc867797, L:/127.0.0.1:51488 - R:localhost/127.0.0.1:37981] for GET '/session/6605c30db8420d6cebbbbcd54d73cb85/url'
10:12:13.046 [AsyncHttpClient-1-8] DEBUG org.asynchttpclient.netty.handler.HttpHandler - 

Request DefaultFullHttpRequest(decodeResult: success, version: HTTP/1.1, content: EmptyByteBufBE)
GET /session/6605c30db8420d6cebbbbcd54d73cb85/url HTTP/1.1
User-Agent: selenium/4.8.1 (java windows)
Cache-Control: no-cache
Content-Type: application/json; charset=utf-8
host: localhost:37981
accept: */*

Response DefaultHttpResponse(decodeResult: success, version: HTTP/1.1)
HTTP/1.1 200 OK
Content-Length: 54
Content-Type: application/json; charset=utf-8
cache-control: no-cache

10:12:13.046 [AsyncHttpClient-1-8] DEBUG org.asynchttpclient.netty.channel.ChannelManager - Adding key: http://localhost:37981 for channel [id: 0xbc867797, L:/127.0.0.1:51488 - R:localhost/127.0.0.1:37981]
10:12:13.047 [main] DEBUG net.thucydides.core.steps.StepInterceptor - STARTING STEP: RegisterSteps.ClickRegisterButton - ClickRegisterButton
10:12:13.049 [Forwarding findElement on session 6605c30db8420d6cebbbbcd54d73cb85 to remote] DEBUG org.asynchttpclient.netty.request.NettyRequestSender - Using pooled Channel '[id: 0xbc867797, L:/127.0.0.1:51488 - R:localhost/127.0.0.1:37981]' for 'POST' to 'http://localhost:37981/session/6605c30db8420d6cebbbbcd54d73cb85/element'
10:12:13.049 [Forwarding findElement on session 6605c30db8420d6cebbbbcd54d73cb85 to remote] DEBUG org.asynchttpclient.netty.request.NettyRequestSender - Using open Channel [id: 0xbc867797, L:/127.0.0.1:51488 - R:localhost/127.0.0.1:37981] for POST '/session/6605c30db8420d6cebbbbcd54d73cb85/element'
10:12:13.059 [AsyncHttpClient-1-8] DEBUG org.asynchttpclient.netty.handler.HttpHandler - 

Request DefaultHttpRequest(decodeResult: success, version: HTTP/1.1)
POST /session/6605c30db8420d6cebbbbcd54d73cb85/element HTTP/1.1
User-Agent: selenium/4.8.1 (java windows)
Content-Length: 71
Content-Type: application/json; charset=utf-8
host: localhost:37981
accept: */*

Response DefaultHttpResponse(decodeResult: success, version: HTTP/1.1)
HTTP/1.1 200 OK
Content-Length: 88
Content-Type: application/json; charset=utf-8
cache-control: no-cache

10:12:13.059 [AsyncHttpClient-1-8] DEBUG org.asynchttpclient.netty.channel.ChannelManager - Adding key: http://localhost:37981 for channel [id: 0xbc867797, L:/127.0.0.1:51488 - R:localhost/127.0.0.1:37981]
10:12:13.060 [Forwarding getElementTagName on session 6605c30db8420d6cebbbbcd54d73cb85 to remote] DEBUG org.asynchttpclient.netty.request.NettyRequestSender - Using pooled Channel '[id: 0xbc867797, L:/127.0.0.1:51488 - R:localhost/127.0.0.1:37981]' for 'GET' to 'http://localhost:37981/session/6605c30db8420d6cebbbbcd54d73cb85/element/773f6749-552d-43e3-9c5a-dac3464105d2/name'
10:12:13.060 [Forwarding getElementTagName on session 6605c30db8420d6cebbbbcd54d73cb85 to remote] DEBUG org.asynchttpclient.netty.request.NettyRequestSender - Using open Channel [id: 0xbc867797, L:/127.0.0.1:51488 - R:localhost/127.0.0.1:37981] for GET '/session/6605c30db8420d6cebbbbcd54d73cb85/element/773f6749-552d-43e3-9c5a-dac3464105d2/name'
10:12:13.064 [AsyncHttpClient-1-8] DEBUG org.asynchttpclient.netty.handler.HttpHandler - 

Request DefaultFullHttpRequest(decodeResult: success, version: HTTP/1.1, content: EmptyByteBufBE)
GET /session/6605c30db8420d6cebbbbcd54d73cb85/element/773f6749-552d-43e3-9c5a-dac3464105d2/name HTTP/1.1
User-Agent: selenium/4.8.1 (java windows)
Cache-Control: no-cache
Content-Type: application/json; charset=utf-8
host: localhost:37981
accept: */*

Response DefaultHttpResponse(decodeResult: success, version: HTTP/1.1)
HTTP/1.1 200 OK
Content-Length: 18
Content-Type: application/json; charset=utf-8
cache-control: no-cache

10:12:13.064 [AsyncHttpClient-1-8] DEBUG org.asynchttpclient.netty.channel.ChannelManager - Adding key: http://localhost:37981 for channel [id: 0xbc867797, L:/127.0.0.1:51488 - R:localhost/127.0.0.1:37981]
10:12:13.065 [Forwarding getElementTagName on session 6605c30db8420d6cebbbbcd54d73cb85 to remote] DEBUG org.asynchttpclient.netty.request.NettyRequestSender - Using pooled Channel '[id: 0xbc867797, L:/127.0.0.1:51488 - R:localhost/127.0.0.1:37981]' for 'GET' to 'http://localhost:37981/session/6605c30db8420d6cebbbbcd54d73cb85/element/773f6749-552d-43e3-9c5a-dac3464105d2/name'
10:12:13.065 [Forwarding getElementTagName on session 6605c30db8420d6cebbbbcd54d73cb85 to remote] DEBUG org.asynchttpclient.netty.request.NettyRequestSender - Using open Channel [id: 0xbc867797, L:/127.0.0.1:51488 - R:localhost/127.0.0.1:37981] for GET '/session/6605c30db8420d6cebbbbcd54d73cb85/element/773f6749-552d-43e3-9c5a-dac3464105d2/name'
10:12:13.067 [AsyncHttpClient-1-8] DEBUG org.asynchttpclient.netty.handler.HttpHandler - 

Request DefaultFullHttpRequest(decodeResult: success, version: HTTP/1.1, content: EmptyByteBufBE)
GET /session/6605c30db8420d6cebbbbcd54d73cb85/element/773f6749-552d-43e3-9c5a-dac3464105d2/name HTTP/1.1
User-Agent: selenium/4.8.1 (java windows)
Cache-Control: no-cache
Content-Type: application/json; charset=utf-8
host: localhost:37981
accept: */*

Response DefaultHttpResponse(decodeResult: success, version: HTTP/1.1)
HTTP/1.1 200 OK
Content-Length: 18
Content-Type: application/json; charset=utf-8
cache-control: no-cache

10:12:13.067 [AsyncHttpClient-1-8] DEBUG org.asynchttpclient.netty.channel.ChannelManager - Adding key: http://localhost:37981 for channel [id: 0xbc867797, L:/127.0.0.1:51488 - R:localhost/127.0.0.1:37981]
10:12:13.068 [Forwarding isElementEnabled on session 6605c30db8420d6cebbbbcd54d73cb85 to remote] DEBUG org.asynchttpclient.netty.request.NettyRequestSender - Using pooled Channel '[id: 0xbc867797, L:/127.0.0.1:51488 - R:localhost/127.0.0.1:37981]' for 'GET' to 'http://localhost:37981/session/6605c30db8420d6cebbbbcd54d73cb85/element/773f6749-552d-43e3-9c5a-dac3464105d2/enabled'
10:12:13.068 [Forwarding isElementEnabled on session 6605c30db8420d6cebbbbcd54d73cb85 to remote] DEBUG org.asynchttpclient.netty.request.NettyRequestSender - Using open Channel [id: 0xbc867797, L:/127.0.0.1:51488 - R:localhost/127.0.0.1:37981] for GET '/session/6605c30db8420d6cebbbbcd54d73cb85/element/773f6749-552d-43e3-9c5a-dac3464105d2/enabled'
10:12:13.076 [AsyncHttpClient-1-8] DEBUG org.asynchttpclient.netty.handler.HttpHandler - 

Request DefaultFullHttpRequest(decodeResult: success, version: HTTP/1.1, content: EmptyByteBufBE)
GET /session/6605c30db8420d6cebbbbcd54d73cb85/element/773f6749-552d-43e3-9c5a-dac3464105d2/enabled HTTP/1.1
User-Agent: selenium/4.8.1 (java windows)
Cache-Control: no-cache
Content-Type: application/json; charset=utf-8
host: localhost:37981
accept: */*

Response DefaultHttpResponse(decodeResult: success, version: HTTP/1.1)
HTTP/1.1 200 OK
Content-Length: 14
Content-Type: application/json; charset=utf-8
cache-control: no-cache

10:12:13.076 [AsyncHttpClient-1-8] DEBUG org.asynchttpclient.netty.channel.ChannelManager - Adding key: http://localhost:37981 for channel [id: 0xbc867797, L:/127.0.0.1:51488 - R:localhost/127.0.0.1:37981]
10:12:13.078 [Forwarding isElementEnabled on session 6605c30db8420d6cebbbbcd54d73cb85 to remote] DEBUG org.asynchttpclient.netty.request.NettyRequestSender - Using pooled Channel '[id: 0xbc867797, L:/127.0.0.1:51488 - R:localhost/127.0.0.1:37981]' for 'GET' to 'http://localhost:37981/session/6605c30db8420d6cebbbbcd54d73cb85/element/773f6749-552d-43e3-9c5a-dac3464105d2/enabled'
10:12:13.078 [Forwarding isElementEnabled on session 6605c30db8420d6cebbbbcd54d73cb85 to remote] DEBUG org.asynchttpclient.netty.request.NettyRequestSender - Using open Channel [id: 0xbc867797, L:/127.0.0.1:51488 - R:localhost/127.0.0.1:37981] for GET '/session/6605c30db8420d6cebbbbcd54d73cb85/element/773f6749-552d-43e3-9c5a-dac3464105d2/enabled'
10:12:13.082 [AsyncHttpClient-1-8] DEBUG org.asynchttpclient.netty.handler.HttpHandler - 

Request DefaultFullHttpRequest(decodeResult: success, version: HTTP/1.1, content: EmptyByteBufBE)
GET /session/6605c30db8420d6cebbbbcd54d73cb85/element/773f6749-552d-43e3-9c5a-dac3464105d2/enabled HTTP/1.1
User-Agent: selenium/4.8.1 (java windows)
Cache-Control: no-cache
Content-Type: application/json; charset=utf-8
host: localhost:37981
accept: */*

Response DefaultHttpResponse(decodeResult: success, version: HTTP/1.1)
HTTP/1.1 200 OK
Content-Length: 14
Content-Type: application/json; charset=utf-8
cache-control: no-cache

10:12:13.082 [AsyncHttpClient-1-8] DEBUG org.asynchttpclient.netty.channel.ChannelManager - Adding key: http://localhost:37981 for channel [id: 0xbc867797, L:/127.0.0.1:51488 - R:localhost/127.0.0.1:37981]
10:12:13.084 [Forwarding findElement on session 6605c30db8420d6cebbbbcd54d73cb85 to remote] DEBUG org.asynchttpclient.netty.request.NettyRequestSender - Using pooled Channel '[id: 0xbc867797, L:/127.0.0.1:51488 - R:localhost/127.0.0.1:37981]' for 'POST' to 'http://localhost:37981/session/6605c30db8420d6cebbbbcd54d73cb85/element'
10:12:13.084 [Forwarding findElement on session 6605c30db8420d6cebbbbcd54d73cb85 to remote] DEBUG org.asynchttpclient.netty.request.NettyRequestSender - Using open Channel [id: 0xbc867797, L:/127.0.0.1:51488 - R:localhost/127.0.0.1:37981] for POST '/session/6605c30db8420d6cebbbbcd54d73cb85/element'
10:12:13.089 [AsyncHttpClient-1-8] DEBUG org.asynchttpclient.netty.handler.HttpHandler - 

Request DefaultHttpRequest(decodeResult: success, version: HTTP/1.1)
POST /session/6605c30db8420d6cebbbbcd54d73cb85/element HTTP/1.1
User-Agent: selenium/4.8.1 (java windows)
Content-Length: 71
Content-Type: application/json; charset=utf-8
host: localhost:37981
accept: */*

Response DefaultHttpResponse(decodeResult: success, version: HTTP/1.1)
HTTP/1.1 200 OK
Content-Length: 88
Content-Type: application/json; charset=utf-8
cache-control: no-cache

10:12:13.089 [AsyncHttpClient-1-8] DEBUG org.asynchttpclient.netty.channel.ChannelManager - Adding key: http://localhost:37981 for channel [id: 0xbc867797, L:/127.0.0.1:51488 - R:localhost/127.0.0.1:37981]
10:12:13.090 [Forwarding clickElement on session 6605c30db8420d6cebbbbcd54d73cb85 to remote] DEBUG org.asynchttpclient.netty.request.NettyRequestSender - Using pooled Channel '[id: 0xbc867797, L:/127.0.0.1:51488 - R:localhost/127.0.0.1:37981]' for 'POST' to 'http://localhost:37981/session/6605c30db8420d6cebbbbcd54d73cb85/element/773f6749-552d-43e3-9c5a-dac3464105d2/click'
10:12:13.090 [Forwarding clickElement on session 6605c30db8420d6cebbbbcd54d73cb85 to remote] DEBUG org.asynchttpclient.netty.request.NettyRequestSender - Using open Channel [id: 0xbc867797, L:/127.0.0.1:51488 - R:localhost/127.0.0.1:37981] for POST '/session/6605c30db8420d6cebbbbcd54d73cb85/element/773f6749-552d-43e3-9c5a-dac3464105d2/click'
10:12:13.124 [AsyncHttpClient-1-8] DEBUG org.asynchttpclient.netty.handler.HttpHandler - 

Request DefaultHttpRequest(decodeResult: success, version: HTTP/1.1)
POST /session/6605c30db8420d6cebbbbcd54d73cb85/element/773f6749-552d-43e3-9c5a-dac3464105d2/click HTTP/1.1
User-Agent: selenium/4.8.1 (java windows)
Content-Length: 50
Content-Type: application/json; charset=utf-8
host: localhost:37981
accept: */*

Response DefaultHttpResponse(decodeResult: success, version: HTTP/1.1)
HTTP/1.1 200 OK
Content-Length: 14
Content-Type: application/json; charset=utf-8
cache-control: no-cache

10:12:13.125 [AsyncHttpClient-1-8] DEBUG org.asynchttpclient.netty.channel.ChannelManager - Adding key: http://localhost:37981 for channel [id: 0xbc867797, L:/127.0.0.1:51488 - R:localhost/127.0.0.1:37981]
10:12:13.129 [Forwarding getAlertText on session 6605c30db8420d6cebbbbcd54d73cb85 to remote] DEBUG org.asynchttpclient.netty.request.NettyRequestSender - Using pooled Channel '[id: 0xbc867797, L:/127.0.0.1:51488 - R:localhost/127.0.0.1:37981]' for 'GET' to 'http://localhost:37981/session/6605c30db8420d6cebbbbcd54d73cb85/alert/text'
10:12:13.129 [Forwarding getAlertText on session 6605c30db8420d6cebbbbcd54d73cb85 to remote] DEBUG org.asynchttpclient.netty.request.NettyRequestSender - Using open Channel [id: 0xbc867797, L:/127.0.0.1:51488 - R:localhost/127.0.0.1:37981] for GET '/session/6605c30db8420d6cebbbbcd54d73cb85/alert/text'
10:12:13.130 [AsyncHttpClient-1-8] DEBUG org.asynchttpclient.netty.handler.HttpHandler - 

Request DefaultFullHttpRequest(decodeResult: success, version: HTTP/1.1, content: EmptyByteBufBE)
GET /session/6605c30db8420d6cebbbbcd54d73cb85/alert/text HTTP/1.1
User-Agent: selenium/4.8.1 (java windows)
Cache-Control: no-cache
Content-Type: application/json; charset=utf-8
host: localhost:37981
accept: */*

Response DefaultHttpResponse(decodeResult: success, version: HTTP/1.1)
HTTP/1.1 404 Not Found
Content-Length: 836
Content-Type: application/json; charset=utf-8
cache-control: no-cache

10:12:13.130 [AsyncHttpClient-1-8] DEBUG org.asynchttpclient.netty.channel.ChannelManager - Adding key: http://localhost:37981 for channel [id: 0xbc867797, L:/127.0.0.1:51488 - R:localhost/127.0.0.1:37981]
10:12:13.131 [Forwarding getCurrentUrl on session 6605c30db8420d6cebbbbcd54d73cb85 to remote] DEBUG org.asynchttpclient.netty.request.NettyRequestSender - Using pooled Channel '[id: 0xbc867797, L:/127.0.0.1:51488 - R:localhost/127.0.0.1:37981]' for 'GET' to 'http://localhost:37981/session/6605c30db8420d6cebbbbcd54d73cb85/url'
10:12:13.131 [Forwarding getCurrentUrl on session 6605c30db8420d6cebbbbcd54d73cb85 to remote] DEBUG org.asynchttpclient.netty.request.NettyRequestSender - Using open Channel [id: 0xbc867797, L:/127.0.0.1:51488 - R:localhost/127.0.0.1:37981] for GET '/session/6605c30db8420d6cebbbbcd54d73cb85/url'
10:12:13.134 [AsyncHttpClient-1-8] DEBUG org.asynchttpclient.netty.handler.HttpHandler - 

Request DefaultFullHttpRequest(decodeResult: success, version: HTTP/1.1, content: EmptyByteBufBE)
GET /session/6605c30db8420d6cebbbbcd54d73cb85/url HTTP/1.1
User-Agent: selenium/4.8.1 (java windows)
Cache-Control: no-cache
Content-Type: application/json; charset=utf-8
host: localhost:37981
accept: */*

Response DefaultHttpResponse(decodeResult: success, version: HTTP/1.1)
HTTP/1.1 200 OK
Content-Length: 54
Content-Type: application/json; charset=utf-8
cache-control: no-cache

10:12:13.134 [AsyncHttpClient-1-8] DEBUG org.asynchttpclient.netty.channel.ChannelManager - Adding key: http://localhost:37981 for channel [id: 0xbc867797, L:/127.0.0.1:51488 - R:localhost/127.0.0.1:37981]
10:12:13.134 [Forwarding screenshot on session 6605c30db8420d6cebbbbcd54d73cb85 to remote] DEBUG org.asynchttpclient.netty.request.NettyRequestSender - Using pooled Channel '[id: 0xbc867797, L:/127.0.0.1:51488 - R:localhost/127.0.0.1:37981]' for 'GET' to 'http://localhost:37981/session/6605c30db8420d6cebbbbcd54d73cb85/screenshot'
10:12:13.134 [Forwarding screenshot on session 6605c30db8420d6cebbbbcd54d73cb85 to remote] DEBUG org.asynchttpclient.netty.request.NettyRequestSender - Using open Channel [id: 0xbc867797, L:/127.0.0.1:51488 - R:localhost/127.0.0.1:37981] for GET '/session/6605c30db8420d6cebbbbcd54d73cb85/screenshot'
10:12:13.269 [AsyncHttpClient-1-8] DEBUG org.asynchttpclient.netty.handler.HttpHandler - 

Request DefaultFullHttpRequest(decodeResult: success, version: HTTP/1.1, content: EmptyByteBufBE)
GET /session/6605c30db8420d6cebbbbcd54d73cb85/screenshot HTTP/1.1
User-Agent: selenium/4.8.1 (java windows)
Cache-Control: no-cache
Content-Type: application/json; charset=utf-8
host: localhost:37981
accept: */*

Response DefaultHttpResponse(decodeResult: success, version: HTTP/1.1)
HTTP/1.1 200 OK
Content-Length: 40060
Content-Type: application/json; charset=utf-8
cache-control: no-cache

10:12:13.270 [AsyncHttpClient-1-8] DEBUG org.asynchttpclient.netty.channel.ChannelManager - Adding key: http://localhost:37981 for channel [id: 0xbc867797, L:/127.0.0.1:51488 - R:localhost/127.0.0.1:37981]
10:12:13.271 [main] DEBUG net.serenitybdd.core.photography.Darkroom - Send negative for processing for target\site\serenity\76162f82658399fa5a4f209058d94792c5368a92bbeaa9f776ddafb326756deb.png
10:12:13.271 [main] DEBUG net.thucydides.core.steps.StepInterceptor - STEP DONE: ClickRegisterButton
10:12:13.271 [Darkroom Processing Line] DEBUG net.serenitybdd.core.photography.DarkroomProcessingLine - Processing screenshot image in /var/screenshots/screenshot-15474291588447787133
10:12:13.271 [Darkroom Processing Line] DEBUG net.serenitybdd.core.photography.DarkroomProcessingLine - Saving screenshot to target\site\serenity\76162f82658399fa5a4f209058d94792c5368a92bbeaa9f776ddafb326756deb.png
  &amp#27;[32mWhen &amp#27;[0m&amp#27;[32mI click on the register button&amp#27;[0m       &amp#27;[90m# starter.stepdefinitions.RegisterSteps.ClickRegisterButton()&amp#27;[0m
10:12:13.280 [Forwarding getPageSource on session 6605c30db8420d6cebbbbcd54d73cb85 to remote] DEBUG org.asynchttpclient.netty.request.NettyRequestSender - Using pooled Channel '[id: 0xbc867797, L:/127.0.0.1:51488 - R:localhost/127.0.0.1:37981]' for 'POST' to 'http://localhost:37981/session/6605c30db8420d6cebbbbcd54d73cb85/execute/sync'
10:12:13.280 [Forwarding getPageSource on session 6605c30db8420d6cebbbbcd54d73cb85 to remote] DEBUG org.asynchttpclient.netty.request.NettyRequestSender - Using open Channel [id: 0xbc867797, L:/127.0.0.1:51488 - R:localhost/127.0.0.1:37981] for POST '/session/6605c30db8420d6cebbbbcd54d73cb85/execute/sync'
10:12:13.288 [AsyncHttpClient-1-8] DEBUG org.asynchttpclient.netty.handler.HttpHandler - 

Request DefaultHttpRequest(decodeResult: success, version: HTTP/1.1)
POST /session/6605c30db8420d6cebbbbcd54d73cb85/execute/sync HTTP/1.1
User-Agent: selenium/4.8.1 (java windows)
Content-Length: 176
Content-Type: application/json; charset=utf-8
host: localhost:37981
accept: */*

Response DefaultHttpResponse(decodeResult: success, version: HTTP/1.1)
HTTP/1.1 200 OK
Content-Length: 23207
Content-Type: application/json; charset=utf-8
cache-control: no-cache

10:12:13.288 [AsyncHttpClient-1-8] DEBUG org.asynchttpclient.netty.channel.ChannelManager - Adding key: http://localhost:37981 for channel [id: 0xbc867797, L:/127.0.0.1:51488 - R:localhost/127.0.0.1:37981]
10:12:13.291 [Forwarding getCurrentUrl on session 6605c30db8420d6cebbbbcd54d73cb85 to remote] DEBUG org.asynchttpclient.netty.request.NettyRequestSender - Using pooled Channel '[id: 0xbc867797, L:/127.0.0.1:51488 - R:localhost/127.0.0.1:37981]' for 'GET' to 'http://localhost:37981/session/6605c30db8420d6cebbbbcd54d73cb85/url'
10:12:13.291 [Forwarding getCurrentUrl on session 6605c30db8420d6cebbbbcd54d73cb85 to remote] DEBUG org.asynchttpclient.netty.request.NettyRequestSender - Using open Channel [id: 0xbc867797, L:/127.0.0.1:51488 - R:localhost/127.0.0.1:37981] for GET '/session/6605c30db8420d6cebbbbcd54d73cb85/url'
10:12:13.294 [AsyncHttpClient-1-8] DEBUG org.asynchttpclient.netty.handler.HttpHandler - 

Request DefaultFullHttpRequest(decodeResult: success, version: HTTP/1.1, content: EmptyByteBufBE)
GET /session/6605c30db8420d6cebbbbcd54d73cb85/url HTTP/1.1
User-Agent: selenium/4.8.1 (java windows)
Cache-Control: no-cache
Content-Type: application/json; charset=utf-8
host: localhost:37981
accept: */*

Response DefaultHttpResponse(decodeResult: success, version: HTTP/1.1)
HTTP/1.1 200 OK
Content-Length: 54
Content-Type: application/json; charset=utf-8
cache-control: no-cache

10:12:13.294 [AsyncHttpClient-1-8] DEBUG org.asynchttpclient.netty.channel.ChannelManager - Adding key: http://localhost:37981 for channel [id: 0xbc867797, L:/127.0.0.1:51488 - R:localhost/127.0.0.1:37981]
10:12:13.306 [Forwarding getPageSource on session 6605c30db8420d6cebbbbcd54d73cb85 to remote] DEBUG org.asynchttpclient.netty.request.NettyRequestSender - Using pooled Channel '[id: 0xbc867797, L:/127.0.0.1:51488 - R:localhost/127.0.0.1:37981]' for 'POST' to 'http://localhost:37981/session/6605c30db8420d6cebbbbcd54d73cb85/execute/sync'
10:12:13.306 [Forwarding getPageSource on session 6605c30db8420d6cebbbbcd54d73cb85 to remote] DEBUG org.asynchttpclient.netty.request.NettyRequestSender - Using open Channel [id: 0xbc867797, L:/127.0.0.1:51488 - R:localhost/127.0.0.1:37981] for POST '/session/6605c30db8420d6cebbbbcd54d73cb85/execute/sync'
10:12:13.310 [AsyncHttpClient-1-8] DEBUG org.asynchttpclient.netty.handler.HttpHandler - 

Request DefaultHttpRequest(decodeResult: success, version: HTTP/1.1)
POST /session/6605c30db8420d6cebbbbcd54d73cb85/execute/sync HTTP/1.1
User-Agent: selenium/4.8.1 (java windows)
Content-Length: 176
Content-Type: application/json; charset=utf-8
host: localhost:37981
accept: */*

Response DefaultHttpResponse(decodeResult: success, version: HTTP/1.1)
HTTP/1.1 200 OK
Content-Length: 23207
Content-Type: application/json; charset=utf-8
cache-control: no-cache

10:12:13.311 [AsyncHttpClient-1-8] DEBUG org.asynchttpclient.netty.channel.ChannelManager - Adding key: http://localhost:37981 for channel [id: 0xbc867797, L:/127.0.0.1:51488 - R:localhost/127.0.0.1:37981]
10:12:13.313 [Forwarding getCurrentUrl on session 6605c30db8420d6cebbbbcd54d73cb85 to remote] DEBUG org.asynchttpclient.netty.request.NettyRequestSender - Using pooled Channel '[id: 0xbc867797, L:/127.0.0.1:51488 - R:localhost/127.0.0.1:37981]' for 'GET' to 'http://localhost:37981/session/6605c30db8420d6cebbbbcd54d73cb85/url'
10:12:13.313 [Forwarding getCurrentUrl on session 6605c30db8420d6cebbbbcd54d73cb85 to remote] DEBUG org.asynchttpclient.netty.request.NettyRequestSender - Using open Channel [id: 0xbc867797, L:/127.0.0.1:51488 - R:localhost/127.0.0.1:37981] for GET '/session/6605c30db8420d6cebbbbcd54d73cb85/url'
10:12:13.315 [AsyncHttpClient-1-8] DEBUG org.asynchttpclient.netty.handler.HttpHandler - 

Request DefaultFullHttpRequest(decodeResult: success, version: HTTP/1.1, content: EmptyByteBufBE)
GET /session/6605c30db8420d6cebbbbcd54d73cb85/url HTTP/1.1
User-Agent: selenium/4.8.1 (java windows)
Cache-Control: no-cache
Content-Type: application/json; charset=utf-8
host: localhost:37981
accept: */*

Response DefaultHttpResponse(decodeResult: success, version: HTTP/1.1)
HTTP/1.1 200 OK
Content-Length: 54
Content-Type: application/json; charset=utf-8
cache-control: no-cache

10:12:13.315 [AsyncHttpClient-1-8] DEBUG org.asynchttpclient.netty.channel.ChannelManager - Adding key: http://localhost:37981 for channel [id: 0xbc867797, L:/127.0.0.1:51488 - R:localhost/127.0.0.1:37981]
10:12:13.316 [main] DEBUG net.thucydides.core.steps.StepInterceptor - STARTING STEP: LoginSteps.alertContent - incorrectAlert
10:12:13.318 [Forwarding findElement on session 6605c30db8420d6cebbbbcd54d73cb85 to remote] DEBUG org.asynchttpclient.netty.request.NettyRequestSender - Using pooled Channel '[id: 0xbc867797, L:/127.0.0.1:51488 - R:localhost/127.0.0.1:37981]' for 'POST' to 'http://localhost:37981/session/6605c30db8420d6cebbbbcd54d73cb85/element'
10:12:13.318 [Forwarding findElement on session 6605c30db8420d6cebbbbcd54d73cb85 to remote] DEBUG org.asynchttpclient.netty.request.NettyRequestSender - Using open Channel [id: 0xbc867797, L:/127.0.0.1:51488 - R:localhost/127.0.0.1:37981] for POST '/session/6605c30db8420d6cebbbbcd54d73cb85/element'
10:12:13.328 [AsyncHttpClient-1-8] DEBUG org.asynchttpclient.netty.handler.HttpHandler - 

Request DefaultHttpRequest(decodeResult: success, version: HTTP/1.1)
POST /session/6605c30db8420d6cebbbbcd54d73cb85/element HTTP/1.1
User-Agent: selenium/4.8.1 (java windows)
Content-Length: 54
Content-Type: application/json; charset=utf-8
host: localhost:37981
accept: */*

Response DefaultHttpResponse(decodeResult: success, version: HTTP/1.1)
HTTP/1.1 200 OK
Content-Length: 88
Content-Type: application/json; charset=utf-8
cache-control: no-cache

10:12:13.329 [AsyncHttpClient-1-8] DEBUG org.asynchttpclient.netty.channel.ChannelManager - Adding key: http://localhost:37981 for channel [id: 0xbc867797, L:/127.0.0.1:51488 - R:localhost/127.0.0.1:37981]
10:12:13.332 [Forwarding isElementDisplayed on session 6605c30db8420d6cebbbbcd54d73cb85 to remote] DEBUG org.asynchttpclient.netty.request.NettyRequestSender - Using pooled Channel '[id: 0xbc867797, L:/127.0.0.1:51488 - R:localhost/127.0.0.1:37981]' for 'POST' to 'http://localhost:37981/session/6605c30db8420d6cebbbbcd54d73cb85/execute/sync'
10:12:13.332 [Forwarding isElementDisplayed on session 6605c30db8420d6cebbbbcd54d73cb85 to remote] DEBUG org.asynchttpclient.netty.request.NettyRequestSender - Using open Channel [id: 0xbc867797, L:/127.0.0.1:51488 - R:localhost/127.0.0.1:37981] for POST '/session/6605c30db8420d6cebbbbcd54d73cb85/execute/sync'
10:12:13.344 [AsyncHttpClient-1-8] DEBUG org.asynchttpclient.netty.handler.HttpHandler - 

Request DefaultHttpRequest(decodeResult: success, version: HTTP/1.1)
POST /session/6605c30db8420d6cebbbbcd54d73cb85/execute/sync HTTP/1.1
User-Agent: selenium/4.8.1 (java windows)
Content-Length: 48807
Content-Type: application/json; charset=utf-8
host: localhost:37981
accept: */*

Response DefaultHttpResponse(decodeResult: success, version: HTTP/1.1)
HTTP/1.1 200 OK
Content-Length: 14
Content-Type: application/json; charset=utf-8
cache-control: no-cache

10:12:13.344 [AsyncHttpClient-1-8] DEBUG org.asynchttpclient.netty.channel.ChannelManager - Adding key: http://localhost:37981 for channel [id: 0xbc867797, L:/127.0.0.1:51488 - R:localhost/127.0.0.1:37981]
10:12:13.348 [Forwarding getAlertText on session 6605c30db8420d6cebbbbcd54d73cb85 to remote] DEBUG org.asynchttpclient.netty.request.NettyRequestSender - Using pooled Channel '[id: 0xbc867797, L:/127.0.0.1:51488 - R:localhost/127.0.0.1:37981]' for 'GET' to 'http://localhost:37981/session/6605c30db8420d6cebbbbcd54d73cb85/alert/text'
10:12:13.348 [Forwarding getAlertText on session 6605c30db8420d6cebbbbcd54d73cb85 to remote] DEBUG org.asynchttpclient.netty.request.NettyRequestSender - Using open Channel [id: 0xbc867797, L:/127.0.0.1:51488 - R:localhost/127.0.0.1:37981] for GET '/session/6605c30db8420d6cebbbbcd54d73cb85/alert/text'
10:12:13.349 [AsyncHttpClient-1-8] DEBUG org.asynchttpclient.netty.handler.HttpHandler - 

Request DefaultFullHttpRequest(decodeResult: success, version: HTTP/1.1, content: EmptyByteBufBE)
GET /session/6605c30db8420d6cebbbbcd54d73cb85/alert/text HTTP/1.1
User-Agent: selenium/4.8.1 (java windows)
Cache-Control: no-cache
Content-Type: application/json; charset=utf-8
host: localhost:37981
accept: */*

Response DefaultHttpResponse(decodeResult: success, version: HTTP/1.1)
HTTP/1.1 404 Not Found
Content-Length: 836
Content-Type: application/json; charset=utf-8
cache-control: no-cache

10:12:13.349 [AsyncHttpClient-1-8] DEBUG org.asynchttpclient.netty.channel.ChannelManager - Adding key: http://localhost:37981 for channel [id: 0xbc867797, L:/127.0.0.1:51488 - R:localhost/127.0.0.1:37981]
10:12:13.350 [Forwarding getCurrentUrl on session 6605c30db8420d6cebbbbcd54d73cb85 to remote] DEBUG org.asynchttpclient.netty.request.NettyRequestSender - Using pooled Channel '[id: 0xbc867797, L:/127.0.0.1:51488 - R:localhost/127.0.0.1:37981]' for 'GET' to 'http://localhost:37981/session/6605c30db8420d6cebbbbcd54d73cb85/url'
10:12:13.350 [Forwarding getCurrentUrl on session 6605c30db8420d6cebbbbcd54d73cb85 to remote] DEBUG org.asynchttpclient.netty.request.NettyRequestSender - Using open Channel [id: 0xbc867797, L:/127.0.0.1:51488 - R:localhost/127.0.0.1:37981] for GET '/session/6605c30db8420d6cebbbbcd54d73cb85/url'
10:12:13.354 [AsyncHttpClient-1-8] DEBUG org.asynchttpclient.netty.handler.HttpHandler - 

Request DefaultFullHttpRequest(decodeResult: success, version: HTTP/1.1, content: EmptyByteBufBE)
GET /session/6605c30db8420d6cebbbbcd54d73cb85/url HTTP/1.1
User-Agent: selenium/4.8.1 (java windows)
Cache-Control: no-cache
Content-Type: application/json; charset=utf-8
host: localhost:37981
accept: */*

Response DefaultHttpResponse(decodeResult: success, version: HTTP/1.1)
HTTP/1.1 200 OK
Content-Length: 54
Content-Type: application/json; charset=utf-8
cache-control: no-cache

10:12:13.354 [AsyncHttpClient-1-8] DEBUG org.asynchttpclient.netty.channel.ChannelManager - Adding key: http://localhost:37981 for channel [id: 0xbc867797, L:/127.0.0.1:51488 - R:localhost/127.0.0.1:37981]
10:12:13.354 [Forwarding screenshot on session 6605c30db8420d6cebbbbcd54d73cb85 to remote] DEBUG org.asynchttpclient.netty.request.NettyRequestSender - Using pooled Channel '[id: 0xbc867797, L:/127.0.0.1:51488 - R:localhost/127.0.0.1:37981]' for 'GET' to 'http://localhost:37981/session/6605c30db8420d6cebbbbcd54d73cb85/screenshot'
10:12:13.354 [Forwarding screenshot on session 6605c30db8420d6cebbbbcd54d73cb85 to remote] DEBUG org.asynchttpclient.netty.request.NettyRequestSender - Using open Channel [id: 0xbc867797, L:/127.0.0.1:51488 - R:localhost/127.0.0.1:37981] for GET '/session/6605c30db8420d6cebbbbcd54d73cb85/screenshot'
10:12:13.479 [AsyncHttpClient-1-8] DEBUG org.asynchttpclient.netty.handler.HttpHandler - 

Request DefaultFullHttpRequest(decodeResult: success, version: HTTP/1.1, content: EmptyByteBufBE)
GET /session/6605c30db8420d6cebbbbcd54d73cb85/screenshot HTTP/1.1
User-Agent: selenium/4.8.1 (java windows)
Cache-Control: no-cache
Content-Type: application/json; charset=utf-8
host: localhost:37981
accept: */*

Response DefaultHttpResponse(decodeResult: success, version: HTTP/1.1)
HTTP/1.1 200 OK
Content-Length: 41512
Content-Type: application/json; charset=utf-8
cache-control: no-cache

10:12:13.479 [AsyncHttpClient-1-8] DEBUG org.asynchttpclient.netty.channel.ChannelManager - Adding key: http://localhost:37981 for channel [id: 0xbc867797, L:/127.0.0.1:51488 - R:localhost/127.0.0.1:37981]
10:12:13.480 [main] DEBUG net.serenitybdd.core.photography.Darkroom - Send negative for processing for target\site\serenity\26d8cdeb0b6cd07f23c8dbe7ecdcbfba725bebaa28e3f4b0792ab34bb0f40032.png
10:12:13.481 [main] DEBUG net.thucydides.core.steps.StepInterceptor - STEP DONE: incorrectAlert
10:12:13.481 [Darkroom Processing Line] DEBUG net.serenitybdd.core.photography.DarkroomProcessingLine - Processing screenshot image in /var/screenshots/screenshot-10338108010217801182
10:12:13.481 [Darkroom Processing Line] DEBUG net.serenitybdd.core.photography.DarkroomProcessingLine - Saving screenshot to target\site\serenity\26d8cdeb0b6cd07f23c8dbe7ecdcbfba725bebaa28e3f4b0792ab34bb0f40032.png
  &amp#27;[32mThen &amp#27;[0m&amp#27;[32mI should see the error message&amp#27;[0m       &amp#27;[90m# starter.stepdefinitions.LoginSteps.alertContent()&amp#27;[0m
10:12:13.485 [main] INFO  - 
  _____   ___   ___   _____     ___     _     ___   ___   ___   ___  
 |_   _| | __| / __| |_   _|   | _ \   /_\   / __| / __| | __| |   \ 
   | |   | _|  \__ \   | |     |  _/  / _ \  \__ \ \__ \ | _|  | |) |
   |_|   |___| |___/   |_|     |_|   /_/ \_\ |___/ |___/ |___| |___/ 

Register without fill the email
----------------------------------------------------------------------
10:12:13.486 [AsyncHttpClient-1-10] DEBUG org.asynchttpclient.netty.handler.WebSocketHandler - Channel Closed: [id: 0xb7ae45df, L:/127.0.0.1:51497 ! R:localhost/127.0.0.1:51490] with attribute NettyResponseFuture{currentRetry=0,
	isDone=1,
	isCancelled=0,
	asyncHandler=org.asynchttpclient.ws.WebSocketUpgradeHandler@5460613b,
	nettyRequest=org.asynchttpclient.netty.request.NettyRequest@1162e5d3,
	future=java.util.concurrent.CompletableFuture@fb67fe6[Completed normally],
	uri=ws://localhost:51490/devtools/browser/9c623bfb-7525-4695-8c7b-02d92e137c05,
	keepAlive=true,
	redirectCount=0,
	timeoutsHolder=null,
	inAuth=0,
	touch=1683429130941}
10:12:13.486 [AsyncHttpClient-1-10] DEBUG org.asynchttpclient.netty.channel.ChannelManager - Closing Channel [id: 0xb7ae45df, L:/127.0.0.1:51497 ! R:localhost/127.0.0.1:51490] 
10:12:13.486 [Driver Command Executor] DEBUG org.asynchttpclient.netty.request.NettyRequestSender - Using pooled Channel '[id: 0xbc867797, L:/127.0.0.1:51488 - R:localhost/127.0.0.1:37981]' for 'DELETE' to 'http://localhost:37981/session/6605c30db8420d6cebbbbcd54d73cb85'
10:12:13.486 [Driver Command Executor] DEBUG org.asynchttpclient.netty.request.NettyRequestSender - Using open Channel [id: 0xbc867797, L:/127.0.0.1:51488 - R:localhost/127.0.0.1:37981] for DELETE '/session/6605c30db8420d6cebbbbcd54d73cb85'
10:12:13.597 [AsyncHttpClient-1-9] DEBUG org.asynchttpclient.netty.handler.HttpHandler - Unexpected I/O exception on channel [id: 0xa540011b, L:/127.0.0.1:51496 - R:localhost/127.0.0.1:51490]
java.io.IOException: An existing connection was forcibly closed by the remote host
	at java.base/sun.nio.ch.SocketDispatcher.read0(Native Method)
	at java.base/sun.nio.ch.SocketDispatcher.read(SocketDispatcher.java:43)
	at java.base/sun.nio.ch.IOUtil.readIntoNativeBuffer(IOUtil.java:276)
	at java.base/sun.nio.ch.IOUtil.read(IOUtil.java:233)
	at java.base/sun.nio.ch.IOUtil.read(IOUtil.java:223)
	at java.base/sun.nio.ch.SocketChannelImpl.read(SocketChannelImpl.java:358)
	at io.netty.buffer.PooledByteBuf.setBytes(PooledByteBuf.java:259)
	at io.netty.buffer.AbstractByteBuf.writeBytes(AbstractByteBuf.java:1132)
	at io.netty.buffer.WrappedByteBuf.writeBytes(WrappedByteBuf.java:821)
	at io.netty.channel.socket.nio.NioSocketChannel.doReadBytes(NioSocketChannel.java:357)
	at io.netty.channel.nio.AbstractNioByteChannel$NioByteUnsafe.read(AbstractNioByteChannel.java:151)
	at io.netty.channel.nio.NioEventLoop.processSelectedKey(NioEventLoop.java:788)
	at io.netty.channel.nio.NioEventLoop.processSelectedKeysOptimized(NioEventLoop.java:724)
	at io.netty.channel.nio.NioEventLoop.processSelectedKeys(NioEventLoop.java:650)
	at io.netty.channel.nio.NioEventLoop.run(NioEventLoop.java:562)
	at io.netty.util.concurrent.SingleThreadEventExecutor$4.run(SingleThreadEventExecutor.java:997)
	at io.netty.util.internal.ThreadExecutorMap$2.run(ThreadExecutorMap.java:74)
	at io.netty.util.concurrent.FastThreadLocalRunnable.run(FastThreadLocalRunnable.java:30)
	at java.base/java.lang.Thread.run(Thread.java:834)
10:12:13.597 [AsyncHttpClient-1-9] DEBUG org.asynchttpclient.netty.channel.ChannelManager - Closing Channel [id: 0xa540011b, L:/127.0.0.1:51496 - R:localhost/127.0.0.1:51490] 
10:12:13.597 [AsyncHttpClient-1-9] DEBUG org.asynchttpclient.netty.handler.HttpHandler - Channel Closed: [id: 0xa540011b, L:/127.0.0.1:51496 ! R:localhost/127.0.0.1:51490] with attribute DISCARD
10:12:13.607 [AsyncHttpClient-1-8] DEBUG org.asynchttpclient.netty.handler.HttpHandler - 

Request DefaultFullHttpRequest(decodeResult: success, version: HTTP/1.1, content: EmptyByteBufBE)
DELETE /session/6605c30db8420d6cebbbbcd54d73cb85 HTTP/1.1
User-Agent: selenium/4.8.1 (java windows)
Content-Type: application/json; charset=utf-8
host: localhost:37981
accept: */*

Response DefaultHttpResponse(decodeResult: success, version: HTTP/1.1)
HTTP/1.1 200 OK
Content-Length: 14
Content-Type: application/json; charset=utf-8
cache-control: no-cache

10:12:13.607 [AsyncHttpClient-1-8] DEBUG org.asynchttpclient.netty.channel.ChannelManager - Adding key: http://localhost:37981 for channel [id: 0xbc867797, L:/127.0.0.1:51488 - R:localhost/127.0.0.1:37981]
10:12:13.632 [AsyncHttpClient-1-8] DEBUG org.asynchttpclient.netty.handler.HttpHandler - Channel Closed: [id: 0xbc867797, L:/127.0.0.1:51488 ! R:localhost/127.0.0.1:37981] with attribute DISCARD
10:12:13.899 [AsyncHttpClient-1-1] DEBUG org.asynchttpclient.netty.channel.DefaultChannelPool - Entry count for : http://localhost:37981 : 1
10:12:13.899 [AsyncHttpClient-1-1] DEBUG org.asynchttpclient.netty.channel.DefaultChannelPool - Entry count for : http://localhost:51490 : 1
10:12:13.899 [AsyncHttpClient-1-1] DEBUG org.asynchttpclient.netty.channel.DefaultChannelPool - Adding Candidate expired Channel [id: 0xbc867797, L:/127.0.0.1:51488 ! R:localhost/127.0.0.1:37981] isIdleTimeoutExpired=false isRemotelyClosed=true isTtlExpired=false
10:12:13.899 [AsyncHttpClient-1-1] DEBUG org.asynchttpclient.netty.channel.DefaultChannelPool - Closing Idle Channel [id: 0xbc867797, L:/127.0.0.1:51488 ! R:localhost/127.0.0.1:37981]
10:12:13.899 [AsyncHttpClient-1-1] DEBUG org.asynchttpclient.netty.channel.DefaultChannelPool - Adding Candidate expired Channel [id: 0xa540011b, L:/127.0.0.1:51496 ! R:localhost/127.0.0.1:51490] isIdleTimeoutExpired=false isRemotelyClosed=true isTtlExpired=false
10:12:13.899 [AsyncHttpClient-1-1] DEBUG org.asynchttpclient.netty.channel.DefaultChannelPool - Closing Idle Channel [id: 0xa540011b, L:/127.0.0.1:51496 ! R:localhost/127.0.0.1:51490]
10:12:13.899 [AsyncHttpClient-1-1] DEBUG org.asynchttpclient.netty.channel.DefaultChannelPool - Closed 2 connections out of 2 in 0 ms
]]></system-out>
    <system-err><![CDATA[Starting ChromeDriver 111.0.5563.64 (c710e93d5b63b7095afe8c2c17df34408078439d-refs/branch-heads/5563@{#995}) on port 37981
Only local connections are allowed.
Please see https://chromedriver.chromium.org/security-considerations for suggestions on keeping ChromeDriver safe.
ChromeDriver was started successfully.
May 07, 2023 10:12:10 AM org.openqa.selenium.devtools.CdpVersionFinder findNearestMatch
WARNING: Unable to find an exact match for CDP version 111, so returning the closest version found: 110
]]></system-err>
  </testcase>
  <testcase name="Register without fill the password" classname="Register to Alta-shop Account" time="4.196">
    <system-out><![CDATA[
Scenario: Register without fill the password   &amp#27;[90m# src/test/resources/features/1. Register.feature:34&amp#27;[0m
10:12:14.170 [main] DEBUG io.cucumber.core.plugin.SerenityReporter - Running feature from file:///D:/WebMinpro/code/minpro/src/test/resources/features/1.%20Register.feature
10:12:14.171 [main] INFO  - 
  _____   ___   ___   _____     ___   _____     _     ___   _____   ___   ___  
 |_   _| | __| / __| |_   _|   / __| |_   _|   /_\   | _ \ |_   _| | __| |   \ 
   | |   | _|  \__ \   | |     \__ \   | |    / _ \  |   /   | |   | _|  | |) |
   |_|   |___| |___/   |_|     |___/   |_|   /_/ \_\ |_|_\   |_|   |___| |___/ 

Register without fill the password(register-to-alta-shop-account;register-without-fill-the-password)
--------------------------------------------------------------------------------
10:12:14.264 [main] DEBUG net.thucydides.core.steps.StepInterceptor - STARTING STEP: LoginSteps.onTheLoginPage - openPage
10:12:14.357 [main] INFO net.serenitybdd.core.webdriver.driverproviders.ChromeDriverProvider - Starting Chrome driver instance with capabilities:
10:12:14.357 [main] INFO net.serenitybdd.core.webdriver.driverproviders.ChromeDriverProvider - Capabilities {acceptInsecureCerts: false, browserName: chrome, goog:chromeOptions: {args: [remote-allow-origins=*], extensions: []}}
10:12:14.433 [AsyncHttpClient-1-11] DEBUG org.asynchttpclient.netty.channel.NettyConnectListener - Using new Channel '[id: 0x765e7051, L:/127.0.0.1:51512 - R:localhost/127.0.0.1:8852]' for 'POST' to '/session'
10:12:15.106 [AsyncHttpClient-1-11] DEBUG org.asynchttpclient.netty.handler.HttpHandler - 

Request DefaultHttpRequest(decodeResult: success, version: HTTP/1.1)
POST /session HTTP/1.1
User-Agent: selenium/4.8.1 (java windows)
Content-Length: 507
Content-Type: application/json; charset=utf-8
host: localhost:8852
accept: */*

Response DefaultHttpResponse(decodeResult: success, version: HTTP/1.1)
HTTP/1.1 200 OK
Content-Length: 858
Content-Type: application/json; charset=utf-8
cache-control: no-cache

10:12:15.106 [AsyncHttpClient-1-11] DEBUG org.asynchttpclient.netty.channel.ChannelManager - Adding key: http://localhost:8852 for channel [id: 0x765e7051, L:/127.0.0.1:51512 - R:localhost/127.0.0.1:8852]
10:12:15.113 [AsyncHttpClient-1-12] DEBUG org.asynchttpclient.netty.channel.NettyConnectListener - Using new Channel '[id: 0x119365ad, L:/127.0.0.1:51519 - R:localhost/127.0.0.1:51513]' for 'GET' to '/json/version'
10:12:15.115 [AsyncHttpClient-1-12] DEBUG org.asynchttpclient.netty.handler.HttpHandler - 

Request DefaultFullHttpRequest(decodeResult: success, version: HTTP/1.1, content: EmptyByteBufBE)
GET /json/version HTTP/1.1
User-Agent: selenium/4.8.1 (java windows)
host: localhost:51513
accept: */*

Response DefaultHttpResponse(decodeResult: success, version: HTTP/1.1)
HTTP/1.1 200 OK
Content-Security-Policy: frame-ancestors 'none'
Content-Length: 424
Content-Type: application/json; charset=UTF-8

10:12:15.115 [AsyncHttpClient-1-12] DEBUG org.asynchttpclient.netty.channel.ChannelManager - Adding key: http://localhost:51513 for channel [id: 0x119365ad, L:/127.0.0.1:51519 - R:localhost/127.0.0.1:51513]
10:12:15.118 [AsyncHttpClient-1-13] DEBUG org.asynchttpclient.netty.channel.NettyConnectListener - Using new Channel '[id: 0x41d5e47e, L:/127.0.0.1:51520 - R:localhost/127.0.0.1:51513]' for 'GET' to '/devtools/browser/e6e4141b-8f0e-4e06-bf2e-b2baebe03571'
10:12:15.121 [AsyncHttpClient-1-13] DEBUG org.asynchttpclient.netty.handler.WebSocketHandler - 

Request DefaultFullHttpRequest(decodeResult: success, version: HTTP/1.1, content: EmptyByteBufBE)
GET /devtools/browser/e6e4141b-8f0e-4e06-bf2e-b2baebe03571 HTTP/1.1
upgrade: websocket
connection: upgrade
sec-websocket-key: qMPGUZnLvJTJwr+6+arPxg==
sec-websocket-version: 13
origin: http://localhost:51513
host: localhost:51513
accept: */*
user-agent: AHC/2.1

Response DefaultHttpResponse(decodeResult: success, version: HTTP/1.1)
HTTP/1.1 101 WebSocket Protocol Handshake
Upgrade: WebSocket
Connection: Upgrade
Sec-WebSocket-Accept: aVRS1x6rT4Q+1El7s18xSsU9C28=

10:12:15.125 [Forwarding get on session fc0a0cfdd0217b786f10e4a0c08dca3b to remote] DEBUG org.asynchttpclient.netty.request.NettyRequestSender - Using pooled Channel '[id: 0x765e7051, L:/127.0.0.1:51512 - R:localhost/127.0.0.1:8852]' for 'POST' to 'http://localhost:8852/session/fc0a0cfdd0217b786f10e4a0c08dca3b/url'
10:12:15.125 [Forwarding get on session fc0a0cfdd0217b786f10e4a0c08dca3b to remote] DEBUG org.asynchttpclient.netty.request.NettyRequestSender - Using open Channel [id: 0x765e7051, L:/127.0.0.1:51512 - R:localhost/127.0.0.1:8852] for POST '/session/fc0a0cfdd0217b786f10e4a0c08dca3b/url'
10:12:16.097 [AsyncHttpClient-1-1] DEBUG org.asynchttpclient.netty.channel.DefaultChannelPool - Entry count for : http://localhost:51513 : 1
10:12:16.115 [AsyncHttpClient-1-11] DEBUG org.asynchttpclient.netty.handler.HttpHandler - 

Request DefaultHttpRequest(decodeResult: success, version: HTTP/1.1)
POST /session/fc0a0cfdd0217b786f10e4a0c08dca3b/url HTTP/1.1
User-Agent: selenium/4.8.1 (java windows)
Content-Length: 74
Content-Type: application/json; charset=utf-8
host: localhost:8852
accept: */*

Response DefaultHttpResponse(decodeResult: success, version: HTTP/1.1)
HTTP/1.1 200 OK
Content-Length: 14
Content-Type: application/json; charset=utf-8
cache-control: no-cache

10:12:16.116 [AsyncHttpClient-1-11] DEBUG org.asynchttpclient.netty.channel.ChannelManager - Adding key: http://localhost:8852 for channel [id: 0x765e7051, L:/127.0.0.1:51512 - R:localhost/127.0.0.1:8852]
10:12:16.117 [Forwarding setTimeout on session fc0a0cfdd0217b786f10e4a0c08dca3b to remote] DEBUG org.asynchttpclient.netty.request.NettyRequestSender - Using pooled Channel '[id: 0x765e7051, L:/127.0.0.1:51512 - R:localhost/127.0.0.1:8852]' for 'POST' to 'http://localhost:8852/session/fc0a0cfdd0217b786f10e4a0c08dca3b/timeouts'
10:12:16.117 [Forwarding setTimeout on session fc0a0cfdd0217b786f10e4a0c08dca3b to remote] DEBUG org.asynchttpclient.netty.request.NettyRequestSender - Using open Channel [id: 0x765e7051, L:/127.0.0.1:51512 - R:localhost/127.0.0.1:8852] for POST '/session/fc0a0cfdd0217b786f10e4a0c08dca3b/timeouts'
10:12:16.117 [AsyncHttpClient-1-11] DEBUG org.asynchttpclient.netty.handler.HttpHandler - 

Request DefaultHttpRequest(decodeResult: success, version: HTTP/1.1)
POST /session/fc0a0cfdd0217b786f10e4a0c08dca3b/timeouts HTTP/1.1
User-Agent: selenium/4.8.1 (java windows)
Content-Length: 22
Content-Type: application/json; charset=utf-8
host: localhost:8852
accept: */*

Response DefaultHttpResponse(decodeResult: success, version: HTTP/1.1)
HTTP/1.1 200 OK
Content-Length: 14
Content-Type: application/json; charset=utf-8
cache-control: no-cache

10:12:16.118 [AsyncHttpClient-1-11] DEBUG org.asynchttpclient.netty.channel.ChannelManager - Adding key: http://localhost:8852 for channel [id: 0x765e7051, L:/127.0.0.1:51512 - R:localhost/127.0.0.1:8852]
10:12:16.122 [Forwarding getAlertText on session fc0a0cfdd0217b786f10e4a0c08dca3b to remote] DEBUG org.asynchttpclient.netty.request.NettyRequestSender - Using pooled Channel '[id: 0x765e7051, L:/127.0.0.1:51512 - R:localhost/127.0.0.1:8852]' for 'GET' to 'http://localhost:8852/session/fc0a0cfdd0217b786f10e4a0c08dca3b/alert/text'
10:12:16.122 [Forwarding getAlertText on session fc0a0cfdd0217b786f10e4a0c08dca3b to remote] DEBUG org.asynchttpclient.netty.request.NettyRequestSender - Using open Channel [id: 0x765e7051, L:/127.0.0.1:51512 - R:localhost/127.0.0.1:8852] for GET '/session/fc0a0cfdd0217b786f10e4a0c08dca3b/alert/text'
10:12:16.124 [AsyncHttpClient-1-11] DEBUG org.asynchttpclient.netty.handler.HttpHandler - 

Request DefaultFullHttpRequest(decodeResult: success, version: HTTP/1.1, content: EmptyByteBufBE)
GET /session/fc0a0cfdd0217b786f10e4a0c08dca3b/alert/text HTTP/1.1
User-Agent: selenium/4.8.1 (java windows)
Cache-Control: no-cache
Content-Type: application/json; charset=utf-8
host: localhost:8852
accept: */*

Response DefaultHttpResponse(decodeResult: success, version: HTTP/1.1)
HTTP/1.1 404 Not Found
Content-Length: 836
Content-Type: application/json; charset=utf-8
cache-control: no-cache

10:12:16.124 [AsyncHttpClient-1-11] DEBUG org.asynchttpclient.netty.channel.ChannelManager - Adding key: http://localhost:8852 for channel [id: 0x765e7051, L:/127.0.0.1:51512 - R:localhost/127.0.0.1:8852]
10:12:16.125 [Forwarding getCurrentUrl on session fc0a0cfdd0217b786f10e4a0c08dca3b to remote] DEBUG org.asynchttpclient.netty.request.NettyRequestSender - Using pooled Channel '[id: 0x765e7051, L:/127.0.0.1:51512 - R:localhost/127.0.0.1:8852]' for 'GET' to 'http://localhost:8852/session/fc0a0cfdd0217b786f10e4a0c08dca3b/url'
10:12:16.125 [Forwarding getCurrentUrl on session fc0a0cfdd0217b786f10e4a0c08dca3b to remote] DEBUG org.asynchttpclient.netty.request.NettyRequestSender - Using open Channel [id: 0x765e7051, L:/127.0.0.1:51512 - R:localhost/127.0.0.1:8852] for GET '/session/fc0a0cfdd0217b786f10e4a0c08dca3b/url'
10:12:16.131 [AsyncHttpClient-1-11] DEBUG org.asynchttpclient.netty.handler.HttpHandler - 

Request DefaultFullHttpRequest(decodeResult: success, version: HTTP/1.1, content: EmptyByteBufBE)
GET /session/fc0a0cfdd0217b786f10e4a0c08dca3b/url HTTP/1.1
User-Agent: selenium/4.8.1 (java windows)
Cache-Control: no-cache
Content-Type: application/json; charset=utf-8
host: localhost:8852
accept: */*

Response DefaultHttpResponse(decodeResult: success, version: HTTP/1.1)
HTTP/1.1 200 OK
Content-Length: 51
Content-Type: application/json; charset=utf-8
cache-control: no-cache

10:12:16.131 [AsyncHttpClient-1-11] DEBUG org.asynchttpclient.netty.channel.ChannelManager - Adding key: http://localhost:8852 for channel [id: 0x765e7051, L:/127.0.0.1:51512 - R:localhost/127.0.0.1:8852]
10:12:16.131 [Forwarding screenshot on session fc0a0cfdd0217b786f10e4a0c08dca3b to remote] DEBUG org.asynchttpclient.netty.request.NettyRequestSender - Using pooled Channel '[id: 0x765e7051, L:/127.0.0.1:51512 - R:localhost/127.0.0.1:8852]' for 'GET' to 'http://localhost:8852/session/fc0a0cfdd0217b786f10e4a0c08dca3b/screenshot'
10:12:16.131 [Forwarding screenshot on session fc0a0cfdd0217b786f10e4a0c08dca3b to remote] DEBUG org.asynchttpclient.netty.request.NettyRequestSender - Using open Channel [id: 0x765e7051, L:/127.0.0.1:51512 - R:localhost/127.0.0.1:8852] for GET '/session/fc0a0cfdd0217b786f10e4a0c08dca3b/screenshot'
10:12:16.210 [AsyncHttpClient-1-11] DEBUG org.asynchttpclient.netty.handler.HttpHandler - 

Request DefaultFullHttpRequest(decodeResult: success, version: HTTP/1.1, content: EmptyByteBufBE)
GET /session/fc0a0cfdd0217b786f10e4a0c08dca3b/screenshot HTTP/1.1
User-Agent: selenium/4.8.1 (java windows)
Cache-Control: no-cache
Content-Type: application/json; charset=utf-8
host: localhost:8852
accept: */*

Response DefaultHttpResponse(decodeResult: success, version: HTTP/1.1)
HTTP/1.1 200 OK
Content-Length: 32748
Content-Type: application/json; charset=utf-8
cache-control: no-cache

10:12:16.210 [AsyncHttpClient-1-11] DEBUG org.asynchttpclient.netty.channel.ChannelManager - Adding key: http://localhost:8852 for channel [id: 0x765e7051, L:/127.0.0.1:51512 - R:localhost/127.0.0.1:8852]
10:12:16.211 [main] DEBUG net.serenitybdd.core.photography.Darkroom - Send negative for processing for target\site\serenity\838a118defe8b2c78f320792ccc0dfcdbc689f4090a216cf0baf82906188e658.png
10:12:16.211 [main] DEBUG net.thucydides.core.steps.StepInterceptor - STEP DONE: openPage
  &amp#27;[32mGiven &amp#27;[0m&amp#27;[32mI am on the alta-shop login page&amp#27;[0m       &amp#27;[90m# starter.stepdefinitions.LoginSteps.onTheLoginPage()&amp#27;[0m
10:12:16.217 [Forwarding getPageSource on session fc0a0cfdd0217b786f10e4a0c08dca3b to remote] DEBUG org.asynchttpclient.netty.request.NettyRequestSender - Using pooled Channel '[id: 0x765e7051, L:/127.0.0.1:51512 - R:localhost/127.0.0.1:8852]' for 'POST' to 'http://localhost:8852/session/fc0a0cfdd0217b786f10e4a0c08dca3b/execute/sync'
10:12:16.217 [Forwarding getPageSource on session fc0a0cfdd0217b786f10e4a0c08dca3b to remote] DEBUG org.asynchttpclient.netty.request.NettyRequestSender - Using open Channel [id: 0x765e7051, L:/127.0.0.1:51512 - R:localhost/127.0.0.1:8852] for POST '/session/fc0a0cfdd0217b786f10e4a0c08dca3b/execute/sync'
10:12:16.221 [AsyncHttpClient-1-11] DEBUG org.asynchttpclient.netty.handler.HttpHandler - 

Request DefaultHttpRequest(decodeResult: success, version: HTTP/1.1)
POST /session/fc0a0cfdd0217b786f10e4a0c08dca3b/execute/sync HTTP/1.1
User-Agent: selenium/4.8.1 (java windows)
Content-Length: 176
Content-Type: application/json; charset=utf-8
host: localhost:8852
accept: */*

Response DefaultHttpResponse(decodeResult: success, version: HTTP/1.1)
HTTP/1.1 200 OK
Content-Length: 21659
Content-Type: application/json; charset=utf-8
cache-control: no-cache

10:12:16.221 [AsyncHttpClient-1-11] DEBUG org.asynchttpclient.netty.channel.ChannelManager - Adding key: http://localhost:8852 for channel [id: 0x765e7051, L:/127.0.0.1:51512 - R:localhost/127.0.0.1:8852]
10:12:16.222 [Forwarding getCurrentUrl on session fc0a0cfdd0217b786f10e4a0c08dca3b to remote] DEBUG org.asynchttpclient.netty.request.NettyRequestSender - Using pooled Channel '[id: 0x765e7051, L:/127.0.0.1:51512 - R:localhost/127.0.0.1:8852]' for 'GET' to 'http://localhost:8852/session/fc0a0cfdd0217b786f10e4a0c08dca3b/url'
10:12:16.222 [Forwarding getCurrentUrl on session fc0a0cfdd0217b786f10e4a0c08dca3b to remote] DEBUG org.asynchttpclient.netty.request.NettyRequestSender - Using open Channel [id: 0x765e7051, L:/127.0.0.1:51512 - R:localhost/127.0.0.1:8852] for GET '/session/fc0a0cfdd0217b786f10e4a0c08dca3b/url'
10:12:16.224 [AsyncHttpClient-1-11] DEBUG org.asynchttpclient.netty.handler.HttpHandler - 

Request DefaultFullHttpRequest(decodeResult: success, version: HTTP/1.1, content: EmptyByteBufBE)
GET /session/fc0a0cfdd0217b786f10e4a0c08dca3b/url HTTP/1.1
User-Agent: selenium/4.8.1 (java windows)
Cache-Control: no-cache
Content-Type: application/json; charset=utf-8
host: localhost:8852
accept: */*

Response DefaultHttpResponse(decodeResult: success, version: HTTP/1.1)
HTTP/1.1 200 OK
Content-Length: 51
Content-Type: application/json; charset=utf-8
cache-control: no-cache

10:12:16.224 [AsyncHttpClient-1-11] DEBUG org.asynchttpclient.netty.channel.ChannelManager - Adding key: http://localhost:8852 for channel [id: 0x765e7051, L:/127.0.0.1:51512 - R:localhost/127.0.0.1:8852]
10:12:16.235 [Forwarding getPageSource on session fc0a0cfdd0217b786f10e4a0c08dca3b to remote] DEBUG org.asynchttpclient.netty.request.NettyRequestSender - Using pooled Channel '[id: 0x765e7051, L:/127.0.0.1:51512 - R:localhost/127.0.0.1:8852]' for 'POST' to 'http://localhost:8852/session/fc0a0cfdd0217b786f10e4a0c08dca3b/execute/sync'
10:12:16.235 [Forwarding getPageSource on session fc0a0cfdd0217b786f10e4a0c08dca3b to remote] DEBUG org.asynchttpclient.netty.request.NettyRequestSender - Using open Channel [id: 0x765e7051, L:/127.0.0.1:51512 - R:localhost/127.0.0.1:8852] for POST '/session/fc0a0cfdd0217b786f10e4a0c08dca3b/execute/sync'
10:12:16.239 [AsyncHttpClient-1-11] DEBUG org.asynchttpclient.netty.handler.HttpHandler - 

Request DefaultHttpRequest(decodeResult: success, version: HTTP/1.1)
POST /session/fc0a0cfdd0217b786f10e4a0c08dca3b/execute/sync HTTP/1.1
User-Agent: selenium/4.8.1 (java windows)
Content-Length: 176
Content-Type: application/json; charset=utf-8
host: localhost:8852
accept: */*

Response DefaultHttpResponse(decodeResult: success, version: HTTP/1.1)
HTTP/1.1 200 OK
Content-Length: 21659
Content-Type: application/json; charset=utf-8
cache-control: no-cache

10:12:16.239 [AsyncHttpClient-1-11] DEBUG org.asynchttpclient.netty.channel.ChannelManager - Adding key: http://localhost:8852 for channel [id: 0x765e7051, L:/127.0.0.1:51512 - R:localhost/127.0.0.1:8852]
10:12:16.241 [Forwarding getCurrentUrl on session fc0a0cfdd0217b786f10e4a0c08dca3b to remote] DEBUG org.asynchttpclient.netty.request.NettyRequestSender - Using pooled Channel '[id: 0x765e7051, L:/127.0.0.1:51512 - R:localhost/127.0.0.1:8852]' for 'GET' to 'http://localhost:8852/session/fc0a0cfdd0217b786f10e4a0c08dca3b/url'
10:12:16.241 [Forwarding getCurrentUrl on session fc0a0cfdd0217b786f10e4a0c08dca3b to remote] DEBUG org.asynchttpclient.netty.request.NettyRequestSender - Using open Channel [id: 0x765e7051, L:/127.0.0.1:51512 - R:localhost/127.0.0.1:8852] for GET '/session/fc0a0cfdd0217b786f10e4a0c08dca3b/url'
10:12:16.243 [AsyncHttpClient-1-11] DEBUG org.asynchttpclient.netty.handler.HttpHandler - 

Request DefaultFullHttpRequest(decodeResult: success, version: HTTP/1.1, content: EmptyByteBufBE)
GET /session/fc0a0cfdd0217b786f10e4a0c08dca3b/url HTTP/1.1
User-Agent: selenium/4.8.1 (java windows)
Cache-Control: no-cache
Content-Type: application/json; charset=utf-8
host: localhost:8852
accept: */*

Response DefaultHttpResponse(decodeResult: success, version: HTTP/1.1)
HTTP/1.1 200 OK
Content-Length: 51
Content-Type: application/json; charset=utf-8
cache-control: no-cache

10:12:16.244 [AsyncHttpClient-1-11] DEBUG org.asynchttpclient.netty.channel.ChannelManager - Adding key: http://localhost:8852 for channel [id: 0x765e7051, L:/127.0.0.1:51512 - R:localhost/127.0.0.1:8852]
10:12:16.245 [main] DEBUG net.thucydides.core.steps.StepInterceptor - STARTING STEP: RegisterSteps.clickLoginButton - clickRegisterLink
10:12:16.246 [Forwarding findElement on session fc0a0cfdd0217b786f10e4a0c08dca3b to remote] DEBUG org.asynchttpclient.netty.request.NettyRequestSender - Using pooled Channel '[id: 0x765e7051, L:/127.0.0.1:51512 - R:localhost/127.0.0.1:8852]' for 'POST' to 'http://localhost:8852/session/fc0a0cfdd0217b786f10e4a0c08dca3b/element'
10:12:16.246 [Forwarding findElement on session fc0a0cfdd0217b786f10e4a0c08dca3b to remote] DEBUG org.asynchttpclient.netty.request.NettyRequestSender - Using open Channel [id: 0x765e7051, L:/127.0.0.1:51512 - R:localhost/127.0.0.1:8852] for POST '/session/fc0a0cfdd0217b786f10e4a0c08dca3b/element'
10:12:16.255 [AsyncHttpClient-1-11] DEBUG org.asynchttpclient.netty.handler.HttpHandler - 

Request DefaultHttpRequest(decodeResult: success, version: HTTP/1.1)
POST /session/fc0a0cfdd0217b786f10e4a0c08dca3b/element HTTP/1.1
User-Agent: selenium/4.8.1 (java windows)
Content-Length: 84
Content-Type: application/json; charset=utf-8
host: localhost:8852
accept: */*

Response DefaultHttpResponse(decodeResult: success, version: HTTP/1.1)
HTTP/1.1 200 OK
Content-Length: 88
Content-Type: application/json; charset=utf-8
cache-control: no-cache

10:12:16.255 [AsyncHttpClient-1-11] DEBUG org.asynchttpclient.netty.channel.ChannelManager - Adding key: http://localhost:8852 for channel [id: 0x765e7051, L:/127.0.0.1:51512 - R:localhost/127.0.0.1:8852]
10:12:16.256 [Forwarding getElementTagName on session fc0a0cfdd0217b786f10e4a0c08dca3b to remote] DEBUG org.asynchttpclient.netty.request.NettyRequestSender - Using pooled Channel '[id: 0x765e7051, L:/127.0.0.1:51512 - R:localhost/127.0.0.1:8852]' for 'GET' to 'http://localhost:8852/session/fc0a0cfdd0217b786f10e4a0c08dca3b/element/241bde0d-080a-4172-8a95-a62eb8bbdb6a/name'
10:12:16.256 [Forwarding getElementTagName on session fc0a0cfdd0217b786f10e4a0c08dca3b to remote] DEBUG org.asynchttpclient.netty.request.NettyRequestSender - Using open Channel [id: 0x765e7051, L:/127.0.0.1:51512 - R:localhost/127.0.0.1:8852] for GET '/session/fc0a0cfdd0217b786f10e4a0c08dca3b/element/241bde0d-080a-4172-8a95-a62eb8bbdb6a/name'
10:12:16.259 [AsyncHttpClient-1-11] DEBUG org.asynchttpclient.netty.handler.HttpHandler - 

Request DefaultFullHttpRequest(decodeResult: success, version: HTTP/1.1, content: EmptyByteBufBE)
GET /session/fc0a0cfdd0217b786f10e4a0c08dca3b/element/241bde0d-080a-4172-8a95-a62eb8bbdb6a/name HTTP/1.1
User-Agent: selenium/4.8.1 (java windows)
Cache-Control: no-cache
Content-Type: application/json; charset=utf-8
host: localhost:8852
accept: */*

Response DefaultHttpResponse(decodeResult: success, version: HTTP/1.1)
HTTP/1.1 200 OK
Content-Length: 13
Content-Type: application/json; charset=utf-8
cache-control: no-cache

10:12:16.259 [AsyncHttpClient-1-11] DEBUG org.asynchttpclient.netty.channel.ChannelManager - Adding key: http://localhost:8852 for channel [id: 0x765e7051, L:/127.0.0.1:51512 - R:localhost/127.0.0.1:8852]
10:12:16.260 [Forwarding getElementTagName on session fc0a0cfdd0217b786f10e4a0c08dca3b to remote] DEBUG org.asynchttpclient.netty.request.NettyRequestSender - Using pooled Channel '[id: 0x765e7051, L:/127.0.0.1:51512 - R:localhost/127.0.0.1:8852]' for 'GET' to 'http://localhost:8852/session/fc0a0cfdd0217b786f10e4a0c08dca3b/element/241bde0d-080a-4172-8a95-a62eb8bbdb6a/name'
10:12:16.260 [Forwarding getElementTagName on session fc0a0cfdd0217b786f10e4a0c08dca3b to remote] DEBUG org.asynchttpclient.netty.request.NettyRequestSender - Using open Channel [id: 0x765e7051, L:/127.0.0.1:51512 - R:localhost/127.0.0.1:8852] for GET '/session/fc0a0cfdd0217b786f10e4a0c08dca3b/element/241bde0d-080a-4172-8a95-a62eb8bbdb6a/name'
10:12:16.262 [AsyncHttpClient-1-11] DEBUG org.asynchttpclient.netty.handler.HttpHandler - 

Request DefaultFullHttpRequest(decodeResult: success, version: HTTP/1.1, content: EmptyByteBufBE)
GET /session/fc0a0cfdd0217b786f10e4a0c08dca3b/element/241bde0d-080a-4172-8a95-a62eb8bbdb6a/name HTTP/1.1
User-Agent: selenium/4.8.1 (java windows)
Cache-Control: no-cache
Content-Type: application/json; charset=utf-8
host: localhost:8852
accept: */*

Response DefaultHttpResponse(decodeResult: success, version: HTTP/1.1)
HTTP/1.1 200 OK
Content-Length: 13
Content-Type: application/json; charset=utf-8
cache-control: no-cache

10:12:16.262 [AsyncHttpClient-1-11] DEBUG org.asynchttpclient.netty.channel.ChannelManager - Adding key: http://localhost:8852 for channel [id: 0x765e7051, L:/127.0.0.1:51512 - R:localhost/127.0.0.1:8852]
10:12:16.263 [Forwarding findElement on session fc0a0cfdd0217b786f10e4a0c08dca3b to remote] DEBUG org.asynchttpclient.netty.request.NettyRequestSender - Using pooled Channel '[id: 0x765e7051, L:/127.0.0.1:51512 - R:localhost/127.0.0.1:8852]' for 'POST' to 'http://localhost:8852/session/fc0a0cfdd0217b786f10e4a0c08dca3b/element'
10:12:16.263 [Forwarding findElement on session fc0a0cfdd0217b786f10e4a0c08dca3b to remote] DEBUG org.asynchttpclient.netty.request.NettyRequestSender - Using open Channel [id: 0x765e7051, L:/127.0.0.1:51512 - R:localhost/127.0.0.1:8852] for POST '/session/fc0a0cfdd0217b786f10e4a0c08dca3b/element'
10:12:16.267 [AsyncHttpClient-1-11] DEBUG org.asynchttpclient.netty.handler.HttpHandler - 

Request DefaultHttpRequest(decodeResult: success, version: HTTP/1.1)
POST /session/fc0a0cfdd0217b786f10e4a0c08dca3b/element HTTP/1.1
User-Agent: selenium/4.8.1 (java windows)
Content-Length: 84
Content-Type: application/json; charset=utf-8
host: localhost:8852
accept: */*

Response DefaultHttpResponse(decodeResult: success, version: HTTP/1.1)
HTTP/1.1 200 OK
Content-Length: 88
Content-Type: application/json; charset=utf-8
cache-control: no-cache

10:12:16.268 [AsyncHttpClient-1-11] DEBUG org.asynchttpclient.netty.channel.ChannelManager - Adding key: http://localhost:8852 for channel [id: 0x765e7051, L:/127.0.0.1:51512 - R:localhost/127.0.0.1:8852]
10:12:16.268 [Forwarding clickElement on session fc0a0cfdd0217b786f10e4a0c08dca3b to remote] DEBUG org.asynchttpclient.netty.request.NettyRequestSender - Using pooled Channel '[id: 0x765e7051, L:/127.0.0.1:51512 - R:localhost/127.0.0.1:8852]' for 'POST' to 'http://localhost:8852/session/fc0a0cfdd0217b786f10e4a0c08dca3b/element/241bde0d-080a-4172-8a95-a62eb8bbdb6a/click'
10:12:16.268 [Forwarding clickElement on session fc0a0cfdd0217b786f10e4a0c08dca3b to remote] DEBUG org.asynchttpclient.netty.request.NettyRequestSender - Using open Channel [id: 0x765e7051, L:/127.0.0.1:51512 - R:localhost/127.0.0.1:8852] for POST '/session/fc0a0cfdd0217b786f10e4a0c08dca3b/element/241bde0d-080a-4172-8a95-a62eb8bbdb6a/click'
10:12:16.310 [AsyncHttpClient-1-11] DEBUG org.asynchttpclient.netty.handler.HttpHandler - 

Request DefaultHttpRequest(decodeResult: success, version: HTTP/1.1)
POST /session/fc0a0cfdd0217b786f10e4a0c08dca3b/element/241bde0d-080a-4172-8a95-a62eb8bbdb6a/click HTTP/1.1
User-Agent: selenium/4.8.1 (java windows)
Content-Length: 50
Content-Type: application/json; charset=utf-8
host: localhost:8852
accept: */*

Response DefaultHttpResponse(decodeResult: success, version: HTTP/1.1)
HTTP/1.1 200 OK
Content-Length: 14
Content-Type: application/json; charset=utf-8
cache-control: no-cache

10:12:16.310 [AsyncHttpClient-1-11] DEBUG org.asynchttpclient.netty.channel.ChannelManager - Adding key: http://localhost:8852 for channel [id: 0x765e7051, L:/127.0.0.1:51512 - R:localhost/127.0.0.1:8852]
10:12:16.316 [Forwarding getAlertText on session fc0a0cfdd0217b786f10e4a0c08dca3b to remote] DEBUG org.asynchttpclient.netty.request.NettyRequestSender - Using pooled Channel '[id: 0x765e7051, L:/127.0.0.1:51512 - R:localhost/127.0.0.1:8852]' for 'GET' to 'http://localhost:8852/session/fc0a0cfdd0217b786f10e4a0c08dca3b/alert/text'
10:12:16.316 [Forwarding getAlertText on session fc0a0cfdd0217b786f10e4a0c08dca3b to remote] DEBUG org.asynchttpclient.netty.request.NettyRequestSender - Using open Channel [id: 0x765e7051, L:/127.0.0.1:51512 - R:localhost/127.0.0.1:8852] for GET '/session/fc0a0cfdd0217b786f10e4a0c08dca3b/alert/text'
10:12:16.317 [AsyncHttpClient-1-11] DEBUG org.asynchttpclient.netty.handler.HttpHandler - 

Request DefaultFullHttpRequest(decodeResult: success, version: HTTP/1.1, content: EmptyByteBufBE)
GET /session/fc0a0cfdd0217b786f10e4a0c08dca3b/alert/text HTTP/1.1
User-Agent: selenium/4.8.1 (java windows)
Cache-Control: no-cache
Content-Type: application/json; charset=utf-8
host: localhost:8852
accept: */*

Response DefaultHttpResponse(decodeResult: success, version: HTTP/1.1)
HTTP/1.1 404 Not Found
Content-Length: 836
Content-Type: application/json; charset=utf-8
cache-control: no-cache

10:12:16.318 [AsyncHttpClient-1-11] DEBUG org.asynchttpclient.netty.channel.ChannelManager - Adding key: http://localhost:8852 for channel [id: 0x765e7051, L:/127.0.0.1:51512 - R:localhost/127.0.0.1:8852]
10:12:16.319 [Forwarding getCurrentUrl on session fc0a0cfdd0217b786f10e4a0c08dca3b to remote] DEBUG org.asynchttpclient.netty.request.NettyRequestSender - Using pooled Channel '[id: 0x765e7051, L:/127.0.0.1:51512 - R:localhost/127.0.0.1:8852]' for 'GET' to 'http://localhost:8852/session/fc0a0cfdd0217b786f10e4a0c08dca3b/url'
10:12:16.319 [Forwarding getCurrentUrl on session fc0a0cfdd0217b786f10e4a0c08dca3b to remote] DEBUG org.asynchttpclient.netty.request.NettyRequestSender - Using open Channel [id: 0x765e7051, L:/127.0.0.1:51512 - R:localhost/127.0.0.1:8852] for GET '/session/fc0a0cfdd0217b786f10e4a0c08dca3b/url'
10:12:16.322 [AsyncHttpClient-1-11] DEBUG org.asynchttpclient.netty.handler.HttpHandler - 

Request DefaultFullHttpRequest(decodeResult: success, version: HTTP/1.1, content: EmptyByteBufBE)
GET /session/fc0a0cfdd0217b786f10e4a0c08dca3b/url HTTP/1.1
User-Agent: selenium/4.8.1 (java windows)
Cache-Control: no-cache
Content-Type: application/json; charset=utf-8
host: localhost:8852
accept: */*

Response DefaultHttpResponse(decodeResult: success, version: HTTP/1.1)
HTTP/1.1 200 OK
Content-Length: 54
Content-Type: application/json; charset=utf-8
cache-control: no-cache

10:12:16.322 [AsyncHttpClient-1-11] DEBUG org.asynchttpclient.netty.channel.ChannelManager - Adding key: http://localhost:8852 for channel [id: 0x765e7051, L:/127.0.0.1:51512 - R:localhost/127.0.0.1:8852]
10:12:16.323 [Forwarding screenshot on session fc0a0cfdd0217b786f10e4a0c08dca3b to remote] DEBUG org.asynchttpclient.netty.request.NettyRequestSender - Using pooled Channel '[id: 0x765e7051, L:/127.0.0.1:51512 - R:localhost/127.0.0.1:8852]' for 'GET' to 'http://localhost:8852/session/fc0a0cfdd0217b786f10e4a0c08dca3b/screenshot'
10:12:16.323 [Forwarding screenshot on session fc0a0cfdd0217b786f10e4a0c08dca3b to remote] DEBUG org.asynchttpclient.netty.request.NettyRequestSender - Using open Channel [id: 0x765e7051, L:/127.0.0.1:51512 - R:localhost/127.0.0.1:8852] for GET '/session/fc0a0cfdd0217b786f10e4a0c08dca3b/screenshot'
10:12:16.411 [AsyncHttpClient-1-11] DEBUG org.asynchttpclient.netty.handler.HttpHandler - 

Request DefaultFullHttpRequest(decodeResult: success, version: HTTP/1.1, content: EmptyByteBufBE)
GET /session/fc0a0cfdd0217b786f10e4a0c08dca3b/screenshot HTTP/1.1
User-Agent: selenium/4.8.1 (java windows)
Cache-Control: no-cache
Content-Type: application/json; charset=utf-8
host: localhost:8852
accept: */*

Response DefaultHttpResponse(decodeResult: success, version: HTTP/1.1)
HTTP/1.1 200 OK
Content-Length: 38084
Content-Type: application/json; charset=utf-8
cache-control: no-cache

10:12:16.411 [AsyncHttpClient-1-11] DEBUG org.asynchttpclient.netty.channel.ChannelManager - Adding key: http://localhost:8852 for channel [id: 0x765e7051, L:/127.0.0.1:51512 - R:localhost/127.0.0.1:8852]
10:12:16.412 [main] DEBUG net.serenitybdd.core.photography.Darkroom - Send negative for processing for target\site\serenity\2694e9996cbd76a8f15fd135803fe9228838735a339920f4e9a891ac352333ff.png
10:12:16.412 [main] DEBUG net.thucydides.core.steps.StepInterceptor - STEP DONE: clickRegisterLink
  &amp#27;[32mWhen &amp#27;[0m&amp#27;[32mI go to the alta-shop register page&amp#27;[0m     &amp#27;[90m# starter.stepdefinitions.RegisterSteps.clickLoginButton()&amp#27;[0m
10:12:16.418 [Forwarding getPageSource on session fc0a0cfdd0217b786f10e4a0c08dca3b to remote] DEBUG org.asynchttpclient.netty.request.NettyRequestSender - Using pooled Channel '[id: 0x765e7051, L:/127.0.0.1:51512 - R:localhost/127.0.0.1:8852]' for 'POST' to 'http://localhost:8852/session/fc0a0cfdd0217b786f10e4a0c08dca3b/execute/sync'
10:12:16.418 [Forwarding getPageSource on session fc0a0cfdd0217b786f10e4a0c08dca3b to remote] DEBUG org.asynchttpclient.netty.request.NettyRequestSender - Using open Channel [id: 0x765e7051, L:/127.0.0.1:51512 - R:localhost/127.0.0.1:8852] for POST '/session/fc0a0cfdd0217b786f10e4a0c08dca3b/execute/sync'
10:12:16.422 [AsyncHttpClient-1-11] DEBUG org.asynchttpclient.netty.handler.HttpHandler - 

Request DefaultHttpRequest(decodeResult: success, version: HTTP/1.1)
POST /session/fc0a0cfdd0217b786f10e4a0c08dca3b/execute/sync HTTP/1.1
User-Agent: selenium/4.8.1 (java windows)
Content-Length: 176
Content-Type: application/json; charset=utf-8
host: localhost:8852
accept: */*

Response DefaultHttpResponse(decodeResult: success, version: HTTP/1.1)
HTTP/1.1 200 OK
Content-Length: 22314
Content-Type: application/json; charset=utf-8
cache-control: no-cache

10:12:16.422 [AsyncHttpClient-1-11] DEBUG org.asynchttpclient.netty.channel.ChannelManager - Adding key: http://localhost:8852 for channel [id: 0x765e7051, L:/127.0.0.1:51512 - R:localhost/127.0.0.1:8852]
10:12:16.424 [Forwarding getCurrentUrl on session fc0a0cfdd0217b786f10e4a0c08dca3b to remote] DEBUG org.asynchttpclient.netty.request.NettyRequestSender - Using pooled Channel '[id: 0x765e7051, L:/127.0.0.1:51512 - R:localhost/127.0.0.1:8852]' for 'GET' to 'http://localhost:8852/session/fc0a0cfdd0217b786f10e4a0c08dca3b/url'
10:12:16.424 [Forwarding getCurrentUrl on session fc0a0cfdd0217b786f10e4a0c08dca3b to remote] DEBUG org.asynchttpclient.netty.request.NettyRequestSender - Using open Channel [id: 0x765e7051, L:/127.0.0.1:51512 - R:localhost/127.0.0.1:8852] for GET '/session/fc0a0cfdd0217b786f10e4a0c08dca3b/url'
10:12:16.427 [AsyncHttpClient-1-11] DEBUG org.asynchttpclient.netty.handler.HttpHandler - 

Request DefaultFullHttpRequest(decodeResult: success, version: HTTP/1.1, content: EmptyByteBufBE)
GET /session/fc0a0cfdd0217b786f10e4a0c08dca3b/url HTTP/1.1
User-Agent: selenium/4.8.1 (java windows)
Cache-Control: no-cache
Content-Type: application/json; charset=utf-8
host: localhost:8852
accept: */*

Response DefaultHttpResponse(decodeResult: success, version: HTTP/1.1)
HTTP/1.1 200 OK
Content-Length: 54
Content-Type: application/json; charset=utf-8
cache-control: no-cache

10:12:16.427 [AsyncHttpClient-1-11] DEBUG org.asynchttpclient.netty.channel.ChannelManager - Adding key: http://localhost:8852 for channel [id: 0x765e7051, L:/127.0.0.1:51512 - R:localhost/127.0.0.1:8852]
10:12:16.437 [Forwarding getPageSource on session fc0a0cfdd0217b786f10e4a0c08dca3b to remote] DEBUG org.asynchttpclient.netty.request.NettyRequestSender - Using pooled Channel '[id: 0x765e7051, L:/127.0.0.1:51512 - R:localhost/127.0.0.1:8852]' for 'POST' to 'http://localhost:8852/session/fc0a0cfdd0217b786f10e4a0c08dca3b/execute/sync'
10:12:16.437 [Forwarding getPageSource on session fc0a0cfdd0217b786f10e4a0c08dca3b to remote] DEBUG org.asynchttpclient.netty.request.NettyRequestSender - Using open Channel [id: 0x765e7051, L:/127.0.0.1:51512 - R:localhost/127.0.0.1:8852] for POST '/session/fc0a0cfdd0217b786f10e4a0c08dca3b/execute/sync'
10:12:16.441 [AsyncHttpClient-1-11] DEBUG org.asynchttpclient.netty.handler.HttpHandler - 

Request DefaultHttpRequest(decodeResult: success, version: HTTP/1.1)
POST /session/fc0a0cfdd0217b786f10e4a0c08dca3b/execute/sync HTTP/1.1
User-Agent: selenium/4.8.1 (java windows)
Content-Length: 176
Content-Type: application/json; charset=utf-8
host: localhost:8852
accept: */*

Response DefaultHttpResponse(decodeResult: success, version: HTTP/1.1)
HTTP/1.1 200 OK
Content-Length: 22314
Content-Type: application/json; charset=utf-8
cache-control: no-cache

10:12:16.441 [AsyncHttpClient-1-11] DEBUG org.asynchttpclient.netty.channel.ChannelManager - Adding key: http://localhost:8852 for channel [id: 0x765e7051, L:/127.0.0.1:51512 - R:localhost/127.0.0.1:8852]
10:12:16.444 [Forwarding getCurrentUrl on session fc0a0cfdd0217b786f10e4a0c08dca3b to remote] DEBUG org.asynchttpclient.netty.request.NettyRequestSender - Using pooled Channel '[id: 0x765e7051, L:/127.0.0.1:51512 - R:localhost/127.0.0.1:8852]' for 'GET' to 'http://localhost:8852/session/fc0a0cfdd0217b786f10e4a0c08dca3b/url'
10:12:16.444 [Forwarding getCurrentUrl on session fc0a0cfdd0217b786f10e4a0c08dca3b to remote] DEBUG org.asynchttpclient.netty.request.NettyRequestSender - Using open Channel [id: 0x765e7051, L:/127.0.0.1:51512 - R:localhost/127.0.0.1:8852] for GET '/session/fc0a0cfdd0217b786f10e4a0c08dca3b/url'
10:12:16.447 [AsyncHttpClient-1-11] DEBUG org.asynchttpclient.netty.handler.HttpHandler - 

Request DefaultFullHttpRequest(decodeResult: success, version: HTTP/1.1, content: EmptyByteBufBE)
GET /session/fc0a0cfdd0217b786f10e4a0c08dca3b/url HTTP/1.1
User-Agent: selenium/4.8.1 (java windows)
Cache-Control: no-cache
Content-Type: application/json; charset=utf-8
host: localhost:8852
accept: */*

Response DefaultHttpResponse(decodeResult: success, version: HTTP/1.1)
HTTP/1.1 200 OK
Content-Length: 54
Content-Type: application/json; charset=utf-8
cache-control: no-cache

10:12:16.447 [AsyncHttpClient-1-11] DEBUG org.asynchttpclient.netty.channel.ChannelManager - Adding key: http://localhost:8852 for channel [id: 0x765e7051, L:/127.0.0.1:51512 - R:localhost/127.0.0.1:8852]
10:12:16.449 [main] DEBUG net.thucydides.core.steps.StepInterceptor - STARTING STEP: RegisterSteps.inputFullnameReg - inputFullnameReg
10:12:16.451 [Forwarding findElement on session fc0a0cfdd0217b786f10e4a0c08dca3b to remote] DEBUG org.asynchttpclient.netty.request.NettyRequestSender - Using pooled Channel '[id: 0x765e7051, L:/127.0.0.1:51512 - R:localhost/127.0.0.1:8852]' for 'POST' to 'http://localhost:8852/session/fc0a0cfdd0217b786f10e4a0c08dca3b/element'
10:12:16.451 [Forwarding findElement on session fc0a0cfdd0217b786f10e4a0c08dca3b to remote] DEBUG org.asynchttpclient.netty.request.NettyRequestSender - Using open Channel [id: 0x765e7051, L:/127.0.0.1:51512 - R:localhost/127.0.0.1:8852] for POST '/session/fc0a0cfdd0217b786f10e4a0c08dca3b/element'
10:12:16.461 [AsyncHttpClient-1-11] DEBUG org.asynchttpclient.netty.handler.HttpHandler - 

Request DefaultHttpRequest(decodeResult: success, version: HTTP/1.1)
POST /session/fc0a0cfdd0217b786f10e4a0c08dca3b/element HTTP/1.1
User-Agent: selenium/4.8.1 (java windows)
Content-Length: 55
Content-Type: application/json; charset=utf-8
host: localhost:8852
accept: */*

Response DefaultHttpResponse(decodeResult: success, version: HTTP/1.1)
HTTP/1.1 200 OK
Content-Length: 88
Content-Type: application/json; charset=utf-8
cache-control: no-cache

10:12:16.461 [AsyncHttpClient-1-11] DEBUG org.asynchttpclient.netty.channel.ChannelManager - Adding key: http://localhost:8852 for channel [id: 0x765e7051, L:/127.0.0.1:51512 - R:localhost/127.0.0.1:8852]
10:12:16.462 [Forwarding clearElement on session fc0a0cfdd0217b786f10e4a0c08dca3b to remote] DEBUG org.asynchttpclient.netty.request.NettyRequestSender - Using pooled Channel '[id: 0x765e7051, L:/127.0.0.1:51512 - R:localhost/127.0.0.1:8852]' for 'POST' to 'http://localhost:8852/session/fc0a0cfdd0217b786f10e4a0c08dca3b/element/d0e26177-8ccb-4d27-ab69-d4f0fb49d839/clear'
10:12:16.462 [Forwarding clearElement on session fc0a0cfdd0217b786f10e4a0c08dca3b to remote] DEBUG org.asynchttpclient.netty.request.NettyRequestSender - Using open Channel [id: 0x765e7051, L:/127.0.0.1:51512 - R:localhost/127.0.0.1:8852] for POST '/session/fc0a0cfdd0217b786f10e4a0c08dca3b/element/d0e26177-8ccb-4d27-ab69-d4f0fb49d839/clear'
10:12:16.495 [AsyncHttpClient-1-11] DEBUG org.asynchttpclient.netty.handler.HttpHandler - 

Request DefaultHttpRequest(decodeResult: success, version: HTTP/1.1)
POST /session/fc0a0cfdd0217b786f10e4a0c08dca3b/element/d0e26177-8ccb-4d27-ab69-d4f0fb49d839/clear HTTP/1.1
User-Agent: selenium/4.8.1 (java windows)
Content-Length: 50
Content-Type: application/json; charset=utf-8
host: localhost:8852
accept: */*

Response DefaultHttpResponse(decodeResult: success, version: HTTP/1.1)
HTTP/1.1 200 OK
Content-Length: 14
Content-Type: application/json; charset=utf-8
cache-control: no-cache

10:12:16.495 [AsyncHttpClient-1-11] DEBUG org.asynchttpclient.netty.channel.ChannelManager - Adding key: http://localhost:8852 for channel [id: 0x765e7051, L:/127.0.0.1:51512 - R:localhost/127.0.0.1:8852]
10:12:16.496 [Forwarding sendKeysToElement on session fc0a0cfdd0217b786f10e4a0c08dca3b to remote] DEBUG org.asynchttpclient.netty.request.NettyRequestSender - Using pooled Channel '[id: 0x765e7051, L:/127.0.0.1:51512 - R:localhost/127.0.0.1:8852]' for 'POST' to 'http://localhost:8852/session/fc0a0cfdd0217b786f10e4a0c08dca3b/element/d0e26177-8ccb-4d27-ab69-d4f0fb49d839/value'
10:12:16.496 [Forwarding sendKeysToElement on session fc0a0cfdd0217b786f10e4a0c08dca3b to remote] DEBUG org.asynchttpclient.netty.request.NettyRequestSender - Using open Channel [id: 0x765e7051, L:/127.0.0.1:51512 - R:localhost/127.0.0.1:8852] for POST '/session/fc0a0cfdd0217b786f10e4a0c08dca3b/element/d0e26177-8ccb-4d27-ab69-d4f0fb49d839/value'
10:12:16.544 [AsyncHttpClient-1-11] DEBUG org.asynchttpclient.netty.handler.HttpHandler - 

Request DefaultHttpRequest(decodeResult: success, version: HTTP/1.1)
POST /session/fc0a0cfdd0217b786f10e4a0c08dca3b/element/d0e26177-8ccb-4d27-ab69-d4f0fb49d839/value HTTP/1.1
User-Agent: selenium/4.8.1 (java windows)
Content-Length: 121
Content-Type: application/json; charset=utf-8
host: localhost:8852
accept: */*

Response DefaultHttpResponse(decodeResult: success, version: HTTP/1.1)
HTTP/1.1 200 OK
Content-Length: 14
Content-Type: application/json; charset=utf-8
cache-control: no-cache

10:12:16.544 [AsyncHttpClient-1-11] DEBUG org.asynchttpclient.netty.channel.ChannelManager - Adding key: http://localhost:8852 for channel [id: 0x765e7051, L:/127.0.0.1:51512 - R:localhost/127.0.0.1:8852]
10:12:16.549 [Forwarding getAlertText on session fc0a0cfdd0217b786f10e4a0c08dca3b to remote] DEBUG org.asynchttpclient.netty.request.NettyRequestSender - Using pooled Channel '[id: 0x765e7051, L:/127.0.0.1:51512 - R:localhost/127.0.0.1:8852]' for 'GET' to 'http://localhost:8852/session/fc0a0cfdd0217b786f10e4a0c08dca3b/alert/text'
10:12:16.549 [Forwarding getAlertText on session fc0a0cfdd0217b786f10e4a0c08dca3b to remote] DEBUG org.asynchttpclient.netty.request.NettyRequestSender - Using open Channel [id: 0x765e7051, L:/127.0.0.1:51512 - R:localhost/127.0.0.1:8852] for GET '/session/fc0a0cfdd0217b786f10e4a0c08dca3b/alert/text'
10:12:16.550 [AsyncHttpClient-1-11] DEBUG org.asynchttpclient.netty.handler.HttpHandler - 

Request DefaultFullHttpRequest(decodeResult: success, version: HTTP/1.1, content: EmptyByteBufBE)
GET /session/fc0a0cfdd0217b786f10e4a0c08dca3b/alert/text HTTP/1.1
User-Agent: selenium/4.8.1 (java windows)
Cache-Control: no-cache
Content-Type: application/json; charset=utf-8
host: localhost:8852
accept: */*

Response DefaultHttpResponse(decodeResult: success, version: HTTP/1.1)
HTTP/1.1 404 Not Found
Content-Length: 836
Content-Type: application/json; charset=utf-8
cache-control: no-cache

10:12:16.550 [AsyncHttpClient-1-11] DEBUG org.asynchttpclient.netty.channel.ChannelManager - Adding key: http://localhost:8852 for channel [id: 0x765e7051, L:/127.0.0.1:51512 - R:localhost/127.0.0.1:8852]
10:12:16.551 [Forwarding getCurrentUrl on session fc0a0cfdd0217b786f10e4a0c08dca3b to remote] DEBUG org.asynchttpclient.netty.request.NettyRequestSender - Using pooled Channel '[id: 0x765e7051, L:/127.0.0.1:51512 - R:localhost/127.0.0.1:8852]' for 'GET' to 'http://localhost:8852/session/fc0a0cfdd0217b786f10e4a0c08dca3b/url'
10:12:16.551 [Forwarding getCurrentUrl on session fc0a0cfdd0217b786f10e4a0c08dca3b to remote] DEBUG org.asynchttpclient.netty.request.NettyRequestSender - Using open Channel [id: 0x765e7051, L:/127.0.0.1:51512 - R:localhost/127.0.0.1:8852] for GET '/session/fc0a0cfdd0217b786f10e4a0c08dca3b/url'
10:12:16.555 [AsyncHttpClient-1-11] DEBUG org.asynchttpclient.netty.handler.HttpHandler - 

Request DefaultFullHttpRequest(decodeResult: success, version: HTTP/1.1, content: EmptyByteBufBE)
GET /session/fc0a0cfdd0217b786f10e4a0c08dca3b/url HTTP/1.1
User-Agent: selenium/4.8.1 (java windows)
Cache-Control: no-cache
Content-Type: application/json; charset=utf-8
host: localhost:8852
accept: */*

Response DefaultHttpResponse(decodeResult: success, version: HTTP/1.1)
HTTP/1.1 200 OK
Content-Length: 54
Content-Type: application/json; charset=utf-8
cache-control: no-cache

10:12:16.555 [AsyncHttpClient-1-11] DEBUG org.asynchttpclient.netty.channel.ChannelManager - Adding key: http://localhost:8852 for channel [id: 0x765e7051, L:/127.0.0.1:51512 - R:localhost/127.0.0.1:8852]
10:12:16.556 [Forwarding screenshot on session fc0a0cfdd0217b786f10e4a0c08dca3b to remote] DEBUG org.asynchttpclient.netty.request.NettyRequestSender - Using pooled Channel '[id: 0x765e7051, L:/127.0.0.1:51512 - R:localhost/127.0.0.1:8852]' for 'GET' to 'http://localhost:8852/session/fc0a0cfdd0217b786f10e4a0c08dca3b/screenshot'
10:12:16.556 [Forwarding screenshot on session fc0a0cfdd0217b786f10e4a0c08dca3b to remote] DEBUG org.asynchttpclient.netty.request.NettyRequestSender - Using open Channel [id: 0x765e7051, L:/127.0.0.1:51512 - R:localhost/127.0.0.1:8852] for GET '/session/fc0a0cfdd0217b786f10e4a0c08dca3b/screenshot'
10:12:16.672 [AsyncHttpClient-1-11] DEBUG org.asynchttpclient.netty.handler.HttpHandler - 

Request DefaultFullHttpRequest(decodeResult: success, version: HTTP/1.1, content: EmptyByteBufBE)
GET /session/fc0a0cfdd0217b786f10e4a0c08dca3b/screenshot HTTP/1.1
User-Agent: selenium/4.8.1 (java windows)
Cache-Control: no-cache
Content-Type: application/json; charset=utf-8
host: localhost:8852
accept: */*

Response DefaultHttpResponse(decodeResult: success, version: HTTP/1.1)
HTTP/1.1 200 OK
Content-Length: 39772
Content-Type: application/json; charset=utf-8
cache-control: no-cache

10:12:16.672 [AsyncHttpClient-1-11] DEBUG org.asynchttpclient.netty.channel.ChannelManager - Adding key: http://localhost:8852 for channel [id: 0x765e7051, L:/127.0.0.1:51512 - R:localhost/127.0.0.1:8852]
10:12:16.673 [main] DEBUG net.serenitybdd.core.photography.Darkroom - Send negative for processing for target\site\serenity\3026cb352a2bf14b18600d39e56e7ff6ec51721a933154706dccf60364419d2b.png
10:12:16.673 [main] DEBUG net.thucydides.core.steps.StepInterceptor - STEP DONE: inputFullnameReg
  &amp#27;[32mAnd &amp#27;[0m&amp#27;[32mI input correct fullname for register&amp#27;[0m    &amp#27;[90m# starter.stepdefinitions.RegisterSteps.inputFullnameReg()&amp#27;[0m
10:12:16.673 [Darkroom Processing Line] DEBUG net.serenitybdd.core.photography.DarkroomProcessingLine - Processing screenshot image in /var/screenshots/screenshot-3376932924177673242
10:12:16.673 [Darkroom Processing Line] DEBUG net.serenitybdd.core.photography.DarkroomProcessingLine - Saving screenshot to target\site\serenity\3026cb352a2bf14b18600d39e56e7ff6ec51721a933154706dccf60364419d2b.png
10:12:16.680 [Forwarding getPageSource on session fc0a0cfdd0217b786f10e4a0c08dca3b to remote] DEBUG org.asynchttpclient.netty.request.NettyRequestSender - Using pooled Channel '[id: 0x765e7051, L:/127.0.0.1:51512 - R:localhost/127.0.0.1:8852]' for 'POST' to 'http://localhost:8852/session/fc0a0cfdd0217b786f10e4a0c08dca3b/execute/sync'
10:12:16.680 [Forwarding getPageSource on session fc0a0cfdd0217b786f10e4a0c08dca3b to remote] DEBUG org.asynchttpclient.netty.request.NettyRequestSender - Using open Channel [id: 0x765e7051, L:/127.0.0.1:51512 - R:localhost/127.0.0.1:8852] for POST '/session/fc0a0cfdd0217b786f10e4a0c08dca3b/execute/sync'
10:12:16.684 [AsyncHttpClient-1-11] DEBUG org.asynchttpclient.netty.handler.HttpHandler - 

Request DefaultHttpRequest(decodeResult: success, version: HTTP/1.1)
POST /session/fc0a0cfdd0217b786f10e4a0c08dca3b/execute/sync HTTP/1.1
User-Agent: selenium/4.8.1 (java windows)
Content-Length: 176
Content-Type: application/json; charset=utf-8
host: localhost:8852
accept: */*

Response DefaultHttpResponse(decodeResult: success, version: HTTP/1.1)
HTTP/1.1 200 OK
Content-Length: 22435
Content-Type: application/json; charset=utf-8
cache-control: no-cache

10:12:16.684 [AsyncHttpClient-1-11] DEBUG org.asynchttpclient.netty.channel.ChannelManager - Adding key: http://localhost:8852 for channel [id: 0x765e7051, L:/127.0.0.1:51512 - R:localhost/127.0.0.1:8852]
10:12:16.686 [Forwarding getCurrentUrl on session fc0a0cfdd0217b786f10e4a0c08dca3b to remote] DEBUG org.asynchttpclient.netty.request.NettyRequestSender - Using pooled Channel '[id: 0x765e7051, L:/127.0.0.1:51512 - R:localhost/127.0.0.1:8852]' for 'GET' to 'http://localhost:8852/session/fc0a0cfdd0217b786f10e4a0c08dca3b/url'
10:12:16.686 [Forwarding getCurrentUrl on session fc0a0cfdd0217b786f10e4a0c08dca3b to remote] DEBUG org.asynchttpclient.netty.request.NettyRequestSender - Using open Channel [id: 0x765e7051, L:/127.0.0.1:51512 - R:localhost/127.0.0.1:8852] for GET '/session/fc0a0cfdd0217b786f10e4a0c08dca3b/url'
10:12:16.688 [AsyncHttpClient-1-11] DEBUG org.asynchttpclient.netty.handler.HttpHandler - 

Request DefaultFullHttpRequest(decodeResult: success, version: HTTP/1.1, content: EmptyByteBufBE)
GET /session/fc0a0cfdd0217b786f10e4a0c08dca3b/url HTTP/1.1
User-Agent: selenium/4.8.1 (java windows)
Cache-Control: no-cache
Content-Type: application/json; charset=utf-8
host: localhost:8852
accept: */*

Response DefaultHttpResponse(decodeResult: success, version: HTTP/1.1)
HTTP/1.1 200 OK
Content-Length: 54
Content-Type: application/json; charset=utf-8
cache-control: no-cache

10:12:16.688 [AsyncHttpClient-1-11] DEBUG org.asynchttpclient.netty.channel.ChannelManager - Adding key: http://localhost:8852 for channel [id: 0x765e7051, L:/127.0.0.1:51512 - R:localhost/127.0.0.1:8852]
10:12:16.695 [Forwarding getPageSource on session fc0a0cfdd0217b786f10e4a0c08dca3b to remote] DEBUG org.asynchttpclient.netty.request.NettyRequestSender - Using pooled Channel '[id: 0x765e7051, L:/127.0.0.1:51512 - R:localhost/127.0.0.1:8852]' for 'POST' to 'http://localhost:8852/session/fc0a0cfdd0217b786f10e4a0c08dca3b/execute/sync'
10:12:16.695 [Forwarding getPageSource on session fc0a0cfdd0217b786f10e4a0c08dca3b to remote] DEBUG org.asynchttpclient.netty.request.NettyRequestSender - Using open Channel [id: 0x765e7051, L:/127.0.0.1:51512 - R:localhost/127.0.0.1:8852] for POST '/session/fc0a0cfdd0217b786f10e4a0c08dca3b/execute/sync'
10:12:16.699 [AsyncHttpClient-1-11] DEBUG org.asynchttpclient.netty.handler.HttpHandler - 

Request DefaultHttpRequest(decodeResult: success, version: HTTP/1.1)
POST /session/fc0a0cfdd0217b786f10e4a0c08dca3b/execute/sync HTTP/1.1
User-Agent: selenium/4.8.1 (java windows)
Content-Length: 176
Content-Type: application/json; charset=utf-8
host: localhost:8852
accept: */*

Response DefaultHttpResponse(decodeResult: success, version: HTTP/1.1)
HTTP/1.1 200 OK
Content-Length: 22435
Content-Type: application/json; charset=utf-8
cache-control: no-cache

10:12:16.699 [AsyncHttpClient-1-11] DEBUG org.asynchttpclient.netty.channel.ChannelManager - Adding key: http://localhost:8852 for channel [id: 0x765e7051, L:/127.0.0.1:51512 - R:localhost/127.0.0.1:8852]
10:12:16.701 [Forwarding getCurrentUrl on session fc0a0cfdd0217b786f10e4a0c08dca3b to remote] DEBUG org.asynchttpclient.netty.request.NettyRequestSender - Using pooled Channel '[id: 0x765e7051, L:/127.0.0.1:51512 - R:localhost/127.0.0.1:8852]' for 'GET' to 'http://localhost:8852/session/fc0a0cfdd0217b786f10e4a0c08dca3b/url'
10:12:16.701 [Forwarding getCurrentUrl on session fc0a0cfdd0217b786f10e4a0c08dca3b to remote] DEBUG org.asynchttpclient.netty.request.NettyRequestSender - Using open Channel [id: 0x765e7051, L:/127.0.0.1:51512 - R:localhost/127.0.0.1:8852] for GET '/session/fc0a0cfdd0217b786f10e4a0c08dca3b/url'
10:12:16.705 [AsyncHttpClient-1-11] DEBUG org.asynchttpclient.netty.handler.HttpHandler - 

Request DefaultFullHttpRequest(decodeResult: success, version: HTTP/1.1, content: EmptyByteBufBE)
GET /session/fc0a0cfdd0217b786f10e4a0c08dca3b/url HTTP/1.1
User-Agent: selenium/4.8.1 (java windows)
Cache-Control: no-cache
Content-Type: application/json; charset=utf-8
host: localhost:8852
accept: */*

Response DefaultHttpResponse(decodeResult: success, version: HTTP/1.1)
HTTP/1.1 200 OK
Content-Length: 54
Content-Type: application/json; charset=utf-8
cache-control: no-cache

10:12:16.705 [AsyncHttpClient-1-11] DEBUG org.asynchttpclient.netty.channel.ChannelManager - Adding key: http://localhost:8852 for channel [id: 0x765e7051, L:/127.0.0.1:51512 - R:localhost/127.0.0.1:8852]
10:12:16.706 [main] DEBUG net.thucydides.core.steps.StepInterceptor - STARTING STEP: RegisterSteps.inputEmailReg - inputEmailReg
10:12:16.707 [Forwarding findElement on session fc0a0cfdd0217b786f10e4a0c08dca3b to remote] DEBUG org.asynchttpclient.netty.request.NettyRequestSender - Using pooled Channel '[id: 0x765e7051, L:/127.0.0.1:51512 - R:localhost/127.0.0.1:8852]' for 'POST' to 'http://localhost:8852/session/fc0a0cfdd0217b786f10e4a0c08dca3b/element'
10:12:16.707 [Forwarding findElement on session fc0a0cfdd0217b786f10e4a0c08dca3b to remote] DEBUG org.asynchttpclient.netty.request.NettyRequestSender - Using open Channel [id: 0x765e7051, L:/127.0.0.1:51512 - R:localhost/127.0.0.1:8852] for POST '/session/fc0a0cfdd0217b786f10e4a0c08dca3b/element'
10:12:16.715 [AsyncHttpClient-1-11] DEBUG org.asynchttpclient.netty.handler.HttpHandler - 

Request DefaultHttpRequest(decodeResult: success, version: HTTP/1.1)
POST /session/fc0a0cfdd0217b786f10e4a0c08dca3b/element HTTP/1.1
User-Agent: selenium/4.8.1 (java windows)
Content-Length: 55
Content-Type: application/json; charset=utf-8
host: localhost:8852
accept: */*

Response DefaultHttpResponse(decodeResult: success, version: HTTP/1.1)
HTTP/1.1 200 OK
Content-Length: 88
Content-Type: application/json; charset=utf-8
cache-control: no-cache

10:12:16.715 [AsyncHttpClient-1-11] DEBUG org.asynchttpclient.netty.channel.ChannelManager - Adding key: http://localhost:8852 for channel [id: 0x765e7051, L:/127.0.0.1:51512 - R:localhost/127.0.0.1:8852]
10:12:16.716 [Forwarding clearElement on session fc0a0cfdd0217b786f10e4a0c08dca3b to remote] DEBUG org.asynchttpclient.netty.request.NettyRequestSender - Using pooled Channel '[id: 0x765e7051, L:/127.0.0.1:51512 - R:localhost/127.0.0.1:8852]' for 'POST' to 'http://localhost:8852/session/fc0a0cfdd0217b786f10e4a0c08dca3b/element/278495a6-c595-43d5-9380-f1592eeebd33/clear'
10:12:16.716 [Forwarding clearElement on session fc0a0cfdd0217b786f10e4a0c08dca3b to remote] DEBUG org.asynchttpclient.netty.request.NettyRequestSender - Using open Channel [id: 0x765e7051, L:/127.0.0.1:51512 - R:localhost/127.0.0.1:8852] for POST '/session/fc0a0cfdd0217b786f10e4a0c08dca3b/element/278495a6-c595-43d5-9380-f1592eeebd33/clear'
10:12:16.744 [AsyncHttpClient-1-11] DEBUG org.asynchttpclient.netty.handler.HttpHandler - 

Request DefaultHttpRequest(decodeResult: success, version: HTTP/1.1)
POST /session/fc0a0cfdd0217b786f10e4a0c08dca3b/element/278495a6-c595-43d5-9380-f1592eeebd33/clear HTTP/1.1
User-Agent: selenium/4.8.1 (java windows)
Content-Length: 50
Content-Type: application/json; charset=utf-8
host: localhost:8852
accept: */*

Response DefaultHttpResponse(decodeResult: success, version: HTTP/1.1)
HTTP/1.1 200 OK
Content-Length: 14
Content-Type: application/json; charset=utf-8
cache-control: no-cache

10:12:16.744 [AsyncHttpClient-1-11] DEBUG org.asynchttpclient.netty.channel.ChannelManager - Adding key: http://localhost:8852 for channel [id: 0x765e7051, L:/127.0.0.1:51512 - R:localhost/127.0.0.1:8852]
10:12:16.745 [Forwarding sendKeysToElement on session fc0a0cfdd0217b786f10e4a0c08dca3b to remote] DEBUG org.asynchttpclient.netty.request.NettyRequestSender - Using pooled Channel '[id: 0x765e7051, L:/127.0.0.1:51512 - R:localhost/127.0.0.1:8852]' for 'POST' to 'http://localhost:8852/session/fc0a0cfdd0217b786f10e4a0c08dca3b/element/278495a6-c595-43d5-9380-f1592eeebd33/value'
10:12:16.745 [Forwarding sendKeysToElement on session fc0a0cfdd0217b786f10e4a0c08dca3b to remote] DEBUG org.asynchttpclient.netty.request.NettyRequestSender - Using open Channel [id: 0x765e7051, L:/127.0.0.1:51512 - R:localhost/127.0.0.1:8852] for POST '/session/fc0a0cfdd0217b786f10e4a0c08dca3b/element/278495a6-c595-43d5-9380-f1592eeebd33/value'
10:12:16.869 [AsyncHttpClient-1-11] DEBUG org.asynchttpclient.netty.handler.HttpHandler - 

Request DefaultHttpRequest(decodeResult: success, version: HTTP/1.1)
POST /session/fc0a0cfdd0217b786f10e4a0c08dca3b/element/278495a6-c595-43d5-9380-f1592eeebd33/value HTTP/1.1
User-Agent: selenium/4.8.1 (java windows)
Content-Length: 351
Content-Type: application/json; charset=utf-8
host: localhost:8852
accept: */*

Response DefaultHttpResponse(decodeResult: success, version: HTTP/1.1)
HTTP/1.1 200 OK
Content-Length: 14
Content-Type: application/json; charset=utf-8
cache-control: no-cache

10:12:16.869 [AsyncHttpClient-1-11] DEBUG org.asynchttpclient.netty.channel.ChannelManager - Adding key: http://localhost:8852 for channel [id: 0x765e7051, L:/127.0.0.1:51512 - R:localhost/127.0.0.1:8852]
10:12:16.876 [Forwarding getAlertText on session fc0a0cfdd0217b786f10e4a0c08dca3b to remote] DEBUG org.asynchttpclient.netty.request.NettyRequestSender - Using pooled Channel '[id: 0x765e7051, L:/127.0.0.1:51512 - R:localhost/127.0.0.1:8852]' for 'GET' to 'http://localhost:8852/session/fc0a0cfdd0217b786f10e4a0c08dca3b/alert/text'
10:12:16.876 [Forwarding getAlertText on session fc0a0cfdd0217b786f10e4a0c08dca3b to remote] DEBUG org.asynchttpclient.netty.request.NettyRequestSender - Using open Channel [id: 0x765e7051, L:/127.0.0.1:51512 - R:localhost/127.0.0.1:8852] for GET '/session/fc0a0cfdd0217b786f10e4a0c08dca3b/alert/text'
10:12:16.878 [AsyncHttpClient-1-11] DEBUG org.asynchttpclient.netty.handler.HttpHandler - 

Request DefaultFullHttpRequest(decodeResult: success, version: HTTP/1.1, content: EmptyByteBufBE)
GET /session/fc0a0cfdd0217b786f10e4a0c08dca3b/alert/text HTTP/1.1
User-Agent: selenium/4.8.1 (java windows)
Cache-Control: no-cache
Content-Type: application/json; charset=utf-8
host: localhost:8852
accept: */*

Response DefaultHttpResponse(decodeResult: success, version: HTTP/1.1)
HTTP/1.1 404 Not Found
Content-Length: 836
Content-Type: application/json; charset=utf-8
cache-control: no-cache

10:12:16.878 [AsyncHttpClient-1-11] DEBUG org.asynchttpclient.netty.channel.ChannelManager - Adding key: http://localhost:8852 for channel [id: 0x765e7051, L:/127.0.0.1:51512 - R:localhost/127.0.0.1:8852]
10:12:16.879 [Forwarding getCurrentUrl on session fc0a0cfdd0217b786f10e4a0c08dca3b to remote] DEBUG org.asynchttpclient.netty.request.NettyRequestSender - Using pooled Channel '[id: 0x765e7051, L:/127.0.0.1:51512 - R:localhost/127.0.0.1:8852]' for 'GET' to 'http://localhost:8852/session/fc0a0cfdd0217b786f10e4a0c08dca3b/url'
10:12:16.880 [Forwarding getCurrentUrl on session fc0a0cfdd0217b786f10e4a0c08dca3b to remote] DEBUG org.asynchttpclient.netty.request.NettyRequestSender - Using open Channel [id: 0x765e7051, L:/127.0.0.1:51512 - R:localhost/127.0.0.1:8852] for GET '/session/fc0a0cfdd0217b786f10e4a0c08dca3b/url'
10:12:16.882 [AsyncHttpClient-1-11] DEBUG org.asynchttpclient.netty.handler.HttpHandler - 

Request DefaultFullHttpRequest(decodeResult: success, version: HTTP/1.1, content: EmptyByteBufBE)
GET /session/fc0a0cfdd0217b786f10e4a0c08dca3b/url HTTP/1.1
User-Agent: selenium/4.8.1 (java windows)
Cache-Control: no-cache
Content-Type: application/json; charset=utf-8
host: localhost:8852
accept: */*

Response DefaultHttpResponse(decodeResult: success, version: HTTP/1.1)
HTTP/1.1 200 OK
Content-Length: 54
Content-Type: application/json; charset=utf-8
cache-control: no-cache

10:12:16.882 [AsyncHttpClient-1-11] DEBUG org.asynchttpclient.netty.channel.ChannelManager - Adding key: http://localhost:8852 for channel [id: 0x765e7051, L:/127.0.0.1:51512 - R:localhost/127.0.0.1:8852]
10:12:16.883 [Forwarding screenshot on session fc0a0cfdd0217b786f10e4a0c08dca3b to remote] DEBUG org.asynchttpclient.netty.request.NettyRequestSender - Using pooled Channel '[id: 0x765e7051, L:/127.0.0.1:51512 - R:localhost/127.0.0.1:8852]' for 'GET' to 'http://localhost:8852/session/fc0a0cfdd0217b786f10e4a0c08dca3b/screenshot'
10:12:16.883 [Forwarding screenshot on session fc0a0cfdd0217b786f10e4a0c08dca3b to remote] DEBUG org.asynchttpclient.netty.request.NettyRequestSender - Using open Channel [id: 0x765e7051, L:/127.0.0.1:51512 - R:localhost/127.0.0.1:8852] for GET '/session/fc0a0cfdd0217b786f10e4a0c08dca3b/screenshot'
10:12:17.007 [AsyncHttpClient-1-11] DEBUG org.asynchttpclient.netty.handler.HttpHandler - 

Request DefaultFullHttpRequest(decodeResult: success, version: HTTP/1.1, content: EmptyByteBufBE)
GET /session/fc0a0cfdd0217b786f10e4a0c08dca3b/screenshot HTTP/1.1
User-Agent: selenium/4.8.1 (java windows)
Cache-Control: no-cache
Content-Type: application/json; charset=utf-8
host: localhost:8852
accept: */*

Response DefaultHttpResponse(decodeResult: success, version: HTTP/1.1)
HTTP/1.1 200 OK
Content-Length: 44140
Content-Type: application/json; charset=utf-8
cache-control: no-cache

10:12:17.007 [AsyncHttpClient-1-11] DEBUG org.asynchttpclient.netty.channel.ChannelManager - Adding key: http://localhost:8852 for channel [id: 0x765e7051, L:/127.0.0.1:51512 - R:localhost/127.0.0.1:8852]
10:12:17.008 [main] DEBUG net.serenitybdd.core.photography.Darkroom - Send negative for processing for target\site\serenity\a082101b8664057eb4fb6e8005e52d98517769da7aca3856a40269656fd03036.png
10:12:17.009 [main] DEBUG net.thucydides.core.steps.StepInterceptor - STEP DONE: inputEmailReg
  &amp#27;[32mAnd &amp#27;[0m&amp#27;[32mI input correct email for register&amp#27;[0m       &amp#27;[90m# starter.stepdefinitions.RegisterSteps.inputEmailReg()&amp#27;[0m
10:12:17.009 [Darkroom Processing Line] DEBUG net.serenitybdd.core.photography.DarkroomProcessingLine - Processing screenshot image in /var/screenshots/screenshot-12733920197848885464
10:12:17.009 [Darkroom Processing Line] DEBUG net.serenitybdd.core.photography.DarkroomProcessingLine - Saving screenshot to target\site\serenity\a082101b8664057eb4fb6e8005e52d98517769da7aca3856a40269656fd03036.png
10:12:17.015 [Forwarding getPageSource on session fc0a0cfdd0217b786f10e4a0c08dca3b to remote] DEBUG org.asynchttpclient.netty.request.NettyRequestSender - Using pooled Channel '[id: 0x765e7051, L:/127.0.0.1:51512 - R:localhost/127.0.0.1:8852]' for 'POST' to 'http://localhost:8852/session/fc0a0cfdd0217b786f10e4a0c08dca3b/execute/sync'
10:12:17.015 [Forwarding getPageSource on session fc0a0cfdd0217b786f10e4a0c08dca3b to remote] DEBUG org.asynchttpclient.netty.request.NettyRequestSender - Using open Channel [id: 0x765e7051, L:/127.0.0.1:51512 - R:localhost/127.0.0.1:8852] for POST '/session/fc0a0cfdd0217b786f10e4a0c08dca3b/execute/sync'
10:12:17.020 [AsyncHttpClient-1-11] DEBUG org.asynchttpclient.netty.handler.HttpHandler - 

Request DefaultHttpRequest(decodeResult: success, version: HTTP/1.1)
POST /session/fc0a0cfdd0217b786f10e4a0c08dca3b/execute/sync HTTP/1.1
User-Agent: selenium/4.8.1 (java windows)
Content-Length: 176
Content-Type: application/json; charset=utf-8
host: localhost:8852
accept: */*

Response DefaultHttpResponse(decodeResult: success, version: HTTP/1.1)
HTTP/1.1 200 OK
Content-Length: 22494
Content-Type: application/json; charset=utf-8
cache-control: no-cache

10:12:17.020 [AsyncHttpClient-1-11] DEBUG org.asynchttpclient.netty.channel.ChannelManager - Adding key: http://localhost:8852 for channel [id: 0x765e7051, L:/127.0.0.1:51512 - R:localhost/127.0.0.1:8852]
10:12:17.022 [Forwarding getCurrentUrl on session fc0a0cfdd0217b786f10e4a0c08dca3b to remote] DEBUG org.asynchttpclient.netty.request.NettyRequestSender - Using pooled Channel '[id: 0x765e7051, L:/127.0.0.1:51512 - R:localhost/127.0.0.1:8852]' for 'GET' to 'http://localhost:8852/session/fc0a0cfdd0217b786f10e4a0c08dca3b/url'
10:12:17.022 [Forwarding getCurrentUrl on session fc0a0cfdd0217b786f10e4a0c08dca3b to remote] DEBUG org.asynchttpclient.netty.request.NettyRequestSender - Using open Channel [id: 0x765e7051, L:/127.0.0.1:51512 - R:localhost/127.0.0.1:8852] for GET '/session/fc0a0cfdd0217b786f10e4a0c08dca3b/url'
10:12:17.024 [AsyncHttpClient-1-11] DEBUG org.asynchttpclient.netty.handler.HttpHandler - 

Request DefaultFullHttpRequest(decodeResult: success, version: HTTP/1.1, content: EmptyByteBufBE)
GET /session/fc0a0cfdd0217b786f10e4a0c08dca3b/url HTTP/1.1
User-Agent: selenium/4.8.1 (java windows)
Cache-Control: no-cache
Content-Type: application/json; charset=utf-8
host: localhost:8852
accept: */*

Response DefaultHttpResponse(decodeResult: success, version: HTTP/1.1)
HTTP/1.1 200 OK
Content-Length: 54
Content-Type: application/json; charset=utf-8
cache-control: no-cache

10:12:17.024 [AsyncHttpClient-1-11] DEBUG org.asynchttpclient.netty.channel.ChannelManager - Adding key: http://localhost:8852 for channel [id: 0x765e7051, L:/127.0.0.1:51512 - R:localhost/127.0.0.1:8852]
10:12:17.030 [Forwarding getPageSource on session fc0a0cfdd0217b786f10e4a0c08dca3b to remote] DEBUG org.asynchttpclient.netty.request.NettyRequestSender - Using pooled Channel '[id: 0x765e7051, L:/127.0.0.1:51512 - R:localhost/127.0.0.1:8852]' for 'POST' to 'http://localhost:8852/session/fc0a0cfdd0217b786f10e4a0c08dca3b/execute/sync'
10:12:17.030 [Forwarding getPageSource on session fc0a0cfdd0217b786f10e4a0c08dca3b to remote] DEBUG org.asynchttpclient.netty.request.NettyRequestSender - Using open Channel [id: 0x765e7051, L:/127.0.0.1:51512 - R:localhost/127.0.0.1:8852] for POST '/session/fc0a0cfdd0217b786f10e4a0c08dca3b/execute/sync'
10:12:17.034 [AsyncHttpClient-1-11] DEBUG org.asynchttpclient.netty.handler.HttpHandler - 

Request DefaultHttpRequest(decodeResult: success, version: HTTP/1.1)
POST /session/fc0a0cfdd0217b786f10e4a0c08dca3b/execute/sync HTTP/1.1
User-Agent: selenium/4.8.1 (java windows)
Content-Length: 176
Content-Type: application/json; charset=utf-8
host: localhost:8852
accept: */*

Response DefaultHttpResponse(decodeResult: success, version: HTTP/1.1)
HTTP/1.1 200 OK
Content-Length: 22494
Content-Type: application/json; charset=utf-8
cache-control: no-cache

10:12:17.034 [AsyncHttpClient-1-11] DEBUG org.asynchttpclient.netty.channel.ChannelManager - Adding key: http://localhost:8852 for channel [id: 0x765e7051, L:/127.0.0.1:51512 - R:localhost/127.0.0.1:8852]
10:12:17.038 [Forwarding getCurrentUrl on session fc0a0cfdd0217b786f10e4a0c08dca3b to remote] DEBUG org.asynchttpclient.netty.request.NettyRequestSender - Using pooled Channel '[id: 0x765e7051, L:/127.0.0.1:51512 - R:localhost/127.0.0.1:8852]' for 'GET' to 'http://localhost:8852/session/fc0a0cfdd0217b786f10e4a0c08dca3b/url'
10:12:17.038 [Forwarding getCurrentUrl on session fc0a0cfdd0217b786f10e4a0c08dca3b to remote] DEBUG org.asynchttpclient.netty.request.NettyRequestSender - Using open Channel [id: 0x765e7051, L:/127.0.0.1:51512 - R:localhost/127.0.0.1:8852] for GET '/session/fc0a0cfdd0217b786f10e4a0c08dca3b/url'
10:12:17.041 [AsyncHttpClient-1-11] DEBUG org.asynchttpclient.netty.handler.HttpHandler - 

Request DefaultFullHttpRequest(decodeResult: success, version: HTTP/1.1, content: EmptyByteBufBE)
GET /session/fc0a0cfdd0217b786f10e4a0c08dca3b/url HTTP/1.1
User-Agent: selenium/4.8.1 (java windows)
Cache-Control: no-cache
Content-Type: application/json; charset=utf-8
host: localhost:8852
accept: */*

Response DefaultHttpResponse(decodeResult: success, version: HTTP/1.1)
HTTP/1.1 200 OK
Content-Length: 54
Content-Type: application/json; charset=utf-8
cache-control: no-cache

10:12:17.041 [AsyncHttpClient-1-11] DEBUG org.asynchttpclient.netty.channel.ChannelManager - Adding key: http://localhost:8852 for channel [id: 0x765e7051, L:/127.0.0.1:51512 - R:localhost/127.0.0.1:8852]
10:12:17.042 [main] DEBUG net.thucydides.core.steps.StepInterceptor - STARTING STEP: RegisterSteps.inputInvalidPasswordReg - inputPasswordReg
10:12:17.044 [Forwarding findElement on session fc0a0cfdd0217b786f10e4a0c08dca3b to remote] DEBUG org.asynchttpclient.netty.request.NettyRequestSender - Using pooled Channel '[id: 0x765e7051, L:/127.0.0.1:51512 - R:localhost/127.0.0.1:8852]' for 'POST' to 'http://localhost:8852/session/fc0a0cfdd0217b786f10e4a0c08dca3b/element'
10:12:17.044 [Forwarding findElement on session fc0a0cfdd0217b786f10e4a0c08dca3b to remote] DEBUG org.asynchttpclient.netty.request.NettyRequestSender - Using open Channel [id: 0x765e7051, L:/127.0.0.1:51512 - R:localhost/127.0.0.1:8852] for POST '/session/fc0a0cfdd0217b786f10e4a0c08dca3b/element'
10:12:17.054 [AsyncHttpClient-1-11] DEBUG org.asynchttpclient.netty.handler.HttpHandler - 

Request DefaultHttpRequest(decodeResult: success, version: HTTP/1.1)
POST /session/fc0a0cfdd0217b786f10e4a0c08dca3b/element HTTP/1.1
User-Agent: selenium/4.8.1 (java windows)
Content-Length: 55
Content-Type: application/json; charset=utf-8
host: localhost:8852
accept: */*

Response DefaultHttpResponse(decodeResult: success, version: HTTP/1.1)
HTTP/1.1 200 OK
Content-Length: 88
Content-Type: application/json; charset=utf-8
cache-control: no-cache

10:12:17.054 [AsyncHttpClient-1-11] DEBUG org.asynchttpclient.netty.channel.ChannelManager - Adding key: http://localhost:8852 for channel [id: 0x765e7051, L:/127.0.0.1:51512 - R:localhost/127.0.0.1:8852]
10:12:17.055 [Forwarding clearElement on session fc0a0cfdd0217b786f10e4a0c08dca3b to remote] DEBUG org.asynchttpclient.netty.request.NettyRequestSender - Using pooled Channel '[id: 0x765e7051, L:/127.0.0.1:51512 - R:localhost/127.0.0.1:8852]' for 'POST' to 'http://localhost:8852/session/fc0a0cfdd0217b786f10e4a0c08dca3b/element/9a55abc0-49f4-4fac-8004-dd69cdf825cb/clear'
10:12:17.055 [Forwarding clearElement on session fc0a0cfdd0217b786f10e4a0c08dca3b to remote] DEBUG org.asynchttpclient.netty.request.NettyRequestSender - Using open Channel [id: 0x765e7051, L:/127.0.0.1:51512 - R:localhost/127.0.0.1:8852] for POST '/session/fc0a0cfdd0217b786f10e4a0c08dca3b/element/9a55abc0-49f4-4fac-8004-dd69cdf825cb/clear'
10:12:17.081 [AsyncHttpClient-1-11] DEBUG org.asynchttpclient.netty.handler.HttpHandler - 

Request DefaultHttpRequest(decodeResult: success, version: HTTP/1.1)
POST /session/fc0a0cfdd0217b786f10e4a0c08dca3b/element/9a55abc0-49f4-4fac-8004-dd69cdf825cb/clear HTTP/1.1
User-Agent: selenium/4.8.1 (java windows)
Content-Length: 50
Content-Type: application/json; charset=utf-8
host: localhost:8852
accept: */*

Response DefaultHttpResponse(decodeResult: success, version: HTTP/1.1)
HTTP/1.1 200 OK
Content-Length: 14
Content-Type: application/json; charset=utf-8
cache-control: no-cache

10:12:17.081 [AsyncHttpClient-1-11] DEBUG org.asynchttpclient.netty.channel.ChannelManager - Adding key: http://localhost:8852 for channel [id: 0x765e7051, L:/127.0.0.1:51512 - R:localhost/127.0.0.1:8852]
10:12:17.082 [Forwarding sendKeysToElement on session fc0a0cfdd0217b786f10e4a0c08dca3b to remote] DEBUG org.asynchttpclient.netty.request.NettyRequestSender - Using pooled Channel '[id: 0x765e7051, L:/127.0.0.1:51512 - R:localhost/127.0.0.1:8852]' for 'POST' to 'http://localhost:8852/session/fc0a0cfdd0217b786f10e4a0c08dca3b/element/9a55abc0-49f4-4fac-8004-dd69cdf825cb/value'
10:12:17.082 [Forwarding sendKeysToElement on session fc0a0cfdd0217b786f10e4a0c08dca3b to remote] DEBUG org.asynchttpclient.netty.request.NettyRequestSender - Using open Channel [id: 0x765e7051, L:/127.0.0.1:51512 - R:localhost/127.0.0.1:8852] for POST '/session/fc0a0cfdd0217b786f10e4a0c08dca3b/element/9a55abc0-49f4-4fac-8004-dd69cdf825cb/value'
10:12:17.115 [AsyncHttpClient-1-11] DEBUG org.asynchttpclient.netty.handler.HttpHandler - 

Request DefaultHttpRequest(decodeResult: success, version: HTTP/1.1)
POST /session/fc0a0cfdd0217b786f10e4a0c08dca3b/element/9a55abc0-49f4-4fac-8004-dd69cdf825cb/value HTTP/1.1
User-Agent: selenium/4.8.1 (java windows)
Content-Length: 82
Content-Type: application/json; charset=utf-8
host: localhost:8852
accept: */*

Response DefaultHttpResponse(decodeResult: success, version: HTTP/1.1)
HTTP/1.1 200 OK
Content-Length: 14
Content-Type: application/json; charset=utf-8
cache-control: no-cache

10:12:17.115 [AsyncHttpClient-1-11] DEBUG org.asynchttpclient.netty.channel.ChannelManager - Adding key: http://localhost:8852 for channel [id: 0x765e7051, L:/127.0.0.1:51512 - R:localhost/127.0.0.1:8852]
10:12:17.120 [Forwarding getAlertText on session fc0a0cfdd0217b786f10e4a0c08dca3b to remote] DEBUG org.asynchttpclient.netty.request.NettyRequestSender - Using pooled Channel '[id: 0x765e7051, L:/127.0.0.1:51512 - R:localhost/127.0.0.1:8852]' for 'GET' to 'http://localhost:8852/session/fc0a0cfdd0217b786f10e4a0c08dca3b/alert/text'
10:12:17.120 [Forwarding getAlertText on session fc0a0cfdd0217b786f10e4a0c08dca3b to remote] DEBUG org.asynchttpclient.netty.request.NettyRequestSender - Using open Channel [id: 0x765e7051, L:/127.0.0.1:51512 - R:localhost/127.0.0.1:8852] for GET '/session/fc0a0cfdd0217b786f10e4a0c08dca3b/alert/text'
10:12:17.121 [AsyncHttpClient-1-11] DEBUG org.asynchttpclient.netty.handler.HttpHandler - 

Request DefaultFullHttpRequest(decodeResult: success, version: HTTP/1.1, content: EmptyByteBufBE)
GET /session/fc0a0cfdd0217b786f10e4a0c08dca3b/alert/text HTTP/1.1
User-Agent: selenium/4.8.1 (java windows)
Cache-Control: no-cache
Content-Type: application/json; charset=utf-8
host: localhost:8852
accept: */*

Response DefaultHttpResponse(decodeResult: success, version: HTTP/1.1)
HTTP/1.1 404 Not Found
Content-Length: 836
Content-Type: application/json; charset=utf-8
cache-control: no-cache

10:12:17.121 [AsyncHttpClient-1-11] DEBUG org.asynchttpclient.netty.channel.ChannelManager - Adding key: http://localhost:8852 for channel [id: 0x765e7051, L:/127.0.0.1:51512 - R:localhost/127.0.0.1:8852]
10:12:17.122 [Forwarding getCurrentUrl on session fc0a0cfdd0217b786f10e4a0c08dca3b to remote] DEBUG org.asynchttpclient.netty.request.NettyRequestSender - Using pooled Channel '[id: 0x765e7051, L:/127.0.0.1:51512 - R:localhost/127.0.0.1:8852]' for 'GET' to 'http://localhost:8852/session/fc0a0cfdd0217b786f10e4a0c08dca3b/url'
10:12:17.122 [Forwarding getCurrentUrl on session fc0a0cfdd0217b786f10e4a0c08dca3b to remote] DEBUG org.asynchttpclient.netty.request.NettyRequestSender - Using open Channel [id: 0x765e7051, L:/127.0.0.1:51512 - R:localhost/127.0.0.1:8852] for GET '/session/fc0a0cfdd0217b786f10e4a0c08dca3b/url'
10:12:17.124 [AsyncHttpClient-1-11] DEBUG org.asynchttpclient.netty.handler.HttpHandler - 

Request DefaultFullHttpRequest(decodeResult: success, version: HTTP/1.1, content: EmptyByteBufBE)
GET /session/fc0a0cfdd0217b786f10e4a0c08dca3b/url HTTP/1.1
User-Agent: selenium/4.8.1 (java windows)
Cache-Control: no-cache
Content-Type: application/json; charset=utf-8
host: localhost:8852
accept: */*

Response DefaultHttpResponse(decodeResult: success, version: HTTP/1.1)
HTTP/1.1 200 OK
Content-Length: 54
Content-Type: application/json; charset=utf-8
cache-control: no-cache

10:12:17.124 [AsyncHttpClient-1-11] DEBUG org.asynchttpclient.netty.channel.ChannelManager - Adding key: http://localhost:8852 for channel [id: 0x765e7051, L:/127.0.0.1:51512 - R:localhost/127.0.0.1:8852]
10:12:17.124 [Forwarding screenshot on session fc0a0cfdd0217b786f10e4a0c08dca3b to remote] DEBUG org.asynchttpclient.netty.request.NettyRequestSender - Using pooled Channel '[id: 0x765e7051, L:/127.0.0.1:51512 - R:localhost/127.0.0.1:8852]' for 'GET' to 'http://localhost:8852/session/fc0a0cfdd0217b786f10e4a0c08dca3b/screenshot'
10:12:17.124 [Forwarding screenshot on session fc0a0cfdd0217b786f10e4a0c08dca3b to remote] DEBUG org.asynchttpclient.netty.request.NettyRequestSender - Using open Channel [id: 0x765e7051, L:/127.0.0.1:51512 - R:localhost/127.0.0.1:8852] for GET '/session/fc0a0cfdd0217b786f10e4a0c08dca3b/screenshot'
10:12:17.195 [AsyncHttpClient-1-1] DEBUG org.asynchttpclient.netty.channel.DefaultChannelPool - Entry count for : http://localhost:51513 : 1
10:12:17.247 [AsyncHttpClient-1-11] DEBUG org.asynchttpclient.netty.handler.HttpHandler - 

Request DefaultFullHttpRequest(decodeResult: success, version: HTTP/1.1, content: EmptyByteBufBE)
GET /session/fc0a0cfdd0217b786f10e4a0c08dca3b/screenshot HTTP/1.1
User-Agent: selenium/4.8.1 (java windows)
Cache-Control: no-cache
Content-Type: application/json; charset=utf-8
host: localhost:8852
accept: */*

Response DefaultHttpResponse(decodeResult: success, version: HTTP/1.1)
HTTP/1.1 200 OK
Content-Length: 43904
Content-Type: application/json; charset=utf-8
cache-control: no-cache

10:12:17.247 [AsyncHttpClient-1-11] DEBUG org.asynchttpclient.netty.channel.ChannelManager - Adding key: http://localhost:8852 for channel [id: 0x765e7051, L:/127.0.0.1:51512 - R:localhost/127.0.0.1:8852]
10:12:17.249 [main] DEBUG net.serenitybdd.core.photography.Darkroom - Send negative for processing for target\site\serenity\28f1ed7618835c9daf6df063d6e27eb0f742bb87b1c8c2222fe3ba571bfd0d12.png
10:12:17.249 [main] DEBUG net.thucydides.core.steps.StepInterceptor - STEP DONE: inputPasswordReg
10:12:17.249 [Darkroom Processing Line] DEBUG net.serenitybdd.core.photography.DarkroomProcessingLine - Processing screenshot image in /var/screenshots/screenshot-15336443340956387507
10:12:17.249 [Darkroom Processing Line] DEBUG net.serenitybdd.core.photography.DarkroomProcessingLine - Saving screenshot to target\site\serenity\28f1ed7618835c9daf6df063d6e27eb0f742bb87b1c8c2222fe3ba571bfd0d12.png
  &amp#27;[32mAnd &amp#27;[0m&amp#27;[32mI input nothing in password for register&amp#27;[0m &amp#27;[90m# starter.stepdefinitions.RegisterSteps.inputInvalidPasswordReg()&amp#27;[0m
10:12:17.256 [Forwarding getPageSource on session fc0a0cfdd0217b786f10e4a0c08dca3b to remote] DEBUG org.asynchttpclient.netty.request.NettyRequestSender - Using pooled Channel '[id: 0x765e7051, L:/127.0.0.1:51512 - R:localhost/127.0.0.1:8852]' for 'POST' to 'http://localhost:8852/session/fc0a0cfdd0217b786f10e4a0c08dca3b/execute/sync'
10:12:17.256 [Forwarding getPageSource on session fc0a0cfdd0217b786f10e4a0c08dca3b to remote] DEBUG org.asynchttpclient.netty.request.NettyRequestSender - Using open Channel [id: 0x765e7051, L:/127.0.0.1:51512 - R:localhost/127.0.0.1:8852] for POST '/session/fc0a0cfdd0217b786f10e4a0c08dca3b/execute/sync'
10:12:17.261 [AsyncHttpClient-1-11] DEBUG org.asynchttpclient.netty.handler.HttpHandler - 

Request DefaultHttpRequest(decodeResult: success, version: HTTP/1.1)
POST /session/fc0a0cfdd0217b786f10e4a0c08dca3b/execute/sync HTTP/1.1
User-Agent: selenium/4.8.1 (java windows)
Content-Length: 176
Content-Type: application/json; charset=utf-8
host: localhost:8852
accept: */*

Response DefaultHttpResponse(decodeResult: success, version: HTTP/1.1)
HTTP/1.1 200 OK
Content-Length: 22510
Content-Type: application/json; charset=utf-8
cache-control: no-cache

10:12:17.261 [AsyncHttpClient-1-11] DEBUG org.asynchttpclient.netty.channel.ChannelManager - Adding key: http://localhost:8852 for channel [id: 0x765e7051, L:/127.0.0.1:51512 - R:localhost/127.0.0.1:8852]
10:12:17.263 [Forwarding getCurrentUrl on session fc0a0cfdd0217b786f10e4a0c08dca3b to remote] DEBUG org.asynchttpclient.netty.request.NettyRequestSender - Using pooled Channel '[id: 0x765e7051, L:/127.0.0.1:51512 - R:localhost/127.0.0.1:8852]' for 'GET' to 'http://localhost:8852/session/fc0a0cfdd0217b786f10e4a0c08dca3b/url'
10:12:17.263 [Forwarding getCurrentUrl on session fc0a0cfdd0217b786f10e4a0c08dca3b to remote] DEBUG org.asynchttpclient.netty.request.NettyRequestSender - Using open Channel [id: 0x765e7051, L:/127.0.0.1:51512 - R:localhost/127.0.0.1:8852] for GET '/session/fc0a0cfdd0217b786f10e4a0c08dca3b/url'
10:12:17.265 [AsyncHttpClient-1-11] DEBUG org.asynchttpclient.netty.handler.HttpHandler - 

Request DefaultFullHttpRequest(decodeResult: success, version: HTTP/1.1, content: EmptyByteBufBE)
GET /session/fc0a0cfdd0217b786f10e4a0c08dca3b/url HTTP/1.1
User-Agent: selenium/4.8.1 (java windows)
Cache-Control: no-cache
Content-Type: application/json; charset=utf-8
host: localhost:8852
accept: */*

Response DefaultHttpResponse(decodeResult: success, version: HTTP/1.1)
HTTP/1.1 200 OK
Content-Length: 54
Content-Type: application/json; charset=utf-8
cache-control: no-cache

10:12:17.265 [AsyncHttpClient-1-11] DEBUG org.asynchttpclient.netty.channel.ChannelManager - Adding key: http://localhost:8852 for channel [id: 0x765e7051, L:/127.0.0.1:51512 - R:localhost/127.0.0.1:8852]
10:12:17.273 [Forwarding getPageSource on session fc0a0cfdd0217b786f10e4a0c08dca3b to remote] DEBUG org.asynchttpclient.netty.request.NettyRequestSender - Using pooled Channel '[id: 0x765e7051, L:/127.0.0.1:51512 - R:localhost/127.0.0.1:8852]' for 'POST' to 'http://localhost:8852/session/fc0a0cfdd0217b786f10e4a0c08dca3b/execute/sync'
10:12:17.273 [Forwarding getPageSource on session fc0a0cfdd0217b786f10e4a0c08dca3b to remote] DEBUG org.asynchttpclient.netty.request.NettyRequestSender - Using open Channel [id: 0x765e7051, L:/127.0.0.1:51512 - R:localhost/127.0.0.1:8852] for POST '/session/fc0a0cfdd0217b786f10e4a0c08dca3b/execute/sync'
10:12:17.278 [AsyncHttpClient-1-11] DEBUG org.asynchttpclient.netty.handler.HttpHandler - 

Request DefaultHttpRequest(decodeResult: success, version: HTTP/1.1)
POST /session/fc0a0cfdd0217b786f10e4a0c08dca3b/execute/sync HTTP/1.1
User-Agent: selenium/4.8.1 (java windows)
Content-Length: 176
Content-Type: application/json; charset=utf-8
host: localhost:8852
accept: */*

Response DefaultHttpResponse(decodeResult: success, version: HTTP/1.1)
HTTP/1.1 200 OK
Content-Length: 22510
Content-Type: application/json; charset=utf-8
cache-control: no-cache

10:12:17.278 [AsyncHttpClient-1-11] DEBUG org.asynchttpclient.netty.channel.ChannelManager - Adding key: http://localhost:8852 for channel [id: 0x765e7051, L:/127.0.0.1:51512 - R:localhost/127.0.0.1:8852]
10:12:17.280 [Forwarding getCurrentUrl on session fc0a0cfdd0217b786f10e4a0c08dca3b to remote] DEBUG org.asynchttpclient.netty.request.NettyRequestSender - Using pooled Channel '[id: 0x765e7051, L:/127.0.0.1:51512 - R:localhost/127.0.0.1:8852]' for 'GET' to 'http://localhost:8852/session/fc0a0cfdd0217b786f10e4a0c08dca3b/url'
10:12:17.280 [Forwarding getCurrentUrl on session fc0a0cfdd0217b786f10e4a0c08dca3b to remote] DEBUG org.asynchttpclient.netty.request.NettyRequestSender - Using open Channel [id: 0x765e7051, L:/127.0.0.1:51512 - R:localhost/127.0.0.1:8852] for GET '/session/fc0a0cfdd0217b786f10e4a0c08dca3b/url'
10:12:17.283 [AsyncHttpClient-1-11] DEBUG org.asynchttpclient.netty.handler.HttpHandler - 

Request DefaultFullHttpRequest(decodeResult: success, version: HTTP/1.1, content: EmptyByteBufBE)
GET /session/fc0a0cfdd0217b786f10e4a0c08dca3b/url HTTP/1.1
User-Agent: selenium/4.8.1 (java windows)
Cache-Control: no-cache
Content-Type: application/json; charset=utf-8
host: localhost:8852
accept: */*

Response DefaultHttpResponse(decodeResult: success, version: HTTP/1.1)
HTTP/1.1 200 OK
Content-Length: 54
Content-Type: application/json; charset=utf-8
cache-control: no-cache

10:12:17.283 [AsyncHttpClient-1-11] DEBUG org.asynchttpclient.netty.channel.ChannelManager - Adding key: http://localhost:8852 for channel [id: 0x765e7051, L:/127.0.0.1:51512 - R:localhost/127.0.0.1:8852]
10:12:17.284 [main] DEBUG net.thucydides.core.steps.StepInterceptor - STARTING STEP: RegisterSteps.ClickRegisterButton - ClickRegisterButton
10:12:17.288 [Forwarding findElement on session fc0a0cfdd0217b786f10e4a0c08dca3b to remote] DEBUG org.asynchttpclient.netty.request.NettyRequestSender - Using pooled Channel '[id: 0x765e7051, L:/127.0.0.1:51512 - R:localhost/127.0.0.1:8852]' for 'POST' to 'http://localhost:8852/session/fc0a0cfdd0217b786f10e4a0c08dca3b/element'
10:12:17.288 [Forwarding findElement on session fc0a0cfdd0217b786f10e4a0c08dca3b to remote] DEBUG org.asynchttpclient.netty.request.NettyRequestSender - Using open Channel [id: 0x765e7051, L:/127.0.0.1:51512 - R:localhost/127.0.0.1:8852] for POST '/session/fc0a0cfdd0217b786f10e4a0c08dca3b/element'
10:12:17.297 [AsyncHttpClient-1-11] DEBUG org.asynchttpclient.netty.handler.HttpHandler - 

Request DefaultHttpRequest(decodeResult: success, version: HTTP/1.1)
POST /session/fc0a0cfdd0217b786f10e4a0c08dca3b/element HTTP/1.1
User-Agent: selenium/4.8.1 (java windows)
Content-Length: 71
Content-Type: application/json; charset=utf-8
host: localhost:8852
accept: */*

Response DefaultHttpResponse(decodeResult: success, version: HTTP/1.1)
HTTP/1.1 200 OK
Content-Length: 88
Content-Type: application/json; charset=utf-8
cache-control: no-cache

10:12:17.297 [AsyncHttpClient-1-11] DEBUG org.asynchttpclient.netty.channel.ChannelManager - Adding key: http://localhost:8852 for channel [id: 0x765e7051, L:/127.0.0.1:51512 - R:localhost/127.0.0.1:8852]
10:12:17.298 [Forwarding getElementTagName on session fc0a0cfdd0217b786f10e4a0c08dca3b to remote] DEBUG org.asynchttpclient.netty.request.NettyRequestSender - Using pooled Channel '[id: 0x765e7051, L:/127.0.0.1:51512 - R:localhost/127.0.0.1:8852]' for 'GET' to 'http://localhost:8852/session/fc0a0cfdd0217b786f10e4a0c08dca3b/element/32242d18-7c26-447f-98aa-0c87b74cbea1/name'
10:12:17.298 [Forwarding getElementTagName on session fc0a0cfdd0217b786f10e4a0c08dca3b to remote] DEBUG org.asynchttpclient.netty.request.NettyRequestSender - Using open Channel [id: 0x765e7051, L:/127.0.0.1:51512 - R:localhost/127.0.0.1:8852] for GET '/session/fc0a0cfdd0217b786f10e4a0c08dca3b/element/32242d18-7c26-447f-98aa-0c87b74cbea1/name'
10:12:17.301 [AsyncHttpClient-1-11] DEBUG org.asynchttpclient.netty.handler.HttpHandler - 

Request DefaultFullHttpRequest(decodeResult: success, version: HTTP/1.1, content: EmptyByteBufBE)
GET /session/fc0a0cfdd0217b786f10e4a0c08dca3b/element/32242d18-7c26-447f-98aa-0c87b74cbea1/name HTTP/1.1
User-Agent: selenium/4.8.1 (java windows)
Cache-Control: no-cache
Content-Type: application/json; charset=utf-8
host: localhost:8852
accept: */*

Response DefaultHttpResponse(decodeResult: success, version: HTTP/1.1)
HTTP/1.1 200 OK
Content-Length: 18
Content-Type: application/json; charset=utf-8
cache-control: no-cache

10:12:17.301 [AsyncHttpClient-1-11] DEBUG org.asynchttpclient.netty.channel.ChannelManager - Adding key: http://localhost:8852 for channel [id: 0x765e7051, L:/127.0.0.1:51512 - R:localhost/127.0.0.1:8852]
10:12:17.303 [Forwarding getElementTagName on session fc0a0cfdd0217b786f10e4a0c08dca3b to remote] DEBUG org.asynchttpclient.netty.request.NettyRequestSender - Using pooled Channel '[id: 0x765e7051, L:/127.0.0.1:51512 - R:localhost/127.0.0.1:8852]' for 'GET' to 'http://localhost:8852/session/fc0a0cfdd0217b786f10e4a0c08dca3b/element/32242d18-7c26-447f-98aa-0c87b74cbea1/name'
10:12:17.303 [Forwarding getElementTagName on session fc0a0cfdd0217b786f10e4a0c08dca3b to remote] DEBUG org.asynchttpclient.netty.request.NettyRequestSender - Using open Channel [id: 0x765e7051, L:/127.0.0.1:51512 - R:localhost/127.0.0.1:8852] for GET '/session/fc0a0cfdd0217b786f10e4a0c08dca3b/element/32242d18-7c26-447f-98aa-0c87b74cbea1/name'
10:12:17.305 [AsyncHttpClient-1-11] DEBUG org.asynchttpclient.netty.handler.HttpHandler - 

Request DefaultFullHttpRequest(decodeResult: success, version: HTTP/1.1, content: EmptyByteBufBE)
GET /session/fc0a0cfdd0217b786f10e4a0c08dca3b/element/32242d18-7c26-447f-98aa-0c87b74cbea1/name HTTP/1.1
User-Agent: selenium/4.8.1 (java windows)
Cache-Control: no-cache
Content-Type: application/json; charset=utf-8
host: localhost:8852
accept: */*

Response DefaultHttpResponse(decodeResult: success, version: HTTP/1.1)
HTTP/1.1 200 OK
Content-Length: 18
Content-Type: application/json; charset=utf-8
cache-control: no-cache

10:12:17.305 [AsyncHttpClient-1-11] DEBUG org.asynchttpclient.netty.channel.ChannelManager - Adding key: http://localhost:8852 for channel [id: 0x765e7051, L:/127.0.0.1:51512 - R:localhost/127.0.0.1:8852]
10:12:17.306 [Forwarding isElementEnabled on session fc0a0cfdd0217b786f10e4a0c08dca3b to remote] DEBUG org.asynchttpclient.netty.request.NettyRequestSender - Using pooled Channel '[id: 0x765e7051, L:/127.0.0.1:51512 - R:localhost/127.0.0.1:8852]' for 'GET' to 'http://localhost:8852/session/fc0a0cfdd0217b786f10e4a0c08dca3b/element/32242d18-7c26-447f-98aa-0c87b74cbea1/enabled'
10:12:17.306 [Forwarding isElementEnabled on session fc0a0cfdd0217b786f10e4a0c08dca3b to remote] DEBUG org.asynchttpclient.netty.request.NettyRequestSender - Using open Channel [id: 0x765e7051, L:/127.0.0.1:51512 - R:localhost/127.0.0.1:8852] for GET '/session/fc0a0cfdd0217b786f10e4a0c08dca3b/element/32242d18-7c26-447f-98aa-0c87b74cbea1/enabled'
10:12:17.313 [AsyncHttpClient-1-11] DEBUG org.asynchttpclient.netty.handler.HttpHandler - 

Request DefaultFullHttpRequest(decodeResult: success, version: HTTP/1.1, content: EmptyByteBufBE)
GET /session/fc0a0cfdd0217b786f10e4a0c08dca3b/element/32242d18-7c26-447f-98aa-0c87b74cbea1/enabled HTTP/1.1
User-Agent: selenium/4.8.1 (java windows)
Cache-Control: no-cache
Content-Type: application/json; charset=utf-8
host: localhost:8852
accept: */*

Response DefaultHttpResponse(decodeResult: success, version: HTTP/1.1)
HTTP/1.1 200 OK
Content-Length: 14
Content-Type: application/json; charset=utf-8
cache-control: no-cache

10:12:17.313 [AsyncHttpClient-1-11] DEBUG org.asynchttpclient.netty.channel.ChannelManager - Adding key: http://localhost:8852 for channel [id: 0x765e7051, L:/127.0.0.1:51512 - R:localhost/127.0.0.1:8852]
10:12:17.314 [Forwarding isElementEnabled on session fc0a0cfdd0217b786f10e4a0c08dca3b to remote] DEBUG org.asynchttpclient.netty.request.NettyRequestSender - Using pooled Channel '[id: 0x765e7051, L:/127.0.0.1:51512 - R:localhost/127.0.0.1:8852]' for 'GET' to 'http://localhost:8852/session/fc0a0cfdd0217b786f10e4a0c08dca3b/element/32242d18-7c26-447f-98aa-0c87b74cbea1/enabled'
10:12:17.314 [Forwarding isElementEnabled on session fc0a0cfdd0217b786f10e4a0c08dca3b to remote] DEBUG org.asynchttpclient.netty.request.NettyRequestSender - Using open Channel [id: 0x765e7051, L:/127.0.0.1:51512 - R:localhost/127.0.0.1:8852] for GET '/session/fc0a0cfdd0217b786f10e4a0c08dca3b/element/32242d18-7c26-447f-98aa-0c87b74cbea1/enabled'
10:12:17.319 [AsyncHttpClient-1-11] DEBUG org.asynchttpclient.netty.handler.HttpHandler - 

Request DefaultFullHttpRequest(decodeResult: success, version: HTTP/1.1, content: EmptyByteBufBE)
GET /session/fc0a0cfdd0217b786f10e4a0c08dca3b/element/32242d18-7c26-447f-98aa-0c87b74cbea1/enabled HTTP/1.1
User-Agent: selenium/4.8.1 (java windows)
Cache-Control: no-cache
Content-Type: application/json; charset=utf-8
host: localhost:8852
accept: */*

Response DefaultHttpResponse(decodeResult: success, version: HTTP/1.1)
HTTP/1.1 200 OK
Content-Length: 14
Content-Type: application/json; charset=utf-8
cache-control: no-cache

10:12:17.319 [AsyncHttpClient-1-11] DEBUG org.asynchttpclient.netty.channel.ChannelManager - Adding key: http://localhost:8852 for channel [id: 0x765e7051, L:/127.0.0.1:51512 - R:localhost/127.0.0.1:8852]
10:12:17.320 [Forwarding findElement on session fc0a0cfdd0217b786f10e4a0c08dca3b to remote] DEBUG org.asynchttpclient.netty.request.NettyRequestSender - Using pooled Channel '[id: 0x765e7051, L:/127.0.0.1:51512 - R:localhost/127.0.0.1:8852]' for 'POST' to 'http://localhost:8852/session/fc0a0cfdd0217b786f10e4a0c08dca3b/element'
10:12:17.320 [Forwarding findElement on session fc0a0cfdd0217b786f10e4a0c08dca3b to remote] DEBUG org.asynchttpclient.netty.request.NettyRequestSender - Using open Channel [id: 0x765e7051, L:/127.0.0.1:51512 - R:localhost/127.0.0.1:8852] for POST '/session/fc0a0cfdd0217b786f10e4a0c08dca3b/element'
10:12:17.325 [AsyncHttpClient-1-11] DEBUG org.asynchttpclient.netty.handler.HttpHandler - 

Request DefaultHttpRequest(decodeResult: success, version: HTTP/1.1)
POST /session/fc0a0cfdd0217b786f10e4a0c08dca3b/element HTTP/1.1
User-Agent: selenium/4.8.1 (java windows)
Content-Length: 71
Content-Type: application/json; charset=utf-8
host: localhost:8852
accept: */*

Response DefaultHttpResponse(decodeResult: success, version: HTTP/1.1)
HTTP/1.1 200 OK
Content-Length: 88
Content-Type: application/json; charset=utf-8
cache-control: no-cache

10:12:17.325 [AsyncHttpClient-1-11] DEBUG org.asynchttpclient.netty.channel.ChannelManager - Adding key: http://localhost:8852 for channel [id: 0x765e7051, L:/127.0.0.1:51512 - R:localhost/127.0.0.1:8852]
10:12:17.326 [Forwarding clickElement on session fc0a0cfdd0217b786f10e4a0c08dca3b to remote] DEBUG org.asynchttpclient.netty.request.NettyRequestSender - Using pooled Channel '[id: 0x765e7051, L:/127.0.0.1:51512 - R:localhost/127.0.0.1:8852]' for 'POST' to 'http://localhost:8852/session/fc0a0cfdd0217b786f10e4a0c08dca3b/element/32242d18-7c26-447f-98aa-0c87b74cbea1/click'
10:12:17.326 [Forwarding clickElement on session fc0a0cfdd0217b786f10e4a0c08dca3b to remote] DEBUG org.asynchttpclient.netty.request.NettyRequestSender - Using open Channel [id: 0x765e7051, L:/127.0.0.1:51512 - R:localhost/127.0.0.1:8852] for POST '/session/fc0a0cfdd0217b786f10e4a0c08dca3b/element/32242d18-7c26-447f-98aa-0c87b74cbea1/click'
10:12:17.359 [AsyncHttpClient-1-11] DEBUG org.asynchttpclient.netty.handler.HttpHandler - 

Request DefaultHttpRequest(decodeResult: success, version: HTTP/1.1)
POST /session/fc0a0cfdd0217b786f10e4a0c08dca3b/element/32242d18-7c26-447f-98aa-0c87b74cbea1/click HTTP/1.1
User-Agent: selenium/4.8.1 (java windows)
Content-Length: 50
Content-Type: application/json; charset=utf-8
host: localhost:8852
accept: */*

Response DefaultHttpResponse(decodeResult: success, version: HTTP/1.1)
HTTP/1.1 200 OK
Content-Length: 14
Content-Type: application/json; charset=utf-8
cache-control: no-cache

10:12:17.359 [AsyncHttpClient-1-11] DEBUG org.asynchttpclient.netty.channel.ChannelManager - Adding key: http://localhost:8852 for channel [id: 0x765e7051, L:/127.0.0.1:51512 - R:localhost/127.0.0.1:8852]
10:12:17.363 [Forwarding getAlertText on session fc0a0cfdd0217b786f10e4a0c08dca3b to remote] DEBUG org.asynchttpclient.netty.request.NettyRequestSender - Using pooled Channel '[id: 0x765e7051, L:/127.0.0.1:51512 - R:localhost/127.0.0.1:8852]' for 'GET' to 'http://localhost:8852/session/fc0a0cfdd0217b786f10e4a0c08dca3b/alert/text'
10:12:17.363 [Forwarding getAlertText on session fc0a0cfdd0217b786f10e4a0c08dca3b to remote] DEBUG org.asynchttpclient.netty.request.NettyRequestSender - Using open Channel [id: 0x765e7051, L:/127.0.0.1:51512 - R:localhost/127.0.0.1:8852] for GET '/session/fc0a0cfdd0217b786f10e4a0c08dca3b/alert/text'
10:12:17.364 [AsyncHttpClient-1-11] DEBUG org.asynchttpclient.netty.handler.HttpHandler - 

Request DefaultFullHttpRequest(decodeResult: success, version: HTTP/1.1, content: EmptyByteBufBE)
GET /session/fc0a0cfdd0217b786f10e4a0c08dca3b/alert/text HTTP/1.1
User-Agent: selenium/4.8.1 (java windows)
Cache-Control: no-cache
Content-Type: application/json; charset=utf-8
host: localhost:8852
accept: */*

Response DefaultHttpResponse(decodeResult: success, version: HTTP/1.1)
HTTP/1.1 404 Not Found
Content-Length: 836
Content-Type: application/json; charset=utf-8
cache-control: no-cache

10:12:17.364 [AsyncHttpClient-1-11] DEBUG org.asynchttpclient.netty.channel.ChannelManager - Adding key: http://localhost:8852 for channel [id: 0x765e7051, L:/127.0.0.1:51512 - R:localhost/127.0.0.1:8852]
10:12:17.365 [Forwarding getCurrentUrl on session fc0a0cfdd0217b786f10e4a0c08dca3b to remote] DEBUG org.asynchttpclient.netty.request.NettyRequestSender - Using pooled Channel '[id: 0x765e7051, L:/127.0.0.1:51512 - R:localhost/127.0.0.1:8852]' for 'GET' to 'http://localhost:8852/session/fc0a0cfdd0217b786f10e4a0c08dca3b/url'
10:12:17.365 [Forwarding getCurrentUrl on session fc0a0cfdd0217b786f10e4a0c08dca3b to remote] DEBUG org.asynchttpclient.netty.request.NettyRequestSender - Using open Channel [id: 0x765e7051, L:/127.0.0.1:51512 - R:localhost/127.0.0.1:8852] for GET '/session/fc0a0cfdd0217b786f10e4a0c08dca3b/url'
10:12:17.367 [AsyncHttpClient-1-11] DEBUG org.asynchttpclient.netty.handler.HttpHandler - 

Request DefaultFullHttpRequest(decodeResult: success, version: HTTP/1.1, content: EmptyByteBufBE)
GET /session/fc0a0cfdd0217b786f10e4a0c08dca3b/url HTTP/1.1
User-Agent: selenium/4.8.1 (java windows)
Cache-Control: no-cache
Content-Type: application/json; charset=utf-8
host: localhost:8852
accept: */*

Response DefaultHttpResponse(decodeResult: success, version: HTTP/1.1)
HTTP/1.1 200 OK
Content-Length: 54
Content-Type: application/json; charset=utf-8
cache-control: no-cache

10:12:17.367 [AsyncHttpClient-1-11] DEBUG org.asynchttpclient.netty.channel.ChannelManager - Adding key: http://localhost:8852 for channel [id: 0x765e7051, L:/127.0.0.1:51512 - R:localhost/127.0.0.1:8852]
10:12:17.368 [Forwarding screenshot on session fc0a0cfdd0217b786f10e4a0c08dca3b to remote] DEBUG org.asynchttpclient.netty.request.NettyRequestSender - Using pooled Channel '[id: 0x765e7051, L:/127.0.0.1:51512 - R:localhost/127.0.0.1:8852]' for 'GET' to 'http://localhost:8852/session/fc0a0cfdd0217b786f10e4a0c08dca3b/screenshot'
10:12:17.368 [Forwarding screenshot on session fc0a0cfdd0217b786f10e4a0c08dca3b to remote] DEBUG org.asynchttpclient.netty.request.NettyRequestSender - Using open Channel [id: 0x765e7051, L:/127.0.0.1:51512 - R:localhost/127.0.0.1:8852] for GET '/session/fc0a0cfdd0217b786f10e4a0c08dca3b/screenshot'
10:12:17.489 [AsyncHttpClient-1-11] DEBUG org.asynchttpclient.netty.handler.HttpHandler - 

Request DefaultFullHttpRequest(decodeResult: success, version: HTTP/1.1, content: EmptyByteBufBE)
GET /session/fc0a0cfdd0217b786f10e4a0c08dca3b/screenshot HTTP/1.1
User-Agent: selenium/4.8.1 (java windows)
Cache-Control: no-cache
Content-Type: application/json; charset=utf-8
host: localhost:8852
accept: */*

Response DefaultHttpResponse(decodeResult: success, version: HTTP/1.1)
HTTP/1.1 200 OK
Content-Length: 44372
Content-Type: application/json; charset=utf-8
cache-control: no-cache

10:12:17.489 [AsyncHttpClient-1-11] DEBUG org.asynchttpclient.netty.channel.ChannelManager - Adding key: http://localhost:8852 for channel [id: 0x765e7051, L:/127.0.0.1:51512 - R:localhost/127.0.0.1:8852]
10:12:17.491 [main] DEBUG net.serenitybdd.core.photography.Darkroom - Send negative for processing for target\site\serenity\a45403b5845793df79f6a3e5992934d7dd17038aa27f8bcf8820ccbdca99239f.png
10:12:17.491 [main] DEBUG net.thucydides.core.steps.StepInterceptor - STEP DONE: ClickRegisterButton
10:12:17.491 [Darkroom Processing Line] DEBUG net.serenitybdd.core.photography.DarkroomProcessingLine - Processing screenshot image in /var/screenshots/screenshot-1141053740515349968
10:12:17.491 [Darkroom Processing Line] DEBUG net.serenitybdd.core.photography.DarkroomProcessingLine - Saving screenshot to target\site\serenity\a45403b5845793df79f6a3e5992934d7dd17038aa27f8bcf8820ccbdca99239f.png
  &amp#27;[32mWhen &amp#27;[0m&amp#27;[32mI click on the register button&amp#27;[0m          &amp#27;[90m# starter.stepdefinitions.RegisterSteps.ClickRegisterButton()&amp#27;[0m
10:12:17.498 [Forwarding getPageSource on session fc0a0cfdd0217b786f10e4a0c08dca3b to remote] DEBUG org.asynchttpclient.netty.request.NettyRequestSender - Using pooled Channel '[id: 0x765e7051, L:/127.0.0.1:51512 - R:localhost/127.0.0.1:8852]' for 'POST' to 'http://localhost:8852/session/fc0a0cfdd0217b786f10e4a0c08dca3b/execute/sync'
10:12:17.498 [Forwarding getPageSource on session fc0a0cfdd0217b786f10e4a0c08dca3b to remote] DEBUG org.asynchttpclient.netty.request.NettyRequestSender - Using open Channel [id: 0x765e7051, L:/127.0.0.1:51512 - R:localhost/127.0.0.1:8852] for POST '/session/fc0a0cfdd0217b786f10e4a0c08dca3b/execute/sync'
10:12:17.502 [AsyncHttpClient-1-11] DEBUG org.asynchttpclient.netty.handler.HttpHandler - 

Request DefaultHttpRequest(decodeResult: success, version: HTTP/1.1)
POST /session/fc0a0cfdd0217b786f10e4a0c08dca3b/execute/sync HTTP/1.1
User-Agent: selenium/4.8.1 (java windows)
Content-Length: 176
Content-Type: application/json; charset=utf-8
host: localhost:8852
accept: */*

Response DefaultHttpResponse(decodeResult: success, version: HTTP/1.1)
HTTP/1.1 200 OK
Content-Length: 23207
Content-Type: application/json; charset=utf-8
cache-control: no-cache

10:12:17.502 [AsyncHttpClient-1-11] DEBUG org.asynchttpclient.netty.channel.ChannelManager - Adding key: http://localhost:8852 for channel [id: 0x765e7051, L:/127.0.0.1:51512 - R:localhost/127.0.0.1:8852]
10:12:17.504 [Forwarding getCurrentUrl on session fc0a0cfdd0217b786f10e4a0c08dca3b to remote] DEBUG org.asynchttpclient.netty.request.NettyRequestSender - Using pooled Channel '[id: 0x765e7051, L:/127.0.0.1:51512 - R:localhost/127.0.0.1:8852]' for 'GET' to 'http://localhost:8852/session/fc0a0cfdd0217b786f10e4a0c08dca3b/url'
10:12:17.504 [Forwarding getCurrentUrl on session fc0a0cfdd0217b786f10e4a0c08dca3b to remote] DEBUG org.asynchttpclient.netty.request.NettyRequestSender - Using open Channel [id: 0x765e7051, L:/127.0.0.1:51512 - R:localhost/127.0.0.1:8852] for GET '/session/fc0a0cfdd0217b786f10e4a0c08dca3b/url'
10:12:17.509 [AsyncHttpClient-1-11] DEBUG org.asynchttpclient.netty.handler.HttpHandler - 

Request DefaultFullHttpRequest(decodeResult: success, version: HTTP/1.1, content: EmptyByteBufBE)
GET /session/fc0a0cfdd0217b786f10e4a0c08dca3b/url HTTP/1.1
User-Agent: selenium/4.8.1 (java windows)
Cache-Control: no-cache
Content-Type: application/json; charset=utf-8
host: localhost:8852
accept: */*

Response DefaultHttpResponse(decodeResult: success, version: HTTP/1.1)
HTTP/1.1 200 OK
Content-Length: 54
Content-Type: application/json; charset=utf-8
cache-control: no-cache

10:12:17.509 [AsyncHttpClient-1-11] DEBUG org.asynchttpclient.netty.channel.ChannelManager - Adding key: http://localhost:8852 for channel [id: 0x765e7051, L:/127.0.0.1:51512 - R:localhost/127.0.0.1:8852]
10:12:17.514 [Forwarding getPageSource on session fc0a0cfdd0217b786f10e4a0c08dca3b to remote] DEBUG org.asynchttpclient.netty.request.NettyRequestSender - Using pooled Channel '[id: 0x765e7051, L:/127.0.0.1:51512 - R:localhost/127.0.0.1:8852]' for 'POST' to 'http://localhost:8852/session/fc0a0cfdd0217b786f10e4a0c08dca3b/execute/sync'
10:12:17.514 [Forwarding getPageSource on session fc0a0cfdd0217b786f10e4a0c08dca3b to remote] DEBUG org.asynchttpclient.netty.request.NettyRequestSender - Using open Channel [id: 0x765e7051, L:/127.0.0.1:51512 - R:localhost/127.0.0.1:8852] for POST '/session/fc0a0cfdd0217b786f10e4a0c08dca3b/execute/sync'
10:12:17.518 [AsyncHttpClient-1-11] DEBUG org.asynchttpclient.netty.handler.HttpHandler - 

Request DefaultHttpRequest(decodeResult: success, version: HTTP/1.1)
POST /session/fc0a0cfdd0217b786f10e4a0c08dca3b/execute/sync HTTP/1.1
User-Agent: selenium/4.8.1 (java windows)
Content-Length: 176
Content-Type: application/json; charset=utf-8
host: localhost:8852
accept: */*

Response DefaultHttpResponse(decodeResult: success, version: HTTP/1.1)
HTTP/1.1 200 OK
Content-Length: 23207
Content-Type: application/json; charset=utf-8
cache-control: no-cache

10:12:17.518 [AsyncHttpClient-1-11] DEBUG org.asynchttpclient.netty.channel.ChannelManager - Adding key: http://localhost:8852 for channel [id: 0x765e7051, L:/127.0.0.1:51512 - R:localhost/127.0.0.1:8852]
10:12:17.520 [Forwarding getCurrentUrl on session fc0a0cfdd0217b786f10e4a0c08dca3b to remote] DEBUG org.asynchttpclient.netty.request.NettyRequestSender - Using pooled Channel '[id: 0x765e7051, L:/127.0.0.1:51512 - R:localhost/127.0.0.1:8852]' for 'GET' to 'http://localhost:8852/session/fc0a0cfdd0217b786f10e4a0c08dca3b/url'
10:12:17.520 [Forwarding getCurrentUrl on session fc0a0cfdd0217b786f10e4a0c08dca3b to remote] DEBUG org.asynchttpclient.netty.request.NettyRequestSender - Using open Channel [id: 0x765e7051, L:/127.0.0.1:51512 - R:localhost/127.0.0.1:8852] for GET '/session/fc0a0cfdd0217b786f10e4a0c08dca3b/url'
10:12:17.523 [AsyncHttpClient-1-11] DEBUG org.asynchttpclient.netty.handler.HttpHandler - 

Request DefaultFullHttpRequest(decodeResult: success, version: HTTP/1.1, content: EmptyByteBufBE)
GET /session/fc0a0cfdd0217b786f10e4a0c08dca3b/url HTTP/1.1
User-Agent: selenium/4.8.1 (java windows)
Cache-Control: no-cache
Content-Type: application/json; charset=utf-8
host: localhost:8852
accept: */*

Response DefaultHttpResponse(decodeResult: success, version: HTTP/1.1)
HTTP/1.1 200 OK
Content-Length: 54
Content-Type: application/json; charset=utf-8
cache-control: no-cache

10:12:17.523 [AsyncHttpClient-1-11] DEBUG org.asynchttpclient.netty.channel.ChannelManager - Adding key: http://localhost:8852 for channel [id: 0x765e7051, L:/127.0.0.1:51512 - R:localhost/127.0.0.1:8852]
10:12:17.524 [main] DEBUG net.thucydides.core.steps.StepInterceptor - STARTING STEP: LoginSteps.alertContent - incorrectAlert
10:12:17.525 [Forwarding findElement on session fc0a0cfdd0217b786f10e4a0c08dca3b to remote] DEBUG org.asynchttpclient.netty.request.NettyRequestSender - Using pooled Channel '[id: 0x765e7051, L:/127.0.0.1:51512 - R:localhost/127.0.0.1:8852]' for 'POST' to 'http://localhost:8852/session/fc0a0cfdd0217b786f10e4a0c08dca3b/element'
10:12:17.525 [Forwarding findElement on session fc0a0cfdd0217b786f10e4a0c08dca3b to remote] DEBUG org.asynchttpclient.netty.request.NettyRequestSender - Using open Channel [id: 0x765e7051, L:/127.0.0.1:51512 - R:localhost/127.0.0.1:8852] for POST '/session/fc0a0cfdd0217b786f10e4a0c08dca3b/element'
10:12:17.537 [AsyncHttpClient-1-11] DEBUG org.asynchttpclient.netty.handler.HttpHandler - 

Request DefaultHttpRequest(decodeResult: success, version: HTTP/1.1)
POST /session/fc0a0cfdd0217b786f10e4a0c08dca3b/element HTTP/1.1
User-Agent: selenium/4.8.1 (java windows)
Content-Length: 54
Content-Type: application/json; charset=utf-8
host: localhost:8852
accept: */*

Response DefaultHttpResponse(decodeResult: success, version: HTTP/1.1)
HTTP/1.1 200 OK
Content-Length: 88
Content-Type: application/json; charset=utf-8
cache-control: no-cache

10:12:17.537 [AsyncHttpClient-1-11] DEBUG org.asynchttpclient.netty.channel.ChannelManager - Adding key: http://localhost:8852 for channel [id: 0x765e7051, L:/127.0.0.1:51512 - R:localhost/127.0.0.1:8852]
10:12:17.540 [Forwarding isElementDisplayed on session fc0a0cfdd0217b786f10e4a0c08dca3b to remote] DEBUG org.asynchttpclient.netty.request.NettyRequestSender - Using pooled Channel '[id: 0x765e7051, L:/127.0.0.1:51512 - R:localhost/127.0.0.1:8852]' for 'POST' to 'http://localhost:8852/session/fc0a0cfdd0217b786f10e4a0c08dca3b/execute/sync'
10:12:17.540 [Forwarding isElementDisplayed on session fc0a0cfdd0217b786f10e4a0c08dca3b to remote] DEBUG org.asynchttpclient.netty.request.NettyRequestSender - Using open Channel [id: 0x765e7051, L:/127.0.0.1:51512 - R:localhost/127.0.0.1:8852] for POST '/session/fc0a0cfdd0217b786f10e4a0c08dca3b/execute/sync'
10:12:17.553 [AsyncHttpClient-1-11] DEBUG org.asynchttpclient.netty.handler.HttpHandler - 

Request DefaultHttpRequest(decodeResult: success, version: HTTP/1.1)
POST /session/fc0a0cfdd0217b786f10e4a0c08dca3b/execute/sync HTTP/1.1
User-Agent: selenium/4.8.1 (java windows)
Content-Length: 48807
Content-Type: application/json; charset=utf-8
host: localhost:8852
accept: */*

Response DefaultHttpResponse(decodeResult: success, version: HTTP/1.1)
HTTP/1.1 200 OK
Content-Length: 14
Content-Type: application/json; charset=utf-8
cache-control: no-cache

10:12:17.553 [AsyncHttpClient-1-11] DEBUG org.asynchttpclient.netty.channel.ChannelManager - Adding key: http://localhost:8852 for channel [id: 0x765e7051, L:/127.0.0.1:51512 - R:localhost/127.0.0.1:8852]
10:12:17.556 [Forwarding getAlertText on session fc0a0cfdd0217b786f10e4a0c08dca3b to remote] DEBUG org.asynchttpclient.netty.request.NettyRequestSender - Using pooled Channel '[id: 0x765e7051, L:/127.0.0.1:51512 - R:localhost/127.0.0.1:8852]' for 'GET' to 'http://localhost:8852/session/fc0a0cfdd0217b786f10e4a0c08dca3b/alert/text'
10:12:17.557 [Forwarding getAlertText on session fc0a0cfdd0217b786f10e4a0c08dca3b to remote] DEBUG org.asynchttpclient.netty.request.NettyRequestSender - Using open Channel [id: 0x765e7051, L:/127.0.0.1:51512 - R:localhost/127.0.0.1:8852] for GET '/session/fc0a0cfdd0217b786f10e4a0c08dca3b/alert/text'
10:12:17.558 [AsyncHttpClient-1-11] DEBUG org.asynchttpclient.netty.handler.HttpHandler - 

Request DefaultFullHttpRequest(decodeResult: success, version: HTTP/1.1, content: EmptyByteBufBE)
GET /session/fc0a0cfdd0217b786f10e4a0c08dca3b/alert/text HTTP/1.1
User-Agent: selenium/4.8.1 (java windows)
Cache-Control: no-cache
Content-Type: application/json; charset=utf-8
host: localhost:8852
accept: */*

Response DefaultHttpResponse(decodeResult: success, version: HTTP/1.1)
HTTP/1.1 404 Not Found
Content-Length: 836
Content-Type: application/json; charset=utf-8
cache-control: no-cache

10:12:17.558 [AsyncHttpClient-1-11] DEBUG org.asynchttpclient.netty.channel.ChannelManager - Adding key: http://localhost:8852 for channel [id: 0x765e7051, L:/127.0.0.1:51512 - R:localhost/127.0.0.1:8852]
10:12:17.558 [Forwarding getCurrentUrl on session fc0a0cfdd0217b786f10e4a0c08dca3b to remote] DEBUG org.asynchttpclient.netty.request.NettyRequestSender - Using pooled Channel '[id: 0x765e7051, L:/127.0.0.1:51512 - R:localhost/127.0.0.1:8852]' for 'GET' to 'http://localhost:8852/session/fc0a0cfdd0217b786f10e4a0c08dca3b/url'
10:12:17.559 [Forwarding getCurrentUrl on session fc0a0cfdd0217b786f10e4a0c08dca3b to remote] DEBUG org.asynchttpclient.netty.request.NettyRequestSender - Using open Channel [id: 0x765e7051, L:/127.0.0.1:51512 - R:localhost/127.0.0.1:8852] for GET '/session/fc0a0cfdd0217b786f10e4a0c08dca3b/url'
10:12:17.562 [AsyncHttpClient-1-11] DEBUG org.asynchttpclient.netty.handler.HttpHandler - 

Request DefaultFullHttpRequest(decodeResult: success, version: HTTP/1.1, content: EmptyByteBufBE)
GET /session/fc0a0cfdd0217b786f10e4a0c08dca3b/url HTTP/1.1
User-Agent: selenium/4.8.1 (java windows)
Cache-Control: no-cache
Content-Type: application/json; charset=utf-8
host: localhost:8852
accept: */*

Response DefaultHttpResponse(decodeResult: success, version: HTTP/1.1)
HTTP/1.1 200 OK
Content-Length: 54
Content-Type: application/json; charset=utf-8
cache-control: no-cache

10:12:17.562 [AsyncHttpClient-1-11] DEBUG org.asynchttpclient.netty.channel.ChannelManager - Adding key: http://localhost:8852 for channel [id: 0x765e7051, L:/127.0.0.1:51512 - R:localhost/127.0.0.1:8852]
10:12:17.562 [Forwarding screenshot on session fc0a0cfdd0217b786f10e4a0c08dca3b to remote] DEBUG org.asynchttpclient.netty.request.NettyRequestSender - Using pooled Channel '[id: 0x765e7051, L:/127.0.0.1:51512 - R:localhost/127.0.0.1:8852]' for 'GET' to 'http://localhost:8852/session/fc0a0cfdd0217b786f10e4a0c08dca3b/screenshot'
10:12:17.563 [Forwarding screenshot on session fc0a0cfdd0217b786f10e4a0c08dca3b to remote] DEBUG org.asynchttpclient.netty.request.NettyRequestSender - Using open Channel [id: 0x765e7051, L:/127.0.0.1:51512 - R:localhost/127.0.0.1:8852] for GET '/session/fc0a0cfdd0217b786f10e4a0c08dca3b/screenshot'
10:12:17.680 [AsyncHttpClient-1-11] DEBUG org.asynchttpclient.netty.handler.HttpHandler - 

Request DefaultFullHttpRequest(decodeResult: success, version: HTTP/1.1, content: EmptyByteBufBE)
GET /session/fc0a0cfdd0217b786f10e4a0c08dca3b/screenshot HTTP/1.1
User-Agent: selenium/4.8.1 (java windows)
Cache-Control: no-cache
Content-Type: application/json; charset=utf-8
host: localhost:8852
accept: */*

Response DefaultHttpResponse(decodeResult: success, version: HTTP/1.1)
HTTP/1.1 200 OK
Content-Length: 46628
Content-Type: application/json; charset=utf-8
cache-control: no-cache

10:12:17.680 [AsyncHttpClient-1-11] DEBUG org.asynchttpclient.netty.channel.ChannelManager - Adding key: http://localhost:8852 for channel [id: 0x765e7051, L:/127.0.0.1:51512 - R:localhost/127.0.0.1:8852]
10:12:17.682 [main] DEBUG net.serenitybdd.core.photography.Darkroom - Send negative for processing for target\site\serenity\18b9d2f0c5f901eebecde3f7451e21a0f6c340a374a27a37d119fc44311af11d.png
10:12:17.682 [main] DEBUG net.thucydides.core.steps.StepInterceptor - STEP DONE: incorrectAlert
10:12:17.682 [Darkroom Processing Line] DEBUG net.serenitybdd.core.photography.DarkroomProcessingLine - Processing screenshot image in /var/screenshots/screenshot-2395712492819414291
10:12:17.682 [Darkroom Processing Line] DEBUG net.serenitybdd.core.photography.DarkroomProcessingLine - Saving screenshot to target\site\serenity\18b9d2f0c5f901eebecde3f7451e21a0f6c340a374a27a37d119fc44311af11d.png
  &amp#27;[32mThen &amp#27;[0m&amp#27;[32mI should see the error message&amp#27;[0m          &amp#27;[90m# starter.stepdefinitions.LoginSteps.alertContent()&amp#27;[0m
10:12:17.686 [main] INFO  - 
  _____   ___   ___   _____     ___     _     ___   ___   ___   ___  
 |_   _| | __| / __| |_   _|   | _ \   /_\   / __| / __| | __| |   \ 
   | |   | _|  \__ \   | |     |  _/  / _ \  \__ \ \__ \ | _|  | |) |
   |_|   |___| |___/   |_|     |_|   /_/ \_\ |___/ |___/ |___| |___/ 

Register without fill the password
----------------------------------------------------------------------
10:12:17.687 [AsyncHttpClient-1-13] DEBUG org.asynchttpclient.netty.handler.WebSocketHandler - Channel Closed: [id: 0x41d5e47e, L:/127.0.0.1:51520 ! R:localhost/127.0.0.1:51513] with attribute NettyResponseFuture{currentRetry=0,
	isDone=1,
	isCancelled=0,
	asyncHandler=org.asynchttpclient.ws.WebSocketUpgradeHandler@2c9061c7,
	nettyRequest=org.asynchttpclient.netty.request.NettyRequest@6992ea31,
	future=java.util.concurrent.CompletableFuture@f496806[Completed normally],
	uri=ws://localhost:51513/devtools/browser/e6e4141b-8f0e-4e06-bf2e-b2baebe03571,
	keepAlive=true,
	redirectCount=0,
	timeoutsHolder=null,
	inAuth=0,
	touch=1683429135121}
10:12:17.687 [AsyncHttpClient-1-13] DEBUG org.asynchttpclient.netty.channel.ChannelManager - Closing Channel [id: 0x41d5e47e, L:/127.0.0.1:51520 ! R:localhost/127.0.0.1:51513] 
10:12:17.687 [Driver Command Executor] DEBUG org.asynchttpclient.netty.request.NettyRequestSender - Using pooled Channel '[id: 0x765e7051, L:/127.0.0.1:51512 - R:localhost/127.0.0.1:8852]' for 'DELETE' to 'http://localhost:8852/session/fc0a0cfdd0217b786f10e4a0c08dca3b'
10:12:17.687 [Driver Command Executor] DEBUG org.asynchttpclient.netty.request.NettyRequestSender - Using open Channel [id: 0x765e7051, L:/127.0.0.1:51512 - R:localhost/127.0.0.1:8852] for DELETE '/session/fc0a0cfdd0217b786f10e4a0c08dca3b'
10:12:17.795 [AsyncHttpClient-1-12] DEBUG org.asynchttpclient.netty.handler.HttpHandler - Unexpected I/O exception on channel [id: 0x119365ad, L:/127.0.0.1:51519 - R:localhost/127.0.0.1:51513]
java.io.IOException: An existing connection was forcibly closed by the remote host
	at java.base/sun.nio.ch.SocketDispatcher.read0(Native Method)
	at java.base/sun.nio.ch.SocketDispatcher.read(SocketDispatcher.java:43)
	at java.base/sun.nio.ch.IOUtil.readIntoNativeBuffer(IOUtil.java:276)
	at java.base/sun.nio.ch.IOUtil.read(IOUtil.java:233)
	at java.base/sun.nio.ch.IOUtil.read(IOUtil.java:223)
	at java.base/sun.nio.ch.SocketChannelImpl.read(SocketChannelImpl.java:358)
	at io.netty.buffer.PooledByteBuf.setBytes(PooledByteBuf.java:259)
	at io.netty.buffer.AbstractByteBuf.writeBytes(AbstractByteBuf.java:1132)
	at io.netty.channel.socket.nio.NioSocketChannel.doReadBytes(NioSocketChannel.java:357)
	at io.netty.channel.nio.AbstractNioByteChannel$NioByteUnsafe.read(AbstractNioByteChannel.java:151)
	at io.netty.channel.nio.NioEventLoop.processSelectedKey(NioEventLoop.java:788)
	at io.netty.channel.nio.NioEventLoop.processSelectedKeysOptimized(NioEventLoop.java:724)
	at io.netty.channel.nio.NioEventLoop.processSelectedKeys(NioEventLoop.java:650)
	at io.netty.channel.nio.NioEventLoop.run(NioEventLoop.java:562)
	at io.netty.util.concurrent.SingleThreadEventExecutor$4.run(SingleThreadEventExecutor.java:997)
	at io.netty.util.internal.ThreadExecutorMap$2.run(ThreadExecutorMap.java:74)
	at io.netty.util.concurrent.FastThreadLocalRunnable.run(FastThreadLocalRunnable.java:30)
	at java.base/java.lang.Thread.run(Thread.java:834)
10:12:17.795 [AsyncHttpClient-1-12] DEBUG org.asynchttpclient.netty.channel.ChannelManager - Closing Channel [id: 0x119365ad, L:/127.0.0.1:51519 - R:localhost/127.0.0.1:51513] 
10:12:17.795 [AsyncHttpClient-1-12] DEBUG org.asynchttpclient.netty.handler.HttpHandler - Channel Closed: [id: 0x119365ad, L:/127.0.0.1:51519 ! R:localhost/127.0.0.1:51513] with attribute DISCARD
10:12:17.808 [AsyncHttpClient-1-11] DEBUG org.asynchttpclient.netty.handler.HttpHandler - 

Request DefaultFullHttpRequest(decodeResult: success, version: HTTP/1.1, content: EmptyByteBufBE)
DELETE /session/fc0a0cfdd0217b786f10e4a0c08dca3b HTTP/1.1
User-Agent: selenium/4.8.1 (java windows)
Content-Type: application/json; charset=utf-8
host: localhost:8852
accept: */*

Response DefaultHttpResponse(decodeResult: success, version: HTTP/1.1)
HTTP/1.1 200 OK
Content-Length: 14
Content-Type: application/json; charset=utf-8
cache-control: no-cache

10:12:17.808 [AsyncHttpClient-1-11] DEBUG org.asynchttpclient.netty.channel.ChannelManager - Adding key: http://localhost:8852 for channel [id: 0x765e7051, L:/127.0.0.1:51512 - R:localhost/127.0.0.1:8852]
10:12:17.832 [AsyncHttpClient-1-11] DEBUG org.asynchttpclient.netty.handler.HttpHandler - Channel Closed: [id: 0x765e7051, L:/127.0.0.1:51512 ! R:localhost/127.0.0.1:8852] with attribute DISCARD
10:12:18.297 [AsyncHttpClient-1-1] DEBUG org.asynchttpclient.netty.channel.DefaultChannelPool - Entry count for : http://localhost:51513 : 1
10:12:18.297 [AsyncHttpClient-1-1] DEBUG org.asynchttpclient.netty.channel.DefaultChannelPool - Entry count for : http://localhost:8852 : 1
10:12:18.297 [AsyncHttpClient-1-1] DEBUG org.asynchttpclient.netty.channel.DefaultChannelPool - Adding Candidate expired Channel [id: 0x119365ad, L:/127.0.0.1:51519 ! R:localhost/127.0.0.1:51513] isIdleTimeoutExpired=false isRemotelyClosed=true isTtlExpired=false
10:12:18.297 [AsyncHttpClient-1-1] DEBUG org.asynchttpclient.netty.channel.DefaultChannelPool - Closing Idle Channel [id: 0x119365ad, L:/127.0.0.1:51519 ! R:localhost/127.0.0.1:51513]
10:12:18.297 [AsyncHttpClient-1-1] DEBUG org.asynchttpclient.netty.channel.DefaultChannelPool - Adding Candidate expired Channel [id: 0x765e7051, L:/127.0.0.1:51512 ! R:localhost/127.0.0.1:8852] isIdleTimeoutExpired=false isRemotelyClosed=true isTtlExpired=false
10:12:18.297 [AsyncHttpClient-1-1] DEBUG org.asynchttpclient.netty.channel.DefaultChannelPool - Closing Idle Channel [id: 0x765e7051, L:/127.0.0.1:51512 ! R:localhost/127.0.0.1:8852]
10:12:18.297 [AsyncHttpClient-1-1] DEBUG org.asynchttpclient.netty.channel.DefaultChannelPool - Closed 2 connections out of 2 in 0 ms
]]></system-out>
    <system-err><![CDATA[Starting ChromeDriver 111.0.5563.64 (c710e93d5b63b7095afe8c2c17df34408078439d-refs/branch-heads/5563@{#995}) on port 8852
Only local connections are allowed.
Please see https://chromedriver.chromium.org/security-considerations for suggestions on keeping ChromeDriver safe.
ChromeDriver was started successfully.
May 07, 2023 10:12:15 AM org.openqa.selenium.devtools.CdpVersionFinder findNearestMatch
WARNING: Unable to find an exact match for CDP version 111, so returning the closest version found: 110
]]></system-err>
  </testcase>
  <testcase name="Register with existed email" classname="Register to Alta-shop Account" time="4.445">
    <system-out><![CDATA[
Scenario: Register with existed email       &amp#27;[90m# src/test/resources/features/1. Register.feature:43&amp#27;[0m
10:12:18.364 [main] DEBUG io.cucumber.core.plugin.SerenityReporter - Running feature from file:///D:/WebMinpro/code/minpro/src/test/resources/features/1.%20Register.feature
10:12:18.366 [main] INFO  - 
  _____   ___   ___   _____     ___   _____     _     ___   _____   ___   ___  
 |_   _| | __| / __| |_   _|   / __| |_   _|   /_\   | _ \ |_   _| | __| |   \ 
   | |   | _|  \__ \   | |     \__ \   | |    / _ \  |   /   | |   | _|  | |) |
   |_|   |___| |___/   |_|     |___/   |_|   /_/ \_\ |_|_\   |_|   |___| |___/ 

Register with existed email(register-to-alta-shop-account;register-with-existed-email)
--------------------------------------------------------------------------------
10:12:18.383 [main] DEBUG net.thucydides.core.steps.StepInterceptor - STARTING STEP: LoginSteps.onTheLoginPage - openPage
10:12:18.561 [main] INFO net.serenitybdd.core.webdriver.driverproviders.ChromeDriverProvider - Starting Chrome driver instance with capabilities:
10:12:18.561 [main] INFO net.serenitybdd.core.webdriver.driverproviders.ChromeDriverProvider - Capabilities {acceptInsecureCerts: false, browserName: chrome, goog:chromeOptions: {args: [remote-allow-origins=*], extensions: []}}
10:12:19.154 [AsyncHttpClient-1-14] DEBUG org.asynchttpclient.netty.channel.NettyConnectListener - Using new Channel '[id: 0x13ebe45b, L:/127.0.0.1:51537 - R:localhost/127.0.0.1:2822]' for 'POST' to '/session'
10:12:19.680 [AsyncHttpClient-1-14] DEBUG org.asynchttpclient.netty.handler.HttpHandler - 

Request DefaultHttpRequest(decodeResult: success, version: HTTP/1.1)
POST /session HTTP/1.1
User-Agent: selenium/4.8.1 (java windows)
Content-Length: 507
Content-Type: application/json; charset=utf-8
host: localhost:2822
accept: */*

Response DefaultHttpResponse(decodeResult: success, version: HTTP/1.1)
HTTP/1.1 200 OK
Content-Length: 859
Content-Type: application/json; charset=utf-8
cache-control: no-cache

10:12:19.681 [AsyncHttpClient-1-14] DEBUG org.asynchttpclient.netty.channel.ChannelManager - Adding key: http://localhost:2822 for channel [id: 0x13ebe45b, L:/127.0.0.1:51537 - R:localhost/127.0.0.1:2822]
10:12:19.687 [AsyncHttpClient-1-15] DEBUG org.asynchttpclient.netty.channel.NettyConnectListener - Using new Channel '[id: 0x1ee20ced, L:/127.0.0.1:51547 - R:localhost/127.0.0.1:51539]' for 'GET' to '/json/version'
10:12:19.689 [AsyncHttpClient-1-15] DEBUG org.asynchttpclient.netty.handler.HttpHandler - 

Request DefaultFullHttpRequest(decodeResult: success, version: HTTP/1.1, content: EmptyByteBufBE)
GET /json/version HTTP/1.1
User-Agent: selenium/4.8.1 (java windows)
host: localhost:51539
accept: */*

Response DefaultHttpResponse(decodeResult: success, version: HTTP/1.1)
HTTP/1.1 200 OK
Content-Security-Policy: frame-ancestors 'none'
Content-Length: 424
Content-Type: application/json; charset=UTF-8

10:12:19.689 [AsyncHttpClient-1-15] DEBUG org.asynchttpclient.netty.channel.ChannelManager - Adding key: http://localhost:51539 for channel [id: 0x1ee20ced, L:/127.0.0.1:51547 - R:localhost/127.0.0.1:51539]
10:12:19.692 [AsyncHttpClient-1-16] DEBUG org.asynchttpclient.netty.channel.NettyConnectListener - Using new Channel '[id: 0x34655c8e, L:/127.0.0.1:51548 - R:localhost/127.0.0.1:51539]' for 'GET' to '/devtools/browser/ed5644bd-6a14-4355-8162-fe25f0f6f27e'
10:12:19.693 [AsyncHttpClient-1-16] DEBUG org.asynchttpclient.netty.handler.WebSocketHandler - 

Request DefaultFullHttpRequest(decodeResult: success, version: HTTP/1.1, content: EmptyByteBufBE)
GET /devtools/browser/ed5644bd-6a14-4355-8162-fe25f0f6f27e HTTP/1.1
upgrade: websocket
connection: upgrade
sec-websocket-key: AF3fNJQL4xMrZ3mNGOTTag==
sec-websocket-version: 13
origin: http://localhost:51539
host: localhost:51539
accept: */*
user-agent: AHC/2.1

Response DefaultHttpResponse(decodeResult: success, version: HTTP/1.1)
HTTP/1.1 101 WebSocket Protocol Handshake
Upgrade: WebSocket
Connection: Upgrade
Sec-WebSocket-Accept: zgO7kySC/I8hPf0D6XP49HlBMx0=

10:12:19.696 [Forwarding get on session 316c9fb94dd3bed54d95aeba82f447c0 to remote] DEBUG org.asynchttpclient.netty.request.NettyRequestSender - Using pooled Channel '[id: 0x13ebe45b, L:/127.0.0.1:51537 - R:localhost/127.0.0.1:2822]' for 'POST' to 'http://localhost:2822/session/316c9fb94dd3bed54d95aeba82f447c0/url'
10:12:19.696 [Forwarding get on session 316c9fb94dd3bed54d95aeba82f447c0 to remote] DEBUG org.asynchttpclient.netty.request.NettyRequestSender - Using open Channel [id: 0x13ebe45b, L:/127.0.0.1:51537 - R:localhost/127.0.0.1:2822] for POST '/session/316c9fb94dd3bed54d95aeba82f447c0/url'
10:12:20.496 [AsyncHttpClient-1-1] DEBUG org.asynchttpclient.netty.channel.DefaultChannelPool - Entry count for : http://localhost:51539 : 1
10:12:20.500 [AsyncHttpClient-1-14] DEBUG org.asynchttpclient.netty.handler.HttpHandler - 

Request DefaultHttpRequest(decodeResult: success, version: HTTP/1.1)
POST /session/316c9fb94dd3bed54d95aeba82f447c0/url HTTP/1.1
User-Agent: selenium/4.8.1 (java windows)
Content-Length: 74
Content-Type: application/json; charset=utf-8
host: localhost:2822
accept: */*

Response DefaultHttpResponse(decodeResult: success, version: HTTP/1.1)
HTTP/1.1 200 OK
Content-Length: 14
Content-Type: application/json; charset=utf-8
cache-control: no-cache

10:12:20.500 [AsyncHttpClient-1-14] DEBUG org.asynchttpclient.netty.channel.ChannelManager - Adding key: http://localhost:2822 for channel [id: 0x13ebe45b, L:/127.0.0.1:51537 - R:localhost/127.0.0.1:2822]
10:12:20.501 [Forwarding setTimeout on session 316c9fb94dd3bed54d95aeba82f447c0 to remote] DEBUG org.asynchttpclient.netty.request.NettyRequestSender - Using pooled Channel '[id: 0x13ebe45b, L:/127.0.0.1:51537 - R:localhost/127.0.0.1:2822]' for 'POST' to 'http://localhost:2822/session/316c9fb94dd3bed54d95aeba82f447c0/timeouts'
10:12:20.501 [Forwarding setTimeout on session 316c9fb94dd3bed54d95aeba82f447c0 to remote] DEBUG org.asynchttpclient.netty.request.NettyRequestSender - Using open Channel [id: 0x13ebe45b, L:/127.0.0.1:51537 - R:localhost/127.0.0.1:2822] for POST '/session/316c9fb94dd3bed54d95aeba82f447c0/timeouts'
10:12:20.501 [AsyncHttpClient-1-14] DEBUG org.asynchttpclient.netty.handler.HttpHandler - 

Request DefaultHttpRequest(decodeResult: success, version: HTTP/1.1)
POST /session/316c9fb94dd3bed54d95aeba82f447c0/timeouts HTTP/1.1
User-Agent: selenium/4.8.1 (java windows)
Content-Length: 22
Content-Type: application/json; charset=utf-8
host: localhost:2822
accept: */*

Response DefaultHttpResponse(decodeResult: success, version: HTTP/1.1)
HTTP/1.1 200 OK
Content-Length: 14
Content-Type: application/json; charset=utf-8
cache-control: no-cache

10:12:20.501 [AsyncHttpClient-1-14] DEBUG org.asynchttpclient.netty.channel.ChannelManager - Adding key: http://localhost:2822 for channel [id: 0x13ebe45b, L:/127.0.0.1:51537 - R:localhost/127.0.0.1:2822]
10:12:20.505 [Forwarding getAlertText on session 316c9fb94dd3bed54d95aeba82f447c0 to remote] DEBUG org.asynchttpclient.netty.request.NettyRequestSender - Using pooled Channel '[id: 0x13ebe45b, L:/127.0.0.1:51537 - R:localhost/127.0.0.1:2822]' for 'GET' to 'http://localhost:2822/session/316c9fb94dd3bed54d95aeba82f447c0/alert/text'
10:12:20.505 [Forwarding getAlertText on session 316c9fb94dd3bed54d95aeba82f447c0 to remote] DEBUG org.asynchttpclient.netty.request.NettyRequestSender - Using open Channel [id: 0x13ebe45b, L:/127.0.0.1:51537 - R:localhost/127.0.0.1:2822] for GET '/session/316c9fb94dd3bed54d95aeba82f447c0/alert/text'
10:12:20.506 [AsyncHttpClient-1-14] DEBUG org.asynchttpclient.netty.handler.HttpHandler - 

Request DefaultFullHttpRequest(decodeResult: success, version: HTTP/1.1, content: EmptyByteBufBE)
GET /session/316c9fb94dd3bed54d95aeba82f447c0/alert/text HTTP/1.1
User-Agent: selenium/4.8.1 (java windows)
Cache-Control: no-cache
Content-Type: application/json; charset=utf-8
host: localhost:2822
accept: */*

Response DefaultHttpResponse(decodeResult: success, version: HTTP/1.1)
HTTP/1.1 404 Not Found
Content-Length: 836
Content-Type: application/json; charset=utf-8
cache-control: no-cache

10:12:20.506 [AsyncHttpClient-1-14] DEBUG org.asynchttpclient.netty.channel.ChannelManager - Adding key: http://localhost:2822 for channel [id: 0x13ebe45b, L:/127.0.0.1:51537 - R:localhost/127.0.0.1:2822]
10:12:20.506 [Forwarding getCurrentUrl on session 316c9fb94dd3bed54d95aeba82f447c0 to remote] DEBUG org.asynchttpclient.netty.request.NettyRequestSender - Using pooled Channel '[id: 0x13ebe45b, L:/127.0.0.1:51537 - R:localhost/127.0.0.1:2822]' for 'GET' to 'http://localhost:2822/session/316c9fb94dd3bed54d95aeba82f447c0/url'
10:12:20.506 [Forwarding getCurrentUrl on session 316c9fb94dd3bed54d95aeba82f447c0 to remote] DEBUG org.asynchttpclient.netty.request.NettyRequestSender - Using open Channel [id: 0x13ebe45b, L:/127.0.0.1:51537 - R:localhost/127.0.0.1:2822] for GET '/session/316c9fb94dd3bed54d95aeba82f447c0/url'
10:12:20.509 [AsyncHttpClient-1-14] DEBUG org.asynchttpclient.netty.handler.HttpHandler - 

Request DefaultFullHttpRequest(decodeResult: success, version: HTTP/1.1, content: EmptyByteBufBE)
GET /session/316c9fb94dd3bed54d95aeba82f447c0/url HTTP/1.1
User-Agent: selenium/4.8.1 (java windows)
Cache-Control: no-cache
Content-Type: application/json; charset=utf-8
host: localhost:2822
accept: */*

Response DefaultHttpResponse(decodeResult: success, version: HTTP/1.1)
HTTP/1.1 200 OK
Content-Length: 51
Content-Type: application/json; charset=utf-8
cache-control: no-cache

10:12:20.509 [AsyncHttpClient-1-14] DEBUG org.asynchttpclient.netty.channel.ChannelManager - Adding key: http://localhost:2822 for channel [id: 0x13ebe45b, L:/127.0.0.1:51537 - R:localhost/127.0.0.1:2822]
10:12:20.510 [Forwarding screenshot on session 316c9fb94dd3bed54d95aeba82f447c0 to remote] DEBUG org.asynchttpclient.netty.request.NettyRequestSender - Using pooled Channel '[id: 0x13ebe45b, L:/127.0.0.1:51537 - R:localhost/127.0.0.1:2822]' for 'GET' to 'http://localhost:2822/session/316c9fb94dd3bed54d95aeba82f447c0/screenshot'
10:12:20.510 [Forwarding screenshot on session 316c9fb94dd3bed54d95aeba82f447c0 to remote] DEBUG org.asynchttpclient.netty.request.NettyRequestSender - Using open Channel [id: 0x13ebe45b, L:/127.0.0.1:51537 - R:localhost/127.0.0.1:2822] for GET '/session/316c9fb94dd3bed54d95aeba82f447c0/screenshot'
10:12:20.647 [AsyncHttpClient-1-14] DEBUG org.asynchttpclient.netty.handler.HttpHandler - 

Request DefaultFullHttpRequest(decodeResult: success, version: HTTP/1.1, content: EmptyByteBufBE)
GET /session/316c9fb94dd3bed54d95aeba82f447c0/screenshot HTTP/1.1
User-Agent: selenium/4.8.1 (java windows)
Cache-Control: no-cache
Content-Type: application/json; charset=utf-8
host: localhost:2822
accept: */*

Response DefaultHttpResponse(decodeResult: success, version: HTTP/1.1)
HTTP/1.1 200 OK
Content-Length: 32748
Content-Type: application/json; charset=utf-8
cache-control: no-cache

10:12:20.648 [AsyncHttpClient-1-14] DEBUG org.asynchttpclient.netty.channel.ChannelManager - Adding key: http://localhost:2822 for channel [id: 0x13ebe45b, L:/127.0.0.1:51537 - R:localhost/127.0.0.1:2822]
10:12:20.649 [main] DEBUG net.serenitybdd.core.photography.Darkroom - Send negative for processing for target\site\serenity\838a118defe8b2c78f320792ccc0dfcdbc689f4090a216cf0baf82906188e658.png
10:12:20.649 [main] DEBUG net.thucydides.core.steps.StepInterceptor - STEP DONE: openPage
  &amp#27;[32mGiven &amp#27;[0m&amp#27;[32mI am on the alta-shop login page&amp#27;[0m    &amp#27;[90m# starter.stepdefinitions.LoginSteps.onTheLoginPage()&amp#27;[0m
10:12:20.655 [Forwarding getPageSource on session 316c9fb94dd3bed54d95aeba82f447c0 to remote] DEBUG org.asynchttpclient.netty.request.NettyRequestSender - Using pooled Channel '[id: 0x13ebe45b, L:/127.0.0.1:51537 - R:localhost/127.0.0.1:2822]' for 'POST' to 'http://localhost:2822/session/316c9fb94dd3bed54d95aeba82f447c0/execute/sync'
10:12:20.655 [Forwarding getPageSource on session 316c9fb94dd3bed54d95aeba82f447c0 to remote] DEBUG org.asynchttpclient.netty.request.NettyRequestSender - Using open Channel [id: 0x13ebe45b, L:/127.0.0.1:51537 - R:localhost/127.0.0.1:2822] for POST '/session/316c9fb94dd3bed54d95aeba82f447c0/execute/sync'
10:12:20.659 [AsyncHttpClient-1-14] DEBUG org.asynchttpclient.netty.handler.HttpHandler - 

Request DefaultHttpRequest(decodeResult: success, version: HTTP/1.1)
POST /session/316c9fb94dd3bed54d95aeba82f447c0/execute/sync HTTP/1.1
User-Agent: selenium/4.8.1 (java windows)
Content-Length: 176
Content-Type: application/json; charset=utf-8
host: localhost:2822
accept: */*

Response DefaultHttpResponse(decodeResult: success, version: HTTP/1.1)
HTTP/1.1 200 OK
Content-Length: 21659
Content-Type: application/json; charset=utf-8
cache-control: no-cache

10:12:20.659 [AsyncHttpClient-1-14] DEBUG org.asynchttpclient.netty.channel.ChannelManager - Adding key: http://localhost:2822 for channel [id: 0x13ebe45b, L:/127.0.0.1:51537 - R:localhost/127.0.0.1:2822]
10:12:20.661 [Forwarding getCurrentUrl on session 316c9fb94dd3bed54d95aeba82f447c0 to remote] DEBUG org.asynchttpclient.netty.request.NettyRequestSender - Using pooled Channel '[id: 0x13ebe45b, L:/127.0.0.1:51537 - R:localhost/127.0.0.1:2822]' for 'GET' to 'http://localhost:2822/session/316c9fb94dd3bed54d95aeba82f447c0/url'
10:12:20.661 [Forwarding getCurrentUrl on session 316c9fb94dd3bed54d95aeba82f447c0 to remote] DEBUG org.asynchttpclient.netty.request.NettyRequestSender - Using open Channel [id: 0x13ebe45b, L:/127.0.0.1:51537 - R:localhost/127.0.0.1:2822] for GET '/session/316c9fb94dd3bed54d95aeba82f447c0/url'
10:12:20.663 [AsyncHttpClient-1-14] DEBUG org.asynchttpclient.netty.handler.HttpHandler - 

Request DefaultFullHttpRequest(decodeResult: success, version: HTTP/1.1, content: EmptyByteBufBE)
GET /session/316c9fb94dd3bed54d95aeba82f447c0/url HTTP/1.1
User-Agent: selenium/4.8.1 (java windows)
Cache-Control: no-cache
Content-Type: application/json; charset=utf-8
host: localhost:2822
accept: */*

Response DefaultHttpResponse(decodeResult: success, version: HTTP/1.1)
HTTP/1.1 200 OK
Content-Length: 51
Content-Type: application/json; charset=utf-8
cache-control: no-cache

10:12:20.663 [AsyncHttpClient-1-14] DEBUG org.asynchttpclient.netty.channel.ChannelManager - Adding key: http://localhost:2822 for channel [id: 0x13ebe45b, L:/127.0.0.1:51537 - R:localhost/127.0.0.1:2822]
10:12:20.675 [Forwarding getPageSource on session 316c9fb94dd3bed54d95aeba82f447c0 to remote] DEBUG org.asynchttpclient.netty.request.NettyRequestSender - Using pooled Channel '[id: 0x13ebe45b, L:/127.0.0.1:51537 - R:localhost/127.0.0.1:2822]' for 'POST' to 'http://localhost:2822/session/316c9fb94dd3bed54d95aeba82f447c0/execute/sync'
10:12:20.676 [Forwarding getPageSource on session 316c9fb94dd3bed54d95aeba82f447c0 to remote] DEBUG org.asynchttpclient.netty.request.NettyRequestSender - Using open Channel [id: 0x13ebe45b, L:/127.0.0.1:51537 - R:localhost/127.0.0.1:2822] for POST '/session/316c9fb94dd3bed54d95aeba82f447c0/execute/sync'
10:12:20.678 [AsyncHttpClient-1-14] DEBUG org.asynchttpclient.netty.handler.HttpHandler - 

Request DefaultHttpRequest(decodeResult: success, version: HTTP/1.1)
POST /session/316c9fb94dd3bed54d95aeba82f447c0/execute/sync HTTP/1.1
User-Agent: selenium/4.8.1 (java windows)
Content-Length: 176
Content-Type: application/json; charset=utf-8
host: localhost:2822
accept: */*

Response DefaultHttpResponse(decodeResult: success, version: HTTP/1.1)
HTTP/1.1 200 OK
Content-Length: 21659
Content-Type: application/json; charset=utf-8
cache-control: no-cache

10:12:20.678 [AsyncHttpClient-1-14] DEBUG org.asynchttpclient.netty.channel.ChannelManager - Adding key: http://localhost:2822 for channel [id: 0x13ebe45b, L:/127.0.0.1:51537 - R:localhost/127.0.0.1:2822]
10:12:20.679 [Forwarding getCurrentUrl on session 316c9fb94dd3bed54d95aeba82f447c0 to remote] DEBUG org.asynchttpclient.netty.request.NettyRequestSender - Using pooled Channel '[id: 0x13ebe45b, L:/127.0.0.1:51537 - R:localhost/127.0.0.1:2822]' for 'GET' to 'http://localhost:2822/session/316c9fb94dd3bed54d95aeba82f447c0/url'
10:12:20.679 [Forwarding getCurrentUrl on session 316c9fb94dd3bed54d95aeba82f447c0 to remote] DEBUG org.asynchttpclient.netty.request.NettyRequestSender - Using open Channel [id: 0x13ebe45b, L:/127.0.0.1:51537 - R:localhost/127.0.0.1:2822] for GET '/session/316c9fb94dd3bed54d95aeba82f447c0/url'
10:12:20.681 [AsyncHttpClient-1-14] DEBUG org.asynchttpclient.netty.handler.HttpHandler - 

Request DefaultFullHttpRequest(decodeResult: success, version: HTTP/1.1, content: EmptyByteBufBE)
GET /session/316c9fb94dd3bed54d95aeba82f447c0/url HTTP/1.1
User-Agent: selenium/4.8.1 (java windows)
Cache-Control: no-cache
Content-Type: application/json; charset=utf-8
host: localhost:2822
accept: */*

Response DefaultHttpResponse(decodeResult: success, version: HTTP/1.1)
HTTP/1.1 200 OK
Content-Length: 51
Content-Type: application/json; charset=utf-8
cache-control: no-cache

10:12:20.681 [AsyncHttpClient-1-14] DEBUG org.asynchttpclient.netty.channel.ChannelManager - Adding key: http://localhost:2822 for channel [id: 0x13ebe45b, L:/127.0.0.1:51537 - R:localhost/127.0.0.1:2822]
10:12:20.682 [main] DEBUG net.thucydides.core.steps.StepInterceptor - STARTING STEP: RegisterSteps.clickLoginButton - clickRegisterLink
10:12:20.684 [Forwarding findElement on session 316c9fb94dd3bed54d95aeba82f447c0 to remote] DEBUG org.asynchttpclient.netty.request.NettyRequestSender - Using pooled Channel '[id: 0x13ebe45b, L:/127.0.0.1:51537 - R:localhost/127.0.0.1:2822]' for 'POST' to 'http://localhost:2822/session/316c9fb94dd3bed54d95aeba82f447c0/element'
10:12:20.684 [Forwarding findElement on session 316c9fb94dd3bed54d95aeba82f447c0 to remote] DEBUG org.asynchttpclient.netty.request.NettyRequestSender - Using open Channel [id: 0x13ebe45b, L:/127.0.0.1:51537 - R:localhost/127.0.0.1:2822] for POST '/session/316c9fb94dd3bed54d95aeba82f447c0/element'
10:12:20.693 [AsyncHttpClient-1-14] DEBUG org.asynchttpclient.netty.handler.HttpHandler - 

Request DefaultHttpRequest(decodeResult: success, version: HTTP/1.1)
POST /session/316c9fb94dd3bed54d95aeba82f447c0/element HTTP/1.1
User-Agent: selenium/4.8.1 (java windows)
Content-Length: 84
Content-Type: application/json; charset=utf-8
host: localhost:2822
accept: */*

Response DefaultHttpResponse(decodeResult: success, version: HTTP/1.1)
HTTP/1.1 200 OK
Content-Length: 88
Content-Type: application/json; charset=utf-8
cache-control: no-cache

10:12:20.693 [AsyncHttpClient-1-14] DEBUG org.asynchttpclient.netty.channel.ChannelManager - Adding key: http://localhost:2822 for channel [id: 0x13ebe45b, L:/127.0.0.1:51537 - R:localhost/127.0.0.1:2822]
10:12:20.694 [Forwarding getElementTagName on session 316c9fb94dd3bed54d95aeba82f447c0 to remote] DEBUG org.asynchttpclient.netty.request.NettyRequestSender - Using pooled Channel '[id: 0x13ebe45b, L:/127.0.0.1:51537 - R:localhost/127.0.0.1:2822]' for 'GET' to 'http://localhost:2822/session/316c9fb94dd3bed54d95aeba82f447c0/element/1db45e05-4b07-4b93-a903-4add8b5bfa09/name'
10:12:20.694 [Forwarding getElementTagName on session 316c9fb94dd3bed54d95aeba82f447c0 to remote] DEBUG org.asynchttpclient.netty.request.NettyRequestSender - Using open Channel [id: 0x13ebe45b, L:/127.0.0.1:51537 - R:localhost/127.0.0.1:2822] for GET '/session/316c9fb94dd3bed54d95aeba82f447c0/element/1db45e05-4b07-4b93-a903-4add8b5bfa09/name'
10:12:20.697 [AsyncHttpClient-1-14] DEBUG org.asynchttpclient.netty.handler.HttpHandler - 

Request DefaultFullHttpRequest(decodeResult: success, version: HTTP/1.1, content: EmptyByteBufBE)
GET /session/316c9fb94dd3bed54d95aeba82f447c0/element/1db45e05-4b07-4b93-a903-4add8b5bfa09/name HTTP/1.1
User-Agent: selenium/4.8.1 (java windows)
Cache-Control: no-cache
Content-Type: application/json; charset=utf-8
host: localhost:2822
accept: */*

Response DefaultHttpResponse(decodeResult: success, version: HTTP/1.1)
HTTP/1.1 200 OK
Content-Length: 13
Content-Type: application/json; charset=utf-8
cache-control: no-cache

10:12:20.697 [AsyncHttpClient-1-14] DEBUG org.asynchttpclient.netty.channel.ChannelManager - Adding key: http://localhost:2822 for channel [id: 0x13ebe45b, L:/127.0.0.1:51537 - R:localhost/127.0.0.1:2822]
10:12:20.698 [Forwarding getElementTagName on session 316c9fb94dd3bed54d95aeba82f447c0 to remote] DEBUG org.asynchttpclient.netty.request.NettyRequestSender - Using pooled Channel '[id: 0x13ebe45b, L:/127.0.0.1:51537 - R:localhost/127.0.0.1:2822]' for 'GET' to 'http://localhost:2822/session/316c9fb94dd3bed54d95aeba82f447c0/element/1db45e05-4b07-4b93-a903-4add8b5bfa09/name'
10:12:20.698 [Forwarding getElementTagName on session 316c9fb94dd3bed54d95aeba82f447c0 to remote] DEBUG org.asynchttpclient.netty.request.NettyRequestSender - Using open Channel [id: 0x13ebe45b, L:/127.0.0.1:51537 - R:localhost/127.0.0.1:2822] for GET '/session/316c9fb94dd3bed54d95aeba82f447c0/element/1db45e05-4b07-4b93-a903-4add8b5bfa09/name'
10:12:20.700 [AsyncHttpClient-1-14] DEBUG org.asynchttpclient.netty.handler.HttpHandler - 

Request DefaultFullHttpRequest(decodeResult: success, version: HTTP/1.1, content: EmptyByteBufBE)
GET /session/316c9fb94dd3bed54d95aeba82f447c0/element/1db45e05-4b07-4b93-a903-4add8b5bfa09/name HTTP/1.1
User-Agent: selenium/4.8.1 (java windows)
Cache-Control: no-cache
Content-Type: application/json; charset=utf-8
host: localhost:2822
accept: */*

Response DefaultHttpResponse(decodeResult: success, version: HTTP/1.1)
HTTP/1.1 200 OK
Content-Length: 13
Content-Type: application/json; charset=utf-8
cache-control: no-cache

10:12:20.700 [AsyncHttpClient-1-14] DEBUG org.asynchttpclient.netty.channel.ChannelManager - Adding key: http://localhost:2822 for channel [id: 0x13ebe45b, L:/127.0.0.1:51537 - R:localhost/127.0.0.1:2822]
10:12:20.702 [Forwarding findElement on session 316c9fb94dd3bed54d95aeba82f447c0 to remote] DEBUG org.asynchttpclient.netty.request.NettyRequestSender - Using pooled Channel '[id: 0x13ebe45b, L:/127.0.0.1:51537 - R:localhost/127.0.0.1:2822]' for 'POST' to 'http://localhost:2822/session/316c9fb94dd3bed54d95aeba82f447c0/element'
10:12:20.702 [Forwarding findElement on session 316c9fb94dd3bed54d95aeba82f447c0 to remote] DEBUG org.asynchttpclient.netty.request.NettyRequestSender - Using open Channel [id: 0x13ebe45b, L:/127.0.0.1:51537 - R:localhost/127.0.0.1:2822] for POST '/session/316c9fb94dd3bed54d95aeba82f447c0/element'
10:12:20.706 [AsyncHttpClient-1-14] DEBUG org.asynchttpclient.netty.handler.HttpHandler - 

Request DefaultHttpRequest(decodeResult: success, version: HTTP/1.1)
POST /session/316c9fb94dd3bed54d95aeba82f447c0/element HTTP/1.1
User-Agent: selenium/4.8.1 (java windows)
Content-Length: 84
Content-Type: application/json; charset=utf-8
host: localhost:2822
accept: */*

Response DefaultHttpResponse(decodeResult: success, version: HTTP/1.1)
HTTP/1.1 200 OK
Content-Length: 88
Content-Type: application/json; charset=utf-8
cache-control: no-cache

10:12:20.707 [AsyncHttpClient-1-14] DEBUG org.asynchttpclient.netty.channel.ChannelManager - Adding key: http://localhost:2822 for channel [id: 0x13ebe45b, L:/127.0.0.1:51537 - R:localhost/127.0.0.1:2822]
10:12:20.707 [Forwarding clickElement on session 316c9fb94dd3bed54d95aeba82f447c0 to remote] DEBUG org.asynchttpclient.netty.request.NettyRequestSender - Using pooled Channel '[id: 0x13ebe45b, L:/127.0.0.1:51537 - R:localhost/127.0.0.1:2822]' for 'POST' to 'http://localhost:2822/session/316c9fb94dd3bed54d95aeba82f447c0/element/1db45e05-4b07-4b93-a903-4add8b5bfa09/click'
10:12:20.707 [Forwarding clickElement on session 316c9fb94dd3bed54d95aeba82f447c0 to remote] DEBUG org.asynchttpclient.netty.request.NettyRequestSender - Using open Channel [id: 0x13ebe45b, L:/127.0.0.1:51537 - R:localhost/127.0.0.1:2822] for POST '/session/316c9fb94dd3bed54d95aeba82f447c0/element/1db45e05-4b07-4b93-a903-4add8b5bfa09/click'
10:12:20.749 [AsyncHttpClient-1-14] DEBUG org.asynchttpclient.netty.handler.HttpHandler - 

Request DefaultHttpRequest(decodeResult: success, version: HTTP/1.1)
POST /session/316c9fb94dd3bed54d95aeba82f447c0/element/1db45e05-4b07-4b93-a903-4add8b5bfa09/click HTTP/1.1
User-Agent: selenium/4.8.1 (java windows)
Content-Length: 50
Content-Type: application/json; charset=utf-8
host: localhost:2822
accept: */*

Response DefaultHttpResponse(decodeResult: success, version: HTTP/1.1)
HTTP/1.1 200 OK
Content-Length: 14
Content-Type: application/json; charset=utf-8
cache-control: no-cache

10:12:20.749 [AsyncHttpClient-1-14] DEBUG org.asynchttpclient.netty.channel.ChannelManager - Adding key: http://localhost:2822 for channel [id: 0x13ebe45b, L:/127.0.0.1:51537 - R:localhost/127.0.0.1:2822]
10:12:20.755 [Forwarding getAlertText on session 316c9fb94dd3bed54d95aeba82f447c0 to remote] DEBUG org.asynchttpclient.netty.request.NettyRequestSender - Using pooled Channel '[id: 0x13ebe45b, L:/127.0.0.1:51537 - R:localhost/127.0.0.1:2822]' for 'GET' to 'http://localhost:2822/session/316c9fb94dd3bed54d95aeba82f447c0/alert/text'
10:12:20.755 [Forwarding getAlertText on session 316c9fb94dd3bed54d95aeba82f447c0 to remote] DEBUG org.asynchttpclient.netty.request.NettyRequestSender - Using open Channel [id: 0x13ebe45b, L:/127.0.0.1:51537 - R:localhost/127.0.0.1:2822] for GET '/session/316c9fb94dd3bed54d95aeba82f447c0/alert/text'
10:12:20.756 [AsyncHttpClient-1-14] DEBUG org.asynchttpclient.netty.handler.HttpHandler - 

Request DefaultFullHttpRequest(decodeResult: success, version: HTTP/1.1, content: EmptyByteBufBE)
GET /session/316c9fb94dd3bed54d95aeba82f447c0/alert/text HTTP/1.1
User-Agent: selenium/4.8.1 (java windows)
Cache-Control: no-cache
Content-Type: application/json; charset=utf-8
host: localhost:2822
accept: */*

Response DefaultHttpResponse(decodeResult: success, version: HTTP/1.1)
HTTP/1.1 404 Not Found
Content-Length: 836
Content-Type: application/json; charset=utf-8
cache-control: no-cache

10:12:20.756 [AsyncHttpClient-1-14] DEBUG org.asynchttpclient.netty.channel.ChannelManager - Adding key: http://localhost:2822 for channel [id: 0x13ebe45b, L:/127.0.0.1:51537 - R:localhost/127.0.0.1:2822]
10:12:20.757 [Forwarding getCurrentUrl on session 316c9fb94dd3bed54d95aeba82f447c0 to remote] DEBUG org.asynchttpclient.netty.request.NettyRequestSender - Using pooled Channel '[id: 0x13ebe45b, L:/127.0.0.1:51537 - R:localhost/127.0.0.1:2822]' for 'GET' to 'http://localhost:2822/session/316c9fb94dd3bed54d95aeba82f447c0/url'
10:12:20.757 [Forwarding getCurrentUrl on session 316c9fb94dd3bed54d95aeba82f447c0 to remote] DEBUG org.asynchttpclient.netty.request.NettyRequestSender - Using open Channel [id: 0x13ebe45b, L:/127.0.0.1:51537 - R:localhost/127.0.0.1:2822] for GET '/session/316c9fb94dd3bed54d95aeba82f447c0/url'
10:12:20.761 [AsyncHttpClient-1-14] DEBUG org.asynchttpclient.netty.handler.HttpHandler - 

Request DefaultFullHttpRequest(decodeResult: success, version: HTTP/1.1, content: EmptyByteBufBE)
GET /session/316c9fb94dd3bed54d95aeba82f447c0/url HTTP/1.1
User-Agent: selenium/4.8.1 (java windows)
Cache-Control: no-cache
Content-Type: application/json; charset=utf-8
host: localhost:2822
accept: */*

Response DefaultHttpResponse(decodeResult: success, version: HTTP/1.1)
HTTP/1.1 200 OK
Content-Length: 54
Content-Type: application/json; charset=utf-8
cache-control: no-cache

10:12:20.761 [AsyncHttpClient-1-14] DEBUG org.asynchttpclient.netty.channel.ChannelManager - Adding key: http://localhost:2822 for channel [id: 0x13ebe45b, L:/127.0.0.1:51537 - R:localhost/127.0.0.1:2822]
10:12:20.761 [Forwarding screenshot on session 316c9fb94dd3bed54d95aeba82f447c0 to remote] DEBUG org.asynchttpclient.netty.request.NettyRequestSender - Using pooled Channel '[id: 0x13ebe45b, L:/127.0.0.1:51537 - R:localhost/127.0.0.1:2822]' for 'GET' to 'http://localhost:2822/session/316c9fb94dd3bed54d95aeba82f447c0/screenshot'
10:12:20.761 [Forwarding screenshot on session 316c9fb94dd3bed54d95aeba82f447c0 to remote] DEBUG org.asynchttpclient.netty.request.NettyRequestSender - Using open Channel [id: 0x13ebe45b, L:/127.0.0.1:51537 - R:localhost/127.0.0.1:2822] for GET '/session/316c9fb94dd3bed54d95aeba82f447c0/screenshot'
10:12:20.851 [AsyncHttpClient-1-14] DEBUG org.asynchttpclient.netty.handler.HttpHandler - 

Request DefaultFullHttpRequest(decodeResult: success, version: HTTP/1.1, content: EmptyByteBufBE)
GET /session/316c9fb94dd3bed54d95aeba82f447c0/screenshot HTTP/1.1
User-Agent: selenium/4.8.1 (java windows)
Cache-Control: no-cache
Content-Type: application/json; charset=utf-8
host: localhost:2822
accept: */*

Response DefaultHttpResponse(decodeResult: success, version: HTTP/1.1)
HTTP/1.1 200 OK
Content-Length: 38084
Content-Type: application/json; charset=utf-8
cache-control: no-cache

10:12:20.852 [AsyncHttpClient-1-14] DEBUG org.asynchttpclient.netty.channel.ChannelManager - Adding key: http://localhost:2822 for channel [id: 0x13ebe45b, L:/127.0.0.1:51537 - R:localhost/127.0.0.1:2822]
10:12:20.853 [main] DEBUG net.serenitybdd.core.photography.Darkroom - Send negative for processing for target\site\serenity\2694e9996cbd76a8f15fd135803fe9228838735a339920f4e9a891ac352333ff.png
10:12:20.853 [main] DEBUG net.thucydides.core.steps.StepInterceptor - STEP DONE: clickRegisterLink
  &amp#27;[32mWhen &amp#27;[0m&amp#27;[32mI go to the alta-shop register page&amp#27;[0m  &amp#27;[90m# starter.stepdefinitions.RegisterSteps.clickLoginButton()&amp#27;[0m
10:12:20.859 [Forwarding getPageSource on session 316c9fb94dd3bed54d95aeba82f447c0 to remote] DEBUG org.asynchttpclient.netty.request.NettyRequestSender - Using pooled Channel '[id: 0x13ebe45b, L:/127.0.0.1:51537 - R:localhost/127.0.0.1:2822]' for 'POST' to 'http://localhost:2822/session/316c9fb94dd3bed54d95aeba82f447c0/execute/sync'
10:12:20.859 [Forwarding getPageSource on session 316c9fb94dd3bed54d95aeba82f447c0 to remote] DEBUG org.asynchttpclient.netty.request.NettyRequestSender - Using open Channel [id: 0x13ebe45b, L:/127.0.0.1:51537 - R:localhost/127.0.0.1:2822] for POST '/session/316c9fb94dd3bed54d95aeba82f447c0/execute/sync'
10:12:20.862 [AsyncHttpClient-1-14] DEBUG org.asynchttpclient.netty.handler.HttpHandler - 

Request DefaultHttpRequest(decodeResult: success, version: HTTP/1.1)
POST /session/316c9fb94dd3bed54d95aeba82f447c0/execute/sync HTTP/1.1
User-Agent: selenium/4.8.1 (java windows)
Content-Length: 176
Content-Type: application/json; charset=utf-8
host: localhost:2822
accept: */*

Response DefaultHttpResponse(decodeResult: success, version: HTTP/1.1)
HTTP/1.1 200 OK
Content-Length: 22314
Content-Type: application/json; charset=utf-8
cache-control: no-cache

10:12:20.862 [AsyncHttpClient-1-14] DEBUG org.asynchttpclient.netty.channel.ChannelManager - Adding key: http://localhost:2822 for channel [id: 0x13ebe45b, L:/127.0.0.1:51537 - R:localhost/127.0.0.1:2822]
10:12:20.866 [Forwarding getCurrentUrl on session 316c9fb94dd3bed54d95aeba82f447c0 to remote] DEBUG org.asynchttpclient.netty.request.NettyRequestSender - Using pooled Channel '[id: 0x13ebe45b, L:/127.0.0.1:51537 - R:localhost/127.0.0.1:2822]' for 'GET' to 'http://localhost:2822/session/316c9fb94dd3bed54d95aeba82f447c0/url'
10:12:20.866 [Forwarding getCurrentUrl on session 316c9fb94dd3bed54d95aeba82f447c0 to remote] DEBUG org.asynchttpclient.netty.request.NettyRequestSender - Using open Channel [id: 0x13ebe45b, L:/127.0.0.1:51537 - R:localhost/127.0.0.1:2822] for GET '/session/316c9fb94dd3bed54d95aeba82f447c0/url'
10:12:20.879 [AsyncHttpClient-1-14] DEBUG org.asynchttpclient.netty.handler.HttpHandler - 

Request DefaultFullHttpRequest(decodeResult: success, version: HTTP/1.1, content: EmptyByteBufBE)
GET /session/316c9fb94dd3bed54d95aeba82f447c0/url HTTP/1.1
User-Agent: selenium/4.8.1 (java windows)
Cache-Control: no-cache
Content-Type: application/json; charset=utf-8
host: localhost:2822
accept: */*

Response DefaultHttpResponse(decodeResult: success, version: HTTP/1.1)
HTTP/1.1 200 OK
Content-Length: 54
Content-Type: application/json; charset=utf-8
cache-control: no-cache

10:12:20.879 [AsyncHttpClient-1-14] DEBUG org.asynchttpclient.netty.channel.ChannelManager - Adding key: http://localhost:2822 for channel [id: 0x13ebe45b, L:/127.0.0.1:51537 - R:localhost/127.0.0.1:2822]
10:12:20.886 [Forwarding getPageSource on session 316c9fb94dd3bed54d95aeba82f447c0 to remote] DEBUG org.asynchttpclient.netty.request.NettyRequestSender - Using pooled Channel '[id: 0x13ebe45b, L:/127.0.0.1:51537 - R:localhost/127.0.0.1:2822]' for 'POST' to 'http://localhost:2822/session/316c9fb94dd3bed54d95aeba82f447c0/execute/sync'
10:12:20.886 [Forwarding getPageSource on session 316c9fb94dd3bed54d95aeba82f447c0 to remote] DEBUG org.asynchttpclient.netty.request.NettyRequestSender - Using open Channel [id: 0x13ebe45b, L:/127.0.0.1:51537 - R:localhost/127.0.0.1:2822] for POST '/session/316c9fb94dd3bed54d95aeba82f447c0/execute/sync'
10:12:20.889 [AsyncHttpClient-1-14] DEBUG org.asynchttpclient.netty.handler.HttpHandler - 

Request DefaultHttpRequest(decodeResult: success, version: HTTP/1.1)
POST /session/316c9fb94dd3bed54d95aeba82f447c0/execute/sync HTTP/1.1
User-Agent: selenium/4.8.1 (java windows)
Content-Length: 176
Content-Type: application/json; charset=utf-8
host: localhost:2822
accept: */*

Response DefaultHttpResponse(decodeResult: success, version: HTTP/1.1)
HTTP/1.1 200 OK
Content-Length: 22314
Content-Type: application/json; charset=utf-8
cache-control: no-cache

10:12:20.890 [AsyncHttpClient-1-14] DEBUG org.asynchttpclient.netty.channel.ChannelManager - Adding key: http://localhost:2822 for channel [id: 0x13ebe45b, L:/127.0.0.1:51537 - R:localhost/127.0.0.1:2822]
10:12:20.891 [Forwarding getCurrentUrl on session 316c9fb94dd3bed54d95aeba82f447c0 to remote] DEBUG org.asynchttpclient.netty.request.NettyRequestSender - Using pooled Channel '[id: 0x13ebe45b, L:/127.0.0.1:51537 - R:localhost/127.0.0.1:2822]' for 'GET' to 'http://localhost:2822/session/316c9fb94dd3bed54d95aeba82f447c0/url'
10:12:20.891 [Forwarding getCurrentUrl on session 316c9fb94dd3bed54d95aeba82f447c0 to remote] DEBUG org.asynchttpclient.netty.request.NettyRequestSender - Using open Channel [id: 0x13ebe45b, L:/127.0.0.1:51537 - R:localhost/127.0.0.1:2822] for GET '/session/316c9fb94dd3bed54d95aeba82f447c0/url'
10:12:20.894 [AsyncHttpClient-1-14] DEBUG org.asynchttpclient.netty.handler.HttpHandler - 

Request DefaultFullHttpRequest(decodeResult: success, version: HTTP/1.1, content: EmptyByteBufBE)
GET /session/316c9fb94dd3bed54d95aeba82f447c0/url HTTP/1.1
User-Agent: selenium/4.8.1 (java windows)
Cache-Control: no-cache
Content-Type: application/json; charset=utf-8
host: localhost:2822
accept: */*

Response DefaultHttpResponse(decodeResult: success, version: HTTP/1.1)
HTTP/1.1 200 OK
Content-Length: 54
Content-Type: application/json; charset=utf-8
cache-control: no-cache

10:12:20.895 [AsyncHttpClient-1-14] DEBUG org.asynchttpclient.netty.channel.ChannelManager - Adding key: http://localhost:2822 for channel [id: 0x13ebe45b, L:/127.0.0.1:51537 - R:localhost/127.0.0.1:2822]
10:12:20.896 [main] DEBUG net.thucydides.core.steps.StepInterceptor - STARTING STEP: RegisterSteps.inputFullnameReg - inputFullnameReg
10:12:20.897 [Forwarding findElement on session 316c9fb94dd3bed54d95aeba82f447c0 to remote] DEBUG org.asynchttpclient.netty.request.NettyRequestSender - Using pooled Channel '[id: 0x13ebe45b, L:/127.0.0.1:51537 - R:localhost/127.0.0.1:2822]' for 'POST' to 'http://localhost:2822/session/316c9fb94dd3bed54d95aeba82f447c0/element'
10:12:20.897 [Forwarding findElement on session 316c9fb94dd3bed54d95aeba82f447c0 to remote] DEBUG org.asynchttpclient.netty.request.NettyRequestSender - Using open Channel [id: 0x13ebe45b, L:/127.0.0.1:51537 - R:localhost/127.0.0.1:2822] for POST '/session/316c9fb94dd3bed54d95aeba82f447c0/element'
10:12:20.908 [AsyncHttpClient-1-14] DEBUG org.asynchttpclient.netty.handler.HttpHandler - 

Request DefaultHttpRequest(decodeResult: success, version: HTTP/1.1)
POST /session/316c9fb94dd3bed54d95aeba82f447c0/element HTTP/1.1
User-Agent: selenium/4.8.1 (java windows)
Content-Length: 55
Content-Type: application/json; charset=utf-8
host: localhost:2822
accept: */*

Response DefaultHttpResponse(decodeResult: success, version: HTTP/1.1)
HTTP/1.1 200 OK
Content-Length: 88
Content-Type: application/json; charset=utf-8
cache-control: no-cache

10:12:20.908 [AsyncHttpClient-1-14] DEBUG org.asynchttpclient.netty.channel.ChannelManager - Adding key: http://localhost:2822 for channel [id: 0x13ebe45b, L:/127.0.0.1:51537 - R:localhost/127.0.0.1:2822]
10:12:20.910 [Forwarding clearElement on session 316c9fb94dd3bed54d95aeba82f447c0 to remote] DEBUG org.asynchttpclient.netty.request.NettyRequestSender - Using pooled Channel '[id: 0x13ebe45b, L:/127.0.0.1:51537 - R:localhost/127.0.0.1:2822]' for 'POST' to 'http://localhost:2822/session/316c9fb94dd3bed54d95aeba82f447c0/element/cbf6a39a-bad8-4712-a08e-8d2ad8829f41/clear'
10:12:20.910 [Forwarding clearElement on session 316c9fb94dd3bed54d95aeba82f447c0 to remote] DEBUG org.asynchttpclient.netty.request.NettyRequestSender - Using open Channel [id: 0x13ebe45b, L:/127.0.0.1:51537 - R:localhost/127.0.0.1:2822] for POST '/session/316c9fb94dd3bed54d95aeba82f447c0/element/cbf6a39a-bad8-4712-a08e-8d2ad8829f41/clear'
10:12:20.937 [AsyncHttpClient-1-14] DEBUG org.asynchttpclient.netty.handler.HttpHandler - 

Request DefaultHttpRequest(decodeResult: success, version: HTTP/1.1)
POST /session/316c9fb94dd3bed54d95aeba82f447c0/element/cbf6a39a-bad8-4712-a08e-8d2ad8829f41/clear HTTP/1.1
User-Agent: selenium/4.8.1 (java windows)
Content-Length: 50
Content-Type: application/json; charset=utf-8
host: localhost:2822
accept: */*

Response DefaultHttpResponse(decodeResult: success, version: HTTP/1.1)
HTTP/1.1 200 OK
Content-Length: 14
Content-Type: application/json; charset=utf-8
cache-control: no-cache

10:12:20.937 [AsyncHttpClient-1-14] DEBUG org.asynchttpclient.netty.channel.ChannelManager - Adding key: http://localhost:2822 for channel [id: 0x13ebe45b, L:/127.0.0.1:51537 - R:localhost/127.0.0.1:2822]
10:12:20.939 [Forwarding sendKeysToElement on session 316c9fb94dd3bed54d95aeba82f447c0 to remote] DEBUG org.asynchttpclient.netty.request.NettyRequestSender - Using pooled Channel '[id: 0x13ebe45b, L:/127.0.0.1:51537 - R:localhost/127.0.0.1:2822]' for 'POST' to 'http://localhost:2822/session/316c9fb94dd3bed54d95aeba82f447c0/element/cbf6a39a-bad8-4712-a08e-8d2ad8829f41/value'
10:12:20.939 [Forwarding sendKeysToElement on session 316c9fb94dd3bed54d95aeba82f447c0 to remote] DEBUG org.asynchttpclient.netty.request.NettyRequestSender - Using open Channel [id: 0x13ebe45b, L:/127.0.0.1:51537 - R:localhost/127.0.0.1:2822] for POST '/session/316c9fb94dd3bed54d95aeba82f447c0/element/cbf6a39a-bad8-4712-a08e-8d2ad8829f41/value'
10:12:20.992 [AsyncHttpClient-1-14] DEBUG org.asynchttpclient.netty.handler.HttpHandler - 

Request DefaultHttpRequest(decodeResult: success, version: HTTP/1.1)
POST /session/316c9fb94dd3bed54d95aeba82f447c0/element/cbf6a39a-bad8-4712-a08e-8d2ad8829f41/value HTTP/1.1
User-Agent: selenium/4.8.1 (java windows)
Content-Length: 121
Content-Type: application/json; charset=utf-8
host: localhost:2822
accept: */*

Response DefaultHttpResponse(decodeResult: success, version: HTTP/1.1)
HTTP/1.1 200 OK
Content-Length: 14
Content-Type: application/json; charset=utf-8
cache-control: no-cache

10:12:20.992 [AsyncHttpClient-1-14] DEBUG org.asynchttpclient.netty.channel.ChannelManager - Adding key: http://localhost:2822 for channel [id: 0x13ebe45b, L:/127.0.0.1:51537 - R:localhost/127.0.0.1:2822]
10:12:20.997 [Forwarding getAlertText on session 316c9fb94dd3bed54d95aeba82f447c0 to remote] DEBUG org.asynchttpclient.netty.request.NettyRequestSender - Using pooled Channel '[id: 0x13ebe45b, L:/127.0.0.1:51537 - R:localhost/127.0.0.1:2822]' for 'GET' to 'http://localhost:2822/session/316c9fb94dd3bed54d95aeba82f447c0/alert/text'
10:12:20.997 [Forwarding getAlertText on session 316c9fb94dd3bed54d95aeba82f447c0 to remote] DEBUG org.asynchttpclient.netty.request.NettyRequestSender - Using open Channel [id: 0x13ebe45b, L:/127.0.0.1:51537 - R:localhost/127.0.0.1:2822] for GET '/session/316c9fb94dd3bed54d95aeba82f447c0/alert/text'
10:12:20.998 [AsyncHttpClient-1-14] DEBUG org.asynchttpclient.netty.handler.HttpHandler - 

Request DefaultFullHttpRequest(decodeResult: success, version: HTTP/1.1, content: EmptyByteBufBE)
GET /session/316c9fb94dd3bed54d95aeba82f447c0/alert/text HTTP/1.1
User-Agent: selenium/4.8.1 (java windows)
Cache-Control: no-cache
Content-Type: application/json; charset=utf-8
host: localhost:2822
accept: */*

Response DefaultHttpResponse(decodeResult: success, version: HTTP/1.1)
HTTP/1.1 404 Not Found
Content-Length: 836
Content-Type: application/json; charset=utf-8
cache-control: no-cache

10:12:20.998 [AsyncHttpClient-1-14] DEBUG org.asynchttpclient.netty.channel.ChannelManager - Adding key: http://localhost:2822 for channel [id: 0x13ebe45b, L:/127.0.0.1:51537 - R:localhost/127.0.0.1:2822]
10:12:20.999 [Forwarding getCurrentUrl on session 316c9fb94dd3bed54d95aeba82f447c0 to remote] DEBUG org.asynchttpclient.netty.request.NettyRequestSender - Using pooled Channel '[id: 0x13ebe45b, L:/127.0.0.1:51537 - R:localhost/127.0.0.1:2822]' for 'GET' to 'http://localhost:2822/session/316c9fb94dd3bed54d95aeba82f447c0/url'
10:12:20.999 [Forwarding getCurrentUrl on session 316c9fb94dd3bed54d95aeba82f447c0 to remote] DEBUG org.asynchttpclient.netty.request.NettyRequestSender - Using open Channel [id: 0x13ebe45b, L:/127.0.0.1:51537 - R:localhost/127.0.0.1:2822] for GET '/session/316c9fb94dd3bed54d95aeba82f447c0/url'
10:12:21.003 [AsyncHttpClient-1-14] DEBUG org.asynchttpclient.netty.handler.HttpHandler - 

Request DefaultFullHttpRequest(decodeResult: success, version: HTTP/1.1, content: EmptyByteBufBE)
GET /session/316c9fb94dd3bed54d95aeba82f447c0/url HTTP/1.1
User-Agent: selenium/4.8.1 (java windows)
Cache-Control: no-cache
Content-Type: application/json; charset=utf-8
host: localhost:2822
accept: */*

Response DefaultHttpResponse(decodeResult: success, version: HTTP/1.1)
HTTP/1.1 200 OK
Content-Length: 54
Content-Type: application/json; charset=utf-8
cache-control: no-cache

10:12:21.003 [AsyncHttpClient-1-14] DEBUG org.asynchttpclient.netty.channel.ChannelManager - Adding key: http://localhost:2822 for channel [id: 0x13ebe45b, L:/127.0.0.1:51537 - R:localhost/127.0.0.1:2822]
10:12:21.004 [Forwarding screenshot on session 316c9fb94dd3bed54d95aeba82f447c0 to remote] DEBUG org.asynchttpclient.netty.request.NettyRequestSender - Using pooled Channel '[id: 0x13ebe45b, L:/127.0.0.1:51537 - R:localhost/127.0.0.1:2822]' for 'GET' to 'http://localhost:2822/session/316c9fb94dd3bed54d95aeba82f447c0/screenshot'
10:12:21.004 [Forwarding screenshot on session 316c9fb94dd3bed54d95aeba82f447c0 to remote] DEBUG org.asynchttpclient.netty.request.NettyRequestSender - Using open Channel [id: 0x13ebe45b, L:/127.0.0.1:51537 - R:localhost/127.0.0.1:2822] for GET '/session/316c9fb94dd3bed54d95aeba82f447c0/screenshot'
10:12:21.124 [AsyncHttpClient-1-14] DEBUG org.asynchttpclient.netty.handler.HttpHandler - 

Request DefaultFullHttpRequest(decodeResult: success, version: HTTP/1.1, content: EmptyByteBufBE)
GET /session/316c9fb94dd3bed54d95aeba82f447c0/screenshot HTTP/1.1
User-Agent: selenium/4.8.1 (java windows)
Cache-Control: no-cache
Content-Type: application/json; charset=utf-8
host: localhost:2822
accept: */*

Response DefaultHttpResponse(decodeResult: success, version: HTTP/1.1)
HTTP/1.1 200 OK
Content-Length: 39860
Content-Type: application/json; charset=utf-8
cache-control: no-cache

10:12:21.124 [AsyncHttpClient-1-14] DEBUG org.asynchttpclient.netty.channel.ChannelManager - Adding key: http://localhost:2822 for channel [id: 0x13ebe45b, L:/127.0.0.1:51537 - R:localhost/127.0.0.1:2822]
10:12:21.125 [main] DEBUG net.serenitybdd.core.photography.Darkroom - Send negative for processing for target\site\serenity\9626085cd2bb9d31a372d66d4490507c7f9eee64489ae52852ca61d80d56b1bd.png
10:12:21.126 [main] DEBUG net.thucydides.core.steps.StepInterceptor - STEP DONE: inputFullnameReg
10:12:21.126 [Darkroom Processing Line] DEBUG net.serenitybdd.core.photography.DarkroomProcessingLine - Processing screenshot image in /var/screenshots/screenshot-2869205638198396940
10:12:21.126 [Darkroom Processing Line] DEBUG net.serenitybdd.core.photography.DarkroomProcessingLine - Saving screenshot to target\site\serenity\9626085cd2bb9d31a372d66d4490507c7f9eee64489ae52852ca61d80d56b1bd.png
  &amp#27;[32mAnd &amp#27;[0m&amp#27;[32mI input correct fullname for register&amp#27;[0m &amp#27;[90m# starter.stepdefinitions.RegisterSteps.inputFullnameReg()&amp#27;[0m
10:12:21.131 [Forwarding getPageSource on session 316c9fb94dd3bed54d95aeba82f447c0 to remote] DEBUG org.asynchttpclient.netty.request.NettyRequestSender - Using pooled Channel '[id: 0x13ebe45b, L:/127.0.0.1:51537 - R:localhost/127.0.0.1:2822]' for 'POST' to 'http://localhost:2822/session/316c9fb94dd3bed54d95aeba82f447c0/execute/sync'
10:12:21.131 [Forwarding getPageSource on session 316c9fb94dd3bed54d95aeba82f447c0 to remote] DEBUG org.asynchttpclient.netty.request.NettyRequestSender - Using open Channel [id: 0x13ebe45b, L:/127.0.0.1:51537 - R:localhost/127.0.0.1:2822] for POST '/session/316c9fb94dd3bed54d95aeba82f447c0/execute/sync'
10:12:21.136 [AsyncHttpClient-1-14] DEBUG org.asynchttpclient.netty.handler.HttpHandler - 

Request DefaultHttpRequest(decodeResult: success, version: HTTP/1.1)
POST /session/316c9fb94dd3bed54d95aeba82f447c0/execute/sync HTTP/1.1
User-Agent: selenium/4.8.1 (java windows)
Content-Length: 176
Content-Type: application/json; charset=utf-8
host: localhost:2822
accept: */*

Response DefaultHttpResponse(decodeResult: success, version: HTTP/1.1)
HTTP/1.1 200 OK
Content-Length: 22435
Content-Type: application/json; charset=utf-8
cache-control: no-cache

10:12:21.136 [AsyncHttpClient-1-14] DEBUG org.asynchttpclient.netty.channel.ChannelManager - Adding key: http://localhost:2822 for channel [id: 0x13ebe45b, L:/127.0.0.1:51537 - R:localhost/127.0.0.1:2822]
10:12:21.138 [Forwarding getCurrentUrl on session 316c9fb94dd3bed54d95aeba82f447c0 to remote] DEBUG org.asynchttpclient.netty.request.NettyRequestSender - Using pooled Channel '[id: 0x13ebe45b, L:/127.0.0.1:51537 - R:localhost/127.0.0.1:2822]' for 'GET' to 'http://localhost:2822/session/316c9fb94dd3bed54d95aeba82f447c0/url'
10:12:21.138 [Forwarding getCurrentUrl on session 316c9fb94dd3bed54d95aeba82f447c0 to remote] DEBUG org.asynchttpclient.netty.request.NettyRequestSender - Using open Channel [id: 0x13ebe45b, L:/127.0.0.1:51537 - R:localhost/127.0.0.1:2822] for GET '/session/316c9fb94dd3bed54d95aeba82f447c0/url'
10:12:21.140 [AsyncHttpClient-1-14] DEBUG org.asynchttpclient.netty.handler.HttpHandler - 

Request DefaultFullHttpRequest(decodeResult: success, version: HTTP/1.1, content: EmptyByteBufBE)
GET /session/316c9fb94dd3bed54d95aeba82f447c0/url HTTP/1.1
User-Agent: selenium/4.8.1 (java windows)
Cache-Control: no-cache
Content-Type: application/json; charset=utf-8
host: localhost:2822
accept: */*

Response DefaultHttpResponse(decodeResult: success, version: HTTP/1.1)
HTTP/1.1 200 OK
Content-Length: 54
Content-Type: application/json; charset=utf-8
cache-control: no-cache

10:12:21.140 [AsyncHttpClient-1-14] DEBUG org.asynchttpclient.netty.channel.ChannelManager - Adding key: http://localhost:2822 for channel [id: 0x13ebe45b, L:/127.0.0.1:51537 - R:localhost/127.0.0.1:2822]
10:12:21.145 [Forwarding getPageSource on session 316c9fb94dd3bed54d95aeba82f447c0 to remote] DEBUG org.asynchttpclient.netty.request.NettyRequestSender - Using pooled Channel '[id: 0x13ebe45b, L:/127.0.0.1:51537 - R:localhost/127.0.0.1:2822]' for 'POST' to 'http://localhost:2822/session/316c9fb94dd3bed54d95aeba82f447c0/execute/sync'
10:12:21.146 [Forwarding getPageSource on session 316c9fb94dd3bed54d95aeba82f447c0 to remote] DEBUG org.asynchttpclient.netty.request.NettyRequestSender - Using open Channel [id: 0x13ebe45b, L:/127.0.0.1:51537 - R:localhost/127.0.0.1:2822] for POST '/session/316c9fb94dd3bed54d95aeba82f447c0/execute/sync'
10:12:21.149 [AsyncHttpClient-1-14] DEBUG org.asynchttpclient.netty.handler.HttpHandler - 

Request DefaultHttpRequest(decodeResult: success, version: HTTP/1.1)
POST /session/316c9fb94dd3bed54d95aeba82f447c0/execute/sync HTTP/1.1
User-Agent: selenium/4.8.1 (java windows)
Content-Length: 176
Content-Type: application/json; charset=utf-8
host: localhost:2822
accept: */*

Response DefaultHttpResponse(decodeResult: success, version: HTTP/1.1)
HTTP/1.1 200 OK
Content-Length: 22435
Content-Type: application/json; charset=utf-8
cache-control: no-cache

10:12:21.149 [AsyncHttpClient-1-14] DEBUG org.asynchttpclient.netty.channel.ChannelManager - Adding key: http://localhost:2822 for channel [id: 0x13ebe45b, L:/127.0.0.1:51537 - R:localhost/127.0.0.1:2822]
10:12:21.152 [Forwarding getCurrentUrl on session 316c9fb94dd3bed54d95aeba82f447c0 to remote] DEBUG org.asynchttpclient.netty.request.NettyRequestSender - Using pooled Channel '[id: 0x13ebe45b, L:/127.0.0.1:51537 - R:localhost/127.0.0.1:2822]' for 'GET' to 'http://localhost:2822/session/316c9fb94dd3bed54d95aeba82f447c0/url'
10:12:21.152 [Forwarding getCurrentUrl on session 316c9fb94dd3bed54d95aeba82f447c0 to remote] DEBUG org.asynchttpclient.netty.request.NettyRequestSender - Using open Channel [id: 0x13ebe45b, L:/127.0.0.1:51537 - R:localhost/127.0.0.1:2822] for GET '/session/316c9fb94dd3bed54d95aeba82f447c0/url'
10:12:21.155 [AsyncHttpClient-1-14] DEBUG org.asynchttpclient.netty.handler.HttpHandler - 

Request DefaultFullHttpRequest(decodeResult: success, version: HTTP/1.1, content: EmptyByteBufBE)
GET /session/316c9fb94dd3bed54d95aeba82f447c0/url HTTP/1.1
User-Agent: selenium/4.8.1 (java windows)
Cache-Control: no-cache
Content-Type: application/json; charset=utf-8
host: localhost:2822
accept: */*

Response DefaultHttpResponse(decodeResult: success, version: HTTP/1.1)
HTTP/1.1 200 OK
Content-Length: 54
Content-Type: application/json; charset=utf-8
cache-control: no-cache

10:12:21.155 [AsyncHttpClient-1-14] DEBUG org.asynchttpclient.netty.channel.ChannelManager - Adding key: http://localhost:2822 for channel [id: 0x13ebe45b, L:/127.0.0.1:51537 - R:localhost/127.0.0.1:2822]
10:12:21.156 [main] DEBUG net.thucydides.core.steps.StepInterceptor - STARTING STEP: RegisterSteps.inputExistedEmailReg - inputEmailReg
10:12:21.157 [Forwarding findElement on session 316c9fb94dd3bed54d95aeba82f447c0 to remote] DEBUG org.asynchttpclient.netty.request.NettyRequestSender - Using pooled Channel '[id: 0x13ebe45b, L:/127.0.0.1:51537 - R:localhost/127.0.0.1:2822]' for 'POST' to 'http://localhost:2822/session/316c9fb94dd3bed54d95aeba82f447c0/element'
10:12:21.157 [Forwarding findElement on session 316c9fb94dd3bed54d95aeba82f447c0 to remote] DEBUG org.asynchttpclient.netty.request.NettyRequestSender - Using open Channel [id: 0x13ebe45b, L:/127.0.0.1:51537 - R:localhost/127.0.0.1:2822] for POST '/session/316c9fb94dd3bed54d95aeba82f447c0/element'
10:12:21.170 [AsyncHttpClient-1-14] DEBUG org.asynchttpclient.netty.handler.HttpHandler - 

Request DefaultHttpRequest(decodeResult: success, version: HTTP/1.1)
POST /session/316c9fb94dd3bed54d95aeba82f447c0/element HTTP/1.1
User-Agent: selenium/4.8.1 (java windows)
Content-Length: 55
Content-Type: application/json; charset=utf-8
host: localhost:2822
accept: */*

Response DefaultHttpResponse(decodeResult: success, version: HTTP/1.1)
HTTP/1.1 200 OK
Content-Length: 88
Content-Type: application/json; charset=utf-8
cache-control: no-cache

10:12:21.170 [AsyncHttpClient-1-14] DEBUG org.asynchttpclient.netty.channel.ChannelManager - Adding key: http://localhost:2822 for channel [id: 0x13ebe45b, L:/127.0.0.1:51537 - R:localhost/127.0.0.1:2822]
10:12:21.171 [Forwarding clearElement on session 316c9fb94dd3bed54d95aeba82f447c0 to remote] DEBUG org.asynchttpclient.netty.request.NettyRequestSender - Using pooled Channel '[id: 0x13ebe45b, L:/127.0.0.1:51537 - R:localhost/127.0.0.1:2822]' for 'POST' to 'http://localhost:2822/session/316c9fb94dd3bed54d95aeba82f447c0/element/4e198300-8b53-456a-8f4d-0ad9457b2253/clear'
10:12:21.171 [Forwarding clearElement on session 316c9fb94dd3bed54d95aeba82f447c0 to remote] DEBUG org.asynchttpclient.netty.request.NettyRequestSender - Using open Channel [id: 0x13ebe45b, L:/127.0.0.1:51537 - R:localhost/127.0.0.1:2822] for POST '/session/316c9fb94dd3bed54d95aeba82f447c0/element/4e198300-8b53-456a-8f4d-0ad9457b2253/clear'
10:12:21.200 [AsyncHttpClient-1-14] DEBUG org.asynchttpclient.netty.handler.HttpHandler - 

Request DefaultHttpRequest(decodeResult: success, version: HTTP/1.1)
POST /session/316c9fb94dd3bed54d95aeba82f447c0/element/4e198300-8b53-456a-8f4d-0ad9457b2253/clear HTTP/1.1
User-Agent: selenium/4.8.1 (java windows)
Content-Length: 50
Content-Type: application/json; charset=utf-8
host: localhost:2822
accept: */*

Response DefaultHttpResponse(decodeResult: success, version: HTTP/1.1)
HTTP/1.1 200 OK
Content-Length: 14
Content-Type: application/json; charset=utf-8
cache-control: no-cache

10:12:21.200 [AsyncHttpClient-1-14] DEBUG org.asynchttpclient.netty.channel.ChannelManager - Adding key: http://localhost:2822 for channel [id: 0x13ebe45b, L:/127.0.0.1:51537 - R:localhost/127.0.0.1:2822]
10:12:21.202 [Forwarding sendKeysToElement on session 316c9fb94dd3bed54d95aeba82f447c0 to remote] DEBUG org.asynchttpclient.netty.request.NettyRequestSender - Using pooled Channel '[id: 0x13ebe45b, L:/127.0.0.1:51537 - R:localhost/127.0.0.1:2822]' for 'POST' to 'http://localhost:2822/session/316c9fb94dd3bed54d95aeba82f447c0/element/4e198300-8b53-456a-8f4d-0ad9457b2253/value'
10:12:21.202 [Forwarding sendKeysToElement on session 316c9fb94dd3bed54d95aeba82f447c0 to remote] DEBUG org.asynchttpclient.netty.request.NettyRequestSender - Using open Channel [id: 0x13ebe45b, L:/127.0.0.1:51537 - R:localhost/127.0.0.1:2822] for POST '/session/316c9fb94dd3bed54d95aeba82f447c0/element/4e198300-8b53-456a-8f4d-0ad9457b2253/value'
10:12:21.293 [AsyncHttpClient-1-14] DEBUG org.asynchttpclient.netty.handler.HttpHandler - 

Request DefaultHttpRequest(decodeResult: success, version: HTTP/1.1)
POST /session/316c9fb94dd3bed54d95aeba82f447c0/element/4e198300-8b53-456a-8f4d-0ad9457b2253/value HTTP/1.1
User-Agent: selenium/4.8.1 (java windows)
Content-Length: 221
Content-Type: application/json; charset=utf-8
host: localhost:2822
accept: */*

Response DefaultHttpResponse(decodeResult: success, version: HTTP/1.1)
HTTP/1.1 200 OK
Content-Length: 14
Content-Type: application/json; charset=utf-8
cache-control: no-cache

10:12:21.293 [AsyncHttpClient-1-14] DEBUG org.asynchttpclient.netty.channel.ChannelManager - Adding key: http://localhost:2822 for channel [id: 0x13ebe45b, L:/127.0.0.1:51537 - R:localhost/127.0.0.1:2822]
10:12:21.303 [Forwarding getAlertText on session 316c9fb94dd3bed54d95aeba82f447c0 to remote] DEBUG org.asynchttpclient.netty.request.NettyRequestSender - Using pooled Channel '[id: 0x13ebe45b, L:/127.0.0.1:51537 - R:localhost/127.0.0.1:2822]' for 'GET' to 'http://localhost:2822/session/316c9fb94dd3bed54d95aeba82f447c0/alert/text'
10:12:21.303 [Forwarding getAlertText on session 316c9fb94dd3bed54d95aeba82f447c0 to remote] DEBUG org.asynchttpclient.netty.request.NettyRequestSender - Using open Channel [id: 0x13ebe45b, L:/127.0.0.1:51537 - R:localhost/127.0.0.1:2822] for GET '/session/316c9fb94dd3bed54d95aeba82f447c0/alert/text'
10:12:21.304 [AsyncHttpClient-1-14] DEBUG org.asynchttpclient.netty.handler.HttpHandler - 

Request DefaultFullHttpRequest(decodeResult: success, version: HTTP/1.1, content: EmptyByteBufBE)
GET /session/316c9fb94dd3bed54d95aeba82f447c0/alert/text HTTP/1.1
User-Agent: selenium/4.8.1 (java windows)
Cache-Control: no-cache
Content-Type: application/json; charset=utf-8
host: localhost:2822
accept: */*

Response DefaultHttpResponse(decodeResult: success, version: HTTP/1.1)
HTTP/1.1 404 Not Found
Content-Length: 836
Content-Type: application/json; charset=utf-8
cache-control: no-cache

10:12:21.304 [AsyncHttpClient-1-14] DEBUG org.asynchttpclient.netty.channel.ChannelManager - Adding key: http://localhost:2822 for channel [id: 0x13ebe45b, L:/127.0.0.1:51537 - R:localhost/127.0.0.1:2822]
10:12:21.305 [Forwarding getCurrentUrl on session 316c9fb94dd3bed54d95aeba82f447c0 to remote] DEBUG org.asynchttpclient.netty.request.NettyRequestSender - Using pooled Channel '[id: 0x13ebe45b, L:/127.0.0.1:51537 - R:localhost/127.0.0.1:2822]' for 'GET' to 'http://localhost:2822/session/316c9fb94dd3bed54d95aeba82f447c0/url'
10:12:21.305 [Forwarding getCurrentUrl on session 316c9fb94dd3bed54d95aeba82f447c0 to remote] DEBUG org.asynchttpclient.netty.request.NettyRequestSender - Using open Channel [id: 0x13ebe45b, L:/127.0.0.1:51537 - R:localhost/127.0.0.1:2822] for GET '/session/316c9fb94dd3bed54d95aeba82f447c0/url'
10:12:21.308 [AsyncHttpClient-1-14] DEBUG org.asynchttpclient.netty.handler.HttpHandler - 

Request DefaultFullHttpRequest(decodeResult: success, version: HTTP/1.1, content: EmptyByteBufBE)
GET /session/316c9fb94dd3bed54d95aeba82f447c0/url HTTP/1.1
User-Agent: selenium/4.8.1 (java windows)
Cache-Control: no-cache
Content-Type: application/json; charset=utf-8
host: localhost:2822
accept: */*

Response DefaultHttpResponse(decodeResult: success, version: HTTP/1.1)
HTTP/1.1 200 OK
Content-Length: 54
Content-Type: application/json; charset=utf-8
cache-control: no-cache

10:12:21.308 [AsyncHttpClient-1-14] DEBUG org.asynchttpclient.netty.channel.ChannelManager - Adding key: http://localhost:2822 for channel [id: 0x13ebe45b, L:/127.0.0.1:51537 - R:localhost/127.0.0.1:2822]
10:12:21.309 [Forwarding screenshot on session 316c9fb94dd3bed54d95aeba82f447c0 to remote] DEBUG org.asynchttpclient.netty.request.NettyRequestSender - Using pooled Channel '[id: 0x13ebe45b, L:/127.0.0.1:51537 - R:localhost/127.0.0.1:2822]' for 'GET' to 'http://localhost:2822/session/316c9fb94dd3bed54d95aeba82f447c0/screenshot'
10:12:21.309 [Forwarding screenshot on session 316c9fb94dd3bed54d95aeba82f447c0 to remote] DEBUG org.asynchttpclient.netty.request.NettyRequestSender - Using open Channel [id: 0x13ebe45b, L:/127.0.0.1:51537 - R:localhost/127.0.0.1:2822] for GET '/session/316c9fb94dd3bed54d95aeba82f447c0/screenshot'
10:12:21.421 [AsyncHttpClient-1-14] DEBUG org.asynchttpclient.netty.handler.HttpHandler - 

Request DefaultFullHttpRequest(decodeResult: success, version: HTTP/1.1, content: EmptyByteBufBE)
GET /session/316c9fb94dd3bed54d95aeba82f447c0/screenshot HTTP/1.1
User-Agent: selenium/4.8.1 (java windows)
Cache-Control: no-cache
Content-Type: application/json; charset=utf-8
host: localhost:2822
accept: */*

Response DefaultHttpResponse(decodeResult: success, version: HTTP/1.1)
HTTP/1.1 200 OK
Content-Length: 43240
Content-Type: application/json; charset=utf-8
cache-control: no-cache

10:12:21.422 [AsyncHttpClient-1-14] DEBUG org.asynchttpclient.netty.channel.ChannelManager - Adding key: http://localhost:2822 for channel [id: 0x13ebe45b, L:/127.0.0.1:51537 - R:localhost/127.0.0.1:2822]
10:12:21.423 [main] DEBUG net.serenitybdd.core.photography.Darkroom - Send negative for processing for target\site\serenity\b1a237f833513cef0c25da8adf3330c301fb70cdca9f35269064a2881451bd99.png
10:12:21.423 [main] DEBUG net.thucydides.core.steps.StepInterceptor - STEP DONE: inputEmailReg
  &amp#27;[32mAnd &amp#27;[0m&amp#27;[32mI input existed email for register&amp#27;[0m    &amp#27;[90m# starter.stepdefinitions.RegisterSteps.inputExistedEmailReg()&amp#27;[0m
10:12:21.423 [Darkroom Processing Line] DEBUG net.serenitybdd.core.photography.DarkroomProcessingLine - Processing screenshot image in /var/screenshots/screenshot-3611331109818501669
10:12:21.423 [Darkroom Processing Line] DEBUG net.serenitybdd.core.photography.DarkroomProcessingLine - Saving screenshot to target\site\serenity\b1a237f833513cef0c25da8adf3330c301fb70cdca9f35269064a2881451bd99.png
10:12:21.431 [Forwarding getPageSource on session 316c9fb94dd3bed54d95aeba82f447c0 to remote] DEBUG org.asynchttpclient.netty.request.NettyRequestSender - Using pooled Channel '[id: 0x13ebe45b, L:/127.0.0.1:51537 - R:localhost/127.0.0.1:2822]' for 'POST' to 'http://localhost:2822/session/316c9fb94dd3bed54d95aeba82f447c0/execute/sync'
10:12:21.431 [Forwarding getPageSource on session 316c9fb94dd3bed54d95aeba82f447c0 to remote] DEBUG org.asynchttpclient.netty.request.NettyRequestSender - Using open Channel [id: 0x13ebe45b, L:/127.0.0.1:51537 - R:localhost/127.0.0.1:2822] for POST '/session/316c9fb94dd3bed54d95aeba82f447c0/execute/sync'
10:12:21.436 [AsyncHttpClient-1-14] DEBUG org.asynchttpclient.netty.handler.HttpHandler - 

Request DefaultHttpRequest(decodeResult: success, version: HTTP/1.1)
POST /session/316c9fb94dd3bed54d95aeba82f447c0/execute/sync HTTP/1.1
User-Agent: selenium/4.8.1 (java windows)
Content-Length: 176
Content-Type: application/json; charset=utf-8
host: localhost:2822
accept: */*

Response DefaultHttpResponse(decodeResult: success, version: HTTP/1.1)
HTTP/1.1 200 OK
Content-Length: 22494
Content-Type: application/json; charset=utf-8
cache-control: no-cache

10:12:21.436 [AsyncHttpClient-1-14] DEBUG org.asynchttpclient.netty.channel.ChannelManager - Adding key: http://localhost:2822 for channel [id: 0x13ebe45b, L:/127.0.0.1:51537 - R:localhost/127.0.0.1:2822]
10:12:21.437 [Forwarding getCurrentUrl on session 316c9fb94dd3bed54d95aeba82f447c0 to remote] DEBUG org.asynchttpclient.netty.request.NettyRequestSender - Using pooled Channel '[id: 0x13ebe45b, L:/127.0.0.1:51537 - R:localhost/127.0.0.1:2822]' for 'GET' to 'http://localhost:2822/session/316c9fb94dd3bed54d95aeba82f447c0/url'
10:12:21.437 [Forwarding getCurrentUrl on session 316c9fb94dd3bed54d95aeba82f447c0 to remote] DEBUG org.asynchttpclient.netty.request.NettyRequestSender - Using open Channel [id: 0x13ebe45b, L:/127.0.0.1:51537 - R:localhost/127.0.0.1:2822] for GET '/session/316c9fb94dd3bed54d95aeba82f447c0/url'
10:12:21.440 [AsyncHttpClient-1-14] DEBUG org.asynchttpclient.netty.handler.HttpHandler - 

Request DefaultFullHttpRequest(decodeResult: success, version: HTTP/1.1, content: EmptyByteBufBE)
GET /session/316c9fb94dd3bed54d95aeba82f447c0/url HTTP/1.1
User-Agent: selenium/4.8.1 (java windows)
Cache-Control: no-cache
Content-Type: application/json; charset=utf-8
host: localhost:2822
accept: */*

Response DefaultHttpResponse(decodeResult: success, version: HTTP/1.1)
HTTP/1.1 200 OK
Content-Length: 54
Content-Type: application/json; charset=utf-8
cache-control: no-cache

10:12:21.441 [AsyncHttpClient-1-14] DEBUG org.asynchttpclient.netty.channel.ChannelManager - Adding key: http://localhost:2822 for channel [id: 0x13ebe45b, L:/127.0.0.1:51537 - R:localhost/127.0.0.1:2822]
10:12:21.448 [Forwarding getPageSource on session 316c9fb94dd3bed54d95aeba82f447c0 to remote] DEBUG org.asynchttpclient.netty.request.NettyRequestSender - Using pooled Channel '[id: 0x13ebe45b, L:/127.0.0.1:51537 - R:localhost/127.0.0.1:2822]' for 'POST' to 'http://localhost:2822/session/316c9fb94dd3bed54d95aeba82f447c0/execute/sync'
10:12:21.448 [Forwarding getPageSource on session 316c9fb94dd3bed54d95aeba82f447c0 to remote] DEBUG org.asynchttpclient.netty.request.NettyRequestSender - Using open Channel [id: 0x13ebe45b, L:/127.0.0.1:51537 - R:localhost/127.0.0.1:2822] for POST '/session/316c9fb94dd3bed54d95aeba82f447c0/execute/sync'
10:12:21.452 [AsyncHttpClient-1-14] DEBUG org.asynchttpclient.netty.handler.HttpHandler - 

Request DefaultHttpRequest(decodeResult: success, version: HTTP/1.1)
POST /session/316c9fb94dd3bed54d95aeba82f447c0/execute/sync HTTP/1.1
User-Agent: selenium/4.8.1 (java windows)
Content-Length: 176
Content-Type: application/json; charset=utf-8
host: localhost:2822
accept: */*

Response DefaultHttpResponse(decodeResult: success, version: HTTP/1.1)
HTTP/1.1 200 OK
Content-Length: 22494
Content-Type: application/json; charset=utf-8
cache-control: no-cache

10:12:21.452 [AsyncHttpClient-1-14] DEBUG org.asynchttpclient.netty.channel.ChannelManager - Adding key: http://localhost:2822 for channel [id: 0x13ebe45b, L:/127.0.0.1:51537 - R:localhost/127.0.0.1:2822]
10:12:21.454 [Forwarding getCurrentUrl on session 316c9fb94dd3bed54d95aeba82f447c0 to remote] DEBUG org.asynchttpclient.netty.request.NettyRequestSender - Using pooled Channel '[id: 0x13ebe45b, L:/127.0.0.1:51537 - R:localhost/127.0.0.1:2822]' for 'GET' to 'http://localhost:2822/session/316c9fb94dd3bed54d95aeba82f447c0/url'
10:12:21.454 [Forwarding getCurrentUrl on session 316c9fb94dd3bed54d95aeba82f447c0 to remote] DEBUG org.asynchttpclient.netty.request.NettyRequestSender - Using open Channel [id: 0x13ebe45b, L:/127.0.0.1:51537 - R:localhost/127.0.0.1:2822] for GET '/session/316c9fb94dd3bed54d95aeba82f447c0/url'
10:12:21.456 [AsyncHttpClient-1-14] DEBUG org.asynchttpclient.netty.handler.HttpHandler - 

Request DefaultFullHttpRequest(decodeResult: success, version: HTTP/1.1, content: EmptyByteBufBE)
GET /session/316c9fb94dd3bed54d95aeba82f447c0/url HTTP/1.1
User-Agent: selenium/4.8.1 (java windows)
Cache-Control: no-cache
Content-Type: application/json; charset=utf-8
host: localhost:2822
accept: */*

Response DefaultHttpResponse(decodeResult: success, version: HTTP/1.1)
HTTP/1.1 200 OK
Content-Length: 54
Content-Type: application/json; charset=utf-8
cache-control: no-cache

10:12:21.456 [AsyncHttpClient-1-14] DEBUG org.asynchttpclient.netty.channel.ChannelManager - Adding key: http://localhost:2822 for channel [id: 0x13ebe45b, L:/127.0.0.1:51537 - R:localhost/127.0.0.1:2822]
10:12:21.457 [main] DEBUG net.thucydides.core.steps.StepInterceptor - STARTING STEP: RegisterSteps.inputPasswordReg - inputPasswordReg
10:12:21.458 [Forwarding findElement on session 316c9fb94dd3bed54d95aeba82f447c0 to remote] DEBUG org.asynchttpclient.netty.request.NettyRequestSender - Using pooled Channel '[id: 0x13ebe45b, L:/127.0.0.1:51537 - R:localhost/127.0.0.1:2822]' for 'POST' to 'http://localhost:2822/session/316c9fb94dd3bed54d95aeba82f447c0/element'
10:12:21.458 [Forwarding findElement on session 316c9fb94dd3bed54d95aeba82f447c0 to remote] DEBUG org.asynchttpclient.netty.request.NettyRequestSender - Using open Channel [id: 0x13ebe45b, L:/127.0.0.1:51537 - R:localhost/127.0.0.1:2822] for POST '/session/316c9fb94dd3bed54d95aeba82f447c0/element'
10:12:21.470 [AsyncHttpClient-1-14] DEBUG org.asynchttpclient.netty.handler.HttpHandler - 

Request DefaultHttpRequest(decodeResult: success, version: HTTP/1.1)
POST /session/316c9fb94dd3bed54d95aeba82f447c0/element HTTP/1.1
User-Agent: selenium/4.8.1 (java windows)
Content-Length: 55
Content-Type: application/json; charset=utf-8
host: localhost:2822
accept: */*

Response DefaultHttpResponse(decodeResult: success, version: HTTP/1.1)
HTTP/1.1 200 OK
Content-Length: 88
Content-Type: application/json; charset=utf-8
cache-control: no-cache

10:12:21.470 [AsyncHttpClient-1-14] DEBUG org.asynchttpclient.netty.channel.ChannelManager - Adding key: http://localhost:2822 for channel [id: 0x13ebe45b, L:/127.0.0.1:51537 - R:localhost/127.0.0.1:2822]
10:12:21.471 [Forwarding clearElement on session 316c9fb94dd3bed54d95aeba82f447c0 to remote] DEBUG org.asynchttpclient.netty.request.NettyRequestSender - Using pooled Channel '[id: 0x13ebe45b, L:/127.0.0.1:51537 - R:localhost/127.0.0.1:2822]' for 'POST' to 'http://localhost:2822/session/316c9fb94dd3bed54d95aeba82f447c0/element/7d65f00a-ef9c-48b2-8063-9a4127ccbbf9/clear'
10:12:21.471 [Forwarding clearElement on session 316c9fb94dd3bed54d95aeba82f447c0 to remote] DEBUG org.asynchttpclient.netty.request.NettyRequestSender - Using open Channel [id: 0x13ebe45b, L:/127.0.0.1:51537 - R:localhost/127.0.0.1:2822] for POST '/session/316c9fb94dd3bed54d95aeba82f447c0/element/7d65f00a-ef9c-48b2-8063-9a4127ccbbf9/clear'
10:12:21.496 [AsyncHttpClient-1-14] DEBUG org.asynchttpclient.netty.handler.HttpHandler - 

Request DefaultHttpRequest(decodeResult: success, version: HTTP/1.1)
POST /session/316c9fb94dd3bed54d95aeba82f447c0/element/7d65f00a-ef9c-48b2-8063-9a4127ccbbf9/clear HTTP/1.1
User-Agent: selenium/4.8.1 (java windows)
Content-Length: 50
Content-Type: application/json; charset=utf-8
host: localhost:2822
accept: */*

Response DefaultHttpResponse(decodeResult: success, version: HTTP/1.1)
HTTP/1.1 200 OK
Content-Length: 14
Content-Type: application/json; charset=utf-8
cache-control: no-cache

10:12:21.496 [AsyncHttpClient-1-14] DEBUG org.asynchttpclient.netty.channel.ChannelManager - Adding key: http://localhost:2822 for channel [id: 0x13ebe45b, L:/127.0.0.1:51537 - R:localhost/127.0.0.1:2822]
10:12:21.497 [Forwarding sendKeysToElement on session 316c9fb94dd3bed54d95aeba82f447c0 to remote] DEBUG org.asynchttpclient.netty.request.NettyRequestSender - Using pooled Channel '[id: 0x13ebe45b, L:/127.0.0.1:51537 - R:localhost/127.0.0.1:2822]' for 'POST' to 'http://localhost:2822/session/316c9fb94dd3bed54d95aeba82f447c0/element/7d65f00a-ef9c-48b2-8063-9a4127ccbbf9/value'
10:12:21.497 [Forwarding sendKeysToElement on session 316c9fb94dd3bed54d95aeba82f447c0 to remote] DEBUG org.asynchttpclient.netty.request.NettyRequestSender - Using open Channel [id: 0x13ebe45b, L:/127.0.0.1:51537 - R:localhost/127.0.0.1:2822] for POST '/session/316c9fb94dd3bed54d95aeba82f447c0/element/7d65f00a-ef9c-48b2-8063-9a4127ccbbf9/value'
10:12:21.551 [AsyncHttpClient-1-14] DEBUG org.asynchttpclient.netty.handler.HttpHandler - 

Request DefaultHttpRequest(decodeResult: success, version: HTTP/1.1)
POST /session/316c9fb94dd3bed54d95aeba82f447c0/element/7d65f00a-ef9c-48b2-8063-9a4127ccbbf9/value HTTP/1.1
User-Agent: selenium/4.8.1 (java windows)
Content-Length: 151
Content-Type: application/json; charset=utf-8
host: localhost:2822
accept: */*

Response DefaultHttpResponse(decodeResult: success, version: HTTP/1.1)
HTTP/1.1 200 OK
Content-Length: 14
Content-Type: application/json; charset=utf-8
cache-control: no-cache

10:12:21.551 [AsyncHttpClient-1-14] DEBUG org.asynchttpclient.netty.channel.ChannelManager - Adding key: http://localhost:2822 for channel [id: 0x13ebe45b, L:/127.0.0.1:51537 - R:localhost/127.0.0.1:2822]
10:12:21.564 [Forwarding getAlertText on session 316c9fb94dd3bed54d95aeba82f447c0 to remote] DEBUG org.asynchttpclient.netty.request.NettyRequestSender - Using pooled Channel '[id: 0x13ebe45b, L:/127.0.0.1:51537 - R:localhost/127.0.0.1:2822]' for 'GET' to 'http://localhost:2822/session/316c9fb94dd3bed54d95aeba82f447c0/alert/text'
10:12:21.564 [Forwarding getAlertText on session 316c9fb94dd3bed54d95aeba82f447c0 to remote] DEBUG org.asynchttpclient.netty.request.NettyRequestSender - Using open Channel [id: 0x13ebe45b, L:/127.0.0.1:51537 - R:localhost/127.0.0.1:2822] for GET '/session/316c9fb94dd3bed54d95aeba82f447c0/alert/text'
10:12:21.565 [AsyncHttpClient-1-14] DEBUG org.asynchttpclient.netty.handler.HttpHandler - 

Request DefaultFullHttpRequest(decodeResult: success, version: HTTP/1.1, content: EmptyByteBufBE)
GET /session/316c9fb94dd3bed54d95aeba82f447c0/alert/text HTTP/1.1
User-Agent: selenium/4.8.1 (java windows)
Cache-Control: no-cache
Content-Type: application/json; charset=utf-8
host: localhost:2822
accept: */*

Response DefaultHttpResponse(decodeResult: success, version: HTTP/1.1)
HTTP/1.1 404 Not Found
Content-Length: 836
Content-Type: application/json; charset=utf-8
cache-control: no-cache

10:12:21.565 [AsyncHttpClient-1-14] DEBUG org.asynchttpclient.netty.channel.ChannelManager - Adding key: http://localhost:2822 for channel [id: 0x13ebe45b, L:/127.0.0.1:51537 - R:localhost/127.0.0.1:2822]
10:12:21.565 [Forwarding getCurrentUrl on session 316c9fb94dd3bed54d95aeba82f447c0 to remote] DEBUG org.asynchttpclient.netty.request.NettyRequestSender - Using pooled Channel '[id: 0x13ebe45b, L:/127.0.0.1:51537 - R:localhost/127.0.0.1:2822]' for 'GET' to 'http://localhost:2822/session/316c9fb94dd3bed54d95aeba82f447c0/url'
10:12:21.565 [Forwarding getCurrentUrl on session 316c9fb94dd3bed54d95aeba82f447c0 to remote] DEBUG org.asynchttpclient.netty.request.NettyRequestSender - Using open Channel [id: 0x13ebe45b, L:/127.0.0.1:51537 - R:localhost/127.0.0.1:2822] for GET '/session/316c9fb94dd3bed54d95aeba82f447c0/url'
10:12:21.570 [AsyncHttpClient-1-14] DEBUG org.asynchttpclient.netty.handler.HttpHandler - 

Request DefaultFullHttpRequest(decodeResult: success, version: HTTP/1.1, content: EmptyByteBufBE)
GET /session/316c9fb94dd3bed54d95aeba82f447c0/url HTTP/1.1
User-Agent: selenium/4.8.1 (java windows)
Cache-Control: no-cache
Content-Type: application/json; charset=utf-8
host: localhost:2822
accept: */*

Response DefaultHttpResponse(decodeResult: success, version: HTTP/1.1)
HTTP/1.1 200 OK
Content-Length: 54
Content-Type: application/json; charset=utf-8
cache-control: no-cache

10:12:21.570 [AsyncHttpClient-1-14] DEBUG org.asynchttpclient.netty.channel.ChannelManager - Adding key: http://localhost:2822 for channel [id: 0x13ebe45b, L:/127.0.0.1:51537 - R:localhost/127.0.0.1:2822]
10:12:21.570 [Forwarding screenshot on session 316c9fb94dd3bed54d95aeba82f447c0 to remote] DEBUG org.asynchttpclient.netty.request.NettyRequestSender - Using pooled Channel '[id: 0x13ebe45b, L:/127.0.0.1:51537 - R:localhost/127.0.0.1:2822]' for 'GET' to 'http://localhost:2822/session/316c9fb94dd3bed54d95aeba82f447c0/screenshot'
10:12:21.570 [Forwarding screenshot on session 316c9fb94dd3bed54d95aeba82f447c0 to remote] DEBUG org.asynchttpclient.netty.request.NettyRequestSender - Using open Channel [id: 0x13ebe45b, L:/127.0.0.1:51537 - R:localhost/127.0.0.1:2822] for GET '/session/316c9fb94dd3bed54d95aeba82f447c0/screenshot'
10:12:21.594 [AsyncHttpClient-1-1] DEBUG org.asynchttpclient.netty.channel.DefaultChannelPool - Entry count for : http://localhost:51539 : 1
10:12:21.687 [AsyncHttpClient-1-14] DEBUG org.asynchttpclient.netty.handler.HttpHandler - 

Request DefaultFullHttpRequest(decodeResult: success, version: HTTP/1.1, content: EmptyByteBufBE)
GET /session/316c9fb94dd3bed54d95aeba82f447c0/screenshot HTTP/1.1
User-Agent: selenium/4.8.1 (java windows)
Cache-Control: no-cache
Content-Type: application/json; charset=utf-8
host: localhost:2822
accept: */*

Response DefaultHttpResponse(decodeResult: success, version: HTTP/1.1)
HTTP/1.1 200 OK
Content-Length: 45028
Content-Type: application/json; charset=utf-8
cache-control: no-cache

10:12:21.687 [AsyncHttpClient-1-14] DEBUG org.asynchttpclient.netty.channel.ChannelManager - Adding key: http://localhost:2822 for channel [id: 0x13ebe45b, L:/127.0.0.1:51537 - R:localhost/127.0.0.1:2822]
10:12:21.688 [main] DEBUG net.serenitybdd.core.photography.Darkroom - Send negative for processing for target\site\serenity\684c710a3e712ea6fb34fefeb7e53d1558a587c46af12046368e3a63d7c14bac.png
10:12:21.688 [main] DEBUG net.thucydides.core.steps.StepInterceptor - STEP DONE: inputPasswordReg
  &amp#27;[32mAnd &amp#27;[0m&amp#27;[32mI input correct password for register&amp#27;[0m &amp#27;[90m# starter.stepdefinitions.RegisterSteps.inputPasswordReg()&amp#27;[0m
10:12:21.689 [Darkroom Processing Line] DEBUG net.serenitybdd.core.photography.DarkroomProcessingLine - Processing screenshot image in /var/screenshots/screenshot-110559548458913658
10:12:21.689 [Darkroom Processing Line] DEBUG net.serenitybdd.core.photography.DarkroomProcessingLine - Saving screenshot to target\site\serenity\684c710a3e712ea6fb34fefeb7e53d1558a587c46af12046368e3a63d7c14bac.png
10:12:21.695 [Forwarding getPageSource on session 316c9fb94dd3bed54d95aeba82f447c0 to remote] DEBUG org.asynchttpclient.netty.request.NettyRequestSender - Using pooled Channel '[id: 0x13ebe45b, L:/127.0.0.1:51537 - R:localhost/127.0.0.1:2822]' for 'POST' to 'http://localhost:2822/session/316c9fb94dd3bed54d95aeba82f447c0/execute/sync'
10:12:21.695 [Forwarding getPageSource on session 316c9fb94dd3bed54d95aeba82f447c0 to remote] DEBUG org.asynchttpclient.netty.request.NettyRequestSender - Using open Channel [id: 0x13ebe45b, L:/127.0.0.1:51537 - R:localhost/127.0.0.1:2822] for POST '/session/316c9fb94dd3bed54d95aeba82f447c0/execute/sync'
10:12:21.698 [AsyncHttpClient-1-14] DEBUG org.asynchttpclient.netty.handler.HttpHandler - 

Request DefaultHttpRequest(decodeResult: success, version: HTTP/1.1)
POST /session/316c9fb94dd3bed54d95aeba82f447c0/execute/sync HTTP/1.1
User-Agent: selenium/4.8.1 (java windows)
Content-Length: 176
Content-Type: application/json; charset=utf-8
host: localhost:2822
accept: */*

Response DefaultHttpResponse(decodeResult: success, version: HTTP/1.1)
HTTP/1.1 200 OK
Content-Length: 22553
Content-Type: application/json; charset=utf-8
cache-control: no-cache

10:12:21.698 [AsyncHttpClient-1-14] DEBUG org.asynchttpclient.netty.channel.ChannelManager - Adding key: http://localhost:2822 for channel [id: 0x13ebe45b, L:/127.0.0.1:51537 - R:localhost/127.0.0.1:2822]
10:12:21.700 [Forwarding getCurrentUrl on session 316c9fb94dd3bed54d95aeba82f447c0 to remote] DEBUG org.asynchttpclient.netty.request.NettyRequestSender - Using pooled Channel '[id: 0x13ebe45b, L:/127.0.0.1:51537 - R:localhost/127.0.0.1:2822]' for 'GET' to 'http://localhost:2822/session/316c9fb94dd3bed54d95aeba82f447c0/url'
10:12:21.700 [Forwarding getCurrentUrl on session 316c9fb94dd3bed54d95aeba82f447c0 to remote] DEBUG org.asynchttpclient.netty.request.NettyRequestSender - Using open Channel [id: 0x13ebe45b, L:/127.0.0.1:51537 - R:localhost/127.0.0.1:2822] for GET '/session/316c9fb94dd3bed54d95aeba82f447c0/url'
10:12:21.703 [AsyncHttpClient-1-14] DEBUG org.asynchttpclient.netty.handler.HttpHandler - 

Request DefaultFullHttpRequest(decodeResult: success, version: HTTP/1.1, content: EmptyByteBufBE)
GET /session/316c9fb94dd3bed54d95aeba82f447c0/url HTTP/1.1
User-Agent: selenium/4.8.1 (java windows)
Cache-Control: no-cache
Content-Type: application/json; charset=utf-8
host: localhost:2822
accept: */*

Response DefaultHttpResponse(decodeResult: success, version: HTTP/1.1)
HTTP/1.1 200 OK
Content-Length: 54
Content-Type: application/json; charset=utf-8
cache-control: no-cache

10:12:21.703 [AsyncHttpClient-1-14] DEBUG org.asynchttpclient.netty.channel.ChannelManager - Adding key: http://localhost:2822 for channel [id: 0x13ebe45b, L:/127.0.0.1:51537 - R:localhost/127.0.0.1:2822]
10:12:21.710 [Forwarding getPageSource on session 316c9fb94dd3bed54d95aeba82f447c0 to remote] DEBUG org.asynchttpclient.netty.request.NettyRequestSender - Using pooled Channel '[id: 0x13ebe45b, L:/127.0.0.1:51537 - R:localhost/127.0.0.1:2822]' for 'POST' to 'http://localhost:2822/session/316c9fb94dd3bed54d95aeba82f447c0/execute/sync'
10:12:21.710 [Forwarding getPageSource on session 316c9fb94dd3bed54d95aeba82f447c0 to remote] DEBUG org.asynchttpclient.netty.request.NettyRequestSender - Using open Channel [id: 0x13ebe45b, L:/127.0.0.1:51537 - R:localhost/127.0.0.1:2822] for POST '/session/316c9fb94dd3bed54d95aeba82f447c0/execute/sync'
10:12:21.714 [AsyncHttpClient-1-14] DEBUG org.asynchttpclient.netty.handler.HttpHandler - 

Request DefaultHttpRequest(decodeResult: success, version: HTTP/1.1)
POST /session/316c9fb94dd3bed54d95aeba82f447c0/execute/sync HTTP/1.1
User-Agent: selenium/4.8.1 (java windows)
Content-Length: 176
Content-Type: application/json; charset=utf-8
host: localhost:2822
accept: */*

Response DefaultHttpResponse(decodeResult: success, version: HTTP/1.1)
HTTP/1.1 200 OK
Content-Length: 22553
Content-Type: application/json; charset=utf-8
cache-control: no-cache

10:12:21.714 [AsyncHttpClient-1-14] DEBUG org.asynchttpclient.netty.channel.ChannelManager - Adding key: http://localhost:2822 for channel [id: 0x13ebe45b, L:/127.0.0.1:51537 - R:localhost/127.0.0.1:2822]
10:12:21.715 [Forwarding getCurrentUrl on session 316c9fb94dd3bed54d95aeba82f447c0 to remote] DEBUG org.asynchttpclient.netty.request.NettyRequestSender - Using pooled Channel '[id: 0x13ebe45b, L:/127.0.0.1:51537 - R:localhost/127.0.0.1:2822]' for 'GET' to 'http://localhost:2822/session/316c9fb94dd3bed54d95aeba82f447c0/url'
10:12:21.715 [Forwarding getCurrentUrl on session 316c9fb94dd3bed54d95aeba82f447c0 to remote] DEBUG org.asynchttpclient.netty.request.NettyRequestSender - Using open Channel [id: 0x13ebe45b, L:/127.0.0.1:51537 - R:localhost/127.0.0.1:2822] for GET '/session/316c9fb94dd3bed54d95aeba82f447c0/url'
10:12:21.719 [AsyncHttpClient-1-14] DEBUG org.asynchttpclient.netty.handler.HttpHandler - 

Request DefaultFullHttpRequest(decodeResult: success, version: HTTP/1.1, content: EmptyByteBufBE)
GET /session/316c9fb94dd3bed54d95aeba82f447c0/url HTTP/1.1
User-Agent: selenium/4.8.1 (java windows)
Cache-Control: no-cache
Content-Type: application/json; charset=utf-8
host: localhost:2822
accept: */*

Response DefaultHttpResponse(decodeResult: success, version: HTTP/1.1)
HTTP/1.1 200 OK
Content-Length: 54
Content-Type: application/json; charset=utf-8
cache-control: no-cache

10:12:21.719 [AsyncHttpClient-1-14] DEBUG org.asynchttpclient.netty.channel.ChannelManager - Adding key: http://localhost:2822 for channel [id: 0x13ebe45b, L:/127.0.0.1:51537 - R:localhost/127.0.0.1:2822]
10:12:21.720 [main] DEBUG net.thucydides.core.steps.StepInterceptor - STARTING STEP: RegisterSteps.ClickRegisterButton - ClickRegisterButton
10:12:21.722 [Forwarding findElement on session 316c9fb94dd3bed54d95aeba82f447c0 to remote] DEBUG org.asynchttpclient.netty.request.NettyRequestSender - Using pooled Channel '[id: 0x13ebe45b, L:/127.0.0.1:51537 - R:localhost/127.0.0.1:2822]' for 'POST' to 'http://localhost:2822/session/316c9fb94dd3bed54d95aeba82f447c0/element'
10:12:21.722 [Forwarding findElement on session 316c9fb94dd3bed54d95aeba82f447c0 to remote] DEBUG org.asynchttpclient.netty.request.NettyRequestSender - Using open Channel [id: 0x13ebe45b, L:/127.0.0.1:51537 - R:localhost/127.0.0.1:2822] for POST '/session/316c9fb94dd3bed54d95aeba82f447c0/element'
10:12:21.736 [AsyncHttpClient-1-14] DEBUG org.asynchttpclient.netty.handler.HttpHandler - 

Request DefaultHttpRequest(decodeResult: success, version: HTTP/1.1)
POST /session/316c9fb94dd3bed54d95aeba82f447c0/element HTTP/1.1
User-Agent: selenium/4.8.1 (java windows)
Content-Length: 71
Content-Type: application/json; charset=utf-8
host: localhost:2822
accept: */*

Response DefaultHttpResponse(decodeResult: success, version: HTTP/1.1)
HTTP/1.1 200 OK
Content-Length: 88
Content-Type: application/json; charset=utf-8
cache-control: no-cache

10:12:21.736 [AsyncHttpClient-1-14] DEBUG org.asynchttpclient.netty.channel.ChannelManager - Adding key: http://localhost:2822 for channel [id: 0x13ebe45b, L:/127.0.0.1:51537 - R:localhost/127.0.0.1:2822]
10:12:21.737 [Forwarding getElementTagName on session 316c9fb94dd3bed54d95aeba82f447c0 to remote] DEBUG org.asynchttpclient.netty.request.NettyRequestSender - Using pooled Channel '[id: 0x13ebe45b, L:/127.0.0.1:51537 - R:localhost/127.0.0.1:2822]' for 'GET' to 'http://localhost:2822/session/316c9fb94dd3bed54d95aeba82f447c0/element/9462e2ab-cd5c-4dca-8074-e2303409b047/name'
10:12:21.737 [Forwarding getElementTagName on session 316c9fb94dd3bed54d95aeba82f447c0 to remote] DEBUG org.asynchttpclient.netty.request.NettyRequestSender - Using open Channel [id: 0x13ebe45b, L:/127.0.0.1:51537 - R:localhost/127.0.0.1:2822] for GET '/session/316c9fb94dd3bed54d95aeba82f447c0/element/9462e2ab-cd5c-4dca-8074-e2303409b047/name'
10:12:21.739 [AsyncHttpClient-1-14] DEBUG org.asynchttpclient.netty.handler.HttpHandler - 

Request DefaultFullHttpRequest(decodeResult: success, version: HTTP/1.1, content: EmptyByteBufBE)
GET /session/316c9fb94dd3bed54d95aeba82f447c0/element/9462e2ab-cd5c-4dca-8074-e2303409b047/name HTTP/1.1
User-Agent: selenium/4.8.1 (java windows)
Cache-Control: no-cache
Content-Type: application/json; charset=utf-8
host: localhost:2822
accept: */*

Response DefaultHttpResponse(decodeResult: success, version: HTTP/1.1)
HTTP/1.1 200 OK
Content-Length: 18
Content-Type: application/json; charset=utf-8
cache-control: no-cache

10:12:21.739 [AsyncHttpClient-1-14] DEBUG org.asynchttpclient.netty.channel.ChannelManager - Adding key: http://localhost:2822 for channel [id: 0x13ebe45b, L:/127.0.0.1:51537 - R:localhost/127.0.0.1:2822]
10:12:21.740 [Forwarding getElementTagName on session 316c9fb94dd3bed54d95aeba82f447c0 to remote] DEBUG org.asynchttpclient.netty.request.NettyRequestSender - Using pooled Channel '[id: 0x13ebe45b, L:/127.0.0.1:51537 - R:localhost/127.0.0.1:2822]' for 'GET' to 'http://localhost:2822/session/316c9fb94dd3bed54d95aeba82f447c0/element/9462e2ab-cd5c-4dca-8074-e2303409b047/name'
10:12:21.740 [Forwarding getElementTagName on session 316c9fb94dd3bed54d95aeba82f447c0 to remote] DEBUG org.asynchttpclient.netty.request.NettyRequestSender - Using open Channel [id: 0x13ebe45b, L:/127.0.0.1:51537 - R:localhost/127.0.0.1:2822] for GET '/session/316c9fb94dd3bed54d95aeba82f447c0/element/9462e2ab-cd5c-4dca-8074-e2303409b047/name'
10:12:21.744 [AsyncHttpClient-1-14] DEBUG org.asynchttpclient.netty.handler.HttpHandler - 

Request DefaultFullHttpRequest(decodeResult: success, version: HTTP/1.1, content: EmptyByteBufBE)
GET /session/316c9fb94dd3bed54d95aeba82f447c0/element/9462e2ab-cd5c-4dca-8074-e2303409b047/name HTTP/1.1
User-Agent: selenium/4.8.1 (java windows)
Cache-Control: no-cache
Content-Type: application/json; charset=utf-8
host: localhost:2822
accept: */*

Response DefaultHttpResponse(decodeResult: success, version: HTTP/1.1)
HTTP/1.1 200 OK
Content-Length: 18
Content-Type: application/json; charset=utf-8
cache-control: no-cache

10:12:21.744 [AsyncHttpClient-1-14] DEBUG org.asynchttpclient.netty.channel.ChannelManager - Adding key: http://localhost:2822 for channel [id: 0x13ebe45b, L:/127.0.0.1:51537 - R:localhost/127.0.0.1:2822]
10:12:21.745 [Forwarding isElementEnabled on session 316c9fb94dd3bed54d95aeba82f447c0 to remote] DEBUG org.asynchttpclient.netty.request.NettyRequestSender - Using pooled Channel '[id: 0x13ebe45b, L:/127.0.0.1:51537 - R:localhost/127.0.0.1:2822]' for 'GET' to 'http://localhost:2822/session/316c9fb94dd3bed54d95aeba82f447c0/element/9462e2ab-cd5c-4dca-8074-e2303409b047/enabled'
10:12:21.745 [Forwarding isElementEnabled on session 316c9fb94dd3bed54d95aeba82f447c0 to remote] DEBUG org.asynchttpclient.netty.request.NettyRequestSender - Using open Channel [id: 0x13ebe45b, L:/127.0.0.1:51537 - R:localhost/127.0.0.1:2822] for GET '/session/316c9fb94dd3bed54d95aeba82f447c0/element/9462e2ab-cd5c-4dca-8074-e2303409b047/enabled'
10:12:21.753 [AsyncHttpClient-1-14] DEBUG org.asynchttpclient.netty.handler.HttpHandler - 

Request DefaultFullHttpRequest(decodeResult: success, version: HTTP/1.1, content: EmptyByteBufBE)
GET /session/316c9fb94dd3bed54d95aeba82f447c0/element/9462e2ab-cd5c-4dca-8074-e2303409b047/enabled HTTP/1.1
User-Agent: selenium/4.8.1 (java windows)
Cache-Control: no-cache
Content-Type: application/json; charset=utf-8
host: localhost:2822
accept: */*

Response DefaultHttpResponse(decodeResult: success, version: HTTP/1.1)
HTTP/1.1 200 OK
Content-Length: 14
Content-Type: application/json; charset=utf-8
cache-control: no-cache

10:12:21.753 [AsyncHttpClient-1-14] DEBUG org.asynchttpclient.netty.channel.ChannelManager - Adding key: http://localhost:2822 for channel [id: 0x13ebe45b, L:/127.0.0.1:51537 - R:localhost/127.0.0.1:2822]
10:12:21.754 [Forwarding isElementEnabled on session 316c9fb94dd3bed54d95aeba82f447c0 to remote] DEBUG org.asynchttpclient.netty.request.NettyRequestSender - Using pooled Channel '[id: 0x13ebe45b, L:/127.0.0.1:51537 - R:localhost/127.0.0.1:2822]' for 'GET' to 'http://localhost:2822/session/316c9fb94dd3bed54d95aeba82f447c0/element/9462e2ab-cd5c-4dca-8074-e2303409b047/enabled'
10:12:21.754 [Forwarding isElementEnabled on session 316c9fb94dd3bed54d95aeba82f447c0 to remote] DEBUG org.asynchttpclient.netty.request.NettyRequestSender - Using open Channel [id: 0x13ebe45b, L:/127.0.0.1:51537 - R:localhost/127.0.0.1:2822] for GET '/session/316c9fb94dd3bed54d95aeba82f447c0/element/9462e2ab-cd5c-4dca-8074-e2303409b047/enabled'
10:12:21.758 [AsyncHttpClient-1-14] DEBUG org.asynchttpclient.netty.handler.HttpHandler - 

Request DefaultFullHttpRequest(decodeResult: success, version: HTTP/1.1, content: EmptyByteBufBE)
GET /session/316c9fb94dd3bed54d95aeba82f447c0/element/9462e2ab-cd5c-4dca-8074-e2303409b047/enabled HTTP/1.1
User-Agent: selenium/4.8.1 (java windows)
Cache-Control: no-cache
Content-Type: application/json; charset=utf-8
host: localhost:2822
accept: */*

Response DefaultHttpResponse(decodeResult: success, version: HTTP/1.1)
HTTP/1.1 200 OK
Content-Length: 14
Content-Type: application/json; charset=utf-8
cache-control: no-cache

10:12:21.758 [AsyncHttpClient-1-14] DEBUG org.asynchttpclient.netty.channel.ChannelManager - Adding key: http://localhost:2822 for channel [id: 0x13ebe45b, L:/127.0.0.1:51537 - R:localhost/127.0.0.1:2822]
10:12:21.760 [Forwarding findElement on session 316c9fb94dd3bed54d95aeba82f447c0 to remote] DEBUG org.asynchttpclient.netty.request.NettyRequestSender - Using pooled Channel '[id: 0x13ebe45b, L:/127.0.0.1:51537 - R:localhost/127.0.0.1:2822]' for 'POST' to 'http://localhost:2822/session/316c9fb94dd3bed54d95aeba82f447c0/element'
10:12:21.760 [Forwarding findElement on session 316c9fb94dd3bed54d95aeba82f447c0 to remote] DEBUG org.asynchttpclient.netty.request.NettyRequestSender - Using open Channel [id: 0x13ebe45b, L:/127.0.0.1:51537 - R:localhost/127.0.0.1:2822] for POST '/session/316c9fb94dd3bed54d95aeba82f447c0/element'
10:12:21.764 [AsyncHttpClient-1-14] DEBUG org.asynchttpclient.netty.handler.HttpHandler - 

Request DefaultHttpRequest(decodeResult: success, version: HTTP/1.1)
POST /session/316c9fb94dd3bed54d95aeba82f447c0/element HTTP/1.1
User-Agent: selenium/4.8.1 (java windows)
Content-Length: 71
Content-Type: application/json; charset=utf-8
host: localhost:2822
accept: */*

Response DefaultHttpResponse(decodeResult: success, version: HTTP/1.1)
HTTP/1.1 200 OK
Content-Length: 88
Content-Type: application/json; charset=utf-8
cache-control: no-cache

10:12:21.764 [AsyncHttpClient-1-14] DEBUG org.asynchttpclient.netty.channel.ChannelManager - Adding key: http://localhost:2822 for channel [id: 0x13ebe45b, L:/127.0.0.1:51537 - R:localhost/127.0.0.1:2822]
10:12:21.765 [Forwarding clickElement on session 316c9fb94dd3bed54d95aeba82f447c0 to remote] DEBUG org.asynchttpclient.netty.request.NettyRequestSender - Using pooled Channel '[id: 0x13ebe45b, L:/127.0.0.1:51537 - R:localhost/127.0.0.1:2822]' for 'POST' to 'http://localhost:2822/session/316c9fb94dd3bed54d95aeba82f447c0/element/9462e2ab-cd5c-4dca-8074-e2303409b047/click'
10:12:21.765 [Forwarding clickElement on session 316c9fb94dd3bed54d95aeba82f447c0 to remote] DEBUG org.asynchttpclient.netty.request.NettyRequestSender - Using open Channel [id: 0x13ebe45b, L:/127.0.0.1:51537 - R:localhost/127.0.0.1:2822] for POST '/session/316c9fb94dd3bed54d95aeba82f447c0/element/9462e2ab-cd5c-4dca-8074-e2303409b047/click'
10:12:21.804 [AsyncHttpClient-1-14] DEBUG org.asynchttpclient.netty.handler.HttpHandler - 

Request DefaultHttpRequest(decodeResult: success, version: HTTP/1.1)
POST /session/316c9fb94dd3bed54d95aeba82f447c0/element/9462e2ab-cd5c-4dca-8074-e2303409b047/click HTTP/1.1
User-Agent: selenium/4.8.1 (java windows)
Content-Length: 50
Content-Type: application/json; charset=utf-8
host: localhost:2822
accept: */*

Response DefaultHttpResponse(decodeResult: success, version: HTTP/1.1)
HTTP/1.1 200 OK
Content-Length: 14
Content-Type: application/json; charset=utf-8
cache-control: no-cache

10:12:21.804 [AsyncHttpClient-1-14] DEBUG org.asynchttpclient.netty.channel.ChannelManager - Adding key: http://localhost:2822 for channel [id: 0x13ebe45b, L:/127.0.0.1:51537 - R:localhost/127.0.0.1:2822]
10:12:21.808 [Forwarding getAlertText on session 316c9fb94dd3bed54d95aeba82f447c0 to remote] DEBUG org.asynchttpclient.netty.request.NettyRequestSender - Using pooled Channel '[id: 0x13ebe45b, L:/127.0.0.1:51537 - R:localhost/127.0.0.1:2822]' for 'GET' to 'http://localhost:2822/session/316c9fb94dd3bed54d95aeba82f447c0/alert/text'
10:12:21.808 [Forwarding getAlertText on session 316c9fb94dd3bed54d95aeba82f447c0 to remote] DEBUG org.asynchttpclient.netty.request.NettyRequestSender - Using open Channel [id: 0x13ebe45b, L:/127.0.0.1:51537 - R:localhost/127.0.0.1:2822] for GET '/session/316c9fb94dd3bed54d95aeba82f447c0/alert/text'
10:12:21.811 [AsyncHttpClient-1-14] DEBUG org.asynchttpclient.netty.handler.HttpHandler - 

Request DefaultFullHttpRequest(decodeResult: success, version: HTTP/1.1, content: EmptyByteBufBE)
GET /session/316c9fb94dd3bed54d95aeba82f447c0/alert/text HTTP/1.1
User-Agent: selenium/4.8.1 (java windows)
Cache-Control: no-cache
Content-Type: application/json; charset=utf-8
host: localhost:2822
accept: */*

Response DefaultHttpResponse(decodeResult: success, version: HTTP/1.1)
HTTP/1.1 404 Not Found
Content-Length: 836
Content-Type: application/json; charset=utf-8
cache-control: no-cache

10:12:21.811 [AsyncHttpClient-1-14] DEBUG org.asynchttpclient.netty.channel.ChannelManager - Adding key: http://localhost:2822 for channel [id: 0x13ebe45b, L:/127.0.0.1:51537 - R:localhost/127.0.0.1:2822]
10:12:21.812 [Forwarding getCurrentUrl on session 316c9fb94dd3bed54d95aeba82f447c0 to remote] DEBUG org.asynchttpclient.netty.request.NettyRequestSender - Using pooled Channel '[id: 0x13ebe45b, L:/127.0.0.1:51537 - R:localhost/127.0.0.1:2822]' for 'GET' to 'http://localhost:2822/session/316c9fb94dd3bed54d95aeba82f447c0/url'
10:12:21.812 [Forwarding getCurrentUrl on session 316c9fb94dd3bed54d95aeba82f447c0 to remote] DEBUG org.asynchttpclient.netty.request.NettyRequestSender - Using open Channel [id: 0x13ebe45b, L:/127.0.0.1:51537 - R:localhost/127.0.0.1:2822] for GET '/session/316c9fb94dd3bed54d95aeba82f447c0/url'
10:12:21.814 [AsyncHttpClient-1-14] DEBUG org.asynchttpclient.netty.handler.HttpHandler - 

Request DefaultFullHttpRequest(decodeResult: success, version: HTTP/1.1, content: EmptyByteBufBE)
GET /session/316c9fb94dd3bed54d95aeba82f447c0/url HTTP/1.1
User-Agent: selenium/4.8.1 (java windows)
Cache-Control: no-cache
Content-Type: application/json; charset=utf-8
host: localhost:2822
accept: */*

Response DefaultHttpResponse(decodeResult: success, version: HTTP/1.1)
HTTP/1.1 200 OK
Content-Length: 54
Content-Type: application/json; charset=utf-8
cache-control: no-cache

10:12:21.814 [AsyncHttpClient-1-14] DEBUG org.asynchttpclient.netty.channel.ChannelManager - Adding key: http://localhost:2822 for channel [id: 0x13ebe45b, L:/127.0.0.1:51537 - R:localhost/127.0.0.1:2822]
10:12:21.814 [Forwarding screenshot on session 316c9fb94dd3bed54d95aeba82f447c0 to remote] DEBUG org.asynchttpclient.netty.request.NettyRequestSender - Using pooled Channel '[id: 0x13ebe45b, L:/127.0.0.1:51537 - R:localhost/127.0.0.1:2822]' for 'GET' to 'http://localhost:2822/session/316c9fb94dd3bed54d95aeba82f447c0/screenshot'
10:12:21.814 [Forwarding screenshot on session 316c9fb94dd3bed54d95aeba82f447c0 to remote] DEBUG org.asynchttpclient.netty.request.NettyRequestSender - Using open Channel [id: 0x13ebe45b, L:/127.0.0.1:51537 - R:localhost/127.0.0.1:2822] for GET '/session/316c9fb94dd3bed54d95aeba82f447c0/screenshot'
10:12:21.936 [AsyncHttpClient-1-14] DEBUG org.asynchttpclient.netty.handler.HttpHandler - 

Request DefaultFullHttpRequest(decodeResult: success, version: HTTP/1.1, content: EmptyByteBufBE)
GET /session/316c9fb94dd3bed54d95aeba82f447c0/screenshot HTTP/1.1
User-Agent: selenium/4.8.1 (java windows)
Cache-Control: no-cache
Content-Type: application/json; charset=utf-8
host: localhost:2822
accept: */*

Response DefaultHttpResponse(decodeResult: success, version: HTTP/1.1)
HTTP/1.1 200 OK
Content-Length: 43916
Content-Type: application/json; charset=utf-8
cache-control: no-cache

10:12:21.936 [AsyncHttpClient-1-14] DEBUG org.asynchttpclient.netty.channel.ChannelManager - Adding key: http://localhost:2822 for channel [id: 0x13ebe45b, L:/127.0.0.1:51537 - R:localhost/127.0.0.1:2822]
10:12:21.939 [main] DEBUG net.serenitybdd.core.photography.Darkroom - Send negative for processing for target\site\serenity\f2f0e631b3657c4aedffa61086028f9f5117d048c8ec9f791c7c5e929ac0e119.png
10:12:21.939 [main] DEBUG net.thucydides.core.steps.StepInterceptor - STEP DONE: ClickRegisterButton
10:12:21.939 [Darkroom Processing Line] DEBUG net.serenitybdd.core.photography.DarkroomProcessingLine - Processing screenshot image in /var/screenshots/screenshot-17252397755367533388
10:12:21.939 [Darkroom Processing Line] DEBUG net.serenitybdd.core.photography.DarkroomProcessingLine - Saving screenshot to target\site\serenity\f2f0e631b3657c4aedffa61086028f9f5117d048c8ec9f791c7c5e929ac0e119.png
  &amp#27;[32mWhen &amp#27;[0m&amp#27;[32mI click on the register button&amp#27;[0m       &amp#27;[90m# starter.stepdefinitions.RegisterSteps.ClickRegisterButton()&amp#27;[0m
10:12:21.947 [Forwarding getPageSource on session 316c9fb94dd3bed54d95aeba82f447c0 to remote] DEBUG org.asynchttpclient.netty.request.NettyRequestSender - Using pooled Channel '[id: 0x13ebe45b, L:/127.0.0.1:51537 - R:localhost/127.0.0.1:2822]' for 'POST' to 'http://localhost:2822/session/316c9fb94dd3bed54d95aeba82f447c0/execute/sync'
10:12:21.947 [Forwarding getPageSource on session 316c9fb94dd3bed54d95aeba82f447c0 to remote] DEBUG org.asynchttpclient.netty.request.NettyRequestSender - Using open Channel [id: 0x13ebe45b, L:/127.0.0.1:51537 - R:localhost/127.0.0.1:2822] for POST '/session/316c9fb94dd3bed54d95aeba82f447c0/execute/sync'
10:12:21.951 [AsyncHttpClient-1-14] DEBUG org.asynchttpclient.netty.handler.HttpHandler - 

Request DefaultHttpRequest(decodeResult: success, version: HTTP/1.1)
POST /session/316c9fb94dd3bed54d95aeba82f447c0/execute/sync HTTP/1.1
User-Agent: selenium/4.8.1 (java windows)
Content-Length: 176
Content-Type: application/json; charset=utf-8
host: localhost:2822
accept: */*

Response DefaultHttpResponse(decodeResult: success, version: HTTP/1.1)
HTTP/1.1 200 OK
Content-Length: 23266
Content-Type: application/json; charset=utf-8
cache-control: no-cache

10:12:21.951 [AsyncHttpClient-1-14] DEBUG org.asynchttpclient.netty.channel.ChannelManager - Adding key: http://localhost:2822 for channel [id: 0x13ebe45b, L:/127.0.0.1:51537 - R:localhost/127.0.0.1:2822]
10:12:21.953 [Forwarding getCurrentUrl on session 316c9fb94dd3bed54d95aeba82f447c0 to remote] DEBUG org.asynchttpclient.netty.request.NettyRequestSender - Using pooled Channel '[id: 0x13ebe45b, L:/127.0.0.1:51537 - R:localhost/127.0.0.1:2822]' for 'GET' to 'http://localhost:2822/session/316c9fb94dd3bed54d95aeba82f447c0/url'
10:12:21.953 [Forwarding getCurrentUrl on session 316c9fb94dd3bed54d95aeba82f447c0 to remote] DEBUG org.asynchttpclient.netty.request.NettyRequestSender - Using open Channel [id: 0x13ebe45b, L:/127.0.0.1:51537 - R:localhost/127.0.0.1:2822] for GET '/session/316c9fb94dd3bed54d95aeba82f447c0/url'
10:12:21.957 [AsyncHttpClient-1-14] DEBUG org.asynchttpclient.netty.handler.HttpHandler - 

Request DefaultFullHttpRequest(decodeResult: success, version: HTTP/1.1, content: EmptyByteBufBE)
GET /session/316c9fb94dd3bed54d95aeba82f447c0/url HTTP/1.1
User-Agent: selenium/4.8.1 (java windows)
Cache-Control: no-cache
Content-Type: application/json; charset=utf-8
host: localhost:2822
accept: */*

Response DefaultHttpResponse(decodeResult: success, version: HTTP/1.1)
HTTP/1.1 200 OK
Content-Length: 54
Content-Type: application/json; charset=utf-8
cache-control: no-cache

10:12:21.957 [AsyncHttpClient-1-14] DEBUG org.asynchttpclient.netty.channel.ChannelManager - Adding key: http://localhost:2822 for channel [id: 0x13ebe45b, L:/127.0.0.1:51537 - R:localhost/127.0.0.1:2822]
10:12:21.963 [Forwarding getPageSource on session 316c9fb94dd3bed54d95aeba82f447c0 to remote] DEBUG org.asynchttpclient.netty.request.NettyRequestSender - Using pooled Channel '[id: 0x13ebe45b, L:/127.0.0.1:51537 - R:localhost/127.0.0.1:2822]' for 'POST' to 'http://localhost:2822/session/316c9fb94dd3bed54d95aeba82f447c0/execute/sync'
10:12:21.963 [Forwarding getPageSource on session 316c9fb94dd3bed54d95aeba82f447c0 to remote] DEBUG org.asynchttpclient.netty.request.NettyRequestSender - Using open Channel [id: 0x13ebe45b, L:/127.0.0.1:51537 - R:localhost/127.0.0.1:2822] for POST '/session/316c9fb94dd3bed54d95aeba82f447c0/execute/sync'
10:12:21.967 [AsyncHttpClient-1-14] DEBUG org.asynchttpclient.netty.handler.HttpHandler - 

Request DefaultHttpRequest(decodeResult: success, version: HTTP/1.1)
POST /session/316c9fb94dd3bed54d95aeba82f447c0/execute/sync HTTP/1.1
User-Agent: selenium/4.8.1 (java windows)
Content-Length: 176
Content-Type: application/json; charset=utf-8
host: localhost:2822
accept: */*

Response DefaultHttpResponse(decodeResult: success, version: HTTP/1.1)
HTTP/1.1 200 OK
Content-Length: 23266
Content-Type: application/json; charset=utf-8
cache-control: no-cache

10:12:21.967 [AsyncHttpClient-1-14] DEBUG org.asynchttpclient.netty.channel.ChannelManager - Adding key: http://localhost:2822 for channel [id: 0x13ebe45b, L:/127.0.0.1:51537 - R:localhost/127.0.0.1:2822]
10:12:21.969 [Forwarding getCurrentUrl on session 316c9fb94dd3bed54d95aeba82f447c0 to remote] DEBUG org.asynchttpclient.netty.request.NettyRequestSender - Using pooled Channel '[id: 0x13ebe45b, L:/127.0.0.1:51537 - R:localhost/127.0.0.1:2822]' for 'GET' to 'http://localhost:2822/session/316c9fb94dd3bed54d95aeba82f447c0/url'
10:12:21.969 [Forwarding getCurrentUrl on session 316c9fb94dd3bed54d95aeba82f447c0 to remote] DEBUG org.asynchttpclient.netty.request.NettyRequestSender - Using open Channel [id: 0x13ebe45b, L:/127.0.0.1:51537 - R:localhost/127.0.0.1:2822] for GET '/session/316c9fb94dd3bed54d95aeba82f447c0/url'
10:12:21.972 [AsyncHttpClient-1-14] DEBUG org.asynchttpclient.netty.handler.HttpHandler - 

Request DefaultFullHttpRequest(decodeResult: success, version: HTTP/1.1, content: EmptyByteBufBE)
GET /session/316c9fb94dd3bed54d95aeba82f447c0/url HTTP/1.1
User-Agent: selenium/4.8.1 (java windows)
Cache-Control: no-cache
Content-Type: application/json; charset=utf-8
host: localhost:2822
accept: */*

Response DefaultHttpResponse(decodeResult: success, version: HTTP/1.1)
HTTP/1.1 200 OK
Content-Length: 54
Content-Type: application/json; charset=utf-8
cache-control: no-cache

10:12:21.972 [AsyncHttpClient-1-14] DEBUG org.asynchttpclient.netty.channel.ChannelManager - Adding key: http://localhost:2822 for channel [id: 0x13ebe45b, L:/127.0.0.1:51537 - R:localhost/127.0.0.1:2822]
10:12:21.973 [main] DEBUG net.thucydides.core.steps.StepInterceptor - STARTING STEP: LoginSteps.alertContent - incorrectAlert
10:12:21.976 [Forwarding findElement on session 316c9fb94dd3bed54d95aeba82f447c0 to remote] DEBUG org.asynchttpclient.netty.request.NettyRequestSender - Using pooled Channel '[id: 0x13ebe45b, L:/127.0.0.1:51537 - R:localhost/127.0.0.1:2822]' for 'POST' to 'http://localhost:2822/session/316c9fb94dd3bed54d95aeba82f447c0/element'
10:12:21.976 [Forwarding findElement on session 316c9fb94dd3bed54d95aeba82f447c0 to remote] DEBUG org.asynchttpclient.netty.request.NettyRequestSender - Using open Channel [id: 0x13ebe45b, L:/127.0.0.1:51537 - R:localhost/127.0.0.1:2822] for POST '/session/316c9fb94dd3bed54d95aeba82f447c0/element'
10:12:21.986 [AsyncHttpClient-1-14] DEBUG org.asynchttpclient.netty.handler.HttpHandler - 

Request DefaultHttpRequest(decodeResult: success, version: HTTP/1.1)
POST /session/316c9fb94dd3bed54d95aeba82f447c0/element HTTP/1.1
User-Agent: selenium/4.8.1 (java windows)
Content-Length: 54
Content-Type: application/json; charset=utf-8
host: localhost:2822
accept: */*

Response DefaultHttpResponse(decodeResult: success, version: HTTP/1.1)
HTTP/1.1 200 OK
Content-Length: 88
Content-Type: application/json; charset=utf-8
cache-control: no-cache

10:12:21.986 [AsyncHttpClient-1-14] DEBUG org.asynchttpclient.netty.channel.ChannelManager - Adding key: http://localhost:2822 for channel [id: 0x13ebe45b, L:/127.0.0.1:51537 - R:localhost/127.0.0.1:2822]
10:12:21.989 [Forwarding isElementDisplayed on session 316c9fb94dd3bed54d95aeba82f447c0 to remote] DEBUG org.asynchttpclient.netty.request.NettyRequestSender - Using pooled Channel '[id: 0x13ebe45b, L:/127.0.0.1:51537 - R:localhost/127.0.0.1:2822]' for 'POST' to 'http://localhost:2822/session/316c9fb94dd3bed54d95aeba82f447c0/execute/sync'
10:12:21.989 [Forwarding isElementDisplayed on session 316c9fb94dd3bed54d95aeba82f447c0 to remote] DEBUG org.asynchttpclient.netty.request.NettyRequestSender - Using open Channel [id: 0x13ebe45b, L:/127.0.0.1:51537 - R:localhost/127.0.0.1:2822] for POST '/session/316c9fb94dd3bed54d95aeba82f447c0/execute/sync'
10:12:22.002 [AsyncHttpClient-1-14] DEBUG org.asynchttpclient.netty.handler.HttpHandler - 

Request DefaultHttpRequest(decodeResult: success, version: HTTP/1.1)
POST /session/316c9fb94dd3bed54d95aeba82f447c0/execute/sync HTTP/1.1
User-Agent: selenium/4.8.1 (java windows)
Content-Length: 48807
Content-Type: application/json; charset=utf-8
host: localhost:2822
accept: */*

Response DefaultHttpResponse(decodeResult: success, version: HTTP/1.1)
HTTP/1.1 200 OK
Content-Length: 14
Content-Type: application/json; charset=utf-8
cache-control: no-cache

10:12:22.002 [AsyncHttpClient-1-14] DEBUG org.asynchttpclient.netty.channel.ChannelManager - Adding key: http://localhost:2822 for channel [id: 0x13ebe45b, L:/127.0.0.1:51537 - R:localhost/127.0.0.1:2822]
10:12:22.005 [Forwarding getAlertText on session 316c9fb94dd3bed54d95aeba82f447c0 to remote] DEBUG org.asynchttpclient.netty.request.NettyRequestSender - Using pooled Channel '[id: 0x13ebe45b, L:/127.0.0.1:51537 - R:localhost/127.0.0.1:2822]' for 'GET' to 'http://localhost:2822/session/316c9fb94dd3bed54d95aeba82f447c0/alert/text'
10:12:22.005 [Forwarding getAlertText on session 316c9fb94dd3bed54d95aeba82f447c0 to remote] DEBUG org.asynchttpclient.netty.request.NettyRequestSender - Using open Channel [id: 0x13ebe45b, L:/127.0.0.1:51537 - R:localhost/127.0.0.1:2822] for GET '/session/316c9fb94dd3bed54d95aeba82f447c0/alert/text'
10:12:22.006 [AsyncHttpClient-1-14] DEBUG org.asynchttpclient.netty.handler.HttpHandler - 

Request DefaultFullHttpRequest(decodeResult: success, version: HTTP/1.1, content: EmptyByteBufBE)
GET /session/316c9fb94dd3bed54d95aeba82f447c0/alert/text HTTP/1.1
User-Agent: selenium/4.8.1 (java windows)
Cache-Control: no-cache
Content-Type: application/json; charset=utf-8
host: localhost:2822
accept: */*

Response DefaultHttpResponse(decodeResult: success, version: HTTP/1.1)
HTTP/1.1 404 Not Found
Content-Length: 836
Content-Type: application/json; charset=utf-8
cache-control: no-cache

10:12:22.006 [AsyncHttpClient-1-14] DEBUG org.asynchttpclient.netty.channel.ChannelManager - Adding key: http://localhost:2822 for channel [id: 0x13ebe45b, L:/127.0.0.1:51537 - R:localhost/127.0.0.1:2822]
10:12:22.007 [Forwarding getCurrentUrl on session 316c9fb94dd3bed54d95aeba82f447c0 to remote] DEBUG org.asynchttpclient.netty.request.NettyRequestSender - Using pooled Channel '[id: 0x13ebe45b, L:/127.0.0.1:51537 - R:localhost/127.0.0.1:2822]' for 'GET' to 'http://localhost:2822/session/316c9fb94dd3bed54d95aeba82f447c0/url'
10:12:22.007 [Forwarding getCurrentUrl on session 316c9fb94dd3bed54d95aeba82f447c0 to remote] DEBUG org.asynchttpclient.netty.request.NettyRequestSender - Using open Channel [id: 0x13ebe45b, L:/127.0.0.1:51537 - R:localhost/127.0.0.1:2822] for GET '/session/316c9fb94dd3bed54d95aeba82f447c0/url'
10:12:22.011 [AsyncHttpClient-1-14] DEBUG org.asynchttpclient.netty.handler.HttpHandler - 

Request DefaultFullHttpRequest(decodeResult: success, version: HTTP/1.1, content: EmptyByteBufBE)
GET /session/316c9fb94dd3bed54d95aeba82f447c0/url HTTP/1.1
User-Agent: selenium/4.8.1 (java windows)
Cache-Control: no-cache
Content-Type: application/json; charset=utf-8
host: localhost:2822
accept: */*

Response DefaultHttpResponse(decodeResult: success, version: HTTP/1.1)
HTTP/1.1 200 OK
Content-Length: 54
Content-Type: application/json; charset=utf-8
cache-control: no-cache

10:12:22.011 [AsyncHttpClient-1-14] DEBUG org.asynchttpclient.netty.channel.ChannelManager - Adding key: http://localhost:2822 for channel [id: 0x13ebe45b, L:/127.0.0.1:51537 - R:localhost/127.0.0.1:2822]
10:12:22.011 [Forwarding screenshot on session 316c9fb94dd3bed54d95aeba82f447c0 to remote] DEBUG org.asynchttpclient.netty.request.NettyRequestSender - Using pooled Channel '[id: 0x13ebe45b, L:/127.0.0.1:51537 - R:localhost/127.0.0.1:2822]' for 'GET' to 'http://localhost:2822/session/316c9fb94dd3bed54d95aeba82f447c0/screenshot'
10:12:22.012 [Forwarding screenshot on session 316c9fb94dd3bed54d95aeba82f447c0 to remote] DEBUG org.asynchttpclient.netty.request.NettyRequestSender - Using open Channel [id: 0x13ebe45b, L:/127.0.0.1:51537 - R:localhost/127.0.0.1:2822] for GET '/session/316c9fb94dd3bed54d95aeba82f447c0/screenshot'
10:12:22.128 [AsyncHttpClient-1-14] DEBUG org.asynchttpclient.netty.handler.HttpHandler - 

Request DefaultFullHttpRequest(decodeResult: success, version: HTTP/1.1, content: EmptyByteBufBE)
GET /session/316c9fb94dd3bed54d95aeba82f447c0/screenshot HTTP/1.1
User-Agent: selenium/4.8.1 (java windows)
Cache-Control: no-cache
Content-Type: application/json; charset=utf-8
host: localhost:2822
accept: */*

Response DefaultHttpResponse(decodeResult: success, version: HTTP/1.1)
HTTP/1.1 200 OK
Content-Length: 46148
Content-Type: application/json; charset=utf-8
cache-control: no-cache

10:12:22.128 [AsyncHttpClient-1-14] DEBUG org.asynchttpclient.netty.channel.ChannelManager - Adding key: http://localhost:2822 for channel [id: 0x13ebe45b, L:/127.0.0.1:51537 - R:localhost/127.0.0.1:2822]
10:12:22.129 [main] DEBUG net.serenitybdd.core.photography.Darkroom - Send negative for processing for target\site\serenity\8f45d61116d39934245c8d5f62c4bd12c38c93e980e89b822a181e1e56bee325.png
10:12:22.129 [main] DEBUG net.thucydides.core.steps.StepInterceptor - STEP DONE: incorrectAlert
  &amp#27;[32mThen &amp#27;[0m&amp#27;[32mI should see the error message&amp#27;[0m       &amp#27;[90m# starter.stepdefinitions.LoginSteps.alertContent()&amp#27;[0m
10:12:22.130 [Darkroom Processing Line] DEBUG net.serenitybdd.core.photography.DarkroomProcessingLine - Processing screenshot image in /var/screenshots/screenshot-7778414749767827298
10:12:22.130 [Darkroom Processing Line] DEBUG net.serenitybdd.core.photography.DarkroomProcessingLine - Saving screenshot to target\site\serenity\8f45d61116d39934245c8d5f62c4bd12c38c93e980e89b822a181e1e56bee325.png
10:12:22.133 [main] INFO  - 
  _____   ___   ___   _____     ___     _     ___   ___   ___   ___  
 |_   _| | __| / __| |_   _|   | _ \   /_\   / __| / __| | __| |   \ 
   | |   | _|  \__ \   | |     |  _/  / _ \  \__ \ \__ \ | _|  | |) |
   |_|   |___| |___/   |_|     |_|   /_/ \_\ |___/ |___/ |___| |___/ 

Register with existed email
----------------------------------------------------------------------
10:12:22.135 [AsyncHttpClient-1-16] DEBUG org.asynchttpclient.netty.handler.WebSocketHandler - Channel Closed: [id: 0x34655c8e, L:/127.0.0.1:51548 ! R:localhost/127.0.0.1:51539] with attribute NettyResponseFuture{currentRetry=0,
	isDone=1,
	isCancelled=0,
	asyncHandler=org.asynchttpclient.ws.WebSocketUpgradeHandler@4a3929c7,
	nettyRequest=org.asynchttpclient.netty.request.NettyRequest@f3bbee4,
	future=java.util.concurrent.CompletableFuture@45a5814e[Completed normally],
	uri=ws://localhost:51539/devtools/browser/ed5644bd-6a14-4355-8162-fe25f0f6f27e,
	keepAlive=true,
	redirectCount=0,
	timeoutsHolder=null,
	inAuth=0,
	touch=1683429139693}
10:12:22.135 [AsyncHttpClient-1-16] DEBUG org.asynchttpclient.netty.channel.ChannelManager - Closing Channel [id: 0x34655c8e, L:/127.0.0.1:51548 ! R:localhost/127.0.0.1:51539] 
10:12:22.135 [Driver Command Executor] DEBUG org.asynchttpclient.netty.request.NettyRequestSender - Using pooled Channel '[id: 0x13ebe45b, L:/127.0.0.1:51537 - R:localhost/127.0.0.1:2822]' for 'DELETE' to 'http://localhost:2822/session/316c9fb94dd3bed54d95aeba82f447c0'
10:12:22.135 [Driver Command Executor] DEBUG org.asynchttpclient.netty.request.NettyRequestSender - Using open Channel [id: 0x13ebe45b, L:/127.0.0.1:51537 - R:localhost/127.0.0.1:2822] for DELETE '/session/316c9fb94dd3bed54d95aeba82f447c0'
10:12:22.248 [AsyncHttpClient-1-15] DEBUG org.asynchttpclient.netty.handler.HttpHandler - Unexpected I/O exception on channel [id: 0x1ee20ced, L:/127.0.0.1:51547 - R:localhost/127.0.0.1:51539]
java.io.IOException: An existing connection was forcibly closed by the remote host
	at java.base/sun.nio.ch.SocketDispatcher.read0(Native Method)
	at java.base/sun.nio.ch.SocketDispatcher.read(SocketDispatcher.java:43)
	at java.base/sun.nio.ch.IOUtil.readIntoNativeBuffer(IOUtil.java:276)
	at java.base/sun.nio.ch.IOUtil.read(IOUtil.java:233)
	at java.base/sun.nio.ch.IOUtil.read(IOUtil.java:223)
	at java.base/sun.nio.ch.SocketChannelImpl.read(SocketChannelImpl.java:358)
	at io.netty.buffer.PooledByteBuf.setBytes(PooledByteBuf.java:259)
	at io.netty.buffer.AbstractByteBuf.writeBytes(AbstractByteBuf.java:1132)
	at io.netty.channel.socket.nio.NioSocketChannel.doReadBytes(NioSocketChannel.java:357)
	at io.netty.channel.nio.AbstractNioByteChannel$NioByteUnsafe.read(AbstractNioByteChannel.java:151)
	at io.netty.channel.nio.NioEventLoop.processSelectedKey(NioEventLoop.java:788)
	at io.netty.channel.nio.NioEventLoop.processSelectedKeysOptimized(NioEventLoop.java:724)
	at io.netty.channel.nio.NioEventLoop.processSelectedKeys(NioEventLoop.java:650)
	at io.netty.channel.nio.NioEventLoop.run(NioEventLoop.java:562)
	at io.netty.util.concurrent.SingleThreadEventExecutor$4.run(SingleThreadEventExecutor.java:997)
	at io.netty.util.internal.ThreadExecutorMap$2.run(ThreadExecutorMap.java:74)
	at io.netty.util.concurrent.FastThreadLocalRunnable.run(FastThreadLocalRunnable.java:30)
	at java.base/java.lang.Thread.run(Thread.java:834)
10:12:22.248 [AsyncHttpClient-1-15] DEBUG org.asynchttpclient.netty.channel.ChannelManager - Closing Channel [id: 0x1ee20ced, L:/127.0.0.1:51547 - R:localhost/127.0.0.1:51539] 
10:12:22.248 [AsyncHttpClient-1-15] DEBUG org.asynchttpclient.netty.handler.HttpHandler - Channel Closed: [id: 0x1ee20ced, L:/127.0.0.1:51547 ! R:localhost/127.0.0.1:51539] with attribute DISCARD
10:12:22.255 [AsyncHttpClient-1-14] DEBUG org.asynchttpclient.netty.handler.HttpHandler - 

Request DefaultFullHttpRequest(decodeResult: success, version: HTTP/1.1, content: EmptyByteBufBE)
DELETE /session/316c9fb94dd3bed54d95aeba82f447c0 HTTP/1.1
User-Agent: selenium/4.8.1 (java windows)
Content-Type: application/json; charset=utf-8
host: localhost:2822
accept: */*

Response DefaultHttpResponse(decodeResult: success, version: HTTP/1.1)
HTTP/1.1 200 OK
Content-Length: 14
Content-Type: application/json; charset=utf-8
cache-control: no-cache

10:12:22.255 [AsyncHttpClient-1-14] DEBUG org.asynchttpclient.netty.channel.ChannelManager - Adding key: http://localhost:2822 for channel [id: 0x13ebe45b, L:/127.0.0.1:51537 - R:localhost/127.0.0.1:2822]
10:12:22.279 [AsyncHttpClient-1-14] DEBUG org.asynchttpclient.netty.handler.HttpHandler - Channel Closed: [id: 0x13ebe45b, L:/127.0.0.1:51537 ! R:localhost/127.0.0.1:2822] with attribute DISCARD
10:12:22.697 [AsyncHttpClient-1-1] DEBUG org.asynchttpclient.netty.channel.DefaultChannelPool - Entry count for : http://localhost:2822 : 1
10:12:22.697 [AsyncHttpClient-1-1] DEBUG org.asynchttpclient.netty.channel.DefaultChannelPool - Entry count for : http://localhost:51539 : 1
10:12:22.697 [AsyncHttpClient-1-1] DEBUG org.asynchttpclient.netty.channel.DefaultChannelPool - Adding Candidate expired Channel [id: 0x13ebe45b, L:/127.0.0.1:51537 ! R:localhost/127.0.0.1:2822] isIdleTimeoutExpired=false isRemotelyClosed=true isTtlExpired=false
10:12:22.697 [AsyncHttpClient-1-1] DEBUG org.asynchttpclient.netty.channel.DefaultChannelPool - Closing Idle Channel [id: 0x13ebe45b, L:/127.0.0.1:51537 ! R:localhost/127.0.0.1:2822]
10:12:22.697 [AsyncHttpClient-1-1] DEBUG org.asynchttpclient.netty.channel.DefaultChannelPool - Adding Candidate expired Channel [id: 0x1ee20ced, L:/127.0.0.1:51547 ! R:localhost/127.0.0.1:51539] isIdleTimeoutExpired=false isRemotelyClosed=true isTtlExpired=false
10:12:22.697 [AsyncHttpClient-1-1] DEBUG org.asynchttpclient.netty.channel.DefaultChannelPool - Closing Idle Channel [id: 0x1ee20ced, L:/127.0.0.1:51547 ! R:localhost/127.0.0.1:51539]
10:12:22.697 [AsyncHttpClient-1-1] DEBUG org.asynchttpclient.netty.channel.DefaultChannelPool - Closed 2 connections out of 2 in 0 ms
]]></system-out>
    <system-err><![CDATA[Starting ChromeDriver 111.0.5563.64 (c710e93d5b63b7095afe8c2c17df34408078439d-refs/branch-heads/5563@{#995}) on port 2822
Only local connections are allowed.
Please see https://chromedriver.chromium.org/security-considerations for suggestions on keeping ChromeDriver safe.
ChromeDriver was started successfully.
May 07, 2023 10:12:19 AM org.openqa.selenium.devtools.CdpVersionFinder findNearestMatch
WARNING: Unable to find an exact match for CDP version 111, so returning the closest version found: 110
]]></system-err>
  </testcase>
  <testcase name="Login with correct credentials" classname="Login to Alta-shop Account" time="4.395">
    <system-out><![CDATA[10:12:22.806 [main] DEBUG io.cucumber.core.plugin.SerenityReporter - Running feature from file:///D:/WebMinpro/code/minpro/src/test/resources/features/2.%20Login.feature
10:12:22.807 [main] DEBUG net.thucydides.core.steps.StepEventBus - Test suite started for story net.thucydides.core.model.Story@dffa83ad
10:12:22.808 [main] INFO  - Test Suite Started: Login to Alta-shop Account

Scenario: Login with correct credentials                &amp#27;[90m# src/test/resources/features/2. Login.feature:7&amp#27;[0m
10:12:22.811 [main] DEBUG io.cucumber.core.plugin.SerenityReporter - Running feature from file:///D:/WebMinpro/code/minpro/src/test/resources/features/2.%20Login.feature
10:12:22.812 [main] INFO  - 
  _____   ___   ___   _____     ___   _____     _     ___   _____   ___   ___  
 |_   _| | __| / __| |_   _|   / __| |_   _|   /_\   | _ \ |_   _| | __| |   \ 
   | |   | _|  \__ \   | |     \__ \   | |    / _ \  |   /   | |   | _|  | |) |
   |_|   |___| |___/   |_|     |___/   |_|   /_/ \_\ |_|_\   |_|   |___| |___/ 

Login with correct credentials(login-to-alta-shop-account;login-with-correct-credentials)
--------------------------------------------------------------------------------
10:12:22.825 [main] DEBUG net.thucydides.core.steps.StepInterceptor - STARTING STEP: LoginSteps.onTheLoginPage - openPage
10:12:23.007 [main] INFO net.serenitybdd.core.webdriver.driverproviders.ChromeDriverProvider - Starting Chrome driver instance with capabilities:
10:12:23.007 [main] INFO net.serenitybdd.core.webdriver.driverproviders.ChromeDriverProvider - Capabilities {acceptInsecureCerts: false, browserName: chrome, goog:chromeOptions: {args: [remote-allow-origins=*], extensions: []}}
10:12:23.090 [AsyncHttpClient-1-17] DEBUG org.asynchttpclient.netty.channel.NettyConnectListener - Using new Channel '[id: 0xd5afaeef, L:/127.0.0.1:51570 - R:localhost/127.0.0.1:17347]' for 'POST' to '/session'
10:12:23.810 [AsyncHttpClient-1-17] DEBUG org.asynchttpclient.netty.handler.HttpHandler - 

Request DefaultHttpRequest(decodeResult: success, version: HTTP/1.1)
POST /session HTTP/1.1
User-Agent: selenium/4.8.1 (java windows)
Content-Length: 507
Content-Type: application/json; charset=utf-8
host: localhost:17347
accept: */*

Response DefaultHttpResponse(decodeResult: success, version: HTTP/1.1)
HTTP/1.1 200 OK
Content-Length: 859
Content-Type: application/json; charset=utf-8
cache-control: no-cache

10:12:23.810 [AsyncHttpClient-1-17] DEBUG org.asynchttpclient.netty.channel.ChannelManager - Adding key: http://localhost:17347 for channel [id: 0xd5afaeef, L:/127.0.0.1:51570 - R:localhost/127.0.0.1:17347]
10:12:23.816 [AsyncHttpClient-1-18] DEBUG org.asynchttpclient.netty.channel.NettyConnectListener - Using new Channel '[id: 0x38de62f7, L:/127.0.0.1:51577 - R:localhost/127.0.0.1:51571]' for 'GET' to '/json/version'
10:12:23.817 [AsyncHttpClient-1-18] DEBUG org.asynchttpclient.netty.handler.HttpHandler - 

Request DefaultFullHttpRequest(decodeResult: success, version: HTTP/1.1, content: EmptyByteBufBE)
GET /json/version HTTP/1.1
User-Agent: selenium/4.8.1 (java windows)
host: localhost:51571
accept: */*

Response DefaultHttpResponse(decodeResult: success, version: HTTP/1.1)
HTTP/1.1 200 OK
Content-Security-Policy: frame-ancestors 'none'
Content-Length: 424
Content-Type: application/json; charset=UTF-8

10:12:23.818 [AsyncHttpClient-1-18] DEBUG org.asynchttpclient.netty.channel.ChannelManager - Adding key: http://localhost:51571 for channel [id: 0x38de62f7, L:/127.0.0.1:51577 - R:localhost/127.0.0.1:51571]
10:12:23.820 [AsyncHttpClient-1-19] DEBUG org.asynchttpclient.netty.channel.NettyConnectListener - Using new Channel '[id: 0x5bf588aa, L:/127.0.0.1:51578 - R:localhost/127.0.0.1:51571]' for 'GET' to '/devtools/browser/f4a2df8f-9b56-47bd-b2e5-e14c8c59d980'
10:12:23.822 [AsyncHttpClient-1-19] DEBUG org.asynchttpclient.netty.handler.WebSocketHandler - 

Request DefaultFullHttpRequest(decodeResult: success, version: HTTP/1.1, content: EmptyByteBufBE)
GET /devtools/browser/f4a2df8f-9b56-47bd-b2e5-e14c8c59d980 HTTP/1.1
upgrade: websocket
connection: upgrade
sec-websocket-key: hcs9xqX/c+nHWEAchG3Udw==
sec-websocket-version: 13
origin: http://localhost:51571
host: localhost:51571
accept: */*
user-agent: AHC/2.1

Response DefaultHttpResponse(decodeResult: success, version: HTTP/1.1)
HTTP/1.1 101 WebSocket Protocol Handshake
Upgrade: WebSocket
Connection: Upgrade
Sec-WebSocket-Accept: mLpYX9jpoaODmemta8UPjLo8/kU=

10:12:23.824 [Forwarding get on session a41b7c3cbed30c4654abba4ded73beab to remote] DEBUG org.asynchttpclient.netty.request.NettyRequestSender - Using pooled Channel '[id: 0xd5afaeef, L:/127.0.0.1:51570 - R:localhost/127.0.0.1:17347]' for 'POST' to 'http://localhost:17347/session/a41b7c3cbed30c4654abba4ded73beab/url'
10:12:23.824 [Forwarding get on session a41b7c3cbed30c4654abba4ded73beab to remote] DEBUG org.asynchttpclient.netty.request.NettyRequestSender - Using open Channel [id: 0xd5afaeef, L:/127.0.0.1:51570 - R:localhost/127.0.0.1:17347] for POST '/session/a41b7c3cbed30c4654abba4ded73beab/url'
10:12:24.835 [AsyncHttpClient-1-17] DEBUG org.asynchttpclient.netty.handler.HttpHandler - 

Request DefaultHttpRequest(decodeResult: success, version: HTTP/1.1)
POST /session/a41b7c3cbed30c4654abba4ded73beab/url HTTP/1.1
User-Agent: selenium/4.8.1 (java windows)
Content-Length: 74
Content-Type: application/json; charset=utf-8
host: localhost:17347
accept: */*

Response DefaultHttpResponse(decodeResult: success, version: HTTP/1.1)
HTTP/1.1 200 OK
Content-Length: 14
Content-Type: application/json; charset=utf-8
cache-control: no-cache

10:12:24.835 [AsyncHttpClient-1-17] DEBUG org.asynchttpclient.netty.channel.ChannelManager - Adding key: http://localhost:17347 for channel [id: 0xd5afaeef, L:/127.0.0.1:51570 - R:localhost/127.0.0.1:17347]
10:12:24.836 [Forwarding setTimeout on session a41b7c3cbed30c4654abba4ded73beab to remote] DEBUG org.asynchttpclient.netty.request.NettyRequestSender - Using pooled Channel '[id: 0xd5afaeef, L:/127.0.0.1:51570 - R:localhost/127.0.0.1:17347]' for 'POST' to 'http://localhost:17347/session/a41b7c3cbed30c4654abba4ded73beab/timeouts'
10:12:24.836 [Forwarding setTimeout on session a41b7c3cbed30c4654abba4ded73beab to remote] DEBUG org.asynchttpclient.netty.request.NettyRequestSender - Using open Channel [id: 0xd5afaeef, L:/127.0.0.1:51570 - R:localhost/127.0.0.1:17347] for POST '/session/a41b7c3cbed30c4654abba4ded73beab/timeouts'
10:12:24.836 [AsyncHttpClient-1-17] DEBUG org.asynchttpclient.netty.handler.HttpHandler - 

Request DefaultHttpRequest(decodeResult: success, version: HTTP/1.1)
POST /session/a41b7c3cbed30c4654abba4ded73beab/timeouts HTTP/1.1
User-Agent: selenium/4.8.1 (java windows)
Content-Length: 22
Content-Type: application/json; charset=utf-8
host: localhost:17347
accept: */*

Response DefaultHttpResponse(decodeResult: success, version: HTTP/1.1)
HTTP/1.1 200 OK
Content-Length: 14
Content-Type: application/json; charset=utf-8
cache-control: no-cache

10:12:24.837 [AsyncHttpClient-1-17] DEBUG org.asynchttpclient.netty.channel.ChannelManager - Adding key: http://localhost:17347 for channel [id: 0xd5afaeef, L:/127.0.0.1:51570 - R:localhost/127.0.0.1:17347]
10:12:24.841 [main] DEBUG net.serenitybdd.core.photography.Darkroom - Opening darkroom
10:12:24.841 [Darkroom Processing Line] DEBUG net.serenitybdd.core.photography.DarkroomProcessingLine - Darkroom processing line starting up
10:12:24.842 [Forwarding getAlertText on session a41b7c3cbed30c4654abba4ded73beab to remote] DEBUG org.asynchttpclient.netty.request.NettyRequestSender - Using pooled Channel '[id: 0xd5afaeef, L:/127.0.0.1:51570 - R:localhost/127.0.0.1:17347]' for 'GET' to 'http://localhost:17347/session/a41b7c3cbed30c4654abba4ded73beab/alert/text'
10:12:24.842 [Forwarding getAlertText on session a41b7c3cbed30c4654abba4ded73beab to remote] DEBUG org.asynchttpclient.netty.request.NettyRequestSender - Using open Channel [id: 0xd5afaeef, L:/127.0.0.1:51570 - R:localhost/127.0.0.1:17347] for GET '/session/a41b7c3cbed30c4654abba4ded73beab/alert/text'
10:12:24.844 [AsyncHttpClient-1-17] DEBUG org.asynchttpclient.netty.handler.HttpHandler - 

Request DefaultFullHttpRequest(decodeResult: success, version: HTTP/1.1, content: EmptyByteBufBE)
GET /session/a41b7c3cbed30c4654abba4ded73beab/alert/text HTTP/1.1
User-Agent: selenium/4.8.1 (java windows)
Cache-Control: no-cache
Content-Type: application/json; charset=utf-8
host: localhost:17347
accept: */*

Response DefaultHttpResponse(decodeResult: success, version: HTTP/1.1)
HTTP/1.1 404 Not Found
Content-Length: 836
Content-Type: application/json; charset=utf-8
cache-control: no-cache

10:12:24.844 [AsyncHttpClient-1-17] DEBUG org.asynchttpclient.netty.channel.ChannelManager - Adding key: http://localhost:17347 for channel [id: 0xd5afaeef, L:/127.0.0.1:51570 - R:localhost/127.0.0.1:17347]
10:12:24.845 [Forwarding getCurrentUrl on session a41b7c3cbed30c4654abba4ded73beab to remote] DEBUG org.asynchttpclient.netty.request.NettyRequestSender - Using pooled Channel '[id: 0xd5afaeef, L:/127.0.0.1:51570 - R:localhost/127.0.0.1:17347]' for 'GET' to 'http://localhost:17347/session/a41b7c3cbed30c4654abba4ded73beab/url'
10:12:24.845 [Forwarding getCurrentUrl on session a41b7c3cbed30c4654abba4ded73beab to remote] DEBUG org.asynchttpclient.netty.request.NettyRequestSender - Using open Channel [id: 0xd5afaeef, L:/127.0.0.1:51570 - R:localhost/127.0.0.1:17347] for GET '/session/a41b7c3cbed30c4654abba4ded73beab/url'
10:12:24.848 [AsyncHttpClient-1-17] DEBUG org.asynchttpclient.netty.handler.HttpHandler - 

Request DefaultFullHttpRequest(decodeResult: success, version: HTTP/1.1, content: EmptyByteBufBE)
GET /session/a41b7c3cbed30c4654abba4ded73beab/url HTTP/1.1
User-Agent: selenium/4.8.1 (java windows)
Cache-Control: no-cache
Content-Type: application/json; charset=utf-8
host: localhost:17347
accept: */*

Response DefaultHttpResponse(decodeResult: success, version: HTTP/1.1)
HTTP/1.1 200 OK
Content-Length: 51
Content-Type: application/json; charset=utf-8
cache-control: no-cache

10:12:24.848 [AsyncHttpClient-1-17] DEBUG org.asynchttpclient.netty.channel.ChannelManager - Adding key: http://localhost:17347 for channel [id: 0xd5afaeef, L:/127.0.0.1:51570 - R:localhost/127.0.0.1:17347]
10:12:24.848 [Forwarding screenshot on session a41b7c3cbed30c4654abba4ded73beab to remote] DEBUG org.asynchttpclient.netty.request.NettyRequestSender - Using pooled Channel '[id: 0xd5afaeef, L:/127.0.0.1:51570 - R:localhost/127.0.0.1:17347]' for 'GET' to 'http://localhost:17347/session/a41b7c3cbed30c4654abba4ded73beab/screenshot'
10:12:24.848 [Forwarding screenshot on session a41b7c3cbed30c4654abba4ded73beab to remote] DEBUG org.asynchttpclient.netty.request.NettyRequestSender - Using open Channel [id: 0xd5afaeef, L:/127.0.0.1:51570 - R:localhost/127.0.0.1:17347] for GET '/session/a41b7c3cbed30c4654abba4ded73beab/screenshot'
10:12:24.893 [AsyncHttpClient-1-1] DEBUG org.asynchttpclient.netty.channel.DefaultChannelPool - Entry count for : http://localhost:51571 : 1
10:12:24.933 [AsyncHttpClient-1-17] DEBUG org.asynchttpclient.netty.handler.HttpHandler - 

Request DefaultFullHttpRequest(decodeResult: success, version: HTTP/1.1, content: EmptyByteBufBE)
GET /session/a41b7c3cbed30c4654abba4ded73beab/screenshot HTTP/1.1
User-Agent: selenium/4.8.1 (java windows)
Cache-Control: no-cache
Content-Type: application/json; charset=utf-8
host: localhost:17347
accept: */*

Response DefaultHttpResponse(decodeResult: success, version: HTTP/1.1)
HTTP/1.1 200 OK
Content-Length: 32748
Content-Type: application/json; charset=utf-8
cache-control: no-cache

10:12:24.933 [AsyncHttpClient-1-17] DEBUG org.asynchttpclient.netty.channel.ChannelManager - Adding key: http://localhost:17347 for channel [id: 0xd5afaeef, L:/127.0.0.1:51570 - R:localhost/127.0.0.1:17347]
10:12:24.934 [main] DEBUG net.serenitybdd.core.photography.Darkroom - Send negative for processing for target\site\serenity\838a118defe8b2c78f320792ccc0dfcdbc689f4090a216cf0baf82906188e658.png
10:12:24.935 [main] DEBUG net.thucydides.core.steps.StepInterceptor - STEP DONE: openPage
  &amp#27;[32mGiven &amp#27;[0m&amp#27;[32mI am on the alta-shop login page&amp#27;[0m                &amp#27;[90m# starter.stepdefinitions.LoginSteps.onTheLoginPage()&amp#27;[0m
10:12:24.942 [Forwarding getPageSource on session a41b7c3cbed30c4654abba4ded73beab to remote] DEBUG org.asynchttpclient.netty.request.NettyRequestSender - Using pooled Channel '[id: 0xd5afaeef, L:/127.0.0.1:51570 - R:localhost/127.0.0.1:17347]' for 'POST' to 'http://localhost:17347/session/a41b7c3cbed30c4654abba4ded73beab/execute/sync'
10:12:24.942 [Forwarding getPageSource on session a41b7c3cbed30c4654abba4ded73beab to remote] DEBUG org.asynchttpclient.netty.request.NettyRequestSender - Using open Channel [id: 0xd5afaeef, L:/127.0.0.1:51570 - R:localhost/127.0.0.1:17347] for POST '/session/a41b7c3cbed30c4654abba4ded73beab/execute/sync'
10:12:24.947 [AsyncHttpClient-1-17] DEBUG org.asynchttpclient.netty.handler.HttpHandler - 

Request DefaultHttpRequest(decodeResult: success, version: HTTP/1.1)
POST /session/a41b7c3cbed30c4654abba4ded73beab/execute/sync HTTP/1.1
User-Agent: selenium/4.8.1 (java windows)
Content-Length: 176
Content-Type: application/json; charset=utf-8
host: localhost:17347
accept: */*

Response DefaultHttpResponse(decodeResult: success, version: HTTP/1.1)
HTTP/1.1 200 OK
Content-Length: 21659
Content-Type: application/json; charset=utf-8
cache-control: no-cache

10:12:24.947 [AsyncHttpClient-1-17] DEBUG org.asynchttpclient.netty.channel.ChannelManager - Adding key: http://localhost:17347 for channel [id: 0xd5afaeef, L:/127.0.0.1:51570 - R:localhost/127.0.0.1:17347]
10:12:24.947 [Forwarding getCurrentUrl on session a41b7c3cbed30c4654abba4ded73beab to remote] DEBUG org.asynchttpclient.netty.request.NettyRequestSender - Using pooled Channel '[id: 0xd5afaeef, L:/127.0.0.1:51570 - R:localhost/127.0.0.1:17347]' for 'GET' to 'http://localhost:17347/session/a41b7c3cbed30c4654abba4ded73beab/url'
10:12:24.947 [Forwarding getCurrentUrl on session a41b7c3cbed30c4654abba4ded73beab to remote] DEBUG org.asynchttpclient.netty.request.NettyRequestSender - Using open Channel [id: 0xd5afaeef, L:/127.0.0.1:51570 - R:localhost/127.0.0.1:17347] for GET '/session/a41b7c3cbed30c4654abba4ded73beab/url'
10:12:24.950 [AsyncHttpClient-1-17] DEBUG org.asynchttpclient.netty.handler.HttpHandler - 

Request DefaultFullHttpRequest(decodeResult: success, version: HTTP/1.1, content: EmptyByteBufBE)
GET /session/a41b7c3cbed30c4654abba4ded73beab/url HTTP/1.1
User-Agent: selenium/4.8.1 (java windows)
Cache-Control: no-cache
Content-Type: application/json; charset=utf-8
host: localhost:17347
accept: */*

Response DefaultHttpResponse(decodeResult: success, version: HTTP/1.1)
HTTP/1.1 200 OK
Content-Length: 51
Content-Type: application/json; charset=utf-8
cache-control: no-cache

10:12:24.950 [AsyncHttpClient-1-17] DEBUG org.asynchttpclient.netty.channel.ChannelManager - Adding key: http://localhost:17347 for channel [id: 0xd5afaeef, L:/127.0.0.1:51570 - R:localhost/127.0.0.1:17347]
10:12:24.955 [Forwarding getPageSource on session a41b7c3cbed30c4654abba4ded73beab to remote] DEBUG org.asynchttpclient.netty.request.NettyRequestSender - Using pooled Channel '[id: 0xd5afaeef, L:/127.0.0.1:51570 - R:localhost/127.0.0.1:17347]' for 'POST' to 'http://localhost:17347/session/a41b7c3cbed30c4654abba4ded73beab/execute/sync'
10:12:24.955 [Forwarding getPageSource on session a41b7c3cbed30c4654abba4ded73beab to remote] DEBUG org.asynchttpclient.netty.request.NettyRequestSender - Using open Channel [id: 0xd5afaeef, L:/127.0.0.1:51570 - R:localhost/127.0.0.1:17347] for POST '/session/a41b7c3cbed30c4654abba4ded73beab/execute/sync'
10:12:24.959 [AsyncHttpClient-1-17] DEBUG org.asynchttpclient.netty.handler.HttpHandler - 

Request DefaultHttpRequest(decodeResult: success, version: HTTP/1.1)
POST /session/a41b7c3cbed30c4654abba4ded73beab/execute/sync HTTP/1.1
User-Agent: selenium/4.8.1 (java windows)
Content-Length: 176
Content-Type: application/json; charset=utf-8
host: localhost:17347
accept: */*

Response DefaultHttpResponse(decodeResult: success, version: HTTP/1.1)
HTTP/1.1 200 OK
Content-Length: 21659
Content-Type: application/json; charset=utf-8
cache-control: no-cache

10:12:24.959 [AsyncHttpClient-1-17] DEBUG org.asynchttpclient.netty.channel.ChannelManager - Adding key: http://localhost:17347 for channel [id: 0xd5afaeef, L:/127.0.0.1:51570 - R:localhost/127.0.0.1:17347]
10:12:24.960 [Forwarding getCurrentUrl on session a41b7c3cbed30c4654abba4ded73beab to remote] DEBUG org.asynchttpclient.netty.request.NettyRequestSender - Using pooled Channel '[id: 0xd5afaeef, L:/127.0.0.1:51570 - R:localhost/127.0.0.1:17347]' for 'GET' to 'http://localhost:17347/session/a41b7c3cbed30c4654abba4ded73beab/url'
10:12:24.960 [Forwarding getCurrentUrl on session a41b7c3cbed30c4654abba4ded73beab to remote] DEBUG org.asynchttpclient.netty.request.NettyRequestSender - Using open Channel [id: 0xd5afaeef, L:/127.0.0.1:51570 - R:localhost/127.0.0.1:17347] for GET '/session/a41b7c3cbed30c4654abba4ded73beab/url'
10:12:24.963 [AsyncHttpClient-1-17] DEBUG org.asynchttpclient.netty.handler.HttpHandler - 

Request DefaultFullHttpRequest(decodeResult: success, version: HTTP/1.1, content: EmptyByteBufBE)
GET /session/a41b7c3cbed30c4654abba4ded73beab/url HTTP/1.1
User-Agent: selenium/4.8.1 (java windows)
Cache-Control: no-cache
Content-Type: application/json; charset=utf-8
host: localhost:17347
accept: */*

Response DefaultHttpResponse(decodeResult: success, version: HTTP/1.1)
HTTP/1.1 200 OK
Content-Length: 51
Content-Type: application/json; charset=utf-8
cache-control: no-cache

10:12:24.963 [AsyncHttpClient-1-17] DEBUG org.asynchttpclient.netty.channel.ChannelManager - Adding key: http://localhost:17347 for channel [id: 0xd5afaeef, L:/127.0.0.1:51570 - R:localhost/127.0.0.1:17347]
10:12:24.964 [main] DEBUG net.thucydides.core.steps.StepInterceptor - STARTING STEP: LoginSteps.inputEmail - inputEmail
10:12:24.965 [Forwarding findElement on session a41b7c3cbed30c4654abba4ded73beab to remote] DEBUG org.asynchttpclient.netty.request.NettyRequestSender - Using pooled Channel '[id: 0xd5afaeef, L:/127.0.0.1:51570 - R:localhost/127.0.0.1:17347]' for 'POST' to 'http://localhost:17347/session/a41b7c3cbed30c4654abba4ded73beab/element'
10:12:24.965 [Forwarding findElement on session a41b7c3cbed30c4654abba4ded73beab to remote] DEBUG org.asynchttpclient.netty.request.NettyRequestSender - Using open Channel [id: 0xd5afaeef, L:/127.0.0.1:51570 - R:localhost/127.0.0.1:17347] for POST '/session/a41b7c3cbed30c4654abba4ded73beab/element'
10:12:24.974 [AsyncHttpClient-1-17] DEBUG org.asynchttpclient.netty.handler.HttpHandler - 

Request DefaultHttpRequest(decodeResult: success, version: HTTP/1.1)
POST /session/a41b7c3cbed30c4654abba4ded73beab/element HTTP/1.1
User-Agent: selenium/4.8.1 (java windows)
Content-Length: 55
Content-Type: application/json; charset=utf-8
host: localhost:17347
accept: */*

Response DefaultHttpResponse(decodeResult: success, version: HTTP/1.1)
HTTP/1.1 200 OK
Content-Length: 88
Content-Type: application/json; charset=utf-8
cache-control: no-cache

10:12:24.974 [AsyncHttpClient-1-17] DEBUG org.asynchttpclient.netty.channel.ChannelManager - Adding key: http://localhost:17347 for channel [id: 0xd5afaeef, L:/127.0.0.1:51570 - R:localhost/127.0.0.1:17347]
10:12:24.974 [Forwarding clearElement on session a41b7c3cbed30c4654abba4ded73beab to remote] DEBUG org.asynchttpclient.netty.request.NettyRequestSender - Using pooled Channel '[id: 0xd5afaeef, L:/127.0.0.1:51570 - R:localhost/127.0.0.1:17347]' for 'POST' to 'http://localhost:17347/session/a41b7c3cbed30c4654abba4ded73beab/element/c2fb3f83-2bf5-416a-a722-af454b665a8f/clear'
10:12:24.974 [Forwarding clearElement on session a41b7c3cbed30c4654abba4ded73beab to remote] DEBUG org.asynchttpclient.netty.request.NettyRequestSender - Using open Channel [id: 0xd5afaeef, L:/127.0.0.1:51570 - R:localhost/127.0.0.1:17347] for POST '/session/a41b7c3cbed30c4654abba4ded73beab/element/c2fb3f83-2bf5-416a-a722-af454b665a8f/clear'
10:12:24.997 [AsyncHttpClient-1-17] DEBUG org.asynchttpclient.netty.handler.HttpHandler - 

Request DefaultHttpRequest(decodeResult: success, version: HTTP/1.1)
POST /session/a41b7c3cbed30c4654abba4ded73beab/element/c2fb3f83-2bf5-416a-a722-af454b665a8f/clear HTTP/1.1
User-Agent: selenium/4.8.1 (java windows)
Content-Length: 50
Content-Type: application/json; charset=utf-8
host: localhost:17347
accept: */*

Response DefaultHttpResponse(decodeResult: success, version: HTTP/1.1)
HTTP/1.1 200 OK
Content-Length: 14
Content-Type: application/json; charset=utf-8
cache-control: no-cache

10:12:24.998 [AsyncHttpClient-1-17] DEBUG org.asynchttpclient.netty.channel.ChannelManager - Adding key: http://localhost:17347 for channel [id: 0xd5afaeef, L:/127.0.0.1:51570 - R:localhost/127.0.0.1:17347]
10:12:24.999 [Forwarding sendKeysToElement on session a41b7c3cbed30c4654abba4ded73beab to remote] DEBUG org.asynchttpclient.netty.request.NettyRequestSender - Using pooled Channel '[id: 0xd5afaeef, L:/127.0.0.1:51570 - R:localhost/127.0.0.1:17347]' for 'POST' to 'http://localhost:17347/session/a41b7c3cbed30c4654abba4ded73beab/element/c2fb3f83-2bf5-416a-a722-af454b665a8f/value'
10:12:24.999 [Forwarding sendKeysToElement on session a41b7c3cbed30c4654abba4ded73beab to remote] DEBUG org.asynchttpclient.netty.request.NettyRequestSender - Using open Channel [id: 0xd5afaeef, L:/127.0.0.1:51570 - R:localhost/127.0.0.1:17347] for POST '/session/a41b7c3cbed30c4654abba4ded73beab/element/c2fb3f83-2bf5-416a-a722-af454b665a8f/value'
10:12:25.077 [AsyncHttpClient-1-17] DEBUG org.asynchttpclient.netty.handler.HttpHandler - 

Request DefaultHttpRequest(decodeResult: success, version: HTTP/1.1)
POST /session/a41b7c3cbed30c4654abba4ded73beab/element/c2fb3f83-2bf5-416a-a722-af454b665a8f/value HTTP/1.1
User-Agent: selenium/4.8.1 (java windows)
Content-Length: 221
Content-Type: application/json; charset=utf-8
host: localhost:17347
accept: */*

Response DefaultHttpResponse(decodeResult: success, version: HTTP/1.1)
HTTP/1.1 200 OK
Content-Length: 14
Content-Type: application/json; charset=utf-8
cache-control: no-cache

10:12:25.077 [AsyncHttpClient-1-17] DEBUG org.asynchttpclient.netty.channel.ChannelManager - Adding key: http://localhost:17347 for channel [id: 0xd5afaeef, L:/127.0.0.1:51570 - R:localhost/127.0.0.1:17347]
10:12:25.081 [Forwarding getAlertText on session a41b7c3cbed30c4654abba4ded73beab to remote] DEBUG org.asynchttpclient.netty.request.NettyRequestSender - Using pooled Channel '[id: 0xd5afaeef, L:/127.0.0.1:51570 - R:localhost/127.0.0.1:17347]' for 'GET' to 'http://localhost:17347/session/a41b7c3cbed30c4654abba4ded73beab/alert/text'
10:12:25.081 [Forwarding getAlertText on session a41b7c3cbed30c4654abba4ded73beab to remote] DEBUG org.asynchttpclient.netty.request.NettyRequestSender - Using open Channel [id: 0xd5afaeef, L:/127.0.0.1:51570 - R:localhost/127.0.0.1:17347] for GET '/session/a41b7c3cbed30c4654abba4ded73beab/alert/text'
10:12:25.082 [AsyncHttpClient-1-17] DEBUG org.asynchttpclient.netty.handler.HttpHandler - 

Request DefaultFullHttpRequest(decodeResult: success, version: HTTP/1.1, content: EmptyByteBufBE)
GET /session/a41b7c3cbed30c4654abba4ded73beab/alert/text HTTP/1.1
User-Agent: selenium/4.8.1 (java windows)
Cache-Control: no-cache
Content-Type: application/json; charset=utf-8
host: localhost:17347
accept: */*

Response DefaultHttpResponse(decodeResult: success, version: HTTP/1.1)
HTTP/1.1 404 Not Found
Content-Length: 836
Content-Type: application/json; charset=utf-8
cache-control: no-cache

10:12:25.083 [AsyncHttpClient-1-17] DEBUG org.asynchttpclient.netty.channel.ChannelManager - Adding key: http://localhost:17347 for channel [id: 0xd5afaeef, L:/127.0.0.1:51570 - R:localhost/127.0.0.1:17347]
10:12:25.083 [Forwarding getCurrentUrl on session a41b7c3cbed30c4654abba4ded73beab to remote] DEBUG org.asynchttpclient.netty.request.NettyRequestSender - Using pooled Channel '[id: 0xd5afaeef, L:/127.0.0.1:51570 - R:localhost/127.0.0.1:17347]' for 'GET' to 'http://localhost:17347/session/a41b7c3cbed30c4654abba4ded73beab/url'
10:12:25.083 [Forwarding getCurrentUrl on session a41b7c3cbed30c4654abba4ded73beab to remote] DEBUG org.asynchttpclient.netty.request.NettyRequestSender - Using open Channel [id: 0xd5afaeef, L:/127.0.0.1:51570 - R:localhost/127.0.0.1:17347] for GET '/session/a41b7c3cbed30c4654abba4ded73beab/url'
10:12:25.086 [AsyncHttpClient-1-17] DEBUG org.asynchttpclient.netty.handler.HttpHandler - 

Request DefaultFullHttpRequest(decodeResult: success, version: HTTP/1.1, content: EmptyByteBufBE)
GET /session/a41b7c3cbed30c4654abba4ded73beab/url HTTP/1.1
User-Agent: selenium/4.8.1 (java windows)
Cache-Control: no-cache
Content-Type: application/json; charset=utf-8
host: localhost:17347
accept: */*

Response DefaultHttpResponse(decodeResult: success, version: HTTP/1.1)
HTTP/1.1 200 OK
Content-Length: 51
Content-Type: application/json; charset=utf-8
cache-control: no-cache

10:12:25.086 [AsyncHttpClient-1-17] DEBUG org.asynchttpclient.netty.channel.ChannelManager - Adding key: http://localhost:17347 for channel [id: 0xd5afaeef, L:/127.0.0.1:51570 - R:localhost/127.0.0.1:17347]
10:12:25.087 [Forwarding screenshot on session a41b7c3cbed30c4654abba4ded73beab to remote] DEBUG org.asynchttpclient.netty.request.NettyRequestSender - Using pooled Channel '[id: 0xd5afaeef, L:/127.0.0.1:51570 - R:localhost/127.0.0.1:17347]' for 'GET' to 'http://localhost:17347/session/a41b7c3cbed30c4654abba4ded73beab/screenshot'
10:12:25.087 [Forwarding screenshot on session a41b7c3cbed30c4654abba4ded73beab to remote] DEBUG org.asynchttpclient.netty.request.NettyRequestSender - Using open Channel [id: 0xd5afaeef, L:/127.0.0.1:51570 - R:localhost/127.0.0.1:17347] for GET '/session/a41b7c3cbed30c4654abba4ded73beab/screenshot'
10:12:25.187 [AsyncHttpClient-1-17] DEBUG org.asynchttpclient.netty.handler.HttpHandler - 

Request DefaultFullHttpRequest(decodeResult: success, version: HTTP/1.1, content: EmptyByteBufBE)
GET /session/a41b7c3cbed30c4654abba4ded73beab/screenshot HTTP/1.1
User-Agent: selenium/4.8.1 (java windows)
Cache-Control: no-cache
Content-Type: application/json; charset=utf-8
host: localhost:17347
accept: */*

Response DefaultHttpResponse(decodeResult: success, version: HTTP/1.1)
HTTP/1.1 200 OK
Content-Length: 37800
Content-Type: application/json; charset=utf-8
cache-control: no-cache

10:12:25.187 [AsyncHttpClient-1-17] DEBUG org.asynchttpclient.netty.channel.ChannelManager - Adding key: http://localhost:17347 for channel [id: 0xd5afaeef, L:/127.0.0.1:51570 - R:localhost/127.0.0.1:17347]
10:12:25.188 [main] DEBUG net.serenitybdd.core.photography.Darkroom - Send negative for processing for target\site\serenity\4524883297becc8b99ec4a48b697e471b8051ff53d7317774132c82fb06f2077.png
10:12:25.189 [main] DEBUG net.thucydides.core.steps.StepInterceptor - STEP DONE: inputEmail
10:12:25.189 [Darkroom Processing Line] DEBUG net.serenitybdd.core.photography.DarkroomProcessingLine - Processing screenshot image in /var/screenshots/screenshot-4737685065428329072
10:12:25.189 [Darkroom Processing Line] DEBUG net.serenitybdd.core.photography.DarkroomProcessingLine - Saving screenshot to target\site\serenity\4524883297becc8b99ec4a48b697e471b8051ff53d7317774132c82fb06f2077.png
  &amp#27;[32mAnd &amp#27;[0m&amp#27;[32mI enter correct email&amp#27;[0m                             &amp#27;[90m# starter.stepdefinitions.LoginSteps.inputEmail()&amp#27;[0m
10:12:25.195 [Forwarding getPageSource on session a41b7c3cbed30c4654abba4ded73beab to remote] DEBUG org.asynchttpclient.netty.request.NettyRequestSender - Using pooled Channel '[id: 0xd5afaeef, L:/127.0.0.1:51570 - R:localhost/127.0.0.1:17347]' for 'POST' to 'http://localhost:17347/session/a41b7c3cbed30c4654abba4ded73beab/execute/sync'
10:12:25.195 [Forwarding getPageSource on session a41b7c3cbed30c4654abba4ded73beab to remote] DEBUG org.asynchttpclient.netty.request.NettyRequestSender - Using open Channel [id: 0xd5afaeef, L:/127.0.0.1:51570 - R:localhost/127.0.0.1:17347] for POST '/session/a41b7c3cbed30c4654abba4ded73beab/execute/sync'
10:12:25.198 [AsyncHttpClient-1-17] DEBUG org.asynchttpclient.netty.handler.HttpHandler - 

Request DefaultHttpRequest(decodeResult: success, version: HTTP/1.1)
POST /session/a41b7c3cbed30c4654abba4ded73beab/execute/sync HTTP/1.1
User-Agent: selenium/4.8.1 (java windows)
Content-Length: 176
Content-Type: application/json; charset=utf-8
host: localhost:17347
accept: */*

Response DefaultHttpResponse(decodeResult: success, version: HTTP/1.1)
HTTP/1.1 200 OK
Content-Length: 21780
Content-Type: application/json; charset=utf-8
cache-control: no-cache

10:12:25.198 [AsyncHttpClient-1-17] DEBUG org.asynchttpclient.netty.channel.ChannelManager - Adding key: http://localhost:17347 for channel [id: 0xd5afaeef, L:/127.0.0.1:51570 - R:localhost/127.0.0.1:17347]
10:12:25.201 [Forwarding getCurrentUrl on session a41b7c3cbed30c4654abba4ded73beab to remote] DEBUG org.asynchttpclient.netty.request.NettyRequestSender - Using pooled Channel '[id: 0xd5afaeef, L:/127.0.0.1:51570 - R:localhost/127.0.0.1:17347]' for 'GET' to 'http://localhost:17347/session/a41b7c3cbed30c4654abba4ded73beab/url'
10:12:25.201 [Forwarding getCurrentUrl on session a41b7c3cbed30c4654abba4ded73beab to remote] DEBUG org.asynchttpclient.netty.request.NettyRequestSender - Using open Channel [id: 0xd5afaeef, L:/127.0.0.1:51570 - R:localhost/127.0.0.1:17347] for GET '/session/a41b7c3cbed30c4654abba4ded73beab/url'
10:12:25.204 [AsyncHttpClient-1-17] DEBUG org.asynchttpclient.netty.handler.HttpHandler - 

Request DefaultFullHttpRequest(decodeResult: success, version: HTTP/1.1, content: EmptyByteBufBE)
GET /session/a41b7c3cbed30c4654abba4ded73beab/url HTTP/1.1
User-Agent: selenium/4.8.1 (java windows)
Cache-Control: no-cache
Content-Type: application/json; charset=utf-8
host: localhost:17347
accept: */*

Response DefaultHttpResponse(decodeResult: success, version: HTTP/1.1)
HTTP/1.1 200 OK
Content-Length: 51
Content-Type: application/json; charset=utf-8
cache-control: no-cache

10:12:25.204 [AsyncHttpClient-1-17] DEBUG org.asynchttpclient.netty.channel.ChannelManager - Adding key: http://localhost:17347 for channel [id: 0xd5afaeef, L:/127.0.0.1:51570 - R:localhost/127.0.0.1:17347]
10:12:25.210 [Forwarding getPageSource on session a41b7c3cbed30c4654abba4ded73beab to remote] DEBUG org.asynchttpclient.netty.request.NettyRequestSender - Using pooled Channel '[id: 0xd5afaeef, L:/127.0.0.1:51570 - R:localhost/127.0.0.1:17347]' for 'POST' to 'http://localhost:17347/session/a41b7c3cbed30c4654abba4ded73beab/execute/sync'
10:12:25.210 [Forwarding getPageSource on session a41b7c3cbed30c4654abba4ded73beab to remote] DEBUG org.asynchttpclient.netty.request.NettyRequestSender - Using open Channel [id: 0xd5afaeef, L:/127.0.0.1:51570 - R:localhost/127.0.0.1:17347] for POST '/session/a41b7c3cbed30c4654abba4ded73beab/execute/sync'
10:12:25.213 [AsyncHttpClient-1-17] DEBUG org.asynchttpclient.netty.handler.HttpHandler - 

Request DefaultHttpRequest(decodeResult: success, version: HTTP/1.1)
POST /session/a41b7c3cbed30c4654abba4ded73beab/execute/sync HTTP/1.1
User-Agent: selenium/4.8.1 (java windows)
Content-Length: 176
Content-Type: application/json; charset=utf-8
host: localhost:17347
accept: */*

Response DefaultHttpResponse(decodeResult: success, version: HTTP/1.1)
HTTP/1.1 200 OK
Content-Length: 21780
Content-Type: application/json; charset=utf-8
cache-control: no-cache

10:12:25.213 [AsyncHttpClient-1-17] DEBUG org.asynchttpclient.netty.channel.ChannelManager - Adding key: http://localhost:17347 for channel [id: 0xd5afaeef, L:/127.0.0.1:51570 - R:localhost/127.0.0.1:17347]
10:12:25.215 [Forwarding getCurrentUrl on session a41b7c3cbed30c4654abba4ded73beab to remote] DEBUG org.asynchttpclient.netty.request.NettyRequestSender - Using pooled Channel '[id: 0xd5afaeef, L:/127.0.0.1:51570 - R:localhost/127.0.0.1:17347]' for 'GET' to 'http://localhost:17347/session/a41b7c3cbed30c4654abba4ded73beab/url'
10:12:25.215 [Forwarding getCurrentUrl on session a41b7c3cbed30c4654abba4ded73beab to remote] DEBUG org.asynchttpclient.netty.request.NettyRequestSender - Using open Channel [id: 0xd5afaeef, L:/127.0.0.1:51570 - R:localhost/127.0.0.1:17347] for GET '/session/a41b7c3cbed30c4654abba4ded73beab/url'
10:12:25.218 [AsyncHttpClient-1-17] DEBUG org.asynchttpclient.netty.handler.HttpHandler - 

Request DefaultFullHttpRequest(decodeResult: success, version: HTTP/1.1, content: EmptyByteBufBE)
GET /session/a41b7c3cbed30c4654abba4ded73beab/url HTTP/1.1
User-Agent: selenium/4.8.1 (java windows)
Cache-Control: no-cache
Content-Type: application/json; charset=utf-8
host: localhost:17347
accept: */*

Response DefaultHttpResponse(decodeResult: success, version: HTTP/1.1)
HTTP/1.1 200 OK
Content-Length: 51
Content-Type: application/json; charset=utf-8
cache-control: no-cache

10:12:25.218 [AsyncHttpClient-1-17] DEBUG org.asynchttpclient.netty.channel.ChannelManager - Adding key: http://localhost:17347 for channel [id: 0xd5afaeef, L:/127.0.0.1:51570 - R:localhost/127.0.0.1:17347]
10:12:25.220 [main] DEBUG net.thucydides.core.steps.StepInterceptor - STARTING STEP: LoginSteps.inputPassword - inputPassword
10:12:25.221 [Forwarding findElement on session a41b7c3cbed30c4654abba4ded73beab to remote] DEBUG org.asynchttpclient.netty.request.NettyRequestSender - Using pooled Channel '[id: 0xd5afaeef, L:/127.0.0.1:51570 - R:localhost/127.0.0.1:17347]' for 'POST' to 'http://localhost:17347/session/a41b7c3cbed30c4654abba4ded73beab/element'
10:12:25.221 [Forwarding findElement on session a41b7c3cbed30c4654abba4ded73beab to remote] DEBUG org.asynchttpclient.netty.request.NettyRequestSender - Using open Channel [id: 0xd5afaeef, L:/127.0.0.1:51570 - R:localhost/127.0.0.1:17347] for POST '/session/a41b7c3cbed30c4654abba4ded73beab/element'
10:12:25.231 [AsyncHttpClient-1-17] DEBUG org.asynchttpclient.netty.handler.HttpHandler - 

Request DefaultHttpRequest(decodeResult: success, version: HTTP/1.1)
POST /session/a41b7c3cbed30c4654abba4ded73beab/element HTTP/1.1
User-Agent: selenium/4.8.1 (java windows)
Content-Length: 55
Content-Type: application/json; charset=utf-8
host: localhost:17347
accept: */*

Response DefaultHttpResponse(decodeResult: success, version: HTTP/1.1)
HTTP/1.1 200 OK
Content-Length: 88
Content-Type: application/json; charset=utf-8
cache-control: no-cache

10:12:25.231 [AsyncHttpClient-1-17] DEBUG org.asynchttpclient.netty.channel.ChannelManager - Adding key: http://localhost:17347 for channel [id: 0xd5afaeef, L:/127.0.0.1:51570 - R:localhost/127.0.0.1:17347]
10:12:25.232 [Forwarding clearElement on session a41b7c3cbed30c4654abba4ded73beab to remote] DEBUG org.asynchttpclient.netty.request.NettyRequestSender - Using pooled Channel '[id: 0xd5afaeef, L:/127.0.0.1:51570 - R:localhost/127.0.0.1:17347]' for 'POST' to 'http://localhost:17347/session/a41b7c3cbed30c4654abba4ded73beab/element/08f4c136-bbb5-4d67-98ad-e80bc6b060dc/clear'
10:12:25.232 [Forwarding clearElement on session a41b7c3cbed30c4654abba4ded73beab to remote] DEBUG org.asynchttpclient.netty.request.NettyRequestSender - Using open Channel [id: 0xd5afaeef, L:/127.0.0.1:51570 - R:localhost/127.0.0.1:17347] for POST '/session/a41b7c3cbed30c4654abba4ded73beab/element/08f4c136-bbb5-4d67-98ad-e80bc6b060dc/clear'
10:12:25.265 [AsyncHttpClient-1-17] DEBUG org.asynchttpclient.netty.handler.HttpHandler - 

Request DefaultHttpRequest(decodeResult: success, version: HTTP/1.1)
POST /session/a41b7c3cbed30c4654abba4ded73beab/element/08f4c136-bbb5-4d67-98ad-e80bc6b060dc/clear HTTP/1.1
User-Agent: selenium/4.8.1 (java windows)
Content-Length: 50
Content-Type: application/json; charset=utf-8
host: localhost:17347
accept: */*

Response DefaultHttpResponse(decodeResult: success, version: HTTP/1.1)
HTTP/1.1 200 OK
Content-Length: 14
Content-Type: application/json; charset=utf-8
cache-control: no-cache

10:12:25.266 [AsyncHttpClient-1-17] DEBUG org.asynchttpclient.netty.channel.ChannelManager - Adding key: http://localhost:17347 for channel [id: 0xd5afaeef, L:/127.0.0.1:51570 - R:localhost/127.0.0.1:17347]
10:12:25.268 [Forwarding sendKeysToElement on session a41b7c3cbed30c4654abba4ded73beab to remote] DEBUG org.asynchttpclient.netty.request.NettyRequestSender - Using pooled Channel '[id: 0xd5afaeef, L:/127.0.0.1:51570 - R:localhost/127.0.0.1:17347]' for 'POST' to 'http://localhost:17347/session/a41b7c3cbed30c4654abba4ded73beab/element/08f4c136-bbb5-4d67-98ad-e80bc6b060dc/value'
10:12:25.268 [Forwarding sendKeysToElement on session a41b7c3cbed30c4654abba4ded73beab to remote] DEBUG org.asynchttpclient.netty.request.NettyRequestSender - Using open Channel [id: 0xd5afaeef, L:/127.0.0.1:51570 - R:localhost/127.0.0.1:17347] for POST '/session/a41b7c3cbed30c4654abba4ded73beab/element/08f4c136-bbb5-4d67-98ad-e80bc6b060dc/value'
10:12:25.328 [AsyncHttpClient-1-17] DEBUG org.asynchttpclient.netty.handler.HttpHandler - 

Request DefaultHttpRequest(decodeResult: success, version: HTTP/1.1)
POST /session/a41b7c3cbed30c4654abba4ded73beab/element/08f4c136-bbb5-4d67-98ad-e80bc6b060dc/value HTTP/1.1
User-Agent: selenium/4.8.1 (java windows)
Content-Length: 151
Content-Type: application/json; charset=utf-8
host: localhost:17347
accept: */*

Response DefaultHttpResponse(decodeResult: success, version: HTTP/1.1)
HTTP/1.1 200 OK
Content-Length: 14
Content-Type: application/json; charset=utf-8
cache-control: no-cache

10:12:25.328 [AsyncHttpClient-1-17] DEBUG org.asynchttpclient.netty.channel.ChannelManager - Adding key: http://localhost:17347 for channel [id: 0xd5afaeef, L:/127.0.0.1:51570 - R:localhost/127.0.0.1:17347]
10:12:25.332 [Forwarding getAlertText on session a41b7c3cbed30c4654abba4ded73beab to remote] DEBUG org.asynchttpclient.netty.request.NettyRequestSender - Using pooled Channel '[id: 0xd5afaeef, L:/127.0.0.1:51570 - R:localhost/127.0.0.1:17347]' for 'GET' to 'http://localhost:17347/session/a41b7c3cbed30c4654abba4ded73beab/alert/text'
10:12:25.332 [Forwarding getAlertText on session a41b7c3cbed30c4654abba4ded73beab to remote] DEBUG org.asynchttpclient.netty.request.NettyRequestSender - Using open Channel [id: 0xd5afaeef, L:/127.0.0.1:51570 - R:localhost/127.0.0.1:17347] for GET '/session/a41b7c3cbed30c4654abba4ded73beab/alert/text'
10:12:25.336 [AsyncHttpClient-1-17] DEBUG org.asynchttpclient.netty.handler.HttpHandler - 

Request DefaultFullHttpRequest(decodeResult: success, version: HTTP/1.1, content: EmptyByteBufBE)
GET /session/a41b7c3cbed30c4654abba4ded73beab/alert/text HTTP/1.1
User-Agent: selenium/4.8.1 (java windows)
Cache-Control: no-cache
Content-Type: application/json; charset=utf-8
host: localhost:17347
accept: */*

Response DefaultHttpResponse(decodeResult: success, version: HTTP/1.1)
HTTP/1.1 404 Not Found
Content-Length: 836
Content-Type: application/json; charset=utf-8
cache-control: no-cache

10:12:25.336 [AsyncHttpClient-1-17] DEBUG org.asynchttpclient.netty.channel.ChannelManager - Adding key: http://localhost:17347 for channel [id: 0xd5afaeef, L:/127.0.0.1:51570 - R:localhost/127.0.0.1:17347]
10:12:25.337 [Forwarding getCurrentUrl on session a41b7c3cbed30c4654abba4ded73beab to remote] DEBUG org.asynchttpclient.netty.request.NettyRequestSender - Using pooled Channel '[id: 0xd5afaeef, L:/127.0.0.1:51570 - R:localhost/127.0.0.1:17347]' for 'GET' to 'http://localhost:17347/session/a41b7c3cbed30c4654abba4ded73beab/url'
10:12:25.337 [Forwarding getCurrentUrl on session a41b7c3cbed30c4654abba4ded73beab to remote] DEBUG org.asynchttpclient.netty.request.NettyRequestSender - Using open Channel [id: 0xd5afaeef, L:/127.0.0.1:51570 - R:localhost/127.0.0.1:17347] for GET '/session/a41b7c3cbed30c4654abba4ded73beab/url'
10:12:25.340 [AsyncHttpClient-1-17] DEBUG org.asynchttpclient.netty.handler.HttpHandler - 

Request DefaultFullHttpRequest(decodeResult: success, version: HTTP/1.1, content: EmptyByteBufBE)
GET /session/a41b7c3cbed30c4654abba4ded73beab/url HTTP/1.1
User-Agent: selenium/4.8.1 (java windows)
Cache-Control: no-cache
Content-Type: application/json; charset=utf-8
host: localhost:17347
accept: */*

Response DefaultHttpResponse(decodeResult: success, version: HTTP/1.1)
HTTP/1.1 200 OK
Content-Length: 51
Content-Type: application/json; charset=utf-8
cache-control: no-cache

10:12:25.340 [AsyncHttpClient-1-17] DEBUG org.asynchttpclient.netty.channel.ChannelManager - Adding key: http://localhost:17347 for channel [id: 0xd5afaeef, L:/127.0.0.1:51570 - R:localhost/127.0.0.1:17347]
10:12:25.341 [Forwarding screenshot on session a41b7c3cbed30c4654abba4ded73beab to remote] DEBUG org.asynchttpclient.netty.request.NettyRequestSender - Using pooled Channel '[id: 0xd5afaeef, L:/127.0.0.1:51570 - R:localhost/127.0.0.1:17347]' for 'GET' to 'http://localhost:17347/session/a41b7c3cbed30c4654abba4ded73beab/screenshot'
10:12:25.341 [Forwarding screenshot on session a41b7c3cbed30c4654abba4ded73beab to remote] DEBUG org.asynchttpclient.netty.request.NettyRequestSender - Using open Channel [id: 0xd5afaeef, L:/127.0.0.1:51570 - R:localhost/127.0.0.1:17347] for GET '/session/a41b7c3cbed30c4654abba4ded73beab/screenshot'
10:12:25.460 [AsyncHttpClient-1-17] DEBUG org.asynchttpclient.netty.handler.HttpHandler - 

Request DefaultFullHttpRequest(decodeResult: success, version: HTTP/1.1, content: EmptyByteBufBE)
GET /session/a41b7c3cbed30c4654abba4ded73beab/screenshot HTTP/1.1
User-Agent: selenium/4.8.1 (java windows)
Cache-Control: no-cache
Content-Type: application/json; charset=utf-8
host: localhost:17347
accept: */*

Response DefaultHttpResponse(decodeResult: success, version: HTTP/1.1)
HTTP/1.1 200 OK
Content-Length: 39564
Content-Type: application/json; charset=utf-8
cache-control: no-cache

10:12:25.460 [AsyncHttpClient-1-17] DEBUG org.asynchttpclient.netty.channel.ChannelManager - Adding key: http://localhost:17347 for channel [id: 0xd5afaeef, L:/127.0.0.1:51570 - R:localhost/127.0.0.1:17347]
10:12:25.461 [main] DEBUG net.serenitybdd.core.photography.Darkroom - Send negative for processing for target\site\serenity\1e1fe6b3d937a7c3460006b5c27151890061c0657a1655557ffa201ce2790aad.png
10:12:25.461 [main] DEBUG net.thucydides.core.steps.StepInterceptor - STEP DONE: inputPassword
  &amp#27;[32mAnd &amp#27;[0m&amp#27;[32mI enter correct password&amp#27;[0m                          &amp#27;[90m# starter.stepdefinitions.LoginSteps.inputPassword()&amp#27;[0m
10:12:25.461 [Darkroom Processing Line] DEBUG net.serenitybdd.core.photography.DarkroomProcessingLine - Processing screenshot image in /var/screenshots/screenshot-18237056527714692942
10:12:25.461 [Darkroom Processing Line] DEBUG net.serenitybdd.core.photography.DarkroomProcessingLine - Saving screenshot to target\site\serenity\1e1fe6b3d937a7c3460006b5c27151890061c0657a1655557ffa201ce2790aad.png
10:12:25.467 [Forwarding getPageSource on session a41b7c3cbed30c4654abba4ded73beab to remote] DEBUG org.asynchttpclient.netty.request.NettyRequestSender - Using pooled Channel '[id: 0xd5afaeef, L:/127.0.0.1:51570 - R:localhost/127.0.0.1:17347]' for 'POST' to 'http://localhost:17347/session/a41b7c3cbed30c4654abba4ded73beab/execute/sync'
10:12:25.467 [Forwarding getPageSource on session a41b7c3cbed30c4654abba4ded73beab to remote] DEBUG org.asynchttpclient.netty.request.NettyRequestSender - Using open Channel [id: 0xd5afaeef, L:/127.0.0.1:51570 - R:localhost/127.0.0.1:17347] for POST '/session/a41b7c3cbed30c4654abba4ded73beab/execute/sync'
10:12:25.472 [AsyncHttpClient-1-17] DEBUG org.asynchttpclient.netty.handler.HttpHandler - 

Request DefaultHttpRequest(decodeResult: success, version: HTTP/1.1)
POST /session/a41b7c3cbed30c4654abba4ded73beab/execute/sync HTTP/1.1
User-Agent: selenium/4.8.1 (java windows)
Content-Length: 176
Content-Type: application/json; charset=utf-8
host: localhost:17347
accept: */*

Response DefaultHttpResponse(decodeResult: success, version: HTTP/1.1)
HTTP/1.1 200 OK
Content-Length: 21839
Content-Type: application/json; charset=utf-8
cache-control: no-cache

10:12:25.472 [AsyncHttpClient-1-17] DEBUG org.asynchttpclient.netty.channel.ChannelManager - Adding key: http://localhost:17347 for channel [id: 0xd5afaeef, L:/127.0.0.1:51570 - R:localhost/127.0.0.1:17347]
10:12:25.473 [Forwarding getCurrentUrl on session a41b7c3cbed30c4654abba4ded73beab to remote] DEBUG org.asynchttpclient.netty.request.NettyRequestSender - Using pooled Channel '[id: 0xd5afaeef, L:/127.0.0.1:51570 - R:localhost/127.0.0.1:17347]' for 'GET' to 'http://localhost:17347/session/a41b7c3cbed30c4654abba4ded73beab/url'
10:12:25.473 [Forwarding getCurrentUrl on session a41b7c3cbed30c4654abba4ded73beab to remote] DEBUG org.asynchttpclient.netty.request.NettyRequestSender - Using open Channel [id: 0xd5afaeef, L:/127.0.0.1:51570 - R:localhost/127.0.0.1:17347] for GET '/session/a41b7c3cbed30c4654abba4ded73beab/url'
10:12:25.477 [AsyncHttpClient-1-17] DEBUG org.asynchttpclient.netty.handler.HttpHandler - 

Request DefaultFullHttpRequest(decodeResult: success, version: HTTP/1.1, content: EmptyByteBufBE)
GET /session/a41b7c3cbed30c4654abba4ded73beab/url HTTP/1.1
User-Agent: selenium/4.8.1 (java windows)
Cache-Control: no-cache
Content-Type: application/json; charset=utf-8
host: localhost:17347
accept: */*

Response DefaultHttpResponse(decodeResult: success, version: HTTP/1.1)
HTTP/1.1 200 OK
Content-Length: 51
Content-Type: application/json; charset=utf-8
cache-control: no-cache

10:12:25.477 [AsyncHttpClient-1-17] DEBUG org.asynchttpclient.netty.channel.ChannelManager - Adding key: http://localhost:17347 for channel [id: 0xd5afaeef, L:/127.0.0.1:51570 - R:localhost/127.0.0.1:17347]
10:12:25.482 [Forwarding getPageSource on session a41b7c3cbed30c4654abba4ded73beab to remote] DEBUG org.asynchttpclient.netty.request.NettyRequestSender - Using pooled Channel '[id: 0xd5afaeef, L:/127.0.0.1:51570 - R:localhost/127.0.0.1:17347]' for 'POST' to 'http://localhost:17347/session/a41b7c3cbed30c4654abba4ded73beab/execute/sync'
10:12:25.482 [Forwarding getPageSource on session a41b7c3cbed30c4654abba4ded73beab to remote] DEBUG org.asynchttpclient.netty.request.NettyRequestSender - Using open Channel [id: 0xd5afaeef, L:/127.0.0.1:51570 - R:localhost/127.0.0.1:17347] for POST '/session/a41b7c3cbed30c4654abba4ded73beab/execute/sync'
10:12:25.487 [AsyncHttpClient-1-17] DEBUG org.asynchttpclient.netty.handler.HttpHandler - 

Request DefaultHttpRequest(decodeResult: success, version: HTTP/1.1)
POST /session/a41b7c3cbed30c4654abba4ded73beab/execute/sync HTTP/1.1
User-Agent: selenium/4.8.1 (java windows)
Content-Length: 176
Content-Type: application/json; charset=utf-8
host: localhost:17347
accept: */*

Response DefaultHttpResponse(decodeResult: success, version: HTTP/1.1)
HTTP/1.1 200 OK
Content-Length: 21839
Content-Type: application/json; charset=utf-8
cache-control: no-cache

10:12:25.487 [AsyncHttpClient-1-17] DEBUG org.asynchttpclient.netty.channel.ChannelManager - Adding key: http://localhost:17347 for channel [id: 0xd5afaeef, L:/127.0.0.1:51570 - R:localhost/127.0.0.1:17347]
10:12:25.489 [Forwarding getCurrentUrl on session a41b7c3cbed30c4654abba4ded73beab to remote] DEBUG org.asynchttpclient.netty.request.NettyRequestSender - Using pooled Channel '[id: 0xd5afaeef, L:/127.0.0.1:51570 - R:localhost/127.0.0.1:17347]' for 'GET' to 'http://localhost:17347/session/a41b7c3cbed30c4654abba4ded73beab/url'
10:12:25.489 [Forwarding getCurrentUrl on session a41b7c3cbed30c4654abba4ded73beab to remote] DEBUG org.asynchttpclient.netty.request.NettyRequestSender - Using open Channel [id: 0xd5afaeef, L:/127.0.0.1:51570 - R:localhost/127.0.0.1:17347] for GET '/session/a41b7c3cbed30c4654abba4ded73beab/url'
10:12:25.493 [AsyncHttpClient-1-17] DEBUG org.asynchttpclient.netty.handler.HttpHandler - 

Request DefaultFullHttpRequest(decodeResult: success, version: HTTP/1.1, content: EmptyByteBufBE)
GET /session/a41b7c3cbed30c4654abba4ded73beab/url HTTP/1.1
User-Agent: selenium/4.8.1 (java windows)
Cache-Control: no-cache
Content-Type: application/json; charset=utf-8
host: localhost:17347
accept: */*

Response DefaultHttpResponse(decodeResult: success, version: HTTP/1.1)
HTTP/1.1 200 OK
Content-Length: 51
Content-Type: application/json; charset=utf-8
cache-control: no-cache

10:12:25.493 [AsyncHttpClient-1-17] DEBUG org.asynchttpclient.netty.channel.ChannelManager - Adding key: http://localhost:17347 for channel [id: 0xd5afaeef, L:/127.0.0.1:51570 - R:localhost/127.0.0.1:17347]
10:12:25.494 [main] DEBUG net.thucydides.core.steps.StepInterceptor - STARTING STEP: LoginSteps.clickLoginButton - clickLoginButton
10:12:25.495 [Forwarding findElement on session a41b7c3cbed30c4654abba4ded73beab to remote] DEBUG org.asynchttpclient.netty.request.NettyRequestSender - Using pooled Channel '[id: 0xd5afaeef, L:/127.0.0.1:51570 - R:localhost/127.0.0.1:17347]' for 'POST' to 'http://localhost:17347/session/a41b7c3cbed30c4654abba4ded73beab/element'
10:12:25.495 [Forwarding findElement on session a41b7c3cbed30c4654abba4ded73beab to remote] DEBUG org.asynchttpclient.netty.request.NettyRequestSender - Using open Channel [id: 0xd5afaeef, L:/127.0.0.1:51570 - R:localhost/127.0.0.1:17347] for POST '/session/a41b7c3cbed30c4654abba4ded73beab/element'
10:12:25.505 [AsyncHttpClient-1-17] DEBUG org.asynchttpclient.netty.handler.HttpHandler - 

Request DefaultHttpRequest(decodeResult: success, version: HTTP/1.1)
POST /session/a41b7c3cbed30c4654abba4ded73beab/element HTTP/1.1
User-Agent: selenium/4.8.1 (java windows)
Content-Length: 71
Content-Type: application/json; charset=utf-8
host: localhost:17347
accept: */*

Response DefaultHttpResponse(decodeResult: success, version: HTTP/1.1)
HTTP/1.1 200 OK
Content-Length: 88
Content-Type: application/json; charset=utf-8
cache-control: no-cache

10:12:25.505 [AsyncHttpClient-1-17] DEBUG org.asynchttpclient.netty.channel.ChannelManager - Adding key: http://localhost:17347 for channel [id: 0xd5afaeef, L:/127.0.0.1:51570 - R:localhost/127.0.0.1:17347]
10:12:25.506 [Forwarding getElementTagName on session a41b7c3cbed30c4654abba4ded73beab to remote] DEBUG org.asynchttpclient.netty.request.NettyRequestSender - Using pooled Channel '[id: 0xd5afaeef, L:/127.0.0.1:51570 - R:localhost/127.0.0.1:17347]' for 'GET' to 'http://localhost:17347/session/a41b7c3cbed30c4654abba4ded73beab/element/2b3a155f-e68e-4ef0-9e1a-118070f4fe53/name'
10:12:25.506 [Forwarding getElementTagName on session a41b7c3cbed30c4654abba4ded73beab to remote] DEBUG org.asynchttpclient.netty.request.NettyRequestSender - Using open Channel [id: 0xd5afaeef, L:/127.0.0.1:51570 - R:localhost/127.0.0.1:17347] for GET '/session/a41b7c3cbed30c4654abba4ded73beab/element/2b3a155f-e68e-4ef0-9e1a-118070f4fe53/name'
10:12:25.510 [AsyncHttpClient-1-17] DEBUG org.asynchttpclient.netty.handler.HttpHandler - 

Request DefaultFullHttpRequest(decodeResult: success, version: HTTP/1.1, content: EmptyByteBufBE)
GET /session/a41b7c3cbed30c4654abba4ded73beab/element/2b3a155f-e68e-4ef0-9e1a-118070f4fe53/name HTTP/1.1
User-Agent: selenium/4.8.1 (java windows)
Cache-Control: no-cache
Content-Type: application/json; charset=utf-8
host: localhost:17347
accept: */*

Response DefaultHttpResponse(decodeResult: success, version: HTTP/1.1)
HTTP/1.1 200 OK
Content-Length: 18
Content-Type: application/json; charset=utf-8
cache-control: no-cache

10:12:25.511 [AsyncHttpClient-1-17] DEBUG org.asynchttpclient.netty.channel.ChannelManager - Adding key: http://localhost:17347 for channel [id: 0xd5afaeef, L:/127.0.0.1:51570 - R:localhost/127.0.0.1:17347]
10:12:25.511 [Forwarding getElementTagName on session a41b7c3cbed30c4654abba4ded73beab to remote] DEBUG org.asynchttpclient.netty.request.NettyRequestSender - Using pooled Channel '[id: 0xd5afaeef, L:/127.0.0.1:51570 - R:localhost/127.0.0.1:17347]' for 'GET' to 'http://localhost:17347/session/a41b7c3cbed30c4654abba4ded73beab/element/2b3a155f-e68e-4ef0-9e1a-118070f4fe53/name'
10:12:25.511 [Forwarding getElementTagName on session a41b7c3cbed30c4654abba4ded73beab to remote] DEBUG org.asynchttpclient.netty.request.NettyRequestSender - Using open Channel [id: 0xd5afaeef, L:/127.0.0.1:51570 - R:localhost/127.0.0.1:17347] for GET '/session/a41b7c3cbed30c4654abba4ded73beab/element/2b3a155f-e68e-4ef0-9e1a-118070f4fe53/name'
10:12:25.513 [AsyncHttpClient-1-17] DEBUG org.asynchttpclient.netty.handler.HttpHandler - 

Request DefaultFullHttpRequest(decodeResult: success, version: HTTP/1.1, content: EmptyByteBufBE)
GET /session/a41b7c3cbed30c4654abba4ded73beab/element/2b3a155f-e68e-4ef0-9e1a-118070f4fe53/name HTTP/1.1
User-Agent: selenium/4.8.1 (java windows)
Cache-Control: no-cache
Content-Type: application/json; charset=utf-8
host: localhost:17347
accept: */*

Response DefaultHttpResponse(decodeResult: success, version: HTTP/1.1)
HTTP/1.1 200 OK
Content-Length: 18
Content-Type: application/json; charset=utf-8
cache-control: no-cache

10:12:25.513 [AsyncHttpClient-1-17] DEBUG org.asynchttpclient.netty.channel.ChannelManager - Adding key: http://localhost:17347 for channel [id: 0xd5afaeef, L:/127.0.0.1:51570 - R:localhost/127.0.0.1:17347]
10:12:25.514 [Forwarding isElementEnabled on session a41b7c3cbed30c4654abba4ded73beab to remote] DEBUG org.asynchttpclient.netty.request.NettyRequestSender - Using pooled Channel '[id: 0xd5afaeef, L:/127.0.0.1:51570 - R:localhost/127.0.0.1:17347]' for 'GET' to 'http://localhost:17347/session/a41b7c3cbed30c4654abba4ded73beab/element/2b3a155f-e68e-4ef0-9e1a-118070f4fe53/enabled'
10:12:25.514 [Forwarding isElementEnabled on session a41b7c3cbed30c4654abba4ded73beab to remote] DEBUG org.asynchttpclient.netty.request.NettyRequestSender - Using open Channel [id: 0xd5afaeef, L:/127.0.0.1:51570 - R:localhost/127.0.0.1:17347] for GET '/session/a41b7c3cbed30c4654abba4ded73beab/element/2b3a155f-e68e-4ef0-9e1a-118070f4fe53/enabled'
10:12:25.521 [AsyncHttpClient-1-17] DEBUG org.asynchttpclient.netty.handler.HttpHandler - 

Request DefaultFullHttpRequest(decodeResult: success, version: HTTP/1.1, content: EmptyByteBufBE)
GET /session/a41b7c3cbed30c4654abba4ded73beab/element/2b3a155f-e68e-4ef0-9e1a-118070f4fe53/enabled HTTP/1.1
User-Agent: selenium/4.8.1 (java windows)
Cache-Control: no-cache
Content-Type: application/json; charset=utf-8
host: localhost:17347
accept: */*

Response DefaultHttpResponse(decodeResult: success, version: HTTP/1.1)
HTTP/1.1 200 OK
Content-Length: 14
Content-Type: application/json; charset=utf-8
cache-control: no-cache

10:12:25.521 [AsyncHttpClient-1-17] DEBUG org.asynchttpclient.netty.channel.ChannelManager - Adding key: http://localhost:17347 for channel [id: 0xd5afaeef, L:/127.0.0.1:51570 - R:localhost/127.0.0.1:17347]
10:12:25.522 [Forwarding isElementEnabled on session a41b7c3cbed30c4654abba4ded73beab to remote] DEBUG org.asynchttpclient.netty.request.NettyRequestSender - Using pooled Channel '[id: 0xd5afaeef, L:/127.0.0.1:51570 - R:localhost/127.0.0.1:17347]' for 'GET' to 'http://localhost:17347/session/a41b7c3cbed30c4654abba4ded73beab/element/2b3a155f-e68e-4ef0-9e1a-118070f4fe53/enabled'
10:12:25.522 [Forwarding isElementEnabled on session a41b7c3cbed30c4654abba4ded73beab to remote] DEBUG org.asynchttpclient.netty.request.NettyRequestSender - Using open Channel [id: 0xd5afaeef, L:/127.0.0.1:51570 - R:localhost/127.0.0.1:17347] for GET '/session/a41b7c3cbed30c4654abba4ded73beab/element/2b3a155f-e68e-4ef0-9e1a-118070f4fe53/enabled'
10:12:25.527 [AsyncHttpClient-1-17] DEBUG org.asynchttpclient.netty.handler.HttpHandler - 

Request DefaultFullHttpRequest(decodeResult: success, version: HTTP/1.1, content: EmptyByteBufBE)
GET /session/a41b7c3cbed30c4654abba4ded73beab/element/2b3a155f-e68e-4ef0-9e1a-118070f4fe53/enabled HTTP/1.1
User-Agent: selenium/4.8.1 (java windows)
Cache-Control: no-cache
Content-Type: application/json; charset=utf-8
host: localhost:17347
accept: */*

Response DefaultHttpResponse(decodeResult: success, version: HTTP/1.1)
HTTP/1.1 200 OK
Content-Length: 14
Content-Type: application/json; charset=utf-8
cache-control: no-cache

10:12:25.527 [AsyncHttpClient-1-17] DEBUG org.asynchttpclient.netty.channel.ChannelManager - Adding key: http://localhost:17347 for channel [id: 0xd5afaeef, L:/127.0.0.1:51570 - R:localhost/127.0.0.1:17347]
10:12:25.528 [Forwarding findElement on session a41b7c3cbed30c4654abba4ded73beab to remote] DEBUG org.asynchttpclient.netty.request.NettyRequestSender - Using pooled Channel '[id: 0xd5afaeef, L:/127.0.0.1:51570 - R:localhost/127.0.0.1:17347]' for 'POST' to 'http://localhost:17347/session/a41b7c3cbed30c4654abba4ded73beab/element'
10:12:25.528 [Forwarding findElement on session a41b7c3cbed30c4654abba4ded73beab to remote] DEBUG org.asynchttpclient.netty.request.NettyRequestSender - Using open Channel [id: 0xd5afaeef, L:/127.0.0.1:51570 - R:localhost/127.0.0.1:17347] for POST '/session/a41b7c3cbed30c4654abba4ded73beab/element'
10:12:25.535 [AsyncHttpClient-1-17] DEBUG org.asynchttpclient.netty.handler.HttpHandler - 

Request DefaultHttpRequest(decodeResult: success, version: HTTP/1.1)
POST /session/a41b7c3cbed30c4654abba4ded73beab/element HTTP/1.1
User-Agent: selenium/4.8.1 (java windows)
Content-Length: 71
Content-Type: application/json; charset=utf-8
host: localhost:17347
accept: */*

Response DefaultHttpResponse(decodeResult: success, version: HTTP/1.1)
HTTP/1.1 200 OK
Content-Length: 88
Content-Type: application/json; charset=utf-8
cache-control: no-cache

10:12:25.535 [AsyncHttpClient-1-17] DEBUG org.asynchttpclient.netty.channel.ChannelManager - Adding key: http://localhost:17347 for channel [id: 0xd5afaeef, L:/127.0.0.1:51570 - R:localhost/127.0.0.1:17347]
10:12:25.536 [Forwarding clickElement on session a41b7c3cbed30c4654abba4ded73beab to remote] DEBUG org.asynchttpclient.netty.request.NettyRequestSender - Using pooled Channel '[id: 0xd5afaeef, L:/127.0.0.1:51570 - R:localhost/127.0.0.1:17347]' for 'POST' to 'http://localhost:17347/session/a41b7c3cbed30c4654abba4ded73beab/element/2b3a155f-e68e-4ef0-9e1a-118070f4fe53/click'
10:12:25.536 [Forwarding clickElement on session a41b7c3cbed30c4654abba4ded73beab to remote] DEBUG org.asynchttpclient.netty.request.NettyRequestSender - Using open Channel [id: 0xd5afaeef, L:/127.0.0.1:51570 - R:localhost/127.0.0.1:17347] for POST '/session/a41b7c3cbed30c4654abba4ded73beab/element/2b3a155f-e68e-4ef0-9e1a-118070f4fe53/click'
10:12:25.577 [AsyncHttpClient-1-17] DEBUG org.asynchttpclient.netty.handler.HttpHandler - 

Request DefaultHttpRequest(decodeResult: success, version: HTTP/1.1)
POST /session/a41b7c3cbed30c4654abba4ded73beab/element/2b3a155f-e68e-4ef0-9e1a-118070f4fe53/click HTTP/1.1
User-Agent: selenium/4.8.1 (java windows)
Content-Length: 50
Content-Type: application/json; charset=utf-8
host: localhost:17347
accept: */*

Response DefaultHttpResponse(decodeResult: success, version: HTTP/1.1)
HTTP/1.1 200 OK
Content-Length: 14
Content-Type: application/json; charset=utf-8
cache-control: no-cache

10:12:25.577 [AsyncHttpClient-1-17] DEBUG org.asynchttpclient.netty.channel.ChannelManager - Adding key: http://localhost:17347 for channel [id: 0xd5afaeef, L:/127.0.0.1:51570 - R:localhost/127.0.0.1:17347]
10:12:25.581 [Forwarding getAlertText on session a41b7c3cbed30c4654abba4ded73beab to remote] DEBUG org.asynchttpclient.netty.request.NettyRequestSender - Using pooled Channel '[id: 0xd5afaeef, L:/127.0.0.1:51570 - R:localhost/127.0.0.1:17347]' for 'GET' to 'http://localhost:17347/session/a41b7c3cbed30c4654abba4ded73beab/alert/text'
10:12:25.581 [Forwarding getAlertText on session a41b7c3cbed30c4654abba4ded73beab to remote] DEBUG org.asynchttpclient.netty.request.NettyRequestSender - Using open Channel [id: 0xd5afaeef, L:/127.0.0.1:51570 - R:localhost/127.0.0.1:17347] for GET '/session/a41b7c3cbed30c4654abba4ded73beab/alert/text'
10:12:25.585 [AsyncHttpClient-1-17] DEBUG org.asynchttpclient.netty.handler.HttpHandler - 

Request DefaultFullHttpRequest(decodeResult: success, version: HTTP/1.1, content: EmptyByteBufBE)
GET /session/a41b7c3cbed30c4654abba4ded73beab/alert/text HTTP/1.1
User-Agent: selenium/4.8.1 (java windows)
Cache-Control: no-cache
Content-Type: application/json; charset=utf-8
host: localhost:17347
accept: */*

Response DefaultHttpResponse(decodeResult: success, version: HTTP/1.1)
HTTP/1.1 404 Not Found
Content-Length: 836
Content-Type: application/json; charset=utf-8
cache-control: no-cache

10:12:25.585 [AsyncHttpClient-1-17] DEBUG org.asynchttpclient.netty.channel.ChannelManager - Adding key: http://localhost:17347 for channel [id: 0xd5afaeef, L:/127.0.0.1:51570 - R:localhost/127.0.0.1:17347]
10:12:25.586 [Forwarding getCurrentUrl on session a41b7c3cbed30c4654abba4ded73beab to remote] DEBUG org.asynchttpclient.netty.request.NettyRequestSender - Using pooled Channel '[id: 0xd5afaeef, L:/127.0.0.1:51570 - R:localhost/127.0.0.1:17347]' for 'GET' to 'http://localhost:17347/session/a41b7c3cbed30c4654abba4ded73beab/url'
10:12:25.586 [Forwarding getCurrentUrl on session a41b7c3cbed30c4654abba4ded73beab to remote] DEBUG org.asynchttpclient.netty.request.NettyRequestSender - Using open Channel [id: 0xd5afaeef, L:/127.0.0.1:51570 - R:localhost/127.0.0.1:17347] for GET '/session/a41b7c3cbed30c4654abba4ded73beab/url'
10:12:25.588 [AsyncHttpClient-1-17] DEBUG org.asynchttpclient.netty.handler.HttpHandler - 

Request DefaultFullHttpRequest(decodeResult: success, version: HTTP/1.1, content: EmptyByteBufBE)
GET /session/a41b7c3cbed30c4654abba4ded73beab/url HTTP/1.1
User-Agent: selenium/4.8.1 (java windows)
Cache-Control: no-cache
Content-Type: application/json; charset=utf-8
host: localhost:17347
accept: */*

Response DefaultHttpResponse(decodeResult: success, version: HTTP/1.1)
HTTP/1.1 200 OK
Content-Length: 51
Content-Type: application/json; charset=utf-8
cache-control: no-cache

10:12:25.588 [AsyncHttpClient-1-17] DEBUG org.asynchttpclient.netty.channel.ChannelManager - Adding key: http://localhost:17347 for channel [id: 0xd5afaeef, L:/127.0.0.1:51570 - R:localhost/127.0.0.1:17347]
10:12:25.589 [Forwarding screenshot on session a41b7c3cbed30c4654abba4ded73beab to remote] DEBUG org.asynchttpclient.netty.request.NettyRequestSender - Using pooled Channel '[id: 0xd5afaeef, L:/127.0.0.1:51570 - R:localhost/127.0.0.1:17347]' for 'GET' to 'http://localhost:17347/session/a41b7c3cbed30c4654abba4ded73beab/screenshot'
10:12:25.589 [Forwarding screenshot on session a41b7c3cbed30c4654abba4ded73beab to remote] DEBUG org.asynchttpclient.netty.request.NettyRequestSender - Using open Channel [id: 0xd5afaeef, L:/127.0.0.1:51570 - R:localhost/127.0.0.1:17347] for GET '/session/a41b7c3cbed30c4654abba4ded73beab/screenshot'
10:12:25.717 [AsyncHttpClient-1-17] DEBUG org.asynchttpclient.netty.handler.HttpHandler - 

Request DefaultFullHttpRequest(decodeResult: success, version: HTTP/1.1, content: EmptyByteBufBE)
GET /session/a41b7c3cbed30c4654abba4ded73beab/screenshot HTTP/1.1
User-Agent: selenium/4.8.1 (java windows)
Cache-Control: no-cache
Content-Type: application/json; charset=utf-8
host: localhost:17347
accept: */*

Response DefaultHttpResponse(decodeResult: success, version: HTTP/1.1)
HTTP/1.1 200 OK
Content-Length: 38936
Content-Type: application/json; charset=utf-8
cache-control: no-cache

10:12:25.717 [AsyncHttpClient-1-17] DEBUG org.asynchttpclient.netty.channel.ChannelManager - Adding key: http://localhost:17347 for channel [id: 0xd5afaeef, L:/127.0.0.1:51570 - R:localhost/127.0.0.1:17347]
10:12:25.719 [main] DEBUG net.serenitybdd.core.photography.Darkroom - Send negative for processing for target\site\serenity\9b0f2e6095ab687a3715e24e38662228660434759ffa012a54fcd29b7a528182.png
10:12:25.719 [main] DEBUG net.thucydides.core.steps.StepInterceptor - STEP DONE: clickLoginButton
10:12:25.719 [Darkroom Processing Line] DEBUG net.serenitybdd.core.photography.DarkroomProcessingLine - Processing screenshot image in /var/screenshots/screenshot-14318227096975289857
10:12:25.719 [Darkroom Processing Line] DEBUG net.serenitybdd.core.photography.DarkroomProcessingLine - Saving screenshot to target\site\serenity\9b0f2e6095ab687a3715e24e38662228660434759ffa012a54fcd29b7a528182.png
  &amp#27;[32mWhen &amp#27;[0m&amp#27;[32mI click on the login button&amp#27;[0m                      &amp#27;[90m# starter.stepdefinitions.LoginSteps.clickLoginButton()&amp#27;[0m
10:12:25.727 [Forwarding getPageSource on session a41b7c3cbed30c4654abba4ded73beab to remote] DEBUG org.asynchttpclient.netty.request.NettyRequestSender - Using pooled Channel '[id: 0xd5afaeef, L:/127.0.0.1:51570 - R:localhost/127.0.0.1:17347]' for 'POST' to 'http://localhost:17347/session/a41b7c3cbed30c4654abba4ded73beab/execute/sync'
10:12:25.727 [Forwarding getPageSource on session a41b7c3cbed30c4654abba4ded73beab to remote] DEBUG org.asynchttpclient.netty.request.NettyRequestSender - Using open Channel [id: 0xd5afaeef, L:/127.0.0.1:51570 - R:localhost/127.0.0.1:17347] for POST '/session/a41b7c3cbed30c4654abba4ded73beab/execute/sync'
10:12:25.744 [AsyncHttpClient-1-17] DEBUG org.asynchttpclient.netty.handler.HttpHandler - 

Request DefaultHttpRequest(decodeResult: success, version: HTTP/1.1)
POST /session/a41b7c3cbed30c4654abba4ded73beab/execute/sync HTTP/1.1
User-Agent: selenium/4.8.1 (java windows)
Content-Length: 176
Content-Type: application/json; charset=utf-8
host: localhost:17347
accept: */*

Response DefaultHttpResponse(decodeResult: success, version: HTTP/1.1)
HTTP/1.1 200 OK
Content-Length: 28798
Content-Type: application/json; charset=utf-8
cache-control: no-cache

10:12:25.744 [AsyncHttpClient-1-17] DEBUG org.asynchttpclient.netty.channel.ChannelManager - Adding key: http://localhost:17347 for channel [id: 0xd5afaeef, L:/127.0.0.1:51570 - R:localhost/127.0.0.1:17347]
10:12:25.746 [Forwarding getCurrentUrl on session a41b7c3cbed30c4654abba4ded73beab to remote] DEBUG org.asynchttpclient.netty.request.NettyRequestSender - Using pooled Channel '[id: 0xd5afaeef, L:/127.0.0.1:51570 - R:localhost/127.0.0.1:17347]' for 'GET' to 'http://localhost:17347/session/a41b7c3cbed30c4654abba4ded73beab/url'
10:12:25.746 [Forwarding getCurrentUrl on session a41b7c3cbed30c4654abba4ded73beab to remote] DEBUG org.asynchttpclient.netty.request.NettyRequestSender - Using open Channel [id: 0xd5afaeef, L:/127.0.0.1:51570 - R:localhost/127.0.0.1:17347] for GET '/session/a41b7c3cbed30c4654abba4ded73beab/url'
10:12:25.749 [AsyncHttpClient-1-17] DEBUG org.asynchttpclient.netty.handler.HttpHandler - 

Request DefaultFullHttpRequest(decodeResult: success, version: HTTP/1.1, content: EmptyByteBufBE)
GET /session/a41b7c3cbed30c4654abba4ded73beab/url HTTP/1.1
User-Agent: selenium/4.8.1 (java windows)
Cache-Control: no-cache
Content-Type: application/json; charset=utf-8
host: localhost:17347
accept: */*

Response DefaultHttpResponse(decodeResult: success, version: HTTP/1.1)
HTTP/1.1 200 OK
Content-Length: 41
Content-Type: application/json; charset=utf-8
cache-control: no-cache

10:12:25.749 [AsyncHttpClient-1-17] DEBUG org.asynchttpclient.netty.channel.ChannelManager - Adding key: http://localhost:17347 for channel [id: 0xd5afaeef, L:/127.0.0.1:51570 - R:localhost/127.0.0.1:17347]
10:12:25.754 [Forwarding getPageSource on session a41b7c3cbed30c4654abba4ded73beab to remote] DEBUG org.asynchttpclient.netty.request.NettyRequestSender - Using pooled Channel '[id: 0xd5afaeef, L:/127.0.0.1:51570 - R:localhost/127.0.0.1:17347]' for 'POST' to 'http://localhost:17347/session/a41b7c3cbed30c4654abba4ded73beab/execute/sync'
10:12:25.754 [Forwarding getPageSource on session a41b7c3cbed30c4654abba4ded73beab to remote] DEBUG org.asynchttpclient.netty.request.NettyRequestSender - Using open Channel [id: 0xd5afaeef, L:/127.0.0.1:51570 - R:localhost/127.0.0.1:17347] for POST '/session/a41b7c3cbed30c4654abba4ded73beab/execute/sync'
10:12:25.758 [AsyncHttpClient-1-17] DEBUG org.asynchttpclient.netty.handler.HttpHandler - 

Request DefaultHttpRequest(decodeResult: success, version: HTTP/1.1)
POST /session/a41b7c3cbed30c4654abba4ded73beab/execute/sync HTTP/1.1
User-Agent: selenium/4.8.1 (java windows)
Content-Length: 176
Content-Type: application/json; charset=utf-8
host: localhost:17347
accept: */*

Response DefaultHttpResponse(decodeResult: success, version: HTTP/1.1)
HTTP/1.1 200 OK
Content-Length: 28798
Content-Type: application/json; charset=utf-8
cache-control: no-cache

10:12:25.758 [AsyncHttpClient-1-17] DEBUG org.asynchttpclient.netty.channel.ChannelManager - Adding key: http://localhost:17347 for channel [id: 0xd5afaeef, L:/127.0.0.1:51570 - R:localhost/127.0.0.1:17347]
10:12:25.760 [Forwarding getCurrentUrl on session a41b7c3cbed30c4654abba4ded73beab to remote] DEBUG org.asynchttpclient.netty.request.NettyRequestSender - Using pooled Channel '[id: 0xd5afaeef, L:/127.0.0.1:51570 - R:localhost/127.0.0.1:17347]' for 'GET' to 'http://localhost:17347/session/a41b7c3cbed30c4654abba4ded73beab/url'
10:12:25.760 [Forwarding getCurrentUrl on session a41b7c3cbed30c4654abba4ded73beab to remote] DEBUG org.asynchttpclient.netty.request.NettyRequestSender - Using open Channel [id: 0xd5afaeef, L:/127.0.0.1:51570 - R:localhost/127.0.0.1:17347] for GET '/session/a41b7c3cbed30c4654abba4ded73beab/url'
10:12:25.762 [AsyncHttpClient-1-17] DEBUG org.asynchttpclient.netty.handler.HttpHandler - 

Request DefaultFullHttpRequest(decodeResult: success, version: HTTP/1.1, content: EmptyByteBufBE)
GET /session/a41b7c3cbed30c4654abba4ded73beab/url HTTP/1.1
User-Agent: selenium/4.8.1 (java windows)
Cache-Control: no-cache
Content-Type: application/json; charset=utf-8
host: localhost:17347
accept: */*

Response DefaultHttpResponse(decodeResult: success, version: HTTP/1.1)
HTTP/1.1 200 OK
Content-Length: 41
Content-Type: application/json; charset=utf-8
cache-control: no-cache

10:12:25.762 [AsyncHttpClient-1-17] DEBUG org.asynchttpclient.netty.channel.ChannelManager - Adding key: http://localhost:17347 for channel [id: 0xd5afaeef, L:/127.0.0.1:51570 - R:localhost/127.0.0.1:17347]
10:12:25.763 [main] DEBUG net.thucydides.core.steps.StepInterceptor - STARTING STEP: LoginSteps.validateOnHomePage - validateOnHomePage
10:12:25.765 [Forwarding findElement on session a41b7c3cbed30c4654abba4ded73beab to remote] DEBUG org.asynchttpclient.netty.request.NettyRequestSender - Using pooled Channel '[id: 0xd5afaeef, L:/127.0.0.1:51570 - R:localhost/127.0.0.1:17347]' for 'POST' to 'http://localhost:17347/session/a41b7c3cbed30c4654abba4ded73beab/element'
10:12:25.765 [Forwarding findElement on session a41b7c3cbed30c4654abba4ded73beab to remote] DEBUG org.asynchttpclient.netty.request.NettyRequestSender - Using open Channel [id: 0xd5afaeef, L:/127.0.0.1:51570 - R:localhost/127.0.0.1:17347] for POST '/session/a41b7c3cbed30c4654abba4ded73beab/element'
10:12:25.773 [AsyncHttpClient-1-17] DEBUG org.asynchttpclient.netty.handler.HttpHandler - 

Request DefaultHttpRequest(decodeResult: success, version: HTTP/1.1)
POST /session/a41b7c3cbed30c4654abba4ded73beab/element HTTP/1.1
User-Agent: selenium/4.8.1 (java windows)
Content-Length: 54
Content-Type: application/json; charset=utf-8
host: localhost:17347
accept: */*

Response DefaultHttpResponse(decodeResult: success, version: HTTP/1.1)
HTTP/1.1 200 OK
Content-Length: 88
Content-Type: application/json; charset=utf-8
cache-control: no-cache

10:12:25.773 [AsyncHttpClient-1-17] DEBUG org.asynchttpclient.netty.channel.ChannelManager - Adding key: http://localhost:17347 for channel [id: 0xd5afaeef, L:/127.0.0.1:51570 - R:localhost/127.0.0.1:17347]
10:12:25.775 [Forwarding isElementDisplayed on session a41b7c3cbed30c4654abba4ded73beab to remote] DEBUG org.asynchttpclient.netty.request.NettyRequestSender - Using pooled Channel '[id: 0xd5afaeef, L:/127.0.0.1:51570 - R:localhost/127.0.0.1:17347]' for 'POST' to 'http://localhost:17347/session/a41b7c3cbed30c4654abba4ded73beab/execute/sync'
10:12:25.775 [Forwarding isElementDisplayed on session a41b7c3cbed30c4654abba4ded73beab to remote] DEBUG org.asynchttpclient.netty.request.NettyRequestSender - Using open Channel [id: 0xd5afaeef, L:/127.0.0.1:51570 - R:localhost/127.0.0.1:17347] for POST '/session/a41b7c3cbed30c4654abba4ded73beab/execute/sync'
10:12:25.787 [AsyncHttpClient-1-17] DEBUG org.asynchttpclient.netty.handler.HttpHandler - 

Request DefaultHttpRequest(decodeResult: success, version: HTTP/1.1)
POST /session/a41b7c3cbed30c4654abba4ded73beab/execute/sync HTTP/1.1
User-Agent: selenium/4.8.1 (java windows)
Content-Length: 48807
Content-Type: application/json; charset=utf-8
host: localhost:17347
accept: */*

Response DefaultHttpResponse(decodeResult: success, version: HTTP/1.1)
HTTP/1.1 200 OK
Content-Length: 14
Content-Type: application/json; charset=utf-8
cache-control: no-cache

10:12:25.787 [AsyncHttpClient-1-17] DEBUG org.asynchttpclient.netty.channel.ChannelManager - Adding key: http://localhost:17347 for channel [id: 0xd5afaeef, L:/127.0.0.1:51570 - R:localhost/127.0.0.1:17347]
10:12:25.792 [Forwarding getAlertText on session a41b7c3cbed30c4654abba4ded73beab to remote] DEBUG org.asynchttpclient.netty.request.NettyRequestSender - Using pooled Channel '[id: 0xd5afaeef, L:/127.0.0.1:51570 - R:localhost/127.0.0.1:17347]' for 'GET' to 'http://localhost:17347/session/a41b7c3cbed30c4654abba4ded73beab/alert/text'
10:12:25.792 [Forwarding getAlertText on session a41b7c3cbed30c4654abba4ded73beab to remote] DEBUG org.asynchttpclient.netty.request.NettyRequestSender - Using open Channel [id: 0xd5afaeef, L:/127.0.0.1:51570 - R:localhost/127.0.0.1:17347] for GET '/session/a41b7c3cbed30c4654abba4ded73beab/alert/text'
10:12:25.793 [AsyncHttpClient-1-17] DEBUG org.asynchttpclient.netty.handler.HttpHandler - 

Request DefaultFullHttpRequest(decodeResult: success, version: HTTP/1.1, content: EmptyByteBufBE)
GET /session/a41b7c3cbed30c4654abba4ded73beab/alert/text HTTP/1.1
User-Agent: selenium/4.8.1 (java windows)
Cache-Control: no-cache
Content-Type: application/json; charset=utf-8
host: localhost:17347
accept: */*

Response DefaultHttpResponse(decodeResult: success, version: HTTP/1.1)
HTTP/1.1 404 Not Found
Content-Length: 836
Content-Type: application/json; charset=utf-8
cache-control: no-cache

10:12:25.794 [AsyncHttpClient-1-17] DEBUG org.asynchttpclient.netty.channel.ChannelManager - Adding key: http://localhost:17347 for channel [id: 0xd5afaeef, L:/127.0.0.1:51570 - R:localhost/127.0.0.1:17347]
10:12:25.794 [Forwarding getCurrentUrl on session a41b7c3cbed30c4654abba4ded73beab to remote] DEBUG org.asynchttpclient.netty.request.NettyRequestSender - Using pooled Channel '[id: 0xd5afaeef, L:/127.0.0.1:51570 - R:localhost/127.0.0.1:17347]' for 'GET' to 'http://localhost:17347/session/a41b7c3cbed30c4654abba4ded73beab/url'
10:12:25.794 [Forwarding getCurrentUrl on session a41b7c3cbed30c4654abba4ded73beab to remote] DEBUG org.asynchttpclient.netty.request.NettyRequestSender - Using open Channel [id: 0xd5afaeef, L:/127.0.0.1:51570 - R:localhost/127.0.0.1:17347] for GET '/session/a41b7c3cbed30c4654abba4ded73beab/url'
10:12:25.797 [AsyncHttpClient-1-17] DEBUG org.asynchttpclient.netty.handler.HttpHandler - 

Request DefaultFullHttpRequest(decodeResult: success, version: HTTP/1.1, content: EmptyByteBufBE)
GET /session/a41b7c3cbed30c4654abba4ded73beab/url HTTP/1.1
User-Agent: selenium/4.8.1 (java windows)
Cache-Control: no-cache
Content-Type: application/json; charset=utf-8
host: localhost:17347
accept: */*

Response DefaultHttpResponse(decodeResult: success, version: HTTP/1.1)
HTTP/1.1 200 OK
Content-Length: 41
Content-Type: application/json; charset=utf-8
cache-control: no-cache

10:12:25.797 [AsyncHttpClient-1-17] DEBUG org.asynchttpclient.netty.channel.ChannelManager - Adding key: http://localhost:17347 for channel [id: 0xd5afaeef, L:/127.0.0.1:51570 - R:localhost/127.0.0.1:17347]
10:12:25.798 [Forwarding screenshot on session a41b7c3cbed30c4654abba4ded73beab to remote] DEBUG org.asynchttpclient.netty.request.NettyRequestSender - Using pooled Channel '[id: 0xd5afaeef, L:/127.0.0.1:51570 - R:localhost/127.0.0.1:17347]' for 'GET' to 'http://localhost:17347/session/a41b7c3cbed30c4654abba4ded73beab/screenshot'
10:12:25.798 [Forwarding screenshot on session a41b7c3cbed30c4654abba4ded73beab to remote] DEBUG org.asynchttpclient.netty.request.NettyRequestSender - Using open Channel [id: 0xd5afaeef, L:/127.0.0.1:51570 - R:localhost/127.0.0.1:17347] for GET '/session/a41b7c3cbed30c4654abba4ded73beab/screenshot'
10:12:25.998 [AsyncHttpClient-1-1] DEBUG org.asynchttpclient.netty.channel.DefaultChannelPool - Entry count for : http://localhost:51571 : 1
10:12:26.534 [AsyncHttpClient-1-17] DEBUG org.asynchttpclient.netty.handler.HttpHandler - 

Request DefaultFullHttpRequest(decodeResult: success, version: HTTP/1.1, content: EmptyByteBufBE)
GET /session/a41b7c3cbed30c4654abba4ded73beab/screenshot HTTP/1.1
User-Agent: selenium/4.8.1 (java windows)
Cache-Control: no-cache
Content-Type: application/json; charset=utf-8
host: localhost:17347
accept: */*

Response DefaultHttpResponse(decodeResult: success, version: HTTP/1.1)
HTTP/1.1 200 OK
Content-Length: 33920
Content-Type: application/json; charset=utf-8
cache-control: no-cache

10:12:26.534 [AsyncHttpClient-1-17] DEBUG org.asynchttpclient.netty.channel.ChannelManager - Adding key: http://localhost:17347 for channel [id: 0xd5afaeef, L:/127.0.0.1:51570 - R:localhost/127.0.0.1:17347]
10:12:26.536 [main] DEBUG net.serenitybdd.core.photography.Darkroom - Send negative for processing for target\site\serenity\cb893cd99e39158d050c2a46c374bb6113c631eb40e16c8330ca11c0187019dc.png
10:12:26.536 [main] DEBUG net.thucydides.core.steps.StepInterceptor - STEP DONE: validateOnHomePage
  &amp#27;[32mThen &amp#27;[0m&amp#27;[32mI should be redirected to my alta-shop home page&amp#27;[0m &amp#27;[90m# starter.stepdefinitions.LoginSteps.validateOnHomePage()&amp#27;[0m
10:12:26.536 [Darkroom Processing Line] DEBUG net.serenitybdd.core.photography.DarkroomProcessingLine - Processing screenshot image in /var/screenshots/screenshot-4425202839355757626
10:12:26.536 [Darkroom Processing Line] DEBUG net.serenitybdd.core.photography.DarkroomProcessingLine - Saving screenshot to target\site\serenity\cb893cd99e39158d050c2a46c374bb6113c631eb40e16c8330ca11c0187019dc.png
10:12:26.540 [main] INFO  - 
  _____   ___   ___   _____     ___     _     ___   ___   ___   ___  
 |_   _| | __| / __| |_   _|   | _ \   /_\   / __| / __| | __| |   \ 
   | |   | _|  \__ \   | |     |  _/  / _ \  \__ \ \__ \ | _|  | |) |
   |_|   |___| |___/   |_|     |_|   /_/ \_\ |___/ |___/ |___| |___/ 

Login with correct credentials
----------------------------------------------------------------------
10:12:26.542 [AsyncHttpClient-1-19] DEBUG org.asynchttpclient.netty.handler.WebSocketHandler - Channel Closed: [id: 0x5bf588aa, L:/127.0.0.1:51578 ! R:localhost/127.0.0.1:51571] with attribute NettyResponseFuture{currentRetry=0,
	isDone=1,
	isCancelled=0,
	asyncHandler=org.asynchttpclient.ws.WebSocketUpgradeHandler@19c7854e,
	nettyRequest=org.asynchttpclient.netty.request.NettyRequest@5cc51812,
	future=java.util.concurrent.CompletableFuture@306753aa[Completed normally],
	uri=ws://localhost:51571/devtools/browser/f4a2df8f-9b56-47bd-b2e5-e14c8c59d980,
	keepAlive=true,
	redirectCount=0,
	timeoutsHolder=null,
	inAuth=0,
	touch=1683429143822}
10:12:26.542 [Driver Command Executor] DEBUG org.asynchttpclient.netty.request.NettyRequestSender - Using pooled Channel '[id: 0xd5afaeef, L:/127.0.0.1:51570 - R:localhost/127.0.0.1:17347]' for 'DELETE' to 'http://localhost:17347/session/a41b7c3cbed30c4654abba4ded73beab'
10:12:26.542 [AsyncHttpClient-1-19] DEBUG org.asynchttpclient.netty.channel.ChannelManager - Closing Channel [id: 0x5bf588aa, L:/127.0.0.1:51578 ! R:localhost/127.0.0.1:51571] 
10:12:26.542 [Driver Command Executor] DEBUG org.asynchttpclient.netty.request.NettyRequestSender - Using open Channel [id: 0xd5afaeef, L:/127.0.0.1:51570 - R:localhost/127.0.0.1:17347] for DELETE '/session/a41b7c3cbed30c4654abba4ded73beab'
10:12:26.658 [AsyncHttpClient-1-18] DEBUG org.asynchttpclient.netty.handler.HttpHandler - Unexpected I/O exception on channel [id: 0x38de62f7, L:/127.0.0.1:51577 - R:localhost/127.0.0.1:51571]
java.io.IOException: An existing connection was forcibly closed by the remote host
	at java.base/sun.nio.ch.SocketDispatcher.read0(Native Method)
	at java.base/sun.nio.ch.SocketDispatcher.read(SocketDispatcher.java:43)
	at java.base/sun.nio.ch.IOUtil.readIntoNativeBuffer(IOUtil.java:276)
	at java.base/sun.nio.ch.IOUtil.read(IOUtil.java:233)
	at java.base/sun.nio.ch.IOUtil.read(IOUtil.java:223)
	at java.base/sun.nio.ch.SocketChannelImpl.read(SocketChannelImpl.java:358)
	at io.netty.buffer.PooledByteBuf.setBytes(PooledByteBuf.java:259)
	at io.netty.buffer.AbstractByteBuf.writeBytes(AbstractByteBuf.java:1132)
	at io.netty.channel.socket.nio.NioSocketChannel.doReadBytes(NioSocketChannel.java:357)
	at io.netty.channel.nio.AbstractNioByteChannel$NioByteUnsafe.read(AbstractNioByteChannel.java:151)
	at io.netty.channel.nio.NioEventLoop.processSelectedKey(NioEventLoop.java:788)
	at io.netty.channel.nio.NioEventLoop.processSelectedKeysOptimized(NioEventLoop.java:724)
	at io.netty.channel.nio.NioEventLoop.processSelectedKeys(NioEventLoop.java:650)
	at io.netty.channel.nio.NioEventLoop.run(NioEventLoop.java:562)
	at io.netty.util.concurrent.SingleThreadEventExecutor$4.run(SingleThreadEventExecutor.java:997)
	at io.netty.util.internal.ThreadExecutorMap$2.run(ThreadExecutorMap.java:74)
	at io.netty.util.concurrent.FastThreadLocalRunnable.run(FastThreadLocalRunnable.java:30)
	at java.base/java.lang.Thread.run(Thread.java:834)
10:12:26.659 [AsyncHttpClient-1-18] DEBUG org.asynchttpclient.netty.channel.ChannelManager - Closing Channel [id: 0x38de62f7, L:/127.0.0.1:51577 - R:localhost/127.0.0.1:51571] 
10:12:26.659 [AsyncHttpClient-1-18] DEBUG org.asynchttpclient.netty.handler.HttpHandler - Channel Closed: [id: 0x38de62f7, L:/127.0.0.1:51577 ! R:localhost/127.0.0.1:51571] with attribute DISCARD
10:12:26.666 [AsyncHttpClient-1-17] DEBUG org.asynchttpclient.netty.handler.HttpHandler - 

Request DefaultFullHttpRequest(decodeResult: success, version: HTTP/1.1, content: EmptyByteBufBE)
DELETE /session/a41b7c3cbed30c4654abba4ded73beab HTTP/1.1
User-Agent: selenium/4.8.1 (java windows)
Content-Type: application/json; charset=utf-8
host: localhost:17347
accept: */*

Response DefaultHttpResponse(decodeResult: success, version: HTTP/1.1)
HTTP/1.1 200 OK
Content-Length: 14
Content-Type: application/json; charset=utf-8
cache-control: no-cache

10:12:26.666 [AsyncHttpClient-1-17] DEBUG org.asynchttpclient.netty.channel.ChannelManager - Adding key: http://localhost:17347 for channel [id: 0xd5afaeef, L:/127.0.0.1:51570 - R:localhost/127.0.0.1:17347]
10:12:26.691 [AsyncHttpClient-1-17] DEBUG org.asynchttpclient.netty.handler.HttpHandler - Channel Closed: [id: 0xd5afaeef, L:/127.0.0.1:51570 ! R:localhost/127.0.0.1:17347] with attribute DISCARD
10:12:27.094 [AsyncHttpClient-1-1] DEBUG org.asynchttpclient.netty.channel.DefaultChannelPool - Entry count for : http://localhost:51571 : 1
10:12:27.094 [AsyncHttpClient-1-1] DEBUG org.asynchttpclient.netty.channel.DefaultChannelPool - Entry count for : http://localhost:17347 : 1
10:12:27.094 [AsyncHttpClient-1-1] DEBUG org.asynchttpclient.netty.channel.DefaultChannelPool - Adding Candidate expired Channel [id: 0x38de62f7, L:/127.0.0.1:51577 ! R:localhost/127.0.0.1:51571] isIdleTimeoutExpired=false isRemotelyClosed=true isTtlExpired=false
10:12:27.094 [AsyncHttpClient-1-1] DEBUG org.asynchttpclient.netty.channel.DefaultChannelPool - Closing Idle Channel [id: 0x38de62f7, L:/127.0.0.1:51577 ! R:localhost/127.0.0.1:51571]
10:12:27.094 [AsyncHttpClient-1-1] DEBUG org.asynchttpclient.netty.channel.DefaultChannelPool - Adding Candidate expired Channel [id: 0xd5afaeef, L:/127.0.0.1:51570 ! R:localhost/127.0.0.1:17347] isIdleTimeoutExpired=false isRemotelyClosed=true isTtlExpired=false
10:12:27.094 [AsyncHttpClient-1-1] DEBUG org.asynchttpclient.netty.channel.DefaultChannelPool - Closing Idle Channel [id: 0xd5afaeef, L:/127.0.0.1:51570 ! R:localhost/127.0.0.1:17347]
10:12:27.094 [AsyncHttpClient-1-1] DEBUG org.asynchttpclient.netty.channel.DefaultChannelPool - Closed 2 connections out of 2 in 0 ms
]]></system-out>
    <system-err><![CDATA[Starting ChromeDriver 111.0.5563.64 (c710e93d5b63b7095afe8c2c17df34408078439d-refs/branch-heads/5563@{#995}) on port 17347
Only local connections are allowed.
Please see https://chromedriver.chromium.org/security-considerations for suggestions on keeping ChromeDriver safe.
ChromeDriver was started successfully.
May 07, 2023 10:12:23 AM org.openqa.selenium.devtools.CdpVersionFinder findNearestMatch
WARNING: Unable to find an exact match for CDP version 111, so returning the closest version found: 110
]]></system-err>
  </testcase>
  <testcase name="Login with wrong password" classname="Login to Alta-shop Account" time="9.582">
    <system-out><![CDATA[
Scenario: Login with wrong password      &amp#27;[90m# src/test/resources/features/2. Login.feature:14&amp#27;[0m
10:12:27.209 [main] DEBUG io.cucumber.core.plugin.SerenityReporter - Running feature from file:///D:/WebMinpro/code/minpro/src/test/resources/features/2.%20Login.feature
10:12:27.210 [main] INFO  - 
  _____   ___   ___   _____     ___   _____     _     ___   _____   ___   ___  
 |_   _| | __| / __| |_   _|   / __| |_   _|   /_\   | _ \ |_   _| | __| |   \ 
   | |   | _|  \__ \   | |     \__ \   | |    / _ \  |   /   | |   | _|  | |) |
   |_|   |___| |___/   |_|     |___/   |_|   /_/ \_\ |_|_\   |_|   |___| |___/ 

Login with wrong password(login-to-alta-shop-account;login-with-wrong-password)
--------------------------------------------------------------------------------
10:12:27.222 [main] DEBUG net.thucydides.core.steps.StepInterceptor - STARTING STEP: LoginSteps.onTheLoginPage - openPage
10:12:27.385 [main] INFO net.serenitybdd.core.webdriver.driverproviders.ChromeDriverProvider - Starting Chrome driver instance with capabilities:
10:12:27.385 [main] INFO net.serenitybdd.core.webdriver.driverproviders.ChromeDriverProvider - Capabilities {acceptInsecureCerts: false, browserName: chrome, goog:chromeOptions: {args: [remote-allow-origins=*], extensions: []}}
10:12:27.980 [AsyncHttpClient-1-20] DEBUG org.asynchttpclient.netty.channel.NettyConnectListener - Using new Channel '[id: 0x8c59e31e, L:/127.0.0.1:51598 - R:localhost/127.0.0.1:40614]' for 'POST' to '/session'
10:12:28.512 [AsyncHttpClient-1-20] DEBUG org.asynchttpclient.netty.handler.HttpHandler - 

Request DefaultHttpRequest(decodeResult: success, version: HTTP/1.1)
POST /session HTTP/1.1
User-Agent: selenium/4.8.1 (java windows)
Content-Length: 507
Content-Type: application/json; charset=utf-8
host: localhost:40614
accept: */*

Response DefaultHttpResponse(decodeResult: success, version: HTTP/1.1)
HTTP/1.1 200 OK
Content-Length: 858
Content-Type: application/json; charset=utf-8
cache-control: no-cache

10:12:28.512 [AsyncHttpClient-1-20] DEBUG org.asynchttpclient.netty.channel.ChannelManager - Adding key: http://localhost:40614 for channel [id: 0x8c59e31e, L:/127.0.0.1:51598 - R:localhost/127.0.0.1:40614]
10:12:28.519 [AsyncHttpClient-1-21] DEBUG org.asynchttpclient.netty.channel.NettyConnectListener - Using new Channel '[id: 0xf3928f36, L:/127.0.0.1:51605 - R:localhost/127.0.0.1:51599]' for 'GET' to '/json/version'
10:12:28.521 [AsyncHttpClient-1-21] DEBUG org.asynchttpclient.netty.handler.HttpHandler - 

Request DefaultFullHttpRequest(decodeResult: success, version: HTTP/1.1, content: EmptyByteBufBE)
GET /json/version HTTP/1.1
User-Agent: selenium/4.8.1 (java windows)
host: localhost:51599
accept: */*

Response DefaultHttpResponse(decodeResult: success, version: HTTP/1.1)
HTTP/1.1 200 OK
Content-Security-Policy: frame-ancestors 'none'
Content-Length: 424
Content-Type: application/json; charset=UTF-8

10:12:28.521 [AsyncHttpClient-1-21] DEBUG org.asynchttpclient.netty.channel.ChannelManager - Adding key: http://localhost:51599 for channel [id: 0xf3928f36, L:/127.0.0.1:51605 - R:localhost/127.0.0.1:51599]
10:12:28.523 [AsyncHttpClient-1-22] DEBUG org.asynchttpclient.netty.channel.NettyConnectListener - Using new Channel '[id: 0x11b779b2, L:/127.0.0.1:51606 - R:localhost/127.0.0.1:51599]' for 'GET' to '/devtools/browser/4ae72938-5e34-4eeb-9875-74922270674c'
10:12:28.525 [AsyncHttpClient-1-22] DEBUG org.asynchttpclient.netty.handler.WebSocketHandler - 

Request DefaultFullHttpRequest(decodeResult: success, version: HTTP/1.1, content: EmptyByteBufBE)
GET /devtools/browser/4ae72938-5e34-4eeb-9875-74922270674c HTTP/1.1
upgrade: websocket
connection: upgrade
sec-websocket-key: DL4M14qtiZlsaGNQ59+Nlw==
sec-websocket-version: 13
origin: http://localhost:51599
host: localhost:51599
accept: */*
user-agent: AHC/2.1

Response DefaultHttpResponse(decodeResult: success, version: HTTP/1.1)
HTTP/1.1 101 WebSocket Protocol Handshake
Upgrade: WebSocket
Connection: Upgrade
Sec-WebSocket-Accept: LwqqDCl43Pc0vQckjOqj0wCpn7U=

10:12:28.529 [Forwarding get on session f422f4022c1347ce1568b8f0ff0c3dda to remote] DEBUG org.asynchttpclient.netty.request.NettyRequestSender - Using pooled Channel '[id: 0x8c59e31e, L:/127.0.0.1:51598 - R:localhost/127.0.0.1:40614]' for 'POST' to 'http://localhost:40614/session/f422f4022c1347ce1568b8f0ff0c3dda/url'
10:12:28.529 [Forwarding get on session f422f4022c1347ce1568b8f0ff0c3dda to remote] DEBUG org.asynchttpclient.netty.request.NettyRequestSender - Using open Channel [id: 0x8c59e31e, L:/127.0.0.1:51598 - R:localhost/127.0.0.1:40614] for POST '/session/f422f4022c1347ce1568b8f0ff0c3dda/url'
10:12:29.298 [AsyncHttpClient-1-1] DEBUG org.asynchttpclient.netty.channel.DefaultChannelPool - Entry count for : http://localhost:51599 : 1
10:12:30.395 [AsyncHttpClient-1-1] DEBUG org.asynchttpclient.netty.channel.DefaultChannelPool - Entry count for : http://localhost:51599 : 1
10:12:31.495 [AsyncHttpClient-1-1] DEBUG org.asynchttpclient.netty.channel.DefaultChannelPool - Entry count for : http://localhost:51599 : 1
10:12:32.599 [AsyncHttpClient-1-1] DEBUG org.asynchttpclient.netty.channel.DefaultChannelPool - Entry count for : http://localhost:51599 : 1
10:12:33.695 [AsyncHttpClient-1-1] DEBUG org.asynchttpclient.netty.channel.DefaultChannelPool - Entry count for : http://localhost:51599 : 1
10:12:34.794 [AsyncHttpClient-1-1] DEBUG org.asynchttpclient.netty.channel.DefaultChannelPool - Entry count for : http://localhost:51599 : 1
10:12:34.974 [AsyncHttpClient-1-20] DEBUG org.asynchttpclient.netty.handler.HttpHandler - 

Request DefaultHttpRequest(decodeResult: success, version: HTTP/1.1)
POST /session/f422f4022c1347ce1568b8f0ff0c3dda/url HTTP/1.1
User-Agent: selenium/4.8.1 (java windows)
Content-Length: 74
Content-Type: application/json; charset=utf-8
host: localhost:40614
accept: */*

Response DefaultHttpResponse(decodeResult: success, version: HTTP/1.1)
HTTP/1.1 200 OK
Content-Length: 14
Content-Type: application/json; charset=utf-8
cache-control: no-cache

10:12:34.974 [AsyncHttpClient-1-20] DEBUG org.asynchttpclient.netty.channel.ChannelManager - Adding key: http://localhost:40614 for channel [id: 0x8c59e31e, L:/127.0.0.1:51598 - R:localhost/127.0.0.1:40614]
10:12:34.976 [Forwarding setTimeout on session f422f4022c1347ce1568b8f0ff0c3dda to remote] DEBUG org.asynchttpclient.netty.request.NettyRequestSender - Using pooled Channel '[id: 0x8c59e31e, L:/127.0.0.1:51598 - R:localhost/127.0.0.1:40614]' for 'POST' to 'http://localhost:40614/session/f422f4022c1347ce1568b8f0ff0c3dda/timeouts'
10:12:34.976 [Forwarding setTimeout on session f422f4022c1347ce1568b8f0ff0c3dda to remote] DEBUG org.asynchttpclient.netty.request.NettyRequestSender - Using open Channel [id: 0x8c59e31e, L:/127.0.0.1:51598 - R:localhost/127.0.0.1:40614] for POST '/session/f422f4022c1347ce1568b8f0ff0c3dda/timeouts'
10:12:34.977 [AsyncHttpClient-1-20] DEBUG org.asynchttpclient.netty.handler.HttpHandler - 

Request DefaultHttpRequest(decodeResult: success, version: HTTP/1.1)
POST /session/f422f4022c1347ce1568b8f0ff0c3dda/timeouts HTTP/1.1
User-Agent: selenium/4.8.1 (java windows)
Content-Length: 22
Content-Type: application/json; charset=utf-8
host: localhost:40614
accept: */*

Response DefaultHttpResponse(decodeResult: success, version: HTTP/1.1)
HTTP/1.1 200 OK
Content-Length: 14
Content-Type: application/json; charset=utf-8
cache-control: no-cache

10:12:34.977 [AsyncHttpClient-1-20] DEBUG org.asynchttpclient.netty.channel.ChannelManager - Adding key: http://localhost:40614 for channel [id: 0x8c59e31e, L:/127.0.0.1:51598 - R:localhost/127.0.0.1:40614]
10:12:34.980 [Forwarding getAlertText on session f422f4022c1347ce1568b8f0ff0c3dda to remote] DEBUG org.asynchttpclient.netty.request.NettyRequestSender - Using pooled Channel '[id: 0x8c59e31e, L:/127.0.0.1:51598 - R:localhost/127.0.0.1:40614]' for 'GET' to 'http://localhost:40614/session/f422f4022c1347ce1568b8f0ff0c3dda/alert/text'
10:12:34.980 [Forwarding getAlertText on session f422f4022c1347ce1568b8f0ff0c3dda to remote] DEBUG org.asynchttpclient.netty.request.NettyRequestSender - Using open Channel [id: 0x8c59e31e, L:/127.0.0.1:51598 - R:localhost/127.0.0.1:40614] for GET '/session/f422f4022c1347ce1568b8f0ff0c3dda/alert/text'
10:12:34.982 [AsyncHttpClient-1-20] DEBUG org.asynchttpclient.netty.handler.HttpHandler - 

Request DefaultFullHttpRequest(decodeResult: success, version: HTTP/1.1, content: EmptyByteBufBE)
GET /session/f422f4022c1347ce1568b8f0ff0c3dda/alert/text HTTP/1.1
User-Agent: selenium/4.8.1 (java windows)
Cache-Control: no-cache
Content-Type: application/json; charset=utf-8
host: localhost:40614
accept: */*

Response DefaultHttpResponse(decodeResult: success, version: HTTP/1.1)
HTTP/1.1 404 Not Found
Content-Length: 836
Content-Type: application/json; charset=utf-8
cache-control: no-cache

10:12:34.982 [AsyncHttpClient-1-20] DEBUG org.asynchttpclient.netty.channel.ChannelManager - Adding key: http://localhost:40614 for channel [id: 0x8c59e31e, L:/127.0.0.1:51598 - R:localhost/127.0.0.1:40614]
10:12:34.983 [Forwarding getCurrentUrl on session f422f4022c1347ce1568b8f0ff0c3dda to remote] DEBUG org.asynchttpclient.netty.request.NettyRequestSender - Using pooled Channel '[id: 0x8c59e31e, L:/127.0.0.1:51598 - R:localhost/127.0.0.1:40614]' for 'GET' to 'http://localhost:40614/session/f422f4022c1347ce1568b8f0ff0c3dda/url'
10:12:34.983 [Forwarding getCurrentUrl on session f422f4022c1347ce1568b8f0ff0c3dda to remote] DEBUG org.asynchttpclient.netty.request.NettyRequestSender - Using open Channel [id: 0x8c59e31e, L:/127.0.0.1:51598 - R:localhost/127.0.0.1:40614] for GET '/session/f422f4022c1347ce1568b8f0ff0c3dda/url'
10:12:34.986 [AsyncHttpClient-1-20] DEBUG org.asynchttpclient.netty.handler.HttpHandler - 

Request DefaultFullHttpRequest(decodeResult: success, version: HTTP/1.1, content: EmptyByteBufBE)
GET /session/f422f4022c1347ce1568b8f0ff0c3dda/url HTTP/1.1
User-Agent: selenium/4.8.1 (java windows)
Cache-Control: no-cache
Content-Type: application/json; charset=utf-8
host: localhost:40614
accept: */*

Response DefaultHttpResponse(decodeResult: success, version: HTTP/1.1)
HTTP/1.1 200 OK
Content-Length: 51
Content-Type: application/json; charset=utf-8
cache-control: no-cache

10:12:34.986 [AsyncHttpClient-1-20] DEBUG org.asynchttpclient.netty.channel.ChannelManager - Adding key: http://localhost:40614 for channel [id: 0x8c59e31e, L:/127.0.0.1:51598 - R:localhost/127.0.0.1:40614]
10:12:34.987 [Forwarding screenshot on session f422f4022c1347ce1568b8f0ff0c3dda to remote] DEBUG org.asynchttpclient.netty.request.NettyRequestSender - Using pooled Channel '[id: 0x8c59e31e, L:/127.0.0.1:51598 - R:localhost/127.0.0.1:40614]' for 'GET' to 'http://localhost:40614/session/f422f4022c1347ce1568b8f0ff0c3dda/screenshot'
10:12:34.987 [Forwarding screenshot on session f422f4022c1347ce1568b8f0ff0c3dda to remote] DEBUG org.asynchttpclient.netty.request.NettyRequestSender - Using open Channel [id: 0x8c59e31e, L:/127.0.0.1:51598 - R:localhost/127.0.0.1:40614] for GET '/session/f422f4022c1347ce1568b8f0ff0c3dda/screenshot'
10:12:35.071 [AsyncHttpClient-1-20] DEBUG org.asynchttpclient.netty.handler.HttpHandler - 

Request DefaultFullHttpRequest(decodeResult: success, version: HTTP/1.1, content: EmptyByteBufBE)
GET /session/f422f4022c1347ce1568b8f0ff0c3dda/screenshot HTTP/1.1
User-Agent: selenium/4.8.1 (java windows)
Cache-Control: no-cache
Content-Type: application/json; charset=utf-8
host: localhost:40614
accept: */*

Response DefaultHttpResponse(decodeResult: success, version: HTTP/1.1)
HTTP/1.1 200 OK
Content-Length: 32748
Content-Type: application/json; charset=utf-8
cache-control: no-cache

10:12:35.071 [AsyncHttpClient-1-20] DEBUG org.asynchttpclient.netty.channel.ChannelManager - Adding key: http://localhost:40614 for channel [id: 0x8c59e31e, L:/127.0.0.1:51598 - R:localhost/127.0.0.1:40614]
10:12:35.072 [main] DEBUG net.serenitybdd.core.photography.Darkroom - Send negative for processing for target\site\serenity\838a118defe8b2c78f320792ccc0dfcdbc689f4090a216cf0baf82906188e658.png
10:12:35.072 [main] DEBUG net.thucydides.core.steps.StepInterceptor - STEP DONE: openPage
  &amp#27;[32mGiven &amp#27;[0m&amp#27;[32mI am on the alta-shop login page&amp#27;[0m &amp#27;[90m# starter.stepdefinitions.LoginSteps.onTheLoginPage()&amp#27;[0m
10:12:35.077 [Forwarding getPageSource on session f422f4022c1347ce1568b8f0ff0c3dda to remote] DEBUG org.asynchttpclient.netty.request.NettyRequestSender - Using pooled Channel '[id: 0x8c59e31e, L:/127.0.0.1:51598 - R:localhost/127.0.0.1:40614]' for 'POST' to 'http://localhost:40614/session/f422f4022c1347ce1568b8f0ff0c3dda/execute/sync'
10:12:35.077 [Forwarding getPageSource on session f422f4022c1347ce1568b8f0ff0c3dda to remote] DEBUG org.asynchttpclient.netty.request.NettyRequestSender - Using open Channel [id: 0x8c59e31e, L:/127.0.0.1:51598 - R:localhost/127.0.0.1:40614] for POST '/session/f422f4022c1347ce1568b8f0ff0c3dda/execute/sync'
10:12:35.082 [AsyncHttpClient-1-20] DEBUG org.asynchttpclient.netty.handler.HttpHandler - 

Request DefaultHttpRequest(decodeResult: success, version: HTTP/1.1)
POST /session/f422f4022c1347ce1568b8f0ff0c3dda/execute/sync HTTP/1.1
User-Agent: selenium/4.8.1 (java windows)
Content-Length: 176
Content-Type: application/json; charset=utf-8
host: localhost:40614
accept: */*

Response DefaultHttpResponse(decodeResult: success, version: HTTP/1.1)
HTTP/1.1 200 OK
Content-Length: 21659
Content-Type: application/json; charset=utf-8
cache-control: no-cache

10:12:35.082 [AsyncHttpClient-1-20] DEBUG org.asynchttpclient.netty.channel.ChannelManager - Adding key: http://localhost:40614 for channel [id: 0x8c59e31e, L:/127.0.0.1:51598 - R:localhost/127.0.0.1:40614]
10:12:35.083 [Forwarding getCurrentUrl on session f422f4022c1347ce1568b8f0ff0c3dda to remote] DEBUG org.asynchttpclient.netty.request.NettyRequestSender - Using pooled Channel '[id: 0x8c59e31e, L:/127.0.0.1:51598 - R:localhost/127.0.0.1:40614]' for 'GET' to 'http://localhost:40614/session/f422f4022c1347ce1568b8f0ff0c3dda/url'
10:12:35.083 [Forwarding getCurrentUrl on session f422f4022c1347ce1568b8f0ff0c3dda to remote] DEBUG org.asynchttpclient.netty.request.NettyRequestSender - Using open Channel [id: 0x8c59e31e, L:/127.0.0.1:51598 - R:localhost/127.0.0.1:40614] for GET '/session/f422f4022c1347ce1568b8f0ff0c3dda/url'
10:12:35.086 [AsyncHttpClient-1-20] DEBUG org.asynchttpclient.netty.handler.HttpHandler - 

Request DefaultFullHttpRequest(decodeResult: success, version: HTTP/1.1, content: EmptyByteBufBE)
GET /session/f422f4022c1347ce1568b8f0ff0c3dda/url HTTP/1.1
User-Agent: selenium/4.8.1 (java windows)
Cache-Control: no-cache
Content-Type: application/json; charset=utf-8
host: localhost:40614
accept: */*

Response DefaultHttpResponse(decodeResult: success, version: HTTP/1.1)
HTTP/1.1 200 OK
Content-Length: 51
Content-Type: application/json; charset=utf-8
cache-control: no-cache

10:12:35.086 [AsyncHttpClient-1-20] DEBUG org.asynchttpclient.netty.channel.ChannelManager - Adding key: http://localhost:40614 for channel [id: 0x8c59e31e, L:/127.0.0.1:51598 - R:localhost/127.0.0.1:40614]
10:12:35.091 [Forwarding getPageSource on session f422f4022c1347ce1568b8f0ff0c3dda to remote] DEBUG org.asynchttpclient.netty.request.NettyRequestSender - Using pooled Channel '[id: 0x8c59e31e, L:/127.0.0.1:51598 - R:localhost/127.0.0.1:40614]' for 'POST' to 'http://localhost:40614/session/f422f4022c1347ce1568b8f0ff0c3dda/execute/sync'
10:12:35.091 [Forwarding getPageSource on session f422f4022c1347ce1568b8f0ff0c3dda to remote] DEBUG org.asynchttpclient.netty.request.NettyRequestSender - Using open Channel [id: 0x8c59e31e, L:/127.0.0.1:51598 - R:localhost/127.0.0.1:40614] for POST '/session/f422f4022c1347ce1568b8f0ff0c3dda/execute/sync'
10:12:35.094 [AsyncHttpClient-1-20] DEBUG org.asynchttpclient.netty.handler.HttpHandler - 

Request DefaultHttpRequest(decodeResult: success, version: HTTP/1.1)
POST /session/f422f4022c1347ce1568b8f0ff0c3dda/execute/sync HTTP/1.1
User-Agent: selenium/4.8.1 (java windows)
Content-Length: 176
Content-Type: application/json; charset=utf-8
host: localhost:40614
accept: */*

Response DefaultHttpResponse(decodeResult: success, version: HTTP/1.1)
HTTP/1.1 200 OK
Content-Length: 21659
Content-Type: application/json; charset=utf-8
cache-control: no-cache

10:12:35.094 [AsyncHttpClient-1-20] DEBUG org.asynchttpclient.netty.channel.ChannelManager - Adding key: http://localhost:40614 for channel [id: 0x8c59e31e, L:/127.0.0.1:51598 - R:localhost/127.0.0.1:40614]
10:12:35.096 [Forwarding getCurrentUrl on session f422f4022c1347ce1568b8f0ff0c3dda to remote] DEBUG org.asynchttpclient.netty.request.NettyRequestSender - Using pooled Channel '[id: 0x8c59e31e, L:/127.0.0.1:51598 - R:localhost/127.0.0.1:40614]' for 'GET' to 'http://localhost:40614/session/f422f4022c1347ce1568b8f0ff0c3dda/url'
10:12:35.096 [Forwarding getCurrentUrl on session f422f4022c1347ce1568b8f0ff0c3dda to remote] DEBUG org.asynchttpclient.netty.request.NettyRequestSender - Using open Channel [id: 0x8c59e31e, L:/127.0.0.1:51598 - R:localhost/127.0.0.1:40614] for GET '/session/f422f4022c1347ce1568b8f0ff0c3dda/url'
10:12:35.098 [AsyncHttpClient-1-20] DEBUG org.asynchttpclient.netty.handler.HttpHandler - 

Request DefaultFullHttpRequest(decodeResult: success, version: HTTP/1.1, content: EmptyByteBufBE)
GET /session/f422f4022c1347ce1568b8f0ff0c3dda/url HTTP/1.1
User-Agent: selenium/4.8.1 (java windows)
Cache-Control: no-cache
Content-Type: application/json; charset=utf-8
host: localhost:40614
accept: */*

Response DefaultHttpResponse(decodeResult: success, version: HTTP/1.1)
HTTP/1.1 200 OK
Content-Length: 51
Content-Type: application/json; charset=utf-8
cache-control: no-cache

10:12:35.098 [AsyncHttpClient-1-20] DEBUG org.asynchttpclient.netty.channel.ChannelManager - Adding key: http://localhost:40614 for channel [id: 0x8c59e31e, L:/127.0.0.1:51598 - R:localhost/127.0.0.1:40614]
10:12:35.099 [main] DEBUG net.thucydides.core.steps.StepInterceptor - STARTING STEP: LoginSteps.inputEmail - inputEmail
10:12:35.100 [Forwarding findElement on session f422f4022c1347ce1568b8f0ff0c3dda to remote] DEBUG org.asynchttpclient.netty.request.NettyRequestSender - Using pooled Channel '[id: 0x8c59e31e, L:/127.0.0.1:51598 - R:localhost/127.0.0.1:40614]' for 'POST' to 'http://localhost:40614/session/f422f4022c1347ce1568b8f0ff0c3dda/element'
10:12:35.100 [Forwarding findElement on session f422f4022c1347ce1568b8f0ff0c3dda to remote] DEBUG org.asynchttpclient.netty.request.NettyRequestSender - Using open Channel [id: 0x8c59e31e, L:/127.0.0.1:51598 - R:localhost/127.0.0.1:40614] for POST '/session/f422f4022c1347ce1568b8f0ff0c3dda/element'
10:12:35.109 [AsyncHttpClient-1-20] DEBUG org.asynchttpclient.netty.handler.HttpHandler - 

Request DefaultHttpRequest(decodeResult: success, version: HTTP/1.1)
POST /session/f422f4022c1347ce1568b8f0ff0c3dda/element HTTP/1.1
User-Agent: selenium/4.8.1 (java windows)
Content-Length: 55
Content-Type: application/json; charset=utf-8
host: localhost:40614
accept: */*

Response DefaultHttpResponse(decodeResult: success, version: HTTP/1.1)
HTTP/1.1 200 OK
Content-Length: 88
Content-Type: application/json; charset=utf-8
cache-control: no-cache

10:12:35.109 [AsyncHttpClient-1-20] DEBUG org.asynchttpclient.netty.channel.ChannelManager - Adding key: http://localhost:40614 for channel [id: 0x8c59e31e, L:/127.0.0.1:51598 - R:localhost/127.0.0.1:40614]
10:12:35.110 [Forwarding clearElement on session f422f4022c1347ce1568b8f0ff0c3dda to remote] DEBUG org.asynchttpclient.netty.request.NettyRequestSender - Using pooled Channel '[id: 0x8c59e31e, L:/127.0.0.1:51598 - R:localhost/127.0.0.1:40614]' for 'POST' to 'http://localhost:40614/session/f422f4022c1347ce1568b8f0ff0c3dda/element/16d85e52-491f-412a-a948-d8f42c138a9f/clear'
10:12:35.110 [Forwarding clearElement on session f422f4022c1347ce1568b8f0ff0c3dda to remote] DEBUG org.asynchttpclient.netty.request.NettyRequestSender - Using open Channel [id: 0x8c59e31e, L:/127.0.0.1:51598 - R:localhost/127.0.0.1:40614] for POST '/session/f422f4022c1347ce1568b8f0ff0c3dda/element/16d85e52-491f-412a-a948-d8f42c138a9f/clear'
10:12:35.134 [AsyncHttpClient-1-20] DEBUG org.asynchttpclient.netty.handler.HttpHandler - 

Request DefaultHttpRequest(decodeResult: success, version: HTTP/1.1)
POST /session/f422f4022c1347ce1568b8f0ff0c3dda/element/16d85e52-491f-412a-a948-d8f42c138a9f/clear HTTP/1.1
User-Agent: selenium/4.8.1 (java windows)
Content-Length: 50
Content-Type: application/json; charset=utf-8
host: localhost:40614
accept: */*

Response DefaultHttpResponse(decodeResult: success, version: HTTP/1.1)
HTTP/1.1 200 OK
Content-Length: 14
Content-Type: application/json; charset=utf-8
cache-control: no-cache

10:12:35.134 [AsyncHttpClient-1-20] DEBUG org.asynchttpclient.netty.channel.ChannelManager - Adding key: http://localhost:40614 for channel [id: 0x8c59e31e, L:/127.0.0.1:51598 - R:localhost/127.0.0.1:40614]
10:12:35.135 [Forwarding sendKeysToElement on session f422f4022c1347ce1568b8f0ff0c3dda to remote] DEBUG org.asynchttpclient.netty.request.NettyRequestSender - Using pooled Channel '[id: 0x8c59e31e, L:/127.0.0.1:51598 - R:localhost/127.0.0.1:40614]' for 'POST' to 'http://localhost:40614/session/f422f4022c1347ce1568b8f0ff0c3dda/element/16d85e52-491f-412a-a948-d8f42c138a9f/value'
10:12:35.135 [Forwarding sendKeysToElement on session f422f4022c1347ce1568b8f0ff0c3dda to remote] DEBUG org.asynchttpclient.netty.request.NettyRequestSender - Using open Channel [id: 0x8c59e31e, L:/127.0.0.1:51598 - R:localhost/127.0.0.1:40614] for POST '/session/f422f4022c1347ce1568b8f0ff0c3dda/element/16d85e52-491f-412a-a948-d8f42c138a9f/value'
10:12:35.207 [AsyncHttpClient-1-20] DEBUG org.asynchttpclient.netty.handler.HttpHandler - 

Request DefaultHttpRequest(decodeResult: success, version: HTTP/1.1)
POST /session/f422f4022c1347ce1568b8f0ff0c3dda/element/16d85e52-491f-412a-a948-d8f42c138a9f/value HTTP/1.1
User-Agent: selenium/4.8.1 (java windows)
Content-Length: 221
Content-Type: application/json; charset=utf-8
host: localhost:40614
accept: */*

Response DefaultHttpResponse(decodeResult: success, version: HTTP/1.1)
HTTP/1.1 200 OK
Content-Length: 14
Content-Type: application/json; charset=utf-8
cache-control: no-cache

10:12:35.207 [AsyncHttpClient-1-20] DEBUG org.asynchttpclient.netty.channel.ChannelManager - Adding key: http://localhost:40614 for channel [id: 0x8c59e31e, L:/127.0.0.1:51598 - R:localhost/127.0.0.1:40614]
10:12:35.211 [Forwarding getAlertText on session f422f4022c1347ce1568b8f0ff0c3dda to remote] DEBUG org.asynchttpclient.netty.request.NettyRequestSender - Using pooled Channel '[id: 0x8c59e31e, L:/127.0.0.1:51598 - R:localhost/127.0.0.1:40614]' for 'GET' to 'http://localhost:40614/session/f422f4022c1347ce1568b8f0ff0c3dda/alert/text'
10:12:35.211 [Forwarding getAlertText on session f422f4022c1347ce1568b8f0ff0c3dda to remote] DEBUG org.asynchttpclient.netty.request.NettyRequestSender - Using open Channel [id: 0x8c59e31e, L:/127.0.0.1:51598 - R:localhost/127.0.0.1:40614] for GET '/session/f422f4022c1347ce1568b8f0ff0c3dda/alert/text'
10:12:35.213 [AsyncHttpClient-1-20] DEBUG org.asynchttpclient.netty.handler.HttpHandler - 

Request DefaultFullHttpRequest(decodeResult: success, version: HTTP/1.1, content: EmptyByteBufBE)
GET /session/f422f4022c1347ce1568b8f0ff0c3dda/alert/text HTTP/1.1
User-Agent: selenium/4.8.1 (java windows)
Cache-Control: no-cache
Content-Type: application/json; charset=utf-8
host: localhost:40614
accept: */*

Response DefaultHttpResponse(decodeResult: success, version: HTTP/1.1)
HTTP/1.1 404 Not Found
Content-Length: 836
Content-Type: application/json; charset=utf-8
cache-control: no-cache

10:12:35.213 [AsyncHttpClient-1-20] DEBUG org.asynchttpclient.netty.channel.ChannelManager - Adding key: http://localhost:40614 for channel [id: 0x8c59e31e, L:/127.0.0.1:51598 - R:localhost/127.0.0.1:40614]
10:12:35.213 [Forwarding getCurrentUrl on session f422f4022c1347ce1568b8f0ff0c3dda to remote] DEBUG org.asynchttpclient.netty.request.NettyRequestSender - Using pooled Channel '[id: 0x8c59e31e, L:/127.0.0.1:51598 - R:localhost/127.0.0.1:40614]' for 'GET' to 'http://localhost:40614/session/f422f4022c1347ce1568b8f0ff0c3dda/url'
10:12:35.213 [Forwarding getCurrentUrl on session f422f4022c1347ce1568b8f0ff0c3dda to remote] DEBUG org.asynchttpclient.netty.request.NettyRequestSender - Using open Channel [id: 0x8c59e31e, L:/127.0.0.1:51598 - R:localhost/127.0.0.1:40614] for GET '/session/f422f4022c1347ce1568b8f0ff0c3dda/url'
10:12:35.217 [AsyncHttpClient-1-20] DEBUG org.asynchttpclient.netty.handler.HttpHandler - 

Request DefaultFullHttpRequest(decodeResult: success, version: HTTP/1.1, content: EmptyByteBufBE)
GET /session/f422f4022c1347ce1568b8f0ff0c3dda/url HTTP/1.1
User-Agent: selenium/4.8.1 (java windows)
Cache-Control: no-cache
Content-Type: application/json; charset=utf-8
host: localhost:40614
accept: */*

Response DefaultHttpResponse(decodeResult: success, version: HTTP/1.1)
HTTP/1.1 200 OK
Content-Length: 51
Content-Type: application/json; charset=utf-8
cache-control: no-cache

10:12:35.217 [AsyncHttpClient-1-20] DEBUG org.asynchttpclient.netty.channel.ChannelManager - Adding key: http://localhost:40614 for channel [id: 0x8c59e31e, L:/127.0.0.1:51598 - R:localhost/127.0.0.1:40614]
10:12:35.217 [Forwarding screenshot on session f422f4022c1347ce1568b8f0ff0c3dda to remote] DEBUG org.asynchttpclient.netty.request.NettyRequestSender - Using pooled Channel '[id: 0x8c59e31e, L:/127.0.0.1:51598 - R:localhost/127.0.0.1:40614]' for 'GET' to 'http://localhost:40614/session/f422f4022c1347ce1568b8f0ff0c3dda/screenshot'
10:12:35.217 [Forwarding screenshot on session f422f4022c1347ce1568b8f0ff0c3dda to remote] DEBUG org.asynchttpclient.netty.request.NettyRequestSender - Using open Channel [id: 0x8c59e31e, L:/127.0.0.1:51598 - R:localhost/127.0.0.1:40614] for GET '/session/f422f4022c1347ce1568b8f0ff0c3dda/screenshot'
10:12:35.330 [AsyncHttpClient-1-20] DEBUG org.asynchttpclient.netty.handler.HttpHandler - 

Request DefaultFullHttpRequest(decodeResult: success, version: HTTP/1.1, content: EmptyByteBufBE)
GET /session/f422f4022c1347ce1568b8f0ff0c3dda/screenshot HTTP/1.1
User-Agent: selenium/4.8.1 (java windows)
Cache-Control: no-cache
Content-Type: application/json; charset=utf-8
host: localhost:40614
accept: */*

Response DefaultHttpResponse(decodeResult: success, version: HTTP/1.1)
HTTP/1.1 200 OK
Content-Length: 37708
Content-Type: application/json; charset=utf-8
cache-control: no-cache

10:12:35.330 [AsyncHttpClient-1-20] DEBUG org.asynchttpclient.netty.channel.ChannelManager - Adding key: http://localhost:40614 for channel [id: 0x8c59e31e, L:/127.0.0.1:51598 - R:localhost/127.0.0.1:40614]
10:12:35.332 [main] DEBUG net.serenitybdd.core.photography.Darkroom - Send negative for processing for target\site\serenity\ba300ab7a71b87e56155cc547f30180a8e1d7a7d95bc1b41ab1b85488dfb213c.png
10:12:35.332 [main] DEBUG net.thucydides.core.steps.StepInterceptor - STEP DONE: inputEmail
  &amp#27;[32mAnd &amp#27;[0m&amp#27;[32mI enter correct email&amp#27;[0m              &amp#27;[90m# starter.stepdefinitions.LoginSteps.inputEmail()&amp#27;[0m
10:12:35.332 [Darkroom Processing Line] DEBUG net.serenitybdd.core.photography.DarkroomProcessingLine - Processing screenshot image in /var/screenshots/screenshot-13701400330465685620
10:12:35.332 [Darkroom Processing Line] DEBUG net.serenitybdd.core.photography.DarkroomProcessingLine - Saving screenshot to target\site\serenity\ba300ab7a71b87e56155cc547f30180a8e1d7a7d95bc1b41ab1b85488dfb213c.png
10:12:35.340 [Forwarding getPageSource on session f422f4022c1347ce1568b8f0ff0c3dda to remote] DEBUG org.asynchttpclient.netty.request.NettyRequestSender - Using pooled Channel '[id: 0x8c59e31e, L:/127.0.0.1:51598 - R:localhost/127.0.0.1:40614]' for 'POST' to 'http://localhost:40614/session/f422f4022c1347ce1568b8f0ff0c3dda/execute/sync'
10:12:35.340 [Forwarding getPageSource on session f422f4022c1347ce1568b8f0ff0c3dda to remote] DEBUG org.asynchttpclient.netty.request.NettyRequestSender - Using open Channel [id: 0x8c59e31e, L:/127.0.0.1:51598 - R:localhost/127.0.0.1:40614] for POST '/session/f422f4022c1347ce1568b8f0ff0c3dda/execute/sync'
10:12:35.344 [AsyncHttpClient-1-20] DEBUG org.asynchttpclient.netty.handler.HttpHandler - 

Request DefaultHttpRequest(decodeResult: success, version: HTTP/1.1)
POST /session/f422f4022c1347ce1568b8f0ff0c3dda/execute/sync HTTP/1.1
User-Agent: selenium/4.8.1 (java windows)
Content-Length: 176
Content-Type: application/json; charset=utf-8
host: localhost:40614
accept: */*

Response DefaultHttpResponse(decodeResult: success, version: HTTP/1.1)
HTTP/1.1 200 OK
Content-Length: 21780
Content-Type: application/json; charset=utf-8
cache-control: no-cache

10:12:35.344 [AsyncHttpClient-1-20] DEBUG org.asynchttpclient.netty.channel.ChannelManager - Adding key: http://localhost:40614 for channel [id: 0x8c59e31e, L:/127.0.0.1:51598 - R:localhost/127.0.0.1:40614]
10:12:35.345 [Forwarding getCurrentUrl on session f422f4022c1347ce1568b8f0ff0c3dda to remote] DEBUG org.asynchttpclient.netty.request.NettyRequestSender - Using pooled Channel '[id: 0x8c59e31e, L:/127.0.0.1:51598 - R:localhost/127.0.0.1:40614]' for 'GET' to 'http://localhost:40614/session/f422f4022c1347ce1568b8f0ff0c3dda/url'
10:12:35.345 [Forwarding getCurrentUrl on session f422f4022c1347ce1568b8f0ff0c3dda to remote] DEBUG org.asynchttpclient.netty.request.NettyRequestSender - Using open Channel [id: 0x8c59e31e, L:/127.0.0.1:51598 - R:localhost/127.0.0.1:40614] for GET '/session/f422f4022c1347ce1568b8f0ff0c3dda/url'
10:12:35.349 [AsyncHttpClient-1-20] DEBUG org.asynchttpclient.netty.handler.HttpHandler - 

Request DefaultFullHttpRequest(decodeResult: success, version: HTTP/1.1, content: EmptyByteBufBE)
GET /session/f422f4022c1347ce1568b8f0ff0c3dda/url HTTP/1.1
User-Agent: selenium/4.8.1 (java windows)
Cache-Control: no-cache
Content-Type: application/json; charset=utf-8
host: localhost:40614
accept: */*

Response DefaultHttpResponse(decodeResult: success, version: HTTP/1.1)
HTTP/1.1 200 OK
Content-Length: 51
Content-Type: application/json; charset=utf-8
cache-control: no-cache

10:12:35.349 [AsyncHttpClient-1-20] DEBUG org.asynchttpclient.netty.channel.ChannelManager - Adding key: http://localhost:40614 for channel [id: 0x8c59e31e, L:/127.0.0.1:51598 - R:localhost/127.0.0.1:40614]
10:12:35.355 [Forwarding getPageSource on session f422f4022c1347ce1568b8f0ff0c3dda to remote] DEBUG org.asynchttpclient.netty.request.NettyRequestSender - Using pooled Channel '[id: 0x8c59e31e, L:/127.0.0.1:51598 - R:localhost/127.0.0.1:40614]' for 'POST' to 'http://localhost:40614/session/f422f4022c1347ce1568b8f0ff0c3dda/execute/sync'
10:12:35.355 [Forwarding getPageSource on session f422f4022c1347ce1568b8f0ff0c3dda to remote] DEBUG org.asynchttpclient.netty.request.NettyRequestSender - Using open Channel [id: 0x8c59e31e, L:/127.0.0.1:51598 - R:localhost/127.0.0.1:40614] for POST '/session/f422f4022c1347ce1568b8f0ff0c3dda/execute/sync'
10:12:35.360 [AsyncHttpClient-1-20] DEBUG org.asynchttpclient.netty.handler.HttpHandler - 

Request DefaultHttpRequest(decodeResult: success, version: HTTP/1.1)
POST /session/f422f4022c1347ce1568b8f0ff0c3dda/execute/sync HTTP/1.1
User-Agent: selenium/4.8.1 (java windows)
Content-Length: 176
Content-Type: application/json; charset=utf-8
host: localhost:40614
accept: */*

Response DefaultHttpResponse(decodeResult: success, version: HTTP/1.1)
HTTP/1.1 200 OK
Content-Length: 21780
Content-Type: application/json; charset=utf-8
cache-control: no-cache

10:12:35.360 [AsyncHttpClient-1-20] DEBUG org.asynchttpclient.netty.channel.ChannelManager - Adding key: http://localhost:40614 for channel [id: 0x8c59e31e, L:/127.0.0.1:51598 - R:localhost/127.0.0.1:40614]
10:12:35.361 [Forwarding getCurrentUrl on session f422f4022c1347ce1568b8f0ff0c3dda to remote] DEBUG org.asynchttpclient.netty.request.NettyRequestSender - Using pooled Channel '[id: 0x8c59e31e, L:/127.0.0.1:51598 - R:localhost/127.0.0.1:40614]' for 'GET' to 'http://localhost:40614/session/f422f4022c1347ce1568b8f0ff0c3dda/url'
10:12:35.361 [Forwarding getCurrentUrl on session f422f4022c1347ce1568b8f0ff0c3dda to remote] DEBUG org.asynchttpclient.netty.request.NettyRequestSender - Using open Channel [id: 0x8c59e31e, L:/127.0.0.1:51598 - R:localhost/127.0.0.1:40614] for GET '/session/f422f4022c1347ce1568b8f0ff0c3dda/url'
10:12:35.363 [AsyncHttpClient-1-20] DEBUG org.asynchttpclient.netty.handler.HttpHandler - 

Request DefaultFullHttpRequest(decodeResult: success, version: HTTP/1.1, content: EmptyByteBufBE)
GET /session/f422f4022c1347ce1568b8f0ff0c3dda/url HTTP/1.1
User-Agent: selenium/4.8.1 (java windows)
Cache-Control: no-cache
Content-Type: application/json; charset=utf-8
host: localhost:40614
accept: */*

Response DefaultHttpResponse(decodeResult: success, version: HTTP/1.1)
HTTP/1.1 200 OK
Content-Length: 51
Content-Type: application/json; charset=utf-8
cache-control: no-cache

10:12:35.363 [AsyncHttpClient-1-20] DEBUG org.asynchttpclient.netty.channel.ChannelManager - Adding key: http://localhost:40614 for channel [id: 0x8c59e31e, L:/127.0.0.1:51598 - R:localhost/127.0.0.1:40614]
10:12:35.365 [main] DEBUG net.thucydides.core.steps.StepInterceptor - STARTING STEP: LoginSteps.inputIncorrectPassword - inputPassword
10:12:35.366 [Forwarding findElement on session f422f4022c1347ce1568b8f0ff0c3dda to remote] DEBUG org.asynchttpclient.netty.request.NettyRequestSender - Using pooled Channel '[id: 0x8c59e31e, L:/127.0.0.1:51598 - R:localhost/127.0.0.1:40614]' for 'POST' to 'http://localhost:40614/session/f422f4022c1347ce1568b8f0ff0c3dda/element'
10:12:35.366 [Forwarding findElement on session f422f4022c1347ce1568b8f0ff0c3dda to remote] DEBUG org.asynchttpclient.netty.request.NettyRequestSender - Using open Channel [id: 0x8c59e31e, L:/127.0.0.1:51598 - R:localhost/127.0.0.1:40614] for POST '/session/f422f4022c1347ce1568b8f0ff0c3dda/element'
10:12:35.377 [AsyncHttpClient-1-20] DEBUG org.asynchttpclient.netty.handler.HttpHandler - 

Request DefaultHttpRequest(decodeResult: success, version: HTTP/1.1)
POST /session/f422f4022c1347ce1568b8f0ff0c3dda/element HTTP/1.1
User-Agent: selenium/4.8.1 (java windows)
Content-Length: 55
Content-Type: application/json; charset=utf-8
host: localhost:40614
accept: */*

Response DefaultHttpResponse(decodeResult: success, version: HTTP/1.1)
HTTP/1.1 200 OK
Content-Length: 88
Content-Type: application/json; charset=utf-8
cache-control: no-cache

10:12:35.377 [AsyncHttpClient-1-20] DEBUG org.asynchttpclient.netty.channel.ChannelManager - Adding key: http://localhost:40614 for channel [id: 0x8c59e31e, L:/127.0.0.1:51598 - R:localhost/127.0.0.1:40614]
10:12:35.378 [Forwarding clearElement on session f422f4022c1347ce1568b8f0ff0c3dda to remote] DEBUG org.asynchttpclient.netty.request.NettyRequestSender - Using pooled Channel '[id: 0x8c59e31e, L:/127.0.0.1:51598 - R:localhost/127.0.0.1:40614]' for 'POST' to 'http://localhost:40614/session/f422f4022c1347ce1568b8f0ff0c3dda/element/98168485-d639-4d24-89bf-3127e6ae1efb/clear'
10:12:35.378 [Forwarding clearElement on session f422f4022c1347ce1568b8f0ff0c3dda to remote] DEBUG org.asynchttpclient.netty.request.NettyRequestSender - Using open Channel [id: 0x8c59e31e, L:/127.0.0.1:51598 - R:localhost/127.0.0.1:40614] for POST '/session/f422f4022c1347ce1568b8f0ff0c3dda/element/98168485-d639-4d24-89bf-3127e6ae1efb/clear'
10:12:35.409 [AsyncHttpClient-1-20] DEBUG org.asynchttpclient.netty.handler.HttpHandler - 

Request DefaultHttpRequest(decodeResult: success, version: HTTP/1.1)
POST /session/f422f4022c1347ce1568b8f0ff0c3dda/element/98168485-d639-4d24-89bf-3127e6ae1efb/clear HTTP/1.1
User-Agent: selenium/4.8.1 (java windows)
Content-Length: 50
Content-Type: application/json; charset=utf-8
host: localhost:40614
accept: */*

Response DefaultHttpResponse(decodeResult: success, version: HTTP/1.1)
HTTP/1.1 200 OK
Content-Length: 14
Content-Type: application/json; charset=utf-8
cache-control: no-cache

10:12:35.409 [AsyncHttpClient-1-20] DEBUG org.asynchttpclient.netty.channel.ChannelManager - Adding key: http://localhost:40614 for channel [id: 0x8c59e31e, L:/127.0.0.1:51598 - R:localhost/127.0.0.1:40614]
10:12:35.411 [Forwarding sendKeysToElement on session f422f4022c1347ce1568b8f0ff0c3dda to remote] DEBUG org.asynchttpclient.netty.request.NettyRequestSender - Using pooled Channel '[id: 0x8c59e31e, L:/127.0.0.1:51598 - R:localhost/127.0.0.1:40614]' for 'POST' to 'http://localhost:40614/session/f422f4022c1347ce1568b8f0ff0c3dda/element/98168485-d639-4d24-89bf-3127e6ae1efb/value'
10:12:35.411 [Forwarding sendKeysToElement on session f422f4022c1347ce1568b8f0ff0c3dda to remote] DEBUG org.asynchttpclient.netty.request.NettyRequestSender - Using open Channel [id: 0x8c59e31e, L:/127.0.0.1:51598 - R:localhost/127.0.0.1:40614] for POST '/session/f422f4022c1347ce1568b8f0ff0c3dda/element/98168485-d639-4d24-89bf-3127e6ae1efb/value'
10:12:35.455 [AsyncHttpClient-1-20] DEBUG org.asynchttpclient.netty.handler.HttpHandler - 

Request DefaultHttpRequest(decodeResult: success, version: HTTP/1.1)
POST /session/f422f4022c1347ce1568b8f0ff0c3dda/element/98168485-d639-4d24-89bf-3127e6ae1efb/value HTTP/1.1
User-Agent: selenium/4.8.1 (java windows)
Content-Length: 131
Content-Type: application/json; charset=utf-8
host: localhost:40614
accept: */*

Response DefaultHttpResponse(decodeResult: success, version: HTTP/1.1)
HTTP/1.1 200 OK
Content-Length: 14
Content-Type: application/json; charset=utf-8
cache-control: no-cache

10:12:35.455 [AsyncHttpClient-1-20] DEBUG org.asynchttpclient.netty.channel.ChannelManager - Adding key: http://localhost:40614 for channel [id: 0x8c59e31e, L:/127.0.0.1:51598 - R:localhost/127.0.0.1:40614]
10:12:35.463 [Forwarding getAlertText on session f422f4022c1347ce1568b8f0ff0c3dda to remote] DEBUG org.asynchttpclient.netty.request.NettyRequestSender - Using pooled Channel '[id: 0x8c59e31e, L:/127.0.0.1:51598 - R:localhost/127.0.0.1:40614]' for 'GET' to 'http://localhost:40614/session/f422f4022c1347ce1568b8f0ff0c3dda/alert/text'
10:12:35.463 [Forwarding getAlertText on session f422f4022c1347ce1568b8f0ff0c3dda to remote] DEBUG org.asynchttpclient.netty.request.NettyRequestSender - Using open Channel [id: 0x8c59e31e, L:/127.0.0.1:51598 - R:localhost/127.0.0.1:40614] for GET '/session/f422f4022c1347ce1568b8f0ff0c3dda/alert/text'
10:12:35.465 [AsyncHttpClient-1-20] DEBUG org.asynchttpclient.netty.handler.HttpHandler - 

Request DefaultFullHttpRequest(decodeResult: success, version: HTTP/1.1, content: EmptyByteBufBE)
GET /session/f422f4022c1347ce1568b8f0ff0c3dda/alert/text HTTP/1.1
User-Agent: selenium/4.8.1 (java windows)
Cache-Control: no-cache
Content-Type: application/json; charset=utf-8
host: localhost:40614
accept: */*

Response DefaultHttpResponse(decodeResult: success, version: HTTP/1.1)
HTTP/1.1 404 Not Found
Content-Length: 836
Content-Type: application/json; charset=utf-8
cache-control: no-cache

10:12:35.465 [AsyncHttpClient-1-20] DEBUG org.asynchttpclient.netty.channel.ChannelManager - Adding key: http://localhost:40614 for channel [id: 0x8c59e31e, L:/127.0.0.1:51598 - R:localhost/127.0.0.1:40614]
10:12:35.466 [Forwarding getCurrentUrl on session f422f4022c1347ce1568b8f0ff0c3dda to remote] DEBUG org.asynchttpclient.netty.request.NettyRequestSender - Using pooled Channel '[id: 0x8c59e31e, L:/127.0.0.1:51598 - R:localhost/127.0.0.1:40614]' for 'GET' to 'http://localhost:40614/session/f422f4022c1347ce1568b8f0ff0c3dda/url'
10:12:35.466 [Forwarding getCurrentUrl on session f422f4022c1347ce1568b8f0ff0c3dda to remote] DEBUG org.asynchttpclient.netty.request.NettyRequestSender - Using open Channel [id: 0x8c59e31e, L:/127.0.0.1:51598 - R:localhost/127.0.0.1:40614] for GET '/session/f422f4022c1347ce1568b8f0ff0c3dda/url'
10:12:35.470 [AsyncHttpClient-1-20] DEBUG org.asynchttpclient.netty.handler.HttpHandler - 

Request DefaultFullHttpRequest(decodeResult: success, version: HTTP/1.1, content: EmptyByteBufBE)
GET /session/f422f4022c1347ce1568b8f0ff0c3dda/url HTTP/1.1
User-Agent: selenium/4.8.1 (java windows)
Cache-Control: no-cache
Content-Type: application/json; charset=utf-8
host: localhost:40614
accept: */*

Response DefaultHttpResponse(decodeResult: success, version: HTTP/1.1)
HTTP/1.1 200 OK
Content-Length: 51
Content-Type: application/json; charset=utf-8
cache-control: no-cache

10:12:35.470 [AsyncHttpClient-1-20] DEBUG org.asynchttpclient.netty.channel.ChannelManager - Adding key: http://localhost:40614 for channel [id: 0x8c59e31e, L:/127.0.0.1:51598 - R:localhost/127.0.0.1:40614]
10:12:35.471 [Forwarding screenshot on session f422f4022c1347ce1568b8f0ff0c3dda to remote] DEBUG org.asynchttpclient.netty.request.NettyRequestSender - Using pooled Channel '[id: 0x8c59e31e, L:/127.0.0.1:51598 - R:localhost/127.0.0.1:40614]' for 'GET' to 'http://localhost:40614/session/f422f4022c1347ce1568b8f0ff0c3dda/screenshot'
10:12:35.471 [Forwarding screenshot on session f422f4022c1347ce1568b8f0ff0c3dda to remote] DEBUG org.asynchttpclient.netty.request.NettyRequestSender - Using open Channel [id: 0x8c59e31e, L:/127.0.0.1:51598 - R:localhost/127.0.0.1:40614] for GET '/session/f422f4022c1347ce1568b8f0ff0c3dda/screenshot'
10:12:35.587 [AsyncHttpClient-1-20] DEBUG org.asynchttpclient.netty.handler.HttpHandler - 

Request DefaultFullHttpRequest(decodeResult: success, version: HTTP/1.1, content: EmptyByteBufBE)
GET /session/f422f4022c1347ce1568b8f0ff0c3dda/screenshot HTTP/1.1
User-Agent: selenium/4.8.1 (java windows)
Cache-Control: no-cache
Content-Type: application/json; charset=utf-8
host: localhost:40614
accept: */*

Response DefaultHttpResponse(decodeResult: success, version: HTTP/1.1)
HTTP/1.1 200 OK
Content-Length: 38632
Content-Type: application/json; charset=utf-8
cache-control: no-cache

10:12:35.587 [AsyncHttpClient-1-20] DEBUG org.asynchttpclient.netty.channel.ChannelManager - Adding key: http://localhost:40614 for channel [id: 0x8c59e31e, L:/127.0.0.1:51598 - R:localhost/127.0.0.1:40614]
10:12:35.589 [main] DEBUG net.serenitybdd.core.photography.Darkroom - Send negative for processing for target\site\serenity\6bf064d17d9806996ce25d9fafffddee93814ece5d64a1a35e5cb659fd1d2642.png
10:12:35.589 [main] DEBUG net.thucydides.core.steps.StepInterceptor - STEP DONE: inputPassword
  &amp#27;[32mAnd &amp#27;[0m&amp#27;[32mI enter incorrect password&amp#27;[0m         &amp#27;[90m# starter.stepdefinitions.LoginSteps.inputIncorrectPassword()&amp#27;[0m
10:12:35.589 [Darkroom Processing Line] DEBUG net.serenitybdd.core.photography.DarkroomProcessingLine - Processing screenshot image in /var/screenshots/screenshot-13741844738902449349
10:12:35.589 [Darkroom Processing Line] DEBUG net.serenitybdd.core.photography.DarkroomProcessingLine - Saving screenshot to target\site\serenity\6bf064d17d9806996ce25d9fafffddee93814ece5d64a1a35e5cb659fd1d2642.png
10:12:35.594 [Forwarding getPageSource on session f422f4022c1347ce1568b8f0ff0c3dda to remote] DEBUG org.asynchttpclient.netty.request.NettyRequestSender - Using pooled Channel '[id: 0x8c59e31e, L:/127.0.0.1:51598 - R:localhost/127.0.0.1:40614]' for 'POST' to 'http://localhost:40614/session/f422f4022c1347ce1568b8f0ff0c3dda/execute/sync'
10:12:35.594 [Forwarding getPageSource on session f422f4022c1347ce1568b8f0ff0c3dda to remote] DEBUG org.asynchttpclient.netty.request.NettyRequestSender - Using open Channel [id: 0x8c59e31e, L:/127.0.0.1:51598 - R:localhost/127.0.0.1:40614] for POST '/session/f422f4022c1347ce1568b8f0ff0c3dda/execute/sync'
10:12:35.599 [AsyncHttpClient-1-20] DEBUG org.asynchttpclient.netty.handler.HttpHandler - 

Request DefaultHttpRequest(decodeResult: success, version: HTTP/1.1)
POST /session/f422f4022c1347ce1568b8f0ff0c3dda/execute/sync HTTP/1.1
User-Agent: selenium/4.8.1 (java windows)
Content-Length: 176
Content-Type: application/json; charset=utf-8
host: localhost:40614
accept: */*

Response DefaultHttpResponse(decodeResult: success, version: HTTP/1.1)
HTTP/1.1 200 OK
Content-Length: 21839
Content-Type: application/json; charset=utf-8
cache-control: no-cache

10:12:35.599 [AsyncHttpClient-1-20] DEBUG org.asynchttpclient.netty.channel.ChannelManager - Adding key: http://localhost:40614 for channel [id: 0x8c59e31e, L:/127.0.0.1:51598 - R:localhost/127.0.0.1:40614]
10:12:35.600 [Forwarding getCurrentUrl on session f422f4022c1347ce1568b8f0ff0c3dda to remote] DEBUG org.asynchttpclient.netty.request.NettyRequestSender - Using pooled Channel '[id: 0x8c59e31e, L:/127.0.0.1:51598 - R:localhost/127.0.0.1:40614]' for 'GET' to 'http://localhost:40614/session/f422f4022c1347ce1568b8f0ff0c3dda/url'
10:12:35.600 [Forwarding getCurrentUrl on session f422f4022c1347ce1568b8f0ff0c3dda to remote] DEBUG org.asynchttpclient.netty.request.NettyRequestSender - Using open Channel [id: 0x8c59e31e, L:/127.0.0.1:51598 - R:localhost/127.0.0.1:40614] for GET '/session/f422f4022c1347ce1568b8f0ff0c3dda/url'
10:12:35.603 [AsyncHttpClient-1-20] DEBUG org.asynchttpclient.netty.handler.HttpHandler - 

Request DefaultFullHttpRequest(decodeResult: success, version: HTTP/1.1, content: EmptyByteBufBE)
GET /session/f422f4022c1347ce1568b8f0ff0c3dda/url HTTP/1.1
User-Agent: selenium/4.8.1 (java windows)
Cache-Control: no-cache
Content-Type: application/json; charset=utf-8
host: localhost:40614
accept: */*

Response DefaultHttpResponse(decodeResult: success, version: HTTP/1.1)
HTTP/1.1 200 OK
Content-Length: 51
Content-Type: application/json; charset=utf-8
cache-control: no-cache

10:12:35.603 [AsyncHttpClient-1-20] DEBUG org.asynchttpclient.netty.channel.ChannelManager - Adding key: http://localhost:40614 for channel [id: 0x8c59e31e, L:/127.0.0.1:51598 - R:localhost/127.0.0.1:40614]
10:12:35.609 [Forwarding getPageSource on session f422f4022c1347ce1568b8f0ff0c3dda to remote] DEBUG org.asynchttpclient.netty.request.NettyRequestSender - Using pooled Channel '[id: 0x8c59e31e, L:/127.0.0.1:51598 - R:localhost/127.0.0.1:40614]' for 'POST' to 'http://localhost:40614/session/f422f4022c1347ce1568b8f0ff0c3dda/execute/sync'
10:12:35.609 [Forwarding getPageSource on session f422f4022c1347ce1568b8f0ff0c3dda to remote] DEBUG org.asynchttpclient.netty.request.NettyRequestSender - Using open Channel [id: 0x8c59e31e, L:/127.0.0.1:51598 - R:localhost/127.0.0.1:40614] for POST '/session/f422f4022c1347ce1568b8f0ff0c3dda/execute/sync'
10:12:35.612 [AsyncHttpClient-1-20] DEBUG org.asynchttpclient.netty.handler.HttpHandler - 

Request DefaultHttpRequest(decodeResult: success, version: HTTP/1.1)
POST /session/f422f4022c1347ce1568b8f0ff0c3dda/execute/sync HTTP/1.1
User-Agent: selenium/4.8.1 (java windows)
Content-Length: 176
Content-Type: application/json; charset=utf-8
host: localhost:40614
accept: */*

Response DefaultHttpResponse(decodeResult: success, version: HTTP/1.1)
HTTP/1.1 200 OK
Content-Length: 21839
Content-Type: application/json; charset=utf-8
cache-control: no-cache

10:12:35.612 [AsyncHttpClient-1-20] DEBUG org.asynchttpclient.netty.channel.ChannelManager - Adding key: http://localhost:40614 for channel [id: 0x8c59e31e, L:/127.0.0.1:51598 - R:localhost/127.0.0.1:40614]
10:12:35.614 [Forwarding getCurrentUrl on session f422f4022c1347ce1568b8f0ff0c3dda to remote] DEBUG org.asynchttpclient.netty.request.NettyRequestSender - Using pooled Channel '[id: 0x8c59e31e, L:/127.0.0.1:51598 - R:localhost/127.0.0.1:40614]' for 'GET' to 'http://localhost:40614/session/f422f4022c1347ce1568b8f0ff0c3dda/url'
10:12:35.614 [Forwarding getCurrentUrl on session f422f4022c1347ce1568b8f0ff0c3dda to remote] DEBUG org.asynchttpclient.netty.request.NettyRequestSender - Using open Channel [id: 0x8c59e31e, L:/127.0.0.1:51598 - R:localhost/127.0.0.1:40614] for GET '/session/f422f4022c1347ce1568b8f0ff0c3dda/url'
10:12:35.617 [AsyncHttpClient-1-20] DEBUG org.asynchttpclient.netty.handler.HttpHandler - 

Request DefaultFullHttpRequest(decodeResult: success, version: HTTP/1.1, content: EmptyByteBufBE)
GET /session/f422f4022c1347ce1568b8f0ff0c3dda/url HTTP/1.1
User-Agent: selenium/4.8.1 (java windows)
Cache-Control: no-cache
Content-Type: application/json; charset=utf-8
host: localhost:40614
accept: */*

Response DefaultHttpResponse(decodeResult: success, version: HTTP/1.1)
HTTP/1.1 200 OK
Content-Length: 51
Content-Type: application/json; charset=utf-8
cache-control: no-cache

10:12:35.617 [AsyncHttpClient-1-20] DEBUG org.asynchttpclient.netty.channel.ChannelManager - Adding key: http://localhost:40614 for channel [id: 0x8c59e31e, L:/127.0.0.1:51598 - R:localhost/127.0.0.1:40614]
10:12:35.618 [main] DEBUG net.thucydides.core.steps.StepInterceptor - STARTING STEP: LoginSteps.clickLoginButton - clickLoginButton
10:12:35.620 [Forwarding findElement on session f422f4022c1347ce1568b8f0ff0c3dda to remote] DEBUG org.asynchttpclient.netty.request.NettyRequestSender - Using pooled Channel '[id: 0x8c59e31e, L:/127.0.0.1:51598 - R:localhost/127.0.0.1:40614]' for 'POST' to 'http://localhost:40614/session/f422f4022c1347ce1568b8f0ff0c3dda/element'
10:12:35.620 [Forwarding findElement on session f422f4022c1347ce1568b8f0ff0c3dda to remote] DEBUG org.asynchttpclient.netty.request.NettyRequestSender - Using open Channel [id: 0x8c59e31e, L:/127.0.0.1:51598 - R:localhost/127.0.0.1:40614] for POST '/session/f422f4022c1347ce1568b8f0ff0c3dda/element'
10:12:35.629 [AsyncHttpClient-1-20] DEBUG org.asynchttpclient.netty.handler.HttpHandler - 

Request DefaultHttpRequest(decodeResult: success, version: HTTP/1.1)
POST /session/f422f4022c1347ce1568b8f0ff0c3dda/element HTTP/1.1
User-Agent: selenium/4.8.1 (java windows)
Content-Length: 71
Content-Type: application/json; charset=utf-8
host: localhost:40614
accept: */*

Response DefaultHttpResponse(decodeResult: success, version: HTTP/1.1)
HTTP/1.1 200 OK
Content-Length: 88
Content-Type: application/json; charset=utf-8
cache-control: no-cache

10:12:35.629 [AsyncHttpClient-1-20] DEBUG org.asynchttpclient.netty.channel.ChannelManager - Adding key: http://localhost:40614 for channel [id: 0x8c59e31e, L:/127.0.0.1:51598 - R:localhost/127.0.0.1:40614]
10:12:35.630 [Forwarding getElementTagName on session f422f4022c1347ce1568b8f0ff0c3dda to remote] DEBUG org.asynchttpclient.netty.request.NettyRequestSender - Using pooled Channel '[id: 0x8c59e31e, L:/127.0.0.1:51598 - R:localhost/127.0.0.1:40614]' for 'GET' to 'http://localhost:40614/session/f422f4022c1347ce1568b8f0ff0c3dda/element/d7cee2c2-0abe-4035-a7d4-34e480ea4871/name'
10:12:35.630 [Forwarding getElementTagName on session f422f4022c1347ce1568b8f0ff0c3dda to remote] DEBUG org.asynchttpclient.netty.request.NettyRequestSender - Using open Channel [id: 0x8c59e31e, L:/127.0.0.1:51598 - R:localhost/127.0.0.1:40614] for GET '/session/f422f4022c1347ce1568b8f0ff0c3dda/element/d7cee2c2-0abe-4035-a7d4-34e480ea4871/name'
10:12:35.633 [AsyncHttpClient-1-20] DEBUG org.asynchttpclient.netty.handler.HttpHandler - 

Request DefaultFullHttpRequest(decodeResult: success, version: HTTP/1.1, content: EmptyByteBufBE)
GET /session/f422f4022c1347ce1568b8f0ff0c3dda/element/d7cee2c2-0abe-4035-a7d4-34e480ea4871/name HTTP/1.1
User-Agent: selenium/4.8.1 (java windows)
Cache-Control: no-cache
Content-Type: application/json; charset=utf-8
host: localhost:40614
accept: */*

Response DefaultHttpResponse(decodeResult: success, version: HTTP/1.1)
HTTP/1.1 200 OK
Content-Length: 18
Content-Type: application/json; charset=utf-8
cache-control: no-cache

10:12:35.634 [AsyncHttpClient-1-20] DEBUG org.asynchttpclient.netty.channel.ChannelManager - Adding key: http://localhost:40614 for channel [id: 0x8c59e31e, L:/127.0.0.1:51598 - R:localhost/127.0.0.1:40614]
10:12:35.634 [Forwarding getElementTagName on session f422f4022c1347ce1568b8f0ff0c3dda to remote] DEBUG org.asynchttpclient.netty.request.NettyRequestSender - Using pooled Channel '[id: 0x8c59e31e, L:/127.0.0.1:51598 - R:localhost/127.0.0.1:40614]' for 'GET' to 'http://localhost:40614/session/f422f4022c1347ce1568b8f0ff0c3dda/element/d7cee2c2-0abe-4035-a7d4-34e480ea4871/name'
10:12:35.634 [Forwarding getElementTagName on session f422f4022c1347ce1568b8f0ff0c3dda to remote] DEBUG org.asynchttpclient.netty.request.NettyRequestSender - Using open Channel [id: 0x8c59e31e, L:/127.0.0.1:51598 - R:localhost/127.0.0.1:40614] for GET '/session/f422f4022c1347ce1568b8f0ff0c3dda/element/d7cee2c2-0abe-4035-a7d4-34e480ea4871/name'
10:12:35.636 [AsyncHttpClient-1-20] DEBUG org.asynchttpclient.netty.handler.HttpHandler - 

Request DefaultFullHttpRequest(decodeResult: success, version: HTTP/1.1, content: EmptyByteBufBE)
GET /session/f422f4022c1347ce1568b8f0ff0c3dda/element/d7cee2c2-0abe-4035-a7d4-34e480ea4871/name HTTP/1.1
User-Agent: selenium/4.8.1 (java windows)
Cache-Control: no-cache
Content-Type: application/json; charset=utf-8
host: localhost:40614
accept: */*

Response DefaultHttpResponse(decodeResult: success, version: HTTP/1.1)
HTTP/1.1 200 OK
Content-Length: 18
Content-Type: application/json; charset=utf-8
cache-control: no-cache

10:12:35.636 [AsyncHttpClient-1-20] DEBUG org.asynchttpclient.netty.channel.ChannelManager - Adding key: http://localhost:40614 for channel [id: 0x8c59e31e, L:/127.0.0.1:51598 - R:localhost/127.0.0.1:40614]
10:12:35.638 [Forwarding isElementEnabled on session f422f4022c1347ce1568b8f0ff0c3dda to remote] DEBUG org.asynchttpclient.netty.request.NettyRequestSender - Using pooled Channel '[id: 0x8c59e31e, L:/127.0.0.1:51598 - R:localhost/127.0.0.1:40614]' for 'GET' to 'http://localhost:40614/session/f422f4022c1347ce1568b8f0ff0c3dda/element/d7cee2c2-0abe-4035-a7d4-34e480ea4871/enabled'
10:12:35.638 [Forwarding isElementEnabled on session f422f4022c1347ce1568b8f0ff0c3dda to remote] DEBUG org.asynchttpclient.netty.request.NettyRequestSender - Using open Channel [id: 0x8c59e31e, L:/127.0.0.1:51598 - R:localhost/127.0.0.1:40614] for GET '/session/f422f4022c1347ce1568b8f0ff0c3dda/element/d7cee2c2-0abe-4035-a7d4-34e480ea4871/enabled'
10:12:35.645 [AsyncHttpClient-1-20] DEBUG org.asynchttpclient.netty.handler.HttpHandler - 

Request DefaultFullHttpRequest(decodeResult: success, version: HTTP/1.1, content: EmptyByteBufBE)
GET /session/f422f4022c1347ce1568b8f0ff0c3dda/element/d7cee2c2-0abe-4035-a7d4-34e480ea4871/enabled HTTP/1.1
User-Agent: selenium/4.8.1 (java windows)
Cache-Control: no-cache
Content-Type: application/json; charset=utf-8
host: localhost:40614
accept: */*

Response DefaultHttpResponse(decodeResult: success, version: HTTP/1.1)
HTTP/1.1 200 OK
Content-Length: 14
Content-Type: application/json; charset=utf-8
cache-control: no-cache

10:12:35.645 [AsyncHttpClient-1-20] DEBUG org.asynchttpclient.netty.channel.ChannelManager - Adding key: http://localhost:40614 for channel [id: 0x8c59e31e, L:/127.0.0.1:51598 - R:localhost/127.0.0.1:40614]
10:12:35.646 [Forwarding isElementEnabled on session f422f4022c1347ce1568b8f0ff0c3dda to remote] DEBUG org.asynchttpclient.netty.request.NettyRequestSender - Using pooled Channel '[id: 0x8c59e31e, L:/127.0.0.1:51598 - R:localhost/127.0.0.1:40614]' for 'GET' to 'http://localhost:40614/session/f422f4022c1347ce1568b8f0ff0c3dda/element/d7cee2c2-0abe-4035-a7d4-34e480ea4871/enabled'
10:12:35.646 [Forwarding isElementEnabled on session f422f4022c1347ce1568b8f0ff0c3dda to remote] DEBUG org.asynchttpclient.netty.request.NettyRequestSender - Using open Channel [id: 0x8c59e31e, L:/127.0.0.1:51598 - R:localhost/127.0.0.1:40614] for GET '/session/f422f4022c1347ce1568b8f0ff0c3dda/element/d7cee2c2-0abe-4035-a7d4-34e480ea4871/enabled'
10:12:35.652 [AsyncHttpClient-1-20] DEBUG org.asynchttpclient.netty.handler.HttpHandler - 

Request DefaultFullHttpRequest(decodeResult: success, version: HTTP/1.1, content: EmptyByteBufBE)
GET /session/f422f4022c1347ce1568b8f0ff0c3dda/element/d7cee2c2-0abe-4035-a7d4-34e480ea4871/enabled HTTP/1.1
User-Agent: selenium/4.8.1 (java windows)
Cache-Control: no-cache
Content-Type: application/json; charset=utf-8
host: localhost:40614
accept: */*

Response DefaultHttpResponse(decodeResult: success, version: HTTP/1.1)
HTTP/1.1 200 OK
Content-Length: 14
Content-Type: application/json; charset=utf-8
cache-control: no-cache

10:12:35.652 [AsyncHttpClient-1-20] DEBUG org.asynchttpclient.netty.channel.ChannelManager - Adding key: http://localhost:40614 for channel [id: 0x8c59e31e, L:/127.0.0.1:51598 - R:localhost/127.0.0.1:40614]
10:12:35.653 [Forwarding findElement on session f422f4022c1347ce1568b8f0ff0c3dda to remote] DEBUG org.asynchttpclient.netty.request.NettyRequestSender - Using pooled Channel '[id: 0x8c59e31e, L:/127.0.0.1:51598 - R:localhost/127.0.0.1:40614]' for 'POST' to 'http://localhost:40614/session/f422f4022c1347ce1568b8f0ff0c3dda/element'
10:12:35.653 [Forwarding findElement on session f422f4022c1347ce1568b8f0ff0c3dda to remote] DEBUG org.asynchttpclient.netty.request.NettyRequestSender - Using open Channel [id: 0x8c59e31e, L:/127.0.0.1:51598 - R:localhost/127.0.0.1:40614] for POST '/session/f422f4022c1347ce1568b8f0ff0c3dda/element'
10:12:35.659 [AsyncHttpClient-1-20] DEBUG org.asynchttpclient.netty.handler.HttpHandler - 

Request DefaultHttpRequest(decodeResult: success, version: HTTP/1.1)
POST /session/f422f4022c1347ce1568b8f0ff0c3dda/element HTTP/1.1
User-Agent: selenium/4.8.1 (java windows)
Content-Length: 71
Content-Type: application/json; charset=utf-8
host: localhost:40614
accept: */*

Response DefaultHttpResponse(decodeResult: success, version: HTTP/1.1)
HTTP/1.1 200 OK
Content-Length: 88
Content-Type: application/json; charset=utf-8
cache-control: no-cache

10:12:35.659 [AsyncHttpClient-1-20] DEBUG org.asynchttpclient.netty.channel.ChannelManager - Adding key: http://localhost:40614 for channel [id: 0x8c59e31e, L:/127.0.0.1:51598 - R:localhost/127.0.0.1:40614]
10:12:35.660 [Forwarding clickElement on session f422f4022c1347ce1568b8f0ff0c3dda to remote] DEBUG org.asynchttpclient.netty.request.NettyRequestSender - Using pooled Channel '[id: 0x8c59e31e, L:/127.0.0.1:51598 - R:localhost/127.0.0.1:40614]' for 'POST' to 'http://localhost:40614/session/f422f4022c1347ce1568b8f0ff0c3dda/element/d7cee2c2-0abe-4035-a7d4-34e480ea4871/click'
10:12:35.660 [Forwarding clickElement on session f422f4022c1347ce1568b8f0ff0c3dda to remote] DEBUG org.asynchttpclient.netty.request.NettyRequestSender - Using open Channel [id: 0x8c59e31e, L:/127.0.0.1:51598 - R:localhost/127.0.0.1:40614] for POST '/session/f422f4022c1347ce1568b8f0ff0c3dda/element/d7cee2c2-0abe-4035-a7d4-34e480ea4871/click'
10:12:35.696 [AsyncHttpClient-1-20] DEBUG org.asynchttpclient.netty.handler.HttpHandler - 

Request DefaultHttpRequest(decodeResult: success, version: HTTP/1.1)
POST /session/f422f4022c1347ce1568b8f0ff0c3dda/element/d7cee2c2-0abe-4035-a7d4-34e480ea4871/click HTTP/1.1
User-Agent: selenium/4.8.1 (java windows)
Content-Length: 50
Content-Type: application/json; charset=utf-8
host: localhost:40614
accept: */*

Response DefaultHttpResponse(decodeResult: success, version: HTTP/1.1)
HTTP/1.1 200 OK
Content-Length: 14
Content-Type: application/json; charset=utf-8
cache-control: no-cache

10:12:35.696 [AsyncHttpClient-1-20] DEBUG org.asynchttpclient.netty.channel.ChannelManager - Adding key: http://localhost:40614 for channel [id: 0x8c59e31e, L:/127.0.0.1:51598 - R:localhost/127.0.0.1:40614]
10:12:35.703 [Forwarding getAlertText on session f422f4022c1347ce1568b8f0ff0c3dda to remote] DEBUG org.asynchttpclient.netty.request.NettyRequestSender - Using pooled Channel '[id: 0x8c59e31e, L:/127.0.0.1:51598 - R:localhost/127.0.0.1:40614]' for 'GET' to 'http://localhost:40614/session/f422f4022c1347ce1568b8f0ff0c3dda/alert/text'
10:12:35.703 [Forwarding getAlertText on session f422f4022c1347ce1568b8f0ff0c3dda to remote] DEBUG org.asynchttpclient.netty.request.NettyRequestSender - Using open Channel [id: 0x8c59e31e, L:/127.0.0.1:51598 - R:localhost/127.0.0.1:40614] for GET '/session/f422f4022c1347ce1568b8f0ff0c3dda/alert/text'
10:12:35.705 [AsyncHttpClient-1-20] DEBUG org.asynchttpclient.netty.handler.HttpHandler - 

Request DefaultFullHttpRequest(decodeResult: success, version: HTTP/1.1, content: EmptyByteBufBE)
GET /session/f422f4022c1347ce1568b8f0ff0c3dda/alert/text HTTP/1.1
User-Agent: selenium/4.8.1 (java windows)
Cache-Control: no-cache
Content-Type: application/json; charset=utf-8
host: localhost:40614
accept: */*

Response DefaultHttpResponse(decodeResult: success, version: HTTP/1.1)
HTTP/1.1 404 Not Found
Content-Length: 836
Content-Type: application/json; charset=utf-8
cache-control: no-cache

10:12:35.705 [AsyncHttpClient-1-20] DEBUG org.asynchttpclient.netty.channel.ChannelManager - Adding key: http://localhost:40614 for channel [id: 0x8c59e31e, L:/127.0.0.1:51598 - R:localhost/127.0.0.1:40614]
10:12:35.706 [Forwarding getCurrentUrl on session f422f4022c1347ce1568b8f0ff0c3dda to remote] DEBUG org.asynchttpclient.netty.request.NettyRequestSender - Using pooled Channel '[id: 0x8c59e31e, L:/127.0.0.1:51598 - R:localhost/127.0.0.1:40614]' for 'GET' to 'http://localhost:40614/session/f422f4022c1347ce1568b8f0ff0c3dda/url'
10:12:35.706 [Forwarding getCurrentUrl on session f422f4022c1347ce1568b8f0ff0c3dda to remote] DEBUG org.asynchttpclient.netty.request.NettyRequestSender - Using open Channel [id: 0x8c59e31e, L:/127.0.0.1:51598 - R:localhost/127.0.0.1:40614] for GET '/session/f422f4022c1347ce1568b8f0ff0c3dda/url'
10:12:35.710 [AsyncHttpClient-1-20] DEBUG org.asynchttpclient.netty.handler.HttpHandler - 

Request DefaultFullHttpRequest(decodeResult: success, version: HTTP/1.1, content: EmptyByteBufBE)
GET /session/f422f4022c1347ce1568b8f0ff0c3dda/url HTTP/1.1
User-Agent: selenium/4.8.1 (java windows)
Cache-Control: no-cache
Content-Type: application/json; charset=utf-8
host: localhost:40614
accept: */*

Response DefaultHttpResponse(decodeResult: success, version: HTTP/1.1)
HTTP/1.1 200 OK
Content-Length: 51
Content-Type: application/json; charset=utf-8
cache-control: no-cache

10:12:35.710 [AsyncHttpClient-1-20] DEBUG org.asynchttpclient.netty.channel.ChannelManager - Adding key: http://localhost:40614 for channel [id: 0x8c59e31e, L:/127.0.0.1:51598 - R:localhost/127.0.0.1:40614]
10:12:35.710 [Forwarding screenshot on session f422f4022c1347ce1568b8f0ff0c3dda to remote] DEBUG org.asynchttpclient.netty.request.NettyRequestSender - Using pooled Channel '[id: 0x8c59e31e, L:/127.0.0.1:51598 - R:localhost/127.0.0.1:40614]' for 'GET' to 'http://localhost:40614/session/f422f4022c1347ce1568b8f0ff0c3dda/screenshot'
10:12:35.710 [Forwarding screenshot on session f422f4022c1347ce1568b8f0ff0c3dda to remote] DEBUG org.asynchttpclient.netty.request.NettyRequestSender - Using open Channel [id: 0x8c59e31e, L:/127.0.0.1:51598 - R:localhost/127.0.0.1:40614] for GET '/session/f422f4022c1347ce1568b8f0ff0c3dda/screenshot'
10:12:35.825 [AsyncHttpClient-1-20] DEBUG org.asynchttpclient.netty.handler.HttpHandler - 

Request DefaultFullHttpRequest(decodeResult: success, version: HTTP/1.1, content: EmptyByteBufBE)
GET /session/f422f4022c1347ce1568b8f0ff0c3dda/screenshot HTTP/1.1
User-Agent: selenium/4.8.1 (java windows)
Cache-Control: no-cache
Content-Type: application/json; charset=utf-8
host: localhost:40614
accept: */*

Response DefaultHttpResponse(decodeResult: success, version: HTTP/1.1)
HTTP/1.1 200 OK
Content-Length: 38244
Content-Type: application/json; charset=utf-8
cache-control: no-cache

10:12:35.825 [AsyncHttpClient-1-20] DEBUG org.asynchttpclient.netty.channel.ChannelManager - Adding key: http://localhost:40614 for channel [id: 0x8c59e31e, L:/127.0.0.1:51598 - R:localhost/127.0.0.1:40614]
10:12:35.827 [main] DEBUG net.serenitybdd.core.photography.Darkroom - Send negative for processing for target\site\serenity\c79ac962c219eb810bbceb5da73271bd728d5133b612cac9768d395189eaca12.png
10:12:35.827 [main] DEBUG net.thucydides.core.steps.StepInterceptor - STEP DONE: clickLoginButton
10:12:35.827 [Darkroom Processing Line] DEBUG net.serenitybdd.core.photography.DarkroomProcessingLine - Processing screenshot image in /var/screenshots/screenshot-8867469723571241253
  &amp#27;[32mWhen &amp#27;[0m&amp#27;[32mI click on the login button&amp#27;[0m       &amp#27;[90m# starter.stepdefinitions.LoginSteps.clickLoginButton()&amp#27;[0m
10:12:35.827 [Darkroom Processing Line] DEBUG net.serenitybdd.core.photography.DarkroomProcessingLine - Saving screenshot to target\site\serenity\c79ac962c219eb810bbceb5da73271bd728d5133b612cac9768d395189eaca12.png
10:12:35.835 [Forwarding getPageSource on session f422f4022c1347ce1568b8f0ff0c3dda to remote] DEBUG org.asynchttpclient.netty.request.NettyRequestSender - Using pooled Channel '[id: 0x8c59e31e, L:/127.0.0.1:51598 - R:localhost/127.0.0.1:40614]' for 'POST' to 'http://localhost:40614/session/f422f4022c1347ce1568b8f0ff0c3dda/execute/sync'
10:12:35.835 [Forwarding getPageSource on session f422f4022c1347ce1568b8f0ff0c3dda to remote] DEBUG org.asynchttpclient.netty.request.NettyRequestSender - Using open Channel [id: 0x8c59e31e, L:/127.0.0.1:51598 - R:localhost/127.0.0.1:40614] for POST '/session/f422f4022c1347ce1568b8f0ff0c3dda/execute/sync'
10:12:35.839 [AsyncHttpClient-1-20] DEBUG org.asynchttpclient.netty.handler.HttpHandler - 

Request DefaultHttpRequest(decodeResult: success, version: HTTP/1.1)
POST /session/f422f4022c1347ce1568b8f0ff0c3dda/execute/sync HTTP/1.1
User-Agent: selenium/4.8.1 (java windows)
Content-Length: 176
Content-Type: application/json; charset=utf-8
host: localhost:40614
accept: */*

Response DefaultHttpResponse(decodeResult: success, version: HTTP/1.1)
HTTP/1.1 200 OK
Content-Length: 22117
Content-Type: application/json; charset=utf-8
cache-control: no-cache

10:12:35.839 [AsyncHttpClient-1-20] DEBUG org.asynchttpclient.netty.channel.ChannelManager - Adding key: http://localhost:40614 for channel [id: 0x8c59e31e, L:/127.0.0.1:51598 - R:localhost/127.0.0.1:40614]
10:12:35.841 [Forwarding getCurrentUrl on session f422f4022c1347ce1568b8f0ff0c3dda to remote] DEBUG org.asynchttpclient.netty.request.NettyRequestSender - Using pooled Channel '[id: 0x8c59e31e, L:/127.0.0.1:51598 - R:localhost/127.0.0.1:40614]' for 'GET' to 'http://localhost:40614/session/f422f4022c1347ce1568b8f0ff0c3dda/url'
10:12:35.841 [Forwarding getCurrentUrl on session f422f4022c1347ce1568b8f0ff0c3dda to remote] DEBUG org.asynchttpclient.netty.request.NettyRequestSender - Using open Channel [id: 0x8c59e31e, L:/127.0.0.1:51598 - R:localhost/127.0.0.1:40614] for GET '/session/f422f4022c1347ce1568b8f0ff0c3dda/url'
10:12:35.844 [AsyncHttpClient-1-20] DEBUG org.asynchttpclient.netty.handler.HttpHandler - 

Request DefaultFullHttpRequest(decodeResult: success, version: HTTP/1.1, content: EmptyByteBufBE)
GET /session/f422f4022c1347ce1568b8f0ff0c3dda/url HTTP/1.1
User-Agent: selenium/4.8.1 (java windows)
Cache-Control: no-cache
Content-Type: application/json; charset=utf-8
host: localhost:40614
accept: */*

Response DefaultHttpResponse(decodeResult: success, version: HTTP/1.1)
HTTP/1.1 200 OK
Content-Length: 51
Content-Type: application/json; charset=utf-8
cache-control: no-cache

10:12:35.844 [AsyncHttpClient-1-20] DEBUG org.asynchttpclient.netty.channel.ChannelManager - Adding key: http://localhost:40614 for channel [id: 0x8c59e31e, L:/127.0.0.1:51598 - R:localhost/127.0.0.1:40614]
10:12:35.852 [Forwarding getPageSource on session f422f4022c1347ce1568b8f0ff0c3dda to remote] DEBUG org.asynchttpclient.netty.request.NettyRequestSender - Using pooled Channel '[id: 0x8c59e31e, L:/127.0.0.1:51598 - R:localhost/127.0.0.1:40614]' for 'POST' to 'http://localhost:40614/session/f422f4022c1347ce1568b8f0ff0c3dda/execute/sync'
10:12:35.852 [Forwarding getPageSource on session f422f4022c1347ce1568b8f0ff0c3dda to remote] DEBUG org.asynchttpclient.netty.request.NettyRequestSender - Using open Channel [id: 0x8c59e31e, L:/127.0.0.1:51598 - R:localhost/127.0.0.1:40614] for POST '/session/f422f4022c1347ce1568b8f0ff0c3dda/execute/sync'
10:12:35.855 [AsyncHttpClient-1-20] DEBUG org.asynchttpclient.netty.handler.HttpHandler - 

Request DefaultHttpRequest(decodeResult: success, version: HTTP/1.1)
POST /session/f422f4022c1347ce1568b8f0ff0c3dda/execute/sync HTTP/1.1
User-Agent: selenium/4.8.1 (java windows)
Content-Length: 176
Content-Type: application/json; charset=utf-8
host: localhost:40614
accept: */*

Response DefaultHttpResponse(decodeResult: success, version: HTTP/1.1)
HTTP/1.1 200 OK
Content-Length: 22117
Content-Type: application/json; charset=utf-8
cache-control: no-cache

10:12:35.855 [AsyncHttpClient-1-20] DEBUG org.asynchttpclient.netty.channel.ChannelManager - Adding key: http://localhost:40614 for channel [id: 0x8c59e31e, L:/127.0.0.1:51598 - R:localhost/127.0.0.1:40614]
10:12:35.857 [Forwarding getCurrentUrl on session f422f4022c1347ce1568b8f0ff0c3dda to remote] DEBUG org.asynchttpclient.netty.request.NettyRequestSender - Using pooled Channel '[id: 0x8c59e31e, L:/127.0.0.1:51598 - R:localhost/127.0.0.1:40614]' for 'GET' to 'http://localhost:40614/session/f422f4022c1347ce1568b8f0ff0c3dda/url'
10:12:35.857 [Forwarding getCurrentUrl on session f422f4022c1347ce1568b8f0ff0c3dda to remote] DEBUG org.asynchttpclient.netty.request.NettyRequestSender - Using open Channel [id: 0x8c59e31e, L:/127.0.0.1:51598 - R:localhost/127.0.0.1:40614] for GET '/session/f422f4022c1347ce1568b8f0ff0c3dda/url'
10:12:35.860 [AsyncHttpClient-1-20] DEBUG org.asynchttpclient.netty.handler.HttpHandler - 

Request DefaultFullHttpRequest(decodeResult: success, version: HTTP/1.1, content: EmptyByteBufBE)
GET /session/f422f4022c1347ce1568b8f0ff0c3dda/url HTTP/1.1
User-Agent: selenium/4.8.1 (java windows)
Cache-Control: no-cache
Content-Type: application/json; charset=utf-8
host: localhost:40614
accept: */*

Response DefaultHttpResponse(decodeResult: success, version: HTTP/1.1)
HTTP/1.1 200 OK
Content-Length: 51
Content-Type: application/json; charset=utf-8
cache-control: no-cache

10:12:35.860 [AsyncHttpClient-1-20] DEBUG org.asynchttpclient.netty.channel.ChannelManager - Adding key: http://localhost:40614 for channel [id: 0x8c59e31e, L:/127.0.0.1:51598 - R:localhost/127.0.0.1:40614]
10:12:35.861 [main] DEBUG net.thucydides.core.steps.StepInterceptor - STARTING STEP: LoginSteps.alertContent - incorrectAlert
10:12:35.862 [Forwarding findElement on session f422f4022c1347ce1568b8f0ff0c3dda to remote] DEBUG org.asynchttpclient.netty.request.NettyRequestSender - Using pooled Channel '[id: 0x8c59e31e, L:/127.0.0.1:51598 - R:localhost/127.0.0.1:40614]' for 'POST' to 'http://localhost:40614/session/f422f4022c1347ce1568b8f0ff0c3dda/element'
10:12:35.862 [Forwarding findElement on session f422f4022c1347ce1568b8f0ff0c3dda to remote] DEBUG org.asynchttpclient.netty.request.NettyRequestSender - Using open Channel [id: 0x8c59e31e, L:/127.0.0.1:51598 - R:localhost/127.0.0.1:40614] for POST '/session/f422f4022c1347ce1568b8f0ff0c3dda/element'
10:12:35.894 [AsyncHttpClient-1-1] DEBUG org.asynchttpclient.netty.channel.DefaultChannelPool - Entry count for : http://localhost:51599 : 1
10:12:35.930 [AsyncHttpClient-1-20] DEBUG org.asynchttpclient.netty.handler.HttpHandler - 

Request DefaultHttpRequest(decodeResult: success, version: HTTP/1.1)
POST /session/f422f4022c1347ce1568b8f0ff0c3dda/element HTTP/1.1
User-Agent: selenium/4.8.1 (java windows)
Content-Length: 54
Content-Type: application/json; charset=utf-8
host: localhost:40614
accept: */*

Response DefaultHttpResponse(decodeResult: success, version: HTTP/1.1)
HTTP/1.1 200 OK
Content-Length: 88
Content-Type: application/json; charset=utf-8
cache-control: no-cache

10:12:35.930 [AsyncHttpClient-1-20] DEBUG org.asynchttpclient.netty.channel.ChannelManager - Adding key: http://localhost:40614 for channel [id: 0x8c59e31e, L:/127.0.0.1:51598 - R:localhost/127.0.0.1:40614]
10:12:35.932 [Forwarding isElementDisplayed on session f422f4022c1347ce1568b8f0ff0c3dda to remote] DEBUG org.asynchttpclient.netty.request.NettyRequestSender - Using pooled Channel '[id: 0x8c59e31e, L:/127.0.0.1:51598 - R:localhost/127.0.0.1:40614]' for 'POST' to 'http://localhost:40614/session/f422f4022c1347ce1568b8f0ff0c3dda/execute/sync'
10:12:35.932 [Forwarding isElementDisplayed on session f422f4022c1347ce1568b8f0ff0c3dda to remote] DEBUG org.asynchttpclient.netty.request.NettyRequestSender - Using open Channel [id: 0x8c59e31e, L:/127.0.0.1:51598 - R:localhost/127.0.0.1:40614] for POST '/session/f422f4022c1347ce1568b8f0ff0c3dda/execute/sync'
10:12:35.944 [AsyncHttpClient-1-20] DEBUG org.asynchttpclient.netty.handler.HttpHandler - 

Request DefaultHttpRequest(decodeResult: success, version: HTTP/1.1)
POST /session/f422f4022c1347ce1568b8f0ff0c3dda/execute/sync HTTP/1.1
User-Agent: selenium/4.8.1 (java windows)
Content-Length: 48807
Content-Type: application/json; charset=utf-8
host: localhost:40614
accept: */*

Response DefaultHttpResponse(decodeResult: success, version: HTTP/1.1)
HTTP/1.1 200 OK
Content-Length: 14
Content-Type: application/json; charset=utf-8
cache-control: no-cache

10:12:35.944 [AsyncHttpClient-1-20] DEBUG org.asynchttpclient.netty.channel.ChannelManager - Adding key: http://localhost:40614 for channel [id: 0x8c59e31e, L:/127.0.0.1:51598 - R:localhost/127.0.0.1:40614]
10:12:35.947 [Forwarding getAlertText on session f422f4022c1347ce1568b8f0ff0c3dda to remote] DEBUG org.asynchttpclient.netty.request.NettyRequestSender - Using pooled Channel '[id: 0x8c59e31e, L:/127.0.0.1:51598 - R:localhost/127.0.0.1:40614]' for 'GET' to 'http://localhost:40614/session/f422f4022c1347ce1568b8f0ff0c3dda/alert/text'
10:12:35.947 [Forwarding getAlertText on session f422f4022c1347ce1568b8f0ff0c3dda to remote] DEBUG org.asynchttpclient.netty.request.NettyRequestSender - Using open Channel [id: 0x8c59e31e, L:/127.0.0.1:51598 - R:localhost/127.0.0.1:40614] for GET '/session/f422f4022c1347ce1568b8f0ff0c3dda/alert/text'
10:12:35.948 [AsyncHttpClient-1-20] DEBUG org.asynchttpclient.netty.handler.HttpHandler - 

Request DefaultFullHttpRequest(decodeResult: success, version: HTTP/1.1, content: EmptyByteBufBE)
GET /session/f422f4022c1347ce1568b8f0ff0c3dda/alert/text HTTP/1.1
User-Agent: selenium/4.8.1 (java windows)
Cache-Control: no-cache
Content-Type: application/json; charset=utf-8
host: localhost:40614
accept: */*

Response DefaultHttpResponse(decodeResult: success, version: HTTP/1.1)
HTTP/1.1 404 Not Found
Content-Length: 836
Content-Type: application/json; charset=utf-8
cache-control: no-cache

10:12:35.948 [AsyncHttpClient-1-20] DEBUG org.asynchttpclient.netty.channel.ChannelManager - Adding key: http://localhost:40614 for channel [id: 0x8c59e31e, L:/127.0.0.1:51598 - R:localhost/127.0.0.1:40614]
10:12:35.949 [Forwarding getCurrentUrl on session f422f4022c1347ce1568b8f0ff0c3dda to remote] DEBUG org.asynchttpclient.netty.request.NettyRequestSender - Using pooled Channel '[id: 0x8c59e31e, L:/127.0.0.1:51598 - R:localhost/127.0.0.1:40614]' for 'GET' to 'http://localhost:40614/session/f422f4022c1347ce1568b8f0ff0c3dda/url'
10:12:35.949 [Forwarding getCurrentUrl on session f422f4022c1347ce1568b8f0ff0c3dda to remote] DEBUG org.asynchttpclient.netty.request.NettyRequestSender - Using open Channel [id: 0x8c59e31e, L:/127.0.0.1:51598 - R:localhost/127.0.0.1:40614] for GET '/session/f422f4022c1347ce1568b8f0ff0c3dda/url'
10:12:35.952 [AsyncHttpClient-1-20] DEBUG org.asynchttpclient.netty.handler.HttpHandler - 

Request DefaultFullHttpRequest(decodeResult: success, version: HTTP/1.1, content: EmptyByteBufBE)
GET /session/f422f4022c1347ce1568b8f0ff0c3dda/url HTTP/1.1
User-Agent: selenium/4.8.1 (java windows)
Cache-Control: no-cache
Content-Type: application/json; charset=utf-8
host: localhost:40614
accept: */*

Response DefaultHttpResponse(decodeResult: success, version: HTTP/1.1)
HTTP/1.1 200 OK
Content-Length: 51
Content-Type: application/json; charset=utf-8
cache-control: no-cache

10:12:35.952 [AsyncHttpClient-1-20] DEBUG org.asynchttpclient.netty.channel.ChannelManager - Adding key: http://localhost:40614 for channel [id: 0x8c59e31e, L:/127.0.0.1:51598 - R:localhost/127.0.0.1:40614]
10:12:35.952 [Forwarding screenshot on session f422f4022c1347ce1568b8f0ff0c3dda to remote] DEBUG org.asynchttpclient.netty.request.NettyRequestSender - Using pooled Channel '[id: 0x8c59e31e, L:/127.0.0.1:51598 - R:localhost/127.0.0.1:40614]' for 'GET' to 'http://localhost:40614/session/f422f4022c1347ce1568b8f0ff0c3dda/screenshot'
10:12:35.952 [Forwarding screenshot on session f422f4022c1347ce1568b8f0ff0c3dda to remote] DEBUG org.asynchttpclient.netty.request.NettyRequestSender - Using open Channel [id: 0x8c59e31e, L:/127.0.0.1:51598 - R:localhost/127.0.0.1:40614] for GET '/session/f422f4022c1347ce1568b8f0ff0c3dda/screenshot'
10:12:36.101 [AsyncHttpClient-1-20] DEBUG org.asynchttpclient.netty.handler.HttpHandler - 

Request DefaultFullHttpRequest(decodeResult: success, version: HTTP/1.1, content: EmptyByteBufBE)
GET /session/f422f4022c1347ce1568b8f0ff0c3dda/screenshot HTTP/1.1
User-Agent: selenium/4.8.1 (java windows)
Cache-Control: no-cache
Content-Type: application/json; charset=utf-8
host: localhost:40614
accept: */*

Response DefaultHttpResponse(decodeResult: success, version: HTTP/1.1)
HTTP/1.1 200 OK
Content-Length: 45076
Content-Type: application/json; charset=utf-8
cache-control: no-cache

10:12:36.101 [AsyncHttpClient-1-20] DEBUG org.asynchttpclient.netty.channel.ChannelManager - Adding key: http://localhost:40614 for channel [id: 0x8c59e31e, L:/127.0.0.1:51598 - R:localhost/127.0.0.1:40614]
10:12:36.103 [main] DEBUG net.serenitybdd.core.photography.Darkroom - Send negative for processing for target\site\serenity\70659e04a37c05fd2805d96921187f3320ab2652d8c69f31714bfec5e4e9e253.png
10:12:36.103 [main] DEBUG net.thucydides.core.steps.StepInterceptor - STEP DONE: incorrectAlert
  &amp#27;[32mThen &amp#27;[0m&amp#27;[32mI should see the error message&amp#27;[0m    &amp#27;[90m# starter.stepdefinitions.LoginSteps.alertContent()&amp#27;[0m
10:12:36.103 [Darkroom Processing Line] DEBUG net.serenitybdd.core.photography.DarkroomProcessingLine - Processing screenshot image in /var/screenshots/screenshot-15368370941903038063
10:12:36.104 [Darkroom Processing Line] DEBUG net.serenitybdd.core.photography.DarkroomProcessingLine - Saving screenshot to target\site\serenity\70659e04a37c05fd2805d96921187f3320ab2652d8c69f31714bfec5e4e9e253.png
10:12:36.108 [main] INFO  - 
  _____   ___   ___   _____     ___     _     ___   ___   ___   ___  
 |_   _| | __| / __| |_   _|   | _ \   /_\   / __| / __| | __| |   \ 
   | |   | _|  \__ \   | |     |  _/  / _ \  \__ \ \__ \ | _|  | |) |
   |_|   |___| |___/   |_|     |_|   /_/ \_\ |___/ |___/ |___| |___/ 

Login with wrong password
----------------------------------------------------------------------
10:12:36.109 [AsyncHttpClient-1-22] DEBUG org.asynchttpclient.netty.handler.WebSocketHandler - Channel Closed: [id: 0x11b779b2, L:/127.0.0.1:51606 ! R:localhost/127.0.0.1:51599] with attribute NettyResponseFuture{currentRetry=0,
	isDone=1,
	isCancelled=0,
	asyncHandler=org.asynchttpclient.ws.WebSocketUpgradeHandler@77a94188,
	nettyRequest=org.asynchttpclient.netty.request.NettyRequest@32abd119,
	future=java.util.concurrent.CompletableFuture@46592b5e[Completed normally],
	uri=ws://localhost:51599/devtools/browser/4ae72938-5e34-4eeb-9875-74922270674c,
	keepAlive=true,
	redirectCount=0,
	timeoutsHolder=null,
	inAuth=0,
	touch=1683429148526}
10:12:36.109 [AsyncHttpClient-1-22] DEBUG org.asynchttpclient.netty.channel.ChannelManager - Closing Channel [id: 0x11b779b2, L:/127.0.0.1:51606 ! R:localhost/127.0.0.1:51599] 
10:12:36.109 [Driver Command Executor] DEBUG org.asynchttpclient.netty.request.NettyRequestSender - Using pooled Channel '[id: 0x8c59e31e, L:/127.0.0.1:51598 - R:localhost/127.0.0.1:40614]' for 'DELETE' to 'http://localhost:40614/session/f422f4022c1347ce1568b8f0ff0c3dda'
10:12:36.109 [Driver Command Executor] DEBUG org.asynchttpclient.netty.request.NettyRequestSender - Using open Channel [id: 0x8c59e31e, L:/127.0.0.1:51598 - R:localhost/127.0.0.1:40614] for DELETE '/session/f422f4022c1347ce1568b8f0ff0c3dda'
10:12:36.233 [AsyncHttpClient-1-21] DEBUG org.asynchttpclient.netty.handler.HttpHandler - Unexpected I/O exception on channel [id: 0xf3928f36, L:/127.0.0.1:51605 - R:localhost/127.0.0.1:51599]
java.io.IOException: An existing connection was forcibly closed by the remote host
	at java.base/sun.nio.ch.SocketDispatcher.read0(Native Method)
	at java.base/sun.nio.ch.SocketDispatcher.read(SocketDispatcher.java:43)
	at java.base/sun.nio.ch.IOUtil.readIntoNativeBuffer(IOUtil.java:276)
	at java.base/sun.nio.ch.IOUtil.read(IOUtil.java:233)
	at java.base/sun.nio.ch.IOUtil.read(IOUtil.java:223)
	at java.base/sun.nio.ch.SocketChannelImpl.read(SocketChannelImpl.java:358)
	at io.netty.buffer.PooledByteBuf.setBytes(PooledByteBuf.java:259)
	at io.netty.buffer.AbstractByteBuf.writeBytes(AbstractByteBuf.java:1132)
	at io.netty.channel.socket.nio.NioSocketChannel.doReadBytes(NioSocketChannel.java:357)
	at io.netty.channel.nio.AbstractNioByteChannel$NioByteUnsafe.read(AbstractNioByteChannel.java:151)
	at io.netty.channel.nio.NioEventLoop.processSelectedKey(NioEventLoop.java:788)
	at io.netty.channel.nio.NioEventLoop.processSelectedKeysOptimized(NioEventLoop.java:724)
	at io.netty.channel.nio.NioEventLoop.processSelectedKeys(NioEventLoop.java:650)
	at io.netty.channel.nio.NioEventLoop.run(NioEventLoop.java:562)
	at io.netty.util.concurrent.SingleThreadEventExecutor$4.run(SingleThreadEventExecutor.java:997)
	at io.netty.util.internal.ThreadExecutorMap$2.run(ThreadExecutorMap.java:74)
	at io.netty.util.concurrent.FastThreadLocalRunnable.run(FastThreadLocalRunnable.java:30)
	at java.base/java.lang.Thread.run(Thread.java:834)
10:12:36.234 [AsyncHttpClient-1-21] DEBUG org.asynchttpclient.netty.channel.ChannelManager - Closing Channel [id: 0xf3928f36, L:/127.0.0.1:51605 - R:localhost/127.0.0.1:51599] 
10:12:36.234 [AsyncHttpClient-1-21] DEBUG org.asynchttpclient.netty.handler.HttpHandler - Channel Closed: [id: 0xf3928f36, L:/127.0.0.1:51605 ! R:localhost/127.0.0.1:51599] with attribute DISCARD
10:12:36.241 [AsyncHttpClient-1-20] DEBUG org.asynchttpclient.netty.handler.HttpHandler - 

Request DefaultFullHttpRequest(decodeResult: success, version: HTTP/1.1, content: EmptyByteBufBE)
DELETE /session/f422f4022c1347ce1568b8f0ff0c3dda HTTP/1.1
User-Agent: selenium/4.8.1 (java windows)
Content-Type: application/json; charset=utf-8
host: localhost:40614
accept: */*

Response DefaultHttpResponse(decodeResult: success, version: HTTP/1.1)
HTTP/1.1 200 OK
Content-Length: 14
Content-Type: application/json; charset=utf-8
cache-control: no-cache

10:12:36.241 [AsyncHttpClient-1-20] DEBUG org.asynchttpclient.netty.channel.ChannelManager - Adding key: http://localhost:40614 for channel [id: 0x8c59e31e, L:/127.0.0.1:51598 - R:localhost/127.0.0.1:40614]
10:12:36.266 [AsyncHttpClient-1-20] DEBUG org.asynchttpclient.netty.handler.HttpHandler - Channel Closed: [id: 0x8c59e31e, L:/127.0.0.1:51598 ! R:localhost/127.0.0.1:40614] with attribute DISCARD
]]></system-out>
    <system-err><![CDATA[Starting ChromeDriver 111.0.5563.64 (c710e93d5b63b7095afe8c2c17df34408078439d-refs/branch-heads/5563@{#995}) on port 40614
Only local connections are allowed.
Please see https://chromedriver.chromium.org/security-considerations for suggestions on keeping ChromeDriver safe.
ChromeDriver was started successfully.
May 07, 2023 10:12:28 AM org.openqa.selenium.devtools.CdpVersionFinder findNearestMatch
WARNING: Unable to find an exact match for CDP version 111, so returning the closest version found: 110
]]></system-err>
  </testcase>
  <testcase name="Login with wrong email" classname="Login to Alta-shop Account" time="4.782">
    <system-out><![CDATA[
Scenario: Login with wrong email         &amp#27;[90m# src/test/resources/features/2. Login.feature:21&amp#27;[0m
10:12:36.790 [main] DEBUG io.cucumber.core.plugin.SerenityReporter - Running feature from file:///D:/WebMinpro/code/minpro/src/test/resources/features/2.%20Login.feature
10:12:36.791 [main] INFO  - 
  _____   ___   ___   _____     ___   _____     _     ___   _____   ___   ___  
 |_   _| | __| / __| |_   _|   / __| |_   _|   /_\   | _ \ |_   _| | __| |   \ 
   | |   | _|  \__ \   | |     \__ \   | |    / _ \  |   /   | |   | _|  | |) |
   |_|   |___| |___/   |_|     |___/   |_|   /_/ \_\ |_|_\   |_|   |___| |___/ 

Login with wrong email(login-to-alta-shop-account;login-with-wrong-email)
--------------------------------------------------------------------------------
10:12:36.803 [main] DEBUG net.thucydides.core.steps.StepInterceptor - STARTING STEP: LoginSteps.onTheLoginPage - openPage
10:12:36.958 [main] INFO net.serenitybdd.core.webdriver.driverproviders.ChromeDriverProvider - Starting Chrome driver instance with capabilities:
10:12:36.958 [main] INFO net.serenitybdd.core.webdriver.driverproviders.ChromeDriverProvider - Capabilities {acceptInsecureCerts: false, browserName: chrome, goog:chromeOptions: {args: [remote-allow-origins=*], extensions: []}}
10:12:37.000 [AsyncHttpClient-1-1] DEBUG org.asynchttpclient.netty.channel.DefaultChannelPool - Entry count for : http://localhost:40614 : 1
10:12:37.000 [AsyncHttpClient-1-1] DEBUG org.asynchttpclient.netty.channel.DefaultChannelPool - Entry count for : http://localhost:51599 : 1
10:12:37.000 [AsyncHttpClient-1-1] DEBUG org.asynchttpclient.netty.channel.DefaultChannelPool - Adding Candidate expired Channel [id: 0x8c59e31e, L:/127.0.0.1:51598 ! R:localhost/127.0.0.1:40614] isIdleTimeoutExpired=false isRemotelyClosed=true isTtlExpired=false
10:12:37.000 [AsyncHttpClient-1-1] DEBUG org.asynchttpclient.netty.channel.DefaultChannelPool - Closing Idle Channel [id: 0x8c59e31e, L:/127.0.0.1:51598 ! R:localhost/127.0.0.1:40614]
10:12:37.000 [AsyncHttpClient-1-1] DEBUG org.asynchttpclient.netty.channel.DefaultChannelPool - Adding Candidate expired Channel [id: 0xf3928f36, L:/127.0.0.1:51605 ! R:localhost/127.0.0.1:51599] isIdleTimeoutExpired=false isRemotelyClosed=true isTtlExpired=false
10:12:37.000 [AsyncHttpClient-1-1] DEBUG org.asynchttpclient.netty.channel.DefaultChannelPool - Closing Idle Channel [id: 0xf3928f36, L:/127.0.0.1:51605 ! R:localhost/127.0.0.1:51599]
10:12:37.000 [AsyncHttpClient-1-1] DEBUG org.asynchttpclient.netty.channel.DefaultChannelPool - Closed 2 connections out of 2 in 0 ms
10:12:37.036 [AsyncHttpClient-1-23] DEBUG org.asynchttpclient.netty.channel.NettyConnectListener - Using new Channel '[id: 0xd2ad3c67, L:/127.0.0.1:51631 - R:localhost/127.0.0.1:28428]' for 'POST' to '/session'
10:12:37.837 [AsyncHttpClient-1-23] DEBUG org.asynchttpclient.netty.handler.HttpHandler - 

Request DefaultHttpRequest(decodeResult: success, version: HTTP/1.1)
POST /session HTTP/1.1
User-Agent: selenium/4.8.1 (java windows)
Content-Length: 507
Content-Type: application/json; charset=utf-8
host: localhost:28428
accept: */*

Response DefaultHttpResponse(decodeResult: success, version: HTTP/1.1)
HTTP/1.1 200 OK
Content-Length: 858
Content-Type: application/json; charset=utf-8
cache-control: no-cache

10:12:37.837 [AsyncHttpClient-1-23] DEBUG org.asynchttpclient.netty.channel.ChannelManager - Adding key: http://localhost:28428 for channel [id: 0xd2ad3c67, L:/127.0.0.1:51631 - R:localhost/127.0.0.1:28428]
10:12:37.843 [AsyncHttpClient-1-24] DEBUG org.asynchttpclient.netty.channel.NettyConnectListener - Using new Channel '[id: 0x87efdd64, L:/127.0.0.1:51638 - R:localhost/127.0.0.1:51632]' for 'GET' to '/json/version'
10:12:37.844 [AsyncHttpClient-1-24] DEBUG org.asynchttpclient.netty.handler.HttpHandler - 

Request DefaultFullHttpRequest(decodeResult: success, version: HTTP/1.1, content: EmptyByteBufBE)
GET /json/version HTTP/1.1
User-Agent: selenium/4.8.1 (java windows)
host: localhost:51632
accept: */*

Response DefaultHttpResponse(decodeResult: success, version: HTTP/1.1)
HTTP/1.1 200 OK
Content-Security-Policy: frame-ancestors 'none'
Content-Length: 424
Content-Type: application/json; charset=UTF-8

10:12:37.844 [AsyncHttpClient-1-24] DEBUG org.asynchttpclient.netty.channel.ChannelManager - Adding key: http://localhost:51632 for channel [id: 0x87efdd64, L:/127.0.0.1:51638 - R:localhost/127.0.0.1:51632]
10:12:37.847 [AsyncHttpClient-1-25] DEBUG org.asynchttpclient.netty.channel.NettyConnectListener - Using new Channel '[id: 0x539e420a, L:/127.0.0.1:51639 - R:localhost/127.0.0.1:51632]' for 'GET' to '/devtools/browser/127e060e-11ef-4d3c-9517-af8756a290b5'
10:12:37.850 [AsyncHttpClient-1-25] DEBUG org.asynchttpclient.netty.handler.WebSocketHandler - 

Request DefaultFullHttpRequest(decodeResult: success, version: HTTP/1.1, content: EmptyByteBufBE)
GET /devtools/browser/127e060e-11ef-4d3c-9517-af8756a290b5 HTTP/1.1
upgrade: websocket
connection: upgrade
sec-websocket-key: 9a6iKgxuDEJjgwnzv8d3OA==
sec-websocket-version: 13
origin: http://localhost:51632
host: localhost:51632
accept: */*
user-agent: AHC/2.1

Response DefaultHttpResponse(decodeResult: success, version: HTTP/1.1)
HTTP/1.1 101 WebSocket Protocol Handshake
Upgrade: WebSocket
Connection: Upgrade
Sec-WebSocket-Accept: OsMDq3F7wAclxmaoVMP6+22+1o8=

10:12:37.853 [Forwarding get on session c5cf7a8d2e0307170c985d7e71f13a09 to remote] DEBUG org.asynchttpclient.netty.request.NettyRequestSender - Using pooled Channel '[id: 0xd2ad3c67, L:/127.0.0.1:51631 - R:localhost/127.0.0.1:28428]' for 'POST' to 'http://localhost:28428/session/c5cf7a8d2e0307170c985d7e71f13a09/url'
10:12:37.853 [Forwarding get on session c5cf7a8d2e0307170c985d7e71f13a09 to remote] DEBUG org.asynchttpclient.netty.request.NettyRequestSender - Using open Channel [id: 0xd2ad3c67, L:/127.0.0.1:51631 - R:localhost/127.0.0.1:28428] for POST '/session/c5cf7a8d2e0307170c985d7e71f13a09/url'
10:12:38.104 [AsyncHttpClient-1-1] DEBUG org.asynchttpclient.netty.channel.DefaultChannelPool - Entry count for : http://localhost:51632 : 1
10:12:39.194 [AsyncHttpClient-1-1] DEBUG org.asynchttpclient.netty.channel.DefaultChannelPool - Entry count for : http://localhost:51632 : 1
10:12:39.334 [AsyncHttpClient-1-23] DEBUG org.asynchttpclient.netty.handler.HttpHandler - 

Request DefaultHttpRequest(decodeResult: success, version: HTTP/1.1)
POST /session/c5cf7a8d2e0307170c985d7e71f13a09/url HTTP/1.1
User-Agent: selenium/4.8.1 (java windows)
Content-Length: 74
Content-Type: application/json; charset=utf-8
host: localhost:28428
accept: */*

Response DefaultHttpResponse(decodeResult: success, version: HTTP/1.1)
HTTP/1.1 200 OK
Content-Length: 14
Content-Type: application/json; charset=utf-8
cache-control: no-cache

10:12:39.335 [AsyncHttpClient-1-23] DEBUG org.asynchttpclient.netty.channel.ChannelManager - Adding key: http://localhost:28428 for channel [id: 0xd2ad3c67, L:/127.0.0.1:51631 - R:localhost/127.0.0.1:28428]
10:12:39.335 [Forwarding setTimeout on session c5cf7a8d2e0307170c985d7e71f13a09 to remote] DEBUG org.asynchttpclient.netty.request.NettyRequestSender - Using pooled Channel '[id: 0xd2ad3c67, L:/127.0.0.1:51631 - R:localhost/127.0.0.1:28428]' for 'POST' to 'http://localhost:28428/session/c5cf7a8d2e0307170c985d7e71f13a09/timeouts'
10:12:39.335 [Forwarding setTimeout on session c5cf7a8d2e0307170c985d7e71f13a09 to remote] DEBUG org.asynchttpclient.netty.request.NettyRequestSender - Using open Channel [id: 0xd2ad3c67, L:/127.0.0.1:51631 - R:localhost/127.0.0.1:28428] for POST '/session/c5cf7a8d2e0307170c985d7e71f13a09/timeouts'
10:12:39.336 [AsyncHttpClient-1-23] DEBUG org.asynchttpclient.netty.handler.HttpHandler - 

Request DefaultHttpRequest(decodeResult: success, version: HTTP/1.1)
POST /session/c5cf7a8d2e0307170c985d7e71f13a09/timeouts HTTP/1.1
User-Agent: selenium/4.8.1 (java windows)
Content-Length: 22
Content-Type: application/json; charset=utf-8
host: localhost:28428
accept: */*

Response DefaultHttpResponse(decodeResult: success, version: HTTP/1.1)
HTTP/1.1 200 OK
Content-Length: 14
Content-Type: application/json; charset=utf-8
cache-control: no-cache

10:12:39.337 [AsyncHttpClient-1-23] DEBUG org.asynchttpclient.netty.channel.ChannelManager - Adding key: http://localhost:28428 for channel [id: 0xd2ad3c67, L:/127.0.0.1:51631 - R:localhost/127.0.0.1:28428]
10:12:39.342 [Forwarding getAlertText on session c5cf7a8d2e0307170c985d7e71f13a09 to remote] DEBUG org.asynchttpclient.netty.request.NettyRequestSender - Using pooled Channel '[id: 0xd2ad3c67, L:/127.0.0.1:51631 - R:localhost/127.0.0.1:28428]' for 'GET' to 'http://localhost:28428/session/c5cf7a8d2e0307170c985d7e71f13a09/alert/text'
10:12:39.342 [Forwarding getAlertText on session c5cf7a8d2e0307170c985d7e71f13a09 to remote] DEBUG org.asynchttpclient.netty.request.NettyRequestSender - Using open Channel [id: 0xd2ad3c67, L:/127.0.0.1:51631 - R:localhost/127.0.0.1:28428] for GET '/session/c5cf7a8d2e0307170c985d7e71f13a09/alert/text'
10:12:39.343 [AsyncHttpClient-1-23] DEBUG org.asynchttpclient.netty.handler.HttpHandler - 

Request DefaultFullHttpRequest(decodeResult: success, version: HTTP/1.1, content: EmptyByteBufBE)
GET /session/c5cf7a8d2e0307170c985d7e71f13a09/alert/text HTTP/1.1
User-Agent: selenium/4.8.1 (java windows)
Cache-Control: no-cache
Content-Type: application/json; charset=utf-8
host: localhost:28428
accept: */*

Response DefaultHttpResponse(decodeResult: success, version: HTTP/1.1)
HTTP/1.1 404 Not Found
Content-Length: 836
Content-Type: application/json; charset=utf-8
cache-control: no-cache

10:12:39.343 [AsyncHttpClient-1-23] DEBUG org.asynchttpclient.netty.channel.ChannelManager - Adding key: http://localhost:28428 for channel [id: 0xd2ad3c67, L:/127.0.0.1:51631 - R:localhost/127.0.0.1:28428]
10:12:39.344 [Forwarding getCurrentUrl on session c5cf7a8d2e0307170c985d7e71f13a09 to remote] DEBUG org.asynchttpclient.netty.request.NettyRequestSender - Using pooled Channel '[id: 0xd2ad3c67, L:/127.0.0.1:51631 - R:localhost/127.0.0.1:28428]' for 'GET' to 'http://localhost:28428/session/c5cf7a8d2e0307170c985d7e71f13a09/url'
10:12:39.344 [Forwarding getCurrentUrl on session c5cf7a8d2e0307170c985d7e71f13a09 to remote] DEBUG org.asynchttpclient.netty.request.NettyRequestSender - Using open Channel [id: 0xd2ad3c67, L:/127.0.0.1:51631 - R:localhost/127.0.0.1:28428] for GET '/session/c5cf7a8d2e0307170c985d7e71f13a09/url'
10:12:39.347 [AsyncHttpClient-1-23] DEBUG org.asynchttpclient.netty.handler.HttpHandler - 

Request DefaultFullHttpRequest(decodeResult: success, version: HTTP/1.1, content: EmptyByteBufBE)
GET /session/c5cf7a8d2e0307170c985d7e71f13a09/url HTTP/1.1
User-Agent: selenium/4.8.1 (java windows)
Cache-Control: no-cache
Content-Type: application/json; charset=utf-8
host: localhost:28428
accept: */*

Response DefaultHttpResponse(decodeResult: success, version: HTTP/1.1)
HTTP/1.1 200 OK
Content-Length: 51
Content-Type: application/json; charset=utf-8
cache-control: no-cache

10:12:39.347 [AsyncHttpClient-1-23] DEBUG org.asynchttpclient.netty.channel.ChannelManager - Adding key: http://localhost:28428 for channel [id: 0xd2ad3c67, L:/127.0.0.1:51631 - R:localhost/127.0.0.1:28428]
10:12:39.348 [Forwarding screenshot on session c5cf7a8d2e0307170c985d7e71f13a09 to remote] DEBUG org.asynchttpclient.netty.request.NettyRequestSender - Using pooled Channel '[id: 0xd2ad3c67, L:/127.0.0.1:51631 - R:localhost/127.0.0.1:28428]' for 'GET' to 'http://localhost:28428/session/c5cf7a8d2e0307170c985d7e71f13a09/screenshot'
10:12:39.348 [Forwarding screenshot on session c5cf7a8d2e0307170c985d7e71f13a09 to remote] DEBUG org.asynchttpclient.netty.request.NettyRequestSender - Using open Channel [id: 0xd2ad3c67, L:/127.0.0.1:51631 - R:localhost/127.0.0.1:28428] for GET '/session/c5cf7a8d2e0307170c985d7e71f13a09/screenshot'
10:12:39.432 [AsyncHttpClient-1-23] DEBUG org.asynchttpclient.netty.handler.HttpHandler - 

Request DefaultFullHttpRequest(decodeResult: success, version: HTTP/1.1, content: EmptyByteBufBE)
GET /session/c5cf7a8d2e0307170c985d7e71f13a09/screenshot HTTP/1.1
User-Agent: selenium/4.8.1 (java windows)
Cache-Control: no-cache
Content-Type: application/json; charset=utf-8
host: localhost:28428
accept: */*

Response DefaultHttpResponse(decodeResult: success, version: HTTP/1.1)
HTTP/1.1 200 OK
Content-Length: 32748
Content-Type: application/json; charset=utf-8
cache-control: no-cache

10:12:39.432 [AsyncHttpClient-1-23] DEBUG org.asynchttpclient.netty.channel.ChannelManager - Adding key: http://localhost:28428 for channel [id: 0xd2ad3c67, L:/127.0.0.1:51631 - R:localhost/127.0.0.1:28428]
10:12:39.434 [main] DEBUG net.serenitybdd.core.photography.Darkroom - Send negative for processing for target\site\serenity\838a118defe8b2c78f320792ccc0dfcdbc689f4090a216cf0baf82906188e658.png
10:12:39.434 [main] DEBUG net.thucydides.core.steps.StepInterceptor - STEP DONE: openPage
  &amp#27;[32mGiven &amp#27;[0m&amp#27;[32mI am on the alta-shop login page&amp#27;[0m &amp#27;[90m# starter.stepdefinitions.LoginSteps.onTheLoginPage()&amp#27;[0m
10:12:39.439 [Forwarding getPageSource on session c5cf7a8d2e0307170c985d7e71f13a09 to remote] DEBUG org.asynchttpclient.netty.request.NettyRequestSender - Using pooled Channel '[id: 0xd2ad3c67, L:/127.0.0.1:51631 - R:localhost/127.0.0.1:28428]' for 'POST' to 'http://localhost:28428/session/c5cf7a8d2e0307170c985d7e71f13a09/execute/sync'
10:12:39.439 [Forwarding getPageSource on session c5cf7a8d2e0307170c985d7e71f13a09 to remote] DEBUG org.asynchttpclient.netty.request.NettyRequestSender - Using open Channel [id: 0xd2ad3c67, L:/127.0.0.1:51631 - R:localhost/127.0.0.1:28428] for POST '/session/c5cf7a8d2e0307170c985d7e71f13a09/execute/sync'
10:12:39.443 [AsyncHttpClient-1-23] DEBUG org.asynchttpclient.netty.handler.HttpHandler - 

Request DefaultHttpRequest(decodeResult: success, version: HTTP/1.1)
POST /session/c5cf7a8d2e0307170c985d7e71f13a09/execute/sync HTTP/1.1
User-Agent: selenium/4.8.1 (java windows)
Content-Length: 176
Content-Type: application/json; charset=utf-8
host: localhost:28428
accept: */*

Response DefaultHttpResponse(decodeResult: success, version: HTTP/1.1)
HTTP/1.1 200 OK
Content-Length: 21659
Content-Type: application/json; charset=utf-8
cache-control: no-cache

10:12:39.443 [AsyncHttpClient-1-23] DEBUG org.asynchttpclient.netty.channel.ChannelManager - Adding key: http://localhost:28428 for channel [id: 0xd2ad3c67, L:/127.0.0.1:51631 - R:localhost/127.0.0.1:28428]
10:12:39.445 [Forwarding getCurrentUrl on session c5cf7a8d2e0307170c985d7e71f13a09 to remote] DEBUG org.asynchttpclient.netty.request.NettyRequestSender - Using pooled Channel '[id: 0xd2ad3c67, L:/127.0.0.1:51631 - R:localhost/127.0.0.1:28428]' for 'GET' to 'http://localhost:28428/session/c5cf7a8d2e0307170c985d7e71f13a09/url'
10:12:39.445 [Forwarding getCurrentUrl on session c5cf7a8d2e0307170c985d7e71f13a09 to remote] DEBUG org.asynchttpclient.netty.request.NettyRequestSender - Using open Channel [id: 0xd2ad3c67, L:/127.0.0.1:51631 - R:localhost/127.0.0.1:28428] for GET '/session/c5cf7a8d2e0307170c985d7e71f13a09/url'
10:12:39.447 [AsyncHttpClient-1-23] DEBUG org.asynchttpclient.netty.handler.HttpHandler - 

Request DefaultFullHttpRequest(decodeResult: success, version: HTTP/1.1, content: EmptyByteBufBE)
GET /session/c5cf7a8d2e0307170c985d7e71f13a09/url HTTP/1.1
User-Agent: selenium/4.8.1 (java windows)
Cache-Control: no-cache
Content-Type: application/json; charset=utf-8
host: localhost:28428
accept: */*

Response DefaultHttpResponse(decodeResult: success, version: HTTP/1.1)
HTTP/1.1 200 OK
Content-Length: 51
Content-Type: application/json; charset=utf-8
cache-control: no-cache

10:12:39.447 [AsyncHttpClient-1-23] DEBUG org.asynchttpclient.netty.channel.ChannelManager - Adding key: http://localhost:28428 for channel [id: 0xd2ad3c67, L:/127.0.0.1:51631 - R:localhost/127.0.0.1:28428]
10:12:39.452 [Forwarding getPageSource on session c5cf7a8d2e0307170c985d7e71f13a09 to remote] DEBUG org.asynchttpclient.netty.request.NettyRequestSender - Using pooled Channel '[id: 0xd2ad3c67, L:/127.0.0.1:51631 - R:localhost/127.0.0.1:28428]' for 'POST' to 'http://localhost:28428/session/c5cf7a8d2e0307170c985d7e71f13a09/execute/sync'
10:12:39.452 [Forwarding getPageSource on session c5cf7a8d2e0307170c985d7e71f13a09 to remote] DEBUG org.asynchttpclient.netty.request.NettyRequestSender - Using open Channel [id: 0xd2ad3c67, L:/127.0.0.1:51631 - R:localhost/127.0.0.1:28428] for POST '/session/c5cf7a8d2e0307170c985d7e71f13a09/execute/sync'
10:12:39.456 [AsyncHttpClient-1-23] DEBUG org.asynchttpclient.netty.handler.HttpHandler - 

Request DefaultHttpRequest(decodeResult: success, version: HTTP/1.1)
POST /session/c5cf7a8d2e0307170c985d7e71f13a09/execute/sync HTTP/1.1
User-Agent: selenium/4.8.1 (java windows)
Content-Length: 176
Content-Type: application/json; charset=utf-8
host: localhost:28428
accept: */*

Response DefaultHttpResponse(decodeResult: success, version: HTTP/1.1)
HTTP/1.1 200 OK
Content-Length: 21659
Content-Type: application/json; charset=utf-8
cache-control: no-cache

10:12:39.456 [AsyncHttpClient-1-23] DEBUG org.asynchttpclient.netty.channel.ChannelManager - Adding key: http://localhost:28428 for channel [id: 0xd2ad3c67, L:/127.0.0.1:51631 - R:localhost/127.0.0.1:28428]
10:12:39.458 [Forwarding getCurrentUrl on session c5cf7a8d2e0307170c985d7e71f13a09 to remote] DEBUG org.asynchttpclient.netty.request.NettyRequestSender - Using pooled Channel '[id: 0xd2ad3c67, L:/127.0.0.1:51631 - R:localhost/127.0.0.1:28428]' for 'GET' to 'http://localhost:28428/session/c5cf7a8d2e0307170c985d7e71f13a09/url'
10:12:39.458 [Forwarding getCurrentUrl on session c5cf7a8d2e0307170c985d7e71f13a09 to remote] DEBUG org.asynchttpclient.netty.request.NettyRequestSender - Using open Channel [id: 0xd2ad3c67, L:/127.0.0.1:51631 - R:localhost/127.0.0.1:28428] for GET '/session/c5cf7a8d2e0307170c985d7e71f13a09/url'
10:12:39.460 [AsyncHttpClient-1-23] DEBUG org.asynchttpclient.netty.handler.HttpHandler - 

Request DefaultFullHttpRequest(decodeResult: success, version: HTTP/1.1, content: EmptyByteBufBE)
GET /session/c5cf7a8d2e0307170c985d7e71f13a09/url HTTP/1.1
User-Agent: selenium/4.8.1 (java windows)
Cache-Control: no-cache
Content-Type: application/json; charset=utf-8
host: localhost:28428
accept: */*

Response DefaultHttpResponse(decodeResult: success, version: HTTP/1.1)
HTTP/1.1 200 OK
Content-Length: 51
Content-Type: application/json; charset=utf-8
cache-control: no-cache

10:12:39.460 [AsyncHttpClient-1-23] DEBUG org.asynchttpclient.netty.channel.ChannelManager - Adding key: http://localhost:28428 for channel [id: 0xd2ad3c67, L:/127.0.0.1:51631 - R:localhost/127.0.0.1:28428]
10:12:39.461 [main] DEBUG net.thucydides.core.steps.StepInterceptor - STARTING STEP: LoginSteps.inputIncorrectEmail - inputEmail
10:12:39.463 [Forwarding findElement on session c5cf7a8d2e0307170c985d7e71f13a09 to remote] DEBUG org.asynchttpclient.netty.request.NettyRequestSender - Using pooled Channel '[id: 0xd2ad3c67, L:/127.0.0.1:51631 - R:localhost/127.0.0.1:28428]' for 'POST' to 'http://localhost:28428/session/c5cf7a8d2e0307170c985d7e71f13a09/element'
10:12:39.463 [Forwarding findElement on session c5cf7a8d2e0307170c985d7e71f13a09 to remote] DEBUG org.asynchttpclient.netty.request.NettyRequestSender - Using open Channel [id: 0xd2ad3c67, L:/127.0.0.1:51631 - R:localhost/127.0.0.1:28428] for POST '/session/c5cf7a8d2e0307170c985d7e71f13a09/element'
10:12:39.472 [AsyncHttpClient-1-23] DEBUG org.asynchttpclient.netty.handler.HttpHandler - 

Request DefaultHttpRequest(decodeResult: success, version: HTTP/1.1)
POST /session/c5cf7a8d2e0307170c985d7e71f13a09/element HTTP/1.1
User-Agent: selenium/4.8.1 (java windows)
Content-Length: 55
Content-Type: application/json; charset=utf-8
host: localhost:28428
accept: */*

Response DefaultHttpResponse(decodeResult: success, version: HTTP/1.1)
HTTP/1.1 200 OK
Content-Length: 88
Content-Type: application/json; charset=utf-8
cache-control: no-cache

10:12:39.472 [AsyncHttpClient-1-23] DEBUG org.asynchttpclient.netty.channel.ChannelManager - Adding key: http://localhost:28428 for channel [id: 0xd2ad3c67, L:/127.0.0.1:51631 - R:localhost/127.0.0.1:28428]
10:12:39.473 [Forwarding clearElement on session c5cf7a8d2e0307170c985d7e71f13a09 to remote] DEBUG org.asynchttpclient.netty.request.NettyRequestSender - Using pooled Channel '[id: 0xd2ad3c67, L:/127.0.0.1:51631 - R:localhost/127.0.0.1:28428]' for 'POST' to 'http://localhost:28428/session/c5cf7a8d2e0307170c985d7e71f13a09/element/ad7e52a1-f720-4a47-acca-f917fee7e0cf/clear'
10:12:39.473 [Forwarding clearElement on session c5cf7a8d2e0307170c985d7e71f13a09 to remote] DEBUG org.asynchttpclient.netty.request.NettyRequestSender - Using open Channel [id: 0xd2ad3c67, L:/127.0.0.1:51631 - R:localhost/127.0.0.1:28428] for POST '/session/c5cf7a8d2e0307170c985d7e71f13a09/element/ad7e52a1-f720-4a47-acca-f917fee7e0cf/clear'
10:12:39.496 [AsyncHttpClient-1-23] DEBUG org.asynchttpclient.netty.handler.HttpHandler - 

Request DefaultHttpRequest(decodeResult: success, version: HTTP/1.1)
POST /session/c5cf7a8d2e0307170c985d7e71f13a09/element/ad7e52a1-f720-4a47-acca-f917fee7e0cf/clear HTTP/1.1
User-Agent: selenium/4.8.1 (java windows)
Content-Length: 50
Content-Type: application/json; charset=utf-8
host: localhost:28428
accept: */*

Response DefaultHttpResponse(decodeResult: success, version: HTTP/1.1)
HTTP/1.1 200 OK
Content-Length: 14
Content-Type: application/json; charset=utf-8
cache-control: no-cache

10:12:39.496 [AsyncHttpClient-1-23] DEBUG org.asynchttpclient.netty.channel.ChannelManager - Adding key: http://localhost:28428 for channel [id: 0xd2ad3c67, L:/127.0.0.1:51631 - R:localhost/127.0.0.1:28428]
10:12:39.497 [Forwarding sendKeysToElement on session c5cf7a8d2e0307170c985d7e71f13a09 to remote] DEBUG org.asynchttpclient.netty.request.NettyRequestSender - Using pooled Channel '[id: 0xd2ad3c67, L:/127.0.0.1:51631 - R:localhost/127.0.0.1:28428]' for 'POST' to 'http://localhost:28428/session/c5cf7a8d2e0307170c985d7e71f13a09/element/ad7e52a1-f720-4a47-acca-f917fee7e0cf/value'
10:12:39.498 [Forwarding sendKeysToElement on session c5cf7a8d2e0307170c985d7e71f13a09 to remote] DEBUG org.asynchttpclient.netty.request.NettyRequestSender - Using open Channel [id: 0xd2ad3c67, L:/127.0.0.1:51631 - R:localhost/127.0.0.1:28428] for POST '/session/c5cf7a8d2e0307170c985d7e71f13a09/element/ad7e52a1-f720-4a47-acca-f917fee7e0cf/value'
10:12:39.582 [AsyncHttpClient-1-23] DEBUG org.asynchttpclient.netty.handler.HttpHandler - 

Request DefaultHttpRequest(decodeResult: success, version: HTTP/1.1)
POST /session/c5cf7a8d2e0307170c985d7e71f13a09/element/ad7e52a1-f720-4a47-acca-f917fee7e0cf/value HTTP/1.1
User-Agent: selenium/4.8.1 (java windows)
Content-Length: 231
Content-Type: application/json; charset=utf-8
host: localhost:28428
accept: */*

Response DefaultHttpResponse(decodeResult: success, version: HTTP/1.1)
HTTP/1.1 200 OK
Content-Length: 14
Content-Type: application/json; charset=utf-8
cache-control: no-cache

10:12:39.582 [AsyncHttpClient-1-23] DEBUG org.asynchttpclient.netty.channel.ChannelManager - Adding key: http://localhost:28428 for channel [id: 0xd2ad3c67, L:/127.0.0.1:51631 - R:localhost/127.0.0.1:28428]
10:12:39.587 [Forwarding getAlertText on session c5cf7a8d2e0307170c985d7e71f13a09 to remote] DEBUG org.asynchttpclient.netty.request.NettyRequestSender - Using pooled Channel '[id: 0xd2ad3c67, L:/127.0.0.1:51631 - R:localhost/127.0.0.1:28428]' for 'GET' to 'http://localhost:28428/session/c5cf7a8d2e0307170c985d7e71f13a09/alert/text'
10:12:39.588 [Forwarding getAlertText on session c5cf7a8d2e0307170c985d7e71f13a09 to remote] DEBUG org.asynchttpclient.netty.request.NettyRequestSender - Using open Channel [id: 0xd2ad3c67, L:/127.0.0.1:51631 - R:localhost/127.0.0.1:28428] for GET '/session/c5cf7a8d2e0307170c985d7e71f13a09/alert/text'
10:12:39.589 [AsyncHttpClient-1-23] DEBUG org.asynchttpclient.netty.handler.HttpHandler - 

Request DefaultFullHttpRequest(decodeResult: success, version: HTTP/1.1, content: EmptyByteBufBE)
GET /session/c5cf7a8d2e0307170c985d7e71f13a09/alert/text HTTP/1.1
User-Agent: selenium/4.8.1 (java windows)
Cache-Control: no-cache
Content-Type: application/json; charset=utf-8
host: localhost:28428
accept: */*

Response DefaultHttpResponse(decodeResult: success, version: HTTP/1.1)
HTTP/1.1 404 Not Found
Content-Length: 836
Content-Type: application/json; charset=utf-8
cache-control: no-cache

10:12:39.590 [AsyncHttpClient-1-23] DEBUG org.asynchttpclient.netty.channel.ChannelManager - Adding key: http://localhost:28428 for channel [id: 0xd2ad3c67, L:/127.0.0.1:51631 - R:localhost/127.0.0.1:28428]
10:12:39.590 [Forwarding getCurrentUrl on session c5cf7a8d2e0307170c985d7e71f13a09 to remote] DEBUG org.asynchttpclient.netty.request.NettyRequestSender - Using pooled Channel '[id: 0xd2ad3c67, L:/127.0.0.1:51631 - R:localhost/127.0.0.1:28428]' for 'GET' to 'http://localhost:28428/session/c5cf7a8d2e0307170c985d7e71f13a09/url'
10:12:39.590 [Forwarding getCurrentUrl on session c5cf7a8d2e0307170c985d7e71f13a09 to remote] DEBUG org.asynchttpclient.netty.request.NettyRequestSender - Using open Channel [id: 0xd2ad3c67, L:/127.0.0.1:51631 - R:localhost/127.0.0.1:28428] for GET '/session/c5cf7a8d2e0307170c985d7e71f13a09/url'
10:12:39.593 [AsyncHttpClient-1-23] DEBUG org.asynchttpclient.netty.handler.HttpHandler - 

Request DefaultFullHttpRequest(decodeResult: success, version: HTTP/1.1, content: EmptyByteBufBE)
GET /session/c5cf7a8d2e0307170c985d7e71f13a09/url HTTP/1.1
User-Agent: selenium/4.8.1 (java windows)
Cache-Control: no-cache
Content-Type: application/json; charset=utf-8
host: localhost:28428
accept: */*

Response DefaultHttpResponse(decodeResult: success, version: HTTP/1.1)
HTTP/1.1 200 OK
Content-Length: 51
Content-Type: application/json; charset=utf-8
cache-control: no-cache

10:12:39.593 [AsyncHttpClient-1-23] DEBUG org.asynchttpclient.netty.channel.ChannelManager - Adding key: http://localhost:28428 for channel [id: 0xd2ad3c67, L:/127.0.0.1:51631 - R:localhost/127.0.0.1:28428]
10:12:39.593 [Forwarding screenshot on session c5cf7a8d2e0307170c985d7e71f13a09 to remote] DEBUG org.asynchttpclient.netty.request.NettyRequestSender - Using pooled Channel '[id: 0xd2ad3c67, L:/127.0.0.1:51631 - R:localhost/127.0.0.1:28428]' for 'GET' to 'http://localhost:28428/session/c5cf7a8d2e0307170c985d7e71f13a09/screenshot'
10:12:39.593 [Forwarding screenshot on session c5cf7a8d2e0307170c985d7e71f13a09 to remote] DEBUG org.asynchttpclient.netty.request.NettyRequestSender - Using open Channel [id: 0xd2ad3c67, L:/127.0.0.1:51631 - R:localhost/127.0.0.1:28428] for GET '/session/c5cf7a8d2e0307170c985d7e71f13a09/screenshot'
10:12:39.718 [AsyncHttpClient-1-23] DEBUG org.asynchttpclient.netty.handler.HttpHandler - 

Request DefaultFullHttpRequest(decodeResult: success, version: HTTP/1.1, content: EmptyByteBufBE)
GET /session/c5cf7a8d2e0307170c985d7e71f13a09/screenshot HTTP/1.1
User-Agent: selenium/4.8.1 (java windows)
Cache-Control: no-cache
Content-Type: application/json; charset=utf-8
host: localhost:28428
accept: */*

Response DefaultHttpResponse(decodeResult: success, version: HTTP/1.1)
HTTP/1.1 200 OK
Content-Length: 37828
Content-Type: application/json; charset=utf-8
cache-control: no-cache

10:12:39.718 [AsyncHttpClient-1-23] DEBUG org.asynchttpclient.netty.channel.ChannelManager - Adding key: http://localhost:28428 for channel [id: 0xd2ad3c67, L:/127.0.0.1:51631 - R:localhost/127.0.0.1:28428]
10:12:39.720 [main] DEBUG net.serenitybdd.core.photography.Darkroom - Send negative for processing for target\site\serenity\6aab886fb643a90c688626c174a767d85b846bed45cc0698813bb6471e4aa30c.png
10:12:39.720 [main] DEBUG net.thucydides.core.steps.StepInterceptor - STEP DONE: inputEmail
  &amp#27;[32mAnd &amp#27;[0m&amp#27;[32mI enter incorrect email&amp#27;[0m            &amp#27;[90m# starter.stepdefinitions.LoginSteps.inputIncorrectEmail()&amp#27;[0m
10:12:39.720 [Darkroom Processing Line] DEBUG net.serenitybdd.core.photography.DarkroomProcessingLine - Processing screenshot image in /var/screenshots/screenshot-12552236161465061346
10:12:39.720 [Darkroom Processing Line] DEBUG net.serenitybdd.core.photography.DarkroomProcessingLine - Saving screenshot to target\site\serenity\6aab886fb643a90c688626c174a767d85b846bed45cc0698813bb6471e4aa30c.png
10:12:39.726 [Forwarding getPageSource on session c5cf7a8d2e0307170c985d7e71f13a09 to remote] DEBUG org.asynchttpclient.netty.request.NettyRequestSender - Using pooled Channel '[id: 0xd2ad3c67, L:/127.0.0.1:51631 - R:localhost/127.0.0.1:28428]' for 'POST' to 'http://localhost:28428/session/c5cf7a8d2e0307170c985d7e71f13a09/execute/sync'
10:12:39.726 [Forwarding getPageSource on session c5cf7a8d2e0307170c985d7e71f13a09 to remote] DEBUG org.asynchttpclient.netty.request.NettyRequestSender - Using open Channel [id: 0xd2ad3c67, L:/127.0.0.1:51631 - R:localhost/127.0.0.1:28428] for POST '/session/c5cf7a8d2e0307170c985d7e71f13a09/execute/sync'
10:12:39.730 [AsyncHttpClient-1-23] DEBUG org.asynchttpclient.netty.handler.HttpHandler - 

Request DefaultHttpRequest(decodeResult: success, version: HTTP/1.1)
POST /session/c5cf7a8d2e0307170c985d7e71f13a09/execute/sync HTTP/1.1
User-Agent: selenium/4.8.1 (java windows)
Content-Length: 176
Content-Type: application/json; charset=utf-8
host: localhost:28428
accept: */*

Response DefaultHttpResponse(decodeResult: success, version: HTTP/1.1)
HTTP/1.1 200 OK
Content-Length: 21780
Content-Type: application/json; charset=utf-8
cache-control: no-cache

10:12:39.730 [AsyncHttpClient-1-23] DEBUG org.asynchttpclient.netty.channel.ChannelManager - Adding key: http://localhost:28428 for channel [id: 0xd2ad3c67, L:/127.0.0.1:51631 - R:localhost/127.0.0.1:28428]
10:12:39.739 [Forwarding getCurrentUrl on session c5cf7a8d2e0307170c985d7e71f13a09 to remote] DEBUG org.asynchttpclient.netty.request.NettyRequestSender - Using pooled Channel '[id: 0xd2ad3c67, L:/127.0.0.1:51631 - R:localhost/127.0.0.1:28428]' for 'GET' to 'http://localhost:28428/session/c5cf7a8d2e0307170c985d7e71f13a09/url'
10:12:39.739 [Forwarding getCurrentUrl on session c5cf7a8d2e0307170c985d7e71f13a09 to remote] DEBUG org.asynchttpclient.netty.request.NettyRequestSender - Using open Channel [id: 0xd2ad3c67, L:/127.0.0.1:51631 - R:localhost/127.0.0.1:28428] for GET '/session/c5cf7a8d2e0307170c985d7e71f13a09/url'
10:12:39.742 [AsyncHttpClient-1-23] DEBUG org.asynchttpclient.netty.handler.HttpHandler - 

Request DefaultFullHttpRequest(decodeResult: success, version: HTTP/1.1, content: EmptyByteBufBE)
GET /session/c5cf7a8d2e0307170c985d7e71f13a09/url HTTP/1.1
User-Agent: selenium/4.8.1 (java windows)
Cache-Control: no-cache
Content-Type: application/json; charset=utf-8
host: localhost:28428
accept: */*

Response DefaultHttpResponse(decodeResult: success, version: HTTP/1.1)
HTTP/1.1 200 OK
Content-Length: 51
Content-Type: application/json; charset=utf-8
cache-control: no-cache

10:12:39.743 [AsyncHttpClient-1-23] DEBUG org.asynchttpclient.netty.channel.ChannelManager - Adding key: http://localhost:28428 for channel [id: 0xd2ad3c67, L:/127.0.0.1:51631 - R:localhost/127.0.0.1:28428]
10:12:39.753 [Forwarding getPageSource on session c5cf7a8d2e0307170c985d7e71f13a09 to remote] DEBUG org.asynchttpclient.netty.request.NettyRequestSender - Using pooled Channel '[id: 0xd2ad3c67, L:/127.0.0.1:51631 - R:localhost/127.0.0.1:28428]' for 'POST' to 'http://localhost:28428/session/c5cf7a8d2e0307170c985d7e71f13a09/execute/sync'
10:12:39.753 [Forwarding getPageSource on session c5cf7a8d2e0307170c985d7e71f13a09 to remote] DEBUG org.asynchttpclient.netty.request.NettyRequestSender - Using open Channel [id: 0xd2ad3c67, L:/127.0.0.1:51631 - R:localhost/127.0.0.1:28428] for POST '/session/c5cf7a8d2e0307170c985d7e71f13a09/execute/sync'
10:12:39.759 [AsyncHttpClient-1-23] DEBUG org.asynchttpclient.netty.handler.HttpHandler - 

Request DefaultHttpRequest(decodeResult: success, version: HTTP/1.1)
POST /session/c5cf7a8d2e0307170c985d7e71f13a09/execute/sync HTTP/1.1
User-Agent: selenium/4.8.1 (java windows)
Content-Length: 176
Content-Type: application/json; charset=utf-8
host: localhost:28428
accept: */*

Response DefaultHttpResponse(decodeResult: success, version: HTTP/1.1)
HTTP/1.1 200 OK
Content-Length: 21780
Content-Type: application/json; charset=utf-8
cache-control: no-cache

10:12:39.759 [AsyncHttpClient-1-23] DEBUG org.asynchttpclient.netty.channel.ChannelManager - Adding key: http://localhost:28428 for channel [id: 0xd2ad3c67, L:/127.0.0.1:51631 - R:localhost/127.0.0.1:28428]
10:12:39.761 [Forwarding getCurrentUrl on session c5cf7a8d2e0307170c985d7e71f13a09 to remote] DEBUG org.asynchttpclient.netty.request.NettyRequestSender - Using pooled Channel '[id: 0xd2ad3c67, L:/127.0.0.1:51631 - R:localhost/127.0.0.1:28428]' for 'GET' to 'http://localhost:28428/session/c5cf7a8d2e0307170c985d7e71f13a09/url'
10:12:39.761 [Forwarding getCurrentUrl on session c5cf7a8d2e0307170c985d7e71f13a09 to remote] DEBUG org.asynchttpclient.netty.request.NettyRequestSender - Using open Channel [id: 0xd2ad3c67, L:/127.0.0.1:51631 - R:localhost/127.0.0.1:28428] for GET '/session/c5cf7a8d2e0307170c985d7e71f13a09/url'
10:12:39.765 [AsyncHttpClient-1-23] DEBUG org.asynchttpclient.netty.handler.HttpHandler - 

Request DefaultFullHttpRequest(decodeResult: success, version: HTTP/1.1, content: EmptyByteBufBE)
GET /session/c5cf7a8d2e0307170c985d7e71f13a09/url HTTP/1.1
User-Agent: selenium/4.8.1 (java windows)
Cache-Control: no-cache
Content-Type: application/json; charset=utf-8
host: localhost:28428
accept: */*

Response DefaultHttpResponse(decodeResult: success, version: HTTP/1.1)
HTTP/1.1 200 OK
Content-Length: 51
Content-Type: application/json; charset=utf-8
cache-control: no-cache

10:12:39.765 [AsyncHttpClient-1-23] DEBUG org.asynchttpclient.netty.channel.ChannelManager - Adding key: http://localhost:28428 for channel [id: 0xd2ad3c67, L:/127.0.0.1:51631 - R:localhost/127.0.0.1:28428]
10:12:39.767 [main] DEBUG net.thucydides.core.steps.StepInterceptor - STARTING STEP: LoginSteps.inputPassword - inputPassword
10:12:39.770 [Forwarding findElement on session c5cf7a8d2e0307170c985d7e71f13a09 to remote] DEBUG org.asynchttpclient.netty.request.NettyRequestSender - Using pooled Channel '[id: 0xd2ad3c67, L:/127.0.0.1:51631 - R:localhost/127.0.0.1:28428]' for 'POST' to 'http://localhost:28428/session/c5cf7a8d2e0307170c985d7e71f13a09/element'
10:12:39.770 [Forwarding findElement on session c5cf7a8d2e0307170c985d7e71f13a09 to remote] DEBUG org.asynchttpclient.netty.request.NettyRequestSender - Using open Channel [id: 0xd2ad3c67, L:/127.0.0.1:51631 - R:localhost/127.0.0.1:28428] for POST '/session/c5cf7a8d2e0307170c985d7e71f13a09/element'
10:12:39.786 [AsyncHttpClient-1-23] DEBUG org.asynchttpclient.netty.handler.HttpHandler - 

Request DefaultHttpRequest(decodeResult: success, version: HTTP/1.1)
POST /session/c5cf7a8d2e0307170c985d7e71f13a09/element HTTP/1.1
User-Agent: selenium/4.8.1 (java windows)
Content-Length: 55
Content-Type: application/json; charset=utf-8
host: localhost:28428
accept: */*

Response DefaultHttpResponse(decodeResult: success, version: HTTP/1.1)
HTTP/1.1 200 OK
Content-Length: 88
Content-Type: application/json; charset=utf-8
cache-control: no-cache

10:12:39.786 [AsyncHttpClient-1-23] DEBUG org.asynchttpclient.netty.channel.ChannelManager - Adding key: http://localhost:28428 for channel [id: 0xd2ad3c67, L:/127.0.0.1:51631 - R:localhost/127.0.0.1:28428]
10:12:39.788 [Forwarding clearElement on session c5cf7a8d2e0307170c985d7e71f13a09 to remote] DEBUG org.asynchttpclient.netty.request.NettyRequestSender - Using pooled Channel '[id: 0xd2ad3c67, L:/127.0.0.1:51631 - R:localhost/127.0.0.1:28428]' for 'POST' to 'http://localhost:28428/session/c5cf7a8d2e0307170c985d7e71f13a09/element/87617d3b-7ff2-4922-a2d9-233417547beb/clear'
10:12:39.788 [Forwarding clearElement on session c5cf7a8d2e0307170c985d7e71f13a09 to remote] DEBUG org.asynchttpclient.netty.request.NettyRequestSender - Using open Channel [id: 0xd2ad3c67, L:/127.0.0.1:51631 - R:localhost/127.0.0.1:28428] for POST '/session/c5cf7a8d2e0307170c985d7e71f13a09/element/87617d3b-7ff2-4922-a2d9-233417547beb/clear'
10:12:39.829 [AsyncHttpClient-1-23] DEBUG org.asynchttpclient.netty.handler.HttpHandler - 

Request DefaultHttpRequest(decodeResult: success, version: HTTP/1.1)
POST /session/c5cf7a8d2e0307170c985d7e71f13a09/element/87617d3b-7ff2-4922-a2d9-233417547beb/clear HTTP/1.1
User-Agent: selenium/4.8.1 (java windows)
Content-Length: 50
Content-Type: application/json; charset=utf-8
host: localhost:28428
accept: */*

Response DefaultHttpResponse(decodeResult: success, version: HTTP/1.1)
HTTP/1.1 200 OK
Content-Length: 14
Content-Type: application/json; charset=utf-8
cache-control: no-cache

10:12:39.829 [AsyncHttpClient-1-23] DEBUG org.asynchttpclient.netty.channel.ChannelManager - Adding key: http://localhost:28428 for channel [id: 0xd2ad3c67, L:/127.0.0.1:51631 - R:localhost/127.0.0.1:28428]
10:12:39.831 [Forwarding sendKeysToElement on session c5cf7a8d2e0307170c985d7e71f13a09 to remote] DEBUG org.asynchttpclient.netty.request.NettyRequestSender - Using pooled Channel '[id: 0xd2ad3c67, L:/127.0.0.1:51631 - R:localhost/127.0.0.1:28428]' for 'POST' to 'http://localhost:28428/session/c5cf7a8d2e0307170c985d7e71f13a09/element/87617d3b-7ff2-4922-a2d9-233417547beb/value'
10:12:39.831 [Forwarding sendKeysToElement on session c5cf7a8d2e0307170c985d7e71f13a09 to remote] DEBUG org.asynchttpclient.netty.request.NettyRequestSender - Using open Channel [id: 0xd2ad3c67, L:/127.0.0.1:51631 - R:localhost/127.0.0.1:28428] for POST '/session/c5cf7a8d2e0307170c985d7e71f13a09/element/87617d3b-7ff2-4922-a2d9-233417547beb/value'
10:12:39.893 [AsyncHttpClient-1-23] DEBUG org.asynchttpclient.netty.handler.HttpHandler - 

Request DefaultHttpRequest(decodeResult: success, version: HTTP/1.1)
POST /session/c5cf7a8d2e0307170c985d7e71f13a09/element/87617d3b-7ff2-4922-a2d9-233417547beb/value HTTP/1.1
User-Agent: selenium/4.8.1 (java windows)
Content-Length: 151
Content-Type: application/json; charset=utf-8
host: localhost:28428
accept: */*

Response DefaultHttpResponse(decodeResult: success, version: HTTP/1.1)
HTTP/1.1 200 OK
Content-Length: 14
Content-Type: application/json; charset=utf-8
cache-control: no-cache

10:12:39.893 [AsyncHttpClient-1-23] DEBUG org.asynchttpclient.netty.channel.ChannelManager - Adding key: http://localhost:28428 for channel [id: 0xd2ad3c67, L:/127.0.0.1:51631 - R:localhost/127.0.0.1:28428]
10:12:39.903 [Forwarding getAlertText on session c5cf7a8d2e0307170c985d7e71f13a09 to remote] DEBUG org.asynchttpclient.netty.request.NettyRequestSender - Using pooled Channel '[id: 0xd2ad3c67, L:/127.0.0.1:51631 - R:localhost/127.0.0.1:28428]' for 'GET' to 'http://localhost:28428/session/c5cf7a8d2e0307170c985d7e71f13a09/alert/text'
10:12:39.903 [Forwarding getAlertText on session c5cf7a8d2e0307170c985d7e71f13a09 to remote] DEBUG org.asynchttpclient.netty.request.NettyRequestSender - Using open Channel [id: 0xd2ad3c67, L:/127.0.0.1:51631 - R:localhost/127.0.0.1:28428] for GET '/session/c5cf7a8d2e0307170c985d7e71f13a09/alert/text'
10:12:39.907 [AsyncHttpClient-1-23] DEBUG org.asynchttpclient.netty.handler.HttpHandler - 

Request DefaultFullHttpRequest(decodeResult: success, version: HTTP/1.1, content: EmptyByteBufBE)
GET /session/c5cf7a8d2e0307170c985d7e71f13a09/alert/text HTTP/1.1
User-Agent: selenium/4.8.1 (java windows)
Cache-Control: no-cache
Content-Type: application/json; charset=utf-8
host: localhost:28428
accept: */*

Response DefaultHttpResponse(decodeResult: success, version: HTTP/1.1)
HTTP/1.1 404 Not Found
Content-Length: 836
Content-Type: application/json; charset=utf-8
cache-control: no-cache

10:12:39.907 [AsyncHttpClient-1-23] DEBUG org.asynchttpclient.netty.channel.ChannelManager - Adding key: http://localhost:28428 for channel [id: 0xd2ad3c67, L:/127.0.0.1:51631 - R:localhost/127.0.0.1:28428]
10:12:39.908 [Forwarding getCurrentUrl on session c5cf7a8d2e0307170c985d7e71f13a09 to remote] DEBUG org.asynchttpclient.netty.request.NettyRequestSender - Using pooled Channel '[id: 0xd2ad3c67, L:/127.0.0.1:51631 - R:localhost/127.0.0.1:28428]' for 'GET' to 'http://localhost:28428/session/c5cf7a8d2e0307170c985d7e71f13a09/url'
10:12:39.908 [Forwarding getCurrentUrl on session c5cf7a8d2e0307170c985d7e71f13a09 to remote] DEBUG org.asynchttpclient.netty.request.NettyRequestSender - Using open Channel [id: 0xd2ad3c67, L:/127.0.0.1:51631 - R:localhost/127.0.0.1:28428] for GET '/session/c5cf7a8d2e0307170c985d7e71f13a09/url'
10:12:39.910 [AsyncHttpClient-1-23] DEBUG org.asynchttpclient.netty.handler.HttpHandler - 

Request DefaultFullHttpRequest(decodeResult: success, version: HTTP/1.1, content: EmptyByteBufBE)
GET /session/c5cf7a8d2e0307170c985d7e71f13a09/url HTTP/1.1
User-Agent: selenium/4.8.1 (java windows)
Cache-Control: no-cache
Content-Type: application/json; charset=utf-8
host: localhost:28428
accept: */*

Response DefaultHttpResponse(decodeResult: success, version: HTTP/1.1)
HTTP/1.1 200 OK
Content-Length: 51
Content-Type: application/json; charset=utf-8
cache-control: no-cache

10:12:39.910 [AsyncHttpClient-1-23] DEBUG org.asynchttpclient.netty.channel.ChannelManager - Adding key: http://localhost:28428 for channel [id: 0xd2ad3c67, L:/127.0.0.1:51631 - R:localhost/127.0.0.1:28428]
10:12:39.911 [Forwarding screenshot on session c5cf7a8d2e0307170c985d7e71f13a09 to remote] DEBUG org.asynchttpclient.netty.request.NettyRequestSender - Using pooled Channel '[id: 0xd2ad3c67, L:/127.0.0.1:51631 - R:localhost/127.0.0.1:28428]' for 'GET' to 'http://localhost:28428/session/c5cf7a8d2e0307170c985d7e71f13a09/screenshot'
10:12:39.911 [Forwarding screenshot on session c5cf7a8d2e0307170c985d7e71f13a09 to remote] DEBUG org.asynchttpclient.netty.request.NettyRequestSender - Using open Channel [id: 0xd2ad3c67, L:/127.0.0.1:51631 - R:localhost/127.0.0.1:28428] for GET '/session/c5cf7a8d2e0307170c985d7e71f13a09/screenshot'
10:12:40.041 [AsyncHttpClient-1-23] DEBUG org.asynchttpclient.netty.handler.HttpHandler - 

Request DefaultFullHttpRequest(decodeResult: success, version: HTTP/1.1, content: EmptyByteBufBE)
GET /session/c5cf7a8d2e0307170c985d7e71f13a09/screenshot HTTP/1.1
User-Agent: selenium/4.8.1 (java windows)
Cache-Control: no-cache
Content-Type: application/json; charset=utf-8
host: localhost:28428
accept: */*

Response DefaultHttpResponse(decodeResult: success, version: HTTP/1.1)
HTTP/1.1 200 OK
Content-Length: 39732
Content-Type: application/json; charset=utf-8
cache-control: no-cache

10:12:40.041 [AsyncHttpClient-1-23] DEBUG org.asynchttpclient.netty.channel.ChannelManager - Adding key: http://localhost:28428 for channel [id: 0xd2ad3c67, L:/127.0.0.1:51631 - R:localhost/127.0.0.1:28428]
10:12:40.042 [main] DEBUG net.serenitybdd.core.photography.Darkroom - Send negative for processing for target\site\serenity\96bea60e6f0b7f1e0245dee08302020799b6305b94e1a68ed509e203b4af49c7.png
10:12:40.042 [main] DEBUG net.thucydides.core.steps.StepInterceptor - STEP DONE: inputPassword
  &amp#27;[32mAnd &amp#27;[0m&amp#27;[32mI enter correct password&amp#27;[0m           &amp#27;[90m# starter.stepdefinitions.LoginSteps.inputPassword()&amp#27;[0m
10:12:40.043 [Darkroom Processing Line] DEBUG net.serenitybdd.core.photography.DarkroomProcessingLine - Processing screenshot image in /var/screenshots/screenshot-14738539156779873815
10:12:40.043 [Darkroom Processing Line] DEBUG net.serenitybdd.core.photography.DarkroomProcessingLine - Saving screenshot to target\site\serenity\96bea60e6f0b7f1e0245dee08302020799b6305b94e1a68ed509e203b4af49c7.png
10:12:40.050 [Forwarding getPageSource on session c5cf7a8d2e0307170c985d7e71f13a09 to remote] DEBUG org.asynchttpclient.netty.request.NettyRequestSender - Using pooled Channel '[id: 0xd2ad3c67, L:/127.0.0.1:51631 - R:localhost/127.0.0.1:28428]' for 'POST' to 'http://localhost:28428/session/c5cf7a8d2e0307170c985d7e71f13a09/execute/sync'
10:12:40.050 [Forwarding getPageSource on session c5cf7a8d2e0307170c985d7e71f13a09 to remote] DEBUG org.asynchttpclient.netty.request.NettyRequestSender - Using open Channel [id: 0xd2ad3c67, L:/127.0.0.1:51631 - R:localhost/127.0.0.1:28428] for POST '/session/c5cf7a8d2e0307170c985d7e71f13a09/execute/sync'
10:12:40.054 [AsyncHttpClient-1-23] DEBUG org.asynchttpclient.netty.handler.HttpHandler - 

Request DefaultHttpRequest(decodeResult: success, version: HTTP/1.1)
POST /session/c5cf7a8d2e0307170c985d7e71f13a09/execute/sync HTTP/1.1
User-Agent: selenium/4.8.1 (java windows)
Content-Length: 176
Content-Type: application/json; charset=utf-8
host: localhost:28428
accept: */*

Response DefaultHttpResponse(decodeResult: success, version: HTTP/1.1)
HTTP/1.1 200 OK
Content-Length: 21839
Content-Type: application/json; charset=utf-8
cache-control: no-cache

10:12:40.054 [AsyncHttpClient-1-23] DEBUG org.asynchttpclient.netty.channel.ChannelManager - Adding key: http://localhost:28428 for channel [id: 0xd2ad3c67, L:/127.0.0.1:51631 - R:localhost/127.0.0.1:28428]
10:12:40.056 [Forwarding getCurrentUrl on session c5cf7a8d2e0307170c985d7e71f13a09 to remote] DEBUG org.asynchttpclient.netty.request.NettyRequestSender - Using pooled Channel '[id: 0xd2ad3c67, L:/127.0.0.1:51631 - R:localhost/127.0.0.1:28428]' for 'GET' to 'http://localhost:28428/session/c5cf7a8d2e0307170c985d7e71f13a09/url'
10:12:40.056 [Forwarding getCurrentUrl on session c5cf7a8d2e0307170c985d7e71f13a09 to remote] DEBUG org.asynchttpclient.netty.request.NettyRequestSender - Using open Channel [id: 0xd2ad3c67, L:/127.0.0.1:51631 - R:localhost/127.0.0.1:28428] for GET '/session/c5cf7a8d2e0307170c985d7e71f13a09/url'
10:12:40.059 [AsyncHttpClient-1-23] DEBUG org.asynchttpclient.netty.handler.HttpHandler - 

Request DefaultFullHttpRequest(decodeResult: success, version: HTTP/1.1, content: EmptyByteBufBE)
GET /session/c5cf7a8d2e0307170c985d7e71f13a09/url HTTP/1.1
User-Agent: selenium/4.8.1 (java windows)
Cache-Control: no-cache
Content-Type: application/json; charset=utf-8
host: localhost:28428
accept: */*

Response DefaultHttpResponse(decodeResult: success, version: HTTP/1.1)
HTTP/1.1 200 OK
Content-Length: 51
Content-Type: application/json; charset=utf-8
cache-control: no-cache

10:12:40.059 [AsyncHttpClient-1-23] DEBUG org.asynchttpclient.netty.channel.ChannelManager - Adding key: http://localhost:28428 for channel [id: 0xd2ad3c67, L:/127.0.0.1:51631 - R:localhost/127.0.0.1:28428]
10:12:40.065 [Forwarding getPageSource on session c5cf7a8d2e0307170c985d7e71f13a09 to remote] DEBUG org.asynchttpclient.netty.request.NettyRequestSender - Using pooled Channel '[id: 0xd2ad3c67, L:/127.0.0.1:51631 - R:localhost/127.0.0.1:28428]' for 'POST' to 'http://localhost:28428/session/c5cf7a8d2e0307170c985d7e71f13a09/execute/sync'
10:12:40.065 [Forwarding getPageSource on session c5cf7a8d2e0307170c985d7e71f13a09 to remote] DEBUG org.asynchttpclient.netty.request.NettyRequestSender - Using open Channel [id: 0xd2ad3c67, L:/127.0.0.1:51631 - R:localhost/127.0.0.1:28428] for POST '/session/c5cf7a8d2e0307170c985d7e71f13a09/execute/sync'
10:12:40.069 [AsyncHttpClient-1-23] DEBUG org.asynchttpclient.netty.handler.HttpHandler - 

Request DefaultHttpRequest(decodeResult: success, version: HTTP/1.1)
POST /session/c5cf7a8d2e0307170c985d7e71f13a09/execute/sync HTTP/1.1
User-Agent: selenium/4.8.1 (java windows)
Content-Length: 176
Content-Type: application/json; charset=utf-8
host: localhost:28428
accept: */*

Response DefaultHttpResponse(decodeResult: success, version: HTTP/1.1)
HTTP/1.1 200 OK
Content-Length: 21839
Content-Type: application/json; charset=utf-8
cache-control: no-cache

10:12:40.070 [AsyncHttpClient-1-23] DEBUG org.asynchttpclient.netty.channel.ChannelManager - Adding key: http://localhost:28428 for channel [id: 0xd2ad3c67, L:/127.0.0.1:51631 - R:localhost/127.0.0.1:28428]
10:12:40.071 [Forwarding getCurrentUrl on session c5cf7a8d2e0307170c985d7e71f13a09 to remote] DEBUG org.asynchttpclient.netty.request.NettyRequestSender - Using pooled Channel '[id: 0xd2ad3c67, L:/127.0.0.1:51631 - R:localhost/127.0.0.1:28428]' for 'GET' to 'http://localhost:28428/session/c5cf7a8d2e0307170c985d7e71f13a09/url'
10:12:40.071 [Forwarding getCurrentUrl on session c5cf7a8d2e0307170c985d7e71f13a09 to remote] DEBUG org.asynchttpclient.netty.request.NettyRequestSender - Using open Channel [id: 0xd2ad3c67, L:/127.0.0.1:51631 - R:localhost/127.0.0.1:28428] for GET '/session/c5cf7a8d2e0307170c985d7e71f13a09/url'
10:12:40.075 [AsyncHttpClient-1-23] DEBUG org.asynchttpclient.netty.handler.HttpHandler - 

Request DefaultFullHttpRequest(decodeResult: success, version: HTTP/1.1, content: EmptyByteBufBE)
GET /session/c5cf7a8d2e0307170c985d7e71f13a09/url HTTP/1.1
User-Agent: selenium/4.8.1 (java windows)
Cache-Control: no-cache
Content-Type: application/json; charset=utf-8
host: localhost:28428
accept: */*

Response DefaultHttpResponse(decodeResult: success, version: HTTP/1.1)
HTTP/1.1 200 OK
Content-Length: 51
Content-Type: application/json; charset=utf-8
cache-control: no-cache

10:12:40.075 [AsyncHttpClient-1-23] DEBUG org.asynchttpclient.netty.channel.ChannelManager - Adding key: http://localhost:28428 for channel [id: 0xd2ad3c67, L:/127.0.0.1:51631 - R:localhost/127.0.0.1:28428]
10:12:40.077 [main] DEBUG net.thucydides.core.steps.StepInterceptor - STARTING STEP: LoginSteps.clickLoginButton - clickLoginButton
10:12:40.078 [Forwarding findElement on session c5cf7a8d2e0307170c985d7e71f13a09 to remote] DEBUG org.asynchttpclient.netty.request.NettyRequestSender - Using pooled Channel '[id: 0xd2ad3c67, L:/127.0.0.1:51631 - R:localhost/127.0.0.1:28428]' for 'POST' to 'http://localhost:28428/session/c5cf7a8d2e0307170c985d7e71f13a09/element'
10:12:40.078 [Forwarding findElement on session c5cf7a8d2e0307170c985d7e71f13a09 to remote] DEBUG org.asynchttpclient.netty.request.NettyRequestSender - Using open Channel [id: 0xd2ad3c67, L:/127.0.0.1:51631 - R:localhost/127.0.0.1:28428] for POST '/session/c5cf7a8d2e0307170c985d7e71f13a09/element'
10:12:40.087 [AsyncHttpClient-1-23] DEBUG org.asynchttpclient.netty.handler.HttpHandler - 

Request DefaultHttpRequest(decodeResult: success, version: HTTP/1.1)
POST /session/c5cf7a8d2e0307170c985d7e71f13a09/element HTTP/1.1
User-Agent: selenium/4.8.1 (java windows)
Content-Length: 71
Content-Type: application/json; charset=utf-8
host: localhost:28428
accept: */*

Response DefaultHttpResponse(decodeResult: success, version: HTTP/1.1)
HTTP/1.1 200 OK
Content-Length: 88
Content-Type: application/json; charset=utf-8
cache-control: no-cache

10:12:40.087 [AsyncHttpClient-1-23] DEBUG org.asynchttpclient.netty.channel.ChannelManager - Adding key: http://localhost:28428 for channel [id: 0xd2ad3c67, L:/127.0.0.1:51631 - R:localhost/127.0.0.1:28428]
10:12:40.090 [Forwarding getElementTagName on session c5cf7a8d2e0307170c985d7e71f13a09 to remote] DEBUG org.asynchttpclient.netty.request.NettyRequestSender - Using pooled Channel '[id: 0xd2ad3c67, L:/127.0.0.1:51631 - R:localhost/127.0.0.1:28428]' for 'GET' to 'http://localhost:28428/session/c5cf7a8d2e0307170c985d7e71f13a09/element/655e37bf-9d94-4749-ad3b-f48fa3f6f076/name'
10:12:40.090 [Forwarding getElementTagName on session c5cf7a8d2e0307170c985d7e71f13a09 to remote] DEBUG org.asynchttpclient.netty.request.NettyRequestSender - Using open Channel [id: 0xd2ad3c67, L:/127.0.0.1:51631 - R:localhost/127.0.0.1:28428] for GET '/session/c5cf7a8d2e0307170c985d7e71f13a09/element/655e37bf-9d94-4749-ad3b-f48fa3f6f076/name'
10:12:40.092 [AsyncHttpClient-1-23] DEBUG org.asynchttpclient.netty.handler.HttpHandler - 

Request DefaultFullHttpRequest(decodeResult: success, version: HTTP/1.1, content: EmptyByteBufBE)
GET /session/c5cf7a8d2e0307170c985d7e71f13a09/element/655e37bf-9d94-4749-ad3b-f48fa3f6f076/name HTTP/1.1
User-Agent: selenium/4.8.1 (java windows)
Cache-Control: no-cache
Content-Type: application/json; charset=utf-8
host: localhost:28428
accept: */*

Response DefaultHttpResponse(decodeResult: success, version: HTTP/1.1)
HTTP/1.1 200 OK
Content-Length: 18
Content-Type: application/json; charset=utf-8
cache-control: no-cache

10:12:40.093 [AsyncHttpClient-1-23] DEBUG org.asynchttpclient.netty.channel.ChannelManager - Adding key: http://localhost:28428 for channel [id: 0xd2ad3c67, L:/127.0.0.1:51631 - R:localhost/127.0.0.1:28428]
10:12:40.093 [Forwarding getElementTagName on session c5cf7a8d2e0307170c985d7e71f13a09 to remote] DEBUG org.asynchttpclient.netty.request.NettyRequestSender - Using pooled Channel '[id: 0xd2ad3c67, L:/127.0.0.1:51631 - R:localhost/127.0.0.1:28428]' for 'GET' to 'http://localhost:28428/session/c5cf7a8d2e0307170c985d7e71f13a09/element/655e37bf-9d94-4749-ad3b-f48fa3f6f076/name'
10:12:40.094 [Forwarding getElementTagName on session c5cf7a8d2e0307170c985d7e71f13a09 to remote] DEBUG org.asynchttpclient.netty.request.NettyRequestSender - Using open Channel [id: 0xd2ad3c67, L:/127.0.0.1:51631 - R:localhost/127.0.0.1:28428] for GET '/session/c5cf7a8d2e0307170c985d7e71f13a09/element/655e37bf-9d94-4749-ad3b-f48fa3f6f076/name'
10:12:40.096 [AsyncHttpClient-1-23] DEBUG org.asynchttpclient.netty.handler.HttpHandler - 

Request DefaultFullHttpRequest(decodeResult: success, version: HTTP/1.1, content: EmptyByteBufBE)
GET /session/c5cf7a8d2e0307170c985d7e71f13a09/element/655e37bf-9d94-4749-ad3b-f48fa3f6f076/name HTTP/1.1
User-Agent: selenium/4.8.1 (java windows)
Cache-Control: no-cache
Content-Type: application/json; charset=utf-8
host: localhost:28428
accept: */*

Response DefaultHttpResponse(decodeResult: success, version: HTTP/1.1)
HTTP/1.1 200 OK
Content-Length: 18
Content-Type: application/json; charset=utf-8
cache-control: no-cache

10:12:40.096 [AsyncHttpClient-1-23] DEBUG org.asynchttpclient.netty.channel.ChannelManager - Adding key: http://localhost:28428 for channel [id: 0xd2ad3c67, L:/127.0.0.1:51631 - R:localhost/127.0.0.1:28428]
10:12:40.099 [Forwarding isElementEnabled on session c5cf7a8d2e0307170c985d7e71f13a09 to remote] DEBUG org.asynchttpclient.netty.request.NettyRequestSender - Using pooled Channel '[id: 0xd2ad3c67, L:/127.0.0.1:51631 - R:localhost/127.0.0.1:28428]' for 'GET' to 'http://localhost:28428/session/c5cf7a8d2e0307170c985d7e71f13a09/element/655e37bf-9d94-4749-ad3b-f48fa3f6f076/enabled'
10:12:40.099 [Forwarding isElementEnabled on session c5cf7a8d2e0307170c985d7e71f13a09 to remote] DEBUG org.asynchttpclient.netty.request.NettyRequestSender - Using open Channel [id: 0xd2ad3c67, L:/127.0.0.1:51631 - R:localhost/127.0.0.1:28428] for GET '/session/c5cf7a8d2e0307170c985d7e71f13a09/element/655e37bf-9d94-4749-ad3b-f48fa3f6f076/enabled'
10:12:40.107 [AsyncHttpClient-1-23] DEBUG org.asynchttpclient.netty.handler.HttpHandler - 

Request DefaultFullHttpRequest(decodeResult: success, version: HTTP/1.1, content: EmptyByteBufBE)
GET /session/c5cf7a8d2e0307170c985d7e71f13a09/element/655e37bf-9d94-4749-ad3b-f48fa3f6f076/enabled HTTP/1.1
User-Agent: selenium/4.8.1 (java windows)
Cache-Control: no-cache
Content-Type: application/json; charset=utf-8
host: localhost:28428
accept: */*

Response DefaultHttpResponse(decodeResult: success, version: HTTP/1.1)
HTTP/1.1 200 OK
Content-Length: 14
Content-Type: application/json; charset=utf-8
cache-control: no-cache

10:12:40.107 [AsyncHttpClient-1-23] DEBUG org.asynchttpclient.netty.channel.ChannelManager - Adding key: http://localhost:28428 for channel [id: 0xd2ad3c67, L:/127.0.0.1:51631 - R:localhost/127.0.0.1:28428]
10:12:40.108 [Forwarding isElementEnabled on session c5cf7a8d2e0307170c985d7e71f13a09 to remote] DEBUG org.asynchttpclient.netty.request.NettyRequestSender - Using pooled Channel '[id: 0xd2ad3c67, L:/127.0.0.1:51631 - R:localhost/127.0.0.1:28428]' for 'GET' to 'http://localhost:28428/session/c5cf7a8d2e0307170c985d7e71f13a09/element/655e37bf-9d94-4749-ad3b-f48fa3f6f076/enabled'
10:12:40.108 [Forwarding isElementEnabled on session c5cf7a8d2e0307170c985d7e71f13a09 to remote] DEBUG org.asynchttpclient.netty.request.NettyRequestSender - Using open Channel [id: 0xd2ad3c67, L:/127.0.0.1:51631 - R:localhost/127.0.0.1:28428] for GET '/session/c5cf7a8d2e0307170c985d7e71f13a09/element/655e37bf-9d94-4749-ad3b-f48fa3f6f076/enabled'
10:12:40.112 [AsyncHttpClient-1-23] DEBUG org.asynchttpclient.netty.handler.HttpHandler - 

Request DefaultFullHttpRequest(decodeResult: success, version: HTTP/1.1, content: EmptyByteBufBE)
GET /session/c5cf7a8d2e0307170c985d7e71f13a09/element/655e37bf-9d94-4749-ad3b-f48fa3f6f076/enabled HTTP/1.1
User-Agent: selenium/4.8.1 (java windows)
Cache-Control: no-cache
Content-Type: application/json; charset=utf-8
host: localhost:28428
accept: */*

Response DefaultHttpResponse(decodeResult: success, version: HTTP/1.1)
HTTP/1.1 200 OK
Content-Length: 14
Content-Type: application/json; charset=utf-8
cache-control: no-cache

10:12:40.113 [AsyncHttpClient-1-23] DEBUG org.asynchttpclient.netty.channel.ChannelManager - Adding key: http://localhost:28428 for channel [id: 0xd2ad3c67, L:/127.0.0.1:51631 - R:localhost/127.0.0.1:28428]
10:12:40.114 [Forwarding findElement on session c5cf7a8d2e0307170c985d7e71f13a09 to remote] DEBUG org.asynchttpclient.netty.request.NettyRequestSender - Using pooled Channel '[id: 0xd2ad3c67, L:/127.0.0.1:51631 - R:localhost/127.0.0.1:28428]' for 'POST' to 'http://localhost:28428/session/c5cf7a8d2e0307170c985d7e71f13a09/element'
10:12:40.114 [Forwarding findElement on session c5cf7a8d2e0307170c985d7e71f13a09 to remote] DEBUG org.asynchttpclient.netty.request.NettyRequestSender - Using open Channel [id: 0xd2ad3c67, L:/127.0.0.1:51631 - R:localhost/127.0.0.1:28428] for POST '/session/c5cf7a8d2e0307170c985d7e71f13a09/element'
10:12:40.119 [AsyncHttpClient-1-23] DEBUG org.asynchttpclient.netty.handler.HttpHandler - 

Request DefaultHttpRequest(decodeResult: success, version: HTTP/1.1)
POST /session/c5cf7a8d2e0307170c985d7e71f13a09/element HTTP/1.1
User-Agent: selenium/4.8.1 (java windows)
Content-Length: 71
Content-Type: application/json; charset=utf-8
host: localhost:28428
accept: */*

Response DefaultHttpResponse(decodeResult: success, version: HTTP/1.1)
HTTP/1.1 200 OK
Content-Length: 88
Content-Type: application/json; charset=utf-8
cache-control: no-cache

10:12:40.119 [AsyncHttpClient-1-23] DEBUG org.asynchttpclient.netty.channel.ChannelManager - Adding key: http://localhost:28428 for channel [id: 0xd2ad3c67, L:/127.0.0.1:51631 - R:localhost/127.0.0.1:28428]
10:12:40.120 [Forwarding clickElement on session c5cf7a8d2e0307170c985d7e71f13a09 to remote] DEBUG org.asynchttpclient.netty.request.NettyRequestSender - Using pooled Channel '[id: 0xd2ad3c67, L:/127.0.0.1:51631 - R:localhost/127.0.0.1:28428]' for 'POST' to 'http://localhost:28428/session/c5cf7a8d2e0307170c985d7e71f13a09/element/655e37bf-9d94-4749-ad3b-f48fa3f6f076/click'
10:12:40.120 [Forwarding clickElement on session c5cf7a8d2e0307170c985d7e71f13a09 to remote] DEBUG org.asynchttpclient.netty.request.NettyRequestSender - Using open Channel [id: 0xd2ad3c67, L:/127.0.0.1:51631 - R:localhost/127.0.0.1:28428] for POST '/session/c5cf7a8d2e0307170c985d7e71f13a09/element/655e37bf-9d94-4749-ad3b-f48fa3f6f076/click'
10:12:40.161 [AsyncHttpClient-1-23] DEBUG org.asynchttpclient.netty.handler.HttpHandler - 

Request DefaultHttpRequest(decodeResult: success, version: HTTP/1.1)
POST /session/c5cf7a8d2e0307170c985d7e71f13a09/element/655e37bf-9d94-4749-ad3b-f48fa3f6f076/click HTTP/1.1
User-Agent: selenium/4.8.1 (java windows)
Content-Length: 50
Content-Type: application/json; charset=utf-8
host: localhost:28428
accept: */*

Response DefaultHttpResponse(decodeResult: success, version: HTTP/1.1)
HTTP/1.1 200 OK
Content-Length: 14
Content-Type: application/json; charset=utf-8
cache-control: no-cache

10:12:40.161 [AsyncHttpClient-1-23] DEBUG org.asynchttpclient.netty.channel.ChannelManager - Adding key: http://localhost:28428 for channel [id: 0xd2ad3c67, L:/127.0.0.1:51631 - R:localhost/127.0.0.1:28428]
10:12:40.166 [Forwarding getAlertText on session c5cf7a8d2e0307170c985d7e71f13a09 to remote] DEBUG org.asynchttpclient.netty.request.NettyRequestSender - Using pooled Channel '[id: 0xd2ad3c67, L:/127.0.0.1:51631 - R:localhost/127.0.0.1:28428]' for 'GET' to 'http://localhost:28428/session/c5cf7a8d2e0307170c985d7e71f13a09/alert/text'
10:12:40.166 [Forwarding getAlertText on session c5cf7a8d2e0307170c985d7e71f13a09 to remote] DEBUG org.asynchttpclient.netty.request.NettyRequestSender - Using open Channel [id: 0xd2ad3c67, L:/127.0.0.1:51631 - R:localhost/127.0.0.1:28428] for GET '/session/c5cf7a8d2e0307170c985d7e71f13a09/alert/text'
10:12:40.167 [AsyncHttpClient-1-23] DEBUG org.asynchttpclient.netty.handler.HttpHandler - 

Request DefaultFullHttpRequest(decodeResult: success, version: HTTP/1.1, content: EmptyByteBufBE)
GET /session/c5cf7a8d2e0307170c985d7e71f13a09/alert/text HTTP/1.1
User-Agent: selenium/4.8.1 (java windows)
Cache-Control: no-cache
Content-Type: application/json; charset=utf-8
host: localhost:28428
accept: */*

Response DefaultHttpResponse(decodeResult: success, version: HTTP/1.1)
HTTP/1.1 404 Not Found
Content-Length: 836
Content-Type: application/json; charset=utf-8
cache-control: no-cache

10:12:40.167 [AsyncHttpClient-1-23] DEBUG org.asynchttpclient.netty.channel.ChannelManager - Adding key: http://localhost:28428 for channel [id: 0xd2ad3c67, L:/127.0.0.1:51631 - R:localhost/127.0.0.1:28428]
10:12:40.168 [Forwarding getCurrentUrl on session c5cf7a8d2e0307170c985d7e71f13a09 to remote] DEBUG org.asynchttpclient.netty.request.NettyRequestSender - Using pooled Channel '[id: 0xd2ad3c67, L:/127.0.0.1:51631 - R:localhost/127.0.0.1:28428]' for 'GET' to 'http://localhost:28428/session/c5cf7a8d2e0307170c985d7e71f13a09/url'
10:12:40.168 [Forwarding getCurrentUrl on session c5cf7a8d2e0307170c985d7e71f13a09 to remote] DEBUG org.asynchttpclient.netty.request.NettyRequestSender - Using open Channel [id: 0xd2ad3c67, L:/127.0.0.1:51631 - R:localhost/127.0.0.1:28428] for GET '/session/c5cf7a8d2e0307170c985d7e71f13a09/url'
10:12:40.173 [AsyncHttpClient-1-23] DEBUG org.asynchttpclient.netty.handler.HttpHandler - 

Request DefaultFullHttpRequest(decodeResult: success, version: HTTP/1.1, content: EmptyByteBufBE)
GET /session/c5cf7a8d2e0307170c985d7e71f13a09/url HTTP/1.1
User-Agent: selenium/4.8.1 (java windows)
Cache-Control: no-cache
Content-Type: application/json; charset=utf-8
host: localhost:28428
accept: */*

Response DefaultHttpResponse(decodeResult: success, version: HTTP/1.1)
HTTP/1.1 200 OK
Content-Length: 51
Content-Type: application/json; charset=utf-8
cache-control: no-cache

10:12:40.173 [AsyncHttpClient-1-23] DEBUG org.asynchttpclient.netty.channel.ChannelManager - Adding key: http://localhost:28428 for channel [id: 0xd2ad3c67, L:/127.0.0.1:51631 - R:localhost/127.0.0.1:28428]
10:12:40.174 [Forwarding screenshot on session c5cf7a8d2e0307170c985d7e71f13a09 to remote] DEBUG org.asynchttpclient.netty.request.NettyRequestSender - Using pooled Channel '[id: 0xd2ad3c67, L:/127.0.0.1:51631 - R:localhost/127.0.0.1:28428]' for 'GET' to 'http://localhost:28428/session/c5cf7a8d2e0307170c985d7e71f13a09/screenshot'
10:12:40.174 [Forwarding screenshot on session c5cf7a8d2e0307170c985d7e71f13a09 to remote] DEBUG org.asynchttpclient.netty.request.NettyRequestSender - Using open Channel [id: 0xd2ad3c67, L:/127.0.0.1:51631 - R:localhost/127.0.0.1:28428] for GET '/session/c5cf7a8d2e0307170c985d7e71f13a09/screenshot'
10:12:40.294 [AsyncHttpClient-1-1] DEBUG org.asynchttpclient.netty.channel.DefaultChannelPool - Entry count for : http://localhost:51632 : 1
10:12:40.297 [AsyncHttpClient-1-23] DEBUG org.asynchttpclient.netty.handler.HttpHandler - 

Request DefaultFullHttpRequest(decodeResult: success, version: HTTP/1.1, content: EmptyByteBufBE)
GET /session/c5cf7a8d2e0307170c985d7e71f13a09/screenshot HTTP/1.1
User-Agent: selenium/4.8.1 (java windows)
Cache-Control: no-cache
Content-Type: application/json; charset=utf-8
host: localhost:28428
accept: */*

Response DefaultHttpResponse(decodeResult: success, version: HTTP/1.1)
HTTP/1.1 200 OK
Content-Length: 39124
Content-Type: application/json; charset=utf-8
cache-control: no-cache

10:12:40.297 [AsyncHttpClient-1-23] DEBUG org.asynchttpclient.netty.channel.ChannelManager - Adding key: http://localhost:28428 for channel [id: 0xd2ad3c67, L:/127.0.0.1:51631 - R:localhost/127.0.0.1:28428]
10:12:40.299 [main] DEBUG net.serenitybdd.core.photography.Darkroom - Send negative for processing for target\site\serenity\35c94a4850d0fab38bf5bc6296f3858fe7a0357318bfbb4166eb8bb7167587ce.png
10:12:40.299 [main] DEBUG net.thucydides.core.steps.StepInterceptor - STEP DONE: clickLoginButton
10:12:40.299 [Darkroom Processing Line] DEBUG net.serenitybdd.core.photography.DarkroomProcessingLine - Processing screenshot image in /var/screenshots/screenshot-7541115929370340820
10:12:40.299 [Darkroom Processing Line] DEBUG net.serenitybdd.core.photography.DarkroomProcessingLine - Saving screenshot to target\site\serenity\35c94a4850d0fab38bf5bc6296f3858fe7a0357318bfbb4166eb8bb7167587ce.png
  &amp#27;[32mWhen &amp#27;[0m&amp#27;[32mI click on the login button&amp#27;[0m       &amp#27;[90m# starter.stepdefinitions.LoginSteps.clickLoginButton()&amp#27;[0m
10:12:40.306 [Forwarding getPageSource on session c5cf7a8d2e0307170c985d7e71f13a09 to remote] DEBUG org.asynchttpclient.netty.request.NettyRequestSender - Using pooled Channel '[id: 0xd2ad3c67, L:/127.0.0.1:51631 - R:localhost/127.0.0.1:28428]' for 'POST' to 'http://localhost:28428/session/c5cf7a8d2e0307170c985d7e71f13a09/execute/sync'
10:12:40.306 [Forwarding getPageSource on session c5cf7a8d2e0307170c985d7e71f13a09 to remote] DEBUG org.asynchttpclient.netty.request.NettyRequestSender - Using open Channel [id: 0xd2ad3c67, L:/127.0.0.1:51631 - R:localhost/127.0.0.1:28428] for POST '/session/c5cf7a8d2e0307170c985d7e71f13a09/execute/sync'
10:12:40.310 [AsyncHttpClient-1-23] DEBUG org.asynchttpclient.netty.handler.HttpHandler - 

Request DefaultHttpRequest(decodeResult: success, version: HTTP/1.1)
POST /session/c5cf7a8d2e0307170c985d7e71f13a09/execute/sync HTTP/1.1
User-Agent: selenium/4.8.1 (java windows)
Content-Length: 176
Content-Type: application/json; charset=utf-8
host: localhost:28428
accept: */*

Response DefaultHttpResponse(decodeResult: success, version: HTTP/1.1)
HTTP/1.1 200 OK
Content-Length: 22119
Content-Type: application/json; charset=utf-8
cache-control: no-cache

10:12:40.310 [AsyncHttpClient-1-23] DEBUG org.asynchttpclient.netty.channel.ChannelManager - Adding key: http://localhost:28428 for channel [id: 0xd2ad3c67, L:/127.0.0.1:51631 - R:localhost/127.0.0.1:28428]
10:12:40.313 [Forwarding getCurrentUrl on session c5cf7a8d2e0307170c985d7e71f13a09 to remote] DEBUG org.asynchttpclient.netty.request.NettyRequestSender - Using pooled Channel '[id: 0xd2ad3c67, L:/127.0.0.1:51631 - R:localhost/127.0.0.1:28428]' for 'GET' to 'http://localhost:28428/session/c5cf7a8d2e0307170c985d7e71f13a09/url'
10:12:40.313 [Forwarding getCurrentUrl on session c5cf7a8d2e0307170c985d7e71f13a09 to remote] DEBUG org.asynchttpclient.netty.request.NettyRequestSender - Using open Channel [id: 0xd2ad3c67, L:/127.0.0.1:51631 - R:localhost/127.0.0.1:28428] for GET '/session/c5cf7a8d2e0307170c985d7e71f13a09/url'
10:12:40.316 [AsyncHttpClient-1-23] DEBUG org.asynchttpclient.netty.handler.HttpHandler - 

Request DefaultFullHttpRequest(decodeResult: success, version: HTTP/1.1, content: EmptyByteBufBE)
GET /session/c5cf7a8d2e0307170c985d7e71f13a09/url HTTP/1.1
User-Agent: selenium/4.8.1 (java windows)
Cache-Control: no-cache
Content-Type: application/json; charset=utf-8
host: localhost:28428
accept: */*

Response DefaultHttpResponse(decodeResult: success, version: HTTP/1.1)
HTTP/1.1 200 OK
Content-Length: 51
Content-Type: application/json; charset=utf-8
cache-control: no-cache

10:12:40.316 [AsyncHttpClient-1-23] DEBUG org.asynchttpclient.netty.channel.ChannelManager - Adding key: http://localhost:28428 for channel [id: 0xd2ad3c67, L:/127.0.0.1:51631 - R:localhost/127.0.0.1:28428]
10:12:40.324 [Forwarding getPageSource on session c5cf7a8d2e0307170c985d7e71f13a09 to remote] DEBUG org.asynchttpclient.netty.request.NettyRequestSender - Using pooled Channel '[id: 0xd2ad3c67, L:/127.0.0.1:51631 - R:localhost/127.0.0.1:28428]' for 'POST' to 'http://localhost:28428/session/c5cf7a8d2e0307170c985d7e71f13a09/execute/sync'
10:12:40.324 [Forwarding getPageSource on session c5cf7a8d2e0307170c985d7e71f13a09 to remote] DEBUG org.asynchttpclient.netty.request.NettyRequestSender - Using open Channel [id: 0xd2ad3c67, L:/127.0.0.1:51631 - R:localhost/127.0.0.1:28428] for POST '/session/c5cf7a8d2e0307170c985d7e71f13a09/execute/sync'
10:12:40.329 [AsyncHttpClient-1-23] DEBUG org.asynchttpclient.netty.handler.HttpHandler - 

Request DefaultHttpRequest(decodeResult: success, version: HTTP/1.1)
POST /session/c5cf7a8d2e0307170c985d7e71f13a09/execute/sync HTTP/1.1
User-Agent: selenium/4.8.1 (java windows)
Content-Length: 176
Content-Type: application/json; charset=utf-8
host: localhost:28428
accept: */*

Response DefaultHttpResponse(decodeResult: success, version: HTTP/1.1)
HTTP/1.1 200 OK
Content-Length: 22119
Content-Type: application/json; charset=utf-8
cache-control: no-cache

10:12:40.329 [AsyncHttpClient-1-23] DEBUG org.asynchttpclient.netty.channel.ChannelManager - Adding key: http://localhost:28428 for channel [id: 0xd2ad3c67, L:/127.0.0.1:51631 - R:localhost/127.0.0.1:28428]
10:12:40.331 [Forwarding getCurrentUrl on session c5cf7a8d2e0307170c985d7e71f13a09 to remote] DEBUG org.asynchttpclient.netty.request.NettyRequestSender - Using pooled Channel '[id: 0xd2ad3c67, L:/127.0.0.1:51631 - R:localhost/127.0.0.1:28428]' for 'GET' to 'http://localhost:28428/session/c5cf7a8d2e0307170c985d7e71f13a09/url'
10:12:40.331 [Forwarding getCurrentUrl on session c5cf7a8d2e0307170c985d7e71f13a09 to remote] DEBUG org.asynchttpclient.netty.request.NettyRequestSender - Using open Channel [id: 0xd2ad3c67, L:/127.0.0.1:51631 - R:localhost/127.0.0.1:28428] for GET '/session/c5cf7a8d2e0307170c985d7e71f13a09/url'
10:12:40.333 [AsyncHttpClient-1-23] DEBUG org.asynchttpclient.netty.handler.HttpHandler - 

Request DefaultFullHttpRequest(decodeResult: success, version: HTTP/1.1, content: EmptyByteBufBE)
GET /session/c5cf7a8d2e0307170c985d7e71f13a09/url HTTP/1.1
User-Agent: selenium/4.8.1 (java windows)
Cache-Control: no-cache
Content-Type: application/json; charset=utf-8
host: localhost:28428
accept: */*

Response DefaultHttpResponse(decodeResult: success, version: HTTP/1.1)
HTTP/1.1 200 OK
Content-Length: 51
Content-Type: application/json; charset=utf-8
cache-control: no-cache

10:12:40.333 [AsyncHttpClient-1-23] DEBUG org.asynchttpclient.netty.channel.ChannelManager - Adding key: http://localhost:28428 for channel [id: 0xd2ad3c67, L:/127.0.0.1:51631 - R:localhost/127.0.0.1:28428]
10:12:40.334 [main] DEBUG net.thucydides.core.steps.StepInterceptor - STARTING STEP: LoginSteps.alertContent - incorrectAlert
10:12:40.336 [Forwarding findElement on session c5cf7a8d2e0307170c985d7e71f13a09 to remote] DEBUG org.asynchttpclient.netty.request.NettyRequestSender - Using pooled Channel '[id: 0xd2ad3c67, L:/127.0.0.1:51631 - R:localhost/127.0.0.1:28428]' for 'POST' to 'http://localhost:28428/session/c5cf7a8d2e0307170c985d7e71f13a09/element'
10:12:40.337 [Forwarding findElement on session c5cf7a8d2e0307170c985d7e71f13a09 to remote] DEBUG org.asynchttpclient.netty.request.NettyRequestSender - Using open Channel [id: 0xd2ad3c67, L:/127.0.0.1:51631 - R:localhost/127.0.0.1:28428] for POST '/session/c5cf7a8d2e0307170c985d7e71f13a09/element'
10:12:40.715 [AsyncHttpClient-1-23] DEBUG org.asynchttpclient.netty.handler.HttpHandler - 

Request DefaultHttpRequest(decodeResult: success, version: HTTP/1.1)
POST /session/c5cf7a8d2e0307170c985d7e71f13a09/element HTTP/1.1
User-Agent: selenium/4.8.1 (java windows)
Content-Length: 54
Content-Type: application/json; charset=utf-8
host: localhost:28428
accept: */*

Response DefaultHttpResponse(decodeResult: success, version: HTTP/1.1)
HTTP/1.1 200 OK
Content-Length: 88
Content-Type: application/json; charset=utf-8
cache-control: no-cache

10:12:40.715 [AsyncHttpClient-1-23] DEBUG org.asynchttpclient.netty.channel.ChannelManager - Adding key: http://localhost:28428 for channel [id: 0xd2ad3c67, L:/127.0.0.1:51631 - R:localhost/127.0.0.1:28428]
10:12:40.716 [Forwarding isElementDisplayed on session c5cf7a8d2e0307170c985d7e71f13a09 to remote] DEBUG org.asynchttpclient.netty.request.NettyRequestSender - Using pooled Channel '[id: 0xd2ad3c67, L:/127.0.0.1:51631 - R:localhost/127.0.0.1:28428]' for 'POST' to 'http://localhost:28428/session/c5cf7a8d2e0307170c985d7e71f13a09/execute/sync'
10:12:40.716 [Forwarding isElementDisplayed on session c5cf7a8d2e0307170c985d7e71f13a09 to remote] DEBUG org.asynchttpclient.netty.request.NettyRequestSender - Using open Channel [id: 0xd2ad3c67, L:/127.0.0.1:51631 - R:localhost/127.0.0.1:28428] for POST '/session/c5cf7a8d2e0307170c985d7e71f13a09/execute/sync'
10:12:40.726 [AsyncHttpClient-1-23] DEBUG org.asynchttpclient.netty.handler.HttpHandler - 

Request DefaultHttpRequest(decodeResult: success, version: HTTP/1.1)
POST /session/c5cf7a8d2e0307170c985d7e71f13a09/execute/sync HTTP/1.1
User-Agent: selenium/4.8.1 (java windows)
Content-Length: 48807
Content-Type: application/json; charset=utf-8
host: localhost:28428
accept: */*

Response DefaultHttpResponse(decodeResult: success, version: HTTP/1.1)
HTTP/1.1 200 OK
Content-Length: 14
Content-Type: application/json; charset=utf-8
cache-control: no-cache

10:12:40.726 [AsyncHttpClient-1-23] DEBUG org.asynchttpclient.netty.channel.ChannelManager - Adding key: http://localhost:28428 for channel [id: 0xd2ad3c67, L:/127.0.0.1:51631 - R:localhost/127.0.0.1:28428]
10:12:40.731 [Forwarding getAlertText on session c5cf7a8d2e0307170c985d7e71f13a09 to remote] DEBUG org.asynchttpclient.netty.request.NettyRequestSender - Using pooled Channel '[id: 0xd2ad3c67, L:/127.0.0.1:51631 - R:localhost/127.0.0.1:28428]' for 'GET' to 'http://localhost:28428/session/c5cf7a8d2e0307170c985d7e71f13a09/alert/text'
10:12:40.731 [Forwarding getAlertText on session c5cf7a8d2e0307170c985d7e71f13a09 to remote] DEBUG org.asynchttpclient.netty.request.NettyRequestSender - Using open Channel [id: 0xd2ad3c67, L:/127.0.0.1:51631 - R:localhost/127.0.0.1:28428] for GET '/session/c5cf7a8d2e0307170c985d7e71f13a09/alert/text'
10:12:40.732 [AsyncHttpClient-1-23] DEBUG org.asynchttpclient.netty.handler.HttpHandler - 

Request DefaultFullHttpRequest(decodeResult: success, version: HTTP/1.1, content: EmptyByteBufBE)
GET /session/c5cf7a8d2e0307170c985d7e71f13a09/alert/text HTTP/1.1
User-Agent: selenium/4.8.1 (java windows)
Cache-Control: no-cache
Content-Type: application/json; charset=utf-8
host: localhost:28428
accept: */*

Response DefaultHttpResponse(decodeResult: success, version: HTTP/1.1)
HTTP/1.1 404 Not Found
Content-Length: 836
Content-Type: application/json; charset=utf-8
cache-control: no-cache

10:12:40.732 [AsyncHttpClient-1-23] DEBUG org.asynchttpclient.netty.channel.ChannelManager - Adding key: http://localhost:28428 for channel [id: 0xd2ad3c67, L:/127.0.0.1:51631 - R:localhost/127.0.0.1:28428]
10:12:40.733 [Forwarding getCurrentUrl on session c5cf7a8d2e0307170c985d7e71f13a09 to remote] DEBUG org.asynchttpclient.netty.request.NettyRequestSender - Using pooled Channel '[id: 0xd2ad3c67, L:/127.0.0.1:51631 - R:localhost/127.0.0.1:28428]' for 'GET' to 'http://localhost:28428/session/c5cf7a8d2e0307170c985d7e71f13a09/url'
10:12:40.733 [Forwarding getCurrentUrl on session c5cf7a8d2e0307170c985d7e71f13a09 to remote] DEBUG org.asynchttpclient.netty.request.NettyRequestSender - Using open Channel [id: 0xd2ad3c67, L:/127.0.0.1:51631 - R:localhost/127.0.0.1:28428] for GET '/session/c5cf7a8d2e0307170c985d7e71f13a09/url'
10:12:40.736 [AsyncHttpClient-1-23] DEBUG org.asynchttpclient.netty.handler.HttpHandler - 

Request DefaultFullHttpRequest(decodeResult: success, version: HTTP/1.1, content: EmptyByteBufBE)
GET /session/c5cf7a8d2e0307170c985d7e71f13a09/url HTTP/1.1
User-Agent: selenium/4.8.1 (java windows)
Cache-Control: no-cache
Content-Type: application/json; charset=utf-8
host: localhost:28428
accept: */*

Response DefaultHttpResponse(decodeResult: success, version: HTTP/1.1)
HTTP/1.1 200 OK
Content-Length: 51
Content-Type: application/json; charset=utf-8
cache-control: no-cache

10:12:40.737 [AsyncHttpClient-1-23] DEBUG org.asynchttpclient.netty.channel.ChannelManager - Adding key: http://localhost:28428 for channel [id: 0xd2ad3c67, L:/127.0.0.1:51631 - R:localhost/127.0.0.1:28428]
10:12:40.737 [Forwarding screenshot on session c5cf7a8d2e0307170c985d7e71f13a09 to remote] DEBUG org.asynchttpclient.netty.request.NettyRequestSender - Using pooled Channel '[id: 0xd2ad3c67, L:/127.0.0.1:51631 - R:localhost/127.0.0.1:28428]' for 'GET' to 'http://localhost:28428/session/c5cf7a8d2e0307170c985d7e71f13a09/screenshot'
10:12:40.737 [Forwarding screenshot on session c5cf7a8d2e0307170c985d7e71f13a09 to remote] DEBUG org.asynchttpclient.netty.request.NettyRequestSender - Using open Channel [id: 0xd2ad3c67, L:/127.0.0.1:51631 - R:localhost/127.0.0.1:28428] for GET '/session/c5cf7a8d2e0307170c985d7e71f13a09/screenshot'
10:12:40.886 [AsyncHttpClient-1-23] DEBUG org.asynchttpclient.netty.handler.HttpHandler - 

Request DefaultFullHttpRequest(decodeResult: success, version: HTTP/1.1, content: EmptyByteBufBE)
GET /session/c5cf7a8d2e0307170c985d7e71f13a09/screenshot HTTP/1.1
User-Agent: selenium/4.8.1 (java windows)
Cache-Control: no-cache
Content-Type: application/json; charset=utf-8
host: localhost:28428
accept: */*

Response DefaultHttpResponse(decodeResult: success, version: HTTP/1.1)
HTTP/1.1 200 OK
Content-Length: 43180
Content-Type: application/json; charset=utf-8
cache-control: no-cache

10:12:40.886 [AsyncHttpClient-1-23] DEBUG org.asynchttpclient.netty.channel.ChannelManager - Adding key: http://localhost:28428 for channel [id: 0xd2ad3c67, L:/127.0.0.1:51631 - R:localhost/127.0.0.1:28428]
10:12:40.888 [main] DEBUG net.serenitybdd.core.photography.Darkroom - Send negative for processing for target\site\serenity\de9749ad35dfa3ff198cb38d16b6bd88b75248e5b76b3664e77e0d9c18189cff.png
10:12:40.888 [main] DEBUG net.thucydides.core.steps.StepInterceptor - STEP DONE: incorrectAlert
10:12:40.888 [Darkroom Processing Line] DEBUG net.serenitybdd.core.photography.DarkroomProcessingLine - Processing screenshot image in /var/screenshots/screenshot-1977228865340139560
10:12:40.888 [Darkroom Processing Line] DEBUG net.serenitybdd.core.photography.DarkroomProcessingLine - Saving screenshot to target\site\serenity\de9749ad35dfa3ff198cb38d16b6bd88b75248e5b76b3664e77e0d9c18189cff.png
  &amp#27;[32mThen &amp#27;[0m&amp#27;[32mI should see the error message&amp#27;[0m    &amp#27;[90m# starter.stepdefinitions.LoginSteps.alertContent()&amp#27;[0m
10:12:40.891 [main] INFO  - 
  _____   ___   ___   _____     ___     _     ___   ___   ___   ___  
 |_   _| | __| / __| |_   _|   | _ \   /_\   / __| / __| | __| |   \ 
   | |   | _|  \__ \   | |     |  _/  / _ \  \__ \ \__ \ | _|  | |) |
   |_|   |___| |___/   |_|     |_|   /_/ \_\ |___/ |___/ |___| |___/ 

Login with wrong email
----------------------------------------------------------------------
10:12:40.892 [AsyncHttpClient-1-25] DEBUG org.asynchttpclient.netty.handler.WebSocketHandler - Channel Closed: [id: 0x539e420a, L:/127.0.0.1:51639 ! R:localhost/127.0.0.1:51632] with attribute NettyResponseFuture{currentRetry=0,
	isDone=1,
	isCancelled=0,
	asyncHandler=org.asynchttpclient.ws.WebSocketUpgradeHandler@1a7f00db,
	nettyRequest=org.asynchttpclient.netty.request.NettyRequest@5f7d9df0,
	future=java.util.concurrent.CompletableFuture@748c6f87[Completed normally],
	uri=ws://localhost:51632/devtools/browser/127e060e-11ef-4d3c-9517-af8756a290b5,
	keepAlive=true,
	redirectCount=0,
	timeoutsHolder=null,
	inAuth=0,
	touch=1683429157850}
10:12:40.892 [AsyncHttpClient-1-25] DEBUG org.asynchttpclient.netty.channel.ChannelManager - Closing Channel [id: 0x539e420a, L:/127.0.0.1:51639 ! R:localhost/127.0.0.1:51632] 
10:12:40.892 [Driver Command Executor] DEBUG org.asynchttpclient.netty.request.NettyRequestSender - Using pooled Channel '[id: 0xd2ad3c67, L:/127.0.0.1:51631 - R:localhost/127.0.0.1:28428]' for 'DELETE' to 'http://localhost:28428/session/c5cf7a8d2e0307170c985d7e71f13a09'
10:12:40.892 [Driver Command Executor] DEBUG org.asynchttpclient.netty.request.NettyRequestSender - Using open Channel [id: 0xd2ad3c67, L:/127.0.0.1:51631 - R:localhost/127.0.0.1:28428] for DELETE '/session/c5cf7a8d2e0307170c985d7e71f13a09'
10:12:40.998 [AsyncHttpClient-1-24] DEBUG org.asynchttpclient.netty.handler.HttpHandler - Unexpected I/O exception on channel [id: 0x87efdd64, L:/127.0.0.1:51638 - R:localhost/127.0.0.1:51632]
java.io.IOException: An existing connection was forcibly closed by the remote host
	at java.base/sun.nio.ch.SocketDispatcher.read0(Native Method)
	at java.base/sun.nio.ch.SocketDispatcher.read(SocketDispatcher.java:43)
	at java.base/sun.nio.ch.IOUtil.readIntoNativeBuffer(IOUtil.java:276)
	at java.base/sun.nio.ch.IOUtil.read(IOUtil.java:233)
	at java.base/sun.nio.ch.IOUtil.read(IOUtil.java:223)
	at java.base/sun.nio.ch.SocketChannelImpl.read(SocketChannelImpl.java:358)
	at io.netty.buffer.PooledByteBuf.setBytes(PooledByteBuf.java:259)
	at io.netty.buffer.AbstractByteBuf.writeBytes(AbstractByteBuf.java:1132)
	at io.netty.channel.socket.nio.NioSocketChannel.doReadBytes(NioSocketChannel.java:357)
	at io.netty.channel.nio.AbstractNioByteChannel$NioByteUnsafe.read(AbstractNioByteChannel.java:151)
	at io.netty.channel.nio.NioEventLoop.processSelectedKey(NioEventLoop.java:788)
	at io.netty.channel.nio.NioEventLoop.processSelectedKeysOptimized(NioEventLoop.java:724)
	at io.netty.channel.nio.NioEventLoop.processSelectedKeys(NioEventLoop.java:650)
	at io.netty.channel.nio.NioEventLoop.run(NioEventLoop.java:562)
	at io.netty.util.concurrent.SingleThreadEventExecutor$4.run(SingleThreadEventExecutor.java:997)
	at io.netty.util.internal.ThreadExecutorMap$2.run(ThreadExecutorMap.java:74)
	at io.netty.util.concurrent.FastThreadLocalRunnable.run(FastThreadLocalRunnable.java:30)
	at java.base/java.lang.Thread.run(Thread.java:834)
10:12:40.998 [AsyncHttpClient-1-24] DEBUG org.asynchttpclient.netty.channel.ChannelManager - Closing Channel [id: 0x87efdd64, L:/127.0.0.1:51638 - R:localhost/127.0.0.1:51632] 
10:12:40.998 [AsyncHttpClient-1-24] DEBUG org.asynchttpclient.netty.handler.HttpHandler - Channel Closed: [id: 0x87efdd64, L:/127.0.0.1:51638 ! R:localhost/127.0.0.1:51632] with attribute DISCARD
10:12:41.007 [AsyncHttpClient-1-23] DEBUG org.asynchttpclient.netty.handler.HttpHandler - 

Request DefaultFullHttpRequest(decodeResult: success, version: HTTP/1.1, content: EmptyByteBufBE)
DELETE /session/c5cf7a8d2e0307170c985d7e71f13a09 HTTP/1.1
User-Agent: selenium/4.8.1 (java windows)
Content-Type: application/json; charset=utf-8
host: localhost:28428
accept: */*

Response DefaultHttpResponse(decodeResult: success, version: HTTP/1.1)
HTTP/1.1 200 OK
Content-Length: 14
Content-Type: application/json; charset=utf-8
cache-control: no-cache

10:12:41.007 [AsyncHttpClient-1-23] DEBUG org.asynchttpclient.netty.channel.ChannelManager - Adding key: http://localhost:28428 for channel [id: 0xd2ad3c67, L:/127.0.0.1:51631 - R:localhost/127.0.0.1:28428]
10:12:41.030 [AsyncHttpClient-1-23] DEBUG org.asynchttpclient.netty.handler.HttpHandler - Channel Closed: [id: 0xd2ad3c67, L:/127.0.0.1:51631 ! R:localhost/127.0.0.1:28428] with attribute DISCARD
10:12:41.398 [AsyncHttpClient-1-1] DEBUG org.asynchttpclient.netty.channel.DefaultChannelPool - Entry count for : http://localhost:51632 : 1
10:12:41.398 [AsyncHttpClient-1-1] DEBUG org.asynchttpclient.netty.channel.DefaultChannelPool - Entry count for : http://localhost:28428 : 1
10:12:41.398 [AsyncHttpClient-1-1] DEBUG org.asynchttpclient.netty.channel.DefaultChannelPool - Adding Candidate expired Channel [id: 0x87efdd64, L:/127.0.0.1:51638 ! R:localhost/127.0.0.1:51632] isIdleTimeoutExpired=false isRemotelyClosed=true isTtlExpired=false
10:12:41.398 [AsyncHttpClient-1-1] DEBUG org.asynchttpclient.netty.channel.DefaultChannelPool - Closing Idle Channel [id: 0x87efdd64, L:/127.0.0.1:51638 ! R:localhost/127.0.0.1:51632]
10:12:41.398 [AsyncHttpClient-1-1] DEBUG org.asynchttpclient.netty.channel.DefaultChannelPool - Adding Candidate expired Channel [id: 0xd2ad3c67, L:/127.0.0.1:51631 ! R:localhost/127.0.0.1:28428] isIdleTimeoutExpired=false isRemotelyClosed=true isTtlExpired=false
10:12:41.398 [AsyncHttpClient-1-1] DEBUG org.asynchttpclient.netty.channel.DefaultChannelPool - Closing Idle Channel [id: 0xd2ad3c67, L:/127.0.0.1:51631 ! R:localhost/127.0.0.1:28428]
10:12:41.398 [AsyncHttpClient-1-1] DEBUG org.asynchttpclient.netty.channel.DefaultChannelPool - Closed 2 connections out of 2 in 0 ms
]]></system-out>
    <system-err><![CDATA[Starting ChromeDriver 111.0.5563.64 (c710e93d5b63b7095afe8c2c17df34408078439d-refs/branch-heads/5563@{#995}) on port 28428
Only local connections are allowed.
Please see https://chromedriver.chromium.org/security-considerations for suggestions on keeping ChromeDriver safe.
ChromeDriver was started successfully.
May 07, 2023 10:12:37 AM org.openqa.selenium.devtools.CdpVersionFinder findNearestMatch
WARNING: Unable to find an exact match for CDP version 111, so returning the closest version found: 110
]]></system-err>
  </testcase>
  <testcase name="Login with invalid email" classname="Login to Alta-shop Account" time="4.031">
    <system-out><![CDATA[
Scenario: Login with invalid email       &amp#27;[90m# src/test/resources/features/2. Login.feature:28&amp#27;[0m
10:12:41.573 [main] DEBUG io.cucumber.core.plugin.SerenityReporter - Running feature from file:///D:/WebMinpro/code/minpro/src/test/resources/features/2.%20Login.feature
10:12:41.574 [main] INFO  - 
  _____   ___   ___   _____     ___   _____     _     ___   _____   ___   ___  
 |_   _| | __| / __| |_   _|   / __| |_   _|   /_\   | _ \ |_   _| | __| |   \ 
   | |   | _|  \__ \   | |     \__ \   | |    / _ \  |   /   | |   | _|  | |) |
   |_|   |___| |___/   |_|     |___/   |_|   /_/ \_\ |_|_\   |_|   |___| |___/ 

Login with invalid email(login-to-alta-shop-account;login-with-invalid-email)
--------------------------------------------------------------------------------
10:12:41.584 [main] DEBUG net.thucydides.core.steps.StepInterceptor - STARTING STEP: LoginSteps.onTheLoginPage - openPage
10:12:41.752 [main] INFO net.serenitybdd.core.webdriver.driverproviders.ChromeDriverProvider - Starting Chrome driver instance with capabilities:
10:12:41.752 [main] INFO net.serenitybdd.core.webdriver.driverproviders.ChromeDriverProvider - Capabilities {acceptInsecureCerts: false, browserName: chrome, goog:chromeOptions: {args: [remote-allow-origins=*], extensions: []}}
10:12:42.351 [AsyncHttpClient-1-2] DEBUG org.asynchttpclient.netty.channel.NettyConnectListener - Using new Channel '[id: 0x65228fdc, L:/127.0.0.1:51660 - R:localhost/127.0.0.1:30201]' for 'POST' to '/session'
10:12:42.892 [AsyncHttpClient-1-2] DEBUG org.asynchttpclient.netty.handler.HttpHandler - 

Request DefaultHttpRequest(decodeResult: success, version: HTTP/1.1)
POST /session HTTP/1.1
User-Agent: selenium/4.8.1 (java windows)
Content-Length: 507
Content-Type: application/json; charset=utf-8
host: localhost:30201
accept: */*

Response DefaultHttpResponse(decodeResult: success, version: HTTP/1.1)
HTTP/1.1 200 OK
Content-Length: 859
Content-Type: application/json; charset=utf-8
cache-control: no-cache

10:12:42.892 [AsyncHttpClient-1-2] DEBUG org.asynchttpclient.netty.channel.ChannelManager - Adding key: http://localhost:30201 for channel [id: 0x65228fdc, L:/127.0.0.1:51660 - R:localhost/127.0.0.1:30201]
10:12:42.897 [AsyncHttpClient-1-3] DEBUG org.asynchttpclient.netty.channel.NettyConnectListener - Using new Channel '[id: 0x32d6bce5, L:/127.0.0.1:51667 - R:localhost/127.0.0.1:51661]' for 'GET' to '/json/version'
10:12:42.897 [AsyncHttpClient-1-3] DEBUG org.asynchttpclient.netty.handler.HttpHandler - 

Request DefaultFullHttpRequest(decodeResult: success, version: HTTP/1.1, content: EmptyByteBufBE)
GET /json/version HTTP/1.1
User-Agent: selenium/4.8.1 (java windows)
host: localhost:51661
accept: */*

Response DefaultHttpResponse(decodeResult: success, version: HTTP/1.1)
HTTP/1.1 200 OK
Content-Security-Policy: frame-ancestors 'none'
Content-Length: 424
Content-Type: application/json; charset=UTF-8

10:12:42.897 [AsyncHttpClient-1-3] DEBUG org.asynchttpclient.netty.channel.ChannelManager - Adding key: http://localhost:51661 for channel [id: 0x32d6bce5, L:/127.0.0.1:51667 - R:localhost/127.0.0.1:51661]
10:12:42.900 [AsyncHttpClient-1-4] DEBUG org.asynchttpclient.netty.channel.NettyConnectListener - Using new Channel '[id: 0x8ea98380, L:/127.0.0.1:51668 - R:localhost/127.0.0.1:51661]' for 'GET' to '/devtools/browser/9c1b8295-02bd-41d8-a236-11135019d9f7'
10:12:42.900 [AsyncHttpClient-1-4] DEBUG org.asynchttpclient.netty.handler.WebSocketHandler - 

Request DefaultFullHttpRequest(decodeResult: success, version: HTTP/1.1, content: EmptyByteBufBE)
GET /devtools/browser/9c1b8295-02bd-41d8-a236-11135019d9f7 HTTP/1.1
upgrade: websocket
connection: upgrade
sec-websocket-key: Faw6jc/gv1OqKm5wYWpzHQ==
sec-websocket-version: 13
origin: http://localhost:51661
host: localhost:51661
accept: */*
user-agent: AHC/2.1

Response DefaultHttpResponse(decodeResult: success, version: HTTP/1.1)
HTTP/1.1 101 WebSocket Protocol Handshake
Upgrade: WebSocket
Connection: Upgrade
Sec-WebSocket-Accept: 7N8ULj1A5hBeOXbJ+B6969zreis=

10:12:42.904 [Forwarding get on session 4f352952d1e043379a9f1bc4fe8d8ebb to remote] DEBUG org.asynchttpclient.netty.request.NettyRequestSender - Using pooled Channel '[id: 0x65228fdc, L:/127.0.0.1:51660 - R:localhost/127.0.0.1:30201]' for 'POST' to 'http://localhost:30201/session/4f352952d1e043379a9f1bc4fe8d8ebb/url'
10:12:42.904 [Forwarding get on session 4f352952d1e043379a9f1bc4fe8d8ebb to remote] DEBUG org.asynchttpclient.netty.request.NettyRequestSender - Using open Channel [id: 0x65228fdc, L:/127.0.0.1:51660 - R:localhost/127.0.0.1:30201] for POST '/session/4f352952d1e043379a9f1bc4fe8d8ebb/url'
10:12:43.596 [AsyncHttpClient-1-1] DEBUG org.asynchttpclient.netty.channel.DefaultChannelPool - Entry count for : http://localhost:51661 : 1
10:12:43.847 [AsyncHttpClient-1-2] DEBUG org.asynchttpclient.netty.handler.HttpHandler - 

Request DefaultHttpRequest(decodeResult: success, version: HTTP/1.1)
POST /session/4f352952d1e043379a9f1bc4fe8d8ebb/url HTTP/1.1
User-Agent: selenium/4.8.1 (java windows)
Content-Length: 74
Content-Type: application/json; charset=utf-8
host: localhost:30201
accept: */*

Response DefaultHttpResponse(decodeResult: success, version: HTTP/1.1)
HTTP/1.1 200 OK
Content-Length: 14
Content-Type: application/json; charset=utf-8
cache-control: no-cache

10:12:43.847 [AsyncHttpClient-1-2] DEBUG org.asynchttpclient.netty.channel.ChannelManager - Adding key: http://localhost:30201 for channel [id: 0x65228fdc, L:/127.0.0.1:51660 - R:localhost/127.0.0.1:30201]
10:12:43.848 [Forwarding setTimeout on session 4f352952d1e043379a9f1bc4fe8d8ebb to remote] DEBUG org.asynchttpclient.netty.request.NettyRequestSender - Using pooled Channel '[id: 0x65228fdc, L:/127.0.0.1:51660 - R:localhost/127.0.0.1:30201]' for 'POST' to 'http://localhost:30201/session/4f352952d1e043379a9f1bc4fe8d8ebb/timeouts'
10:12:43.848 [Forwarding setTimeout on session 4f352952d1e043379a9f1bc4fe8d8ebb to remote] DEBUG org.asynchttpclient.netty.request.NettyRequestSender - Using open Channel [id: 0x65228fdc, L:/127.0.0.1:51660 - R:localhost/127.0.0.1:30201] for POST '/session/4f352952d1e043379a9f1bc4fe8d8ebb/timeouts'
10:12:43.849 [AsyncHttpClient-1-2] DEBUG org.asynchttpclient.netty.handler.HttpHandler - 

Request DefaultHttpRequest(decodeResult: success, version: HTTP/1.1)
POST /session/4f352952d1e043379a9f1bc4fe8d8ebb/timeouts HTTP/1.1
User-Agent: selenium/4.8.1 (java windows)
Content-Length: 22
Content-Type: application/json; charset=utf-8
host: localhost:30201
accept: */*

Response DefaultHttpResponse(decodeResult: success, version: HTTP/1.1)
HTTP/1.1 200 OK
Content-Length: 14
Content-Type: application/json; charset=utf-8
cache-control: no-cache

10:12:43.849 [AsyncHttpClient-1-2] DEBUG org.asynchttpclient.netty.channel.ChannelManager - Adding key: http://localhost:30201 for channel [id: 0x65228fdc, L:/127.0.0.1:51660 - R:localhost/127.0.0.1:30201]
10:12:43.852 [Forwarding getAlertText on session 4f352952d1e043379a9f1bc4fe8d8ebb to remote] DEBUG org.asynchttpclient.netty.request.NettyRequestSender - Using pooled Channel '[id: 0x65228fdc, L:/127.0.0.1:51660 - R:localhost/127.0.0.1:30201]' for 'GET' to 'http://localhost:30201/session/4f352952d1e043379a9f1bc4fe8d8ebb/alert/text'
10:12:43.852 [Forwarding getAlertText on session 4f352952d1e043379a9f1bc4fe8d8ebb to remote] DEBUG org.asynchttpclient.netty.request.NettyRequestSender - Using open Channel [id: 0x65228fdc, L:/127.0.0.1:51660 - R:localhost/127.0.0.1:30201] for GET '/session/4f352952d1e043379a9f1bc4fe8d8ebb/alert/text'
10:12:43.853 [AsyncHttpClient-1-2] DEBUG org.asynchttpclient.netty.handler.HttpHandler - 

Request DefaultFullHttpRequest(decodeResult: success, version: HTTP/1.1, content: EmptyByteBufBE)
GET /session/4f352952d1e043379a9f1bc4fe8d8ebb/alert/text HTTP/1.1
User-Agent: selenium/4.8.1 (java windows)
Cache-Control: no-cache
Content-Type: application/json; charset=utf-8
host: localhost:30201
accept: */*

Response DefaultHttpResponse(decodeResult: success, version: HTTP/1.1)
HTTP/1.1 404 Not Found
Content-Length: 836
Content-Type: application/json; charset=utf-8
cache-control: no-cache

10:12:43.853 [AsyncHttpClient-1-2] DEBUG org.asynchttpclient.netty.channel.ChannelManager - Adding key: http://localhost:30201 for channel [id: 0x65228fdc, L:/127.0.0.1:51660 - R:localhost/127.0.0.1:30201]
10:12:43.854 [Forwarding getCurrentUrl on session 4f352952d1e043379a9f1bc4fe8d8ebb to remote] DEBUG org.asynchttpclient.netty.request.NettyRequestSender - Using pooled Channel '[id: 0x65228fdc, L:/127.0.0.1:51660 - R:localhost/127.0.0.1:30201]' for 'GET' to 'http://localhost:30201/session/4f352952d1e043379a9f1bc4fe8d8ebb/url'
10:12:43.854 [Forwarding getCurrentUrl on session 4f352952d1e043379a9f1bc4fe8d8ebb to remote] DEBUG org.asynchttpclient.netty.request.NettyRequestSender - Using open Channel [id: 0x65228fdc, L:/127.0.0.1:51660 - R:localhost/127.0.0.1:30201] for GET '/session/4f352952d1e043379a9f1bc4fe8d8ebb/url'
10:12:43.858 [AsyncHttpClient-1-2] DEBUG org.asynchttpclient.netty.handler.HttpHandler - 

Request DefaultFullHttpRequest(decodeResult: success, version: HTTP/1.1, content: EmptyByteBufBE)
GET /session/4f352952d1e043379a9f1bc4fe8d8ebb/url HTTP/1.1
User-Agent: selenium/4.8.1 (java windows)
Cache-Control: no-cache
Content-Type: application/json; charset=utf-8
host: localhost:30201
accept: */*

Response DefaultHttpResponse(decodeResult: success, version: HTTP/1.1)
HTTP/1.1 200 OK
Content-Length: 51
Content-Type: application/json; charset=utf-8
cache-control: no-cache

10:12:43.858 [AsyncHttpClient-1-2] DEBUG org.asynchttpclient.netty.channel.ChannelManager - Adding key: http://localhost:30201 for channel [id: 0x65228fdc, L:/127.0.0.1:51660 - R:localhost/127.0.0.1:30201]
10:12:43.859 [Forwarding screenshot on session 4f352952d1e043379a9f1bc4fe8d8ebb to remote] DEBUG org.asynchttpclient.netty.request.NettyRequestSender - Using pooled Channel '[id: 0x65228fdc, L:/127.0.0.1:51660 - R:localhost/127.0.0.1:30201]' for 'GET' to 'http://localhost:30201/session/4f352952d1e043379a9f1bc4fe8d8ebb/screenshot'
10:12:43.859 [Forwarding screenshot on session 4f352952d1e043379a9f1bc4fe8d8ebb to remote] DEBUG org.asynchttpclient.netty.request.NettyRequestSender - Using open Channel [id: 0x65228fdc, L:/127.0.0.1:51660 - R:localhost/127.0.0.1:30201] for GET '/session/4f352952d1e043379a9f1bc4fe8d8ebb/screenshot'
10:12:43.940 [AsyncHttpClient-1-2] DEBUG org.asynchttpclient.netty.handler.HttpHandler - 

Request DefaultFullHttpRequest(decodeResult: success, version: HTTP/1.1, content: EmptyByteBufBE)
GET /session/4f352952d1e043379a9f1bc4fe8d8ebb/screenshot HTTP/1.1
User-Agent: selenium/4.8.1 (java windows)
Cache-Control: no-cache
Content-Type: application/json; charset=utf-8
host: localhost:30201
accept: */*

Response DefaultHttpResponse(decodeResult: success, version: HTTP/1.1)
HTTP/1.1 200 OK
Content-Length: 32748
Content-Type: application/json; charset=utf-8
cache-control: no-cache

10:12:43.940 [AsyncHttpClient-1-2] DEBUG org.asynchttpclient.netty.channel.ChannelManager - Adding key: http://localhost:30201 for channel [id: 0x65228fdc, L:/127.0.0.1:51660 - R:localhost/127.0.0.1:30201]
10:12:43.941 [main] DEBUG net.serenitybdd.core.photography.Darkroom - Send negative for processing for target\site\serenity\838a118defe8b2c78f320792ccc0dfcdbc689f4090a216cf0baf82906188e658.png
10:12:43.941 [main] DEBUG net.thucydides.core.steps.StepInterceptor - STEP DONE: openPage
  &amp#27;[32mGiven &amp#27;[0m&amp#27;[32mI am on the alta-shop login page&amp#27;[0m &amp#27;[90m# starter.stepdefinitions.LoginSteps.onTheLoginPage()&amp#27;[0m
10:12:43.946 [Forwarding getPageSource on session 4f352952d1e043379a9f1bc4fe8d8ebb to remote] DEBUG org.asynchttpclient.netty.request.NettyRequestSender - Using pooled Channel '[id: 0x65228fdc, L:/127.0.0.1:51660 - R:localhost/127.0.0.1:30201]' for 'POST' to 'http://localhost:30201/session/4f352952d1e043379a9f1bc4fe8d8ebb/execute/sync'
10:12:43.946 [Forwarding getPageSource on session 4f352952d1e043379a9f1bc4fe8d8ebb to remote] DEBUG org.asynchttpclient.netty.request.NettyRequestSender - Using open Channel [id: 0x65228fdc, L:/127.0.0.1:51660 - R:localhost/127.0.0.1:30201] for POST '/session/4f352952d1e043379a9f1bc4fe8d8ebb/execute/sync'
10:12:43.950 [AsyncHttpClient-1-2] DEBUG org.asynchttpclient.netty.handler.HttpHandler - 

Request DefaultHttpRequest(decodeResult: success, version: HTTP/1.1)
POST /session/4f352952d1e043379a9f1bc4fe8d8ebb/execute/sync HTTP/1.1
User-Agent: selenium/4.8.1 (java windows)
Content-Length: 176
Content-Type: application/json; charset=utf-8
host: localhost:30201
accept: */*

Response DefaultHttpResponse(decodeResult: success, version: HTTP/1.1)
HTTP/1.1 200 OK
Content-Length: 21659
Content-Type: application/json; charset=utf-8
cache-control: no-cache

10:12:43.950 [AsyncHttpClient-1-2] DEBUG org.asynchttpclient.netty.channel.ChannelManager - Adding key: http://localhost:30201 for channel [id: 0x65228fdc, L:/127.0.0.1:51660 - R:localhost/127.0.0.1:30201]
10:12:43.951 [Forwarding getCurrentUrl on session 4f352952d1e043379a9f1bc4fe8d8ebb to remote] DEBUG org.asynchttpclient.netty.request.NettyRequestSender - Using pooled Channel '[id: 0x65228fdc, L:/127.0.0.1:51660 - R:localhost/127.0.0.1:30201]' for 'GET' to 'http://localhost:30201/session/4f352952d1e043379a9f1bc4fe8d8ebb/url'
10:12:43.951 [Forwarding getCurrentUrl on session 4f352952d1e043379a9f1bc4fe8d8ebb to remote] DEBUG org.asynchttpclient.netty.request.NettyRequestSender - Using open Channel [id: 0x65228fdc, L:/127.0.0.1:51660 - R:localhost/127.0.0.1:30201] for GET '/session/4f352952d1e043379a9f1bc4fe8d8ebb/url'
10:12:43.953 [AsyncHttpClient-1-2] DEBUG org.asynchttpclient.netty.handler.HttpHandler - 

Request DefaultFullHttpRequest(decodeResult: success, version: HTTP/1.1, content: EmptyByteBufBE)
GET /session/4f352952d1e043379a9f1bc4fe8d8ebb/url HTTP/1.1
User-Agent: selenium/4.8.1 (java windows)
Cache-Control: no-cache
Content-Type: application/json; charset=utf-8
host: localhost:30201
accept: */*

Response DefaultHttpResponse(decodeResult: success, version: HTTP/1.1)
HTTP/1.1 200 OK
Content-Length: 51
Content-Type: application/json; charset=utf-8
cache-control: no-cache

10:12:43.953 [AsyncHttpClient-1-2] DEBUG org.asynchttpclient.netty.channel.ChannelManager - Adding key: http://localhost:30201 for channel [id: 0x65228fdc, L:/127.0.0.1:51660 - R:localhost/127.0.0.1:30201]
10:12:43.958 [Forwarding getPageSource on session 4f352952d1e043379a9f1bc4fe8d8ebb to remote] DEBUG org.asynchttpclient.netty.request.NettyRequestSender - Using pooled Channel '[id: 0x65228fdc, L:/127.0.0.1:51660 - R:localhost/127.0.0.1:30201]' for 'POST' to 'http://localhost:30201/session/4f352952d1e043379a9f1bc4fe8d8ebb/execute/sync'
10:12:43.958 [Forwarding getPageSource on session 4f352952d1e043379a9f1bc4fe8d8ebb to remote] DEBUG org.asynchttpclient.netty.request.NettyRequestSender - Using open Channel [id: 0x65228fdc, L:/127.0.0.1:51660 - R:localhost/127.0.0.1:30201] for POST '/session/4f352952d1e043379a9f1bc4fe8d8ebb/execute/sync'
10:12:43.962 [AsyncHttpClient-1-2] DEBUG org.asynchttpclient.netty.handler.HttpHandler - 

Request DefaultHttpRequest(decodeResult: success, version: HTTP/1.1)
POST /session/4f352952d1e043379a9f1bc4fe8d8ebb/execute/sync HTTP/1.1
User-Agent: selenium/4.8.1 (java windows)
Content-Length: 176
Content-Type: application/json; charset=utf-8
host: localhost:30201
accept: */*

Response DefaultHttpResponse(decodeResult: success, version: HTTP/1.1)
HTTP/1.1 200 OK
Content-Length: 21659
Content-Type: application/json; charset=utf-8
cache-control: no-cache

10:12:43.962 [AsyncHttpClient-1-2] DEBUG org.asynchttpclient.netty.channel.ChannelManager - Adding key: http://localhost:30201 for channel [id: 0x65228fdc, L:/127.0.0.1:51660 - R:localhost/127.0.0.1:30201]
10:12:43.963 [Forwarding getCurrentUrl on session 4f352952d1e043379a9f1bc4fe8d8ebb to remote] DEBUG org.asynchttpclient.netty.request.NettyRequestSender - Using pooled Channel '[id: 0x65228fdc, L:/127.0.0.1:51660 - R:localhost/127.0.0.1:30201]' for 'GET' to 'http://localhost:30201/session/4f352952d1e043379a9f1bc4fe8d8ebb/url'
10:12:43.963 [Forwarding getCurrentUrl on session 4f352952d1e043379a9f1bc4fe8d8ebb to remote] DEBUG org.asynchttpclient.netty.request.NettyRequestSender - Using open Channel [id: 0x65228fdc, L:/127.0.0.1:51660 - R:localhost/127.0.0.1:30201] for GET '/session/4f352952d1e043379a9f1bc4fe8d8ebb/url'
10:12:43.965 [AsyncHttpClient-1-2] DEBUG org.asynchttpclient.netty.handler.HttpHandler - 

Request DefaultFullHttpRequest(decodeResult: success, version: HTTP/1.1, content: EmptyByteBufBE)
GET /session/4f352952d1e043379a9f1bc4fe8d8ebb/url HTTP/1.1
User-Agent: selenium/4.8.1 (java windows)
Cache-Control: no-cache
Content-Type: application/json; charset=utf-8
host: localhost:30201
accept: */*

Response DefaultHttpResponse(decodeResult: success, version: HTTP/1.1)
HTTP/1.1 200 OK
Content-Length: 51
Content-Type: application/json; charset=utf-8
cache-control: no-cache

10:12:43.965 [AsyncHttpClient-1-2] DEBUG org.asynchttpclient.netty.channel.ChannelManager - Adding key: http://localhost:30201 for channel [id: 0x65228fdc, L:/127.0.0.1:51660 - R:localhost/127.0.0.1:30201]
10:12:43.966 [main] DEBUG net.thucydides.core.steps.StepInterceptor - STARTING STEP: LoginSteps.inputIncnvalidEmail - inputEmail
10:12:43.967 [Forwarding findElement on session 4f352952d1e043379a9f1bc4fe8d8ebb to remote] DEBUG org.asynchttpclient.netty.request.NettyRequestSender - Using pooled Channel '[id: 0x65228fdc, L:/127.0.0.1:51660 - R:localhost/127.0.0.1:30201]' for 'POST' to 'http://localhost:30201/session/4f352952d1e043379a9f1bc4fe8d8ebb/element'
10:12:43.967 [Forwarding findElement on session 4f352952d1e043379a9f1bc4fe8d8ebb to remote] DEBUG org.asynchttpclient.netty.request.NettyRequestSender - Using open Channel [id: 0x65228fdc, L:/127.0.0.1:51660 - R:localhost/127.0.0.1:30201] for POST '/session/4f352952d1e043379a9f1bc4fe8d8ebb/element'
10:12:43.976 [AsyncHttpClient-1-2] DEBUG org.asynchttpclient.netty.handler.HttpHandler - 

Request DefaultHttpRequest(decodeResult: success, version: HTTP/1.1)
POST /session/4f352952d1e043379a9f1bc4fe8d8ebb/element HTTP/1.1
User-Agent: selenium/4.8.1 (java windows)
Content-Length: 55
Content-Type: application/json; charset=utf-8
host: localhost:30201
accept: */*

Response DefaultHttpResponse(decodeResult: success, version: HTTP/1.1)
HTTP/1.1 200 OK
Content-Length: 88
Content-Type: application/json; charset=utf-8
cache-control: no-cache

10:12:43.976 [AsyncHttpClient-1-2] DEBUG org.asynchttpclient.netty.channel.ChannelManager - Adding key: http://localhost:30201 for channel [id: 0x65228fdc, L:/127.0.0.1:51660 - R:localhost/127.0.0.1:30201]
10:12:43.977 [Forwarding clearElement on session 4f352952d1e043379a9f1bc4fe8d8ebb to remote] DEBUG org.asynchttpclient.netty.request.NettyRequestSender - Using pooled Channel '[id: 0x65228fdc, L:/127.0.0.1:51660 - R:localhost/127.0.0.1:30201]' for 'POST' to 'http://localhost:30201/session/4f352952d1e043379a9f1bc4fe8d8ebb/element/064c0bc8-1a27-4d6b-bf3d-def143d8c67f/clear'
10:12:43.977 [Forwarding clearElement on session 4f352952d1e043379a9f1bc4fe8d8ebb to remote] DEBUG org.asynchttpclient.netty.request.NettyRequestSender - Using open Channel [id: 0x65228fdc, L:/127.0.0.1:51660 - R:localhost/127.0.0.1:30201] for POST '/session/4f352952d1e043379a9f1bc4fe8d8ebb/element/064c0bc8-1a27-4d6b-bf3d-def143d8c67f/clear'
10:12:44.000 [AsyncHttpClient-1-2] DEBUG org.asynchttpclient.netty.handler.HttpHandler - 

Request DefaultHttpRequest(decodeResult: success, version: HTTP/1.1)
POST /session/4f352952d1e043379a9f1bc4fe8d8ebb/element/064c0bc8-1a27-4d6b-bf3d-def143d8c67f/clear HTTP/1.1
User-Agent: selenium/4.8.1 (java windows)
Content-Length: 50
Content-Type: application/json; charset=utf-8
host: localhost:30201
accept: */*

Response DefaultHttpResponse(decodeResult: success, version: HTTP/1.1)
HTTP/1.1 200 OK
Content-Length: 14
Content-Type: application/json; charset=utf-8
cache-control: no-cache

10:12:44.000 [AsyncHttpClient-1-2] DEBUG org.asynchttpclient.netty.channel.ChannelManager - Adding key: http://localhost:30201 for channel [id: 0x65228fdc, L:/127.0.0.1:51660 - R:localhost/127.0.0.1:30201]
10:12:44.001 [Forwarding sendKeysToElement on session 4f352952d1e043379a9f1bc4fe8d8ebb to remote] DEBUG org.asynchttpclient.netty.request.NettyRequestSender - Using pooled Channel '[id: 0x65228fdc, L:/127.0.0.1:51660 - R:localhost/127.0.0.1:30201]' for 'POST' to 'http://localhost:30201/session/4f352952d1e043379a9f1bc4fe8d8ebb/element/064c0bc8-1a27-4d6b-bf3d-def143d8c67f/value'
10:12:44.001 [Forwarding sendKeysToElement on session 4f352952d1e043379a9f1bc4fe8d8ebb to remote] DEBUG org.asynchttpclient.netty.request.NettyRequestSender - Using open Channel [id: 0x65228fdc, L:/127.0.0.1:51660 - R:localhost/127.0.0.1:30201] for POST '/session/4f352952d1e043379a9f1bc4fe8d8ebb/element/064c0bc8-1a27-4d6b-bf3d-def143d8c67f/value'
10:12:44.045 [AsyncHttpClient-1-2] DEBUG org.asynchttpclient.netty.handler.HttpHandler - 

Request DefaultHttpRequest(decodeResult: success, version: HTTP/1.1)
POST /session/4f352952d1e043379a9f1bc4fe8d8ebb/element/064c0bc8-1a27-4d6b-bf3d-def143d8c67f/value HTTP/1.1
User-Agent: selenium/4.8.1 (java windows)
Content-Length: 121
Content-Type: application/json; charset=utf-8
host: localhost:30201
accept: */*

Response DefaultHttpResponse(decodeResult: success, version: HTTP/1.1)
HTTP/1.1 200 OK
Content-Length: 14
Content-Type: application/json; charset=utf-8
cache-control: no-cache

10:12:44.045 [AsyncHttpClient-1-2] DEBUG org.asynchttpclient.netty.channel.ChannelManager - Adding key: http://localhost:30201 for channel [id: 0x65228fdc, L:/127.0.0.1:51660 - R:localhost/127.0.0.1:30201]
10:12:44.051 [Forwarding getAlertText on session 4f352952d1e043379a9f1bc4fe8d8ebb to remote] DEBUG org.asynchttpclient.netty.request.NettyRequestSender - Using pooled Channel '[id: 0x65228fdc, L:/127.0.0.1:51660 - R:localhost/127.0.0.1:30201]' for 'GET' to 'http://localhost:30201/session/4f352952d1e043379a9f1bc4fe8d8ebb/alert/text'
10:12:44.051 [Forwarding getAlertText on session 4f352952d1e043379a9f1bc4fe8d8ebb to remote] DEBUG org.asynchttpclient.netty.request.NettyRequestSender - Using open Channel [id: 0x65228fdc, L:/127.0.0.1:51660 - R:localhost/127.0.0.1:30201] for GET '/session/4f352952d1e043379a9f1bc4fe8d8ebb/alert/text'
10:12:44.052 [AsyncHttpClient-1-2] DEBUG org.asynchttpclient.netty.handler.HttpHandler - 

Request DefaultFullHttpRequest(decodeResult: success, version: HTTP/1.1, content: EmptyByteBufBE)
GET /session/4f352952d1e043379a9f1bc4fe8d8ebb/alert/text HTTP/1.1
User-Agent: selenium/4.8.1 (java windows)
Cache-Control: no-cache
Content-Type: application/json; charset=utf-8
host: localhost:30201
accept: */*

Response DefaultHttpResponse(decodeResult: success, version: HTTP/1.1)
HTTP/1.1 404 Not Found
Content-Length: 836
Content-Type: application/json; charset=utf-8
cache-control: no-cache

10:12:44.052 [AsyncHttpClient-1-2] DEBUG org.asynchttpclient.netty.channel.ChannelManager - Adding key: http://localhost:30201 for channel [id: 0x65228fdc, L:/127.0.0.1:51660 - R:localhost/127.0.0.1:30201]
10:12:44.052 [Forwarding getCurrentUrl on session 4f352952d1e043379a9f1bc4fe8d8ebb to remote] DEBUG org.asynchttpclient.netty.request.NettyRequestSender - Using pooled Channel '[id: 0x65228fdc, L:/127.0.0.1:51660 - R:localhost/127.0.0.1:30201]' for 'GET' to 'http://localhost:30201/session/4f352952d1e043379a9f1bc4fe8d8ebb/url'
10:12:44.052 [Forwarding getCurrentUrl on session 4f352952d1e043379a9f1bc4fe8d8ebb to remote] DEBUG org.asynchttpclient.netty.request.NettyRequestSender - Using open Channel [id: 0x65228fdc, L:/127.0.0.1:51660 - R:localhost/127.0.0.1:30201] for GET '/session/4f352952d1e043379a9f1bc4fe8d8ebb/url'
10:12:44.056 [AsyncHttpClient-1-2] DEBUG org.asynchttpclient.netty.handler.HttpHandler - 

Request DefaultFullHttpRequest(decodeResult: success, version: HTTP/1.1, content: EmptyByteBufBE)
GET /session/4f352952d1e043379a9f1bc4fe8d8ebb/url HTTP/1.1
User-Agent: selenium/4.8.1 (java windows)
Cache-Control: no-cache
Content-Type: application/json; charset=utf-8
host: localhost:30201
accept: */*

Response DefaultHttpResponse(decodeResult: success, version: HTTP/1.1)
HTTP/1.1 200 OK
Content-Length: 51
Content-Type: application/json; charset=utf-8
cache-control: no-cache

10:12:44.056 [AsyncHttpClient-1-2] DEBUG org.asynchttpclient.netty.channel.ChannelManager - Adding key: http://localhost:30201 for channel [id: 0x65228fdc, L:/127.0.0.1:51660 - R:localhost/127.0.0.1:30201]
10:12:44.057 [Forwarding screenshot on session 4f352952d1e043379a9f1bc4fe8d8ebb to remote] DEBUG org.asynchttpclient.netty.request.NettyRequestSender - Using pooled Channel '[id: 0x65228fdc, L:/127.0.0.1:51660 - R:localhost/127.0.0.1:30201]' for 'GET' to 'http://localhost:30201/session/4f352952d1e043379a9f1bc4fe8d8ebb/screenshot'
10:12:44.057 [Forwarding screenshot on session 4f352952d1e043379a9f1bc4fe8d8ebb to remote] DEBUG org.asynchttpclient.netty.request.NettyRequestSender - Using open Channel [id: 0x65228fdc, L:/127.0.0.1:51660 - R:localhost/127.0.0.1:30201] for GET '/session/4f352952d1e043379a9f1bc4fe8d8ebb/screenshot'
10:12:44.173 [AsyncHttpClient-1-2] DEBUG org.asynchttpclient.netty.handler.HttpHandler - 

Request DefaultFullHttpRequest(decodeResult: success, version: HTTP/1.1, content: EmptyByteBufBE)
GET /session/4f352952d1e043379a9f1bc4fe8d8ebb/screenshot HTTP/1.1
User-Agent: selenium/4.8.1 (java windows)
Cache-Control: no-cache
Content-Type: application/json; charset=utf-8
host: localhost:30201
accept: */*

Response DefaultHttpResponse(decodeResult: success, version: HTTP/1.1)
HTTP/1.1 200 OK
Content-Length: 34368
Content-Type: application/json; charset=utf-8
cache-control: no-cache

10:12:44.173 [AsyncHttpClient-1-2] DEBUG org.asynchttpclient.netty.channel.ChannelManager - Adding key: http://localhost:30201 for channel [id: 0x65228fdc, L:/127.0.0.1:51660 - R:localhost/127.0.0.1:30201]
10:12:44.174 [main] DEBUG net.serenitybdd.core.photography.Darkroom - Send negative for processing for target\site\serenity\1e392d81ad90ee98cd435572d0a4711398cf89bb36b774db24b508fada67b31d.png
10:12:44.175 [main] DEBUG net.thucydides.core.steps.StepInterceptor - STEP DONE: inputEmail
  &amp#27;[32mAnd &amp#27;[0m&amp#27;[32mI enter invalid email&amp#27;[0m              &amp#27;[90m# starter.stepdefinitions.LoginSteps.inputIncnvalidEmail()&amp#27;[0m
10:12:44.175 [Darkroom Processing Line] DEBUG net.serenitybdd.core.photography.DarkroomProcessingLine - Processing screenshot image in /var/screenshots/screenshot-10889677140838328752
10:12:44.175 [Darkroom Processing Line] DEBUG net.serenitybdd.core.photography.DarkroomProcessingLine - Saving screenshot to target\site\serenity\1e392d81ad90ee98cd435572d0a4711398cf89bb36b774db24b508fada67b31d.png
10:12:44.181 [Forwarding getPageSource on session 4f352952d1e043379a9f1bc4fe8d8ebb to remote] DEBUG org.asynchttpclient.netty.request.NettyRequestSender - Using pooled Channel '[id: 0x65228fdc, L:/127.0.0.1:51660 - R:localhost/127.0.0.1:30201]' for 'POST' to 'http://localhost:30201/session/4f352952d1e043379a9f1bc4fe8d8ebb/execute/sync'
10:12:44.181 [Forwarding getPageSource on session 4f352952d1e043379a9f1bc4fe8d8ebb to remote] DEBUG org.asynchttpclient.netty.request.NettyRequestSender - Using open Channel [id: 0x65228fdc, L:/127.0.0.1:51660 - R:localhost/127.0.0.1:30201] for POST '/session/4f352952d1e043379a9f1bc4fe8d8ebb/execute/sync'
10:12:44.184 [AsyncHttpClient-1-2] DEBUG org.asynchttpclient.netty.handler.HttpHandler - 

Request DefaultHttpRequest(decodeResult: success, version: HTTP/1.1)
POST /session/4f352952d1e043379a9f1bc4fe8d8ebb/execute/sync HTTP/1.1
User-Agent: selenium/4.8.1 (java windows)
Content-Length: 176
Content-Type: application/json; charset=utf-8
host: localhost:30201
accept: */*

Response DefaultHttpResponse(decodeResult: success, version: HTTP/1.1)
HTTP/1.1 200 OK
Content-Length: 21780
Content-Type: application/json; charset=utf-8
cache-control: no-cache

10:12:44.184 [AsyncHttpClient-1-2] DEBUG org.asynchttpclient.netty.channel.ChannelManager - Adding key: http://localhost:30201 for channel [id: 0x65228fdc, L:/127.0.0.1:51660 - R:localhost/127.0.0.1:30201]
10:12:44.185 [Forwarding getCurrentUrl on session 4f352952d1e043379a9f1bc4fe8d8ebb to remote] DEBUG org.asynchttpclient.netty.request.NettyRequestSender - Using pooled Channel '[id: 0x65228fdc, L:/127.0.0.1:51660 - R:localhost/127.0.0.1:30201]' for 'GET' to 'http://localhost:30201/session/4f352952d1e043379a9f1bc4fe8d8ebb/url'
10:12:44.185 [Forwarding getCurrentUrl on session 4f352952d1e043379a9f1bc4fe8d8ebb to remote] DEBUG org.asynchttpclient.netty.request.NettyRequestSender - Using open Channel [id: 0x65228fdc, L:/127.0.0.1:51660 - R:localhost/127.0.0.1:30201] for GET '/session/4f352952d1e043379a9f1bc4fe8d8ebb/url'
10:12:44.189 [AsyncHttpClient-1-2] DEBUG org.asynchttpclient.netty.handler.HttpHandler - 

Request DefaultFullHttpRequest(decodeResult: success, version: HTTP/1.1, content: EmptyByteBufBE)
GET /session/4f352952d1e043379a9f1bc4fe8d8ebb/url HTTP/1.1
User-Agent: selenium/4.8.1 (java windows)
Cache-Control: no-cache
Content-Type: application/json; charset=utf-8
host: localhost:30201
accept: */*

Response DefaultHttpResponse(decodeResult: success, version: HTTP/1.1)
HTTP/1.1 200 OK
Content-Length: 51
Content-Type: application/json; charset=utf-8
cache-control: no-cache

10:12:44.189 [AsyncHttpClient-1-2] DEBUG org.asynchttpclient.netty.channel.ChannelManager - Adding key: http://localhost:30201 for channel [id: 0x65228fdc, L:/127.0.0.1:51660 - R:localhost/127.0.0.1:30201]
10:12:44.194 [Forwarding getPageSource on session 4f352952d1e043379a9f1bc4fe8d8ebb to remote] DEBUG org.asynchttpclient.netty.request.NettyRequestSender - Using pooled Channel '[id: 0x65228fdc, L:/127.0.0.1:51660 - R:localhost/127.0.0.1:30201]' for 'POST' to 'http://localhost:30201/session/4f352952d1e043379a9f1bc4fe8d8ebb/execute/sync'
10:12:44.194 [Forwarding getPageSource on session 4f352952d1e043379a9f1bc4fe8d8ebb to remote] DEBUG org.asynchttpclient.netty.request.NettyRequestSender - Using open Channel [id: 0x65228fdc, L:/127.0.0.1:51660 - R:localhost/127.0.0.1:30201] for POST '/session/4f352952d1e043379a9f1bc4fe8d8ebb/execute/sync'
10:12:44.198 [AsyncHttpClient-1-2] DEBUG org.asynchttpclient.netty.handler.HttpHandler - 

Request DefaultHttpRequest(decodeResult: success, version: HTTP/1.1)
POST /session/4f352952d1e043379a9f1bc4fe8d8ebb/execute/sync HTTP/1.1
User-Agent: selenium/4.8.1 (java windows)
Content-Length: 176
Content-Type: application/json; charset=utf-8
host: localhost:30201
accept: */*

Response DefaultHttpResponse(decodeResult: success, version: HTTP/1.1)
HTTP/1.1 200 OK
Content-Length: 21780
Content-Type: application/json; charset=utf-8
cache-control: no-cache

10:12:44.198 [AsyncHttpClient-1-2] DEBUG org.asynchttpclient.netty.channel.ChannelManager - Adding key: http://localhost:30201 for channel [id: 0x65228fdc, L:/127.0.0.1:51660 - R:localhost/127.0.0.1:30201]
10:12:44.200 [Forwarding getCurrentUrl on session 4f352952d1e043379a9f1bc4fe8d8ebb to remote] DEBUG org.asynchttpclient.netty.request.NettyRequestSender - Using pooled Channel '[id: 0x65228fdc, L:/127.0.0.1:51660 - R:localhost/127.0.0.1:30201]' for 'GET' to 'http://localhost:30201/session/4f352952d1e043379a9f1bc4fe8d8ebb/url'
10:12:44.200 [Forwarding getCurrentUrl on session 4f352952d1e043379a9f1bc4fe8d8ebb to remote] DEBUG org.asynchttpclient.netty.request.NettyRequestSender - Using open Channel [id: 0x65228fdc, L:/127.0.0.1:51660 - R:localhost/127.0.0.1:30201] for GET '/session/4f352952d1e043379a9f1bc4fe8d8ebb/url'
10:12:44.202 [AsyncHttpClient-1-2] DEBUG org.asynchttpclient.netty.handler.HttpHandler - 

Request DefaultFullHttpRequest(decodeResult: success, version: HTTP/1.1, content: EmptyByteBufBE)
GET /session/4f352952d1e043379a9f1bc4fe8d8ebb/url HTTP/1.1
User-Agent: selenium/4.8.1 (java windows)
Cache-Control: no-cache
Content-Type: application/json; charset=utf-8
host: localhost:30201
accept: */*

Response DefaultHttpResponse(decodeResult: success, version: HTTP/1.1)
HTTP/1.1 200 OK
Content-Length: 51
Content-Type: application/json; charset=utf-8
cache-control: no-cache

10:12:44.202 [AsyncHttpClient-1-2] DEBUG org.asynchttpclient.netty.channel.ChannelManager - Adding key: http://localhost:30201 for channel [id: 0x65228fdc, L:/127.0.0.1:51660 - R:localhost/127.0.0.1:30201]
10:12:44.205 [main] DEBUG net.thucydides.core.steps.StepInterceptor - STARTING STEP: LoginSteps.inputPassword - inputPassword
10:12:44.207 [Forwarding findElement on session 4f352952d1e043379a9f1bc4fe8d8ebb to remote] DEBUG org.asynchttpclient.netty.request.NettyRequestSender - Using pooled Channel '[id: 0x65228fdc, L:/127.0.0.1:51660 - R:localhost/127.0.0.1:30201]' for 'POST' to 'http://localhost:30201/session/4f352952d1e043379a9f1bc4fe8d8ebb/element'
10:12:44.208 [Forwarding findElement on session 4f352952d1e043379a9f1bc4fe8d8ebb to remote] DEBUG org.asynchttpclient.netty.request.NettyRequestSender - Using open Channel [id: 0x65228fdc, L:/127.0.0.1:51660 - R:localhost/127.0.0.1:30201] for POST '/session/4f352952d1e043379a9f1bc4fe8d8ebb/element'
10:12:44.218 [AsyncHttpClient-1-2] DEBUG org.asynchttpclient.netty.handler.HttpHandler - 

Request DefaultHttpRequest(decodeResult: success, version: HTTP/1.1)
POST /session/4f352952d1e043379a9f1bc4fe8d8ebb/element HTTP/1.1
User-Agent: selenium/4.8.1 (java windows)
Content-Length: 55
Content-Type: application/json; charset=utf-8
host: localhost:30201
accept: */*

Response DefaultHttpResponse(decodeResult: success, version: HTTP/1.1)
HTTP/1.1 200 OK
Content-Length: 88
Content-Type: application/json; charset=utf-8
cache-control: no-cache

10:12:44.218 [AsyncHttpClient-1-2] DEBUG org.asynchttpclient.netty.channel.ChannelManager - Adding key: http://localhost:30201 for channel [id: 0x65228fdc, L:/127.0.0.1:51660 - R:localhost/127.0.0.1:30201]
10:12:44.219 [Forwarding clearElement on session 4f352952d1e043379a9f1bc4fe8d8ebb to remote] DEBUG org.asynchttpclient.netty.request.NettyRequestSender - Using pooled Channel '[id: 0x65228fdc, L:/127.0.0.1:51660 - R:localhost/127.0.0.1:30201]' for 'POST' to 'http://localhost:30201/session/4f352952d1e043379a9f1bc4fe8d8ebb/element/ae679cfc-50a6-4078-9522-9a4705188232/clear'
10:12:44.219 [Forwarding clearElement on session 4f352952d1e043379a9f1bc4fe8d8ebb to remote] DEBUG org.asynchttpclient.netty.request.NettyRequestSender - Using open Channel [id: 0x65228fdc, L:/127.0.0.1:51660 - R:localhost/127.0.0.1:30201] for POST '/session/4f352952d1e043379a9f1bc4fe8d8ebb/element/ae679cfc-50a6-4078-9522-9a4705188232/clear'
10:12:44.254 [AsyncHttpClient-1-2] DEBUG org.asynchttpclient.netty.handler.HttpHandler - 

Request DefaultHttpRequest(decodeResult: success, version: HTTP/1.1)
POST /session/4f352952d1e043379a9f1bc4fe8d8ebb/element/ae679cfc-50a6-4078-9522-9a4705188232/clear HTTP/1.1
User-Agent: selenium/4.8.1 (java windows)
Content-Length: 50
Content-Type: application/json; charset=utf-8
host: localhost:30201
accept: */*

Response DefaultHttpResponse(decodeResult: success, version: HTTP/1.1)
HTTP/1.1 200 OK
Content-Length: 14
Content-Type: application/json; charset=utf-8
cache-control: no-cache

10:12:44.254 [AsyncHttpClient-1-2] DEBUG org.asynchttpclient.netty.channel.ChannelManager - Adding key: http://localhost:30201 for channel [id: 0x65228fdc, L:/127.0.0.1:51660 - R:localhost/127.0.0.1:30201]
10:12:44.255 [Forwarding sendKeysToElement on session 4f352952d1e043379a9f1bc4fe8d8ebb to remote] DEBUG org.asynchttpclient.netty.request.NettyRequestSender - Using pooled Channel '[id: 0x65228fdc, L:/127.0.0.1:51660 - R:localhost/127.0.0.1:30201]' for 'POST' to 'http://localhost:30201/session/4f352952d1e043379a9f1bc4fe8d8ebb/element/ae679cfc-50a6-4078-9522-9a4705188232/value'
10:12:44.255 [Forwarding sendKeysToElement on session 4f352952d1e043379a9f1bc4fe8d8ebb to remote] DEBUG org.asynchttpclient.netty.request.NettyRequestSender - Using open Channel [id: 0x65228fdc, L:/127.0.0.1:51660 - R:localhost/127.0.0.1:30201] for POST '/session/4f352952d1e043379a9f1bc4fe8d8ebb/element/ae679cfc-50a6-4078-9522-9a4705188232/value'
10:12:44.315 [AsyncHttpClient-1-2] DEBUG org.asynchttpclient.netty.handler.HttpHandler - 

Request DefaultHttpRequest(decodeResult: success, version: HTTP/1.1)
POST /session/4f352952d1e043379a9f1bc4fe8d8ebb/element/ae679cfc-50a6-4078-9522-9a4705188232/value HTTP/1.1
User-Agent: selenium/4.8.1 (java windows)
Content-Length: 151
Content-Type: application/json; charset=utf-8
host: localhost:30201
accept: */*

Response DefaultHttpResponse(decodeResult: success, version: HTTP/1.1)
HTTP/1.1 200 OK
Content-Length: 14
Content-Type: application/json; charset=utf-8
cache-control: no-cache

10:12:44.315 [AsyncHttpClient-1-2] DEBUG org.asynchttpclient.netty.channel.ChannelManager - Adding key: http://localhost:30201 for channel [id: 0x65228fdc, L:/127.0.0.1:51660 - R:localhost/127.0.0.1:30201]
10:12:44.320 [Forwarding getAlertText on session 4f352952d1e043379a9f1bc4fe8d8ebb to remote] DEBUG org.asynchttpclient.netty.request.NettyRequestSender - Using pooled Channel '[id: 0x65228fdc, L:/127.0.0.1:51660 - R:localhost/127.0.0.1:30201]' for 'GET' to 'http://localhost:30201/session/4f352952d1e043379a9f1bc4fe8d8ebb/alert/text'
10:12:44.320 [Forwarding getAlertText on session 4f352952d1e043379a9f1bc4fe8d8ebb to remote] DEBUG org.asynchttpclient.netty.request.NettyRequestSender - Using open Channel [id: 0x65228fdc, L:/127.0.0.1:51660 - R:localhost/127.0.0.1:30201] for GET '/session/4f352952d1e043379a9f1bc4fe8d8ebb/alert/text'
10:12:44.322 [AsyncHttpClient-1-2] DEBUG org.asynchttpclient.netty.handler.HttpHandler - 

Request DefaultFullHttpRequest(decodeResult: success, version: HTTP/1.1, content: EmptyByteBufBE)
GET /session/4f352952d1e043379a9f1bc4fe8d8ebb/alert/text HTTP/1.1
User-Agent: selenium/4.8.1 (java windows)
Cache-Control: no-cache
Content-Type: application/json; charset=utf-8
host: localhost:30201
accept: */*

Response DefaultHttpResponse(decodeResult: success, version: HTTP/1.1)
HTTP/1.1 404 Not Found
Content-Length: 836
Content-Type: application/json; charset=utf-8
cache-control: no-cache

10:12:44.322 [AsyncHttpClient-1-2] DEBUG org.asynchttpclient.netty.channel.ChannelManager - Adding key: http://localhost:30201 for channel [id: 0x65228fdc, L:/127.0.0.1:51660 - R:localhost/127.0.0.1:30201]
10:12:44.323 [Forwarding getCurrentUrl on session 4f352952d1e043379a9f1bc4fe8d8ebb to remote] DEBUG org.asynchttpclient.netty.request.NettyRequestSender - Using pooled Channel '[id: 0x65228fdc, L:/127.0.0.1:51660 - R:localhost/127.0.0.1:30201]' for 'GET' to 'http://localhost:30201/session/4f352952d1e043379a9f1bc4fe8d8ebb/url'
10:12:44.323 [Forwarding getCurrentUrl on session 4f352952d1e043379a9f1bc4fe8d8ebb to remote] DEBUG org.asynchttpclient.netty.request.NettyRequestSender - Using open Channel [id: 0x65228fdc, L:/127.0.0.1:51660 - R:localhost/127.0.0.1:30201] for GET '/session/4f352952d1e043379a9f1bc4fe8d8ebb/url'
10:12:44.325 [AsyncHttpClient-1-2] DEBUG org.asynchttpclient.netty.handler.HttpHandler - 

Request DefaultFullHttpRequest(decodeResult: success, version: HTTP/1.1, content: EmptyByteBufBE)
GET /session/4f352952d1e043379a9f1bc4fe8d8ebb/url HTTP/1.1
User-Agent: selenium/4.8.1 (java windows)
Cache-Control: no-cache
Content-Type: application/json; charset=utf-8
host: localhost:30201
accept: */*

Response DefaultHttpResponse(decodeResult: success, version: HTTP/1.1)
HTTP/1.1 200 OK
Content-Length: 51
Content-Type: application/json; charset=utf-8
cache-control: no-cache

10:12:44.325 [AsyncHttpClient-1-2] DEBUG org.asynchttpclient.netty.channel.ChannelManager - Adding key: http://localhost:30201 for channel [id: 0x65228fdc, L:/127.0.0.1:51660 - R:localhost/127.0.0.1:30201]
10:12:44.325 [Forwarding screenshot on session 4f352952d1e043379a9f1bc4fe8d8ebb to remote] DEBUG org.asynchttpclient.netty.request.NettyRequestSender - Using pooled Channel '[id: 0x65228fdc, L:/127.0.0.1:51660 - R:localhost/127.0.0.1:30201]' for 'GET' to 'http://localhost:30201/session/4f352952d1e043379a9f1bc4fe8d8ebb/screenshot'
10:12:44.325 [Forwarding screenshot on session 4f352952d1e043379a9f1bc4fe8d8ebb to remote] DEBUG org.asynchttpclient.netty.request.NettyRequestSender - Using open Channel [id: 0x65228fdc, L:/127.0.0.1:51660 - R:localhost/127.0.0.1:30201] for GET '/session/4f352952d1e043379a9f1bc4fe8d8ebb/screenshot'
10:12:44.443 [AsyncHttpClient-1-2] DEBUG org.asynchttpclient.netty.handler.HttpHandler - 

Request DefaultFullHttpRequest(decodeResult: success, version: HTTP/1.1, content: EmptyByteBufBE)
GET /session/4f352952d1e043379a9f1bc4fe8d8ebb/screenshot HTTP/1.1
User-Agent: selenium/4.8.1 (java windows)
Cache-Control: no-cache
Content-Type: application/json; charset=utf-8
host: localhost:30201
accept: */*

Response DefaultHttpResponse(decodeResult: success, version: HTTP/1.1)
HTTP/1.1 200 OK
Content-Length: 36376
Content-Type: application/json; charset=utf-8
cache-control: no-cache

10:12:44.443 [AsyncHttpClient-1-2] DEBUG org.asynchttpclient.netty.channel.ChannelManager - Adding key: http://localhost:30201 for channel [id: 0x65228fdc, L:/127.0.0.1:51660 - R:localhost/127.0.0.1:30201]
10:12:44.445 [main] DEBUG net.serenitybdd.core.photography.Darkroom - Send negative for processing for target\site\serenity\dcf8a876367c86c2fce6b4a553af2f939f7c3f5724f21e1b2bc5fb799c9a6903.png
10:12:44.445 [main] DEBUG net.thucydides.core.steps.StepInterceptor - STEP DONE: inputPassword
10:12:44.445 [Darkroom Processing Line] DEBUG net.serenitybdd.core.photography.DarkroomProcessingLine - Processing screenshot image in /var/screenshots/screenshot-16616054965112568753
10:12:44.445 [Darkroom Processing Line] DEBUG net.serenitybdd.core.photography.DarkroomProcessingLine - Saving screenshot to target\site\serenity\dcf8a876367c86c2fce6b4a553af2f939f7c3f5724f21e1b2bc5fb799c9a6903.png
  &amp#27;[32mAnd &amp#27;[0m&amp#27;[32mI enter correct password&amp#27;[0m           &amp#27;[90m# starter.stepdefinitions.LoginSteps.inputPassword()&amp#27;[0m
10:12:44.451 [Forwarding getPageSource on session 4f352952d1e043379a9f1bc4fe8d8ebb to remote] DEBUG org.asynchttpclient.netty.request.NettyRequestSender - Using pooled Channel '[id: 0x65228fdc, L:/127.0.0.1:51660 - R:localhost/127.0.0.1:30201]' for 'POST' to 'http://localhost:30201/session/4f352952d1e043379a9f1bc4fe8d8ebb/execute/sync'
10:12:44.451 [Forwarding getPageSource on session 4f352952d1e043379a9f1bc4fe8d8ebb to remote] DEBUG org.asynchttpclient.netty.request.NettyRequestSender - Using open Channel [id: 0x65228fdc, L:/127.0.0.1:51660 - R:localhost/127.0.0.1:30201] for POST '/session/4f352952d1e043379a9f1bc4fe8d8ebb/execute/sync'
10:12:44.456 [AsyncHttpClient-1-2] DEBUG org.asynchttpclient.netty.handler.HttpHandler - 

Request DefaultHttpRequest(decodeResult: success, version: HTTP/1.1)
POST /session/4f352952d1e043379a9f1bc4fe8d8ebb/execute/sync HTTP/1.1
User-Agent: selenium/4.8.1 (java windows)
Content-Length: 176
Content-Type: application/json; charset=utf-8
host: localhost:30201
accept: */*

Response DefaultHttpResponse(decodeResult: success, version: HTTP/1.1)
HTTP/1.1 200 OK
Content-Length: 21839
Content-Type: application/json; charset=utf-8
cache-control: no-cache

10:12:44.456 [AsyncHttpClient-1-2] DEBUG org.asynchttpclient.netty.channel.ChannelManager - Adding key: http://localhost:30201 for channel [id: 0x65228fdc, L:/127.0.0.1:51660 - R:localhost/127.0.0.1:30201]
10:12:44.457 [Forwarding getCurrentUrl on session 4f352952d1e043379a9f1bc4fe8d8ebb to remote] DEBUG org.asynchttpclient.netty.request.NettyRequestSender - Using pooled Channel '[id: 0x65228fdc, L:/127.0.0.1:51660 - R:localhost/127.0.0.1:30201]' for 'GET' to 'http://localhost:30201/session/4f352952d1e043379a9f1bc4fe8d8ebb/url'
10:12:44.457 [Forwarding getCurrentUrl on session 4f352952d1e043379a9f1bc4fe8d8ebb to remote] DEBUG org.asynchttpclient.netty.request.NettyRequestSender - Using open Channel [id: 0x65228fdc, L:/127.0.0.1:51660 - R:localhost/127.0.0.1:30201] for GET '/session/4f352952d1e043379a9f1bc4fe8d8ebb/url'
10:12:44.459 [AsyncHttpClient-1-2] DEBUG org.asynchttpclient.netty.handler.HttpHandler - 

Request DefaultFullHttpRequest(decodeResult: success, version: HTTP/1.1, content: EmptyByteBufBE)
GET /session/4f352952d1e043379a9f1bc4fe8d8ebb/url HTTP/1.1
User-Agent: selenium/4.8.1 (java windows)
Cache-Control: no-cache
Content-Type: application/json; charset=utf-8
host: localhost:30201
accept: */*

Response DefaultHttpResponse(decodeResult: success, version: HTTP/1.1)
HTTP/1.1 200 OK
Content-Length: 51
Content-Type: application/json; charset=utf-8
cache-control: no-cache

10:12:44.459 [AsyncHttpClient-1-2] DEBUG org.asynchttpclient.netty.channel.ChannelManager - Adding key: http://localhost:30201 for channel [id: 0x65228fdc, L:/127.0.0.1:51660 - R:localhost/127.0.0.1:30201]
10:12:44.465 [Forwarding getPageSource on session 4f352952d1e043379a9f1bc4fe8d8ebb to remote] DEBUG org.asynchttpclient.netty.request.NettyRequestSender - Using pooled Channel '[id: 0x65228fdc, L:/127.0.0.1:51660 - R:localhost/127.0.0.1:30201]' for 'POST' to 'http://localhost:30201/session/4f352952d1e043379a9f1bc4fe8d8ebb/execute/sync'
10:12:44.465 [Forwarding getPageSource on session 4f352952d1e043379a9f1bc4fe8d8ebb to remote] DEBUG org.asynchttpclient.netty.request.NettyRequestSender - Using open Channel [id: 0x65228fdc, L:/127.0.0.1:51660 - R:localhost/127.0.0.1:30201] for POST '/session/4f352952d1e043379a9f1bc4fe8d8ebb/execute/sync'
10:12:44.468 [AsyncHttpClient-1-2] DEBUG org.asynchttpclient.netty.handler.HttpHandler - 

Request DefaultHttpRequest(decodeResult: success, version: HTTP/1.1)
POST /session/4f352952d1e043379a9f1bc4fe8d8ebb/execute/sync HTTP/1.1
User-Agent: selenium/4.8.1 (java windows)
Content-Length: 176
Content-Type: application/json; charset=utf-8
host: localhost:30201
accept: */*

Response DefaultHttpResponse(decodeResult: success, version: HTTP/1.1)
HTTP/1.1 200 OK
Content-Length: 21839
Content-Type: application/json; charset=utf-8
cache-control: no-cache

10:12:44.469 [AsyncHttpClient-1-2] DEBUG org.asynchttpclient.netty.channel.ChannelManager - Adding key: http://localhost:30201 for channel [id: 0x65228fdc, L:/127.0.0.1:51660 - R:localhost/127.0.0.1:30201]
10:12:44.471 [Forwarding getCurrentUrl on session 4f352952d1e043379a9f1bc4fe8d8ebb to remote] DEBUG org.asynchttpclient.netty.request.NettyRequestSender - Using pooled Channel '[id: 0x65228fdc, L:/127.0.0.1:51660 - R:localhost/127.0.0.1:30201]' for 'GET' to 'http://localhost:30201/session/4f352952d1e043379a9f1bc4fe8d8ebb/url'
10:12:44.471 [Forwarding getCurrentUrl on session 4f352952d1e043379a9f1bc4fe8d8ebb to remote] DEBUG org.asynchttpclient.netty.request.NettyRequestSender - Using open Channel [id: 0x65228fdc, L:/127.0.0.1:51660 - R:localhost/127.0.0.1:30201] for GET '/session/4f352952d1e043379a9f1bc4fe8d8ebb/url'
10:12:44.473 [AsyncHttpClient-1-2] DEBUG org.asynchttpclient.netty.handler.HttpHandler - 

Request DefaultFullHttpRequest(decodeResult: success, version: HTTP/1.1, content: EmptyByteBufBE)
GET /session/4f352952d1e043379a9f1bc4fe8d8ebb/url HTTP/1.1
User-Agent: selenium/4.8.1 (java windows)
Cache-Control: no-cache
Content-Type: application/json; charset=utf-8
host: localhost:30201
accept: */*

Response DefaultHttpResponse(decodeResult: success, version: HTTP/1.1)
HTTP/1.1 200 OK
Content-Length: 51
Content-Type: application/json; charset=utf-8
cache-control: no-cache

10:12:44.473 [AsyncHttpClient-1-2] DEBUG org.asynchttpclient.netty.channel.ChannelManager - Adding key: http://localhost:30201 for channel [id: 0x65228fdc, L:/127.0.0.1:51660 - R:localhost/127.0.0.1:30201]
10:12:44.475 [main] DEBUG net.thucydides.core.steps.StepInterceptor - STARTING STEP: LoginSteps.clickLoginButton - clickLoginButton
10:12:44.476 [Forwarding findElement on session 4f352952d1e043379a9f1bc4fe8d8ebb to remote] DEBUG org.asynchttpclient.netty.request.NettyRequestSender - Using pooled Channel '[id: 0x65228fdc, L:/127.0.0.1:51660 - R:localhost/127.0.0.1:30201]' for 'POST' to 'http://localhost:30201/session/4f352952d1e043379a9f1bc4fe8d8ebb/element'
10:12:44.476 [Forwarding findElement on session 4f352952d1e043379a9f1bc4fe8d8ebb to remote] DEBUG org.asynchttpclient.netty.request.NettyRequestSender - Using open Channel [id: 0x65228fdc, L:/127.0.0.1:51660 - R:localhost/127.0.0.1:30201] for POST '/session/4f352952d1e043379a9f1bc4fe8d8ebb/element'
10:12:44.485 [AsyncHttpClient-1-2] DEBUG org.asynchttpclient.netty.handler.HttpHandler - 

Request DefaultHttpRequest(decodeResult: success, version: HTTP/1.1)
POST /session/4f352952d1e043379a9f1bc4fe8d8ebb/element HTTP/1.1
User-Agent: selenium/4.8.1 (java windows)
Content-Length: 71
Content-Type: application/json; charset=utf-8
host: localhost:30201
accept: */*

Response DefaultHttpResponse(decodeResult: success, version: HTTP/1.1)
HTTP/1.1 200 OK
Content-Length: 88
Content-Type: application/json; charset=utf-8
cache-control: no-cache

10:12:44.485 [AsyncHttpClient-1-2] DEBUG org.asynchttpclient.netty.channel.ChannelManager - Adding key: http://localhost:30201 for channel [id: 0x65228fdc, L:/127.0.0.1:51660 - R:localhost/127.0.0.1:30201]
10:12:44.485 [Forwarding getElementTagName on session 4f352952d1e043379a9f1bc4fe8d8ebb to remote] DEBUG org.asynchttpclient.netty.request.NettyRequestSender - Using pooled Channel '[id: 0x65228fdc, L:/127.0.0.1:51660 - R:localhost/127.0.0.1:30201]' for 'GET' to 'http://localhost:30201/session/4f352952d1e043379a9f1bc4fe8d8ebb/element/c8bbf5b8-d289-49da-966f-a723cc86e172/name'
10:12:44.485 [Forwarding getElementTagName on session 4f352952d1e043379a9f1bc4fe8d8ebb to remote] DEBUG org.asynchttpclient.netty.request.NettyRequestSender - Using open Channel [id: 0x65228fdc, L:/127.0.0.1:51660 - R:localhost/127.0.0.1:30201] for GET '/session/4f352952d1e043379a9f1bc4fe8d8ebb/element/c8bbf5b8-d289-49da-966f-a723cc86e172/name'
10:12:44.490 [AsyncHttpClient-1-2] DEBUG org.asynchttpclient.netty.handler.HttpHandler - 

Request DefaultFullHttpRequest(decodeResult: success, version: HTTP/1.1, content: EmptyByteBufBE)
GET /session/4f352952d1e043379a9f1bc4fe8d8ebb/element/c8bbf5b8-d289-49da-966f-a723cc86e172/name HTTP/1.1
User-Agent: selenium/4.8.1 (java windows)
Cache-Control: no-cache
Content-Type: application/json; charset=utf-8
host: localhost:30201
accept: */*

Response DefaultHttpResponse(decodeResult: success, version: HTTP/1.1)
HTTP/1.1 200 OK
Content-Length: 18
Content-Type: application/json; charset=utf-8
cache-control: no-cache

10:12:44.490 [AsyncHttpClient-1-2] DEBUG org.asynchttpclient.netty.channel.ChannelManager - Adding key: http://localhost:30201 for channel [id: 0x65228fdc, L:/127.0.0.1:51660 - R:localhost/127.0.0.1:30201]
10:12:44.491 [Forwarding getElementTagName on session 4f352952d1e043379a9f1bc4fe8d8ebb to remote] DEBUG org.asynchttpclient.netty.request.NettyRequestSender - Using pooled Channel '[id: 0x65228fdc, L:/127.0.0.1:51660 - R:localhost/127.0.0.1:30201]' for 'GET' to 'http://localhost:30201/session/4f352952d1e043379a9f1bc4fe8d8ebb/element/c8bbf5b8-d289-49da-966f-a723cc86e172/name'
10:12:44.491 [Forwarding getElementTagName on session 4f352952d1e043379a9f1bc4fe8d8ebb to remote] DEBUG org.asynchttpclient.netty.request.NettyRequestSender - Using open Channel [id: 0x65228fdc, L:/127.0.0.1:51660 - R:localhost/127.0.0.1:30201] for GET '/session/4f352952d1e043379a9f1bc4fe8d8ebb/element/c8bbf5b8-d289-49da-966f-a723cc86e172/name'
10:12:44.493 [AsyncHttpClient-1-2] DEBUG org.asynchttpclient.netty.handler.HttpHandler - 

Request DefaultFullHttpRequest(decodeResult: success, version: HTTP/1.1, content: EmptyByteBufBE)
GET /session/4f352952d1e043379a9f1bc4fe8d8ebb/element/c8bbf5b8-d289-49da-966f-a723cc86e172/name HTTP/1.1
User-Agent: selenium/4.8.1 (java windows)
Cache-Control: no-cache
Content-Type: application/json; charset=utf-8
host: localhost:30201
accept: */*

Response DefaultHttpResponse(decodeResult: success, version: HTTP/1.1)
HTTP/1.1 200 OK
Content-Length: 18
Content-Type: application/json; charset=utf-8
cache-control: no-cache

10:12:44.493 [AsyncHttpClient-1-2] DEBUG org.asynchttpclient.netty.channel.ChannelManager - Adding key: http://localhost:30201 for channel [id: 0x65228fdc, L:/127.0.0.1:51660 - R:localhost/127.0.0.1:30201]
10:12:44.494 [Forwarding isElementEnabled on session 4f352952d1e043379a9f1bc4fe8d8ebb to remote] DEBUG org.asynchttpclient.netty.request.NettyRequestSender - Using pooled Channel '[id: 0x65228fdc, L:/127.0.0.1:51660 - R:localhost/127.0.0.1:30201]' for 'GET' to 'http://localhost:30201/session/4f352952d1e043379a9f1bc4fe8d8ebb/element/c8bbf5b8-d289-49da-966f-a723cc86e172/enabled'
10:12:44.494 [Forwarding isElementEnabled on session 4f352952d1e043379a9f1bc4fe8d8ebb to remote] DEBUG org.asynchttpclient.netty.request.NettyRequestSender - Using open Channel [id: 0x65228fdc, L:/127.0.0.1:51660 - R:localhost/127.0.0.1:30201] for GET '/session/4f352952d1e043379a9f1bc4fe8d8ebb/element/c8bbf5b8-d289-49da-966f-a723cc86e172/enabled'
10:12:44.503 [AsyncHttpClient-1-2] DEBUG org.asynchttpclient.netty.handler.HttpHandler - 

Request DefaultFullHttpRequest(decodeResult: success, version: HTTP/1.1, content: EmptyByteBufBE)
GET /session/4f352952d1e043379a9f1bc4fe8d8ebb/element/c8bbf5b8-d289-49da-966f-a723cc86e172/enabled HTTP/1.1
User-Agent: selenium/4.8.1 (java windows)
Cache-Control: no-cache
Content-Type: application/json; charset=utf-8
host: localhost:30201
accept: */*

Response DefaultHttpResponse(decodeResult: success, version: HTTP/1.1)
HTTP/1.1 200 OK
Content-Length: 14
Content-Type: application/json; charset=utf-8
cache-control: no-cache

10:12:44.503 [AsyncHttpClient-1-2] DEBUG org.asynchttpclient.netty.channel.ChannelManager - Adding key: http://localhost:30201 for channel [id: 0x65228fdc, L:/127.0.0.1:51660 - R:localhost/127.0.0.1:30201]
10:12:44.504 [Forwarding isElementEnabled on session 4f352952d1e043379a9f1bc4fe8d8ebb to remote] DEBUG org.asynchttpclient.netty.request.NettyRequestSender - Using pooled Channel '[id: 0x65228fdc, L:/127.0.0.1:51660 - R:localhost/127.0.0.1:30201]' for 'GET' to 'http://localhost:30201/session/4f352952d1e043379a9f1bc4fe8d8ebb/element/c8bbf5b8-d289-49da-966f-a723cc86e172/enabled'
10:12:44.504 [Forwarding isElementEnabled on session 4f352952d1e043379a9f1bc4fe8d8ebb to remote] DEBUG org.asynchttpclient.netty.request.NettyRequestSender - Using open Channel [id: 0x65228fdc, L:/127.0.0.1:51660 - R:localhost/127.0.0.1:30201] for GET '/session/4f352952d1e043379a9f1bc4fe8d8ebb/element/c8bbf5b8-d289-49da-966f-a723cc86e172/enabled'
10:12:44.508 [AsyncHttpClient-1-2] DEBUG org.asynchttpclient.netty.handler.HttpHandler - 

Request DefaultFullHttpRequest(decodeResult: success, version: HTTP/1.1, content: EmptyByteBufBE)
GET /session/4f352952d1e043379a9f1bc4fe8d8ebb/element/c8bbf5b8-d289-49da-966f-a723cc86e172/enabled HTTP/1.1
User-Agent: selenium/4.8.1 (java windows)
Cache-Control: no-cache
Content-Type: application/json; charset=utf-8
host: localhost:30201
accept: */*

Response DefaultHttpResponse(decodeResult: success, version: HTTP/1.1)
HTTP/1.1 200 OK
Content-Length: 14
Content-Type: application/json; charset=utf-8
cache-control: no-cache

10:12:44.508 [AsyncHttpClient-1-2] DEBUG org.asynchttpclient.netty.channel.ChannelManager - Adding key: http://localhost:30201 for channel [id: 0x65228fdc, L:/127.0.0.1:51660 - R:localhost/127.0.0.1:30201]
10:12:44.509 [Forwarding findElement on session 4f352952d1e043379a9f1bc4fe8d8ebb to remote] DEBUG org.asynchttpclient.netty.request.NettyRequestSender - Using pooled Channel '[id: 0x65228fdc, L:/127.0.0.1:51660 - R:localhost/127.0.0.1:30201]' for 'POST' to 'http://localhost:30201/session/4f352952d1e043379a9f1bc4fe8d8ebb/element'
10:12:44.509 [Forwarding findElement on session 4f352952d1e043379a9f1bc4fe8d8ebb to remote] DEBUG org.asynchttpclient.netty.request.NettyRequestSender - Using open Channel [id: 0x65228fdc, L:/127.0.0.1:51660 - R:localhost/127.0.0.1:30201] for POST '/session/4f352952d1e043379a9f1bc4fe8d8ebb/element'
10:12:44.515 [AsyncHttpClient-1-2] DEBUG org.asynchttpclient.netty.handler.HttpHandler - 

Request DefaultHttpRequest(decodeResult: success, version: HTTP/1.1)
POST /session/4f352952d1e043379a9f1bc4fe8d8ebb/element HTTP/1.1
User-Agent: selenium/4.8.1 (java windows)
Content-Length: 71
Content-Type: application/json; charset=utf-8
host: localhost:30201
accept: */*

Response DefaultHttpResponse(decodeResult: success, version: HTTP/1.1)
HTTP/1.1 200 OK
Content-Length: 88
Content-Type: application/json; charset=utf-8
cache-control: no-cache

10:12:44.515 [AsyncHttpClient-1-2] DEBUG org.asynchttpclient.netty.channel.ChannelManager - Adding key: http://localhost:30201 for channel [id: 0x65228fdc, L:/127.0.0.1:51660 - R:localhost/127.0.0.1:30201]
10:12:44.516 [Forwarding clickElement on session 4f352952d1e043379a9f1bc4fe8d8ebb to remote] DEBUG org.asynchttpclient.netty.request.NettyRequestSender - Using pooled Channel '[id: 0x65228fdc, L:/127.0.0.1:51660 - R:localhost/127.0.0.1:30201]' for 'POST' to 'http://localhost:30201/session/4f352952d1e043379a9f1bc4fe8d8ebb/element/c8bbf5b8-d289-49da-966f-a723cc86e172/click'
10:12:44.516 [Forwarding clickElement on session 4f352952d1e043379a9f1bc4fe8d8ebb to remote] DEBUG org.asynchttpclient.netty.request.NettyRequestSender - Using open Channel [id: 0x65228fdc, L:/127.0.0.1:51660 - R:localhost/127.0.0.1:30201] for POST '/session/4f352952d1e043379a9f1bc4fe8d8ebb/element/c8bbf5b8-d289-49da-966f-a723cc86e172/click'
10:12:44.551 [AsyncHttpClient-1-2] DEBUG org.asynchttpclient.netty.handler.HttpHandler - 

Request DefaultHttpRequest(decodeResult: success, version: HTTP/1.1)
POST /session/4f352952d1e043379a9f1bc4fe8d8ebb/element/c8bbf5b8-d289-49da-966f-a723cc86e172/click HTTP/1.1
User-Agent: selenium/4.8.1 (java windows)
Content-Length: 50
Content-Type: application/json; charset=utf-8
host: localhost:30201
accept: */*

Response DefaultHttpResponse(decodeResult: success, version: HTTP/1.1)
HTTP/1.1 200 OK
Content-Length: 14
Content-Type: application/json; charset=utf-8
cache-control: no-cache

10:12:44.551 [AsyncHttpClient-1-2] DEBUG org.asynchttpclient.netty.channel.ChannelManager - Adding key: http://localhost:30201 for channel [id: 0x65228fdc, L:/127.0.0.1:51660 - R:localhost/127.0.0.1:30201]
10:12:44.555 [Forwarding getAlertText on session 4f352952d1e043379a9f1bc4fe8d8ebb to remote] DEBUG org.asynchttpclient.netty.request.NettyRequestSender - Using pooled Channel '[id: 0x65228fdc, L:/127.0.0.1:51660 - R:localhost/127.0.0.1:30201]' for 'GET' to 'http://localhost:30201/session/4f352952d1e043379a9f1bc4fe8d8ebb/alert/text'
10:12:44.555 [Forwarding getAlertText on session 4f352952d1e043379a9f1bc4fe8d8ebb to remote] DEBUG org.asynchttpclient.netty.request.NettyRequestSender - Using open Channel [id: 0x65228fdc, L:/127.0.0.1:51660 - R:localhost/127.0.0.1:30201] for GET '/session/4f352952d1e043379a9f1bc4fe8d8ebb/alert/text'
10:12:44.556 [AsyncHttpClient-1-2] DEBUG org.asynchttpclient.netty.handler.HttpHandler - 

Request DefaultFullHttpRequest(decodeResult: success, version: HTTP/1.1, content: EmptyByteBufBE)
GET /session/4f352952d1e043379a9f1bc4fe8d8ebb/alert/text HTTP/1.1
User-Agent: selenium/4.8.1 (java windows)
Cache-Control: no-cache
Content-Type: application/json; charset=utf-8
host: localhost:30201
accept: */*

Response DefaultHttpResponse(decodeResult: success, version: HTTP/1.1)
HTTP/1.1 404 Not Found
Content-Length: 836
Content-Type: application/json; charset=utf-8
cache-control: no-cache

10:12:44.556 [AsyncHttpClient-1-2] DEBUG org.asynchttpclient.netty.channel.ChannelManager - Adding key: http://localhost:30201 for channel [id: 0x65228fdc, L:/127.0.0.1:51660 - R:localhost/127.0.0.1:30201]
10:12:44.557 [Forwarding getCurrentUrl on session 4f352952d1e043379a9f1bc4fe8d8ebb to remote] DEBUG org.asynchttpclient.netty.request.NettyRequestSender - Using pooled Channel '[id: 0x65228fdc, L:/127.0.0.1:51660 - R:localhost/127.0.0.1:30201]' for 'GET' to 'http://localhost:30201/session/4f352952d1e043379a9f1bc4fe8d8ebb/url'
10:12:44.557 [Forwarding getCurrentUrl on session 4f352952d1e043379a9f1bc4fe8d8ebb to remote] DEBUG org.asynchttpclient.netty.request.NettyRequestSender - Using open Channel [id: 0x65228fdc, L:/127.0.0.1:51660 - R:localhost/127.0.0.1:30201] for GET '/session/4f352952d1e043379a9f1bc4fe8d8ebb/url'
10:12:44.559 [AsyncHttpClient-1-2] DEBUG org.asynchttpclient.netty.handler.HttpHandler - 

Request DefaultFullHttpRequest(decodeResult: success, version: HTTP/1.1, content: EmptyByteBufBE)
GET /session/4f352952d1e043379a9f1bc4fe8d8ebb/url HTTP/1.1
User-Agent: selenium/4.8.1 (java windows)
Cache-Control: no-cache
Content-Type: application/json; charset=utf-8
host: localhost:30201
accept: */*

Response DefaultHttpResponse(decodeResult: success, version: HTTP/1.1)
HTTP/1.1 200 OK
Content-Length: 51
Content-Type: application/json; charset=utf-8
cache-control: no-cache

10:12:44.559 [AsyncHttpClient-1-2] DEBUG org.asynchttpclient.netty.channel.ChannelManager - Adding key: http://localhost:30201 for channel [id: 0x65228fdc, L:/127.0.0.1:51660 - R:localhost/127.0.0.1:30201]
10:12:44.559 [Forwarding screenshot on session 4f352952d1e043379a9f1bc4fe8d8ebb to remote] DEBUG org.asynchttpclient.netty.request.NettyRequestSender - Using pooled Channel '[id: 0x65228fdc, L:/127.0.0.1:51660 - R:localhost/127.0.0.1:30201]' for 'GET' to 'http://localhost:30201/session/4f352952d1e043379a9f1bc4fe8d8ebb/screenshot'
10:12:44.559 [Forwarding screenshot on session 4f352952d1e043379a9f1bc4fe8d8ebb to remote] DEBUG org.asynchttpclient.netty.request.NettyRequestSender - Using open Channel [id: 0x65228fdc, L:/127.0.0.1:51660 - R:localhost/127.0.0.1:30201] for GET '/session/4f352952d1e043379a9f1bc4fe8d8ebb/screenshot'
10:12:44.673 [AsyncHttpClient-1-2] DEBUG org.asynchttpclient.netty.handler.HttpHandler - 

Request DefaultFullHttpRequest(decodeResult: success, version: HTTP/1.1, content: EmptyByteBufBE)
GET /session/4f352952d1e043379a9f1bc4fe8d8ebb/screenshot HTTP/1.1
User-Agent: selenium/4.8.1 (java windows)
Cache-Control: no-cache
Content-Type: application/json; charset=utf-8
host: localhost:30201
accept: */*

Response DefaultHttpResponse(decodeResult: success, version: HTTP/1.1)
HTTP/1.1 200 OK
Content-Length: 35836
Content-Type: application/json; charset=utf-8
cache-control: no-cache

10:12:44.674 [AsyncHttpClient-1-2] DEBUG org.asynchttpclient.netty.channel.ChannelManager - Adding key: http://localhost:30201 for channel [id: 0x65228fdc, L:/127.0.0.1:51660 - R:localhost/127.0.0.1:30201]
10:12:44.675 [main] DEBUG net.serenitybdd.core.photography.Darkroom - Send negative for processing for target\site\serenity\1a45e5dc9392ac9d673a773d2b99acbc56c26665c9edbef3dce3c1c3a4beb30f.png
10:12:44.675 [main] DEBUG net.thucydides.core.steps.StepInterceptor - STEP DONE: clickLoginButton
  &amp#27;[32mWhen &amp#27;[0m&amp#27;[32mI click on the login button&amp#27;[0m       &amp#27;[90m# starter.stepdefinitions.LoginSteps.clickLoginButton()&amp#27;[0m
10:12:44.675 [Darkroom Processing Line] DEBUG net.serenitybdd.core.photography.DarkroomProcessingLine - Processing screenshot image in /var/screenshots/screenshot-5869928276165673187
10:12:44.675 [Darkroom Processing Line] DEBUG net.serenitybdd.core.photography.DarkroomProcessingLine - Saving screenshot to target\site\serenity\1a45e5dc9392ac9d673a773d2b99acbc56c26665c9edbef3dce3c1c3a4beb30f.png
10:12:44.681 [Forwarding getPageSource on session 4f352952d1e043379a9f1bc4fe8d8ebb to remote] DEBUG org.asynchttpclient.netty.request.NettyRequestSender - Using pooled Channel '[id: 0x65228fdc, L:/127.0.0.1:51660 - R:localhost/127.0.0.1:30201]' for 'POST' to 'http://localhost:30201/session/4f352952d1e043379a9f1bc4fe8d8ebb/execute/sync'
10:12:44.681 [Forwarding getPageSource on session 4f352952d1e043379a9f1bc4fe8d8ebb to remote] DEBUG org.asynchttpclient.netty.request.NettyRequestSender - Using open Channel [id: 0x65228fdc, L:/127.0.0.1:51660 - R:localhost/127.0.0.1:30201] for POST '/session/4f352952d1e043379a9f1bc4fe8d8ebb/execute/sync'
10:12:44.685 [AsyncHttpClient-1-2] DEBUG org.asynchttpclient.netty.handler.HttpHandler - 

Request DefaultHttpRequest(decodeResult: success, version: HTTP/1.1)
POST /session/4f352952d1e043379a9f1bc4fe8d8ebb/execute/sync HTTP/1.1
User-Agent: selenium/4.8.1 (java windows)
Content-Length: 176
Content-Type: application/json; charset=utf-8
host: localhost:30201
accept: */*

Response DefaultHttpResponse(decodeResult: success, version: HTTP/1.1)
HTTP/1.1 200 OK
Content-Length: 22119
Content-Type: application/json; charset=utf-8
cache-control: no-cache

10:12:44.685 [AsyncHttpClient-1-2] DEBUG org.asynchttpclient.netty.channel.ChannelManager - Adding key: http://localhost:30201 for channel [id: 0x65228fdc, L:/127.0.0.1:51660 - R:localhost/127.0.0.1:30201]
10:12:44.686 [Forwarding getCurrentUrl on session 4f352952d1e043379a9f1bc4fe8d8ebb to remote] DEBUG org.asynchttpclient.netty.request.NettyRequestSender - Using pooled Channel '[id: 0x65228fdc, L:/127.0.0.1:51660 - R:localhost/127.0.0.1:30201]' for 'GET' to 'http://localhost:30201/session/4f352952d1e043379a9f1bc4fe8d8ebb/url'
10:12:44.686 [Forwarding getCurrentUrl on session 4f352952d1e043379a9f1bc4fe8d8ebb to remote] DEBUG org.asynchttpclient.netty.request.NettyRequestSender - Using open Channel [id: 0x65228fdc, L:/127.0.0.1:51660 - R:localhost/127.0.0.1:30201] for GET '/session/4f352952d1e043379a9f1bc4fe8d8ebb/url'
10:12:44.690 [AsyncHttpClient-1-2] DEBUG org.asynchttpclient.netty.handler.HttpHandler - 

Request DefaultFullHttpRequest(decodeResult: success, version: HTTP/1.1, content: EmptyByteBufBE)
GET /session/4f352952d1e043379a9f1bc4fe8d8ebb/url HTTP/1.1
User-Agent: selenium/4.8.1 (java windows)
Cache-Control: no-cache
Content-Type: application/json; charset=utf-8
host: localhost:30201
accept: */*

Response DefaultHttpResponse(decodeResult: success, version: HTTP/1.1)
HTTP/1.1 200 OK
Content-Length: 51
Content-Type: application/json; charset=utf-8
cache-control: no-cache

10:12:44.690 [AsyncHttpClient-1-2] DEBUG org.asynchttpclient.netty.channel.ChannelManager - Adding key: http://localhost:30201 for channel [id: 0x65228fdc, L:/127.0.0.1:51660 - R:localhost/127.0.0.1:30201]
10:12:44.695 [AsyncHttpClient-1-1] DEBUG org.asynchttpclient.netty.channel.DefaultChannelPool - Entry count for : http://localhost:51661 : 1
10:12:44.695 [AsyncHttpClient-1-1] DEBUG org.asynchttpclient.netty.channel.DefaultChannelPool - Entry count for : http://localhost:30201 : 1
10:12:44.695 [Forwarding getPageSource on session 4f352952d1e043379a9f1bc4fe8d8ebb to remote] DEBUG org.asynchttpclient.netty.request.NettyRequestSender - Using pooled Channel '[id: 0x65228fdc, L:/127.0.0.1:51660 - R:localhost/127.0.0.1:30201]' for 'POST' to 'http://localhost:30201/session/4f352952d1e043379a9f1bc4fe8d8ebb/execute/sync'
10:12:44.695 [Forwarding getPageSource on session 4f352952d1e043379a9f1bc4fe8d8ebb to remote] DEBUG org.asynchttpclient.netty.request.NettyRequestSender - Using open Channel [id: 0x65228fdc, L:/127.0.0.1:51660 - R:localhost/127.0.0.1:30201] for POST '/session/4f352952d1e043379a9f1bc4fe8d8ebb/execute/sync'
10:12:44.699 [AsyncHttpClient-1-2] DEBUG org.asynchttpclient.netty.handler.HttpHandler - 

Request DefaultHttpRequest(decodeResult: success, version: HTTP/1.1)
POST /session/4f352952d1e043379a9f1bc4fe8d8ebb/execute/sync HTTP/1.1
User-Agent: selenium/4.8.1 (java windows)
Content-Length: 176
Content-Type: application/json; charset=utf-8
host: localhost:30201
accept: */*

Response DefaultHttpResponse(decodeResult: success, version: HTTP/1.1)
HTTP/1.1 200 OK
Content-Length: 22119
Content-Type: application/json; charset=utf-8
cache-control: no-cache

10:12:44.699 [AsyncHttpClient-1-2] DEBUG org.asynchttpclient.netty.channel.ChannelManager - Adding key: http://localhost:30201 for channel [id: 0x65228fdc, L:/127.0.0.1:51660 - R:localhost/127.0.0.1:30201]
10:12:44.700 [Forwarding getCurrentUrl on session 4f352952d1e043379a9f1bc4fe8d8ebb to remote] DEBUG org.asynchttpclient.netty.request.NettyRequestSender - Using pooled Channel '[id: 0x65228fdc, L:/127.0.0.1:51660 - R:localhost/127.0.0.1:30201]' for 'GET' to 'http://localhost:30201/session/4f352952d1e043379a9f1bc4fe8d8ebb/url'
10:12:44.700 [Forwarding getCurrentUrl on session 4f352952d1e043379a9f1bc4fe8d8ebb to remote] DEBUG org.asynchttpclient.netty.request.NettyRequestSender - Using open Channel [id: 0x65228fdc, L:/127.0.0.1:51660 - R:localhost/127.0.0.1:30201] for GET '/session/4f352952d1e043379a9f1bc4fe8d8ebb/url'
10:12:44.703 [AsyncHttpClient-1-2] DEBUG org.asynchttpclient.netty.handler.HttpHandler - 

Request DefaultFullHttpRequest(decodeResult: success, version: HTTP/1.1, content: EmptyByteBufBE)
GET /session/4f352952d1e043379a9f1bc4fe8d8ebb/url HTTP/1.1
User-Agent: selenium/4.8.1 (java windows)
Cache-Control: no-cache
Content-Type: application/json; charset=utf-8
host: localhost:30201
accept: */*

Response DefaultHttpResponse(decodeResult: success, version: HTTP/1.1)
HTTP/1.1 200 OK
Content-Length: 51
Content-Type: application/json; charset=utf-8
cache-control: no-cache

10:12:44.703 [AsyncHttpClient-1-2] DEBUG org.asynchttpclient.netty.channel.ChannelManager - Adding key: http://localhost:30201 for channel [id: 0x65228fdc, L:/127.0.0.1:51660 - R:localhost/127.0.0.1:30201]
10:12:44.704 [main] DEBUG net.thucydides.core.steps.StepInterceptor - STARTING STEP: LoginSteps.alertContent - incorrectAlert
10:12:44.706 [Forwarding findElement on session 4f352952d1e043379a9f1bc4fe8d8ebb to remote] DEBUG org.asynchttpclient.netty.request.NettyRequestSender - Using pooled Channel '[id: 0x65228fdc, L:/127.0.0.1:51660 - R:localhost/127.0.0.1:30201]' for 'POST' to 'http://localhost:30201/session/4f352952d1e043379a9f1bc4fe8d8ebb/element'
10:12:44.706 [Forwarding findElement on session 4f352952d1e043379a9f1bc4fe8d8ebb to remote] DEBUG org.asynchttpclient.netty.request.NettyRequestSender - Using open Channel [id: 0x65228fdc, L:/127.0.0.1:51660 - R:localhost/127.0.0.1:30201] for POST '/session/4f352952d1e043379a9f1bc4fe8d8ebb/element'
10:12:44.771 [AsyncHttpClient-1-2] DEBUG org.asynchttpclient.netty.handler.HttpHandler - 

Request DefaultHttpRequest(decodeResult: success, version: HTTP/1.1)
POST /session/4f352952d1e043379a9f1bc4fe8d8ebb/element HTTP/1.1
User-Agent: selenium/4.8.1 (java windows)
Content-Length: 54
Content-Type: application/json; charset=utf-8
host: localhost:30201
accept: */*

Response DefaultHttpResponse(decodeResult: success, version: HTTP/1.1)
HTTP/1.1 200 OK
Content-Length: 88
Content-Type: application/json; charset=utf-8
cache-control: no-cache

10:12:44.772 [AsyncHttpClient-1-2] DEBUG org.asynchttpclient.netty.channel.ChannelManager - Adding key: http://localhost:30201 for channel [id: 0x65228fdc, L:/127.0.0.1:51660 - R:localhost/127.0.0.1:30201]
10:12:44.774 [Forwarding isElementDisplayed on session 4f352952d1e043379a9f1bc4fe8d8ebb to remote] DEBUG org.asynchttpclient.netty.request.NettyRequestSender - Using pooled Channel '[id: 0x65228fdc, L:/127.0.0.1:51660 - R:localhost/127.0.0.1:30201]' for 'POST' to 'http://localhost:30201/session/4f352952d1e043379a9f1bc4fe8d8ebb/execute/sync'
10:12:44.774 [Forwarding isElementDisplayed on session 4f352952d1e043379a9f1bc4fe8d8ebb to remote] DEBUG org.asynchttpclient.netty.request.NettyRequestSender - Using open Channel [id: 0x65228fdc, L:/127.0.0.1:51660 - R:localhost/127.0.0.1:30201] for POST '/session/4f352952d1e043379a9f1bc4fe8d8ebb/execute/sync'
10:12:44.785 [AsyncHttpClient-1-2] DEBUG org.asynchttpclient.netty.handler.HttpHandler - 

Request DefaultHttpRequest(decodeResult: success, version: HTTP/1.1)
POST /session/4f352952d1e043379a9f1bc4fe8d8ebb/execute/sync HTTP/1.1
User-Agent: selenium/4.8.1 (java windows)
Content-Length: 48807
Content-Type: application/json; charset=utf-8
host: localhost:30201
accept: */*

Response DefaultHttpResponse(decodeResult: success, version: HTTP/1.1)
HTTP/1.1 200 OK
Content-Length: 14
Content-Type: application/json; charset=utf-8
cache-control: no-cache

10:12:44.785 [AsyncHttpClient-1-2] DEBUG org.asynchttpclient.netty.channel.ChannelManager - Adding key: http://localhost:30201 for channel [id: 0x65228fdc, L:/127.0.0.1:51660 - R:localhost/127.0.0.1:30201]
10:12:44.789 [Forwarding getAlertText on session 4f352952d1e043379a9f1bc4fe8d8ebb to remote] DEBUG org.asynchttpclient.netty.request.NettyRequestSender - Using pooled Channel '[id: 0x65228fdc, L:/127.0.0.1:51660 - R:localhost/127.0.0.1:30201]' for 'GET' to 'http://localhost:30201/session/4f352952d1e043379a9f1bc4fe8d8ebb/alert/text'
10:12:44.789 [Forwarding getAlertText on session 4f352952d1e043379a9f1bc4fe8d8ebb to remote] DEBUG org.asynchttpclient.netty.request.NettyRequestSender - Using open Channel [id: 0x65228fdc, L:/127.0.0.1:51660 - R:localhost/127.0.0.1:30201] for GET '/session/4f352952d1e043379a9f1bc4fe8d8ebb/alert/text'
10:12:44.790 [AsyncHttpClient-1-2] DEBUG org.asynchttpclient.netty.handler.HttpHandler - 

Request DefaultFullHttpRequest(decodeResult: success, version: HTTP/1.1, content: EmptyByteBufBE)
GET /session/4f352952d1e043379a9f1bc4fe8d8ebb/alert/text HTTP/1.1
User-Agent: selenium/4.8.1 (java windows)
Cache-Control: no-cache
Content-Type: application/json; charset=utf-8
host: localhost:30201
accept: */*

Response DefaultHttpResponse(decodeResult: success, version: HTTP/1.1)
HTTP/1.1 404 Not Found
Content-Length: 836
Content-Type: application/json; charset=utf-8
cache-control: no-cache

10:12:44.790 [AsyncHttpClient-1-2] DEBUG org.asynchttpclient.netty.channel.ChannelManager - Adding key: http://localhost:30201 for channel [id: 0x65228fdc, L:/127.0.0.1:51660 - R:localhost/127.0.0.1:30201]
10:12:44.791 [Forwarding getCurrentUrl on session 4f352952d1e043379a9f1bc4fe8d8ebb to remote] DEBUG org.asynchttpclient.netty.request.NettyRequestSender - Using pooled Channel '[id: 0x65228fdc, L:/127.0.0.1:51660 - R:localhost/127.0.0.1:30201]' for 'GET' to 'http://localhost:30201/session/4f352952d1e043379a9f1bc4fe8d8ebb/url'
10:12:44.791 [Forwarding getCurrentUrl on session 4f352952d1e043379a9f1bc4fe8d8ebb to remote] DEBUG org.asynchttpclient.netty.request.NettyRequestSender - Using open Channel [id: 0x65228fdc, L:/127.0.0.1:51660 - R:localhost/127.0.0.1:30201] for GET '/session/4f352952d1e043379a9f1bc4fe8d8ebb/url'
10:12:44.808 [AsyncHttpClient-1-2] DEBUG org.asynchttpclient.netty.handler.HttpHandler - 

Request DefaultFullHttpRequest(decodeResult: success, version: HTTP/1.1, content: EmptyByteBufBE)
GET /session/4f352952d1e043379a9f1bc4fe8d8ebb/url HTTP/1.1
User-Agent: selenium/4.8.1 (java windows)
Cache-Control: no-cache
Content-Type: application/json; charset=utf-8
host: localhost:30201
accept: */*

Response DefaultHttpResponse(decodeResult: success, version: HTTP/1.1)
HTTP/1.1 200 OK
Content-Length: 51
Content-Type: application/json; charset=utf-8
cache-control: no-cache

10:12:44.808 [AsyncHttpClient-1-2] DEBUG org.asynchttpclient.netty.channel.ChannelManager - Adding key: http://localhost:30201 for channel [id: 0x65228fdc, L:/127.0.0.1:51660 - R:localhost/127.0.0.1:30201]
10:12:44.808 [Forwarding screenshot on session 4f352952d1e043379a9f1bc4fe8d8ebb to remote] DEBUG org.asynchttpclient.netty.request.NettyRequestSender - Using pooled Channel '[id: 0x65228fdc, L:/127.0.0.1:51660 - R:localhost/127.0.0.1:30201]' for 'GET' to 'http://localhost:30201/session/4f352952d1e043379a9f1bc4fe8d8ebb/screenshot'
10:12:44.809 [Forwarding screenshot on session 4f352952d1e043379a9f1bc4fe8d8ebb to remote] DEBUG org.asynchttpclient.netty.request.NettyRequestSender - Using open Channel [id: 0x65228fdc, L:/127.0.0.1:51660 - R:localhost/127.0.0.1:30201] for GET '/session/4f352952d1e043379a9f1bc4fe8d8ebb/screenshot'
10:12:44.927 [AsyncHttpClient-1-2] DEBUG org.asynchttpclient.netty.handler.HttpHandler - 

Request DefaultFullHttpRequest(decodeResult: success, version: HTTP/1.1, content: EmptyByteBufBE)
GET /session/4f352952d1e043379a9f1bc4fe8d8ebb/screenshot HTTP/1.1
User-Agent: selenium/4.8.1 (java windows)
Cache-Control: no-cache
Content-Type: application/json; charset=utf-8
host: localhost:30201
accept: */*

Response DefaultHttpResponse(decodeResult: success, version: HTTP/1.1)
HTTP/1.1 200 OK
Content-Length: 40272
Content-Type: application/json; charset=utf-8
cache-control: no-cache

10:12:44.927 [AsyncHttpClient-1-2] DEBUG org.asynchttpclient.netty.channel.ChannelManager - Adding key: http://localhost:30201 for channel [id: 0x65228fdc, L:/127.0.0.1:51660 - R:localhost/127.0.0.1:30201]
10:12:44.929 [main] DEBUG net.serenitybdd.core.photography.Darkroom - Send negative for processing for target\site\serenity\8be2143e8d20104eee428187173337048279df70f4e3cc93ae0808e25b95d95f.png
10:12:44.929 [main] DEBUG net.thucydides.core.steps.StepInterceptor - STEP DONE: incorrectAlert
10:12:44.929 [Darkroom Processing Line] DEBUG net.serenitybdd.core.photography.DarkroomProcessingLine - Processing screenshot image in /var/screenshots/screenshot-12700007557637397392
  &amp#27;[32mThen &amp#27;[0m&amp#27;[32mI should see the error message&amp#27;[0m    &amp#27;[90m# starter.stepdefinitions.LoginSteps.alertContent()&amp#27;[0m
10:12:44.929 [Darkroom Processing Line] DEBUG net.serenitybdd.core.photography.DarkroomProcessingLine - Saving screenshot to target\site\serenity\8be2143e8d20104eee428187173337048279df70f4e3cc93ae0808e25b95d95f.png
10:12:44.932 [main] INFO  - 
  _____   ___   ___   _____     ___     _     ___   ___   ___   ___  
 |_   _| | __| / __| |_   _|   | _ \   /_\   / __| / __| | __| |   \ 
   | |   | _|  \__ \   | |     |  _/  / _ \  \__ \ \__ \ | _|  | |) |
   |_|   |___| |___/   |_|     |_|   /_/ \_\ |___/ |___/ |___| |___/ 

Login with invalid email
----------------------------------------------------------------------
10:12:44.933 [AsyncHttpClient-1-4] DEBUG org.asynchttpclient.netty.handler.WebSocketHandler - Channel Closed: [id: 0x8ea98380, L:/127.0.0.1:51668 ! R:localhost/127.0.0.1:51661] with attribute NettyResponseFuture{currentRetry=0,
	isDone=1,
	isCancelled=0,
	asyncHandler=org.asynchttpclient.ws.WebSocketUpgradeHandler@69cc45ae,
	nettyRequest=org.asynchttpclient.netty.request.NettyRequest@4554173f,
	future=java.util.concurrent.CompletableFuture@23e56dfd[Completed normally],
	uri=ws://localhost:51661/devtools/browser/9c1b8295-02bd-41d8-a236-11135019d9f7,
	keepAlive=true,
	redirectCount=0,
	timeoutsHolder=null,
	inAuth=0,
	touch=1683429162900}
10:12:44.933 [AsyncHttpClient-1-4] DEBUG org.asynchttpclient.netty.channel.ChannelManager - Closing Channel [id: 0x8ea98380, L:/127.0.0.1:51668 ! R:localhost/127.0.0.1:51661] 
10:12:44.933 [Driver Command Executor] DEBUG org.asynchttpclient.netty.request.NettyRequestSender - Using pooled Channel '[id: 0x65228fdc, L:/127.0.0.1:51660 - R:localhost/127.0.0.1:30201]' for 'DELETE' to 'http://localhost:30201/session/4f352952d1e043379a9f1bc4fe8d8ebb'
10:12:44.933 [Driver Command Executor] DEBUG org.asynchttpclient.netty.request.NettyRequestSender - Using open Channel [id: 0x65228fdc, L:/127.0.0.1:51660 - R:localhost/127.0.0.1:30201] for DELETE '/session/4f352952d1e043379a9f1bc4fe8d8ebb'
10:12:45.049 [AsyncHttpClient-1-3] DEBUG org.asynchttpclient.netty.handler.HttpHandler - Unexpected I/O exception on channel [id: 0x32d6bce5, L:/127.0.0.1:51667 - R:localhost/127.0.0.1:51661]
java.io.IOException: An existing connection was forcibly closed by the remote host
	at java.base/sun.nio.ch.SocketDispatcher.read0(Native Method)
	at java.base/sun.nio.ch.SocketDispatcher.read(SocketDispatcher.java:43)
	at java.base/sun.nio.ch.IOUtil.readIntoNativeBuffer(IOUtil.java:276)
	at java.base/sun.nio.ch.IOUtil.read(IOUtil.java:233)
	at java.base/sun.nio.ch.IOUtil.read(IOUtil.java:223)
	at java.base/sun.nio.ch.SocketChannelImpl.read(SocketChannelImpl.java:358)
	at io.netty.buffer.PooledByteBuf.setBytes(PooledByteBuf.java:259)
	at io.netty.buffer.AbstractByteBuf.writeBytes(AbstractByteBuf.java:1132)
	at io.netty.channel.socket.nio.NioSocketChannel.doReadBytes(NioSocketChannel.java:357)
	at io.netty.channel.nio.AbstractNioByteChannel$NioByteUnsafe.read(AbstractNioByteChannel.java:151)
	at io.netty.channel.nio.NioEventLoop.processSelectedKey(NioEventLoop.java:788)
	at io.netty.channel.nio.NioEventLoop.processSelectedKeysOptimized(NioEventLoop.java:724)
	at io.netty.channel.nio.NioEventLoop.processSelectedKeys(NioEventLoop.java:650)
	at io.netty.channel.nio.NioEventLoop.run(NioEventLoop.java:562)
	at io.netty.util.concurrent.SingleThreadEventExecutor$4.run(SingleThreadEventExecutor.java:997)
	at io.netty.util.internal.ThreadExecutorMap$2.run(ThreadExecutorMap.java:74)
	at io.netty.util.concurrent.FastThreadLocalRunnable.run(FastThreadLocalRunnable.java:30)
	at java.base/java.lang.Thread.run(Thread.java:834)
10:12:45.049 [AsyncHttpClient-1-3] DEBUG org.asynchttpclient.netty.channel.ChannelManager - Closing Channel [id: 0x32d6bce5, L:/127.0.0.1:51667 - R:localhost/127.0.0.1:51661] 
10:12:45.049 [AsyncHttpClient-1-3] DEBUG org.asynchttpclient.netty.handler.HttpHandler - Channel Closed: [id: 0x32d6bce5, L:/127.0.0.1:51667 ! R:localhost/127.0.0.1:51661] with attribute DISCARD
10:12:45.058 [AsyncHttpClient-1-2] DEBUG org.asynchttpclient.netty.handler.HttpHandler - 

Request DefaultFullHttpRequest(decodeResult: success, version: HTTP/1.1, content: EmptyByteBufBE)
DELETE /session/4f352952d1e043379a9f1bc4fe8d8ebb HTTP/1.1
User-Agent: selenium/4.8.1 (java windows)
Content-Type: application/json; charset=utf-8
host: localhost:30201
accept: */*

Response DefaultHttpResponse(decodeResult: success, version: HTTP/1.1)
HTTP/1.1 200 OK
Content-Length: 14
Content-Type: application/json; charset=utf-8
cache-control: no-cache

10:12:45.058 [AsyncHttpClient-1-2] DEBUG org.asynchttpclient.netty.channel.ChannelManager - Adding key: http://localhost:30201 for channel [id: 0x65228fdc, L:/127.0.0.1:51660 - R:localhost/127.0.0.1:30201]
10:12:45.083 [AsyncHttpClient-1-2] DEBUG org.asynchttpclient.netty.handler.HttpHandler - Channel Closed: [id: 0x65228fdc, L:/127.0.0.1:51660 ! R:localhost/127.0.0.1:30201] with attribute DISCARD
]]></system-out>
    <system-err><![CDATA[Starting ChromeDriver 111.0.5563.64 (c710e93d5b63b7095afe8c2c17df34408078439d-refs/branch-heads/5563@{#995}) on port 30201
Only local connections are allowed.
Please see https://chromedriver.chromium.org/security-considerations for suggestions on keeping ChromeDriver safe.
ChromeDriver was started successfully.
May 07, 2023 10:12:42 AM org.openqa.selenium.devtools.CdpVersionFinder findNearestMatch
WARNING: Unable to find an exact match for CDP version 111, so returning the closest version found: 110
]]></system-err>
  </testcase>
  <testcase name="Login without input any fields" classname="Login to Alta-shop Account" time="4.085">
    <system-out><![CDATA[
Scenario: Login without input any fields &amp#27;[90m# src/test/resources/features/2. Login.feature:35&amp#27;[0m
10:12:45.604 [main] DEBUG io.cucumber.core.plugin.SerenityReporter - Running feature from file:///D:/WebMinpro/code/minpro/src/test/resources/features/2.%20Login.feature
10:12:45.605 [main] INFO  - 
  _____   ___   ___   _____     ___   _____     _     ___   _____   ___   ___  
 |_   _| | __| / __| |_   _|   / __| |_   _|   /_\   | _ \ |_   _| | __| |   \ 
   | |   | _|  \__ \   | |     \__ \   | |    / _ \  |   /   | |   | _|  | |) |
   |_|   |___| |___/   |_|     |___/   |_|   /_/ \_\ |_|_\   |_|   |___| |___/ 

Login without input any fields(login-to-alta-shop-account;login-without-input-any-fields)
--------------------------------------------------------------------------------
10:12:45.615 [main] DEBUG net.thucydides.core.steps.StepInterceptor - STARTING STEP: LoginSteps.onTheLoginPage - openPage
10:12:45.761 [main] INFO net.serenitybdd.core.webdriver.driverproviders.ChromeDriverProvider - Starting Chrome driver instance with capabilities:
10:12:45.761 [main] INFO net.serenitybdd.core.webdriver.driverproviders.ChromeDriverProvider - Capabilities {acceptInsecureCerts: false, browserName: chrome, goog:chromeOptions: {args: [remote-allow-origins=*], extensions: []}}
10:12:45.794 [AsyncHttpClient-1-1] DEBUG org.asynchttpclient.netty.channel.DefaultChannelPool - Entry count for : http://localhost:51661 : 1
10:12:45.794 [AsyncHttpClient-1-1] DEBUG org.asynchttpclient.netty.channel.DefaultChannelPool - Entry count for : http://localhost:30201 : 1
10:12:45.794 [AsyncHttpClient-1-1] DEBUG org.asynchttpclient.netty.channel.DefaultChannelPool - Adding Candidate expired Channel [id: 0x32d6bce5, L:/127.0.0.1:51667 ! R:localhost/127.0.0.1:51661] isIdleTimeoutExpired=false isRemotelyClosed=true isTtlExpired=false
10:12:45.794 [AsyncHttpClient-1-1] DEBUG org.asynchttpclient.netty.channel.DefaultChannelPool - Closing Idle Channel [id: 0x32d6bce5, L:/127.0.0.1:51667 ! R:localhost/127.0.0.1:51661]
10:12:45.794 [AsyncHttpClient-1-1] DEBUG org.asynchttpclient.netty.channel.DefaultChannelPool - Adding Candidate expired Channel [id: 0x65228fdc, L:/127.0.0.1:51660 ! R:localhost/127.0.0.1:30201] isIdleTimeoutExpired=false isRemotelyClosed=true isTtlExpired=false
10:12:45.794 [AsyncHttpClient-1-1] DEBUG org.asynchttpclient.netty.channel.DefaultChannelPool - Closing Idle Channel [id: 0x65228fdc, L:/127.0.0.1:51660 ! R:localhost/127.0.0.1:30201]
10:12:45.794 [AsyncHttpClient-1-1] DEBUG org.asynchttpclient.netty.channel.DefaultChannelPool - Closed 2 connections out of 2 in 0 ms
10:12:45.838 [AsyncHttpClient-1-5] DEBUG org.asynchttpclient.netty.channel.NettyConnectListener - Using new Channel '[id: 0x27b94a63, L:/127.0.0.1:51687 - R:localhost/127.0.0.1:34717]' for 'POST' to '/session'
10:12:46.546 [AsyncHttpClient-1-5] DEBUG org.asynchttpclient.netty.handler.HttpHandler - 

Request DefaultHttpRequest(decodeResult: success, version: HTTP/1.1)
POST /session HTTP/1.1
User-Agent: selenium/4.8.1 (java windows)
Content-Length: 507
Content-Type: application/json; charset=utf-8
host: localhost:34717
accept: */*

Response DefaultHttpResponse(decodeResult: success, version: HTTP/1.1)
HTTP/1.1 200 OK
Content-Length: 859
Content-Type: application/json; charset=utf-8
cache-control: no-cache

10:12:46.546 [AsyncHttpClient-1-5] DEBUG org.asynchttpclient.netty.channel.ChannelManager - Adding key: http://localhost:34717 for channel [id: 0x27b94a63, L:/127.0.0.1:51687 - R:localhost/127.0.0.1:34717]
10:12:46.552 [AsyncHttpClient-1-6] DEBUG org.asynchttpclient.netty.channel.NettyConnectListener - Using new Channel '[id: 0xe17692aa, L:/127.0.0.1:51694 - R:localhost/127.0.0.1:51688]' for 'GET' to '/json/version'
10:12:46.553 [AsyncHttpClient-1-6] DEBUG org.asynchttpclient.netty.handler.HttpHandler - 

Request DefaultFullHttpRequest(decodeResult: success, version: HTTP/1.1, content: EmptyByteBufBE)
GET /json/version HTTP/1.1
User-Agent: selenium/4.8.1 (java windows)
host: localhost:51688
accept: */*

Response DefaultHttpResponse(decodeResult: success, version: HTTP/1.1)
HTTP/1.1 200 OK
Content-Security-Policy: frame-ancestors 'none'
Content-Length: 424
Content-Type: application/json; charset=UTF-8

10:12:46.553 [AsyncHttpClient-1-6] DEBUG org.asynchttpclient.netty.channel.ChannelManager - Adding key: http://localhost:51688 for channel [id: 0xe17692aa, L:/127.0.0.1:51694 - R:localhost/127.0.0.1:51688]
10:12:46.554 [AsyncHttpClient-1-7] DEBUG org.asynchttpclient.netty.channel.NettyConnectListener - Using new Channel '[id: 0x56cbed2c, L:/127.0.0.1:51695 - R:localhost/127.0.0.1:51688]' for 'GET' to '/devtools/browser/f04cbbeb-df26-4153-b088-a5df8e843098'
10:12:46.555 [AsyncHttpClient-1-7] DEBUG org.asynchttpclient.netty.handler.WebSocketHandler - 

Request DefaultFullHttpRequest(decodeResult: success, version: HTTP/1.1, content: EmptyByteBufBE)
GET /devtools/browser/f04cbbeb-df26-4153-b088-a5df8e843098 HTTP/1.1
upgrade: websocket
connection: upgrade
sec-websocket-key: NYnCqaLy23Yjdvale0nFRQ==
sec-websocket-version: 13
origin: http://localhost:51688
host: localhost:51688
accept: */*
user-agent: AHC/2.1

Response DefaultHttpResponse(decodeResult: success, version: HTTP/1.1)
HTTP/1.1 101 WebSocket Protocol Handshake
Upgrade: WebSocket
Connection: Upgrade
Sec-WebSocket-Accept: 8xYEMsmb4T+n1m+3ZHymegnQ+oI=

10:12:46.558 [Forwarding get on session 0a4a3e2c70dfe092decae4645ca428dd to remote] DEBUG org.asynchttpclient.netty.request.NettyRequestSender - Using pooled Channel '[id: 0x27b94a63, L:/127.0.0.1:51687 - R:localhost/127.0.0.1:34717]' for 'POST' to 'http://localhost:34717/session/0a4a3e2c70dfe092decae4645ca428dd/url'
10:12:46.558 [Forwarding get on session 0a4a3e2c70dfe092decae4645ca428dd to remote] DEBUG org.asynchttpclient.netty.request.NettyRequestSender - Using open Channel [id: 0x27b94a63, L:/127.0.0.1:51687 - R:localhost/127.0.0.1:34717] for POST '/session/0a4a3e2c70dfe092decae4645ca428dd/url'
10:12:46.896 [AsyncHttpClient-1-1] DEBUG org.asynchttpclient.netty.channel.DefaultChannelPool - Entry count for : http://localhost:51688 : 1
10:12:47.998 [AsyncHttpClient-1-1] DEBUG org.asynchttpclient.netty.channel.DefaultChannelPool - Entry count for : http://localhost:51688 : 1
10:12:48.009 [AsyncHttpClient-1-5] DEBUG org.asynchttpclient.netty.handler.HttpHandler - 

Request DefaultHttpRequest(decodeResult: success, version: HTTP/1.1)
POST /session/0a4a3e2c70dfe092decae4645ca428dd/url HTTP/1.1
User-Agent: selenium/4.8.1 (java windows)
Content-Length: 74
Content-Type: application/json; charset=utf-8
host: localhost:34717
accept: */*

Response DefaultHttpResponse(decodeResult: success, version: HTTP/1.1)
HTTP/1.1 200 OK
Content-Length: 14
Content-Type: application/json; charset=utf-8
cache-control: no-cache

10:12:48.009 [AsyncHttpClient-1-5] DEBUG org.asynchttpclient.netty.channel.ChannelManager - Adding key: http://localhost:34717 for channel [id: 0x27b94a63, L:/127.0.0.1:51687 - R:localhost/127.0.0.1:34717]
10:12:48.010 [Forwarding setTimeout on session 0a4a3e2c70dfe092decae4645ca428dd to remote] DEBUG org.asynchttpclient.netty.request.NettyRequestSender - Using pooled Channel '[id: 0x27b94a63, L:/127.0.0.1:51687 - R:localhost/127.0.0.1:34717]' for 'POST' to 'http://localhost:34717/session/0a4a3e2c70dfe092decae4645ca428dd/timeouts'
10:12:48.010 [Forwarding setTimeout on session 0a4a3e2c70dfe092decae4645ca428dd to remote] DEBUG org.asynchttpclient.netty.request.NettyRequestSender - Using open Channel [id: 0x27b94a63, L:/127.0.0.1:51687 - R:localhost/127.0.0.1:34717] for POST '/session/0a4a3e2c70dfe092decae4645ca428dd/timeouts'
10:12:48.011 [AsyncHttpClient-1-5] DEBUG org.asynchttpclient.netty.handler.HttpHandler - 

Request DefaultHttpRequest(decodeResult: success, version: HTTP/1.1)
POST /session/0a4a3e2c70dfe092decae4645ca428dd/timeouts HTTP/1.1
User-Agent: selenium/4.8.1 (java windows)
Content-Length: 22
Content-Type: application/json; charset=utf-8
host: localhost:34717
accept: */*

Response DefaultHttpResponse(decodeResult: success, version: HTTP/1.1)
HTTP/1.1 200 OK
Content-Length: 14
Content-Type: application/json; charset=utf-8
cache-control: no-cache

10:12:48.011 [AsyncHttpClient-1-5] DEBUG org.asynchttpclient.netty.channel.ChannelManager - Adding key: http://localhost:34717 for channel [id: 0x27b94a63, L:/127.0.0.1:51687 - R:localhost/127.0.0.1:34717]
10:12:48.018 [Forwarding getAlertText on session 0a4a3e2c70dfe092decae4645ca428dd to remote] DEBUG org.asynchttpclient.netty.request.NettyRequestSender - Using pooled Channel '[id: 0x27b94a63, L:/127.0.0.1:51687 - R:localhost/127.0.0.1:34717]' for 'GET' to 'http://localhost:34717/session/0a4a3e2c70dfe092decae4645ca428dd/alert/text'
10:12:48.018 [Forwarding getAlertText on session 0a4a3e2c70dfe092decae4645ca428dd to remote] DEBUG org.asynchttpclient.netty.request.NettyRequestSender - Using open Channel [id: 0x27b94a63, L:/127.0.0.1:51687 - R:localhost/127.0.0.1:34717] for GET '/session/0a4a3e2c70dfe092decae4645ca428dd/alert/text'
10:12:48.019 [AsyncHttpClient-1-5] DEBUG org.asynchttpclient.netty.handler.HttpHandler - 

Request DefaultFullHttpRequest(decodeResult: success, version: HTTP/1.1, content: EmptyByteBufBE)
GET /session/0a4a3e2c70dfe092decae4645ca428dd/alert/text HTTP/1.1
User-Agent: selenium/4.8.1 (java windows)
Cache-Control: no-cache
Content-Type: application/json; charset=utf-8
host: localhost:34717
accept: */*

Response DefaultHttpResponse(decodeResult: success, version: HTTP/1.1)
HTTP/1.1 404 Not Found
Content-Length: 836
Content-Type: application/json; charset=utf-8
cache-control: no-cache

10:12:48.019 [AsyncHttpClient-1-5] DEBUG org.asynchttpclient.netty.channel.ChannelManager - Adding key: http://localhost:34717 for channel [id: 0x27b94a63, L:/127.0.0.1:51687 - R:localhost/127.0.0.1:34717]
10:12:48.020 [Forwarding getCurrentUrl on session 0a4a3e2c70dfe092decae4645ca428dd to remote] DEBUG org.asynchttpclient.netty.request.NettyRequestSender - Using pooled Channel '[id: 0x27b94a63, L:/127.0.0.1:51687 - R:localhost/127.0.0.1:34717]' for 'GET' to 'http://localhost:34717/session/0a4a3e2c70dfe092decae4645ca428dd/url'
10:12:48.020 [Forwarding getCurrentUrl on session 0a4a3e2c70dfe092decae4645ca428dd to remote] DEBUG org.asynchttpclient.netty.request.NettyRequestSender - Using open Channel [id: 0x27b94a63, L:/127.0.0.1:51687 - R:localhost/127.0.0.1:34717] for GET '/session/0a4a3e2c70dfe092decae4645ca428dd/url'
10:12:48.023 [AsyncHttpClient-1-5] DEBUG org.asynchttpclient.netty.handler.HttpHandler - 

Request DefaultFullHttpRequest(decodeResult: success, version: HTTP/1.1, content: EmptyByteBufBE)
GET /session/0a4a3e2c70dfe092decae4645ca428dd/url HTTP/1.1
User-Agent: selenium/4.8.1 (java windows)
Cache-Control: no-cache
Content-Type: application/json; charset=utf-8
host: localhost:34717
accept: */*

Response DefaultHttpResponse(decodeResult: success, version: HTTP/1.1)
HTTP/1.1 200 OK
Content-Length: 51
Content-Type: application/json; charset=utf-8
cache-control: no-cache

10:12:48.023 [AsyncHttpClient-1-5] DEBUG org.asynchttpclient.netty.channel.ChannelManager - Adding key: http://localhost:34717 for channel [id: 0x27b94a63, L:/127.0.0.1:51687 - R:localhost/127.0.0.1:34717]
10:12:48.023 [Forwarding screenshot on session 0a4a3e2c70dfe092decae4645ca428dd to remote] DEBUG org.asynchttpclient.netty.request.NettyRequestSender - Using pooled Channel '[id: 0x27b94a63, L:/127.0.0.1:51687 - R:localhost/127.0.0.1:34717]' for 'GET' to 'http://localhost:34717/session/0a4a3e2c70dfe092decae4645ca428dd/screenshot'
10:12:48.023 [Forwarding screenshot on session 0a4a3e2c70dfe092decae4645ca428dd to remote] DEBUG org.asynchttpclient.netty.request.NettyRequestSender - Using open Channel [id: 0x27b94a63, L:/127.0.0.1:51687 - R:localhost/127.0.0.1:34717] for GET '/session/0a4a3e2c70dfe092decae4645ca428dd/screenshot'
10:12:48.099 [AsyncHttpClient-1-5] DEBUG org.asynchttpclient.netty.handler.HttpHandler - 

Request DefaultFullHttpRequest(decodeResult: success, version: HTTP/1.1, content: EmptyByteBufBE)
GET /session/0a4a3e2c70dfe092decae4645ca428dd/screenshot HTTP/1.1
User-Agent: selenium/4.8.1 (java windows)
Cache-Control: no-cache
Content-Type: application/json; charset=utf-8
host: localhost:34717
accept: */*

Response DefaultHttpResponse(decodeResult: success, version: HTTP/1.1)
HTTP/1.1 200 OK
Content-Length: 32748
Content-Type: application/json; charset=utf-8
cache-control: no-cache

10:12:48.099 [AsyncHttpClient-1-5] DEBUG org.asynchttpclient.netty.channel.ChannelManager - Adding key: http://localhost:34717 for channel [id: 0x27b94a63, L:/127.0.0.1:51687 - R:localhost/127.0.0.1:34717]
10:12:48.101 [main] DEBUG net.serenitybdd.core.photography.Darkroom - Send negative for processing for target\site\serenity\838a118defe8b2c78f320792ccc0dfcdbc689f4090a216cf0baf82906188e658.png
10:12:48.101 [main] DEBUG net.thucydides.core.steps.StepInterceptor - STEP DONE: openPage
  &amp#27;[32mGiven &amp#27;[0m&amp#27;[32mI am on the alta-shop login page&amp#27;[0m &amp#27;[90m# starter.stepdefinitions.LoginSteps.onTheLoginPage()&amp#27;[0m
10:12:48.105 [Forwarding getPageSource on session 0a4a3e2c70dfe092decae4645ca428dd to remote] DEBUG org.asynchttpclient.netty.request.NettyRequestSender - Using pooled Channel '[id: 0x27b94a63, L:/127.0.0.1:51687 - R:localhost/127.0.0.1:34717]' for 'POST' to 'http://localhost:34717/session/0a4a3e2c70dfe092decae4645ca428dd/execute/sync'
10:12:48.105 [Forwarding getPageSource on session 0a4a3e2c70dfe092decae4645ca428dd to remote] DEBUG org.asynchttpclient.netty.request.NettyRequestSender - Using open Channel [id: 0x27b94a63, L:/127.0.0.1:51687 - R:localhost/127.0.0.1:34717] for POST '/session/0a4a3e2c70dfe092decae4645ca428dd/execute/sync'
10:12:48.111 [AsyncHttpClient-1-5] DEBUG org.asynchttpclient.netty.handler.HttpHandler - 

Request DefaultHttpRequest(decodeResult: success, version: HTTP/1.1)
POST /session/0a4a3e2c70dfe092decae4645ca428dd/execute/sync HTTP/1.1
User-Agent: selenium/4.8.1 (java windows)
Content-Length: 176
Content-Type: application/json; charset=utf-8
host: localhost:34717
accept: */*

Response DefaultHttpResponse(decodeResult: success, version: HTTP/1.1)
HTTP/1.1 200 OK
Content-Length: 21659
Content-Type: application/json; charset=utf-8
cache-control: no-cache

10:12:48.111 [AsyncHttpClient-1-5] DEBUG org.asynchttpclient.netty.channel.ChannelManager - Adding key: http://localhost:34717 for channel [id: 0x27b94a63, L:/127.0.0.1:51687 - R:localhost/127.0.0.1:34717]
10:12:48.112 [Forwarding getCurrentUrl on session 0a4a3e2c70dfe092decae4645ca428dd to remote] DEBUG org.asynchttpclient.netty.request.NettyRequestSender - Using pooled Channel '[id: 0x27b94a63, L:/127.0.0.1:51687 - R:localhost/127.0.0.1:34717]' for 'GET' to 'http://localhost:34717/session/0a4a3e2c70dfe092decae4645ca428dd/url'
10:12:48.112 [Forwarding getCurrentUrl on session 0a4a3e2c70dfe092decae4645ca428dd to remote] DEBUG org.asynchttpclient.netty.request.NettyRequestSender - Using open Channel [id: 0x27b94a63, L:/127.0.0.1:51687 - R:localhost/127.0.0.1:34717] for GET '/session/0a4a3e2c70dfe092decae4645ca428dd/url'
10:12:48.115 [AsyncHttpClient-1-5] DEBUG org.asynchttpclient.netty.handler.HttpHandler - 

Request DefaultFullHttpRequest(decodeResult: success, version: HTTP/1.1, content: EmptyByteBufBE)
GET /session/0a4a3e2c70dfe092decae4645ca428dd/url HTTP/1.1
User-Agent: selenium/4.8.1 (java windows)
Cache-Control: no-cache
Content-Type: application/json; charset=utf-8
host: localhost:34717
accept: */*

Response DefaultHttpResponse(decodeResult: success, version: HTTP/1.1)
HTTP/1.1 200 OK
Content-Length: 51
Content-Type: application/json; charset=utf-8
cache-control: no-cache

10:12:48.115 [AsyncHttpClient-1-5] DEBUG org.asynchttpclient.netty.channel.ChannelManager - Adding key: http://localhost:34717 for channel [id: 0x27b94a63, L:/127.0.0.1:51687 - R:localhost/127.0.0.1:34717]
10:12:48.119 [Forwarding getPageSource on session 0a4a3e2c70dfe092decae4645ca428dd to remote] DEBUG org.asynchttpclient.netty.request.NettyRequestSender - Using pooled Channel '[id: 0x27b94a63, L:/127.0.0.1:51687 - R:localhost/127.0.0.1:34717]' for 'POST' to 'http://localhost:34717/session/0a4a3e2c70dfe092decae4645ca428dd/execute/sync'
10:12:48.119 [Forwarding getPageSource on session 0a4a3e2c70dfe092decae4645ca428dd to remote] DEBUG org.asynchttpclient.netty.request.NettyRequestSender - Using open Channel [id: 0x27b94a63, L:/127.0.0.1:51687 - R:localhost/127.0.0.1:34717] for POST '/session/0a4a3e2c70dfe092decae4645ca428dd/execute/sync'
10:12:48.123 [AsyncHttpClient-1-5] DEBUG org.asynchttpclient.netty.handler.HttpHandler - 

Request DefaultHttpRequest(decodeResult: success, version: HTTP/1.1)
POST /session/0a4a3e2c70dfe092decae4645ca428dd/execute/sync HTTP/1.1
User-Agent: selenium/4.8.1 (java windows)
Content-Length: 176
Content-Type: application/json; charset=utf-8
host: localhost:34717
accept: */*

Response DefaultHttpResponse(decodeResult: success, version: HTTP/1.1)
HTTP/1.1 200 OK
Content-Length: 21659
Content-Type: application/json; charset=utf-8
cache-control: no-cache

10:12:48.123 [AsyncHttpClient-1-5] DEBUG org.asynchttpclient.netty.channel.ChannelManager - Adding key: http://localhost:34717 for channel [id: 0x27b94a63, L:/127.0.0.1:51687 - R:localhost/127.0.0.1:34717]
10:12:48.125 [Forwarding getCurrentUrl on session 0a4a3e2c70dfe092decae4645ca428dd to remote] DEBUG org.asynchttpclient.netty.request.NettyRequestSender - Using pooled Channel '[id: 0x27b94a63, L:/127.0.0.1:51687 - R:localhost/127.0.0.1:34717]' for 'GET' to 'http://localhost:34717/session/0a4a3e2c70dfe092decae4645ca428dd/url'
10:12:48.125 [Forwarding getCurrentUrl on session 0a4a3e2c70dfe092decae4645ca428dd to remote] DEBUG org.asynchttpclient.netty.request.NettyRequestSender - Using open Channel [id: 0x27b94a63, L:/127.0.0.1:51687 - R:localhost/127.0.0.1:34717] for GET '/session/0a4a3e2c70dfe092decae4645ca428dd/url'
10:12:48.127 [AsyncHttpClient-1-5] DEBUG org.asynchttpclient.netty.handler.HttpHandler - 

Request DefaultFullHttpRequest(decodeResult: success, version: HTTP/1.1, content: EmptyByteBufBE)
GET /session/0a4a3e2c70dfe092decae4645ca428dd/url HTTP/1.1
User-Agent: selenium/4.8.1 (java windows)
Cache-Control: no-cache
Content-Type: application/json; charset=utf-8
host: localhost:34717
accept: */*

Response DefaultHttpResponse(decodeResult: success, version: HTTP/1.1)
HTTP/1.1 200 OK
Content-Length: 51
Content-Type: application/json; charset=utf-8
cache-control: no-cache

10:12:48.127 [AsyncHttpClient-1-5] DEBUG org.asynchttpclient.netty.channel.ChannelManager - Adding key: http://localhost:34717 for channel [id: 0x27b94a63, L:/127.0.0.1:51687 - R:localhost/127.0.0.1:34717]
10:12:48.129 [main] DEBUG net.thucydides.core.steps.StepInterceptor - STARTING STEP: LoginSteps.inputEmptyEmail - inputEmail
10:12:48.131 [Forwarding findElement on session 0a4a3e2c70dfe092decae4645ca428dd to remote] DEBUG org.asynchttpclient.netty.request.NettyRequestSender - Using pooled Channel '[id: 0x27b94a63, L:/127.0.0.1:51687 - R:localhost/127.0.0.1:34717]' for 'POST' to 'http://localhost:34717/session/0a4a3e2c70dfe092decae4645ca428dd/element'
10:12:48.131 [Forwarding findElement on session 0a4a3e2c70dfe092decae4645ca428dd to remote] DEBUG org.asynchttpclient.netty.request.NettyRequestSender - Using open Channel [id: 0x27b94a63, L:/127.0.0.1:51687 - R:localhost/127.0.0.1:34717] for POST '/session/0a4a3e2c70dfe092decae4645ca428dd/element'
10:12:48.140 [AsyncHttpClient-1-5] DEBUG org.asynchttpclient.netty.handler.HttpHandler - 

Request DefaultHttpRequest(decodeResult: success, version: HTTP/1.1)
POST /session/0a4a3e2c70dfe092decae4645ca428dd/element HTTP/1.1
User-Agent: selenium/4.8.1 (java windows)
Content-Length: 55
Content-Type: application/json; charset=utf-8
host: localhost:34717
accept: */*

Response DefaultHttpResponse(decodeResult: success, version: HTTP/1.1)
HTTP/1.1 200 OK
Content-Length: 88
Content-Type: application/json; charset=utf-8
cache-control: no-cache

10:12:48.140 [AsyncHttpClient-1-5] DEBUG org.asynchttpclient.netty.channel.ChannelManager - Adding key: http://localhost:34717 for channel [id: 0x27b94a63, L:/127.0.0.1:51687 - R:localhost/127.0.0.1:34717]
10:12:48.140 [Forwarding clearElement on session 0a4a3e2c70dfe092decae4645ca428dd to remote] DEBUG org.asynchttpclient.netty.request.NettyRequestSender - Using pooled Channel '[id: 0x27b94a63, L:/127.0.0.1:51687 - R:localhost/127.0.0.1:34717]' for 'POST' to 'http://localhost:34717/session/0a4a3e2c70dfe092decae4645ca428dd/element/98b10d2c-b8e5-401d-89e9-51c4791ccaca/clear'
10:12:48.140 [Forwarding clearElement on session 0a4a3e2c70dfe092decae4645ca428dd to remote] DEBUG org.asynchttpclient.netty.request.NettyRequestSender - Using open Channel [id: 0x27b94a63, L:/127.0.0.1:51687 - R:localhost/127.0.0.1:34717] for POST '/session/0a4a3e2c70dfe092decae4645ca428dd/element/98b10d2c-b8e5-401d-89e9-51c4791ccaca/clear'
10:12:48.168 [AsyncHttpClient-1-5] DEBUG org.asynchttpclient.netty.handler.HttpHandler - 

Request DefaultHttpRequest(decodeResult: success, version: HTTP/1.1)
POST /session/0a4a3e2c70dfe092decae4645ca428dd/element/98b10d2c-b8e5-401d-89e9-51c4791ccaca/clear HTTP/1.1
User-Agent: selenium/4.8.1 (java windows)
Content-Length: 50
Content-Type: application/json; charset=utf-8
host: localhost:34717
accept: */*

Response DefaultHttpResponse(decodeResult: success, version: HTTP/1.1)
HTTP/1.1 200 OK
Content-Length: 14
Content-Type: application/json; charset=utf-8
cache-control: no-cache

10:12:48.168 [AsyncHttpClient-1-5] DEBUG org.asynchttpclient.netty.channel.ChannelManager - Adding key: http://localhost:34717 for channel [id: 0x27b94a63, L:/127.0.0.1:51687 - R:localhost/127.0.0.1:34717]
10:12:48.169 [Forwarding sendKeysToElement on session 0a4a3e2c70dfe092decae4645ca428dd to remote] DEBUG org.asynchttpclient.netty.request.NettyRequestSender - Using pooled Channel '[id: 0x27b94a63, L:/127.0.0.1:51687 - R:localhost/127.0.0.1:34717]' for 'POST' to 'http://localhost:34717/session/0a4a3e2c70dfe092decae4645ca428dd/element/98b10d2c-b8e5-401d-89e9-51c4791ccaca/value'
10:12:48.169 [Forwarding sendKeysToElement on session 0a4a3e2c70dfe092decae4645ca428dd to remote] DEBUG org.asynchttpclient.netty.request.NettyRequestSender - Using open Channel [id: 0x27b94a63, L:/127.0.0.1:51687 - R:localhost/127.0.0.1:34717] for POST '/session/0a4a3e2c70dfe092decae4645ca428dd/element/98b10d2c-b8e5-401d-89e9-51c4791ccaca/value'
10:12:48.197 [AsyncHttpClient-1-5] DEBUG org.asynchttpclient.netty.handler.HttpHandler - 

Request DefaultHttpRequest(decodeResult: success, version: HTTP/1.1)
POST /session/0a4a3e2c70dfe092decae4645ca428dd/element/98b10d2c-b8e5-401d-89e9-51c4791ccaca/value HTTP/1.1
User-Agent: selenium/4.8.1 (java windows)
Content-Length: 82
Content-Type: application/json; charset=utf-8
host: localhost:34717
accept: */*

Response DefaultHttpResponse(decodeResult: success, version: HTTP/1.1)
HTTP/1.1 200 OK
Content-Length: 14
Content-Type: application/json; charset=utf-8
cache-control: no-cache

10:12:48.197 [AsyncHttpClient-1-5] DEBUG org.asynchttpclient.netty.channel.ChannelManager - Adding key: http://localhost:34717 for channel [id: 0x27b94a63, L:/127.0.0.1:51687 - R:localhost/127.0.0.1:34717]
10:12:48.203 [Forwarding getAlertText on session 0a4a3e2c70dfe092decae4645ca428dd to remote] DEBUG org.asynchttpclient.netty.request.NettyRequestSender - Using pooled Channel '[id: 0x27b94a63, L:/127.0.0.1:51687 - R:localhost/127.0.0.1:34717]' for 'GET' to 'http://localhost:34717/session/0a4a3e2c70dfe092decae4645ca428dd/alert/text'
10:12:48.203 [Forwarding getAlertText on session 0a4a3e2c70dfe092decae4645ca428dd to remote] DEBUG org.asynchttpclient.netty.request.NettyRequestSender - Using open Channel [id: 0x27b94a63, L:/127.0.0.1:51687 - R:localhost/127.0.0.1:34717] for GET '/session/0a4a3e2c70dfe092decae4645ca428dd/alert/text'
10:12:48.205 [AsyncHttpClient-1-5] DEBUG org.asynchttpclient.netty.handler.HttpHandler - 

Request DefaultFullHttpRequest(decodeResult: success, version: HTTP/1.1, content: EmptyByteBufBE)
GET /session/0a4a3e2c70dfe092decae4645ca428dd/alert/text HTTP/1.1
User-Agent: selenium/4.8.1 (java windows)
Cache-Control: no-cache
Content-Type: application/json; charset=utf-8
host: localhost:34717
accept: */*

Response DefaultHttpResponse(decodeResult: success, version: HTTP/1.1)
HTTP/1.1 404 Not Found
Content-Length: 836
Content-Type: application/json; charset=utf-8
cache-control: no-cache

10:12:48.205 [AsyncHttpClient-1-5] DEBUG org.asynchttpclient.netty.channel.ChannelManager - Adding key: http://localhost:34717 for channel [id: 0x27b94a63, L:/127.0.0.1:51687 - R:localhost/127.0.0.1:34717]
10:12:48.205 [Forwarding getCurrentUrl on session 0a4a3e2c70dfe092decae4645ca428dd to remote] DEBUG org.asynchttpclient.netty.request.NettyRequestSender - Using pooled Channel '[id: 0x27b94a63, L:/127.0.0.1:51687 - R:localhost/127.0.0.1:34717]' for 'GET' to 'http://localhost:34717/session/0a4a3e2c70dfe092decae4645ca428dd/url'
10:12:48.205 [Forwarding getCurrentUrl on session 0a4a3e2c70dfe092decae4645ca428dd to remote] DEBUG org.asynchttpclient.netty.request.NettyRequestSender - Using open Channel [id: 0x27b94a63, L:/127.0.0.1:51687 - R:localhost/127.0.0.1:34717] for GET '/session/0a4a3e2c70dfe092decae4645ca428dd/url'
10:12:48.208 [AsyncHttpClient-1-5] DEBUG org.asynchttpclient.netty.handler.HttpHandler - 

Request DefaultFullHttpRequest(decodeResult: success, version: HTTP/1.1, content: EmptyByteBufBE)
GET /session/0a4a3e2c70dfe092decae4645ca428dd/url HTTP/1.1
User-Agent: selenium/4.8.1 (java windows)
Cache-Control: no-cache
Content-Type: application/json; charset=utf-8
host: localhost:34717
accept: */*

Response DefaultHttpResponse(decodeResult: success, version: HTTP/1.1)
HTTP/1.1 200 OK
Content-Length: 51
Content-Type: application/json; charset=utf-8
cache-control: no-cache

10:12:48.208 [AsyncHttpClient-1-5] DEBUG org.asynchttpclient.netty.channel.ChannelManager - Adding key: http://localhost:34717 for channel [id: 0x27b94a63, L:/127.0.0.1:51687 - R:localhost/127.0.0.1:34717]
10:12:48.209 [Forwarding screenshot on session 0a4a3e2c70dfe092decae4645ca428dd to remote] DEBUG org.asynchttpclient.netty.request.NettyRequestSender - Using pooled Channel '[id: 0x27b94a63, L:/127.0.0.1:51687 - R:localhost/127.0.0.1:34717]' for 'GET' to 'http://localhost:34717/session/0a4a3e2c70dfe092decae4645ca428dd/screenshot'
10:12:48.209 [Forwarding screenshot on session 0a4a3e2c70dfe092decae4645ca428dd to remote] DEBUG org.asynchttpclient.netty.request.NettyRequestSender - Using open Channel [id: 0x27b94a63, L:/127.0.0.1:51687 - R:localhost/127.0.0.1:34717] for GET '/session/0a4a3e2c70dfe092decae4645ca428dd/screenshot'
10:12:48.307 [AsyncHttpClient-1-5] DEBUG org.asynchttpclient.netty.handler.HttpHandler - 

Request DefaultFullHttpRequest(decodeResult: success, version: HTTP/1.1, content: EmptyByteBufBE)
GET /session/0a4a3e2c70dfe092decae4645ca428dd/screenshot HTTP/1.1
User-Agent: selenium/4.8.1 (java windows)
Cache-Control: no-cache
Content-Type: application/json; charset=utf-8
host: localhost:34717
accept: */*

Response DefaultHttpResponse(decodeResult: success, version: HTTP/1.1)
HTTP/1.1 200 OK
Content-Length: 33188
Content-Type: application/json; charset=utf-8
cache-control: no-cache

10:12:48.307 [AsyncHttpClient-1-5] DEBUG org.asynchttpclient.netty.channel.ChannelManager - Adding key: http://localhost:34717 for channel [id: 0x27b94a63, L:/127.0.0.1:51687 - R:localhost/127.0.0.1:34717]
10:12:48.308 [main] DEBUG net.serenitybdd.core.photography.Darkroom - Send negative for processing for target\site\serenity\f77ab32b55f9840e1bb713c23cc0e69775d64452e89f95b03c06d77e1d3048fe.png
10:12:48.308 [main] DEBUG net.thucydides.core.steps.StepInterceptor - STEP DONE: inputEmail
  &amp#27;[32mAnd &amp#27;[0m&amp#27;[32mI enter empty email&amp#27;[0m                &amp#27;[90m# starter.stepdefinitions.LoginSteps.inputEmptyEmail()&amp#27;[0m
10:12:48.309 [Darkroom Processing Line] DEBUG net.serenitybdd.core.photography.DarkroomProcessingLine - Processing screenshot image in /var/screenshots/screenshot-14524972245469390500
10:12:48.309 [Darkroom Processing Line] DEBUG net.serenitybdd.core.photography.DarkroomProcessingLine - Saving screenshot to target\site\serenity\f77ab32b55f9840e1bb713c23cc0e69775d64452e89f95b03c06d77e1d3048fe.png
10:12:48.314 [Forwarding getPageSource on session 0a4a3e2c70dfe092decae4645ca428dd to remote] DEBUG org.asynchttpclient.netty.request.NettyRequestSender - Using pooled Channel '[id: 0x27b94a63, L:/127.0.0.1:51687 - R:localhost/127.0.0.1:34717]' for 'POST' to 'http://localhost:34717/session/0a4a3e2c70dfe092decae4645ca428dd/execute/sync'
10:12:48.315 [Forwarding getPageSource on session 0a4a3e2c70dfe092decae4645ca428dd to remote] DEBUG org.asynchttpclient.netty.request.NettyRequestSender - Using open Channel [id: 0x27b94a63, L:/127.0.0.1:51687 - R:localhost/127.0.0.1:34717] for POST '/session/0a4a3e2c70dfe092decae4645ca428dd/execute/sync'
10:12:48.318 [AsyncHttpClient-1-5] DEBUG org.asynchttpclient.netty.handler.HttpHandler - 

Request DefaultHttpRequest(decodeResult: success, version: HTTP/1.1)
POST /session/0a4a3e2c70dfe092decae4645ca428dd/execute/sync HTTP/1.1
User-Agent: selenium/4.8.1 (java windows)
Content-Length: 176
Content-Type: application/json; charset=utf-8
host: localhost:34717
accept: */*

Response DefaultHttpResponse(decodeResult: success, version: HTTP/1.1)
HTTP/1.1 200 OK
Content-Length: 21737
Content-Type: application/json; charset=utf-8
cache-control: no-cache

10:12:48.318 [AsyncHttpClient-1-5] DEBUG org.asynchttpclient.netty.channel.ChannelManager - Adding key: http://localhost:34717 for channel [id: 0x27b94a63, L:/127.0.0.1:51687 - R:localhost/127.0.0.1:34717]
10:12:48.320 [Forwarding getCurrentUrl on session 0a4a3e2c70dfe092decae4645ca428dd to remote] DEBUG org.asynchttpclient.netty.request.NettyRequestSender - Using pooled Channel '[id: 0x27b94a63, L:/127.0.0.1:51687 - R:localhost/127.0.0.1:34717]' for 'GET' to 'http://localhost:34717/session/0a4a3e2c70dfe092decae4645ca428dd/url'
10:12:48.320 [Forwarding getCurrentUrl on session 0a4a3e2c70dfe092decae4645ca428dd to remote] DEBUG org.asynchttpclient.netty.request.NettyRequestSender - Using open Channel [id: 0x27b94a63, L:/127.0.0.1:51687 - R:localhost/127.0.0.1:34717] for GET '/session/0a4a3e2c70dfe092decae4645ca428dd/url'
10:12:48.323 [AsyncHttpClient-1-5] DEBUG org.asynchttpclient.netty.handler.HttpHandler - 

Request DefaultFullHttpRequest(decodeResult: success, version: HTTP/1.1, content: EmptyByteBufBE)
GET /session/0a4a3e2c70dfe092decae4645ca428dd/url HTTP/1.1
User-Agent: selenium/4.8.1 (java windows)
Cache-Control: no-cache
Content-Type: application/json; charset=utf-8
host: localhost:34717
accept: */*

Response DefaultHttpResponse(decodeResult: success, version: HTTP/1.1)
HTTP/1.1 200 OK
Content-Length: 51
Content-Type: application/json; charset=utf-8
cache-control: no-cache

10:12:48.323 [AsyncHttpClient-1-5] DEBUG org.asynchttpclient.netty.channel.ChannelManager - Adding key: http://localhost:34717 for channel [id: 0x27b94a63, L:/127.0.0.1:51687 - R:localhost/127.0.0.1:34717]
10:12:48.329 [Forwarding getPageSource on session 0a4a3e2c70dfe092decae4645ca428dd to remote] DEBUG org.asynchttpclient.netty.request.NettyRequestSender - Using pooled Channel '[id: 0x27b94a63, L:/127.0.0.1:51687 - R:localhost/127.0.0.1:34717]' for 'POST' to 'http://localhost:34717/session/0a4a3e2c70dfe092decae4645ca428dd/execute/sync'
10:12:48.329 [Forwarding getPageSource on session 0a4a3e2c70dfe092decae4645ca428dd to remote] DEBUG org.asynchttpclient.netty.request.NettyRequestSender - Using open Channel [id: 0x27b94a63, L:/127.0.0.1:51687 - R:localhost/127.0.0.1:34717] for POST '/session/0a4a3e2c70dfe092decae4645ca428dd/execute/sync'
10:12:48.333 [AsyncHttpClient-1-5] DEBUG org.asynchttpclient.netty.handler.HttpHandler - 

Request DefaultHttpRequest(decodeResult: success, version: HTTP/1.1)
POST /session/0a4a3e2c70dfe092decae4645ca428dd/execute/sync HTTP/1.1
User-Agent: selenium/4.8.1 (java windows)
Content-Length: 176
Content-Type: application/json; charset=utf-8
host: localhost:34717
accept: */*

Response DefaultHttpResponse(decodeResult: success, version: HTTP/1.1)
HTTP/1.1 200 OK
Content-Length: 21737
Content-Type: application/json; charset=utf-8
cache-control: no-cache

10:12:48.333 [AsyncHttpClient-1-5] DEBUG org.asynchttpclient.netty.channel.ChannelManager - Adding key: http://localhost:34717 for channel [id: 0x27b94a63, L:/127.0.0.1:51687 - R:localhost/127.0.0.1:34717]
10:12:48.334 [Forwarding getCurrentUrl on session 0a4a3e2c70dfe092decae4645ca428dd to remote] DEBUG org.asynchttpclient.netty.request.NettyRequestSender - Using pooled Channel '[id: 0x27b94a63, L:/127.0.0.1:51687 - R:localhost/127.0.0.1:34717]' for 'GET' to 'http://localhost:34717/session/0a4a3e2c70dfe092decae4645ca428dd/url'
10:12:48.334 [Forwarding getCurrentUrl on session 0a4a3e2c70dfe092decae4645ca428dd to remote] DEBUG org.asynchttpclient.netty.request.NettyRequestSender - Using open Channel [id: 0x27b94a63, L:/127.0.0.1:51687 - R:localhost/127.0.0.1:34717] for GET '/session/0a4a3e2c70dfe092decae4645ca428dd/url'
10:12:48.338 [AsyncHttpClient-1-5] DEBUG org.asynchttpclient.netty.handler.HttpHandler - 

Request DefaultFullHttpRequest(decodeResult: success, version: HTTP/1.1, content: EmptyByteBufBE)
GET /session/0a4a3e2c70dfe092decae4645ca428dd/url HTTP/1.1
User-Agent: selenium/4.8.1 (java windows)
Cache-Control: no-cache
Content-Type: application/json; charset=utf-8
host: localhost:34717
accept: */*

Response DefaultHttpResponse(decodeResult: success, version: HTTP/1.1)
HTTP/1.1 200 OK
Content-Length: 51
Content-Type: application/json; charset=utf-8
cache-control: no-cache

10:12:48.338 [AsyncHttpClient-1-5] DEBUG org.asynchttpclient.netty.channel.ChannelManager - Adding key: http://localhost:34717 for channel [id: 0x27b94a63, L:/127.0.0.1:51687 - R:localhost/127.0.0.1:34717]
10:12:48.339 [main] DEBUG net.thucydides.core.steps.StepInterceptor - STARTING STEP: LoginSteps.inputEmptyPassword - inputPassword
10:12:48.341 [Forwarding findElement on session 0a4a3e2c70dfe092decae4645ca428dd to remote] DEBUG org.asynchttpclient.netty.request.NettyRequestSender - Using pooled Channel '[id: 0x27b94a63, L:/127.0.0.1:51687 - R:localhost/127.0.0.1:34717]' for 'POST' to 'http://localhost:34717/session/0a4a3e2c70dfe092decae4645ca428dd/element'
10:12:48.341 [Forwarding findElement on session 0a4a3e2c70dfe092decae4645ca428dd to remote] DEBUG org.asynchttpclient.netty.request.NettyRequestSender - Using open Channel [id: 0x27b94a63, L:/127.0.0.1:51687 - R:localhost/127.0.0.1:34717] for POST '/session/0a4a3e2c70dfe092decae4645ca428dd/element'
10:12:48.355 [AsyncHttpClient-1-5] DEBUG org.asynchttpclient.netty.handler.HttpHandler - 

Request DefaultHttpRequest(decodeResult: success, version: HTTP/1.1)
POST /session/0a4a3e2c70dfe092decae4645ca428dd/element HTTP/1.1
User-Agent: selenium/4.8.1 (java windows)
Content-Length: 55
Content-Type: application/json; charset=utf-8
host: localhost:34717
accept: */*

Response DefaultHttpResponse(decodeResult: success, version: HTTP/1.1)
HTTP/1.1 200 OK
Content-Length: 88
Content-Type: application/json; charset=utf-8
cache-control: no-cache

10:12:48.355 [AsyncHttpClient-1-5] DEBUG org.asynchttpclient.netty.channel.ChannelManager - Adding key: http://localhost:34717 for channel [id: 0x27b94a63, L:/127.0.0.1:51687 - R:localhost/127.0.0.1:34717]
10:12:48.356 [Forwarding clearElement on session 0a4a3e2c70dfe092decae4645ca428dd to remote] DEBUG org.asynchttpclient.netty.request.NettyRequestSender - Using pooled Channel '[id: 0x27b94a63, L:/127.0.0.1:51687 - R:localhost/127.0.0.1:34717]' for 'POST' to 'http://localhost:34717/session/0a4a3e2c70dfe092decae4645ca428dd/element/5bb35a4b-0742-4968-87f7-eb2159deaa52/clear'
10:12:48.356 [Forwarding clearElement on session 0a4a3e2c70dfe092decae4645ca428dd to remote] DEBUG org.asynchttpclient.netty.request.NettyRequestSender - Using open Channel [id: 0x27b94a63, L:/127.0.0.1:51687 - R:localhost/127.0.0.1:34717] for POST '/session/0a4a3e2c70dfe092decae4645ca428dd/element/5bb35a4b-0742-4968-87f7-eb2159deaa52/clear'
10:12:48.386 [AsyncHttpClient-1-5] DEBUG org.asynchttpclient.netty.handler.HttpHandler - 

Request DefaultHttpRequest(decodeResult: success, version: HTTP/1.1)
POST /session/0a4a3e2c70dfe092decae4645ca428dd/element/5bb35a4b-0742-4968-87f7-eb2159deaa52/clear HTTP/1.1
User-Agent: selenium/4.8.1 (java windows)
Content-Length: 50
Content-Type: application/json; charset=utf-8
host: localhost:34717
accept: */*

Response DefaultHttpResponse(decodeResult: success, version: HTTP/1.1)
HTTP/1.1 200 OK
Content-Length: 14
Content-Type: application/json; charset=utf-8
cache-control: no-cache

10:12:48.386 [AsyncHttpClient-1-5] DEBUG org.asynchttpclient.netty.channel.ChannelManager - Adding key: http://localhost:34717 for channel [id: 0x27b94a63, L:/127.0.0.1:51687 - R:localhost/127.0.0.1:34717]
10:12:48.388 [Forwarding sendKeysToElement on session 0a4a3e2c70dfe092decae4645ca428dd to remote] DEBUG org.asynchttpclient.netty.request.NettyRequestSender - Using pooled Channel '[id: 0x27b94a63, L:/127.0.0.1:51687 - R:localhost/127.0.0.1:34717]' for 'POST' to 'http://localhost:34717/session/0a4a3e2c70dfe092decae4645ca428dd/element/5bb35a4b-0742-4968-87f7-eb2159deaa52/value'
10:12:48.388 [Forwarding sendKeysToElement on session 0a4a3e2c70dfe092decae4645ca428dd to remote] DEBUG org.asynchttpclient.netty.request.NettyRequestSender - Using open Channel [id: 0x27b94a63, L:/127.0.0.1:51687 - R:localhost/127.0.0.1:34717] for POST '/session/0a4a3e2c70dfe092decae4645ca428dd/element/5bb35a4b-0742-4968-87f7-eb2159deaa52/value'
10:12:48.419 [AsyncHttpClient-1-5] DEBUG org.asynchttpclient.netty.handler.HttpHandler - 

Request DefaultHttpRequest(decodeResult: success, version: HTTP/1.1)
POST /session/0a4a3e2c70dfe092decae4645ca428dd/element/5bb35a4b-0742-4968-87f7-eb2159deaa52/value HTTP/1.1
User-Agent: selenium/4.8.1 (java windows)
Content-Length: 82
Content-Type: application/json; charset=utf-8
host: localhost:34717
accept: */*

Response DefaultHttpResponse(decodeResult: success, version: HTTP/1.1)
HTTP/1.1 200 OK
Content-Length: 14
Content-Type: application/json; charset=utf-8
cache-control: no-cache

10:12:48.419 [AsyncHttpClient-1-5] DEBUG org.asynchttpclient.netty.channel.ChannelManager - Adding key: http://localhost:34717 for channel [id: 0x27b94a63, L:/127.0.0.1:51687 - R:localhost/127.0.0.1:34717]
10:12:48.425 [Forwarding getAlertText on session 0a4a3e2c70dfe092decae4645ca428dd to remote] DEBUG org.asynchttpclient.netty.request.NettyRequestSender - Using pooled Channel '[id: 0x27b94a63, L:/127.0.0.1:51687 - R:localhost/127.0.0.1:34717]' for 'GET' to 'http://localhost:34717/session/0a4a3e2c70dfe092decae4645ca428dd/alert/text'
10:12:48.425 [Forwarding getAlertText on session 0a4a3e2c70dfe092decae4645ca428dd to remote] DEBUG org.asynchttpclient.netty.request.NettyRequestSender - Using open Channel [id: 0x27b94a63, L:/127.0.0.1:51687 - R:localhost/127.0.0.1:34717] for GET '/session/0a4a3e2c70dfe092decae4645ca428dd/alert/text'
10:12:48.426 [AsyncHttpClient-1-5] DEBUG org.asynchttpclient.netty.handler.HttpHandler - 

Request DefaultFullHttpRequest(decodeResult: success, version: HTTP/1.1, content: EmptyByteBufBE)
GET /session/0a4a3e2c70dfe092decae4645ca428dd/alert/text HTTP/1.1
User-Agent: selenium/4.8.1 (java windows)
Cache-Control: no-cache
Content-Type: application/json; charset=utf-8
host: localhost:34717
accept: */*

Response DefaultHttpResponse(decodeResult: success, version: HTTP/1.1)
HTTP/1.1 404 Not Found
Content-Length: 836
Content-Type: application/json; charset=utf-8
cache-control: no-cache

10:12:48.426 [AsyncHttpClient-1-5] DEBUG org.asynchttpclient.netty.channel.ChannelManager - Adding key: http://localhost:34717 for channel [id: 0x27b94a63, L:/127.0.0.1:51687 - R:localhost/127.0.0.1:34717]
10:12:48.426 [Forwarding getCurrentUrl on session 0a4a3e2c70dfe092decae4645ca428dd to remote] DEBUG org.asynchttpclient.netty.request.NettyRequestSender - Using pooled Channel '[id: 0x27b94a63, L:/127.0.0.1:51687 - R:localhost/127.0.0.1:34717]' for 'GET' to 'http://localhost:34717/session/0a4a3e2c70dfe092decae4645ca428dd/url'
10:12:48.426 [Forwarding getCurrentUrl on session 0a4a3e2c70dfe092decae4645ca428dd to remote] DEBUG org.asynchttpclient.netty.request.NettyRequestSender - Using open Channel [id: 0x27b94a63, L:/127.0.0.1:51687 - R:localhost/127.0.0.1:34717] for GET '/session/0a4a3e2c70dfe092decae4645ca428dd/url'
10:12:48.429 [AsyncHttpClient-1-5] DEBUG org.asynchttpclient.netty.handler.HttpHandler - 

Request DefaultFullHttpRequest(decodeResult: success, version: HTTP/1.1, content: EmptyByteBufBE)
GET /session/0a4a3e2c70dfe092decae4645ca428dd/url HTTP/1.1
User-Agent: selenium/4.8.1 (java windows)
Cache-Control: no-cache
Content-Type: application/json; charset=utf-8
host: localhost:34717
accept: */*

Response DefaultHttpResponse(decodeResult: success, version: HTTP/1.1)
HTTP/1.1 200 OK
Content-Length: 51
Content-Type: application/json; charset=utf-8
cache-control: no-cache

10:12:48.429 [AsyncHttpClient-1-5] DEBUG org.asynchttpclient.netty.channel.ChannelManager - Adding key: http://localhost:34717 for channel [id: 0x27b94a63, L:/127.0.0.1:51687 - R:localhost/127.0.0.1:34717]
10:12:48.430 [Forwarding screenshot on session 0a4a3e2c70dfe092decae4645ca428dd to remote] DEBUG org.asynchttpclient.netty.request.NettyRequestSender - Using pooled Channel '[id: 0x27b94a63, L:/127.0.0.1:51687 - R:localhost/127.0.0.1:34717]' for 'GET' to 'http://localhost:34717/session/0a4a3e2c70dfe092decae4645ca428dd/screenshot'
10:12:48.430 [Forwarding screenshot on session 0a4a3e2c70dfe092decae4645ca428dd to remote] DEBUG org.asynchttpclient.netty.request.NettyRequestSender - Using open Channel [id: 0x27b94a63, L:/127.0.0.1:51687 - R:localhost/127.0.0.1:34717] for GET '/session/0a4a3e2c70dfe092decae4645ca428dd/screenshot'
10:12:48.531 [AsyncHttpClient-1-5] DEBUG org.asynchttpclient.netty.handler.HttpHandler - 

Request DefaultFullHttpRequest(decodeResult: success, version: HTTP/1.1, content: EmptyByteBufBE)
GET /session/0a4a3e2c70dfe092decae4645ca428dd/screenshot HTTP/1.1
User-Agent: selenium/4.8.1 (java windows)
Cache-Control: no-cache
Content-Type: application/json; charset=utf-8
host: localhost:34717
accept: */*

Response DefaultHttpResponse(decodeResult: success, version: HTTP/1.1)
HTTP/1.1 200 OK
Content-Length: 33508
Content-Type: application/json; charset=utf-8
cache-control: no-cache

10:12:48.531 [AsyncHttpClient-1-5] DEBUG org.asynchttpclient.netty.channel.ChannelManager - Adding key: http://localhost:34717 for channel [id: 0x27b94a63, L:/127.0.0.1:51687 - R:localhost/127.0.0.1:34717]
10:12:48.532 [main] DEBUG net.serenitybdd.core.photography.Darkroom - Send negative for processing for target\site\serenity\cd9a98752748d0ccd61e08bd34cc55a14244c86b81026410cb02f27a39b403d5.png
10:12:48.532 [main] DEBUG net.thucydides.core.steps.StepInterceptor - STEP DONE: inputPassword
  &amp#27;[32mAnd &amp#27;[0m&amp#27;[32mI enter empty password&amp#27;[0m             &amp#27;[90m# starter.stepdefinitions.LoginSteps.inputEmptyPassword()&amp#27;[0m
10:12:48.532 [Darkroom Processing Line] DEBUG net.serenitybdd.core.photography.DarkroomProcessingLine - Processing screenshot image in /var/screenshots/screenshot-6261854468503016746
10:12:48.532 [Darkroom Processing Line] DEBUG net.serenitybdd.core.photography.DarkroomProcessingLine - Saving screenshot to target\site\serenity\cd9a98752748d0ccd61e08bd34cc55a14244c86b81026410cb02f27a39b403d5.png
10:12:48.539 [Forwarding getPageSource on session 0a4a3e2c70dfe092decae4645ca428dd to remote] DEBUG org.asynchttpclient.netty.request.NettyRequestSender - Using pooled Channel '[id: 0x27b94a63, L:/127.0.0.1:51687 - R:localhost/127.0.0.1:34717]' for 'POST' to 'http://localhost:34717/session/0a4a3e2c70dfe092decae4645ca428dd/execute/sync'
10:12:48.539 [Forwarding getPageSource on session 0a4a3e2c70dfe092decae4645ca428dd to remote] DEBUG org.asynchttpclient.netty.request.NettyRequestSender - Using open Channel [id: 0x27b94a63, L:/127.0.0.1:51687 - R:localhost/127.0.0.1:34717] for POST '/session/0a4a3e2c70dfe092decae4645ca428dd/execute/sync'
10:12:48.542 [AsyncHttpClient-1-5] DEBUG org.asynchttpclient.netty.handler.HttpHandler - 

Request DefaultHttpRequest(decodeResult: success, version: HTTP/1.1)
POST /session/0a4a3e2c70dfe092decae4645ca428dd/execute/sync HTTP/1.1
User-Agent: selenium/4.8.1 (java windows)
Content-Length: 176
Content-Type: application/json; charset=utf-8
host: localhost:34717
accept: */*

Response DefaultHttpResponse(decodeResult: success, version: HTTP/1.1)
HTTP/1.1 200 OK
Content-Length: 21737
Content-Type: application/json; charset=utf-8
cache-control: no-cache

10:12:48.542 [AsyncHttpClient-1-5] DEBUG org.asynchttpclient.netty.channel.ChannelManager - Adding key: http://localhost:34717 for channel [id: 0x27b94a63, L:/127.0.0.1:51687 - R:localhost/127.0.0.1:34717]
10:12:48.543 [Forwarding getCurrentUrl on session 0a4a3e2c70dfe092decae4645ca428dd to remote] DEBUG org.asynchttpclient.netty.request.NettyRequestSender - Using pooled Channel '[id: 0x27b94a63, L:/127.0.0.1:51687 - R:localhost/127.0.0.1:34717]' for 'GET' to 'http://localhost:34717/session/0a4a3e2c70dfe092decae4645ca428dd/url'
10:12:48.543 [Forwarding getCurrentUrl on session 0a4a3e2c70dfe092decae4645ca428dd to remote] DEBUG org.asynchttpclient.netty.request.NettyRequestSender - Using open Channel [id: 0x27b94a63, L:/127.0.0.1:51687 - R:localhost/127.0.0.1:34717] for GET '/session/0a4a3e2c70dfe092decae4645ca428dd/url'
10:12:48.547 [AsyncHttpClient-1-5] DEBUG org.asynchttpclient.netty.handler.HttpHandler - 

Request DefaultFullHttpRequest(decodeResult: success, version: HTTP/1.1, content: EmptyByteBufBE)
GET /session/0a4a3e2c70dfe092decae4645ca428dd/url HTTP/1.1
User-Agent: selenium/4.8.1 (java windows)
Cache-Control: no-cache
Content-Type: application/json; charset=utf-8
host: localhost:34717
accept: */*

Response DefaultHttpResponse(decodeResult: success, version: HTTP/1.1)
HTTP/1.1 200 OK
Content-Length: 51
Content-Type: application/json; charset=utf-8
cache-control: no-cache

10:12:48.547 [AsyncHttpClient-1-5] DEBUG org.asynchttpclient.netty.channel.ChannelManager - Adding key: http://localhost:34717 for channel [id: 0x27b94a63, L:/127.0.0.1:51687 - R:localhost/127.0.0.1:34717]
10:12:48.552 [Forwarding getPageSource on session 0a4a3e2c70dfe092decae4645ca428dd to remote] DEBUG org.asynchttpclient.netty.request.NettyRequestSender - Using pooled Channel '[id: 0x27b94a63, L:/127.0.0.1:51687 - R:localhost/127.0.0.1:34717]' for 'POST' to 'http://localhost:34717/session/0a4a3e2c70dfe092decae4645ca428dd/execute/sync'
10:12:48.552 [Forwarding getPageSource on session 0a4a3e2c70dfe092decae4645ca428dd to remote] DEBUG org.asynchttpclient.netty.request.NettyRequestSender - Using open Channel [id: 0x27b94a63, L:/127.0.0.1:51687 - R:localhost/127.0.0.1:34717] for POST '/session/0a4a3e2c70dfe092decae4645ca428dd/execute/sync'
10:12:48.557 [AsyncHttpClient-1-5] DEBUG org.asynchttpclient.netty.handler.HttpHandler - 

Request DefaultHttpRequest(decodeResult: success, version: HTTP/1.1)
POST /session/0a4a3e2c70dfe092decae4645ca428dd/execute/sync HTTP/1.1
User-Agent: selenium/4.8.1 (java windows)
Content-Length: 176
Content-Type: application/json; charset=utf-8
host: localhost:34717
accept: */*

Response DefaultHttpResponse(decodeResult: success, version: HTTP/1.1)
HTTP/1.1 200 OK
Content-Length: 21737
Content-Type: application/json; charset=utf-8
cache-control: no-cache

10:12:48.557 [AsyncHttpClient-1-5] DEBUG org.asynchttpclient.netty.channel.ChannelManager - Adding key: http://localhost:34717 for channel [id: 0x27b94a63, L:/127.0.0.1:51687 - R:localhost/127.0.0.1:34717]
10:12:48.558 [Forwarding getCurrentUrl on session 0a4a3e2c70dfe092decae4645ca428dd to remote] DEBUG org.asynchttpclient.netty.request.NettyRequestSender - Using pooled Channel '[id: 0x27b94a63, L:/127.0.0.1:51687 - R:localhost/127.0.0.1:34717]' for 'GET' to 'http://localhost:34717/session/0a4a3e2c70dfe092decae4645ca428dd/url'
10:12:48.558 [Forwarding getCurrentUrl on session 0a4a3e2c70dfe092decae4645ca428dd to remote] DEBUG org.asynchttpclient.netty.request.NettyRequestSender - Using open Channel [id: 0x27b94a63, L:/127.0.0.1:51687 - R:localhost/127.0.0.1:34717] for GET '/session/0a4a3e2c70dfe092decae4645ca428dd/url'
10:12:48.560 [AsyncHttpClient-1-5] DEBUG org.asynchttpclient.netty.handler.HttpHandler - 

Request DefaultFullHttpRequest(decodeResult: success, version: HTTP/1.1, content: EmptyByteBufBE)
GET /session/0a4a3e2c70dfe092decae4645ca428dd/url HTTP/1.1
User-Agent: selenium/4.8.1 (java windows)
Cache-Control: no-cache
Content-Type: application/json; charset=utf-8
host: localhost:34717
accept: */*

Response DefaultHttpResponse(decodeResult: success, version: HTTP/1.1)
HTTP/1.1 200 OK
Content-Length: 51
Content-Type: application/json; charset=utf-8
cache-control: no-cache

10:12:48.560 [AsyncHttpClient-1-5] DEBUG org.asynchttpclient.netty.channel.ChannelManager - Adding key: http://localhost:34717 for channel [id: 0x27b94a63, L:/127.0.0.1:51687 - R:localhost/127.0.0.1:34717]
10:12:48.561 [main] DEBUG net.thucydides.core.steps.StepInterceptor - STARTING STEP: LoginSteps.clickLoginButton - clickLoginButton
10:12:48.564 [Forwarding findElement on session 0a4a3e2c70dfe092decae4645ca428dd to remote] DEBUG org.asynchttpclient.netty.request.NettyRequestSender - Using pooled Channel '[id: 0x27b94a63, L:/127.0.0.1:51687 - R:localhost/127.0.0.1:34717]' for 'POST' to 'http://localhost:34717/session/0a4a3e2c70dfe092decae4645ca428dd/element'
10:12:48.564 [Forwarding findElement on session 0a4a3e2c70dfe092decae4645ca428dd to remote] DEBUG org.asynchttpclient.netty.request.NettyRequestSender - Using open Channel [id: 0x27b94a63, L:/127.0.0.1:51687 - R:localhost/127.0.0.1:34717] for POST '/session/0a4a3e2c70dfe092decae4645ca428dd/element'
10:12:48.574 [AsyncHttpClient-1-5] DEBUG org.asynchttpclient.netty.handler.HttpHandler - 

Request DefaultHttpRequest(decodeResult: success, version: HTTP/1.1)
POST /session/0a4a3e2c70dfe092decae4645ca428dd/element HTTP/1.1
User-Agent: selenium/4.8.1 (java windows)
Content-Length: 71
Content-Type: application/json; charset=utf-8
host: localhost:34717
accept: */*

Response DefaultHttpResponse(decodeResult: success, version: HTTP/1.1)
HTTP/1.1 200 OK
Content-Length: 88
Content-Type: application/json; charset=utf-8
cache-control: no-cache

10:12:48.574 [AsyncHttpClient-1-5] DEBUG org.asynchttpclient.netty.channel.ChannelManager - Adding key: http://localhost:34717 for channel [id: 0x27b94a63, L:/127.0.0.1:51687 - R:localhost/127.0.0.1:34717]
10:12:48.575 [Forwarding getElementTagName on session 0a4a3e2c70dfe092decae4645ca428dd to remote] DEBUG org.asynchttpclient.netty.request.NettyRequestSender - Using pooled Channel '[id: 0x27b94a63, L:/127.0.0.1:51687 - R:localhost/127.0.0.1:34717]' for 'GET' to 'http://localhost:34717/session/0a4a3e2c70dfe092decae4645ca428dd/element/0697f299-a8db-4a77-9e71-2a1f3c35fe62/name'
10:12:48.575 [Forwarding getElementTagName on session 0a4a3e2c70dfe092decae4645ca428dd to remote] DEBUG org.asynchttpclient.netty.request.NettyRequestSender - Using open Channel [id: 0x27b94a63, L:/127.0.0.1:51687 - R:localhost/127.0.0.1:34717] for GET '/session/0a4a3e2c70dfe092decae4645ca428dd/element/0697f299-a8db-4a77-9e71-2a1f3c35fe62/name'
10:12:48.577 [AsyncHttpClient-1-5] DEBUG org.asynchttpclient.netty.handler.HttpHandler - 

Request DefaultFullHttpRequest(decodeResult: success, version: HTTP/1.1, content: EmptyByteBufBE)
GET /session/0a4a3e2c70dfe092decae4645ca428dd/element/0697f299-a8db-4a77-9e71-2a1f3c35fe62/name HTTP/1.1
User-Agent: selenium/4.8.1 (java windows)
Cache-Control: no-cache
Content-Type: application/json; charset=utf-8
host: localhost:34717
accept: */*

Response DefaultHttpResponse(decodeResult: success, version: HTTP/1.1)
HTTP/1.1 200 OK
Content-Length: 18
Content-Type: application/json; charset=utf-8
cache-control: no-cache

10:12:48.577 [AsyncHttpClient-1-5] DEBUG org.asynchttpclient.netty.channel.ChannelManager - Adding key: http://localhost:34717 for channel [id: 0x27b94a63, L:/127.0.0.1:51687 - R:localhost/127.0.0.1:34717]
10:12:48.578 [Forwarding getElementTagName on session 0a4a3e2c70dfe092decae4645ca428dd to remote] DEBUG org.asynchttpclient.netty.request.NettyRequestSender - Using pooled Channel '[id: 0x27b94a63, L:/127.0.0.1:51687 - R:localhost/127.0.0.1:34717]' for 'GET' to 'http://localhost:34717/session/0a4a3e2c70dfe092decae4645ca428dd/element/0697f299-a8db-4a77-9e71-2a1f3c35fe62/name'
10:12:48.578 [Forwarding getElementTagName on session 0a4a3e2c70dfe092decae4645ca428dd to remote] DEBUG org.asynchttpclient.netty.request.NettyRequestSender - Using open Channel [id: 0x27b94a63, L:/127.0.0.1:51687 - R:localhost/127.0.0.1:34717] for GET '/session/0a4a3e2c70dfe092decae4645ca428dd/element/0697f299-a8db-4a77-9e71-2a1f3c35fe62/name'
10:12:48.581 [AsyncHttpClient-1-5] DEBUG org.asynchttpclient.netty.handler.HttpHandler - 

Request DefaultFullHttpRequest(decodeResult: success, version: HTTP/1.1, content: EmptyByteBufBE)
GET /session/0a4a3e2c70dfe092decae4645ca428dd/element/0697f299-a8db-4a77-9e71-2a1f3c35fe62/name HTTP/1.1
User-Agent: selenium/4.8.1 (java windows)
Cache-Control: no-cache
Content-Type: application/json; charset=utf-8
host: localhost:34717
accept: */*

Response DefaultHttpResponse(decodeResult: success, version: HTTP/1.1)
HTTP/1.1 200 OK
Content-Length: 18
Content-Type: application/json; charset=utf-8
cache-control: no-cache

10:12:48.581 [AsyncHttpClient-1-5] DEBUG org.asynchttpclient.netty.channel.ChannelManager - Adding key: http://localhost:34717 for channel [id: 0x27b94a63, L:/127.0.0.1:51687 - R:localhost/127.0.0.1:34717]
10:12:48.582 [Forwarding isElementEnabled on session 0a4a3e2c70dfe092decae4645ca428dd to remote] DEBUG org.asynchttpclient.netty.request.NettyRequestSender - Using pooled Channel '[id: 0x27b94a63, L:/127.0.0.1:51687 - R:localhost/127.0.0.1:34717]' for 'GET' to 'http://localhost:34717/session/0a4a3e2c70dfe092decae4645ca428dd/element/0697f299-a8db-4a77-9e71-2a1f3c35fe62/enabled'
10:12:48.582 [Forwarding isElementEnabled on session 0a4a3e2c70dfe092decae4645ca428dd to remote] DEBUG org.asynchttpclient.netty.request.NettyRequestSender - Using open Channel [id: 0x27b94a63, L:/127.0.0.1:51687 - R:localhost/127.0.0.1:34717] for GET '/session/0a4a3e2c70dfe092decae4645ca428dd/element/0697f299-a8db-4a77-9e71-2a1f3c35fe62/enabled'
10:12:48.590 [AsyncHttpClient-1-5] DEBUG org.asynchttpclient.netty.handler.HttpHandler - 

Request DefaultFullHttpRequest(decodeResult: success, version: HTTP/1.1, content: EmptyByteBufBE)
GET /session/0a4a3e2c70dfe092decae4645ca428dd/element/0697f299-a8db-4a77-9e71-2a1f3c35fe62/enabled HTTP/1.1
User-Agent: selenium/4.8.1 (java windows)
Cache-Control: no-cache
Content-Type: application/json; charset=utf-8
host: localhost:34717
accept: */*

Response DefaultHttpResponse(decodeResult: success, version: HTTP/1.1)
HTTP/1.1 200 OK
Content-Length: 14
Content-Type: application/json; charset=utf-8
cache-control: no-cache

10:12:48.590 [AsyncHttpClient-1-5] DEBUG org.asynchttpclient.netty.channel.ChannelManager - Adding key: http://localhost:34717 for channel [id: 0x27b94a63, L:/127.0.0.1:51687 - R:localhost/127.0.0.1:34717]
10:12:48.590 [Forwarding isElementEnabled on session 0a4a3e2c70dfe092decae4645ca428dd to remote] DEBUG org.asynchttpclient.netty.request.NettyRequestSender - Using pooled Channel '[id: 0x27b94a63, L:/127.0.0.1:51687 - R:localhost/127.0.0.1:34717]' for 'GET' to 'http://localhost:34717/session/0a4a3e2c70dfe092decae4645ca428dd/element/0697f299-a8db-4a77-9e71-2a1f3c35fe62/enabled'
10:12:48.590 [Forwarding isElementEnabled on session 0a4a3e2c70dfe092decae4645ca428dd to remote] DEBUG org.asynchttpclient.netty.request.NettyRequestSender - Using open Channel [id: 0x27b94a63, L:/127.0.0.1:51687 - R:localhost/127.0.0.1:34717] for GET '/session/0a4a3e2c70dfe092decae4645ca428dd/element/0697f299-a8db-4a77-9e71-2a1f3c35fe62/enabled'
10:12:48.594 [AsyncHttpClient-1-5] DEBUG org.asynchttpclient.netty.handler.HttpHandler - 

Request DefaultFullHttpRequest(decodeResult: success, version: HTTP/1.1, content: EmptyByteBufBE)
GET /session/0a4a3e2c70dfe092decae4645ca428dd/element/0697f299-a8db-4a77-9e71-2a1f3c35fe62/enabled HTTP/1.1
User-Agent: selenium/4.8.1 (java windows)
Cache-Control: no-cache
Content-Type: application/json; charset=utf-8
host: localhost:34717
accept: */*

Response DefaultHttpResponse(decodeResult: success, version: HTTP/1.1)
HTTP/1.1 200 OK
Content-Length: 14
Content-Type: application/json; charset=utf-8
cache-control: no-cache

10:12:48.594 [AsyncHttpClient-1-5] DEBUG org.asynchttpclient.netty.channel.ChannelManager - Adding key: http://localhost:34717 for channel [id: 0x27b94a63, L:/127.0.0.1:51687 - R:localhost/127.0.0.1:34717]
10:12:48.596 [Forwarding findElement on session 0a4a3e2c70dfe092decae4645ca428dd to remote] DEBUG org.asynchttpclient.netty.request.NettyRequestSender - Using pooled Channel '[id: 0x27b94a63, L:/127.0.0.1:51687 - R:localhost/127.0.0.1:34717]' for 'POST' to 'http://localhost:34717/session/0a4a3e2c70dfe092decae4645ca428dd/element'
10:12:48.596 [Forwarding findElement on session 0a4a3e2c70dfe092decae4645ca428dd to remote] DEBUG org.asynchttpclient.netty.request.NettyRequestSender - Using open Channel [id: 0x27b94a63, L:/127.0.0.1:51687 - R:localhost/127.0.0.1:34717] for POST '/session/0a4a3e2c70dfe092decae4645ca428dd/element'
10:12:48.601 [AsyncHttpClient-1-5] DEBUG org.asynchttpclient.netty.handler.HttpHandler - 

Request DefaultHttpRequest(decodeResult: success, version: HTTP/1.1)
POST /session/0a4a3e2c70dfe092decae4645ca428dd/element HTTP/1.1
User-Agent: selenium/4.8.1 (java windows)
Content-Length: 71
Content-Type: application/json; charset=utf-8
host: localhost:34717
accept: */*

Response DefaultHttpResponse(decodeResult: success, version: HTTP/1.1)
HTTP/1.1 200 OK
Content-Length: 88
Content-Type: application/json; charset=utf-8
cache-control: no-cache

10:12:48.601 [AsyncHttpClient-1-5] DEBUG org.asynchttpclient.netty.channel.ChannelManager - Adding key: http://localhost:34717 for channel [id: 0x27b94a63, L:/127.0.0.1:51687 - R:localhost/127.0.0.1:34717]
10:12:48.601 [Forwarding clickElement on session 0a4a3e2c70dfe092decae4645ca428dd to remote] DEBUG org.asynchttpclient.netty.request.NettyRequestSender - Using pooled Channel '[id: 0x27b94a63, L:/127.0.0.1:51687 - R:localhost/127.0.0.1:34717]' for 'POST' to 'http://localhost:34717/session/0a4a3e2c70dfe092decae4645ca428dd/element/0697f299-a8db-4a77-9e71-2a1f3c35fe62/click'
10:12:48.602 [Forwarding clickElement on session 0a4a3e2c70dfe092decae4645ca428dd to remote] DEBUG org.asynchttpclient.netty.request.NettyRequestSender - Using open Channel [id: 0x27b94a63, L:/127.0.0.1:51687 - R:localhost/127.0.0.1:34717] for POST '/session/0a4a3e2c70dfe092decae4645ca428dd/element/0697f299-a8db-4a77-9e71-2a1f3c35fe62/click'
10:12:48.639 [AsyncHttpClient-1-5] DEBUG org.asynchttpclient.netty.handler.HttpHandler - 

Request DefaultHttpRequest(decodeResult: success, version: HTTP/1.1)
POST /session/0a4a3e2c70dfe092decae4645ca428dd/element/0697f299-a8db-4a77-9e71-2a1f3c35fe62/click HTTP/1.1
User-Agent: selenium/4.8.1 (java windows)
Content-Length: 50
Content-Type: application/json; charset=utf-8
host: localhost:34717
accept: */*

Response DefaultHttpResponse(decodeResult: success, version: HTTP/1.1)
HTTP/1.1 200 OK
Content-Length: 14
Content-Type: application/json; charset=utf-8
cache-control: no-cache

10:12:48.639 [AsyncHttpClient-1-5] DEBUG org.asynchttpclient.netty.channel.ChannelManager - Adding key: http://localhost:34717 for channel [id: 0x27b94a63, L:/127.0.0.1:51687 - R:localhost/127.0.0.1:34717]
10:12:48.643 [Forwarding getAlertText on session 0a4a3e2c70dfe092decae4645ca428dd to remote] DEBUG org.asynchttpclient.netty.request.NettyRequestSender - Using pooled Channel '[id: 0x27b94a63, L:/127.0.0.1:51687 - R:localhost/127.0.0.1:34717]' for 'GET' to 'http://localhost:34717/session/0a4a3e2c70dfe092decae4645ca428dd/alert/text'
10:12:48.643 [Forwarding getAlertText on session 0a4a3e2c70dfe092decae4645ca428dd to remote] DEBUG org.asynchttpclient.netty.request.NettyRequestSender - Using open Channel [id: 0x27b94a63, L:/127.0.0.1:51687 - R:localhost/127.0.0.1:34717] for GET '/session/0a4a3e2c70dfe092decae4645ca428dd/alert/text'
10:12:48.646 [AsyncHttpClient-1-5] DEBUG org.asynchttpclient.netty.handler.HttpHandler - 

Request DefaultFullHttpRequest(decodeResult: success, version: HTTP/1.1, content: EmptyByteBufBE)
GET /session/0a4a3e2c70dfe092decae4645ca428dd/alert/text HTTP/1.1
User-Agent: selenium/4.8.1 (java windows)
Cache-Control: no-cache
Content-Type: application/json; charset=utf-8
host: localhost:34717
accept: */*

Response DefaultHttpResponse(decodeResult: success, version: HTTP/1.1)
HTTP/1.1 404 Not Found
Content-Length: 836
Content-Type: application/json; charset=utf-8
cache-control: no-cache

10:12:48.646 [AsyncHttpClient-1-5] DEBUG org.asynchttpclient.netty.channel.ChannelManager - Adding key: http://localhost:34717 for channel [id: 0x27b94a63, L:/127.0.0.1:51687 - R:localhost/127.0.0.1:34717]
10:12:48.647 [Forwarding getCurrentUrl on session 0a4a3e2c70dfe092decae4645ca428dd to remote] DEBUG org.asynchttpclient.netty.request.NettyRequestSender - Using pooled Channel '[id: 0x27b94a63, L:/127.0.0.1:51687 - R:localhost/127.0.0.1:34717]' for 'GET' to 'http://localhost:34717/session/0a4a3e2c70dfe092decae4645ca428dd/url'
10:12:48.647 [Forwarding getCurrentUrl on session 0a4a3e2c70dfe092decae4645ca428dd to remote] DEBUG org.asynchttpclient.netty.request.NettyRequestSender - Using open Channel [id: 0x27b94a63, L:/127.0.0.1:51687 - R:localhost/127.0.0.1:34717] for GET '/session/0a4a3e2c70dfe092decae4645ca428dd/url'
10:12:48.649 [AsyncHttpClient-1-5] DEBUG org.asynchttpclient.netty.handler.HttpHandler - 

Request DefaultFullHttpRequest(decodeResult: success, version: HTTP/1.1, content: EmptyByteBufBE)
GET /session/0a4a3e2c70dfe092decae4645ca428dd/url HTTP/1.1
User-Agent: selenium/4.8.1 (java windows)
Cache-Control: no-cache
Content-Type: application/json; charset=utf-8
host: localhost:34717
accept: */*

Response DefaultHttpResponse(decodeResult: success, version: HTTP/1.1)
HTTP/1.1 200 OK
Content-Length: 51
Content-Type: application/json; charset=utf-8
cache-control: no-cache

10:12:48.649 [AsyncHttpClient-1-5] DEBUG org.asynchttpclient.netty.channel.ChannelManager - Adding key: http://localhost:34717 for channel [id: 0x27b94a63, L:/127.0.0.1:51687 - R:localhost/127.0.0.1:34717]
10:12:48.649 [Forwarding screenshot on session 0a4a3e2c70dfe092decae4645ca428dd to remote] DEBUG org.asynchttpclient.netty.request.NettyRequestSender - Using pooled Channel '[id: 0x27b94a63, L:/127.0.0.1:51687 - R:localhost/127.0.0.1:34717]' for 'GET' to 'http://localhost:34717/session/0a4a3e2c70dfe092decae4645ca428dd/screenshot'
10:12:48.649 [Forwarding screenshot on session 0a4a3e2c70dfe092decae4645ca428dd to remote] DEBUG org.asynchttpclient.netty.request.NettyRequestSender - Using open Channel [id: 0x27b94a63, L:/127.0.0.1:51687 - R:localhost/127.0.0.1:34717] for GET '/session/0a4a3e2c70dfe092decae4645ca428dd/screenshot'
10:12:48.749 [AsyncHttpClient-1-5] DEBUG org.asynchttpclient.netty.handler.HttpHandler - 

Request DefaultFullHttpRequest(decodeResult: success, version: HTTP/1.1, content: EmptyByteBufBE)
GET /session/0a4a3e2c70dfe092decae4645ca428dd/screenshot HTTP/1.1
User-Agent: selenium/4.8.1 (java windows)
Cache-Control: no-cache
Content-Type: application/json; charset=utf-8
host: localhost:34717
accept: */*

Response DefaultHttpResponse(decodeResult: success, version: HTTP/1.1)
HTTP/1.1 200 OK
Content-Length: 33428
Content-Type: application/json; charset=utf-8
cache-control: no-cache

10:12:48.749 [AsyncHttpClient-1-5] DEBUG org.asynchttpclient.netty.channel.ChannelManager - Adding key: http://localhost:34717 for channel [id: 0x27b94a63, L:/127.0.0.1:51687 - R:localhost/127.0.0.1:34717]
10:12:48.750 [main] DEBUG net.serenitybdd.core.photography.Darkroom - Send negative for processing for target\site\serenity\ea9cbebd52b1600e412b54ab25761833ada449f48a4094e742a97f62d8ffb7aa.png
10:12:48.750 [main] DEBUG net.thucydides.core.steps.StepInterceptor - STEP DONE: clickLoginButton
  &amp#27;[32mWhen &amp#27;[0m&amp#27;[32mI click on the login button&amp#27;[0m       &amp#27;[90m# starter.stepdefinitions.LoginSteps.clickLoginButton()&amp#27;[0m
10:12:48.751 [Darkroom Processing Line] DEBUG net.serenitybdd.core.photography.DarkroomProcessingLine - Processing screenshot image in /var/screenshots/screenshot-4273826056786376230
10:12:48.751 [Darkroom Processing Line] DEBUG net.serenitybdd.core.photography.DarkroomProcessingLine - Saving screenshot to target\site\serenity\ea9cbebd52b1600e412b54ab25761833ada449f48a4094e742a97f62d8ffb7aa.png
10:12:48.756 [Forwarding getPageSource on session 0a4a3e2c70dfe092decae4645ca428dd to remote] DEBUG org.asynchttpclient.netty.request.NettyRequestSender - Using pooled Channel '[id: 0x27b94a63, L:/127.0.0.1:51687 - R:localhost/127.0.0.1:34717]' for 'POST' to 'http://localhost:34717/session/0a4a3e2c70dfe092decae4645ca428dd/execute/sync'
10:12:48.756 [Forwarding getPageSource on session 0a4a3e2c70dfe092decae4645ca428dd to remote] DEBUG org.asynchttpclient.netty.request.NettyRequestSender - Using open Channel [id: 0x27b94a63, L:/127.0.0.1:51687 - R:localhost/127.0.0.1:34717] for POST '/session/0a4a3e2c70dfe092decae4645ca428dd/execute/sync'
10:12:48.760 [AsyncHttpClient-1-5] DEBUG org.asynchttpclient.netty.handler.HttpHandler - 

Request DefaultHttpRequest(decodeResult: success, version: HTTP/1.1)
POST /session/0a4a3e2c70dfe092decae4645ca428dd/execute/sync HTTP/1.1
User-Agent: selenium/4.8.1 (java windows)
Content-Length: 176
Content-Type: application/json; charset=utf-8
host: localhost:34717
accept: */*

Response DefaultHttpResponse(decodeResult: success, version: HTTP/1.1)
HTTP/1.1 200 OK
Content-Length: 22001
Content-Type: application/json; charset=utf-8
cache-control: no-cache

10:12:48.760 [AsyncHttpClient-1-5] DEBUG org.asynchttpclient.netty.channel.ChannelManager - Adding key: http://localhost:34717 for channel [id: 0x27b94a63, L:/127.0.0.1:51687 - R:localhost/127.0.0.1:34717]
10:12:48.761 [Forwarding getCurrentUrl on session 0a4a3e2c70dfe092decae4645ca428dd to remote] DEBUG org.asynchttpclient.netty.request.NettyRequestSender - Using pooled Channel '[id: 0x27b94a63, L:/127.0.0.1:51687 - R:localhost/127.0.0.1:34717]' for 'GET' to 'http://localhost:34717/session/0a4a3e2c70dfe092decae4645ca428dd/url'
10:12:48.762 [Forwarding getCurrentUrl on session 0a4a3e2c70dfe092decae4645ca428dd to remote] DEBUG org.asynchttpclient.netty.request.NettyRequestSender - Using open Channel [id: 0x27b94a63, L:/127.0.0.1:51687 - R:localhost/127.0.0.1:34717] for GET '/session/0a4a3e2c70dfe092decae4645ca428dd/url'
10:12:48.765 [AsyncHttpClient-1-5] DEBUG org.asynchttpclient.netty.handler.HttpHandler - 

Request DefaultFullHttpRequest(decodeResult: success, version: HTTP/1.1, content: EmptyByteBufBE)
GET /session/0a4a3e2c70dfe092decae4645ca428dd/url HTTP/1.1
User-Agent: selenium/4.8.1 (java windows)
Cache-Control: no-cache
Content-Type: application/json; charset=utf-8
host: localhost:34717
accept: */*

Response DefaultHttpResponse(decodeResult: success, version: HTTP/1.1)
HTTP/1.1 200 OK
Content-Length: 51
Content-Type: application/json; charset=utf-8
cache-control: no-cache

10:12:48.765 [AsyncHttpClient-1-5] DEBUG org.asynchttpclient.netty.channel.ChannelManager - Adding key: http://localhost:34717 for channel [id: 0x27b94a63, L:/127.0.0.1:51687 - R:localhost/127.0.0.1:34717]
10:12:48.772 [Forwarding getPageSource on session 0a4a3e2c70dfe092decae4645ca428dd to remote] DEBUG org.asynchttpclient.netty.request.NettyRequestSender - Using pooled Channel '[id: 0x27b94a63, L:/127.0.0.1:51687 - R:localhost/127.0.0.1:34717]' for 'POST' to 'http://localhost:34717/session/0a4a3e2c70dfe092decae4645ca428dd/execute/sync'
10:12:48.772 [Forwarding getPageSource on session 0a4a3e2c70dfe092decae4645ca428dd to remote] DEBUG org.asynchttpclient.netty.request.NettyRequestSender - Using open Channel [id: 0x27b94a63, L:/127.0.0.1:51687 - R:localhost/127.0.0.1:34717] for POST '/session/0a4a3e2c70dfe092decae4645ca428dd/execute/sync'
10:12:48.775 [AsyncHttpClient-1-5] DEBUG org.asynchttpclient.netty.handler.HttpHandler - 

Request DefaultHttpRequest(decodeResult: success, version: HTTP/1.1)
POST /session/0a4a3e2c70dfe092decae4645ca428dd/execute/sync HTTP/1.1
User-Agent: selenium/4.8.1 (java windows)
Content-Length: 176
Content-Type: application/json; charset=utf-8
host: localhost:34717
accept: */*

Response DefaultHttpResponse(decodeResult: success, version: HTTP/1.1)
HTTP/1.1 200 OK
Content-Length: 22001
Content-Type: application/json; charset=utf-8
cache-control: no-cache

10:12:48.775 [AsyncHttpClient-1-5] DEBUG org.asynchttpclient.netty.channel.ChannelManager - Adding key: http://localhost:34717 for channel [id: 0x27b94a63, L:/127.0.0.1:51687 - R:localhost/127.0.0.1:34717]
10:12:48.776 [Forwarding getCurrentUrl on session 0a4a3e2c70dfe092decae4645ca428dd to remote] DEBUG org.asynchttpclient.netty.request.NettyRequestSender - Using pooled Channel '[id: 0x27b94a63, L:/127.0.0.1:51687 - R:localhost/127.0.0.1:34717]' for 'GET' to 'http://localhost:34717/session/0a4a3e2c70dfe092decae4645ca428dd/url'
10:12:48.776 [Forwarding getCurrentUrl on session 0a4a3e2c70dfe092decae4645ca428dd to remote] DEBUG org.asynchttpclient.netty.request.NettyRequestSender - Using open Channel [id: 0x27b94a63, L:/127.0.0.1:51687 - R:localhost/127.0.0.1:34717] for GET '/session/0a4a3e2c70dfe092decae4645ca428dd/url'
10:12:48.779 [AsyncHttpClient-1-5] DEBUG org.asynchttpclient.netty.handler.HttpHandler - 

Request DefaultFullHttpRequest(decodeResult: success, version: HTTP/1.1, content: EmptyByteBufBE)
GET /session/0a4a3e2c70dfe092decae4645ca428dd/url HTTP/1.1
User-Agent: selenium/4.8.1 (java windows)
Cache-Control: no-cache
Content-Type: application/json; charset=utf-8
host: localhost:34717
accept: */*

Response DefaultHttpResponse(decodeResult: success, version: HTTP/1.1)
HTTP/1.1 200 OK
Content-Length: 51
Content-Type: application/json; charset=utf-8
cache-control: no-cache

10:12:48.780 [AsyncHttpClient-1-5] DEBUG org.asynchttpclient.netty.channel.ChannelManager - Adding key: http://localhost:34717 for channel [id: 0x27b94a63, L:/127.0.0.1:51687 - R:localhost/127.0.0.1:34717]
10:12:48.780 [main] DEBUG net.thucydides.core.steps.StepInterceptor - STARTING STEP: LoginSteps.alertContent - incorrectAlert
10:12:48.781 [Forwarding findElement on session 0a4a3e2c70dfe092decae4645ca428dd to remote] DEBUG org.asynchttpclient.netty.request.NettyRequestSender - Using pooled Channel '[id: 0x27b94a63, L:/127.0.0.1:51687 - R:localhost/127.0.0.1:34717]' for 'POST' to 'http://localhost:34717/session/0a4a3e2c70dfe092decae4645ca428dd/element'
10:12:48.781 [Forwarding findElement on session 0a4a3e2c70dfe092decae4645ca428dd to remote] DEBUG org.asynchttpclient.netty.request.NettyRequestSender - Using open Channel [id: 0x27b94a63, L:/127.0.0.1:51687 - R:localhost/127.0.0.1:34717] for POST '/session/0a4a3e2c70dfe092decae4645ca428dd/element'
10:12:48.859 [AsyncHttpClient-1-5] DEBUG org.asynchttpclient.netty.handler.HttpHandler - 

Request DefaultHttpRequest(decodeResult: success, version: HTTP/1.1)
POST /session/0a4a3e2c70dfe092decae4645ca428dd/element HTTP/1.1
User-Agent: selenium/4.8.1 (java windows)
Content-Length: 54
Content-Type: application/json; charset=utf-8
host: localhost:34717
accept: */*

Response DefaultHttpResponse(decodeResult: success, version: HTTP/1.1)
HTTP/1.1 200 OK
Content-Length: 88
Content-Type: application/json; charset=utf-8
cache-control: no-cache

10:12:48.859 [AsyncHttpClient-1-5] DEBUG org.asynchttpclient.netty.channel.ChannelManager - Adding key: http://localhost:34717 for channel [id: 0x27b94a63, L:/127.0.0.1:51687 - R:localhost/127.0.0.1:34717]
10:12:48.861 [Forwarding isElementDisplayed on session 0a4a3e2c70dfe092decae4645ca428dd to remote] DEBUG org.asynchttpclient.netty.request.NettyRequestSender - Using pooled Channel '[id: 0x27b94a63, L:/127.0.0.1:51687 - R:localhost/127.0.0.1:34717]' for 'POST' to 'http://localhost:34717/session/0a4a3e2c70dfe092decae4645ca428dd/execute/sync'
10:12:48.861 [Forwarding isElementDisplayed on session 0a4a3e2c70dfe092decae4645ca428dd to remote] DEBUG org.asynchttpclient.netty.request.NettyRequestSender - Using open Channel [id: 0x27b94a63, L:/127.0.0.1:51687 - R:localhost/127.0.0.1:34717] for POST '/session/0a4a3e2c70dfe092decae4645ca428dd/execute/sync'
10:12:48.874 [AsyncHttpClient-1-5] DEBUG org.asynchttpclient.netty.handler.HttpHandler - 

Request DefaultHttpRequest(decodeResult: success, version: HTTP/1.1)
POST /session/0a4a3e2c70dfe092decae4645ca428dd/execute/sync HTTP/1.1
User-Agent: selenium/4.8.1 (java windows)
Content-Length: 48807
Content-Type: application/json; charset=utf-8
host: localhost:34717
accept: */*

Response DefaultHttpResponse(decodeResult: success, version: HTTP/1.1)
HTTP/1.1 200 OK
Content-Length: 14
Content-Type: application/json; charset=utf-8
cache-control: no-cache

10:12:48.875 [AsyncHttpClient-1-5] DEBUG org.asynchttpclient.netty.channel.ChannelManager - Adding key: http://localhost:34717 for channel [id: 0x27b94a63, L:/127.0.0.1:51687 - R:localhost/127.0.0.1:34717]
10:12:48.878 [Forwarding getAlertText on session 0a4a3e2c70dfe092decae4645ca428dd to remote] DEBUG org.asynchttpclient.netty.request.NettyRequestSender - Using pooled Channel '[id: 0x27b94a63, L:/127.0.0.1:51687 - R:localhost/127.0.0.1:34717]' for 'GET' to 'http://localhost:34717/session/0a4a3e2c70dfe092decae4645ca428dd/alert/text'
10:12:48.878 [Forwarding getAlertText on session 0a4a3e2c70dfe092decae4645ca428dd to remote] DEBUG org.asynchttpclient.netty.request.NettyRequestSender - Using open Channel [id: 0x27b94a63, L:/127.0.0.1:51687 - R:localhost/127.0.0.1:34717] for GET '/session/0a4a3e2c70dfe092decae4645ca428dd/alert/text'
10:12:48.880 [AsyncHttpClient-1-5] DEBUG org.asynchttpclient.netty.handler.HttpHandler - 

Request DefaultFullHttpRequest(decodeResult: success, version: HTTP/1.1, content: EmptyByteBufBE)
GET /session/0a4a3e2c70dfe092decae4645ca428dd/alert/text HTTP/1.1
User-Agent: selenium/4.8.1 (java windows)
Cache-Control: no-cache
Content-Type: application/json; charset=utf-8
host: localhost:34717
accept: */*

Response DefaultHttpResponse(decodeResult: success, version: HTTP/1.1)
HTTP/1.1 404 Not Found
Content-Length: 836
Content-Type: application/json; charset=utf-8
cache-control: no-cache

10:12:48.880 [AsyncHttpClient-1-5] DEBUG org.asynchttpclient.netty.channel.ChannelManager - Adding key: http://localhost:34717 for channel [id: 0x27b94a63, L:/127.0.0.1:51687 - R:localhost/127.0.0.1:34717]
10:12:48.880 [Forwarding getCurrentUrl on session 0a4a3e2c70dfe092decae4645ca428dd to remote] DEBUG org.asynchttpclient.netty.request.NettyRequestSender - Using pooled Channel '[id: 0x27b94a63, L:/127.0.0.1:51687 - R:localhost/127.0.0.1:34717]' for 'GET' to 'http://localhost:34717/session/0a4a3e2c70dfe092decae4645ca428dd/url'
10:12:48.880 [Forwarding getCurrentUrl on session 0a4a3e2c70dfe092decae4645ca428dd to remote] DEBUG org.asynchttpclient.netty.request.NettyRequestSender - Using open Channel [id: 0x27b94a63, L:/127.0.0.1:51687 - R:localhost/127.0.0.1:34717] for GET '/session/0a4a3e2c70dfe092decae4645ca428dd/url'
10:12:48.883 [AsyncHttpClient-1-5] DEBUG org.asynchttpclient.netty.handler.HttpHandler - 

Request DefaultFullHttpRequest(decodeResult: success, version: HTTP/1.1, content: EmptyByteBufBE)
GET /session/0a4a3e2c70dfe092decae4645ca428dd/url HTTP/1.1
User-Agent: selenium/4.8.1 (java windows)
Cache-Control: no-cache
Content-Type: application/json; charset=utf-8
host: localhost:34717
accept: */*

Response DefaultHttpResponse(decodeResult: success, version: HTTP/1.1)
HTTP/1.1 200 OK
Content-Length: 51
Content-Type: application/json; charset=utf-8
cache-control: no-cache

10:12:48.883 [AsyncHttpClient-1-5] DEBUG org.asynchttpclient.netty.channel.ChannelManager - Adding key: http://localhost:34717 for channel [id: 0x27b94a63, L:/127.0.0.1:51687 - R:localhost/127.0.0.1:34717]
10:12:48.883 [Forwarding screenshot on session 0a4a3e2c70dfe092decae4645ca428dd to remote] DEBUG org.asynchttpclient.netty.request.NettyRequestSender - Using pooled Channel '[id: 0x27b94a63, L:/127.0.0.1:51687 - R:localhost/127.0.0.1:34717]' for 'GET' to 'http://localhost:34717/session/0a4a3e2c70dfe092decae4645ca428dd/screenshot'
10:12:48.883 [Forwarding screenshot on session 0a4a3e2c70dfe092decae4645ca428dd to remote] DEBUG org.asynchttpclient.netty.request.NettyRequestSender - Using open Channel [id: 0x27b94a63, L:/127.0.0.1:51687 - R:localhost/127.0.0.1:34717] for GET '/session/0a4a3e2c70dfe092decae4645ca428dd/screenshot'
10:12:49.012 [AsyncHttpClient-1-5] DEBUG org.asynchttpclient.netty.handler.HttpHandler - 

Request DefaultFullHttpRequest(decodeResult: success, version: HTTP/1.1, content: EmptyByteBufBE)
GET /session/0a4a3e2c70dfe092decae4645ca428dd/screenshot HTTP/1.1
User-Agent: selenium/4.8.1 (java windows)
Cache-Control: no-cache
Content-Type: application/json; charset=utf-8
host: localhost:34717
accept: */*

Response DefaultHttpResponse(decodeResult: success, version: HTTP/1.1)
HTTP/1.1 200 OK
Content-Length: 38384
Content-Type: application/json; charset=utf-8
cache-control: no-cache

10:12:49.012 [AsyncHttpClient-1-5] DEBUG org.asynchttpclient.netty.channel.ChannelManager - Adding key: http://localhost:34717 for channel [id: 0x27b94a63, L:/127.0.0.1:51687 - R:localhost/127.0.0.1:34717]
10:12:49.013 [main] DEBUG net.serenitybdd.core.photography.Darkroom - Send negative for processing for target\site\serenity\fb20cdff2631f7560b94d8fa9a6cfad5b12e1fb155b8054f52b9ee68591c6854.png
10:12:49.014 [main] DEBUG net.thucydides.core.steps.StepInterceptor - STEP DONE: incorrectAlert
10:12:49.014 [Darkroom Processing Line] DEBUG net.serenitybdd.core.photography.DarkroomProcessingLine - Processing screenshot image in /var/screenshots/screenshot-6673287192065399363
10:12:49.014 [Darkroom Processing Line] DEBUG net.serenitybdd.core.photography.DarkroomProcessingLine - Saving screenshot to target\site\serenity\fb20cdff2631f7560b94d8fa9a6cfad5b12e1fb155b8054f52b9ee68591c6854.png
  &amp#27;[32mThen &amp#27;[0m&amp#27;[32mI should see the error message&amp#27;[0m    &amp#27;[90m# starter.stepdefinitions.LoginSteps.alertContent()&amp#27;[0m
10:12:49.018 [main] INFO  - 
  _____   ___   ___   _____     ___     _     ___   ___   ___   ___  
 |_   _| | __| / __| |_   _|   | _ \   /_\   / __| / __| | __| |   \ 
   | |   | _|  \__ \   | |     |  _/  / _ \  \__ \ \__ \ | _|  | |) |
   |_|   |___| |___/   |_|     |_|   /_/ \_\ |___/ |___/ |___| |___/ 

Login without input any fields
----------------------------------------------------------------------
10:12:49.018 [AsyncHttpClient-1-7] DEBUG org.asynchttpclient.netty.handler.WebSocketHandler - Channel Closed: [id: 0x56cbed2c, L:/127.0.0.1:51695 ! R:localhost/127.0.0.1:51688] with attribute NettyResponseFuture{currentRetry=0,
	isDone=1,
	isCancelled=0,
	asyncHandler=org.asynchttpclient.ws.WebSocketUpgradeHandler@4141ba2c,
	nettyRequest=org.asynchttpclient.netty.request.NettyRequest@1d3d8c42,
	future=java.util.concurrent.CompletableFuture@26a9eded[Completed normally],
	uri=ws://localhost:51688/devtools/browser/f04cbbeb-df26-4153-b088-a5df8e843098,
	keepAlive=true,
	redirectCount=0,
	timeoutsHolder=null,
	inAuth=0,
	touch=1683429166555}
10:12:49.018 [AsyncHttpClient-1-7] DEBUG org.asynchttpclient.netty.channel.ChannelManager - Closing Channel [id: 0x56cbed2c, L:/127.0.0.1:51695 ! R:localhost/127.0.0.1:51688] 
10:12:49.018 [Driver Command Executor] DEBUG org.asynchttpclient.netty.request.NettyRequestSender - Using pooled Channel '[id: 0x27b94a63, L:/127.0.0.1:51687 - R:localhost/127.0.0.1:34717]' for 'DELETE' to 'http://localhost:34717/session/0a4a3e2c70dfe092decae4645ca428dd'
10:12:49.018 [Driver Command Executor] DEBUG org.asynchttpclient.netty.request.NettyRequestSender - Using open Channel [id: 0x27b94a63, L:/127.0.0.1:51687 - R:localhost/127.0.0.1:34717] for DELETE '/session/0a4a3e2c70dfe092decae4645ca428dd'
10:12:49.104 [AsyncHttpClient-1-1] DEBUG org.asynchttpclient.netty.channel.DefaultChannelPool - Entry count for : http://localhost:51688 : 1
10:12:49.121 [AsyncHttpClient-1-6] DEBUG org.asynchttpclient.netty.handler.HttpHandler - Unexpected I/O exception on channel [id: 0xe17692aa, L:/127.0.0.1:51694 - R:localhost/127.0.0.1:51688]
java.io.IOException: An existing connection was forcibly closed by the remote host
	at java.base/sun.nio.ch.SocketDispatcher.read0(Native Method)
	at java.base/sun.nio.ch.SocketDispatcher.read(SocketDispatcher.java:43)
	at java.base/sun.nio.ch.IOUtil.readIntoNativeBuffer(IOUtil.java:276)
	at java.base/sun.nio.ch.IOUtil.read(IOUtil.java:233)
	at java.base/sun.nio.ch.IOUtil.read(IOUtil.java:223)
	at java.base/sun.nio.ch.SocketChannelImpl.read(SocketChannelImpl.java:358)
	at io.netty.buffer.PooledByteBuf.setBytes(PooledByteBuf.java:259)
	at io.netty.buffer.AbstractByteBuf.writeBytes(AbstractByteBuf.java:1132)
	at io.netty.channel.socket.nio.NioSocketChannel.doReadBytes(NioSocketChannel.java:357)
	at io.netty.channel.nio.AbstractNioByteChannel$NioByteUnsafe.read(AbstractNioByteChannel.java:151)
	at io.netty.channel.nio.NioEventLoop.processSelectedKey(NioEventLoop.java:788)
	at io.netty.channel.nio.NioEventLoop.processSelectedKeysOptimized(NioEventLoop.java:724)
	at io.netty.channel.nio.NioEventLoop.processSelectedKeys(NioEventLoop.java:650)
	at io.netty.channel.nio.NioEventLoop.run(NioEventLoop.java:562)
	at io.netty.util.concurrent.SingleThreadEventExecutor$4.run(SingleThreadEventExecutor.java:997)
	at io.netty.util.internal.ThreadExecutorMap$2.run(ThreadExecutorMap.java:74)
	at io.netty.util.concurrent.FastThreadLocalRunnable.run(FastThreadLocalRunnable.java:30)
	at java.base/java.lang.Thread.run(Thread.java:834)
10:12:49.121 [AsyncHttpClient-1-6] DEBUG org.asynchttpclient.netty.channel.ChannelManager - Closing Channel [id: 0xe17692aa, L:/127.0.0.1:51694 - R:localhost/127.0.0.1:51688] 
10:12:49.121 [AsyncHttpClient-1-6] DEBUG org.asynchttpclient.netty.handler.HttpHandler - Channel Closed: [id: 0xe17692aa, L:/127.0.0.1:51694 ! R:localhost/127.0.0.1:51688] with attribute DISCARD
10:12:49.130 [AsyncHttpClient-1-5] DEBUG org.asynchttpclient.netty.handler.HttpHandler - 

Request DefaultFullHttpRequest(decodeResult: success, version: HTTP/1.1, content: EmptyByteBufBE)
DELETE /session/0a4a3e2c70dfe092decae4645ca428dd HTTP/1.1
User-Agent: selenium/4.8.1 (java windows)
Content-Type: application/json; charset=utf-8
host: localhost:34717
accept: */*

Response DefaultHttpResponse(decodeResult: success, version: HTTP/1.1)
HTTP/1.1 200 OK
Content-Length: 14
Content-Type: application/json; charset=utf-8
cache-control: no-cache

10:12:49.131 [AsyncHttpClient-1-5] DEBUG org.asynchttpclient.netty.channel.ChannelManager - Adding key: http://localhost:34717 for channel [id: 0x27b94a63, L:/127.0.0.1:51687 - R:localhost/127.0.0.1:34717]
10:12:49.157 [AsyncHttpClient-1-5] DEBUG org.asynchttpclient.netty.handler.HttpHandler - Channel Closed: [id: 0x27b94a63, L:/127.0.0.1:51687 ! R:localhost/127.0.0.1:34717] with attribute DISCARD
]]></system-out>
    <system-err><![CDATA[Starting ChromeDriver 111.0.5563.64 (c710e93d5b63b7095afe8c2c17df34408078439d-refs/branch-heads/5563@{#995}) on port 34717
Only local connections are allowed.
Please see https://chromedriver.chromium.org/security-considerations for suggestions on keeping ChromeDriver safe.
ChromeDriver was started successfully.
May 07, 2023 10:12:46 AM org.openqa.selenium.devtools.CdpVersionFinder findNearestMatch
WARNING: Unable to find an exact match for CDP version 111, so returning the closest version found: 110
]]></system-err>
  </testcase>
  <testcase name="Logout from account" classname="Logout from Alta-shop Account" time="7.257">
    <system-out><![CDATA[10:12:49.685 [main] DEBUG io.cucumber.core.plugin.SerenityReporter - Running feature from file:///D:/WebMinpro/code/minpro/src/test/resources/features/3.%20Logout.feature
10:12:49.686 [main] DEBUG net.thucydides.core.steps.StepEventBus - Test suite started for story net.thucydides.core.model.Story@ae23688f
10:12:49.686 [main] INFO  - Test Suite Started: Logout from Alta-shop Account

Scenario: Logout from account                                &amp#27;[90m# src/test/resources/features/3. Logout.feature:7&amp#27;[0m
10:12:49.691 [main] DEBUG io.cucumber.core.plugin.SerenityReporter - Running feature from file:///D:/WebMinpro/code/minpro/src/test/resources/features/3.%20Logout.feature
10:12:49.692 [main] INFO  - 
  _____   ___   ___   _____     ___   _____     _     ___   _____   ___   ___  
 |_   _| | __| / __| |_   _|   / __| |_   _|   /_\   | _ \ |_   _| | __| |   \ 
   | |   | _|  \__ \   | |     \__ \   | |    / _ \  |   /   | |   | _|  | |) |
   |_|   |___| |___/   |_|     |___/   |_|   /_/ \_\ |_|_\   |_|   |___| |___/ 

Logout from account(logout-from-alta-shop-account;logout-from-account)
--------------------------------------------------------------------------------
10:12:49.704 [main] DEBUG net.thucydides.core.steps.StepInterceptor - STARTING STEP: LogoutSteps.onTheHomePage - openPage
10:12:49.874 [main] INFO net.serenitybdd.core.webdriver.driverproviders.ChromeDriverProvider - Starting Chrome driver instance with capabilities:
10:12:49.874 [main] INFO net.serenitybdd.core.webdriver.driverproviders.ChromeDriverProvider - Capabilities {acceptInsecureCerts: false, browserName: chrome, goog:chromeOptions: {args: [remote-allow-origins=*], extensions: []}}
10:12:49.951 [AsyncHttpClient-1-8] DEBUG org.asynchttpclient.netty.channel.NettyConnectListener - Using new Channel '[id: 0x88e1d254, L:/127.0.0.1:51711 - R:localhost/127.0.0.1:28992]' for 'POST' to '/session'
10:12:50.195 [AsyncHttpClient-1-1] DEBUG org.asynchttpclient.netty.channel.DefaultChannelPool - Entry count for : http://localhost:51688 : 1
10:12:50.195 [AsyncHttpClient-1-1] DEBUG org.asynchttpclient.netty.channel.DefaultChannelPool - Entry count for : http://localhost:34717 : 1
10:12:50.195 [AsyncHttpClient-1-1] DEBUG org.asynchttpclient.netty.channel.DefaultChannelPool - Adding Candidate expired Channel [id: 0xe17692aa, L:/127.0.0.1:51694 ! R:localhost/127.0.0.1:51688] isIdleTimeoutExpired=false isRemotelyClosed=true isTtlExpired=false
10:12:50.195 [AsyncHttpClient-1-1] DEBUG org.asynchttpclient.netty.channel.DefaultChannelPool - Closing Idle Channel [id: 0xe17692aa, L:/127.0.0.1:51694 ! R:localhost/127.0.0.1:51688]
10:12:50.195 [AsyncHttpClient-1-1] DEBUG org.asynchttpclient.netty.channel.DefaultChannelPool - Adding Candidate expired Channel [id: 0x27b94a63, L:/127.0.0.1:51687 ! R:localhost/127.0.0.1:34717] isIdleTimeoutExpired=false isRemotelyClosed=true isTtlExpired=false
10:12:50.195 [AsyncHttpClient-1-1] DEBUG org.asynchttpclient.netty.channel.DefaultChannelPool - Closing Idle Channel [id: 0x27b94a63, L:/127.0.0.1:51687 ! R:localhost/127.0.0.1:34717]
10:12:50.195 [AsyncHttpClient-1-1] DEBUG org.asynchttpclient.netty.channel.DefaultChannelPool - Closed 2 connections out of 2 in 0 ms
10:12:50.595 [AsyncHttpClient-1-8] DEBUG org.asynchttpclient.netty.handler.HttpHandler - 

Request DefaultHttpRequest(decodeResult: success, version: HTTP/1.1)
POST /session HTTP/1.1
User-Agent: selenium/4.8.1 (java windows)
Content-Length: 507
Content-Type: application/json; charset=utf-8
host: localhost:28992
accept: */*

Response DefaultHttpResponse(decodeResult: success, version: HTTP/1.1)
HTTP/1.1 200 OK
Content-Length: 858
Content-Type: application/json; charset=utf-8
cache-control: no-cache

10:12:50.595 [AsyncHttpClient-1-8] DEBUG org.asynchttpclient.netty.channel.ChannelManager - Adding key: http://localhost:28992 for channel [id: 0x88e1d254, L:/127.0.0.1:51711 - R:localhost/127.0.0.1:28992]
10:12:50.599 [AsyncHttpClient-1-9] DEBUG org.asynchttpclient.netty.channel.NettyConnectListener - Using new Channel '[id: 0x3d943a2b, L:/127.0.0.1:51718 - R:localhost/127.0.0.1:51712]' for 'GET' to '/json/version'
10:12:50.599 [AsyncHttpClient-1-9] DEBUG org.asynchttpclient.netty.handler.HttpHandler - 

Request DefaultFullHttpRequest(decodeResult: success, version: HTTP/1.1, content: EmptyByteBufBE)
GET /json/version HTTP/1.1
User-Agent: selenium/4.8.1 (java windows)
host: localhost:51712
accept: */*

Response DefaultHttpResponse(decodeResult: success, version: HTTP/1.1)
HTTP/1.1 200 OK
Content-Security-Policy: frame-ancestors 'none'
Content-Length: 424
Content-Type: application/json; charset=UTF-8

10:12:50.599 [AsyncHttpClient-1-9] DEBUG org.asynchttpclient.netty.channel.ChannelManager - Adding key: http://localhost:51712 for channel [id: 0x3d943a2b, L:/127.0.0.1:51718 - R:localhost/127.0.0.1:51712]
10:12:50.600 [AsyncHttpClient-1-10] DEBUG org.asynchttpclient.netty.channel.NettyConnectListener - Using new Channel '[id: 0x99ca04a8, L:/127.0.0.1:51719 - R:localhost/127.0.0.1:51712]' for 'GET' to '/devtools/browser/be60992c-8ea0-4dcd-a1e0-afe893a38160'
10:12:50.601 [AsyncHttpClient-1-10] DEBUG org.asynchttpclient.netty.handler.WebSocketHandler - 

Request DefaultFullHttpRequest(decodeResult: success, version: HTTP/1.1, content: EmptyByteBufBE)
GET /devtools/browser/be60992c-8ea0-4dcd-a1e0-afe893a38160 HTTP/1.1
upgrade: websocket
connection: upgrade
sec-websocket-key: vx6jTf3o/BXedb6jYGy4ow==
sec-websocket-version: 13
origin: http://localhost:51712
host: localhost:51712
accept: */*
user-agent: AHC/2.1

Response DefaultHttpResponse(decodeResult: success, version: HTTP/1.1)
HTTP/1.1 101 WebSocket Protocol Handshake
Upgrade: WebSocket
Connection: Upgrade
Sec-WebSocket-Accept: rPUt2GZ5nTHbeH1x4pvuwAoR1sY=

10:12:50.603 [Forwarding get on session f7e566a2d789bf8e9b8cfa8cd393cf6f to remote] DEBUG org.asynchttpclient.netty.request.NettyRequestSender - Using pooled Channel '[id: 0x88e1d254, L:/127.0.0.1:51711 - R:localhost/127.0.0.1:28992]' for 'POST' to 'http://localhost:28992/session/f7e566a2d789bf8e9b8cfa8cd393cf6f/url'
10:12:50.604 [Forwarding get on session f7e566a2d789bf8e9b8cfa8cd393cf6f to remote] DEBUG org.asynchttpclient.netty.request.NettyRequestSender - Using open Channel [id: 0x88e1d254, L:/127.0.0.1:51711 - R:localhost/127.0.0.1:28992] for POST '/session/f7e566a2d789bf8e9b8cfa8cd393cf6f/url'
10:12:51.293 [AsyncHttpClient-1-1] DEBUG org.asynchttpclient.netty.channel.DefaultChannelPool - Entry count for : http://localhost:51712 : 1
10:12:52.395 [AsyncHttpClient-1-1] DEBUG org.asynchttpclient.netty.channel.DefaultChannelPool - Entry count for : http://localhost:51712 : 1
10:12:53.302 [AsyncHttpClient-1-8] DEBUG org.asynchttpclient.netty.handler.HttpHandler - 

Request DefaultHttpRequest(decodeResult: success, version: HTTP/1.1)
POST /session/f7e566a2d789bf8e9b8cfa8cd393cf6f/url HTTP/1.1
User-Agent: selenium/4.8.1 (java windows)
Content-Length: 74
Content-Type: application/json; charset=utf-8
host: localhost:28992
accept: */*

Response DefaultHttpResponse(decodeResult: success, version: HTTP/1.1)
HTTP/1.1 200 OK
Content-Length: 14
Content-Type: application/json; charset=utf-8
cache-control: no-cache

10:12:53.302 [AsyncHttpClient-1-8] DEBUG org.asynchttpclient.netty.channel.ChannelManager - Adding key: http://localhost:28992 for channel [id: 0x88e1d254, L:/127.0.0.1:51711 - R:localhost/127.0.0.1:28992]
10:12:53.303 [Forwarding setTimeout on session f7e566a2d789bf8e9b8cfa8cd393cf6f to remote] DEBUG org.asynchttpclient.netty.request.NettyRequestSender - Using pooled Channel '[id: 0x88e1d254, L:/127.0.0.1:51711 - R:localhost/127.0.0.1:28992]' for 'POST' to 'http://localhost:28992/session/f7e566a2d789bf8e9b8cfa8cd393cf6f/timeouts'
10:12:53.303 [Forwarding setTimeout on session f7e566a2d789bf8e9b8cfa8cd393cf6f to remote] DEBUG org.asynchttpclient.netty.request.NettyRequestSender - Using open Channel [id: 0x88e1d254, L:/127.0.0.1:51711 - R:localhost/127.0.0.1:28992] for POST '/session/f7e566a2d789bf8e9b8cfa8cd393cf6f/timeouts'
10:12:53.303 [AsyncHttpClient-1-8] DEBUG org.asynchttpclient.netty.handler.HttpHandler - 

Request DefaultHttpRequest(decodeResult: success, version: HTTP/1.1)
POST /session/f7e566a2d789bf8e9b8cfa8cd393cf6f/timeouts HTTP/1.1
User-Agent: selenium/4.8.1 (java windows)
Content-Length: 22
Content-Type: application/json; charset=utf-8
host: localhost:28992
accept: */*

Response DefaultHttpResponse(decodeResult: success, version: HTTP/1.1)
HTTP/1.1 200 OK
Content-Length: 14
Content-Type: application/json; charset=utf-8
cache-control: no-cache

10:12:53.304 [AsyncHttpClient-1-8] DEBUG org.asynchttpclient.netty.channel.ChannelManager - Adding key: http://localhost:28992 for channel [id: 0x88e1d254, L:/127.0.0.1:51711 - R:localhost/127.0.0.1:28992]
10:12:53.309 [main] DEBUG net.serenitybdd.core.photography.Darkroom - Opening darkroom
10:12:53.309 [Darkroom Processing Line] DEBUG net.serenitybdd.core.photography.DarkroomProcessingLine - Darkroom processing line starting up
10:12:53.310 [Forwarding getAlertText on session f7e566a2d789bf8e9b8cfa8cd393cf6f to remote] DEBUG org.asynchttpclient.netty.request.NettyRequestSender - Using pooled Channel '[id: 0x88e1d254, L:/127.0.0.1:51711 - R:localhost/127.0.0.1:28992]' for 'GET' to 'http://localhost:28992/session/f7e566a2d789bf8e9b8cfa8cd393cf6f/alert/text'
10:12:53.310 [Forwarding getAlertText on session f7e566a2d789bf8e9b8cfa8cd393cf6f to remote] DEBUG org.asynchttpclient.netty.request.NettyRequestSender - Using open Channel [id: 0x88e1d254, L:/127.0.0.1:51711 - R:localhost/127.0.0.1:28992] for GET '/session/f7e566a2d789bf8e9b8cfa8cd393cf6f/alert/text'
10:12:53.311 [AsyncHttpClient-1-8] DEBUG org.asynchttpclient.netty.handler.HttpHandler - 

Request DefaultFullHttpRequest(decodeResult: success, version: HTTP/1.1, content: EmptyByteBufBE)
GET /session/f7e566a2d789bf8e9b8cfa8cd393cf6f/alert/text HTTP/1.1
User-Agent: selenium/4.8.1 (java windows)
Cache-Control: no-cache
Content-Type: application/json; charset=utf-8
host: localhost:28992
accept: */*

Response DefaultHttpResponse(decodeResult: success, version: HTTP/1.1)
HTTP/1.1 404 Not Found
Content-Length: 836
Content-Type: application/json; charset=utf-8
cache-control: no-cache

10:12:53.311 [AsyncHttpClient-1-8] DEBUG org.asynchttpclient.netty.channel.ChannelManager - Adding key: http://localhost:28992 for channel [id: 0x88e1d254, L:/127.0.0.1:51711 - R:localhost/127.0.0.1:28992]
10:12:53.312 [Forwarding getCurrentUrl on session f7e566a2d789bf8e9b8cfa8cd393cf6f to remote] DEBUG org.asynchttpclient.netty.request.NettyRequestSender - Using pooled Channel '[id: 0x88e1d254, L:/127.0.0.1:51711 - R:localhost/127.0.0.1:28992]' for 'GET' to 'http://localhost:28992/session/f7e566a2d789bf8e9b8cfa8cd393cf6f/url'
10:12:53.312 [Forwarding getCurrentUrl on session f7e566a2d789bf8e9b8cfa8cd393cf6f to remote] DEBUG org.asynchttpclient.netty.request.NettyRequestSender - Using open Channel [id: 0x88e1d254, L:/127.0.0.1:51711 - R:localhost/127.0.0.1:28992] for GET '/session/f7e566a2d789bf8e9b8cfa8cd393cf6f/url'
10:12:53.315 [AsyncHttpClient-1-8] DEBUG org.asynchttpclient.netty.handler.HttpHandler - 

Request DefaultFullHttpRequest(decodeResult: success, version: HTTP/1.1, content: EmptyByteBufBE)
GET /session/f7e566a2d789bf8e9b8cfa8cd393cf6f/url HTTP/1.1
User-Agent: selenium/4.8.1 (java windows)
Cache-Control: no-cache
Content-Type: application/json; charset=utf-8
host: localhost:28992
accept: */*

Response DefaultHttpResponse(decodeResult: success, version: HTTP/1.1)
HTTP/1.1 200 OK
Content-Length: 51
Content-Type: application/json; charset=utf-8
cache-control: no-cache

10:12:53.316 [AsyncHttpClient-1-8] DEBUG org.asynchttpclient.netty.channel.ChannelManager - Adding key: http://localhost:28992 for channel [id: 0x88e1d254, L:/127.0.0.1:51711 - R:localhost/127.0.0.1:28992]
10:12:53.316 [Forwarding screenshot on session f7e566a2d789bf8e9b8cfa8cd393cf6f to remote] DEBUG org.asynchttpclient.netty.request.NettyRequestSender - Using pooled Channel '[id: 0x88e1d254, L:/127.0.0.1:51711 - R:localhost/127.0.0.1:28992]' for 'GET' to 'http://localhost:28992/session/f7e566a2d789bf8e9b8cfa8cd393cf6f/screenshot'
10:12:53.316 [Forwarding screenshot on session f7e566a2d789bf8e9b8cfa8cd393cf6f to remote] DEBUG org.asynchttpclient.netty.request.NettyRequestSender - Using open Channel [id: 0x88e1d254, L:/127.0.0.1:51711 - R:localhost/127.0.0.1:28992] for GET '/session/f7e566a2d789bf8e9b8cfa8cd393cf6f/screenshot'
10:12:53.438 [AsyncHttpClient-1-8] DEBUG org.asynchttpclient.netty.handler.HttpHandler - 

Request DefaultFullHttpRequest(decodeResult: success, version: HTTP/1.1, content: EmptyByteBufBE)
GET /session/f7e566a2d789bf8e9b8cfa8cd393cf6f/screenshot HTTP/1.1
User-Agent: selenium/4.8.1 (java windows)
Cache-Control: no-cache
Content-Type: application/json; charset=utf-8
host: localhost:28992
accept: */*

Response DefaultHttpResponse(decodeResult: success, version: HTTP/1.1)
HTTP/1.1 200 OK
Content-Length: 32748
Content-Type: application/json; charset=utf-8
cache-control: no-cache

10:12:53.439 [AsyncHttpClient-1-8] DEBUG org.asynchttpclient.netty.channel.ChannelManager - Adding key: http://localhost:28992 for channel [id: 0x88e1d254, L:/127.0.0.1:51711 - R:localhost/127.0.0.1:28992]
10:12:53.440 [main] DEBUG net.serenitybdd.core.photography.Darkroom - Send negative for processing for target\site\serenity\838a118defe8b2c78f320792ccc0dfcdbc689f4090a216cf0baf82906188e658.png
10:12:53.440 [main] DEBUG net.thucydides.core.steps.StepInterceptor - STEP DONE: openPage
10:12:53.444 [Forwarding getPageSource on session f7e566a2d789bf8e9b8cfa8cd393cf6f to remote] DEBUG org.asynchttpclient.netty.request.NettyRequestSender - Using pooled Channel '[id: 0x88e1d254, L:/127.0.0.1:51711 - R:localhost/127.0.0.1:28992]' for 'POST' to 'http://localhost:28992/session/f7e566a2d789bf8e9b8cfa8cd393cf6f/execute/sync'
10:12:53.444 [Forwarding getPageSource on session f7e566a2d789bf8e9b8cfa8cd393cf6f to remote] DEBUG org.asynchttpclient.netty.request.NettyRequestSender - Using open Channel [id: 0x88e1d254, L:/127.0.0.1:51711 - R:localhost/127.0.0.1:28992] for POST '/session/f7e566a2d789bf8e9b8cfa8cd393cf6f/execute/sync'
10:12:53.448 [AsyncHttpClient-1-8] DEBUG org.asynchttpclient.netty.handler.HttpHandler - 

Request DefaultHttpRequest(decodeResult: success, version: HTTP/1.1)
POST /session/f7e566a2d789bf8e9b8cfa8cd393cf6f/execute/sync HTTP/1.1
User-Agent: selenium/4.8.1 (java windows)
Content-Length: 176
Content-Type: application/json; charset=utf-8
host: localhost:28992
accept: */*

Response DefaultHttpResponse(decodeResult: success, version: HTTP/1.1)
HTTP/1.1 200 OK
Content-Length: 21659
Content-Type: application/json; charset=utf-8
cache-control: no-cache

10:12:53.449 [AsyncHttpClient-1-8] DEBUG org.asynchttpclient.netty.channel.ChannelManager - Adding key: http://localhost:28992 for channel [id: 0x88e1d254, L:/127.0.0.1:51711 - R:localhost/127.0.0.1:28992]
10:12:53.450 [Forwarding getCurrentUrl on session f7e566a2d789bf8e9b8cfa8cd393cf6f to remote] DEBUG org.asynchttpclient.netty.request.NettyRequestSender - Using pooled Channel '[id: 0x88e1d254, L:/127.0.0.1:51711 - R:localhost/127.0.0.1:28992]' for 'GET' to 'http://localhost:28992/session/f7e566a2d789bf8e9b8cfa8cd393cf6f/url'
10:12:53.450 [Forwarding getCurrentUrl on session f7e566a2d789bf8e9b8cfa8cd393cf6f to remote] DEBUG org.asynchttpclient.netty.request.NettyRequestSender - Using open Channel [id: 0x88e1d254, L:/127.0.0.1:51711 - R:localhost/127.0.0.1:28992] for GET '/session/f7e566a2d789bf8e9b8cfa8cd393cf6f/url'
10:12:53.452 [AsyncHttpClient-1-8] DEBUG org.asynchttpclient.netty.handler.HttpHandler - 

Request DefaultFullHttpRequest(decodeResult: success, version: HTTP/1.1, content: EmptyByteBufBE)
GET /session/f7e566a2d789bf8e9b8cfa8cd393cf6f/url HTTP/1.1
User-Agent: selenium/4.8.1 (java windows)
Cache-Control: no-cache
Content-Type: application/json; charset=utf-8
host: localhost:28992
accept: */*

Response DefaultHttpResponse(decodeResult: success, version: HTTP/1.1)
HTTP/1.1 200 OK
Content-Length: 51
Content-Type: application/json; charset=utf-8
cache-control: no-cache

10:12:53.452 [AsyncHttpClient-1-8] DEBUG org.asynchttpclient.netty.channel.ChannelManager - Adding key: http://localhost:28992 for channel [id: 0x88e1d254, L:/127.0.0.1:51711 - R:localhost/127.0.0.1:28992]
10:12:53.453 [main] DEBUG net.thucydides.core.steps.StepInterceptor - STARTING STEP: LogoutSteps.onTheHomePage - inputEmail
10:12:53.454 [Forwarding findElement on session f7e566a2d789bf8e9b8cfa8cd393cf6f to remote] DEBUG org.asynchttpclient.netty.request.NettyRequestSender - Using pooled Channel '[id: 0x88e1d254, L:/127.0.0.1:51711 - R:localhost/127.0.0.1:28992]' for 'POST' to 'http://localhost:28992/session/f7e566a2d789bf8e9b8cfa8cd393cf6f/element'
10:12:53.454 [Forwarding findElement on session f7e566a2d789bf8e9b8cfa8cd393cf6f to remote] DEBUG org.asynchttpclient.netty.request.NettyRequestSender - Using open Channel [id: 0x88e1d254, L:/127.0.0.1:51711 - R:localhost/127.0.0.1:28992] for POST '/session/f7e566a2d789bf8e9b8cfa8cd393cf6f/element'
10:12:53.463 [AsyncHttpClient-1-8] DEBUG org.asynchttpclient.netty.handler.HttpHandler - 

Request DefaultHttpRequest(decodeResult: success, version: HTTP/1.1)
POST /session/f7e566a2d789bf8e9b8cfa8cd393cf6f/element HTTP/1.1
User-Agent: selenium/4.8.1 (java windows)
Content-Length: 55
Content-Type: application/json; charset=utf-8
host: localhost:28992
accept: */*

Response DefaultHttpResponse(decodeResult: success, version: HTTP/1.1)
HTTP/1.1 200 OK
Content-Length: 88
Content-Type: application/json; charset=utf-8
cache-control: no-cache

10:12:53.463 [AsyncHttpClient-1-8] DEBUG org.asynchttpclient.netty.channel.ChannelManager - Adding key: http://localhost:28992 for channel [id: 0x88e1d254, L:/127.0.0.1:51711 - R:localhost/127.0.0.1:28992]
10:12:53.463 [Forwarding clearElement on session f7e566a2d789bf8e9b8cfa8cd393cf6f to remote] DEBUG org.asynchttpclient.netty.request.NettyRequestSender - Using pooled Channel '[id: 0x88e1d254, L:/127.0.0.1:51711 - R:localhost/127.0.0.1:28992]' for 'POST' to 'http://localhost:28992/session/f7e566a2d789bf8e9b8cfa8cd393cf6f/element/16a1eab8-964d-4e24-8c03-d6cb7dc81158/clear'
10:12:53.463 [Forwarding clearElement on session f7e566a2d789bf8e9b8cfa8cd393cf6f to remote] DEBUG org.asynchttpclient.netty.request.NettyRequestSender - Using open Channel [id: 0x88e1d254, L:/127.0.0.1:51711 - R:localhost/127.0.0.1:28992] for POST '/session/f7e566a2d789bf8e9b8cfa8cd393cf6f/element/16a1eab8-964d-4e24-8c03-d6cb7dc81158/clear'
10:12:53.487 [AsyncHttpClient-1-8] DEBUG org.asynchttpclient.netty.handler.HttpHandler - 

Request DefaultHttpRequest(decodeResult: success, version: HTTP/1.1)
POST /session/f7e566a2d789bf8e9b8cfa8cd393cf6f/element/16a1eab8-964d-4e24-8c03-d6cb7dc81158/clear HTTP/1.1
User-Agent: selenium/4.8.1 (java windows)
Content-Length: 50
Content-Type: application/json; charset=utf-8
host: localhost:28992
accept: */*

Response DefaultHttpResponse(decodeResult: success, version: HTTP/1.1)
HTTP/1.1 200 OK
Content-Length: 14
Content-Type: application/json; charset=utf-8
cache-control: no-cache

10:12:53.487 [AsyncHttpClient-1-8] DEBUG org.asynchttpclient.netty.channel.ChannelManager - Adding key: http://localhost:28992 for channel [id: 0x88e1d254, L:/127.0.0.1:51711 - R:localhost/127.0.0.1:28992]
10:12:53.488 [Forwarding sendKeysToElement on session f7e566a2d789bf8e9b8cfa8cd393cf6f to remote] DEBUG org.asynchttpclient.netty.request.NettyRequestSender - Using pooled Channel '[id: 0x88e1d254, L:/127.0.0.1:51711 - R:localhost/127.0.0.1:28992]' for 'POST' to 'http://localhost:28992/session/f7e566a2d789bf8e9b8cfa8cd393cf6f/element/16a1eab8-964d-4e24-8c03-d6cb7dc81158/value'
10:12:53.488 [Forwarding sendKeysToElement on session f7e566a2d789bf8e9b8cfa8cd393cf6f to remote] DEBUG org.asynchttpclient.netty.request.NettyRequestSender - Using open Channel [id: 0x88e1d254, L:/127.0.0.1:51711 - R:localhost/127.0.0.1:28992] for POST '/session/f7e566a2d789bf8e9b8cfa8cd393cf6f/element/16a1eab8-964d-4e24-8c03-d6cb7dc81158/value'
10:12:53.497 [AsyncHttpClient-1-1] DEBUG org.asynchttpclient.netty.channel.DefaultChannelPool - Entry count for : http://localhost:51712 : 1
10:12:53.569 [AsyncHttpClient-1-8] DEBUG org.asynchttpclient.netty.handler.HttpHandler - 

Request DefaultHttpRequest(decodeResult: success, version: HTTP/1.1)
POST /session/f7e566a2d789bf8e9b8cfa8cd393cf6f/element/16a1eab8-964d-4e24-8c03-d6cb7dc81158/value HTTP/1.1
User-Agent: selenium/4.8.1 (java windows)
Content-Length: 241
Content-Type: application/json; charset=utf-8
host: localhost:28992
accept: */*

Response DefaultHttpResponse(decodeResult: success, version: HTTP/1.1)
HTTP/1.1 200 OK
Content-Length: 14
Content-Type: application/json; charset=utf-8
cache-control: no-cache

10:12:53.569 [AsyncHttpClient-1-8] DEBUG org.asynchttpclient.netty.channel.ChannelManager - Adding key: http://localhost:28992 for channel [id: 0x88e1d254, L:/127.0.0.1:51711 - R:localhost/127.0.0.1:28992]
10:12:53.573 [Forwarding getAlertText on session f7e566a2d789bf8e9b8cfa8cd393cf6f to remote] DEBUG org.asynchttpclient.netty.request.NettyRequestSender - Using pooled Channel '[id: 0x88e1d254, L:/127.0.0.1:51711 - R:localhost/127.0.0.1:28992]' for 'GET' to 'http://localhost:28992/session/f7e566a2d789bf8e9b8cfa8cd393cf6f/alert/text'
10:12:53.573 [Forwarding getAlertText on session f7e566a2d789bf8e9b8cfa8cd393cf6f to remote] DEBUG org.asynchttpclient.netty.request.NettyRequestSender - Using open Channel [id: 0x88e1d254, L:/127.0.0.1:51711 - R:localhost/127.0.0.1:28992] for GET '/session/f7e566a2d789bf8e9b8cfa8cd393cf6f/alert/text'
10:12:53.574 [AsyncHttpClient-1-8] DEBUG org.asynchttpclient.netty.handler.HttpHandler - 

Request DefaultFullHttpRequest(decodeResult: success, version: HTTP/1.1, content: EmptyByteBufBE)
GET /session/f7e566a2d789bf8e9b8cfa8cd393cf6f/alert/text HTTP/1.1
User-Agent: selenium/4.8.1 (java windows)
Cache-Control: no-cache
Content-Type: application/json; charset=utf-8
host: localhost:28992
accept: */*

Response DefaultHttpResponse(decodeResult: success, version: HTTP/1.1)
HTTP/1.1 404 Not Found
Content-Length: 836
Content-Type: application/json; charset=utf-8
cache-control: no-cache

10:12:53.574 [AsyncHttpClient-1-8] DEBUG org.asynchttpclient.netty.channel.ChannelManager - Adding key: http://localhost:28992 for channel [id: 0x88e1d254, L:/127.0.0.1:51711 - R:localhost/127.0.0.1:28992]
10:12:53.575 [Forwarding getCurrentUrl on session f7e566a2d789bf8e9b8cfa8cd393cf6f to remote] DEBUG org.asynchttpclient.netty.request.NettyRequestSender - Using pooled Channel '[id: 0x88e1d254, L:/127.0.0.1:51711 - R:localhost/127.0.0.1:28992]' for 'GET' to 'http://localhost:28992/session/f7e566a2d789bf8e9b8cfa8cd393cf6f/url'
10:12:53.575 [Forwarding getCurrentUrl on session f7e566a2d789bf8e9b8cfa8cd393cf6f to remote] DEBUG org.asynchttpclient.netty.request.NettyRequestSender - Using open Channel [id: 0x88e1d254, L:/127.0.0.1:51711 - R:localhost/127.0.0.1:28992] for GET '/session/f7e566a2d789bf8e9b8cfa8cd393cf6f/url'
10:12:53.578 [AsyncHttpClient-1-8] DEBUG org.asynchttpclient.netty.handler.HttpHandler - 

Request DefaultFullHttpRequest(decodeResult: success, version: HTTP/1.1, content: EmptyByteBufBE)
GET /session/f7e566a2d789bf8e9b8cfa8cd393cf6f/url HTTP/1.1
User-Agent: selenium/4.8.1 (java windows)
Cache-Control: no-cache
Content-Type: application/json; charset=utf-8
host: localhost:28992
accept: */*

Response DefaultHttpResponse(decodeResult: success, version: HTTP/1.1)
HTTP/1.1 200 OK
Content-Length: 51
Content-Type: application/json; charset=utf-8
cache-control: no-cache

10:12:53.578 [AsyncHttpClient-1-8] DEBUG org.asynchttpclient.netty.channel.ChannelManager - Adding key: http://localhost:28992 for channel [id: 0x88e1d254, L:/127.0.0.1:51711 - R:localhost/127.0.0.1:28992]
10:12:53.579 [Forwarding screenshot on session f7e566a2d789bf8e9b8cfa8cd393cf6f to remote] DEBUG org.asynchttpclient.netty.request.NettyRequestSender - Using pooled Channel '[id: 0x88e1d254, L:/127.0.0.1:51711 - R:localhost/127.0.0.1:28992]' for 'GET' to 'http://localhost:28992/session/f7e566a2d789bf8e9b8cfa8cd393cf6f/screenshot'
10:12:53.579 [Forwarding screenshot on session f7e566a2d789bf8e9b8cfa8cd393cf6f to remote] DEBUG org.asynchttpclient.netty.request.NettyRequestSender - Using open Channel [id: 0x88e1d254, L:/127.0.0.1:51711 - R:localhost/127.0.0.1:28992] for GET '/session/f7e566a2d789bf8e9b8cfa8cd393cf6f/screenshot'
10:12:53.681 [AsyncHttpClient-1-8] DEBUG org.asynchttpclient.netty.handler.HttpHandler - 

Request DefaultFullHttpRequest(decodeResult: success, version: HTTP/1.1, content: EmptyByteBufBE)
GET /session/f7e566a2d789bf8e9b8cfa8cd393cf6f/screenshot HTTP/1.1
User-Agent: selenium/4.8.1 (java windows)
Cache-Control: no-cache
Content-Type: application/json; charset=utf-8
host: localhost:28992
accept: */*

Response DefaultHttpResponse(decodeResult: success, version: HTTP/1.1)
HTTP/1.1 200 OK
Content-Length: 38064
Content-Type: application/json; charset=utf-8
cache-control: no-cache

10:12:53.681 [AsyncHttpClient-1-8] DEBUG org.asynchttpclient.netty.channel.ChannelManager - Adding key: http://localhost:28992 for channel [id: 0x88e1d254, L:/127.0.0.1:51711 - R:localhost/127.0.0.1:28992]
10:12:53.683 [main] DEBUG net.serenitybdd.core.photography.Darkroom - Send negative for processing for target\site\serenity\252436c8bd6d539ece136d5075af4aaa447c178d0a47f51258be71de4337ba31.png
10:12:53.683 [main] DEBUG net.thucydides.core.steps.StepInterceptor - STEP DONE: inputEmail
10:12:53.683 [Darkroom Processing Line] DEBUG net.serenitybdd.core.photography.DarkroomProcessingLine - Processing screenshot image in /var/screenshots/screenshot-705208022944876485
10:12:53.683 [Darkroom Processing Line] DEBUG net.serenitybdd.core.photography.DarkroomProcessingLine - Saving screenshot to target\site\serenity\252436c8bd6d539ece136d5075af4aaa447c178d0a47f51258be71de4337ba31.png
10:12:53.687 [Forwarding getPageSource on session f7e566a2d789bf8e9b8cfa8cd393cf6f to remote] DEBUG org.asynchttpclient.netty.request.NettyRequestSender - Using pooled Channel '[id: 0x88e1d254, L:/127.0.0.1:51711 - R:localhost/127.0.0.1:28992]' for 'POST' to 'http://localhost:28992/session/f7e566a2d789bf8e9b8cfa8cd393cf6f/execute/sync'
10:12:53.687 [Forwarding getPageSource on session f7e566a2d789bf8e9b8cfa8cd393cf6f to remote] DEBUG org.asynchttpclient.netty.request.NettyRequestSender - Using open Channel [id: 0x88e1d254, L:/127.0.0.1:51711 - R:localhost/127.0.0.1:28992] for POST '/session/f7e566a2d789bf8e9b8cfa8cd393cf6f/execute/sync'
10:12:53.691 [AsyncHttpClient-1-8] DEBUG org.asynchttpclient.netty.handler.HttpHandler - 

Request DefaultHttpRequest(decodeResult: success, version: HTTP/1.1)
POST /session/f7e566a2d789bf8e9b8cfa8cd393cf6f/execute/sync HTTP/1.1
User-Agent: selenium/4.8.1 (java windows)
Content-Length: 176
Content-Type: application/json; charset=utf-8
host: localhost:28992
accept: */*

Response DefaultHttpResponse(decodeResult: success, version: HTTP/1.1)
HTTP/1.1 200 OK
Content-Length: 21780
Content-Type: application/json; charset=utf-8
cache-control: no-cache

10:12:53.691 [AsyncHttpClient-1-8] DEBUG org.asynchttpclient.netty.channel.ChannelManager - Adding key: http://localhost:28992 for channel [id: 0x88e1d254, L:/127.0.0.1:51711 - R:localhost/127.0.0.1:28992]
10:12:53.692 [Forwarding getCurrentUrl on session f7e566a2d789bf8e9b8cfa8cd393cf6f to remote] DEBUG org.asynchttpclient.netty.request.NettyRequestSender - Using pooled Channel '[id: 0x88e1d254, L:/127.0.0.1:51711 - R:localhost/127.0.0.1:28992]' for 'GET' to 'http://localhost:28992/session/f7e566a2d789bf8e9b8cfa8cd393cf6f/url'
10:12:53.692 [Forwarding getCurrentUrl on session f7e566a2d789bf8e9b8cfa8cd393cf6f to remote] DEBUG org.asynchttpclient.netty.request.NettyRequestSender - Using open Channel [id: 0x88e1d254, L:/127.0.0.1:51711 - R:localhost/127.0.0.1:28992] for GET '/session/f7e566a2d789bf8e9b8cfa8cd393cf6f/url'
10:12:53.695 [AsyncHttpClient-1-8] DEBUG org.asynchttpclient.netty.handler.HttpHandler - 

Request DefaultFullHttpRequest(decodeResult: success, version: HTTP/1.1, content: EmptyByteBufBE)
GET /session/f7e566a2d789bf8e9b8cfa8cd393cf6f/url HTTP/1.1
User-Agent: selenium/4.8.1 (java windows)
Cache-Control: no-cache
Content-Type: application/json; charset=utf-8
host: localhost:28992
accept: */*

Response DefaultHttpResponse(decodeResult: success, version: HTTP/1.1)
HTTP/1.1 200 OK
Content-Length: 51
Content-Type: application/json; charset=utf-8
cache-control: no-cache

10:12:53.695 [AsyncHttpClient-1-8] DEBUG org.asynchttpclient.netty.channel.ChannelManager - Adding key: http://localhost:28992 for channel [id: 0x88e1d254, L:/127.0.0.1:51711 - R:localhost/127.0.0.1:28992]
10:12:53.696 [main] DEBUG net.thucydides.core.steps.StepInterceptor - STARTING STEP: LogoutSteps.onTheHomePage - inputPassword
10:12:53.697 [Forwarding findElement on session f7e566a2d789bf8e9b8cfa8cd393cf6f to remote] DEBUG org.asynchttpclient.netty.request.NettyRequestSender - Using pooled Channel '[id: 0x88e1d254, L:/127.0.0.1:51711 - R:localhost/127.0.0.1:28992]' for 'POST' to 'http://localhost:28992/session/f7e566a2d789bf8e9b8cfa8cd393cf6f/element'
10:12:53.697 [Forwarding findElement on session f7e566a2d789bf8e9b8cfa8cd393cf6f to remote] DEBUG org.asynchttpclient.netty.request.NettyRequestSender - Using open Channel [id: 0x88e1d254, L:/127.0.0.1:51711 - R:localhost/127.0.0.1:28992] for POST '/session/f7e566a2d789bf8e9b8cfa8cd393cf6f/element'
10:12:53.706 [AsyncHttpClient-1-8] DEBUG org.asynchttpclient.netty.handler.HttpHandler - 

Request DefaultHttpRequest(decodeResult: success, version: HTTP/1.1)
POST /session/f7e566a2d789bf8e9b8cfa8cd393cf6f/element HTTP/1.1
User-Agent: selenium/4.8.1 (java windows)
Content-Length: 55
Content-Type: application/json; charset=utf-8
host: localhost:28992
accept: */*

Response DefaultHttpResponse(decodeResult: success, version: HTTP/1.1)
HTTP/1.1 200 OK
Content-Length: 88
Content-Type: application/json; charset=utf-8
cache-control: no-cache

10:12:53.706 [AsyncHttpClient-1-8] DEBUG org.asynchttpclient.netty.channel.ChannelManager - Adding key: http://localhost:28992 for channel [id: 0x88e1d254, L:/127.0.0.1:51711 - R:localhost/127.0.0.1:28992]
10:12:53.707 [Forwarding clearElement on session f7e566a2d789bf8e9b8cfa8cd393cf6f to remote] DEBUG org.asynchttpclient.netty.request.NettyRequestSender - Using pooled Channel '[id: 0x88e1d254, L:/127.0.0.1:51711 - R:localhost/127.0.0.1:28992]' for 'POST' to 'http://localhost:28992/session/f7e566a2d789bf8e9b8cfa8cd393cf6f/element/4b951a25-efa8-43bb-aee2-5f36bb9243f8/clear'
10:12:53.707 [Forwarding clearElement on session f7e566a2d789bf8e9b8cfa8cd393cf6f to remote] DEBUG org.asynchttpclient.netty.request.NettyRequestSender - Using open Channel [id: 0x88e1d254, L:/127.0.0.1:51711 - R:localhost/127.0.0.1:28992] for POST '/session/f7e566a2d789bf8e9b8cfa8cd393cf6f/element/4b951a25-efa8-43bb-aee2-5f36bb9243f8/clear'
10:12:53.750 [AsyncHttpClient-1-8] DEBUG org.asynchttpclient.netty.handler.HttpHandler - 

Request DefaultHttpRequest(decodeResult: success, version: HTTP/1.1)
POST /session/f7e566a2d789bf8e9b8cfa8cd393cf6f/element/4b951a25-efa8-43bb-aee2-5f36bb9243f8/clear HTTP/1.1
User-Agent: selenium/4.8.1 (java windows)
Content-Length: 50
Content-Type: application/json; charset=utf-8
host: localhost:28992
accept: */*

Response DefaultHttpResponse(decodeResult: success, version: HTTP/1.1)
HTTP/1.1 200 OK
Content-Length: 14
Content-Type: application/json; charset=utf-8
cache-control: no-cache

10:12:53.750 [AsyncHttpClient-1-8] DEBUG org.asynchttpclient.netty.channel.ChannelManager - Adding key: http://localhost:28992 for channel [id: 0x88e1d254, L:/127.0.0.1:51711 - R:localhost/127.0.0.1:28992]
10:12:53.751 [Forwarding sendKeysToElement on session f7e566a2d789bf8e9b8cfa8cd393cf6f to remote] DEBUG org.asynchttpclient.netty.request.NettyRequestSender - Using pooled Channel '[id: 0x88e1d254, L:/127.0.0.1:51711 - R:localhost/127.0.0.1:28992]' for 'POST' to 'http://localhost:28992/session/f7e566a2d789bf8e9b8cfa8cd393cf6f/element/4b951a25-efa8-43bb-aee2-5f36bb9243f8/value'
10:12:53.751 [Forwarding sendKeysToElement on session f7e566a2d789bf8e9b8cfa8cd393cf6f to remote] DEBUG org.asynchttpclient.netty.request.NettyRequestSender - Using open Channel [id: 0x88e1d254, L:/127.0.0.1:51711 - R:localhost/127.0.0.1:28992] for POST '/session/f7e566a2d789bf8e9b8cfa8cd393cf6f/element/4b951a25-efa8-43bb-aee2-5f36bb9243f8/value'
10:12:53.816 [AsyncHttpClient-1-8] DEBUG org.asynchttpclient.netty.handler.HttpHandler - 

Request DefaultHttpRequest(decodeResult: success, version: HTTP/1.1)
POST /session/f7e566a2d789bf8e9b8cfa8cd393cf6f/element/4b951a25-efa8-43bb-aee2-5f36bb9243f8/value HTTP/1.1
User-Agent: selenium/4.8.1 (java windows)
Content-Length: 141
Content-Type: application/json; charset=utf-8
host: localhost:28992
accept: */*

Response DefaultHttpResponse(decodeResult: success, version: HTTP/1.1)
HTTP/1.1 200 OK
Content-Length: 14
Content-Type: application/json; charset=utf-8
cache-control: no-cache

10:12:53.816 [AsyncHttpClient-1-8] DEBUG org.asynchttpclient.netty.channel.ChannelManager - Adding key: http://localhost:28992 for channel [id: 0x88e1d254, L:/127.0.0.1:51711 - R:localhost/127.0.0.1:28992]
10:12:53.829 [Forwarding getAlertText on session f7e566a2d789bf8e9b8cfa8cd393cf6f to remote] DEBUG org.asynchttpclient.netty.request.NettyRequestSender - Using pooled Channel '[id: 0x88e1d254, L:/127.0.0.1:51711 - R:localhost/127.0.0.1:28992]' for 'GET' to 'http://localhost:28992/session/f7e566a2d789bf8e9b8cfa8cd393cf6f/alert/text'
10:12:53.829 [Forwarding getAlertText on session f7e566a2d789bf8e9b8cfa8cd393cf6f to remote] DEBUG org.asynchttpclient.netty.request.NettyRequestSender - Using open Channel [id: 0x88e1d254, L:/127.0.0.1:51711 - R:localhost/127.0.0.1:28992] for GET '/session/f7e566a2d789bf8e9b8cfa8cd393cf6f/alert/text'
10:12:53.831 [AsyncHttpClient-1-8] DEBUG org.asynchttpclient.netty.handler.HttpHandler - 

Request DefaultFullHttpRequest(decodeResult: success, version: HTTP/1.1, content: EmptyByteBufBE)
GET /session/f7e566a2d789bf8e9b8cfa8cd393cf6f/alert/text HTTP/1.1
User-Agent: selenium/4.8.1 (java windows)
Cache-Control: no-cache
Content-Type: application/json; charset=utf-8
host: localhost:28992
accept: */*

Response DefaultHttpResponse(decodeResult: success, version: HTTP/1.1)
HTTP/1.1 404 Not Found
Content-Length: 836
Content-Type: application/json; charset=utf-8
cache-control: no-cache

10:12:53.831 [AsyncHttpClient-1-8] DEBUG org.asynchttpclient.netty.channel.ChannelManager - Adding key: http://localhost:28992 for channel [id: 0x88e1d254, L:/127.0.0.1:51711 - R:localhost/127.0.0.1:28992]
10:12:53.831 [Forwarding getCurrentUrl on session f7e566a2d789bf8e9b8cfa8cd393cf6f to remote] DEBUG org.asynchttpclient.netty.request.NettyRequestSender - Using pooled Channel '[id: 0x88e1d254, L:/127.0.0.1:51711 - R:localhost/127.0.0.1:28992]' for 'GET' to 'http://localhost:28992/session/f7e566a2d789bf8e9b8cfa8cd393cf6f/url'
10:12:53.831 [Forwarding getCurrentUrl on session f7e566a2d789bf8e9b8cfa8cd393cf6f to remote] DEBUG org.asynchttpclient.netty.request.NettyRequestSender - Using open Channel [id: 0x88e1d254, L:/127.0.0.1:51711 - R:localhost/127.0.0.1:28992] for GET '/session/f7e566a2d789bf8e9b8cfa8cd393cf6f/url'
10:12:53.833 [AsyncHttpClient-1-8] DEBUG org.asynchttpclient.netty.handler.HttpHandler - 

Request DefaultFullHttpRequest(decodeResult: success, version: HTTP/1.1, content: EmptyByteBufBE)
GET /session/f7e566a2d789bf8e9b8cfa8cd393cf6f/url HTTP/1.1
User-Agent: selenium/4.8.1 (java windows)
Cache-Control: no-cache
Content-Type: application/json; charset=utf-8
host: localhost:28992
accept: */*

Response DefaultHttpResponse(decodeResult: success, version: HTTP/1.1)
HTTP/1.1 200 OK
Content-Length: 51
Content-Type: application/json; charset=utf-8
cache-control: no-cache

10:12:53.833 [AsyncHttpClient-1-8] DEBUG org.asynchttpclient.netty.channel.ChannelManager - Adding key: http://localhost:28992 for channel [id: 0x88e1d254, L:/127.0.0.1:51711 - R:localhost/127.0.0.1:28992]
10:12:53.834 [Forwarding screenshot on session f7e566a2d789bf8e9b8cfa8cd393cf6f to remote] DEBUG org.asynchttpclient.netty.request.NettyRequestSender - Using pooled Channel '[id: 0x88e1d254, L:/127.0.0.1:51711 - R:localhost/127.0.0.1:28992]' for 'GET' to 'http://localhost:28992/session/f7e566a2d789bf8e9b8cfa8cd393cf6f/screenshot'
10:12:53.834 [Forwarding screenshot on session f7e566a2d789bf8e9b8cfa8cd393cf6f to remote] DEBUG org.asynchttpclient.netty.request.NettyRequestSender - Using open Channel [id: 0x88e1d254, L:/127.0.0.1:51711 - R:localhost/127.0.0.1:28992] for GET '/session/f7e566a2d789bf8e9b8cfa8cd393cf6f/screenshot'
10:12:53.950 [AsyncHttpClient-1-8] DEBUG org.asynchttpclient.netty.handler.HttpHandler - 

Request DefaultFullHttpRequest(decodeResult: success, version: HTTP/1.1, content: EmptyByteBufBE)
GET /session/f7e566a2d789bf8e9b8cfa8cd393cf6f/screenshot HTTP/1.1
User-Agent: selenium/4.8.1 (java windows)
Cache-Control: no-cache
Content-Type: application/json; charset=utf-8
host: localhost:28992
accept: */*

Response DefaultHttpResponse(decodeResult: success, version: HTTP/1.1)
HTTP/1.1 200 OK
Content-Length: 40040
Content-Type: application/json; charset=utf-8
cache-control: no-cache

10:12:53.950 [AsyncHttpClient-1-8] DEBUG org.asynchttpclient.netty.channel.ChannelManager - Adding key: http://localhost:28992 for channel [id: 0x88e1d254, L:/127.0.0.1:51711 - R:localhost/127.0.0.1:28992]
10:12:53.952 [main] DEBUG net.serenitybdd.core.photography.Darkroom - Send negative for processing for target\site\serenity\44e73d7383c478d8776c040679834b02ca884c652c435bc144e68ed5efeafa44.png
10:12:53.952 [main] DEBUG net.thucydides.core.steps.StepInterceptor - STEP DONE: inputPassword
10:12:53.952 [Darkroom Processing Line] DEBUG net.serenitybdd.core.photography.DarkroomProcessingLine - Processing screenshot image in /var/screenshots/screenshot-14130600430897036103
10:12:53.952 [Darkroom Processing Line] DEBUG net.serenitybdd.core.photography.DarkroomProcessingLine - Saving screenshot to target\site\serenity\44e73d7383c478d8776c040679834b02ca884c652c435bc144e68ed5efeafa44.png
10:12:53.957 [Forwarding getPageSource on session f7e566a2d789bf8e9b8cfa8cd393cf6f to remote] DEBUG org.asynchttpclient.netty.request.NettyRequestSender - Using pooled Channel '[id: 0x88e1d254, L:/127.0.0.1:51711 - R:localhost/127.0.0.1:28992]' for 'POST' to 'http://localhost:28992/session/f7e566a2d789bf8e9b8cfa8cd393cf6f/execute/sync'
10:12:53.957 [Forwarding getPageSource on session f7e566a2d789bf8e9b8cfa8cd393cf6f to remote] DEBUG org.asynchttpclient.netty.request.NettyRequestSender - Using open Channel [id: 0x88e1d254, L:/127.0.0.1:51711 - R:localhost/127.0.0.1:28992] for POST '/session/f7e566a2d789bf8e9b8cfa8cd393cf6f/execute/sync'
10:12:53.962 [AsyncHttpClient-1-8] DEBUG org.asynchttpclient.netty.handler.HttpHandler - 

Request DefaultHttpRequest(decodeResult: success, version: HTTP/1.1)
POST /session/f7e566a2d789bf8e9b8cfa8cd393cf6f/execute/sync HTTP/1.1
User-Agent: selenium/4.8.1 (java windows)
Content-Length: 176
Content-Type: application/json; charset=utf-8
host: localhost:28992
accept: */*

Response DefaultHttpResponse(decodeResult: success, version: HTTP/1.1)
HTTP/1.1 200 OK
Content-Length: 21839
Content-Type: application/json; charset=utf-8
cache-control: no-cache

10:12:53.962 [AsyncHttpClient-1-8] DEBUG org.asynchttpclient.netty.channel.ChannelManager - Adding key: http://localhost:28992 for channel [id: 0x88e1d254, L:/127.0.0.1:51711 - R:localhost/127.0.0.1:28992]
10:12:53.963 [Forwarding getCurrentUrl on session f7e566a2d789bf8e9b8cfa8cd393cf6f to remote] DEBUG org.asynchttpclient.netty.request.NettyRequestSender - Using pooled Channel '[id: 0x88e1d254, L:/127.0.0.1:51711 - R:localhost/127.0.0.1:28992]' for 'GET' to 'http://localhost:28992/session/f7e566a2d789bf8e9b8cfa8cd393cf6f/url'
10:12:53.963 [Forwarding getCurrentUrl on session f7e566a2d789bf8e9b8cfa8cd393cf6f to remote] DEBUG org.asynchttpclient.netty.request.NettyRequestSender - Using open Channel [id: 0x88e1d254, L:/127.0.0.1:51711 - R:localhost/127.0.0.1:28992] for GET '/session/f7e566a2d789bf8e9b8cfa8cd393cf6f/url'
10:12:53.965 [AsyncHttpClient-1-8] DEBUG org.asynchttpclient.netty.handler.HttpHandler - 

Request DefaultFullHttpRequest(decodeResult: success, version: HTTP/1.1, content: EmptyByteBufBE)
GET /session/f7e566a2d789bf8e9b8cfa8cd393cf6f/url HTTP/1.1
User-Agent: selenium/4.8.1 (java windows)
Cache-Control: no-cache
Content-Type: application/json; charset=utf-8
host: localhost:28992
accept: */*

Response DefaultHttpResponse(decodeResult: success, version: HTTP/1.1)
HTTP/1.1 200 OK
Content-Length: 51
Content-Type: application/json; charset=utf-8
cache-control: no-cache

10:12:53.965 [AsyncHttpClient-1-8] DEBUG org.asynchttpclient.netty.channel.ChannelManager - Adding key: http://localhost:28992 for channel [id: 0x88e1d254, L:/127.0.0.1:51711 - R:localhost/127.0.0.1:28992]
10:12:53.966 [main] DEBUG net.thucydides.core.steps.StepInterceptor - STARTING STEP: LogoutSteps.onTheHomePage - clickLoginButton
10:12:53.970 [Forwarding findElement on session f7e566a2d789bf8e9b8cfa8cd393cf6f to remote] DEBUG org.asynchttpclient.netty.request.NettyRequestSender - Using pooled Channel '[id: 0x88e1d254, L:/127.0.0.1:51711 - R:localhost/127.0.0.1:28992]' for 'POST' to 'http://localhost:28992/session/f7e566a2d789bf8e9b8cfa8cd393cf6f/element'
10:12:53.970 [Forwarding findElement on session f7e566a2d789bf8e9b8cfa8cd393cf6f to remote] DEBUG org.asynchttpclient.netty.request.NettyRequestSender - Using open Channel [id: 0x88e1d254, L:/127.0.0.1:51711 - R:localhost/127.0.0.1:28992] for POST '/session/f7e566a2d789bf8e9b8cfa8cd393cf6f/element'
10:12:53.980 [AsyncHttpClient-1-8] DEBUG org.asynchttpclient.netty.handler.HttpHandler - 

Request DefaultHttpRequest(decodeResult: success, version: HTTP/1.1)
POST /session/f7e566a2d789bf8e9b8cfa8cd393cf6f/element HTTP/1.1
User-Agent: selenium/4.8.1 (java windows)
Content-Length: 71
Content-Type: application/json; charset=utf-8
host: localhost:28992
accept: */*

Response DefaultHttpResponse(decodeResult: success, version: HTTP/1.1)
HTTP/1.1 200 OK
Content-Length: 88
Content-Type: application/json; charset=utf-8
cache-control: no-cache

10:12:53.980 [AsyncHttpClient-1-8] DEBUG org.asynchttpclient.netty.channel.ChannelManager - Adding key: http://localhost:28992 for channel [id: 0x88e1d254, L:/127.0.0.1:51711 - R:localhost/127.0.0.1:28992]
10:12:53.981 [Forwarding getElementTagName on session f7e566a2d789bf8e9b8cfa8cd393cf6f to remote] DEBUG org.asynchttpclient.netty.request.NettyRequestSender - Using pooled Channel '[id: 0x88e1d254, L:/127.0.0.1:51711 - R:localhost/127.0.0.1:28992]' for 'GET' to 'http://localhost:28992/session/f7e566a2d789bf8e9b8cfa8cd393cf6f/element/51cabba7-d0ca-429a-a5cc-d03328f2f5e8/name'
10:12:53.981 [Forwarding getElementTagName on session f7e566a2d789bf8e9b8cfa8cd393cf6f to remote] DEBUG org.asynchttpclient.netty.request.NettyRequestSender - Using open Channel [id: 0x88e1d254, L:/127.0.0.1:51711 - R:localhost/127.0.0.1:28992] for GET '/session/f7e566a2d789bf8e9b8cfa8cd393cf6f/element/51cabba7-d0ca-429a-a5cc-d03328f2f5e8/name'
10:12:53.984 [AsyncHttpClient-1-8] DEBUG org.asynchttpclient.netty.handler.HttpHandler - 

Request DefaultFullHttpRequest(decodeResult: success, version: HTTP/1.1, content: EmptyByteBufBE)
GET /session/f7e566a2d789bf8e9b8cfa8cd393cf6f/element/51cabba7-d0ca-429a-a5cc-d03328f2f5e8/name HTTP/1.1
User-Agent: selenium/4.8.1 (java windows)
Cache-Control: no-cache
Content-Type: application/json; charset=utf-8
host: localhost:28992
accept: */*

Response DefaultHttpResponse(decodeResult: success, version: HTTP/1.1)
HTTP/1.1 200 OK
Content-Length: 18
Content-Type: application/json; charset=utf-8
cache-control: no-cache

10:12:53.984 [AsyncHttpClient-1-8] DEBUG org.asynchttpclient.netty.channel.ChannelManager - Adding key: http://localhost:28992 for channel [id: 0x88e1d254, L:/127.0.0.1:51711 - R:localhost/127.0.0.1:28992]
10:12:53.984 [Forwarding getElementTagName on session f7e566a2d789bf8e9b8cfa8cd393cf6f to remote] DEBUG org.asynchttpclient.netty.request.NettyRequestSender - Using pooled Channel '[id: 0x88e1d254, L:/127.0.0.1:51711 - R:localhost/127.0.0.1:28992]' for 'GET' to 'http://localhost:28992/session/f7e566a2d789bf8e9b8cfa8cd393cf6f/element/51cabba7-d0ca-429a-a5cc-d03328f2f5e8/name'
10:12:53.984 [Forwarding getElementTagName on session f7e566a2d789bf8e9b8cfa8cd393cf6f to remote] DEBUG org.asynchttpclient.netty.request.NettyRequestSender - Using open Channel [id: 0x88e1d254, L:/127.0.0.1:51711 - R:localhost/127.0.0.1:28992] for GET '/session/f7e566a2d789bf8e9b8cfa8cd393cf6f/element/51cabba7-d0ca-429a-a5cc-d03328f2f5e8/name'
10:12:53.988 [AsyncHttpClient-1-8] DEBUG org.asynchttpclient.netty.handler.HttpHandler - 

Request DefaultFullHttpRequest(decodeResult: success, version: HTTP/1.1, content: EmptyByteBufBE)
GET /session/f7e566a2d789bf8e9b8cfa8cd393cf6f/element/51cabba7-d0ca-429a-a5cc-d03328f2f5e8/name HTTP/1.1
User-Agent: selenium/4.8.1 (java windows)
Cache-Control: no-cache
Content-Type: application/json; charset=utf-8
host: localhost:28992
accept: */*

Response DefaultHttpResponse(decodeResult: success, version: HTTP/1.1)
HTTP/1.1 200 OK
Content-Length: 18
Content-Type: application/json; charset=utf-8
cache-control: no-cache

10:12:53.988 [AsyncHttpClient-1-8] DEBUG org.asynchttpclient.netty.channel.ChannelManager - Adding key: http://localhost:28992 for channel [id: 0x88e1d254, L:/127.0.0.1:51711 - R:localhost/127.0.0.1:28992]
10:12:53.989 [Forwarding isElementEnabled on session f7e566a2d789bf8e9b8cfa8cd393cf6f to remote] DEBUG org.asynchttpclient.netty.request.NettyRequestSender - Using pooled Channel '[id: 0x88e1d254, L:/127.0.0.1:51711 - R:localhost/127.0.0.1:28992]' for 'GET' to 'http://localhost:28992/session/f7e566a2d789bf8e9b8cfa8cd393cf6f/element/51cabba7-d0ca-429a-a5cc-d03328f2f5e8/enabled'
10:12:53.989 [Forwarding isElementEnabled on session f7e566a2d789bf8e9b8cfa8cd393cf6f to remote] DEBUG org.asynchttpclient.netty.request.NettyRequestSender - Using open Channel [id: 0x88e1d254, L:/127.0.0.1:51711 - R:localhost/127.0.0.1:28992] for GET '/session/f7e566a2d789bf8e9b8cfa8cd393cf6f/element/51cabba7-d0ca-429a-a5cc-d03328f2f5e8/enabled'
10:12:53.997 [AsyncHttpClient-1-8] DEBUG org.asynchttpclient.netty.handler.HttpHandler - 

Request DefaultFullHttpRequest(decodeResult: success, version: HTTP/1.1, content: EmptyByteBufBE)
GET /session/f7e566a2d789bf8e9b8cfa8cd393cf6f/element/51cabba7-d0ca-429a-a5cc-d03328f2f5e8/enabled HTTP/1.1
User-Agent: selenium/4.8.1 (java windows)
Cache-Control: no-cache
Content-Type: application/json; charset=utf-8
host: localhost:28992
accept: */*

Response DefaultHttpResponse(decodeResult: success, version: HTTP/1.1)
HTTP/1.1 200 OK
Content-Length: 14
Content-Type: application/json; charset=utf-8
cache-control: no-cache

10:12:53.997 [AsyncHttpClient-1-8] DEBUG org.asynchttpclient.netty.channel.ChannelManager - Adding key: http://localhost:28992 for channel [id: 0x88e1d254, L:/127.0.0.1:51711 - R:localhost/127.0.0.1:28992]
10:12:53.997 [Forwarding isElementEnabled on session f7e566a2d789bf8e9b8cfa8cd393cf6f to remote] DEBUG org.asynchttpclient.netty.request.NettyRequestSender - Using pooled Channel '[id: 0x88e1d254, L:/127.0.0.1:51711 - R:localhost/127.0.0.1:28992]' for 'GET' to 'http://localhost:28992/session/f7e566a2d789bf8e9b8cfa8cd393cf6f/element/51cabba7-d0ca-429a-a5cc-d03328f2f5e8/enabled'
10:12:53.997 [Forwarding isElementEnabled on session f7e566a2d789bf8e9b8cfa8cd393cf6f to remote] DEBUG org.asynchttpclient.netty.request.NettyRequestSender - Using open Channel [id: 0x88e1d254, L:/127.0.0.1:51711 - R:localhost/127.0.0.1:28992] for GET '/session/f7e566a2d789bf8e9b8cfa8cd393cf6f/element/51cabba7-d0ca-429a-a5cc-d03328f2f5e8/enabled'
10:12:54.003 [AsyncHttpClient-1-8] DEBUG org.asynchttpclient.netty.handler.HttpHandler - 

Request DefaultFullHttpRequest(decodeResult: success, version: HTTP/1.1, content: EmptyByteBufBE)
GET /session/f7e566a2d789bf8e9b8cfa8cd393cf6f/element/51cabba7-d0ca-429a-a5cc-d03328f2f5e8/enabled HTTP/1.1
User-Agent: selenium/4.8.1 (java windows)
Cache-Control: no-cache
Content-Type: application/json; charset=utf-8
host: localhost:28992
accept: */*

Response DefaultHttpResponse(decodeResult: success, version: HTTP/1.1)
HTTP/1.1 200 OK
Content-Length: 14
Content-Type: application/json; charset=utf-8
cache-control: no-cache

10:12:54.003 [AsyncHttpClient-1-8] DEBUG org.asynchttpclient.netty.channel.ChannelManager - Adding key: http://localhost:28992 for channel [id: 0x88e1d254, L:/127.0.0.1:51711 - R:localhost/127.0.0.1:28992]
10:12:54.004 [Forwarding findElement on session f7e566a2d789bf8e9b8cfa8cd393cf6f to remote] DEBUG org.asynchttpclient.netty.request.NettyRequestSender - Using pooled Channel '[id: 0x88e1d254, L:/127.0.0.1:51711 - R:localhost/127.0.0.1:28992]' for 'POST' to 'http://localhost:28992/session/f7e566a2d789bf8e9b8cfa8cd393cf6f/element'
10:12:54.004 [Forwarding findElement on session f7e566a2d789bf8e9b8cfa8cd393cf6f to remote] DEBUG org.asynchttpclient.netty.request.NettyRequestSender - Using open Channel [id: 0x88e1d254, L:/127.0.0.1:51711 - R:localhost/127.0.0.1:28992] for POST '/session/f7e566a2d789bf8e9b8cfa8cd393cf6f/element'
10:12:54.009 [AsyncHttpClient-1-8] DEBUG org.asynchttpclient.netty.handler.HttpHandler - 

Request DefaultHttpRequest(decodeResult: success, version: HTTP/1.1)
POST /session/f7e566a2d789bf8e9b8cfa8cd393cf6f/element HTTP/1.1
User-Agent: selenium/4.8.1 (java windows)
Content-Length: 71
Content-Type: application/json; charset=utf-8
host: localhost:28992
accept: */*

Response DefaultHttpResponse(decodeResult: success, version: HTTP/1.1)
HTTP/1.1 200 OK
Content-Length: 88
Content-Type: application/json; charset=utf-8
cache-control: no-cache

10:12:54.009 [AsyncHttpClient-1-8] DEBUG org.asynchttpclient.netty.channel.ChannelManager - Adding key: http://localhost:28992 for channel [id: 0x88e1d254, L:/127.0.0.1:51711 - R:localhost/127.0.0.1:28992]
10:12:54.010 [Forwarding clickElement on session f7e566a2d789bf8e9b8cfa8cd393cf6f to remote] DEBUG org.asynchttpclient.netty.request.NettyRequestSender - Using pooled Channel '[id: 0x88e1d254, L:/127.0.0.1:51711 - R:localhost/127.0.0.1:28992]' for 'POST' to 'http://localhost:28992/session/f7e566a2d789bf8e9b8cfa8cd393cf6f/element/51cabba7-d0ca-429a-a5cc-d03328f2f5e8/click'
10:12:54.010 [Forwarding clickElement on session f7e566a2d789bf8e9b8cfa8cd393cf6f to remote] DEBUG org.asynchttpclient.netty.request.NettyRequestSender - Using open Channel [id: 0x88e1d254, L:/127.0.0.1:51711 - R:localhost/127.0.0.1:28992] for POST '/session/f7e566a2d789bf8e9b8cfa8cd393cf6f/element/51cabba7-d0ca-429a-a5cc-d03328f2f5e8/click'
10:12:54.048 [AsyncHttpClient-1-8] DEBUG org.asynchttpclient.netty.handler.HttpHandler - 

Request DefaultHttpRequest(decodeResult: success, version: HTTP/1.1)
POST /session/f7e566a2d789bf8e9b8cfa8cd393cf6f/element/51cabba7-d0ca-429a-a5cc-d03328f2f5e8/click HTTP/1.1
User-Agent: selenium/4.8.1 (java windows)
Content-Length: 50
Content-Type: application/json; charset=utf-8
host: localhost:28992
accept: */*

Response DefaultHttpResponse(decodeResult: success, version: HTTP/1.1)
HTTP/1.1 200 OK
Content-Length: 14
Content-Type: application/json; charset=utf-8
cache-control: no-cache

10:12:54.048 [AsyncHttpClient-1-8] DEBUG org.asynchttpclient.netty.channel.ChannelManager - Adding key: http://localhost:28992 for channel [id: 0x88e1d254, L:/127.0.0.1:51711 - R:localhost/127.0.0.1:28992]
10:12:54.052 [Forwarding getAlertText on session f7e566a2d789bf8e9b8cfa8cd393cf6f to remote] DEBUG org.asynchttpclient.netty.request.NettyRequestSender - Using pooled Channel '[id: 0x88e1d254, L:/127.0.0.1:51711 - R:localhost/127.0.0.1:28992]' for 'GET' to 'http://localhost:28992/session/f7e566a2d789bf8e9b8cfa8cd393cf6f/alert/text'
10:12:54.052 [Forwarding getAlertText on session f7e566a2d789bf8e9b8cfa8cd393cf6f to remote] DEBUG org.asynchttpclient.netty.request.NettyRequestSender - Using open Channel [id: 0x88e1d254, L:/127.0.0.1:51711 - R:localhost/127.0.0.1:28992] for GET '/session/f7e566a2d789bf8e9b8cfa8cd393cf6f/alert/text'
10:12:54.054 [AsyncHttpClient-1-8] DEBUG org.asynchttpclient.netty.handler.HttpHandler - 

Request DefaultFullHttpRequest(decodeResult: success, version: HTTP/1.1, content: EmptyByteBufBE)
GET /session/f7e566a2d789bf8e9b8cfa8cd393cf6f/alert/text HTTP/1.1
User-Agent: selenium/4.8.1 (java windows)
Cache-Control: no-cache
Content-Type: application/json; charset=utf-8
host: localhost:28992
accept: */*

Response DefaultHttpResponse(decodeResult: success, version: HTTP/1.1)
HTTP/1.1 404 Not Found
Content-Length: 836
Content-Type: application/json; charset=utf-8
cache-control: no-cache

10:12:54.054 [AsyncHttpClient-1-8] DEBUG org.asynchttpclient.netty.channel.ChannelManager - Adding key: http://localhost:28992 for channel [id: 0x88e1d254, L:/127.0.0.1:51711 - R:localhost/127.0.0.1:28992]
10:12:54.054 [Forwarding getCurrentUrl on session f7e566a2d789bf8e9b8cfa8cd393cf6f to remote] DEBUG org.asynchttpclient.netty.request.NettyRequestSender - Using pooled Channel '[id: 0x88e1d254, L:/127.0.0.1:51711 - R:localhost/127.0.0.1:28992]' for 'GET' to 'http://localhost:28992/session/f7e566a2d789bf8e9b8cfa8cd393cf6f/url'
10:12:54.054 [Forwarding getCurrentUrl on session f7e566a2d789bf8e9b8cfa8cd393cf6f to remote] DEBUG org.asynchttpclient.netty.request.NettyRequestSender - Using open Channel [id: 0x88e1d254, L:/127.0.0.1:51711 - R:localhost/127.0.0.1:28992] for GET '/session/f7e566a2d789bf8e9b8cfa8cd393cf6f/url'
10:12:54.056 [AsyncHttpClient-1-8] DEBUG org.asynchttpclient.netty.handler.HttpHandler - 

Request DefaultFullHttpRequest(decodeResult: success, version: HTTP/1.1, content: EmptyByteBufBE)
GET /session/f7e566a2d789bf8e9b8cfa8cd393cf6f/url HTTP/1.1
User-Agent: selenium/4.8.1 (java windows)
Cache-Control: no-cache
Content-Type: application/json; charset=utf-8
host: localhost:28992
accept: */*

Response DefaultHttpResponse(decodeResult: success, version: HTTP/1.1)
HTTP/1.1 200 OK
Content-Length: 51
Content-Type: application/json; charset=utf-8
cache-control: no-cache

10:12:54.056 [AsyncHttpClient-1-8] DEBUG org.asynchttpclient.netty.channel.ChannelManager - Adding key: http://localhost:28992 for channel [id: 0x88e1d254, L:/127.0.0.1:51711 - R:localhost/127.0.0.1:28992]
10:12:54.057 [Forwarding screenshot on session f7e566a2d789bf8e9b8cfa8cd393cf6f to remote] DEBUG org.asynchttpclient.netty.request.NettyRequestSender - Using pooled Channel '[id: 0x88e1d254, L:/127.0.0.1:51711 - R:localhost/127.0.0.1:28992]' for 'GET' to 'http://localhost:28992/session/f7e566a2d789bf8e9b8cfa8cd393cf6f/screenshot'
10:12:54.057 [Forwarding screenshot on session f7e566a2d789bf8e9b8cfa8cd393cf6f to remote] DEBUG org.asynchttpclient.netty.request.NettyRequestSender - Using open Channel [id: 0x88e1d254, L:/127.0.0.1:51711 - R:localhost/127.0.0.1:28992] for GET '/session/f7e566a2d789bf8e9b8cfa8cd393cf6f/screenshot'
10:12:54.182 [AsyncHttpClient-1-8] DEBUG org.asynchttpclient.netty.handler.HttpHandler - 

Request DefaultFullHttpRequest(decodeResult: success, version: HTTP/1.1, content: EmptyByteBufBE)
GET /session/f7e566a2d789bf8e9b8cfa8cd393cf6f/screenshot HTTP/1.1
User-Agent: selenium/4.8.1 (java windows)
Cache-Control: no-cache
Content-Type: application/json; charset=utf-8
host: localhost:28992
accept: */*

Response DefaultHttpResponse(decodeResult: success, version: HTTP/1.1)
HTTP/1.1 200 OK
Content-Length: 39684
Content-Type: application/json; charset=utf-8
cache-control: no-cache

10:12:54.182 [AsyncHttpClient-1-8] DEBUG org.asynchttpclient.netty.channel.ChannelManager - Adding key: http://localhost:28992 for channel [id: 0x88e1d254, L:/127.0.0.1:51711 - R:localhost/127.0.0.1:28992]
10:12:54.183 [main] DEBUG net.serenitybdd.core.photography.Darkroom - Send negative for processing for target\site\serenity\1d4c6a1a3d535a514fab2ec8df312b6f8b9072d9d84e67b61b43db24972e3210.png
10:12:54.184 [main] DEBUG net.thucydides.core.steps.StepInterceptor - STEP DONE: clickLoginButton
10:12:54.184 [Darkroom Processing Line] DEBUG net.serenitybdd.core.photography.DarkroomProcessingLine - Processing screenshot image in /var/screenshots/screenshot-15766771269845538807
10:12:54.184 [Darkroom Processing Line] DEBUG net.serenitybdd.core.photography.DarkroomProcessingLine - Saving screenshot to target\site\serenity\1d4c6a1a3d535a514fab2ec8df312b6f8b9072d9d84e67b61b43db24972e3210.png
10:12:54.188 [Forwarding getPageSource on session f7e566a2d789bf8e9b8cfa8cd393cf6f to remote] DEBUG org.asynchttpclient.netty.request.NettyRequestSender - Using pooled Channel '[id: 0x88e1d254, L:/127.0.0.1:51711 - R:localhost/127.0.0.1:28992]' for 'POST' to 'http://localhost:28992/session/f7e566a2d789bf8e9b8cfa8cd393cf6f/execute/sync'
10:12:54.188 [Forwarding getPageSource on session f7e566a2d789bf8e9b8cfa8cd393cf6f to remote] DEBUG org.asynchttpclient.netty.request.NettyRequestSender - Using open Channel [id: 0x88e1d254, L:/127.0.0.1:51711 - R:localhost/127.0.0.1:28992] for POST '/session/f7e566a2d789bf8e9b8cfa8cd393cf6f/execute/sync'
10:12:54.193 [AsyncHttpClient-1-8] DEBUG org.asynchttpclient.netty.handler.HttpHandler - 

Request DefaultHttpRequest(decodeResult: success, version: HTTP/1.1)
POST /session/f7e566a2d789bf8e9b8cfa8cd393cf6f/execute/sync HTTP/1.1
User-Agent: selenium/4.8.1 (java windows)
Content-Length: 176
Content-Type: application/json; charset=utf-8
host: localhost:28992
accept: */*

Response DefaultHttpResponse(decodeResult: success, version: HTTP/1.1)
HTTP/1.1 200 OK
Content-Length: 28798
Content-Type: application/json; charset=utf-8
cache-control: no-cache

10:12:54.193 [AsyncHttpClient-1-8] DEBUG org.asynchttpclient.netty.channel.ChannelManager - Adding key: http://localhost:28992 for channel [id: 0x88e1d254, L:/127.0.0.1:51711 - R:localhost/127.0.0.1:28992]
10:12:54.195 [Forwarding getCurrentUrl on session f7e566a2d789bf8e9b8cfa8cd393cf6f to remote] DEBUG org.asynchttpclient.netty.request.NettyRequestSender - Using pooled Channel '[id: 0x88e1d254, L:/127.0.0.1:51711 - R:localhost/127.0.0.1:28992]' for 'GET' to 'http://localhost:28992/session/f7e566a2d789bf8e9b8cfa8cd393cf6f/url'
10:12:54.195 [Forwarding getCurrentUrl on session f7e566a2d789bf8e9b8cfa8cd393cf6f to remote] DEBUG org.asynchttpclient.netty.request.NettyRequestSender - Using open Channel [id: 0x88e1d254, L:/127.0.0.1:51711 - R:localhost/127.0.0.1:28992] for GET '/session/f7e566a2d789bf8e9b8cfa8cd393cf6f/url'
10:12:54.209 [AsyncHttpClient-1-8] DEBUG org.asynchttpclient.netty.handler.HttpHandler - 

Request DefaultFullHttpRequest(decodeResult: success, version: HTTP/1.1, content: EmptyByteBufBE)
GET /session/f7e566a2d789bf8e9b8cfa8cd393cf6f/url HTTP/1.1
User-Agent: selenium/4.8.1 (java windows)
Cache-Control: no-cache
Content-Type: application/json; charset=utf-8
host: localhost:28992
accept: */*

Response DefaultHttpResponse(decodeResult: success, version: HTTP/1.1)
HTTP/1.1 200 OK
Content-Length: 41
Content-Type: application/json; charset=utf-8
cache-control: no-cache

10:12:54.210 [AsyncHttpClient-1-8] DEBUG org.asynchttpclient.netty.channel.ChannelManager - Adding key: http://localhost:28992 for channel [id: 0x88e1d254, L:/127.0.0.1:51711 - R:localhost/127.0.0.1:28992]
10:12:54.211 [main] DEBUG net.thucydides.core.steps.StepInterceptor - STARTING STEP: LogoutSteps.onTheHomePage - validateOnHomePage
10:12:54.212 [Forwarding findElement on session f7e566a2d789bf8e9b8cfa8cd393cf6f to remote] DEBUG org.asynchttpclient.netty.request.NettyRequestSender - Using pooled Channel '[id: 0x88e1d254, L:/127.0.0.1:51711 - R:localhost/127.0.0.1:28992]' for 'POST' to 'http://localhost:28992/session/f7e566a2d789bf8e9b8cfa8cd393cf6f/element'
10:12:54.212 [Forwarding findElement on session f7e566a2d789bf8e9b8cfa8cd393cf6f to remote] DEBUG org.asynchttpclient.netty.request.NettyRequestSender - Using open Channel [id: 0x88e1d254, L:/127.0.0.1:51711 - R:localhost/127.0.0.1:28992] for POST '/session/f7e566a2d789bf8e9b8cfa8cd393cf6f/element'
10:12:54.223 [AsyncHttpClient-1-8] DEBUG org.asynchttpclient.netty.handler.HttpHandler - 

Request DefaultHttpRequest(decodeResult: success, version: HTTP/1.1)
POST /session/f7e566a2d789bf8e9b8cfa8cd393cf6f/element HTTP/1.1
User-Agent: selenium/4.8.1 (java windows)
Content-Length: 54
Content-Type: application/json; charset=utf-8
host: localhost:28992
accept: */*

Response DefaultHttpResponse(decodeResult: success, version: HTTP/1.1)
HTTP/1.1 200 OK
Content-Length: 88
Content-Type: application/json; charset=utf-8
cache-control: no-cache

10:12:54.223 [AsyncHttpClient-1-8] DEBUG org.asynchttpclient.netty.channel.ChannelManager - Adding key: http://localhost:28992 for channel [id: 0x88e1d254, L:/127.0.0.1:51711 - R:localhost/127.0.0.1:28992]
10:12:54.225 [Forwarding isElementDisplayed on session f7e566a2d789bf8e9b8cfa8cd393cf6f to remote] DEBUG org.asynchttpclient.netty.request.NettyRequestSender - Using pooled Channel '[id: 0x88e1d254, L:/127.0.0.1:51711 - R:localhost/127.0.0.1:28992]' for 'POST' to 'http://localhost:28992/session/f7e566a2d789bf8e9b8cfa8cd393cf6f/execute/sync'
10:12:54.225 [Forwarding isElementDisplayed on session f7e566a2d789bf8e9b8cfa8cd393cf6f to remote] DEBUG org.asynchttpclient.netty.request.NettyRequestSender - Using open Channel [id: 0x88e1d254, L:/127.0.0.1:51711 - R:localhost/127.0.0.1:28992] for POST '/session/f7e566a2d789bf8e9b8cfa8cd393cf6f/execute/sync'
10:12:54.235 [AsyncHttpClient-1-8] DEBUG org.asynchttpclient.netty.handler.HttpHandler - 

Request DefaultHttpRequest(decodeResult: success, version: HTTP/1.1)
POST /session/f7e566a2d789bf8e9b8cfa8cd393cf6f/execute/sync HTTP/1.1
User-Agent: selenium/4.8.1 (java windows)
Content-Length: 48807
Content-Type: application/json; charset=utf-8
host: localhost:28992
accept: */*

Response DefaultHttpResponse(decodeResult: success, version: HTTP/1.1)
HTTP/1.1 200 OK
Content-Length: 14
Content-Type: application/json; charset=utf-8
cache-control: no-cache

10:12:54.235 [AsyncHttpClient-1-8] DEBUG org.asynchttpclient.netty.channel.ChannelManager - Adding key: http://localhost:28992 for channel [id: 0x88e1d254, L:/127.0.0.1:51711 - R:localhost/127.0.0.1:28992]
10:12:54.241 [Forwarding getAlertText on session f7e566a2d789bf8e9b8cfa8cd393cf6f to remote] DEBUG org.asynchttpclient.netty.request.NettyRequestSender - Using pooled Channel '[id: 0x88e1d254, L:/127.0.0.1:51711 - R:localhost/127.0.0.1:28992]' for 'GET' to 'http://localhost:28992/session/f7e566a2d789bf8e9b8cfa8cd393cf6f/alert/text'
10:12:54.241 [Forwarding getAlertText on session f7e566a2d789bf8e9b8cfa8cd393cf6f to remote] DEBUG org.asynchttpclient.netty.request.NettyRequestSender - Using open Channel [id: 0x88e1d254, L:/127.0.0.1:51711 - R:localhost/127.0.0.1:28992] for GET '/session/f7e566a2d789bf8e9b8cfa8cd393cf6f/alert/text'
10:12:54.242 [AsyncHttpClient-1-8] DEBUG org.asynchttpclient.netty.handler.HttpHandler - 

Request DefaultFullHttpRequest(decodeResult: success, version: HTTP/1.1, content: EmptyByteBufBE)
GET /session/f7e566a2d789bf8e9b8cfa8cd393cf6f/alert/text HTTP/1.1
User-Agent: selenium/4.8.1 (java windows)
Cache-Control: no-cache
Content-Type: application/json; charset=utf-8
host: localhost:28992
accept: */*

Response DefaultHttpResponse(decodeResult: success, version: HTTP/1.1)
HTTP/1.1 404 Not Found
Content-Length: 836
Content-Type: application/json; charset=utf-8
cache-control: no-cache

10:12:54.242 [AsyncHttpClient-1-8] DEBUG org.asynchttpclient.netty.channel.ChannelManager - Adding key: http://localhost:28992 for channel [id: 0x88e1d254, L:/127.0.0.1:51711 - R:localhost/127.0.0.1:28992]
10:12:54.243 [Forwarding getCurrentUrl on session f7e566a2d789bf8e9b8cfa8cd393cf6f to remote] DEBUG org.asynchttpclient.netty.request.NettyRequestSender - Using pooled Channel '[id: 0x88e1d254, L:/127.0.0.1:51711 - R:localhost/127.0.0.1:28992]' for 'GET' to 'http://localhost:28992/session/f7e566a2d789bf8e9b8cfa8cd393cf6f/url'
10:12:54.243 [Forwarding getCurrentUrl on session f7e566a2d789bf8e9b8cfa8cd393cf6f to remote] DEBUG org.asynchttpclient.netty.request.NettyRequestSender - Using open Channel [id: 0x88e1d254, L:/127.0.0.1:51711 - R:localhost/127.0.0.1:28992] for GET '/session/f7e566a2d789bf8e9b8cfa8cd393cf6f/url'
10:12:54.245 [AsyncHttpClient-1-8] DEBUG org.asynchttpclient.netty.handler.HttpHandler - 

Request DefaultFullHttpRequest(decodeResult: success, version: HTTP/1.1, content: EmptyByteBufBE)
GET /session/f7e566a2d789bf8e9b8cfa8cd393cf6f/url HTTP/1.1
User-Agent: selenium/4.8.1 (java windows)
Cache-Control: no-cache
Content-Type: application/json; charset=utf-8
host: localhost:28992
accept: */*

Response DefaultHttpResponse(decodeResult: success, version: HTTP/1.1)
HTTP/1.1 200 OK
Content-Length: 41
Content-Type: application/json; charset=utf-8
cache-control: no-cache

10:12:54.245 [AsyncHttpClient-1-8] DEBUG org.asynchttpclient.netty.channel.ChannelManager - Adding key: http://localhost:28992 for channel [id: 0x88e1d254, L:/127.0.0.1:51711 - R:localhost/127.0.0.1:28992]
10:12:54.245 [Forwarding screenshot on session f7e566a2d789bf8e9b8cfa8cd393cf6f to remote] DEBUG org.asynchttpclient.netty.request.NettyRequestSender - Using pooled Channel '[id: 0x88e1d254, L:/127.0.0.1:51711 - R:localhost/127.0.0.1:28992]' for 'GET' to 'http://localhost:28992/session/f7e566a2d789bf8e9b8cfa8cd393cf6f/screenshot'
10:12:54.245 [Forwarding screenshot on session f7e566a2d789bf8e9b8cfa8cd393cf6f to remote] DEBUG org.asynchttpclient.netty.request.NettyRequestSender - Using open Channel [id: 0x88e1d254, L:/127.0.0.1:51711 - R:localhost/127.0.0.1:28992] for GET '/session/f7e566a2d789bf8e9b8cfa8cd393cf6f/screenshot'
10:12:54.604 [AsyncHttpClient-1-1] DEBUG org.asynchttpclient.netty.channel.DefaultChannelPool - Entry count for : http://localhost:51712 : 1
10:12:55.024 [AsyncHttpClient-1-8] DEBUG org.asynchttpclient.netty.handler.HttpHandler - 

Request DefaultFullHttpRequest(decodeResult: success, version: HTTP/1.1, content: EmptyByteBufBE)
GET /session/f7e566a2d789bf8e9b8cfa8cd393cf6f/screenshot HTTP/1.1
User-Agent: selenium/4.8.1 (java windows)
Cache-Control: no-cache
Content-Type: application/json; charset=utf-8
host: localhost:28992
accept: */*

Response DefaultHttpResponse(decodeResult: success, version: HTTP/1.1)
HTTP/1.1 200 OK
Content-Length: 33920
Content-Type: application/json; charset=utf-8
cache-control: no-cache

10:12:55.024 [AsyncHttpClient-1-8] DEBUG org.asynchttpclient.netty.channel.ChannelManager - Adding key: http://localhost:28992 for channel [id: 0x88e1d254, L:/127.0.0.1:51711 - R:localhost/127.0.0.1:28992]
10:12:55.026 [main] DEBUG net.serenitybdd.core.photography.Darkroom - Send negative for processing for target\site\serenity\cb893cd99e39158d050c2a46c374bb6113c631eb40e16c8330ca11c0187019dc.png
10:12:55.026 [main] DEBUG net.thucydides.core.steps.StepInterceptor - STEP DONE: validateOnHomePage
  &amp#27;[32mGiven &amp#27;[0m&amp#27;[32mI am on the alta-shop home page&amp#27;[0m                      &amp#27;[90m# starter.stepdefinitions.LogoutSteps.onTheHomePage()&amp#27;[0m
10:12:55.035 [Forwarding getPageSource on session f7e566a2d789bf8e9b8cfa8cd393cf6f to remote] DEBUG org.asynchttpclient.netty.request.NettyRequestSender - Using pooled Channel '[id: 0x88e1d254, L:/127.0.0.1:51711 - R:localhost/127.0.0.1:28992]' for 'POST' to 'http://localhost:28992/session/f7e566a2d789bf8e9b8cfa8cd393cf6f/execute/sync'
10:12:55.035 [Forwarding getPageSource on session f7e566a2d789bf8e9b8cfa8cd393cf6f to remote] DEBUG org.asynchttpclient.netty.request.NettyRequestSender - Using open Channel [id: 0x88e1d254, L:/127.0.0.1:51711 - R:localhost/127.0.0.1:28992] for POST '/session/f7e566a2d789bf8e9b8cfa8cd393cf6f/execute/sync'
10:12:55.060 [AsyncHttpClient-1-8] DEBUG org.asynchttpclient.netty.handler.HttpHandler - 

Request DefaultHttpRequest(decodeResult: success, version: HTTP/1.1)
POST /session/f7e566a2d789bf8e9b8cfa8cd393cf6f/execute/sync HTTP/1.1
User-Agent: selenium/4.8.1 (java windows)
Content-Length: 176
Content-Type: application/json; charset=utf-8
host: localhost:28992
accept: */*

Response DefaultHttpResponse(decodeResult: success, version: HTTP/1.1)
HTTP/1.1 200 OK
Content-Length: 290004
Content-Type: application/json; charset=utf-8
cache-control: no-cache

10:12:55.061 [AsyncHttpClient-1-8] DEBUG org.asynchttpclient.netty.channel.ChannelManager - Adding key: http://localhost:28992 for channel [id: 0x88e1d254, L:/127.0.0.1:51711 - R:localhost/127.0.0.1:28992]
10:12:55.108 [Forwarding getCurrentUrl on session f7e566a2d789bf8e9b8cfa8cd393cf6f to remote] DEBUG org.asynchttpclient.netty.request.NettyRequestSender - Using pooled Channel '[id: 0x88e1d254, L:/127.0.0.1:51711 - R:localhost/127.0.0.1:28992]' for 'GET' to 'http://localhost:28992/session/f7e566a2d789bf8e9b8cfa8cd393cf6f/url'
10:12:55.108 [Forwarding getCurrentUrl on session f7e566a2d789bf8e9b8cfa8cd393cf6f to remote] DEBUG org.asynchttpclient.netty.request.NettyRequestSender - Using open Channel [id: 0x88e1d254, L:/127.0.0.1:51711 - R:localhost/127.0.0.1:28992] for GET '/session/f7e566a2d789bf8e9b8cfa8cd393cf6f/url'
10:12:55.111 [AsyncHttpClient-1-8] DEBUG org.asynchttpclient.netty.handler.HttpHandler - 

Request DefaultFullHttpRequest(decodeResult: success, version: HTTP/1.1, content: EmptyByteBufBE)
GET /session/f7e566a2d789bf8e9b8cfa8cd393cf6f/url HTTP/1.1
User-Agent: selenium/4.8.1 (java windows)
Cache-Control: no-cache
Content-Type: application/json; charset=utf-8
host: localhost:28992
accept: */*

Response DefaultHttpResponse(decodeResult: success, version: HTTP/1.1)
HTTP/1.1 200 OK
Content-Length: 41
Content-Type: application/json; charset=utf-8
cache-control: no-cache

10:12:55.111 [AsyncHttpClient-1-8] DEBUG org.asynchttpclient.netty.channel.ChannelManager - Adding key: http://localhost:28992 for channel [id: 0x88e1d254, L:/127.0.0.1:51711 - R:localhost/127.0.0.1:28992]
10:12:55.123 [Forwarding getAlertText on session f7e566a2d789bf8e9b8cfa8cd393cf6f to remote] DEBUG org.asynchttpclient.netty.request.NettyRequestSender - Using pooled Channel '[id: 0x88e1d254, L:/127.0.0.1:51711 - R:localhost/127.0.0.1:28992]' for 'GET' to 'http://localhost:28992/session/f7e566a2d789bf8e9b8cfa8cd393cf6f/alert/text'
10:12:55.123 [Forwarding getAlertText on session f7e566a2d789bf8e9b8cfa8cd393cf6f to remote] DEBUG org.asynchttpclient.netty.request.NettyRequestSender - Using open Channel [id: 0x88e1d254, L:/127.0.0.1:51711 - R:localhost/127.0.0.1:28992] for GET '/session/f7e566a2d789bf8e9b8cfa8cd393cf6f/alert/text'
10:12:55.124 [AsyncHttpClient-1-8] DEBUG org.asynchttpclient.netty.handler.HttpHandler - 

Request DefaultFullHttpRequest(decodeResult: success, version: HTTP/1.1, content: EmptyByteBufBE)
GET /session/f7e566a2d789bf8e9b8cfa8cd393cf6f/alert/text HTTP/1.1
User-Agent: selenium/4.8.1 (java windows)
Cache-Control: no-cache
Content-Type: application/json; charset=utf-8
host: localhost:28992
accept: */*

Response DefaultHttpResponse(decodeResult: success, version: HTTP/1.1)
HTTP/1.1 404 Not Found
Content-Length: 836
Content-Type: application/json; charset=utf-8
cache-control: no-cache

10:12:55.124 [AsyncHttpClient-1-8] DEBUG org.asynchttpclient.netty.channel.ChannelManager - Adding key: http://localhost:28992 for channel [id: 0x88e1d254, L:/127.0.0.1:51711 - R:localhost/127.0.0.1:28992]
10:12:55.124 [Forwarding getCurrentUrl on session f7e566a2d789bf8e9b8cfa8cd393cf6f to remote] DEBUG org.asynchttpclient.netty.request.NettyRequestSender - Using pooled Channel '[id: 0x88e1d254, L:/127.0.0.1:51711 - R:localhost/127.0.0.1:28992]' for 'GET' to 'http://localhost:28992/session/f7e566a2d789bf8e9b8cfa8cd393cf6f/url'
10:12:55.124 [Forwarding getCurrentUrl on session f7e566a2d789bf8e9b8cfa8cd393cf6f to remote] DEBUG org.asynchttpclient.netty.request.NettyRequestSender - Using open Channel [id: 0x88e1d254, L:/127.0.0.1:51711 - R:localhost/127.0.0.1:28992] for GET '/session/f7e566a2d789bf8e9b8cfa8cd393cf6f/url'
10:12:55.127 [AsyncHttpClient-1-8] DEBUG org.asynchttpclient.netty.handler.HttpHandler - 

Request DefaultFullHttpRequest(decodeResult: success, version: HTTP/1.1, content: EmptyByteBufBE)
GET /session/f7e566a2d789bf8e9b8cfa8cd393cf6f/url HTTP/1.1
User-Agent: selenium/4.8.1 (java windows)
Cache-Control: no-cache
Content-Type: application/json; charset=utf-8
host: localhost:28992
accept: */*

Response DefaultHttpResponse(decodeResult: success, version: HTTP/1.1)
HTTP/1.1 200 OK
Content-Length: 41
Content-Type: application/json; charset=utf-8
cache-control: no-cache

10:12:55.127 [AsyncHttpClient-1-8] DEBUG org.asynchttpclient.netty.channel.ChannelManager - Adding key: http://localhost:28992 for channel [id: 0x88e1d254, L:/127.0.0.1:51711 - R:localhost/127.0.0.1:28992]
10:12:55.129 [Forwarding screenshot on session f7e566a2d789bf8e9b8cfa8cd393cf6f to remote] DEBUG org.asynchttpclient.netty.request.NettyRequestSender - Using pooled Channel '[id: 0x88e1d254, L:/127.0.0.1:51711 - R:localhost/127.0.0.1:28992]' for 'GET' to 'http://localhost:28992/session/f7e566a2d789bf8e9b8cfa8cd393cf6f/screenshot'
10:12:55.129 [Forwarding screenshot on session f7e566a2d789bf8e9b8cfa8cd393cf6f to remote] DEBUG org.asynchttpclient.netty.request.NettyRequestSender - Using open Channel [id: 0x88e1d254, L:/127.0.0.1:51711 - R:localhost/127.0.0.1:28992] for GET '/session/f7e566a2d789bf8e9b8cfa8cd393cf6f/screenshot'
10:12:55.251 [AsyncHttpClient-1-8] DEBUG org.asynchttpclient.netty.handler.HttpHandler - 

Request DefaultFullHttpRequest(decodeResult: success, version: HTTP/1.1, content: EmptyByteBufBE)
GET /session/f7e566a2d789bf8e9b8cfa8cd393cf6f/screenshot HTTP/1.1
User-Agent: selenium/4.8.1 (java windows)
Cache-Control: no-cache
Content-Type: application/json; charset=utf-8
host: localhost:28992
accept: */*

Response DefaultHttpResponse(decodeResult: success, version: HTTP/1.1)
HTTP/1.1 200 OK
Content-Length: 79436
Content-Type: application/json; charset=utf-8
cache-control: no-cache

10:12:55.251 [AsyncHttpClient-1-8] DEBUG org.asynchttpclient.netty.channel.ChannelManager - Adding key: http://localhost:28992 for channel [id: 0x88e1d254, L:/127.0.0.1:51711 - R:localhost/127.0.0.1:28992]
10:12:55.253 [main] DEBUG net.serenitybdd.core.photography.Darkroom - Send negative for processing for target\site\serenity\efdad95f752e6c0e189c96f3f59230f7490c88afb3a2742b2ea2d6dd5d59a1ca.png
10:12:55.254 [Darkroom Processing Line] DEBUG net.serenitybdd.core.photography.DarkroomProcessingLine - Processing screenshot image in /var/screenshots/screenshot-7225963966267993116
10:12:55.254 [Darkroom Processing Line] DEBUG net.serenitybdd.core.photography.DarkroomProcessingLine - Saving screenshot to target\site\serenity\efdad95f752e6c0e189c96f3f59230f7490c88afb3a2742b2ea2d6dd5d59a1ca.png
10:12:55.254 [Forwarding getPageSource on session f7e566a2d789bf8e9b8cfa8cd393cf6f to remote] DEBUG org.asynchttpclient.netty.request.NettyRequestSender - Using pooled Channel '[id: 0x88e1d254, L:/127.0.0.1:51711 - R:localhost/127.0.0.1:28992]' for 'POST' to 'http://localhost:28992/session/f7e566a2d789bf8e9b8cfa8cd393cf6f/execute/sync'
10:12:55.254 [Forwarding getPageSource on session f7e566a2d789bf8e9b8cfa8cd393cf6f to remote] DEBUG org.asynchttpclient.netty.request.NettyRequestSender - Using open Channel [id: 0x88e1d254, L:/127.0.0.1:51711 - R:localhost/127.0.0.1:28992] for POST '/session/f7e566a2d789bf8e9b8cfa8cd393cf6f/execute/sync'
10:12:55.275 [AsyncHttpClient-1-8] DEBUG org.asynchttpclient.netty.handler.HttpHandler - 

Request DefaultHttpRequest(decodeResult: success, version: HTTP/1.1)
POST /session/f7e566a2d789bf8e9b8cfa8cd393cf6f/execute/sync HTTP/1.1
User-Agent: selenium/4.8.1 (java windows)
Content-Length: 176
Content-Type: application/json; charset=utf-8
host: localhost:28992
accept: */*

Response DefaultHttpResponse(decodeResult: success, version: HTTP/1.1)
HTTP/1.1 200 OK
Content-Length: 290004
Content-Type: application/json; charset=utf-8
cache-control: no-cache

10:12:55.275 [AsyncHttpClient-1-8] DEBUG org.asynchttpclient.netty.channel.ChannelManager - Adding key: http://localhost:28992 for channel [id: 0x88e1d254, L:/127.0.0.1:51711 - R:localhost/127.0.0.1:28992]
10:12:55.311 [Forwarding getCurrentUrl on session f7e566a2d789bf8e9b8cfa8cd393cf6f to remote] DEBUG org.asynchttpclient.netty.request.NettyRequestSender - Using pooled Channel '[id: 0x88e1d254, L:/127.0.0.1:51711 - R:localhost/127.0.0.1:28992]' for 'GET' to 'http://localhost:28992/session/f7e566a2d789bf8e9b8cfa8cd393cf6f/url'
10:12:55.312 [Forwarding getCurrentUrl on session f7e566a2d789bf8e9b8cfa8cd393cf6f to remote] DEBUG org.asynchttpclient.netty.request.NettyRequestSender - Using open Channel [id: 0x88e1d254, L:/127.0.0.1:51711 - R:localhost/127.0.0.1:28992] for GET '/session/f7e566a2d789bf8e9b8cfa8cd393cf6f/url'
10:12:55.315 [AsyncHttpClient-1-8] DEBUG org.asynchttpclient.netty.handler.HttpHandler - 

Request DefaultFullHttpRequest(decodeResult: success, version: HTTP/1.1, content: EmptyByteBufBE)
GET /session/f7e566a2d789bf8e9b8cfa8cd393cf6f/url HTTP/1.1
User-Agent: selenium/4.8.1 (java windows)
Cache-Control: no-cache
Content-Type: application/json; charset=utf-8
host: localhost:28992
accept: */*

Response DefaultHttpResponse(decodeResult: success, version: HTTP/1.1)
HTTP/1.1 200 OK
Content-Length: 41
Content-Type: application/json; charset=utf-8
cache-control: no-cache

10:12:55.315 [AsyncHttpClient-1-8] DEBUG org.asynchttpclient.netty.channel.ChannelManager - Adding key: http://localhost:28992 for channel [id: 0x88e1d254, L:/127.0.0.1:51711 - R:localhost/127.0.0.1:28992]
10:12:55.316 [main] DEBUG net.thucydides.core.steps.StepInterceptor - STARTING STEP: LogoutSteps.clickUserIcon - clickUserIcon
10:12:55.320 [Forwarding findElement on session f7e566a2d789bf8e9b8cfa8cd393cf6f to remote] DEBUG org.asynchttpclient.netty.request.NettyRequestSender - Using pooled Channel '[id: 0x88e1d254, L:/127.0.0.1:51711 - R:localhost/127.0.0.1:28992]' for 'POST' to 'http://localhost:28992/session/f7e566a2d789bf8e9b8cfa8cd393cf6f/element'
10:12:55.320 [Forwarding findElement on session f7e566a2d789bf8e9b8cfa8cd393cf6f to remote] DEBUG org.asynchttpclient.netty.request.NettyRequestSender - Using open Channel [id: 0x88e1d254, L:/127.0.0.1:51711 - R:localhost/127.0.0.1:28992] for POST '/session/f7e566a2d789bf8e9b8cfa8cd393cf6f/element'
10:12:55.325 [AsyncHttpClient-1-8] DEBUG org.asynchttpclient.netty.handler.HttpHandler - 

Request DefaultHttpRequest(decodeResult: success, version: HTTP/1.1)
POST /session/f7e566a2d789bf8e9b8cfa8cd393cf6f/element HTTP/1.1
User-Agent: selenium/4.8.1 (java windows)
Content-Length: 54
Content-Type: application/json; charset=utf-8
host: localhost:28992
accept: */*

Response DefaultHttpResponse(decodeResult: success, version: HTTP/1.1)
HTTP/1.1 200 OK
Content-Length: 88
Content-Type: application/json; charset=utf-8
cache-control: no-cache

10:12:55.325 [AsyncHttpClient-1-8] DEBUG org.asynchttpclient.netty.channel.ChannelManager - Adding key: http://localhost:28992 for channel [id: 0x88e1d254, L:/127.0.0.1:51711 - R:localhost/127.0.0.1:28992]
10:12:55.326 [Forwarding getElementTagName on session f7e566a2d789bf8e9b8cfa8cd393cf6f to remote] DEBUG org.asynchttpclient.netty.request.NettyRequestSender - Using pooled Channel '[id: 0x88e1d254, L:/127.0.0.1:51711 - R:localhost/127.0.0.1:28992]' for 'GET' to 'http://localhost:28992/session/f7e566a2d789bf8e9b8cfa8cd393cf6f/element/a136efe3-3119-4fab-9fe5-5da2cbe6a94d/name'
10:12:55.326 [Forwarding getElementTagName on session f7e566a2d789bf8e9b8cfa8cd393cf6f to remote] DEBUG org.asynchttpclient.netty.request.NettyRequestSender - Using open Channel [id: 0x88e1d254, L:/127.0.0.1:51711 - R:localhost/127.0.0.1:28992] for GET '/session/f7e566a2d789bf8e9b8cfa8cd393cf6f/element/a136efe3-3119-4fab-9fe5-5da2cbe6a94d/name'
10:12:55.330 [AsyncHttpClient-1-8] DEBUG org.asynchttpclient.netty.handler.HttpHandler - 

Request DefaultFullHttpRequest(decodeResult: success, version: HTTP/1.1, content: EmptyByteBufBE)
GET /session/f7e566a2d789bf8e9b8cfa8cd393cf6f/element/a136efe3-3119-4fab-9fe5-5da2cbe6a94d/name HTTP/1.1
User-Agent: selenium/4.8.1 (java windows)
Cache-Control: no-cache
Content-Type: application/json; charset=utf-8
host: localhost:28992
accept: */*

Response DefaultHttpResponse(decodeResult: success, version: HTTP/1.1)
HTTP/1.1 200 OK
Content-Length: 13
Content-Type: application/json; charset=utf-8
cache-control: no-cache

10:12:55.330 [AsyncHttpClient-1-8] DEBUG org.asynchttpclient.netty.channel.ChannelManager - Adding key: http://localhost:28992 for channel [id: 0x88e1d254, L:/127.0.0.1:51711 - R:localhost/127.0.0.1:28992]
10:12:55.331 [Forwarding getElementTagName on session f7e566a2d789bf8e9b8cfa8cd393cf6f to remote] DEBUG org.asynchttpclient.netty.request.NettyRequestSender - Using pooled Channel '[id: 0x88e1d254, L:/127.0.0.1:51711 - R:localhost/127.0.0.1:28992]' for 'GET' to 'http://localhost:28992/session/f7e566a2d789bf8e9b8cfa8cd393cf6f/element/a136efe3-3119-4fab-9fe5-5da2cbe6a94d/name'
10:12:55.331 [Forwarding getElementTagName on session f7e566a2d789bf8e9b8cfa8cd393cf6f to remote] DEBUG org.asynchttpclient.netty.request.NettyRequestSender - Using open Channel [id: 0x88e1d254, L:/127.0.0.1:51711 - R:localhost/127.0.0.1:28992] for GET '/session/f7e566a2d789bf8e9b8cfa8cd393cf6f/element/a136efe3-3119-4fab-9fe5-5da2cbe6a94d/name'
10:12:55.334 [AsyncHttpClient-1-8] DEBUG org.asynchttpclient.netty.handler.HttpHandler - 

Request DefaultFullHttpRequest(decodeResult: success, version: HTTP/1.1, content: EmptyByteBufBE)
GET /session/f7e566a2d789bf8e9b8cfa8cd393cf6f/element/a136efe3-3119-4fab-9fe5-5da2cbe6a94d/name HTTP/1.1
User-Agent: selenium/4.8.1 (java windows)
Cache-Control: no-cache
Content-Type: application/json; charset=utf-8
host: localhost:28992
accept: */*

Response DefaultHttpResponse(decodeResult: success, version: HTTP/1.1)
HTTP/1.1 200 OK
Content-Length: 13
Content-Type: application/json; charset=utf-8
cache-control: no-cache

10:12:55.334 [AsyncHttpClient-1-8] DEBUG org.asynchttpclient.netty.channel.ChannelManager - Adding key: http://localhost:28992 for channel [id: 0x88e1d254, L:/127.0.0.1:51711 - R:localhost/127.0.0.1:28992]
10:12:55.336 [Forwarding findElement on session f7e566a2d789bf8e9b8cfa8cd393cf6f to remote] DEBUG org.asynchttpclient.netty.request.NettyRequestSender - Using pooled Channel '[id: 0x88e1d254, L:/127.0.0.1:51711 - R:localhost/127.0.0.1:28992]' for 'POST' to 'http://localhost:28992/session/f7e566a2d789bf8e9b8cfa8cd393cf6f/element'
10:12:55.336 [Forwarding findElement on session f7e566a2d789bf8e9b8cfa8cd393cf6f to remote] DEBUG org.asynchttpclient.netty.request.NettyRequestSender - Using open Channel [id: 0x88e1d254, L:/127.0.0.1:51711 - R:localhost/127.0.0.1:28992] for POST '/session/f7e566a2d789bf8e9b8cfa8cd393cf6f/element'
10:12:55.341 [AsyncHttpClient-1-8] DEBUG org.asynchttpclient.netty.handler.HttpHandler - 

Request DefaultHttpRequest(decodeResult: success, version: HTTP/1.1)
POST /session/f7e566a2d789bf8e9b8cfa8cd393cf6f/element HTTP/1.1
User-Agent: selenium/4.8.1 (java windows)
Content-Length: 54
Content-Type: application/json; charset=utf-8
host: localhost:28992
accept: */*

Response DefaultHttpResponse(decodeResult: success, version: HTTP/1.1)
HTTP/1.1 200 OK
Content-Length: 88
Content-Type: application/json; charset=utf-8
cache-control: no-cache

10:12:55.341 [AsyncHttpClient-1-8] DEBUG org.asynchttpclient.netty.channel.ChannelManager - Adding key: http://localhost:28992 for channel [id: 0x88e1d254, L:/127.0.0.1:51711 - R:localhost/127.0.0.1:28992]
10:12:55.342 [Forwarding clickElement on session f7e566a2d789bf8e9b8cfa8cd393cf6f to remote] DEBUG org.asynchttpclient.netty.request.NettyRequestSender - Using pooled Channel '[id: 0x88e1d254, L:/127.0.0.1:51711 - R:localhost/127.0.0.1:28992]' for 'POST' to 'http://localhost:28992/session/f7e566a2d789bf8e9b8cfa8cd393cf6f/element/a136efe3-3119-4fab-9fe5-5da2cbe6a94d/click'
10:12:55.342 [Forwarding clickElement on session f7e566a2d789bf8e9b8cfa8cd393cf6f to remote] DEBUG org.asynchttpclient.netty.request.NettyRequestSender - Using open Channel [id: 0x88e1d254, L:/127.0.0.1:51711 - R:localhost/127.0.0.1:28992] for POST '/session/f7e566a2d789bf8e9b8cfa8cd393cf6f/element/a136efe3-3119-4fab-9fe5-5da2cbe6a94d/click'
10:12:55.390 [AsyncHttpClient-1-8] DEBUG org.asynchttpclient.netty.handler.HttpHandler - 

Request DefaultHttpRequest(decodeResult: success, version: HTTP/1.1)
POST /session/f7e566a2d789bf8e9b8cfa8cd393cf6f/element/a136efe3-3119-4fab-9fe5-5da2cbe6a94d/click HTTP/1.1
User-Agent: selenium/4.8.1 (java windows)
Content-Length: 50
Content-Type: application/json; charset=utf-8
host: localhost:28992
accept: */*

Response DefaultHttpResponse(decodeResult: success, version: HTTP/1.1)
HTTP/1.1 200 OK
Content-Length: 14
Content-Type: application/json; charset=utf-8
cache-control: no-cache

10:12:55.390 [AsyncHttpClient-1-8] DEBUG org.asynchttpclient.netty.channel.ChannelManager - Adding key: http://localhost:28992 for channel [id: 0x88e1d254, L:/127.0.0.1:51711 - R:localhost/127.0.0.1:28992]
10:12:55.395 [Forwarding getAlertText on session f7e566a2d789bf8e9b8cfa8cd393cf6f to remote] DEBUG org.asynchttpclient.netty.request.NettyRequestSender - Using pooled Channel '[id: 0x88e1d254, L:/127.0.0.1:51711 - R:localhost/127.0.0.1:28992]' for 'GET' to 'http://localhost:28992/session/f7e566a2d789bf8e9b8cfa8cd393cf6f/alert/text'
10:12:55.395 [Forwarding getAlertText on session f7e566a2d789bf8e9b8cfa8cd393cf6f to remote] DEBUG org.asynchttpclient.netty.request.NettyRequestSender - Using open Channel [id: 0x88e1d254, L:/127.0.0.1:51711 - R:localhost/127.0.0.1:28992] for GET '/session/f7e566a2d789bf8e9b8cfa8cd393cf6f/alert/text'
10:12:55.396 [AsyncHttpClient-1-8] DEBUG org.asynchttpclient.netty.handler.HttpHandler - 

Request DefaultFullHttpRequest(decodeResult: success, version: HTTP/1.1, content: EmptyByteBufBE)
GET /session/f7e566a2d789bf8e9b8cfa8cd393cf6f/alert/text HTTP/1.1
User-Agent: selenium/4.8.1 (java windows)
Cache-Control: no-cache
Content-Type: application/json; charset=utf-8
host: localhost:28992
accept: */*

Response DefaultHttpResponse(decodeResult: success, version: HTTP/1.1)
HTTP/1.1 404 Not Found
Content-Length: 836
Content-Type: application/json; charset=utf-8
cache-control: no-cache

10:12:55.396 [AsyncHttpClient-1-8] DEBUG org.asynchttpclient.netty.channel.ChannelManager - Adding key: http://localhost:28992 for channel [id: 0x88e1d254, L:/127.0.0.1:51711 - R:localhost/127.0.0.1:28992]
10:12:55.397 [Forwarding getCurrentUrl on session f7e566a2d789bf8e9b8cfa8cd393cf6f to remote] DEBUG org.asynchttpclient.netty.request.NettyRequestSender - Using pooled Channel '[id: 0x88e1d254, L:/127.0.0.1:51711 - R:localhost/127.0.0.1:28992]' for 'GET' to 'http://localhost:28992/session/f7e566a2d789bf8e9b8cfa8cd393cf6f/url'
10:12:55.397 [Forwarding getCurrentUrl on session f7e566a2d789bf8e9b8cfa8cd393cf6f to remote] DEBUG org.asynchttpclient.netty.request.NettyRequestSender - Using open Channel [id: 0x88e1d254, L:/127.0.0.1:51711 - R:localhost/127.0.0.1:28992] for GET '/session/f7e566a2d789bf8e9b8cfa8cd393cf6f/url'
10:12:55.400 [AsyncHttpClient-1-8] DEBUG org.asynchttpclient.netty.handler.HttpHandler - 

Request DefaultFullHttpRequest(decodeResult: success, version: HTTP/1.1, content: EmptyByteBufBE)
GET /session/f7e566a2d789bf8e9b8cfa8cd393cf6f/url HTTP/1.1
User-Agent: selenium/4.8.1 (java windows)
Cache-Control: no-cache
Content-Type: application/json; charset=utf-8
host: localhost:28992
accept: */*

Response DefaultHttpResponse(decodeResult: success, version: HTTP/1.1)
HTTP/1.1 200 OK
Content-Length: 41
Content-Type: application/json; charset=utf-8
cache-control: no-cache

10:12:55.400 [AsyncHttpClient-1-8] DEBUG org.asynchttpclient.netty.channel.ChannelManager - Adding key: http://localhost:28992 for channel [id: 0x88e1d254, L:/127.0.0.1:51711 - R:localhost/127.0.0.1:28992]
10:12:55.400 [Forwarding screenshot on session f7e566a2d789bf8e9b8cfa8cd393cf6f to remote] DEBUG org.asynchttpclient.netty.request.NettyRequestSender - Using pooled Channel '[id: 0x88e1d254, L:/127.0.0.1:51711 - R:localhost/127.0.0.1:28992]' for 'GET' to 'http://localhost:28992/session/f7e566a2d789bf8e9b8cfa8cd393cf6f/screenshot'
10:12:55.400 [Forwarding screenshot on session f7e566a2d789bf8e9b8cfa8cd393cf6f to remote] DEBUG org.asynchttpclient.netty.request.NettyRequestSender - Using open Channel [id: 0x88e1d254, L:/127.0.0.1:51711 - R:localhost/127.0.0.1:28992] for GET '/session/f7e566a2d789bf8e9b8cfa8cd393cf6f/screenshot'
10:12:55.601 [AsyncHttpClient-1-8] DEBUG org.asynchttpclient.netty.handler.HttpHandler - 

Request DefaultFullHttpRequest(decodeResult: success, version: HTTP/1.1, content: EmptyByteBufBE)
GET /session/f7e566a2d789bf8e9b8cfa8cd393cf6f/screenshot HTTP/1.1
User-Agent: selenium/4.8.1 (java windows)
Cache-Control: no-cache
Content-Type: application/json; charset=utf-8
host: localhost:28992
accept: */*

Response DefaultHttpResponse(decodeResult: success, version: HTTP/1.1)
HTTP/1.1 200 OK
Content-Length: 91360
Content-Type: application/json; charset=utf-8
cache-control: no-cache

10:12:55.602 [AsyncHttpClient-1-8] DEBUG org.asynchttpclient.netty.channel.ChannelManager - Adding key: http://localhost:28992 for channel [id: 0x88e1d254, L:/127.0.0.1:51711 - R:localhost/127.0.0.1:28992]
10:12:55.604 [main] DEBUG net.serenitybdd.core.photography.Darkroom - Send negative for processing for target\site\serenity\3e844742074533684501fdf93dd03d47eedbd0d6248d82eea1b9fdb58daf0058.png
10:12:55.604 [main] DEBUG net.thucydides.core.steps.StepInterceptor - STEP DONE: clickUserIcon
10:12:55.604 [Darkroom Processing Line] DEBUG net.serenitybdd.core.photography.DarkroomProcessingLine - Processing screenshot image in /var/screenshots/screenshot-2424144353216181685
  &amp#27;[32mAnd &amp#27;[0m&amp#27;[32mI click user icon&amp#27;[0m                                      &amp#27;[90m# starter.stepdefinitions.LogoutSteps.clickUserIcon()&amp#27;[0m
10:12:55.604 [Darkroom Processing Line] DEBUG net.serenitybdd.core.photography.DarkroomProcessingLine - Saving screenshot to target\site\serenity\3e844742074533684501fdf93dd03d47eedbd0d6248d82eea1b9fdb58daf0058.png
10:12:55.610 [Forwarding getPageSource on session f7e566a2d789bf8e9b8cfa8cd393cf6f to remote] DEBUG org.asynchttpclient.netty.request.NettyRequestSender - Using pooled Channel '[id: 0x88e1d254, L:/127.0.0.1:51711 - R:localhost/127.0.0.1:28992]' for 'POST' to 'http://localhost:28992/session/f7e566a2d789bf8e9b8cfa8cd393cf6f/execute/sync'
10:12:55.610 [Forwarding getPageSource on session f7e566a2d789bf8e9b8cfa8cd393cf6f to remote] DEBUG org.asynchttpclient.netty.request.NettyRequestSender - Using open Channel [id: 0x88e1d254, L:/127.0.0.1:51711 - R:localhost/127.0.0.1:28992] for POST '/session/f7e566a2d789bf8e9b8cfa8cd393cf6f/execute/sync'
10:12:55.626 [AsyncHttpClient-1-8] DEBUG org.asynchttpclient.netty.handler.HttpHandler - 

Request DefaultHttpRequest(decodeResult: success, version: HTTP/1.1)
POST /session/f7e566a2d789bf8e9b8cfa8cd393cf6f/execute/sync HTTP/1.1
User-Agent: selenium/4.8.1 (java windows)
Content-Length: 176
Content-Type: application/json; charset=utf-8
host: localhost:28992
accept: */*

Response DefaultHttpResponse(decodeResult: success, version: HTTP/1.1)
HTTP/1.1 200 OK
Content-Length: 291314
Content-Type: application/json; charset=utf-8
cache-control: no-cache

10:12:55.626 [AsyncHttpClient-1-8] DEBUG org.asynchttpclient.netty.channel.ChannelManager - Adding key: http://localhost:28992 for channel [id: 0x88e1d254, L:/127.0.0.1:51711 - R:localhost/127.0.0.1:28992]
10:12:55.649 [Forwarding getCurrentUrl on session f7e566a2d789bf8e9b8cfa8cd393cf6f to remote] DEBUG org.asynchttpclient.netty.request.NettyRequestSender - Using pooled Channel '[id: 0x88e1d254, L:/127.0.0.1:51711 - R:localhost/127.0.0.1:28992]' for 'GET' to 'http://localhost:28992/session/f7e566a2d789bf8e9b8cfa8cd393cf6f/url'
10:12:55.649 [Forwarding getCurrentUrl on session f7e566a2d789bf8e9b8cfa8cd393cf6f to remote] DEBUG org.asynchttpclient.netty.request.NettyRequestSender - Using open Channel [id: 0x88e1d254, L:/127.0.0.1:51711 - R:localhost/127.0.0.1:28992] for GET '/session/f7e566a2d789bf8e9b8cfa8cd393cf6f/url'
10:12:55.652 [AsyncHttpClient-1-8] DEBUG org.asynchttpclient.netty.handler.HttpHandler - 

Request DefaultFullHttpRequest(decodeResult: success, version: HTTP/1.1, content: EmptyByteBufBE)
GET /session/f7e566a2d789bf8e9b8cfa8cd393cf6f/url HTTP/1.1
User-Agent: selenium/4.8.1 (java windows)
Cache-Control: no-cache
Content-Type: application/json; charset=utf-8
host: localhost:28992
accept: */*

Response DefaultHttpResponse(decodeResult: success, version: HTTP/1.1)
HTTP/1.1 200 OK
Content-Length: 41
Content-Type: application/json; charset=utf-8
cache-control: no-cache

10:12:55.652 [AsyncHttpClient-1-8] DEBUG org.asynchttpclient.netty.channel.ChannelManager - Adding key: http://localhost:28992 for channel [id: 0x88e1d254, L:/127.0.0.1:51711 - R:localhost/127.0.0.1:28992]
10:12:55.659 [Forwarding getAlertText on session f7e566a2d789bf8e9b8cfa8cd393cf6f to remote] DEBUG org.asynchttpclient.netty.request.NettyRequestSender - Using pooled Channel '[id: 0x88e1d254, L:/127.0.0.1:51711 - R:localhost/127.0.0.1:28992]' for 'GET' to 'http://localhost:28992/session/f7e566a2d789bf8e9b8cfa8cd393cf6f/alert/text'
10:12:55.659 [Forwarding getAlertText on session f7e566a2d789bf8e9b8cfa8cd393cf6f to remote] DEBUG org.asynchttpclient.netty.request.NettyRequestSender - Using open Channel [id: 0x88e1d254, L:/127.0.0.1:51711 - R:localhost/127.0.0.1:28992] for GET '/session/f7e566a2d789bf8e9b8cfa8cd393cf6f/alert/text'
10:12:55.660 [AsyncHttpClient-1-8] DEBUG org.asynchttpclient.netty.handler.HttpHandler - 

Request DefaultFullHttpRequest(decodeResult: success, version: HTTP/1.1, content: EmptyByteBufBE)
GET /session/f7e566a2d789bf8e9b8cfa8cd393cf6f/alert/text HTTP/1.1
User-Agent: selenium/4.8.1 (java windows)
Cache-Control: no-cache
Content-Type: application/json; charset=utf-8
host: localhost:28992
accept: */*

Response DefaultHttpResponse(decodeResult: success, version: HTTP/1.1)
HTTP/1.1 404 Not Found
Content-Length: 836
Content-Type: application/json; charset=utf-8
cache-control: no-cache

10:12:55.660 [AsyncHttpClient-1-8] DEBUG org.asynchttpclient.netty.channel.ChannelManager - Adding key: http://localhost:28992 for channel [id: 0x88e1d254, L:/127.0.0.1:51711 - R:localhost/127.0.0.1:28992]
10:12:55.661 [Forwarding getCurrentUrl on session f7e566a2d789bf8e9b8cfa8cd393cf6f to remote] DEBUG org.asynchttpclient.netty.request.NettyRequestSender - Using pooled Channel '[id: 0x88e1d254, L:/127.0.0.1:51711 - R:localhost/127.0.0.1:28992]' for 'GET' to 'http://localhost:28992/session/f7e566a2d789bf8e9b8cfa8cd393cf6f/url'
10:12:55.661 [Forwarding getCurrentUrl on session f7e566a2d789bf8e9b8cfa8cd393cf6f to remote] DEBUG org.asynchttpclient.netty.request.NettyRequestSender - Using open Channel [id: 0x88e1d254, L:/127.0.0.1:51711 - R:localhost/127.0.0.1:28992] for GET '/session/f7e566a2d789bf8e9b8cfa8cd393cf6f/url'
10:12:55.664 [AsyncHttpClient-1-8] DEBUG org.asynchttpclient.netty.handler.HttpHandler - 

Request DefaultFullHttpRequest(decodeResult: success, version: HTTP/1.1, content: EmptyByteBufBE)
GET /session/f7e566a2d789bf8e9b8cfa8cd393cf6f/url HTTP/1.1
User-Agent: selenium/4.8.1 (java windows)
Cache-Control: no-cache
Content-Type: application/json; charset=utf-8
host: localhost:28992
accept: */*

Response DefaultHttpResponse(decodeResult: success, version: HTTP/1.1)
HTTP/1.1 200 OK
Content-Length: 41
Content-Type: application/json; charset=utf-8
cache-control: no-cache

10:12:55.664 [AsyncHttpClient-1-8] DEBUG org.asynchttpclient.netty.channel.ChannelManager - Adding key: http://localhost:28992 for channel [id: 0x88e1d254, L:/127.0.0.1:51711 - R:localhost/127.0.0.1:28992]
10:12:55.664 [Forwarding screenshot on session f7e566a2d789bf8e9b8cfa8cd393cf6f to remote] DEBUG org.asynchttpclient.netty.request.NettyRequestSender - Using pooled Channel '[id: 0x88e1d254, L:/127.0.0.1:51711 - R:localhost/127.0.0.1:28992]' for 'GET' to 'http://localhost:28992/session/f7e566a2d789bf8e9b8cfa8cd393cf6f/screenshot'
10:12:55.664 [Forwarding screenshot on session f7e566a2d789bf8e9b8cfa8cd393cf6f to remote] DEBUG org.asynchttpclient.netty.request.NettyRequestSender - Using open Channel [id: 0x88e1d254, L:/127.0.0.1:51711 - R:localhost/127.0.0.1:28992] for GET '/session/f7e566a2d789bf8e9b8cfa8cd393cf6f/screenshot'
10:12:55.695 [AsyncHttpClient-1-1] DEBUG org.asynchttpclient.netty.channel.DefaultChannelPool - Entry count for : http://localhost:51712 : 1
10:12:55.784 [AsyncHttpClient-1-8] DEBUG org.asynchttpclient.netty.handler.HttpHandler - 

Request DefaultFullHttpRequest(decodeResult: success, version: HTTP/1.1, content: EmptyByteBufBE)
GET /session/f7e566a2d789bf8e9b8cfa8cd393cf6f/screenshot HTTP/1.1
User-Agent: selenium/4.8.1 (java windows)
Cache-Control: no-cache
Content-Type: application/json; charset=utf-8
host: localhost:28992
accept: */*

Response DefaultHttpResponse(decodeResult: success, version: HTTP/1.1)
HTTP/1.1 200 OK
Content-Length: 87812
Content-Type: application/json; charset=utf-8
cache-control: no-cache

10:12:55.785 [AsyncHttpClient-1-8] DEBUG org.asynchttpclient.netty.channel.ChannelManager - Adding key: http://localhost:28992 for channel [id: 0x88e1d254, L:/127.0.0.1:51711 - R:localhost/127.0.0.1:28992]
10:12:55.787 [main] DEBUG net.serenitybdd.core.photography.Darkroom - Send negative for processing for target\site\serenity\2bbf8cc4adf8c3df844c38aa2ebb50c9612233e73149c06f8d885ff76fa6c205.png
10:12:55.787 [Darkroom Processing Line] DEBUG net.serenitybdd.core.photography.DarkroomProcessingLine - Processing screenshot image in /var/screenshots/screenshot-11829180225232243004
10:12:55.787 [Darkroom Processing Line] DEBUG net.serenitybdd.core.photography.DarkroomProcessingLine - Saving screenshot to target\site\serenity\2bbf8cc4adf8c3df844c38aa2ebb50c9612233e73149c06f8d885ff76fa6c205.png
10:12:55.788 [Forwarding getPageSource on session f7e566a2d789bf8e9b8cfa8cd393cf6f to remote] DEBUG org.asynchttpclient.netty.request.NettyRequestSender - Using pooled Channel '[id: 0x88e1d254, L:/127.0.0.1:51711 - R:localhost/127.0.0.1:28992]' for 'POST' to 'http://localhost:28992/session/f7e566a2d789bf8e9b8cfa8cd393cf6f/execute/sync'
10:12:55.788 [Forwarding getPageSource on session f7e566a2d789bf8e9b8cfa8cd393cf6f to remote] DEBUG org.asynchttpclient.netty.request.NettyRequestSender - Using open Channel [id: 0x88e1d254, L:/127.0.0.1:51711 - R:localhost/127.0.0.1:28992] for POST '/session/f7e566a2d789bf8e9b8cfa8cd393cf6f/execute/sync'
10:12:55.806 [AsyncHttpClient-1-8] DEBUG org.asynchttpclient.netty.handler.HttpHandler - 

Request DefaultHttpRequest(decodeResult: success, version: HTTP/1.1)
POST /session/f7e566a2d789bf8e9b8cfa8cd393cf6f/execute/sync HTTP/1.1
User-Agent: selenium/4.8.1 (java windows)
Content-Length: 176
Content-Type: application/json; charset=utf-8
host: localhost:28992
accept: */*

Response DefaultHttpResponse(decodeResult: success, version: HTTP/1.1)
HTTP/1.1 200 OK
Content-Length: 291257
Content-Type: application/json; charset=utf-8
cache-control: no-cache

10:12:55.807 [AsyncHttpClient-1-8] DEBUG org.asynchttpclient.netty.channel.ChannelManager - Adding key: http://localhost:28992 for channel [id: 0x88e1d254, L:/127.0.0.1:51711 - R:localhost/127.0.0.1:28992]
10:12:55.830 [Forwarding getCurrentUrl on session f7e566a2d789bf8e9b8cfa8cd393cf6f to remote] DEBUG org.asynchttpclient.netty.request.NettyRequestSender - Using pooled Channel '[id: 0x88e1d254, L:/127.0.0.1:51711 - R:localhost/127.0.0.1:28992]' for 'GET' to 'http://localhost:28992/session/f7e566a2d789bf8e9b8cfa8cd393cf6f/url'
10:12:55.830 [Forwarding getCurrentUrl on session f7e566a2d789bf8e9b8cfa8cd393cf6f to remote] DEBUG org.asynchttpclient.netty.request.NettyRequestSender - Using open Channel [id: 0x88e1d254, L:/127.0.0.1:51711 - R:localhost/127.0.0.1:28992] for GET '/session/f7e566a2d789bf8e9b8cfa8cd393cf6f/url'
10:12:55.832 [AsyncHttpClient-1-8] DEBUG org.asynchttpclient.netty.handler.HttpHandler - 

Request DefaultFullHttpRequest(decodeResult: success, version: HTTP/1.1, content: EmptyByteBufBE)
GET /session/f7e566a2d789bf8e9b8cfa8cd393cf6f/url HTTP/1.1
User-Agent: selenium/4.8.1 (java windows)
Cache-Control: no-cache
Content-Type: application/json; charset=utf-8
host: localhost:28992
accept: */*

Response DefaultHttpResponse(decodeResult: success, version: HTTP/1.1)
HTTP/1.1 200 OK
Content-Length: 41
Content-Type: application/json; charset=utf-8
cache-control: no-cache

10:12:55.832 [AsyncHttpClient-1-8] DEBUG org.asynchttpclient.netty.channel.ChannelManager - Adding key: http://localhost:28992 for channel [id: 0x88e1d254, L:/127.0.0.1:51711 - R:localhost/127.0.0.1:28992]
10:12:55.834 [main] DEBUG net.thucydides.core.steps.StepInterceptor - STARTING STEP: LogoutSteps.clickLogoutOption - clickLogoutOption
10:12:55.838 [Forwarding findElement on session f7e566a2d789bf8e9b8cfa8cd393cf6f to remote] DEBUG org.asynchttpclient.netty.request.NettyRequestSender - Using pooled Channel '[id: 0x88e1d254, L:/127.0.0.1:51711 - R:localhost/127.0.0.1:28992]' for 'POST' to 'http://localhost:28992/session/f7e566a2d789bf8e9b8cfa8cd393cf6f/element'
10:12:55.838 [Forwarding findElement on session f7e566a2d789bf8e9b8cfa8cd393cf6f to remote] DEBUG org.asynchttpclient.netty.request.NettyRequestSender - Using open Channel [id: 0x88e1d254, L:/127.0.0.1:51711 - R:localhost/127.0.0.1:28992] for POST '/session/f7e566a2d789bf8e9b8cfa8cd393cf6f/element'
10:12:55.847 [AsyncHttpClient-1-8] DEBUG org.asynchttpclient.netty.handler.HttpHandler - 

Request DefaultHttpRequest(decodeResult: success, version: HTTP/1.1)
POST /session/f7e566a2d789bf8e9b8cfa8cd393cf6f/element HTTP/1.1
User-Agent: selenium/4.8.1 (java windows)
Content-Length: 59
Content-Type: application/json; charset=utf-8
host: localhost:28992
accept: */*

Response DefaultHttpResponse(decodeResult: success, version: HTTP/1.1)
HTTP/1.1 200 OK
Content-Length: 88
Content-Type: application/json; charset=utf-8
cache-control: no-cache

10:12:55.847 [AsyncHttpClient-1-8] DEBUG org.asynchttpclient.netty.channel.ChannelManager - Adding key: http://localhost:28992 for channel [id: 0x88e1d254, L:/127.0.0.1:51711 - R:localhost/127.0.0.1:28992]
10:12:55.847 [Forwarding getElementTagName on session f7e566a2d789bf8e9b8cfa8cd393cf6f to remote] DEBUG org.asynchttpclient.netty.request.NettyRequestSender - Using pooled Channel '[id: 0x88e1d254, L:/127.0.0.1:51711 - R:localhost/127.0.0.1:28992]' for 'GET' to 'http://localhost:28992/session/f7e566a2d789bf8e9b8cfa8cd393cf6f/element/7a6454e6-640c-4df4-8edf-0467b00e18fb/name'
10:12:55.847 [Forwarding getElementTagName on session f7e566a2d789bf8e9b8cfa8cd393cf6f to remote] DEBUG org.asynchttpclient.netty.request.NettyRequestSender - Using open Channel [id: 0x88e1d254, L:/127.0.0.1:51711 - R:localhost/127.0.0.1:28992] for GET '/session/f7e566a2d789bf8e9b8cfa8cd393cf6f/element/7a6454e6-640c-4df4-8edf-0467b00e18fb/name'
10:12:55.850 [AsyncHttpClient-1-8] DEBUG org.asynchttpclient.netty.handler.HttpHandler - 

Request DefaultFullHttpRequest(decodeResult: success, version: HTTP/1.1, content: EmptyByteBufBE)
GET /session/f7e566a2d789bf8e9b8cfa8cd393cf6f/element/7a6454e6-640c-4df4-8edf-0467b00e18fb/name HTTP/1.1
User-Agent: selenium/4.8.1 (java windows)
Cache-Control: no-cache
Content-Type: application/json; charset=utf-8
host: localhost:28992
accept: */*

Response DefaultHttpResponse(decodeResult: success, version: HTTP/1.1)
HTTP/1.1 200 OK
Content-Length: 13
Content-Type: application/json; charset=utf-8
cache-control: no-cache

10:12:55.850 [AsyncHttpClient-1-8] DEBUG org.asynchttpclient.netty.channel.ChannelManager - Adding key: http://localhost:28992 for channel [id: 0x88e1d254, L:/127.0.0.1:51711 - R:localhost/127.0.0.1:28992]
10:12:55.851 [Forwarding getElementTagName on session f7e566a2d789bf8e9b8cfa8cd393cf6f to remote] DEBUG org.asynchttpclient.netty.request.NettyRequestSender - Using pooled Channel '[id: 0x88e1d254, L:/127.0.0.1:51711 - R:localhost/127.0.0.1:28992]' for 'GET' to 'http://localhost:28992/session/f7e566a2d789bf8e9b8cfa8cd393cf6f/element/7a6454e6-640c-4df4-8edf-0467b00e18fb/name'
10:12:55.851 [Forwarding getElementTagName on session f7e566a2d789bf8e9b8cfa8cd393cf6f to remote] DEBUG org.asynchttpclient.netty.request.NettyRequestSender - Using open Channel [id: 0x88e1d254, L:/127.0.0.1:51711 - R:localhost/127.0.0.1:28992] for GET '/session/f7e566a2d789bf8e9b8cfa8cd393cf6f/element/7a6454e6-640c-4df4-8edf-0467b00e18fb/name'
10:12:55.853 [AsyncHttpClient-1-8] DEBUG org.asynchttpclient.netty.handler.HttpHandler - 

Request DefaultFullHttpRequest(decodeResult: success, version: HTTP/1.1, content: EmptyByteBufBE)
GET /session/f7e566a2d789bf8e9b8cfa8cd393cf6f/element/7a6454e6-640c-4df4-8edf-0467b00e18fb/name HTTP/1.1
User-Agent: selenium/4.8.1 (java windows)
Cache-Control: no-cache
Content-Type: application/json; charset=utf-8
host: localhost:28992
accept: */*

Response DefaultHttpResponse(decodeResult: success, version: HTTP/1.1)
HTTP/1.1 200 OK
Content-Length: 13
Content-Type: application/json; charset=utf-8
cache-control: no-cache

10:12:55.853 [AsyncHttpClient-1-8] DEBUG org.asynchttpclient.netty.channel.ChannelManager - Adding key: http://localhost:28992 for channel [id: 0x88e1d254, L:/127.0.0.1:51711 - R:localhost/127.0.0.1:28992]
10:12:55.854 [Forwarding findElement on session f7e566a2d789bf8e9b8cfa8cd393cf6f to remote] DEBUG org.asynchttpclient.netty.request.NettyRequestSender - Using pooled Channel '[id: 0x88e1d254, L:/127.0.0.1:51711 - R:localhost/127.0.0.1:28992]' for 'POST' to 'http://localhost:28992/session/f7e566a2d789bf8e9b8cfa8cd393cf6f/element'
10:12:55.854 [Forwarding findElement on session f7e566a2d789bf8e9b8cfa8cd393cf6f to remote] DEBUG org.asynchttpclient.netty.request.NettyRequestSender - Using open Channel [id: 0x88e1d254, L:/127.0.0.1:51711 - R:localhost/127.0.0.1:28992] for POST '/session/f7e566a2d789bf8e9b8cfa8cd393cf6f/element'
10:12:55.860 [AsyncHttpClient-1-8] DEBUG org.asynchttpclient.netty.handler.HttpHandler - 

Request DefaultHttpRequest(decodeResult: success, version: HTTP/1.1)
POST /session/f7e566a2d789bf8e9b8cfa8cd393cf6f/element HTTP/1.1
User-Agent: selenium/4.8.1 (java windows)
Content-Length: 59
Content-Type: application/json; charset=utf-8
host: localhost:28992
accept: */*

Response DefaultHttpResponse(decodeResult: success, version: HTTP/1.1)
HTTP/1.1 200 OK
Content-Length: 88
Content-Type: application/json; charset=utf-8
cache-control: no-cache

10:12:55.860 [AsyncHttpClient-1-8] DEBUG org.asynchttpclient.netty.channel.ChannelManager - Adding key: http://localhost:28992 for channel [id: 0x88e1d254, L:/127.0.0.1:51711 - R:localhost/127.0.0.1:28992]
10:12:55.860 [Forwarding clickElement on session f7e566a2d789bf8e9b8cfa8cd393cf6f to remote] DEBUG org.asynchttpclient.netty.request.NettyRequestSender - Using pooled Channel '[id: 0x88e1d254, L:/127.0.0.1:51711 - R:localhost/127.0.0.1:28992]' for 'POST' to 'http://localhost:28992/session/f7e566a2d789bf8e9b8cfa8cd393cf6f/element/7a6454e6-640c-4df4-8edf-0467b00e18fb/click'
10:12:55.860 [Forwarding clickElement on session f7e566a2d789bf8e9b8cfa8cd393cf6f to remote] DEBUG org.asynchttpclient.netty.request.NettyRequestSender - Using open Channel [id: 0x88e1d254, L:/127.0.0.1:51711 - R:localhost/127.0.0.1:28992] for POST '/session/f7e566a2d789bf8e9b8cfa8cd393cf6f/element/7a6454e6-640c-4df4-8edf-0467b00e18fb/click'
10:12:55.945 [AsyncHttpClient-1-8] DEBUG org.asynchttpclient.netty.handler.HttpHandler - 

Request DefaultHttpRequest(decodeResult: success, version: HTTP/1.1)
POST /session/f7e566a2d789bf8e9b8cfa8cd393cf6f/element/7a6454e6-640c-4df4-8edf-0467b00e18fb/click HTTP/1.1
User-Agent: selenium/4.8.1 (java windows)
Content-Length: 50
Content-Type: application/json; charset=utf-8
host: localhost:28992
accept: */*

Response DefaultHttpResponse(decodeResult: success, version: HTTP/1.1)
HTTP/1.1 200 OK
Content-Length: 14
Content-Type: application/json; charset=utf-8
cache-control: no-cache

10:12:55.946 [AsyncHttpClient-1-8] DEBUG org.asynchttpclient.netty.channel.ChannelManager - Adding key: http://localhost:28992 for channel [id: 0x88e1d254, L:/127.0.0.1:51711 - R:localhost/127.0.0.1:28992]
10:12:55.951 [Forwarding getAlertText on session f7e566a2d789bf8e9b8cfa8cd393cf6f to remote] DEBUG org.asynchttpclient.netty.request.NettyRequestSender - Using pooled Channel '[id: 0x88e1d254, L:/127.0.0.1:51711 - R:localhost/127.0.0.1:28992]' for 'GET' to 'http://localhost:28992/session/f7e566a2d789bf8e9b8cfa8cd393cf6f/alert/text'
10:12:55.951 [Forwarding getAlertText on session f7e566a2d789bf8e9b8cfa8cd393cf6f to remote] DEBUG org.asynchttpclient.netty.request.NettyRequestSender - Using open Channel [id: 0x88e1d254, L:/127.0.0.1:51711 - R:localhost/127.0.0.1:28992] for GET '/session/f7e566a2d789bf8e9b8cfa8cd393cf6f/alert/text'
10:12:55.953 [AsyncHttpClient-1-8] DEBUG org.asynchttpclient.netty.handler.HttpHandler - 

Request DefaultFullHttpRequest(decodeResult: success, version: HTTP/1.1, content: EmptyByteBufBE)
GET /session/f7e566a2d789bf8e9b8cfa8cd393cf6f/alert/text HTTP/1.1
User-Agent: selenium/4.8.1 (java windows)
Cache-Control: no-cache
Content-Type: application/json; charset=utf-8
host: localhost:28992
accept: */*

Response DefaultHttpResponse(decodeResult: success, version: HTTP/1.1)
HTTP/1.1 404 Not Found
Content-Length: 836
Content-Type: application/json; charset=utf-8
cache-control: no-cache

10:12:55.953 [AsyncHttpClient-1-8] DEBUG org.asynchttpclient.netty.channel.ChannelManager - Adding key: http://localhost:28992 for channel [id: 0x88e1d254, L:/127.0.0.1:51711 - R:localhost/127.0.0.1:28992]
10:12:55.953 [Forwarding getCurrentUrl on session f7e566a2d789bf8e9b8cfa8cd393cf6f to remote] DEBUG org.asynchttpclient.netty.request.NettyRequestSender - Using pooled Channel '[id: 0x88e1d254, L:/127.0.0.1:51711 - R:localhost/127.0.0.1:28992]' for 'GET' to 'http://localhost:28992/session/f7e566a2d789bf8e9b8cfa8cd393cf6f/url'
10:12:55.953 [Forwarding getCurrentUrl on session f7e566a2d789bf8e9b8cfa8cd393cf6f to remote] DEBUG org.asynchttpclient.netty.request.NettyRequestSender - Using open Channel [id: 0x88e1d254, L:/127.0.0.1:51711 - R:localhost/127.0.0.1:28992] for GET '/session/f7e566a2d789bf8e9b8cfa8cd393cf6f/url'
10:12:55.955 [AsyncHttpClient-1-8] DEBUG org.asynchttpclient.netty.handler.HttpHandler - 

Request DefaultFullHttpRequest(decodeResult: success, version: HTTP/1.1, content: EmptyByteBufBE)
GET /session/f7e566a2d789bf8e9b8cfa8cd393cf6f/url HTTP/1.1
User-Agent: selenium/4.8.1 (java windows)
Cache-Control: no-cache
Content-Type: application/json; charset=utf-8
host: localhost:28992
accept: */*

Response DefaultHttpResponse(decodeResult: success, version: HTTP/1.1)
HTTP/1.1 200 OK
Content-Length: 51
Content-Type: application/json; charset=utf-8
cache-control: no-cache

10:12:55.956 [AsyncHttpClient-1-8] DEBUG org.asynchttpclient.netty.channel.ChannelManager - Adding key: http://localhost:28992 for channel [id: 0x88e1d254, L:/127.0.0.1:51711 - R:localhost/127.0.0.1:28992]
10:12:55.956 [Forwarding screenshot on session f7e566a2d789bf8e9b8cfa8cd393cf6f to remote] DEBUG org.asynchttpclient.netty.request.NettyRequestSender - Using pooled Channel '[id: 0x88e1d254, L:/127.0.0.1:51711 - R:localhost/127.0.0.1:28992]' for 'GET' to 'http://localhost:28992/session/f7e566a2d789bf8e9b8cfa8cd393cf6f/screenshot'
10:12:55.956 [Forwarding screenshot on session f7e566a2d789bf8e9b8cfa8cd393cf6f to remote] DEBUG org.asynchttpclient.netty.request.NettyRequestSender - Using open Channel [id: 0x88e1d254, L:/127.0.0.1:51711 - R:localhost/127.0.0.1:28992] for GET '/session/f7e566a2d789bf8e9b8cfa8cd393cf6f/screenshot'
10:12:56.043 [AsyncHttpClient-1-8] DEBUG org.asynchttpclient.netty.handler.HttpHandler - 

Request DefaultFullHttpRequest(decodeResult: success, version: HTTP/1.1, content: EmptyByteBufBE)
GET /session/f7e566a2d789bf8e9b8cfa8cd393cf6f/screenshot HTTP/1.1
User-Agent: selenium/4.8.1 (java windows)
Cache-Control: no-cache
Content-Type: application/json; charset=utf-8
host: localhost:28992
accept: */*

Response DefaultHttpResponse(decodeResult: success, version: HTTP/1.1)
HTTP/1.1 200 OK
Content-Length: 32748
Content-Type: application/json; charset=utf-8
cache-control: no-cache

10:12:56.043 [AsyncHttpClient-1-8] DEBUG org.asynchttpclient.netty.channel.ChannelManager - Adding key: http://localhost:28992 for channel [id: 0x88e1d254, L:/127.0.0.1:51711 - R:localhost/127.0.0.1:28992]
10:12:56.044 [main] DEBUG net.serenitybdd.core.photography.Darkroom - Send negative for processing for target\site\serenity\838a118defe8b2c78f320792ccc0dfcdbc689f4090a216cf0baf82906188e658.png
10:12:56.044 [main] DEBUG net.thucydides.core.steps.StepInterceptor - STEP DONE: clickLogoutOption
  &amp#27;[32mWhen &amp#27;[0m&amp#27;[32mI click logout option&amp#27;[0m                                 &amp#27;[90m# starter.stepdefinitions.LogoutSteps.clickLogoutOption()&amp#27;[0m
10:12:56.052 [Forwarding getPageSource on session f7e566a2d789bf8e9b8cfa8cd393cf6f to remote] DEBUG org.asynchttpclient.netty.request.NettyRequestSender - Using pooled Channel '[id: 0x88e1d254, L:/127.0.0.1:51711 - R:localhost/127.0.0.1:28992]' for 'POST' to 'http://localhost:28992/session/f7e566a2d789bf8e9b8cfa8cd393cf6f/execute/sync'
10:12:56.052 [Forwarding getPageSource on session f7e566a2d789bf8e9b8cfa8cd393cf6f to remote] DEBUG org.asynchttpclient.netty.request.NettyRequestSender - Using open Channel [id: 0x88e1d254, L:/127.0.0.1:51711 - R:localhost/127.0.0.1:28992] for POST '/session/f7e566a2d789bf8e9b8cfa8cd393cf6f/execute/sync'
10:12:56.057 [AsyncHttpClient-1-8] DEBUG org.asynchttpclient.netty.handler.HttpHandler - 

Request DefaultHttpRequest(decodeResult: success, version: HTTP/1.1)
POST /session/f7e566a2d789bf8e9b8cfa8cd393cf6f/execute/sync HTTP/1.1
User-Agent: selenium/4.8.1 (java windows)
Content-Length: 176
Content-Type: application/json; charset=utf-8
host: localhost:28992
accept: */*

Response DefaultHttpResponse(decodeResult: success, version: HTTP/1.1)
HTTP/1.1 200 OK
Content-Length: 21663
Content-Type: application/json; charset=utf-8
cache-control: no-cache

10:12:56.057 [AsyncHttpClient-1-8] DEBUG org.asynchttpclient.netty.channel.ChannelManager - Adding key: http://localhost:28992 for channel [id: 0x88e1d254, L:/127.0.0.1:51711 - R:localhost/127.0.0.1:28992]
10:12:56.059 [Forwarding getCurrentUrl on session f7e566a2d789bf8e9b8cfa8cd393cf6f to remote] DEBUG org.asynchttpclient.netty.request.NettyRequestSender - Using pooled Channel '[id: 0x88e1d254, L:/127.0.0.1:51711 - R:localhost/127.0.0.1:28992]' for 'GET' to 'http://localhost:28992/session/f7e566a2d789bf8e9b8cfa8cd393cf6f/url'
10:12:56.059 [Forwarding getCurrentUrl on session f7e566a2d789bf8e9b8cfa8cd393cf6f to remote] DEBUG org.asynchttpclient.netty.request.NettyRequestSender - Using open Channel [id: 0x88e1d254, L:/127.0.0.1:51711 - R:localhost/127.0.0.1:28992] for GET '/session/f7e566a2d789bf8e9b8cfa8cd393cf6f/url'
10:12:56.061 [AsyncHttpClient-1-8] DEBUG org.asynchttpclient.netty.handler.HttpHandler - 

Request DefaultFullHttpRequest(decodeResult: success, version: HTTP/1.1, content: EmptyByteBufBE)
GET /session/f7e566a2d789bf8e9b8cfa8cd393cf6f/url HTTP/1.1
User-Agent: selenium/4.8.1 (java windows)
Cache-Control: no-cache
Content-Type: application/json; charset=utf-8
host: localhost:28992
accept: */*

Response DefaultHttpResponse(decodeResult: success, version: HTTP/1.1)
HTTP/1.1 200 OK
Content-Length: 51
Content-Type: application/json; charset=utf-8
cache-control: no-cache

10:12:56.061 [AsyncHttpClient-1-8] DEBUG org.asynchttpclient.netty.channel.ChannelManager - Adding key: http://localhost:28992 for channel [id: 0x88e1d254, L:/127.0.0.1:51711 - R:localhost/127.0.0.1:28992]
10:12:56.066 [Forwarding getPageSource on session f7e566a2d789bf8e9b8cfa8cd393cf6f to remote] DEBUG org.asynchttpclient.netty.request.NettyRequestSender - Using pooled Channel '[id: 0x88e1d254, L:/127.0.0.1:51711 - R:localhost/127.0.0.1:28992]' for 'POST' to 'http://localhost:28992/session/f7e566a2d789bf8e9b8cfa8cd393cf6f/execute/sync'
10:12:56.066 [Forwarding getPageSource on session f7e566a2d789bf8e9b8cfa8cd393cf6f to remote] DEBUG org.asynchttpclient.netty.request.NettyRequestSender - Using open Channel [id: 0x88e1d254, L:/127.0.0.1:51711 - R:localhost/127.0.0.1:28992] for POST '/session/f7e566a2d789bf8e9b8cfa8cd393cf6f/execute/sync'
10:12:56.070 [AsyncHttpClient-1-8] DEBUG org.asynchttpclient.netty.handler.HttpHandler - 

Request DefaultHttpRequest(decodeResult: success, version: HTTP/1.1)
POST /session/f7e566a2d789bf8e9b8cfa8cd393cf6f/execute/sync HTTP/1.1
User-Agent: selenium/4.8.1 (java windows)
Content-Length: 176
Content-Type: application/json; charset=utf-8
host: localhost:28992
accept: */*

Response DefaultHttpResponse(decodeResult: success, version: HTTP/1.1)
HTTP/1.1 200 OK
Content-Length: 21663
Content-Type: application/json; charset=utf-8
cache-control: no-cache

10:12:56.071 [AsyncHttpClient-1-8] DEBUG org.asynchttpclient.netty.channel.ChannelManager - Adding key: http://localhost:28992 for channel [id: 0x88e1d254, L:/127.0.0.1:51711 - R:localhost/127.0.0.1:28992]
10:12:56.072 [Forwarding getCurrentUrl on session f7e566a2d789bf8e9b8cfa8cd393cf6f to remote] DEBUG org.asynchttpclient.netty.request.NettyRequestSender - Using pooled Channel '[id: 0x88e1d254, L:/127.0.0.1:51711 - R:localhost/127.0.0.1:28992]' for 'GET' to 'http://localhost:28992/session/f7e566a2d789bf8e9b8cfa8cd393cf6f/url'
10:12:56.072 [Forwarding getCurrentUrl on session f7e566a2d789bf8e9b8cfa8cd393cf6f to remote] DEBUG org.asynchttpclient.netty.request.NettyRequestSender - Using open Channel [id: 0x88e1d254, L:/127.0.0.1:51711 - R:localhost/127.0.0.1:28992] for GET '/session/f7e566a2d789bf8e9b8cfa8cd393cf6f/url'
10:12:56.074 [AsyncHttpClient-1-8] DEBUG org.asynchttpclient.netty.handler.HttpHandler - 

Request DefaultFullHttpRequest(decodeResult: success, version: HTTP/1.1, content: EmptyByteBufBE)
GET /session/f7e566a2d789bf8e9b8cfa8cd393cf6f/url HTTP/1.1
User-Agent: selenium/4.8.1 (java windows)
Cache-Control: no-cache
Content-Type: application/json; charset=utf-8
host: localhost:28992
accept: */*

Response DefaultHttpResponse(decodeResult: success, version: HTTP/1.1)
HTTP/1.1 200 OK
Content-Length: 51
Content-Type: application/json; charset=utf-8
cache-control: no-cache

10:12:56.074 [AsyncHttpClient-1-8] DEBUG org.asynchttpclient.netty.channel.ChannelManager - Adding key: http://localhost:28992 for channel [id: 0x88e1d254, L:/127.0.0.1:51711 - R:localhost/127.0.0.1:28992]
10:12:56.075 [main] DEBUG net.thucydides.core.steps.StepInterceptor - STARTING STEP: LogoutSteps.validateAlreadyLogout - validateAlreadyLogout
10:12:56.077 [Forwarding findElement on session f7e566a2d789bf8e9b8cfa8cd393cf6f to remote] DEBUG org.asynchttpclient.netty.request.NettyRequestSender - Using pooled Channel '[id: 0x88e1d254, L:/127.0.0.1:51711 - R:localhost/127.0.0.1:28992]' for 'POST' to 'http://localhost:28992/session/f7e566a2d789bf8e9b8cfa8cd393cf6f/element'
10:12:56.077 [Forwarding findElement on session f7e566a2d789bf8e9b8cfa8cd393cf6f to remote] DEBUG org.asynchttpclient.netty.request.NettyRequestSender - Using open Channel [id: 0x88e1d254, L:/127.0.0.1:51711 - R:localhost/127.0.0.1:28992] for POST '/session/f7e566a2d789bf8e9b8cfa8cd393cf6f/element'
10:12:56.083 [AsyncHttpClient-1-8] DEBUG org.asynchttpclient.netty.handler.HttpHandler - 

Request DefaultHttpRequest(decodeResult: success, version: HTTP/1.1)
POST /session/f7e566a2d789bf8e9b8cfa8cd393cf6f/element HTTP/1.1
User-Agent: selenium/4.8.1 (java windows)
Content-Length: 59
Content-Type: application/json; charset=utf-8
host: localhost:28992
accept: */*

Response DefaultHttpResponse(decodeResult: success, version: HTTP/1.1)
HTTP/1.1 200 OK
Content-Length: 88
Content-Type: application/json; charset=utf-8
cache-control: no-cache

10:12:56.083 [AsyncHttpClient-1-8] DEBUG org.asynchttpclient.netty.channel.ChannelManager - Adding key: http://localhost:28992 for channel [id: 0x88e1d254, L:/127.0.0.1:51711 - R:localhost/127.0.0.1:28992]
10:12:56.086 [Forwarding isElementDisplayed on session f7e566a2d789bf8e9b8cfa8cd393cf6f to remote] DEBUG org.asynchttpclient.netty.request.NettyRequestSender - Using pooled Channel '[id: 0x88e1d254, L:/127.0.0.1:51711 - R:localhost/127.0.0.1:28992]' for 'POST' to 'http://localhost:28992/session/f7e566a2d789bf8e9b8cfa8cd393cf6f/execute/sync'
10:12:56.086 [Forwarding isElementDisplayed on session f7e566a2d789bf8e9b8cfa8cd393cf6f to remote] DEBUG org.asynchttpclient.netty.request.NettyRequestSender - Using open Channel [id: 0x88e1d254, L:/127.0.0.1:51711 - R:localhost/127.0.0.1:28992] for POST '/session/f7e566a2d789bf8e9b8cfa8cd393cf6f/execute/sync'
10:12:56.099 [AsyncHttpClient-1-8] DEBUG org.asynchttpclient.netty.handler.HttpHandler - 

Request DefaultHttpRequest(decodeResult: success, version: HTTP/1.1)
POST /session/f7e566a2d789bf8e9b8cfa8cd393cf6f/execute/sync HTTP/1.1
User-Agent: selenium/4.8.1 (java windows)
Content-Length: 48807
Content-Type: application/json; charset=utf-8
host: localhost:28992
accept: */*

Response DefaultHttpResponse(decodeResult: success, version: HTTP/1.1)
HTTP/1.1 200 OK
Content-Length: 14
Content-Type: application/json; charset=utf-8
cache-control: no-cache

10:12:56.100 [AsyncHttpClient-1-8] DEBUG org.asynchttpclient.netty.channel.ChannelManager - Adding key: http://localhost:28992 for channel [id: 0x88e1d254, L:/127.0.0.1:51711 - R:localhost/127.0.0.1:28992]
10:12:56.103 [Forwarding getAlertText on session f7e566a2d789bf8e9b8cfa8cd393cf6f to remote] DEBUG org.asynchttpclient.netty.request.NettyRequestSender - Using pooled Channel '[id: 0x88e1d254, L:/127.0.0.1:51711 - R:localhost/127.0.0.1:28992]' for 'GET' to 'http://localhost:28992/session/f7e566a2d789bf8e9b8cfa8cd393cf6f/alert/text'
10:12:56.103 [Forwarding getAlertText on session f7e566a2d789bf8e9b8cfa8cd393cf6f to remote] DEBUG org.asynchttpclient.netty.request.NettyRequestSender - Using open Channel [id: 0x88e1d254, L:/127.0.0.1:51711 - R:localhost/127.0.0.1:28992] for GET '/session/f7e566a2d789bf8e9b8cfa8cd393cf6f/alert/text'
10:12:56.105 [AsyncHttpClient-1-8] DEBUG org.asynchttpclient.netty.handler.HttpHandler - 

Request DefaultFullHttpRequest(decodeResult: success, version: HTTP/1.1, content: EmptyByteBufBE)
GET /session/f7e566a2d789bf8e9b8cfa8cd393cf6f/alert/text HTTP/1.1
User-Agent: selenium/4.8.1 (java windows)
Cache-Control: no-cache
Content-Type: application/json; charset=utf-8
host: localhost:28992
accept: */*

Response DefaultHttpResponse(decodeResult: success, version: HTTP/1.1)
HTTP/1.1 404 Not Found
Content-Length: 836
Content-Type: application/json; charset=utf-8
cache-control: no-cache

10:12:56.105 [AsyncHttpClient-1-8] DEBUG org.asynchttpclient.netty.channel.ChannelManager - Adding key: http://localhost:28992 for channel [id: 0x88e1d254, L:/127.0.0.1:51711 - R:localhost/127.0.0.1:28992]
10:12:56.105 [Forwarding getCurrentUrl on session f7e566a2d789bf8e9b8cfa8cd393cf6f to remote] DEBUG org.asynchttpclient.netty.request.NettyRequestSender - Using pooled Channel '[id: 0x88e1d254, L:/127.0.0.1:51711 - R:localhost/127.0.0.1:28992]' for 'GET' to 'http://localhost:28992/session/f7e566a2d789bf8e9b8cfa8cd393cf6f/url'
10:12:56.105 [Forwarding getCurrentUrl on session f7e566a2d789bf8e9b8cfa8cd393cf6f to remote] DEBUG org.asynchttpclient.netty.request.NettyRequestSender - Using open Channel [id: 0x88e1d254, L:/127.0.0.1:51711 - R:localhost/127.0.0.1:28992] for GET '/session/f7e566a2d789bf8e9b8cfa8cd393cf6f/url'
10:12:56.108 [AsyncHttpClient-1-8] DEBUG org.asynchttpclient.netty.handler.HttpHandler - 

Request DefaultFullHttpRequest(decodeResult: success, version: HTTP/1.1, content: EmptyByteBufBE)
GET /session/f7e566a2d789bf8e9b8cfa8cd393cf6f/url HTTP/1.1
User-Agent: selenium/4.8.1 (java windows)
Cache-Control: no-cache
Content-Type: application/json; charset=utf-8
host: localhost:28992
accept: */*

Response DefaultHttpResponse(decodeResult: success, version: HTTP/1.1)
HTTP/1.1 200 OK
Content-Length: 51
Content-Type: application/json; charset=utf-8
cache-control: no-cache

10:12:56.108 [AsyncHttpClient-1-8] DEBUG org.asynchttpclient.netty.channel.ChannelManager - Adding key: http://localhost:28992 for channel [id: 0x88e1d254, L:/127.0.0.1:51711 - R:localhost/127.0.0.1:28992]
10:12:56.109 [Forwarding screenshot on session f7e566a2d789bf8e9b8cfa8cd393cf6f to remote] DEBUG org.asynchttpclient.netty.request.NettyRequestSender - Using pooled Channel '[id: 0x88e1d254, L:/127.0.0.1:51711 - R:localhost/127.0.0.1:28992]' for 'GET' to 'http://localhost:28992/session/f7e566a2d789bf8e9b8cfa8cd393cf6f/screenshot'
10:12:56.109 [Forwarding screenshot on session f7e566a2d789bf8e9b8cfa8cd393cf6f to remote] DEBUG org.asynchttpclient.netty.request.NettyRequestSender - Using open Channel [id: 0x88e1d254, L:/127.0.0.1:51711 - R:localhost/127.0.0.1:28992] for GET '/session/f7e566a2d789bf8e9b8cfa8cd393cf6f/screenshot'
10:12:56.194 [AsyncHttpClient-1-8] DEBUG org.asynchttpclient.netty.handler.HttpHandler - 

Request DefaultFullHttpRequest(decodeResult: success, version: HTTP/1.1, content: EmptyByteBufBE)
GET /session/f7e566a2d789bf8e9b8cfa8cd393cf6f/screenshot HTTP/1.1
User-Agent: selenium/4.8.1 (java windows)
Cache-Control: no-cache
Content-Type: application/json; charset=utf-8
host: localhost:28992
accept: */*

Response DefaultHttpResponse(decodeResult: success, version: HTTP/1.1)
HTTP/1.1 200 OK
Content-Length: 32748
Content-Type: application/json; charset=utf-8
cache-control: no-cache

10:12:56.194 [AsyncHttpClient-1-8] DEBUG org.asynchttpclient.netty.channel.ChannelManager - Adding key: http://localhost:28992 for channel [id: 0x88e1d254, L:/127.0.0.1:51711 - R:localhost/127.0.0.1:28992]
10:12:56.195 [main] DEBUG net.serenitybdd.core.photography.Darkroom - Send negative for processing for target\site\serenity\838a118defe8b2c78f320792ccc0dfcdbc689f4090a216cf0baf82906188e658.png
10:12:56.195 [main] DEBUG net.thucydides.core.steps.StepInterceptor - STEP DONE: validateAlreadyLogout
  &amp#27;[32mThen &amp#27;[0m&amp#27;[32mI should be redirected back to my alta-shop home page&amp#27;[0m &amp#27;[90m# starter.stepdefinitions.LogoutSteps.validateAlreadyLogout()&amp#27;[0m
10:12:56.198 [main] INFO  - 
  _____   ___   ___   _____     ___     _     ___   ___   ___   ___  
 |_   _| | __| / __| |_   _|   | _ \   /_\   / __| / __| | __| |   \ 
   | |   | _|  \__ \   | |     |  _/  / _ \  \__ \ \__ \ | _|  | |) |
   |_|   |___| |___/   |_|     |_|   /_/ \_\ |___/ |___/ |___| |___/ 

Logout from account
----------------------------------------------------------------------
10:12:56.199 [AsyncHttpClient-1-10] DEBUG org.asynchttpclient.netty.handler.WebSocketHandler - Channel Closed: [id: 0x99ca04a8, L:/127.0.0.1:51719 ! R:localhost/127.0.0.1:51712] with attribute NettyResponseFuture{currentRetry=0,
	isDone=1,
	isCancelled=0,
	asyncHandler=org.asynchttpclient.ws.WebSocketUpgradeHandler@714d1a9c,
	nettyRequest=org.asynchttpclient.netty.request.NettyRequest@4db8021c,
	future=java.util.concurrent.CompletableFuture@2264f1b5[Completed normally],
	uri=ws://localhost:51712/devtools/browser/be60992c-8ea0-4dcd-a1e0-afe893a38160,
	keepAlive=true,
	redirectCount=0,
	timeoutsHolder=null,
	inAuth=0,
	touch=1683429170601}
10:12:56.199 [AsyncHttpClient-1-10] DEBUG org.asynchttpclient.netty.channel.ChannelManager - Closing Channel [id: 0x99ca04a8, L:/127.0.0.1:51719 ! R:localhost/127.0.0.1:51712] 
10:12:56.199 [Driver Command Executor] DEBUG org.asynchttpclient.netty.request.NettyRequestSender - Using pooled Channel '[id: 0x88e1d254, L:/127.0.0.1:51711 - R:localhost/127.0.0.1:28992]' for 'DELETE' to 'http://localhost:28992/session/f7e566a2d789bf8e9b8cfa8cd393cf6f'
10:12:56.199 [Driver Command Executor] DEBUG org.asynchttpclient.netty.request.NettyRequestSender - Using open Channel [id: 0x88e1d254, L:/127.0.0.1:51711 - R:localhost/127.0.0.1:28992] for DELETE '/session/f7e566a2d789bf8e9b8cfa8cd393cf6f'
10:12:56.362 [AsyncHttpClient-1-9] DEBUG org.asynchttpclient.netty.handler.HttpHandler - Unexpected I/O exception on channel [id: 0x3d943a2b, L:/127.0.0.1:51718 - R:localhost/127.0.0.1:51712]
java.io.IOException: An existing connection was forcibly closed by the remote host
	at java.base/sun.nio.ch.SocketDispatcher.read0(Native Method)
	at java.base/sun.nio.ch.SocketDispatcher.read(SocketDispatcher.java:43)
	at java.base/sun.nio.ch.IOUtil.readIntoNativeBuffer(IOUtil.java:276)
	at java.base/sun.nio.ch.IOUtil.read(IOUtil.java:233)
	at java.base/sun.nio.ch.IOUtil.read(IOUtil.java:223)
	at java.base/sun.nio.ch.SocketChannelImpl.read(SocketChannelImpl.java:358)
	at io.netty.buffer.PooledByteBuf.setBytes(PooledByteBuf.java:259)
	at io.netty.buffer.AbstractByteBuf.writeBytes(AbstractByteBuf.java:1132)
	at io.netty.channel.socket.nio.NioSocketChannel.doReadBytes(NioSocketChannel.java:357)
	at io.netty.channel.nio.AbstractNioByteChannel$NioByteUnsafe.read(AbstractNioByteChannel.java:151)
	at io.netty.channel.nio.NioEventLoop.processSelectedKey(NioEventLoop.java:788)
	at io.netty.channel.nio.NioEventLoop.processSelectedKeysOptimized(NioEventLoop.java:724)
	at io.netty.channel.nio.NioEventLoop.processSelectedKeys(NioEventLoop.java:650)
	at io.netty.channel.nio.NioEventLoop.run(NioEventLoop.java:562)
	at io.netty.util.concurrent.SingleThreadEventExecutor$4.run(SingleThreadEventExecutor.java:997)
	at io.netty.util.internal.ThreadExecutorMap$2.run(ThreadExecutorMap.java:74)
	at io.netty.util.concurrent.FastThreadLocalRunnable.run(FastThreadLocalRunnable.java:30)
	at java.base/java.lang.Thread.run(Thread.java:834)
10:12:56.362 [AsyncHttpClient-1-9] DEBUG org.asynchttpclient.netty.channel.ChannelManager - Closing Channel [id: 0x3d943a2b, L:/127.0.0.1:51718 - R:localhost/127.0.0.1:51712] 
10:12:56.362 [AsyncHttpClient-1-9] DEBUG org.asynchttpclient.netty.handler.HttpHandler - Channel Closed: [id: 0x3d943a2b, L:/127.0.0.1:51718 ! R:localhost/127.0.0.1:51712] with attribute DISCARD
10:12:56.372 [AsyncHttpClient-1-8] DEBUG org.asynchttpclient.netty.handler.HttpHandler - 

Request DefaultFullHttpRequest(decodeResult: success, version: HTTP/1.1, content: EmptyByteBufBE)
DELETE /session/f7e566a2d789bf8e9b8cfa8cd393cf6f HTTP/1.1
User-Agent: selenium/4.8.1 (java windows)
Content-Type: application/json; charset=utf-8
host: localhost:28992
accept: */*

Response DefaultHttpResponse(decodeResult: success, version: HTTP/1.1)
HTTP/1.1 200 OK
Content-Length: 14
Content-Type: application/json; charset=utf-8
cache-control: no-cache

10:12:56.372 [AsyncHttpClient-1-8] DEBUG org.asynchttpclient.netty.channel.ChannelManager - Adding key: http://localhost:28992 for channel [id: 0x88e1d254, L:/127.0.0.1:51711 - R:localhost/127.0.0.1:28992]
10:12:56.403 [AsyncHttpClient-1-8] DEBUG org.asynchttpclient.netty.handler.HttpHandler - Channel Closed: [id: 0x88e1d254, L:/127.0.0.1:51711 ! R:localhost/127.0.0.1:28992] with attribute DISCARD
10:12:56.793 [AsyncHttpClient-1-1] DEBUG org.asynchttpclient.netty.channel.DefaultChannelPool - Entry count for : http://localhost:51712 : 1
10:12:56.793 [AsyncHttpClient-1-1] DEBUG org.asynchttpclient.netty.channel.DefaultChannelPool - Entry count for : http://localhost:28992 : 1
10:12:56.793 [AsyncHttpClient-1-1] DEBUG org.asynchttpclient.netty.channel.DefaultChannelPool - Adding Candidate expired Channel [id: 0x3d943a2b, L:/127.0.0.1:51718 ! R:localhost/127.0.0.1:51712] isIdleTimeoutExpired=false isRemotelyClosed=true isTtlExpired=false
10:12:56.793 [AsyncHttpClient-1-1] DEBUG org.asynchttpclient.netty.channel.DefaultChannelPool - Closing Idle Channel [id: 0x3d943a2b, L:/127.0.0.1:51718 ! R:localhost/127.0.0.1:51712]
10:12:56.793 [AsyncHttpClient-1-1] DEBUG org.asynchttpclient.netty.channel.DefaultChannelPool - Adding Candidate expired Channel [id: 0x88e1d254, L:/127.0.0.1:51711 ! R:localhost/127.0.0.1:28992] isIdleTimeoutExpired=false isRemotelyClosed=true isTtlExpired=false
10:12:56.793 [AsyncHttpClient-1-1] DEBUG org.asynchttpclient.netty.channel.DefaultChannelPool - Closing Idle Channel [id: 0x88e1d254, L:/127.0.0.1:51711 ! R:localhost/127.0.0.1:28992]
10:12:56.793 [AsyncHttpClient-1-1] DEBUG org.asynchttpclient.netty.channel.DefaultChannelPool - Closed 2 connections out of 2 in 0 ms
]]></system-out>
    <system-err><![CDATA[Starting ChromeDriver 111.0.5563.64 (c710e93d5b63b7095afe8c2c17df34408078439d-refs/branch-heads/5563@{#995}) on port 28992
Only local connections are allowed.
Please see https://chromedriver.chromium.org/security-considerations for suggestions on keeping ChromeDriver safe.
ChromeDriver was started successfully.
May 07, 2023 10:12:50 AM org.openqa.selenium.devtools.CdpVersionFinder findNearestMatch
WARNING: Unable to find an exact match for CDP version 111, so returning the closest version found: 110
]]></system-err>
  </testcase>
  <testcase name="Add to cart by buy a product with login" classname="Product" time="8.475">
    <system-out><![CDATA[10:12:56.945 [main] DEBUG io.cucumber.core.plugin.SerenityReporter - Running feature from file:///D:/WebMinpro/code/minpro/src/test/resources/features/4.%20Product.feature
10:12:56.948 [main] DEBUG net.thucydides.core.steps.StepEventBus - Test suite started for story net.thucydides.core.model.Story@74d6423f
10:12:56.958 [main] INFO  - Test Suite Started: Product

Scenario: Add to cart by buy a product with login         &amp#27;[90m# src/test/resources/features/4. Product.feature:7&amp#27;[0m
10:12:56.963 [main] DEBUG io.cucumber.core.plugin.SerenityReporter - Running feature from file:///D:/WebMinpro/code/minpro/src/test/resources/features/4.%20Product.feature
10:12:56.965 [main] INFO  - 
  _____   ___   ___   _____     ___   _____     _     ___   _____   ___   ___  
 |_   _| | __| / __| |_   _|   / __| |_   _|   /_\   | _ \ |_   _| | __| |   \ 
   | |   | _|  \__ \   | |     \__ \   | |    / _ \  |   /   | |   | _|  | |) |
   |_|   |___| |___/   |_|     |___/   |_|   /_/ \_\ |_|_\   |_|   |___| |___/ 

Add to cart by buy a product with login(product;add-to-cart-by-buy-a-product-with-login)
--------------------------------------------------------------------------------
10:12:57.198 [main] DEBUG net.thucydides.core.steps.StepInterceptor - STARTING STEP: ProductSteps.onTheHomePage - openPage
10:12:57.269 [main] INFO net.serenitybdd.core.webdriver.driverproviders.ChromeDriverProvider - Starting Chrome driver instance with capabilities:
10:12:57.270 [main] INFO net.serenitybdd.core.webdriver.driverproviders.ChromeDriverProvider - Capabilities {acceptInsecureCerts: false, browserName: chrome, goog:chromeOptions: {args: [remote-allow-origins=*], extensions: []}}
10:12:57.866 [AsyncHttpClient-1-11] DEBUG org.asynchttpclient.netty.channel.NettyConnectListener - Using new Channel '[id: 0x593af363, L:/127.0.0.1:51749 - R:localhost/127.0.0.1:12528]' for 'POST' to '/session'
10:12:58.533 [AsyncHttpClient-1-11] DEBUG org.asynchttpclient.netty.handler.HttpHandler - 

Request DefaultHttpRequest(decodeResult: success, version: HTTP/1.1)
POST /session HTTP/1.1
User-Agent: selenium/4.8.1 (java windows)
Content-Length: 507
Content-Type: application/json; charset=utf-8
host: localhost:12528
accept: */*

Response DefaultHttpResponse(decodeResult: success, version: HTTP/1.1)
HTTP/1.1 200 OK
Content-Length: 859
Content-Type: application/json; charset=utf-8
cache-control: no-cache

10:12:58.533 [AsyncHttpClient-1-11] DEBUG org.asynchttpclient.netty.channel.ChannelManager - Adding key: http://localhost:12528 for channel [id: 0x593af363, L:/127.0.0.1:51749 - R:localhost/127.0.0.1:12528]
10:12:58.540 [AsyncHttpClient-1-12] DEBUG org.asynchttpclient.netty.channel.NettyConnectListener - Using new Channel '[id: 0x0f8afc41, L:/127.0.0.1:51757 - R:localhost/127.0.0.1:51750]' for 'GET' to '/json/version'
10:12:58.540 [AsyncHttpClient-1-12] DEBUG org.asynchttpclient.netty.handler.HttpHandler - 

Request DefaultFullHttpRequest(decodeResult: success, version: HTTP/1.1, content: EmptyByteBufBE)
GET /json/version HTTP/1.1
User-Agent: selenium/4.8.1 (java windows)
host: localhost:51750
accept: */*

Response DefaultHttpResponse(decodeResult: success, version: HTTP/1.1)
HTTP/1.1 200 OK
Content-Security-Policy: frame-ancestors 'none'
Content-Length: 424
Content-Type: application/json; charset=UTF-8

10:12:58.540 [AsyncHttpClient-1-12] DEBUG org.asynchttpclient.netty.channel.ChannelManager - Adding key: http://localhost:51750 for channel [id: 0x0f8afc41, L:/127.0.0.1:51757 - R:localhost/127.0.0.1:51750]
10:12:58.541 [AsyncHttpClient-1-13] DEBUG org.asynchttpclient.netty.channel.NettyConnectListener - Using new Channel '[id: 0xb841c87a, L:/127.0.0.1:51758 - R:localhost/127.0.0.1:51750]' for 'GET' to '/devtools/browser/51331d25-a8bc-474f-a2f9-3382b71bdbfd'
10:12:58.542 [AsyncHttpClient-1-13] DEBUG org.asynchttpclient.netty.handler.WebSocketHandler - 

Request DefaultFullHttpRequest(decodeResult: success, version: HTTP/1.1, content: EmptyByteBufBE)
GET /devtools/browser/51331d25-a8bc-474f-a2f9-3382b71bdbfd HTTP/1.1
upgrade: websocket
connection: upgrade
sec-websocket-key: MNfGJNFvcPK/JXlq3Z+qSg==
sec-websocket-version: 13
origin: http://localhost:51750
host: localhost:51750
accept: */*
user-agent: AHC/2.1

Response DefaultHttpResponse(decodeResult: success, version: HTTP/1.1)
HTTP/1.1 101 WebSocket Protocol Handshake
Upgrade: WebSocket
Connection: Upgrade
Sec-WebSocket-Accept: DhhvlnmCjHJ7AeRrK6WMQoQeUwY=

10:12:58.545 [Forwarding get on session 8520281d0c9fc8ef022406243e65f5d4 to remote] DEBUG org.asynchttpclient.netty.request.NettyRequestSender - Using pooled Channel '[id: 0x593af363, L:/127.0.0.1:51749 - R:localhost/127.0.0.1:12528]' for 'POST' to 'http://localhost:12528/session/8520281d0c9fc8ef022406243e65f5d4/url'
10:12:58.545 [Forwarding get on session 8520281d0c9fc8ef022406243e65f5d4 to remote] DEBUG org.asynchttpclient.netty.request.NettyRequestSender - Using open Channel [id: 0x593af363, L:/127.0.0.1:51749 - R:localhost/127.0.0.1:12528] for POST '/session/8520281d0c9fc8ef022406243e65f5d4/url'
10:12:58.999 [AsyncHttpClient-1-1] DEBUG org.asynchttpclient.netty.channel.DefaultChannelPool - Entry count for : http://localhost:51750 : 1
10:12:59.516 [AsyncHttpClient-1-11] DEBUG org.asynchttpclient.netty.handler.HttpHandler - 

Request DefaultHttpRequest(decodeResult: success, version: HTTP/1.1)
POST /session/8520281d0c9fc8ef022406243e65f5d4/url HTTP/1.1
User-Agent: selenium/4.8.1 (java windows)
Content-Length: 74
Content-Type: application/json; charset=utf-8
host: localhost:12528
accept: */*

Response DefaultHttpResponse(decodeResult: success, version: HTTP/1.1)
HTTP/1.1 200 OK
Content-Length: 14
Content-Type: application/json; charset=utf-8
cache-control: no-cache

10:12:59.516 [AsyncHttpClient-1-11] DEBUG org.asynchttpclient.netty.channel.ChannelManager - Adding key: http://localhost:12528 for channel [id: 0x593af363, L:/127.0.0.1:51749 - R:localhost/127.0.0.1:12528]
10:12:59.517 [Forwarding setTimeout on session 8520281d0c9fc8ef022406243e65f5d4 to remote] DEBUG org.asynchttpclient.netty.request.NettyRequestSender - Using pooled Channel '[id: 0x593af363, L:/127.0.0.1:51749 - R:localhost/127.0.0.1:12528]' for 'POST' to 'http://localhost:12528/session/8520281d0c9fc8ef022406243e65f5d4/timeouts'
10:12:59.517 [Forwarding setTimeout on session 8520281d0c9fc8ef022406243e65f5d4 to remote] DEBUG org.asynchttpclient.netty.request.NettyRequestSender - Using open Channel [id: 0x593af363, L:/127.0.0.1:51749 - R:localhost/127.0.0.1:12528] for POST '/session/8520281d0c9fc8ef022406243e65f5d4/timeouts'
10:12:59.517 [AsyncHttpClient-1-11] DEBUG org.asynchttpclient.netty.handler.HttpHandler - 

Request DefaultHttpRequest(decodeResult: success, version: HTTP/1.1)
POST /session/8520281d0c9fc8ef022406243e65f5d4/timeouts HTTP/1.1
User-Agent: selenium/4.8.1 (java windows)
Content-Length: 22
Content-Type: application/json; charset=utf-8
host: localhost:12528
accept: */*

Response DefaultHttpResponse(decodeResult: success, version: HTTP/1.1)
HTTP/1.1 200 OK
Content-Length: 14
Content-Type: application/json; charset=utf-8
cache-control: no-cache

10:12:59.517 [AsyncHttpClient-1-11] DEBUG org.asynchttpclient.netty.channel.ChannelManager - Adding key: http://localhost:12528 for channel [id: 0x593af363, L:/127.0.0.1:51749 - R:localhost/127.0.0.1:12528]
10:12:59.520 [main] DEBUG net.serenitybdd.core.photography.Darkroom - Opening darkroom
10:12:59.520 [Darkroom Processing Line] DEBUG net.serenitybdd.core.photography.DarkroomProcessingLine - Darkroom processing line starting up
10:12:59.521 [Forwarding getAlertText on session 8520281d0c9fc8ef022406243e65f5d4 to remote] DEBUG org.asynchttpclient.netty.request.NettyRequestSender - Using pooled Channel '[id: 0x593af363, L:/127.0.0.1:51749 - R:localhost/127.0.0.1:12528]' for 'GET' to 'http://localhost:12528/session/8520281d0c9fc8ef022406243e65f5d4/alert/text'
10:12:59.521 [Forwarding getAlertText on session 8520281d0c9fc8ef022406243e65f5d4 to remote] DEBUG org.asynchttpclient.netty.request.NettyRequestSender - Using open Channel [id: 0x593af363, L:/127.0.0.1:51749 - R:localhost/127.0.0.1:12528] for GET '/session/8520281d0c9fc8ef022406243e65f5d4/alert/text'
10:12:59.522 [AsyncHttpClient-1-11] DEBUG org.asynchttpclient.netty.handler.HttpHandler - 

Request DefaultFullHttpRequest(decodeResult: success, version: HTTP/1.1, content: EmptyByteBufBE)
GET /session/8520281d0c9fc8ef022406243e65f5d4/alert/text HTTP/1.1
User-Agent: selenium/4.8.1 (java windows)
Cache-Control: no-cache
Content-Type: application/json; charset=utf-8
host: localhost:12528
accept: */*

Response DefaultHttpResponse(decodeResult: success, version: HTTP/1.1)
HTTP/1.1 404 Not Found
Content-Length: 836
Content-Type: application/json; charset=utf-8
cache-control: no-cache

10:12:59.522 [AsyncHttpClient-1-11] DEBUG org.asynchttpclient.netty.channel.ChannelManager - Adding key: http://localhost:12528 for channel [id: 0x593af363, L:/127.0.0.1:51749 - R:localhost/127.0.0.1:12528]
10:12:59.522 [Forwarding getCurrentUrl on session 8520281d0c9fc8ef022406243e65f5d4 to remote] DEBUG org.asynchttpclient.netty.request.NettyRequestSender - Using pooled Channel '[id: 0x593af363, L:/127.0.0.1:51749 - R:localhost/127.0.0.1:12528]' for 'GET' to 'http://localhost:12528/session/8520281d0c9fc8ef022406243e65f5d4/url'
10:12:59.522 [Forwarding getCurrentUrl on session 8520281d0c9fc8ef022406243e65f5d4 to remote] DEBUG org.asynchttpclient.netty.request.NettyRequestSender - Using open Channel [id: 0x593af363, L:/127.0.0.1:51749 - R:localhost/127.0.0.1:12528] for GET '/session/8520281d0c9fc8ef022406243e65f5d4/url'
10:12:59.525 [AsyncHttpClient-1-11] DEBUG org.asynchttpclient.netty.handler.HttpHandler - 

Request DefaultFullHttpRequest(decodeResult: success, version: HTTP/1.1, content: EmptyByteBufBE)
GET /session/8520281d0c9fc8ef022406243e65f5d4/url HTTP/1.1
User-Agent: selenium/4.8.1 (java windows)
Cache-Control: no-cache
Content-Type: application/json; charset=utf-8
host: localhost:12528
accept: */*

Response DefaultHttpResponse(decodeResult: success, version: HTTP/1.1)
HTTP/1.1 200 OK
Content-Length: 51
Content-Type: application/json; charset=utf-8
cache-control: no-cache

10:12:59.525 [AsyncHttpClient-1-11] DEBUG org.asynchttpclient.netty.channel.ChannelManager - Adding key: http://localhost:12528 for channel [id: 0x593af363, L:/127.0.0.1:51749 - R:localhost/127.0.0.1:12528]
10:12:59.525 [Forwarding screenshot on session 8520281d0c9fc8ef022406243e65f5d4 to remote] DEBUG org.asynchttpclient.netty.request.NettyRequestSender - Using pooled Channel '[id: 0x593af363, L:/127.0.0.1:51749 - R:localhost/127.0.0.1:12528]' for 'GET' to 'http://localhost:12528/session/8520281d0c9fc8ef022406243e65f5d4/screenshot'
10:12:59.525 [Forwarding screenshot on session 8520281d0c9fc8ef022406243e65f5d4 to remote] DEBUG org.asynchttpclient.netty.request.NettyRequestSender - Using open Channel [id: 0x593af363, L:/127.0.0.1:51749 - R:localhost/127.0.0.1:12528] for GET '/session/8520281d0c9fc8ef022406243e65f5d4/screenshot'
10:12:59.750 [AsyncHttpClient-1-11] DEBUG org.asynchttpclient.netty.handler.HttpHandler - 

Request DefaultFullHttpRequest(decodeResult: success, version: HTTP/1.1, content: EmptyByteBufBE)
GET /session/8520281d0c9fc8ef022406243e65f5d4/screenshot HTTP/1.1
User-Agent: selenium/4.8.1 (java windows)
Cache-Control: no-cache
Content-Type: application/json; charset=utf-8
host: localhost:12528
accept: */*

Response DefaultHttpResponse(decodeResult: success, version: HTTP/1.1)
HTTP/1.1 200 OK
Content-Length: 32748
Content-Type: application/json; charset=utf-8
cache-control: no-cache

10:12:59.751 [AsyncHttpClient-1-11] DEBUG org.asynchttpclient.netty.channel.ChannelManager - Adding key: http://localhost:12528 for channel [id: 0x593af363, L:/127.0.0.1:51749 - R:localhost/127.0.0.1:12528]
10:12:59.752 [main] DEBUG net.serenitybdd.core.photography.Darkroom - Send negative for processing for target\site\serenity\838a118defe8b2c78f320792ccc0dfcdbc689f4090a216cf0baf82906188e658.png
10:12:59.752 [main] DEBUG net.thucydides.core.steps.StepInterceptor - STEP DONE: openPage
10:12:59.755 [Forwarding getPageSource on session 8520281d0c9fc8ef022406243e65f5d4 to remote] DEBUG org.asynchttpclient.netty.request.NettyRequestSender - Using pooled Channel '[id: 0x593af363, L:/127.0.0.1:51749 - R:localhost/127.0.0.1:12528]' for 'POST' to 'http://localhost:12528/session/8520281d0c9fc8ef022406243e65f5d4/execute/sync'
10:12:59.755 [Forwarding getPageSource on session 8520281d0c9fc8ef022406243e65f5d4 to remote] DEBUG org.asynchttpclient.netty.request.NettyRequestSender - Using open Channel [id: 0x593af363, L:/127.0.0.1:51749 - R:localhost/127.0.0.1:12528] for POST '/session/8520281d0c9fc8ef022406243e65f5d4/execute/sync'
10:12:59.760 [AsyncHttpClient-1-11] DEBUG org.asynchttpclient.netty.handler.HttpHandler - 

Request DefaultHttpRequest(decodeResult: success, version: HTTP/1.1)
POST /session/8520281d0c9fc8ef022406243e65f5d4/execute/sync HTTP/1.1
User-Agent: selenium/4.8.1 (java windows)
Content-Length: 176
Content-Type: application/json; charset=utf-8
host: localhost:12528
accept: */*

Response DefaultHttpResponse(decodeResult: success, version: HTTP/1.1)
HTTP/1.1 200 OK
Content-Length: 21659
Content-Type: application/json; charset=utf-8
cache-control: no-cache

10:12:59.760 [AsyncHttpClient-1-11] DEBUG org.asynchttpclient.netty.channel.ChannelManager - Adding key: http://localhost:12528 for channel [id: 0x593af363, L:/127.0.0.1:51749 - R:localhost/127.0.0.1:12528]
10:12:59.761 [Forwarding getCurrentUrl on session 8520281d0c9fc8ef022406243e65f5d4 to remote] DEBUG org.asynchttpclient.netty.request.NettyRequestSender - Using pooled Channel '[id: 0x593af363, L:/127.0.0.1:51749 - R:localhost/127.0.0.1:12528]' for 'GET' to 'http://localhost:12528/session/8520281d0c9fc8ef022406243e65f5d4/url'
10:12:59.761 [Forwarding getCurrentUrl on session 8520281d0c9fc8ef022406243e65f5d4 to remote] DEBUG org.asynchttpclient.netty.request.NettyRequestSender - Using open Channel [id: 0x593af363, L:/127.0.0.1:51749 - R:localhost/127.0.0.1:12528] for GET '/session/8520281d0c9fc8ef022406243e65f5d4/url'
10:12:59.763 [AsyncHttpClient-1-11] DEBUG org.asynchttpclient.netty.handler.HttpHandler - 

Request DefaultFullHttpRequest(decodeResult: success, version: HTTP/1.1, content: EmptyByteBufBE)
GET /session/8520281d0c9fc8ef022406243e65f5d4/url HTTP/1.1
User-Agent: selenium/4.8.1 (java windows)
Cache-Control: no-cache
Content-Type: application/json; charset=utf-8
host: localhost:12528
accept: */*

Response DefaultHttpResponse(decodeResult: success, version: HTTP/1.1)
HTTP/1.1 200 OK
Content-Length: 51
Content-Type: application/json; charset=utf-8
cache-control: no-cache

10:12:59.763 [AsyncHttpClient-1-11] DEBUG org.asynchttpclient.netty.channel.ChannelManager - Adding key: http://localhost:12528 for channel [id: 0x593af363, L:/127.0.0.1:51749 - R:localhost/127.0.0.1:12528]
10:12:59.764 [main] DEBUG net.thucydides.core.steps.StepInterceptor - STARTING STEP: ProductSteps.onTheHomePage - inputEmail
10:12:59.765 [Forwarding findElement on session 8520281d0c9fc8ef022406243e65f5d4 to remote] DEBUG org.asynchttpclient.netty.request.NettyRequestSender - Using pooled Channel '[id: 0x593af363, L:/127.0.0.1:51749 - R:localhost/127.0.0.1:12528]' for 'POST' to 'http://localhost:12528/session/8520281d0c9fc8ef022406243e65f5d4/element'
10:12:59.765 [Forwarding findElement on session 8520281d0c9fc8ef022406243e65f5d4 to remote] DEBUG org.asynchttpclient.netty.request.NettyRequestSender - Using open Channel [id: 0x593af363, L:/127.0.0.1:51749 - R:localhost/127.0.0.1:12528] for POST '/session/8520281d0c9fc8ef022406243e65f5d4/element'
10:12:59.773 [AsyncHttpClient-1-11] DEBUG org.asynchttpclient.netty.handler.HttpHandler - 

Request DefaultHttpRequest(decodeResult: success, version: HTTP/1.1)
POST /session/8520281d0c9fc8ef022406243e65f5d4/element HTTP/1.1
User-Agent: selenium/4.8.1 (java windows)
Content-Length: 55
Content-Type: application/json; charset=utf-8
host: localhost:12528
accept: */*

Response DefaultHttpResponse(decodeResult: success, version: HTTP/1.1)
HTTP/1.1 200 OK
Content-Length: 88
Content-Type: application/json; charset=utf-8
cache-control: no-cache

10:12:59.773 [AsyncHttpClient-1-11] DEBUG org.asynchttpclient.netty.channel.ChannelManager - Adding key: http://localhost:12528 for channel [id: 0x593af363, L:/127.0.0.1:51749 - R:localhost/127.0.0.1:12528]
10:12:59.774 [Forwarding clearElement on session 8520281d0c9fc8ef022406243e65f5d4 to remote] DEBUG org.asynchttpclient.netty.request.NettyRequestSender - Using pooled Channel '[id: 0x593af363, L:/127.0.0.1:51749 - R:localhost/127.0.0.1:12528]' for 'POST' to 'http://localhost:12528/session/8520281d0c9fc8ef022406243e65f5d4/element/b0c56974-a3b9-42d2-9a3f-3156b8e08fa6/clear'
10:12:59.774 [Forwarding clearElement on session 8520281d0c9fc8ef022406243e65f5d4 to remote] DEBUG org.asynchttpclient.netty.request.NettyRequestSender - Using open Channel [id: 0x593af363, L:/127.0.0.1:51749 - R:localhost/127.0.0.1:12528] for POST '/session/8520281d0c9fc8ef022406243e65f5d4/element/b0c56974-a3b9-42d2-9a3f-3156b8e08fa6/clear'
10:12:59.796 [AsyncHttpClient-1-11] DEBUG org.asynchttpclient.netty.handler.HttpHandler - 

Request DefaultHttpRequest(decodeResult: success, version: HTTP/1.1)
POST /session/8520281d0c9fc8ef022406243e65f5d4/element/b0c56974-a3b9-42d2-9a3f-3156b8e08fa6/clear HTTP/1.1
User-Agent: selenium/4.8.1 (java windows)
Content-Length: 50
Content-Type: application/json; charset=utf-8
host: localhost:12528
accept: */*

Response DefaultHttpResponse(decodeResult: success, version: HTTP/1.1)
HTTP/1.1 200 OK
Content-Length: 14
Content-Type: application/json; charset=utf-8
cache-control: no-cache

10:12:59.797 [AsyncHttpClient-1-11] DEBUG org.asynchttpclient.netty.channel.ChannelManager - Adding key: http://localhost:12528 for channel [id: 0x593af363, L:/127.0.0.1:51749 - R:localhost/127.0.0.1:12528]
10:12:59.797 [Forwarding sendKeysToElement on session 8520281d0c9fc8ef022406243e65f5d4 to remote] DEBUG org.asynchttpclient.netty.request.NettyRequestSender - Using pooled Channel '[id: 0x593af363, L:/127.0.0.1:51749 - R:localhost/127.0.0.1:12528]' for 'POST' to 'http://localhost:12528/session/8520281d0c9fc8ef022406243e65f5d4/element/b0c56974-a3b9-42d2-9a3f-3156b8e08fa6/value'
10:12:59.797 [Forwarding sendKeysToElement on session 8520281d0c9fc8ef022406243e65f5d4 to remote] DEBUG org.asynchttpclient.netty.request.NettyRequestSender - Using open Channel [id: 0x593af363, L:/127.0.0.1:51749 - R:localhost/127.0.0.1:12528] for POST '/session/8520281d0c9fc8ef022406243e65f5d4/element/b0c56974-a3b9-42d2-9a3f-3156b8e08fa6/value'
10:12:59.873 [AsyncHttpClient-1-11] DEBUG org.asynchttpclient.netty.handler.HttpHandler - 

Request DefaultHttpRequest(decodeResult: success, version: HTTP/1.1)
POST /session/8520281d0c9fc8ef022406243e65f5d4/element/b0c56974-a3b9-42d2-9a3f-3156b8e08fa6/value HTTP/1.1
User-Agent: selenium/4.8.1 (java windows)
Content-Length: 221
Content-Type: application/json; charset=utf-8
host: localhost:12528
accept: */*

Response DefaultHttpResponse(decodeResult: success, version: HTTP/1.1)
HTTP/1.1 200 OK
Content-Length: 14
Content-Type: application/json; charset=utf-8
cache-control: no-cache

10:12:59.873 [AsyncHttpClient-1-11] DEBUG org.asynchttpclient.netty.channel.ChannelManager - Adding key: http://localhost:12528 for channel [id: 0x593af363, L:/127.0.0.1:51749 - R:localhost/127.0.0.1:12528]
10:12:59.877 [Forwarding getAlertText on session 8520281d0c9fc8ef022406243e65f5d4 to remote] DEBUG org.asynchttpclient.netty.request.NettyRequestSender - Using pooled Channel '[id: 0x593af363, L:/127.0.0.1:51749 - R:localhost/127.0.0.1:12528]' for 'GET' to 'http://localhost:12528/session/8520281d0c9fc8ef022406243e65f5d4/alert/text'
10:12:59.877 [Forwarding getAlertText on session 8520281d0c9fc8ef022406243e65f5d4 to remote] DEBUG org.asynchttpclient.netty.request.NettyRequestSender - Using open Channel [id: 0x593af363, L:/127.0.0.1:51749 - R:localhost/127.0.0.1:12528] for GET '/session/8520281d0c9fc8ef022406243e65f5d4/alert/text'
10:12:59.878 [AsyncHttpClient-1-11] DEBUG org.asynchttpclient.netty.handler.HttpHandler - 

Request DefaultFullHttpRequest(decodeResult: success, version: HTTP/1.1, content: EmptyByteBufBE)
GET /session/8520281d0c9fc8ef022406243e65f5d4/alert/text HTTP/1.1
User-Agent: selenium/4.8.1 (java windows)
Cache-Control: no-cache
Content-Type: application/json; charset=utf-8
host: localhost:12528
accept: */*

Response DefaultHttpResponse(decodeResult: success, version: HTTP/1.1)
HTTP/1.1 404 Not Found
Content-Length: 836
Content-Type: application/json; charset=utf-8
cache-control: no-cache

10:12:59.878 [AsyncHttpClient-1-11] DEBUG org.asynchttpclient.netty.channel.ChannelManager - Adding key: http://localhost:12528 for channel [id: 0x593af363, L:/127.0.0.1:51749 - R:localhost/127.0.0.1:12528]
10:12:59.878 [Forwarding getCurrentUrl on session 8520281d0c9fc8ef022406243e65f5d4 to remote] DEBUG org.asynchttpclient.netty.request.NettyRequestSender - Using pooled Channel '[id: 0x593af363, L:/127.0.0.1:51749 - R:localhost/127.0.0.1:12528]' for 'GET' to 'http://localhost:12528/session/8520281d0c9fc8ef022406243e65f5d4/url'
10:12:59.878 [Forwarding getCurrentUrl on session 8520281d0c9fc8ef022406243e65f5d4 to remote] DEBUG org.asynchttpclient.netty.request.NettyRequestSender - Using open Channel [id: 0x593af363, L:/127.0.0.1:51749 - R:localhost/127.0.0.1:12528] for GET '/session/8520281d0c9fc8ef022406243e65f5d4/url'
10:12:59.881 [AsyncHttpClient-1-11] DEBUG org.asynchttpclient.netty.handler.HttpHandler - 

Request DefaultFullHttpRequest(decodeResult: success, version: HTTP/1.1, content: EmptyByteBufBE)
GET /session/8520281d0c9fc8ef022406243e65f5d4/url HTTP/1.1
User-Agent: selenium/4.8.1 (java windows)
Cache-Control: no-cache
Content-Type: application/json; charset=utf-8
host: localhost:12528
accept: */*

Response DefaultHttpResponse(decodeResult: success, version: HTTP/1.1)
HTTP/1.1 200 OK
Content-Length: 51
Content-Type: application/json; charset=utf-8
cache-control: no-cache

10:12:59.881 [AsyncHttpClient-1-11] DEBUG org.asynchttpclient.netty.channel.ChannelManager - Adding key: http://localhost:12528 for channel [id: 0x593af363, L:/127.0.0.1:51749 - R:localhost/127.0.0.1:12528]
10:12:59.881 [Forwarding screenshot on session 8520281d0c9fc8ef022406243e65f5d4 to remote] DEBUG org.asynchttpclient.netty.request.NettyRequestSender - Using pooled Channel '[id: 0x593af363, L:/127.0.0.1:51749 - R:localhost/127.0.0.1:12528]' for 'GET' to 'http://localhost:12528/session/8520281d0c9fc8ef022406243e65f5d4/screenshot'
10:12:59.881 [Forwarding screenshot on session 8520281d0c9fc8ef022406243e65f5d4 to remote] DEBUG org.asynchttpclient.netty.request.NettyRequestSender - Using open Channel [id: 0x593af363, L:/127.0.0.1:51749 - R:localhost/127.0.0.1:12528] for GET '/session/8520281d0c9fc8ef022406243e65f5d4/screenshot'
10:12:59.995 [AsyncHttpClient-1-11] DEBUG org.asynchttpclient.netty.handler.HttpHandler - 

Request DefaultFullHttpRequest(decodeResult: success, version: HTTP/1.1, content: EmptyByteBufBE)
GET /session/8520281d0c9fc8ef022406243e65f5d4/screenshot HTTP/1.1
User-Agent: selenium/4.8.1 (java windows)
Cache-Control: no-cache
Content-Type: application/json; charset=utf-8
host: localhost:12528
accept: */*

Response DefaultHttpResponse(decodeResult: success, version: HTTP/1.1)
HTTP/1.1 200 OK
Content-Length: 37708
Content-Type: application/json; charset=utf-8
cache-control: no-cache

10:12:59.995 [AsyncHttpClient-1-11] DEBUG org.asynchttpclient.netty.channel.ChannelManager - Adding key: http://localhost:12528 for channel [id: 0x593af363, L:/127.0.0.1:51749 - R:localhost/127.0.0.1:12528]
10:12:59.996 [main] DEBUG net.serenitybdd.core.photography.Darkroom - Send negative for processing for target\site\serenity\0af943fd4ffce0ee183abbb35821a9d97ca8d18b1d4806b967c23fc8c86af8a7.png
10:12:59.996 [main] DEBUG net.thucydides.core.steps.StepInterceptor - STEP DONE: inputEmail
10:12:59.996 [Darkroom Processing Line] DEBUG net.serenitybdd.core.photography.DarkroomProcessingLine - Processing screenshot image in /var/screenshots/screenshot-9493818798463793203
10:12:59.996 [Darkroom Processing Line] DEBUG net.serenitybdd.core.photography.DarkroomProcessingLine - Saving screenshot to target\site\serenity\0af943fd4ffce0ee183abbb35821a9d97ca8d18b1d4806b967c23fc8c86af8a7.png
10:13:00.003 [Forwarding getPageSource on session 8520281d0c9fc8ef022406243e65f5d4 to remote] DEBUG org.asynchttpclient.netty.request.NettyRequestSender - Using pooled Channel '[id: 0x593af363, L:/127.0.0.1:51749 - R:localhost/127.0.0.1:12528]' for 'POST' to 'http://localhost:12528/session/8520281d0c9fc8ef022406243e65f5d4/execute/sync'
10:13:00.003 [Forwarding getPageSource on session 8520281d0c9fc8ef022406243e65f5d4 to remote] DEBUG org.asynchttpclient.netty.request.NettyRequestSender - Using open Channel [id: 0x593af363, L:/127.0.0.1:51749 - R:localhost/127.0.0.1:12528] for POST '/session/8520281d0c9fc8ef022406243e65f5d4/execute/sync'
10:13:00.007 [AsyncHttpClient-1-11] DEBUG org.asynchttpclient.netty.handler.HttpHandler - 

Request DefaultHttpRequest(decodeResult: success, version: HTTP/1.1)
POST /session/8520281d0c9fc8ef022406243e65f5d4/execute/sync HTTP/1.1
User-Agent: selenium/4.8.1 (java windows)
Content-Length: 176
Content-Type: application/json; charset=utf-8
host: localhost:12528
accept: */*

Response DefaultHttpResponse(decodeResult: success, version: HTTP/1.1)
HTTP/1.1 200 OK
Content-Length: 21780
Content-Type: application/json; charset=utf-8
cache-control: no-cache

10:13:00.007 [AsyncHttpClient-1-11] DEBUG org.asynchttpclient.netty.channel.ChannelManager - Adding key: http://localhost:12528 for channel [id: 0x593af363, L:/127.0.0.1:51749 - R:localhost/127.0.0.1:12528]
10:13:00.010 [Forwarding getCurrentUrl on session 8520281d0c9fc8ef022406243e65f5d4 to remote] DEBUG org.asynchttpclient.netty.request.NettyRequestSender - Using pooled Channel '[id: 0x593af363, L:/127.0.0.1:51749 - R:localhost/127.0.0.1:12528]' for 'GET' to 'http://localhost:12528/session/8520281d0c9fc8ef022406243e65f5d4/url'
10:13:00.010 [Forwarding getCurrentUrl on session 8520281d0c9fc8ef022406243e65f5d4 to remote] DEBUG org.asynchttpclient.netty.request.NettyRequestSender - Using open Channel [id: 0x593af363, L:/127.0.0.1:51749 - R:localhost/127.0.0.1:12528] for GET '/session/8520281d0c9fc8ef022406243e65f5d4/url'
10:13:00.012 [AsyncHttpClient-1-11] DEBUG org.asynchttpclient.netty.handler.HttpHandler - 

Request DefaultFullHttpRequest(decodeResult: success, version: HTTP/1.1, content: EmptyByteBufBE)
GET /session/8520281d0c9fc8ef022406243e65f5d4/url HTTP/1.1
User-Agent: selenium/4.8.1 (java windows)
Cache-Control: no-cache
Content-Type: application/json; charset=utf-8
host: localhost:12528
accept: */*

Response DefaultHttpResponse(decodeResult: success, version: HTTP/1.1)
HTTP/1.1 200 OK
Content-Length: 51
Content-Type: application/json; charset=utf-8
cache-control: no-cache

10:13:00.012 [AsyncHttpClient-1-11] DEBUG org.asynchttpclient.netty.channel.ChannelManager - Adding key: http://localhost:12528 for channel [id: 0x593af363, L:/127.0.0.1:51749 - R:localhost/127.0.0.1:12528]
10:13:00.013 [main] DEBUG net.thucydides.core.steps.StepInterceptor - STARTING STEP: ProductSteps.onTheHomePage - inputPassword
10:13:00.014 [Forwarding findElement on session 8520281d0c9fc8ef022406243e65f5d4 to remote] DEBUG org.asynchttpclient.netty.request.NettyRequestSender - Using pooled Channel '[id: 0x593af363, L:/127.0.0.1:51749 - R:localhost/127.0.0.1:12528]' for 'POST' to 'http://localhost:12528/session/8520281d0c9fc8ef022406243e65f5d4/element'
10:13:00.014 [Forwarding findElement on session 8520281d0c9fc8ef022406243e65f5d4 to remote] DEBUG org.asynchttpclient.netty.request.NettyRequestSender - Using open Channel [id: 0x593af363, L:/127.0.0.1:51749 - R:localhost/127.0.0.1:12528] for POST '/session/8520281d0c9fc8ef022406243e65f5d4/element'
10:13:00.025 [AsyncHttpClient-1-11] DEBUG org.asynchttpclient.netty.handler.HttpHandler - 

Request DefaultHttpRequest(decodeResult: success, version: HTTP/1.1)
POST /session/8520281d0c9fc8ef022406243e65f5d4/element HTTP/1.1
User-Agent: selenium/4.8.1 (java windows)
Content-Length: 55
Content-Type: application/json; charset=utf-8
host: localhost:12528
accept: */*

Response DefaultHttpResponse(decodeResult: success, version: HTTP/1.1)
HTTP/1.1 200 OK
Content-Length: 88
Content-Type: application/json; charset=utf-8
cache-control: no-cache

10:13:00.025 [AsyncHttpClient-1-11] DEBUG org.asynchttpclient.netty.channel.ChannelManager - Adding key: http://localhost:12528 for channel [id: 0x593af363, L:/127.0.0.1:51749 - R:localhost/127.0.0.1:12528]
10:13:00.026 [Forwarding clearElement on session 8520281d0c9fc8ef022406243e65f5d4 to remote] DEBUG org.asynchttpclient.netty.request.NettyRequestSender - Using pooled Channel '[id: 0x593af363, L:/127.0.0.1:51749 - R:localhost/127.0.0.1:12528]' for 'POST' to 'http://localhost:12528/session/8520281d0c9fc8ef022406243e65f5d4/element/76f57406-5169-466c-990a-3d631da9797e/clear'
10:13:00.026 [Forwarding clearElement on session 8520281d0c9fc8ef022406243e65f5d4 to remote] DEBUG org.asynchttpclient.netty.request.NettyRequestSender - Using open Channel [id: 0x593af363, L:/127.0.0.1:51749 - R:localhost/127.0.0.1:12528] for POST '/session/8520281d0c9fc8ef022406243e65f5d4/element/76f57406-5169-466c-990a-3d631da9797e/clear'
10:13:00.053 [AsyncHttpClient-1-11] DEBUG org.asynchttpclient.netty.handler.HttpHandler - 

Request DefaultHttpRequest(decodeResult: success, version: HTTP/1.1)
POST /session/8520281d0c9fc8ef022406243e65f5d4/element/76f57406-5169-466c-990a-3d631da9797e/clear HTTP/1.1
User-Agent: selenium/4.8.1 (java windows)
Content-Length: 50
Content-Type: application/json; charset=utf-8
host: localhost:12528
accept: */*

Response DefaultHttpResponse(decodeResult: success, version: HTTP/1.1)
HTTP/1.1 200 OK
Content-Length: 14
Content-Type: application/json; charset=utf-8
cache-control: no-cache

10:13:00.053 [AsyncHttpClient-1-11] DEBUG org.asynchttpclient.netty.channel.ChannelManager - Adding key: http://localhost:12528 for channel [id: 0x593af363, L:/127.0.0.1:51749 - R:localhost/127.0.0.1:12528]
10:13:00.054 [Forwarding sendKeysToElement on session 8520281d0c9fc8ef022406243e65f5d4 to remote] DEBUG org.asynchttpclient.netty.request.NettyRequestSender - Using pooled Channel '[id: 0x593af363, L:/127.0.0.1:51749 - R:localhost/127.0.0.1:12528]' for 'POST' to 'http://localhost:12528/session/8520281d0c9fc8ef022406243e65f5d4/element/76f57406-5169-466c-990a-3d631da9797e/value'
10:13:00.054 [Forwarding sendKeysToElement on session 8520281d0c9fc8ef022406243e65f5d4 to remote] DEBUG org.asynchttpclient.netty.request.NettyRequestSender - Using open Channel [id: 0x593af363, L:/127.0.0.1:51749 - R:localhost/127.0.0.1:12528] for POST '/session/8520281d0c9fc8ef022406243e65f5d4/element/76f57406-5169-466c-990a-3d631da9797e/value'
10:13:00.094 [AsyncHttpClient-1-1] DEBUG org.asynchttpclient.netty.channel.DefaultChannelPool - Entry count for : http://localhost:51750 : 1
10:13:00.119 [AsyncHttpClient-1-11] DEBUG org.asynchttpclient.netty.handler.HttpHandler - 

Request DefaultHttpRequest(decodeResult: success, version: HTTP/1.1)
POST /session/8520281d0c9fc8ef022406243e65f5d4/element/76f57406-5169-466c-990a-3d631da9797e/value HTTP/1.1
User-Agent: selenium/4.8.1 (java windows)
Content-Length: 151
Content-Type: application/json; charset=utf-8
host: localhost:12528
accept: */*

Response DefaultHttpResponse(decodeResult: success, version: HTTP/1.1)
HTTP/1.1 200 OK
Content-Length: 14
Content-Type: application/json; charset=utf-8
cache-control: no-cache

10:13:00.119 [AsyncHttpClient-1-11] DEBUG org.asynchttpclient.netty.channel.ChannelManager - Adding key: http://localhost:12528 for channel [id: 0x593af363, L:/127.0.0.1:51749 - R:localhost/127.0.0.1:12528]
10:13:00.127 [Forwarding getAlertText on session 8520281d0c9fc8ef022406243e65f5d4 to remote] DEBUG org.asynchttpclient.netty.request.NettyRequestSender - Using pooled Channel '[id: 0x593af363, L:/127.0.0.1:51749 - R:localhost/127.0.0.1:12528]' for 'GET' to 'http://localhost:12528/session/8520281d0c9fc8ef022406243e65f5d4/alert/text'
10:13:00.127 [Forwarding getAlertText on session 8520281d0c9fc8ef022406243e65f5d4 to remote] DEBUG org.asynchttpclient.netty.request.NettyRequestSender - Using open Channel [id: 0x593af363, L:/127.0.0.1:51749 - R:localhost/127.0.0.1:12528] for GET '/session/8520281d0c9fc8ef022406243e65f5d4/alert/text'
10:13:00.128 [AsyncHttpClient-1-11] DEBUG org.asynchttpclient.netty.handler.HttpHandler - 

Request DefaultFullHttpRequest(decodeResult: success, version: HTTP/1.1, content: EmptyByteBufBE)
GET /session/8520281d0c9fc8ef022406243e65f5d4/alert/text HTTP/1.1
User-Agent: selenium/4.8.1 (java windows)
Cache-Control: no-cache
Content-Type: application/json; charset=utf-8
host: localhost:12528
accept: */*

Response DefaultHttpResponse(decodeResult: success, version: HTTP/1.1)
HTTP/1.1 404 Not Found
Content-Length: 836
Content-Type: application/json; charset=utf-8
cache-control: no-cache

10:13:00.128 [AsyncHttpClient-1-11] DEBUG org.asynchttpclient.netty.channel.ChannelManager - Adding key: http://localhost:12528 for channel [id: 0x593af363, L:/127.0.0.1:51749 - R:localhost/127.0.0.1:12528]
10:13:00.129 [Forwarding getCurrentUrl on session 8520281d0c9fc8ef022406243e65f5d4 to remote] DEBUG org.asynchttpclient.netty.request.NettyRequestSender - Using pooled Channel '[id: 0x593af363, L:/127.0.0.1:51749 - R:localhost/127.0.0.1:12528]' for 'GET' to 'http://localhost:12528/session/8520281d0c9fc8ef022406243e65f5d4/url'
10:13:00.129 [Forwarding getCurrentUrl on session 8520281d0c9fc8ef022406243e65f5d4 to remote] DEBUG org.asynchttpclient.netty.request.NettyRequestSender - Using open Channel [id: 0x593af363, L:/127.0.0.1:51749 - R:localhost/127.0.0.1:12528] for GET '/session/8520281d0c9fc8ef022406243e65f5d4/url'
10:13:00.131 [AsyncHttpClient-1-11] DEBUG org.asynchttpclient.netty.handler.HttpHandler - 

Request DefaultFullHttpRequest(decodeResult: success, version: HTTP/1.1, content: EmptyByteBufBE)
GET /session/8520281d0c9fc8ef022406243e65f5d4/url HTTP/1.1
User-Agent: selenium/4.8.1 (java windows)
Cache-Control: no-cache
Content-Type: application/json; charset=utf-8
host: localhost:12528
accept: */*

Response DefaultHttpResponse(decodeResult: success, version: HTTP/1.1)
HTTP/1.1 200 OK
Content-Length: 51
Content-Type: application/json; charset=utf-8
cache-control: no-cache

10:13:00.131 [AsyncHttpClient-1-11] DEBUG org.asynchttpclient.netty.channel.ChannelManager - Adding key: http://localhost:12528 for channel [id: 0x593af363, L:/127.0.0.1:51749 - R:localhost/127.0.0.1:12528]
10:13:00.131 [Forwarding screenshot on session 8520281d0c9fc8ef022406243e65f5d4 to remote] DEBUG org.asynchttpclient.netty.request.NettyRequestSender - Using pooled Channel '[id: 0x593af363, L:/127.0.0.1:51749 - R:localhost/127.0.0.1:12528]' for 'GET' to 'http://localhost:12528/session/8520281d0c9fc8ef022406243e65f5d4/screenshot'
10:13:00.131 [Forwarding screenshot on session 8520281d0c9fc8ef022406243e65f5d4 to remote] DEBUG org.asynchttpclient.netty.request.NettyRequestSender - Using open Channel [id: 0x593af363, L:/127.0.0.1:51749 - R:localhost/127.0.0.1:12528] for GET '/session/8520281d0c9fc8ef022406243e65f5d4/screenshot'
10:13:00.247 [AsyncHttpClient-1-11] DEBUG org.asynchttpclient.netty.handler.HttpHandler - 

Request DefaultFullHttpRequest(decodeResult: success, version: HTTP/1.1, content: EmptyByteBufBE)
GET /session/8520281d0c9fc8ef022406243e65f5d4/screenshot HTTP/1.1
User-Agent: selenium/4.8.1 (java windows)
Cache-Control: no-cache
Content-Type: application/json; charset=utf-8
host: localhost:12528
accept: */*

Response DefaultHttpResponse(decodeResult: success, version: HTTP/1.1)
HTTP/1.1 200 OK
Content-Length: 39620
Content-Type: application/json; charset=utf-8
cache-control: no-cache

10:13:00.247 [AsyncHttpClient-1-11] DEBUG org.asynchttpclient.netty.channel.ChannelManager - Adding key: http://localhost:12528 for channel [id: 0x593af363, L:/127.0.0.1:51749 - R:localhost/127.0.0.1:12528]
10:13:00.248 [main] DEBUG net.serenitybdd.core.photography.Darkroom - Send negative for processing for target\site\serenity\fe02e5ba4dbb77b9bc35e4b5d3826371516442b18862c3fe54d85bffb36d6b1e.png
10:13:00.248 [main] DEBUG net.thucydides.core.steps.StepInterceptor - STEP DONE: inputPassword
10:13:00.248 [Darkroom Processing Line] DEBUG net.serenitybdd.core.photography.DarkroomProcessingLine - Processing screenshot image in /var/screenshots/screenshot-6379241348570334455
10:13:00.248 [Darkroom Processing Line] DEBUG net.serenitybdd.core.photography.DarkroomProcessingLine - Saving screenshot to target\site\serenity\fe02e5ba4dbb77b9bc35e4b5d3826371516442b18862c3fe54d85bffb36d6b1e.png
10:13:00.252 [Forwarding getPageSource on session 8520281d0c9fc8ef022406243e65f5d4 to remote] DEBUG org.asynchttpclient.netty.request.NettyRequestSender - Using pooled Channel '[id: 0x593af363, L:/127.0.0.1:51749 - R:localhost/127.0.0.1:12528]' for 'POST' to 'http://localhost:12528/session/8520281d0c9fc8ef022406243e65f5d4/execute/sync'
10:13:00.252 [Forwarding getPageSource on session 8520281d0c9fc8ef022406243e65f5d4 to remote] DEBUG org.asynchttpclient.netty.request.NettyRequestSender - Using open Channel [id: 0x593af363, L:/127.0.0.1:51749 - R:localhost/127.0.0.1:12528] for POST '/session/8520281d0c9fc8ef022406243e65f5d4/execute/sync'
10:13:00.256 [AsyncHttpClient-1-11] DEBUG org.asynchttpclient.netty.handler.HttpHandler - 

Request DefaultHttpRequest(decodeResult: success, version: HTTP/1.1)
POST /session/8520281d0c9fc8ef022406243e65f5d4/execute/sync HTTP/1.1
User-Agent: selenium/4.8.1 (java windows)
Content-Length: 176
Content-Type: application/json; charset=utf-8
host: localhost:12528
accept: */*

Response DefaultHttpResponse(decodeResult: success, version: HTTP/1.1)
HTTP/1.1 200 OK
Content-Length: 21839
Content-Type: application/json; charset=utf-8
cache-control: no-cache

10:13:00.256 [AsyncHttpClient-1-11] DEBUG org.asynchttpclient.netty.channel.ChannelManager - Adding key: http://localhost:12528 for channel [id: 0x593af363, L:/127.0.0.1:51749 - R:localhost/127.0.0.1:12528]
10:13:00.257 [Forwarding getCurrentUrl on session 8520281d0c9fc8ef022406243e65f5d4 to remote] DEBUG org.asynchttpclient.netty.request.NettyRequestSender - Using pooled Channel '[id: 0x593af363, L:/127.0.0.1:51749 - R:localhost/127.0.0.1:12528]' for 'GET' to 'http://localhost:12528/session/8520281d0c9fc8ef022406243e65f5d4/url'
10:13:00.257 [Forwarding getCurrentUrl on session 8520281d0c9fc8ef022406243e65f5d4 to remote] DEBUG org.asynchttpclient.netty.request.NettyRequestSender - Using open Channel [id: 0x593af363, L:/127.0.0.1:51749 - R:localhost/127.0.0.1:12528] for GET '/session/8520281d0c9fc8ef022406243e65f5d4/url'
10:13:00.260 [AsyncHttpClient-1-11] DEBUG org.asynchttpclient.netty.handler.HttpHandler - 

Request DefaultFullHttpRequest(decodeResult: success, version: HTTP/1.1, content: EmptyByteBufBE)
GET /session/8520281d0c9fc8ef022406243e65f5d4/url HTTP/1.1
User-Agent: selenium/4.8.1 (java windows)
Cache-Control: no-cache
Content-Type: application/json; charset=utf-8
host: localhost:12528
accept: */*

Response DefaultHttpResponse(decodeResult: success, version: HTTP/1.1)
HTTP/1.1 200 OK
Content-Length: 51
Content-Type: application/json; charset=utf-8
cache-control: no-cache

10:13:00.261 [AsyncHttpClient-1-11] DEBUG org.asynchttpclient.netty.channel.ChannelManager - Adding key: http://localhost:12528 for channel [id: 0x593af363, L:/127.0.0.1:51749 - R:localhost/127.0.0.1:12528]
10:13:00.261 [main] DEBUG net.thucydides.core.steps.StepInterceptor - STARTING STEP: ProductSteps.onTheHomePage - clickLoginButton
10:13:00.263 [Forwarding findElement on session 8520281d0c9fc8ef022406243e65f5d4 to remote] DEBUG org.asynchttpclient.netty.request.NettyRequestSender - Using pooled Channel '[id: 0x593af363, L:/127.0.0.1:51749 - R:localhost/127.0.0.1:12528]' for 'POST' to 'http://localhost:12528/session/8520281d0c9fc8ef022406243e65f5d4/element'
10:13:00.263 [Forwarding findElement on session 8520281d0c9fc8ef022406243e65f5d4 to remote] DEBUG org.asynchttpclient.netty.request.NettyRequestSender - Using open Channel [id: 0x593af363, L:/127.0.0.1:51749 - R:localhost/127.0.0.1:12528] for POST '/session/8520281d0c9fc8ef022406243e65f5d4/element'
10:13:00.273 [AsyncHttpClient-1-11] DEBUG org.asynchttpclient.netty.handler.HttpHandler - 

Request DefaultHttpRequest(decodeResult: success, version: HTTP/1.1)
POST /session/8520281d0c9fc8ef022406243e65f5d4/element HTTP/1.1
User-Agent: selenium/4.8.1 (java windows)
Content-Length: 71
Content-Type: application/json; charset=utf-8
host: localhost:12528
accept: */*

Response DefaultHttpResponse(decodeResult: success, version: HTTP/1.1)
HTTP/1.1 200 OK
Content-Length: 88
Content-Type: application/json; charset=utf-8
cache-control: no-cache

10:13:00.273 [AsyncHttpClient-1-11] DEBUG org.asynchttpclient.netty.channel.ChannelManager - Adding key: http://localhost:12528 for channel [id: 0x593af363, L:/127.0.0.1:51749 - R:localhost/127.0.0.1:12528]
10:13:00.274 [Forwarding getElementTagName on session 8520281d0c9fc8ef022406243e65f5d4 to remote] DEBUG org.asynchttpclient.netty.request.NettyRequestSender - Using pooled Channel '[id: 0x593af363, L:/127.0.0.1:51749 - R:localhost/127.0.0.1:12528]' for 'GET' to 'http://localhost:12528/session/8520281d0c9fc8ef022406243e65f5d4/element/3b479458-579e-4e3f-9d21-613d77715969/name'
10:13:00.274 [Forwarding getElementTagName on session 8520281d0c9fc8ef022406243e65f5d4 to remote] DEBUG org.asynchttpclient.netty.request.NettyRequestSender - Using open Channel [id: 0x593af363, L:/127.0.0.1:51749 - R:localhost/127.0.0.1:12528] for GET '/session/8520281d0c9fc8ef022406243e65f5d4/element/3b479458-579e-4e3f-9d21-613d77715969/name'
10:13:00.278 [AsyncHttpClient-1-11] DEBUG org.asynchttpclient.netty.handler.HttpHandler - 

Request DefaultFullHttpRequest(decodeResult: success, version: HTTP/1.1, content: EmptyByteBufBE)
GET /session/8520281d0c9fc8ef022406243e65f5d4/element/3b479458-579e-4e3f-9d21-613d77715969/name HTTP/1.1
User-Agent: selenium/4.8.1 (java windows)
Cache-Control: no-cache
Content-Type: application/json; charset=utf-8
host: localhost:12528
accept: */*

Response DefaultHttpResponse(decodeResult: success, version: HTTP/1.1)
HTTP/1.1 200 OK
Content-Length: 18
Content-Type: application/json; charset=utf-8
cache-control: no-cache

10:13:00.278 [AsyncHttpClient-1-11] DEBUG org.asynchttpclient.netty.channel.ChannelManager - Adding key: http://localhost:12528 for channel [id: 0x593af363, L:/127.0.0.1:51749 - R:localhost/127.0.0.1:12528]
10:13:00.278 [Forwarding getElementTagName on session 8520281d0c9fc8ef022406243e65f5d4 to remote] DEBUG org.asynchttpclient.netty.request.NettyRequestSender - Using pooled Channel '[id: 0x593af363, L:/127.0.0.1:51749 - R:localhost/127.0.0.1:12528]' for 'GET' to 'http://localhost:12528/session/8520281d0c9fc8ef022406243e65f5d4/element/3b479458-579e-4e3f-9d21-613d77715969/name'
10:13:00.278 [Forwarding getElementTagName on session 8520281d0c9fc8ef022406243e65f5d4 to remote] DEBUG org.asynchttpclient.netty.request.NettyRequestSender - Using open Channel [id: 0x593af363, L:/127.0.0.1:51749 - R:localhost/127.0.0.1:12528] for GET '/session/8520281d0c9fc8ef022406243e65f5d4/element/3b479458-579e-4e3f-9d21-613d77715969/name'
10:13:00.280 [AsyncHttpClient-1-11] DEBUG org.asynchttpclient.netty.handler.HttpHandler - 

Request DefaultFullHttpRequest(decodeResult: success, version: HTTP/1.1, content: EmptyByteBufBE)
GET /session/8520281d0c9fc8ef022406243e65f5d4/element/3b479458-579e-4e3f-9d21-613d77715969/name HTTP/1.1
User-Agent: selenium/4.8.1 (java windows)
Cache-Control: no-cache
Content-Type: application/json; charset=utf-8
host: localhost:12528
accept: */*

Response DefaultHttpResponse(decodeResult: success, version: HTTP/1.1)
HTTP/1.1 200 OK
Content-Length: 18
Content-Type: application/json; charset=utf-8
cache-control: no-cache

10:13:00.281 [AsyncHttpClient-1-11] DEBUG org.asynchttpclient.netty.channel.ChannelManager - Adding key: http://localhost:12528 for channel [id: 0x593af363, L:/127.0.0.1:51749 - R:localhost/127.0.0.1:12528]
10:13:00.281 [Forwarding isElementEnabled on session 8520281d0c9fc8ef022406243e65f5d4 to remote] DEBUG org.asynchttpclient.netty.request.NettyRequestSender - Using pooled Channel '[id: 0x593af363, L:/127.0.0.1:51749 - R:localhost/127.0.0.1:12528]' for 'GET' to 'http://localhost:12528/session/8520281d0c9fc8ef022406243e65f5d4/element/3b479458-579e-4e3f-9d21-613d77715969/enabled'
10:13:00.281 [Forwarding isElementEnabled on session 8520281d0c9fc8ef022406243e65f5d4 to remote] DEBUG org.asynchttpclient.netty.request.NettyRequestSender - Using open Channel [id: 0x593af363, L:/127.0.0.1:51749 - R:localhost/127.0.0.1:12528] for GET '/session/8520281d0c9fc8ef022406243e65f5d4/element/3b479458-579e-4e3f-9d21-613d77715969/enabled'
10:13:00.287 [AsyncHttpClient-1-11] DEBUG org.asynchttpclient.netty.handler.HttpHandler - 

Request DefaultFullHttpRequest(decodeResult: success, version: HTTP/1.1, content: EmptyByteBufBE)
GET /session/8520281d0c9fc8ef022406243e65f5d4/element/3b479458-579e-4e3f-9d21-613d77715969/enabled HTTP/1.1
User-Agent: selenium/4.8.1 (java windows)
Cache-Control: no-cache
Content-Type: application/json; charset=utf-8
host: localhost:12528
accept: */*

Response DefaultHttpResponse(decodeResult: success, version: HTTP/1.1)
HTTP/1.1 200 OK
Content-Length: 14
Content-Type: application/json; charset=utf-8
cache-control: no-cache

10:13:00.287 [AsyncHttpClient-1-11] DEBUG org.asynchttpclient.netty.channel.ChannelManager - Adding key: http://localhost:12528 for channel [id: 0x593af363, L:/127.0.0.1:51749 - R:localhost/127.0.0.1:12528]
10:13:00.288 [Forwarding isElementEnabled on session 8520281d0c9fc8ef022406243e65f5d4 to remote] DEBUG org.asynchttpclient.netty.request.NettyRequestSender - Using pooled Channel '[id: 0x593af363, L:/127.0.0.1:51749 - R:localhost/127.0.0.1:12528]' for 'GET' to 'http://localhost:12528/session/8520281d0c9fc8ef022406243e65f5d4/element/3b479458-579e-4e3f-9d21-613d77715969/enabled'
10:13:00.288 [Forwarding isElementEnabled on session 8520281d0c9fc8ef022406243e65f5d4 to remote] DEBUG org.asynchttpclient.netty.request.NettyRequestSender - Using open Channel [id: 0x593af363, L:/127.0.0.1:51749 - R:localhost/127.0.0.1:12528] for GET '/session/8520281d0c9fc8ef022406243e65f5d4/element/3b479458-579e-4e3f-9d21-613d77715969/enabled'
10:13:00.293 [AsyncHttpClient-1-11] DEBUG org.asynchttpclient.netty.handler.HttpHandler - 

Request DefaultFullHttpRequest(decodeResult: success, version: HTTP/1.1, content: EmptyByteBufBE)
GET /session/8520281d0c9fc8ef022406243e65f5d4/element/3b479458-579e-4e3f-9d21-613d77715969/enabled HTTP/1.1
User-Agent: selenium/4.8.1 (java windows)
Cache-Control: no-cache
Content-Type: application/json; charset=utf-8
host: localhost:12528
accept: */*

Response DefaultHttpResponse(decodeResult: success, version: HTTP/1.1)
HTTP/1.1 200 OK
Content-Length: 14
Content-Type: application/json; charset=utf-8
cache-control: no-cache

10:13:00.293 [AsyncHttpClient-1-11] DEBUG org.asynchttpclient.netty.channel.ChannelManager - Adding key: http://localhost:12528 for channel [id: 0x593af363, L:/127.0.0.1:51749 - R:localhost/127.0.0.1:12528]
10:13:00.294 [Forwarding findElement on session 8520281d0c9fc8ef022406243e65f5d4 to remote] DEBUG org.asynchttpclient.netty.request.NettyRequestSender - Using pooled Channel '[id: 0x593af363, L:/127.0.0.1:51749 - R:localhost/127.0.0.1:12528]' for 'POST' to 'http://localhost:12528/session/8520281d0c9fc8ef022406243e65f5d4/element'
10:13:00.294 [Forwarding findElement on session 8520281d0c9fc8ef022406243e65f5d4 to remote] DEBUG org.asynchttpclient.netty.request.NettyRequestSender - Using open Channel [id: 0x593af363, L:/127.0.0.1:51749 - R:localhost/127.0.0.1:12528] for POST '/session/8520281d0c9fc8ef022406243e65f5d4/element'
10:13:00.299 [AsyncHttpClient-1-11] DEBUG org.asynchttpclient.netty.handler.HttpHandler - 

Request DefaultHttpRequest(decodeResult: success, version: HTTP/1.1)
POST /session/8520281d0c9fc8ef022406243e65f5d4/element HTTP/1.1
User-Agent: selenium/4.8.1 (java windows)
Content-Length: 71
Content-Type: application/json; charset=utf-8
host: localhost:12528
accept: */*

Response DefaultHttpResponse(decodeResult: success, version: HTTP/1.1)
HTTP/1.1 200 OK
Content-Length: 88
Content-Type: application/json; charset=utf-8
cache-control: no-cache

10:13:00.299 [AsyncHttpClient-1-11] DEBUG org.asynchttpclient.netty.channel.ChannelManager - Adding key: http://localhost:12528 for channel [id: 0x593af363, L:/127.0.0.1:51749 - R:localhost/127.0.0.1:12528]
10:13:00.300 [Forwarding clickElement on session 8520281d0c9fc8ef022406243e65f5d4 to remote] DEBUG org.asynchttpclient.netty.request.NettyRequestSender - Using pooled Channel '[id: 0x593af363, L:/127.0.0.1:51749 - R:localhost/127.0.0.1:12528]' for 'POST' to 'http://localhost:12528/session/8520281d0c9fc8ef022406243e65f5d4/element/3b479458-579e-4e3f-9d21-613d77715969/click'
10:13:00.300 [Forwarding clickElement on session 8520281d0c9fc8ef022406243e65f5d4 to remote] DEBUG org.asynchttpclient.netty.request.NettyRequestSender - Using open Channel [id: 0x593af363, L:/127.0.0.1:51749 - R:localhost/127.0.0.1:12528] for POST '/session/8520281d0c9fc8ef022406243e65f5d4/element/3b479458-579e-4e3f-9d21-613d77715969/click'
10:13:00.345 [AsyncHttpClient-1-11] DEBUG org.asynchttpclient.netty.handler.HttpHandler - 

Request DefaultHttpRequest(decodeResult: success, version: HTTP/1.1)
POST /session/8520281d0c9fc8ef022406243e65f5d4/element/3b479458-579e-4e3f-9d21-613d77715969/click HTTP/1.1
User-Agent: selenium/4.8.1 (java windows)
Content-Length: 50
Content-Type: application/json; charset=utf-8
host: localhost:12528
accept: */*

Response DefaultHttpResponse(decodeResult: success, version: HTTP/1.1)
HTTP/1.1 200 OK
Content-Length: 14
Content-Type: application/json; charset=utf-8
cache-control: no-cache

10:13:00.345 [AsyncHttpClient-1-11] DEBUG org.asynchttpclient.netty.channel.ChannelManager - Adding key: http://localhost:12528 for channel [id: 0x593af363, L:/127.0.0.1:51749 - R:localhost/127.0.0.1:12528]
10:13:00.348 [Forwarding getAlertText on session 8520281d0c9fc8ef022406243e65f5d4 to remote] DEBUG org.asynchttpclient.netty.request.NettyRequestSender - Using pooled Channel '[id: 0x593af363, L:/127.0.0.1:51749 - R:localhost/127.0.0.1:12528]' for 'GET' to 'http://localhost:12528/session/8520281d0c9fc8ef022406243e65f5d4/alert/text'
10:13:00.348 [Forwarding getAlertText on session 8520281d0c9fc8ef022406243e65f5d4 to remote] DEBUG org.asynchttpclient.netty.request.NettyRequestSender - Using open Channel [id: 0x593af363, L:/127.0.0.1:51749 - R:localhost/127.0.0.1:12528] for GET '/session/8520281d0c9fc8ef022406243e65f5d4/alert/text'
10:13:00.349 [AsyncHttpClient-1-11] DEBUG org.asynchttpclient.netty.handler.HttpHandler - 

Request DefaultFullHttpRequest(decodeResult: success, version: HTTP/1.1, content: EmptyByteBufBE)
GET /session/8520281d0c9fc8ef022406243e65f5d4/alert/text HTTP/1.1
User-Agent: selenium/4.8.1 (java windows)
Cache-Control: no-cache
Content-Type: application/json; charset=utf-8
host: localhost:12528
accept: */*

Response DefaultHttpResponse(decodeResult: success, version: HTTP/1.1)
HTTP/1.1 404 Not Found
Content-Length: 836
Content-Type: application/json; charset=utf-8
cache-control: no-cache

10:13:00.349 [AsyncHttpClient-1-11] DEBUG org.asynchttpclient.netty.channel.ChannelManager - Adding key: http://localhost:12528 for channel [id: 0x593af363, L:/127.0.0.1:51749 - R:localhost/127.0.0.1:12528]
10:13:00.350 [Forwarding getCurrentUrl on session 8520281d0c9fc8ef022406243e65f5d4 to remote] DEBUG org.asynchttpclient.netty.request.NettyRequestSender - Using pooled Channel '[id: 0x593af363, L:/127.0.0.1:51749 - R:localhost/127.0.0.1:12528]' for 'GET' to 'http://localhost:12528/session/8520281d0c9fc8ef022406243e65f5d4/url'
10:13:00.350 [Forwarding getCurrentUrl on session 8520281d0c9fc8ef022406243e65f5d4 to remote] DEBUG org.asynchttpclient.netty.request.NettyRequestSender - Using open Channel [id: 0x593af363, L:/127.0.0.1:51749 - R:localhost/127.0.0.1:12528] for GET '/session/8520281d0c9fc8ef022406243e65f5d4/url'
10:13:00.354 [AsyncHttpClient-1-11] DEBUG org.asynchttpclient.netty.handler.HttpHandler - 

Request DefaultFullHttpRequest(decodeResult: success, version: HTTP/1.1, content: EmptyByteBufBE)
GET /session/8520281d0c9fc8ef022406243e65f5d4/url HTTP/1.1
User-Agent: selenium/4.8.1 (java windows)
Cache-Control: no-cache
Content-Type: application/json; charset=utf-8
host: localhost:12528
accept: */*

Response DefaultHttpResponse(decodeResult: success, version: HTTP/1.1)
HTTP/1.1 200 OK
Content-Length: 51
Content-Type: application/json; charset=utf-8
cache-control: no-cache

10:13:00.354 [AsyncHttpClient-1-11] DEBUG org.asynchttpclient.netty.channel.ChannelManager - Adding key: http://localhost:12528 for channel [id: 0x593af363, L:/127.0.0.1:51749 - R:localhost/127.0.0.1:12528]
10:13:00.354 [Forwarding screenshot on session 8520281d0c9fc8ef022406243e65f5d4 to remote] DEBUG org.asynchttpclient.netty.request.NettyRequestSender - Using pooled Channel '[id: 0x593af363, L:/127.0.0.1:51749 - R:localhost/127.0.0.1:12528]' for 'GET' to 'http://localhost:12528/session/8520281d0c9fc8ef022406243e65f5d4/screenshot'
10:13:00.354 [Forwarding screenshot on session 8520281d0c9fc8ef022406243e65f5d4 to remote] DEBUG org.asynchttpclient.netty.request.NettyRequestSender - Using open Channel [id: 0x593af363, L:/127.0.0.1:51749 - R:localhost/127.0.0.1:12528] for GET '/session/8520281d0c9fc8ef022406243e65f5d4/screenshot'
10:13:00.473 [AsyncHttpClient-1-11] DEBUG org.asynchttpclient.netty.handler.HttpHandler - 

Request DefaultFullHttpRequest(decodeResult: success, version: HTTP/1.1, content: EmptyByteBufBE)
GET /session/8520281d0c9fc8ef022406243e65f5d4/screenshot HTTP/1.1
User-Agent: selenium/4.8.1 (java windows)
Cache-Control: no-cache
Content-Type: application/json; charset=utf-8
host: localhost:12528
accept: */*

Response DefaultHttpResponse(decodeResult: success, version: HTTP/1.1)
HTTP/1.1 200 OK
Content-Length: 39320
Content-Type: application/json; charset=utf-8
cache-control: no-cache

10:13:00.474 [AsyncHttpClient-1-11] DEBUG org.asynchttpclient.netty.channel.ChannelManager - Adding key: http://localhost:12528 for channel [id: 0x593af363, L:/127.0.0.1:51749 - R:localhost/127.0.0.1:12528]
10:13:00.475 [main] DEBUG net.serenitybdd.core.photography.Darkroom - Send negative for processing for target\site\serenity\8419a18e936ca1b113d703c684ed5afa1e3aa8c31b537a399b9f7a4d5b8e0c40.png
10:13:00.475 [main] DEBUG net.thucydides.core.steps.StepInterceptor - STEP DONE: clickLoginButton
10:13:00.475 [Darkroom Processing Line] DEBUG net.serenitybdd.core.photography.DarkroomProcessingLine - Processing screenshot image in /var/screenshots/screenshot-7393580161127896106
10:13:00.475 [Darkroom Processing Line] DEBUG net.serenitybdd.core.photography.DarkroomProcessingLine - Saving screenshot to target\site\serenity\8419a18e936ca1b113d703c684ed5afa1e3aa8c31b537a399b9f7a4d5b8e0c40.png
10:13:00.480 [Forwarding getPageSource on session 8520281d0c9fc8ef022406243e65f5d4 to remote] DEBUG org.asynchttpclient.netty.request.NettyRequestSender - Using pooled Channel '[id: 0x593af363, L:/127.0.0.1:51749 - R:localhost/127.0.0.1:12528]' for 'POST' to 'http://localhost:12528/session/8520281d0c9fc8ef022406243e65f5d4/execute/sync'
10:13:00.480 [Forwarding getPageSource on session 8520281d0c9fc8ef022406243e65f5d4 to remote] DEBUG org.asynchttpclient.netty.request.NettyRequestSender - Using open Channel [id: 0x593af363, L:/127.0.0.1:51749 - R:localhost/127.0.0.1:12528] for POST '/session/8520281d0c9fc8ef022406243e65f5d4/execute/sync'
10:13:00.484 [AsyncHttpClient-1-11] DEBUG org.asynchttpclient.netty.handler.HttpHandler - 

Request DefaultHttpRequest(decodeResult: success, version: HTTP/1.1)
POST /session/8520281d0c9fc8ef022406243e65f5d4/execute/sync HTTP/1.1
User-Agent: selenium/4.8.1 (java windows)
Content-Length: 176
Content-Type: application/json; charset=utf-8
host: localhost:12528
accept: */*

Response DefaultHttpResponse(decodeResult: success, version: HTTP/1.1)
HTTP/1.1 200 OK
Content-Length: 22119
Content-Type: application/json; charset=utf-8
cache-control: no-cache

10:13:00.484 [AsyncHttpClient-1-11] DEBUG org.asynchttpclient.netty.channel.ChannelManager - Adding key: http://localhost:12528 for channel [id: 0x593af363, L:/127.0.0.1:51749 - R:localhost/127.0.0.1:12528]
10:13:00.485 [Forwarding getCurrentUrl on session 8520281d0c9fc8ef022406243e65f5d4 to remote] DEBUG org.asynchttpclient.netty.request.NettyRequestSender - Using pooled Channel '[id: 0x593af363, L:/127.0.0.1:51749 - R:localhost/127.0.0.1:12528]' for 'GET' to 'http://localhost:12528/session/8520281d0c9fc8ef022406243e65f5d4/url'
10:13:00.485 [Forwarding getCurrentUrl on session 8520281d0c9fc8ef022406243e65f5d4 to remote] DEBUG org.asynchttpclient.netty.request.NettyRequestSender - Using open Channel [id: 0x593af363, L:/127.0.0.1:51749 - R:localhost/127.0.0.1:12528] for GET '/session/8520281d0c9fc8ef022406243e65f5d4/url'
10:13:00.487 [AsyncHttpClient-1-11] DEBUG org.asynchttpclient.netty.handler.HttpHandler - 

Request DefaultFullHttpRequest(decodeResult: success, version: HTTP/1.1, content: EmptyByteBufBE)
GET /session/8520281d0c9fc8ef022406243e65f5d4/url HTTP/1.1
User-Agent: selenium/4.8.1 (java windows)
Cache-Control: no-cache
Content-Type: application/json; charset=utf-8
host: localhost:12528
accept: */*

Response DefaultHttpResponse(decodeResult: success, version: HTTP/1.1)
HTTP/1.1 200 OK
Content-Length: 51
Content-Type: application/json; charset=utf-8
cache-control: no-cache

10:13:00.488 [AsyncHttpClient-1-11] DEBUG org.asynchttpclient.netty.channel.ChannelManager - Adding key: http://localhost:12528 for channel [id: 0x593af363, L:/127.0.0.1:51749 - R:localhost/127.0.0.1:12528]
10:13:00.489 [main] DEBUG net.thucydides.core.steps.StepInterceptor - STARTING STEP: ProductSteps.onTheHomePage - validateOnHomePage
10:13:00.490 [Forwarding findElement on session 8520281d0c9fc8ef022406243e65f5d4 to remote] DEBUG org.asynchttpclient.netty.request.NettyRequestSender - Using pooled Channel '[id: 0x593af363, L:/127.0.0.1:51749 - R:localhost/127.0.0.1:12528]' for 'POST' to 'http://localhost:12528/session/8520281d0c9fc8ef022406243e65f5d4/element'
10:13:00.490 [Forwarding findElement on session 8520281d0c9fc8ef022406243e65f5d4 to remote] DEBUG org.asynchttpclient.netty.request.NettyRequestSender - Using open Channel [id: 0x593af363, L:/127.0.0.1:51749 - R:localhost/127.0.0.1:12528] for POST '/session/8520281d0c9fc8ef022406243e65f5d4/element'
10:13:00.640 [AsyncHttpClient-1-11] DEBUG org.asynchttpclient.netty.handler.HttpHandler - 

Request DefaultHttpRequest(decodeResult: success, version: HTTP/1.1)
POST /session/8520281d0c9fc8ef022406243e65f5d4/element HTTP/1.1
User-Agent: selenium/4.8.1 (java windows)
Content-Length: 54
Content-Type: application/json; charset=utf-8
host: localhost:12528
accept: */*

Response DefaultHttpResponse(decodeResult: success, version: HTTP/1.1)
HTTP/1.1 200 OK
Content-Length: 88
Content-Type: application/json; charset=utf-8
cache-control: no-cache

10:13:00.640 [AsyncHttpClient-1-11] DEBUG org.asynchttpclient.netty.channel.ChannelManager - Adding key: http://localhost:12528 for channel [id: 0x593af363, L:/127.0.0.1:51749 - R:localhost/127.0.0.1:12528]
10:13:00.643 [Forwarding isElementDisplayed on session 8520281d0c9fc8ef022406243e65f5d4 to remote] DEBUG org.asynchttpclient.netty.request.NettyRequestSender - Using pooled Channel '[id: 0x593af363, L:/127.0.0.1:51749 - R:localhost/127.0.0.1:12528]' for 'POST' to 'http://localhost:12528/session/8520281d0c9fc8ef022406243e65f5d4/execute/sync'
10:13:00.643 [Forwarding isElementDisplayed on session 8520281d0c9fc8ef022406243e65f5d4 to remote] DEBUG org.asynchttpclient.netty.request.NettyRequestSender - Using open Channel [id: 0x593af363, L:/127.0.0.1:51749 - R:localhost/127.0.0.1:12528] for POST '/session/8520281d0c9fc8ef022406243e65f5d4/execute/sync'
10:13:00.655 [AsyncHttpClient-1-11] DEBUG org.asynchttpclient.netty.handler.HttpHandler - 

Request DefaultHttpRequest(decodeResult: success, version: HTTP/1.1)
POST /session/8520281d0c9fc8ef022406243e65f5d4/execute/sync HTTP/1.1
User-Agent: selenium/4.8.1 (java windows)
Content-Length: 48807
Content-Type: application/json; charset=utf-8
host: localhost:12528
accept: */*

Response DefaultHttpResponse(decodeResult: success, version: HTTP/1.1)
HTTP/1.1 200 OK
Content-Length: 14
Content-Type: application/json; charset=utf-8
cache-control: no-cache

10:13:00.655 [AsyncHttpClient-1-11] DEBUG org.asynchttpclient.netty.channel.ChannelManager - Adding key: http://localhost:12528 for channel [id: 0x593af363, L:/127.0.0.1:51749 - R:localhost/127.0.0.1:12528]
10:13:00.660 [Forwarding getAlertText on session 8520281d0c9fc8ef022406243e65f5d4 to remote] DEBUG org.asynchttpclient.netty.request.NettyRequestSender - Using pooled Channel '[id: 0x593af363, L:/127.0.0.1:51749 - R:localhost/127.0.0.1:12528]' for 'GET' to 'http://localhost:12528/session/8520281d0c9fc8ef022406243e65f5d4/alert/text'
10:13:00.660 [Forwarding getAlertText on session 8520281d0c9fc8ef022406243e65f5d4 to remote] DEBUG org.asynchttpclient.netty.request.NettyRequestSender - Using open Channel [id: 0x593af363, L:/127.0.0.1:51749 - R:localhost/127.0.0.1:12528] for GET '/session/8520281d0c9fc8ef022406243e65f5d4/alert/text'
10:13:00.661 [AsyncHttpClient-1-11] DEBUG org.asynchttpclient.netty.handler.HttpHandler - 

Request DefaultFullHttpRequest(decodeResult: success, version: HTTP/1.1, content: EmptyByteBufBE)
GET /session/8520281d0c9fc8ef022406243e65f5d4/alert/text HTTP/1.1
User-Agent: selenium/4.8.1 (java windows)
Cache-Control: no-cache
Content-Type: application/json; charset=utf-8
host: localhost:12528
accept: */*

Response DefaultHttpResponse(decodeResult: success, version: HTTP/1.1)
HTTP/1.1 404 Not Found
Content-Length: 836
Content-Type: application/json; charset=utf-8
cache-control: no-cache

10:13:00.661 [AsyncHttpClient-1-11] DEBUG org.asynchttpclient.netty.channel.ChannelManager - Adding key: http://localhost:12528 for channel [id: 0x593af363, L:/127.0.0.1:51749 - R:localhost/127.0.0.1:12528]
10:13:00.662 [Forwarding getCurrentUrl on session 8520281d0c9fc8ef022406243e65f5d4 to remote] DEBUG org.asynchttpclient.netty.request.NettyRequestSender - Using pooled Channel '[id: 0x593af363, L:/127.0.0.1:51749 - R:localhost/127.0.0.1:12528]' for 'GET' to 'http://localhost:12528/session/8520281d0c9fc8ef022406243e65f5d4/url'
10:13:00.662 [Forwarding getCurrentUrl on session 8520281d0c9fc8ef022406243e65f5d4 to remote] DEBUG org.asynchttpclient.netty.request.NettyRequestSender - Using open Channel [id: 0x593af363, L:/127.0.0.1:51749 - R:localhost/127.0.0.1:12528] for GET '/session/8520281d0c9fc8ef022406243e65f5d4/url'
10:13:00.665 [AsyncHttpClient-1-11] DEBUG org.asynchttpclient.netty.handler.HttpHandler - 

Request DefaultFullHttpRequest(decodeResult: success, version: HTTP/1.1, content: EmptyByteBufBE)
GET /session/8520281d0c9fc8ef022406243e65f5d4/url HTTP/1.1
User-Agent: selenium/4.8.1 (java windows)
Cache-Control: no-cache
Content-Type: application/json; charset=utf-8
host: localhost:12528
accept: */*

Response DefaultHttpResponse(decodeResult: success, version: HTTP/1.1)
HTTP/1.1 200 OK
Content-Length: 41
Content-Type: application/json; charset=utf-8
cache-control: no-cache

10:13:00.665 [AsyncHttpClient-1-11] DEBUG org.asynchttpclient.netty.channel.ChannelManager - Adding key: http://localhost:12528 for channel [id: 0x593af363, L:/127.0.0.1:51749 - R:localhost/127.0.0.1:12528]
10:13:00.665 [Forwarding screenshot on session 8520281d0c9fc8ef022406243e65f5d4 to remote] DEBUG org.asynchttpclient.netty.request.NettyRequestSender - Using pooled Channel '[id: 0x593af363, L:/127.0.0.1:51749 - R:localhost/127.0.0.1:12528]' for 'GET' to 'http://localhost:12528/session/8520281d0c9fc8ef022406243e65f5d4/screenshot'
10:13:00.665 [Forwarding screenshot on session 8520281d0c9fc8ef022406243e65f5d4 to remote] DEBUG org.asynchttpclient.netty.request.NettyRequestSender - Using open Channel [id: 0x593af363, L:/127.0.0.1:51749 - R:localhost/127.0.0.1:12528] for GET '/session/8520281d0c9fc8ef022406243e65f5d4/screenshot'
10:13:00.828 [AsyncHttpClient-1-11] DEBUG org.asynchttpclient.netty.handler.HttpHandler - 

Request DefaultFullHttpRequest(decodeResult: success, version: HTTP/1.1, content: EmptyByteBufBE)
GET /session/8520281d0c9fc8ef022406243e65f5d4/screenshot HTTP/1.1
User-Agent: selenium/4.8.1 (java windows)
Cache-Control: no-cache
Content-Type: application/json; charset=utf-8
host: localhost:12528
accept: */*

Response DefaultHttpResponse(decodeResult: success, version: HTTP/1.1)
HTTP/1.1 200 OK
Content-Length: 29824
Content-Type: application/json; charset=utf-8
cache-control: no-cache

10:13:00.828 [AsyncHttpClient-1-11] DEBUG org.asynchttpclient.netty.channel.ChannelManager - Adding key: http://localhost:12528 for channel [id: 0x593af363, L:/127.0.0.1:51749 - R:localhost/127.0.0.1:12528]
10:13:00.829 [main] DEBUG net.serenitybdd.core.photography.Darkroom - Send negative for processing for target\site\serenity\d47bbfdb0b7f8a98018f77e617ca75fef40ee814605795cc8aab4bcd25ddb8e0.png
10:13:00.829 [main] DEBUG net.thucydides.core.steps.StepInterceptor - STEP DONE: validateOnHomePage
  &amp#27;[32mGiven &amp#27;[0m&amp#27;[32mI already login and go to the alta-shop home page&amp#27;[0m &amp#27;[90m# starter.stepdefinitions.ProductSteps.onTheHomePage()&amp#27;[0m
10:13:00.829 [Darkroom Processing Line] DEBUG net.serenitybdd.core.photography.DarkroomProcessingLine - Processing screenshot image in /var/screenshots/screenshot-17190260094138330579
10:13:00.830 [Darkroom Processing Line] DEBUG net.serenitybdd.core.photography.DarkroomProcessingLine - Saving screenshot to target\site\serenity\d47bbfdb0b7f8a98018f77e617ca75fef40ee814605795cc8aab4bcd25ddb8e0.png
10:13:00.837 [Forwarding getPageSource on session 8520281d0c9fc8ef022406243e65f5d4 to remote] DEBUG org.asynchttpclient.netty.request.NettyRequestSender - Using pooled Channel '[id: 0x593af363, L:/127.0.0.1:51749 - R:localhost/127.0.0.1:12528]' for 'POST' to 'http://localhost:12528/session/8520281d0c9fc8ef022406243e65f5d4/execute/sync'
10:13:00.837 [Forwarding getPageSource on session 8520281d0c9fc8ef022406243e65f5d4 to remote] DEBUG org.asynchttpclient.netty.request.NettyRequestSender - Using open Channel [id: 0x593af363, L:/127.0.0.1:51749 - R:localhost/127.0.0.1:12528] for POST '/session/8520281d0c9fc8ef022406243e65f5d4/execute/sync'
10:13:00.841 [AsyncHttpClient-1-11] DEBUG org.asynchttpclient.netty.handler.HttpHandler - 

Request DefaultHttpRequest(decodeResult: success, version: HTTP/1.1)
POST /session/8520281d0c9fc8ef022406243e65f5d4/execute/sync HTTP/1.1
User-Agent: selenium/4.8.1 (java windows)
Content-Length: 176
Content-Type: application/json; charset=utf-8
host: localhost:12528
accept: */*

Response DefaultHttpResponse(decodeResult: success, version: HTTP/1.1)
HTTP/1.1 200 OK
Content-Length: 28798
Content-Type: application/json; charset=utf-8
cache-control: no-cache

10:13:00.841 [AsyncHttpClient-1-11] DEBUG org.asynchttpclient.netty.channel.ChannelManager - Adding key: http://localhost:12528 for channel [id: 0x593af363, L:/127.0.0.1:51749 - R:localhost/127.0.0.1:12528]
10:13:00.844 [Forwarding getCurrentUrl on session 8520281d0c9fc8ef022406243e65f5d4 to remote] DEBUG org.asynchttpclient.netty.request.NettyRequestSender - Using pooled Channel '[id: 0x593af363, L:/127.0.0.1:51749 - R:localhost/127.0.0.1:12528]' for 'GET' to 'http://localhost:12528/session/8520281d0c9fc8ef022406243e65f5d4/url'
10:13:00.844 [Forwarding getCurrentUrl on session 8520281d0c9fc8ef022406243e65f5d4 to remote] DEBUG org.asynchttpclient.netty.request.NettyRequestSender - Using open Channel [id: 0x593af363, L:/127.0.0.1:51749 - R:localhost/127.0.0.1:12528] for GET '/session/8520281d0c9fc8ef022406243e65f5d4/url'
10:13:00.847 [AsyncHttpClient-1-11] DEBUG org.asynchttpclient.netty.handler.HttpHandler - 

Request DefaultFullHttpRequest(decodeResult: success, version: HTTP/1.1, content: EmptyByteBufBE)
GET /session/8520281d0c9fc8ef022406243e65f5d4/url HTTP/1.1
User-Agent: selenium/4.8.1 (java windows)
Cache-Control: no-cache
Content-Type: application/json; charset=utf-8
host: localhost:12528
accept: */*

Response DefaultHttpResponse(decodeResult: success, version: HTTP/1.1)
HTTP/1.1 200 OK
Content-Length: 41
Content-Type: application/json; charset=utf-8
cache-control: no-cache

10:13:00.847 [AsyncHttpClient-1-11] DEBUG org.asynchttpclient.netty.channel.ChannelManager - Adding key: http://localhost:12528 for channel [id: 0x593af363, L:/127.0.0.1:51749 - R:localhost/127.0.0.1:12528]
10:13:00.853 [Forwarding getPageSource on session 8520281d0c9fc8ef022406243e65f5d4 to remote] DEBUG org.asynchttpclient.netty.request.NettyRequestSender - Using pooled Channel '[id: 0x593af363, L:/127.0.0.1:51749 - R:localhost/127.0.0.1:12528]' for 'POST' to 'http://localhost:12528/session/8520281d0c9fc8ef022406243e65f5d4/execute/sync'
10:13:00.853 [Forwarding getPageSource on session 8520281d0c9fc8ef022406243e65f5d4 to remote] DEBUG org.asynchttpclient.netty.request.NettyRequestSender - Using open Channel [id: 0x593af363, L:/127.0.0.1:51749 - R:localhost/127.0.0.1:12528] for POST '/session/8520281d0c9fc8ef022406243e65f5d4/execute/sync'
10:13:00.857 [AsyncHttpClient-1-11] DEBUG org.asynchttpclient.netty.handler.HttpHandler - 

Request DefaultHttpRequest(decodeResult: success, version: HTTP/1.1)
POST /session/8520281d0c9fc8ef022406243e65f5d4/execute/sync HTTP/1.1
User-Agent: selenium/4.8.1 (java windows)
Content-Length: 176
Content-Type: application/json; charset=utf-8
host: localhost:12528
accept: */*

Response DefaultHttpResponse(decodeResult: success, version: HTTP/1.1)
HTTP/1.1 200 OK
Content-Length: 28798
Content-Type: application/json; charset=utf-8
cache-control: no-cache

10:13:00.857 [AsyncHttpClient-1-11] DEBUG org.asynchttpclient.netty.channel.ChannelManager - Adding key: http://localhost:12528 for channel [id: 0x593af363, L:/127.0.0.1:51749 - R:localhost/127.0.0.1:12528]
10:13:00.860 [Forwarding getCurrentUrl on session 8520281d0c9fc8ef022406243e65f5d4 to remote] DEBUG org.asynchttpclient.netty.request.NettyRequestSender - Using pooled Channel '[id: 0x593af363, L:/127.0.0.1:51749 - R:localhost/127.0.0.1:12528]' for 'GET' to 'http://localhost:12528/session/8520281d0c9fc8ef022406243e65f5d4/url'
10:13:00.860 [Forwarding getCurrentUrl on session 8520281d0c9fc8ef022406243e65f5d4 to remote] DEBUG org.asynchttpclient.netty.request.NettyRequestSender - Using open Channel [id: 0x593af363, L:/127.0.0.1:51749 - R:localhost/127.0.0.1:12528] for GET '/session/8520281d0c9fc8ef022406243e65f5d4/url'
10:13:00.863 [AsyncHttpClient-1-11] DEBUG org.asynchttpclient.netty.handler.HttpHandler - 

Request DefaultFullHttpRequest(decodeResult: success, version: HTTP/1.1, content: EmptyByteBufBE)
GET /session/8520281d0c9fc8ef022406243e65f5d4/url HTTP/1.1
User-Agent: selenium/4.8.1 (java windows)
Cache-Control: no-cache
Content-Type: application/json; charset=utf-8
host: localhost:12528
accept: */*

Response DefaultHttpResponse(decodeResult: success, version: HTTP/1.1)
HTTP/1.1 200 OK
Content-Length: 41
Content-Type: application/json; charset=utf-8
cache-control: no-cache

10:13:00.863 [AsyncHttpClient-1-11] DEBUG org.asynchttpclient.netty.channel.ChannelManager - Adding key: http://localhost:12528 for channel [id: 0x593af363, L:/127.0.0.1:51749 - R:localhost/127.0.0.1:12528]
10:13:00.863 [main] DEBUG net.thucydides.core.steps.StepInterceptor - STARTING STEP: ProductSteps.chooseTheProduct - validateTheProduct
10:13:00.872 [Forwarding findElement on session 8520281d0c9fc8ef022406243e65f5d4 to remote] DEBUG org.asynchttpclient.netty.request.NettyRequestSender - Using pooled Channel '[id: 0x593af363, L:/127.0.0.1:51749 - R:localhost/127.0.0.1:12528]' for 'POST' to 'http://localhost:12528/session/8520281d0c9fc8ef022406243e65f5d4/element'
10:13:00.872 [Forwarding findElement on session 8520281d0c9fc8ef022406243e65f5d4 to remote] DEBUG org.asynchttpclient.netty.request.NettyRequestSender - Using open Channel [id: 0x593af363, L:/127.0.0.1:51749 - R:localhost/127.0.0.1:12528] for POST '/session/8520281d0c9fc8ef022406243e65f5d4/element'
10:13:01.193 [AsyncHttpClient-1-1] DEBUG org.asynchttpclient.netty.channel.DefaultChannelPool - Entry count for : http://localhost:51750 : 1
10:13:02.300 [AsyncHttpClient-1-1] DEBUG org.asynchttpclient.netty.channel.DefaultChannelPool - Entry count for : http://localhost:51750 : 1
10:13:03.394 [AsyncHttpClient-1-1] DEBUG org.asynchttpclient.netty.channel.DefaultChannelPool - Entry count for : http://localhost:51750 : 1
10:13:03.621 [AsyncHttpClient-1-11] DEBUG org.asynchttpclient.netty.handler.HttpHandler - 

Request DefaultHttpRequest(decodeResult: success, version: HTTP/1.1)
POST /session/8520281d0c9fc8ef022406243e65f5d4/element HTTP/1.1
User-Agent: selenium/4.8.1 (java windows)
Content-Length: 54
Content-Type: application/json; charset=utf-8
host: localhost:12528
accept: */*

Response DefaultHttpResponse(decodeResult: success, version: HTTP/1.1)
HTTP/1.1 200 OK
Content-Length: 88
Content-Type: application/json; charset=utf-8
cache-control: no-cache

10:13:03.621 [AsyncHttpClient-1-11] DEBUG org.asynchttpclient.netty.channel.ChannelManager - Adding key: http://localhost:12528 for channel [id: 0x593af363, L:/127.0.0.1:51749 - R:localhost/127.0.0.1:12528]
10:13:03.623 [Forwarding isElementDisplayed on session 8520281d0c9fc8ef022406243e65f5d4 to remote] DEBUG org.asynchttpclient.netty.request.NettyRequestSender - Using pooled Channel '[id: 0x593af363, L:/127.0.0.1:51749 - R:localhost/127.0.0.1:12528]' for 'POST' to 'http://localhost:12528/session/8520281d0c9fc8ef022406243e65f5d4/execute/sync'
10:13:03.623 [Forwarding isElementDisplayed on session 8520281d0c9fc8ef022406243e65f5d4 to remote] DEBUG org.asynchttpclient.netty.request.NettyRequestSender - Using open Channel [id: 0x593af363, L:/127.0.0.1:51749 - R:localhost/127.0.0.1:12528] for POST '/session/8520281d0c9fc8ef022406243e65f5d4/execute/sync'
10:13:03.640 [AsyncHttpClient-1-11] DEBUG org.asynchttpclient.netty.handler.HttpHandler - 

Request DefaultHttpRequest(decodeResult: success, version: HTTP/1.1)
POST /session/8520281d0c9fc8ef022406243e65f5d4/execute/sync HTTP/1.1
User-Agent: selenium/4.8.1 (java windows)
Content-Length: 48807
Content-Type: application/json; charset=utf-8
host: localhost:12528
accept: */*

Response DefaultHttpResponse(decodeResult: success, version: HTTP/1.1)
HTTP/1.1 200 OK
Content-Length: 14
Content-Type: application/json; charset=utf-8
cache-control: no-cache

10:13:03.640 [AsyncHttpClient-1-11] DEBUG org.asynchttpclient.netty.channel.ChannelManager - Adding key: http://localhost:12528 for channel [id: 0x593af363, L:/127.0.0.1:51749 - R:localhost/127.0.0.1:12528]
10:13:03.647 [Forwarding getAlertText on session 8520281d0c9fc8ef022406243e65f5d4 to remote] DEBUG org.asynchttpclient.netty.request.NettyRequestSender - Using pooled Channel '[id: 0x593af363, L:/127.0.0.1:51749 - R:localhost/127.0.0.1:12528]' for 'GET' to 'http://localhost:12528/session/8520281d0c9fc8ef022406243e65f5d4/alert/text'
10:13:03.647 [Forwarding getAlertText on session 8520281d0c9fc8ef022406243e65f5d4 to remote] DEBUG org.asynchttpclient.netty.request.NettyRequestSender - Using open Channel [id: 0x593af363, L:/127.0.0.1:51749 - R:localhost/127.0.0.1:12528] for GET '/session/8520281d0c9fc8ef022406243e65f5d4/alert/text'
10:13:03.648 [AsyncHttpClient-1-11] DEBUG org.asynchttpclient.netty.handler.HttpHandler - 

Request DefaultFullHttpRequest(decodeResult: success, version: HTTP/1.1, content: EmptyByteBufBE)
GET /session/8520281d0c9fc8ef022406243e65f5d4/alert/text HTTP/1.1
User-Agent: selenium/4.8.1 (java windows)
Cache-Control: no-cache
Content-Type: application/json; charset=utf-8
host: localhost:12528
accept: */*

Response DefaultHttpResponse(decodeResult: success, version: HTTP/1.1)
HTTP/1.1 404 Not Found
Content-Length: 836
Content-Type: application/json; charset=utf-8
cache-control: no-cache

10:13:03.648 [AsyncHttpClient-1-11] DEBUG org.asynchttpclient.netty.channel.ChannelManager - Adding key: http://localhost:12528 for channel [id: 0x593af363, L:/127.0.0.1:51749 - R:localhost/127.0.0.1:12528]
10:13:03.649 [Forwarding getCurrentUrl on session 8520281d0c9fc8ef022406243e65f5d4 to remote] DEBUG org.asynchttpclient.netty.request.NettyRequestSender - Using pooled Channel '[id: 0x593af363, L:/127.0.0.1:51749 - R:localhost/127.0.0.1:12528]' for 'GET' to 'http://localhost:12528/session/8520281d0c9fc8ef022406243e65f5d4/url'
10:13:03.650 [Forwarding getCurrentUrl on session 8520281d0c9fc8ef022406243e65f5d4 to remote] DEBUG org.asynchttpclient.netty.request.NettyRequestSender - Using open Channel [id: 0x593af363, L:/127.0.0.1:51749 - R:localhost/127.0.0.1:12528] for GET '/session/8520281d0c9fc8ef022406243e65f5d4/url'
10:13:03.653 [AsyncHttpClient-1-11] DEBUG org.asynchttpclient.netty.handler.HttpHandler - 

Request DefaultFullHttpRequest(decodeResult: success, version: HTTP/1.1, content: EmptyByteBufBE)
GET /session/8520281d0c9fc8ef022406243e65f5d4/url HTTP/1.1
User-Agent: selenium/4.8.1 (java windows)
Cache-Control: no-cache
Content-Type: application/json; charset=utf-8
host: localhost:12528
accept: */*

Response DefaultHttpResponse(decodeResult: success, version: HTTP/1.1)
HTTP/1.1 200 OK
Content-Length: 41
Content-Type: application/json; charset=utf-8
cache-control: no-cache

10:13:03.653 [AsyncHttpClient-1-11] DEBUG org.asynchttpclient.netty.channel.ChannelManager - Adding key: http://localhost:12528 for channel [id: 0x593af363, L:/127.0.0.1:51749 - R:localhost/127.0.0.1:12528]
10:13:03.654 [Forwarding screenshot on session 8520281d0c9fc8ef022406243e65f5d4 to remote] DEBUG org.asynchttpclient.netty.request.NettyRequestSender - Using pooled Channel '[id: 0x593af363, L:/127.0.0.1:51749 - R:localhost/127.0.0.1:12528]' for 'GET' to 'http://localhost:12528/session/8520281d0c9fc8ef022406243e65f5d4/screenshot'
10:13:03.654 [Forwarding screenshot on session 8520281d0c9fc8ef022406243e65f5d4 to remote] DEBUG org.asynchttpclient.netty.request.NettyRequestSender - Using open Channel [id: 0x593af363, L:/127.0.0.1:51749 - R:localhost/127.0.0.1:12528] for GET '/session/8520281d0c9fc8ef022406243e65f5d4/screenshot'
10:13:03.783 [AsyncHttpClient-1-11] DEBUG org.asynchttpclient.netty.handler.HttpHandler - 

Request DefaultFullHttpRequest(decodeResult: success, version: HTTP/1.1, content: EmptyByteBufBE)
GET /session/8520281d0c9fc8ef022406243e65f5d4/screenshot HTTP/1.1
User-Agent: selenium/4.8.1 (java windows)
Cache-Control: no-cache
Content-Type: application/json; charset=utf-8
host: localhost:12528
accept: */*

Response DefaultHttpResponse(decodeResult: success, version: HTTP/1.1)
HTTP/1.1 200 OK
Content-Length: 79368
Content-Type: application/json; charset=utf-8
cache-control: no-cache

10:13:03.784 [AsyncHttpClient-1-11] DEBUG org.asynchttpclient.netty.channel.ChannelManager - Adding key: http://localhost:12528 for channel [id: 0x593af363, L:/127.0.0.1:51749 - R:localhost/127.0.0.1:12528]
10:13:03.785 [main] DEBUG net.serenitybdd.core.photography.Darkroom - Send negative for processing for target\site\serenity\cf8b929ae7e179adf2d284e332c55f660ab86f86365a9698c40669a3d5a1d44a.png
10:13:03.786 [main] DEBUG net.thucydides.core.steps.StepInterceptor - STEP DONE: validateTheProduct
  &amp#27;[32mAnd &amp#27;[0m&amp#27;[32mI choose the product&amp#27;[0m                                &amp#27;[90m# starter.stepdefinitions.ProductSteps.chooseTheProduct()&amp#27;[0m
10:13:03.786 [Darkroom Processing Line] DEBUG net.serenitybdd.core.photography.DarkroomProcessingLine - Processing screenshot image in /var/screenshots/screenshot-4593842825687316574
10:13:03.786 [Darkroom Processing Line] DEBUG net.serenitybdd.core.photography.DarkroomProcessingLine - Saving screenshot to target\site\serenity\cf8b929ae7e179adf2d284e332c55f660ab86f86365a9698c40669a3d5a1d44a.png
10:13:03.792 [Forwarding getPageSource on session 8520281d0c9fc8ef022406243e65f5d4 to remote] DEBUG org.asynchttpclient.netty.request.NettyRequestSender - Using pooled Channel '[id: 0x593af363, L:/127.0.0.1:51749 - R:localhost/127.0.0.1:12528]' for 'POST' to 'http://localhost:12528/session/8520281d0c9fc8ef022406243e65f5d4/execute/sync'
10:13:03.792 [Forwarding getPageSource on session 8520281d0c9fc8ef022406243e65f5d4 to remote] DEBUG org.asynchttpclient.netty.request.NettyRequestSender - Using open Channel [id: 0x593af363, L:/127.0.0.1:51749 - R:localhost/127.0.0.1:12528] for POST '/session/8520281d0c9fc8ef022406243e65f5d4/execute/sync'
10:13:03.810 [AsyncHttpClient-1-11] DEBUG org.asynchttpclient.netty.handler.HttpHandler - 

Request DefaultHttpRequest(decodeResult: success, version: HTTP/1.1)
POST /session/8520281d0c9fc8ef022406243e65f5d4/execute/sync HTTP/1.1
User-Agent: selenium/4.8.1 (java windows)
Content-Length: 176
Content-Type: application/json; charset=utf-8
host: localhost:12528
accept: */*

Response DefaultHttpResponse(decodeResult: success, version: HTTP/1.1)
HTTP/1.1 200 OK
Content-Length: 290004
Content-Type: application/json; charset=utf-8
cache-control: no-cache

10:13:03.810 [AsyncHttpClient-1-11] DEBUG org.asynchttpclient.netty.channel.ChannelManager - Adding key: http://localhost:12528 for channel [id: 0x593af363, L:/127.0.0.1:51749 - R:localhost/127.0.0.1:12528]
10:13:03.830 [Forwarding getCurrentUrl on session 8520281d0c9fc8ef022406243e65f5d4 to remote] DEBUG org.asynchttpclient.netty.request.NettyRequestSender - Using pooled Channel '[id: 0x593af363, L:/127.0.0.1:51749 - R:localhost/127.0.0.1:12528]' for 'GET' to 'http://localhost:12528/session/8520281d0c9fc8ef022406243e65f5d4/url'
10:13:03.831 [Forwarding getCurrentUrl on session 8520281d0c9fc8ef022406243e65f5d4 to remote] DEBUG org.asynchttpclient.netty.request.NettyRequestSender - Using open Channel [id: 0x593af363, L:/127.0.0.1:51749 - R:localhost/127.0.0.1:12528] for GET '/session/8520281d0c9fc8ef022406243e65f5d4/url'
10:13:03.833 [AsyncHttpClient-1-11] DEBUG org.asynchttpclient.netty.handler.HttpHandler - 

Request DefaultFullHttpRequest(decodeResult: success, version: HTTP/1.1, content: EmptyByteBufBE)
GET /session/8520281d0c9fc8ef022406243e65f5d4/url HTTP/1.1
User-Agent: selenium/4.8.1 (java windows)
Cache-Control: no-cache
Content-Type: application/json; charset=utf-8
host: localhost:12528
accept: */*

Response DefaultHttpResponse(decodeResult: success, version: HTTP/1.1)
HTTP/1.1 200 OK
Content-Length: 41
Content-Type: application/json; charset=utf-8
cache-control: no-cache

10:13:03.833 [AsyncHttpClient-1-11] DEBUG org.asynchttpclient.netty.channel.ChannelManager - Adding key: http://localhost:12528 for channel [id: 0x593af363, L:/127.0.0.1:51749 - R:localhost/127.0.0.1:12528]
10:13:03.840 [Forwarding getAlertText on session 8520281d0c9fc8ef022406243e65f5d4 to remote] DEBUG org.asynchttpclient.netty.request.NettyRequestSender - Using pooled Channel '[id: 0x593af363, L:/127.0.0.1:51749 - R:localhost/127.0.0.1:12528]' for 'GET' to 'http://localhost:12528/session/8520281d0c9fc8ef022406243e65f5d4/alert/text'
10:13:03.840 [Forwarding getAlertText on session 8520281d0c9fc8ef022406243e65f5d4 to remote] DEBUG org.asynchttpclient.netty.request.NettyRequestSender - Using open Channel [id: 0x593af363, L:/127.0.0.1:51749 - R:localhost/127.0.0.1:12528] for GET '/session/8520281d0c9fc8ef022406243e65f5d4/alert/text'
10:13:03.841 [AsyncHttpClient-1-11] DEBUG org.asynchttpclient.netty.handler.HttpHandler - 

Request DefaultFullHttpRequest(decodeResult: success, version: HTTP/1.1, content: EmptyByteBufBE)
GET /session/8520281d0c9fc8ef022406243e65f5d4/alert/text HTTP/1.1
User-Agent: selenium/4.8.1 (java windows)
Cache-Control: no-cache
Content-Type: application/json; charset=utf-8
host: localhost:12528
accept: */*

Response DefaultHttpResponse(decodeResult: success, version: HTTP/1.1)
HTTP/1.1 404 Not Found
Content-Length: 836
Content-Type: application/json; charset=utf-8
cache-control: no-cache

10:13:03.841 [AsyncHttpClient-1-11] DEBUG org.asynchttpclient.netty.channel.ChannelManager - Adding key: http://localhost:12528 for channel [id: 0x593af363, L:/127.0.0.1:51749 - R:localhost/127.0.0.1:12528]
10:13:03.841 [Forwarding getCurrentUrl on session 8520281d0c9fc8ef022406243e65f5d4 to remote] DEBUG org.asynchttpclient.netty.request.NettyRequestSender - Using pooled Channel '[id: 0x593af363, L:/127.0.0.1:51749 - R:localhost/127.0.0.1:12528]' for 'GET' to 'http://localhost:12528/session/8520281d0c9fc8ef022406243e65f5d4/url'
10:13:03.841 [Forwarding getCurrentUrl on session 8520281d0c9fc8ef022406243e65f5d4 to remote] DEBUG org.asynchttpclient.netty.request.NettyRequestSender - Using open Channel [id: 0x593af363, L:/127.0.0.1:51749 - R:localhost/127.0.0.1:12528] for GET '/session/8520281d0c9fc8ef022406243e65f5d4/url'
10:13:03.844 [AsyncHttpClient-1-11] DEBUG org.asynchttpclient.netty.handler.HttpHandler - 

Request DefaultFullHttpRequest(decodeResult: success, version: HTTP/1.1, content: EmptyByteBufBE)
GET /session/8520281d0c9fc8ef022406243e65f5d4/url HTTP/1.1
User-Agent: selenium/4.8.1 (java windows)
Cache-Control: no-cache
Content-Type: application/json; charset=utf-8
host: localhost:12528
accept: */*

Response DefaultHttpResponse(decodeResult: success, version: HTTP/1.1)
HTTP/1.1 200 OK
Content-Length: 41
Content-Type: application/json; charset=utf-8
cache-control: no-cache

10:13:03.844 [AsyncHttpClient-1-11] DEBUG org.asynchttpclient.netty.channel.ChannelManager - Adding key: http://localhost:12528 for channel [id: 0x593af363, L:/127.0.0.1:51749 - R:localhost/127.0.0.1:12528]
10:13:03.844 [Forwarding screenshot on session 8520281d0c9fc8ef022406243e65f5d4 to remote] DEBUG org.asynchttpclient.netty.request.NettyRequestSender - Using pooled Channel '[id: 0x593af363, L:/127.0.0.1:51749 - R:localhost/127.0.0.1:12528]' for 'GET' to 'http://localhost:12528/session/8520281d0c9fc8ef022406243e65f5d4/screenshot'
10:13:03.844 [Forwarding screenshot on session 8520281d0c9fc8ef022406243e65f5d4 to remote] DEBUG org.asynchttpclient.netty.request.NettyRequestSender - Using open Channel [id: 0x593af363, L:/127.0.0.1:51749 - R:localhost/127.0.0.1:12528] for GET '/session/8520281d0c9fc8ef022406243e65f5d4/screenshot'
10:13:03.935 [AsyncHttpClient-1-11] DEBUG org.asynchttpclient.netty.handler.HttpHandler - 

Request DefaultFullHttpRequest(decodeResult: success, version: HTTP/1.1, content: EmptyByteBufBE)
GET /session/8520281d0c9fc8ef022406243e65f5d4/screenshot HTTP/1.1
User-Agent: selenium/4.8.1 (java windows)
Cache-Control: no-cache
Content-Type: application/json; charset=utf-8
host: localhost:12528
accept: */*

Response DefaultHttpResponse(decodeResult: success, version: HTTP/1.1)
HTTP/1.1 200 OK
Content-Length: 79220
Content-Type: application/json; charset=utf-8
cache-control: no-cache

10:13:03.935 [AsyncHttpClient-1-11] DEBUG org.asynchttpclient.netty.channel.ChannelManager - Adding key: http://localhost:12528 for channel [id: 0x593af363, L:/127.0.0.1:51749 - R:localhost/127.0.0.1:12528]
10:13:03.937 [main] DEBUG net.serenitybdd.core.photography.Darkroom - Send negative for processing for target\site\serenity\553e4d0cca466e38ddf173d474428f8228e622f2ae96283e19be177bf94678ee.png
10:13:03.938 [Darkroom Processing Line] DEBUG net.serenitybdd.core.photography.DarkroomProcessingLine - Processing screenshot image in /var/screenshots/screenshot-9203955899495147764
10:13:03.938 [Darkroom Processing Line] DEBUG net.serenitybdd.core.photography.DarkroomProcessingLine - Saving screenshot to target\site\serenity\553e4d0cca466e38ddf173d474428f8228e622f2ae96283e19be177bf94678ee.png
10:13:03.938 [Forwarding getPageSource on session 8520281d0c9fc8ef022406243e65f5d4 to remote] DEBUG org.asynchttpclient.netty.request.NettyRequestSender - Using pooled Channel '[id: 0x593af363, L:/127.0.0.1:51749 - R:localhost/127.0.0.1:12528]' for 'POST' to 'http://localhost:12528/session/8520281d0c9fc8ef022406243e65f5d4/execute/sync'
10:13:03.938 [Forwarding getPageSource on session 8520281d0c9fc8ef022406243e65f5d4 to remote] DEBUG org.asynchttpclient.netty.request.NettyRequestSender - Using open Channel [id: 0x593af363, L:/127.0.0.1:51749 - R:localhost/127.0.0.1:12528] for POST '/session/8520281d0c9fc8ef022406243e65f5d4/execute/sync'
10:13:03.954 [AsyncHttpClient-1-11] DEBUG org.asynchttpclient.netty.handler.HttpHandler - 

Request DefaultHttpRequest(decodeResult: success, version: HTTP/1.1)
POST /session/8520281d0c9fc8ef022406243e65f5d4/execute/sync HTTP/1.1
User-Agent: selenium/4.8.1 (java windows)
Content-Length: 176
Content-Type: application/json; charset=utf-8
host: localhost:12528
accept: */*

Response DefaultHttpResponse(decodeResult: success, version: HTTP/1.1)
HTTP/1.1 200 OK
Content-Length: 290004
Content-Type: application/json; charset=utf-8
cache-control: no-cache

10:13:03.954 [AsyncHttpClient-1-11] DEBUG org.asynchttpclient.netty.channel.ChannelManager - Adding key: http://localhost:12528 for channel [id: 0x593af363, L:/127.0.0.1:51749 - R:localhost/127.0.0.1:12528]
10:13:03.972 [Forwarding getCurrentUrl on session 8520281d0c9fc8ef022406243e65f5d4 to remote] DEBUG org.asynchttpclient.netty.request.NettyRequestSender - Using pooled Channel '[id: 0x593af363, L:/127.0.0.1:51749 - R:localhost/127.0.0.1:12528]' for 'GET' to 'http://localhost:12528/session/8520281d0c9fc8ef022406243e65f5d4/url'
10:13:03.972 [Forwarding getCurrentUrl on session 8520281d0c9fc8ef022406243e65f5d4 to remote] DEBUG org.asynchttpclient.netty.request.NettyRequestSender - Using open Channel [id: 0x593af363, L:/127.0.0.1:51749 - R:localhost/127.0.0.1:12528] for GET '/session/8520281d0c9fc8ef022406243e65f5d4/url'
10:13:03.975 [AsyncHttpClient-1-11] DEBUG org.asynchttpclient.netty.handler.HttpHandler - 

Request DefaultFullHttpRequest(decodeResult: success, version: HTTP/1.1, content: EmptyByteBufBE)
GET /session/8520281d0c9fc8ef022406243e65f5d4/url HTTP/1.1
User-Agent: selenium/4.8.1 (java windows)
Cache-Control: no-cache
Content-Type: application/json; charset=utf-8
host: localhost:12528
accept: */*

Response DefaultHttpResponse(decodeResult: success, version: HTTP/1.1)
HTTP/1.1 200 OK
Content-Length: 41
Content-Type: application/json; charset=utf-8
cache-control: no-cache

10:13:03.975 [AsyncHttpClient-1-11] DEBUG org.asynchttpclient.netty.channel.ChannelManager - Adding key: http://localhost:12528 for channel [id: 0x593af363, L:/127.0.0.1:51749 - R:localhost/127.0.0.1:12528]
10:13:03.976 [main] DEBUG net.thucydides.core.steps.StepInterceptor - STARTING STEP: ProductSteps.clickBeliButton - clickBeliButton
10:13:03.978 [Forwarding findElement on session 8520281d0c9fc8ef022406243e65f5d4 to remote] DEBUG org.asynchttpclient.netty.request.NettyRequestSender - Using pooled Channel '[id: 0x593af363, L:/127.0.0.1:51749 - R:localhost/127.0.0.1:12528]' for 'POST' to 'http://localhost:12528/session/8520281d0c9fc8ef022406243e65f5d4/element'
10:13:03.978 [Forwarding findElement on session 8520281d0c9fc8ef022406243e65f5d4 to remote] DEBUG org.asynchttpclient.netty.request.NettyRequestSender - Using open Channel [id: 0x593af363, L:/127.0.0.1:51749 - R:localhost/127.0.0.1:12528] for POST '/session/8520281d0c9fc8ef022406243e65f5d4/element'
10:13:03.989 [AsyncHttpClient-1-11] DEBUG org.asynchttpclient.netty.handler.HttpHandler - 

Request DefaultHttpRequest(decodeResult: success, version: HTTP/1.1)
POST /session/8520281d0c9fc8ef022406243e65f5d4/element HTTP/1.1
User-Agent: selenium/4.8.1 (java windows)
Content-Length: 173
Content-Type: application/json; charset=utf-8
host: localhost:12528
accept: */*

Response DefaultHttpResponse(decodeResult: success, version: HTTP/1.1)
HTTP/1.1 200 OK
Content-Length: 88
Content-Type: application/json; charset=utf-8
cache-control: no-cache

10:13:03.989 [AsyncHttpClient-1-11] DEBUG org.asynchttpclient.netty.channel.ChannelManager - Adding key: http://localhost:12528 for channel [id: 0x593af363, L:/127.0.0.1:51749 - R:localhost/127.0.0.1:12528]
10:13:03.990 [Forwarding getElementTagName on session 8520281d0c9fc8ef022406243e65f5d4 to remote] DEBUG org.asynchttpclient.netty.request.NettyRequestSender - Using pooled Channel '[id: 0x593af363, L:/127.0.0.1:51749 - R:localhost/127.0.0.1:12528]' for 'GET' to 'http://localhost:12528/session/8520281d0c9fc8ef022406243e65f5d4/element/d519b874-1027-4a25-86dc-706d6e435dd0/name'
10:13:03.990 [Forwarding getElementTagName on session 8520281d0c9fc8ef022406243e65f5d4 to remote] DEBUG org.asynchttpclient.netty.request.NettyRequestSender - Using open Channel [id: 0x593af363, L:/127.0.0.1:51749 - R:localhost/127.0.0.1:12528] for GET '/session/8520281d0c9fc8ef022406243e65f5d4/element/d519b874-1027-4a25-86dc-706d6e435dd0/name'
10:13:03.993 [AsyncHttpClient-1-11] DEBUG org.asynchttpclient.netty.handler.HttpHandler - 

Request DefaultFullHttpRequest(decodeResult: success, version: HTTP/1.1, content: EmptyByteBufBE)
GET /session/8520281d0c9fc8ef022406243e65f5d4/element/d519b874-1027-4a25-86dc-706d6e435dd0/name HTTP/1.1
User-Agent: selenium/4.8.1 (java windows)
Cache-Control: no-cache
Content-Type: application/json; charset=utf-8
host: localhost:12528
accept: */*

Response DefaultHttpResponse(decodeResult: success, version: HTTP/1.1)
HTTP/1.1 200 OK
Content-Length: 18
Content-Type: application/json; charset=utf-8
cache-control: no-cache

10:13:03.993 [AsyncHttpClient-1-11] DEBUG org.asynchttpclient.netty.channel.ChannelManager - Adding key: http://localhost:12528 for channel [id: 0x593af363, L:/127.0.0.1:51749 - R:localhost/127.0.0.1:12528]
10:13:03.993 [Forwarding getElementTagName on session 8520281d0c9fc8ef022406243e65f5d4 to remote] DEBUG org.asynchttpclient.netty.request.NettyRequestSender - Using pooled Channel '[id: 0x593af363, L:/127.0.0.1:51749 - R:localhost/127.0.0.1:12528]' for 'GET' to 'http://localhost:12528/session/8520281d0c9fc8ef022406243e65f5d4/element/d519b874-1027-4a25-86dc-706d6e435dd0/name'
10:13:03.993 [Forwarding getElementTagName on session 8520281d0c9fc8ef022406243e65f5d4 to remote] DEBUG org.asynchttpclient.netty.request.NettyRequestSender - Using open Channel [id: 0x593af363, L:/127.0.0.1:51749 - R:localhost/127.0.0.1:12528] for GET '/session/8520281d0c9fc8ef022406243e65f5d4/element/d519b874-1027-4a25-86dc-706d6e435dd0/name'
10:13:03.995 [AsyncHttpClient-1-11] DEBUG org.asynchttpclient.netty.handler.HttpHandler - 

Request DefaultFullHttpRequest(decodeResult: success, version: HTTP/1.1, content: EmptyByteBufBE)
GET /session/8520281d0c9fc8ef022406243e65f5d4/element/d519b874-1027-4a25-86dc-706d6e435dd0/name HTTP/1.1
User-Agent: selenium/4.8.1 (java windows)
Cache-Control: no-cache
Content-Type: application/json; charset=utf-8
host: localhost:12528
accept: */*

Response DefaultHttpResponse(decodeResult: success, version: HTTP/1.1)
HTTP/1.1 200 OK
Content-Length: 18
Content-Type: application/json; charset=utf-8
cache-control: no-cache

10:13:03.995 [AsyncHttpClient-1-11] DEBUG org.asynchttpclient.netty.channel.ChannelManager - Adding key: http://localhost:12528 for channel [id: 0x593af363, L:/127.0.0.1:51749 - R:localhost/127.0.0.1:12528]
10:13:03.996 [Forwarding isElementEnabled on session 8520281d0c9fc8ef022406243e65f5d4 to remote] DEBUG org.asynchttpclient.netty.request.NettyRequestSender - Using pooled Channel '[id: 0x593af363, L:/127.0.0.1:51749 - R:localhost/127.0.0.1:12528]' for 'GET' to 'http://localhost:12528/session/8520281d0c9fc8ef022406243e65f5d4/element/d519b874-1027-4a25-86dc-706d6e435dd0/enabled'
10:13:03.996 [Forwarding isElementEnabled on session 8520281d0c9fc8ef022406243e65f5d4 to remote] DEBUG org.asynchttpclient.netty.request.NettyRequestSender - Using open Channel [id: 0x593af363, L:/127.0.0.1:51749 - R:localhost/127.0.0.1:12528] for GET '/session/8520281d0c9fc8ef022406243e65f5d4/element/d519b874-1027-4a25-86dc-706d6e435dd0/enabled'
10:13:04.002 [AsyncHttpClient-1-11] DEBUG org.asynchttpclient.netty.handler.HttpHandler - 

Request DefaultFullHttpRequest(decodeResult: success, version: HTTP/1.1, content: EmptyByteBufBE)
GET /session/8520281d0c9fc8ef022406243e65f5d4/element/d519b874-1027-4a25-86dc-706d6e435dd0/enabled HTTP/1.1
User-Agent: selenium/4.8.1 (java windows)
Cache-Control: no-cache
Content-Type: application/json; charset=utf-8
host: localhost:12528
accept: */*

Response DefaultHttpResponse(decodeResult: success, version: HTTP/1.1)
HTTP/1.1 200 OK
Content-Length: 14
Content-Type: application/json; charset=utf-8
cache-control: no-cache

10:13:04.002 [AsyncHttpClient-1-11] DEBUG org.asynchttpclient.netty.channel.ChannelManager - Adding key: http://localhost:12528 for channel [id: 0x593af363, L:/127.0.0.1:51749 - R:localhost/127.0.0.1:12528]
10:13:04.003 [Forwarding isElementEnabled on session 8520281d0c9fc8ef022406243e65f5d4 to remote] DEBUG org.asynchttpclient.netty.request.NettyRequestSender - Using pooled Channel '[id: 0x593af363, L:/127.0.0.1:51749 - R:localhost/127.0.0.1:12528]' for 'GET' to 'http://localhost:12528/session/8520281d0c9fc8ef022406243e65f5d4/element/d519b874-1027-4a25-86dc-706d6e435dd0/enabled'
10:13:04.003 [Forwarding isElementEnabled on session 8520281d0c9fc8ef022406243e65f5d4 to remote] DEBUG org.asynchttpclient.netty.request.NettyRequestSender - Using open Channel [id: 0x593af363, L:/127.0.0.1:51749 - R:localhost/127.0.0.1:12528] for GET '/session/8520281d0c9fc8ef022406243e65f5d4/element/d519b874-1027-4a25-86dc-706d6e435dd0/enabled'
10:13:04.007 [AsyncHttpClient-1-11] DEBUG org.asynchttpclient.netty.handler.HttpHandler - 

Request DefaultFullHttpRequest(decodeResult: success, version: HTTP/1.1, content: EmptyByteBufBE)
GET /session/8520281d0c9fc8ef022406243e65f5d4/element/d519b874-1027-4a25-86dc-706d6e435dd0/enabled HTTP/1.1
User-Agent: selenium/4.8.1 (java windows)
Cache-Control: no-cache
Content-Type: application/json; charset=utf-8
host: localhost:12528
accept: */*

Response DefaultHttpResponse(decodeResult: success, version: HTTP/1.1)
HTTP/1.1 200 OK
Content-Length: 14
Content-Type: application/json; charset=utf-8
cache-control: no-cache

10:13:04.007 [AsyncHttpClient-1-11] DEBUG org.asynchttpclient.netty.channel.ChannelManager - Adding key: http://localhost:12528 for channel [id: 0x593af363, L:/127.0.0.1:51749 - R:localhost/127.0.0.1:12528]
10:13:04.008 [Forwarding findElement on session 8520281d0c9fc8ef022406243e65f5d4 to remote] DEBUG org.asynchttpclient.netty.request.NettyRequestSender - Using pooled Channel '[id: 0x593af363, L:/127.0.0.1:51749 - R:localhost/127.0.0.1:12528]' for 'POST' to 'http://localhost:12528/session/8520281d0c9fc8ef022406243e65f5d4/element'
10:13:04.008 [Forwarding findElement on session 8520281d0c9fc8ef022406243e65f5d4 to remote] DEBUG org.asynchttpclient.netty.request.NettyRequestSender - Using open Channel [id: 0x593af363, L:/127.0.0.1:51749 - R:localhost/127.0.0.1:12528] for POST '/session/8520281d0c9fc8ef022406243e65f5d4/element'
10:13:04.014 [AsyncHttpClient-1-11] DEBUG org.asynchttpclient.netty.handler.HttpHandler - 

Request DefaultHttpRequest(decodeResult: success, version: HTTP/1.1)
POST /session/8520281d0c9fc8ef022406243e65f5d4/element HTTP/1.1
User-Agent: selenium/4.8.1 (java windows)
Content-Length: 173
Content-Type: application/json; charset=utf-8
host: localhost:12528
accept: */*

Response DefaultHttpResponse(decodeResult: success, version: HTTP/1.1)
HTTP/1.1 200 OK
Content-Length: 88
Content-Type: application/json; charset=utf-8
cache-control: no-cache

10:13:04.014 [AsyncHttpClient-1-11] DEBUG org.asynchttpclient.netty.channel.ChannelManager - Adding key: http://localhost:12528 for channel [id: 0x593af363, L:/127.0.0.1:51749 - R:localhost/127.0.0.1:12528]
10:13:04.015 [Forwarding clickElement on session 8520281d0c9fc8ef022406243e65f5d4 to remote] DEBUG org.asynchttpclient.netty.request.NettyRequestSender - Using pooled Channel '[id: 0x593af363, L:/127.0.0.1:51749 - R:localhost/127.0.0.1:12528]' for 'POST' to 'http://localhost:12528/session/8520281d0c9fc8ef022406243e65f5d4/element/d519b874-1027-4a25-86dc-706d6e435dd0/click'
10:13:04.015 [Forwarding clickElement on session 8520281d0c9fc8ef022406243e65f5d4 to remote] DEBUG org.asynchttpclient.netty.request.NettyRequestSender - Using open Channel [id: 0x593af363, L:/127.0.0.1:51749 - R:localhost/127.0.0.1:12528] for POST '/session/8520281d0c9fc8ef022406243e65f5d4/element/d519b874-1027-4a25-86dc-706d6e435dd0/click'
10:13:04.070 [AsyncHttpClient-1-11] DEBUG org.asynchttpclient.netty.handler.HttpHandler - 

Request DefaultHttpRequest(decodeResult: success, version: HTTP/1.1)
POST /session/8520281d0c9fc8ef022406243e65f5d4/element/d519b874-1027-4a25-86dc-706d6e435dd0/click HTTP/1.1
User-Agent: selenium/4.8.1 (java windows)
Content-Length: 50
Content-Type: application/json; charset=utf-8
host: localhost:12528
accept: */*

Response DefaultHttpResponse(decodeResult: success, version: HTTP/1.1)
HTTP/1.1 200 OK
Content-Length: 14
Content-Type: application/json; charset=utf-8
cache-control: no-cache

10:13:04.071 [AsyncHttpClient-1-11] DEBUG org.asynchttpclient.netty.channel.ChannelManager - Adding key: http://localhost:12528 for channel [id: 0x593af363, L:/127.0.0.1:51749 - R:localhost/127.0.0.1:12528]
10:13:04.074 [Forwarding getAlertText on session 8520281d0c9fc8ef022406243e65f5d4 to remote] DEBUG org.asynchttpclient.netty.request.NettyRequestSender - Using pooled Channel '[id: 0x593af363, L:/127.0.0.1:51749 - R:localhost/127.0.0.1:12528]' for 'GET' to 'http://localhost:12528/session/8520281d0c9fc8ef022406243e65f5d4/alert/text'
10:13:04.074 [Forwarding getAlertText on session 8520281d0c9fc8ef022406243e65f5d4 to remote] DEBUG org.asynchttpclient.netty.request.NettyRequestSender - Using open Channel [id: 0x593af363, L:/127.0.0.1:51749 - R:localhost/127.0.0.1:12528] for GET '/session/8520281d0c9fc8ef022406243e65f5d4/alert/text'
10:13:04.078 [AsyncHttpClient-1-11] DEBUG org.asynchttpclient.netty.handler.HttpHandler - 

Request DefaultFullHttpRequest(decodeResult: success, version: HTTP/1.1, content: EmptyByteBufBE)
GET /session/8520281d0c9fc8ef022406243e65f5d4/alert/text HTTP/1.1
User-Agent: selenium/4.8.1 (java windows)
Cache-Control: no-cache
Content-Type: application/json; charset=utf-8
host: localhost:12528
accept: */*

Response DefaultHttpResponse(decodeResult: success, version: HTTP/1.1)
HTTP/1.1 404 Not Found
Content-Length: 836
Content-Type: application/json; charset=utf-8
cache-control: no-cache

10:13:04.078 [AsyncHttpClient-1-11] DEBUG org.asynchttpclient.netty.channel.ChannelManager - Adding key: http://localhost:12528 for channel [id: 0x593af363, L:/127.0.0.1:51749 - R:localhost/127.0.0.1:12528]
10:13:04.079 [Forwarding getCurrentUrl on session 8520281d0c9fc8ef022406243e65f5d4 to remote] DEBUG org.asynchttpclient.netty.request.NettyRequestSender - Using pooled Channel '[id: 0x593af363, L:/127.0.0.1:51749 - R:localhost/127.0.0.1:12528]' for 'GET' to 'http://localhost:12528/session/8520281d0c9fc8ef022406243e65f5d4/url'
10:13:04.079 [Forwarding getCurrentUrl on session 8520281d0c9fc8ef022406243e65f5d4 to remote] DEBUG org.asynchttpclient.netty.request.NettyRequestSender - Using open Channel [id: 0x593af363, L:/127.0.0.1:51749 - R:localhost/127.0.0.1:12528] for GET '/session/8520281d0c9fc8ef022406243e65f5d4/url'
10:13:04.081 [AsyncHttpClient-1-11] DEBUG org.asynchttpclient.netty.handler.HttpHandler - 

Request DefaultFullHttpRequest(decodeResult: success, version: HTTP/1.1, content: EmptyByteBufBE)
GET /session/8520281d0c9fc8ef022406243e65f5d4/url HTTP/1.1
User-Agent: selenium/4.8.1 (java windows)
Cache-Control: no-cache
Content-Type: application/json; charset=utf-8
host: localhost:12528
accept: */*

Response DefaultHttpResponse(decodeResult: success, version: HTTP/1.1)
HTTP/1.1 200 OK
Content-Length: 41
Content-Type: application/json; charset=utf-8
cache-control: no-cache

10:13:04.081 [AsyncHttpClient-1-11] DEBUG org.asynchttpclient.netty.channel.ChannelManager - Adding key: http://localhost:12528 for channel [id: 0x593af363, L:/127.0.0.1:51749 - R:localhost/127.0.0.1:12528]
10:13:04.081 [Forwarding screenshot on session 8520281d0c9fc8ef022406243e65f5d4 to remote] DEBUG org.asynchttpclient.netty.request.NettyRequestSender - Using pooled Channel '[id: 0x593af363, L:/127.0.0.1:51749 - R:localhost/127.0.0.1:12528]' for 'GET' to 'http://localhost:12528/session/8520281d0c9fc8ef022406243e65f5d4/screenshot'
10:13:04.081 [Forwarding screenshot on session 8520281d0c9fc8ef022406243e65f5d4 to remote] DEBUG org.asynchttpclient.netty.request.NettyRequestSender - Using open Channel [id: 0x593af363, L:/127.0.0.1:51749 - R:localhost/127.0.0.1:12528] for GET '/session/8520281d0c9fc8ef022406243e65f5d4/screenshot'
10:13:04.206 [AsyncHttpClient-1-11] DEBUG org.asynchttpclient.netty.handler.HttpHandler - 

Request DefaultFullHttpRequest(decodeResult: success, version: HTTP/1.1, content: EmptyByteBufBE)
GET /session/8520281d0c9fc8ef022406243e65f5d4/screenshot HTTP/1.1
User-Agent: selenium/4.8.1 (java windows)
Cache-Control: no-cache
Content-Type: application/json; charset=utf-8
host: localhost:12528
accept: */*

Response DefaultHttpResponse(decodeResult: success, version: HTTP/1.1)
HTTP/1.1 200 OK
Content-Length: 85704
Content-Type: application/json; charset=utf-8
cache-control: no-cache

10:13:04.207 [AsyncHttpClient-1-11] DEBUG org.asynchttpclient.netty.channel.ChannelManager - Adding key: http://localhost:12528 for channel [id: 0x593af363, L:/127.0.0.1:51749 - R:localhost/127.0.0.1:12528]
10:13:04.209 [main] DEBUG net.serenitybdd.core.photography.Darkroom - Send negative for processing for target\site\serenity\2ca53a4ec92eac5edcbb4b0f894518c9344751653fc63c571ef0313fb2bd4f63.png
10:13:04.209 [main] DEBUG net.thucydides.core.steps.StepInterceptor - STEP DONE: clickBeliButton
  &amp#27;[32mWhen &amp#27;[0m&amp#27;[32mI click BELI button from the product&amp#27;[0m               &amp#27;[90m# starter.stepdefinitions.ProductSteps.clickBeliButton()&amp#27;[0m
10:13:04.209 [Darkroom Processing Line] DEBUG net.serenitybdd.core.photography.DarkroomProcessingLine - Processing screenshot image in /var/screenshots/screenshot-10961950484894881000
10:13:04.209 [Darkroom Processing Line] DEBUG net.serenitybdd.core.photography.DarkroomProcessingLine - Saving screenshot to target\site\serenity\2ca53a4ec92eac5edcbb4b0f894518c9344751653fc63c571ef0313fb2bd4f63.png
10:13:04.214 [Forwarding getPageSource on session 8520281d0c9fc8ef022406243e65f5d4 to remote] DEBUG org.asynchttpclient.netty.request.NettyRequestSender - Using pooled Channel '[id: 0x593af363, L:/127.0.0.1:51749 - R:localhost/127.0.0.1:12528]' for 'POST' to 'http://localhost:12528/session/8520281d0c9fc8ef022406243e65f5d4/execute/sync'
10:13:04.214 [Forwarding getPageSource on session 8520281d0c9fc8ef022406243e65f5d4 to remote] DEBUG org.asynchttpclient.netty.request.NettyRequestSender - Using open Channel [id: 0x593af363, L:/127.0.0.1:51749 - R:localhost/127.0.0.1:12528] for POST '/session/8520281d0c9fc8ef022406243e65f5d4/execute/sync'
10:13:04.234 [AsyncHttpClient-1-11] DEBUG org.asynchttpclient.netty.handler.HttpHandler - 

Request DefaultHttpRequest(decodeResult: success, version: HTTP/1.1)
POST /session/8520281d0c9fc8ef022406243e65f5d4/execute/sync HTTP/1.1
User-Agent: selenium/4.8.1 (java windows)
Content-Length: 176
Content-Type: application/json; charset=utf-8
host: localhost:12528
accept: */*

Response DefaultHttpResponse(decodeResult: success, version: HTTP/1.1)
HTTP/1.1 200 OK
Content-Length: 290411
Content-Type: application/json; charset=utf-8
cache-control: no-cache

10:13:04.234 [AsyncHttpClient-1-11] DEBUG org.asynchttpclient.netty.channel.ChannelManager - Adding key: http://localhost:12528 for channel [id: 0x593af363, L:/127.0.0.1:51749 - R:localhost/127.0.0.1:12528]
10:13:04.257 [Forwarding getCurrentUrl on session 8520281d0c9fc8ef022406243e65f5d4 to remote] DEBUG org.asynchttpclient.netty.request.NettyRequestSender - Using pooled Channel '[id: 0x593af363, L:/127.0.0.1:51749 - R:localhost/127.0.0.1:12528]' for 'GET' to 'http://localhost:12528/session/8520281d0c9fc8ef022406243e65f5d4/url'
10:13:04.257 [Forwarding getCurrentUrl on session 8520281d0c9fc8ef022406243e65f5d4 to remote] DEBUG org.asynchttpclient.netty.request.NettyRequestSender - Using open Channel [id: 0x593af363, L:/127.0.0.1:51749 - R:localhost/127.0.0.1:12528] for GET '/session/8520281d0c9fc8ef022406243e65f5d4/url'
10:13:04.261 [AsyncHttpClient-1-11] DEBUG org.asynchttpclient.netty.handler.HttpHandler - 

Request DefaultFullHttpRequest(decodeResult: success, version: HTTP/1.1, content: EmptyByteBufBE)
GET /session/8520281d0c9fc8ef022406243e65f5d4/url HTTP/1.1
User-Agent: selenium/4.8.1 (java windows)
Cache-Control: no-cache
Content-Type: application/json; charset=utf-8
host: localhost:12528
accept: */*

Response DefaultHttpResponse(decodeResult: success, version: HTTP/1.1)
HTTP/1.1 200 OK
Content-Length: 41
Content-Type: application/json; charset=utf-8
cache-control: no-cache

10:13:04.261 [AsyncHttpClient-1-11] DEBUG org.asynchttpclient.netty.channel.ChannelManager - Adding key: http://localhost:12528 for channel [id: 0x593af363, L:/127.0.0.1:51749 - R:localhost/127.0.0.1:12528]
10:13:04.268 [Forwarding getAlertText on session 8520281d0c9fc8ef022406243e65f5d4 to remote] DEBUG org.asynchttpclient.netty.request.NettyRequestSender - Using pooled Channel '[id: 0x593af363, L:/127.0.0.1:51749 - R:localhost/127.0.0.1:12528]' for 'GET' to 'http://localhost:12528/session/8520281d0c9fc8ef022406243e65f5d4/alert/text'
10:13:04.268 [Forwarding getAlertText on session 8520281d0c9fc8ef022406243e65f5d4 to remote] DEBUG org.asynchttpclient.netty.request.NettyRequestSender - Using open Channel [id: 0x593af363, L:/127.0.0.1:51749 - R:localhost/127.0.0.1:12528] for GET '/session/8520281d0c9fc8ef022406243e65f5d4/alert/text'
10:13:04.273 [AsyncHttpClient-1-11] DEBUG org.asynchttpclient.netty.handler.HttpHandler - 

Request DefaultFullHttpRequest(decodeResult: success, version: HTTP/1.1, content: EmptyByteBufBE)
GET /session/8520281d0c9fc8ef022406243e65f5d4/alert/text HTTP/1.1
User-Agent: selenium/4.8.1 (java windows)
Cache-Control: no-cache
Content-Type: application/json; charset=utf-8
host: localhost:12528
accept: */*

Response DefaultHttpResponse(decodeResult: success, version: HTTP/1.1)
HTTP/1.1 404 Not Found
Content-Length: 836
Content-Type: application/json; charset=utf-8
cache-control: no-cache

10:13:04.273 [AsyncHttpClient-1-11] DEBUG org.asynchttpclient.netty.channel.ChannelManager - Adding key: http://localhost:12528 for channel [id: 0x593af363, L:/127.0.0.1:51749 - R:localhost/127.0.0.1:12528]
10:13:04.274 [Forwarding getCurrentUrl on session 8520281d0c9fc8ef022406243e65f5d4 to remote] DEBUG org.asynchttpclient.netty.request.NettyRequestSender - Using pooled Channel '[id: 0x593af363, L:/127.0.0.1:51749 - R:localhost/127.0.0.1:12528]' for 'GET' to 'http://localhost:12528/session/8520281d0c9fc8ef022406243e65f5d4/url'
10:13:04.274 [Forwarding getCurrentUrl on session 8520281d0c9fc8ef022406243e65f5d4 to remote] DEBUG org.asynchttpclient.netty.request.NettyRequestSender - Using open Channel [id: 0x593af363, L:/127.0.0.1:51749 - R:localhost/127.0.0.1:12528] for GET '/session/8520281d0c9fc8ef022406243e65f5d4/url'
10:13:04.277 [AsyncHttpClient-1-11] DEBUG org.asynchttpclient.netty.handler.HttpHandler - 

Request DefaultFullHttpRequest(decodeResult: success, version: HTTP/1.1, content: EmptyByteBufBE)
GET /session/8520281d0c9fc8ef022406243e65f5d4/url HTTP/1.1
User-Agent: selenium/4.8.1 (java windows)
Cache-Control: no-cache
Content-Type: application/json; charset=utf-8
host: localhost:12528
accept: */*

Response DefaultHttpResponse(decodeResult: success, version: HTTP/1.1)
HTTP/1.1 200 OK
Content-Length: 41
Content-Type: application/json; charset=utf-8
cache-control: no-cache

10:13:04.277 [AsyncHttpClient-1-11] DEBUG org.asynchttpclient.netty.channel.ChannelManager - Adding key: http://localhost:12528 for channel [id: 0x593af363, L:/127.0.0.1:51749 - R:localhost/127.0.0.1:12528]
10:13:04.277 [Forwarding screenshot on session 8520281d0c9fc8ef022406243e65f5d4 to remote] DEBUG org.asynchttpclient.netty.request.NettyRequestSender - Using pooled Channel '[id: 0x593af363, L:/127.0.0.1:51749 - R:localhost/127.0.0.1:12528]' for 'GET' to 'http://localhost:12528/session/8520281d0c9fc8ef022406243e65f5d4/screenshot'
10:13:04.277 [Forwarding screenshot on session 8520281d0c9fc8ef022406243e65f5d4 to remote] DEBUG org.asynchttpclient.netty.request.NettyRequestSender - Using open Channel [id: 0x593af363, L:/127.0.0.1:51749 - R:localhost/127.0.0.1:12528] for GET '/session/8520281d0c9fc8ef022406243e65f5d4/screenshot'
10:13:04.389 [AsyncHttpClient-1-11] DEBUG org.asynchttpclient.netty.handler.HttpHandler - 

Request DefaultFullHttpRequest(decodeResult: success, version: HTTP/1.1, content: EmptyByteBufBE)
GET /session/8520281d0c9fc8ef022406243e65f5d4/screenshot HTTP/1.1
User-Agent: selenium/4.8.1 (java windows)
Cache-Control: no-cache
Content-Type: application/json; charset=utf-8
host: localhost:12528
accept: */*

Response DefaultHttpResponse(decodeResult: success, version: HTTP/1.1)
HTTP/1.1 200 OK
Content-Length: 85588
Content-Type: application/json; charset=utf-8
cache-control: no-cache

10:13:04.389 [AsyncHttpClient-1-11] DEBUG org.asynchttpclient.netty.channel.ChannelManager - Adding key: http://localhost:12528 for channel [id: 0x593af363, L:/127.0.0.1:51749 - R:localhost/127.0.0.1:12528]
10:13:04.392 [main] DEBUG net.serenitybdd.core.photography.Darkroom - Send negative for processing for target\site\serenity\569d27d53ad4753b6aaaacb845781d72d42fcb6956e717c4c0d1b134bbb425cd.png
10:13:04.392 [Darkroom Processing Line] DEBUG net.serenitybdd.core.photography.DarkroomProcessingLine - Processing screenshot image in /var/screenshots/screenshot-13759402887815376210
10:13:04.392 [Darkroom Processing Line] DEBUG net.serenitybdd.core.photography.DarkroomProcessingLine - Saving screenshot to target\site\serenity\569d27d53ad4753b6aaaacb845781d72d42fcb6956e717c4c0d1b134bbb425cd.png
10:13:04.393 [Forwarding getPageSource on session 8520281d0c9fc8ef022406243e65f5d4 to remote] DEBUG org.asynchttpclient.netty.request.NettyRequestSender - Using pooled Channel '[id: 0x593af363, L:/127.0.0.1:51749 - R:localhost/127.0.0.1:12528]' for 'POST' to 'http://localhost:12528/session/8520281d0c9fc8ef022406243e65f5d4/execute/sync'
10:13:04.393 [Forwarding getPageSource on session 8520281d0c9fc8ef022406243e65f5d4 to remote] DEBUG org.asynchttpclient.netty.request.NettyRequestSender - Using open Channel [id: 0x593af363, L:/127.0.0.1:51749 - R:localhost/127.0.0.1:12528] for POST '/session/8520281d0c9fc8ef022406243e65f5d4/execute/sync'
10:13:04.410 [AsyncHttpClient-1-11] DEBUG org.asynchttpclient.netty.handler.HttpHandler - 

Request DefaultHttpRequest(decodeResult: success, version: HTTP/1.1)
POST /session/8520281d0c9fc8ef022406243e65f5d4/execute/sync HTTP/1.1
User-Agent: selenium/4.8.1 (java windows)
Content-Length: 176
Content-Type: application/json; charset=utf-8
host: localhost:12528
accept: */*

Response DefaultHttpResponse(decodeResult: success, version: HTTP/1.1)
HTTP/1.1 200 OK
Content-Length: 290342
Content-Type: application/json; charset=utf-8
cache-control: no-cache

10:13:04.410 [AsyncHttpClient-1-11] DEBUG org.asynchttpclient.netty.channel.ChannelManager - Adding key: http://localhost:12528 for channel [id: 0x593af363, L:/127.0.0.1:51749 - R:localhost/127.0.0.1:12528]
10:13:04.435 [Forwarding getCurrentUrl on session 8520281d0c9fc8ef022406243e65f5d4 to remote] DEBUG org.asynchttpclient.netty.request.NettyRequestSender - Using pooled Channel '[id: 0x593af363, L:/127.0.0.1:51749 - R:localhost/127.0.0.1:12528]' for 'GET' to 'http://localhost:12528/session/8520281d0c9fc8ef022406243e65f5d4/url'
10:13:04.435 [Forwarding getCurrentUrl on session 8520281d0c9fc8ef022406243e65f5d4 to remote] DEBUG org.asynchttpclient.netty.request.NettyRequestSender - Using open Channel [id: 0x593af363, L:/127.0.0.1:51749 - R:localhost/127.0.0.1:12528] for GET '/session/8520281d0c9fc8ef022406243e65f5d4/url'
10:13:04.438 [AsyncHttpClient-1-11] DEBUG org.asynchttpclient.netty.handler.HttpHandler - 

Request DefaultFullHttpRequest(decodeResult: success, version: HTTP/1.1, content: EmptyByteBufBE)
GET /session/8520281d0c9fc8ef022406243e65f5d4/url HTTP/1.1
User-Agent: selenium/4.8.1 (java windows)
Cache-Control: no-cache
Content-Type: application/json; charset=utf-8
host: localhost:12528
accept: */*

Response DefaultHttpResponse(decodeResult: success, version: HTTP/1.1)
HTTP/1.1 200 OK
Content-Length: 41
Content-Type: application/json; charset=utf-8
cache-control: no-cache

10:13:04.438 [AsyncHttpClient-1-11] DEBUG org.asynchttpclient.netty.channel.ChannelManager - Adding key: http://localhost:12528 for channel [id: 0x593af363, L:/127.0.0.1:51749 - R:localhost/127.0.0.1:12528]
10:13:04.440 [main] DEBUG net.thucydides.core.steps.StepInterceptor - STARTING STEP: ProductSteps.validateProductHasAdded - clickCartIcon
10:13:04.443 [Forwarding findElement on session 8520281d0c9fc8ef022406243e65f5d4 to remote] DEBUG org.asynchttpclient.netty.request.NettyRequestSender - Using pooled Channel '[id: 0x593af363, L:/127.0.0.1:51749 - R:localhost/127.0.0.1:12528]' for 'POST' to 'http://localhost:12528/session/8520281d0c9fc8ef022406243e65f5d4/element'
10:13:04.443 [Forwarding findElement on session 8520281d0c9fc8ef022406243e65f5d4 to remote] DEBUG org.asynchttpclient.netty.request.NettyRequestSender - Using open Channel [id: 0x593af363, L:/127.0.0.1:51749 - R:localhost/127.0.0.1:12528] for POST '/session/8520281d0c9fc8ef022406243e65f5d4/element'
10:13:04.453 [AsyncHttpClient-1-11] DEBUG org.asynchttpclient.netty.handler.HttpHandler - 

Request DefaultHttpRequest(decodeResult: success, version: HTTP/1.1)
POST /session/8520281d0c9fc8ef022406243e65f5d4/element HTTP/1.1
User-Agent: selenium/4.8.1 (java windows)
Content-Length: 65
Content-Type: application/json; charset=utf-8
host: localhost:12528
accept: */*

Response DefaultHttpResponse(decodeResult: success, version: HTTP/1.1)
HTTP/1.1 200 OK
Content-Length: 88
Content-Type: application/json; charset=utf-8
cache-control: no-cache

10:13:04.453 [AsyncHttpClient-1-11] DEBUG org.asynchttpclient.netty.channel.ChannelManager - Adding key: http://localhost:12528 for channel [id: 0x593af363, L:/127.0.0.1:51749 - R:localhost/127.0.0.1:12528]
10:13:04.454 [Forwarding getElementTagName on session 8520281d0c9fc8ef022406243e65f5d4 to remote] DEBUG org.asynchttpclient.netty.request.NettyRequestSender - Using pooled Channel '[id: 0x593af363, L:/127.0.0.1:51749 - R:localhost/127.0.0.1:12528]' for 'GET' to 'http://localhost:12528/session/8520281d0c9fc8ef022406243e65f5d4/element/e04853c4-6905-449f-90b4-cfa299f512e0/name'
10:13:04.454 [Forwarding getElementTagName on session 8520281d0c9fc8ef022406243e65f5d4 to remote] DEBUG org.asynchttpclient.netty.request.NettyRequestSender - Using open Channel [id: 0x593af363, L:/127.0.0.1:51749 - R:localhost/127.0.0.1:12528] for GET '/session/8520281d0c9fc8ef022406243e65f5d4/element/e04853c4-6905-449f-90b4-cfa299f512e0/name'
10:13:04.458 [AsyncHttpClient-1-11] DEBUG org.asynchttpclient.netty.handler.HttpHandler - 

Request DefaultFullHttpRequest(decodeResult: success, version: HTTP/1.1, content: EmptyByteBufBE)
GET /session/8520281d0c9fc8ef022406243e65f5d4/element/e04853c4-6905-449f-90b4-cfa299f512e0/name HTTP/1.1
User-Agent: selenium/4.8.1 (java windows)
Cache-Control: no-cache
Content-Type: application/json; charset=utf-8
host: localhost:12528
accept: */*

Response DefaultHttpResponse(decodeResult: success, version: HTTP/1.1)
HTTP/1.1 200 OK
Content-Length: 13
Content-Type: application/json; charset=utf-8
cache-control: no-cache

10:13:04.458 [AsyncHttpClient-1-11] DEBUG org.asynchttpclient.netty.channel.ChannelManager - Adding key: http://localhost:12528 for channel [id: 0x593af363, L:/127.0.0.1:51749 - R:localhost/127.0.0.1:12528]
10:13:04.459 [Forwarding getElementTagName on session 8520281d0c9fc8ef022406243e65f5d4 to remote] DEBUG org.asynchttpclient.netty.request.NettyRequestSender - Using pooled Channel '[id: 0x593af363, L:/127.0.0.1:51749 - R:localhost/127.0.0.1:12528]' for 'GET' to 'http://localhost:12528/session/8520281d0c9fc8ef022406243e65f5d4/element/e04853c4-6905-449f-90b4-cfa299f512e0/name'
10:13:04.459 [Forwarding getElementTagName on session 8520281d0c9fc8ef022406243e65f5d4 to remote] DEBUG org.asynchttpclient.netty.request.NettyRequestSender - Using open Channel [id: 0x593af363, L:/127.0.0.1:51749 - R:localhost/127.0.0.1:12528] for GET '/session/8520281d0c9fc8ef022406243e65f5d4/element/e04853c4-6905-449f-90b4-cfa299f512e0/name'
10:13:04.461 [AsyncHttpClient-1-11] DEBUG org.asynchttpclient.netty.handler.HttpHandler - 

Request DefaultFullHttpRequest(decodeResult: success, version: HTTP/1.1, content: EmptyByteBufBE)
GET /session/8520281d0c9fc8ef022406243e65f5d4/element/e04853c4-6905-449f-90b4-cfa299f512e0/name HTTP/1.1
User-Agent: selenium/4.8.1 (java windows)
Cache-Control: no-cache
Content-Type: application/json; charset=utf-8
host: localhost:12528
accept: */*

Response DefaultHttpResponse(decodeResult: success, version: HTTP/1.1)
HTTP/1.1 200 OK
Content-Length: 13
Content-Type: application/json; charset=utf-8
cache-control: no-cache

10:13:04.461 [AsyncHttpClient-1-11] DEBUG org.asynchttpclient.netty.channel.ChannelManager - Adding key: http://localhost:12528 for channel [id: 0x593af363, L:/127.0.0.1:51749 - R:localhost/127.0.0.1:12528]
10:13:04.462 [Forwarding findElement on session 8520281d0c9fc8ef022406243e65f5d4 to remote] DEBUG org.asynchttpclient.netty.request.NettyRequestSender - Using pooled Channel '[id: 0x593af363, L:/127.0.0.1:51749 - R:localhost/127.0.0.1:12528]' for 'POST' to 'http://localhost:12528/session/8520281d0c9fc8ef022406243e65f5d4/element'
10:13:04.462 [Forwarding findElement on session 8520281d0c9fc8ef022406243e65f5d4 to remote] DEBUG org.asynchttpclient.netty.request.NettyRequestSender - Using open Channel [id: 0x593af363, L:/127.0.0.1:51749 - R:localhost/127.0.0.1:12528] for POST '/session/8520281d0c9fc8ef022406243e65f5d4/element'
10:13:04.468 [AsyncHttpClient-1-11] DEBUG org.asynchttpclient.netty.handler.HttpHandler - 

Request DefaultHttpRequest(decodeResult: success, version: HTTP/1.1)
POST /session/8520281d0c9fc8ef022406243e65f5d4/element HTTP/1.1
User-Agent: selenium/4.8.1 (java windows)
Content-Length: 65
Content-Type: application/json; charset=utf-8
host: localhost:12528
accept: */*

Response DefaultHttpResponse(decodeResult: success, version: HTTP/1.1)
HTTP/1.1 200 OK
Content-Length: 88
Content-Type: application/json; charset=utf-8
cache-control: no-cache

10:13:04.468 [AsyncHttpClient-1-11] DEBUG org.asynchttpclient.netty.channel.ChannelManager - Adding key: http://localhost:12528 for channel [id: 0x593af363, L:/127.0.0.1:51749 - R:localhost/127.0.0.1:12528]
10:13:04.470 [Forwarding clickElement on session 8520281d0c9fc8ef022406243e65f5d4 to remote] DEBUG org.asynchttpclient.netty.request.NettyRequestSender - Using pooled Channel '[id: 0x593af363, L:/127.0.0.1:51749 - R:localhost/127.0.0.1:12528]' for 'POST' to 'http://localhost:12528/session/8520281d0c9fc8ef022406243e65f5d4/element/e04853c4-6905-449f-90b4-cfa299f512e0/click'
10:13:04.470 [Forwarding clickElement on session 8520281d0c9fc8ef022406243e65f5d4 to remote] DEBUG org.asynchttpclient.netty.request.NettyRequestSender - Using open Channel [id: 0x593af363, L:/127.0.0.1:51749 - R:localhost/127.0.0.1:12528] for POST '/session/8520281d0c9fc8ef022406243e65f5d4/element/e04853c4-6905-449f-90b4-cfa299f512e0/click'
10:13:04.499 [AsyncHttpClient-1-1] DEBUG org.asynchttpclient.netty.channel.DefaultChannelPool - Entry count for : http://localhost:51750 : 1
10:13:04.507 [AsyncHttpClient-1-11] DEBUG org.asynchttpclient.netty.handler.HttpHandler - 

Request DefaultHttpRequest(decodeResult: success, version: HTTP/1.1)
POST /session/8520281d0c9fc8ef022406243e65f5d4/element/e04853c4-6905-449f-90b4-cfa299f512e0/click HTTP/1.1
User-Agent: selenium/4.8.1 (java windows)
Content-Length: 50
Content-Type: application/json; charset=utf-8
host: localhost:12528
accept: */*

Response DefaultHttpResponse(decodeResult: success, version: HTTP/1.1)
HTTP/1.1 200 OK
Content-Length: 14
Content-Type: application/json; charset=utf-8
cache-control: no-cache

10:13:04.507 [AsyncHttpClient-1-11] DEBUG org.asynchttpclient.netty.channel.ChannelManager - Adding key: http://localhost:12528 for channel [id: 0x593af363, L:/127.0.0.1:51749 - R:localhost/127.0.0.1:12528]
10:13:04.512 [Forwarding getAlertText on session 8520281d0c9fc8ef022406243e65f5d4 to remote] DEBUG org.asynchttpclient.netty.request.NettyRequestSender - Using pooled Channel '[id: 0x593af363, L:/127.0.0.1:51749 - R:localhost/127.0.0.1:12528]' for 'GET' to 'http://localhost:12528/session/8520281d0c9fc8ef022406243e65f5d4/alert/text'
10:13:04.512 [Forwarding getAlertText on session 8520281d0c9fc8ef022406243e65f5d4 to remote] DEBUG org.asynchttpclient.netty.request.NettyRequestSender - Using open Channel [id: 0x593af363, L:/127.0.0.1:51749 - R:localhost/127.0.0.1:12528] for GET '/session/8520281d0c9fc8ef022406243e65f5d4/alert/text'
10:13:04.567 [AsyncHttpClient-1-11] DEBUG org.asynchttpclient.netty.handler.HttpHandler - 

Request DefaultFullHttpRequest(decodeResult: success, version: HTTP/1.1, content: EmptyByteBufBE)
GET /session/8520281d0c9fc8ef022406243e65f5d4/alert/text HTTP/1.1
User-Agent: selenium/4.8.1 (java windows)
Cache-Control: no-cache
Content-Type: application/json; charset=utf-8
host: localhost:12528
accept: */*

Response DefaultHttpResponse(decodeResult: success, version: HTTP/1.1)
HTTP/1.1 404 Not Found
Content-Length: 836
Content-Type: application/json; charset=utf-8
cache-control: no-cache

10:13:04.567 [AsyncHttpClient-1-11] DEBUG org.asynchttpclient.netty.channel.ChannelManager - Adding key: http://localhost:12528 for channel [id: 0x593af363, L:/127.0.0.1:51749 - R:localhost/127.0.0.1:12528]
10:13:04.569 [Forwarding getCurrentUrl on session 8520281d0c9fc8ef022406243e65f5d4 to remote] DEBUG org.asynchttpclient.netty.request.NettyRequestSender - Using pooled Channel '[id: 0x593af363, L:/127.0.0.1:51749 - R:localhost/127.0.0.1:12528]' for 'GET' to 'http://localhost:12528/session/8520281d0c9fc8ef022406243e65f5d4/url'
10:13:04.569 [Forwarding getCurrentUrl on session 8520281d0c9fc8ef022406243e65f5d4 to remote] DEBUG org.asynchttpclient.netty.request.NettyRequestSender - Using open Channel [id: 0x593af363, L:/127.0.0.1:51749 - R:localhost/127.0.0.1:12528] for GET '/session/8520281d0c9fc8ef022406243e65f5d4/url'
10:13:04.577 [AsyncHttpClient-1-11] DEBUG org.asynchttpclient.netty.handler.HttpHandler - 

Request DefaultFullHttpRequest(decodeResult: success, version: HTTP/1.1, content: EmptyByteBufBE)
GET /session/8520281d0c9fc8ef022406243e65f5d4/url HTTP/1.1
User-Agent: selenium/4.8.1 (java windows)
Cache-Control: no-cache
Content-Type: application/json; charset=utf-8
host: localhost:12528
accept: */*

Response DefaultHttpResponse(decodeResult: success, version: HTTP/1.1)
HTTP/1.1 200 OK
Content-Length: 46
Content-Type: application/json; charset=utf-8
cache-control: no-cache

10:13:04.577 [AsyncHttpClient-1-11] DEBUG org.asynchttpclient.netty.channel.ChannelManager - Adding key: http://localhost:12528 for channel [id: 0x593af363, L:/127.0.0.1:51749 - R:localhost/127.0.0.1:12528]
10:13:04.578 [Forwarding screenshot on session 8520281d0c9fc8ef022406243e65f5d4 to remote] DEBUG org.asynchttpclient.netty.request.NettyRequestSender - Using pooled Channel '[id: 0x593af363, L:/127.0.0.1:51749 - R:localhost/127.0.0.1:12528]' for 'GET' to 'http://localhost:12528/session/8520281d0c9fc8ef022406243e65f5d4/screenshot'
10:13:04.578 [Forwarding screenshot on session 8520281d0c9fc8ef022406243e65f5d4 to remote] DEBUG org.asynchttpclient.netty.request.NettyRequestSender - Using open Channel [id: 0x593af363, L:/127.0.0.1:51749 - R:localhost/127.0.0.1:12528] for GET '/session/8520281d0c9fc8ef022406243e65f5d4/screenshot'
10:13:04.685 [AsyncHttpClient-1-11] DEBUG org.asynchttpclient.netty.handler.HttpHandler - 

Request DefaultFullHttpRequest(decodeResult: success, version: HTTP/1.1, content: EmptyByteBufBE)
GET /session/8520281d0c9fc8ef022406243e65f5d4/screenshot HTTP/1.1
User-Agent: selenium/4.8.1 (java windows)
Cache-Control: no-cache
Content-Type: application/json; charset=utf-8
host: localhost:12528
accept: */*

Response DefaultHttpResponse(decodeResult: success, version: HTTP/1.1)
HTTP/1.1 200 OK
Content-Length: 40852
Content-Type: application/json; charset=utf-8
cache-control: no-cache

10:13:04.686 [AsyncHttpClient-1-11] DEBUG org.asynchttpclient.netty.channel.ChannelManager - Adding key: http://localhost:12528 for channel [id: 0x593af363, L:/127.0.0.1:51749 - R:localhost/127.0.0.1:12528]
10:13:04.687 [main] DEBUG net.serenitybdd.core.photography.Darkroom - Send negative for processing for target\site\serenity\736989e49d799edc524a0353d5ae4d5cebe7e22999502168e5e681557d4c7bf4.png
10:13:04.687 [main] DEBUG net.thucydides.core.steps.StepInterceptor - STEP DONE: clickCartIcon
10:13:04.687 [Darkroom Processing Line] DEBUG net.serenitybdd.core.photography.DarkroomProcessingLine - Processing screenshot image in /var/screenshots/screenshot-2358512092298056287
10:13:04.687 [Darkroom Processing Line] DEBUG net.serenitybdd.core.photography.DarkroomProcessingLine - Saving screenshot to target\site\serenity\736989e49d799edc524a0353d5ae4d5cebe7e22999502168e5e681557d4c7bf4.png
10:13:04.691 [Forwarding getPageSource on session 8520281d0c9fc8ef022406243e65f5d4 to remote] DEBUG org.asynchttpclient.netty.request.NettyRequestSender - Using pooled Channel '[id: 0x593af363, L:/127.0.0.1:51749 - R:localhost/127.0.0.1:12528]' for 'POST' to 'http://localhost:12528/session/8520281d0c9fc8ef022406243e65f5d4/execute/sync'
10:13:04.691 [Forwarding getPageSource on session 8520281d0c9fc8ef022406243e65f5d4 to remote] DEBUG org.asynchttpclient.netty.request.NettyRequestSender - Using open Channel [id: 0x593af363, L:/127.0.0.1:51749 - R:localhost/127.0.0.1:12528] for POST '/session/8520281d0c9fc8ef022406243e65f5d4/execute/sync'
10:13:04.695 [AsyncHttpClient-1-11] DEBUG org.asynchttpclient.netty.handler.HttpHandler - 

Request DefaultHttpRequest(decodeResult: success, version: HTTP/1.1)
POST /session/8520281d0c9fc8ef022406243e65f5d4/execute/sync HTTP/1.1
User-Agent: selenium/4.8.1 (java windows)
Content-Length: 176
Content-Type: application/json; charset=utf-8
host: localhost:12528
accept: */*

Response DefaultHttpResponse(decodeResult: success, version: HTTP/1.1)
HTTP/1.1 200 OK
Content-Length: 22289
Content-Type: application/json; charset=utf-8
cache-control: no-cache

10:13:04.695 [AsyncHttpClient-1-11] DEBUG org.asynchttpclient.netty.channel.ChannelManager - Adding key: http://localhost:12528 for channel [id: 0x593af363, L:/127.0.0.1:51749 - R:localhost/127.0.0.1:12528]
10:13:04.696 [Forwarding getCurrentUrl on session 8520281d0c9fc8ef022406243e65f5d4 to remote] DEBUG org.asynchttpclient.netty.request.NettyRequestSender - Using pooled Channel '[id: 0x593af363, L:/127.0.0.1:51749 - R:localhost/127.0.0.1:12528]' for 'GET' to 'http://localhost:12528/session/8520281d0c9fc8ef022406243e65f5d4/url'
10:13:04.696 [Forwarding getCurrentUrl on session 8520281d0c9fc8ef022406243e65f5d4 to remote] DEBUG org.asynchttpclient.netty.request.NettyRequestSender - Using open Channel [id: 0x593af363, L:/127.0.0.1:51749 - R:localhost/127.0.0.1:12528] for GET '/session/8520281d0c9fc8ef022406243e65f5d4/url'
10:13:04.698 [AsyncHttpClient-1-11] DEBUG org.asynchttpclient.netty.handler.HttpHandler - 

Request DefaultFullHttpRequest(decodeResult: success, version: HTTP/1.1, content: EmptyByteBufBE)
GET /session/8520281d0c9fc8ef022406243e65f5d4/url HTTP/1.1
User-Agent: selenium/4.8.1 (java windows)
Cache-Control: no-cache
Content-Type: application/json; charset=utf-8
host: localhost:12528
accept: */*

Response DefaultHttpResponse(decodeResult: success, version: HTTP/1.1)
HTTP/1.1 200 OK
Content-Length: 46
Content-Type: application/json; charset=utf-8
cache-control: no-cache

10:13:04.698 [AsyncHttpClient-1-11] DEBUG org.asynchttpclient.netty.channel.ChannelManager - Adding key: http://localhost:12528 for channel [id: 0x593af363, L:/127.0.0.1:51749 - R:localhost/127.0.0.1:12528]
10:13:04.699 [main] DEBUG net.thucydides.core.steps.StepInterceptor - STARTING STEP: ProductSteps.validateProductHasAdded - validateProductHasAdded
10:13:04.700 [Forwarding findElement on session 8520281d0c9fc8ef022406243e65f5d4 to remote] DEBUG org.asynchttpclient.netty.request.NettyRequestSender - Using pooled Channel '[id: 0x593af363, L:/127.0.0.1:51749 - R:localhost/127.0.0.1:12528]' for 'POST' to 'http://localhost:12528/session/8520281d0c9fc8ef022406243e65f5d4/element'
10:13:04.700 [Forwarding findElement on session 8520281d0c9fc8ef022406243e65f5d4 to remote] DEBUG org.asynchttpclient.netty.request.NettyRequestSender - Using open Channel [id: 0x593af363, L:/127.0.0.1:51749 - R:localhost/127.0.0.1:12528] for POST '/session/8520281d0c9fc8ef022406243e65f5d4/element'
10:13:04.709 [AsyncHttpClient-1-11] DEBUG org.asynchttpclient.netty.handler.HttpHandler - 

Request DefaultHttpRequest(decodeResult: success, version: HTTP/1.1)
POST /session/8520281d0c9fc8ef022406243e65f5d4/element HTTP/1.1
User-Agent: selenium/4.8.1 (java windows)
Content-Length: 58
Content-Type: application/json; charset=utf-8
host: localhost:12528
accept: */*

Response DefaultHttpResponse(decodeResult: success, version: HTTP/1.1)
HTTP/1.1 200 OK
Content-Length: 88
Content-Type: application/json; charset=utf-8
cache-control: no-cache

10:13:04.709 [AsyncHttpClient-1-11] DEBUG org.asynchttpclient.netty.channel.ChannelManager - Adding key: http://localhost:12528 for channel [id: 0x593af363, L:/127.0.0.1:51749 - R:localhost/127.0.0.1:12528]
10:13:04.711 [Forwarding isElementDisplayed on session 8520281d0c9fc8ef022406243e65f5d4 to remote] DEBUG org.asynchttpclient.netty.request.NettyRequestSender - Using pooled Channel '[id: 0x593af363, L:/127.0.0.1:51749 - R:localhost/127.0.0.1:12528]' for 'POST' to 'http://localhost:12528/session/8520281d0c9fc8ef022406243e65f5d4/execute/sync'
10:13:04.711 [Forwarding isElementDisplayed on session 8520281d0c9fc8ef022406243e65f5d4 to remote] DEBUG org.asynchttpclient.netty.request.NettyRequestSender - Using open Channel [id: 0x593af363, L:/127.0.0.1:51749 - R:localhost/127.0.0.1:12528] for POST '/session/8520281d0c9fc8ef022406243e65f5d4/execute/sync'
10:13:04.718 [AsyncHttpClient-1-11] DEBUG org.asynchttpclient.netty.handler.HttpHandler - 

Request DefaultHttpRequest(decodeResult: success, version: HTTP/1.1)
POST /session/8520281d0c9fc8ef022406243e65f5d4/execute/sync HTTP/1.1
User-Agent: selenium/4.8.1 (java windows)
Content-Length: 48807
Content-Type: application/json; charset=utf-8
host: localhost:12528
accept: */*

Response DefaultHttpResponse(decodeResult: success, version: HTTP/1.1)
HTTP/1.1 200 OK
Content-Length: 14
Content-Type: application/json; charset=utf-8
cache-control: no-cache

10:13:04.718 [AsyncHttpClient-1-11] DEBUG org.asynchttpclient.netty.channel.ChannelManager - Adding key: http://localhost:12528 for channel [id: 0x593af363, L:/127.0.0.1:51749 - R:localhost/127.0.0.1:12528]
10:13:04.721 [main] DEBUG net.thucydides.core.steps.StepInterceptor - STEP DONE: validateProductHasAdded
  &amp#27;[32mThen &amp#27;[0m&amp#27;[32mI should see the product in cart&amp#27;[0m                   &amp#27;[90m# starter.stepdefinitions.ProductSteps.validateProductHasAdded()&amp#27;[0m
10:13:04.723 [main] INFO  - 
  _____   ___   ___   _____     ___     _     ___   ___   ___   ___  
 |_   _| | __| / __| |_   _|   | _ \   /_\   / __| / __| | __| |   \ 
   | |   | _|  \__ \   | |     |  _/  / _ \  \__ \ \__ \ | _|  | |) |
   |_|   |___| |___/   |_|     |_|   /_/ \_\ |___/ |___/ |___| |___/ 

Add to cart by buy a product with login
----------------------------------------------------------------------
10:13:04.724 [AsyncHttpClient-1-13] DEBUG org.asynchttpclient.netty.handler.WebSocketHandler - Channel Closed: [id: 0xb841c87a, L:/127.0.0.1:51758 ! R:localhost/127.0.0.1:51750] with attribute NettyResponseFuture{currentRetry=0,
	isDone=1,
	isCancelled=0,
	asyncHandler=org.asynchttpclient.ws.WebSocketUpgradeHandler@9bd157e,
	nettyRequest=org.asynchttpclient.netty.request.NettyRequest@4d705517,
	future=java.util.concurrent.CompletableFuture@1ea01122[Completed normally],
	uri=ws://localhost:51750/devtools/browser/51331d25-a8bc-474f-a2f9-3382b71bdbfd,
	keepAlive=true,
	redirectCount=0,
	timeoutsHolder=null,
	inAuth=0,
	touch=1683429178542}
10:13:04.724 [AsyncHttpClient-1-13] DEBUG org.asynchttpclient.netty.channel.ChannelManager - Closing Channel [id: 0xb841c87a, L:/127.0.0.1:51758 ! R:localhost/127.0.0.1:51750] 
10:13:04.724 [Driver Command Executor] DEBUG org.asynchttpclient.netty.request.NettyRequestSender - Using pooled Channel '[id: 0x593af363, L:/127.0.0.1:51749 - R:localhost/127.0.0.1:12528]' for 'DELETE' to 'http://localhost:12528/session/8520281d0c9fc8ef022406243e65f5d4'
10:13:04.724 [Driver Command Executor] DEBUG org.asynchttpclient.netty.request.NettyRequestSender - Using open Channel [id: 0x593af363, L:/127.0.0.1:51749 - R:localhost/127.0.0.1:12528] for DELETE '/session/8520281d0c9fc8ef022406243e65f5d4'
10:13:04.831 [AsyncHttpClient-1-12] DEBUG org.asynchttpclient.netty.handler.HttpHandler - Unexpected I/O exception on channel [id: 0x0f8afc41, L:/127.0.0.1:51757 - R:localhost/127.0.0.1:51750]
java.io.IOException: An existing connection was forcibly closed by the remote host
	at java.base/sun.nio.ch.SocketDispatcher.read0(Native Method)
	at java.base/sun.nio.ch.SocketDispatcher.read(SocketDispatcher.java:43)
	at java.base/sun.nio.ch.IOUtil.readIntoNativeBuffer(IOUtil.java:276)
	at java.base/sun.nio.ch.IOUtil.read(IOUtil.java:233)
	at java.base/sun.nio.ch.IOUtil.read(IOUtil.java:223)
	at java.base/sun.nio.ch.SocketChannelImpl.read(SocketChannelImpl.java:358)
	at io.netty.buffer.PooledByteBuf.setBytes(PooledByteBuf.java:259)
	at io.netty.buffer.AbstractByteBuf.writeBytes(AbstractByteBuf.java:1132)
	at io.netty.channel.socket.nio.NioSocketChannel.doReadBytes(NioSocketChannel.java:357)
	at io.netty.channel.nio.AbstractNioByteChannel$NioByteUnsafe.read(AbstractNioByteChannel.java:151)
	at io.netty.channel.nio.NioEventLoop.processSelectedKey(NioEventLoop.java:788)
	at io.netty.channel.nio.NioEventLoop.processSelectedKeysOptimized(NioEventLoop.java:724)
	at io.netty.channel.nio.NioEventLoop.processSelectedKeys(NioEventLoop.java:650)
	at io.netty.channel.nio.NioEventLoop.run(NioEventLoop.java:562)
	at io.netty.util.concurrent.SingleThreadEventExecutor$4.run(SingleThreadEventExecutor.java:997)
	at io.netty.util.internal.ThreadExecutorMap$2.run(ThreadExecutorMap.java:74)
	at io.netty.util.concurrent.FastThreadLocalRunnable.run(FastThreadLocalRunnable.java:30)
	at java.base/java.lang.Thread.run(Thread.java:834)
10:13:04.831 [AsyncHttpClient-1-12] DEBUG org.asynchttpclient.netty.channel.ChannelManager - Closing Channel [id: 0x0f8afc41, L:/127.0.0.1:51757 - R:localhost/127.0.0.1:51750] 
10:13:04.831 [AsyncHttpClient-1-12] DEBUG org.asynchttpclient.netty.handler.HttpHandler - Channel Closed: [id: 0x0f8afc41, L:/127.0.0.1:51757 ! R:localhost/127.0.0.1:51750] with attribute DISCARD
10:13:04.867 [AsyncHttpClient-1-11] DEBUG org.asynchttpclient.netty.handler.HttpHandler - 

Request DefaultFullHttpRequest(decodeResult: success, version: HTTP/1.1, content: EmptyByteBufBE)
DELETE /session/8520281d0c9fc8ef022406243e65f5d4 HTTP/1.1
User-Agent: selenium/4.8.1 (java windows)
Content-Type: application/json; charset=utf-8
host: localhost:12528
accept: */*

Response DefaultHttpResponse(decodeResult: success, version: HTTP/1.1)
HTTP/1.1 200 OK
Content-Length: 14
Content-Type: application/json; charset=utf-8
cache-control: no-cache

10:13:04.868 [AsyncHttpClient-1-11] DEBUG org.asynchttpclient.netty.channel.ChannelManager - Adding key: http://localhost:12528 for channel [id: 0x593af363, L:/127.0.0.1:51749 - R:localhost/127.0.0.1:12528]
10:13:04.900 [AsyncHttpClient-1-11] DEBUG org.asynchttpclient.netty.handler.HttpHandler - Channel Closed: [id: 0x593af363, L:/127.0.0.1:51749 ! R:localhost/127.0.0.1:12528] with attribute DISCARD
]]></system-out>
    <system-err><![CDATA[Starting ChromeDriver 111.0.5563.64 (c710e93d5b63b7095afe8c2c17df34408078439d-refs/branch-heads/5563@{#995}) on port 12528
Only local connections are allowed.
Please see https://chromedriver.chromium.org/security-considerations for suggestions on keeping ChromeDriver safe.
ChromeDriver was started successfully.
May 07, 2023 10:12:58 AM org.openqa.selenium.devtools.CdpVersionFinder findNearestMatch
WARNING: Unable to find an exact match for CDP version 111, so returning the closest version found: 110
]]></system-err>
  </testcase>
  <testcase name="Add to cart by buy a product without login" classname="Product" time="0.182">
    <system-out><![CDATA[
Scenario: Add to cart by buy a product without login &amp#27;[90m# src/test/resources/features/4. Product.feature:13&amp#27;[0m
10:13:05.437 [main] DEBUG io.cucumber.core.plugin.SerenityReporter - Running feature from file:///D:/WebMinpro/code/minpro/src/test/resources/features/4.%20Product.feature
10:13:05.438 [main] INFO  - 
  _____   ___   ___   _____     ___   _____     _     ___   _____   ___   ___  
 |_   _| | __| / __| |_   _|   / __| |_   _|   /_\   | _ \ |_   _| | __| |   \ 
   | |   | _|  \__ \   | |     \__ \   | |    / _ \  |   /   | |   | _|  | |) |
   |_|   |___| |___/   |_|     |___/   |_|   /_/ \_\ |_|_\   |_|   |___| |___/ 

Add to cart by buy a product without login(product;add-to-cart-by-buy-a-product-without-login)
--------------------------------------------------------------------------------
10:13:05.457 [main] DEBUG net.thucydides.core.steps.StepInterceptor - STARTING STEP: ProductSteps.goToHomePage - clickToolbarTitle
10:13:05.461 [main] DEBUG net.thucydides.core.steps.StepInterceptor - STEP DONE: clickToolbarTitle
  &amp#27;[32mGiven &amp#27;[0m&amp#27;[32mI go to the alta-shop home page&amp#27;[0m              &amp#27;[90m# starter.stepdefinitions.ProductSteps.goToHomePage()&amp#27;[0m
10:13:05.464 [main] DEBUG net.thucydides.core.steps.StepInterceptor - STARTING STEP: ProductSteps.chooseTheProduct - validateTheProduct
10:13:05.485 [main] DEBUG net.thucydides.core.steps.StepInterceptor - STEP DONE: validateTheProduct
  &amp#27;[32mAnd &amp#27;[0m&amp#27;[32mI choose the product&amp#27;[0m                           &amp#27;[90m# starter.stepdefinitions.ProductSteps.chooseTheProduct()&amp#27;[0m
10:13:05.583 [main] DEBUG net.thucydides.core.steps.StepInterceptor - STARTING STEP: ProductSteps.clickBeliButton - clickBeliButton
10:13:05.593 [main] DEBUG net.thucydides.core.steps.StepInterceptor - STEP DONE: clickBeliButton
  &amp#27;[32mWhen &amp#27;[0m&amp#27;[32mI click BELI button from the product&amp#27;[0m          &amp#27;[90m# starter.stepdefinitions.ProductSteps.clickBeliButton()&amp#27;[0m
10:13:05.602 [AsyncHttpClient-1-1] DEBUG org.asynchttpclient.netty.channel.DefaultChannelPool - Entry count for : http://localhost:51750 : 1
10:13:05.603 [AsyncHttpClient-1-1] DEBUG org.asynchttpclient.netty.channel.DefaultChannelPool - Entry count for : http://localhost:12528 : 1
10:13:05.603 [AsyncHttpClient-1-1] DEBUG org.asynchttpclient.netty.channel.DefaultChannelPool - Adding Candidate expired Channel [id: 0x0f8afc41, L:/127.0.0.1:51757 ! R:localhost/127.0.0.1:51750] isIdleTimeoutExpired=false isRemotelyClosed=true isTtlExpired=false
10:13:05.603 [AsyncHttpClient-1-1] DEBUG org.asynchttpclient.netty.channel.DefaultChannelPool - Closing Idle Channel [id: 0x0f8afc41, L:/127.0.0.1:51757 ! R:localhost/127.0.0.1:51750]
10:13:05.603 [AsyncHttpClient-1-1] DEBUG org.asynchttpclient.netty.channel.DefaultChannelPool - Adding Candidate expired Channel [id: 0x593af363, L:/127.0.0.1:51749 ! R:localhost/127.0.0.1:12528] isIdleTimeoutExpired=false isRemotelyClosed=true isTtlExpired=false
10:13:05.603 [AsyncHttpClient-1-1] DEBUG org.asynchttpclient.netty.channel.DefaultChannelPool - Closing Idle Channel [id: 0x593af363, L:/127.0.0.1:51749 ! R:localhost/127.0.0.1:12528]
10:13:05.603 [AsyncHttpClient-1-1] DEBUG org.asynchttpclient.netty.channel.DefaultChannelPool - Closed 2 connections out of 2 in 0 ms
10:13:05.604 [main] DEBUG net.thucydides.core.steps.StepInterceptor - STARTING STEP: ProductSteps.validateOrderEmpty - clickCartIcon
10:13:05.609 [main] DEBUG net.thucydides.core.steps.StepInterceptor - STEP DONE: clickCartIcon
10:13:05.610 [main] DEBUG net.thucydides.core.steps.StepInterceptor - STARTING STEP: ProductSteps.validateOrderEmpty - validateOrderEmpty
10:13:05.612 [main] DEBUG net.thucydides.core.steps.StepInterceptor - STEP DONE: validateOrderEmpty
  &amp#27;[32mThen &amp#27;[0m&amp#27;[32mI shouldn't see the product in cart&amp#27;[0m           &amp#27;[90m# starter.stepdefinitions.ProductSteps.validateOrderEmpty()&amp#27;[0m
10:13:05.614 [main] INFO  - 
  _____   ___   ___   _____     ___     _     ___   ___   ___   ___  
 |_   _| | __| / __| |_   _|   | _ \   /_\   / __| / __| | __| |   \ 
   | |   | _|  \__ \   | |     |  _/  / _ \  \__ \ \__ \ | _|  | |) |
   |_|   |___| |___/   |_|     |_|   /_/ \_\ |___/ |___/ |___| |___/ 

Add to cart by buy a product without login
----------------------------------------------------------------------
]]></system-out>
  </testcase>
  <testcase name="Adding product from cart page" classname="Product" time="0.064">
    <system-out><![CDATA[
Scenario: Adding product from cart page            &amp#27;[90m# src/test/resources/features/4. Product.feature:19&amp#27;[0m
10:13:05.622 [main] DEBUG io.cucumber.core.plugin.SerenityReporter - Running feature from file:///D:/WebMinpro/code/minpro/src/test/resources/features/4.%20Product.feature
10:13:05.625 [main] INFO  - 
  _____   ___   ___   _____     ___   _____     _     ___   _____   ___   ___  
 |_   _| | __| / __| |_   _|   / __| |_   _|   /_\   | _ \ |_   _| | __| |   \ 
   | |   | _|  \__ \   | |     \__ \   | |    / _ \  |   /   | |   | _|  | |) |
   |_|   |___| |___/   |_|     |___/   |_|   /_/ \_\ |_|_\   |_|   |___| |___/ 

Adding product from cart page(product;adding-product-from-cart-page)
--------------------------------------------------------------------------------
10:13:05.653 [main] DEBUG net.thucydides.core.steps.StepInterceptor - STARTING STEP: ProductSteps.goToHomePage - clickToolbarTitle
10:13:05.656 [main] DEBUG net.thucydides.core.steps.StepInterceptor - STEP DONE: clickToolbarTitle
  &amp#27;[32mGiven &amp#27;[0m&amp#27;[32mI go to the alta-shop home page&amp#27;[0m            &amp#27;[90m# starter.stepdefinitions.ProductSteps.goToHomePage()&amp#27;[0m
10:13:05.660 [main] DEBUG net.thucydides.core.steps.StepInterceptor - STARTING STEP: ProductSteps.chooseTheProduct - validateTheProduct
10:13:05.661 [main] DEBUG net.thucydides.core.steps.StepInterceptor - STEP DONE: validateTheProduct
  &amp#27;[32mAnd &amp#27;[0m&amp#27;[32mI choose the product&amp#27;[0m                         &amp#27;[90m# starter.stepdefinitions.ProductSteps.chooseTheProduct()&amp#27;[0m
10:13:05.664 [main] DEBUG net.thucydides.core.steps.StepInterceptor - STARTING STEP: ProductSteps.clickBeliButton - clickBeliButton
10:13:05.666 [main] DEBUG net.thucydides.core.steps.StepInterceptor - STEP DONE: clickBeliButton
  &amp#27;[32mWhen &amp#27;[0m&amp#27;[32mI click BELI button from the product&amp#27;[0m        &amp#27;[90m# starter.stepdefinitions.ProductSteps.clickBeliButton()&amp#27;[0m
10:13:05.671 [main] DEBUG net.thucydides.core.steps.StepInterceptor - STARTING STEP: ProductSteps.clickIncreaseProduct - clickIncreaseProduct
10:13:05.674 [main] DEBUG net.thucydides.core.steps.StepInterceptor - STEP DONE: clickIncreaseProduct
  &amp#27;[32mAnd &amp#27;[0m&amp#27;[32mI am adding 1 product in order page&amp#27;[0m          &amp#27;[90m# starter.stepdefinitions.ProductSteps.clickIncreaseProduct()&amp#27;[0m
10:13:05.677 [main] DEBUG net.thucydides.core.steps.StepInterceptor - STARTING STEP: ProductSteps.validateQuantityIncreased - validateQuantityIncreased
10:13:05.678 [main] DEBUG net.thucydides.core.steps.StepInterceptor - STEP DONE: validateQuantityIncreased
  &amp#27;[32mThen &amp#27;[0m&amp#27;[32mI should see that the product has increased&amp#27;[0m &amp#27;[90m# starter.stepdefinitions.ProductSteps.validateQuantityIncreased()&amp#27;[0m
10:13:05.679 [main] INFO  - 
  _____   ___   ___   _____     ___     _     ___   ___   ___   ___  
 |_   _| | __| / __| |_   _|   | _ \   /_\   / __| / __| | __| |   \ 
   | |   | _|  \__ \   | |     |  _/  / _ \  \__ \ \__ \ | _|  | |) |
   |_|   |___| |___/   |_|     |_|   /_/ \_\ |___/ |___/ |___| |___/ 

Adding product from cart page
----------------------------------------------------------------------
]]></system-out>
  </testcase>
  <testcase name="Reducing product from cart page" classname="Product" time="0.066">
    <system-out><![CDATA[
Scenario: Reducing product from cart page        &amp#27;[90m# src/test/resources/features/4. Product.feature:26&amp#27;[0m
10:13:05.684 [main] DEBUG io.cucumber.core.plugin.SerenityReporter - Running feature from file:///D:/WebMinpro/code/minpro/src/test/resources/features/4.%20Product.feature
10:13:05.685 [main] INFO  - 
  _____   ___   ___   _____     ___   _____     _     ___   _____   ___   ___  
 |_   _| | __| / __| |_   _|   / __| |_   _|   /_\   | _ \ |_   _| | __| |   \ 
   | |   | _|  \__ \   | |     \__ \   | |    / _ \  |   /   | |   | _|  | |) |
   |_|   |___| |___/   |_|     |___/   |_|   /_/ \_\ |_|_\   |_|   |___| |___/ 

Reducing product from cart page(product;reducing-product-from-cart-page)
--------------------------------------------------------------------------------
10:13:05.708 [main] DEBUG net.thucydides.core.steps.StepInterceptor - STARTING STEP: ProductSteps.goToHomePage - clickToolbarTitle
10:13:05.713 [main] DEBUG net.thucydides.core.steps.StepInterceptor - STEP DONE: clickToolbarTitle
  &amp#27;[32mGiven &amp#27;[0m&amp#27;[32mI go to the alta-shop home page&amp#27;[0m          &amp#27;[90m# starter.stepdefinitions.ProductSteps.goToHomePage()&amp#27;[0m
10:13:05.716 [main] DEBUG net.thucydides.core.steps.StepInterceptor - STARTING STEP: ProductSteps.chooseTheProduct - validateTheProduct
10:13:05.718 [main] DEBUG net.thucydides.core.steps.StepInterceptor - STEP DONE: validateTheProduct
  &amp#27;[32mAnd &amp#27;[0m&amp#27;[32mI choose the product&amp#27;[0m                       &amp#27;[90m# starter.stepdefinitions.ProductSteps.chooseTheProduct()&amp#27;[0m
10:13:05.722 [main] DEBUG net.thucydides.core.steps.StepInterceptor - STARTING STEP: ProductSteps.clickBeliButton - clickBeliButton
10:13:05.726 [main] DEBUG net.thucydides.core.steps.StepInterceptor - STEP DONE: clickBeliButton
  &amp#27;[32mWhen &amp#27;[0m&amp#27;[32mI click BELI button from the product&amp#27;[0m      &amp#27;[90m# starter.stepdefinitions.ProductSteps.clickBeliButton()&amp#27;[0m
10:13:05.732 [main] DEBUG net.thucydides.core.steps.StepInterceptor - STARTING STEP: ProductSteps.clickReducedProduct - clickReduceProduct
10:13:05.737 [main] DEBUG net.thucydides.core.steps.StepInterceptor - STEP DONE: clickReduceProduct
  &amp#27;[32mAnd &amp#27;[0m&amp#27;[32mI am reducing 1 product in order page&amp#27;[0m      &amp#27;[90m# starter.stepdefinitions.ProductSteps.clickReducedProduct()&amp#27;[0m
10:13:05.742 [main] DEBUG net.thucydides.core.steps.StepInterceptor - STARTING STEP: ProductSteps.validateQuantityReduced - validateQuantityReduced
10:13:05.743 [main] DEBUG net.thucydides.core.steps.StepInterceptor - STEP DONE: validateQuantityReduced
  &amp#27;[32mThen &amp#27;[0m&amp#27;[32mI should see that the product has reduced&amp#27;[0m &amp#27;[90m# starter.stepdefinitions.ProductSteps.validateQuantityReduced()&amp#27;[0m
10:13:05.745 [main] INFO  - 
  _____   ___   ___   _____     ___     _     ___   ___   ___   ___  
 |_   _| | __| / __| |_   _|   | _ \   /_\   / __| / __| | __| |   \ 
   | |   | _|  \__ \   | |     |  _/  / _ \  \__ \ \__ \ | _|  | |) |
   |_|   |___| |___/   |_|     |_|   /_/ \_\ |___/ |___/ |___| |___/ 

Reducing product from cart page
----------------------------------------------------------------------
]]></system-out>
  </testcase>
  <testcase name="View product detail" classname="Product" time="0.062">
    <system-out><![CDATA[
Scenario: View product detail                 &amp#27;[90m# src/test/resources/features/4. Product.feature:33&amp#27;[0m
10:13:05.749 [main] DEBUG io.cucumber.core.plugin.SerenityReporter - Running feature from file:///D:/WebMinpro/code/minpro/src/test/resources/features/4.%20Product.feature
10:13:05.751 [main] INFO  - 
  _____   ___   ___   _____     ___   _____     _     ___   _____   ___   ___  
 |_   _| | __| / __| |_   _|   / __| |_   _|   /_\   | _ \ |_   _| | __| |   \ 
   | |   | _|  \__ \   | |     \__ \   | |    / _ \  |   /   | |   | _|  | |) |
   |_|   |___| |___/   |_|     |___/   |_|   /_/ \_\ |_|_\   |_|   |___| |___/ 

View product detail(product;view-product-detail)
--------------------------------------------------------------------------------
10:13:05.780 [main] DEBUG net.thucydides.core.steps.StepInterceptor - STARTING STEP: ProductSteps.goToHomePage - clickToolbarTitle
10:13:05.785 [main] DEBUG net.thucydides.core.steps.StepInterceptor - STEP DONE: clickToolbarTitle
  &amp#27;[32mGiven &amp#27;[0m&amp#27;[32mI go to the alta-shop home page&amp#27;[0m       &amp#27;[90m# starter.stepdefinitions.ProductSteps.goToHomePage()&amp#27;[0m
10:13:05.789 [main] DEBUG net.thucydides.core.steps.StepInterceptor - STARTING STEP: ProductSteps.chooseTheProduct - validateTheProduct
10:13:05.791 [main] DEBUG net.thucydides.core.steps.StepInterceptor - STEP DONE: validateTheProduct
  &amp#27;[32mAnd &amp#27;[0m&amp#27;[32mI choose the product&amp#27;[0m                    &amp#27;[90m# starter.stepdefinitions.ProductSteps.chooseTheProduct()&amp#27;[0m
10:13:05.795 [main] DEBUG net.thucydides.core.steps.StepInterceptor - STARTING STEP: ProductSteps.clickDetailButton - clickDetailButton
10:13:05.799 [main] DEBUG net.thucydides.core.steps.StepInterceptor - STEP DONE: clickDetailButton
  &amp#27;[32mWhen &amp#27;[0m&amp#27;[32mI click DETAIL button from the product&amp#27;[0m &amp#27;[90m# starter.stepdefinitions.ProductSteps.clickDetailButton()&amp#27;[0m
10:13:05.804 [main] DEBUG net.thucydides.core.steps.StepInterceptor - STARTING STEP: ProductSteps.validateOnDetailProductPage - validateOnDetailProductPage
10:13:05.805 [main] DEBUG net.thucydides.core.steps.StepInterceptor - STEP DONE: validateOnDetailProductPage
  &amp#27;[32mThen &amp#27;[0m&amp#27;[32mI should see detail of the product&amp#27;[0m     &amp#27;[90m# starter.stepdefinitions.ProductSteps.validateOnDetailProductPage()&amp#27;[0m
10:13:05.807 [main] INFO  - 
  _____   ___   ___   _____     ___     _     ___   ___   ___   ___  
 |_   _| | __| / __| |_   _|   | _ \   /_\   / __| / __| | __| |   \ 
   | |   | _|  \__ \   | |     |  _/  / _ \  \__ \ \__ \ | _|  | |) |
   |_|   |___| |___/   |_|     |_|   /_/ \_\ |___/ |___/ |___| |___/ 

View product detail
----------------------------------------------------------------------
]]></system-out>
  </testcase>
  <testcase name="Select category" classname="Category" time="5.341">
    <system-out><![CDATA[10:13:05.808 [main] DEBUG io.cucumber.core.plugin.SerenityReporter - Running feature from file:///D:/WebMinpro/code/minpro/src/test/resources/features/5.%20Category.feature
10:13:05.810 [main] DEBUG net.thucydides.core.steps.StepEventBus - Test suite started for story net.thucydides.core.model.Story@5255d4d2
10:13:05.811 [main] INFO  - Test Suite Started: Category

Scenario: Select category                                &amp#27;[90m# src/test/resources/features/5. Category.feature:7&amp#27;[0m
10:13:05.815 [main] DEBUG io.cucumber.core.plugin.SerenityReporter - Running feature from file:///D:/WebMinpro/code/minpro/src/test/resources/features/5.%20Category.feature
10:13:05.817 [main] INFO  - 
  _____   ___   ___   _____     ___   _____     _     ___   _____   ___   ___  
 |_   _| | __| / __| |_   _|   / __| |_   _|   /_\   | _ \ |_   _| | __| |   \ 
   | |   | _|  \__ \   | |     \__ \   | |    / _ \  |   /   | |   | _|  | |) |
   |_|   |___| |___/   |_|     |___/   |_|   /_/ \_\ |_|_\   |_|   |___| |___/ 

Select category(category;select-category)
--------------------------------------------------------------------------------
10:13:05.839 [main] DEBUG net.thucydides.core.steps.StepInterceptor - STARTING STEP: CategorySteps.goToHomePage - openPage
10:13:05.901 [main] INFO net.serenitybdd.core.webdriver.driverproviders.ChromeDriverProvider - Starting Chrome driver instance with capabilities:
10:13:05.901 [main] INFO net.serenitybdd.core.webdriver.driverproviders.ChromeDriverProvider - Capabilities {acceptInsecureCerts: false, browserName: chrome, goog:chromeOptions: {args: [remote-allow-origins=*], extensions: []}}
10:13:06.483 [AsyncHttpClient-1-14] DEBUG org.asynchttpclient.netty.channel.NettyConnectListener - Using new Channel '[id: 0x683d6dd2, L:/127.0.0.1:51782 - R:localhost/127.0.0.1:40561]' for 'POST' to '/session'
10:13:07.196 [AsyncHttpClient-1-14] DEBUG org.asynchttpclient.netty.handler.HttpHandler - 

Request DefaultHttpRequest(decodeResult: success, version: HTTP/1.1)
POST /session HTTP/1.1
User-Agent: selenium/4.8.1 (java windows)
Content-Length: 507
Content-Type: application/json; charset=utf-8
host: localhost:40561
accept: */*

Response DefaultHttpResponse(decodeResult: success, version: HTTP/1.1)
HTTP/1.1 200 OK
Content-Length: 859
Content-Type: application/json; charset=utf-8
cache-control: no-cache

10:13:07.196 [AsyncHttpClient-1-14] DEBUG org.asynchttpclient.netty.channel.ChannelManager - Adding key: http://localhost:40561 for channel [id: 0x683d6dd2, L:/127.0.0.1:51782 - R:localhost/127.0.0.1:40561]
10:13:07.202 [AsyncHttpClient-1-15] DEBUG org.asynchttpclient.netty.channel.NettyConnectListener - Using new Channel '[id: 0xbf676d79, L:/127.0.0.1:51789 - R:localhost/127.0.0.1:51783]' for 'GET' to '/json/version'
10:13:07.202 [AsyncHttpClient-1-15] DEBUG org.asynchttpclient.netty.handler.HttpHandler - 

Request DefaultFullHttpRequest(decodeResult: success, version: HTTP/1.1, content: EmptyByteBufBE)
GET /json/version HTTP/1.1
User-Agent: selenium/4.8.1 (java windows)
host: localhost:51783
accept: */*

Response DefaultHttpResponse(decodeResult: success, version: HTTP/1.1)
HTTP/1.1 200 OK
Content-Security-Policy: frame-ancestors 'none'
Content-Length: 424
Content-Type: application/json; charset=UTF-8

10:13:07.202 [AsyncHttpClient-1-15] DEBUG org.asynchttpclient.netty.channel.ChannelManager - Adding key: http://localhost:51783 for channel [id: 0xbf676d79, L:/127.0.0.1:51789 - R:localhost/127.0.0.1:51783]
10:13:07.204 [AsyncHttpClient-1-16] DEBUG org.asynchttpclient.netty.channel.NettyConnectListener - Using new Channel '[id: 0x6f4632e1, L:/127.0.0.1:51790 - R:localhost/127.0.0.1:51783]' for 'GET' to '/devtools/browser/83f24010-8df3-4f25-a644-6d6d0cdcc4d1'
10:13:07.204 [AsyncHttpClient-1-16] DEBUG org.asynchttpclient.netty.handler.WebSocketHandler - 

Request DefaultFullHttpRequest(decodeResult: success, version: HTTP/1.1, content: EmptyByteBufBE)
GET /devtools/browser/83f24010-8df3-4f25-a644-6d6d0cdcc4d1 HTTP/1.1
upgrade: websocket
connection: upgrade
sec-websocket-key: XLxgFtIrNJkggc8IZzVb8w==
sec-websocket-version: 13
origin: http://localhost:51783
host: localhost:51783
accept: */*
user-agent: AHC/2.1

Response DefaultHttpResponse(decodeResult: success, version: HTTP/1.1)
HTTP/1.1 101 WebSocket Protocol Handshake
Upgrade: WebSocket
Connection: Upgrade
Sec-WebSocket-Accept: u8PrYr0Ncy/G6QMw247fQOH0G6A=

10:13:07.207 [Forwarding get on session e3f6c19bfdf271bd8f22d9a603ed12a4 to remote] DEBUG org.asynchttpclient.netty.request.NettyRequestSender - Using pooled Channel '[id: 0x683d6dd2, L:/127.0.0.1:51782 - R:localhost/127.0.0.1:40561]' for 'POST' to 'http://localhost:40561/session/e3f6c19bfdf271bd8f22d9a603ed12a4/url'
10:13:07.207 [Forwarding get on session e3f6c19bfdf271bd8f22d9a603ed12a4 to remote] DEBUG org.asynchttpclient.netty.request.NettyRequestSender - Using open Channel [id: 0x683d6dd2, L:/127.0.0.1:51782 - R:localhost/127.0.0.1:40561] for POST '/session/e3f6c19bfdf271bd8f22d9a603ed12a4/url'
10:13:07.800 [AsyncHttpClient-1-1] DEBUG org.asynchttpclient.netty.channel.DefaultChannelPool - Entry count for : http://localhost:51783 : 1
10:13:08.242 [AsyncHttpClient-1-14] DEBUG org.asynchttpclient.netty.handler.HttpHandler - 

Request DefaultHttpRequest(decodeResult: success, version: HTTP/1.1)
POST /session/e3f6c19bfdf271bd8f22d9a603ed12a4/url HTTP/1.1
User-Agent: selenium/4.8.1 (java windows)
Content-Length: 74
Content-Type: application/json; charset=utf-8
host: localhost:40561
accept: */*

Response DefaultHttpResponse(decodeResult: success, version: HTTP/1.1)
HTTP/1.1 200 OK
Content-Length: 14
Content-Type: application/json; charset=utf-8
cache-control: no-cache

10:13:08.242 [AsyncHttpClient-1-14] DEBUG org.asynchttpclient.netty.channel.ChannelManager - Adding key: http://localhost:40561 for channel [id: 0x683d6dd2, L:/127.0.0.1:51782 - R:localhost/127.0.0.1:40561]
10:13:08.242 [Forwarding setTimeout on session e3f6c19bfdf271bd8f22d9a603ed12a4 to remote] DEBUG org.asynchttpclient.netty.request.NettyRequestSender - Using pooled Channel '[id: 0x683d6dd2, L:/127.0.0.1:51782 - R:localhost/127.0.0.1:40561]' for 'POST' to 'http://localhost:40561/session/e3f6c19bfdf271bd8f22d9a603ed12a4/timeouts'
10:13:08.242 [Forwarding setTimeout on session e3f6c19bfdf271bd8f22d9a603ed12a4 to remote] DEBUG org.asynchttpclient.netty.request.NettyRequestSender - Using open Channel [id: 0x683d6dd2, L:/127.0.0.1:51782 - R:localhost/127.0.0.1:40561] for POST '/session/e3f6c19bfdf271bd8f22d9a603ed12a4/timeouts'
10:13:08.243 [AsyncHttpClient-1-14] DEBUG org.asynchttpclient.netty.handler.HttpHandler - 

Request DefaultHttpRequest(decodeResult: success, version: HTTP/1.1)
POST /session/e3f6c19bfdf271bd8f22d9a603ed12a4/timeouts HTTP/1.1
User-Agent: selenium/4.8.1 (java windows)
Content-Length: 22
Content-Type: application/json; charset=utf-8
host: localhost:40561
accept: */*

Response DefaultHttpResponse(decodeResult: success, version: HTTP/1.1)
HTTP/1.1 200 OK
Content-Length: 14
Content-Type: application/json; charset=utf-8
cache-control: no-cache

10:13:08.243 [AsyncHttpClient-1-14] DEBUG org.asynchttpclient.netty.channel.ChannelManager - Adding key: http://localhost:40561 for channel [id: 0x683d6dd2, L:/127.0.0.1:51782 - R:localhost/127.0.0.1:40561]
10:13:08.246 [main] DEBUG net.serenitybdd.core.photography.Darkroom - Opening darkroom
10:13:08.246 [Darkroom Processing Line] DEBUG net.serenitybdd.core.photography.DarkroomProcessingLine - Darkroom processing line starting up
10:13:08.247 [Forwarding getAlertText on session e3f6c19bfdf271bd8f22d9a603ed12a4 to remote] DEBUG org.asynchttpclient.netty.request.NettyRequestSender - Using pooled Channel '[id: 0x683d6dd2, L:/127.0.0.1:51782 - R:localhost/127.0.0.1:40561]' for 'GET' to 'http://localhost:40561/session/e3f6c19bfdf271bd8f22d9a603ed12a4/alert/text'
10:13:08.247 [Forwarding getAlertText on session e3f6c19bfdf271bd8f22d9a603ed12a4 to remote] DEBUG org.asynchttpclient.netty.request.NettyRequestSender - Using open Channel [id: 0x683d6dd2, L:/127.0.0.1:51782 - R:localhost/127.0.0.1:40561] for GET '/session/e3f6c19bfdf271bd8f22d9a603ed12a4/alert/text'
10:13:08.248 [AsyncHttpClient-1-14] DEBUG org.asynchttpclient.netty.handler.HttpHandler - 

Request DefaultFullHttpRequest(decodeResult: success, version: HTTP/1.1, content: EmptyByteBufBE)
GET /session/e3f6c19bfdf271bd8f22d9a603ed12a4/alert/text HTTP/1.1
User-Agent: selenium/4.8.1 (java windows)
Cache-Control: no-cache
Content-Type: application/json; charset=utf-8
host: localhost:40561
accept: */*

Response DefaultHttpResponse(decodeResult: success, version: HTTP/1.1)
HTTP/1.1 404 Not Found
Content-Length: 836
Content-Type: application/json; charset=utf-8
cache-control: no-cache

10:13:08.248 [AsyncHttpClient-1-14] DEBUG org.asynchttpclient.netty.channel.ChannelManager - Adding key: http://localhost:40561 for channel [id: 0x683d6dd2, L:/127.0.0.1:51782 - R:localhost/127.0.0.1:40561]
10:13:08.248 [Forwarding getCurrentUrl on session e3f6c19bfdf271bd8f22d9a603ed12a4 to remote] DEBUG org.asynchttpclient.netty.request.NettyRequestSender - Using pooled Channel '[id: 0x683d6dd2, L:/127.0.0.1:51782 - R:localhost/127.0.0.1:40561]' for 'GET' to 'http://localhost:40561/session/e3f6c19bfdf271bd8f22d9a603ed12a4/url'
10:13:08.248 [Forwarding getCurrentUrl on session e3f6c19bfdf271bd8f22d9a603ed12a4 to remote] DEBUG org.asynchttpclient.netty.request.NettyRequestSender - Using open Channel [id: 0x683d6dd2, L:/127.0.0.1:51782 - R:localhost/127.0.0.1:40561] for GET '/session/e3f6c19bfdf271bd8f22d9a603ed12a4/url'
10:13:08.251 [AsyncHttpClient-1-14] DEBUG org.asynchttpclient.netty.handler.HttpHandler - 

Request DefaultFullHttpRequest(decodeResult: success, version: HTTP/1.1, content: EmptyByteBufBE)
GET /session/e3f6c19bfdf271bd8f22d9a603ed12a4/url HTTP/1.1
User-Agent: selenium/4.8.1 (java windows)
Cache-Control: no-cache
Content-Type: application/json; charset=utf-8
host: localhost:40561
accept: */*

Response DefaultHttpResponse(decodeResult: success, version: HTTP/1.1)
HTTP/1.1 200 OK
Content-Length: 51
Content-Type: application/json; charset=utf-8
cache-control: no-cache

10:13:08.251 [AsyncHttpClient-1-14] DEBUG org.asynchttpclient.netty.channel.ChannelManager - Adding key: http://localhost:40561 for channel [id: 0x683d6dd2, L:/127.0.0.1:51782 - R:localhost/127.0.0.1:40561]
10:13:08.251 [Forwarding screenshot on session e3f6c19bfdf271bd8f22d9a603ed12a4 to remote] DEBUG org.asynchttpclient.netty.request.NettyRequestSender - Using pooled Channel '[id: 0x683d6dd2, L:/127.0.0.1:51782 - R:localhost/127.0.0.1:40561]' for 'GET' to 'http://localhost:40561/session/e3f6c19bfdf271bd8f22d9a603ed12a4/screenshot'
10:13:08.251 [Forwarding screenshot on session e3f6c19bfdf271bd8f22d9a603ed12a4 to remote] DEBUG org.asynchttpclient.netty.request.NettyRequestSender - Using open Channel [id: 0x683d6dd2, L:/127.0.0.1:51782 - R:localhost/127.0.0.1:40561] for GET '/session/e3f6c19bfdf271bd8f22d9a603ed12a4/screenshot'
10:13:08.377 [AsyncHttpClient-1-14] DEBUG org.asynchttpclient.netty.handler.HttpHandler - 

Request DefaultFullHttpRequest(decodeResult: success, version: HTTP/1.1, content: EmptyByteBufBE)
GET /session/e3f6c19bfdf271bd8f22d9a603ed12a4/screenshot HTTP/1.1
User-Agent: selenium/4.8.1 (java windows)
Cache-Control: no-cache
Content-Type: application/json; charset=utf-8
host: localhost:40561
accept: */*

Response DefaultHttpResponse(decodeResult: success, version: HTTP/1.1)
HTTP/1.1 200 OK
Content-Length: 32748
Content-Type: application/json; charset=utf-8
cache-control: no-cache

10:13:08.377 [AsyncHttpClient-1-14] DEBUG org.asynchttpclient.netty.channel.ChannelManager - Adding key: http://localhost:40561 for channel [id: 0x683d6dd2, L:/127.0.0.1:51782 - R:localhost/127.0.0.1:40561]
10:13:08.378 [main] DEBUG net.serenitybdd.core.photography.Darkroom - Send negative for processing for target\site\serenity\838a118defe8b2c78f320792ccc0dfcdbc689f4090a216cf0baf82906188e658.png
10:13:08.378 [main] DEBUG net.thucydides.core.steps.StepInterceptor - STEP DONE: openPage
10:13:08.382 [Forwarding getPageSource on session e3f6c19bfdf271bd8f22d9a603ed12a4 to remote] DEBUG org.asynchttpclient.netty.request.NettyRequestSender - Using pooled Channel '[id: 0x683d6dd2, L:/127.0.0.1:51782 - R:localhost/127.0.0.1:40561]' for 'POST' to 'http://localhost:40561/session/e3f6c19bfdf271bd8f22d9a603ed12a4/execute/sync'
10:13:08.382 [Forwarding getPageSource on session e3f6c19bfdf271bd8f22d9a603ed12a4 to remote] DEBUG org.asynchttpclient.netty.request.NettyRequestSender - Using open Channel [id: 0x683d6dd2, L:/127.0.0.1:51782 - R:localhost/127.0.0.1:40561] for POST '/session/e3f6c19bfdf271bd8f22d9a603ed12a4/execute/sync'
10:13:08.386 [AsyncHttpClient-1-14] DEBUG org.asynchttpclient.netty.handler.HttpHandler - 

Request DefaultHttpRequest(decodeResult: success, version: HTTP/1.1)
POST /session/e3f6c19bfdf271bd8f22d9a603ed12a4/execute/sync HTTP/1.1
User-Agent: selenium/4.8.1 (java windows)
Content-Length: 176
Content-Type: application/json; charset=utf-8
host: localhost:40561
accept: */*

Response DefaultHttpResponse(decodeResult: success, version: HTTP/1.1)
HTTP/1.1 200 OK
Content-Length: 21659
Content-Type: application/json; charset=utf-8
cache-control: no-cache

10:13:08.386 [AsyncHttpClient-1-14] DEBUG org.asynchttpclient.netty.channel.ChannelManager - Adding key: http://localhost:40561 for channel [id: 0x683d6dd2, L:/127.0.0.1:51782 - R:localhost/127.0.0.1:40561]
10:13:08.387 [Forwarding getCurrentUrl on session e3f6c19bfdf271bd8f22d9a603ed12a4 to remote] DEBUG org.asynchttpclient.netty.request.NettyRequestSender - Using pooled Channel '[id: 0x683d6dd2, L:/127.0.0.1:51782 - R:localhost/127.0.0.1:40561]' for 'GET' to 'http://localhost:40561/session/e3f6c19bfdf271bd8f22d9a603ed12a4/url'
10:13:08.387 [Forwarding getCurrentUrl on session e3f6c19bfdf271bd8f22d9a603ed12a4 to remote] DEBUG org.asynchttpclient.netty.request.NettyRequestSender - Using open Channel [id: 0x683d6dd2, L:/127.0.0.1:51782 - R:localhost/127.0.0.1:40561] for GET '/session/e3f6c19bfdf271bd8f22d9a603ed12a4/url'
10:13:08.389 [AsyncHttpClient-1-14] DEBUG org.asynchttpclient.netty.handler.HttpHandler - 

Request DefaultFullHttpRequest(decodeResult: success, version: HTTP/1.1, content: EmptyByteBufBE)
GET /session/e3f6c19bfdf271bd8f22d9a603ed12a4/url HTTP/1.1
User-Agent: selenium/4.8.1 (java windows)
Cache-Control: no-cache
Content-Type: application/json; charset=utf-8
host: localhost:40561
accept: */*

Response DefaultHttpResponse(decodeResult: success, version: HTTP/1.1)
HTTP/1.1 200 OK
Content-Length: 51
Content-Type: application/json; charset=utf-8
cache-control: no-cache

10:13:08.389 [AsyncHttpClient-1-14] DEBUG org.asynchttpclient.netty.channel.ChannelManager - Adding key: http://localhost:40561 for channel [id: 0x683d6dd2, L:/127.0.0.1:51782 - R:localhost/127.0.0.1:40561]
10:13:08.390 [main] DEBUG net.thucydides.core.steps.StepInterceptor - STARTING STEP: CategorySteps.goToHomePage - clickToolbarTitle
10:13:08.397 [Forwarding findElement on session e3f6c19bfdf271bd8f22d9a603ed12a4 to remote] DEBUG org.asynchttpclient.netty.request.NettyRequestSender - Using pooled Channel '[id: 0x683d6dd2, L:/127.0.0.1:51782 - R:localhost/127.0.0.1:40561]' for 'POST' to 'http://localhost:40561/session/e3f6c19bfdf271bd8f22d9a603ed12a4/element'
10:13:08.397 [Forwarding findElement on session e3f6c19bfdf271bd8f22d9a603ed12a4 to remote] DEBUG org.asynchttpclient.netty.request.NettyRequestSender - Using open Channel [id: 0x683d6dd2, L:/127.0.0.1:51782 - R:localhost/127.0.0.1:40561] for POST '/session/e3f6c19bfdf271bd8f22d9a603ed12a4/element'
10:13:08.406 [AsyncHttpClient-1-14] DEBUG org.asynchttpclient.netty.handler.HttpHandler - 

Request DefaultHttpRequest(decodeResult: success, version: HTTP/1.1)
POST /session/e3f6c19bfdf271bd8f22d9a603ed12a4/element HTTP/1.1
User-Agent: selenium/4.8.1 (java windows)
Content-Length: 63
Content-Type: application/json; charset=utf-8
host: localhost:40561
accept: */*

Response DefaultHttpResponse(decodeResult: success, version: HTTP/1.1)
HTTP/1.1 200 OK
Content-Length: 88
Content-Type: application/json; charset=utf-8
cache-control: no-cache

10:13:08.406 [AsyncHttpClient-1-14] DEBUG org.asynchttpclient.netty.channel.ChannelManager - Adding key: http://localhost:40561 for channel [id: 0x683d6dd2, L:/127.0.0.1:51782 - R:localhost/127.0.0.1:40561]
10:13:08.406 [Forwarding getElementTagName on session e3f6c19bfdf271bd8f22d9a603ed12a4 to remote] DEBUG org.asynchttpclient.netty.request.NettyRequestSender - Using pooled Channel '[id: 0x683d6dd2, L:/127.0.0.1:51782 - R:localhost/127.0.0.1:40561]' for 'GET' to 'http://localhost:40561/session/e3f6c19bfdf271bd8f22d9a603ed12a4/element/d0a14f85-315b-4391-86b0-5365b8f96590/name'
10:13:08.406 [Forwarding getElementTagName on session e3f6c19bfdf271bd8f22d9a603ed12a4 to remote] DEBUG org.asynchttpclient.netty.request.NettyRequestSender - Using open Channel [id: 0x683d6dd2, L:/127.0.0.1:51782 - R:localhost/127.0.0.1:40561] for GET '/session/e3f6c19bfdf271bd8f22d9a603ed12a4/element/d0a14f85-315b-4391-86b0-5365b8f96590/name'
10:13:08.409 [AsyncHttpClient-1-14] DEBUG org.asynchttpclient.netty.handler.HttpHandler - 

Request DefaultFullHttpRequest(decodeResult: success, version: HTTP/1.1, content: EmptyByteBufBE)
GET /session/e3f6c19bfdf271bd8f22d9a603ed12a4/element/d0a14f85-315b-4391-86b0-5365b8f96590/name HTTP/1.1
User-Agent: selenium/4.8.1 (java windows)
Cache-Control: no-cache
Content-Type: application/json; charset=utf-8
host: localhost:40561
accept: */*

Response DefaultHttpResponse(decodeResult: success, version: HTTP/1.1)
HTTP/1.1 200 OK
Content-Length: 15
Content-Type: application/json; charset=utf-8
cache-control: no-cache

10:13:08.409 [AsyncHttpClient-1-14] DEBUG org.asynchttpclient.netty.channel.ChannelManager - Adding key: http://localhost:40561 for channel [id: 0x683d6dd2, L:/127.0.0.1:51782 - R:localhost/127.0.0.1:40561]
10:13:08.410 [Forwarding getElementTagName on session e3f6c19bfdf271bd8f22d9a603ed12a4 to remote] DEBUG org.asynchttpclient.netty.request.NettyRequestSender - Using pooled Channel '[id: 0x683d6dd2, L:/127.0.0.1:51782 - R:localhost/127.0.0.1:40561]' for 'GET' to 'http://localhost:40561/session/e3f6c19bfdf271bd8f22d9a603ed12a4/element/d0a14f85-315b-4391-86b0-5365b8f96590/name'
10:13:08.410 [Forwarding getElementTagName on session e3f6c19bfdf271bd8f22d9a603ed12a4 to remote] DEBUG org.asynchttpclient.netty.request.NettyRequestSender - Using open Channel [id: 0x683d6dd2, L:/127.0.0.1:51782 - R:localhost/127.0.0.1:40561] for GET '/session/e3f6c19bfdf271bd8f22d9a603ed12a4/element/d0a14f85-315b-4391-86b0-5365b8f96590/name'
10:13:08.412 [AsyncHttpClient-1-14] DEBUG org.asynchttpclient.netty.handler.HttpHandler - 

Request DefaultFullHttpRequest(decodeResult: success, version: HTTP/1.1, content: EmptyByteBufBE)
GET /session/e3f6c19bfdf271bd8f22d9a603ed12a4/element/d0a14f85-315b-4391-86b0-5365b8f96590/name HTTP/1.1
User-Agent: selenium/4.8.1 (java windows)
Cache-Control: no-cache
Content-Type: application/json; charset=utf-8
host: localhost:40561
accept: */*

Response DefaultHttpResponse(decodeResult: success, version: HTTP/1.1)
HTTP/1.1 200 OK
Content-Length: 15
Content-Type: application/json; charset=utf-8
cache-control: no-cache

10:13:08.412 [AsyncHttpClient-1-14] DEBUG org.asynchttpclient.netty.channel.ChannelManager - Adding key: http://localhost:40561 for channel [id: 0x683d6dd2, L:/127.0.0.1:51782 - R:localhost/127.0.0.1:40561]
10:13:08.413 [Forwarding findElement on session e3f6c19bfdf271bd8f22d9a603ed12a4 to remote] DEBUG org.asynchttpclient.netty.request.NettyRequestSender - Using pooled Channel '[id: 0x683d6dd2, L:/127.0.0.1:51782 - R:localhost/127.0.0.1:40561]' for 'POST' to 'http://localhost:40561/session/e3f6c19bfdf271bd8f22d9a603ed12a4/element'
10:13:08.413 [Forwarding findElement on session e3f6c19bfdf271bd8f22d9a603ed12a4 to remote] DEBUG org.asynchttpclient.netty.request.NettyRequestSender - Using open Channel [id: 0x683d6dd2, L:/127.0.0.1:51782 - R:localhost/127.0.0.1:40561] for POST '/session/e3f6c19bfdf271bd8f22d9a603ed12a4/element'
10:13:08.418 [AsyncHttpClient-1-14] DEBUG org.asynchttpclient.netty.handler.HttpHandler - 

Request DefaultHttpRequest(decodeResult: success, version: HTTP/1.1)
POST /session/e3f6c19bfdf271bd8f22d9a603ed12a4/element HTTP/1.1
User-Agent: selenium/4.8.1 (java windows)
Content-Length: 63
Content-Type: application/json; charset=utf-8
host: localhost:40561
accept: */*

Response DefaultHttpResponse(decodeResult: success, version: HTTP/1.1)
HTTP/1.1 200 OK
Content-Length: 88
Content-Type: application/json; charset=utf-8
cache-control: no-cache

10:13:08.418 [AsyncHttpClient-1-14] DEBUG org.asynchttpclient.netty.channel.ChannelManager - Adding key: http://localhost:40561 for channel [id: 0x683d6dd2, L:/127.0.0.1:51782 - R:localhost/127.0.0.1:40561]
10:13:08.419 [Forwarding clickElement on session e3f6c19bfdf271bd8f22d9a603ed12a4 to remote] DEBUG org.asynchttpclient.netty.request.NettyRequestSender - Using pooled Channel '[id: 0x683d6dd2, L:/127.0.0.1:51782 - R:localhost/127.0.0.1:40561]' for 'POST' to 'http://localhost:40561/session/e3f6c19bfdf271bd8f22d9a603ed12a4/element/d0a14f85-315b-4391-86b0-5365b8f96590/click'
10:13:08.419 [Forwarding clickElement on session e3f6c19bfdf271bd8f22d9a603ed12a4 to remote] DEBUG org.asynchttpclient.netty.request.NettyRequestSender - Using open Channel [id: 0x683d6dd2, L:/127.0.0.1:51782 - R:localhost/127.0.0.1:40561] for POST '/session/e3f6c19bfdf271bd8f22d9a603ed12a4/element/d0a14f85-315b-4391-86b0-5365b8f96590/click'
10:13:08.475 [AsyncHttpClient-1-14] DEBUG org.asynchttpclient.netty.handler.HttpHandler - 

Request DefaultHttpRequest(decodeResult: success, version: HTTP/1.1)
POST /session/e3f6c19bfdf271bd8f22d9a603ed12a4/element/d0a14f85-315b-4391-86b0-5365b8f96590/click HTTP/1.1
User-Agent: selenium/4.8.1 (java windows)
Content-Length: 50
Content-Type: application/json; charset=utf-8
host: localhost:40561
accept: */*

Response DefaultHttpResponse(decodeResult: success, version: HTTP/1.1)
HTTP/1.1 200 OK
Content-Length: 14
Content-Type: application/json; charset=utf-8
cache-control: no-cache

10:13:08.475 [AsyncHttpClient-1-14] DEBUG org.asynchttpclient.netty.channel.ChannelManager - Adding key: http://localhost:40561 for channel [id: 0x683d6dd2, L:/127.0.0.1:51782 - R:localhost/127.0.0.1:40561]
10:13:08.482 [Forwarding getAlertText on session e3f6c19bfdf271bd8f22d9a603ed12a4 to remote] DEBUG org.asynchttpclient.netty.request.NettyRequestSender - Using pooled Channel '[id: 0x683d6dd2, L:/127.0.0.1:51782 - R:localhost/127.0.0.1:40561]' for 'GET' to 'http://localhost:40561/session/e3f6c19bfdf271bd8f22d9a603ed12a4/alert/text'
10:13:08.482 [Forwarding getAlertText on session e3f6c19bfdf271bd8f22d9a603ed12a4 to remote] DEBUG org.asynchttpclient.netty.request.NettyRequestSender - Using open Channel [id: 0x683d6dd2, L:/127.0.0.1:51782 - R:localhost/127.0.0.1:40561] for GET '/session/e3f6c19bfdf271bd8f22d9a603ed12a4/alert/text'
10:13:08.485 [AsyncHttpClient-1-14] DEBUG org.asynchttpclient.netty.handler.HttpHandler - 

Request DefaultFullHttpRequest(decodeResult: success, version: HTTP/1.1, content: EmptyByteBufBE)
GET /session/e3f6c19bfdf271bd8f22d9a603ed12a4/alert/text HTTP/1.1
User-Agent: selenium/4.8.1 (java windows)
Cache-Control: no-cache
Content-Type: application/json; charset=utf-8
host: localhost:40561
accept: */*

Response DefaultHttpResponse(decodeResult: success, version: HTTP/1.1)
HTTP/1.1 404 Not Found
Content-Length: 836
Content-Type: application/json; charset=utf-8
cache-control: no-cache

10:13:08.485 [AsyncHttpClient-1-14] DEBUG org.asynchttpclient.netty.channel.ChannelManager - Adding key: http://localhost:40561 for channel [id: 0x683d6dd2, L:/127.0.0.1:51782 - R:localhost/127.0.0.1:40561]
10:13:08.486 [Forwarding getCurrentUrl on session e3f6c19bfdf271bd8f22d9a603ed12a4 to remote] DEBUG org.asynchttpclient.netty.request.NettyRequestSender - Using pooled Channel '[id: 0x683d6dd2, L:/127.0.0.1:51782 - R:localhost/127.0.0.1:40561]' for 'GET' to 'http://localhost:40561/session/e3f6c19bfdf271bd8f22d9a603ed12a4/url'
10:13:08.486 [Forwarding getCurrentUrl on session e3f6c19bfdf271bd8f22d9a603ed12a4 to remote] DEBUG org.asynchttpclient.netty.request.NettyRequestSender - Using open Channel [id: 0x683d6dd2, L:/127.0.0.1:51782 - R:localhost/127.0.0.1:40561] for GET '/session/e3f6c19bfdf271bd8f22d9a603ed12a4/url'
10:13:08.488 [AsyncHttpClient-1-14] DEBUG org.asynchttpclient.netty.handler.HttpHandler - 

Request DefaultFullHttpRequest(decodeResult: success, version: HTTP/1.1, content: EmptyByteBufBE)
GET /session/e3f6c19bfdf271bd8f22d9a603ed12a4/url HTTP/1.1
User-Agent: selenium/4.8.1 (java windows)
Cache-Control: no-cache
Content-Type: application/json; charset=utf-8
host: localhost:40561
accept: */*

Response DefaultHttpResponse(decodeResult: success, version: HTTP/1.1)
HTTP/1.1 200 OK
Content-Length: 41
Content-Type: application/json; charset=utf-8
cache-control: no-cache

10:13:08.488 [AsyncHttpClient-1-14] DEBUG org.asynchttpclient.netty.channel.ChannelManager - Adding key: http://localhost:40561 for channel [id: 0x683d6dd2, L:/127.0.0.1:51782 - R:localhost/127.0.0.1:40561]
10:13:08.489 [Forwarding screenshot on session e3f6c19bfdf271bd8f22d9a603ed12a4 to remote] DEBUG org.asynchttpclient.netty.request.NettyRequestSender - Using pooled Channel '[id: 0x683d6dd2, L:/127.0.0.1:51782 - R:localhost/127.0.0.1:40561]' for 'GET' to 'http://localhost:40561/session/e3f6c19bfdf271bd8f22d9a603ed12a4/screenshot'
10:13:08.489 [Forwarding screenshot on session e3f6c19bfdf271bd8f22d9a603ed12a4 to remote] DEBUG org.asynchttpclient.netty.request.NettyRequestSender - Using open Channel [id: 0x683d6dd2, L:/127.0.0.1:51782 - R:localhost/127.0.0.1:40561] for GET '/session/e3f6c19bfdf271bd8f22d9a603ed12a4/screenshot'
10:13:08.656 [AsyncHttpClient-1-14] DEBUG org.asynchttpclient.netty.handler.HttpHandler - 

Request DefaultFullHttpRequest(decodeResult: success, version: HTTP/1.1, content: EmptyByteBufBE)
GET /session/e3f6c19bfdf271bd8f22d9a603ed12a4/screenshot HTTP/1.1
User-Agent: selenium/4.8.1 (java windows)
Cache-Control: no-cache
Content-Type: application/json; charset=utf-8
host: localhost:40561
accept: */*

Response DefaultHttpResponse(decodeResult: success, version: HTTP/1.1)
HTTP/1.1 200 OK
Content-Length: 29764
Content-Type: application/json; charset=utf-8
cache-control: no-cache

10:13:08.656 [AsyncHttpClient-1-14] DEBUG org.asynchttpclient.netty.channel.ChannelManager - Adding key: http://localhost:40561 for channel [id: 0x683d6dd2, L:/127.0.0.1:51782 - R:localhost/127.0.0.1:40561]
10:13:08.658 [main] DEBUG net.serenitybdd.core.photography.Darkroom - Send negative for processing for target\site\serenity\e91f839e4598ee8df2743b883991d95df77dff95a8189aef751da9607f265bde.png
10:13:08.658 [main] DEBUG net.thucydides.core.steps.StepInterceptor - STEP DONE: clickToolbarTitle
  &amp#27;[32mGiven &amp#27;[0m&amp#27;[32mI go to the alta shop home page&amp#27;[0m                  &amp#27;[90m# starter.stepdefinitions.CategorySteps.goToHomePage()&amp#27;[0m
10:13:08.659 [Darkroom Processing Line] DEBUG net.serenitybdd.core.photography.DarkroomProcessingLine - Processing screenshot image in /var/screenshots/screenshot-1756460841459619252
10:13:08.659 [Darkroom Processing Line] DEBUG net.serenitybdd.core.photography.DarkroomProcessingLine - Saving screenshot to target\site\serenity\e91f839e4598ee8df2743b883991d95df77dff95a8189aef751da9607f265bde.png
10:13:08.664 [Forwarding getPageSource on session e3f6c19bfdf271bd8f22d9a603ed12a4 to remote] DEBUG org.asynchttpclient.netty.request.NettyRequestSender - Using pooled Channel '[id: 0x683d6dd2, L:/127.0.0.1:51782 - R:localhost/127.0.0.1:40561]' for 'POST' to 'http://localhost:40561/session/e3f6c19bfdf271bd8f22d9a603ed12a4/execute/sync'
10:13:08.664 [Forwarding getPageSource on session e3f6c19bfdf271bd8f22d9a603ed12a4 to remote] DEBUG org.asynchttpclient.netty.request.NettyRequestSender - Using open Channel [id: 0x683d6dd2, L:/127.0.0.1:51782 - R:localhost/127.0.0.1:40561] for POST '/session/e3f6c19bfdf271bd8f22d9a603ed12a4/execute/sync'
10:13:08.670 [AsyncHttpClient-1-14] DEBUG org.asynchttpclient.netty.handler.HttpHandler - 

Request DefaultHttpRequest(decodeResult: success, version: HTTP/1.1)
POST /session/e3f6c19bfdf271bd8f22d9a603ed12a4/execute/sync HTTP/1.1
User-Agent: selenium/4.8.1 (java windows)
Content-Length: 176
Content-Type: application/json; charset=utf-8
host: localhost:40561
accept: */*

Response DefaultHttpResponse(decodeResult: success, version: HTTP/1.1)
HTTP/1.1 200 OK
Content-Length: 28688
Content-Type: application/json; charset=utf-8
cache-control: no-cache

10:13:08.670 [AsyncHttpClient-1-14] DEBUG org.asynchttpclient.netty.channel.ChannelManager - Adding key: http://localhost:40561 for channel [id: 0x683d6dd2, L:/127.0.0.1:51782 - R:localhost/127.0.0.1:40561]
10:13:08.672 [Forwarding getCurrentUrl on session e3f6c19bfdf271bd8f22d9a603ed12a4 to remote] DEBUG org.asynchttpclient.netty.request.NettyRequestSender - Using pooled Channel '[id: 0x683d6dd2, L:/127.0.0.1:51782 - R:localhost/127.0.0.1:40561]' for 'GET' to 'http://localhost:40561/session/e3f6c19bfdf271bd8f22d9a603ed12a4/url'
10:13:08.672 [Forwarding getCurrentUrl on session e3f6c19bfdf271bd8f22d9a603ed12a4 to remote] DEBUG org.asynchttpclient.netty.request.NettyRequestSender - Using open Channel [id: 0x683d6dd2, L:/127.0.0.1:51782 - R:localhost/127.0.0.1:40561] for GET '/session/e3f6c19bfdf271bd8f22d9a603ed12a4/url'
10:13:08.675 [AsyncHttpClient-1-14] DEBUG org.asynchttpclient.netty.handler.HttpHandler - 

Request DefaultFullHttpRequest(decodeResult: success, version: HTTP/1.1, content: EmptyByteBufBE)
GET /session/e3f6c19bfdf271bd8f22d9a603ed12a4/url HTTP/1.1
User-Agent: selenium/4.8.1 (java windows)
Cache-Control: no-cache
Content-Type: application/json; charset=utf-8
host: localhost:40561
accept: */*

Response DefaultHttpResponse(decodeResult: success, version: HTTP/1.1)
HTTP/1.1 200 OK
Content-Length: 41
Content-Type: application/json; charset=utf-8
cache-control: no-cache

10:13:08.675 [AsyncHttpClient-1-14] DEBUG org.asynchttpclient.netty.channel.ChannelManager - Adding key: http://localhost:40561 for channel [id: 0x683d6dd2, L:/127.0.0.1:51782 - R:localhost/127.0.0.1:40561]
10:13:08.683 [Forwarding getPageSource on session e3f6c19bfdf271bd8f22d9a603ed12a4 to remote] DEBUG org.asynchttpclient.netty.request.NettyRequestSender - Using pooled Channel '[id: 0x683d6dd2, L:/127.0.0.1:51782 - R:localhost/127.0.0.1:40561]' for 'POST' to 'http://localhost:40561/session/e3f6c19bfdf271bd8f22d9a603ed12a4/execute/sync'
10:13:08.683 [Forwarding getPageSource on session e3f6c19bfdf271bd8f22d9a603ed12a4 to remote] DEBUG org.asynchttpclient.netty.request.NettyRequestSender - Using open Channel [id: 0x683d6dd2, L:/127.0.0.1:51782 - R:localhost/127.0.0.1:40561] for POST '/session/e3f6c19bfdf271bd8f22d9a603ed12a4/execute/sync'
10:13:08.901 [AsyncHttpClient-1-1] DEBUG org.asynchttpclient.netty.channel.DefaultChannelPool - Entry count for : http://localhost:51783 : 1
10:13:09.404 [AsyncHttpClient-1-14] DEBUG org.asynchttpclient.netty.handler.HttpHandler - 

Request DefaultHttpRequest(decodeResult: success, version: HTTP/1.1)
POST /session/e3f6c19bfdf271bd8f22d9a603ed12a4/execute/sync HTTP/1.1
User-Agent: selenium/4.8.1 (java windows)
Content-Length: 176
Content-Type: application/json; charset=utf-8
host: localhost:40561
accept: */*

Response DefaultHttpResponse(decodeResult: success, version: HTTP/1.1)
HTTP/1.1 200 OK
Content-Length: 289894
Content-Type: application/json; charset=utf-8
cache-control: no-cache

10:13:09.404 [AsyncHttpClient-1-14] DEBUG org.asynchttpclient.netty.channel.ChannelManager - Adding key: http://localhost:40561 for channel [id: 0x683d6dd2, L:/127.0.0.1:51782 - R:localhost/127.0.0.1:40561]
10:13:09.426 [Forwarding getCurrentUrl on session e3f6c19bfdf271bd8f22d9a603ed12a4 to remote] DEBUG org.asynchttpclient.netty.request.NettyRequestSender - Using pooled Channel '[id: 0x683d6dd2, L:/127.0.0.1:51782 - R:localhost/127.0.0.1:40561]' for 'GET' to 'http://localhost:40561/session/e3f6c19bfdf271bd8f22d9a603ed12a4/url'
10:13:09.426 [Forwarding getCurrentUrl on session e3f6c19bfdf271bd8f22d9a603ed12a4 to remote] DEBUG org.asynchttpclient.netty.request.NettyRequestSender - Using open Channel [id: 0x683d6dd2, L:/127.0.0.1:51782 - R:localhost/127.0.0.1:40561] for GET '/session/e3f6c19bfdf271bd8f22d9a603ed12a4/url'
10:13:09.428 [AsyncHttpClient-1-14] DEBUG org.asynchttpclient.netty.handler.HttpHandler - 

Request DefaultFullHttpRequest(decodeResult: success, version: HTTP/1.1, content: EmptyByteBufBE)
GET /session/e3f6c19bfdf271bd8f22d9a603ed12a4/url HTTP/1.1
User-Agent: selenium/4.8.1 (java windows)
Cache-Control: no-cache
Content-Type: application/json; charset=utf-8
host: localhost:40561
accept: */*

Response DefaultHttpResponse(decodeResult: success, version: HTTP/1.1)
HTTP/1.1 200 OK
Content-Length: 41
Content-Type: application/json; charset=utf-8
cache-control: no-cache

10:13:09.428 [AsyncHttpClient-1-14] DEBUG org.asynchttpclient.netty.channel.ChannelManager - Adding key: http://localhost:40561 for channel [id: 0x683d6dd2, L:/127.0.0.1:51782 - R:localhost/127.0.0.1:40561]
10:13:09.429 [main] DEBUG net.thucydides.core.steps.StepInterceptor - STARTING STEP: CategorySteps.clickSelectCategory - clickSelectCategory
10:13:09.431 [Forwarding findElement on session e3f6c19bfdf271bd8f22d9a603ed12a4 to remote] DEBUG org.asynchttpclient.netty.request.NettyRequestSender - Using pooled Channel '[id: 0x683d6dd2, L:/127.0.0.1:51782 - R:localhost/127.0.0.1:40561]' for 'POST' to 'http://localhost:40561/session/e3f6c19bfdf271bd8f22d9a603ed12a4/element'
10:13:09.431 [Forwarding findElement on session e3f6c19bfdf271bd8f22d9a603ed12a4 to remote] DEBUG org.asynchttpclient.netty.request.NettyRequestSender - Using open Channel [id: 0x683d6dd2, L:/127.0.0.1:51782 - R:localhost/127.0.0.1:40561] for POST '/session/e3f6c19bfdf271bd8f22d9a603ed12a4/element'
10:13:09.443 [AsyncHttpClient-1-14] DEBUG org.asynchttpclient.netty.handler.HttpHandler - 

Request DefaultHttpRequest(decodeResult: success, version: HTTP/1.1)
POST /session/e3f6c19bfdf271bd8f22d9a603ed12a4/element HTTP/1.1
User-Agent: selenium/4.8.1 (java windows)
Content-Length: 118
Content-Type: application/json; charset=utf-8
host: localhost:40561
accept: */*

Response DefaultHttpResponse(decodeResult: success, version: HTTP/1.1)
HTTP/1.1 200 OK
Content-Length: 88
Content-Type: application/json; charset=utf-8
cache-control: no-cache

10:13:09.443 [AsyncHttpClient-1-14] DEBUG org.asynchttpclient.netty.channel.ChannelManager - Adding key: http://localhost:40561 for channel [id: 0x683d6dd2, L:/127.0.0.1:51782 - R:localhost/127.0.0.1:40561]
10:13:09.443 [Forwarding getElementTagName on session e3f6c19bfdf271bd8f22d9a603ed12a4 to remote] DEBUG org.asynchttpclient.netty.request.NettyRequestSender - Using pooled Channel '[id: 0x683d6dd2, L:/127.0.0.1:51782 - R:localhost/127.0.0.1:40561]' for 'GET' to 'http://localhost:40561/session/e3f6c19bfdf271bd8f22d9a603ed12a4/element/b84c0272-9c73-475b-a7a6-f7240e66f95a/name'
10:13:09.444 [Forwarding getElementTagName on session e3f6c19bfdf271bd8f22d9a603ed12a4 to remote] DEBUG org.asynchttpclient.netty.request.NettyRequestSender - Using open Channel [id: 0x683d6dd2, L:/127.0.0.1:51782 - R:localhost/127.0.0.1:40561] for GET '/session/e3f6c19bfdf271bd8f22d9a603ed12a4/element/b84c0272-9c73-475b-a7a6-f7240e66f95a/name'
10:13:09.446 [AsyncHttpClient-1-14] DEBUG org.asynchttpclient.netty.handler.HttpHandler - 

Request DefaultFullHttpRequest(decodeResult: success, version: HTTP/1.1, content: EmptyByteBufBE)
GET /session/e3f6c19bfdf271bd8f22d9a603ed12a4/element/b84c0272-9c73-475b-a7a6-f7240e66f95a/name HTTP/1.1
User-Agent: selenium/4.8.1 (java windows)
Cache-Control: no-cache
Content-Type: application/json; charset=utf-8
host: localhost:40561
accept: */*

Response DefaultHttpResponse(decodeResult: success, version: HTTP/1.1)
HTTP/1.1 200 OK
Content-Length: 15
Content-Type: application/json; charset=utf-8
cache-control: no-cache

10:13:09.446 [AsyncHttpClient-1-14] DEBUG org.asynchttpclient.netty.channel.ChannelManager - Adding key: http://localhost:40561 for channel [id: 0x683d6dd2, L:/127.0.0.1:51782 - R:localhost/127.0.0.1:40561]
10:13:09.446 [Forwarding getElementTagName on session e3f6c19bfdf271bd8f22d9a603ed12a4 to remote] DEBUG org.asynchttpclient.netty.request.NettyRequestSender - Using pooled Channel '[id: 0x683d6dd2, L:/127.0.0.1:51782 - R:localhost/127.0.0.1:40561]' for 'GET' to 'http://localhost:40561/session/e3f6c19bfdf271bd8f22d9a603ed12a4/element/b84c0272-9c73-475b-a7a6-f7240e66f95a/name'
10:13:09.446 [Forwarding getElementTagName on session e3f6c19bfdf271bd8f22d9a603ed12a4 to remote] DEBUG org.asynchttpclient.netty.request.NettyRequestSender - Using open Channel [id: 0x683d6dd2, L:/127.0.0.1:51782 - R:localhost/127.0.0.1:40561] for GET '/session/e3f6c19bfdf271bd8f22d9a603ed12a4/element/b84c0272-9c73-475b-a7a6-f7240e66f95a/name'
10:13:09.448 [AsyncHttpClient-1-14] DEBUG org.asynchttpclient.netty.handler.HttpHandler - 

Request DefaultFullHttpRequest(decodeResult: success, version: HTTP/1.1, content: EmptyByteBufBE)
GET /session/e3f6c19bfdf271bd8f22d9a603ed12a4/element/b84c0272-9c73-475b-a7a6-f7240e66f95a/name HTTP/1.1
User-Agent: selenium/4.8.1 (java windows)
Cache-Control: no-cache
Content-Type: application/json; charset=utf-8
host: localhost:40561
accept: */*

Response DefaultHttpResponse(decodeResult: success, version: HTTP/1.1)
HTTP/1.1 200 OK
Content-Length: 15
Content-Type: application/json; charset=utf-8
cache-control: no-cache

10:13:09.448 [AsyncHttpClient-1-14] DEBUG org.asynchttpclient.netty.channel.ChannelManager - Adding key: http://localhost:40561 for channel [id: 0x683d6dd2, L:/127.0.0.1:51782 - R:localhost/127.0.0.1:40561]
10:13:09.449 [Forwarding findElement on session e3f6c19bfdf271bd8f22d9a603ed12a4 to remote] DEBUG org.asynchttpclient.netty.request.NettyRequestSender - Using pooled Channel '[id: 0x683d6dd2, L:/127.0.0.1:51782 - R:localhost/127.0.0.1:40561]' for 'POST' to 'http://localhost:40561/session/e3f6c19bfdf271bd8f22d9a603ed12a4/element'
10:13:09.449 [Forwarding findElement on session e3f6c19bfdf271bd8f22d9a603ed12a4 to remote] DEBUG org.asynchttpclient.netty.request.NettyRequestSender - Using open Channel [id: 0x683d6dd2, L:/127.0.0.1:51782 - R:localhost/127.0.0.1:40561] for POST '/session/e3f6c19bfdf271bd8f22d9a603ed12a4/element'
10:13:09.457 [AsyncHttpClient-1-14] DEBUG org.asynchttpclient.netty.handler.HttpHandler - 

Request DefaultHttpRequest(decodeResult: success, version: HTTP/1.1)
POST /session/e3f6c19bfdf271bd8f22d9a603ed12a4/element HTTP/1.1
User-Agent: selenium/4.8.1 (java windows)
Content-Length: 118
Content-Type: application/json; charset=utf-8
host: localhost:40561
accept: */*

Response DefaultHttpResponse(decodeResult: success, version: HTTP/1.1)
HTTP/1.1 200 OK
Content-Length: 88
Content-Type: application/json; charset=utf-8
cache-control: no-cache

10:13:09.457 [AsyncHttpClient-1-14] DEBUG org.asynchttpclient.netty.channel.ChannelManager - Adding key: http://localhost:40561 for channel [id: 0x683d6dd2, L:/127.0.0.1:51782 - R:localhost/127.0.0.1:40561]
10:13:09.457 [Forwarding clickElement on session e3f6c19bfdf271bd8f22d9a603ed12a4 to remote] DEBUG org.asynchttpclient.netty.request.NettyRequestSender - Using pooled Channel '[id: 0x683d6dd2, L:/127.0.0.1:51782 - R:localhost/127.0.0.1:40561]' for 'POST' to 'http://localhost:40561/session/e3f6c19bfdf271bd8f22d9a603ed12a4/element/b84c0272-9c73-475b-a7a6-f7240e66f95a/click'
10:13:09.457 [Forwarding clickElement on session e3f6c19bfdf271bd8f22d9a603ed12a4 to remote] DEBUG org.asynchttpclient.netty.request.NettyRequestSender - Using open Channel [id: 0x683d6dd2, L:/127.0.0.1:51782 - R:localhost/127.0.0.1:40561] for POST '/session/e3f6c19bfdf271bd8f22d9a603ed12a4/element/b84c0272-9c73-475b-a7a6-f7240e66f95a/click'
10:13:09.522 [AsyncHttpClient-1-14] DEBUG org.asynchttpclient.netty.handler.HttpHandler - 

Request DefaultHttpRequest(decodeResult: success, version: HTTP/1.1)
POST /session/e3f6c19bfdf271bd8f22d9a603ed12a4/element/b84c0272-9c73-475b-a7a6-f7240e66f95a/click HTTP/1.1
User-Agent: selenium/4.8.1 (java windows)
Content-Length: 50
Content-Type: application/json; charset=utf-8
host: localhost:40561
accept: */*

Response DefaultHttpResponse(decodeResult: success, version: HTTP/1.1)
HTTP/1.1 200 OK
Content-Length: 14
Content-Type: application/json; charset=utf-8
cache-control: no-cache

10:13:09.522 [AsyncHttpClient-1-14] DEBUG org.asynchttpclient.netty.channel.ChannelManager - Adding key: http://localhost:40561 for channel [id: 0x683d6dd2, L:/127.0.0.1:51782 - R:localhost/127.0.0.1:40561]
10:13:09.529 [Forwarding getAlertText on session e3f6c19bfdf271bd8f22d9a603ed12a4 to remote] DEBUG org.asynchttpclient.netty.request.NettyRequestSender - Using pooled Channel '[id: 0x683d6dd2, L:/127.0.0.1:51782 - R:localhost/127.0.0.1:40561]' for 'GET' to 'http://localhost:40561/session/e3f6c19bfdf271bd8f22d9a603ed12a4/alert/text'
10:13:09.529 [Forwarding getAlertText on session e3f6c19bfdf271bd8f22d9a603ed12a4 to remote] DEBUG org.asynchttpclient.netty.request.NettyRequestSender - Using open Channel [id: 0x683d6dd2, L:/127.0.0.1:51782 - R:localhost/127.0.0.1:40561] for GET '/session/e3f6c19bfdf271bd8f22d9a603ed12a4/alert/text'
10:13:09.532 [AsyncHttpClient-1-14] DEBUG org.asynchttpclient.netty.handler.HttpHandler - 

Request DefaultFullHttpRequest(decodeResult: success, version: HTTP/1.1, content: EmptyByteBufBE)
GET /session/e3f6c19bfdf271bd8f22d9a603ed12a4/alert/text HTTP/1.1
User-Agent: selenium/4.8.1 (java windows)
Cache-Control: no-cache
Content-Type: application/json; charset=utf-8
host: localhost:40561
accept: */*

Response DefaultHttpResponse(decodeResult: success, version: HTTP/1.1)
HTTP/1.1 404 Not Found
Content-Length: 836
Content-Type: application/json; charset=utf-8
cache-control: no-cache

10:13:09.532 [AsyncHttpClient-1-14] DEBUG org.asynchttpclient.netty.channel.ChannelManager - Adding key: http://localhost:40561 for channel [id: 0x683d6dd2, L:/127.0.0.1:51782 - R:localhost/127.0.0.1:40561]
10:13:09.533 [Forwarding getCurrentUrl on session e3f6c19bfdf271bd8f22d9a603ed12a4 to remote] DEBUG org.asynchttpclient.netty.request.NettyRequestSender - Using pooled Channel '[id: 0x683d6dd2, L:/127.0.0.1:51782 - R:localhost/127.0.0.1:40561]' for 'GET' to 'http://localhost:40561/session/e3f6c19bfdf271bd8f22d9a603ed12a4/url'
10:13:09.533 [Forwarding getCurrentUrl on session e3f6c19bfdf271bd8f22d9a603ed12a4 to remote] DEBUG org.asynchttpclient.netty.request.NettyRequestSender - Using open Channel [id: 0x683d6dd2, L:/127.0.0.1:51782 - R:localhost/127.0.0.1:40561] for GET '/session/e3f6c19bfdf271bd8f22d9a603ed12a4/url'
10:13:09.542 [AsyncHttpClient-1-14] DEBUG org.asynchttpclient.netty.handler.HttpHandler - 

Request DefaultFullHttpRequest(decodeResult: success, version: HTTP/1.1, content: EmptyByteBufBE)
GET /session/e3f6c19bfdf271bd8f22d9a603ed12a4/url HTTP/1.1
User-Agent: selenium/4.8.1 (java windows)
Cache-Control: no-cache
Content-Type: application/json; charset=utf-8
host: localhost:40561
accept: */*

Response DefaultHttpResponse(decodeResult: success, version: HTTP/1.1)
HTTP/1.1 200 OK
Content-Length: 41
Content-Type: application/json; charset=utf-8
cache-control: no-cache

10:13:09.542 [AsyncHttpClient-1-14] DEBUG org.asynchttpclient.netty.channel.ChannelManager - Adding key: http://localhost:40561 for channel [id: 0x683d6dd2, L:/127.0.0.1:51782 - R:localhost/127.0.0.1:40561]
10:13:09.543 [Forwarding screenshot on session e3f6c19bfdf271bd8f22d9a603ed12a4 to remote] DEBUG org.asynchttpclient.netty.request.NettyRequestSender - Using pooled Channel '[id: 0x683d6dd2, L:/127.0.0.1:51782 - R:localhost/127.0.0.1:40561]' for 'GET' to 'http://localhost:40561/session/e3f6c19bfdf271bd8f22d9a603ed12a4/screenshot'
10:13:09.543 [Forwarding screenshot on session e3f6c19bfdf271bd8f22d9a603ed12a4 to remote] DEBUG org.asynchttpclient.netty.request.NettyRequestSender - Using open Channel [id: 0x683d6dd2, L:/127.0.0.1:51782 - R:localhost/127.0.0.1:40561] for GET '/session/e3f6c19bfdf271bd8f22d9a603ed12a4/screenshot'
10:13:09.745 [AsyncHttpClient-1-14] DEBUG org.asynchttpclient.netty.handler.HttpHandler - 

Request DefaultFullHttpRequest(decodeResult: success, version: HTTP/1.1, content: EmptyByteBufBE)
GET /session/e3f6c19bfdf271bd8f22d9a603ed12a4/screenshot HTTP/1.1
User-Agent: selenium/4.8.1 (java windows)
Cache-Control: no-cache
Content-Type: application/json; charset=utf-8
host: localhost:40561
accept: */*

Response DefaultHttpResponse(decodeResult: success, version: HTTP/1.1)
HTTP/1.1 200 OK
Content-Length: 81924
Content-Type: application/json; charset=utf-8
cache-control: no-cache

10:13:09.745 [AsyncHttpClient-1-14] DEBUG org.asynchttpclient.netty.channel.ChannelManager - Adding key: http://localhost:40561 for channel [id: 0x683d6dd2, L:/127.0.0.1:51782 - R:localhost/127.0.0.1:40561]
10:13:09.747 [main] DEBUG net.serenitybdd.core.photography.Darkroom - Send negative for processing for target\site\serenity\6f03b8e0d97888489ffcb45c72e9ce8480d5682ea0116bd582dacdd9e9efec48.png
10:13:09.747 [main] DEBUG net.thucydides.core.steps.StepInterceptor - STEP DONE: clickSelectCategory
  &amp#27;[32mAnd &amp#27;[0m&amp#27;[32mI click select category dropdown&amp#27;[0m                   &amp#27;[90m# starter.stepdefinitions.CategorySteps.clickSelectCategory()&amp#27;[0m
10:13:09.748 [Darkroom Processing Line] DEBUG net.serenitybdd.core.photography.DarkroomProcessingLine - Processing screenshot image in /var/screenshots/screenshot-992620770247957202
10:13:09.748 [Darkroom Processing Line] DEBUG net.serenitybdd.core.photography.DarkroomProcessingLine - Saving screenshot to target\site\serenity\6f03b8e0d97888489ffcb45c72e9ce8480d5682ea0116bd582dacdd9e9efec48.png
10:13:09.754 [Forwarding getPageSource on session e3f6c19bfdf271bd8f22d9a603ed12a4 to remote] DEBUG org.asynchttpclient.netty.request.NettyRequestSender - Using pooled Channel '[id: 0x683d6dd2, L:/127.0.0.1:51782 - R:localhost/127.0.0.1:40561]' for 'POST' to 'http://localhost:40561/session/e3f6c19bfdf271bd8f22d9a603ed12a4/execute/sync'
10:13:09.754 [Forwarding getPageSource on session e3f6c19bfdf271bd8f22d9a603ed12a4 to remote] DEBUG org.asynchttpclient.netty.request.NettyRequestSender - Using open Channel [id: 0x683d6dd2, L:/127.0.0.1:51782 - R:localhost/127.0.0.1:40561] for POST '/session/e3f6c19bfdf271bd8f22d9a603ed12a4/execute/sync'
10:13:09.774 [AsyncHttpClient-1-14] DEBUG org.asynchttpclient.netty.handler.HttpHandler - 

Request DefaultHttpRequest(decodeResult: success, version: HTTP/1.1)
POST /session/e3f6c19bfdf271bd8f22d9a603ed12a4/execute/sync HTTP/1.1
User-Agent: selenium/4.8.1 (java windows)
Content-Length: 176
Content-Type: application/json; charset=utf-8
host: localhost:40561
accept: */*

Response DefaultHttpResponse(decodeResult: success, version: HTTP/1.1)
HTTP/1.1 200 OK
Content-Length: 295491
Content-Type: application/json; charset=utf-8
cache-control: no-cache

10:13:09.774 [AsyncHttpClient-1-14] DEBUG org.asynchttpclient.netty.channel.ChannelManager - Adding key: http://localhost:40561 for channel [id: 0x683d6dd2, L:/127.0.0.1:51782 - R:localhost/127.0.0.1:40561]
10:13:09.797 [Forwarding getCurrentUrl on session e3f6c19bfdf271bd8f22d9a603ed12a4 to remote] DEBUG org.asynchttpclient.netty.request.NettyRequestSender - Using pooled Channel '[id: 0x683d6dd2, L:/127.0.0.1:51782 - R:localhost/127.0.0.1:40561]' for 'GET' to 'http://localhost:40561/session/e3f6c19bfdf271bd8f22d9a603ed12a4/url'
10:13:09.797 [Forwarding getCurrentUrl on session e3f6c19bfdf271bd8f22d9a603ed12a4 to remote] DEBUG org.asynchttpclient.netty.request.NettyRequestSender - Using open Channel [id: 0x683d6dd2, L:/127.0.0.1:51782 - R:localhost/127.0.0.1:40561] for GET '/session/e3f6c19bfdf271bd8f22d9a603ed12a4/url'
10:13:09.803 [AsyncHttpClient-1-14] DEBUG org.asynchttpclient.netty.handler.HttpHandler - 

Request DefaultFullHttpRequest(decodeResult: success, version: HTTP/1.1, content: EmptyByteBufBE)
GET /session/e3f6c19bfdf271bd8f22d9a603ed12a4/url HTTP/1.1
User-Agent: selenium/4.8.1 (java windows)
Cache-Control: no-cache
Content-Type: application/json; charset=utf-8
host: localhost:40561
accept: */*

Response DefaultHttpResponse(decodeResult: success, version: HTTP/1.1)
HTTP/1.1 200 OK
Content-Length: 41
Content-Type: application/json; charset=utf-8
cache-control: no-cache

10:13:09.803 [AsyncHttpClient-1-14] DEBUG org.asynchttpclient.netty.channel.ChannelManager - Adding key: http://localhost:40561 for channel [id: 0x683d6dd2, L:/127.0.0.1:51782 - R:localhost/127.0.0.1:40561]
10:13:09.810 [Forwarding getAlertText on session e3f6c19bfdf271bd8f22d9a603ed12a4 to remote] DEBUG org.asynchttpclient.netty.request.NettyRequestSender - Using pooled Channel '[id: 0x683d6dd2, L:/127.0.0.1:51782 - R:localhost/127.0.0.1:40561]' for 'GET' to 'http://localhost:40561/session/e3f6c19bfdf271bd8f22d9a603ed12a4/alert/text'
10:13:09.811 [Forwarding getAlertText on session e3f6c19bfdf271bd8f22d9a603ed12a4 to remote] DEBUG org.asynchttpclient.netty.request.NettyRequestSender - Using open Channel [id: 0x683d6dd2, L:/127.0.0.1:51782 - R:localhost/127.0.0.1:40561] for GET '/session/e3f6c19bfdf271bd8f22d9a603ed12a4/alert/text'
10:13:09.812 [AsyncHttpClient-1-14] DEBUG org.asynchttpclient.netty.handler.HttpHandler - 

Request DefaultFullHttpRequest(decodeResult: success, version: HTTP/1.1, content: EmptyByteBufBE)
GET /session/e3f6c19bfdf271bd8f22d9a603ed12a4/alert/text HTTP/1.1
User-Agent: selenium/4.8.1 (java windows)
Cache-Control: no-cache
Content-Type: application/json; charset=utf-8
host: localhost:40561
accept: */*

Response DefaultHttpResponse(decodeResult: success, version: HTTP/1.1)
HTTP/1.1 404 Not Found
Content-Length: 836
Content-Type: application/json; charset=utf-8
cache-control: no-cache

10:13:09.812 [AsyncHttpClient-1-14] DEBUG org.asynchttpclient.netty.channel.ChannelManager - Adding key: http://localhost:40561 for channel [id: 0x683d6dd2, L:/127.0.0.1:51782 - R:localhost/127.0.0.1:40561]
10:13:09.812 [Forwarding getCurrentUrl on session e3f6c19bfdf271bd8f22d9a603ed12a4 to remote] DEBUG org.asynchttpclient.netty.request.NettyRequestSender - Using pooled Channel '[id: 0x683d6dd2, L:/127.0.0.1:51782 - R:localhost/127.0.0.1:40561]' for 'GET' to 'http://localhost:40561/session/e3f6c19bfdf271bd8f22d9a603ed12a4/url'
10:13:09.812 [Forwarding getCurrentUrl on session e3f6c19bfdf271bd8f22d9a603ed12a4 to remote] DEBUG org.asynchttpclient.netty.request.NettyRequestSender - Using open Channel [id: 0x683d6dd2, L:/127.0.0.1:51782 - R:localhost/127.0.0.1:40561] for GET '/session/e3f6c19bfdf271bd8f22d9a603ed12a4/url'
10:13:09.814 [AsyncHttpClient-1-14] DEBUG org.asynchttpclient.netty.handler.HttpHandler - 

Request DefaultFullHttpRequest(decodeResult: success, version: HTTP/1.1, content: EmptyByteBufBE)
GET /session/e3f6c19bfdf271bd8f22d9a603ed12a4/url HTTP/1.1
User-Agent: selenium/4.8.1 (java windows)
Cache-Control: no-cache
Content-Type: application/json; charset=utf-8
host: localhost:40561
accept: */*

Response DefaultHttpResponse(decodeResult: success, version: HTTP/1.1)
HTTP/1.1 200 OK
Content-Length: 41
Content-Type: application/json; charset=utf-8
cache-control: no-cache

10:13:09.815 [AsyncHttpClient-1-14] DEBUG org.asynchttpclient.netty.channel.ChannelManager - Adding key: http://localhost:40561 for channel [id: 0x683d6dd2, L:/127.0.0.1:51782 - R:localhost/127.0.0.1:40561]
10:13:09.815 [Forwarding screenshot on session e3f6c19bfdf271bd8f22d9a603ed12a4 to remote] DEBUG org.asynchttpclient.netty.request.NettyRequestSender - Using pooled Channel '[id: 0x683d6dd2, L:/127.0.0.1:51782 - R:localhost/127.0.0.1:40561]' for 'GET' to 'http://localhost:40561/session/e3f6c19bfdf271bd8f22d9a603ed12a4/screenshot'
10:13:09.815 [Forwarding screenshot on session e3f6c19bfdf271bd8f22d9a603ed12a4 to remote] DEBUG org.asynchttpclient.netty.request.NettyRequestSender - Using open Channel [id: 0x683d6dd2, L:/127.0.0.1:51782 - R:localhost/127.0.0.1:40561] for GET '/session/e3f6c19bfdf271bd8f22d9a603ed12a4/screenshot'
10:13:09.954 [AsyncHttpClient-1-14] DEBUG org.asynchttpclient.netty.handler.HttpHandler - 

Request DefaultFullHttpRequest(decodeResult: success, version: HTTP/1.1, content: EmptyByteBufBE)
GET /session/e3f6c19bfdf271bd8f22d9a603ed12a4/screenshot HTTP/1.1
User-Agent: selenium/4.8.1 (java windows)
Cache-Control: no-cache
Content-Type: application/json; charset=utf-8
host: localhost:40561
accept: */*

Response DefaultHttpResponse(decodeResult: success, version: HTTP/1.1)
HTTP/1.1 200 OK
Content-Length: 70260
Content-Type: application/json; charset=utf-8
cache-control: no-cache

10:13:09.954 [AsyncHttpClient-1-14] DEBUG org.asynchttpclient.netty.channel.ChannelManager - Adding key: http://localhost:40561 for channel [id: 0x683d6dd2, L:/127.0.0.1:51782 - R:localhost/127.0.0.1:40561]
10:13:09.955 [main] DEBUG net.serenitybdd.core.photography.Darkroom - Send negative for processing for target\site\serenity\d72b70cd797e5d3b11fac9889ae7d8895c8d588fa45f7aba3b6106307874dc94.png
10:13:09.956 [Darkroom Processing Line] DEBUG net.serenitybdd.core.photography.DarkroomProcessingLine - Processing screenshot image in /var/screenshots/screenshot-1372093103729490392
10:13:09.956 [Darkroom Processing Line] DEBUG net.serenitybdd.core.photography.DarkroomProcessingLine - Saving screenshot to target\site\serenity\d72b70cd797e5d3b11fac9889ae7d8895c8d588fa45f7aba3b6106307874dc94.png
10:13:09.956 [Forwarding getPageSource on session e3f6c19bfdf271bd8f22d9a603ed12a4 to remote] DEBUG org.asynchttpclient.netty.request.NettyRequestSender - Using pooled Channel '[id: 0x683d6dd2, L:/127.0.0.1:51782 - R:localhost/127.0.0.1:40561]' for 'POST' to 'http://localhost:40561/session/e3f6c19bfdf271bd8f22d9a603ed12a4/execute/sync'
10:13:09.956 [Forwarding getPageSource on session e3f6c19bfdf271bd8f22d9a603ed12a4 to remote] DEBUG org.asynchttpclient.netty.request.NettyRequestSender - Using open Channel [id: 0x683d6dd2, L:/127.0.0.1:51782 - R:localhost/127.0.0.1:40561] for POST '/session/e3f6c19bfdf271bd8f22d9a603ed12a4/execute/sync'
10:13:09.971 [AsyncHttpClient-1-14] DEBUG org.asynchttpclient.netty.handler.HttpHandler - 

Request DefaultHttpRequest(decodeResult: success, version: HTTP/1.1)
POST /session/e3f6c19bfdf271bd8f22d9a603ed12a4/execute/sync HTTP/1.1
User-Agent: selenium/4.8.1 (java windows)
Content-Length: 176
Content-Type: application/json; charset=utf-8
host: localhost:40561
accept: */*

Response DefaultHttpResponse(decodeResult: success, version: HTTP/1.1)
HTTP/1.1 200 OK
Content-Length: 295433
Content-Type: application/json; charset=utf-8
cache-control: no-cache

10:13:09.971 [AsyncHttpClient-1-14] DEBUG org.asynchttpclient.netty.channel.ChannelManager - Adding key: http://localhost:40561 for channel [id: 0x683d6dd2, L:/127.0.0.1:51782 - R:localhost/127.0.0.1:40561]
10:13:09.986 [Forwarding getCurrentUrl on session e3f6c19bfdf271bd8f22d9a603ed12a4 to remote] DEBUG org.asynchttpclient.netty.request.NettyRequestSender - Using pooled Channel '[id: 0x683d6dd2, L:/127.0.0.1:51782 - R:localhost/127.0.0.1:40561]' for 'GET' to 'http://localhost:40561/session/e3f6c19bfdf271bd8f22d9a603ed12a4/url'
10:13:09.986 [Forwarding getCurrentUrl on session e3f6c19bfdf271bd8f22d9a603ed12a4 to remote] DEBUG org.asynchttpclient.netty.request.NettyRequestSender - Using open Channel [id: 0x683d6dd2, L:/127.0.0.1:51782 - R:localhost/127.0.0.1:40561] for GET '/session/e3f6c19bfdf271bd8f22d9a603ed12a4/url'
10:13:09.988 [AsyncHttpClient-1-14] DEBUG org.asynchttpclient.netty.handler.HttpHandler - 

Request DefaultFullHttpRequest(decodeResult: success, version: HTTP/1.1, content: EmptyByteBufBE)
GET /session/e3f6c19bfdf271bd8f22d9a603ed12a4/url HTTP/1.1
User-Agent: selenium/4.8.1 (java windows)
Cache-Control: no-cache
Content-Type: application/json; charset=utf-8
host: localhost:40561
accept: */*

Response DefaultHttpResponse(decodeResult: success, version: HTTP/1.1)
HTTP/1.1 200 OK
Content-Length: 41
Content-Type: application/json; charset=utf-8
cache-control: no-cache

10:13:09.989 [AsyncHttpClient-1-14] DEBUG org.asynchttpclient.netty.channel.ChannelManager - Adding key: http://localhost:40561 for channel [id: 0x683d6dd2, L:/127.0.0.1:51782 - R:localhost/127.0.0.1:40561]
10:13:09.990 [main] DEBUG net.thucydides.core.steps.StepInterceptor - STARTING STEP: CategorySteps.clickGamingCategory - clickGamingCategory
10:13:09.991 [Forwarding findElement on session e3f6c19bfdf271bd8f22d9a603ed12a4 to remote] DEBUG org.asynchttpclient.netty.request.NettyRequestSender - Using pooled Channel '[id: 0x683d6dd2, L:/127.0.0.1:51782 - R:localhost/127.0.0.1:40561]' for 'POST' to 'http://localhost:40561/session/e3f6c19bfdf271bd8f22d9a603ed12a4/element'
10:13:09.991 [Forwarding findElement on session e3f6c19bfdf271bd8f22d9a603ed12a4 to remote] DEBUG org.asynchttpclient.netty.request.NettyRequestSender - Using open Channel [id: 0x683d6dd2, L:/127.0.0.1:51782 - R:localhost/127.0.0.1:40561] for POST '/session/e3f6c19bfdf271bd8f22d9a603ed12a4/element'
10:13:09.994 [AsyncHttpClient-1-1] DEBUG org.asynchttpclient.netty.channel.DefaultChannelPool - Entry count for : http://localhost:51783 : 1
10:13:10.003 [AsyncHttpClient-1-14] DEBUG org.asynchttpclient.netty.handler.HttpHandler - 

Request DefaultHttpRequest(decodeResult: success, version: HTTP/1.1)
POST /session/e3f6c19bfdf271bd8f22d9a603ed12a4/element HTTP/1.1
User-Agent: selenium/4.8.1 (java windows)
Content-Length: 71
Content-Type: application/json; charset=utf-8
host: localhost:40561
accept: */*

Response DefaultHttpResponse(decodeResult: success, version: HTTP/1.1)
HTTP/1.1 200 OK
Content-Length: 88
Content-Type: application/json; charset=utf-8
cache-control: no-cache

10:13:10.003 [AsyncHttpClient-1-14] DEBUG org.asynchttpclient.netty.channel.ChannelManager - Adding key: http://localhost:40561 for channel [id: 0x683d6dd2, L:/127.0.0.1:51782 - R:localhost/127.0.0.1:40561]
10:13:10.004 [Forwarding getElementTagName on session e3f6c19bfdf271bd8f22d9a603ed12a4 to remote] DEBUG org.asynchttpclient.netty.request.NettyRequestSender - Using pooled Channel '[id: 0x683d6dd2, L:/127.0.0.1:51782 - R:localhost/127.0.0.1:40561]' for 'GET' to 'http://localhost:40561/session/e3f6c19bfdf271bd8f22d9a603ed12a4/element/dea49711-8b8b-4ded-803b-80de0a83c633/name'
10:13:10.004 [Forwarding getElementTagName on session e3f6c19bfdf271bd8f22d9a603ed12a4 to remote] DEBUG org.asynchttpclient.netty.request.NettyRequestSender - Using open Channel [id: 0x683d6dd2, L:/127.0.0.1:51782 - R:localhost/127.0.0.1:40561] for GET '/session/e3f6c19bfdf271bd8f22d9a603ed12a4/element/dea49711-8b8b-4ded-803b-80de0a83c633/name'
10:13:10.006 [AsyncHttpClient-1-14] DEBUG org.asynchttpclient.netty.handler.HttpHandler - 

Request DefaultFullHttpRequest(decodeResult: success, version: HTTP/1.1, content: EmptyByteBufBE)
GET /session/e3f6c19bfdf271bd8f22d9a603ed12a4/element/dea49711-8b8b-4ded-803b-80de0a83c633/name HTTP/1.1
User-Agent: selenium/4.8.1 (java windows)
Cache-Control: no-cache
Content-Type: application/json; charset=utf-8
host: localhost:40561
accept: */*

Response DefaultHttpResponse(decodeResult: success, version: HTTP/1.1)
HTTP/1.1 200 OK
Content-Length: 15
Content-Type: application/json; charset=utf-8
cache-control: no-cache

10:13:10.006 [AsyncHttpClient-1-14] DEBUG org.asynchttpclient.netty.channel.ChannelManager - Adding key: http://localhost:40561 for channel [id: 0x683d6dd2, L:/127.0.0.1:51782 - R:localhost/127.0.0.1:40561]
10:13:10.007 [Forwarding getElementTagName on session e3f6c19bfdf271bd8f22d9a603ed12a4 to remote] DEBUG org.asynchttpclient.netty.request.NettyRequestSender - Using pooled Channel '[id: 0x683d6dd2, L:/127.0.0.1:51782 - R:localhost/127.0.0.1:40561]' for 'GET' to 'http://localhost:40561/session/e3f6c19bfdf271bd8f22d9a603ed12a4/element/dea49711-8b8b-4ded-803b-80de0a83c633/name'
10:13:10.007 [Forwarding getElementTagName on session e3f6c19bfdf271bd8f22d9a603ed12a4 to remote] DEBUG org.asynchttpclient.netty.request.NettyRequestSender - Using open Channel [id: 0x683d6dd2, L:/127.0.0.1:51782 - R:localhost/127.0.0.1:40561] for GET '/session/e3f6c19bfdf271bd8f22d9a603ed12a4/element/dea49711-8b8b-4ded-803b-80de0a83c633/name'
10:13:10.009 [AsyncHttpClient-1-14] DEBUG org.asynchttpclient.netty.handler.HttpHandler - 

Request DefaultFullHttpRequest(decodeResult: success, version: HTTP/1.1, content: EmptyByteBufBE)
GET /session/e3f6c19bfdf271bd8f22d9a603ed12a4/element/dea49711-8b8b-4ded-803b-80de0a83c633/name HTTP/1.1
User-Agent: selenium/4.8.1 (java windows)
Cache-Control: no-cache
Content-Type: application/json; charset=utf-8
host: localhost:40561
accept: */*

Response DefaultHttpResponse(decodeResult: success, version: HTTP/1.1)
HTTP/1.1 200 OK
Content-Length: 15
Content-Type: application/json; charset=utf-8
cache-control: no-cache

10:13:10.009 [AsyncHttpClient-1-14] DEBUG org.asynchttpclient.netty.channel.ChannelManager - Adding key: http://localhost:40561 for channel [id: 0x683d6dd2, L:/127.0.0.1:51782 - R:localhost/127.0.0.1:40561]
10:13:10.010 [Forwarding findElement on session e3f6c19bfdf271bd8f22d9a603ed12a4 to remote] DEBUG org.asynchttpclient.netty.request.NettyRequestSender - Using pooled Channel '[id: 0x683d6dd2, L:/127.0.0.1:51782 - R:localhost/127.0.0.1:40561]' for 'POST' to 'http://localhost:40561/session/e3f6c19bfdf271bd8f22d9a603ed12a4/element'
10:13:10.010 [Forwarding findElement on session e3f6c19bfdf271bd8f22d9a603ed12a4 to remote] DEBUG org.asynchttpclient.netty.request.NettyRequestSender - Using open Channel [id: 0x683d6dd2, L:/127.0.0.1:51782 - R:localhost/127.0.0.1:40561] for POST '/session/e3f6c19bfdf271bd8f22d9a603ed12a4/element'
10:13:10.015 [AsyncHttpClient-1-14] DEBUG org.asynchttpclient.netty.handler.HttpHandler - 

Request DefaultHttpRequest(decodeResult: success, version: HTTP/1.1)
POST /session/e3f6c19bfdf271bd8f22d9a603ed12a4/element HTTP/1.1
User-Agent: selenium/4.8.1 (java windows)
Content-Length: 71
Content-Type: application/json; charset=utf-8
host: localhost:40561
accept: */*

Response DefaultHttpResponse(decodeResult: success, version: HTTP/1.1)
HTTP/1.1 200 OK
Content-Length: 88
Content-Type: application/json; charset=utf-8
cache-control: no-cache

10:13:10.015 [AsyncHttpClient-1-14] DEBUG org.asynchttpclient.netty.channel.ChannelManager - Adding key: http://localhost:40561 for channel [id: 0x683d6dd2, L:/127.0.0.1:51782 - R:localhost/127.0.0.1:40561]
10:13:10.016 [Forwarding clickElement on session e3f6c19bfdf271bd8f22d9a603ed12a4 to remote] DEBUG org.asynchttpclient.netty.request.NettyRequestSender - Using pooled Channel '[id: 0x683d6dd2, L:/127.0.0.1:51782 - R:localhost/127.0.0.1:40561]' for 'POST' to 'http://localhost:40561/session/e3f6c19bfdf271bd8f22d9a603ed12a4/element/dea49711-8b8b-4ded-803b-80de0a83c633/click'
10:13:10.016 [Forwarding clickElement on session e3f6c19bfdf271bd8f22d9a603ed12a4 to remote] DEBUG org.asynchttpclient.netty.request.NettyRequestSender - Using open Channel [id: 0x683d6dd2, L:/127.0.0.1:51782 - R:localhost/127.0.0.1:40561] for POST '/session/e3f6c19bfdf271bd8f22d9a603ed12a4/element/dea49711-8b8b-4ded-803b-80de0a83c633/click'
10:13:10.103 [AsyncHttpClient-1-14] DEBUG org.asynchttpclient.netty.handler.HttpHandler - 

Request DefaultHttpRequest(decodeResult: success, version: HTTP/1.1)
POST /session/e3f6c19bfdf271bd8f22d9a603ed12a4/element/dea49711-8b8b-4ded-803b-80de0a83c633/click HTTP/1.1
User-Agent: selenium/4.8.1 (java windows)
Content-Length: 50
Content-Type: application/json; charset=utf-8
host: localhost:40561
accept: */*

Response DefaultHttpResponse(decodeResult: success, version: HTTP/1.1)
HTTP/1.1 200 OK
Content-Length: 14
Content-Type: application/json; charset=utf-8
cache-control: no-cache

10:13:10.103 [AsyncHttpClient-1-14] DEBUG org.asynchttpclient.netty.channel.ChannelManager - Adding key: http://localhost:40561 for channel [id: 0x683d6dd2, L:/127.0.0.1:51782 - R:localhost/127.0.0.1:40561]
10:13:10.107 [Forwarding getAlertText on session e3f6c19bfdf271bd8f22d9a603ed12a4 to remote] DEBUG org.asynchttpclient.netty.request.NettyRequestSender - Using pooled Channel '[id: 0x683d6dd2, L:/127.0.0.1:51782 - R:localhost/127.0.0.1:40561]' for 'GET' to 'http://localhost:40561/session/e3f6c19bfdf271bd8f22d9a603ed12a4/alert/text'
10:13:10.108 [Forwarding getAlertText on session e3f6c19bfdf271bd8f22d9a603ed12a4 to remote] DEBUG org.asynchttpclient.netty.request.NettyRequestSender - Using open Channel [id: 0x683d6dd2, L:/127.0.0.1:51782 - R:localhost/127.0.0.1:40561] for GET '/session/e3f6c19bfdf271bd8f22d9a603ed12a4/alert/text'
10:13:10.110 [AsyncHttpClient-1-14] DEBUG org.asynchttpclient.netty.handler.HttpHandler - 

Request DefaultFullHttpRequest(decodeResult: success, version: HTTP/1.1, content: EmptyByteBufBE)
GET /session/e3f6c19bfdf271bd8f22d9a603ed12a4/alert/text HTTP/1.1
User-Agent: selenium/4.8.1 (java windows)
Cache-Control: no-cache
Content-Type: application/json; charset=utf-8
host: localhost:40561
accept: */*

Response DefaultHttpResponse(decodeResult: success, version: HTTP/1.1)
HTTP/1.1 404 Not Found
Content-Length: 836
Content-Type: application/json; charset=utf-8
cache-control: no-cache

10:13:10.110 [AsyncHttpClient-1-14] DEBUG org.asynchttpclient.netty.channel.ChannelManager - Adding key: http://localhost:40561 for channel [id: 0x683d6dd2, L:/127.0.0.1:51782 - R:localhost/127.0.0.1:40561]
10:13:10.110 [Forwarding getCurrentUrl on session e3f6c19bfdf271bd8f22d9a603ed12a4 to remote] DEBUG org.asynchttpclient.netty.request.NettyRequestSender - Using pooled Channel '[id: 0x683d6dd2, L:/127.0.0.1:51782 - R:localhost/127.0.0.1:40561]' for 'GET' to 'http://localhost:40561/session/e3f6c19bfdf271bd8f22d9a603ed12a4/url'
10:13:10.110 [Forwarding getCurrentUrl on session e3f6c19bfdf271bd8f22d9a603ed12a4 to remote] DEBUG org.asynchttpclient.netty.request.NettyRequestSender - Using open Channel [id: 0x683d6dd2, L:/127.0.0.1:51782 - R:localhost/127.0.0.1:40561] for GET '/session/e3f6c19bfdf271bd8f22d9a603ed12a4/url'
10:13:10.113 [AsyncHttpClient-1-14] DEBUG org.asynchttpclient.netty.handler.HttpHandler - 

Request DefaultFullHttpRequest(decodeResult: success, version: HTTP/1.1, content: EmptyByteBufBE)
GET /session/e3f6c19bfdf271bd8f22d9a603ed12a4/url HTTP/1.1
User-Agent: selenium/4.8.1 (java windows)
Cache-Control: no-cache
Content-Type: application/json; charset=utf-8
host: localhost:40561
accept: */*

Response DefaultHttpResponse(decodeResult: success, version: HTTP/1.1)
HTTP/1.1 200 OK
Content-Length: 41
Content-Type: application/json; charset=utf-8
cache-control: no-cache

10:13:10.113 [AsyncHttpClient-1-14] DEBUG org.asynchttpclient.netty.channel.ChannelManager - Adding key: http://localhost:40561 for channel [id: 0x683d6dd2, L:/127.0.0.1:51782 - R:localhost/127.0.0.1:40561]
10:13:10.113 [Forwarding screenshot on session e3f6c19bfdf271bd8f22d9a603ed12a4 to remote] DEBUG org.asynchttpclient.netty.request.NettyRequestSender - Using pooled Channel '[id: 0x683d6dd2, L:/127.0.0.1:51782 - R:localhost/127.0.0.1:40561]' for 'GET' to 'http://localhost:40561/session/e3f6c19bfdf271bd8f22d9a603ed12a4/screenshot'
10:13:10.113 [Forwarding screenshot on session e3f6c19bfdf271bd8f22d9a603ed12a4 to remote] DEBUG org.asynchttpclient.netty.request.NettyRequestSender - Using open Channel [id: 0x683d6dd2, L:/127.0.0.1:51782 - R:localhost/127.0.0.1:40561] for GET '/session/e3f6c19bfdf271bd8f22d9a603ed12a4/screenshot'
10:13:10.237 [AsyncHttpClient-1-14] DEBUG org.asynchttpclient.netty.handler.HttpHandler - 

Request DefaultFullHttpRequest(decodeResult: success, version: HTTP/1.1, content: EmptyByteBufBE)
GET /session/e3f6c19bfdf271bd8f22d9a603ed12a4/screenshot HTTP/1.1
User-Agent: selenium/4.8.1 (java windows)
Cache-Control: no-cache
Content-Type: application/json; charset=utf-8
host: localhost:40561
accept: */*

Response DefaultHttpResponse(decodeResult: success, version: HTTP/1.1)
HTTP/1.1 200 OK
Content-Length: 41580
Content-Type: application/json; charset=utf-8
cache-control: no-cache

10:13:10.237 [AsyncHttpClient-1-14] DEBUG org.asynchttpclient.netty.channel.ChannelManager - Adding key: http://localhost:40561 for channel [id: 0x683d6dd2, L:/127.0.0.1:51782 - R:localhost/127.0.0.1:40561]
10:13:10.238 [main] DEBUG net.serenitybdd.core.photography.Darkroom - Send negative for processing for target\site\serenity\f0425722a480bfd617868ce03e78baef9f87f2b6f8e1a79114a346a0c28c0f24.png
10:13:10.238 [main] DEBUG net.thucydides.core.steps.StepInterceptor - STEP DONE: clickGamingCategory
  &amp#27;[32mWhen &amp#27;[0m&amp#27;[32mI click gaming category&amp#27;[0m                           &amp#27;[90m# starter.stepdefinitions.CategorySteps.clickGamingCategory()&amp#27;[0m
10:13:10.239 [Darkroom Processing Line] DEBUG net.serenitybdd.core.photography.DarkroomProcessingLine - Processing screenshot image in /var/screenshots/screenshot-17314636403945198771
10:13:10.239 [Darkroom Processing Line] DEBUG net.serenitybdd.core.photography.DarkroomProcessingLine - Saving screenshot to target\site\serenity\f0425722a480bfd617868ce03e78baef9f87f2b6f8e1a79114a346a0c28c0f24.png
10:13:10.245 [Forwarding getPageSource on session e3f6c19bfdf271bd8f22d9a603ed12a4 to remote] DEBUG org.asynchttpclient.netty.request.NettyRequestSender - Using pooled Channel '[id: 0x683d6dd2, L:/127.0.0.1:51782 - R:localhost/127.0.0.1:40561]' for 'POST' to 'http://localhost:40561/session/e3f6c19bfdf271bd8f22d9a603ed12a4/execute/sync'
10:13:10.245 [Forwarding getPageSource on session e3f6c19bfdf271bd8f22d9a603ed12a4 to remote] DEBUG org.asynchttpclient.netty.request.NettyRequestSender - Using open Channel [id: 0x683d6dd2, L:/127.0.0.1:51782 - R:localhost/127.0.0.1:40561] for POST '/session/e3f6c19bfdf271bd8f22d9a603ed12a4/execute/sync'
10:13:10.250 [AsyncHttpClient-1-14] DEBUG org.asynchttpclient.netty.handler.HttpHandler - 

Request DefaultHttpRequest(decodeResult: success, version: HTTP/1.1)
POST /session/e3f6c19bfdf271bd8f22d9a603ed12a4/execute/sync HTTP/1.1
User-Agent: selenium/4.8.1 (java windows)
Content-Length: 176
Content-Type: application/json; charset=utf-8
host: localhost:40561
accept: */*

Response DefaultHttpResponse(decodeResult: success, version: HTTP/1.1)
HTTP/1.1 200 OK
Content-Length: 27995
Content-Type: application/json; charset=utf-8
cache-control: no-cache

10:13:10.250 [AsyncHttpClient-1-14] DEBUG org.asynchttpclient.netty.channel.ChannelManager - Adding key: http://localhost:40561 for channel [id: 0x683d6dd2, L:/127.0.0.1:51782 - R:localhost/127.0.0.1:40561]
10:13:10.251 [Forwarding getCurrentUrl on session e3f6c19bfdf271bd8f22d9a603ed12a4 to remote] DEBUG org.asynchttpclient.netty.request.NettyRequestSender - Using pooled Channel '[id: 0x683d6dd2, L:/127.0.0.1:51782 - R:localhost/127.0.0.1:40561]' for 'GET' to 'http://localhost:40561/session/e3f6c19bfdf271bd8f22d9a603ed12a4/url'
10:13:10.251 [Forwarding getCurrentUrl on session e3f6c19bfdf271bd8f22d9a603ed12a4 to remote] DEBUG org.asynchttpclient.netty.request.NettyRequestSender - Using open Channel [id: 0x683d6dd2, L:/127.0.0.1:51782 - R:localhost/127.0.0.1:40561] for GET '/session/e3f6c19bfdf271bd8f22d9a603ed12a4/url'
10:13:10.253 [AsyncHttpClient-1-14] DEBUG org.asynchttpclient.netty.handler.HttpHandler - 

Request DefaultFullHttpRequest(decodeResult: success, version: HTTP/1.1, content: EmptyByteBufBE)
GET /session/e3f6c19bfdf271bd8f22d9a603ed12a4/url HTTP/1.1
User-Agent: selenium/4.8.1 (java windows)
Cache-Control: no-cache
Content-Type: application/json; charset=utf-8
host: localhost:40561
accept: */*

Response DefaultHttpResponse(decodeResult: success, version: HTTP/1.1)
HTTP/1.1 200 OK
Content-Length: 41
Content-Type: application/json; charset=utf-8
cache-control: no-cache

10:13:10.253 [AsyncHttpClient-1-14] DEBUG org.asynchttpclient.netty.channel.ChannelManager - Adding key: http://localhost:40561 for channel [id: 0x683d6dd2, L:/127.0.0.1:51782 - R:localhost/127.0.0.1:40561]
10:13:10.260 [Forwarding getPageSource on session e3f6c19bfdf271bd8f22d9a603ed12a4 to remote] DEBUG org.asynchttpclient.netty.request.NettyRequestSender - Using pooled Channel '[id: 0x683d6dd2, L:/127.0.0.1:51782 - R:localhost/127.0.0.1:40561]' for 'POST' to 'http://localhost:40561/session/e3f6c19bfdf271bd8f22d9a603ed12a4/execute/sync'
10:13:10.260 [Forwarding getPageSource on session e3f6c19bfdf271bd8f22d9a603ed12a4 to remote] DEBUG org.asynchttpclient.netty.request.NettyRequestSender - Using open Channel [id: 0x683d6dd2, L:/127.0.0.1:51782 - R:localhost/127.0.0.1:40561] for POST '/session/e3f6c19bfdf271bd8f22d9a603ed12a4/execute/sync'
10:13:10.264 [AsyncHttpClient-1-14] DEBUG org.asynchttpclient.netty.handler.HttpHandler - 

Request DefaultHttpRequest(decodeResult: success, version: HTTP/1.1)
POST /session/e3f6c19bfdf271bd8f22d9a603ed12a4/execute/sync HTTP/1.1
User-Agent: selenium/4.8.1 (java windows)
Content-Length: 176
Content-Type: application/json; charset=utf-8
host: localhost:40561
accept: */*

Response DefaultHttpResponse(decodeResult: success, version: HTTP/1.1)
HTTP/1.1 200 OK
Content-Length: 27995
Content-Type: application/json; charset=utf-8
cache-control: no-cache

10:13:10.264 [AsyncHttpClient-1-14] DEBUG org.asynchttpclient.netty.channel.ChannelManager - Adding key: http://localhost:40561 for channel [id: 0x683d6dd2, L:/127.0.0.1:51782 - R:localhost/127.0.0.1:40561]
10:13:10.266 [Forwarding getCurrentUrl on session e3f6c19bfdf271bd8f22d9a603ed12a4 to remote] DEBUG org.asynchttpclient.netty.request.NettyRequestSender - Using pooled Channel '[id: 0x683d6dd2, L:/127.0.0.1:51782 - R:localhost/127.0.0.1:40561]' for 'GET' to 'http://localhost:40561/session/e3f6c19bfdf271bd8f22d9a603ed12a4/url'
10:13:10.266 [Forwarding getCurrentUrl on session e3f6c19bfdf271bd8f22d9a603ed12a4 to remote] DEBUG org.asynchttpclient.netty.request.NettyRequestSender - Using open Channel [id: 0x683d6dd2, L:/127.0.0.1:51782 - R:localhost/127.0.0.1:40561] for GET '/session/e3f6c19bfdf271bd8f22d9a603ed12a4/url'
10:13:10.270 [AsyncHttpClient-1-14] DEBUG org.asynchttpclient.netty.handler.HttpHandler - 

Request DefaultFullHttpRequest(decodeResult: success, version: HTTP/1.1, content: EmptyByteBufBE)
GET /session/e3f6c19bfdf271bd8f22d9a603ed12a4/url HTTP/1.1
User-Agent: selenium/4.8.1 (java windows)
Cache-Control: no-cache
Content-Type: application/json; charset=utf-8
host: localhost:40561
accept: */*

Response DefaultHttpResponse(decodeResult: success, version: HTTP/1.1)
HTTP/1.1 200 OK
Content-Length: 41
Content-Type: application/json; charset=utf-8
cache-control: no-cache

10:13:10.270 [AsyncHttpClient-1-14] DEBUG org.asynchttpclient.netty.channel.ChannelManager - Adding key: http://localhost:40561 for channel [id: 0x683d6dd2, L:/127.0.0.1:51782 - R:localhost/127.0.0.1:40561]
10:13:10.271 [main] DEBUG net.thucydides.core.steps.StepInterceptor - STARTING STEP: CategorySteps.validateOnGamingCategoryProduct - validateGamingCategoryAlert
10:13:10.272 [Forwarding findElement on session e3f6c19bfdf271bd8f22d9a603ed12a4 to remote] DEBUG org.asynchttpclient.netty.request.NettyRequestSender - Using pooled Channel '[id: 0x683d6dd2, L:/127.0.0.1:51782 - R:localhost/127.0.0.1:40561]' for 'POST' to 'http://localhost:40561/session/e3f6c19bfdf271bd8f22d9a603ed12a4/element'
10:13:10.272 [Forwarding findElement on session e3f6c19bfdf271bd8f22d9a603ed12a4 to remote] DEBUG org.asynchttpclient.netty.request.NettyRequestSender - Using open Channel [id: 0x683d6dd2, L:/127.0.0.1:51782 - R:localhost/127.0.0.1:40561] for POST '/session/e3f6c19bfdf271bd8f22d9a603ed12a4/element'
10:13:10.283 [AsyncHttpClient-1-14] DEBUG org.asynchttpclient.netty.handler.HttpHandler - 

Request DefaultHttpRequest(decodeResult: success, version: HTTP/1.1)
POST /session/e3f6c19bfdf271bd8f22d9a603ed12a4/element HTTP/1.1
User-Agent: selenium/4.8.1 (java windows)
Content-Length: 137
Content-Type: application/json; charset=utf-8
host: localhost:40561
accept: */*

Response DefaultHttpResponse(decodeResult: success, version: HTTP/1.1)
HTTP/1.1 200 OK
Content-Length: 88
Content-Type: application/json; charset=utf-8
cache-control: no-cache

10:13:10.283 [AsyncHttpClient-1-14] DEBUG org.asynchttpclient.netty.channel.ChannelManager - Adding key: http://localhost:40561 for channel [id: 0x683d6dd2, L:/127.0.0.1:51782 - R:localhost/127.0.0.1:40561]
10:13:10.285 [Forwarding isElementDisplayed on session e3f6c19bfdf271bd8f22d9a603ed12a4 to remote] DEBUG org.asynchttpclient.netty.request.NettyRequestSender - Using pooled Channel '[id: 0x683d6dd2, L:/127.0.0.1:51782 - R:localhost/127.0.0.1:40561]' for 'POST' to 'http://localhost:40561/session/e3f6c19bfdf271bd8f22d9a603ed12a4/execute/sync'
10:13:10.285 [Forwarding isElementDisplayed on session e3f6c19bfdf271bd8f22d9a603ed12a4 to remote] DEBUG org.asynchttpclient.netty.request.NettyRequestSender - Using open Channel [id: 0x683d6dd2, L:/127.0.0.1:51782 - R:localhost/127.0.0.1:40561] for POST '/session/e3f6c19bfdf271bd8f22d9a603ed12a4/execute/sync'
10:13:10.296 [AsyncHttpClient-1-14] DEBUG org.asynchttpclient.netty.handler.HttpHandler - 

Request DefaultHttpRequest(decodeResult: success, version: HTTP/1.1)
POST /session/e3f6c19bfdf271bd8f22d9a603ed12a4/execute/sync HTTP/1.1
User-Agent: selenium/4.8.1 (java windows)
Content-Length: 48807
Content-Type: application/json; charset=utf-8
host: localhost:40561
accept: */*

Response DefaultHttpResponse(decodeResult: success, version: HTTP/1.1)
HTTP/1.1 200 OK
Content-Length: 14
Content-Type: application/json; charset=utf-8
cache-control: no-cache

10:13:10.296 [AsyncHttpClient-1-14] DEBUG org.asynchttpclient.netty.channel.ChannelManager - Adding key: http://localhost:40561 for channel [id: 0x683d6dd2, L:/127.0.0.1:51782 - R:localhost/127.0.0.1:40561]
10:13:10.303 [Forwarding getAlertText on session e3f6c19bfdf271bd8f22d9a603ed12a4 to remote] DEBUG org.asynchttpclient.netty.request.NettyRequestSender - Using pooled Channel '[id: 0x683d6dd2, L:/127.0.0.1:51782 - R:localhost/127.0.0.1:40561]' for 'GET' to 'http://localhost:40561/session/e3f6c19bfdf271bd8f22d9a603ed12a4/alert/text'
10:13:10.303 [Forwarding getAlertText on session e3f6c19bfdf271bd8f22d9a603ed12a4 to remote] DEBUG org.asynchttpclient.netty.request.NettyRequestSender - Using open Channel [id: 0x683d6dd2, L:/127.0.0.1:51782 - R:localhost/127.0.0.1:40561] for GET '/session/e3f6c19bfdf271bd8f22d9a603ed12a4/alert/text'
10:13:10.305 [AsyncHttpClient-1-14] DEBUG org.asynchttpclient.netty.handler.HttpHandler - 

Request DefaultFullHttpRequest(decodeResult: success, version: HTTP/1.1, content: EmptyByteBufBE)
GET /session/e3f6c19bfdf271bd8f22d9a603ed12a4/alert/text HTTP/1.1
User-Agent: selenium/4.8.1 (java windows)
Cache-Control: no-cache
Content-Type: application/json; charset=utf-8
host: localhost:40561
accept: */*

Response DefaultHttpResponse(decodeResult: success, version: HTTP/1.1)
HTTP/1.1 404 Not Found
Content-Length: 836
Content-Type: application/json; charset=utf-8
cache-control: no-cache

10:13:10.305 [AsyncHttpClient-1-14] DEBUG org.asynchttpclient.netty.channel.ChannelManager - Adding key: http://localhost:40561 for channel [id: 0x683d6dd2, L:/127.0.0.1:51782 - R:localhost/127.0.0.1:40561]
10:13:10.305 [Forwarding getCurrentUrl on session e3f6c19bfdf271bd8f22d9a603ed12a4 to remote] DEBUG org.asynchttpclient.netty.request.NettyRequestSender - Using pooled Channel '[id: 0x683d6dd2, L:/127.0.0.1:51782 - R:localhost/127.0.0.1:40561]' for 'GET' to 'http://localhost:40561/session/e3f6c19bfdf271bd8f22d9a603ed12a4/url'
10:13:10.305 [Forwarding getCurrentUrl on session e3f6c19bfdf271bd8f22d9a603ed12a4 to remote] DEBUG org.asynchttpclient.netty.request.NettyRequestSender - Using open Channel [id: 0x683d6dd2, L:/127.0.0.1:51782 - R:localhost/127.0.0.1:40561] for GET '/session/e3f6c19bfdf271bd8f22d9a603ed12a4/url'
10:13:10.310 [AsyncHttpClient-1-14] DEBUG org.asynchttpclient.netty.handler.HttpHandler - 

Request DefaultFullHttpRequest(decodeResult: success, version: HTTP/1.1, content: EmptyByteBufBE)
GET /session/e3f6c19bfdf271bd8f22d9a603ed12a4/url HTTP/1.1
User-Agent: selenium/4.8.1 (java windows)
Cache-Control: no-cache
Content-Type: application/json; charset=utf-8
host: localhost:40561
accept: */*

Response DefaultHttpResponse(decodeResult: success, version: HTTP/1.1)
HTTP/1.1 200 OK
Content-Length: 41
Content-Type: application/json; charset=utf-8
cache-control: no-cache

10:13:10.310 [AsyncHttpClient-1-14] DEBUG org.asynchttpclient.netty.channel.ChannelManager - Adding key: http://localhost:40561 for channel [id: 0x683d6dd2, L:/127.0.0.1:51782 - R:localhost/127.0.0.1:40561]
10:13:10.311 [Forwarding screenshot on session e3f6c19bfdf271bd8f22d9a603ed12a4 to remote] DEBUG org.asynchttpclient.netty.request.NettyRequestSender - Using pooled Channel '[id: 0x683d6dd2, L:/127.0.0.1:51782 - R:localhost/127.0.0.1:40561]' for 'GET' to 'http://localhost:40561/session/e3f6c19bfdf271bd8f22d9a603ed12a4/screenshot'
10:13:10.311 [Forwarding screenshot on session e3f6c19bfdf271bd8f22d9a603ed12a4 to remote] DEBUG org.asynchttpclient.netty.request.NettyRequestSender - Using open Channel [id: 0x683d6dd2, L:/127.0.0.1:51782 - R:localhost/127.0.0.1:40561] for GET '/session/e3f6c19bfdf271bd8f22d9a603ed12a4/screenshot'
10:13:10.430 [AsyncHttpClient-1-14] DEBUG org.asynchttpclient.netty.handler.HttpHandler - 

Request DefaultFullHttpRequest(decodeResult: success, version: HTTP/1.1, content: EmptyByteBufBE)
GET /session/e3f6c19bfdf271bd8f22d9a603ed12a4/screenshot HTTP/1.1
User-Agent: selenium/4.8.1 (java windows)
Cache-Control: no-cache
Content-Type: application/json; charset=utf-8
host: localhost:40561
accept: */*

Response DefaultHttpResponse(decodeResult: success, version: HTTP/1.1)
HTTP/1.1 200 OK
Content-Length: 29852
Content-Type: application/json; charset=utf-8
cache-control: no-cache

10:13:10.431 [AsyncHttpClient-1-14] DEBUG org.asynchttpclient.netty.channel.ChannelManager - Adding key: http://localhost:40561 for channel [id: 0x683d6dd2, L:/127.0.0.1:51782 - R:localhost/127.0.0.1:40561]
10:13:10.432 [main] DEBUG net.serenitybdd.core.photography.Darkroom - Send negative for processing for target\site\serenity\2ae7d06a48ada39e43ff29097a98a636f4ae40640d654ffa93f5e91925aa1fc9.png
10:13:10.432 [main] DEBUG net.thucydides.core.steps.StepInterceptor - STEP DONE: validateGamingCategoryAlert
  &amp#27;[32mThen &amp#27;[0m&amp#27;[32mI should be redirected to gaming category product&amp#27;[0m &amp#27;[90m# starter.stepdefinitions.CategorySteps.validateOnGamingCategoryProduct()&amp#27;[0m
10:13:10.432 [Darkroom Processing Line] DEBUG net.serenitybdd.core.photography.DarkroomProcessingLine - Processing screenshot image in /var/screenshots/screenshot-6924037438180420491
10:13:10.432 [Darkroom Processing Line] DEBUG net.serenitybdd.core.photography.DarkroomProcessingLine - Saving screenshot to target\site\serenity\2ae7d06a48ada39e43ff29097a98a636f4ae40640d654ffa93f5e91925aa1fc9.png
10:13:10.436 [main] INFO  - 
  _____   ___   ___   _____     ___     _     ___   ___   ___   ___  
 |_   _| | __| / __| |_   _|   | _ \   /_\   / __| / __| | __| |   \ 
   | |   | _|  \__ \   | |     |  _/  / _ \  \__ \ \__ \ | _|  | |) |
   |_|   |___| |___/   |_|     |_|   /_/ \_\ |___/ |___/ |___| |___/ 

Select category
----------------------------------------------------------------------
10:13:10.436 [AsyncHttpClient-1-16] DEBUG org.asynchttpclient.netty.handler.WebSocketHandler - Channel Closed: [id: 0x6f4632e1, L:/127.0.0.1:51790 ! R:localhost/127.0.0.1:51783] with attribute NettyResponseFuture{currentRetry=0,
	isDone=1,
	isCancelled=0,
	asyncHandler=org.asynchttpclient.ws.WebSocketUpgradeHandler@6f1441ab,
	nettyRequest=org.asynchttpclient.netty.request.NettyRequest@65212f6,
	future=java.util.concurrent.CompletableFuture@4bca6a68[Completed normally],
	uri=ws://localhost:51783/devtools/browser/83f24010-8df3-4f25-a644-6d6d0cdcc4d1,
	keepAlive=true,
	redirectCount=0,
	timeoutsHolder=null,
	inAuth=0,
	touch=1683429187204}
10:13:10.436 [AsyncHttpClient-1-16] DEBUG org.asynchttpclient.netty.channel.ChannelManager - Closing Channel [id: 0x6f4632e1, L:/127.0.0.1:51790 ! R:localhost/127.0.0.1:51783] 
10:13:10.436 [Driver Command Executor] DEBUG org.asynchttpclient.netty.request.NettyRequestSender - Using pooled Channel '[id: 0x683d6dd2, L:/127.0.0.1:51782 - R:localhost/127.0.0.1:40561]' for 'DELETE' to 'http://localhost:40561/session/e3f6c19bfdf271bd8f22d9a603ed12a4'
10:13:10.436 [Driver Command Executor] DEBUG org.asynchttpclient.netty.request.NettyRequestSender - Using open Channel [id: 0x683d6dd2, L:/127.0.0.1:51782 - R:localhost/127.0.0.1:40561] for DELETE '/session/e3f6c19bfdf271bd8f22d9a603ed12a4'
10:13:10.579 [AsyncHttpClient-1-15] DEBUG org.asynchttpclient.netty.handler.HttpHandler - Unexpected I/O exception on channel [id: 0xbf676d79, L:/127.0.0.1:51789 - R:localhost/127.0.0.1:51783]
java.io.IOException: An existing connection was forcibly closed by the remote host
	at java.base/sun.nio.ch.SocketDispatcher.read0(Native Method)
	at java.base/sun.nio.ch.SocketDispatcher.read(SocketDispatcher.java:43)
	at java.base/sun.nio.ch.IOUtil.readIntoNativeBuffer(IOUtil.java:276)
	at java.base/sun.nio.ch.IOUtil.read(IOUtil.java:233)
	at java.base/sun.nio.ch.IOUtil.read(IOUtil.java:223)
	at java.base/sun.nio.ch.SocketChannelImpl.read(SocketChannelImpl.java:358)
	at io.netty.buffer.PooledByteBuf.setBytes(PooledByteBuf.java:259)
	at io.netty.buffer.AbstractByteBuf.writeBytes(AbstractByteBuf.java:1132)
	at io.netty.channel.socket.nio.NioSocketChannel.doReadBytes(NioSocketChannel.java:357)
	at io.netty.channel.nio.AbstractNioByteChannel$NioByteUnsafe.read(AbstractNioByteChannel.java:151)
	at io.netty.channel.nio.NioEventLoop.processSelectedKey(NioEventLoop.java:788)
	at io.netty.channel.nio.NioEventLoop.processSelectedKeysOptimized(NioEventLoop.java:724)
	at io.netty.channel.nio.NioEventLoop.processSelectedKeys(NioEventLoop.java:650)
	at io.netty.channel.nio.NioEventLoop.run(NioEventLoop.java:562)
	at io.netty.util.concurrent.SingleThreadEventExecutor$4.run(SingleThreadEventExecutor.java:997)
	at io.netty.util.internal.ThreadExecutorMap$2.run(ThreadExecutorMap.java:74)
	at io.netty.util.concurrent.FastThreadLocalRunnable.run(FastThreadLocalRunnable.java:30)
	at java.base/java.lang.Thread.run(Thread.java:834)
10:13:10.579 [AsyncHttpClient-1-15] DEBUG org.asynchttpclient.netty.channel.ChannelManager - Closing Channel [id: 0xbf676d79, L:/127.0.0.1:51789 - R:localhost/127.0.0.1:51783] 
10:13:10.579 [AsyncHttpClient-1-15] DEBUG org.asynchttpclient.netty.handler.HttpHandler - Channel Closed: [id: 0xbf676d79, L:/127.0.0.1:51789 ! R:localhost/127.0.0.1:51783] with attribute DISCARD
10:13:10.587 [AsyncHttpClient-1-14] DEBUG org.asynchttpclient.netty.handler.HttpHandler - 

Request DefaultFullHttpRequest(decodeResult: success, version: HTTP/1.1, content: EmptyByteBufBE)
DELETE /session/e3f6c19bfdf271bd8f22d9a603ed12a4 HTTP/1.1
User-Agent: selenium/4.8.1 (java windows)
Content-Type: application/json; charset=utf-8
host: localhost:40561
accept: */*

Response DefaultHttpResponse(decodeResult: success, version: HTTP/1.1)
HTTP/1.1 200 OK
Content-Length: 14
Content-Type: application/json; charset=utf-8
cache-control: no-cache

10:13:10.587 [AsyncHttpClient-1-14] DEBUG org.asynchttpclient.netty.channel.ChannelManager - Adding key: http://localhost:40561 for channel [id: 0x683d6dd2, L:/127.0.0.1:51782 - R:localhost/127.0.0.1:40561]
10:13:10.613 [AsyncHttpClient-1-14] DEBUG org.asynchttpclient.netty.handler.HttpHandler - Channel Closed: [id: 0x683d6dd2, L:/127.0.0.1:51782 ! R:localhost/127.0.0.1:40561] with attribute DISCARD
10:13:11.094 [AsyncHttpClient-1-1] DEBUG org.asynchttpclient.netty.channel.DefaultChannelPool - Entry count for : http://localhost:40561 : 1
10:13:11.094 [AsyncHttpClient-1-1] DEBUG org.asynchttpclient.netty.channel.DefaultChannelPool - Entry count for : http://localhost:51783 : 1
10:13:11.094 [AsyncHttpClient-1-1] DEBUG org.asynchttpclient.netty.channel.DefaultChannelPool - Adding Candidate expired Channel [id: 0x683d6dd2, L:/127.0.0.1:51782 ! R:localhost/127.0.0.1:40561] isIdleTimeoutExpired=false isRemotelyClosed=true isTtlExpired=false
10:13:11.094 [AsyncHttpClient-1-1] DEBUG org.asynchttpclient.netty.channel.DefaultChannelPool - Closing Idle Channel [id: 0x683d6dd2, L:/127.0.0.1:51782 ! R:localhost/127.0.0.1:40561]
10:13:11.094 [AsyncHttpClient-1-1] DEBUG org.asynchttpclient.netty.channel.DefaultChannelPool - Adding Candidate expired Channel [id: 0xbf676d79, L:/127.0.0.1:51789 ! R:localhost/127.0.0.1:51783] isIdleTimeoutExpired=false isRemotelyClosed=true isTtlExpired=false
10:13:11.094 [AsyncHttpClient-1-1] DEBUG org.asynchttpclient.netty.channel.DefaultChannelPool - Closing Idle Channel [id: 0xbf676d79, L:/127.0.0.1:51789 ! R:localhost/127.0.0.1:51783]
10:13:11.094 [AsyncHttpClient-1-1] DEBUG org.asynchttpclient.netty.channel.DefaultChannelPool - Closed 2 connections out of 2 in 0 ms
]]></system-out>
    <system-err><![CDATA[Starting ChromeDriver 111.0.5563.64 (c710e93d5b63b7095afe8c2c17df34408078439d-refs/branch-heads/5563@{#995}) on port 40561
Only local connections are allowed.
Please see https://chromedriver.chromium.org/security-considerations for suggestions on keeping ChromeDriver safe.
ChromeDriver was started successfully.
May 07, 2023 10:13:07 AM org.openqa.selenium.devtools.CdpVersionFinder findNearestMatch
WARNING: Unable to find an exact match for CDP version 111, so returning the closest version found: 110
]]></system-err>
  </testcase>
  <testcase name="Clear category" classname="Category" time="6.035">
    <system-out><![CDATA[
Scenario: Clear category                                     &amp#27;[90m# src/test/resources/features/5. Category.feature:13&amp#27;[0m
10:13:11.154 [main] DEBUG io.cucumber.core.plugin.SerenityReporter - Running feature from file:///D:/WebMinpro/code/minpro/src/test/resources/features/5.%20Category.feature
10:13:11.154 [main] INFO  - 
  _____   ___   ___   _____     ___   _____     _     ___   _____   ___   ___  
 |_   _| | __| / __| |_   _|   / __| |_   _|   /_\   | _ \ |_   _| | __| |   \ 
   | |   | _|  \__ \   | |     \__ \   | |    / _ \  |   /   | |   | _|  | |) |
   |_|   |___| |___/   |_|     |___/   |_|   /_/ \_\ |_|_\   |_|   |___| |___/ 

Clear category(category;clear-category)
--------------------------------------------------------------------------------
10:13:11.172 [main] DEBUG net.thucydides.core.steps.StepInterceptor - STARTING STEP: CategorySteps.goToHomePage - openPage
10:13:11.322 [main] INFO net.serenitybdd.core.webdriver.driverproviders.ChromeDriverProvider - Starting Chrome driver instance with capabilities:
10:13:11.322 [main] INFO net.serenitybdd.core.webdriver.driverproviders.ChromeDriverProvider - Capabilities {acceptInsecureCerts: false, browserName: chrome, goog:chromeOptions: {args: [remote-allow-origins=*], extensions: []}}
10:13:11.916 [AsyncHttpClient-1-17] DEBUG org.asynchttpclient.netty.channel.NettyConnectListener - Using new Channel '[id: 0xc95d075d, L:/127.0.0.1:51810 - R:localhost/127.0.0.1:39086]' for 'POST' to '/session'
10:13:12.453 [AsyncHttpClient-1-17] DEBUG org.asynchttpclient.netty.handler.HttpHandler - 

Request DefaultHttpRequest(decodeResult: success, version: HTTP/1.1)
POST /session HTTP/1.1
User-Agent: selenium/4.8.1 (java windows)
Content-Length: 507
Content-Type: application/json; charset=utf-8
host: localhost:39086
accept: */*

Response DefaultHttpResponse(decodeResult: success, version: HTTP/1.1)
HTTP/1.1 200 OK
Content-Length: 859
Content-Type: application/json; charset=utf-8
cache-control: no-cache

10:13:12.454 [AsyncHttpClient-1-17] DEBUG org.asynchttpclient.netty.channel.ChannelManager - Adding key: http://localhost:39086 for channel [id: 0xc95d075d, L:/127.0.0.1:51810 - R:localhost/127.0.0.1:39086]
10:13:12.459 [AsyncHttpClient-1-18] DEBUG org.asynchttpclient.netty.channel.NettyConnectListener - Using new Channel '[id: 0x24c84677, L:/127.0.0.1:51817 - R:localhost/127.0.0.1:51811]' for 'GET' to '/json/version'
10:13:12.460 [AsyncHttpClient-1-18] DEBUG org.asynchttpclient.netty.handler.HttpHandler - 

Request DefaultFullHttpRequest(decodeResult: success, version: HTTP/1.1, content: EmptyByteBufBE)
GET /json/version HTTP/1.1
User-Agent: selenium/4.8.1 (java windows)
host: localhost:51811
accept: */*

Response DefaultHttpResponse(decodeResult: success, version: HTTP/1.1)
HTTP/1.1 200 OK
Content-Security-Policy: frame-ancestors 'none'
Content-Length: 424
Content-Type: application/json; charset=UTF-8

10:13:12.460 [AsyncHttpClient-1-18] DEBUG org.asynchttpclient.netty.channel.ChannelManager - Adding key: http://localhost:51811 for channel [id: 0x24c84677, L:/127.0.0.1:51817 - R:localhost/127.0.0.1:51811]
10:13:12.461 [AsyncHttpClient-1-19] DEBUG org.asynchttpclient.netty.channel.NettyConnectListener - Using new Channel '[id: 0x0ab8836d, L:/127.0.0.1:51818 - R:localhost/127.0.0.1:51811]' for 'GET' to '/devtools/browser/568cdb1c-d723-4de2-8ca3-268a99daee26'
10:13:12.462 [AsyncHttpClient-1-19] DEBUG org.asynchttpclient.netty.handler.WebSocketHandler - 

Request DefaultFullHttpRequest(decodeResult: success, version: HTTP/1.1, content: EmptyByteBufBE)
GET /devtools/browser/568cdb1c-d723-4de2-8ca3-268a99daee26 HTTP/1.1
upgrade: websocket
connection: upgrade
sec-websocket-key: pJwsxdRgJsdFNnuqzRG7CQ==
sec-websocket-version: 13
origin: http://localhost:51811
host: localhost:51811
accept: */*
user-agent: AHC/2.1

Response DefaultHttpResponse(decodeResult: success, version: HTTP/1.1)
HTTP/1.1 101 WebSocket Protocol Handshake
Upgrade: WebSocket
Connection: Upgrade
Sec-WebSocket-Accept: It5IA4HnjltvBUrXyGLRLkWed30=

10:13:12.465 [Forwarding get on session 0e167978e1b09af838f3e02ff3d95dbc to remote] DEBUG org.asynchttpclient.netty.request.NettyRequestSender - Using pooled Channel '[id: 0xc95d075d, L:/127.0.0.1:51810 - R:localhost/127.0.0.1:39086]' for 'POST' to 'http://localhost:39086/session/0e167978e1b09af838f3e02ff3d95dbc/url'
10:13:12.465 [Forwarding get on session 0e167978e1b09af838f3e02ff3d95dbc to remote] DEBUG org.asynchttpclient.netty.request.NettyRequestSender - Using open Channel [id: 0xc95d075d, L:/127.0.0.1:51810 - R:localhost/127.0.0.1:39086] for POST '/session/0e167978e1b09af838f3e02ff3d95dbc/url'
10:13:13.294 [AsyncHttpClient-1-1] DEBUG org.asynchttpclient.netty.channel.DefaultChannelPool - Entry count for : http://localhost:51811 : 1
10:13:13.322 [AsyncHttpClient-1-17] DEBUG org.asynchttpclient.netty.handler.HttpHandler - 

Request DefaultHttpRequest(decodeResult: success, version: HTTP/1.1)
POST /session/0e167978e1b09af838f3e02ff3d95dbc/url HTTP/1.1
User-Agent: selenium/4.8.1 (java windows)
Content-Length: 74
Content-Type: application/json; charset=utf-8
host: localhost:39086
accept: */*

Response DefaultHttpResponse(decodeResult: success, version: HTTP/1.1)
HTTP/1.1 200 OK
Content-Length: 14
Content-Type: application/json; charset=utf-8
cache-control: no-cache

10:13:13.322 [AsyncHttpClient-1-17] DEBUG org.asynchttpclient.netty.channel.ChannelManager - Adding key: http://localhost:39086 for channel [id: 0xc95d075d, L:/127.0.0.1:51810 - R:localhost/127.0.0.1:39086]
10:13:13.323 [Forwarding setTimeout on session 0e167978e1b09af838f3e02ff3d95dbc to remote] DEBUG org.asynchttpclient.netty.request.NettyRequestSender - Using pooled Channel '[id: 0xc95d075d, L:/127.0.0.1:51810 - R:localhost/127.0.0.1:39086]' for 'POST' to 'http://localhost:39086/session/0e167978e1b09af838f3e02ff3d95dbc/timeouts'
10:13:13.323 [Forwarding setTimeout on session 0e167978e1b09af838f3e02ff3d95dbc to remote] DEBUG org.asynchttpclient.netty.request.NettyRequestSender - Using open Channel [id: 0xc95d075d, L:/127.0.0.1:51810 - R:localhost/127.0.0.1:39086] for POST '/session/0e167978e1b09af838f3e02ff3d95dbc/timeouts'
10:13:13.323 [AsyncHttpClient-1-17] DEBUG org.asynchttpclient.netty.handler.HttpHandler - 

Request DefaultHttpRequest(decodeResult: success, version: HTTP/1.1)
POST /session/0e167978e1b09af838f3e02ff3d95dbc/timeouts HTTP/1.1
User-Agent: selenium/4.8.1 (java windows)
Content-Length: 22
Content-Type: application/json; charset=utf-8
host: localhost:39086
accept: */*

Response DefaultHttpResponse(decodeResult: success, version: HTTP/1.1)
HTTP/1.1 200 OK
Content-Length: 14
Content-Type: application/json; charset=utf-8
cache-control: no-cache

10:13:13.323 [AsyncHttpClient-1-17] DEBUG org.asynchttpclient.netty.channel.ChannelManager - Adding key: http://localhost:39086 for channel [id: 0xc95d075d, L:/127.0.0.1:51810 - R:localhost/127.0.0.1:39086]
10:13:13.329 [Forwarding getAlertText on session 0e167978e1b09af838f3e02ff3d95dbc to remote] DEBUG org.asynchttpclient.netty.request.NettyRequestSender - Using pooled Channel '[id: 0xc95d075d, L:/127.0.0.1:51810 - R:localhost/127.0.0.1:39086]' for 'GET' to 'http://localhost:39086/session/0e167978e1b09af838f3e02ff3d95dbc/alert/text'
10:13:13.329 [Forwarding getAlertText on session 0e167978e1b09af838f3e02ff3d95dbc to remote] DEBUG org.asynchttpclient.netty.request.NettyRequestSender - Using open Channel [id: 0xc95d075d, L:/127.0.0.1:51810 - R:localhost/127.0.0.1:39086] for GET '/session/0e167978e1b09af838f3e02ff3d95dbc/alert/text'
10:13:13.330 [AsyncHttpClient-1-17] DEBUG org.asynchttpclient.netty.handler.HttpHandler - 

Request DefaultFullHttpRequest(decodeResult: success, version: HTTP/1.1, content: EmptyByteBufBE)
GET /session/0e167978e1b09af838f3e02ff3d95dbc/alert/text HTTP/1.1
User-Agent: selenium/4.8.1 (java windows)
Cache-Control: no-cache
Content-Type: application/json; charset=utf-8
host: localhost:39086
accept: */*

Response DefaultHttpResponse(decodeResult: success, version: HTTP/1.1)
HTTP/1.1 404 Not Found
Content-Length: 836
Content-Type: application/json; charset=utf-8
cache-control: no-cache

10:13:13.330 [AsyncHttpClient-1-17] DEBUG org.asynchttpclient.netty.channel.ChannelManager - Adding key: http://localhost:39086 for channel [id: 0xc95d075d, L:/127.0.0.1:51810 - R:localhost/127.0.0.1:39086]
10:13:13.331 [Forwarding getCurrentUrl on session 0e167978e1b09af838f3e02ff3d95dbc to remote] DEBUG org.asynchttpclient.netty.request.NettyRequestSender - Using pooled Channel '[id: 0xc95d075d, L:/127.0.0.1:51810 - R:localhost/127.0.0.1:39086]' for 'GET' to 'http://localhost:39086/session/0e167978e1b09af838f3e02ff3d95dbc/url'
10:13:13.331 [Forwarding getCurrentUrl on session 0e167978e1b09af838f3e02ff3d95dbc to remote] DEBUG org.asynchttpclient.netty.request.NettyRequestSender - Using open Channel [id: 0xc95d075d, L:/127.0.0.1:51810 - R:localhost/127.0.0.1:39086] for GET '/session/0e167978e1b09af838f3e02ff3d95dbc/url'
10:13:13.334 [AsyncHttpClient-1-17] DEBUG org.asynchttpclient.netty.handler.HttpHandler - 

Request DefaultFullHttpRequest(decodeResult: success, version: HTTP/1.1, content: EmptyByteBufBE)
GET /session/0e167978e1b09af838f3e02ff3d95dbc/url HTTP/1.1
User-Agent: selenium/4.8.1 (java windows)
Cache-Control: no-cache
Content-Type: application/json; charset=utf-8
host: localhost:39086
accept: */*

Response DefaultHttpResponse(decodeResult: success, version: HTTP/1.1)
HTTP/1.1 200 OK
Content-Length: 51
Content-Type: application/json; charset=utf-8
cache-control: no-cache

10:13:13.334 [AsyncHttpClient-1-17] DEBUG org.asynchttpclient.netty.channel.ChannelManager - Adding key: http://localhost:39086 for channel [id: 0xc95d075d, L:/127.0.0.1:51810 - R:localhost/127.0.0.1:39086]
10:13:13.334 [Forwarding screenshot on session 0e167978e1b09af838f3e02ff3d95dbc to remote] DEBUG org.asynchttpclient.netty.request.NettyRequestSender - Using pooled Channel '[id: 0xc95d075d, L:/127.0.0.1:51810 - R:localhost/127.0.0.1:39086]' for 'GET' to 'http://localhost:39086/session/0e167978e1b09af838f3e02ff3d95dbc/screenshot'
10:13:13.334 [Forwarding screenshot on session 0e167978e1b09af838f3e02ff3d95dbc to remote] DEBUG org.asynchttpclient.netty.request.NettyRequestSender - Using open Channel [id: 0xc95d075d, L:/127.0.0.1:51810 - R:localhost/127.0.0.1:39086] for GET '/session/0e167978e1b09af838f3e02ff3d95dbc/screenshot'
10:13:13.446 [AsyncHttpClient-1-17] DEBUG org.asynchttpclient.netty.handler.HttpHandler - 

Request DefaultFullHttpRequest(decodeResult: success, version: HTTP/1.1, content: EmptyByteBufBE)
GET /session/0e167978e1b09af838f3e02ff3d95dbc/screenshot HTTP/1.1
User-Agent: selenium/4.8.1 (java windows)
Cache-Control: no-cache
Content-Type: application/json; charset=utf-8
host: localhost:39086
accept: */*

Response DefaultHttpResponse(decodeResult: success, version: HTTP/1.1)
HTTP/1.1 200 OK
Content-Length: 32748
Content-Type: application/json; charset=utf-8
cache-control: no-cache

10:13:13.446 [AsyncHttpClient-1-17] DEBUG org.asynchttpclient.netty.channel.ChannelManager - Adding key: http://localhost:39086 for channel [id: 0xc95d075d, L:/127.0.0.1:51810 - R:localhost/127.0.0.1:39086]
10:13:13.447 [main] DEBUG net.serenitybdd.core.photography.Darkroom - Send negative for processing for target\site\serenity\838a118defe8b2c78f320792ccc0dfcdbc689f4090a216cf0baf82906188e658.png
10:13:13.447 [main] DEBUG net.thucydides.core.steps.StepInterceptor - STEP DONE: openPage
10:13:13.450 [Forwarding getPageSource on session 0e167978e1b09af838f3e02ff3d95dbc to remote] DEBUG org.asynchttpclient.netty.request.NettyRequestSender - Using pooled Channel '[id: 0xc95d075d, L:/127.0.0.1:51810 - R:localhost/127.0.0.1:39086]' for 'POST' to 'http://localhost:39086/session/0e167978e1b09af838f3e02ff3d95dbc/execute/sync'
10:13:13.450 [Forwarding getPageSource on session 0e167978e1b09af838f3e02ff3d95dbc to remote] DEBUG org.asynchttpclient.netty.request.NettyRequestSender - Using open Channel [id: 0xc95d075d, L:/127.0.0.1:51810 - R:localhost/127.0.0.1:39086] for POST '/session/0e167978e1b09af838f3e02ff3d95dbc/execute/sync'
10:13:13.454 [AsyncHttpClient-1-17] DEBUG org.asynchttpclient.netty.handler.HttpHandler - 

Request DefaultHttpRequest(decodeResult: success, version: HTTP/1.1)
POST /session/0e167978e1b09af838f3e02ff3d95dbc/execute/sync HTTP/1.1
User-Agent: selenium/4.8.1 (java windows)
Content-Length: 176
Content-Type: application/json; charset=utf-8
host: localhost:39086
accept: */*

Response DefaultHttpResponse(decodeResult: success, version: HTTP/1.1)
HTTP/1.1 200 OK
Content-Length: 21659
Content-Type: application/json; charset=utf-8
cache-control: no-cache

10:13:13.454 [AsyncHttpClient-1-17] DEBUG org.asynchttpclient.netty.channel.ChannelManager - Adding key: http://localhost:39086 for channel [id: 0xc95d075d, L:/127.0.0.1:51810 - R:localhost/127.0.0.1:39086]
10:13:13.455 [Forwarding getCurrentUrl on session 0e167978e1b09af838f3e02ff3d95dbc to remote] DEBUG org.asynchttpclient.netty.request.NettyRequestSender - Using pooled Channel '[id: 0xc95d075d, L:/127.0.0.1:51810 - R:localhost/127.0.0.1:39086]' for 'GET' to 'http://localhost:39086/session/0e167978e1b09af838f3e02ff3d95dbc/url'
10:13:13.455 [Forwarding getCurrentUrl on session 0e167978e1b09af838f3e02ff3d95dbc to remote] DEBUG org.asynchttpclient.netty.request.NettyRequestSender - Using open Channel [id: 0xc95d075d, L:/127.0.0.1:51810 - R:localhost/127.0.0.1:39086] for GET '/session/0e167978e1b09af838f3e02ff3d95dbc/url'
10:13:13.457 [AsyncHttpClient-1-17] DEBUG org.asynchttpclient.netty.handler.HttpHandler - 

Request DefaultFullHttpRequest(decodeResult: success, version: HTTP/1.1, content: EmptyByteBufBE)
GET /session/0e167978e1b09af838f3e02ff3d95dbc/url HTTP/1.1
User-Agent: selenium/4.8.1 (java windows)
Cache-Control: no-cache
Content-Type: application/json; charset=utf-8
host: localhost:39086
accept: */*

Response DefaultHttpResponse(decodeResult: success, version: HTTP/1.1)
HTTP/1.1 200 OK
Content-Length: 51
Content-Type: application/json; charset=utf-8
cache-control: no-cache

10:13:13.457 [AsyncHttpClient-1-17] DEBUG org.asynchttpclient.netty.channel.ChannelManager - Adding key: http://localhost:39086 for channel [id: 0xc95d075d, L:/127.0.0.1:51810 - R:localhost/127.0.0.1:39086]
10:13:13.458 [main] DEBUG net.thucydides.core.steps.StepInterceptor - STARTING STEP: CategorySteps.goToHomePage - clickToolbarTitle
10:13:13.460 [Forwarding findElement on session 0e167978e1b09af838f3e02ff3d95dbc to remote] DEBUG org.asynchttpclient.netty.request.NettyRequestSender - Using pooled Channel '[id: 0xc95d075d, L:/127.0.0.1:51810 - R:localhost/127.0.0.1:39086]' for 'POST' to 'http://localhost:39086/session/0e167978e1b09af838f3e02ff3d95dbc/element'
10:13:13.460 [Forwarding findElement on session 0e167978e1b09af838f3e02ff3d95dbc to remote] DEBUG org.asynchttpclient.netty.request.NettyRequestSender - Using open Channel [id: 0xc95d075d, L:/127.0.0.1:51810 - R:localhost/127.0.0.1:39086] for POST '/session/0e167978e1b09af838f3e02ff3d95dbc/element'
10:13:13.468 [AsyncHttpClient-1-17] DEBUG org.asynchttpclient.netty.handler.HttpHandler - 

Request DefaultHttpRequest(decodeResult: success, version: HTTP/1.1)
POST /session/0e167978e1b09af838f3e02ff3d95dbc/element HTTP/1.1
User-Agent: selenium/4.8.1 (java windows)
Content-Length: 63
Content-Type: application/json; charset=utf-8
host: localhost:39086
accept: */*

Response DefaultHttpResponse(decodeResult: success, version: HTTP/1.1)
HTTP/1.1 200 OK
Content-Length: 88
Content-Type: application/json; charset=utf-8
cache-control: no-cache

10:13:13.468 [AsyncHttpClient-1-17] DEBUG org.asynchttpclient.netty.channel.ChannelManager - Adding key: http://localhost:39086 for channel [id: 0xc95d075d, L:/127.0.0.1:51810 - R:localhost/127.0.0.1:39086]
10:13:13.468 [Forwarding getElementTagName on session 0e167978e1b09af838f3e02ff3d95dbc to remote] DEBUG org.asynchttpclient.netty.request.NettyRequestSender - Using pooled Channel '[id: 0xc95d075d, L:/127.0.0.1:51810 - R:localhost/127.0.0.1:39086]' for 'GET' to 'http://localhost:39086/session/0e167978e1b09af838f3e02ff3d95dbc/element/f1dbb2d6-d14a-49e5-aadc-b27a34f8fe31/name'
10:13:13.468 [Forwarding getElementTagName on session 0e167978e1b09af838f3e02ff3d95dbc to remote] DEBUG org.asynchttpclient.netty.request.NettyRequestSender - Using open Channel [id: 0xc95d075d, L:/127.0.0.1:51810 - R:localhost/127.0.0.1:39086] for GET '/session/0e167978e1b09af838f3e02ff3d95dbc/element/f1dbb2d6-d14a-49e5-aadc-b27a34f8fe31/name'
10:13:13.472 [AsyncHttpClient-1-17] DEBUG org.asynchttpclient.netty.handler.HttpHandler - 

Request DefaultFullHttpRequest(decodeResult: success, version: HTTP/1.1, content: EmptyByteBufBE)
GET /session/0e167978e1b09af838f3e02ff3d95dbc/element/f1dbb2d6-d14a-49e5-aadc-b27a34f8fe31/name HTTP/1.1
User-Agent: selenium/4.8.1 (java windows)
Cache-Control: no-cache
Content-Type: application/json; charset=utf-8
host: localhost:39086
accept: */*

Response DefaultHttpResponse(decodeResult: success, version: HTTP/1.1)
HTTP/1.1 200 OK
Content-Length: 15
Content-Type: application/json; charset=utf-8
cache-control: no-cache

10:13:13.472 [AsyncHttpClient-1-17] DEBUG org.asynchttpclient.netty.channel.ChannelManager - Adding key: http://localhost:39086 for channel [id: 0xc95d075d, L:/127.0.0.1:51810 - R:localhost/127.0.0.1:39086]
10:13:13.472 [Forwarding getElementTagName on session 0e167978e1b09af838f3e02ff3d95dbc to remote] DEBUG org.asynchttpclient.netty.request.NettyRequestSender - Using pooled Channel '[id: 0xc95d075d, L:/127.0.0.1:51810 - R:localhost/127.0.0.1:39086]' for 'GET' to 'http://localhost:39086/session/0e167978e1b09af838f3e02ff3d95dbc/element/f1dbb2d6-d14a-49e5-aadc-b27a34f8fe31/name'
10:13:13.472 [Forwarding getElementTagName on session 0e167978e1b09af838f3e02ff3d95dbc to remote] DEBUG org.asynchttpclient.netty.request.NettyRequestSender - Using open Channel [id: 0xc95d075d, L:/127.0.0.1:51810 - R:localhost/127.0.0.1:39086] for GET '/session/0e167978e1b09af838f3e02ff3d95dbc/element/f1dbb2d6-d14a-49e5-aadc-b27a34f8fe31/name'
10:13:13.474 [AsyncHttpClient-1-17] DEBUG org.asynchttpclient.netty.handler.HttpHandler - 

Request DefaultFullHttpRequest(decodeResult: success, version: HTTP/1.1, content: EmptyByteBufBE)
GET /session/0e167978e1b09af838f3e02ff3d95dbc/element/f1dbb2d6-d14a-49e5-aadc-b27a34f8fe31/name HTTP/1.1
User-Agent: selenium/4.8.1 (java windows)
Cache-Control: no-cache
Content-Type: application/json; charset=utf-8
host: localhost:39086
accept: */*

Response DefaultHttpResponse(decodeResult: success, version: HTTP/1.1)
HTTP/1.1 200 OK
Content-Length: 15
Content-Type: application/json; charset=utf-8
cache-control: no-cache

10:13:13.475 [AsyncHttpClient-1-17] DEBUG org.asynchttpclient.netty.channel.ChannelManager - Adding key: http://localhost:39086 for channel [id: 0xc95d075d, L:/127.0.0.1:51810 - R:localhost/127.0.0.1:39086]
10:13:13.475 [Forwarding findElement on session 0e167978e1b09af838f3e02ff3d95dbc to remote] DEBUG org.asynchttpclient.netty.request.NettyRequestSender - Using pooled Channel '[id: 0xc95d075d, L:/127.0.0.1:51810 - R:localhost/127.0.0.1:39086]' for 'POST' to 'http://localhost:39086/session/0e167978e1b09af838f3e02ff3d95dbc/element'
10:13:13.475 [Forwarding findElement on session 0e167978e1b09af838f3e02ff3d95dbc to remote] DEBUG org.asynchttpclient.netty.request.NettyRequestSender - Using open Channel [id: 0xc95d075d, L:/127.0.0.1:51810 - R:localhost/127.0.0.1:39086] for POST '/session/0e167978e1b09af838f3e02ff3d95dbc/element'
10:13:13.480 [AsyncHttpClient-1-17] DEBUG org.asynchttpclient.netty.handler.HttpHandler - 

Request DefaultHttpRequest(decodeResult: success, version: HTTP/1.1)
POST /session/0e167978e1b09af838f3e02ff3d95dbc/element HTTP/1.1
User-Agent: selenium/4.8.1 (java windows)
Content-Length: 63
Content-Type: application/json; charset=utf-8
host: localhost:39086
accept: */*

Response DefaultHttpResponse(decodeResult: success, version: HTTP/1.1)
HTTP/1.1 200 OK
Content-Length: 88
Content-Type: application/json; charset=utf-8
cache-control: no-cache

10:13:13.480 [AsyncHttpClient-1-17] DEBUG org.asynchttpclient.netty.channel.ChannelManager - Adding key: http://localhost:39086 for channel [id: 0xc95d075d, L:/127.0.0.1:51810 - R:localhost/127.0.0.1:39086]
10:13:13.481 [Forwarding clickElement on session 0e167978e1b09af838f3e02ff3d95dbc to remote] DEBUG org.asynchttpclient.netty.request.NettyRequestSender - Using pooled Channel '[id: 0xc95d075d, L:/127.0.0.1:51810 - R:localhost/127.0.0.1:39086]' for 'POST' to 'http://localhost:39086/session/0e167978e1b09af838f3e02ff3d95dbc/element/f1dbb2d6-d14a-49e5-aadc-b27a34f8fe31/click'
10:13:13.481 [Forwarding clickElement on session 0e167978e1b09af838f3e02ff3d95dbc to remote] DEBUG org.asynchttpclient.netty.request.NettyRequestSender - Using open Channel [id: 0xc95d075d, L:/127.0.0.1:51810 - R:localhost/127.0.0.1:39086] for POST '/session/0e167978e1b09af838f3e02ff3d95dbc/element/f1dbb2d6-d14a-49e5-aadc-b27a34f8fe31/click'
10:13:13.531 [AsyncHttpClient-1-17] DEBUG org.asynchttpclient.netty.handler.HttpHandler - 

Request DefaultHttpRequest(decodeResult: success, version: HTTP/1.1)
POST /session/0e167978e1b09af838f3e02ff3d95dbc/element/f1dbb2d6-d14a-49e5-aadc-b27a34f8fe31/click HTTP/1.1
User-Agent: selenium/4.8.1 (java windows)
Content-Length: 50
Content-Type: application/json; charset=utf-8
host: localhost:39086
accept: */*

Response DefaultHttpResponse(decodeResult: success, version: HTTP/1.1)
HTTP/1.1 200 OK
Content-Length: 14
Content-Type: application/json; charset=utf-8
cache-control: no-cache

10:13:13.531 [AsyncHttpClient-1-17] DEBUG org.asynchttpclient.netty.channel.ChannelManager - Adding key: http://localhost:39086 for channel [id: 0xc95d075d, L:/127.0.0.1:51810 - R:localhost/127.0.0.1:39086]
10:13:13.534 [Forwarding getAlertText on session 0e167978e1b09af838f3e02ff3d95dbc to remote] DEBUG org.asynchttpclient.netty.request.NettyRequestSender - Using pooled Channel '[id: 0xc95d075d, L:/127.0.0.1:51810 - R:localhost/127.0.0.1:39086]' for 'GET' to 'http://localhost:39086/session/0e167978e1b09af838f3e02ff3d95dbc/alert/text'
10:13:13.534 [Forwarding getAlertText on session 0e167978e1b09af838f3e02ff3d95dbc to remote] DEBUG org.asynchttpclient.netty.request.NettyRequestSender - Using open Channel [id: 0xc95d075d, L:/127.0.0.1:51810 - R:localhost/127.0.0.1:39086] for GET '/session/0e167978e1b09af838f3e02ff3d95dbc/alert/text'
10:13:13.535 [AsyncHttpClient-1-17] DEBUG org.asynchttpclient.netty.handler.HttpHandler - 

Request DefaultFullHttpRequest(decodeResult: success, version: HTTP/1.1, content: EmptyByteBufBE)
GET /session/0e167978e1b09af838f3e02ff3d95dbc/alert/text HTTP/1.1
User-Agent: selenium/4.8.1 (java windows)
Cache-Control: no-cache
Content-Type: application/json; charset=utf-8
host: localhost:39086
accept: */*

Response DefaultHttpResponse(decodeResult: success, version: HTTP/1.1)
HTTP/1.1 404 Not Found
Content-Length: 836
Content-Type: application/json; charset=utf-8
cache-control: no-cache

10:13:13.536 [AsyncHttpClient-1-17] DEBUG org.asynchttpclient.netty.channel.ChannelManager - Adding key: http://localhost:39086 for channel [id: 0xc95d075d, L:/127.0.0.1:51810 - R:localhost/127.0.0.1:39086]
10:13:13.536 [Forwarding getCurrentUrl on session 0e167978e1b09af838f3e02ff3d95dbc to remote] DEBUG org.asynchttpclient.netty.request.NettyRequestSender - Using pooled Channel '[id: 0xc95d075d, L:/127.0.0.1:51810 - R:localhost/127.0.0.1:39086]' for 'GET' to 'http://localhost:39086/session/0e167978e1b09af838f3e02ff3d95dbc/url'
10:13:13.537 [Forwarding getCurrentUrl on session 0e167978e1b09af838f3e02ff3d95dbc to remote] DEBUG org.asynchttpclient.netty.request.NettyRequestSender - Using open Channel [id: 0xc95d075d, L:/127.0.0.1:51810 - R:localhost/127.0.0.1:39086] for GET '/session/0e167978e1b09af838f3e02ff3d95dbc/url'
10:13:13.541 [AsyncHttpClient-1-17] DEBUG org.asynchttpclient.netty.handler.HttpHandler - 

Request DefaultFullHttpRequest(decodeResult: success, version: HTTP/1.1, content: EmptyByteBufBE)
GET /session/0e167978e1b09af838f3e02ff3d95dbc/url HTTP/1.1
User-Agent: selenium/4.8.1 (java windows)
Cache-Control: no-cache
Content-Type: application/json; charset=utf-8
host: localhost:39086
accept: */*

Response DefaultHttpResponse(decodeResult: success, version: HTTP/1.1)
HTTP/1.1 200 OK
Content-Length: 41
Content-Type: application/json; charset=utf-8
cache-control: no-cache

10:13:13.541 [AsyncHttpClient-1-17] DEBUG org.asynchttpclient.netty.channel.ChannelManager - Adding key: http://localhost:39086 for channel [id: 0xc95d075d, L:/127.0.0.1:51810 - R:localhost/127.0.0.1:39086]
10:13:13.542 [Forwarding screenshot on session 0e167978e1b09af838f3e02ff3d95dbc to remote] DEBUG org.asynchttpclient.netty.request.NettyRequestSender - Using pooled Channel '[id: 0xc95d075d, L:/127.0.0.1:51810 - R:localhost/127.0.0.1:39086]' for 'GET' to 'http://localhost:39086/session/0e167978e1b09af838f3e02ff3d95dbc/screenshot'
10:13:13.542 [Forwarding screenshot on session 0e167978e1b09af838f3e02ff3d95dbc to remote] DEBUG org.asynchttpclient.netty.request.NettyRequestSender - Using open Channel [id: 0xc95d075d, L:/127.0.0.1:51810 - R:localhost/127.0.0.1:39086] for GET '/session/0e167978e1b09af838f3e02ff3d95dbc/screenshot'
10:13:13.711 [AsyncHttpClient-1-17] DEBUG org.asynchttpclient.netty.handler.HttpHandler - 

Request DefaultFullHttpRequest(decodeResult: success, version: HTTP/1.1, content: EmptyByteBufBE)
GET /session/0e167978e1b09af838f3e02ff3d95dbc/screenshot HTTP/1.1
User-Agent: selenium/4.8.1 (java windows)
Cache-Control: no-cache
Content-Type: application/json; charset=utf-8
host: localhost:39086
accept: */*

Response DefaultHttpResponse(decodeResult: success, version: HTTP/1.1)
HTTP/1.1 200 OK
Content-Length: 29764
Content-Type: application/json; charset=utf-8
cache-control: no-cache

10:13:13.712 [AsyncHttpClient-1-17] DEBUG org.asynchttpclient.netty.channel.ChannelManager - Adding key: http://localhost:39086 for channel [id: 0xc95d075d, L:/127.0.0.1:51810 - R:localhost/127.0.0.1:39086]
10:13:13.713 [main] DEBUG net.serenitybdd.core.photography.Darkroom - Send negative for processing for target\site\serenity\e91f839e4598ee8df2743b883991d95df77dff95a8189aef751da9607f265bde.png
10:13:13.713 [main] DEBUG net.thucydides.core.steps.StepInterceptor - STEP DONE: clickToolbarTitle
  &amp#27;[32mGiven &amp#27;[0m&amp#27;[32mI go to the alta shop home page&amp#27;[0m                      &amp#27;[90m# starter.stepdefinitions.CategorySteps.goToHomePage()&amp#27;[0m
10:13:13.720 [Forwarding getPageSource on session 0e167978e1b09af838f3e02ff3d95dbc to remote] DEBUG org.asynchttpclient.netty.request.NettyRequestSender - Using pooled Channel '[id: 0xc95d075d, L:/127.0.0.1:51810 - R:localhost/127.0.0.1:39086]' for 'POST' to 'http://localhost:39086/session/0e167978e1b09af838f3e02ff3d95dbc/execute/sync'
10:13:13.720 [Forwarding getPageSource on session 0e167978e1b09af838f3e02ff3d95dbc to remote] DEBUG org.asynchttpclient.netty.request.NettyRequestSender - Using open Channel [id: 0xc95d075d, L:/127.0.0.1:51810 - R:localhost/127.0.0.1:39086] for POST '/session/0e167978e1b09af838f3e02ff3d95dbc/execute/sync'
10:13:14.399 [AsyncHttpClient-1-1] DEBUG org.asynchttpclient.netty.channel.DefaultChannelPool - Entry count for : http://localhost:51811 : 1
10:13:14.428 [AsyncHttpClient-1-17] DEBUG org.asynchttpclient.netty.handler.HttpHandler - 

Request DefaultHttpRequest(decodeResult: success, version: HTTP/1.1)
POST /session/0e167978e1b09af838f3e02ff3d95dbc/execute/sync HTTP/1.1
User-Agent: selenium/4.8.1 (java windows)
Content-Length: 176
Content-Type: application/json; charset=utf-8
host: localhost:39086
accept: */*

Response DefaultHttpResponse(decodeResult: success, version: HTTP/1.1)
HTTP/1.1 200 OK
Content-Length: 289894
Content-Type: application/json; charset=utf-8
cache-control: no-cache

10:13:14.429 [AsyncHttpClient-1-17] DEBUG org.asynchttpclient.netty.channel.ChannelManager - Adding key: http://localhost:39086 for channel [id: 0xc95d075d, L:/127.0.0.1:51810 - R:localhost/127.0.0.1:39086]
10:13:14.449 [Forwarding getCurrentUrl on session 0e167978e1b09af838f3e02ff3d95dbc to remote] DEBUG org.asynchttpclient.netty.request.NettyRequestSender - Using pooled Channel '[id: 0xc95d075d, L:/127.0.0.1:51810 - R:localhost/127.0.0.1:39086]' for 'GET' to 'http://localhost:39086/session/0e167978e1b09af838f3e02ff3d95dbc/url'
10:13:14.449 [Forwarding getCurrentUrl on session 0e167978e1b09af838f3e02ff3d95dbc to remote] DEBUG org.asynchttpclient.netty.request.NettyRequestSender - Using open Channel [id: 0xc95d075d, L:/127.0.0.1:51810 - R:localhost/127.0.0.1:39086] for GET '/session/0e167978e1b09af838f3e02ff3d95dbc/url'
10:13:14.451 [AsyncHttpClient-1-17] DEBUG org.asynchttpclient.netty.handler.HttpHandler - 

Request DefaultFullHttpRequest(decodeResult: success, version: HTTP/1.1, content: EmptyByteBufBE)
GET /session/0e167978e1b09af838f3e02ff3d95dbc/url HTTP/1.1
User-Agent: selenium/4.8.1 (java windows)
Cache-Control: no-cache
Content-Type: application/json; charset=utf-8
host: localhost:39086
accept: */*

Response DefaultHttpResponse(decodeResult: success, version: HTTP/1.1)
HTTP/1.1 200 OK
Content-Length: 41
Content-Type: application/json; charset=utf-8
cache-control: no-cache

10:13:14.451 [AsyncHttpClient-1-17] DEBUG org.asynchttpclient.netty.channel.ChannelManager - Adding key: http://localhost:39086 for channel [id: 0xc95d075d, L:/127.0.0.1:51810 - R:localhost/127.0.0.1:39086]
10:13:14.457 [Forwarding getAlertText on session 0e167978e1b09af838f3e02ff3d95dbc to remote] DEBUG org.asynchttpclient.netty.request.NettyRequestSender - Using pooled Channel '[id: 0xc95d075d, L:/127.0.0.1:51810 - R:localhost/127.0.0.1:39086]' for 'GET' to 'http://localhost:39086/session/0e167978e1b09af838f3e02ff3d95dbc/alert/text'
10:13:14.457 [Forwarding getAlertText on session 0e167978e1b09af838f3e02ff3d95dbc to remote] DEBUG org.asynchttpclient.netty.request.NettyRequestSender - Using open Channel [id: 0xc95d075d, L:/127.0.0.1:51810 - R:localhost/127.0.0.1:39086] for GET '/session/0e167978e1b09af838f3e02ff3d95dbc/alert/text'
10:13:14.457 [AsyncHttpClient-1-17] DEBUG org.asynchttpclient.netty.handler.HttpHandler - 

Request DefaultFullHttpRequest(decodeResult: success, version: HTTP/1.1, content: EmptyByteBufBE)
GET /session/0e167978e1b09af838f3e02ff3d95dbc/alert/text HTTP/1.1
User-Agent: selenium/4.8.1 (java windows)
Cache-Control: no-cache
Content-Type: application/json; charset=utf-8
host: localhost:39086
accept: */*

Response DefaultHttpResponse(decodeResult: success, version: HTTP/1.1)
HTTP/1.1 404 Not Found
Content-Length: 836
Content-Type: application/json; charset=utf-8
cache-control: no-cache

10:13:14.458 [AsyncHttpClient-1-17] DEBUG org.asynchttpclient.netty.channel.ChannelManager - Adding key: http://localhost:39086 for channel [id: 0xc95d075d, L:/127.0.0.1:51810 - R:localhost/127.0.0.1:39086]
10:13:14.458 [Forwarding getCurrentUrl on session 0e167978e1b09af838f3e02ff3d95dbc to remote] DEBUG org.asynchttpclient.netty.request.NettyRequestSender - Using pooled Channel '[id: 0xc95d075d, L:/127.0.0.1:51810 - R:localhost/127.0.0.1:39086]' for 'GET' to 'http://localhost:39086/session/0e167978e1b09af838f3e02ff3d95dbc/url'
10:13:14.458 [Forwarding getCurrentUrl on session 0e167978e1b09af838f3e02ff3d95dbc to remote] DEBUG org.asynchttpclient.netty.request.NettyRequestSender - Using open Channel [id: 0xc95d075d, L:/127.0.0.1:51810 - R:localhost/127.0.0.1:39086] for GET '/session/0e167978e1b09af838f3e02ff3d95dbc/url'
10:13:14.460 [AsyncHttpClient-1-17] DEBUG org.asynchttpclient.netty.handler.HttpHandler - 

Request DefaultFullHttpRequest(decodeResult: success, version: HTTP/1.1, content: EmptyByteBufBE)
GET /session/0e167978e1b09af838f3e02ff3d95dbc/url HTTP/1.1
User-Agent: selenium/4.8.1 (java windows)
Cache-Control: no-cache
Content-Type: application/json; charset=utf-8
host: localhost:39086
accept: */*

Response DefaultHttpResponse(decodeResult: success, version: HTTP/1.1)
HTTP/1.1 200 OK
Content-Length: 41
Content-Type: application/json; charset=utf-8
cache-control: no-cache

10:13:14.461 [AsyncHttpClient-1-17] DEBUG org.asynchttpclient.netty.channel.ChannelManager - Adding key: http://localhost:39086 for channel [id: 0xc95d075d, L:/127.0.0.1:51810 - R:localhost/127.0.0.1:39086]
10:13:14.461 [Forwarding screenshot on session 0e167978e1b09af838f3e02ff3d95dbc to remote] DEBUG org.asynchttpclient.netty.request.NettyRequestSender - Using pooled Channel '[id: 0xc95d075d, L:/127.0.0.1:51810 - R:localhost/127.0.0.1:39086]' for 'GET' to 'http://localhost:39086/session/0e167978e1b09af838f3e02ff3d95dbc/screenshot'
10:13:14.461 [Forwarding screenshot on session 0e167978e1b09af838f3e02ff3d95dbc to remote] DEBUG org.asynchttpclient.netty.request.NettyRequestSender - Using open Channel [id: 0xc95d075d, L:/127.0.0.1:51810 - R:localhost/127.0.0.1:39086] for GET '/session/0e167978e1b09af838f3e02ff3d95dbc/screenshot'
10:13:14.554 [AsyncHttpClient-1-17] DEBUG org.asynchttpclient.netty.handler.HttpHandler - 

Request DefaultFullHttpRequest(decodeResult: success, version: HTTP/1.1, content: EmptyByteBufBE)
GET /session/0e167978e1b09af838f3e02ff3d95dbc/screenshot HTTP/1.1
User-Agent: selenium/4.8.1 (java windows)
Cache-Control: no-cache
Content-Type: application/json; charset=utf-8
host: localhost:39086
accept: */*

Response DefaultHttpResponse(decodeResult: success, version: HTTP/1.1)
HTTP/1.1 200 OK
Content-Length: 78524
Content-Type: application/json; charset=utf-8
cache-control: no-cache

10:13:14.554 [AsyncHttpClient-1-17] DEBUG org.asynchttpclient.netty.channel.ChannelManager - Adding key: http://localhost:39086 for channel [id: 0xc95d075d, L:/127.0.0.1:51810 - R:localhost/127.0.0.1:39086]
10:13:14.556 [main] DEBUG net.serenitybdd.core.photography.Darkroom - Send negative for processing for target\site\serenity\7b7833cda13f9d35d96f29c83e4c381b70d5b99cd890746c6b5f38a7a429ba7e.png
10:13:14.556 [Darkroom Processing Line] DEBUG net.serenitybdd.core.photography.DarkroomProcessingLine - Processing screenshot image in /var/screenshots/screenshot-3561125255719448821
10:13:14.556 [Darkroom Processing Line] DEBUG net.serenitybdd.core.photography.DarkroomProcessingLine - Saving screenshot to target\site\serenity\7b7833cda13f9d35d96f29c83e4c381b70d5b99cd890746c6b5f38a7a429ba7e.png
10:13:14.557 [Forwarding getPageSource on session 0e167978e1b09af838f3e02ff3d95dbc to remote] DEBUG org.asynchttpclient.netty.request.NettyRequestSender - Using pooled Channel '[id: 0xc95d075d, L:/127.0.0.1:51810 - R:localhost/127.0.0.1:39086]' for 'POST' to 'http://localhost:39086/session/0e167978e1b09af838f3e02ff3d95dbc/execute/sync'
10:13:14.557 [Forwarding getPageSource on session 0e167978e1b09af838f3e02ff3d95dbc to remote] DEBUG org.asynchttpclient.netty.request.NettyRequestSender - Using open Channel [id: 0xc95d075d, L:/127.0.0.1:51810 - R:localhost/127.0.0.1:39086] for POST '/session/0e167978e1b09af838f3e02ff3d95dbc/execute/sync'
10:13:14.573 [AsyncHttpClient-1-17] DEBUG org.asynchttpclient.netty.handler.HttpHandler - 

Request DefaultHttpRequest(decodeResult: success, version: HTTP/1.1)
POST /session/0e167978e1b09af838f3e02ff3d95dbc/execute/sync HTTP/1.1
User-Agent: selenium/4.8.1 (java windows)
Content-Length: 176
Content-Type: application/json; charset=utf-8
host: localhost:39086
accept: */*

Response DefaultHttpResponse(decodeResult: success, version: HTTP/1.1)
HTTP/1.1 200 OK
Content-Length: 289894
Content-Type: application/json; charset=utf-8
cache-control: no-cache

10:13:14.573 [AsyncHttpClient-1-17] DEBUG org.asynchttpclient.netty.channel.ChannelManager - Adding key: http://localhost:39086 for channel [id: 0xc95d075d, L:/127.0.0.1:51810 - R:localhost/127.0.0.1:39086]
10:13:14.590 [Forwarding getCurrentUrl on session 0e167978e1b09af838f3e02ff3d95dbc to remote] DEBUG org.asynchttpclient.netty.request.NettyRequestSender - Using pooled Channel '[id: 0xc95d075d, L:/127.0.0.1:51810 - R:localhost/127.0.0.1:39086]' for 'GET' to 'http://localhost:39086/session/0e167978e1b09af838f3e02ff3d95dbc/url'
10:13:14.590 [Forwarding getCurrentUrl on session 0e167978e1b09af838f3e02ff3d95dbc to remote] DEBUG org.asynchttpclient.netty.request.NettyRequestSender - Using open Channel [id: 0xc95d075d, L:/127.0.0.1:51810 - R:localhost/127.0.0.1:39086] for GET '/session/0e167978e1b09af838f3e02ff3d95dbc/url'
10:13:14.592 [AsyncHttpClient-1-17] DEBUG org.asynchttpclient.netty.handler.HttpHandler - 

Request DefaultFullHttpRequest(decodeResult: success, version: HTTP/1.1, content: EmptyByteBufBE)
GET /session/0e167978e1b09af838f3e02ff3d95dbc/url HTTP/1.1
User-Agent: selenium/4.8.1 (java windows)
Cache-Control: no-cache
Content-Type: application/json; charset=utf-8
host: localhost:39086
accept: */*

Response DefaultHttpResponse(decodeResult: success, version: HTTP/1.1)
HTTP/1.1 200 OK
Content-Length: 41
Content-Type: application/json; charset=utf-8
cache-control: no-cache

10:13:14.592 [AsyncHttpClient-1-17] DEBUG org.asynchttpclient.netty.channel.ChannelManager - Adding key: http://localhost:39086 for channel [id: 0xc95d075d, L:/127.0.0.1:51810 - R:localhost/127.0.0.1:39086]
10:13:14.594 [main] DEBUG net.thucydides.core.steps.StepInterceptor - STARTING STEP: CategorySteps.clickSelectCategory - clickSelectCategory
10:13:14.595 [Forwarding findElement on session 0e167978e1b09af838f3e02ff3d95dbc to remote] DEBUG org.asynchttpclient.netty.request.NettyRequestSender - Using pooled Channel '[id: 0xc95d075d, L:/127.0.0.1:51810 - R:localhost/127.0.0.1:39086]' for 'POST' to 'http://localhost:39086/session/0e167978e1b09af838f3e02ff3d95dbc/element'
10:13:14.595 [Forwarding findElement on session 0e167978e1b09af838f3e02ff3d95dbc to remote] DEBUG org.asynchttpclient.netty.request.NettyRequestSender - Using open Channel [id: 0xc95d075d, L:/127.0.0.1:51810 - R:localhost/127.0.0.1:39086] for POST '/session/0e167978e1b09af838f3e02ff3d95dbc/element'
10:13:14.605 [AsyncHttpClient-1-17] DEBUG org.asynchttpclient.netty.handler.HttpHandler - 

Request DefaultHttpRequest(decodeResult: success, version: HTTP/1.1)
POST /session/0e167978e1b09af838f3e02ff3d95dbc/element HTTP/1.1
User-Agent: selenium/4.8.1 (java windows)
Content-Length: 118
Content-Type: application/json; charset=utf-8
host: localhost:39086
accept: */*

Response DefaultHttpResponse(decodeResult: success, version: HTTP/1.1)
HTTP/1.1 200 OK
Content-Length: 88
Content-Type: application/json; charset=utf-8
cache-control: no-cache

10:13:14.605 [AsyncHttpClient-1-17] DEBUG org.asynchttpclient.netty.channel.ChannelManager - Adding key: http://localhost:39086 for channel [id: 0xc95d075d, L:/127.0.0.1:51810 - R:localhost/127.0.0.1:39086]
10:13:14.606 [Forwarding getElementTagName on session 0e167978e1b09af838f3e02ff3d95dbc to remote] DEBUG org.asynchttpclient.netty.request.NettyRequestSender - Using pooled Channel '[id: 0xc95d075d, L:/127.0.0.1:51810 - R:localhost/127.0.0.1:39086]' for 'GET' to 'http://localhost:39086/session/0e167978e1b09af838f3e02ff3d95dbc/element/bb484ea2-1e28-4859-bcd1-55837583135d/name'
10:13:14.606 [Forwarding getElementTagName on session 0e167978e1b09af838f3e02ff3d95dbc to remote] DEBUG org.asynchttpclient.netty.request.NettyRequestSender - Using open Channel [id: 0xc95d075d, L:/127.0.0.1:51810 - R:localhost/127.0.0.1:39086] for GET '/session/0e167978e1b09af838f3e02ff3d95dbc/element/bb484ea2-1e28-4859-bcd1-55837583135d/name'
10:13:14.608 [AsyncHttpClient-1-17] DEBUG org.asynchttpclient.netty.handler.HttpHandler - 

Request DefaultFullHttpRequest(decodeResult: success, version: HTTP/1.1, content: EmptyByteBufBE)
GET /session/0e167978e1b09af838f3e02ff3d95dbc/element/bb484ea2-1e28-4859-bcd1-55837583135d/name HTTP/1.1
User-Agent: selenium/4.8.1 (java windows)
Cache-Control: no-cache
Content-Type: application/json; charset=utf-8
host: localhost:39086
accept: */*

Response DefaultHttpResponse(decodeResult: success, version: HTTP/1.1)
HTTP/1.1 200 OK
Content-Length: 15
Content-Type: application/json; charset=utf-8
cache-control: no-cache

10:13:14.608 [AsyncHttpClient-1-17] DEBUG org.asynchttpclient.netty.channel.ChannelManager - Adding key: http://localhost:39086 for channel [id: 0xc95d075d, L:/127.0.0.1:51810 - R:localhost/127.0.0.1:39086]
10:13:14.609 [Forwarding getElementTagName on session 0e167978e1b09af838f3e02ff3d95dbc to remote] DEBUG org.asynchttpclient.netty.request.NettyRequestSender - Using pooled Channel '[id: 0xc95d075d, L:/127.0.0.1:51810 - R:localhost/127.0.0.1:39086]' for 'GET' to 'http://localhost:39086/session/0e167978e1b09af838f3e02ff3d95dbc/element/bb484ea2-1e28-4859-bcd1-55837583135d/name'
10:13:14.609 [Forwarding getElementTagName on session 0e167978e1b09af838f3e02ff3d95dbc to remote] DEBUG org.asynchttpclient.netty.request.NettyRequestSender - Using open Channel [id: 0xc95d075d, L:/127.0.0.1:51810 - R:localhost/127.0.0.1:39086] for GET '/session/0e167978e1b09af838f3e02ff3d95dbc/element/bb484ea2-1e28-4859-bcd1-55837583135d/name'
10:13:14.611 [AsyncHttpClient-1-17] DEBUG org.asynchttpclient.netty.handler.HttpHandler - 

Request DefaultFullHttpRequest(decodeResult: success, version: HTTP/1.1, content: EmptyByteBufBE)
GET /session/0e167978e1b09af838f3e02ff3d95dbc/element/bb484ea2-1e28-4859-bcd1-55837583135d/name HTTP/1.1
User-Agent: selenium/4.8.1 (java windows)
Cache-Control: no-cache
Content-Type: application/json; charset=utf-8
host: localhost:39086
accept: */*

Response DefaultHttpResponse(decodeResult: success, version: HTTP/1.1)
HTTP/1.1 200 OK
Content-Length: 15
Content-Type: application/json; charset=utf-8
cache-control: no-cache

10:13:14.611 [AsyncHttpClient-1-17] DEBUG org.asynchttpclient.netty.channel.ChannelManager - Adding key: http://localhost:39086 for channel [id: 0xc95d075d, L:/127.0.0.1:51810 - R:localhost/127.0.0.1:39086]
10:13:14.612 [Forwarding findElement on session 0e167978e1b09af838f3e02ff3d95dbc to remote] DEBUG org.asynchttpclient.netty.request.NettyRequestSender - Using pooled Channel '[id: 0xc95d075d, L:/127.0.0.1:51810 - R:localhost/127.0.0.1:39086]' for 'POST' to 'http://localhost:39086/session/0e167978e1b09af838f3e02ff3d95dbc/element'
10:13:14.612 [Forwarding findElement on session 0e167978e1b09af838f3e02ff3d95dbc to remote] DEBUG org.asynchttpclient.netty.request.NettyRequestSender - Using open Channel [id: 0xc95d075d, L:/127.0.0.1:51810 - R:localhost/127.0.0.1:39086] for POST '/session/0e167978e1b09af838f3e02ff3d95dbc/element'
10:13:14.618 [AsyncHttpClient-1-17] DEBUG org.asynchttpclient.netty.handler.HttpHandler - 

Request DefaultHttpRequest(decodeResult: success, version: HTTP/1.1)
POST /session/0e167978e1b09af838f3e02ff3d95dbc/element HTTP/1.1
User-Agent: selenium/4.8.1 (java windows)
Content-Length: 118
Content-Type: application/json; charset=utf-8
host: localhost:39086
accept: */*

Response DefaultHttpResponse(decodeResult: success, version: HTTP/1.1)
HTTP/1.1 200 OK
Content-Length: 88
Content-Type: application/json; charset=utf-8
cache-control: no-cache

10:13:14.618 [AsyncHttpClient-1-17] DEBUG org.asynchttpclient.netty.channel.ChannelManager - Adding key: http://localhost:39086 for channel [id: 0xc95d075d, L:/127.0.0.1:51810 - R:localhost/127.0.0.1:39086]
10:13:14.619 [Forwarding clickElement on session 0e167978e1b09af838f3e02ff3d95dbc to remote] DEBUG org.asynchttpclient.netty.request.NettyRequestSender - Using pooled Channel '[id: 0xc95d075d, L:/127.0.0.1:51810 - R:localhost/127.0.0.1:39086]' for 'POST' to 'http://localhost:39086/session/0e167978e1b09af838f3e02ff3d95dbc/element/bb484ea2-1e28-4859-bcd1-55837583135d/click'
10:13:14.619 [Forwarding clickElement on session 0e167978e1b09af838f3e02ff3d95dbc to remote] DEBUG org.asynchttpclient.netty.request.NettyRequestSender - Using open Channel [id: 0xc95d075d, L:/127.0.0.1:51810 - R:localhost/127.0.0.1:39086] for POST '/session/0e167978e1b09af838f3e02ff3d95dbc/element/bb484ea2-1e28-4859-bcd1-55837583135d/click'
10:13:14.691 [AsyncHttpClient-1-17] DEBUG org.asynchttpclient.netty.handler.HttpHandler - 

Request DefaultHttpRequest(decodeResult: success, version: HTTP/1.1)
POST /session/0e167978e1b09af838f3e02ff3d95dbc/element/bb484ea2-1e28-4859-bcd1-55837583135d/click HTTP/1.1
User-Agent: selenium/4.8.1 (java windows)
Content-Length: 50
Content-Type: application/json; charset=utf-8
host: localhost:39086
accept: */*

Response DefaultHttpResponse(decodeResult: success, version: HTTP/1.1)
HTTP/1.1 200 OK
Content-Length: 14
Content-Type: application/json; charset=utf-8
cache-control: no-cache

10:13:14.692 [AsyncHttpClient-1-17] DEBUG org.asynchttpclient.netty.channel.ChannelManager - Adding key: http://localhost:39086 for channel [id: 0xc95d075d, L:/127.0.0.1:51810 - R:localhost/127.0.0.1:39086]
10:13:14.697 [Forwarding getAlertText on session 0e167978e1b09af838f3e02ff3d95dbc to remote] DEBUG org.asynchttpclient.netty.request.NettyRequestSender - Using pooled Channel '[id: 0xc95d075d, L:/127.0.0.1:51810 - R:localhost/127.0.0.1:39086]' for 'GET' to 'http://localhost:39086/session/0e167978e1b09af838f3e02ff3d95dbc/alert/text'
10:13:14.697 [Forwarding getAlertText on session 0e167978e1b09af838f3e02ff3d95dbc to remote] DEBUG org.asynchttpclient.netty.request.NettyRequestSender - Using open Channel [id: 0xc95d075d, L:/127.0.0.1:51810 - R:localhost/127.0.0.1:39086] for GET '/session/0e167978e1b09af838f3e02ff3d95dbc/alert/text'
10:13:14.702 [AsyncHttpClient-1-17] DEBUG org.asynchttpclient.netty.handler.HttpHandler - 

Request DefaultFullHttpRequest(decodeResult: success, version: HTTP/1.1, content: EmptyByteBufBE)
GET /session/0e167978e1b09af838f3e02ff3d95dbc/alert/text HTTP/1.1
User-Agent: selenium/4.8.1 (java windows)
Cache-Control: no-cache
Content-Type: application/json; charset=utf-8
host: localhost:39086
accept: */*

Response DefaultHttpResponse(decodeResult: success, version: HTTP/1.1)
HTTP/1.1 404 Not Found
Content-Length: 836
Content-Type: application/json; charset=utf-8
cache-control: no-cache

10:13:14.703 [AsyncHttpClient-1-17] DEBUG org.asynchttpclient.netty.channel.ChannelManager - Adding key: http://localhost:39086 for channel [id: 0xc95d075d, L:/127.0.0.1:51810 - R:localhost/127.0.0.1:39086]
10:13:14.704 [Forwarding getCurrentUrl on session 0e167978e1b09af838f3e02ff3d95dbc to remote] DEBUG org.asynchttpclient.netty.request.NettyRequestSender - Using pooled Channel '[id: 0xc95d075d, L:/127.0.0.1:51810 - R:localhost/127.0.0.1:39086]' for 'GET' to 'http://localhost:39086/session/0e167978e1b09af838f3e02ff3d95dbc/url'
10:13:14.704 [Forwarding getCurrentUrl on session 0e167978e1b09af838f3e02ff3d95dbc to remote] DEBUG org.asynchttpclient.netty.request.NettyRequestSender - Using open Channel [id: 0xc95d075d, L:/127.0.0.1:51810 - R:localhost/127.0.0.1:39086] for GET '/session/0e167978e1b09af838f3e02ff3d95dbc/url'
10:13:14.706 [AsyncHttpClient-1-17] DEBUG org.asynchttpclient.netty.handler.HttpHandler - 

Request DefaultFullHttpRequest(decodeResult: success, version: HTTP/1.1, content: EmptyByteBufBE)
GET /session/0e167978e1b09af838f3e02ff3d95dbc/url HTTP/1.1
User-Agent: selenium/4.8.1 (java windows)
Cache-Control: no-cache
Content-Type: application/json; charset=utf-8
host: localhost:39086
accept: */*

Response DefaultHttpResponse(decodeResult: success, version: HTTP/1.1)
HTTP/1.1 200 OK
Content-Length: 41
Content-Type: application/json; charset=utf-8
cache-control: no-cache

10:13:14.706 [AsyncHttpClient-1-17] DEBUG org.asynchttpclient.netty.channel.ChannelManager - Adding key: http://localhost:39086 for channel [id: 0xc95d075d, L:/127.0.0.1:51810 - R:localhost/127.0.0.1:39086]
10:13:14.707 [Forwarding screenshot on session 0e167978e1b09af838f3e02ff3d95dbc to remote] DEBUG org.asynchttpclient.netty.request.NettyRequestSender - Using pooled Channel '[id: 0xc95d075d, L:/127.0.0.1:51810 - R:localhost/127.0.0.1:39086]' for 'GET' to 'http://localhost:39086/session/0e167978e1b09af838f3e02ff3d95dbc/screenshot'
10:13:14.707 [Forwarding screenshot on session 0e167978e1b09af838f3e02ff3d95dbc to remote] DEBUG org.asynchttpclient.netty.request.NettyRequestSender - Using open Channel [id: 0xc95d075d, L:/127.0.0.1:51810 - R:localhost/127.0.0.1:39086] for GET '/session/0e167978e1b09af838f3e02ff3d95dbc/screenshot'
10:13:14.894 [AsyncHttpClient-1-17] DEBUG org.asynchttpclient.netty.handler.HttpHandler - 

Request DefaultFullHttpRequest(decodeResult: success, version: HTTP/1.1, content: EmptyByteBufBE)
GET /session/0e167978e1b09af838f3e02ff3d95dbc/screenshot HTTP/1.1
User-Agent: selenium/4.8.1 (java windows)
Cache-Control: no-cache
Content-Type: application/json; charset=utf-8
host: localhost:39086
accept: */*

Response DefaultHttpResponse(decodeResult: success, version: HTTP/1.1)
HTTP/1.1 200 OK
Content-Length: 82940
Content-Type: application/json; charset=utf-8
cache-control: no-cache

10:13:14.894 [AsyncHttpClient-1-17] DEBUG org.asynchttpclient.netty.channel.ChannelManager - Adding key: http://localhost:39086 for channel [id: 0xc95d075d, L:/127.0.0.1:51810 - R:localhost/127.0.0.1:39086]
10:13:14.896 [main] DEBUG net.serenitybdd.core.photography.Darkroom - Send negative for processing for target\site\serenity\21402ec2b8ddea0f63ad02404f1494fffa270f28b509ee331e649605a9164537.png
10:13:14.896 [main] DEBUG net.thucydides.core.steps.StepInterceptor - STEP DONE: clickSelectCategory
  &amp#27;[32mAnd &amp#27;[0m&amp#27;[32mI click select category dropdown&amp#27;[0m                       &amp#27;[90m# starter.stepdefinitions.CategorySteps.clickSelectCategory()&amp#27;[0m
10:13:14.896 [Darkroom Processing Line] DEBUG net.serenitybdd.core.photography.DarkroomProcessingLine - Processing screenshot image in /var/screenshots/screenshot-8027336336583899237
10:13:14.896 [Darkroom Processing Line] DEBUG net.serenitybdd.core.photography.DarkroomProcessingLine - Saving screenshot to target\site\serenity\21402ec2b8ddea0f63ad02404f1494fffa270f28b509ee331e649605a9164537.png
10:13:14.903 [Forwarding getPageSource on session 0e167978e1b09af838f3e02ff3d95dbc to remote] DEBUG org.asynchttpclient.netty.request.NettyRequestSender - Using pooled Channel '[id: 0xc95d075d, L:/127.0.0.1:51810 - R:localhost/127.0.0.1:39086]' for 'POST' to 'http://localhost:39086/session/0e167978e1b09af838f3e02ff3d95dbc/execute/sync'
10:13:14.903 [Forwarding getPageSource on session 0e167978e1b09af838f3e02ff3d95dbc to remote] DEBUG org.asynchttpclient.netty.request.NettyRequestSender - Using open Channel [id: 0xc95d075d, L:/127.0.0.1:51810 - R:localhost/127.0.0.1:39086] for POST '/session/0e167978e1b09af838f3e02ff3d95dbc/execute/sync'
10:13:14.923 [AsyncHttpClient-1-17] DEBUG org.asynchttpclient.netty.handler.HttpHandler - 

Request DefaultHttpRequest(decodeResult: success, version: HTTP/1.1)
POST /session/0e167978e1b09af838f3e02ff3d95dbc/execute/sync HTTP/1.1
User-Agent: selenium/4.8.1 (java windows)
Content-Length: 176
Content-Type: application/json; charset=utf-8
host: localhost:39086
accept: */*

Response DefaultHttpResponse(decodeResult: success, version: HTTP/1.1)
HTTP/1.1 200 OK
Content-Length: 295491
Content-Type: application/json; charset=utf-8
cache-control: no-cache

10:13:14.924 [AsyncHttpClient-1-17] DEBUG org.asynchttpclient.netty.channel.ChannelManager - Adding key: http://localhost:39086 for channel [id: 0xc95d075d, L:/127.0.0.1:51810 - R:localhost/127.0.0.1:39086]
10:13:14.943 [Forwarding getCurrentUrl on session 0e167978e1b09af838f3e02ff3d95dbc to remote] DEBUG org.asynchttpclient.netty.request.NettyRequestSender - Using pooled Channel '[id: 0xc95d075d, L:/127.0.0.1:51810 - R:localhost/127.0.0.1:39086]' for 'GET' to 'http://localhost:39086/session/0e167978e1b09af838f3e02ff3d95dbc/url'
10:13:14.943 [Forwarding getCurrentUrl on session 0e167978e1b09af838f3e02ff3d95dbc to remote] DEBUG org.asynchttpclient.netty.request.NettyRequestSender - Using open Channel [id: 0xc95d075d, L:/127.0.0.1:51810 - R:localhost/127.0.0.1:39086] for GET '/session/0e167978e1b09af838f3e02ff3d95dbc/url'
10:13:14.945 [AsyncHttpClient-1-17] DEBUG org.asynchttpclient.netty.handler.HttpHandler - 

Request DefaultFullHttpRequest(decodeResult: success, version: HTTP/1.1, content: EmptyByteBufBE)
GET /session/0e167978e1b09af838f3e02ff3d95dbc/url HTTP/1.1
User-Agent: selenium/4.8.1 (java windows)
Cache-Control: no-cache
Content-Type: application/json; charset=utf-8
host: localhost:39086
accept: */*

Response DefaultHttpResponse(decodeResult: success, version: HTTP/1.1)
HTTP/1.1 200 OK
Content-Length: 41
Content-Type: application/json; charset=utf-8
cache-control: no-cache

10:13:14.945 [AsyncHttpClient-1-17] DEBUG org.asynchttpclient.netty.channel.ChannelManager - Adding key: http://localhost:39086 for channel [id: 0xc95d075d, L:/127.0.0.1:51810 - R:localhost/127.0.0.1:39086]
10:13:14.956 [Forwarding getAlertText on session 0e167978e1b09af838f3e02ff3d95dbc to remote] DEBUG org.asynchttpclient.netty.request.NettyRequestSender - Using pooled Channel '[id: 0xc95d075d, L:/127.0.0.1:51810 - R:localhost/127.0.0.1:39086]' for 'GET' to 'http://localhost:39086/session/0e167978e1b09af838f3e02ff3d95dbc/alert/text'
10:13:14.956 [Forwarding getAlertText on session 0e167978e1b09af838f3e02ff3d95dbc to remote] DEBUG org.asynchttpclient.netty.request.NettyRequestSender - Using open Channel [id: 0xc95d075d, L:/127.0.0.1:51810 - R:localhost/127.0.0.1:39086] for GET '/session/0e167978e1b09af838f3e02ff3d95dbc/alert/text'
10:13:14.958 [AsyncHttpClient-1-17] DEBUG org.asynchttpclient.netty.handler.HttpHandler - 

Request DefaultFullHttpRequest(decodeResult: success, version: HTTP/1.1, content: EmptyByteBufBE)
GET /session/0e167978e1b09af838f3e02ff3d95dbc/alert/text HTTP/1.1
User-Agent: selenium/4.8.1 (java windows)
Cache-Control: no-cache
Content-Type: application/json; charset=utf-8
host: localhost:39086
accept: */*

Response DefaultHttpResponse(decodeResult: success, version: HTTP/1.1)
HTTP/1.1 404 Not Found
Content-Length: 836
Content-Type: application/json; charset=utf-8
cache-control: no-cache

10:13:14.958 [AsyncHttpClient-1-17] DEBUG org.asynchttpclient.netty.channel.ChannelManager - Adding key: http://localhost:39086 for channel [id: 0xc95d075d, L:/127.0.0.1:51810 - R:localhost/127.0.0.1:39086]
10:13:14.959 [Forwarding getCurrentUrl on session 0e167978e1b09af838f3e02ff3d95dbc to remote] DEBUG org.asynchttpclient.netty.request.NettyRequestSender - Using pooled Channel '[id: 0xc95d075d, L:/127.0.0.1:51810 - R:localhost/127.0.0.1:39086]' for 'GET' to 'http://localhost:39086/session/0e167978e1b09af838f3e02ff3d95dbc/url'
10:13:14.959 [Forwarding getCurrentUrl on session 0e167978e1b09af838f3e02ff3d95dbc to remote] DEBUG org.asynchttpclient.netty.request.NettyRequestSender - Using open Channel [id: 0xc95d075d, L:/127.0.0.1:51810 - R:localhost/127.0.0.1:39086] for GET '/session/0e167978e1b09af838f3e02ff3d95dbc/url'
10:13:14.961 [AsyncHttpClient-1-17] DEBUG org.asynchttpclient.netty.handler.HttpHandler - 

Request DefaultFullHttpRequest(decodeResult: success, version: HTTP/1.1, content: EmptyByteBufBE)
GET /session/0e167978e1b09af838f3e02ff3d95dbc/url HTTP/1.1
User-Agent: selenium/4.8.1 (java windows)
Cache-Control: no-cache
Content-Type: application/json; charset=utf-8
host: localhost:39086
accept: */*

Response DefaultHttpResponse(decodeResult: success, version: HTTP/1.1)
HTTP/1.1 200 OK
Content-Length: 41
Content-Type: application/json; charset=utf-8
cache-control: no-cache

10:13:14.961 [AsyncHttpClient-1-17] DEBUG org.asynchttpclient.netty.channel.ChannelManager - Adding key: http://localhost:39086 for channel [id: 0xc95d075d, L:/127.0.0.1:51810 - R:localhost/127.0.0.1:39086]
10:13:14.961 [Forwarding screenshot on session 0e167978e1b09af838f3e02ff3d95dbc to remote] DEBUG org.asynchttpclient.netty.request.NettyRequestSender - Using pooled Channel '[id: 0xc95d075d, L:/127.0.0.1:51810 - R:localhost/127.0.0.1:39086]' for 'GET' to 'http://localhost:39086/session/0e167978e1b09af838f3e02ff3d95dbc/screenshot'
10:13:14.961 [Forwarding screenshot on session 0e167978e1b09af838f3e02ff3d95dbc to remote] DEBUG org.asynchttpclient.netty.request.NettyRequestSender - Using open Channel [id: 0xc95d075d, L:/127.0.0.1:51810 - R:localhost/127.0.0.1:39086] for GET '/session/0e167978e1b09af838f3e02ff3d95dbc/screenshot'
10:13:15.098 [AsyncHttpClient-1-17] DEBUG org.asynchttpclient.netty.handler.HttpHandler - 

Request DefaultFullHttpRequest(decodeResult: success, version: HTTP/1.1, content: EmptyByteBufBE)
GET /session/0e167978e1b09af838f3e02ff3d95dbc/screenshot HTTP/1.1
User-Agent: selenium/4.8.1 (java windows)
Cache-Control: no-cache
Content-Type: application/json; charset=utf-8
host: localhost:39086
accept: */*

Response DefaultHttpResponse(decodeResult: success, version: HTTP/1.1)
HTTP/1.1 200 OK
Content-Length: 70260
Content-Type: application/json; charset=utf-8
cache-control: no-cache

10:13:15.099 [AsyncHttpClient-1-17] DEBUG org.asynchttpclient.netty.channel.ChannelManager - Adding key: http://localhost:39086 for channel [id: 0xc95d075d, L:/127.0.0.1:51810 - R:localhost/127.0.0.1:39086]
10:13:15.100 [main] DEBUG net.serenitybdd.core.photography.Darkroom - Send negative for processing for target\site\serenity\d72b70cd797e5d3b11fac9889ae7d8895c8d588fa45f7aba3b6106307874dc94.png
10:13:15.101 [Forwarding getPageSource on session 0e167978e1b09af838f3e02ff3d95dbc to remote] DEBUG org.asynchttpclient.netty.request.NettyRequestSender - Using pooled Channel '[id: 0xc95d075d, L:/127.0.0.1:51810 - R:localhost/127.0.0.1:39086]' for 'POST' to 'http://localhost:39086/session/0e167978e1b09af838f3e02ff3d95dbc/execute/sync'
10:13:15.101 [Forwarding getPageSource on session 0e167978e1b09af838f3e02ff3d95dbc to remote] DEBUG org.asynchttpclient.netty.request.NettyRequestSender - Using open Channel [id: 0xc95d075d, L:/127.0.0.1:51810 - R:localhost/127.0.0.1:39086] for POST '/session/0e167978e1b09af838f3e02ff3d95dbc/execute/sync'
10:13:15.116 [AsyncHttpClient-1-17] DEBUG org.asynchttpclient.netty.handler.HttpHandler - 

Request DefaultHttpRequest(decodeResult: success, version: HTTP/1.1)
POST /session/0e167978e1b09af838f3e02ff3d95dbc/execute/sync HTTP/1.1
User-Agent: selenium/4.8.1 (java windows)
Content-Length: 176
Content-Type: application/json; charset=utf-8
host: localhost:39086
accept: */*

Response DefaultHttpResponse(decodeResult: success, version: HTTP/1.1)
HTTP/1.1 200 OK
Content-Length: 295433
Content-Type: application/json; charset=utf-8
cache-control: no-cache

10:13:15.116 [AsyncHttpClient-1-17] DEBUG org.asynchttpclient.netty.channel.ChannelManager - Adding key: http://localhost:39086 for channel [id: 0xc95d075d, L:/127.0.0.1:51810 - R:localhost/127.0.0.1:39086]
10:13:15.135 [Forwarding getCurrentUrl on session 0e167978e1b09af838f3e02ff3d95dbc to remote] DEBUG org.asynchttpclient.netty.request.NettyRequestSender - Using pooled Channel '[id: 0xc95d075d, L:/127.0.0.1:51810 - R:localhost/127.0.0.1:39086]' for 'GET' to 'http://localhost:39086/session/0e167978e1b09af838f3e02ff3d95dbc/url'
10:13:15.135 [Forwarding getCurrentUrl on session 0e167978e1b09af838f3e02ff3d95dbc to remote] DEBUG org.asynchttpclient.netty.request.NettyRequestSender - Using open Channel [id: 0xc95d075d, L:/127.0.0.1:51810 - R:localhost/127.0.0.1:39086] for GET '/session/0e167978e1b09af838f3e02ff3d95dbc/url'
10:13:15.140 [AsyncHttpClient-1-17] DEBUG org.asynchttpclient.netty.handler.HttpHandler - 

Request DefaultFullHttpRequest(decodeResult: success, version: HTTP/1.1, content: EmptyByteBufBE)
GET /session/0e167978e1b09af838f3e02ff3d95dbc/url HTTP/1.1
User-Agent: selenium/4.8.1 (java windows)
Cache-Control: no-cache
Content-Type: application/json; charset=utf-8
host: localhost:39086
accept: */*

Response DefaultHttpResponse(decodeResult: success, version: HTTP/1.1)
HTTP/1.1 200 OK
Content-Length: 41
Content-Type: application/json; charset=utf-8
cache-control: no-cache

10:13:15.140 [AsyncHttpClient-1-17] DEBUG org.asynchttpclient.netty.channel.ChannelManager - Adding key: http://localhost:39086 for channel [id: 0xc95d075d, L:/127.0.0.1:51810 - R:localhost/127.0.0.1:39086]
10:13:15.141 [main] DEBUG net.thucydides.core.steps.StepInterceptor - STARTING STEP: CategorySteps.clickGamingCategory - clickGamingCategory
10:13:15.143 [Forwarding findElement on session 0e167978e1b09af838f3e02ff3d95dbc to remote] DEBUG org.asynchttpclient.netty.request.NettyRequestSender - Using pooled Channel '[id: 0xc95d075d, L:/127.0.0.1:51810 - R:localhost/127.0.0.1:39086]' for 'POST' to 'http://localhost:39086/session/0e167978e1b09af838f3e02ff3d95dbc/element'
10:13:15.143 [Forwarding findElement on session 0e167978e1b09af838f3e02ff3d95dbc to remote] DEBUG org.asynchttpclient.netty.request.NettyRequestSender - Using open Channel [id: 0xc95d075d, L:/127.0.0.1:51810 - R:localhost/127.0.0.1:39086] for POST '/session/0e167978e1b09af838f3e02ff3d95dbc/element'
10:13:15.152 [AsyncHttpClient-1-17] DEBUG org.asynchttpclient.netty.handler.HttpHandler - 

Request DefaultHttpRequest(decodeResult: success, version: HTTP/1.1)
POST /session/0e167978e1b09af838f3e02ff3d95dbc/element HTTP/1.1
User-Agent: selenium/4.8.1 (java windows)
Content-Length: 71
Content-Type: application/json; charset=utf-8
host: localhost:39086
accept: */*

Response DefaultHttpResponse(decodeResult: success, version: HTTP/1.1)
HTTP/1.1 200 OK
Content-Length: 88
Content-Type: application/json; charset=utf-8
cache-control: no-cache

10:13:15.153 [AsyncHttpClient-1-17] DEBUG org.asynchttpclient.netty.channel.ChannelManager - Adding key: http://localhost:39086 for channel [id: 0xc95d075d, L:/127.0.0.1:51810 - R:localhost/127.0.0.1:39086]
10:13:15.153 [Forwarding getElementTagName on session 0e167978e1b09af838f3e02ff3d95dbc to remote] DEBUG org.asynchttpclient.netty.request.NettyRequestSender - Using pooled Channel '[id: 0xc95d075d, L:/127.0.0.1:51810 - R:localhost/127.0.0.1:39086]' for 'GET' to 'http://localhost:39086/session/0e167978e1b09af838f3e02ff3d95dbc/element/a1984702-e907-408d-af26-cdbed56e169b/name'
10:13:15.153 [Forwarding getElementTagName on session 0e167978e1b09af838f3e02ff3d95dbc to remote] DEBUG org.asynchttpclient.netty.request.NettyRequestSender - Using open Channel [id: 0xc95d075d, L:/127.0.0.1:51810 - R:localhost/127.0.0.1:39086] for GET '/session/0e167978e1b09af838f3e02ff3d95dbc/element/a1984702-e907-408d-af26-cdbed56e169b/name'
10:13:15.156 [AsyncHttpClient-1-17] DEBUG org.asynchttpclient.netty.handler.HttpHandler - 

Request DefaultFullHttpRequest(decodeResult: success, version: HTTP/1.1, content: EmptyByteBufBE)
GET /session/0e167978e1b09af838f3e02ff3d95dbc/element/a1984702-e907-408d-af26-cdbed56e169b/name HTTP/1.1
User-Agent: selenium/4.8.1 (java windows)
Cache-Control: no-cache
Content-Type: application/json; charset=utf-8
host: localhost:39086
accept: */*

Response DefaultHttpResponse(decodeResult: success, version: HTTP/1.1)
HTTP/1.1 200 OK
Content-Length: 15
Content-Type: application/json; charset=utf-8
cache-control: no-cache

10:13:15.156 [AsyncHttpClient-1-17] DEBUG org.asynchttpclient.netty.channel.ChannelManager - Adding key: http://localhost:39086 for channel [id: 0xc95d075d, L:/127.0.0.1:51810 - R:localhost/127.0.0.1:39086]
10:13:15.157 [Forwarding getElementTagName on session 0e167978e1b09af838f3e02ff3d95dbc to remote] DEBUG org.asynchttpclient.netty.request.NettyRequestSender - Using pooled Channel '[id: 0xc95d075d, L:/127.0.0.1:51810 - R:localhost/127.0.0.1:39086]' for 'GET' to 'http://localhost:39086/session/0e167978e1b09af838f3e02ff3d95dbc/element/a1984702-e907-408d-af26-cdbed56e169b/name'
10:13:15.157 [Forwarding getElementTagName on session 0e167978e1b09af838f3e02ff3d95dbc to remote] DEBUG org.asynchttpclient.netty.request.NettyRequestSender - Using open Channel [id: 0xc95d075d, L:/127.0.0.1:51810 - R:localhost/127.0.0.1:39086] for GET '/session/0e167978e1b09af838f3e02ff3d95dbc/element/a1984702-e907-408d-af26-cdbed56e169b/name'
10:13:15.159 [AsyncHttpClient-1-17] DEBUG org.asynchttpclient.netty.handler.HttpHandler - 

Request DefaultFullHttpRequest(decodeResult: success, version: HTTP/1.1, content: EmptyByteBufBE)
GET /session/0e167978e1b09af838f3e02ff3d95dbc/element/a1984702-e907-408d-af26-cdbed56e169b/name HTTP/1.1
User-Agent: selenium/4.8.1 (java windows)
Cache-Control: no-cache
Content-Type: application/json; charset=utf-8
host: localhost:39086
accept: */*

Response DefaultHttpResponse(decodeResult: success, version: HTTP/1.1)
HTTP/1.1 200 OK
Content-Length: 15
Content-Type: application/json; charset=utf-8
cache-control: no-cache

10:13:15.160 [AsyncHttpClient-1-17] DEBUG org.asynchttpclient.netty.channel.ChannelManager - Adding key: http://localhost:39086 for channel [id: 0xc95d075d, L:/127.0.0.1:51810 - R:localhost/127.0.0.1:39086]
10:13:15.160 [Forwarding findElement on session 0e167978e1b09af838f3e02ff3d95dbc to remote] DEBUG org.asynchttpclient.netty.request.NettyRequestSender - Using pooled Channel '[id: 0xc95d075d, L:/127.0.0.1:51810 - R:localhost/127.0.0.1:39086]' for 'POST' to 'http://localhost:39086/session/0e167978e1b09af838f3e02ff3d95dbc/element'
10:13:15.160 [Forwarding findElement on session 0e167978e1b09af838f3e02ff3d95dbc to remote] DEBUG org.asynchttpclient.netty.request.NettyRequestSender - Using open Channel [id: 0xc95d075d, L:/127.0.0.1:51810 - R:localhost/127.0.0.1:39086] for POST '/session/0e167978e1b09af838f3e02ff3d95dbc/element'
10:13:15.167 [AsyncHttpClient-1-17] DEBUG org.asynchttpclient.netty.handler.HttpHandler - 

Request DefaultHttpRequest(decodeResult: success, version: HTTP/1.1)
POST /session/0e167978e1b09af838f3e02ff3d95dbc/element HTTP/1.1
User-Agent: selenium/4.8.1 (java windows)
Content-Length: 71
Content-Type: application/json; charset=utf-8
host: localhost:39086
accept: */*

Response DefaultHttpResponse(decodeResult: success, version: HTTP/1.1)
HTTP/1.1 200 OK
Content-Length: 88
Content-Type: application/json; charset=utf-8
cache-control: no-cache

10:13:15.167 [AsyncHttpClient-1-17] DEBUG org.asynchttpclient.netty.channel.ChannelManager - Adding key: http://localhost:39086 for channel [id: 0xc95d075d, L:/127.0.0.1:51810 - R:localhost/127.0.0.1:39086]
10:13:15.167 [Forwarding clickElement on session 0e167978e1b09af838f3e02ff3d95dbc to remote] DEBUG org.asynchttpclient.netty.request.NettyRequestSender - Using pooled Channel '[id: 0xc95d075d, L:/127.0.0.1:51810 - R:localhost/127.0.0.1:39086]' for 'POST' to 'http://localhost:39086/session/0e167978e1b09af838f3e02ff3d95dbc/element/a1984702-e907-408d-af26-cdbed56e169b/click'
10:13:15.167 [Forwarding clickElement on session 0e167978e1b09af838f3e02ff3d95dbc to remote] DEBUG org.asynchttpclient.netty.request.NettyRequestSender - Using open Channel [id: 0xc95d075d, L:/127.0.0.1:51810 - R:localhost/127.0.0.1:39086] for POST '/session/0e167978e1b09af838f3e02ff3d95dbc/element/a1984702-e907-408d-af26-cdbed56e169b/click'
10:13:15.259 [AsyncHttpClient-1-17] DEBUG org.asynchttpclient.netty.handler.HttpHandler - 

Request DefaultHttpRequest(decodeResult: success, version: HTTP/1.1)
POST /session/0e167978e1b09af838f3e02ff3d95dbc/element/a1984702-e907-408d-af26-cdbed56e169b/click HTTP/1.1
User-Agent: selenium/4.8.1 (java windows)
Content-Length: 50
Content-Type: application/json; charset=utf-8
host: localhost:39086
accept: */*

Response DefaultHttpResponse(decodeResult: success, version: HTTP/1.1)
HTTP/1.1 200 OK
Content-Length: 14
Content-Type: application/json; charset=utf-8
cache-control: no-cache

10:13:15.259 [AsyncHttpClient-1-17] DEBUG org.asynchttpclient.netty.channel.ChannelManager - Adding key: http://localhost:39086 for channel [id: 0xc95d075d, L:/127.0.0.1:51810 - R:localhost/127.0.0.1:39086]
10:13:15.263 [Forwarding getAlertText on session 0e167978e1b09af838f3e02ff3d95dbc to remote] DEBUG org.asynchttpclient.netty.request.NettyRequestSender - Using pooled Channel '[id: 0xc95d075d, L:/127.0.0.1:51810 - R:localhost/127.0.0.1:39086]' for 'GET' to 'http://localhost:39086/session/0e167978e1b09af838f3e02ff3d95dbc/alert/text'
10:13:15.263 [Forwarding getAlertText on session 0e167978e1b09af838f3e02ff3d95dbc to remote] DEBUG org.asynchttpclient.netty.request.NettyRequestSender - Using open Channel [id: 0xc95d075d, L:/127.0.0.1:51810 - R:localhost/127.0.0.1:39086] for GET '/session/0e167978e1b09af838f3e02ff3d95dbc/alert/text'
10:13:15.264 [AsyncHttpClient-1-17] DEBUG org.asynchttpclient.netty.handler.HttpHandler - 

Request DefaultFullHttpRequest(decodeResult: success, version: HTTP/1.1, content: EmptyByteBufBE)
GET /session/0e167978e1b09af838f3e02ff3d95dbc/alert/text HTTP/1.1
User-Agent: selenium/4.8.1 (java windows)
Cache-Control: no-cache
Content-Type: application/json; charset=utf-8
host: localhost:39086
accept: */*

Response DefaultHttpResponse(decodeResult: success, version: HTTP/1.1)
HTTP/1.1 404 Not Found
Content-Length: 836
Content-Type: application/json; charset=utf-8
cache-control: no-cache

10:13:15.264 [AsyncHttpClient-1-17] DEBUG org.asynchttpclient.netty.channel.ChannelManager - Adding key: http://localhost:39086 for channel [id: 0xc95d075d, L:/127.0.0.1:51810 - R:localhost/127.0.0.1:39086]
10:13:15.265 [Forwarding getCurrentUrl on session 0e167978e1b09af838f3e02ff3d95dbc to remote] DEBUG org.asynchttpclient.netty.request.NettyRequestSender - Using pooled Channel '[id: 0xc95d075d, L:/127.0.0.1:51810 - R:localhost/127.0.0.1:39086]' for 'GET' to 'http://localhost:39086/session/0e167978e1b09af838f3e02ff3d95dbc/url'
10:13:15.265 [Forwarding getCurrentUrl on session 0e167978e1b09af838f3e02ff3d95dbc to remote] DEBUG org.asynchttpclient.netty.request.NettyRequestSender - Using open Channel [id: 0xc95d075d, L:/127.0.0.1:51810 - R:localhost/127.0.0.1:39086] for GET '/session/0e167978e1b09af838f3e02ff3d95dbc/url'
10:13:15.270 [AsyncHttpClient-1-17] DEBUG org.asynchttpclient.netty.handler.HttpHandler - 

Request DefaultFullHttpRequest(decodeResult: success, version: HTTP/1.1, content: EmptyByteBufBE)
GET /session/0e167978e1b09af838f3e02ff3d95dbc/url HTTP/1.1
User-Agent: selenium/4.8.1 (java windows)
Cache-Control: no-cache
Content-Type: application/json; charset=utf-8
host: localhost:39086
accept: */*

Response DefaultHttpResponse(decodeResult: success, version: HTTP/1.1)
HTTP/1.1 200 OK
Content-Length: 41
Content-Type: application/json; charset=utf-8
cache-control: no-cache

10:13:15.270 [AsyncHttpClient-1-17] DEBUG org.asynchttpclient.netty.channel.ChannelManager - Adding key: http://localhost:39086 for channel [id: 0xc95d075d, L:/127.0.0.1:51810 - R:localhost/127.0.0.1:39086]
10:13:15.270 [Forwarding screenshot on session 0e167978e1b09af838f3e02ff3d95dbc to remote] DEBUG org.asynchttpclient.netty.request.NettyRequestSender - Using pooled Channel '[id: 0xc95d075d, L:/127.0.0.1:51810 - R:localhost/127.0.0.1:39086]' for 'GET' to 'http://localhost:39086/session/0e167978e1b09af838f3e02ff3d95dbc/screenshot'
10:13:15.270 [Forwarding screenshot on session 0e167978e1b09af838f3e02ff3d95dbc to remote] DEBUG org.asynchttpclient.netty.request.NettyRequestSender - Using open Channel [id: 0xc95d075d, L:/127.0.0.1:51810 - R:localhost/127.0.0.1:39086] for GET '/session/0e167978e1b09af838f3e02ff3d95dbc/screenshot'
10:13:15.387 [AsyncHttpClient-1-17] DEBUG org.asynchttpclient.netty.handler.HttpHandler - 

Request DefaultFullHttpRequest(decodeResult: success, version: HTTP/1.1, content: EmptyByteBufBE)
GET /session/0e167978e1b09af838f3e02ff3d95dbc/screenshot HTTP/1.1
User-Agent: selenium/4.8.1 (java windows)
Cache-Control: no-cache
Content-Type: application/json; charset=utf-8
host: localhost:39086
accept: */*

Response DefaultHttpResponse(decodeResult: success, version: HTTP/1.1)
HTTP/1.1 200 OK
Content-Length: 41984
Content-Type: application/json; charset=utf-8
cache-control: no-cache

10:13:15.387 [AsyncHttpClient-1-17] DEBUG org.asynchttpclient.netty.channel.ChannelManager - Adding key: http://localhost:39086 for channel [id: 0xc95d075d, L:/127.0.0.1:51810 - R:localhost/127.0.0.1:39086]
10:13:15.387 [main] DEBUG net.serenitybdd.core.photography.Darkroom - Send negative for processing for target\site\serenity\046465ed3be966ff21dc0cc33cbec2fb6b0a6765b98dce767bdce2b371d3932f.png
10:13:15.388 [main] DEBUG net.thucydides.core.steps.StepInterceptor - STEP DONE: clickGamingCategory
10:13:15.388 [Darkroom Processing Line] DEBUG net.serenitybdd.core.photography.DarkroomProcessingLine - Processing screenshot image in /var/screenshots/screenshot-15930609877321402395
10:13:15.388 [Darkroom Processing Line] DEBUG net.serenitybdd.core.photography.DarkroomProcessingLine - Saving screenshot to target\site\serenity\046465ed3be966ff21dc0cc33cbec2fb6b0a6765b98dce767bdce2b371d3932f.png
  &amp#27;[32mWhen &amp#27;[0m&amp#27;[32mI click gaming category&amp#27;[0m                               &amp#27;[90m# starter.stepdefinitions.CategorySteps.clickGamingCategory()&amp#27;[0m
10:13:15.394 [Forwarding getPageSource on session 0e167978e1b09af838f3e02ff3d95dbc to remote] DEBUG org.asynchttpclient.netty.request.NettyRequestSender - Using pooled Channel '[id: 0xc95d075d, L:/127.0.0.1:51810 - R:localhost/127.0.0.1:39086]' for 'POST' to 'http://localhost:39086/session/0e167978e1b09af838f3e02ff3d95dbc/execute/sync'
10:13:15.394 [Forwarding getPageSource on session 0e167978e1b09af838f3e02ff3d95dbc to remote] DEBUG org.asynchttpclient.netty.request.NettyRequestSender - Using open Channel [id: 0xc95d075d, L:/127.0.0.1:51810 - R:localhost/127.0.0.1:39086] for POST '/session/0e167978e1b09af838f3e02ff3d95dbc/execute/sync'
10:13:15.399 [AsyncHttpClient-1-17] DEBUG org.asynchttpclient.netty.handler.HttpHandler - 

Request DefaultHttpRequest(decodeResult: success, version: HTTP/1.1)
POST /session/0e167978e1b09af838f3e02ff3d95dbc/execute/sync HTTP/1.1
User-Agent: selenium/4.8.1 (java windows)
Content-Length: 176
Content-Type: application/json; charset=utf-8
host: localhost:39086
accept: */*

Response DefaultHttpResponse(decodeResult: success, version: HTTP/1.1)
HTTP/1.1 200 OK
Content-Length: 27994
Content-Type: application/json; charset=utf-8
cache-control: no-cache

10:13:15.399 [AsyncHttpClient-1-17] DEBUG org.asynchttpclient.netty.channel.ChannelManager - Adding key: http://localhost:39086 for channel [id: 0xc95d075d, L:/127.0.0.1:51810 - R:localhost/127.0.0.1:39086]
10:13:15.401 [Forwarding getCurrentUrl on session 0e167978e1b09af838f3e02ff3d95dbc to remote] DEBUG org.asynchttpclient.netty.request.NettyRequestSender - Using pooled Channel '[id: 0xc95d075d, L:/127.0.0.1:51810 - R:localhost/127.0.0.1:39086]' for 'GET' to 'http://localhost:39086/session/0e167978e1b09af838f3e02ff3d95dbc/url'
10:13:15.401 [Forwarding getCurrentUrl on session 0e167978e1b09af838f3e02ff3d95dbc to remote] DEBUG org.asynchttpclient.netty.request.NettyRequestSender - Using open Channel [id: 0xc95d075d, L:/127.0.0.1:51810 - R:localhost/127.0.0.1:39086] for GET '/session/0e167978e1b09af838f3e02ff3d95dbc/url'
10:13:15.404 [AsyncHttpClient-1-17] DEBUG org.asynchttpclient.netty.handler.HttpHandler - 

Request DefaultFullHttpRequest(decodeResult: success, version: HTTP/1.1, content: EmptyByteBufBE)
GET /session/0e167978e1b09af838f3e02ff3d95dbc/url HTTP/1.1
User-Agent: selenium/4.8.1 (java windows)
Cache-Control: no-cache
Content-Type: application/json; charset=utf-8
host: localhost:39086
accept: */*

Response DefaultHttpResponse(decodeResult: success, version: HTTP/1.1)
HTTP/1.1 200 OK
Content-Length: 41
Content-Type: application/json; charset=utf-8
cache-control: no-cache

10:13:15.404 [AsyncHttpClient-1-17] DEBUG org.asynchttpclient.netty.channel.ChannelManager - Adding key: http://localhost:39086 for channel [id: 0xc95d075d, L:/127.0.0.1:51810 - R:localhost/127.0.0.1:39086]
10:13:15.418 [Forwarding getPageSource on session 0e167978e1b09af838f3e02ff3d95dbc to remote] DEBUG org.asynchttpclient.netty.request.NettyRequestSender - Using pooled Channel '[id: 0xc95d075d, L:/127.0.0.1:51810 - R:localhost/127.0.0.1:39086]' for 'POST' to 'http://localhost:39086/session/0e167978e1b09af838f3e02ff3d95dbc/execute/sync'
10:13:15.418 [Forwarding getPageSource on session 0e167978e1b09af838f3e02ff3d95dbc to remote] DEBUG org.asynchttpclient.netty.request.NettyRequestSender - Using open Channel [id: 0xc95d075d, L:/127.0.0.1:51810 - R:localhost/127.0.0.1:39086] for POST '/session/0e167978e1b09af838f3e02ff3d95dbc/execute/sync'
10:13:15.424 [AsyncHttpClient-1-17] DEBUG org.asynchttpclient.netty.handler.HttpHandler - 

Request DefaultHttpRequest(decodeResult: success, version: HTTP/1.1)
POST /session/0e167978e1b09af838f3e02ff3d95dbc/execute/sync HTTP/1.1
User-Agent: selenium/4.8.1 (java windows)
Content-Length: 176
Content-Type: application/json; charset=utf-8
host: localhost:39086
accept: */*

Response DefaultHttpResponse(decodeResult: success, version: HTTP/1.1)
HTTP/1.1 200 OK
Content-Length: 27994
Content-Type: application/json; charset=utf-8
cache-control: no-cache

10:13:15.424 [AsyncHttpClient-1-17] DEBUG org.asynchttpclient.netty.channel.ChannelManager - Adding key: http://localhost:39086 for channel [id: 0xc95d075d, L:/127.0.0.1:51810 - R:localhost/127.0.0.1:39086]
10:13:15.425 [Forwarding getCurrentUrl on session 0e167978e1b09af838f3e02ff3d95dbc to remote] DEBUG org.asynchttpclient.netty.request.NettyRequestSender - Using pooled Channel '[id: 0xc95d075d, L:/127.0.0.1:51810 - R:localhost/127.0.0.1:39086]' for 'GET' to 'http://localhost:39086/session/0e167978e1b09af838f3e02ff3d95dbc/url'
10:13:15.426 [Forwarding getCurrentUrl on session 0e167978e1b09af838f3e02ff3d95dbc to remote] DEBUG org.asynchttpclient.netty.request.NettyRequestSender - Using open Channel [id: 0xc95d075d, L:/127.0.0.1:51810 - R:localhost/127.0.0.1:39086] for GET '/session/0e167978e1b09af838f3e02ff3d95dbc/url'
10:13:15.428 [AsyncHttpClient-1-17] DEBUG org.asynchttpclient.netty.handler.HttpHandler - 

Request DefaultFullHttpRequest(decodeResult: success, version: HTTP/1.1, content: EmptyByteBufBE)
GET /session/0e167978e1b09af838f3e02ff3d95dbc/url HTTP/1.1
User-Agent: selenium/4.8.1 (java windows)
Cache-Control: no-cache
Content-Type: application/json; charset=utf-8
host: localhost:39086
accept: */*

Response DefaultHttpResponse(decodeResult: success, version: HTTP/1.1)
HTTP/1.1 200 OK
Content-Length: 41
Content-Type: application/json; charset=utf-8
cache-control: no-cache

10:13:15.428 [AsyncHttpClient-1-17] DEBUG org.asynchttpclient.netty.channel.ChannelManager - Adding key: http://localhost:39086 for channel [id: 0xc95d075d, L:/127.0.0.1:51810 - R:localhost/127.0.0.1:39086]
10:13:15.429 [main] DEBUG net.thucydides.core.steps.StepInterceptor - STARTING STEP: CategorySteps.clickClearCategory - clickClearCategory
10:13:15.433 [Forwarding findElement on session 0e167978e1b09af838f3e02ff3d95dbc to remote] DEBUG org.asynchttpclient.netty.request.NettyRequestSender - Using pooled Channel '[id: 0xc95d075d, L:/127.0.0.1:51810 - R:localhost/127.0.0.1:39086]' for 'POST' to 'http://localhost:39086/session/0e167978e1b09af838f3e02ff3d95dbc/element'
10:13:15.433 [Forwarding findElement on session 0e167978e1b09af838f3e02ff3d95dbc to remote] DEBUG org.asynchttpclient.netty.request.NettyRequestSender - Using open Channel [id: 0xc95d075d, L:/127.0.0.1:51810 - R:localhost/127.0.0.1:39086] for POST '/session/0e167978e1b09af838f3e02ff3d95dbc/element'
10:13:15.444 [AsyncHttpClient-1-17] DEBUG org.asynchttpclient.netty.handler.HttpHandler - 

Request DefaultHttpRequest(decodeResult: success, version: HTTP/1.1)
POST /session/0e167978e1b09af838f3e02ff3d95dbc/element HTTP/1.1
User-Agent: selenium/4.8.1 (java windows)
Content-Length: 63
Content-Type: application/json; charset=utf-8
host: localhost:39086
accept: */*

Response DefaultHttpResponse(decodeResult: success, version: HTTP/1.1)
HTTP/1.1 200 OK
Content-Length: 88
Content-Type: application/json; charset=utf-8
cache-control: no-cache

10:13:15.444 [AsyncHttpClient-1-17] DEBUG org.asynchttpclient.netty.channel.ChannelManager - Adding key: http://localhost:39086 for channel [id: 0xc95d075d, L:/127.0.0.1:51810 - R:localhost/127.0.0.1:39086]
10:13:15.445 [Forwarding getElementTagName on session 0e167978e1b09af838f3e02ff3d95dbc to remote] DEBUG org.asynchttpclient.netty.request.NettyRequestSender - Using pooled Channel '[id: 0xc95d075d, L:/127.0.0.1:51810 - R:localhost/127.0.0.1:39086]' for 'GET' to 'http://localhost:39086/session/0e167978e1b09af838f3e02ff3d95dbc/element/49de7a69-51e1-4419-83cc-185dd776f759/name'
10:13:15.445 [Forwarding getElementTagName on session 0e167978e1b09af838f3e02ff3d95dbc to remote] DEBUG org.asynchttpclient.netty.request.NettyRequestSender - Using open Channel [id: 0xc95d075d, L:/127.0.0.1:51810 - R:localhost/127.0.0.1:39086] for GET '/session/0e167978e1b09af838f3e02ff3d95dbc/element/49de7a69-51e1-4419-83cc-185dd776f759/name'
10:13:15.450 [AsyncHttpClient-1-17] DEBUG org.asynchttpclient.netty.handler.HttpHandler - 

Request DefaultFullHttpRequest(decodeResult: success, version: HTTP/1.1, content: EmptyByteBufBE)
GET /session/0e167978e1b09af838f3e02ff3d95dbc/element/49de7a69-51e1-4419-83cc-185dd776f759/name HTTP/1.1
User-Agent: selenium/4.8.1 (java windows)
Cache-Control: no-cache
Content-Type: application/json; charset=utf-8
host: localhost:39086
accept: */*

Response DefaultHttpResponse(decodeResult: success, version: HTTP/1.1)
HTTP/1.1 200 OK
Content-Length: 18
Content-Type: application/json; charset=utf-8
cache-control: no-cache

10:13:15.450 [AsyncHttpClient-1-17] DEBUG org.asynchttpclient.netty.channel.ChannelManager - Adding key: http://localhost:39086 for channel [id: 0xc95d075d, L:/127.0.0.1:51810 - R:localhost/127.0.0.1:39086]
10:13:15.451 [Forwarding getElementTagName on session 0e167978e1b09af838f3e02ff3d95dbc to remote] DEBUG org.asynchttpclient.netty.request.NettyRequestSender - Using pooled Channel '[id: 0xc95d075d, L:/127.0.0.1:51810 - R:localhost/127.0.0.1:39086]' for 'GET' to 'http://localhost:39086/session/0e167978e1b09af838f3e02ff3d95dbc/element/49de7a69-51e1-4419-83cc-185dd776f759/name'
10:13:15.451 [Forwarding getElementTagName on session 0e167978e1b09af838f3e02ff3d95dbc to remote] DEBUG org.asynchttpclient.netty.request.NettyRequestSender - Using open Channel [id: 0xc95d075d, L:/127.0.0.1:51810 - R:localhost/127.0.0.1:39086] for GET '/session/0e167978e1b09af838f3e02ff3d95dbc/element/49de7a69-51e1-4419-83cc-185dd776f759/name'
10:13:15.453 [AsyncHttpClient-1-17] DEBUG org.asynchttpclient.netty.handler.HttpHandler - 

Request DefaultFullHttpRequest(decodeResult: success, version: HTTP/1.1, content: EmptyByteBufBE)
GET /session/0e167978e1b09af838f3e02ff3d95dbc/element/49de7a69-51e1-4419-83cc-185dd776f759/name HTTP/1.1
User-Agent: selenium/4.8.1 (java windows)
Cache-Control: no-cache
Content-Type: application/json; charset=utf-8
host: localhost:39086
accept: */*

Response DefaultHttpResponse(decodeResult: success, version: HTTP/1.1)
HTTP/1.1 200 OK
Content-Length: 18
Content-Type: application/json; charset=utf-8
cache-control: no-cache

10:13:15.453 [AsyncHttpClient-1-17] DEBUG org.asynchttpclient.netty.channel.ChannelManager - Adding key: http://localhost:39086 for channel [id: 0xc95d075d, L:/127.0.0.1:51810 - R:localhost/127.0.0.1:39086]
10:13:15.454 [Forwarding isElementEnabled on session 0e167978e1b09af838f3e02ff3d95dbc to remote] DEBUG org.asynchttpclient.netty.request.NettyRequestSender - Using pooled Channel '[id: 0xc95d075d, L:/127.0.0.1:51810 - R:localhost/127.0.0.1:39086]' for 'GET' to 'http://localhost:39086/session/0e167978e1b09af838f3e02ff3d95dbc/element/49de7a69-51e1-4419-83cc-185dd776f759/enabled'
10:13:15.454 [Forwarding isElementEnabled on session 0e167978e1b09af838f3e02ff3d95dbc to remote] DEBUG org.asynchttpclient.netty.request.NettyRequestSender - Using open Channel [id: 0xc95d075d, L:/127.0.0.1:51810 - R:localhost/127.0.0.1:39086] for GET '/session/0e167978e1b09af838f3e02ff3d95dbc/element/49de7a69-51e1-4419-83cc-185dd776f759/enabled'
10:13:15.462 [AsyncHttpClient-1-17] DEBUG org.asynchttpclient.netty.handler.HttpHandler - 

Request DefaultFullHttpRequest(decodeResult: success, version: HTTP/1.1, content: EmptyByteBufBE)
GET /session/0e167978e1b09af838f3e02ff3d95dbc/element/49de7a69-51e1-4419-83cc-185dd776f759/enabled HTTP/1.1
User-Agent: selenium/4.8.1 (java windows)
Cache-Control: no-cache
Content-Type: application/json; charset=utf-8
host: localhost:39086
accept: */*

Response DefaultHttpResponse(decodeResult: success, version: HTTP/1.1)
HTTP/1.1 200 OK
Content-Length: 14
Content-Type: application/json; charset=utf-8
cache-control: no-cache

10:13:15.462 [AsyncHttpClient-1-17] DEBUG org.asynchttpclient.netty.channel.ChannelManager - Adding key: http://localhost:39086 for channel [id: 0xc95d075d, L:/127.0.0.1:51810 - R:localhost/127.0.0.1:39086]
10:13:15.463 [Forwarding isElementEnabled on session 0e167978e1b09af838f3e02ff3d95dbc to remote] DEBUG org.asynchttpclient.netty.request.NettyRequestSender - Using pooled Channel '[id: 0xc95d075d, L:/127.0.0.1:51810 - R:localhost/127.0.0.1:39086]' for 'GET' to 'http://localhost:39086/session/0e167978e1b09af838f3e02ff3d95dbc/element/49de7a69-51e1-4419-83cc-185dd776f759/enabled'
10:13:15.463 [Forwarding isElementEnabled on session 0e167978e1b09af838f3e02ff3d95dbc to remote] DEBUG org.asynchttpclient.netty.request.NettyRequestSender - Using open Channel [id: 0xc95d075d, L:/127.0.0.1:51810 - R:localhost/127.0.0.1:39086] for GET '/session/0e167978e1b09af838f3e02ff3d95dbc/element/49de7a69-51e1-4419-83cc-185dd776f759/enabled'
10:13:15.468 [AsyncHttpClient-1-17] DEBUG org.asynchttpclient.netty.handler.HttpHandler - 

Request DefaultFullHttpRequest(decodeResult: success, version: HTTP/1.1, content: EmptyByteBufBE)
GET /session/0e167978e1b09af838f3e02ff3d95dbc/element/49de7a69-51e1-4419-83cc-185dd776f759/enabled HTTP/1.1
User-Agent: selenium/4.8.1 (java windows)
Cache-Control: no-cache
Content-Type: application/json; charset=utf-8
host: localhost:39086
accept: */*

Response DefaultHttpResponse(decodeResult: success, version: HTTP/1.1)
HTTP/1.1 200 OK
Content-Length: 14
Content-Type: application/json; charset=utf-8
cache-control: no-cache

10:13:15.469 [AsyncHttpClient-1-17] DEBUG org.asynchttpclient.netty.channel.ChannelManager - Adding key: http://localhost:39086 for channel [id: 0xc95d075d, L:/127.0.0.1:51810 - R:localhost/127.0.0.1:39086]
10:13:15.470 [Forwarding findElement on session 0e167978e1b09af838f3e02ff3d95dbc to remote] DEBUG org.asynchttpclient.netty.request.NettyRequestSender - Using pooled Channel '[id: 0xc95d075d, L:/127.0.0.1:51810 - R:localhost/127.0.0.1:39086]' for 'POST' to 'http://localhost:39086/session/0e167978e1b09af838f3e02ff3d95dbc/element'
10:13:15.470 [Forwarding findElement on session 0e167978e1b09af838f3e02ff3d95dbc to remote] DEBUG org.asynchttpclient.netty.request.NettyRequestSender - Using open Channel [id: 0xc95d075d, L:/127.0.0.1:51810 - R:localhost/127.0.0.1:39086] for POST '/session/0e167978e1b09af838f3e02ff3d95dbc/element'
10:13:15.476 [AsyncHttpClient-1-17] DEBUG org.asynchttpclient.netty.handler.HttpHandler - 

Request DefaultHttpRequest(decodeResult: success, version: HTTP/1.1)
POST /session/0e167978e1b09af838f3e02ff3d95dbc/element HTTP/1.1
User-Agent: selenium/4.8.1 (java windows)
Content-Length: 63
Content-Type: application/json; charset=utf-8
host: localhost:39086
accept: */*

Response DefaultHttpResponse(decodeResult: success, version: HTTP/1.1)
HTTP/1.1 200 OK
Content-Length: 88
Content-Type: application/json; charset=utf-8
cache-control: no-cache

10:13:15.476 [AsyncHttpClient-1-17] DEBUG org.asynchttpclient.netty.channel.ChannelManager - Adding key: http://localhost:39086 for channel [id: 0xc95d075d, L:/127.0.0.1:51810 - R:localhost/127.0.0.1:39086]
10:13:15.477 [Forwarding clickElement on session 0e167978e1b09af838f3e02ff3d95dbc to remote] DEBUG org.asynchttpclient.netty.request.NettyRequestSender - Using pooled Channel '[id: 0xc95d075d, L:/127.0.0.1:51810 - R:localhost/127.0.0.1:39086]' for 'POST' to 'http://localhost:39086/session/0e167978e1b09af838f3e02ff3d95dbc/element/49de7a69-51e1-4419-83cc-185dd776f759/click'
10:13:15.477 [Forwarding clickElement on session 0e167978e1b09af838f3e02ff3d95dbc to remote] DEBUG org.asynchttpclient.netty.request.NettyRequestSender - Using open Channel [id: 0xc95d075d, L:/127.0.0.1:51810 - R:localhost/127.0.0.1:39086] for POST '/session/0e167978e1b09af838f3e02ff3d95dbc/element/49de7a69-51e1-4419-83cc-185dd776f759/click'
10:13:15.494 [AsyncHttpClient-1-1] DEBUG org.asynchttpclient.netty.channel.DefaultChannelPool - Entry count for : http://localhost:51811 : 1
10:13:15.526 [AsyncHttpClient-1-17] DEBUG org.asynchttpclient.netty.handler.HttpHandler - 

Request DefaultHttpRequest(decodeResult: success, version: HTTP/1.1)
POST /session/0e167978e1b09af838f3e02ff3d95dbc/element/49de7a69-51e1-4419-83cc-185dd776f759/click HTTP/1.1
User-Agent: selenium/4.8.1 (java windows)
Content-Length: 50
Content-Type: application/json; charset=utf-8
host: localhost:39086
accept: */*

Response DefaultHttpResponse(decodeResult: success, version: HTTP/1.1)
HTTP/1.1 200 OK
Content-Length: 14
Content-Type: application/json; charset=utf-8
cache-control: no-cache

10:13:15.526 [AsyncHttpClient-1-17] DEBUG org.asynchttpclient.netty.channel.ChannelManager - Adding key: http://localhost:39086 for channel [id: 0xc95d075d, L:/127.0.0.1:51810 - R:localhost/127.0.0.1:39086]
10:13:15.532 [Forwarding getAlertText on session 0e167978e1b09af838f3e02ff3d95dbc to remote] DEBUG org.asynchttpclient.netty.request.NettyRequestSender - Using pooled Channel '[id: 0xc95d075d, L:/127.0.0.1:51810 - R:localhost/127.0.0.1:39086]' for 'GET' to 'http://localhost:39086/session/0e167978e1b09af838f3e02ff3d95dbc/alert/text'
10:13:15.532 [Forwarding getAlertText on session 0e167978e1b09af838f3e02ff3d95dbc to remote] DEBUG org.asynchttpclient.netty.request.NettyRequestSender - Using open Channel [id: 0xc95d075d, L:/127.0.0.1:51810 - R:localhost/127.0.0.1:39086] for GET '/session/0e167978e1b09af838f3e02ff3d95dbc/alert/text'
10:13:15.540 [AsyncHttpClient-1-17] DEBUG org.asynchttpclient.netty.handler.HttpHandler - 

Request DefaultFullHttpRequest(decodeResult: success, version: HTTP/1.1, content: EmptyByteBufBE)
GET /session/0e167978e1b09af838f3e02ff3d95dbc/alert/text HTTP/1.1
User-Agent: selenium/4.8.1 (java windows)
Cache-Control: no-cache
Content-Type: application/json; charset=utf-8
host: localhost:39086
accept: */*

Response DefaultHttpResponse(decodeResult: success, version: HTTP/1.1)
HTTP/1.1 404 Not Found
Content-Length: 836
Content-Type: application/json; charset=utf-8
cache-control: no-cache

10:13:15.540 [AsyncHttpClient-1-17] DEBUG org.asynchttpclient.netty.channel.ChannelManager - Adding key: http://localhost:39086 for channel [id: 0xc95d075d, L:/127.0.0.1:51810 - R:localhost/127.0.0.1:39086]
10:13:15.541 [Forwarding getCurrentUrl on session 0e167978e1b09af838f3e02ff3d95dbc to remote] DEBUG org.asynchttpclient.netty.request.NettyRequestSender - Using pooled Channel '[id: 0xc95d075d, L:/127.0.0.1:51810 - R:localhost/127.0.0.1:39086]' for 'GET' to 'http://localhost:39086/session/0e167978e1b09af838f3e02ff3d95dbc/url'
10:13:15.541 [Forwarding getCurrentUrl on session 0e167978e1b09af838f3e02ff3d95dbc to remote] DEBUG org.asynchttpclient.netty.request.NettyRequestSender - Using open Channel [id: 0xc95d075d, L:/127.0.0.1:51810 - R:localhost/127.0.0.1:39086] for GET '/session/0e167978e1b09af838f3e02ff3d95dbc/url'
10:13:15.562 [AsyncHttpClient-1-17] DEBUG org.asynchttpclient.netty.handler.HttpHandler - 

Request DefaultFullHttpRequest(decodeResult: success, version: HTTP/1.1, content: EmptyByteBufBE)
GET /session/0e167978e1b09af838f3e02ff3d95dbc/url HTTP/1.1
User-Agent: selenium/4.8.1 (java windows)
Cache-Control: no-cache
Content-Type: application/json; charset=utf-8
host: localhost:39086
accept: */*

Response DefaultHttpResponse(decodeResult: success, version: HTTP/1.1)
HTTP/1.1 200 OK
Content-Length: 41
Content-Type: application/json; charset=utf-8
cache-control: no-cache

10:13:15.562 [AsyncHttpClient-1-17] DEBUG org.asynchttpclient.netty.channel.ChannelManager - Adding key: http://localhost:39086 for channel [id: 0xc95d075d, L:/127.0.0.1:51810 - R:localhost/127.0.0.1:39086]
10:13:15.563 [Forwarding screenshot on session 0e167978e1b09af838f3e02ff3d95dbc to remote] DEBUG org.asynchttpclient.netty.request.NettyRequestSender - Using pooled Channel '[id: 0xc95d075d, L:/127.0.0.1:51810 - R:localhost/127.0.0.1:39086]' for 'GET' to 'http://localhost:39086/session/0e167978e1b09af838f3e02ff3d95dbc/screenshot'
10:13:15.563 [Forwarding screenshot on session 0e167978e1b09af838f3e02ff3d95dbc to remote] DEBUG org.asynchttpclient.netty.request.NettyRequestSender - Using open Channel [id: 0xc95d075d, L:/127.0.0.1:51810 - R:localhost/127.0.0.1:39086] for GET '/session/0e167978e1b09af838f3e02ff3d95dbc/screenshot'
10:13:16.216 [AsyncHttpClient-1-17] DEBUG org.asynchttpclient.netty.handler.HttpHandler - 

Request DefaultFullHttpRequest(decodeResult: success, version: HTTP/1.1, content: EmptyByteBufBE)
GET /session/0e167978e1b09af838f3e02ff3d95dbc/screenshot HTTP/1.1
User-Agent: selenium/4.8.1 (java windows)
Cache-Control: no-cache
Content-Type: application/json; charset=utf-8
host: localhost:39086
accept: */*

Response DefaultHttpResponse(decodeResult: success, version: HTTP/1.1)
HTTP/1.1 200 OK
Content-Length: 28532
Content-Type: application/json; charset=utf-8
cache-control: no-cache

10:13:16.216 [AsyncHttpClient-1-17] DEBUG org.asynchttpclient.netty.channel.ChannelManager - Adding key: http://localhost:39086 for channel [id: 0xc95d075d, L:/127.0.0.1:51810 - R:localhost/127.0.0.1:39086]
10:13:16.219 [main] DEBUG net.serenitybdd.core.photography.Darkroom - Send negative for processing for target\site\serenity\89e1e3b3c79232a44d69011ed959787e2877fd2cc848c90689b688b31ef5bfd2.png
10:13:16.219 [main] DEBUG net.thucydides.core.steps.StepInterceptor - STEP DONE: clickClearCategory
  &amp#27;[32mAnd &amp#27;[0m&amp#27;[32mI click clear category&amp#27;[0m                                 &amp#27;[90m# starter.stepdefinitions.CategorySteps.clickClearCategory()&amp#27;[0m
10:13:16.229 [Forwarding getPageSource on session 0e167978e1b09af838f3e02ff3d95dbc to remote] DEBUG org.asynchttpclient.netty.request.NettyRequestSender - Using pooled Channel '[id: 0xc95d075d, L:/127.0.0.1:51810 - R:localhost/127.0.0.1:39086]' for 'POST' to 'http://localhost:39086/session/0e167978e1b09af838f3e02ff3d95dbc/execute/sync'
10:13:16.229 [Forwarding getPageSource on session 0e167978e1b09af838f3e02ff3d95dbc to remote] DEBUG org.asynchttpclient.netty.request.NettyRequestSender - Using open Channel [id: 0xc95d075d, L:/127.0.0.1:51810 - R:localhost/127.0.0.1:39086] for POST '/session/0e167978e1b09af838f3e02ff3d95dbc/execute/sync'
10:13:16.229 [Darkroom Processing Line] DEBUG net.serenitybdd.core.photography.DarkroomProcessingLine - Processing screenshot image in /var/screenshots/screenshot-10298217729123789753
10:13:16.229 [Darkroom Processing Line] DEBUG net.serenitybdd.core.photography.DarkroomProcessingLine - Saving screenshot to target\site\serenity\89e1e3b3c79232a44d69011ed959787e2877fd2cc848c90689b688b31ef5bfd2.png
10:13:16.254 [AsyncHttpClient-1-17] DEBUG org.asynchttpclient.netty.handler.HttpHandler - 

Request DefaultHttpRequest(decodeResult: success, version: HTTP/1.1)
POST /session/0e167978e1b09af838f3e02ff3d95dbc/execute/sync HTTP/1.1
User-Agent: selenium/4.8.1 (java windows)
Content-Length: 176
Content-Type: application/json; charset=utf-8
host: localhost:39086
accept: */*

Response DefaultHttpResponse(decodeResult: success, version: HTTP/1.1)
HTTP/1.1 200 OK
Content-Length: 295432
Content-Type: application/json; charset=utf-8
cache-control: no-cache

10:13:16.254 [AsyncHttpClient-1-17] DEBUG org.asynchttpclient.netty.channel.ChannelManager - Adding key: http://localhost:39086 for channel [id: 0xc95d075d, L:/127.0.0.1:51810 - R:localhost/127.0.0.1:39086]
10:13:16.270 [Forwarding getCurrentUrl on session 0e167978e1b09af838f3e02ff3d95dbc to remote] DEBUG org.asynchttpclient.netty.request.NettyRequestSender - Using pooled Channel '[id: 0xc95d075d, L:/127.0.0.1:51810 - R:localhost/127.0.0.1:39086]' for 'GET' to 'http://localhost:39086/session/0e167978e1b09af838f3e02ff3d95dbc/url'
10:13:16.271 [Forwarding getCurrentUrl on session 0e167978e1b09af838f3e02ff3d95dbc to remote] DEBUG org.asynchttpclient.netty.request.NettyRequestSender - Using open Channel [id: 0xc95d075d, L:/127.0.0.1:51810 - R:localhost/127.0.0.1:39086] for GET '/session/0e167978e1b09af838f3e02ff3d95dbc/url'
10:13:16.273 [AsyncHttpClient-1-17] DEBUG org.asynchttpclient.netty.handler.HttpHandler - 

Request DefaultFullHttpRequest(decodeResult: success, version: HTTP/1.1, content: EmptyByteBufBE)
GET /session/0e167978e1b09af838f3e02ff3d95dbc/url HTTP/1.1
User-Agent: selenium/4.8.1 (java windows)
Cache-Control: no-cache
Content-Type: application/json; charset=utf-8
host: localhost:39086
accept: */*

Response DefaultHttpResponse(decodeResult: success, version: HTTP/1.1)
HTTP/1.1 200 OK
Content-Length: 41
Content-Type: application/json; charset=utf-8
cache-control: no-cache

10:13:16.273 [AsyncHttpClient-1-17] DEBUG org.asynchttpclient.netty.channel.ChannelManager - Adding key: http://localhost:39086 for channel [id: 0xc95d075d, L:/127.0.0.1:51810 - R:localhost/127.0.0.1:39086]
10:13:16.283 [Forwarding getAlertText on session 0e167978e1b09af838f3e02ff3d95dbc to remote] DEBUG org.asynchttpclient.netty.request.NettyRequestSender - Using pooled Channel '[id: 0xc95d075d, L:/127.0.0.1:51810 - R:localhost/127.0.0.1:39086]' for 'GET' to 'http://localhost:39086/session/0e167978e1b09af838f3e02ff3d95dbc/alert/text'
10:13:16.283 [Forwarding getAlertText on session 0e167978e1b09af838f3e02ff3d95dbc to remote] DEBUG org.asynchttpclient.netty.request.NettyRequestSender - Using open Channel [id: 0xc95d075d, L:/127.0.0.1:51810 - R:localhost/127.0.0.1:39086] for GET '/session/0e167978e1b09af838f3e02ff3d95dbc/alert/text'
10:13:16.284 [AsyncHttpClient-1-17] DEBUG org.asynchttpclient.netty.handler.HttpHandler - 

Request DefaultFullHttpRequest(decodeResult: success, version: HTTP/1.1, content: EmptyByteBufBE)
GET /session/0e167978e1b09af838f3e02ff3d95dbc/alert/text HTTP/1.1
User-Agent: selenium/4.8.1 (java windows)
Cache-Control: no-cache
Content-Type: application/json; charset=utf-8
host: localhost:39086
accept: */*

Response DefaultHttpResponse(decodeResult: success, version: HTTP/1.1)
HTTP/1.1 404 Not Found
Content-Length: 836
Content-Type: application/json; charset=utf-8
cache-control: no-cache

10:13:16.284 [AsyncHttpClient-1-17] DEBUG org.asynchttpclient.netty.channel.ChannelManager - Adding key: http://localhost:39086 for channel [id: 0xc95d075d, L:/127.0.0.1:51810 - R:localhost/127.0.0.1:39086]
10:13:16.285 [Forwarding getCurrentUrl on session 0e167978e1b09af838f3e02ff3d95dbc to remote] DEBUG org.asynchttpclient.netty.request.NettyRequestSender - Using pooled Channel '[id: 0xc95d075d, L:/127.0.0.1:51810 - R:localhost/127.0.0.1:39086]' for 'GET' to 'http://localhost:39086/session/0e167978e1b09af838f3e02ff3d95dbc/url'
10:13:16.285 [Forwarding getCurrentUrl on session 0e167978e1b09af838f3e02ff3d95dbc to remote] DEBUG org.asynchttpclient.netty.request.NettyRequestSender - Using open Channel [id: 0xc95d075d, L:/127.0.0.1:51810 - R:localhost/127.0.0.1:39086] for GET '/session/0e167978e1b09af838f3e02ff3d95dbc/url'
10:13:16.287 [AsyncHttpClient-1-17] DEBUG org.asynchttpclient.netty.handler.HttpHandler - 

Request DefaultFullHttpRequest(decodeResult: success, version: HTTP/1.1, content: EmptyByteBufBE)
GET /session/0e167978e1b09af838f3e02ff3d95dbc/url HTTP/1.1
User-Agent: selenium/4.8.1 (java windows)
Cache-Control: no-cache
Content-Type: application/json; charset=utf-8
host: localhost:39086
accept: */*

Response DefaultHttpResponse(decodeResult: success, version: HTTP/1.1)
HTTP/1.1 200 OK
Content-Length: 41
Content-Type: application/json; charset=utf-8
cache-control: no-cache

10:13:16.287 [AsyncHttpClient-1-17] DEBUG org.asynchttpclient.netty.channel.ChannelManager - Adding key: http://localhost:39086 for channel [id: 0xc95d075d, L:/127.0.0.1:51810 - R:localhost/127.0.0.1:39086]
10:13:16.288 [Forwarding screenshot on session 0e167978e1b09af838f3e02ff3d95dbc to remote] DEBUG org.asynchttpclient.netty.request.NettyRequestSender - Using pooled Channel '[id: 0xc95d075d, L:/127.0.0.1:51810 - R:localhost/127.0.0.1:39086]' for 'GET' to 'http://localhost:39086/session/0e167978e1b09af838f3e02ff3d95dbc/screenshot'
10:13:16.288 [Forwarding screenshot on session 0e167978e1b09af838f3e02ff3d95dbc to remote] DEBUG org.asynchttpclient.netty.request.NettyRequestSender - Using open Channel [id: 0xc95d075d, L:/127.0.0.1:51810 - R:localhost/127.0.0.1:39086] for GET '/session/0e167978e1b09af838f3e02ff3d95dbc/screenshot'
10:13:16.366 [AsyncHttpClient-1-17] DEBUG org.asynchttpclient.netty.handler.HttpHandler - 

Request DefaultFullHttpRequest(decodeResult: success, version: HTTP/1.1, content: EmptyByteBufBE)
GET /session/0e167978e1b09af838f3e02ff3d95dbc/screenshot HTTP/1.1
User-Agent: selenium/4.8.1 (java windows)
Cache-Control: no-cache
Content-Type: application/json; charset=utf-8
host: localhost:39086
accept: */*

Response DefaultHttpResponse(decodeResult: success, version: HTTP/1.1)
HTTP/1.1 200 OK
Content-Length: 85956
Content-Type: application/json; charset=utf-8
cache-control: no-cache

10:13:16.366 [AsyncHttpClient-1-17] DEBUG org.asynchttpclient.netty.channel.ChannelManager - Adding key: http://localhost:39086 for channel [id: 0xc95d075d, L:/127.0.0.1:51810 - R:localhost/127.0.0.1:39086]
10:13:16.367 [main] DEBUG net.serenitybdd.core.photography.Darkroom - Send negative for processing for target\site\serenity\b0ef587d491f9d3a66cf127e7a10ea515e05af8eff11e3a65ed8993fff27aede.png
10:13:16.368 [Darkroom Processing Line] DEBUG net.serenitybdd.core.photography.DarkroomProcessingLine - Processing screenshot image in /var/screenshots/screenshot-7316428729398195766
10:13:16.368 [Darkroom Processing Line] DEBUG net.serenitybdd.core.photography.DarkroomProcessingLine - Saving screenshot to target\site\serenity\b0ef587d491f9d3a66cf127e7a10ea515e05af8eff11e3a65ed8993fff27aede.png
10:13:16.368 [Forwarding getPageSource on session 0e167978e1b09af838f3e02ff3d95dbc to remote] DEBUG org.asynchttpclient.netty.request.NettyRequestSender - Using pooled Channel '[id: 0xc95d075d, L:/127.0.0.1:51810 - R:localhost/127.0.0.1:39086]' for 'POST' to 'http://localhost:39086/session/0e167978e1b09af838f3e02ff3d95dbc/execute/sync'
10:13:16.368 [Forwarding getPageSource on session 0e167978e1b09af838f3e02ff3d95dbc to remote] DEBUG org.asynchttpclient.netty.request.NettyRequestSender - Using open Channel [id: 0xc95d075d, L:/127.0.0.1:51810 - R:localhost/127.0.0.1:39086] for POST '/session/0e167978e1b09af838f3e02ff3d95dbc/execute/sync'
10:13:16.383 [AsyncHttpClient-1-17] DEBUG org.asynchttpclient.netty.handler.HttpHandler - 

Request DefaultHttpRequest(decodeResult: success, version: HTTP/1.1)
POST /session/0e167978e1b09af838f3e02ff3d95dbc/execute/sync HTTP/1.1
User-Agent: selenium/4.8.1 (java windows)
Content-Length: 176
Content-Type: application/json; charset=utf-8
host: localhost:39086
accept: */*

Response DefaultHttpResponse(decodeResult: success, version: HTTP/1.1)
HTTP/1.1 200 OK
Content-Length: 295432
Content-Type: application/json; charset=utf-8
cache-control: no-cache

10:13:16.383 [AsyncHttpClient-1-17] DEBUG org.asynchttpclient.netty.channel.ChannelManager - Adding key: http://localhost:39086 for channel [id: 0xc95d075d, L:/127.0.0.1:51810 - R:localhost/127.0.0.1:39086]
10:13:16.399 [Forwarding getCurrentUrl on session 0e167978e1b09af838f3e02ff3d95dbc to remote] DEBUG org.asynchttpclient.netty.request.NettyRequestSender - Using pooled Channel '[id: 0xc95d075d, L:/127.0.0.1:51810 - R:localhost/127.0.0.1:39086]' for 'GET' to 'http://localhost:39086/session/0e167978e1b09af838f3e02ff3d95dbc/url'
10:13:16.399 [Forwarding getCurrentUrl on session 0e167978e1b09af838f3e02ff3d95dbc to remote] DEBUG org.asynchttpclient.netty.request.NettyRequestSender - Using open Channel [id: 0xc95d075d, L:/127.0.0.1:51810 - R:localhost/127.0.0.1:39086] for GET '/session/0e167978e1b09af838f3e02ff3d95dbc/url'
10:13:16.402 [AsyncHttpClient-1-17] DEBUG org.asynchttpclient.netty.handler.HttpHandler - 

Request DefaultFullHttpRequest(decodeResult: success, version: HTTP/1.1, content: EmptyByteBufBE)
GET /session/0e167978e1b09af838f3e02ff3d95dbc/url HTTP/1.1
User-Agent: selenium/4.8.1 (java windows)
Cache-Control: no-cache
Content-Type: application/json; charset=utf-8
host: localhost:39086
accept: */*

Response DefaultHttpResponse(decodeResult: success, version: HTTP/1.1)
HTTP/1.1 200 OK
Content-Length: 41
Content-Type: application/json; charset=utf-8
cache-control: no-cache

10:13:16.402 [AsyncHttpClient-1-17] DEBUG org.asynchttpclient.netty.channel.ChannelManager - Adding key: http://localhost:39086 for channel [id: 0xc95d075d, L:/127.0.0.1:51810 - R:localhost/127.0.0.1:39086]
10:13:16.403 [main] DEBUG net.thucydides.core.steps.StepInterceptor - STARTING STEP: LogoutSteps.validateAlreadyLogout - validateAlreadyLogout
10:13:16.404 [Forwarding findElement on session 0e167978e1b09af838f3e02ff3d95dbc to remote] DEBUG org.asynchttpclient.netty.request.NettyRequestSender - Using pooled Channel '[id: 0xc95d075d, L:/127.0.0.1:51810 - R:localhost/127.0.0.1:39086]' for 'POST' to 'http://localhost:39086/session/0e167978e1b09af838f3e02ff3d95dbc/element'
10:13:16.404 [Forwarding findElement on session 0e167978e1b09af838f3e02ff3d95dbc to remote] DEBUG org.asynchttpclient.netty.request.NettyRequestSender - Using open Channel [id: 0xc95d075d, L:/127.0.0.1:51810 - R:localhost/127.0.0.1:39086] for POST '/session/0e167978e1b09af838f3e02ff3d95dbc/element'
10:13:16.412 [AsyncHttpClient-1-17] DEBUG org.asynchttpclient.netty.handler.HttpHandler - 

Request DefaultHttpRequest(decodeResult: success, version: HTTP/1.1)
POST /session/0e167978e1b09af838f3e02ff3d95dbc/element HTTP/1.1
User-Agent: selenium/4.8.1 (java windows)
Content-Length: 59
Content-Type: application/json; charset=utf-8
host: localhost:39086
accept: */*

Response DefaultHttpResponse(decodeResult: success, version: HTTP/1.1)
HTTP/1.1 200 OK
Content-Length: 88
Content-Type: application/json; charset=utf-8
cache-control: no-cache

10:13:16.412 [AsyncHttpClient-1-17] DEBUG org.asynchttpclient.netty.channel.ChannelManager - Adding key: http://localhost:39086 for channel [id: 0xc95d075d, L:/127.0.0.1:51810 - R:localhost/127.0.0.1:39086]
10:13:16.413 [Forwarding isElementDisplayed on session 0e167978e1b09af838f3e02ff3d95dbc to remote] DEBUG org.asynchttpclient.netty.request.NettyRequestSender - Using pooled Channel '[id: 0xc95d075d, L:/127.0.0.1:51810 - R:localhost/127.0.0.1:39086]' for 'POST' to 'http://localhost:39086/session/0e167978e1b09af838f3e02ff3d95dbc/execute/sync'
10:13:16.413 [Forwarding isElementDisplayed on session 0e167978e1b09af838f3e02ff3d95dbc to remote] DEBUG org.asynchttpclient.netty.request.NettyRequestSender - Using open Channel [id: 0xc95d075d, L:/127.0.0.1:51810 - R:localhost/127.0.0.1:39086] for POST '/session/0e167978e1b09af838f3e02ff3d95dbc/execute/sync'
10:13:16.423 [AsyncHttpClient-1-17] DEBUG org.asynchttpclient.netty.handler.HttpHandler - 

Request DefaultHttpRequest(decodeResult: success, version: HTTP/1.1)
POST /session/0e167978e1b09af838f3e02ff3d95dbc/execute/sync HTTP/1.1
User-Agent: selenium/4.8.1 (java windows)
Content-Length: 48807
Content-Type: application/json; charset=utf-8
host: localhost:39086
accept: */*

Response DefaultHttpResponse(decodeResult: success, version: HTTP/1.1)
HTTP/1.1 200 OK
Content-Length: 14
Content-Type: application/json; charset=utf-8
cache-control: no-cache

10:13:16.423 [AsyncHttpClient-1-17] DEBUG org.asynchttpclient.netty.channel.ChannelManager - Adding key: http://localhost:39086 for channel [id: 0xc95d075d, L:/127.0.0.1:51810 - R:localhost/127.0.0.1:39086]
10:13:16.425 [Forwarding getAlertText on session 0e167978e1b09af838f3e02ff3d95dbc to remote] DEBUG org.asynchttpclient.netty.request.NettyRequestSender - Using pooled Channel '[id: 0xc95d075d, L:/127.0.0.1:51810 - R:localhost/127.0.0.1:39086]' for 'GET' to 'http://localhost:39086/session/0e167978e1b09af838f3e02ff3d95dbc/alert/text'
10:13:16.425 [Forwarding getAlertText on session 0e167978e1b09af838f3e02ff3d95dbc to remote] DEBUG org.asynchttpclient.netty.request.NettyRequestSender - Using open Channel [id: 0xc95d075d, L:/127.0.0.1:51810 - R:localhost/127.0.0.1:39086] for GET '/session/0e167978e1b09af838f3e02ff3d95dbc/alert/text'
10:13:16.426 [AsyncHttpClient-1-17] DEBUG org.asynchttpclient.netty.handler.HttpHandler - 

Request DefaultFullHttpRequest(decodeResult: success, version: HTTP/1.1, content: EmptyByteBufBE)
GET /session/0e167978e1b09af838f3e02ff3d95dbc/alert/text HTTP/1.1
User-Agent: selenium/4.8.1 (java windows)
Cache-Control: no-cache
Content-Type: application/json; charset=utf-8
host: localhost:39086
accept: */*

Response DefaultHttpResponse(decodeResult: success, version: HTTP/1.1)
HTTP/1.1 404 Not Found
Content-Length: 836
Content-Type: application/json; charset=utf-8
cache-control: no-cache

10:13:16.426 [AsyncHttpClient-1-17] DEBUG org.asynchttpclient.netty.channel.ChannelManager - Adding key: http://localhost:39086 for channel [id: 0xc95d075d, L:/127.0.0.1:51810 - R:localhost/127.0.0.1:39086]
10:13:16.427 [Forwarding getCurrentUrl on session 0e167978e1b09af838f3e02ff3d95dbc to remote] DEBUG org.asynchttpclient.netty.request.NettyRequestSender - Using pooled Channel '[id: 0xc95d075d, L:/127.0.0.1:51810 - R:localhost/127.0.0.1:39086]' for 'GET' to 'http://localhost:39086/session/0e167978e1b09af838f3e02ff3d95dbc/url'
10:13:16.427 [Forwarding getCurrentUrl on session 0e167978e1b09af838f3e02ff3d95dbc to remote] DEBUG org.asynchttpclient.netty.request.NettyRequestSender - Using open Channel [id: 0xc95d075d, L:/127.0.0.1:51810 - R:localhost/127.0.0.1:39086] for GET '/session/0e167978e1b09af838f3e02ff3d95dbc/url'
10:13:16.429 [AsyncHttpClient-1-17] DEBUG org.asynchttpclient.netty.handler.HttpHandler - 

Request DefaultFullHttpRequest(decodeResult: success, version: HTTP/1.1, content: EmptyByteBufBE)
GET /session/0e167978e1b09af838f3e02ff3d95dbc/url HTTP/1.1
User-Agent: selenium/4.8.1 (java windows)
Cache-Control: no-cache
Content-Type: application/json; charset=utf-8
host: localhost:39086
accept: */*

Response DefaultHttpResponse(decodeResult: success, version: HTTP/1.1)
HTTP/1.1 200 OK
Content-Length: 41
Content-Type: application/json; charset=utf-8
cache-control: no-cache

10:13:16.429 [AsyncHttpClient-1-17] DEBUG org.asynchttpclient.netty.channel.ChannelManager - Adding key: http://localhost:39086 for channel [id: 0xc95d075d, L:/127.0.0.1:51810 - R:localhost/127.0.0.1:39086]
10:13:16.429 [Forwarding screenshot on session 0e167978e1b09af838f3e02ff3d95dbc to remote] DEBUG org.asynchttpclient.netty.request.NettyRequestSender - Using pooled Channel '[id: 0xc95d075d, L:/127.0.0.1:51810 - R:localhost/127.0.0.1:39086]' for 'GET' to 'http://localhost:39086/session/0e167978e1b09af838f3e02ff3d95dbc/screenshot'
10:13:16.430 [Forwarding screenshot on session 0e167978e1b09af838f3e02ff3d95dbc to remote] DEBUG org.asynchttpclient.netty.request.NettyRequestSender - Using open Channel [id: 0xc95d075d, L:/127.0.0.1:51810 - R:localhost/127.0.0.1:39086] for GET '/session/0e167978e1b09af838f3e02ff3d95dbc/screenshot'
10:13:16.510 [AsyncHttpClient-1-17] DEBUG org.asynchttpclient.netty.handler.HttpHandler - 

Request DefaultFullHttpRequest(decodeResult: success, version: HTTP/1.1, content: EmptyByteBufBE)
GET /session/0e167978e1b09af838f3e02ff3d95dbc/screenshot HTTP/1.1
User-Agent: selenium/4.8.1 (java windows)
Cache-Control: no-cache
Content-Type: application/json; charset=utf-8
host: localhost:39086
accept: */*

Response DefaultHttpResponse(decodeResult: success, version: HTTP/1.1)
HTTP/1.1 200 OK
Content-Length: 85956
Content-Type: application/json; charset=utf-8
cache-control: no-cache

10:13:16.510 [AsyncHttpClient-1-17] DEBUG org.asynchttpclient.netty.channel.ChannelManager - Adding key: http://localhost:39086 for channel [id: 0xc95d075d, L:/127.0.0.1:51810 - R:localhost/127.0.0.1:39086]
10:13:16.512 [main] DEBUG net.serenitybdd.core.photography.Darkroom - Send negative for processing for target\site\serenity\b0ef587d491f9d3a66cf127e7a10ea515e05af8eff11e3a65ed8993fff27aede.png
10:13:16.512 [main] DEBUG net.thucydides.core.steps.StepInterceptor - STEP DONE: validateAlreadyLogout
  &amp#27;[32mThen &amp#27;[0m&amp#27;[32mI should be redirected back to my alta-shop home page&amp#27;[0m &amp#27;[90m# starter.stepdefinitions.LogoutSteps.validateAlreadyLogout()&amp#27;[0m
10:13:16.515 [main] INFO  - 
  _____   ___   ___   _____     ___     _     ___   ___   ___   ___  
 |_   _| | __| / __| |_   _|   | _ \   /_\   / __| / __| | __| |   \ 
   | |   | _|  \__ \   | |     |  _/  / _ \  \__ \ \__ \ | _|  | |) |
   |_|   |___| |___/   |_|     |_|   /_/ \_\ |___/ |___/ |___| |___/ 

Clear category
----------------------------------------------------------------------
10:13:16.516 [AsyncHttpClient-1-19] DEBUG org.asynchttpclient.netty.handler.WebSocketHandler - Channel Closed: [id: 0x0ab8836d, L:/127.0.0.1:51818 ! R:localhost/127.0.0.1:51811] with attribute NettyResponseFuture{currentRetry=0,
	isDone=1,
	isCancelled=0,
	asyncHandler=org.asynchttpclient.ws.WebSocketUpgradeHandler@3ceae75d,
	nettyRequest=org.asynchttpclient.netty.request.NettyRequest@361a1969,
	future=java.util.concurrent.CompletableFuture@4089b4b1[Completed normally],
	uri=ws://localhost:51811/devtools/browser/568cdb1c-d723-4de2-8ca3-268a99daee26,
	keepAlive=true,
	redirectCount=0,
	timeoutsHolder=null,
	inAuth=0,
	touch=1683429192462}
10:13:16.516 [Driver Command Executor] DEBUG org.asynchttpclient.netty.request.NettyRequestSender - Using pooled Channel '[id: 0xc95d075d, L:/127.0.0.1:51810 - R:localhost/127.0.0.1:39086]' for 'DELETE' to 'http://localhost:39086/session/0e167978e1b09af838f3e02ff3d95dbc'
10:13:16.516 [AsyncHttpClient-1-19] DEBUG org.asynchttpclient.netty.channel.ChannelManager - Closing Channel [id: 0x0ab8836d, L:/127.0.0.1:51818 ! R:localhost/127.0.0.1:51811] 
10:13:16.516 [Driver Command Executor] DEBUG org.asynchttpclient.netty.request.NettyRequestSender - Using open Channel [id: 0xc95d075d, L:/127.0.0.1:51810 - R:localhost/127.0.0.1:39086] for DELETE '/session/0e167978e1b09af838f3e02ff3d95dbc'
10:13:16.593 [AsyncHttpClient-1-1] DEBUG org.asynchttpclient.netty.channel.DefaultChannelPool - Entry count for : http://localhost:51811 : 1
10:13:16.623 [AsyncHttpClient-1-18] DEBUG org.asynchttpclient.netty.handler.HttpHandler - Unexpected I/O exception on channel [id: 0x24c84677, L:/127.0.0.1:51817 - R:localhost/127.0.0.1:51811]
java.io.IOException: An existing connection was forcibly closed by the remote host
	at java.base/sun.nio.ch.SocketDispatcher.read0(Native Method)
	at java.base/sun.nio.ch.SocketDispatcher.read(SocketDispatcher.java:43)
	at java.base/sun.nio.ch.IOUtil.readIntoNativeBuffer(IOUtil.java:276)
	at java.base/sun.nio.ch.IOUtil.read(IOUtil.java:233)
	at java.base/sun.nio.ch.IOUtil.read(IOUtil.java:223)
	at java.base/sun.nio.ch.SocketChannelImpl.read(SocketChannelImpl.java:358)
	at io.netty.buffer.PooledByteBuf.setBytes(PooledByteBuf.java:259)
	at io.netty.buffer.AbstractByteBuf.writeBytes(AbstractByteBuf.java:1132)
	at io.netty.channel.socket.nio.NioSocketChannel.doReadBytes(NioSocketChannel.java:357)
	at io.netty.channel.nio.AbstractNioByteChannel$NioByteUnsafe.read(AbstractNioByteChannel.java:151)
	at io.netty.channel.nio.NioEventLoop.processSelectedKey(NioEventLoop.java:788)
	at io.netty.channel.nio.NioEventLoop.processSelectedKeysOptimized(NioEventLoop.java:724)
	at io.netty.channel.nio.NioEventLoop.processSelectedKeys(NioEventLoop.java:650)
	at io.netty.channel.nio.NioEventLoop.run(NioEventLoop.java:562)
	at io.netty.util.concurrent.SingleThreadEventExecutor$4.run(SingleThreadEventExecutor.java:997)
	at io.netty.util.internal.ThreadExecutorMap$2.run(ThreadExecutorMap.java:74)
	at io.netty.util.concurrent.FastThreadLocalRunnable.run(FastThreadLocalRunnable.java:30)
	at java.base/java.lang.Thread.run(Thread.java:834)
10:13:16.623 [AsyncHttpClient-1-18] DEBUG org.asynchttpclient.netty.channel.ChannelManager - Closing Channel [id: 0x24c84677, L:/127.0.0.1:51817 - R:localhost/127.0.0.1:51811] 
10:13:16.623 [AsyncHttpClient-1-18] DEBUG org.asynchttpclient.netty.handler.HttpHandler - Channel Closed: [id: 0x24c84677, L:/127.0.0.1:51817 ! R:localhost/127.0.0.1:51811] with attribute DISCARD
10:13:16.631 [AsyncHttpClient-1-17] DEBUG org.asynchttpclient.netty.handler.HttpHandler - 

Request DefaultFullHttpRequest(decodeResult: success, version: HTTP/1.1, content: EmptyByteBufBE)
DELETE /session/0e167978e1b09af838f3e02ff3d95dbc HTTP/1.1
User-Agent: selenium/4.8.1 (java windows)
Content-Type: application/json; charset=utf-8
host: localhost:39086
accept: */*

Response DefaultHttpResponse(decodeResult: success, version: HTTP/1.1)
HTTP/1.1 200 OK
Content-Length: 14
Content-Type: application/json; charset=utf-8
cache-control: no-cache

10:13:16.631 [AsyncHttpClient-1-17] DEBUG org.asynchttpclient.netty.channel.ChannelManager - Adding key: http://localhost:39086 for channel [id: 0xc95d075d, L:/127.0.0.1:51810 - R:localhost/127.0.0.1:39086]
10:13:16.663 [AsyncHttpClient-1-17] DEBUG org.asynchttpclient.netty.handler.HttpHandler - Channel Closed: [id: 0xc95d075d, L:/127.0.0.1:51810 ! R:localhost/127.0.0.1:39086] with attribute DISCARD
]]></system-out>
    <system-err><![CDATA[Starting ChromeDriver 111.0.5563.64 (c710e93d5b63b7095afe8c2c17df34408078439d-refs/branch-heads/5563@{#995}) on port 39086
Only local connections are allowed.
Please see https://chromedriver.chromium.org/security-considerations for suggestions on keeping ChromeDriver safe.
ChromeDriver was started successfully.
May 07, 2023 10:13:12 AM org.openqa.selenium.devtools.CdpVersionFinder findNearestMatch
WARNING: Unable to find an exact match for CDP version 111, so returning the closest version found: 110
]]></system-err>
  </testcase>
  <testcase name="View Transaction" classname="Transaction" time="5.962">
    <system-out><![CDATA[10:13:17.187 [main] DEBUG io.cucumber.core.plugin.SerenityReporter - Running feature from file:///D:/WebMinpro/code/minpro/src/test/resources/features/6.%20Transaction.feature
10:13:17.187 [main] DEBUG net.thucydides.core.steps.StepEventBus - Test suite started for story net.thucydides.core.model.Story@9816bb5d
10:13:17.188 [main] INFO  - Test Suite Started: Transaction

Scenario: View Transaction                                &amp#27;[90m# src/test/resources/features/6. Transaction.feature:7&amp#27;[0m
10:13:17.189 [main] DEBUG io.cucumber.core.plugin.SerenityReporter - Running feature from file:///D:/WebMinpro/code/minpro/src/test/resources/features/6.%20Transaction.feature
10:13:17.190 [main] INFO  - 
  _____   ___   ___   _____     ___   _____     _     ___   _____   ___   ___  
 |_   _| | __| / __| |_   _|   / __| |_   _|   /_\   | _ \ |_   _| | __| |   \ 
   | |   | _|  \__ \   | |     \__ \   | |    / _ \  |   /   | |   | _|  | |) |
   |_|   |___| |___/   |_|     |___/   |_|   /_/ \_\ |_|_\   |_|   |___| |___/ 

View Transaction(transaction;view-transaction)
--------------------------------------------------------------------------------
10:13:17.210 [main] DEBUG net.thucydides.core.steps.StepInterceptor - STARTING STEP: ProductSteps.onTheHomePage - openPage
10:13:17.361 [main] INFO net.serenitybdd.core.webdriver.driverproviders.ChromeDriverProvider - Starting Chrome driver instance with capabilities:
10:13:17.361 [main] INFO net.serenitybdd.core.webdriver.driverproviders.ChromeDriverProvider - Capabilities {acceptInsecureCerts: false, browserName: chrome, goog:chromeOptions: {args: [remote-allow-origins=*], extensions: []}}
10:13:17.694 [AsyncHttpClient-1-1] DEBUG org.asynchttpclient.netty.channel.DefaultChannelPool - Entry count for : http://localhost:39086 : 1
10:13:17.694 [AsyncHttpClient-1-1] DEBUG org.asynchttpclient.netty.channel.DefaultChannelPool - Entry count for : http://localhost:51811 : 1
10:13:17.694 [AsyncHttpClient-1-1] DEBUG org.asynchttpclient.netty.channel.DefaultChannelPool - Adding Candidate expired Channel [id: 0xc95d075d, L:/127.0.0.1:51810 ! R:localhost/127.0.0.1:39086] isIdleTimeoutExpired=false isRemotelyClosed=true isTtlExpired=false
10:13:17.694 [AsyncHttpClient-1-1] DEBUG org.asynchttpclient.netty.channel.DefaultChannelPool - Closing Idle Channel [id: 0xc95d075d, L:/127.0.0.1:51810 ! R:localhost/127.0.0.1:39086]
10:13:17.694 [AsyncHttpClient-1-1] DEBUG org.asynchttpclient.netty.channel.DefaultChannelPool - Adding Candidate expired Channel [id: 0x24c84677, L:/127.0.0.1:51817 ! R:localhost/127.0.0.1:51811] isIdleTimeoutExpired=false isRemotelyClosed=true isTtlExpired=false
10:13:17.694 [AsyncHttpClient-1-1] DEBUG org.asynchttpclient.netty.channel.DefaultChannelPool - Closing Idle Channel [id: 0x24c84677, L:/127.0.0.1:51817 ! R:localhost/127.0.0.1:51811]
10:13:17.694 [AsyncHttpClient-1-1] DEBUG org.asynchttpclient.netty.channel.DefaultChannelPool - Closed 2 connections out of 2 in 0 ms
10:13:17.964 [AsyncHttpClient-1-20] DEBUG org.asynchttpclient.netty.channel.NettyConnectListener - Using new Channel '[id: 0xa6324c2a, L:/127.0.0.1:51841 - R:localhost/127.0.0.1:46556]' for 'POST' to '/session'
10:13:18.562 [AsyncHttpClient-1-20] DEBUG org.asynchttpclient.netty.handler.HttpHandler - 

Request DefaultHttpRequest(decodeResult: success, version: HTTP/1.1)
POST /session HTTP/1.1
User-Agent: selenium/4.8.1 (java windows)
Content-Length: 507
Content-Type: application/json; charset=utf-8
host: localhost:46556
accept: */*

Response DefaultHttpResponse(decodeResult: success, version: HTTP/1.1)
HTTP/1.1 200 OK
Content-Length: 859
Content-Type: application/json; charset=utf-8
cache-control: no-cache

10:13:18.562 [AsyncHttpClient-1-20] DEBUG org.asynchttpclient.netty.channel.ChannelManager - Adding key: http://localhost:46556 for channel [id: 0xa6324c2a, L:/127.0.0.1:51841 - R:localhost/127.0.0.1:46556]
10:13:18.568 [AsyncHttpClient-1-21] DEBUG org.asynchttpclient.netty.channel.NettyConnectListener - Using new Channel '[id: 0xc1bf18e8, L:/127.0.0.1:51848 - R:localhost/127.0.0.1:51842]' for 'GET' to '/json/version'
10:13:18.568 [AsyncHttpClient-1-21] DEBUG org.asynchttpclient.netty.handler.HttpHandler - 

Request DefaultFullHttpRequest(decodeResult: success, version: HTTP/1.1, content: EmptyByteBufBE)
GET /json/version HTTP/1.1
User-Agent: selenium/4.8.1 (java windows)
host: localhost:51842
accept: */*

Response DefaultHttpResponse(decodeResult: success, version: HTTP/1.1)
HTTP/1.1 200 OK
Content-Security-Policy: frame-ancestors 'none'
Content-Length: 424
Content-Type: application/json; charset=UTF-8

10:13:18.568 [AsyncHttpClient-1-21] DEBUG org.asynchttpclient.netty.channel.ChannelManager - Adding key: http://localhost:51842 for channel [id: 0xc1bf18e8, L:/127.0.0.1:51848 - R:localhost/127.0.0.1:51842]
10:13:18.570 [AsyncHttpClient-1-22] DEBUG org.asynchttpclient.netty.channel.NettyConnectListener - Using new Channel '[id: 0x3c2a3307, L:/127.0.0.1:51849 - R:localhost/127.0.0.1:51842]' for 'GET' to '/devtools/browser/7c263936-9e95-4b09-996b-f7c8bb40a528'
10:13:18.570 [AsyncHttpClient-1-22] DEBUG org.asynchttpclient.netty.handler.WebSocketHandler - 

Request DefaultFullHttpRequest(decodeResult: success, version: HTTP/1.1, content: EmptyByteBufBE)
GET /devtools/browser/7c263936-9e95-4b09-996b-f7c8bb40a528 HTTP/1.1
upgrade: websocket
connection: upgrade
sec-websocket-key: qCEi5/KVRvqsF+V73uKeog==
sec-websocket-version: 13
origin: http://localhost:51842
host: localhost:51842
accept: */*
user-agent: AHC/2.1

Response DefaultHttpResponse(decodeResult: success, version: HTTP/1.1)
HTTP/1.1 101 WebSocket Protocol Handshake
Upgrade: WebSocket
Connection: Upgrade
Sec-WebSocket-Accept: f8imscarqSIfl6GS7COw/c6pLPk=

10:13:18.574 [Forwarding get on session 8555b8d238d4f1532b7df6453e3ebac0 to remote] DEBUG org.asynchttpclient.netty.request.NettyRequestSender - Using pooled Channel '[id: 0xa6324c2a, L:/127.0.0.1:51841 - R:localhost/127.0.0.1:46556]' for 'POST' to 'http://localhost:46556/session/8555b8d238d4f1532b7df6453e3ebac0/url'
10:13:18.574 [Forwarding get on session 8555b8d238d4f1532b7df6453e3ebac0 to remote] DEBUG org.asynchttpclient.netty.request.NettyRequestSender - Using open Channel [id: 0xa6324c2a, L:/127.0.0.1:51841 - R:localhost/127.0.0.1:46556] for POST '/session/8555b8d238d4f1532b7df6453e3ebac0/url'
10:13:18.799 [AsyncHttpClient-1-1] DEBUG org.asynchttpclient.netty.channel.DefaultChannelPool - Entry count for : http://localhost:51842 : 1
10:13:19.530 [AsyncHttpClient-1-20] DEBUG org.asynchttpclient.netty.handler.HttpHandler - 

Request DefaultHttpRequest(decodeResult: success, version: HTTP/1.1)
POST /session/8555b8d238d4f1532b7df6453e3ebac0/url HTTP/1.1
User-Agent: selenium/4.8.1 (java windows)
Content-Length: 74
Content-Type: application/json; charset=utf-8
host: localhost:46556
accept: */*

Response DefaultHttpResponse(decodeResult: success, version: HTTP/1.1)
HTTP/1.1 200 OK
Content-Length: 14
Content-Type: application/json; charset=utf-8
cache-control: no-cache

10:13:19.530 [AsyncHttpClient-1-20] DEBUG org.asynchttpclient.netty.channel.ChannelManager - Adding key: http://localhost:46556 for channel [id: 0xa6324c2a, L:/127.0.0.1:51841 - R:localhost/127.0.0.1:46556]
10:13:19.531 [Forwarding setTimeout on session 8555b8d238d4f1532b7df6453e3ebac0 to remote] DEBUG org.asynchttpclient.netty.request.NettyRequestSender - Using pooled Channel '[id: 0xa6324c2a, L:/127.0.0.1:51841 - R:localhost/127.0.0.1:46556]' for 'POST' to 'http://localhost:46556/session/8555b8d238d4f1532b7df6453e3ebac0/timeouts'
10:13:19.531 [Forwarding setTimeout on session 8555b8d238d4f1532b7df6453e3ebac0 to remote] DEBUG org.asynchttpclient.netty.request.NettyRequestSender - Using open Channel [id: 0xa6324c2a, L:/127.0.0.1:51841 - R:localhost/127.0.0.1:46556] for POST '/session/8555b8d238d4f1532b7df6453e3ebac0/timeouts'
10:13:19.531 [AsyncHttpClient-1-20] DEBUG org.asynchttpclient.netty.handler.HttpHandler - 

Request DefaultHttpRequest(decodeResult: success, version: HTTP/1.1)
POST /session/8555b8d238d4f1532b7df6453e3ebac0/timeouts HTTP/1.1
User-Agent: selenium/4.8.1 (java windows)
Content-Length: 22
Content-Type: application/json; charset=utf-8
host: localhost:46556
accept: */*

Response DefaultHttpResponse(decodeResult: success, version: HTTP/1.1)
HTTP/1.1 200 OK
Content-Length: 14
Content-Type: application/json; charset=utf-8
cache-control: no-cache

10:13:19.531 [AsyncHttpClient-1-20] DEBUG org.asynchttpclient.netty.channel.ChannelManager - Adding key: http://localhost:46556 for channel [id: 0xa6324c2a, L:/127.0.0.1:51841 - R:localhost/127.0.0.1:46556]
10:13:19.534 [main] DEBUG net.serenitybdd.core.photography.Darkroom - Opening darkroom
10:13:19.534 [Darkroom Processing Line] DEBUG net.serenitybdd.core.photography.DarkroomProcessingLine - Darkroom processing line starting up
10:13:19.535 [Forwarding getAlertText on session 8555b8d238d4f1532b7df6453e3ebac0 to remote] DEBUG org.asynchttpclient.netty.request.NettyRequestSender - Using pooled Channel '[id: 0xa6324c2a, L:/127.0.0.1:51841 - R:localhost/127.0.0.1:46556]' for 'GET' to 'http://localhost:46556/session/8555b8d238d4f1532b7df6453e3ebac0/alert/text'
10:13:19.535 [Forwarding getAlertText on session 8555b8d238d4f1532b7df6453e3ebac0 to remote] DEBUG org.asynchttpclient.netty.request.NettyRequestSender - Using open Channel [id: 0xa6324c2a, L:/127.0.0.1:51841 - R:localhost/127.0.0.1:46556] for GET '/session/8555b8d238d4f1532b7df6453e3ebac0/alert/text'
10:13:19.536 [AsyncHttpClient-1-20] DEBUG org.asynchttpclient.netty.handler.HttpHandler - 

Request DefaultFullHttpRequest(decodeResult: success, version: HTTP/1.1, content: EmptyByteBufBE)
GET /session/8555b8d238d4f1532b7df6453e3ebac0/alert/text HTTP/1.1
User-Agent: selenium/4.8.1 (java windows)
Cache-Control: no-cache
Content-Type: application/json; charset=utf-8
host: localhost:46556
accept: */*

Response DefaultHttpResponse(decodeResult: success, version: HTTP/1.1)
HTTP/1.1 404 Not Found
Content-Length: 836
Content-Type: application/json; charset=utf-8
cache-control: no-cache

10:13:19.536 [AsyncHttpClient-1-20] DEBUG org.asynchttpclient.netty.channel.ChannelManager - Adding key: http://localhost:46556 for channel [id: 0xa6324c2a, L:/127.0.0.1:51841 - R:localhost/127.0.0.1:46556]
10:13:19.537 [Forwarding getCurrentUrl on session 8555b8d238d4f1532b7df6453e3ebac0 to remote] DEBUG org.asynchttpclient.netty.request.NettyRequestSender - Using pooled Channel '[id: 0xa6324c2a, L:/127.0.0.1:51841 - R:localhost/127.0.0.1:46556]' for 'GET' to 'http://localhost:46556/session/8555b8d238d4f1532b7df6453e3ebac0/url'
10:13:19.537 [Forwarding getCurrentUrl on session 8555b8d238d4f1532b7df6453e3ebac0 to remote] DEBUG org.asynchttpclient.netty.request.NettyRequestSender - Using open Channel [id: 0xa6324c2a, L:/127.0.0.1:51841 - R:localhost/127.0.0.1:46556] for GET '/session/8555b8d238d4f1532b7df6453e3ebac0/url'
10:13:19.540 [AsyncHttpClient-1-20] DEBUG org.asynchttpclient.netty.handler.HttpHandler - 

Request DefaultFullHttpRequest(decodeResult: success, version: HTTP/1.1, content: EmptyByteBufBE)
GET /session/8555b8d238d4f1532b7df6453e3ebac0/url HTTP/1.1
User-Agent: selenium/4.8.1 (java windows)
Cache-Control: no-cache
Content-Type: application/json; charset=utf-8
host: localhost:46556
accept: */*

Response DefaultHttpResponse(decodeResult: success, version: HTTP/1.1)
HTTP/1.1 200 OK
Content-Length: 51
Content-Type: application/json; charset=utf-8
cache-control: no-cache

10:13:19.540 [AsyncHttpClient-1-20] DEBUG org.asynchttpclient.netty.channel.ChannelManager - Adding key: http://localhost:46556 for channel [id: 0xa6324c2a, L:/127.0.0.1:51841 - R:localhost/127.0.0.1:46556]
10:13:19.541 [Forwarding screenshot on session 8555b8d238d4f1532b7df6453e3ebac0 to remote] DEBUG org.asynchttpclient.netty.request.NettyRequestSender - Using pooled Channel '[id: 0xa6324c2a, L:/127.0.0.1:51841 - R:localhost/127.0.0.1:46556]' for 'GET' to 'http://localhost:46556/session/8555b8d238d4f1532b7df6453e3ebac0/screenshot'
10:13:19.541 [Forwarding screenshot on session 8555b8d238d4f1532b7df6453e3ebac0 to remote] DEBUG org.asynchttpclient.netty.request.NettyRequestSender - Using open Channel [id: 0xa6324c2a, L:/127.0.0.1:51841 - R:localhost/127.0.0.1:46556] for GET '/session/8555b8d238d4f1532b7df6453e3ebac0/screenshot'
10:13:19.644 [AsyncHttpClient-1-20] DEBUG org.asynchttpclient.netty.handler.HttpHandler - 

Request DefaultFullHttpRequest(decodeResult: success, version: HTTP/1.1, content: EmptyByteBufBE)
GET /session/8555b8d238d4f1532b7df6453e3ebac0/screenshot HTTP/1.1
User-Agent: selenium/4.8.1 (java windows)
Cache-Control: no-cache
Content-Type: application/json; charset=utf-8
host: localhost:46556
accept: */*

Response DefaultHttpResponse(decodeResult: success, version: HTTP/1.1)
HTTP/1.1 200 OK
Content-Length: 32748
Content-Type: application/json; charset=utf-8
cache-control: no-cache

10:13:19.644 [AsyncHttpClient-1-20] DEBUG org.asynchttpclient.netty.channel.ChannelManager - Adding key: http://localhost:46556 for channel [id: 0xa6324c2a, L:/127.0.0.1:51841 - R:localhost/127.0.0.1:46556]
10:13:19.645 [main] DEBUG net.serenitybdd.core.photography.Darkroom - Send negative for processing for target\site\serenity\838a118defe8b2c78f320792ccc0dfcdbc689f4090a216cf0baf82906188e658.png
10:13:19.646 [main] DEBUG net.thucydides.core.steps.StepInterceptor - STEP DONE: openPage
10:13:19.649 [Forwarding getPageSource on session 8555b8d238d4f1532b7df6453e3ebac0 to remote] DEBUG org.asynchttpclient.netty.request.NettyRequestSender - Using pooled Channel '[id: 0xa6324c2a, L:/127.0.0.1:51841 - R:localhost/127.0.0.1:46556]' for 'POST' to 'http://localhost:46556/session/8555b8d238d4f1532b7df6453e3ebac0/execute/sync'
10:13:19.649 [Forwarding getPageSource on session 8555b8d238d4f1532b7df6453e3ebac0 to remote] DEBUG org.asynchttpclient.netty.request.NettyRequestSender - Using open Channel [id: 0xa6324c2a, L:/127.0.0.1:51841 - R:localhost/127.0.0.1:46556] for POST '/session/8555b8d238d4f1532b7df6453e3ebac0/execute/sync'
10:13:19.653 [AsyncHttpClient-1-20] DEBUG org.asynchttpclient.netty.handler.HttpHandler - 

Request DefaultHttpRequest(decodeResult: success, version: HTTP/1.1)
POST /session/8555b8d238d4f1532b7df6453e3ebac0/execute/sync HTTP/1.1
User-Agent: selenium/4.8.1 (java windows)
Content-Length: 176
Content-Type: application/json; charset=utf-8
host: localhost:46556
accept: */*

Response DefaultHttpResponse(decodeResult: success, version: HTTP/1.1)
HTTP/1.1 200 OK
Content-Length: 21659
Content-Type: application/json; charset=utf-8
cache-control: no-cache

10:13:19.653 [AsyncHttpClient-1-20] DEBUG org.asynchttpclient.netty.channel.ChannelManager - Adding key: http://localhost:46556 for channel [id: 0xa6324c2a, L:/127.0.0.1:51841 - R:localhost/127.0.0.1:46556]
10:13:19.654 [Forwarding getCurrentUrl on session 8555b8d238d4f1532b7df6453e3ebac0 to remote] DEBUG org.asynchttpclient.netty.request.NettyRequestSender - Using pooled Channel '[id: 0xa6324c2a, L:/127.0.0.1:51841 - R:localhost/127.0.0.1:46556]' for 'GET' to 'http://localhost:46556/session/8555b8d238d4f1532b7df6453e3ebac0/url'
10:13:19.655 [Forwarding getCurrentUrl on session 8555b8d238d4f1532b7df6453e3ebac0 to remote] DEBUG org.asynchttpclient.netty.request.NettyRequestSender - Using open Channel [id: 0xa6324c2a, L:/127.0.0.1:51841 - R:localhost/127.0.0.1:46556] for GET '/session/8555b8d238d4f1532b7df6453e3ebac0/url'
10:13:19.657 [AsyncHttpClient-1-20] DEBUG org.asynchttpclient.netty.handler.HttpHandler - 

Request DefaultFullHttpRequest(decodeResult: success, version: HTTP/1.1, content: EmptyByteBufBE)
GET /session/8555b8d238d4f1532b7df6453e3ebac0/url HTTP/1.1
User-Agent: selenium/4.8.1 (java windows)
Cache-Control: no-cache
Content-Type: application/json; charset=utf-8
host: localhost:46556
accept: */*

Response DefaultHttpResponse(decodeResult: success, version: HTTP/1.1)
HTTP/1.1 200 OK
Content-Length: 51
Content-Type: application/json; charset=utf-8
cache-control: no-cache

10:13:19.657 [AsyncHttpClient-1-20] DEBUG org.asynchttpclient.netty.channel.ChannelManager - Adding key: http://localhost:46556 for channel [id: 0xa6324c2a, L:/127.0.0.1:51841 - R:localhost/127.0.0.1:46556]
10:13:19.657 [main] DEBUG net.thucydides.core.steps.StepInterceptor - STARTING STEP: ProductSteps.onTheHomePage - inputEmail
10:13:19.659 [Forwarding findElement on session 8555b8d238d4f1532b7df6453e3ebac0 to remote] DEBUG org.asynchttpclient.netty.request.NettyRequestSender - Using pooled Channel '[id: 0xa6324c2a, L:/127.0.0.1:51841 - R:localhost/127.0.0.1:46556]' for 'POST' to 'http://localhost:46556/session/8555b8d238d4f1532b7df6453e3ebac0/element'
10:13:19.659 [Forwarding findElement on session 8555b8d238d4f1532b7df6453e3ebac0 to remote] DEBUG org.asynchttpclient.netty.request.NettyRequestSender - Using open Channel [id: 0xa6324c2a, L:/127.0.0.1:51841 - R:localhost/127.0.0.1:46556] for POST '/session/8555b8d238d4f1532b7df6453e3ebac0/element'
10:13:19.667 [AsyncHttpClient-1-20] DEBUG org.asynchttpclient.netty.handler.HttpHandler - 

Request DefaultHttpRequest(decodeResult: success, version: HTTP/1.1)
POST /session/8555b8d238d4f1532b7df6453e3ebac0/element HTTP/1.1
User-Agent: selenium/4.8.1 (java windows)
Content-Length: 55
Content-Type: application/json; charset=utf-8
host: localhost:46556
accept: */*

Response DefaultHttpResponse(decodeResult: success, version: HTTP/1.1)
HTTP/1.1 200 OK
Content-Length: 88
Content-Type: application/json; charset=utf-8
cache-control: no-cache

10:13:19.667 [AsyncHttpClient-1-20] DEBUG org.asynchttpclient.netty.channel.ChannelManager - Adding key: http://localhost:46556 for channel [id: 0xa6324c2a, L:/127.0.0.1:51841 - R:localhost/127.0.0.1:46556]
10:13:19.667 [Forwarding clearElement on session 8555b8d238d4f1532b7df6453e3ebac0 to remote] DEBUG org.asynchttpclient.netty.request.NettyRequestSender - Using pooled Channel '[id: 0xa6324c2a, L:/127.0.0.1:51841 - R:localhost/127.0.0.1:46556]' for 'POST' to 'http://localhost:46556/session/8555b8d238d4f1532b7df6453e3ebac0/element/885394eb-78fe-4814-a48f-016e2a121ae1/clear'
10:13:19.667 [Forwarding clearElement on session 8555b8d238d4f1532b7df6453e3ebac0 to remote] DEBUG org.asynchttpclient.netty.request.NettyRequestSender - Using open Channel [id: 0xa6324c2a, L:/127.0.0.1:51841 - R:localhost/127.0.0.1:46556] for POST '/session/8555b8d238d4f1532b7df6453e3ebac0/element/885394eb-78fe-4814-a48f-016e2a121ae1/clear'
10:13:19.691 [AsyncHttpClient-1-20] DEBUG org.asynchttpclient.netty.handler.HttpHandler - 

Request DefaultHttpRequest(decodeResult: success, version: HTTP/1.1)
POST /session/8555b8d238d4f1532b7df6453e3ebac0/element/885394eb-78fe-4814-a48f-016e2a121ae1/clear HTTP/1.1
User-Agent: selenium/4.8.1 (java windows)
Content-Length: 50
Content-Type: application/json; charset=utf-8
host: localhost:46556
accept: */*

Response DefaultHttpResponse(decodeResult: success, version: HTTP/1.1)
HTTP/1.1 200 OK
Content-Length: 14
Content-Type: application/json; charset=utf-8
cache-control: no-cache

10:13:19.691 [AsyncHttpClient-1-20] DEBUG org.asynchttpclient.netty.channel.ChannelManager - Adding key: http://localhost:46556 for channel [id: 0xa6324c2a, L:/127.0.0.1:51841 - R:localhost/127.0.0.1:46556]
10:13:19.691 [Forwarding sendKeysToElement on session 8555b8d238d4f1532b7df6453e3ebac0 to remote] DEBUG org.asynchttpclient.netty.request.NettyRequestSender - Using pooled Channel '[id: 0xa6324c2a, L:/127.0.0.1:51841 - R:localhost/127.0.0.1:46556]' for 'POST' to 'http://localhost:46556/session/8555b8d238d4f1532b7df6453e3ebac0/element/885394eb-78fe-4814-a48f-016e2a121ae1/value'
10:13:19.692 [Forwarding sendKeysToElement on session 8555b8d238d4f1532b7df6453e3ebac0 to remote] DEBUG org.asynchttpclient.netty.request.NettyRequestSender - Using open Channel [id: 0xa6324c2a, L:/127.0.0.1:51841 - R:localhost/127.0.0.1:46556] for POST '/session/8555b8d238d4f1532b7df6453e3ebac0/element/885394eb-78fe-4814-a48f-016e2a121ae1/value'
10:13:19.770 [AsyncHttpClient-1-20] DEBUG org.asynchttpclient.netty.handler.HttpHandler - 

Request DefaultHttpRequest(decodeResult: success, version: HTTP/1.1)
POST /session/8555b8d238d4f1532b7df6453e3ebac0/element/885394eb-78fe-4814-a48f-016e2a121ae1/value HTTP/1.1
User-Agent: selenium/4.8.1 (java windows)
Content-Length: 221
Content-Type: application/json; charset=utf-8
host: localhost:46556
accept: */*

Response DefaultHttpResponse(decodeResult: success, version: HTTP/1.1)
HTTP/1.1 200 OK
Content-Length: 14
Content-Type: application/json; charset=utf-8
cache-control: no-cache

10:13:19.770 [AsyncHttpClient-1-20] DEBUG org.asynchttpclient.netty.channel.ChannelManager - Adding key: http://localhost:46556 for channel [id: 0xa6324c2a, L:/127.0.0.1:51841 - R:localhost/127.0.0.1:46556]
10:13:19.774 [Forwarding getAlertText on session 8555b8d238d4f1532b7df6453e3ebac0 to remote] DEBUG org.asynchttpclient.netty.request.NettyRequestSender - Using pooled Channel '[id: 0xa6324c2a, L:/127.0.0.1:51841 - R:localhost/127.0.0.1:46556]' for 'GET' to 'http://localhost:46556/session/8555b8d238d4f1532b7df6453e3ebac0/alert/text'
10:13:19.774 [Forwarding getAlertText on session 8555b8d238d4f1532b7df6453e3ebac0 to remote] DEBUG org.asynchttpclient.netty.request.NettyRequestSender - Using open Channel [id: 0xa6324c2a, L:/127.0.0.1:51841 - R:localhost/127.0.0.1:46556] for GET '/session/8555b8d238d4f1532b7df6453e3ebac0/alert/text'
10:13:19.775 [AsyncHttpClient-1-20] DEBUG org.asynchttpclient.netty.handler.HttpHandler - 

Request DefaultFullHttpRequest(decodeResult: success, version: HTTP/1.1, content: EmptyByteBufBE)
GET /session/8555b8d238d4f1532b7df6453e3ebac0/alert/text HTTP/1.1
User-Agent: selenium/4.8.1 (java windows)
Cache-Control: no-cache
Content-Type: application/json; charset=utf-8
host: localhost:46556
accept: */*

Response DefaultHttpResponse(decodeResult: success, version: HTTP/1.1)
HTTP/1.1 404 Not Found
Content-Length: 836
Content-Type: application/json; charset=utf-8
cache-control: no-cache

10:13:19.775 [AsyncHttpClient-1-20] DEBUG org.asynchttpclient.netty.channel.ChannelManager - Adding key: http://localhost:46556 for channel [id: 0xa6324c2a, L:/127.0.0.1:51841 - R:localhost/127.0.0.1:46556]
10:13:19.775 [Forwarding getCurrentUrl on session 8555b8d238d4f1532b7df6453e3ebac0 to remote] DEBUG org.asynchttpclient.netty.request.NettyRequestSender - Using pooled Channel '[id: 0xa6324c2a, L:/127.0.0.1:51841 - R:localhost/127.0.0.1:46556]' for 'GET' to 'http://localhost:46556/session/8555b8d238d4f1532b7df6453e3ebac0/url'
10:13:19.775 [Forwarding getCurrentUrl on session 8555b8d238d4f1532b7df6453e3ebac0 to remote] DEBUG org.asynchttpclient.netty.request.NettyRequestSender - Using open Channel [id: 0xa6324c2a, L:/127.0.0.1:51841 - R:localhost/127.0.0.1:46556] for GET '/session/8555b8d238d4f1532b7df6453e3ebac0/url'
10:13:19.777 [AsyncHttpClient-1-20] DEBUG org.asynchttpclient.netty.handler.HttpHandler - 

Request DefaultFullHttpRequest(decodeResult: success, version: HTTP/1.1, content: EmptyByteBufBE)
GET /session/8555b8d238d4f1532b7df6453e3ebac0/url HTTP/1.1
User-Agent: selenium/4.8.1 (java windows)
Cache-Control: no-cache
Content-Type: application/json; charset=utf-8
host: localhost:46556
accept: */*

Response DefaultHttpResponse(decodeResult: success, version: HTTP/1.1)
HTTP/1.1 200 OK
Content-Length: 51
Content-Type: application/json; charset=utf-8
cache-control: no-cache

10:13:19.778 [AsyncHttpClient-1-20] DEBUG org.asynchttpclient.netty.channel.ChannelManager - Adding key: http://localhost:46556 for channel [id: 0xa6324c2a, L:/127.0.0.1:51841 - R:localhost/127.0.0.1:46556]
10:13:19.778 [Forwarding screenshot on session 8555b8d238d4f1532b7df6453e3ebac0 to remote] DEBUG org.asynchttpclient.netty.request.NettyRequestSender - Using pooled Channel '[id: 0xa6324c2a, L:/127.0.0.1:51841 - R:localhost/127.0.0.1:46556]' for 'GET' to 'http://localhost:46556/session/8555b8d238d4f1532b7df6453e3ebac0/screenshot'
10:13:19.778 [Forwarding screenshot on session 8555b8d238d4f1532b7df6453e3ebac0 to remote] DEBUG org.asynchttpclient.netty.request.NettyRequestSender - Using open Channel [id: 0xa6324c2a, L:/127.0.0.1:51841 - R:localhost/127.0.0.1:46556] for GET '/session/8555b8d238d4f1532b7df6453e3ebac0/screenshot'
10:13:19.896 [AsyncHttpClient-1-20] DEBUG org.asynchttpclient.netty.handler.HttpHandler - 

Request DefaultFullHttpRequest(decodeResult: success, version: HTTP/1.1, content: EmptyByteBufBE)
GET /session/8555b8d238d4f1532b7df6453e3ebac0/screenshot HTTP/1.1
User-Agent: selenium/4.8.1 (java windows)
Cache-Control: no-cache
Content-Type: application/json; charset=utf-8
host: localhost:46556
accept: */*

Response DefaultHttpResponse(decodeResult: success, version: HTTP/1.1)
HTTP/1.1 200 OK
Content-Length: 37712
Content-Type: application/json; charset=utf-8
cache-control: no-cache

10:13:19.896 [AsyncHttpClient-1-20] DEBUG org.asynchttpclient.netty.channel.ChannelManager - Adding key: http://localhost:46556 for channel [id: 0xa6324c2a, L:/127.0.0.1:51841 - R:localhost/127.0.0.1:46556]
10:13:19.897 [AsyncHttpClient-1-1] DEBUG org.asynchttpclient.netty.channel.DefaultChannelPool - Entry count for : http://localhost:51842 : 1
10:13:19.897 [AsyncHttpClient-1-1] DEBUG org.asynchttpclient.netty.channel.DefaultChannelPool - Entry count for : http://localhost:46556 : 1
10:13:19.897 [main] DEBUG net.serenitybdd.core.photography.Darkroom - Send negative for processing for target\site\serenity\aa8fd07a62c4efa23be98977d60f58d97b7de1390387ccfd424e2257e5403869.png
10:13:19.897 [main] DEBUG net.thucydides.core.steps.StepInterceptor - STEP DONE: inputEmail
10:13:19.897 [Darkroom Processing Line] DEBUG net.serenitybdd.core.photography.DarkroomProcessingLine - Processing screenshot image in /var/screenshots/screenshot-13841439749400301726
10:13:19.897 [Darkroom Processing Line] DEBUG net.serenitybdd.core.photography.DarkroomProcessingLine - Saving screenshot to target\site\serenity\aa8fd07a62c4efa23be98977d60f58d97b7de1390387ccfd424e2257e5403869.png
10:13:19.901 [Forwarding getPageSource on session 8555b8d238d4f1532b7df6453e3ebac0 to remote] DEBUG org.asynchttpclient.netty.request.NettyRequestSender - Using pooled Channel '[id: 0xa6324c2a, L:/127.0.0.1:51841 - R:localhost/127.0.0.1:46556]' for 'POST' to 'http://localhost:46556/session/8555b8d238d4f1532b7df6453e3ebac0/execute/sync'
10:13:19.901 [Forwarding getPageSource on session 8555b8d238d4f1532b7df6453e3ebac0 to remote] DEBUG org.asynchttpclient.netty.request.NettyRequestSender - Using open Channel [id: 0xa6324c2a, L:/127.0.0.1:51841 - R:localhost/127.0.0.1:46556] for POST '/session/8555b8d238d4f1532b7df6453e3ebac0/execute/sync'
10:13:19.906 [AsyncHttpClient-1-20] DEBUG org.asynchttpclient.netty.handler.HttpHandler - 

Request DefaultHttpRequest(decodeResult: success, version: HTTP/1.1)
POST /session/8555b8d238d4f1532b7df6453e3ebac0/execute/sync HTTP/1.1
User-Agent: selenium/4.8.1 (java windows)
Content-Length: 176
Content-Type: application/json; charset=utf-8
host: localhost:46556
accept: */*

Response DefaultHttpResponse(decodeResult: success, version: HTTP/1.1)
HTTP/1.1 200 OK
Content-Length: 21780
Content-Type: application/json; charset=utf-8
cache-control: no-cache

10:13:19.906 [AsyncHttpClient-1-20] DEBUG org.asynchttpclient.netty.channel.ChannelManager - Adding key: http://localhost:46556 for channel [id: 0xa6324c2a, L:/127.0.0.1:51841 - R:localhost/127.0.0.1:46556]
10:13:19.907 [Forwarding getCurrentUrl on session 8555b8d238d4f1532b7df6453e3ebac0 to remote] DEBUG org.asynchttpclient.netty.request.NettyRequestSender - Using pooled Channel '[id: 0xa6324c2a, L:/127.0.0.1:51841 - R:localhost/127.0.0.1:46556]' for 'GET' to 'http://localhost:46556/session/8555b8d238d4f1532b7df6453e3ebac0/url'
10:13:19.907 [Forwarding getCurrentUrl on session 8555b8d238d4f1532b7df6453e3ebac0 to remote] DEBUG org.asynchttpclient.netty.request.NettyRequestSender - Using open Channel [id: 0xa6324c2a, L:/127.0.0.1:51841 - R:localhost/127.0.0.1:46556] for GET '/session/8555b8d238d4f1532b7df6453e3ebac0/url'
10:13:19.909 [AsyncHttpClient-1-20] DEBUG org.asynchttpclient.netty.handler.HttpHandler - 

Request DefaultFullHttpRequest(decodeResult: success, version: HTTP/1.1, content: EmptyByteBufBE)
GET /session/8555b8d238d4f1532b7df6453e3ebac0/url HTTP/1.1
User-Agent: selenium/4.8.1 (java windows)
Cache-Control: no-cache
Content-Type: application/json; charset=utf-8
host: localhost:46556
accept: */*

Response DefaultHttpResponse(decodeResult: success, version: HTTP/1.1)
HTTP/1.1 200 OK
Content-Length: 51
Content-Type: application/json; charset=utf-8
cache-control: no-cache

10:13:19.909 [AsyncHttpClient-1-20] DEBUG org.asynchttpclient.netty.channel.ChannelManager - Adding key: http://localhost:46556 for channel [id: 0xa6324c2a, L:/127.0.0.1:51841 - R:localhost/127.0.0.1:46556]
10:13:19.910 [main] DEBUG net.thucydides.core.steps.StepInterceptor - STARTING STEP: ProductSteps.onTheHomePage - inputPassword
10:13:19.911 [Forwarding findElement on session 8555b8d238d4f1532b7df6453e3ebac0 to remote] DEBUG org.asynchttpclient.netty.request.NettyRequestSender - Using pooled Channel '[id: 0xa6324c2a, L:/127.0.0.1:51841 - R:localhost/127.0.0.1:46556]' for 'POST' to 'http://localhost:46556/session/8555b8d238d4f1532b7df6453e3ebac0/element'
10:13:19.911 [Forwarding findElement on session 8555b8d238d4f1532b7df6453e3ebac0 to remote] DEBUG org.asynchttpclient.netty.request.NettyRequestSender - Using open Channel [id: 0xa6324c2a, L:/127.0.0.1:51841 - R:localhost/127.0.0.1:46556] for POST '/session/8555b8d238d4f1532b7df6453e3ebac0/element'
10:13:19.922 [AsyncHttpClient-1-20] DEBUG org.asynchttpclient.netty.handler.HttpHandler - 

Request DefaultHttpRequest(decodeResult: success, version: HTTP/1.1)
POST /session/8555b8d238d4f1532b7df6453e3ebac0/element HTTP/1.1
User-Agent: selenium/4.8.1 (java windows)
Content-Length: 55
Content-Type: application/json; charset=utf-8
host: localhost:46556
accept: */*

Response DefaultHttpResponse(decodeResult: success, version: HTTP/1.1)
HTTP/1.1 200 OK
Content-Length: 88
Content-Type: application/json; charset=utf-8
cache-control: no-cache

10:13:19.922 [AsyncHttpClient-1-20] DEBUG org.asynchttpclient.netty.channel.ChannelManager - Adding key: http://localhost:46556 for channel [id: 0xa6324c2a, L:/127.0.0.1:51841 - R:localhost/127.0.0.1:46556]
10:13:19.923 [Forwarding clearElement on session 8555b8d238d4f1532b7df6453e3ebac0 to remote] DEBUG org.asynchttpclient.netty.request.NettyRequestSender - Using pooled Channel '[id: 0xa6324c2a, L:/127.0.0.1:51841 - R:localhost/127.0.0.1:46556]' for 'POST' to 'http://localhost:46556/session/8555b8d238d4f1532b7df6453e3ebac0/element/7ed74b5f-22b2-4426-a34e-31cd46a7f818/clear'
10:13:19.923 [Forwarding clearElement on session 8555b8d238d4f1532b7df6453e3ebac0 to remote] DEBUG org.asynchttpclient.netty.request.NettyRequestSender - Using open Channel [id: 0xa6324c2a, L:/127.0.0.1:51841 - R:localhost/127.0.0.1:46556] for POST '/session/8555b8d238d4f1532b7df6453e3ebac0/element/7ed74b5f-22b2-4426-a34e-31cd46a7f818/clear'
10:13:19.952 [AsyncHttpClient-1-20] DEBUG org.asynchttpclient.netty.handler.HttpHandler - 

Request DefaultHttpRequest(decodeResult: success, version: HTTP/1.1)
POST /session/8555b8d238d4f1532b7df6453e3ebac0/element/7ed74b5f-22b2-4426-a34e-31cd46a7f818/clear HTTP/1.1
User-Agent: selenium/4.8.1 (java windows)
Content-Length: 50
Content-Type: application/json; charset=utf-8
host: localhost:46556
accept: */*

Response DefaultHttpResponse(decodeResult: success, version: HTTP/1.1)
HTTP/1.1 200 OK
Content-Length: 14
Content-Type: application/json; charset=utf-8
cache-control: no-cache

10:13:19.952 [AsyncHttpClient-1-20] DEBUG org.asynchttpclient.netty.channel.ChannelManager - Adding key: http://localhost:46556 for channel [id: 0xa6324c2a, L:/127.0.0.1:51841 - R:localhost/127.0.0.1:46556]
10:13:19.953 [Forwarding sendKeysToElement on session 8555b8d238d4f1532b7df6453e3ebac0 to remote] DEBUG org.asynchttpclient.netty.request.NettyRequestSender - Using pooled Channel '[id: 0xa6324c2a, L:/127.0.0.1:51841 - R:localhost/127.0.0.1:46556]' for 'POST' to 'http://localhost:46556/session/8555b8d238d4f1532b7df6453e3ebac0/element/7ed74b5f-22b2-4426-a34e-31cd46a7f818/value'
10:13:19.953 [Forwarding sendKeysToElement on session 8555b8d238d4f1532b7df6453e3ebac0 to remote] DEBUG org.asynchttpclient.netty.request.NettyRequestSender - Using open Channel [id: 0xa6324c2a, L:/127.0.0.1:51841 - R:localhost/127.0.0.1:46556] for POST '/session/8555b8d238d4f1532b7df6453e3ebac0/element/7ed74b5f-22b2-4426-a34e-31cd46a7f818/value'
10:13:20.014 [AsyncHttpClient-1-20] DEBUG org.asynchttpclient.netty.handler.HttpHandler - 

Request DefaultHttpRequest(decodeResult: success, version: HTTP/1.1)
POST /session/8555b8d238d4f1532b7df6453e3ebac0/element/7ed74b5f-22b2-4426-a34e-31cd46a7f818/value HTTP/1.1
User-Agent: selenium/4.8.1 (java windows)
Content-Length: 151
Content-Type: application/json; charset=utf-8
host: localhost:46556
accept: */*

Response DefaultHttpResponse(decodeResult: success, version: HTTP/1.1)
HTTP/1.1 200 OK
Content-Length: 14
Content-Type: application/json; charset=utf-8
cache-control: no-cache

10:13:20.014 [AsyncHttpClient-1-20] DEBUG org.asynchttpclient.netty.channel.ChannelManager - Adding key: http://localhost:46556 for channel [id: 0xa6324c2a, L:/127.0.0.1:51841 - R:localhost/127.0.0.1:46556]
10:13:20.021 [Forwarding getAlertText on session 8555b8d238d4f1532b7df6453e3ebac0 to remote] DEBUG org.asynchttpclient.netty.request.NettyRequestSender - Using pooled Channel '[id: 0xa6324c2a, L:/127.0.0.1:51841 - R:localhost/127.0.0.1:46556]' for 'GET' to 'http://localhost:46556/session/8555b8d238d4f1532b7df6453e3ebac0/alert/text'
10:13:20.021 [Forwarding getAlertText on session 8555b8d238d4f1532b7df6453e3ebac0 to remote] DEBUG org.asynchttpclient.netty.request.NettyRequestSender - Using open Channel [id: 0xa6324c2a, L:/127.0.0.1:51841 - R:localhost/127.0.0.1:46556] for GET '/session/8555b8d238d4f1532b7df6453e3ebac0/alert/text'
10:13:20.023 [AsyncHttpClient-1-20] DEBUG org.asynchttpclient.netty.handler.HttpHandler - 

Request DefaultFullHttpRequest(decodeResult: success, version: HTTP/1.1, content: EmptyByteBufBE)
GET /session/8555b8d238d4f1532b7df6453e3ebac0/alert/text HTTP/1.1
User-Agent: selenium/4.8.1 (java windows)
Cache-Control: no-cache
Content-Type: application/json; charset=utf-8
host: localhost:46556
accept: */*

Response DefaultHttpResponse(decodeResult: success, version: HTTP/1.1)
HTTP/1.1 404 Not Found
Content-Length: 836
Content-Type: application/json; charset=utf-8
cache-control: no-cache

10:13:20.023 [AsyncHttpClient-1-20] DEBUG org.asynchttpclient.netty.channel.ChannelManager - Adding key: http://localhost:46556 for channel [id: 0xa6324c2a, L:/127.0.0.1:51841 - R:localhost/127.0.0.1:46556]
10:13:20.023 [Forwarding getCurrentUrl on session 8555b8d238d4f1532b7df6453e3ebac0 to remote] DEBUG org.asynchttpclient.netty.request.NettyRequestSender - Using pooled Channel '[id: 0xa6324c2a, L:/127.0.0.1:51841 - R:localhost/127.0.0.1:46556]' for 'GET' to 'http://localhost:46556/session/8555b8d238d4f1532b7df6453e3ebac0/url'
10:13:20.023 [Forwarding getCurrentUrl on session 8555b8d238d4f1532b7df6453e3ebac0 to remote] DEBUG org.asynchttpclient.netty.request.NettyRequestSender - Using open Channel [id: 0xa6324c2a, L:/127.0.0.1:51841 - R:localhost/127.0.0.1:46556] for GET '/session/8555b8d238d4f1532b7df6453e3ebac0/url'
10:13:20.026 [AsyncHttpClient-1-20] DEBUG org.asynchttpclient.netty.handler.HttpHandler - 

Request DefaultFullHttpRequest(decodeResult: success, version: HTTP/1.1, content: EmptyByteBufBE)
GET /session/8555b8d238d4f1532b7df6453e3ebac0/url HTTP/1.1
User-Agent: selenium/4.8.1 (java windows)
Cache-Control: no-cache
Content-Type: application/json; charset=utf-8
host: localhost:46556
accept: */*

Response DefaultHttpResponse(decodeResult: success, version: HTTP/1.1)
HTTP/1.1 200 OK
Content-Length: 51
Content-Type: application/json; charset=utf-8
cache-control: no-cache

10:13:20.026 [AsyncHttpClient-1-20] DEBUG org.asynchttpclient.netty.channel.ChannelManager - Adding key: http://localhost:46556 for channel [id: 0xa6324c2a, L:/127.0.0.1:51841 - R:localhost/127.0.0.1:46556]
10:13:20.026 [Forwarding screenshot on session 8555b8d238d4f1532b7df6453e3ebac0 to remote] DEBUG org.asynchttpclient.netty.request.NettyRequestSender - Using pooled Channel '[id: 0xa6324c2a, L:/127.0.0.1:51841 - R:localhost/127.0.0.1:46556]' for 'GET' to 'http://localhost:46556/session/8555b8d238d4f1532b7df6453e3ebac0/screenshot'
10:13:20.026 [Forwarding screenshot on session 8555b8d238d4f1532b7df6453e3ebac0 to remote] DEBUG org.asynchttpclient.netty.request.NettyRequestSender - Using open Channel [id: 0xa6324c2a, L:/127.0.0.1:51841 - R:localhost/127.0.0.1:46556] for GET '/session/8555b8d238d4f1532b7df6453e3ebac0/screenshot'
10:13:20.136 [AsyncHttpClient-1-20] DEBUG org.asynchttpclient.netty.handler.HttpHandler - 

Request DefaultFullHttpRequest(decodeResult: success, version: HTTP/1.1, content: EmptyByteBufBE)
GET /session/8555b8d238d4f1532b7df6453e3ebac0/screenshot HTTP/1.1
User-Agent: selenium/4.8.1 (java windows)
Cache-Control: no-cache
Content-Type: application/json; charset=utf-8
host: localhost:46556
accept: */*

Response DefaultHttpResponse(decodeResult: success, version: HTTP/1.1)
HTTP/1.1 200 OK
Content-Length: 39668
Content-Type: application/json; charset=utf-8
cache-control: no-cache

10:13:20.136 [AsyncHttpClient-1-20] DEBUG org.asynchttpclient.netty.channel.ChannelManager - Adding key: http://localhost:46556 for channel [id: 0xa6324c2a, L:/127.0.0.1:51841 - R:localhost/127.0.0.1:46556]
10:13:20.137 [main] DEBUG net.serenitybdd.core.photography.Darkroom - Send negative for processing for target\site\serenity\3fc2dfb74a513b66908eccd9540b5b27b31958352b5ba16bae74bf3b8812f0d3.png
10:13:20.137 [main] DEBUG net.thucydides.core.steps.StepInterceptor - STEP DONE: inputPassword
10:13:20.137 [Darkroom Processing Line] DEBUG net.serenitybdd.core.photography.DarkroomProcessingLine - Processing screenshot image in /var/screenshots/screenshot-3808239730896389648
10:13:20.137 [Darkroom Processing Line] DEBUG net.serenitybdd.core.photography.DarkroomProcessingLine - Saving screenshot to target\site\serenity\3fc2dfb74a513b66908eccd9540b5b27b31958352b5ba16bae74bf3b8812f0d3.png
10:13:20.144 [Forwarding getPageSource on session 8555b8d238d4f1532b7df6453e3ebac0 to remote] DEBUG org.asynchttpclient.netty.request.NettyRequestSender - Using pooled Channel '[id: 0xa6324c2a, L:/127.0.0.1:51841 - R:localhost/127.0.0.1:46556]' for 'POST' to 'http://localhost:46556/session/8555b8d238d4f1532b7df6453e3ebac0/execute/sync'
10:13:20.144 [Forwarding getPageSource on session 8555b8d238d4f1532b7df6453e3ebac0 to remote] DEBUG org.asynchttpclient.netty.request.NettyRequestSender - Using open Channel [id: 0xa6324c2a, L:/127.0.0.1:51841 - R:localhost/127.0.0.1:46556] for POST '/session/8555b8d238d4f1532b7df6453e3ebac0/execute/sync'
10:13:20.149 [AsyncHttpClient-1-20] DEBUG org.asynchttpclient.netty.handler.HttpHandler - 

Request DefaultHttpRequest(decodeResult: success, version: HTTP/1.1)
POST /session/8555b8d238d4f1532b7df6453e3ebac0/execute/sync HTTP/1.1
User-Agent: selenium/4.8.1 (java windows)
Content-Length: 176
Content-Type: application/json; charset=utf-8
host: localhost:46556
accept: */*

Response DefaultHttpResponse(decodeResult: success, version: HTTP/1.1)
HTTP/1.1 200 OK
Content-Length: 21839
Content-Type: application/json; charset=utf-8
cache-control: no-cache

10:13:20.149 [AsyncHttpClient-1-20] DEBUG org.asynchttpclient.netty.channel.ChannelManager - Adding key: http://localhost:46556 for channel [id: 0xa6324c2a, L:/127.0.0.1:51841 - R:localhost/127.0.0.1:46556]
10:13:20.150 [Forwarding getCurrentUrl on session 8555b8d238d4f1532b7df6453e3ebac0 to remote] DEBUG org.asynchttpclient.netty.request.NettyRequestSender - Using pooled Channel '[id: 0xa6324c2a, L:/127.0.0.1:51841 - R:localhost/127.0.0.1:46556]' for 'GET' to 'http://localhost:46556/session/8555b8d238d4f1532b7df6453e3ebac0/url'
10:13:20.150 [Forwarding getCurrentUrl on session 8555b8d238d4f1532b7df6453e3ebac0 to remote] DEBUG org.asynchttpclient.netty.request.NettyRequestSender - Using open Channel [id: 0xa6324c2a, L:/127.0.0.1:51841 - R:localhost/127.0.0.1:46556] for GET '/session/8555b8d238d4f1532b7df6453e3ebac0/url'
10:13:20.152 [AsyncHttpClient-1-20] DEBUG org.asynchttpclient.netty.handler.HttpHandler - 

Request DefaultFullHttpRequest(decodeResult: success, version: HTTP/1.1, content: EmptyByteBufBE)
GET /session/8555b8d238d4f1532b7df6453e3ebac0/url HTTP/1.1
User-Agent: selenium/4.8.1 (java windows)
Cache-Control: no-cache
Content-Type: application/json; charset=utf-8
host: localhost:46556
accept: */*

Response DefaultHttpResponse(decodeResult: success, version: HTTP/1.1)
HTTP/1.1 200 OK
Content-Length: 51
Content-Type: application/json; charset=utf-8
cache-control: no-cache

10:13:20.153 [AsyncHttpClient-1-20] DEBUG org.asynchttpclient.netty.channel.ChannelManager - Adding key: http://localhost:46556 for channel [id: 0xa6324c2a, L:/127.0.0.1:51841 - R:localhost/127.0.0.1:46556]
10:13:20.153 [main] DEBUG net.thucydides.core.steps.StepInterceptor - STARTING STEP: ProductSteps.onTheHomePage - clickLoginButton
10:13:20.156 [Forwarding findElement on session 8555b8d238d4f1532b7df6453e3ebac0 to remote] DEBUG org.asynchttpclient.netty.request.NettyRequestSender - Using pooled Channel '[id: 0xa6324c2a, L:/127.0.0.1:51841 - R:localhost/127.0.0.1:46556]' for 'POST' to 'http://localhost:46556/session/8555b8d238d4f1532b7df6453e3ebac0/element'
10:13:20.156 [Forwarding findElement on session 8555b8d238d4f1532b7df6453e3ebac0 to remote] DEBUG org.asynchttpclient.netty.request.NettyRequestSender - Using open Channel [id: 0xa6324c2a, L:/127.0.0.1:51841 - R:localhost/127.0.0.1:46556] for POST '/session/8555b8d238d4f1532b7df6453e3ebac0/element'
10:13:20.165 [AsyncHttpClient-1-20] DEBUG org.asynchttpclient.netty.handler.HttpHandler - 

Request DefaultHttpRequest(decodeResult: success, version: HTTP/1.1)
POST /session/8555b8d238d4f1532b7df6453e3ebac0/element HTTP/1.1
User-Agent: selenium/4.8.1 (java windows)
Content-Length: 71
Content-Type: application/json; charset=utf-8
host: localhost:46556
accept: */*

Response DefaultHttpResponse(decodeResult: success, version: HTTP/1.1)
HTTP/1.1 200 OK
Content-Length: 88
Content-Type: application/json; charset=utf-8
cache-control: no-cache

10:13:20.165 [AsyncHttpClient-1-20] DEBUG org.asynchttpclient.netty.channel.ChannelManager - Adding key: http://localhost:46556 for channel [id: 0xa6324c2a, L:/127.0.0.1:51841 - R:localhost/127.0.0.1:46556]
10:13:20.166 [Forwarding getElementTagName on session 8555b8d238d4f1532b7df6453e3ebac0 to remote] DEBUG org.asynchttpclient.netty.request.NettyRequestSender - Using pooled Channel '[id: 0xa6324c2a, L:/127.0.0.1:51841 - R:localhost/127.0.0.1:46556]' for 'GET' to 'http://localhost:46556/session/8555b8d238d4f1532b7df6453e3ebac0/element/ca5de2e0-6279-4901-b131-371bb08c38d4/name'
10:13:20.166 [Forwarding getElementTagName on session 8555b8d238d4f1532b7df6453e3ebac0 to remote] DEBUG org.asynchttpclient.netty.request.NettyRequestSender - Using open Channel [id: 0xa6324c2a, L:/127.0.0.1:51841 - R:localhost/127.0.0.1:46556] for GET '/session/8555b8d238d4f1532b7df6453e3ebac0/element/ca5de2e0-6279-4901-b131-371bb08c38d4/name'
10:13:20.170 [AsyncHttpClient-1-20] DEBUG org.asynchttpclient.netty.handler.HttpHandler - 

Request DefaultFullHttpRequest(decodeResult: success, version: HTTP/1.1, content: EmptyByteBufBE)
GET /session/8555b8d238d4f1532b7df6453e3ebac0/element/ca5de2e0-6279-4901-b131-371bb08c38d4/name HTTP/1.1
User-Agent: selenium/4.8.1 (java windows)
Cache-Control: no-cache
Content-Type: application/json; charset=utf-8
host: localhost:46556
accept: */*

Response DefaultHttpResponse(decodeResult: success, version: HTTP/1.1)
HTTP/1.1 200 OK
Content-Length: 18
Content-Type: application/json; charset=utf-8
cache-control: no-cache

10:13:20.170 [AsyncHttpClient-1-20] DEBUG org.asynchttpclient.netty.channel.ChannelManager - Adding key: http://localhost:46556 for channel [id: 0xa6324c2a, L:/127.0.0.1:51841 - R:localhost/127.0.0.1:46556]
10:13:20.171 [Forwarding getElementTagName on session 8555b8d238d4f1532b7df6453e3ebac0 to remote] DEBUG org.asynchttpclient.netty.request.NettyRequestSender - Using pooled Channel '[id: 0xa6324c2a, L:/127.0.0.1:51841 - R:localhost/127.0.0.1:46556]' for 'GET' to 'http://localhost:46556/session/8555b8d238d4f1532b7df6453e3ebac0/element/ca5de2e0-6279-4901-b131-371bb08c38d4/name'
10:13:20.171 [Forwarding getElementTagName on session 8555b8d238d4f1532b7df6453e3ebac0 to remote] DEBUG org.asynchttpclient.netty.request.NettyRequestSender - Using open Channel [id: 0xa6324c2a, L:/127.0.0.1:51841 - R:localhost/127.0.0.1:46556] for GET '/session/8555b8d238d4f1532b7df6453e3ebac0/element/ca5de2e0-6279-4901-b131-371bb08c38d4/name'
10:13:20.174 [AsyncHttpClient-1-20] DEBUG org.asynchttpclient.netty.handler.HttpHandler - 

Request DefaultFullHttpRequest(decodeResult: success, version: HTTP/1.1, content: EmptyByteBufBE)
GET /session/8555b8d238d4f1532b7df6453e3ebac0/element/ca5de2e0-6279-4901-b131-371bb08c38d4/name HTTP/1.1
User-Agent: selenium/4.8.1 (java windows)
Cache-Control: no-cache
Content-Type: application/json; charset=utf-8
host: localhost:46556
accept: */*

Response DefaultHttpResponse(decodeResult: success, version: HTTP/1.1)
HTTP/1.1 200 OK
Content-Length: 18
Content-Type: application/json; charset=utf-8
cache-control: no-cache

10:13:20.174 [AsyncHttpClient-1-20] DEBUG org.asynchttpclient.netty.channel.ChannelManager - Adding key: http://localhost:46556 for channel [id: 0xa6324c2a, L:/127.0.0.1:51841 - R:localhost/127.0.0.1:46556]
10:13:20.175 [Forwarding isElementEnabled on session 8555b8d238d4f1532b7df6453e3ebac0 to remote] DEBUG org.asynchttpclient.netty.request.NettyRequestSender - Using pooled Channel '[id: 0xa6324c2a, L:/127.0.0.1:51841 - R:localhost/127.0.0.1:46556]' for 'GET' to 'http://localhost:46556/session/8555b8d238d4f1532b7df6453e3ebac0/element/ca5de2e0-6279-4901-b131-371bb08c38d4/enabled'
10:13:20.175 [Forwarding isElementEnabled on session 8555b8d238d4f1532b7df6453e3ebac0 to remote] DEBUG org.asynchttpclient.netty.request.NettyRequestSender - Using open Channel [id: 0xa6324c2a, L:/127.0.0.1:51841 - R:localhost/127.0.0.1:46556] for GET '/session/8555b8d238d4f1532b7df6453e3ebac0/element/ca5de2e0-6279-4901-b131-371bb08c38d4/enabled'
10:13:20.183 [AsyncHttpClient-1-20] DEBUG org.asynchttpclient.netty.handler.HttpHandler - 

Request DefaultFullHttpRequest(decodeResult: success, version: HTTP/1.1, content: EmptyByteBufBE)
GET /session/8555b8d238d4f1532b7df6453e3ebac0/element/ca5de2e0-6279-4901-b131-371bb08c38d4/enabled HTTP/1.1
User-Agent: selenium/4.8.1 (java windows)
Cache-Control: no-cache
Content-Type: application/json; charset=utf-8
host: localhost:46556
accept: */*

Response DefaultHttpResponse(decodeResult: success, version: HTTP/1.1)
HTTP/1.1 200 OK
Content-Length: 14
Content-Type: application/json; charset=utf-8
cache-control: no-cache

10:13:20.183 [AsyncHttpClient-1-20] DEBUG org.asynchttpclient.netty.channel.ChannelManager - Adding key: http://localhost:46556 for channel [id: 0xa6324c2a, L:/127.0.0.1:51841 - R:localhost/127.0.0.1:46556]
10:13:20.183 [Forwarding isElementEnabled on session 8555b8d238d4f1532b7df6453e3ebac0 to remote] DEBUG org.asynchttpclient.netty.request.NettyRequestSender - Using pooled Channel '[id: 0xa6324c2a, L:/127.0.0.1:51841 - R:localhost/127.0.0.1:46556]' for 'GET' to 'http://localhost:46556/session/8555b8d238d4f1532b7df6453e3ebac0/element/ca5de2e0-6279-4901-b131-371bb08c38d4/enabled'
10:13:20.183 [Forwarding isElementEnabled on session 8555b8d238d4f1532b7df6453e3ebac0 to remote] DEBUG org.asynchttpclient.netty.request.NettyRequestSender - Using open Channel [id: 0xa6324c2a, L:/127.0.0.1:51841 - R:localhost/127.0.0.1:46556] for GET '/session/8555b8d238d4f1532b7df6453e3ebac0/element/ca5de2e0-6279-4901-b131-371bb08c38d4/enabled'
10:13:20.189 [AsyncHttpClient-1-20] DEBUG org.asynchttpclient.netty.handler.HttpHandler - 

Request DefaultFullHttpRequest(decodeResult: success, version: HTTP/1.1, content: EmptyByteBufBE)
GET /session/8555b8d238d4f1532b7df6453e3ebac0/element/ca5de2e0-6279-4901-b131-371bb08c38d4/enabled HTTP/1.1
User-Agent: selenium/4.8.1 (java windows)
Cache-Control: no-cache
Content-Type: application/json; charset=utf-8
host: localhost:46556
accept: */*

Response DefaultHttpResponse(decodeResult: success, version: HTTP/1.1)
HTTP/1.1 200 OK
Content-Length: 14
Content-Type: application/json; charset=utf-8
cache-control: no-cache

10:13:20.189 [AsyncHttpClient-1-20] DEBUG org.asynchttpclient.netty.channel.ChannelManager - Adding key: http://localhost:46556 for channel [id: 0xa6324c2a, L:/127.0.0.1:51841 - R:localhost/127.0.0.1:46556]
10:13:20.190 [Forwarding findElement on session 8555b8d238d4f1532b7df6453e3ebac0 to remote] DEBUG org.asynchttpclient.netty.request.NettyRequestSender - Using pooled Channel '[id: 0xa6324c2a, L:/127.0.0.1:51841 - R:localhost/127.0.0.1:46556]' for 'POST' to 'http://localhost:46556/session/8555b8d238d4f1532b7df6453e3ebac0/element'
10:13:20.190 [Forwarding findElement on session 8555b8d238d4f1532b7df6453e3ebac0 to remote] DEBUG org.asynchttpclient.netty.request.NettyRequestSender - Using open Channel [id: 0xa6324c2a, L:/127.0.0.1:51841 - R:localhost/127.0.0.1:46556] for POST '/session/8555b8d238d4f1532b7df6453e3ebac0/element'
10:13:20.195 [AsyncHttpClient-1-20] DEBUG org.asynchttpclient.netty.handler.HttpHandler - 

Request DefaultHttpRequest(decodeResult: success, version: HTTP/1.1)
POST /session/8555b8d238d4f1532b7df6453e3ebac0/element HTTP/1.1
User-Agent: selenium/4.8.1 (java windows)
Content-Length: 71
Content-Type: application/json; charset=utf-8
host: localhost:46556
accept: */*

Response DefaultHttpResponse(decodeResult: success, version: HTTP/1.1)
HTTP/1.1 200 OK
Content-Length: 88
Content-Type: application/json; charset=utf-8
cache-control: no-cache

10:13:20.195 [AsyncHttpClient-1-20] DEBUG org.asynchttpclient.netty.channel.ChannelManager - Adding key: http://localhost:46556 for channel [id: 0xa6324c2a, L:/127.0.0.1:51841 - R:localhost/127.0.0.1:46556]
10:13:20.195 [Forwarding clickElement on session 8555b8d238d4f1532b7df6453e3ebac0 to remote] DEBUG org.asynchttpclient.netty.request.NettyRequestSender - Using pooled Channel '[id: 0xa6324c2a, L:/127.0.0.1:51841 - R:localhost/127.0.0.1:46556]' for 'POST' to 'http://localhost:46556/session/8555b8d238d4f1532b7df6453e3ebac0/element/ca5de2e0-6279-4901-b131-371bb08c38d4/click'
10:13:20.195 [Forwarding clickElement on session 8555b8d238d4f1532b7df6453e3ebac0 to remote] DEBUG org.asynchttpclient.netty.request.NettyRequestSender - Using open Channel [id: 0xa6324c2a, L:/127.0.0.1:51841 - R:localhost/127.0.0.1:46556] for POST '/session/8555b8d238d4f1532b7df6453e3ebac0/element/ca5de2e0-6279-4901-b131-371bb08c38d4/click'
10:13:20.240 [AsyncHttpClient-1-20] DEBUG org.asynchttpclient.netty.handler.HttpHandler - 

Request DefaultHttpRequest(decodeResult: success, version: HTTP/1.1)
POST /session/8555b8d238d4f1532b7df6453e3ebac0/element/ca5de2e0-6279-4901-b131-371bb08c38d4/click HTTP/1.1
User-Agent: selenium/4.8.1 (java windows)
Content-Length: 50
Content-Type: application/json; charset=utf-8
host: localhost:46556
accept: */*

Response DefaultHttpResponse(decodeResult: success, version: HTTP/1.1)
HTTP/1.1 200 OK
Content-Length: 14
Content-Type: application/json; charset=utf-8
cache-control: no-cache

10:13:20.240 [AsyncHttpClient-1-20] DEBUG org.asynchttpclient.netty.channel.ChannelManager - Adding key: http://localhost:46556 for channel [id: 0xa6324c2a, L:/127.0.0.1:51841 - R:localhost/127.0.0.1:46556]
10:13:20.246 [Forwarding getAlertText on session 8555b8d238d4f1532b7df6453e3ebac0 to remote] DEBUG org.asynchttpclient.netty.request.NettyRequestSender - Using pooled Channel '[id: 0xa6324c2a, L:/127.0.0.1:51841 - R:localhost/127.0.0.1:46556]' for 'GET' to 'http://localhost:46556/session/8555b8d238d4f1532b7df6453e3ebac0/alert/text'
10:13:20.246 [Forwarding getAlertText on session 8555b8d238d4f1532b7df6453e3ebac0 to remote] DEBUG org.asynchttpclient.netty.request.NettyRequestSender - Using open Channel [id: 0xa6324c2a, L:/127.0.0.1:51841 - R:localhost/127.0.0.1:46556] for GET '/session/8555b8d238d4f1532b7df6453e3ebac0/alert/text'
10:13:20.248 [AsyncHttpClient-1-20] DEBUG org.asynchttpclient.netty.handler.HttpHandler - 

Request DefaultFullHttpRequest(decodeResult: success, version: HTTP/1.1, content: EmptyByteBufBE)
GET /session/8555b8d238d4f1532b7df6453e3ebac0/alert/text HTTP/1.1
User-Agent: selenium/4.8.1 (java windows)
Cache-Control: no-cache
Content-Type: application/json; charset=utf-8
host: localhost:46556
accept: */*

Response DefaultHttpResponse(decodeResult: success, version: HTTP/1.1)
HTTP/1.1 404 Not Found
Content-Length: 836
Content-Type: application/json; charset=utf-8
cache-control: no-cache

10:13:20.248 [AsyncHttpClient-1-20] DEBUG org.asynchttpclient.netty.channel.ChannelManager - Adding key: http://localhost:46556 for channel [id: 0xa6324c2a, L:/127.0.0.1:51841 - R:localhost/127.0.0.1:46556]
10:13:20.249 [Forwarding getCurrentUrl on session 8555b8d238d4f1532b7df6453e3ebac0 to remote] DEBUG org.asynchttpclient.netty.request.NettyRequestSender - Using pooled Channel '[id: 0xa6324c2a, L:/127.0.0.1:51841 - R:localhost/127.0.0.1:46556]' for 'GET' to 'http://localhost:46556/session/8555b8d238d4f1532b7df6453e3ebac0/url'
10:13:20.249 [Forwarding getCurrentUrl on session 8555b8d238d4f1532b7df6453e3ebac0 to remote] DEBUG org.asynchttpclient.netty.request.NettyRequestSender - Using open Channel [id: 0xa6324c2a, L:/127.0.0.1:51841 - R:localhost/127.0.0.1:46556] for GET '/session/8555b8d238d4f1532b7df6453e3ebac0/url'
10:13:20.251 [AsyncHttpClient-1-20] DEBUG org.asynchttpclient.netty.handler.HttpHandler - 

Request DefaultFullHttpRequest(decodeResult: success, version: HTTP/1.1, content: EmptyByteBufBE)
GET /session/8555b8d238d4f1532b7df6453e3ebac0/url HTTP/1.1
User-Agent: selenium/4.8.1 (java windows)
Cache-Control: no-cache
Content-Type: application/json; charset=utf-8
host: localhost:46556
accept: */*

Response DefaultHttpResponse(decodeResult: success, version: HTTP/1.1)
HTTP/1.1 200 OK
Content-Length: 51
Content-Type: application/json; charset=utf-8
cache-control: no-cache

10:13:20.251 [AsyncHttpClient-1-20] DEBUG org.asynchttpclient.netty.channel.ChannelManager - Adding key: http://localhost:46556 for channel [id: 0xa6324c2a, L:/127.0.0.1:51841 - R:localhost/127.0.0.1:46556]
10:13:20.252 [Forwarding screenshot on session 8555b8d238d4f1532b7df6453e3ebac0 to remote] DEBUG org.asynchttpclient.netty.request.NettyRequestSender - Using pooled Channel '[id: 0xa6324c2a, L:/127.0.0.1:51841 - R:localhost/127.0.0.1:46556]' for 'GET' to 'http://localhost:46556/session/8555b8d238d4f1532b7df6453e3ebac0/screenshot'
10:13:20.252 [Forwarding screenshot on session 8555b8d238d4f1532b7df6453e3ebac0 to remote] DEBUG org.asynchttpclient.netty.request.NettyRequestSender - Using open Channel [id: 0xa6324c2a, L:/127.0.0.1:51841 - R:localhost/127.0.0.1:46556] for GET '/session/8555b8d238d4f1532b7df6453e3ebac0/screenshot'
10:13:20.383 [AsyncHttpClient-1-20] DEBUG org.asynchttpclient.netty.handler.HttpHandler - 

Request DefaultFullHttpRequest(decodeResult: success, version: HTTP/1.1, content: EmptyByteBufBE)
GET /session/8555b8d238d4f1532b7df6453e3ebac0/screenshot HTTP/1.1
User-Agent: selenium/4.8.1 (java windows)
Cache-Control: no-cache
Content-Type: application/json; charset=utf-8
host: localhost:46556
accept: */*

Response DefaultHttpResponse(decodeResult: success, version: HTTP/1.1)
HTTP/1.1 200 OK
Content-Length: 39300
Content-Type: application/json; charset=utf-8
cache-control: no-cache

10:13:20.383 [AsyncHttpClient-1-20] DEBUG org.asynchttpclient.netty.channel.ChannelManager - Adding key: http://localhost:46556 for channel [id: 0xa6324c2a, L:/127.0.0.1:51841 - R:localhost/127.0.0.1:46556]
10:13:20.384 [main] DEBUG net.serenitybdd.core.photography.Darkroom - Send negative for processing for target\site\serenity\9ebaa90ea6fe80027bacbcc4aed5ee474a7b1033a146d29a32a8f99b84bd13a0.png
10:13:20.384 [main] DEBUG net.thucydides.core.steps.StepInterceptor - STEP DONE: clickLoginButton
10:13:20.384 [Darkroom Processing Line] DEBUG net.serenitybdd.core.photography.DarkroomProcessingLine - Processing screenshot image in /var/screenshots/screenshot-17697522179741717758
10:13:20.384 [Darkroom Processing Line] DEBUG net.serenitybdd.core.photography.DarkroomProcessingLine - Saving screenshot to target\site\serenity\9ebaa90ea6fe80027bacbcc4aed5ee474a7b1033a146d29a32a8f99b84bd13a0.png
10:13:20.389 [Forwarding getPageSource on session 8555b8d238d4f1532b7df6453e3ebac0 to remote] DEBUG org.asynchttpclient.netty.request.NettyRequestSender - Using pooled Channel '[id: 0xa6324c2a, L:/127.0.0.1:51841 - R:localhost/127.0.0.1:46556]' for 'POST' to 'http://localhost:46556/session/8555b8d238d4f1532b7df6453e3ebac0/execute/sync'
10:13:20.389 [Forwarding getPageSource on session 8555b8d238d4f1532b7df6453e3ebac0 to remote] DEBUG org.asynchttpclient.netty.request.NettyRequestSender - Using open Channel [id: 0xa6324c2a, L:/127.0.0.1:51841 - R:localhost/127.0.0.1:46556] for POST '/session/8555b8d238d4f1532b7df6453e3ebac0/execute/sync'
10:13:20.394 [AsyncHttpClient-1-20] DEBUG org.asynchttpclient.netty.handler.HttpHandler - 

Request DefaultHttpRequest(decodeResult: success, version: HTTP/1.1)
POST /session/8555b8d238d4f1532b7df6453e3ebac0/execute/sync HTTP/1.1
User-Agent: selenium/4.8.1 (java windows)
Content-Length: 176
Content-Type: application/json; charset=utf-8
host: localhost:46556
accept: */*

Response DefaultHttpResponse(decodeResult: success, version: HTTP/1.1)
HTTP/1.1 200 OK
Content-Length: 28798
Content-Type: application/json; charset=utf-8
cache-control: no-cache

10:13:20.394 [AsyncHttpClient-1-20] DEBUG org.asynchttpclient.netty.channel.ChannelManager - Adding key: http://localhost:46556 for channel [id: 0xa6324c2a, L:/127.0.0.1:51841 - R:localhost/127.0.0.1:46556]
10:13:20.396 [Forwarding getCurrentUrl on session 8555b8d238d4f1532b7df6453e3ebac0 to remote] DEBUG org.asynchttpclient.netty.request.NettyRequestSender - Using pooled Channel '[id: 0xa6324c2a, L:/127.0.0.1:51841 - R:localhost/127.0.0.1:46556]' for 'GET' to 'http://localhost:46556/session/8555b8d238d4f1532b7df6453e3ebac0/url'
10:13:20.396 [Forwarding getCurrentUrl on session 8555b8d238d4f1532b7df6453e3ebac0 to remote] DEBUG org.asynchttpclient.netty.request.NettyRequestSender - Using open Channel [id: 0xa6324c2a, L:/127.0.0.1:51841 - R:localhost/127.0.0.1:46556] for GET '/session/8555b8d238d4f1532b7df6453e3ebac0/url'
10:13:20.400 [AsyncHttpClient-1-20] DEBUG org.asynchttpclient.netty.handler.HttpHandler - 

Request DefaultFullHttpRequest(decodeResult: success, version: HTTP/1.1, content: EmptyByteBufBE)
GET /session/8555b8d238d4f1532b7df6453e3ebac0/url HTTP/1.1
User-Agent: selenium/4.8.1 (java windows)
Cache-Control: no-cache
Content-Type: application/json; charset=utf-8
host: localhost:46556
accept: */*

Response DefaultHttpResponse(decodeResult: success, version: HTTP/1.1)
HTTP/1.1 200 OK
Content-Length: 41
Content-Type: application/json; charset=utf-8
cache-control: no-cache

10:13:20.400 [AsyncHttpClient-1-20] DEBUG org.asynchttpclient.netty.channel.ChannelManager - Adding key: http://localhost:46556 for channel [id: 0xa6324c2a, L:/127.0.0.1:51841 - R:localhost/127.0.0.1:46556]
10:13:20.401 [main] DEBUG net.thucydides.core.steps.StepInterceptor - STARTING STEP: ProductSteps.onTheHomePage - validateOnHomePage
10:13:20.402 [Forwarding findElement on session 8555b8d238d4f1532b7df6453e3ebac0 to remote] DEBUG org.asynchttpclient.netty.request.NettyRequestSender - Using pooled Channel '[id: 0xa6324c2a, L:/127.0.0.1:51841 - R:localhost/127.0.0.1:46556]' for 'POST' to 'http://localhost:46556/session/8555b8d238d4f1532b7df6453e3ebac0/element'
10:13:20.402 [Forwarding findElement on session 8555b8d238d4f1532b7df6453e3ebac0 to remote] DEBUG org.asynchttpclient.netty.request.NettyRequestSender - Using open Channel [id: 0xa6324c2a, L:/127.0.0.1:51841 - R:localhost/127.0.0.1:46556] for POST '/session/8555b8d238d4f1532b7df6453e3ebac0/element'
10:13:20.425 [AsyncHttpClient-1-20] DEBUG org.asynchttpclient.netty.handler.HttpHandler - 

Request DefaultHttpRequest(decodeResult: success, version: HTTP/1.1)
POST /session/8555b8d238d4f1532b7df6453e3ebac0/element HTTP/1.1
User-Agent: selenium/4.8.1 (java windows)
Content-Length: 54
Content-Type: application/json; charset=utf-8
host: localhost:46556
accept: */*

Response DefaultHttpResponse(decodeResult: success, version: HTTP/1.1)
HTTP/1.1 200 OK
Content-Length: 88
Content-Type: application/json; charset=utf-8
cache-control: no-cache

10:13:20.425 [AsyncHttpClient-1-20] DEBUG org.asynchttpclient.netty.channel.ChannelManager - Adding key: http://localhost:46556 for channel [id: 0xa6324c2a, L:/127.0.0.1:51841 - R:localhost/127.0.0.1:46556]
10:13:20.427 [Forwarding isElementDisplayed on session 8555b8d238d4f1532b7df6453e3ebac0 to remote] DEBUG org.asynchttpclient.netty.request.NettyRequestSender - Using pooled Channel '[id: 0xa6324c2a, L:/127.0.0.1:51841 - R:localhost/127.0.0.1:46556]' for 'POST' to 'http://localhost:46556/session/8555b8d238d4f1532b7df6453e3ebac0/execute/sync'
10:13:20.427 [Forwarding isElementDisplayed on session 8555b8d238d4f1532b7df6453e3ebac0 to remote] DEBUG org.asynchttpclient.netty.request.NettyRequestSender - Using open Channel [id: 0xa6324c2a, L:/127.0.0.1:51841 - R:localhost/127.0.0.1:46556] for POST '/session/8555b8d238d4f1532b7df6453e3ebac0/execute/sync'
10:13:20.442 [AsyncHttpClient-1-20] DEBUG org.asynchttpclient.netty.handler.HttpHandler - 

Request DefaultHttpRequest(decodeResult: success, version: HTTP/1.1)
POST /session/8555b8d238d4f1532b7df6453e3ebac0/execute/sync HTTP/1.1
User-Agent: selenium/4.8.1 (java windows)
Content-Length: 48807
Content-Type: application/json; charset=utf-8
host: localhost:46556
accept: */*

Response DefaultHttpResponse(decodeResult: success, version: HTTP/1.1)
HTTP/1.1 200 OK
Content-Length: 14
Content-Type: application/json; charset=utf-8
cache-control: no-cache

10:13:20.442 [AsyncHttpClient-1-20] DEBUG org.asynchttpclient.netty.channel.ChannelManager - Adding key: http://localhost:46556 for channel [id: 0xa6324c2a, L:/127.0.0.1:51841 - R:localhost/127.0.0.1:46556]
10:13:20.447 [Forwarding getAlertText on session 8555b8d238d4f1532b7df6453e3ebac0 to remote] DEBUG org.asynchttpclient.netty.request.NettyRequestSender - Using pooled Channel '[id: 0xa6324c2a, L:/127.0.0.1:51841 - R:localhost/127.0.0.1:46556]' for 'GET' to 'http://localhost:46556/session/8555b8d238d4f1532b7df6453e3ebac0/alert/text'
10:13:20.447 [Forwarding getAlertText on session 8555b8d238d4f1532b7df6453e3ebac0 to remote] DEBUG org.asynchttpclient.netty.request.NettyRequestSender - Using open Channel [id: 0xa6324c2a, L:/127.0.0.1:51841 - R:localhost/127.0.0.1:46556] for GET '/session/8555b8d238d4f1532b7df6453e3ebac0/alert/text'
10:13:20.448 [AsyncHttpClient-1-20] DEBUG org.asynchttpclient.netty.handler.HttpHandler - 

Request DefaultFullHttpRequest(decodeResult: success, version: HTTP/1.1, content: EmptyByteBufBE)
GET /session/8555b8d238d4f1532b7df6453e3ebac0/alert/text HTTP/1.1
User-Agent: selenium/4.8.1 (java windows)
Cache-Control: no-cache
Content-Type: application/json; charset=utf-8
host: localhost:46556
accept: */*

Response DefaultHttpResponse(decodeResult: success, version: HTTP/1.1)
HTTP/1.1 404 Not Found
Content-Length: 836
Content-Type: application/json; charset=utf-8
cache-control: no-cache

10:13:20.448 [AsyncHttpClient-1-20] DEBUG org.asynchttpclient.netty.channel.ChannelManager - Adding key: http://localhost:46556 for channel [id: 0xa6324c2a, L:/127.0.0.1:51841 - R:localhost/127.0.0.1:46556]
10:13:20.448 [Forwarding getCurrentUrl on session 8555b8d238d4f1532b7df6453e3ebac0 to remote] DEBUG org.asynchttpclient.netty.request.NettyRequestSender - Using pooled Channel '[id: 0xa6324c2a, L:/127.0.0.1:51841 - R:localhost/127.0.0.1:46556]' for 'GET' to 'http://localhost:46556/session/8555b8d238d4f1532b7df6453e3ebac0/url'
10:13:20.448 [Forwarding getCurrentUrl on session 8555b8d238d4f1532b7df6453e3ebac0 to remote] DEBUG org.asynchttpclient.netty.request.NettyRequestSender - Using open Channel [id: 0xa6324c2a, L:/127.0.0.1:51841 - R:localhost/127.0.0.1:46556] for GET '/session/8555b8d238d4f1532b7df6453e3ebac0/url'
10:13:20.451 [AsyncHttpClient-1-20] DEBUG org.asynchttpclient.netty.handler.HttpHandler - 

Request DefaultFullHttpRequest(decodeResult: success, version: HTTP/1.1, content: EmptyByteBufBE)
GET /session/8555b8d238d4f1532b7df6453e3ebac0/url HTTP/1.1
User-Agent: selenium/4.8.1 (java windows)
Cache-Control: no-cache
Content-Type: application/json; charset=utf-8
host: localhost:46556
accept: */*

Response DefaultHttpResponse(decodeResult: success, version: HTTP/1.1)
HTTP/1.1 200 OK
Content-Length: 41
Content-Type: application/json; charset=utf-8
cache-control: no-cache

10:13:20.451 [AsyncHttpClient-1-20] DEBUG org.asynchttpclient.netty.channel.ChannelManager - Adding key: http://localhost:46556 for channel [id: 0xa6324c2a, L:/127.0.0.1:51841 - R:localhost/127.0.0.1:46556]
10:13:20.451 [Forwarding screenshot on session 8555b8d238d4f1532b7df6453e3ebac0 to remote] DEBUG org.asynchttpclient.netty.request.NettyRequestSender - Using pooled Channel '[id: 0xa6324c2a, L:/127.0.0.1:51841 - R:localhost/127.0.0.1:46556]' for 'GET' to 'http://localhost:46556/session/8555b8d238d4f1532b7df6453e3ebac0/screenshot'
10:13:20.451 [Forwarding screenshot on session 8555b8d238d4f1532b7df6453e3ebac0 to remote] DEBUG org.asynchttpclient.netty.request.NettyRequestSender - Using open Channel [id: 0xa6324c2a, L:/127.0.0.1:51841 - R:localhost/127.0.0.1:46556] for GET '/session/8555b8d238d4f1532b7df6453e3ebac0/screenshot'
10:13:20.995 [AsyncHttpClient-1-1] DEBUG org.asynchttpclient.netty.channel.DefaultChannelPool - Entry count for : http://localhost:51842 : 1
10:13:21.193 [AsyncHttpClient-1-20] DEBUG org.asynchttpclient.netty.handler.HttpHandler - 

Request DefaultFullHttpRequest(decodeResult: success, version: HTTP/1.1, content: EmptyByteBufBE)
GET /session/8555b8d238d4f1532b7df6453e3ebac0/screenshot HTTP/1.1
User-Agent: selenium/4.8.1 (java windows)
Cache-Control: no-cache
Content-Type: application/json; charset=utf-8
host: localhost:46556
accept: */*

Response DefaultHttpResponse(decodeResult: success, version: HTTP/1.1)
HTTP/1.1 200 OK
Content-Length: 34200
Content-Type: application/json; charset=utf-8
cache-control: no-cache

10:13:21.193 [AsyncHttpClient-1-20] DEBUG org.asynchttpclient.netty.channel.ChannelManager - Adding key: http://localhost:46556 for channel [id: 0xa6324c2a, L:/127.0.0.1:51841 - R:localhost/127.0.0.1:46556]
10:13:21.194 [main] DEBUG net.serenitybdd.core.photography.Darkroom - Send negative for processing for target\site\serenity\94abeb449b83ae6fc7bde671716f8f9b9d7aec5b675b5f4634368f08f94bb9fc.png
10:13:21.194 [main] DEBUG net.thucydides.core.steps.StepInterceptor - STEP DONE: validateOnHomePage
  &amp#27;[32mGiven &amp#27;[0m&amp#27;[32mI already login and go to the alta-shop home page&amp#27;[0m &amp#27;[90m# starter.stepdefinitions.ProductSteps.onTheHomePage()&amp#27;[0m
10:13:21.194 [Darkroom Processing Line] DEBUG net.serenitybdd.core.photography.DarkroomProcessingLine - Processing screenshot image in /var/screenshots/screenshot-14845851583943703326
10:13:21.194 [Darkroom Processing Line] DEBUG net.serenitybdd.core.photography.DarkroomProcessingLine - Saving screenshot to target\site\serenity\94abeb449b83ae6fc7bde671716f8f9b9d7aec5b675b5f4634368f08f94bb9fc.png
10:13:21.201 [Forwarding getPageSource on session 8555b8d238d4f1532b7df6453e3ebac0 to remote] DEBUG org.asynchttpclient.netty.request.NettyRequestSender - Using pooled Channel '[id: 0xa6324c2a, L:/127.0.0.1:51841 - R:localhost/127.0.0.1:46556]' for 'POST' to 'http://localhost:46556/session/8555b8d238d4f1532b7df6453e3ebac0/execute/sync'
10:13:21.201 [Forwarding getPageSource on session 8555b8d238d4f1532b7df6453e3ebac0 to remote] DEBUG org.asynchttpclient.netty.request.NettyRequestSender - Using open Channel [id: 0xa6324c2a, L:/127.0.0.1:51841 - R:localhost/127.0.0.1:46556] for POST '/session/8555b8d238d4f1532b7df6453e3ebac0/execute/sync'
10:13:21.219 [AsyncHttpClient-1-20] DEBUG org.asynchttpclient.netty.handler.HttpHandler - 

Request DefaultHttpRequest(decodeResult: success, version: HTTP/1.1)
POST /session/8555b8d238d4f1532b7df6453e3ebac0/execute/sync HTTP/1.1
User-Agent: selenium/4.8.1 (java windows)
Content-Length: 176
Content-Type: application/json; charset=utf-8
host: localhost:46556
accept: */*

Response DefaultHttpResponse(decodeResult: success, version: HTTP/1.1)
HTTP/1.1 200 OK
Content-Length: 290004
Content-Type: application/json; charset=utf-8
cache-control: no-cache

10:13:21.219 [AsyncHttpClient-1-20] DEBUG org.asynchttpclient.netty.channel.ChannelManager - Adding key: http://localhost:46556 for channel [id: 0xa6324c2a, L:/127.0.0.1:51841 - R:localhost/127.0.0.1:46556]
10:13:21.236 [Forwarding getCurrentUrl on session 8555b8d238d4f1532b7df6453e3ebac0 to remote] DEBUG org.asynchttpclient.netty.request.NettyRequestSender - Using pooled Channel '[id: 0xa6324c2a, L:/127.0.0.1:51841 - R:localhost/127.0.0.1:46556]' for 'GET' to 'http://localhost:46556/session/8555b8d238d4f1532b7df6453e3ebac0/url'
10:13:21.236 [Forwarding getCurrentUrl on session 8555b8d238d4f1532b7df6453e3ebac0 to remote] DEBUG org.asynchttpclient.netty.request.NettyRequestSender - Using open Channel [id: 0xa6324c2a, L:/127.0.0.1:51841 - R:localhost/127.0.0.1:46556] for GET '/session/8555b8d238d4f1532b7df6453e3ebac0/url'
10:13:21.238 [AsyncHttpClient-1-20] DEBUG org.asynchttpclient.netty.handler.HttpHandler - 

Request DefaultFullHttpRequest(decodeResult: success, version: HTTP/1.1, content: EmptyByteBufBE)
GET /session/8555b8d238d4f1532b7df6453e3ebac0/url HTTP/1.1
User-Agent: selenium/4.8.1 (java windows)
Cache-Control: no-cache
Content-Type: application/json; charset=utf-8
host: localhost:46556
accept: */*

Response DefaultHttpResponse(decodeResult: success, version: HTTP/1.1)
HTTP/1.1 200 OK
Content-Length: 41
Content-Type: application/json; charset=utf-8
cache-control: no-cache

10:13:21.238 [AsyncHttpClient-1-20] DEBUG org.asynchttpclient.netty.channel.ChannelManager - Adding key: http://localhost:46556 for channel [id: 0xa6324c2a, L:/127.0.0.1:51841 - R:localhost/127.0.0.1:46556]
10:13:21.249 [Forwarding getAlertText on session 8555b8d238d4f1532b7df6453e3ebac0 to remote] DEBUG org.asynchttpclient.netty.request.NettyRequestSender - Using pooled Channel '[id: 0xa6324c2a, L:/127.0.0.1:51841 - R:localhost/127.0.0.1:46556]' for 'GET' to 'http://localhost:46556/session/8555b8d238d4f1532b7df6453e3ebac0/alert/text'
10:13:21.249 [Forwarding getAlertText on session 8555b8d238d4f1532b7df6453e3ebac0 to remote] DEBUG org.asynchttpclient.netty.request.NettyRequestSender - Using open Channel [id: 0xa6324c2a, L:/127.0.0.1:51841 - R:localhost/127.0.0.1:46556] for GET '/session/8555b8d238d4f1532b7df6453e3ebac0/alert/text'
10:13:21.250 [AsyncHttpClient-1-20] DEBUG org.asynchttpclient.netty.handler.HttpHandler - 

Request DefaultFullHttpRequest(decodeResult: success, version: HTTP/1.1, content: EmptyByteBufBE)
GET /session/8555b8d238d4f1532b7df6453e3ebac0/alert/text HTTP/1.1
User-Agent: selenium/4.8.1 (java windows)
Cache-Control: no-cache
Content-Type: application/json; charset=utf-8
host: localhost:46556
accept: */*

Response DefaultHttpResponse(decodeResult: success, version: HTTP/1.1)
HTTP/1.1 404 Not Found
Content-Length: 836
Content-Type: application/json; charset=utf-8
cache-control: no-cache

10:13:21.250 [AsyncHttpClient-1-20] DEBUG org.asynchttpclient.netty.channel.ChannelManager - Adding key: http://localhost:46556 for channel [id: 0xa6324c2a, L:/127.0.0.1:51841 - R:localhost/127.0.0.1:46556]
10:13:21.250 [Forwarding getCurrentUrl on session 8555b8d238d4f1532b7df6453e3ebac0 to remote] DEBUG org.asynchttpclient.netty.request.NettyRequestSender - Using pooled Channel '[id: 0xa6324c2a, L:/127.0.0.1:51841 - R:localhost/127.0.0.1:46556]' for 'GET' to 'http://localhost:46556/session/8555b8d238d4f1532b7df6453e3ebac0/url'
10:13:21.250 [Forwarding getCurrentUrl on session 8555b8d238d4f1532b7df6453e3ebac0 to remote] DEBUG org.asynchttpclient.netty.request.NettyRequestSender - Using open Channel [id: 0xa6324c2a, L:/127.0.0.1:51841 - R:localhost/127.0.0.1:46556] for GET '/session/8555b8d238d4f1532b7df6453e3ebac0/url'
10:13:21.252 [AsyncHttpClient-1-20] DEBUG org.asynchttpclient.netty.handler.HttpHandler - 

Request DefaultFullHttpRequest(decodeResult: success, version: HTTP/1.1, content: EmptyByteBufBE)
GET /session/8555b8d238d4f1532b7df6453e3ebac0/url HTTP/1.1
User-Agent: selenium/4.8.1 (java windows)
Cache-Control: no-cache
Content-Type: application/json; charset=utf-8
host: localhost:46556
accept: */*

Response DefaultHttpResponse(decodeResult: success, version: HTTP/1.1)
HTTP/1.1 200 OK
Content-Length: 41
Content-Type: application/json; charset=utf-8
cache-control: no-cache

10:13:21.252 [AsyncHttpClient-1-20] DEBUG org.asynchttpclient.netty.channel.ChannelManager - Adding key: http://localhost:46556 for channel [id: 0xa6324c2a, L:/127.0.0.1:51841 - R:localhost/127.0.0.1:46556]
10:13:21.252 [Forwarding screenshot on session 8555b8d238d4f1532b7df6453e3ebac0 to remote] DEBUG org.asynchttpclient.netty.request.NettyRequestSender - Using pooled Channel '[id: 0xa6324c2a, L:/127.0.0.1:51841 - R:localhost/127.0.0.1:46556]' for 'GET' to 'http://localhost:46556/session/8555b8d238d4f1532b7df6453e3ebac0/screenshot'
10:13:21.252 [Forwarding screenshot on session 8555b8d238d4f1532b7df6453e3ebac0 to remote] DEBUG org.asynchttpclient.netty.request.NettyRequestSender - Using open Channel [id: 0xa6324c2a, L:/127.0.0.1:51841 - R:localhost/127.0.0.1:46556] for GET '/session/8555b8d238d4f1532b7df6453e3ebac0/screenshot'
10:13:21.344 [AsyncHttpClient-1-20] DEBUG org.asynchttpclient.netty.handler.HttpHandler - 

Request DefaultFullHttpRequest(decodeResult: success, version: HTTP/1.1, content: EmptyByteBufBE)
GET /session/8555b8d238d4f1532b7df6453e3ebac0/screenshot HTTP/1.1
User-Agent: selenium/4.8.1 (java windows)
Cache-Control: no-cache
Content-Type: application/json; charset=utf-8
host: localhost:46556
accept: */*

Response DefaultHttpResponse(decodeResult: success, version: HTTP/1.1)
HTTP/1.1 200 OK
Content-Length: 78500
Content-Type: application/json; charset=utf-8
cache-control: no-cache

10:13:21.344 [AsyncHttpClient-1-20] DEBUG org.asynchttpclient.netty.channel.ChannelManager - Adding key: http://localhost:46556 for channel [id: 0xa6324c2a, L:/127.0.0.1:51841 - R:localhost/127.0.0.1:46556]
10:13:21.346 [main] DEBUG net.serenitybdd.core.photography.Darkroom - Send negative for processing for target\site\serenity\8c38f01a3bfc30379c7920ff6c49e41f3bb1a74fe476655729f9374b3f51b66e.png
10:13:21.346 [Darkroom Processing Line] DEBUG net.serenitybdd.core.photography.DarkroomProcessingLine - Processing screenshot image in /var/screenshots/screenshot-1586701847753642422
10:13:21.346 [Darkroom Processing Line] DEBUG net.serenitybdd.core.photography.DarkroomProcessingLine - Saving screenshot to target\site\serenity\8c38f01a3bfc30379c7920ff6c49e41f3bb1a74fe476655729f9374b3f51b66e.png
10:13:21.346 [Forwarding getPageSource on session 8555b8d238d4f1532b7df6453e3ebac0 to remote] DEBUG org.asynchttpclient.netty.request.NettyRequestSender - Using pooled Channel '[id: 0xa6324c2a, L:/127.0.0.1:51841 - R:localhost/127.0.0.1:46556]' for 'POST' to 'http://localhost:46556/session/8555b8d238d4f1532b7df6453e3ebac0/execute/sync'
10:13:21.346 [Forwarding getPageSource on session 8555b8d238d4f1532b7df6453e3ebac0 to remote] DEBUG org.asynchttpclient.netty.request.NettyRequestSender - Using open Channel [id: 0xa6324c2a, L:/127.0.0.1:51841 - R:localhost/127.0.0.1:46556] for POST '/session/8555b8d238d4f1532b7df6453e3ebac0/execute/sync'
10:13:21.362 [AsyncHttpClient-1-20] DEBUG org.asynchttpclient.netty.handler.HttpHandler - 

Request DefaultHttpRequest(decodeResult: success, version: HTTP/1.1)
POST /session/8555b8d238d4f1532b7df6453e3ebac0/execute/sync HTTP/1.1
User-Agent: selenium/4.8.1 (java windows)
Content-Length: 176
Content-Type: application/json; charset=utf-8
host: localhost:46556
accept: */*

Response DefaultHttpResponse(decodeResult: success, version: HTTP/1.1)
HTTP/1.1 200 OK
Content-Length: 290004
Content-Type: application/json; charset=utf-8
cache-control: no-cache

10:13:21.363 [AsyncHttpClient-1-20] DEBUG org.asynchttpclient.netty.channel.ChannelManager - Adding key: http://localhost:46556 for channel [id: 0xa6324c2a, L:/127.0.0.1:51841 - R:localhost/127.0.0.1:46556]
10:13:21.380 [Forwarding getCurrentUrl on session 8555b8d238d4f1532b7df6453e3ebac0 to remote] DEBUG org.asynchttpclient.netty.request.NettyRequestSender - Using pooled Channel '[id: 0xa6324c2a, L:/127.0.0.1:51841 - R:localhost/127.0.0.1:46556]' for 'GET' to 'http://localhost:46556/session/8555b8d238d4f1532b7df6453e3ebac0/url'
10:13:21.380 [Forwarding getCurrentUrl on session 8555b8d238d4f1532b7df6453e3ebac0 to remote] DEBUG org.asynchttpclient.netty.request.NettyRequestSender - Using open Channel [id: 0xa6324c2a, L:/127.0.0.1:51841 - R:localhost/127.0.0.1:46556] for GET '/session/8555b8d238d4f1532b7df6453e3ebac0/url'
10:13:21.382 [AsyncHttpClient-1-20] DEBUG org.asynchttpclient.netty.handler.HttpHandler - 

Request DefaultFullHttpRequest(decodeResult: success, version: HTTP/1.1, content: EmptyByteBufBE)
GET /session/8555b8d238d4f1532b7df6453e3ebac0/url HTTP/1.1
User-Agent: selenium/4.8.1 (java windows)
Cache-Control: no-cache
Content-Type: application/json; charset=utf-8
host: localhost:46556
accept: */*

Response DefaultHttpResponse(decodeResult: success, version: HTTP/1.1)
HTTP/1.1 200 OK
Content-Length: 41
Content-Type: application/json; charset=utf-8
cache-control: no-cache

10:13:21.382 [AsyncHttpClient-1-20] DEBUG org.asynchttpclient.netty.channel.ChannelManager - Adding key: http://localhost:46556 for channel [id: 0xa6324c2a, L:/127.0.0.1:51841 - R:localhost/127.0.0.1:46556]
10:13:21.383 [main] DEBUG net.thucydides.core.steps.StepInterceptor - STARTING STEP: LogoutSteps.clickUserIcon - clickUserIcon
10:13:21.385 [Forwarding findElement on session 8555b8d238d4f1532b7df6453e3ebac0 to remote] DEBUG org.asynchttpclient.netty.request.NettyRequestSender - Using pooled Channel '[id: 0xa6324c2a, L:/127.0.0.1:51841 - R:localhost/127.0.0.1:46556]' for 'POST' to 'http://localhost:46556/session/8555b8d238d4f1532b7df6453e3ebac0/element'
10:13:21.385 [Forwarding findElement on session 8555b8d238d4f1532b7df6453e3ebac0 to remote] DEBUG org.asynchttpclient.netty.request.NettyRequestSender - Using open Channel [id: 0xa6324c2a, L:/127.0.0.1:51841 - R:localhost/127.0.0.1:46556] for POST '/session/8555b8d238d4f1532b7df6453e3ebac0/element'
10:13:21.390 [AsyncHttpClient-1-20] DEBUG org.asynchttpclient.netty.handler.HttpHandler - 

Request DefaultHttpRequest(decodeResult: success, version: HTTP/1.1)
POST /session/8555b8d238d4f1532b7df6453e3ebac0/element HTTP/1.1
User-Agent: selenium/4.8.1 (java windows)
Content-Length: 54
Content-Type: application/json; charset=utf-8
host: localhost:46556
accept: */*

Response DefaultHttpResponse(decodeResult: success, version: HTTP/1.1)
HTTP/1.1 200 OK
Content-Length: 88
Content-Type: application/json; charset=utf-8
cache-control: no-cache

10:13:21.390 [AsyncHttpClient-1-20] DEBUG org.asynchttpclient.netty.channel.ChannelManager - Adding key: http://localhost:46556 for channel [id: 0xa6324c2a, L:/127.0.0.1:51841 - R:localhost/127.0.0.1:46556]
10:13:21.390 [Forwarding getElementTagName on session 8555b8d238d4f1532b7df6453e3ebac0 to remote] DEBUG org.asynchttpclient.netty.request.NettyRequestSender - Using pooled Channel '[id: 0xa6324c2a, L:/127.0.0.1:51841 - R:localhost/127.0.0.1:46556]' for 'GET' to 'http://localhost:46556/session/8555b8d238d4f1532b7df6453e3ebac0/element/726bdaf1-8009-4231-8543-16cd84f89520/name'
10:13:21.390 [Forwarding getElementTagName on session 8555b8d238d4f1532b7df6453e3ebac0 to remote] DEBUG org.asynchttpclient.netty.request.NettyRequestSender - Using open Channel [id: 0xa6324c2a, L:/127.0.0.1:51841 - R:localhost/127.0.0.1:46556] for GET '/session/8555b8d238d4f1532b7df6453e3ebac0/element/726bdaf1-8009-4231-8543-16cd84f89520/name'
10:13:21.393 [AsyncHttpClient-1-20] DEBUG org.asynchttpclient.netty.handler.HttpHandler - 

Request DefaultFullHttpRequest(decodeResult: success, version: HTTP/1.1, content: EmptyByteBufBE)
GET /session/8555b8d238d4f1532b7df6453e3ebac0/element/726bdaf1-8009-4231-8543-16cd84f89520/name HTTP/1.1
User-Agent: selenium/4.8.1 (java windows)
Cache-Control: no-cache
Content-Type: application/json; charset=utf-8
host: localhost:46556
accept: */*

Response DefaultHttpResponse(decodeResult: success, version: HTTP/1.1)
HTTP/1.1 200 OK
Content-Length: 13
Content-Type: application/json; charset=utf-8
cache-control: no-cache

10:13:21.393 [AsyncHttpClient-1-20] DEBUG org.asynchttpclient.netty.channel.ChannelManager - Adding key: http://localhost:46556 for channel [id: 0xa6324c2a, L:/127.0.0.1:51841 - R:localhost/127.0.0.1:46556]
10:13:21.393 [Forwarding getElementTagName on session 8555b8d238d4f1532b7df6453e3ebac0 to remote] DEBUG org.asynchttpclient.netty.request.NettyRequestSender - Using pooled Channel '[id: 0xa6324c2a, L:/127.0.0.1:51841 - R:localhost/127.0.0.1:46556]' for 'GET' to 'http://localhost:46556/session/8555b8d238d4f1532b7df6453e3ebac0/element/726bdaf1-8009-4231-8543-16cd84f89520/name'
10:13:21.393 [Forwarding getElementTagName on session 8555b8d238d4f1532b7df6453e3ebac0 to remote] DEBUG org.asynchttpclient.netty.request.NettyRequestSender - Using open Channel [id: 0xa6324c2a, L:/127.0.0.1:51841 - R:localhost/127.0.0.1:46556] for GET '/session/8555b8d238d4f1532b7df6453e3ebac0/element/726bdaf1-8009-4231-8543-16cd84f89520/name'
10:13:21.395 [AsyncHttpClient-1-20] DEBUG org.asynchttpclient.netty.handler.HttpHandler - 

Request DefaultFullHttpRequest(decodeResult: success, version: HTTP/1.1, content: EmptyByteBufBE)
GET /session/8555b8d238d4f1532b7df6453e3ebac0/element/726bdaf1-8009-4231-8543-16cd84f89520/name HTTP/1.1
User-Agent: selenium/4.8.1 (java windows)
Cache-Control: no-cache
Content-Type: application/json; charset=utf-8
host: localhost:46556
accept: */*

Response DefaultHttpResponse(decodeResult: success, version: HTTP/1.1)
HTTP/1.1 200 OK
Content-Length: 13
Content-Type: application/json; charset=utf-8
cache-control: no-cache

10:13:21.395 [AsyncHttpClient-1-20] DEBUG org.asynchttpclient.netty.channel.ChannelManager - Adding key: http://localhost:46556 for channel [id: 0xa6324c2a, L:/127.0.0.1:51841 - R:localhost/127.0.0.1:46556]
10:13:21.396 [Forwarding findElement on session 8555b8d238d4f1532b7df6453e3ebac0 to remote] DEBUG org.asynchttpclient.netty.request.NettyRequestSender - Using pooled Channel '[id: 0xa6324c2a, L:/127.0.0.1:51841 - R:localhost/127.0.0.1:46556]' for 'POST' to 'http://localhost:46556/session/8555b8d238d4f1532b7df6453e3ebac0/element'
10:13:21.396 [Forwarding findElement on session 8555b8d238d4f1532b7df6453e3ebac0 to remote] DEBUG org.asynchttpclient.netty.request.NettyRequestSender - Using open Channel [id: 0xa6324c2a, L:/127.0.0.1:51841 - R:localhost/127.0.0.1:46556] for POST '/session/8555b8d238d4f1532b7df6453e3ebac0/element'
10:13:21.400 [AsyncHttpClient-1-20] DEBUG org.asynchttpclient.netty.handler.HttpHandler - 

Request DefaultHttpRequest(decodeResult: success, version: HTTP/1.1)
POST /session/8555b8d238d4f1532b7df6453e3ebac0/element HTTP/1.1
User-Agent: selenium/4.8.1 (java windows)
Content-Length: 54
Content-Type: application/json; charset=utf-8
host: localhost:46556
accept: */*

Response DefaultHttpResponse(decodeResult: success, version: HTTP/1.1)
HTTP/1.1 200 OK
Content-Length: 88
Content-Type: application/json; charset=utf-8
cache-control: no-cache

10:13:21.400 [AsyncHttpClient-1-20] DEBUG org.asynchttpclient.netty.channel.ChannelManager - Adding key: http://localhost:46556 for channel [id: 0xa6324c2a, L:/127.0.0.1:51841 - R:localhost/127.0.0.1:46556]
10:13:21.400 [Forwarding clickElement on session 8555b8d238d4f1532b7df6453e3ebac0 to remote] DEBUG org.asynchttpclient.netty.request.NettyRequestSender - Using pooled Channel '[id: 0xa6324c2a, L:/127.0.0.1:51841 - R:localhost/127.0.0.1:46556]' for 'POST' to 'http://localhost:46556/session/8555b8d238d4f1532b7df6453e3ebac0/element/726bdaf1-8009-4231-8543-16cd84f89520/click'
10:13:21.400 [Forwarding clickElement on session 8555b8d238d4f1532b7df6453e3ebac0 to remote] DEBUG org.asynchttpclient.netty.request.NettyRequestSender - Using open Channel [id: 0xa6324c2a, L:/127.0.0.1:51841 - R:localhost/127.0.0.1:46556] for POST '/session/8555b8d238d4f1532b7df6453e3ebac0/element/726bdaf1-8009-4231-8543-16cd84f89520/click'
10:13:21.432 [AsyncHttpClient-1-20] DEBUG org.asynchttpclient.netty.handler.HttpHandler - 

Request DefaultHttpRequest(decodeResult: success, version: HTTP/1.1)
POST /session/8555b8d238d4f1532b7df6453e3ebac0/element/726bdaf1-8009-4231-8543-16cd84f89520/click HTTP/1.1
User-Agent: selenium/4.8.1 (java windows)
Content-Length: 50
Content-Type: application/json; charset=utf-8
host: localhost:46556
accept: */*

Response DefaultHttpResponse(decodeResult: success, version: HTTP/1.1)
HTTP/1.1 200 OK
Content-Length: 14
Content-Type: application/json; charset=utf-8
cache-control: no-cache

10:13:21.432 [AsyncHttpClient-1-20] DEBUG org.asynchttpclient.netty.channel.ChannelManager - Adding key: http://localhost:46556 for channel [id: 0xa6324c2a, L:/127.0.0.1:51841 - R:localhost/127.0.0.1:46556]
10:13:21.438 [Forwarding getAlertText on session 8555b8d238d4f1532b7df6453e3ebac0 to remote] DEBUG org.asynchttpclient.netty.request.NettyRequestSender - Using pooled Channel '[id: 0xa6324c2a, L:/127.0.0.1:51841 - R:localhost/127.0.0.1:46556]' for 'GET' to 'http://localhost:46556/session/8555b8d238d4f1532b7df6453e3ebac0/alert/text'
10:13:21.438 [Forwarding getAlertText on session 8555b8d238d4f1532b7df6453e3ebac0 to remote] DEBUG org.asynchttpclient.netty.request.NettyRequestSender - Using open Channel [id: 0xa6324c2a, L:/127.0.0.1:51841 - R:localhost/127.0.0.1:46556] for GET '/session/8555b8d238d4f1532b7df6453e3ebac0/alert/text'
10:13:21.438 [AsyncHttpClient-1-20] DEBUG org.asynchttpclient.netty.handler.HttpHandler - 

Request DefaultFullHttpRequest(decodeResult: success, version: HTTP/1.1, content: EmptyByteBufBE)
GET /session/8555b8d238d4f1532b7df6453e3ebac0/alert/text HTTP/1.1
User-Agent: selenium/4.8.1 (java windows)
Cache-Control: no-cache
Content-Type: application/json; charset=utf-8
host: localhost:46556
accept: */*

Response DefaultHttpResponse(decodeResult: success, version: HTTP/1.1)
HTTP/1.1 404 Not Found
Content-Length: 836
Content-Type: application/json; charset=utf-8
cache-control: no-cache

10:13:21.439 [AsyncHttpClient-1-20] DEBUG org.asynchttpclient.netty.channel.ChannelManager - Adding key: http://localhost:46556 for channel [id: 0xa6324c2a, L:/127.0.0.1:51841 - R:localhost/127.0.0.1:46556]
10:13:21.439 [Forwarding getCurrentUrl on session 8555b8d238d4f1532b7df6453e3ebac0 to remote] DEBUG org.asynchttpclient.netty.request.NettyRequestSender - Using pooled Channel '[id: 0xa6324c2a, L:/127.0.0.1:51841 - R:localhost/127.0.0.1:46556]' for 'GET' to 'http://localhost:46556/session/8555b8d238d4f1532b7df6453e3ebac0/url'
10:13:21.439 [Forwarding getCurrentUrl on session 8555b8d238d4f1532b7df6453e3ebac0 to remote] DEBUG org.asynchttpclient.netty.request.NettyRequestSender - Using open Channel [id: 0xa6324c2a, L:/127.0.0.1:51841 - R:localhost/127.0.0.1:46556] for GET '/session/8555b8d238d4f1532b7df6453e3ebac0/url'
10:13:21.441 [AsyncHttpClient-1-20] DEBUG org.asynchttpclient.netty.handler.HttpHandler - 

Request DefaultFullHttpRequest(decodeResult: success, version: HTTP/1.1, content: EmptyByteBufBE)
GET /session/8555b8d238d4f1532b7df6453e3ebac0/url HTTP/1.1
User-Agent: selenium/4.8.1 (java windows)
Cache-Control: no-cache
Content-Type: application/json; charset=utf-8
host: localhost:46556
accept: */*

Response DefaultHttpResponse(decodeResult: success, version: HTTP/1.1)
HTTP/1.1 200 OK
Content-Length: 41
Content-Type: application/json; charset=utf-8
cache-control: no-cache

10:13:21.441 [AsyncHttpClient-1-20] DEBUG org.asynchttpclient.netty.channel.ChannelManager - Adding key: http://localhost:46556 for channel [id: 0xa6324c2a, L:/127.0.0.1:51841 - R:localhost/127.0.0.1:46556]
10:13:21.441 [Forwarding screenshot on session 8555b8d238d4f1532b7df6453e3ebac0 to remote] DEBUG org.asynchttpclient.netty.request.NettyRequestSender - Using pooled Channel '[id: 0xa6324c2a, L:/127.0.0.1:51841 - R:localhost/127.0.0.1:46556]' for 'GET' to 'http://localhost:46556/session/8555b8d238d4f1532b7df6453e3ebac0/screenshot'
10:13:21.441 [Forwarding screenshot on session 8555b8d238d4f1532b7df6453e3ebac0 to remote] DEBUG org.asynchttpclient.netty.request.NettyRequestSender - Using open Channel [id: 0xa6324c2a, L:/127.0.0.1:51841 - R:localhost/127.0.0.1:46556] for GET '/session/8555b8d238d4f1532b7df6453e3ebac0/screenshot'
10:13:21.616 [AsyncHttpClient-1-20] DEBUG org.asynchttpclient.netty.handler.HttpHandler - 

Request DefaultFullHttpRequest(decodeResult: success, version: HTTP/1.1, content: EmptyByteBufBE)
GET /session/8555b8d238d4f1532b7df6453e3ebac0/screenshot HTTP/1.1
User-Agent: selenium/4.8.1 (java windows)
Cache-Control: no-cache
Content-Type: application/json; charset=utf-8
host: localhost:46556
accept: */*

Response DefaultHttpResponse(decodeResult: success, version: HTTP/1.1)
HTTP/1.1 200 OK
Content-Length: 90140
Content-Type: application/json; charset=utf-8
cache-control: no-cache

10:13:21.616 [AsyncHttpClient-1-20] DEBUG org.asynchttpclient.netty.channel.ChannelManager - Adding key: http://localhost:46556 for channel [id: 0xa6324c2a, L:/127.0.0.1:51841 - R:localhost/127.0.0.1:46556]
10:13:21.618 [main] DEBUG net.serenitybdd.core.photography.Darkroom - Send negative for processing for target\site\serenity\a490dd1ea6c6527352bd4ee0f45c1213c97b9c2b0009c9c2840c62fb0930d876.png
10:13:21.618 [main] DEBUG net.thucydides.core.steps.StepInterceptor - STEP DONE: clickUserIcon
  &amp#27;[32mWhen &amp#27;[0m&amp#27;[32mI click user icon&amp#27;[0m                                  &amp#27;[90m# starter.stepdefinitions.LogoutSteps.clickUserIcon()&amp#27;[0m
10:13:21.618 [Darkroom Processing Line] DEBUG net.serenitybdd.core.photography.DarkroomProcessingLine - Processing screenshot image in /var/screenshots/screenshot-14932708013480650838
10:13:21.618 [Darkroom Processing Line] DEBUG net.serenitybdd.core.photography.DarkroomProcessingLine - Saving screenshot to target\site\serenity\a490dd1ea6c6527352bd4ee0f45c1213c97b9c2b0009c9c2840c62fb0930d876.png
10:13:21.626 [Forwarding getPageSource on session 8555b8d238d4f1532b7df6453e3ebac0 to remote] DEBUG org.asynchttpclient.netty.request.NettyRequestSender - Using pooled Channel '[id: 0xa6324c2a, L:/127.0.0.1:51841 - R:localhost/127.0.0.1:46556]' for 'POST' to 'http://localhost:46556/session/8555b8d238d4f1532b7df6453e3ebac0/execute/sync'
10:13:21.626 [Forwarding getPageSource on session 8555b8d238d4f1532b7df6453e3ebac0 to remote] DEBUG org.asynchttpclient.netty.request.NettyRequestSender - Using open Channel [id: 0xa6324c2a, L:/127.0.0.1:51841 - R:localhost/127.0.0.1:46556] for POST '/session/8555b8d238d4f1532b7df6453e3ebac0/execute/sync'
10:13:21.643 [AsyncHttpClient-1-20] DEBUG org.asynchttpclient.netty.handler.HttpHandler - 

Request DefaultHttpRequest(decodeResult: success, version: HTTP/1.1)
POST /session/8555b8d238d4f1532b7df6453e3ebac0/execute/sync HTTP/1.1
User-Agent: selenium/4.8.1 (java windows)
Content-Length: 176
Content-Type: application/json; charset=utf-8
host: localhost:46556
accept: */*

Response DefaultHttpResponse(decodeResult: success, version: HTTP/1.1)
HTTP/1.1 200 OK
Content-Length: 291314
Content-Type: application/json; charset=utf-8
cache-control: no-cache

10:13:21.644 [AsyncHttpClient-1-20] DEBUG org.asynchttpclient.netty.channel.ChannelManager - Adding key: http://localhost:46556 for channel [id: 0xa6324c2a, L:/127.0.0.1:51841 - R:localhost/127.0.0.1:46556]
10:13:21.661 [Forwarding getCurrentUrl on session 8555b8d238d4f1532b7df6453e3ebac0 to remote] DEBUG org.asynchttpclient.netty.request.NettyRequestSender - Using pooled Channel '[id: 0xa6324c2a, L:/127.0.0.1:51841 - R:localhost/127.0.0.1:46556]' for 'GET' to 'http://localhost:46556/session/8555b8d238d4f1532b7df6453e3ebac0/url'
10:13:21.661 [Forwarding getCurrentUrl on session 8555b8d238d4f1532b7df6453e3ebac0 to remote] DEBUG org.asynchttpclient.netty.request.NettyRequestSender - Using open Channel [id: 0xa6324c2a, L:/127.0.0.1:51841 - R:localhost/127.0.0.1:46556] for GET '/session/8555b8d238d4f1532b7df6453e3ebac0/url'
10:13:21.664 [AsyncHttpClient-1-20] DEBUG org.asynchttpclient.netty.handler.HttpHandler - 

Request DefaultFullHttpRequest(decodeResult: success, version: HTTP/1.1, content: EmptyByteBufBE)
GET /session/8555b8d238d4f1532b7df6453e3ebac0/url HTTP/1.1
User-Agent: selenium/4.8.1 (java windows)
Cache-Control: no-cache
Content-Type: application/json; charset=utf-8
host: localhost:46556
accept: */*

Response DefaultHttpResponse(decodeResult: success, version: HTTP/1.1)
HTTP/1.1 200 OK
Content-Length: 41
Content-Type: application/json; charset=utf-8
cache-control: no-cache

10:13:21.664 [AsyncHttpClient-1-20] DEBUG org.asynchttpclient.netty.channel.ChannelManager - Adding key: http://localhost:46556 for channel [id: 0xa6324c2a, L:/127.0.0.1:51841 - R:localhost/127.0.0.1:46556]
10:13:21.717 [Forwarding getAlertText on session 8555b8d238d4f1532b7df6453e3ebac0 to remote] DEBUG org.asynchttpclient.netty.request.NettyRequestSender - Using pooled Channel '[id: 0xa6324c2a, L:/127.0.0.1:51841 - R:localhost/127.0.0.1:46556]' for 'GET' to 'http://localhost:46556/session/8555b8d238d4f1532b7df6453e3ebac0/alert/text'
10:13:21.717 [Forwarding getAlertText on session 8555b8d238d4f1532b7df6453e3ebac0 to remote] DEBUG org.asynchttpclient.netty.request.NettyRequestSender - Using open Channel [id: 0xa6324c2a, L:/127.0.0.1:51841 - R:localhost/127.0.0.1:46556] for GET '/session/8555b8d238d4f1532b7df6453e3ebac0/alert/text'
10:13:21.718 [AsyncHttpClient-1-20] DEBUG org.asynchttpclient.netty.handler.HttpHandler - 

Request DefaultFullHttpRequest(decodeResult: success, version: HTTP/1.1, content: EmptyByteBufBE)
GET /session/8555b8d238d4f1532b7df6453e3ebac0/alert/text HTTP/1.1
User-Agent: selenium/4.8.1 (java windows)
Cache-Control: no-cache
Content-Type: application/json; charset=utf-8
host: localhost:46556
accept: */*

Response DefaultHttpResponse(decodeResult: success, version: HTTP/1.1)
HTTP/1.1 404 Not Found
Content-Length: 836
Content-Type: application/json; charset=utf-8
cache-control: no-cache

10:13:21.718 [AsyncHttpClient-1-20] DEBUG org.asynchttpclient.netty.channel.ChannelManager - Adding key: http://localhost:46556 for channel [id: 0xa6324c2a, L:/127.0.0.1:51841 - R:localhost/127.0.0.1:46556]
10:13:21.719 [Forwarding getCurrentUrl on session 8555b8d238d4f1532b7df6453e3ebac0 to remote] DEBUG org.asynchttpclient.netty.request.NettyRequestSender - Using pooled Channel '[id: 0xa6324c2a, L:/127.0.0.1:51841 - R:localhost/127.0.0.1:46556]' for 'GET' to 'http://localhost:46556/session/8555b8d238d4f1532b7df6453e3ebac0/url'
10:13:21.719 [Forwarding getCurrentUrl on session 8555b8d238d4f1532b7df6453e3ebac0 to remote] DEBUG org.asynchttpclient.netty.request.NettyRequestSender - Using open Channel [id: 0xa6324c2a, L:/127.0.0.1:51841 - R:localhost/127.0.0.1:46556] for GET '/session/8555b8d238d4f1532b7df6453e3ebac0/url'
10:13:21.721 [AsyncHttpClient-1-20] DEBUG org.asynchttpclient.netty.handler.HttpHandler - 

Request DefaultFullHttpRequest(decodeResult: success, version: HTTP/1.1, content: EmptyByteBufBE)
GET /session/8555b8d238d4f1532b7df6453e3ebac0/url HTTP/1.1
User-Agent: selenium/4.8.1 (java windows)
Cache-Control: no-cache
Content-Type: application/json; charset=utf-8
host: localhost:46556
accept: */*

Response DefaultHttpResponse(decodeResult: success, version: HTTP/1.1)
HTTP/1.1 200 OK
Content-Length: 41
Content-Type: application/json; charset=utf-8
cache-control: no-cache

10:13:21.721 [AsyncHttpClient-1-20] DEBUG org.asynchttpclient.netty.channel.ChannelManager - Adding key: http://localhost:46556 for channel [id: 0xa6324c2a, L:/127.0.0.1:51841 - R:localhost/127.0.0.1:46556]
10:13:21.721 [Forwarding screenshot on session 8555b8d238d4f1532b7df6453e3ebac0 to remote] DEBUG org.asynchttpclient.netty.request.NettyRequestSender - Using pooled Channel '[id: 0xa6324c2a, L:/127.0.0.1:51841 - R:localhost/127.0.0.1:46556]' for 'GET' to 'http://localhost:46556/session/8555b8d238d4f1532b7df6453e3ebac0/screenshot'
10:13:21.721 [Forwarding screenshot on session 8555b8d238d4f1532b7df6453e3ebac0 to remote] DEBUG org.asynchttpclient.netty.request.NettyRequestSender - Using open Channel [id: 0xa6324c2a, L:/127.0.0.1:51841 - R:localhost/127.0.0.1:46556] for GET '/session/8555b8d238d4f1532b7df6453e3ebac0/screenshot'
10:13:21.836 [AsyncHttpClient-1-20] DEBUG org.asynchttpclient.netty.handler.HttpHandler - 

Request DefaultFullHttpRequest(decodeResult: success, version: HTTP/1.1, content: EmptyByteBufBE)
GET /session/8555b8d238d4f1532b7df6453e3ebac0/screenshot HTTP/1.1
User-Agent: selenium/4.8.1 (java windows)
Cache-Control: no-cache
Content-Type: application/json; charset=utf-8
host: localhost:46556
accept: */*

Response DefaultHttpResponse(decodeResult: success, version: HTTP/1.1)
HTTP/1.1 200 OK
Content-Length: 87808
Content-Type: application/json; charset=utf-8
cache-control: no-cache

10:13:21.836 [AsyncHttpClient-1-20] DEBUG org.asynchttpclient.netty.channel.ChannelManager - Adding key: http://localhost:46556 for channel [id: 0xa6324c2a, L:/127.0.0.1:51841 - R:localhost/127.0.0.1:46556]
10:13:21.838 [main] DEBUG net.serenitybdd.core.photography.Darkroom - Send negative for processing for target\site\serenity\8a9d4b5ce1df798344c9fb0927269db525991101e694504ad138d2b2c5aa7b9e.png
10:13:21.838 [Darkroom Processing Line] DEBUG net.serenitybdd.core.photography.DarkroomProcessingLine - Processing screenshot image in /var/screenshots/screenshot-17098492595218212796
10:13:21.838 [Darkroom Processing Line] DEBUG net.serenitybdd.core.photography.DarkroomProcessingLine - Saving screenshot to target\site\serenity\8a9d4b5ce1df798344c9fb0927269db525991101e694504ad138d2b2c5aa7b9e.png
10:13:21.839 [Forwarding getPageSource on session 8555b8d238d4f1532b7df6453e3ebac0 to remote] DEBUG org.asynchttpclient.netty.request.NettyRequestSender - Using pooled Channel '[id: 0xa6324c2a, L:/127.0.0.1:51841 - R:localhost/127.0.0.1:46556]' for 'POST' to 'http://localhost:46556/session/8555b8d238d4f1532b7df6453e3ebac0/execute/sync'
10:13:21.839 [Forwarding getPageSource on session 8555b8d238d4f1532b7df6453e3ebac0 to remote] DEBUG org.asynchttpclient.netty.request.NettyRequestSender - Using open Channel [id: 0xa6324c2a, L:/127.0.0.1:51841 - R:localhost/127.0.0.1:46556] for POST '/session/8555b8d238d4f1532b7df6453e3ebac0/execute/sync'
10:13:21.854 [AsyncHttpClient-1-20] DEBUG org.asynchttpclient.netty.handler.HttpHandler - 

Request DefaultHttpRequest(decodeResult: success, version: HTTP/1.1)
POST /session/8555b8d238d4f1532b7df6453e3ebac0/execute/sync HTTP/1.1
User-Agent: selenium/4.8.1 (java windows)
Content-Length: 176
Content-Type: application/json; charset=utf-8
host: localhost:46556
accept: */*

Response DefaultHttpResponse(decodeResult: success, version: HTTP/1.1)
HTTP/1.1 200 OK
Content-Length: 291257
Content-Type: application/json; charset=utf-8
cache-control: no-cache

10:13:21.855 [AsyncHttpClient-1-20] DEBUG org.asynchttpclient.netty.channel.ChannelManager - Adding key: http://localhost:46556 for channel [id: 0xa6324c2a, L:/127.0.0.1:51841 - R:localhost/127.0.0.1:46556]
10:13:21.878 [Forwarding getCurrentUrl on session 8555b8d238d4f1532b7df6453e3ebac0 to remote] DEBUG org.asynchttpclient.netty.request.NettyRequestSender - Using pooled Channel '[id: 0xa6324c2a, L:/127.0.0.1:51841 - R:localhost/127.0.0.1:46556]' for 'GET' to 'http://localhost:46556/session/8555b8d238d4f1532b7df6453e3ebac0/url'
10:13:21.878 [Forwarding getCurrentUrl on session 8555b8d238d4f1532b7df6453e3ebac0 to remote] DEBUG org.asynchttpclient.netty.request.NettyRequestSender - Using open Channel [id: 0xa6324c2a, L:/127.0.0.1:51841 - R:localhost/127.0.0.1:46556] for GET '/session/8555b8d238d4f1532b7df6453e3ebac0/url'
10:13:21.881 [AsyncHttpClient-1-20] DEBUG org.asynchttpclient.netty.handler.HttpHandler - 

Request DefaultFullHttpRequest(decodeResult: success, version: HTTP/1.1, content: EmptyByteBufBE)
GET /session/8555b8d238d4f1532b7df6453e3ebac0/url HTTP/1.1
User-Agent: selenium/4.8.1 (java windows)
Cache-Control: no-cache
Content-Type: application/json; charset=utf-8
host: localhost:46556
accept: */*

Response DefaultHttpResponse(decodeResult: success, version: HTTP/1.1)
HTTP/1.1 200 OK
Content-Length: 41
Content-Type: application/json; charset=utf-8
cache-control: no-cache

10:13:21.881 [AsyncHttpClient-1-20] DEBUG org.asynchttpclient.netty.channel.ChannelManager - Adding key: http://localhost:46556 for channel [id: 0xa6324c2a, L:/127.0.0.1:51841 - R:localhost/127.0.0.1:46556]
10:13:21.882 [main] DEBUG net.thucydides.core.steps.StepInterceptor - STARTING STEP: TransactionSteps.clickTransactionOption - clickTransactionOption
10:13:21.883 [Forwarding findElement on session 8555b8d238d4f1532b7df6453e3ebac0 to remote] DEBUG org.asynchttpclient.netty.request.NettyRequestSender - Using pooled Channel '[id: 0xa6324c2a, L:/127.0.0.1:51841 - R:localhost/127.0.0.1:46556]' for 'POST' to 'http://localhost:46556/session/8555b8d238d4f1532b7df6453e3ebac0/element'
10:13:21.883 [Forwarding findElement on session 8555b8d238d4f1532b7df6453e3ebac0 to remote] DEBUG org.asynchttpclient.netty.request.NettyRequestSender - Using open Channel [id: 0xa6324c2a, L:/127.0.0.1:51841 - R:localhost/127.0.0.1:46556] for POST '/session/8555b8d238d4f1532b7df6453e3ebac0/element'
10:13:21.897 [AsyncHttpClient-1-20] DEBUG org.asynchttpclient.netty.handler.HttpHandler - 

Request DefaultHttpRequest(decodeResult: success, version: HTTP/1.1)
POST /session/8555b8d238d4f1532b7df6453e3ebac0/element HTTP/1.1
User-Agent: selenium/4.8.1 (java windows)
Content-Length: 132
Content-Type: application/json; charset=utf-8
host: localhost:46556
accept: */*

Response DefaultHttpResponse(decodeResult: success, version: HTTP/1.1)
HTTP/1.1 200 OK
Content-Length: 88
Content-Type: application/json; charset=utf-8
cache-control: no-cache

10:13:21.897 [AsyncHttpClient-1-20] DEBUG org.asynchttpclient.netty.channel.ChannelManager - Adding key: http://localhost:46556 for channel [id: 0xa6324c2a, L:/127.0.0.1:51841 - R:localhost/127.0.0.1:46556]
10:13:21.897 [Forwarding getElementTagName on session 8555b8d238d4f1532b7df6453e3ebac0 to remote] DEBUG org.asynchttpclient.netty.request.NettyRequestSender - Using pooled Channel '[id: 0xa6324c2a, L:/127.0.0.1:51841 - R:localhost/127.0.0.1:46556]' for 'GET' to 'http://localhost:46556/session/8555b8d238d4f1532b7df6453e3ebac0/element/4ff22121-f0c3-4ece-be38-14622333c7df/name'
10:13:21.897 [Forwarding getElementTagName on session 8555b8d238d4f1532b7df6453e3ebac0 to remote] DEBUG org.asynchttpclient.netty.request.NettyRequestSender - Using open Channel [id: 0xa6324c2a, L:/127.0.0.1:51841 - R:localhost/127.0.0.1:46556] for GET '/session/8555b8d238d4f1532b7df6453e3ebac0/element/4ff22121-f0c3-4ece-be38-14622333c7df/name'
10:13:21.900 [AsyncHttpClient-1-20] DEBUG org.asynchttpclient.netty.handler.HttpHandler - 

Request DefaultFullHttpRequest(decodeResult: success, version: HTTP/1.1, content: EmptyByteBufBE)
GET /session/8555b8d238d4f1532b7df6453e3ebac0/element/4ff22121-f0c3-4ece-be38-14622333c7df/name HTTP/1.1
User-Agent: selenium/4.8.1 (java windows)
Cache-Control: no-cache
Content-Type: application/json; charset=utf-8
host: localhost:46556
accept: */*

Response DefaultHttpResponse(decodeResult: success, version: HTTP/1.1)
HTTP/1.1 200 OK
Content-Length: 15
Content-Type: application/json; charset=utf-8
cache-control: no-cache

10:13:21.900 [AsyncHttpClient-1-20] DEBUG org.asynchttpclient.netty.channel.ChannelManager - Adding key: http://localhost:46556 for channel [id: 0xa6324c2a, L:/127.0.0.1:51841 - R:localhost/127.0.0.1:46556]
10:13:21.901 [Forwarding getElementTagName on session 8555b8d238d4f1532b7df6453e3ebac0 to remote] DEBUG org.asynchttpclient.netty.request.NettyRequestSender - Using pooled Channel '[id: 0xa6324c2a, L:/127.0.0.1:51841 - R:localhost/127.0.0.1:46556]' for 'GET' to 'http://localhost:46556/session/8555b8d238d4f1532b7df6453e3ebac0/element/4ff22121-f0c3-4ece-be38-14622333c7df/name'
10:13:21.901 [Forwarding getElementTagName on session 8555b8d238d4f1532b7df6453e3ebac0 to remote] DEBUG org.asynchttpclient.netty.request.NettyRequestSender - Using open Channel [id: 0xa6324c2a, L:/127.0.0.1:51841 - R:localhost/127.0.0.1:46556] for GET '/session/8555b8d238d4f1532b7df6453e3ebac0/element/4ff22121-f0c3-4ece-be38-14622333c7df/name'
10:13:21.903 [AsyncHttpClient-1-20] DEBUG org.asynchttpclient.netty.handler.HttpHandler - 

Request DefaultFullHttpRequest(decodeResult: success, version: HTTP/1.1, content: EmptyByteBufBE)
GET /session/8555b8d238d4f1532b7df6453e3ebac0/element/4ff22121-f0c3-4ece-be38-14622333c7df/name HTTP/1.1
User-Agent: selenium/4.8.1 (java windows)
Cache-Control: no-cache
Content-Type: application/json; charset=utf-8
host: localhost:46556
accept: */*

Response DefaultHttpResponse(decodeResult: success, version: HTTP/1.1)
HTTP/1.1 200 OK
Content-Length: 15
Content-Type: application/json; charset=utf-8
cache-control: no-cache

10:13:21.903 [AsyncHttpClient-1-20] DEBUG org.asynchttpclient.netty.channel.ChannelManager - Adding key: http://localhost:46556 for channel [id: 0xa6324c2a, L:/127.0.0.1:51841 - R:localhost/127.0.0.1:46556]
10:13:21.904 [Forwarding findElement on session 8555b8d238d4f1532b7df6453e3ebac0 to remote] DEBUG org.asynchttpclient.netty.request.NettyRequestSender - Using pooled Channel '[id: 0xa6324c2a, L:/127.0.0.1:51841 - R:localhost/127.0.0.1:46556]' for 'POST' to 'http://localhost:46556/session/8555b8d238d4f1532b7df6453e3ebac0/element'
10:13:21.904 [Forwarding findElement on session 8555b8d238d4f1532b7df6453e3ebac0 to remote] DEBUG org.asynchttpclient.netty.request.NettyRequestSender - Using open Channel [id: 0xa6324c2a, L:/127.0.0.1:51841 - R:localhost/127.0.0.1:46556] for POST '/session/8555b8d238d4f1532b7df6453e3ebac0/element'
10:13:21.911 [AsyncHttpClient-1-20] DEBUG org.asynchttpclient.netty.handler.HttpHandler - 

Request DefaultHttpRequest(decodeResult: success, version: HTTP/1.1)
POST /session/8555b8d238d4f1532b7df6453e3ebac0/element HTTP/1.1
User-Agent: selenium/4.8.1 (java windows)
Content-Length: 132
Content-Type: application/json; charset=utf-8
host: localhost:46556
accept: */*

Response DefaultHttpResponse(decodeResult: success, version: HTTP/1.1)
HTTP/1.1 200 OK
Content-Length: 88
Content-Type: application/json; charset=utf-8
cache-control: no-cache

10:13:21.911 [AsyncHttpClient-1-20] DEBUG org.asynchttpclient.netty.channel.ChannelManager - Adding key: http://localhost:46556 for channel [id: 0xa6324c2a, L:/127.0.0.1:51841 - R:localhost/127.0.0.1:46556]
10:13:21.912 [Forwarding clickElement on session 8555b8d238d4f1532b7df6453e3ebac0 to remote] DEBUG org.asynchttpclient.netty.request.NettyRequestSender - Using pooled Channel '[id: 0xa6324c2a, L:/127.0.0.1:51841 - R:localhost/127.0.0.1:46556]' for 'POST' to 'http://localhost:46556/session/8555b8d238d4f1532b7df6453e3ebac0/element/4ff22121-f0c3-4ece-be38-14622333c7df/click'
10:13:21.912 [Forwarding clickElement on session 8555b8d238d4f1532b7df6453e3ebac0 to remote] DEBUG org.asynchttpclient.netty.request.NettyRequestSender - Using open Channel [id: 0xa6324c2a, L:/127.0.0.1:51841 - R:localhost/127.0.0.1:46556] for POST '/session/8555b8d238d4f1532b7df6453e3ebac0/element/4ff22121-f0c3-4ece-be38-14622333c7df/click'
10:13:21.969 [AsyncHttpClient-1-20] DEBUG org.asynchttpclient.netty.handler.HttpHandler - 

Request DefaultHttpRequest(decodeResult: success, version: HTTP/1.1)
POST /session/8555b8d238d4f1532b7df6453e3ebac0/element/4ff22121-f0c3-4ece-be38-14622333c7df/click HTTP/1.1
User-Agent: selenium/4.8.1 (java windows)
Content-Length: 50
Content-Type: application/json; charset=utf-8
host: localhost:46556
accept: */*

Response DefaultHttpResponse(decodeResult: success, version: HTTP/1.1)
HTTP/1.1 200 OK
Content-Length: 14
Content-Type: application/json; charset=utf-8
cache-control: no-cache

10:13:21.969 [AsyncHttpClient-1-20] DEBUG org.asynchttpclient.netty.channel.ChannelManager - Adding key: http://localhost:46556 for channel [id: 0xa6324c2a, L:/127.0.0.1:51841 - R:localhost/127.0.0.1:46556]
10:13:21.974 [Forwarding getAlertText on session 8555b8d238d4f1532b7df6453e3ebac0 to remote] DEBUG org.asynchttpclient.netty.request.NettyRequestSender - Using pooled Channel '[id: 0xa6324c2a, L:/127.0.0.1:51841 - R:localhost/127.0.0.1:46556]' for 'GET' to 'http://localhost:46556/session/8555b8d238d4f1532b7df6453e3ebac0/alert/text'
10:13:21.974 [Forwarding getAlertText on session 8555b8d238d4f1532b7df6453e3ebac0 to remote] DEBUG org.asynchttpclient.netty.request.NettyRequestSender - Using open Channel [id: 0xa6324c2a, L:/127.0.0.1:51841 - R:localhost/127.0.0.1:46556] for GET '/session/8555b8d238d4f1532b7df6453e3ebac0/alert/text'
10:13:22.041 [AsyncHttpClient-1-20] DEBUG org.asynchttpclient.netty.handler.HttpHandler - 

Request DefaultFullHttpRequest(decodeResult: success, version: HTTP/1.1, content: EmptyByteBufBE)
GET /session/8555b8d238d4f1532b7df6453e3ebac0/alert/text HTTP/1.1
User-Agent: selenium/4.8.1 (java windows)
Cache-Control: no-cache
Content-Type: application/json; charset=utf-8
host: localhost:46556
accept: */*

Response DefaultHttpResponse(decodeResult: success, version: HTTP/1.1)
HTTP/1.1 404 Not Found
Content-Length: 836
Content-Type: application/json; charset=utf-8
cache-control: no-cache

10:13:22.041 [AsyncHttpClient-1-20] DEBUG org.asynchttpclient.netty.channel.ChannelManager - Adding key: http://localhost:46556 for channel [id: 0xa6324c2a, L:/127.0.0.1:51841 - R:localhost/127.0.0.1:46556]
10:13:22.042 [Forwarding getCurrentUrl on session 8555b8d238d4f1532b7df6453e3ebac0 to remote] DEBUG org.asynchttpclient.netty.request.NettyRequestSender - Using pooled Channel '[id: 0xa6324c2a, L:/127.0.0.1:51841 - R:localhost/127.0.0.1:46556]' for 'GET' to 'http://localhost:46556/session/8555b8d238d4f1532b7df6453e3ebac0/url'
10:13:22.042 [Forwarding getCurrentUrl on session 8555b8d238d4f1532b7df6453e3ebac0 to remote] DEBUG org.asynchttpclient.netty.request.NettyRequestSender - Using open Channel [id: 0xa6324c2a, L:/127.0.0.1:51841 - R:localhost/127.0.0.1:46556] for GET '/session/8555b8d238d4f1532b7df6453e3ebac0/url'
10:13:22.044 [AsyncHttpClient-1-20] DEBUG org.asynchttpclient.netty.handler.HttpHandler - 

Request DefaultFullHttpRequest(decodeResult: success, version: HTTP/1.1, content: EmptyByteBufBE)
GET /session/8555b8d238d4f1532b7df6453e3ebac0/url HTTP/1.1
User-Agent: selenium/4.8.1 (java windows)
Cache-Control: no-cache
Content-Type: application/json; charset=utf-8
host: localhost:46556
accept: */*

Response DefaultHttpResponse(decodeResult: success, version: HTTP/1.1)
HTTP/1.1 200 OK
Content-Length: 52
Content-Type: application/json; charset=utf-8
cache-control: no-cache

10:13:22.044 [AsyncHttpClient-1-20] DEBUG org.asynchttpclient.netty.channel.ChannelManager - Adding key: http://localhost:46556 for channel [id: 0xa6324c2a, L:/127.0.0.1:51841 - R:localhost/127.0.0.1:46556]
10:13:22.045 [Forwarding screenshot on session 8555b8d238d4f1532b7df6453e3ebac0 to remote] DEBUG org.asynchttpclient.netty.request.NettyRequestSender - Using pooled Channel '[id: 0xa6324c2a, L:/127.0.0.1:51841 - R:localhost/127.0.0.1:46556]' for 'GET' to 'http://localhost:46556/session/8555b8d238d4f1532b7df6453e3ebac0/screenshot'
10:13:22.045 [Forwarding screenshot on session 8555b8d238d4f1532b7df6453e3ebac0 to remote] DEBUG org.asynchttpclient.netty.request.NettyRequestSender - Using open Channel [id: 0xa6324c2a, L:/127.0.0.1:51841 - R:localhost/127.0.0.1:46556] for GET '/session/8555b8d238d4f1532b7df6453e3ebac0/screenshot'
10:13:22.100 [AsyncHttpClient-1-1] DEBUG org.asynchttpclient.netty.channel.DefaultChannelPool - Entry count for : http://localhost:51842 : 1
10:13:22.157 [AsyncHttpClient-1-20] DEBUG org.asynchttpclient.netty.handler.HttpHandler - 

Request DefaultFullHttpRequest(decodeResult: success, version: HTTP/1.1, content: EmptyByteBufBE)
GET /session/8555b8d238d4f1532b7df6453e3ebac0/screenshot HTTP/1.1
User-Agent: selenium/4.8.1 (java windows)
Cache-Control: no-cache
Content-Type: application/json; charset=utf-8
host: localhost:46556
accept: */*

Response DefaultHttpResponse(decodeResult: success, version: HTTP/1.1)
HTTP/1.1 200 OK
Content-Length: 46828
Content-Type: application/json; charset=utf-8
cache-control: no-cache

10:13:22.157 [AsyncHttpClient-1-20] DEBUG org.asynchttpclient.netty.channel.ChannelManager - Adding key: http://localhost:46556 for channel [id: 0xa6324c2a, L:/127.0.0.1:51841 - R:localhost/127.0.0.1:46556]
10:13:22.159 [main] DEBUG net.serenitybdd.core.photography.Darkroom - Send negative for processing for target\site\serenity\faaa373a09414ee5beddfb40c0b4b56f54eaf42dc7a546ddbd9d8d44e8c3e11a.png
10:13:22.159 [main] DEBUG net.thucydides.core.steps.StepInterceptor - STEP DONE: clickTransactionOption
  &amp#27;[32mAnd &amp#27;[0m&amp#27;[32mI click transaction option&amp#27;[0m                          &amp#27;[90m# starter.stepdefinitions.TransactionSteps.clickTransactionOption()&amp#27;[0m
10:13:22.159 [Darkroom Processing Line] DEBUG net.serenitybdd.core.photography.DarkroomProcessingLine - Processing screenshot image in /var/screenshots/screenshot-4152886539627679630
10:13:22.159 [Darkroom Processing Line] DEBUG net.serenitybdd.core.photography.DarkroomProcessingLine - Saving screenshot to target\site\serenity\faaa373a09414ee5beddfb40c0b4b56f54eaf42dc7a546ddbd9d8d44e8c3e11a.png
10:13:22.166 [Forwarding getPageSource on session 8555b8d238d4f1532b7df6453e3ebac0 to remote] DEBUG org.asynchttpclient.netty.request.NettyRequestSender - Using pooled Channel '[id: 0xa6324c2a, L:/127.0.0.1:51841 - R:localhost/127.0.0.1:46556]' for 'POST' to 'http://localhost:46556/session/8555b8d238d4f1532b7df6453e3ebac0/execute/sync'
10:13:22.166 [Forwarding getPageSource on session 8555b8d238d4f1532b7df6453e3ebac0 to remote] DEBUG org.asynchttpclient.netty.request.NettyRequestSender - Using open Channel [id: 0xa6324c2a, L:/127.0.0.1:51841 - R:localhost/127.0.0.1:46556] for POST '/session/8555b8d238d4f1532b7df6453e3ebac0/execute/sync'
10:13:22.172 [AsyncHttpClient-1-20] DEBUG org.asynchttpclient.netty.handler.HttpHandler - 

Request DefaultHttpRequest(decodeResult: success, version: HTTP/1.1)
POST /session/8555b8d238d4f1532b7df6453e3ebac0/execute/sync HTTP/1.1
User-Agent: selenium/4.8.1 (java windows)
Content-Length: 176
Content-Type: application/json; charset=utf-8
host: localhost:46556
accept: */*

Response DefaultHttpResponse(decodeResult: success, version: HTTP/1.1)
HTTP/1.1 200 OK
Content-Length: 25400
Content-Type: application/json; charset=utf-8
cache-control: no-cache

10:13:22.172 [AsyncHttpClient-1-20] DEBUG org.asynchttpclient.netty.channel.ChannelManager - Adding key: http://localhost:46556 for channel [id: 0xa6324c2a, L:/127.0.0.1:51841 - R:localhost/127.0.0.1:46556]
10:13:22.198 [Forwarding getCurrentUrl on session 8555b8d238d4f1532b7df6453e3ebac0 to remote] DEBUG org.asynchttpclient.netty.request.NettyRequestSender - Using pooled Channel '[id: 0xa6324c2a, L:/127.0.0.1:51841 - R:localhost/127.0.0.1:46556]' for 'GET' to 'http://localhost:46556/session/8555b8d238d4f1532b7df6453e3ebac0/url'
10:13:22.198 [Forwarding getCurrentUrl on session 8555b8d238d4f1532b7df6453e3ebac0 to remote] DEBUG org.asynchttpclient.netty.request.NettyRequestSender - Using open Channel [id: 0xa6324c2a, L:/127.0.0.1:51841 - R:localhost/127.0.0.1:46556] for GET '/session/8555b8d238d4f1532b7df6453e3ebac0/url'
10:13:22.201 [AsyncHttpClient-1-20] DEBUG org.asynchttpclient.netty.handler.HttpHandler - 

Request DefaultFullHttpRequest(decodeResult: success, version: HTTP/1.1, content: EmptyByteBufBE)
GET /session/8555b8d238d4f1532b7df6453e3ebac0/url HTTP/1.1
User-Agent: selenium/4.8.1 (java windows)
Cache-Control: no-cache
Content-Type: application/json; charset=utf-8
host: localhost:46556
accept: */*

Response DefaultHttpResponse(decodeResult: success, version: HTTP/1.1)
HTTP/1.1 200 OK
Content-Length: 52
Content-Type: application/json; charset=utf-8
cache-control: no-cache

10:13:22.201 [AsyncHttpClient-1-20] DEBUG org.asynchttpclient.netty.channel.ChannelManager - Adding key: http://localhost:46556 for channel [id: 0xa6324c2a, L:/127.0.0.1:51841 - R:localhost/127.0.0.1:46556]
10:13:22.212 [Forwarding getAlertText on session 8555b8d238d4f1532b7df6453e3ebac0 to remote] DEBUG org.asynchttpclient.netty.request.NettyRequestSender - Using pooled Channel '[id: 0xa6324c2a, L:/127.0.0.1:51841 - R:localhost/127.0.0.1:46556]' for 'GET' to 'http://localhost:46556/session/8555b8d238d4f1532b7df6453e3ebac0/alert/text'
10:13:22.212 [Forwarding getAlertText on session 8555b8d238d4f1532b7df6453e3ebac0 to remote] DEBUG org.asynchttpclient.netty.request.NettyRequestSender - Using open Channel [id: 0xa6324c2a, L:/127.0.0.1:51841 - R:localhost/127.0.0.1:46556] for GET '/session/8555b8d238d4f1532b7df6453e3ebac0/alert/text'
10:13:22.214 [AsyncHttpClient-1-20] DEBUG org.asynchttpclient.netty.handler.HttpHandler - 

Request DefaultFullHttpRequest(decodeResult: success, version: HTTP/1.1, content: EmptyByteBufBE)
GET /session/8555b8d238d4f1532b7df6453e3ebac0/alert/text HTTP/1.1
User-Agent: selenium/4.8.1 (java windows)
Cache-Control: no-cache
Content-Type: application/json; charset=utf-8
host: localhost:46556
accept: */*

Response DefaultHttpResponse(decodeResult: success, version: HTTP/1.1)
HTTP/1.1 404 Not Found
Content-Length: 836
Content-Type: application/json; charset=utf-8
cache-control: no-cache

10:13:22.214 [AsyncHttpClient-1-20] DEBUG org.asynchttpclient.netty.channel.ChannelManager - Adding key: http://localhost:46556 for channel [id: 0xa6324c2a, L:/127.0.0.1:51841 - R:localhost/127.0.0.1:46556]
10:13:22.215 [Forwarding getCurrentUrl on session 8555b8d238d4f1532b7df6453e3ebac0 to remote] DEBUG org.asynchttpclient.netty.request.NettyRequestSender - Using pooled Channel '[id: 0xa6324c2a, L:/127.0.0.1:51841 - R:localhost/127.0.0.1:46556]' for 'GET' to 'http://localhost:46556/session/8555b8d238d4f1532b7df6453e3ebac0/url'
10:13:22.215 [Forwarding getCurrentUrl on session 8555b8d238d4f1532b7df6453e3ebac0 to remote] DEBUG org.asynchttpclient.netty.request.NettyRequestSender - Using open Channel [id: 0xa6324c2a, L:/127.0.0.1:51841 - R:localhost/127.0.0.1:46556] for GET '/session/8555b8d238d4f1532b7df6453e3ebac0/url'
10:13:22.218 [AsyncHttpClient-1-20] DEBUG org.asynchttpclient.netty.handler.HttpHandler - 

Request DefaultFullHttpRequest(decodeResult: success, version: HTTP/1.1, content: EmptyByteBufBE)
GET /session/8555b8d238d4f1532b7df6453e3ebac0/url HTTP/1.1
User-Agent: selenium/4.8.1 (java windows)
Cache-Control: no-cache
Content-Type: application/json; charset=utf-8
host: localhost:46556
accept: */*

Response DefaultHttpResponse(decodeResult: success, version: HTTP/1.1)
HTTP/1.1 200 OK
Content-Length: 52
Content-Type: application/json; charset=utf-8
cache-control: no-cache

10:13:22.218 [AsyncHttpClient-1-20] DEBUG org.asynchttpclient.netty.channel.ChannelManager - Adding key: http://localhost:46556 for channel [id: 0xa6324c2a, L:/127.0.0.1:51841 - R:localhost/127.0.0.1:46556]
10:13:22.219 [Forwarding screenshot on session 8555b8d238d4f1532b7df6453e3ebac0 to remote] DEBUG org.asynchttpclient.netty.request.NettyRequestSender - Using pooled Channel '[id: 0xa6324c2a, L:/127.0.0.1:51841 - R:localhost/127.0.0.1:46556]' for 'GET' to 'http://localhost:46556/session/8555b8d238d4f1532b7df6453e3ebac0/screenshot'
10:13:22.219 [Forwarding screenshot on session 8555b8d238d4f1532b7df6453e3ebac0 to remote] DEBUG org.asynchttpclient.netty.request.NettyRequestSender - Using open Channel [id: 0xa6324c2a, L:/127.0.0.1:51841 - R:localhost/127.0.0.1:46556] for GET '/session/8555b8d238d4f1532b7df6453e3ebac0/screenshot'
10:13:22.346 [AsyncHttpClient-1-20] DEBUG org.asynchttpclient.netty.handler.HttpHandler - 

Request DefaultFullHttpRequest(decodeResult: success, version: HTTP/1.1, content: EmptyByteBufBE)
GET /session/8555b8d238d4f1532b7df6453e3ebac0/screenshot HTTP/1.1
User-Agent: selenium/4.8.1 (java windows)
Cache-Control: no-cache
Content-Type: application/json; charset=utf-8
host: localhost:46556
accept: */*

Response DefaultHttpResponse(decodeResult: success, version: HTTP/1.1)
HTTP/1.1 200 OK
Content-Length: 38600
Content-Type: application/json; charset=utf-8
cache-control: no-cache

10:13:22.347 [AsyncHttpClient-1-20] DEBUG org.asynchttpclient.netty.channel.ChannelManager - Adding key: http://localhost:46556 for channel [id: 0xa6324c2a, L:/127.0.0.1:51841 - R:localhost/127.0.0.1:46556]
10:13:22.348 [main] DEBUG net.serenitybdd.core.photography.Darkroom - Send negative for processing for target\site\serenity\cf5dcf2e30df801d209ce4750c0e6393e4a69b3ea0ae7fe6282cf46ca7e79ba6.png
10:13:22.348 [Darkroom Processing Line] DEBUG net.serenitybdd.core.photography.DarkroomProcessingLine - Processing screenshot image in /var/screenshots/screenshot-3775636334330094324
10:13:22.348 [Darkroom Processing Line] DEBUG net.serenitybdd.core.photography.DarkroomProcessingLine - Saving screenshot to target\site\serenity\cf5dcf2e30df801d209ce4750c0e6393e4a69b3ea0ae7fe6282cf46ca7e79ba6.png
10:13:22.349 [Forwarding getPageSource on session 8555b8d238d4f1532b7df6453e3ebac0 to remote] DEBUG org.asynchttpclient.netty.request.NettyRequestSender - Using pooled Channel '[id: 0xa6324c2a, L:/127.0.0.1:51841 - R:localhost/127.0.0.1:46556]' for 'POST' to 'http://localhost:46556/session/8555b8d238d4f1532b7df6453e3ebac0/execute/sync'
10:13:22.349 [Forwarding getPageSource on session 8555b8d238d4f1532b7df6453e3ebac0 to remote] DEBUG org.asynchttpclient.netty.request.NettyRequestSender - Using open Channel [id: 0xa6324c2a, L:/127.0.0.1:51841 - R:localhost/127.0.0.1:46556] for POST '/session/8555b8d238d4f1532b7df6453e3ebac0/execute/sync'
10:13:22.353 [AsyncHttpClient-1-20] DEBUG org.asynchttpclient.netty.handler.HttpHandler - 

Request DefaultHttpRequest(decodeResult: success, version: HTTP/1.1)
POST /session/8555b8d238d4f1532b7df6453e3ebac0/execute/sync HTTP/1.1
User-Agent: selenium/4.8.1 (java windows)
Content-Length: 176
Content-Type: application/json; charset=utf-8
host: localhost:46556
accept: */*

Response DefaultHttpResponse(decodeResult: success, version: HTTP/1.1)
HTTP/1.1 200 OK
Content-Length: 25358
Content-Type: application/json; charset=utf-8
cache-control: no-cache

10:13:22.353 [AsyncHttpClient-1-20] DEBUG org.asynchttpclient.netty.channel.ChannelManager - Adding key: http://localhost:46556 for channel [id: 0xa6324c2a, L:/127.0.0.1:51841 - R:localhost/127.0.0.1:46556]
10:13:22.366 [Forwarding getCurrentUrl on session 8555b8d238d4f1532b7df6453e3ebac0 to remote] DEBUG org.asynchttpclient.netty.request.NettyRequestSender - Using pooled Channel '[id: 0xa6324c2a, L:/127.0.0.1:51841 - R:localhost/127.0.0.1:46556]' for 'GET' to 'http://localhost:46556/session/8555b8d238d4f1532b7df6453e3ebac0/url'
10:13:22.366 [Forwarding getCurrentUrl on session 8555b8d238d4f1532b7df6453e3ebac0 to remote] DEBUG org.asynchttpclient.netty.request.NettyRequestSender - Using open Channel [id: 0xa6324c2a, L:/127.0.0.1:51841 - R:localhost/127.0.0.1:46556] for GET '/session/8555b8d238d4f1532b7df6453e3ebac0/url'
10:13:22.370 [AsyncHttpClient-1-20] DEBUG org.asynchttpclient.netty.handler.HttpHandler - 

Request DefaultFullHttpRequest(decodeResult: success, version: HTTP/1.1, content: EmptyByteBufBE)
GET /session/8555b8d238d4f1532b7df6453e3ebac0/url HTTP/1.1
User-Agent: selenium/4.8.1 (java windows)
Cache-Control: no-cache
Content-Type: application/json; charset=utf-8
host: localhost:46556
accept: */*

Response DefaultHttpResponse(decodeResult: success, version: HTTP/1.1)
HTTP/1.1 200 OK
Content-Length: 52
Content-Type: application/json; charset=utf-8
cache-control: no-cache

10:13:22.370 [AsyncHttpClient-1-20] DEBUG org.asynchttpclient.netty.channel.ChannelManager - Adding key: http://localhost:46556 for channel [id: 0xa6324c2a, L:/127.0.0.1:51841 - R:localhost/127.0.0.1:46556]
10:13:22.371 [main] DEBUG net.thucydides.core.steps.StepInterceptor - STARTING STEP: TransactionSteps.validateOnTransactionPage - validateOnTransactionPage
10:13:22.372 [Forwarding findElement on session 8555b8d238d4f1532b7df6453e3ebac0 to remote] DEBUG org.asynchttpclient.netty.request.NettyRequestSender - Using pooled Channel '[id: 0xa6324c2a, L:/127.0.0.1:51841 - R:localhost/127.0.0.1:46556]' for 'POST' to 'http://localhost:46556/session/8555b8d238d4f1532b7df6453e3ebac0/element'
10:13:22.372 [Forwarding findElement on session 8555b8d238d4f1532b7df6453e3ebac0 to remote] DEBUG org.asynchttpclient.netty.request.NettyRequestSender - Using open Channel [id: 0xa6324c2a, L:/127.0.0.1:51841 - R:localhost/127.0.0.1:46556] for POST '/session/8555b8d238d4f1532b7df6453e3ebac0/element'
10:13:22.382 [AsyncHttpClient-1-20] DEBUG org.asynchttpclient.netty.handler.HttpHandler - 

Request DefaultHttpRequest(decodeResult: success, version: HTTP/1.1)
POST /session/8555b8d238d4f1532b7df6453e3ebac0/element HTTP/1.1
User-Agent: selenium/4.8.1 (java windows)
Content-Length: 85
Content-Type: application/json; charset=utf-8
host: localhost:46556
accept: */*

Response DefaultHttpResponse(decodeResult: success, version: HTTP/1.1)
HTTP/1.1 200 OK
Content-Length: 88
Content-Type: application/json; charset=utf-8
cache-control: no-cache

10:13:22.382 [AsyncHttpClient-1-20] DEBUG org.asynchttpclient.netty.channel.ChannelManager - Adding key: http://localhost:46556 for channel [id: 0xa6324c2a, L:/127.0.0.1:51841 - R:localhost/127.0.0.1:46556]
10:13:22.384 [Forwarding isElementDisplayed on session 8555b8d238d4f1532b7df6453e3ebac0 to remote] DEBUG org.asynchttpclient.netty.request.NettyRequestSender - Using pooled Channel '[id: 0xa6324c2a, L:/127.0.0.1:51841 - R:localhost/127.0.0.1:46556]' for 'POST' to 'http://localhost:46556/session/8555b8d238d4f1532b7df6453e3ebac0/execute/sync'
10:13:22.384 [Forwarding isElementDisplayed on session 8555b8d238d4f1532b7df6453e3ebac0 to remote] DEBUG org.asynchttpclient.netty.request.NettyRequestSender - Using open Channel [id: 0xa6324c2a, L:/127.0.0.1:51841 - R:localhost/127.0.0.1:46556] for POST '/session/8555b8d238d4f1532b7df6453e3ebac0/execute/sync'
10:13:22.394 [AsyncHttpClient-1-20] DEBUG org.asynchttpclient.netty.handler.HttpHandler - 

Request DefaultHttpRequest(decodeResult: success, version: HTTP/1.1)
POST /session/8555b8d238d4f1532b7df6453e3ebac0/execute/sync HTTP/1.1
User-Agent: selenium/4.8.1 (java windows)
Content-Length: 48807
Content-Type: application/json; charset=utf-8
host: localhost:46556
accept: */*

Response DefaultHttpResponse(decodeResult: success, version: HTTP/1.1)
HTTP/1.1 200 OK
Content-Length: 14
Content-Type: application/json; charset=utf-8
cache-control: no-cache

10:13:22.394 [AsyncHttpClient-1-20] DEBUG org.asynchttpclient.netty.channel.ChannelManager - Adding key: http://localhost:46556 for channel [id: 0xa6324c2a, L:/127.0.0.1:51841 - R:localhost/127.0.0.1:46556]
10:13:22.397 [main] DEBUG net.thucydides.core.steps.StepInterceptor - STEP DONE: validateOnTransactionPage
  &amp#27;[32mThen &amp#27;[0m&amp#27;[32mI am on the transaction page&amp#27;[0m                       &amp#27;[90m# starter.stepdefinitions.TransactionSteps.validateOnTransactionPage()&amp#27;[0m
10:13:22.400 [Forwarding getAlertText on session 8555b8d238d4f1532b7df6453e3ebac0 to remote] DEBUG org.asynchttpclient.netty.request.NettyRequestSender - Using pooled Channel '[id: 0xa6324c2a, L:/127.0.0.1:51841 - R:localhost/127.0.0.1:46556]' for 'GET' to 'http://localhost:46556/session/8555b8d238d4f1532b7df6453e3ebac0/alert/text'
10:13:22.400 [Forwarding getAlertText on session 8555b8d238d4f1532b7df6453e3ebac0 to remote] DEBUG org.asynchttpclient.netty.request.NettyRequestSender - Using open Channel [id: 0xa6324c2a, L:/127.0.0.1:51841 - R:localhost/127.0.0.1:46556] for GET '/session/8555b8d238d4f1532b7df6453e3ebac0/alert/text'
10:13:22.401 [AsyncHttpClient-1-20] DEBUG org.asynchttpclient.netty.handler.HttpHandler - 

Request DefaultFullHttpRequest(decodeResult: success, version: HTTP/1.1, content: EmptyByteBufBE)
GET /session/8555b8d238d4f1532b7df6453e3ebac0/alert/text HTTP/1.1
User-Agent: selenium/4.8.1 (java windows)
Cache-Control: no-cache
Content-Type: application/json; charset=utf-8
host: localhost:46556
accept: */*

Response DefaultHttpResponse(decodeResult: success, version: HTTP/1.1)
HTTP/1.1 404 Not Found
Content-Length: 836
Content-Type: application/json; charset=utf-8
cache-control: no-cache

10:13:22.401 [AsyncHttpClient-1-20] DEBUG org.asynchttpclient.netty.channel.ChannelManager - Adding key: http://localhost:46556 for channel [id: 0xa6324c2a, L:/127.0.0.1:51841 - R:localhost/127.0.0.1:46556]
10:13:22.401 [Forwarding getCurrentUrl on session 8555b8d238d4f1532b7df6453e3ebac0 to remote] DEBUG org.asynchttpclient.netty.request.NettyRequestSender - Using pooled Channel '[id: 0xa6324c2a, L:/127.0.0.1:51841 - R:localhost/127.0.0.1:46556]' for 'GET' to 'http://localhost:46556/session/8555b8d238d4f1532b7df6453e3ebac0/url'
10:13:22.401 [Forwarding getCurrentUrl on session 8555b8d238d4f1532b7df6453e3ebac0 to remote] DEBUG org.asynchttpclient.netty.request.NettyRequestSender - Using open Channel [id: 0xa6324c2a, L:/127.0.0.1:51841 - R:localhost/127.0.0.1:46556] for GET '/session/8555b8d238d4f1532b7df6453e3ebac0/url'
10:13:22.403 [AsyncHttpClient-1-20] DEBUG org.asynchttpclient.netty.handler.HttpHandler - 

Request DefaultFullHttpRequest(decodeResult: success, version: HTTP/1.1, content: EmptyByteBufBE)
GET /session/8555b8d238d4f1532b7df6453e3ebac0/url HTTP/1.1
User-Agent: selenium/4.8.1 (java windows)
Cache-Control: no-cache
Content-Type: application/json; charset=utf-8
host: localhost:46556
accept: */*

Response DefaultHttpResponse(decodeResult: success, version: HTTP/1.1)
HTTP/1.1 200 OK
Content-Length: 52
Content-Type: application/json; charset=utf-8
cache-control: no-cache

10:13:22.403 [AsyncHttpClient-1-20] DEBUG org.asynchttpclient.netty.channel.ChannelManager - Adding key: http://localhost:46556 for channel [id: 0xa6324c2a, L:/127.0.0.1:51841 - R:localhost/127.0.0.1:46556]
10:13:22.403 [Forwarding screenshot on session 8555b8d238d4f1532b7df6453e3ebac0 to remote] DEBUG org.asynchttpclient.netty.request.NettyRequestSender - Using pooled Channel '[id: 0xa6324c2a, L:/127.0.0.1:51841 - R:localhost/127.0.0.1:46556]' for 'GET' to 'http://localhost:46556/session/8555b8d238d4f1532b7df6453e3ebac0/screenshot'
10:13:22.403 [Forwarding screenshot on session 8555b8d238d4f1532b7df6453e3ebac0 to remote] DEBUG org.asynchttpclient.netty.request.NettyRequestSender - Using open Channel [id: 0xa6324c2a, L:/127.0.0.1:51841 - R:localhost/127.0.0.1:46556] for GET '/session/8555b8d238d4f1532b7df6453e3ebac0/screenshot'
10:13:22.485 [AsyncHttpClient-1-20] DEBUG org.asynchttpclient.netty.handler.HttpHandler - 

Request DefaultFullHttpRequest(decodeResult: success, version: HTTP/1.1, content: EmptyByteBufBE)
GET /session/8555b8d238d4f1532b7df6453e3ebac0/screenshot HTTP/1.1
User-Agent: selenium/4.8.1 (java windows)
Cache-Control: no-cache
Content-Type: application/json; charset=utf-8
host: localhost:46556
accept: */*

Response DefaultHttpResponse(decodeResult: success, version: HTTP/1.1)
HTTP/1.1 200 OK
Content-Length: 38600
Content-Type: application/json; charset=utf-8
cache-control: no-cache

10:13:22.485 [AsyncHttpClient-1-20] DEBUG org.asynchttpclient.netty.channel.ChannelManager - Adding key: http://localhost:46556 for channel [id: 0xa6324c2a, L:/127.0.0.1:51841 - R:localhost/127.0.0.1:46556]
10:13:22.486 [main] DEBUG net.serenitybdd.core.photography.Darkroom - Send negative for processing for target\site\serenity\cf5dcf2e30df801d209ce4750c0e6393e4a69b3ea0ae7fe6282cf46ca7e79ba6.png
10:13:22.487 [main] INFO  - 
  _____   ___   ___   _____     ___     _     ___   ___   ___   ___  
 |_   _| | __| / __| |_   _|   | _ \   /_\   / __| / __| | __| |   \ 
   | |   | _|  \__ \   | |     |  _/  / _ \  \__ \ \__ \ | _|  | |) |
   |_|   |___| |___/   |_|     |_|   /_/ \_\ |___/ |___/ |___| |___/ 

View Transaction
----------------------------------------------------------------------
10:13:22.488 [AsyncHttpClient-1-22] DEBUG org.asynchttpclient.netty.handler.WebSocketHandler - Channel Closed: [id: 0x3c2a3307, L:/127.0.0.1:51849 ! R:localhost/127.0.0.1:51842] with attribute NettyResponseFuture{currentRetry=0,
	isDone=1,
	isCancelled=0,
	asyncHandler=org.asynchttpclient.ws.WebSocketUpgradeHandler@52842e56,
	nettyRequest=org.asynchttpclient.netty.request.NettyRequest@5d08fc83,
	future=java.util.concurrent.CompletableFuture@43fec819[Completed normally],
	uri=ws://localhost:51842/devtools/browser/7c263936-9e95-4b09-996b-f7c8bb40a528,
	keepAlive=true,
	redirectCount=0,
	timeoutsHolder=null,
	inAuth=0,
	touch=1683429198571}
10:13:22.489 [AsyncHttpClient-1-22] DEBUG org.asynchttpclient.netty.channel.ChannelManager - Closing Channel [id: 0x3c2a3307, L:/127.0.0.1:51849 ! R:localhost/127.0.0.1:51842] 
10:13:22.489 [Driver Command Executor] DEBUG org.asynchttpclient.netty.request.NettyRequestSender - Using pooled Channel '[id: 0xa6324c2a, L:/127.0.0.1:51841 - R:localhost/127.0.0.1:46556]' for 'DELETE' to 'http://localhost:46556/session/8555b8d238d4f1532b7df6453e3ebac0'
10:13:22.489 [Driver Command Executor] DEBUG org.asynchttpclient.netty.request.NettyRequestSender - Using open Channel [id: 0xa6324c2a, L:/127.0.0.1:51841 - R:localhost/127.0.0.1:46556] for DELETE '/session/8555b8d238d4f1532b7df6453e3ebac0'
10:13:22.597 [AsyncHttpClient-1-21] DEBUG org.asynchttpclient.netty.handler.HttpHandler - Unexpected I/O exception on channel [id: 0xc1bf18e8, L:/127.0.0.1:51848 - R:localhost/127.0.0.1:51842]
java.io.IOException: An existing connection was forcibly closed by the remote host
	at java.base/sun.nio.ch.SocketDispatcher.read0(Native Method)
	at java.base/sun.nio.ch.SocketDispatcher.read(SocketDispatcher.java:43)
	at java.base/sun.nio.ch.IOUtil.readIntoNativeBuffer(IOUtil.java:276)
	at java.base/sun.nio.ch.IOUtil.read(IOUtil.java:233)
	at java.base/sun.nio.ch.IOUtil.read(IOUtil.java:223)
	at java.base/sun.nio.ch.SocketChannelImpl.read(SocketChannelImpl.java:358)
	at io.netty.buffer.PooledByteBuf.setBytes(PooledByteBuf.java:259)
	at io.netty.buffer.AbstractByteBuf.writeBytes(AbstractByteBuf.java:1132)
	at io.netty.channel.socket.nio.NioSocketChannel.doReadBytes(NioSocketChannel.java:357)
	at io.netty.channel.nio.AbstractNioByteChannel$NioByteUnsafe.read(AbstractNioByteChannel.java:151)
	at io.netty.channel.nio.NioEventLoop.processSelectedKey(NioEventLoop.java:788)
	at io.netty.channel.nio.NioEventLoop.processSelectedKeysOptimized(NioEventLoop.java:724)
	at io.netty.channel.nio.NioEventLoop.processSelectedKeys(NioEventLoop.java:650)
	at io.netty.channel.nio.NioEventLoop.run(NioEventLoop.java:562)
	at io.netty.util.concurrent.SingleThreadEventExecutor$4.run(SingleThreadEventExecutor.java:997)
	at io.netty.util.internal.ThreadExecutorMap$2.run(ThreadExecutorMap.java:74)
	at io.netty.util.concurrent.FastThreadLocalRunnable.run(FastThreadLocalRunnable.java:30)
	at java.base/java.lang.Thread.run(Thread.java:834)
10:13:22.597 [AsyncHttpClient-1-21] DEBUG org.asynchttpclient.netty.channel.ChannelManager - Closing Channel [id: 0xc1bf18e8, L:/127.0.0.1:51848 - R:localhost/127.0.0.1:51842] 
10:13:22.597 [AsyncHttpClient-1-21] DEBUG org.asynchttpclient.netty.handler.HttpHandler - Channel Closed: [id: 0xc1bf18e8, L:/127.0.0.1:51848 ! R:localhost/127.0.0.1:51842] with attribute DISCARD
10:13:22.610 [AsyncHttpClient-1-20] DEBUG org.asynchttpclient.netty.handler.HttpHandler - 

Request DefaultFullHttpRequest(decodeResult: success, version: HTTP/1.1, content: EmptyByteBufBE)
DELETE /session/8555b8d238d4f1532b7df6453e3ebac0 HTTP/1.1
User-Agent: selenium/4.8.1 (java windows)
Content-Type: application/json; charset=utf-8
host: localhost:46556
accept: */*

Response DefaultHttpResponse(decodeResult: success, version: HTTP/1.1)
HTTP/1.1 200 OK
Content-Length: 14
Content-Type: application/json; charset=utf-8
cache-control: no-cache

10:13:22.610 [AsyncHttpClient-1-20] DEBUG org.asynchttpclient.netty.channel.ChannelManager - Adding key: http://localhost:46556 for channel [id: 0xa6324c2a, L:/127.0.0.1:51841 - R:localhost/127.0.0.1:46556]
10:13:22.635 [AsyncHttpClient-1-20] DEBUG org.asynchttpclient.netty.handler.HttpHandler - Channel Closed: [id: 0xa6324c2a, L:/127.0.0.1:51841 ! R:localhost/127.0.0.1:46556] with attribute DISCARD
]]></system-out>
    <system-err><![CDATA[Starting ChromeDriver 111.0.5563.64 (c710e93d5b63b7095afe8c2c17df34408078439d-refs/branch-heads/5563@{#995}) on port 46556
Only local connections are allowed.
Please see https://chromedriver.chromium.org/security-considerations for suggestions on keeping ChromeDriver safe.
ChromeDriver was started successfully.
May 07, 2023 10:13:18 AM org.openqa.selenium.devtools.CdpVersionFinder findNearestMatch
WARNING: Unable to find an exact match for CDP version 111, so returning the closest version found: 110
]]></system-err>
  </testcase>
  <testcase name="View transaction without login" classname="Transaction" time="4.733">
    <system-out><![CDATA[
Scenario: View transaction without login &amp#27;[90m# src/test/resources/features/6. Transaction.feature:13&amp#27;[0m
10:13:23.152 [main] DEBUG io.cucumber.core.plugin.SerenityReporter - Running feature from file:///D:/WebMinpro/code/minpro/src/test/resources/features/6.%20Transaction.feature
10:13:23.153 [main] INFO  - 
  _____   ___   ___   _____     ___   _____     _     ___   _____   ___   ___  
 |_   _| | __| / __| |_   _|   / __| |_   _|   /_\   | _ \ |_   _| | __| |   \ 
   | |   | _|  \__ \   | |     \__ \   | |    / _ \  |   /   | |   | _|  | |) |
   |_|   |___| |___/   |_|     |___/   |_|   /_/ \_\ |_|_\   |_|   |___| |___/ 

View transaction without login(transaction;view-transaction-without-login)
--------------------------------------------------------------------------------
10:13:23.169 [main] DEBUG net.thucydides.core.steps.StepInterceptor - STARTING STEP: CategorySteps.goToHomePage - openPage
10:13:23.208 [AsyncHttpClient-1-1] DEBUG org.asynchttpclient.netty.channel.DefaultChannelPool - Entry count for : http://localhost:51842 : 1
10:13:23.208 [AsyncHttpClient-1-1] DEBUG org.asynchttpclient.netty.channel.DefaultChannelPool - Entry count for : http://localhost:46556 : 1
10:13:23.208 [AsyncHttpClient-1-1] DEBUG org.asynchttpclient.netty.channel.DefaultChannelPool - Adding Candidate expired Channel [id: 0xc1bf18e8, L:/127.0.0.1:51848 ! R:localhost/127.0.0.1:51842] isIdleTimeoutExpired=false isRemotelyClosed=true isTtlExpired=false
10:13:23.208 [AsyncHttpClient-1-1] DEBUG org.asynchttpclient.netty.channel.DefaultChannelPool - Closing Idle Channel [id: 0xc1bf18e8, L:/127.0.0.1:51848 ! R:localhost/127.0.0.1:51842]
10:13:23.208 [AsyncHttpClient-1-1] DEBUG org.asynchttpclient.netty.channel.DefaultChannelPool - Adding Candidate expired Channel [id: 0xa6324c2a, L:/127.0.0.1:51841 ! R:localhost/127.0.0.1:46556] isIdleTimeoutExpired=false isRemotelyClosed=true isTtlExpired=false
10:13:23.208 [AsyncHttpClient-1-1] DEBUG org.asynchttpclient.netty.channel.DefaultChannelPool - Closing Idle Channel [id: 0xa6324c2a, L:/127.0.0.1:51841 ! R:localhost/127.0.0.1:46556]
10:13:23.208 [AsyncHttpClient-1-1] DEBUG org.asynchttpclient.netty.channel.DefaultChannelPool - Closed 2 connections out of 2 in 0 ms
10:13:23.321 [main] INFO net.serenitybdd.core.webdriver.driverproviders.ChromeDriverProvider - Starting Chrome driver instance with capabilities:
10:13:23.321 [main] INFO net.serenitybdd.core.webdriver.driverproviders.ChromeDriverProvider - Capabilities {acceptInsecureCerts: false, browserName: chrome, goog:chromeOptions: {args: [remote-allow-origins=*], extensions: []}}
10:13:23.903 [AsyncHttpClient-1-23] DEBUG org.asynchttpclient.netty.channel.NettyConnectListener - Using new Channel '[id: 0x612b8153, L:/127.0.0.1:51876 - R:localhost/127.0.0.1:14816]' for 'POST' to '/session'
10:13:24.422 [AsyncHttpClient-1-23] DEBUG org.asynchttpclient.netty.handler.HttpHandler - 

Request DefaultHttpRequest(decodeResult: success, version: HTTP/1.1)
POST /session HTTP/1.1
User-Agent: selenium/4.8.1 (java windows)
Content-Length: 507
Content-Type: application/json; charset=utf-8
host: localhost:14816
accept: */*

Response DefaultHttpResponse(decodeResult: success, version: HTTP/1.1)
HTTP/1.1 200 OK
Content-Length: 858
Content-Type: application/json; charset=utf-8
cache-control: no-cache

10:13:24.422 [AsyncHttpClient-1-23] DEBUG org.asynchttpclient.netty.channel.ChannelManager - Adding key: http://localhost:14816 for channel [id: 0x612b8153, L:/127.0.0.1:51876 - R:localhost/127.0.0.1:14816]
10:13:24.429 [AsyncHttpClient-1-24] DEBUG org.asynchttpclient.netty.channel.NettyConnectListener - Using new Channel '[id: 0x0aaeb129, L:/127.0.0.1:51883 - R:localhost/127.0.0.1:51877]' for 'GET' to '/json/version'
10:13:24.430 [AsyncHttpClient-1-24] DEBUG org.asynchttpclient.netty.handler.HttpHandler - 

Request DefaultFullHttpRequest(decodeResult: success, version: HTTP/1.1, content: EmptyByteBufBE)
GET /json/version HTTP/1.1
User-Agent: selenium/4.8.1 (java windows)
host: localhost:51877
accept: */*

Response DefaultHttpResponse(decodeResult: success, version: HTTP/1.1)
HTTP/1.1 200 OK
Content-Security-Policy: frame-ancestors 'none'
Content-Length: 424
Content-Type: application/json; charset=UTF-8

10:13:24.430 [AsyncHttpClient-1-24] DEBUG org.asynchttpclient.netty.channel.ChannelManager - Adding key: http://localhost:51877 for channel [id: 0x0aaeb129, L:/127.0.0.1:51883 - R:localhost/127.0.0.1:51877]
10:13:24.432 [AsyncHttpClient-1-25] DEBUG org.asynchttpclient.netty.channel.NettyConnectListener - Using new Channel '[id: 0x726f69d5, L:/127.0.0.1:51884 - R:localhost/127.0.0.1:51877]' for 'GET' to '/devtools/browser/5f9b97a8-1761-4523-9ce2-fd7f775633e8'
10:13:24.432 [AsyncHttpClient-1-25] DEBUG org.asynchttpclient.netty.handler.WebSocketHandler - 

Request DefaultFullHttpRequest(decodeResult: success, version: HTTP/1.1, content: EmptyByteBufBE)
GET /devtools/browser/5f9b97a8-1761-4523-9ce2-fd7f775633e8 HTTP/1.1
upgrade: websocket
connection: upgrade
sec-websocket-key: Fd3edJBGBrygYftslvb8FQ==
sec-websocket-version: 13
origin: http://localhost:51877
host: localhost:51877
accept: */*
user-agent: AHC/2.1

Response DefaultHttpResponse(decodeResult: success, version: HTTP/1.1)
HTTP/1.1 101 WebSocket Protocol Handshake
Upgrade: WebSocket
Connection: Upgrade
Sec-WebSocket-Accept: H//fywGv4I+79TJwmpBeeuoG/bY=

10:13:24.436 [Forwarding get on session a10fc5794fb588a95d299dc34be124f8 to remote] DEBUG org.asynchttpclient.netty.request.NettyRequestSender - Using pooled Channel '[id: 0x612b8153, L:/127.0.0.1:51876 - R:localhost/127.0.0.1:14816]' for 'POST' to 'http://localhost:14816/session/a10fc5794fb588a95d299dc34be124f8/url'
10:13:24.436 [Forwarding get on session a10fc5794fb588a95d299dc34be124f8 to remote] DEBUG org.asynchttpclient.netty.request.NettyRequestSender - Using open Channel [id: 0x612b8153, L:/127.0.0.1:51876 - R:localhost/127.0.0.1:14816] for POST '/session/a10fc5794fb588a95d299dc34be124f8/url'
10:13:25.377 [AsyncHttpClient-1-23] DEBUG org.asynchttpclient.netty.handler.HttpHandler - 

Request DefaultHttpRequest(decodeResult: success, version: HTTP/1.1)
POST /session/a10fc5794fb588a95d299dc34be124f8/url HTTP/1.1
User-Agent: selenium/4.8.1 (java windows)
Content-Length: 74
Content-Type: application/json; charset=utf-8
host: localhost:14816
accept: */*

Response DefaultHttpResponse(decodeResult: success, version: HTTP/1.1)
HTTP/1.1 200 OK
Content-Length: 14
Content-Type: application/json; charset=utf-8
cache-control: no-cache

10:13:25.377 [AsyncHttpClient-1-23] DEBUG org.asynchttpclient.netty.channel.ChannelManager - Adding key: http://localhost:14816 for channel [id: 0x612b8153, L:/127.0.0.1:51876 - R:localhost/127.0.0.1:14816]
10:13:25.378 [Forwarding setTimeout on session a10fc5794fb588a95d299dc34be124f8 to remote] DEBUG org.asynchttpclient.netty.request.NettyRequestSender - Using pooled Channel '[id: 0x612b8153, L:/127.0.0.1:51876 - R:localhost/127.0.0.1:14816]' for 'POST' to 'http://localhost:14816/session/a10fc5794fb588a95d299dc34be124f8/timeouts'
10:13:25.378 [Forwarding setTimeout on session a10fc5794fb588a95d299dc34be124f8 to remote] DEBUG org.asynchttpclient.netty.request.NettyRequestSender - Using open Channel [id: 0x612b8153, L:/127.0.0.1:51876 - R:localhost/127.0.0.1:14816] for POST '/session/a10fc5794fb588a95d299dc34be124f8/timeouts'
10:13:25.378 [AsyncHttpClient-1-23] DEBUG org.asynchttpclient.netty.handler.HttpHandler - 

Request DefaultHttpRequest(decodeResult: success, version: HTTP/1.1)
POST /session/a10fc5794fb588a95d299dc34be124f8/timeouts HTTP/1.1
User-Agent: selenium/4.8.1 (java windows)
Content-Length: 22
Content-Type: application/json; charset=utf-8
host: localhost:14816
accept: */*

Response DefaultHttpResponse(decodeResult: success, version: HTTP/1.1)
HTTP/1.1 200 OK
Content-Length: 14
Content-Type: application/json; charset=utf-8
cache-control: no-cache

10:13:25.378 [AsyncHttpClient-1-23] DEBUG org.asynchttpclient.netty.channel.ChannelManager - Adding key: http://localhost:14816 for channel [id: 0x612b8153, L:/127.0.0.1:51876 - R:localhost/127.0.0.1:14816]
10:13:25.383 [Forwarding getAlertText on session a10fc5794fb588a95d299dc34be124f8 to remote] DEBUG org.asynchttpclient.netty.request.NettyRequestSender - Using pooled Channel '[id: 0x612b8153, L:/127.0.0.1:51876 - R:localhost/127.0.0.1:14816]' for 'GET' to 'http://localhost:14816/session/a10fc5794fb588a95d299dc34be124f8/alert/text'
10:13:25.383 [Forwarding getAlertText on session a10fc5794fb588a95d299dc34be124f8 to remote] DEBUG org.asynchttpclient.netty.request.NettyRequestSender - Using open Channel [id: 0x612b8153, L:/127.0.0.1:51876 - R:localhost/127.0.0.1:14816] for GET '/session/a10fc5794fb588a95d299dc34be124f8/alert/text'
10:13:25.384 [AsyncHttpClient-1-23] DEBUG org.asynchttpclient.netty.handler.HttpHandler - 

Request DefaultFullHttpRequest(decodeResult: success, version: HTTP/1.1, content: EmptyByteBufBE)
GET /session/a10fc5794fb588a95d299dc34be124f8/alert/text HTTP/1.1
User-Agent: selenium/4.8.1 (java windows)
Cache-Control: no-cache
Content-Type: application/json; charset=utf-8
host: localhost:14816
accept: */*

Response DefaultHttpResponse(decodeResult: success, version: HTTP/1.1)
HTTP/1.1 404 Not Found
Content-Length: 836
Content-Type: application/json; charset=utf-8
cache-control: no-cache

10:13:25.384 [AsyncHttpClient-1-23] DEBUG org.asynchttpclient.netty.channel.ChannelManager - Adding key: http://localhost:14816 for channel [id: 0x612b8153, L:/127.0.0.1:51876 - R:localhost/127.0.0.1:14816]
10:13:25.385 [Forwarding getCurrentUrl on session a10fc5794fb588a95d299dc34be124f8 to remote] DEBUG org.asynchttpclient.netty.request.NettyRequestSender - Using pooled Channel '[id: 0x612b8153, L:/127.0.0.1:51876 - R:localhost/127.0.0.1:14816]' for 'GET' to 'http://localhost:14816/session/a10fc5794fb588a95d299dc34be124f8/url'
10:13:25.385 [Forwarding getCurrentUrl on session a10fc5794fb588a95d299dc34be124f8 to remote] DEBUG org.asynchttpclient.netty.request.NettyRequestSender - Using open Channel [id: 0x612b8153, L:/127.0.0.1:51876 - R:localhost/127.0.0.1:14816] for GET '/session/a10fc5794fb588a95d299dc34be124f8/url'
10:13:25.389 [AsyncHttpClient-1-23] DEBUG org.asynchttpclient.netty.handler.HttpHandler - 

Request DefaultFullHttpRequest(decodeResult: success, version: HTTP/1.1, content: EmptyByteBufBE)
GET /session/a10fc5794fb588a95d299dc34be124f8/url HTTP/1.1
User-Agent: selenium/4.8.1 (java windows)
Cache-Control: no-cache
Content-Type: application/json; charset=utf-8
host: localhost:14816
accept: */*

Response DefaultHttpResponse(decodeResult: success, version: HTTP/1.1)
HTTP/1.1 200 OK
Content-Length: 51
Content-Type: application/json; charset=utf-8
cache-control: no-cache

10:13:25.389 [AsyncHttpClient-1-23] DEBUG org.asynchttpclient.netty.channel.ChannelManager - Adding key: http://localhost:14816 for channel [id: 0x612b8153, L:/127.0.0.1:51876 - R:localhost/127.0.0.1:14816]
10:13:25.389 [Forwarding screenshot on session a10fc5794fb588a95d299dc34be124f8 to remote] DEBUG org.asynchttpclient.netty.request.NettyRequestSender - Using pooled Channel '[id: 0x612b8153, L:/127.0.0.1:51876 - R:localhost/127.0.0.1:14816]' for 'GET' to 'http://localhost:14816/session/a10fc5794fb588a95d299dc34be124f8/screenshot'
10:13:25.389 [Forwarding screenshot on session a10fc5794fb588a95d299dc34be124f8 to remote] DEBUG org.asynchttpclient.netty.request.NettyRequestSender - Using open Channel [id: 0x612b8153, L:/127.0.0.1:51876 - R:localhost/127.0.0.1:14816] for GET '/session/a10fc5794fb588a95d299dc34be124f8/screenshot'
10:13:25.395 [AsyncHttpClient-1-1] DEBUG org.asynchttpclient.netty.channel.DefaultChannelPool - Entry count for : http://localhost:51877 : 1
10:13:25.512 [AsyncHttpClient-1-23] DEBUG org.asynchttpclient.netty.handler.HttpHandler - 

Request DefaultFullHttpRequest(decodeResult: success, version: HTTP/1.1, content: EmptyByteBufBE)
GET /session/a10fc5794fb588a95d299dc34be124f8/screenshot HTTP/1.1
User-Agent: selenium/4.8.1 (java windows)
Cache-Control: no-cache
Content-Type: application/json; charset=utf-8
host: localhost:14816
accept: */*

Response DefaultHttpResponse(decodeResult: success, version: HTTP/1.1)
HTTP/1.1 200 OK
Content-Length: 32748
Content-Type: application/json; charset=utf-8
cache-control: no-cache

10:13:25.512 [AsyncHttpClient-1-23] DEBUG org.asynchttpclient.netty.channel.ChannelManager - Adding key: http://localhost:14816 for channel [id: 0x612b8153, L:/127.0.0.1:51876 - R:localhost/127.0.0.1:14816]
10:13:25.513 [main] DEBUG net.serenitybdd.core.photography.Darkroom - Send negative for processing for target\site\serenity\838a118defe8b2c78f320792ccc0dfcdbc689f4090a216cf0baf82906188e658.png
10:13:25.514 [main] DEBUG net.thucydides.core.steps.StepInterceptor - STEP DONE: openPage
10:13:25.517 [Forwarding getPageSource on session a10fc5794fb588a95d299dc34be124f8 to remote] DEBUG org.asynchttpclient.netty.request.NettyRequestSender - Using pooled Channel '[id: 0x612b8153, L:/127.0.0.1:51876 - R:localhost/127.0.0.1:14816]' for 'POST' to 'http://localhost:14816/session/a10fc5794fb588a95d299dc34be124f8/execute/sync'
10:13:25.517 [Forwarding getPageSource on session a10fc5794fb588a95d299dc34be124f8 to remote] DEBUG org.asynchttpclient.netty.request.NettyRequestSender - Using open Channel [id: 0x612b8153, L:/127.0.0.1:51876 - R:localhost/127.0.0.1:14816] for POST '/session/a10fc5794fb588a95d299dc34be124f8/execute/sync'
10:13:25.522 [AsyncHttpClient-1-23] DEBUG org.asynchttpclient.netty.handler.HttpHandler - 

Request DefaultHttpRequest(decodeResult: success, version: HTTP/1.1)
POST /session/a10fc5794fb588a95d299dc34be124f8/execute/sync HTTP/1.1
User-Agent: selenium/4.8.1 (java windows)
Content-Length: 176
Content-Type: application/json; charset=utf-8
host: localhost:14816
accept: */*

Response DefaultHttpResponse(decodeResult: success, version: HTTP/1.1)
HTTP/1.1 200 OK
Content-Length: 21659
Content-Type: application/json; charset=utf-8
cache-control: no-cache

10:13:25.522 [AsyncHttpClient-1-23] DEBUG org.asynchttpclient.netty.channel.ChannelManager - Adding key: http://localhost:14816 for channel [id: 0x612b8153, L:/127.0.0.1:51876 - R:localhost/127.0.0.1:14816]
10:13:25.524 [Forwarding getCurrentUrl on session a10fc5794fb588a95d299dc34be124f8 to remote] DEBUG org.asynchttpclient.netty.request.NettyRequestSender - Using pooled Channel '[id: 0x612b8153, L:/127.0.0.1:51876 - R:localhost/127.0.0.1:14816]' for 'GET' to 'http://localhost:14816/session/a10fc5794fb588a95d299dc34be124f8/url'
10:13:25.524 [Forwarding getCurrentUrl on session a10fc5794fb588a95d299dc34be124f8 to remote] DEBUG org.asynchttpclient.netty.request.NettyRequestSender - Using open Channel [id: 0x612b8153, L:/127.0.0.1:51876 - R:localhost/127.0.0.1:14816] for GET '/session/a10fc5794fb588a95d299dc34be124f8/url'
10:13:25.526 [AsyncHttpClient-1-23] DEBUG org.asynchttpclient.netty.handler.HttpHandler - 

Request DefaultFullHttpRequest(decodeResult: success, version: HTTP/1.1, content: EmptyByteBufBE)
GET /session/a10fc5794fb588a95d299dc34be124f8/url HTTP/1.1
User-Agent: selenium/4.8.1 (java windows)
Cache-Control: no-cache
Content-Type: application/json; charset=utf-8
host: localhost:14816
accept: */*

Response DefaultHttpResponse(decodeResult: success, version: HTTP/1.1)
HTTP/1.1 200 OK
Content-Length: 51
Content-Type: application/json; charset=utf-8
cache-control: no-cache

10:13:25.526 [AsyncHttpClient-1-23] DEBUG org.asynchttpclient.netty.channel.ChannelManager - Adding key: http://localhost:14816 for channel [id: 0x612b8153, L:/127.0.0.1:51876 - R:localhost/127.0.0.1:14816]
10:13:25.527 [main] DEBUG net.thucydides.core.steps.StepInterceptor - STARTING STEP: CategorySteps.goToHomePage - clickToolbarTitle
10:13:25.529 [Forwarding findElement on session a10fc5794fb588a95d299dc34be124f8 to remote] DEBUG org.asynchttpclient.netty.request.NettyRequestSender - Using pooled Channel '[id: 0x612b8153, L:/127.0.0.1:51876 - R:localhost/127.0.0.1:14816]' for 'POST' to 'http://localhost:14816/session/a10fc5794fb588a95d299dc34be124f8/element'
10:13:25.529 [Forwarding findElement on session a10fc5794fb588a95d299dc34be124f8 to remote] DEBUG org.asynchttpclient.netty.request.NettyRequestSender - Using open Channel [id: 0x612b8153, L:/127.0.0.1:51876 - R:localhost/127.0.0.1:14816] for POST '/session/a10fc5794fb588a95d299dc34be124f8/element'
10:13:25.537 [AsyncHttpClient-1-23] DEBUG org.asynchttpclient.netty.handler.HttpHandler - 

Request DefaultHttpRequest(decodeResult: success, version: HTTP/1.1)
POST /session/a10fc5794fb588a95d299dc34be124f8/element HTTP/1.1
User-Agent: selenium/4.8.1 (java windows)
Content-Length: 63
Content-Type: application/json; charset=utf-8
host: localhost:14816
accept: */*

Response DefaultHttpResponse(decodeResult: success, version: HTTP/1.1)
HTTP/1.1 200 OK
Content-Length: 88
Content-Type: application/json; charset=utf-8
cache-control: no-cache

10:13:25.537 [AsyncHttpClient-1-23] DEBUG org.asynchttpclient.netty.channel.ChannelManager - Adding key: http://localhost:14816 for channel [id: 0x612b8153, L:/127.0.0.1:51876 - R:localhost/127.0.0.1:14816]
10:13:25.538 [Forwarding getElementTagName on session a10fc5794fb588a95d299dc34be124f8 to remote] DEBUG org.asynchttpclient.netty.request.NettyRequestSender - Using pooled Channel '[id: 0x612b8153, L:/127.0.0.1:51876 - R:localhost/127.0.0.1:14816]' for 'GET' to 'http://localhost:14816/session/a10fc5794fb588a95d299dc34be124f8/element/85ec67dd-3bb3-4f91-8421-7b69727a7d25/name'
10:13:25.538 [Forwarding getElementTagName on session a10fc5794fb588a95d299dc34be124f8 to remote] DEBUG org.asynchttpclient.netty.request.NettyRequestSender - Using open Channel [id: 0x612b8153, L:/127.0.0.1:51876 - R:localhost/127.0.0.1:14816] for GET '/session/a10fc5794fb588a95d299dc34be124f8/element/85ec67dd-3bb3-4f91-8421-7b69727a7d25/name'
10:13:25.541 [AsyncHttpClient-1-23] DEBUG org.asynchttpclient.netty.handler.HttpHandler - 

Request DefaultFullHttpRequest(decodeResult: success, version: HTTP/1.1, content: EmptyByteBufBE)
GET /session/a10fc5794fb588a95d299dc34be124f8/element/85ec67dd-3bb3-4f91-8421-7b69727a7d25/name HTTP/1.1
User-Agent: selenium/4.8.1 (java windows)
Cache-Control: no-cache
Content-Type: application/json; charset=utf-8
host: localhost:14816
accept: */*

Response DefaultHttpResponse(decodeResult: success, version: HTTP/1.1)
HTTP/1.1 200 OK
Content-Length: 15
Content-Type: application/json; charset=utf-8
cache-control: no-cache

10:13:25.541 [AsyncHttpClient-1-23] DEBUG org.asynchttpclient.netty.channel.ChannelManager - Adding key: http://localhost:14816 for channel [id: 0x612b8153, L:/127.0.0.1:51876 - R:localhost/127.0.0.1:14816]
10:13:25.541 [Forwarding getElementTagName on session a10fc5794fb588a95d299dc34be124f8 to remote] DEBUG org.asynchttpclient.netty.request.NettyRequestSender - Using pooled Channel '[id: 0x612b8153, L:/127.0.0.1:51876 - R:localhost/127.0.0.1:14816]' for 'GET' to 'http://localhost:14816/session/a10fc5794fb588a95d299dc34be124f8/element/85ec67dd-3bb3-4f91-8421-7b69727a7d25/name'
10:13:25.541 [Forwarding getElementTagName on session a10fc5794fb588a95d299dc34be124f8 to remote] DEBUG org.asynchttpclient.netty.request.NettyRequestSender - Using open Channel [id: 0x612b8153, L:/127.0.0.1:51876 - R:localhost/127.0.0.1:14816] for GET '/session/a10fc5794fb588a95d299dc34be124f8/element/85ec67dd-3bb3-4f91-8421-7b69727a7d25/name'
10:13:25.543 [AsyncHttpClient-1-23] DEBUG org.asynchttpclient.netty.handler.HttpHandler - 

Request DefaultFullHttpRequest(decodeResult: success, version: HTTP/1.1, content: EmptyByteBufBE)
GET /session/a10fc5794fb588a95d299dc34be124f8/element/85ec67dd-3bb3-4f91-8421-7b69727a7d25/name HTTP/1.1
User-Agent: selenium/4.8.1 (java windows)
Cache-Control: no-cache
Content-Type: application/json; charset=utf-8
host: localhost:14816
accept: */*

Response DefaultHttpResponse(decodeResult: success, version: HTTP/1.1)
HTTP/1.1 200 OK
Content-Length: 15
Content-Type: application/json; charset=utf-8
cache-control: no-cache

10:13:25.543 [AsyncHttpClient-1-23] DEBUG org.asynchttpclient.netty.channel.ChannelManager - Adding key: http://localhost:14816 for channel [id: 0x612b8153, L:/127.0.0.1:51876 - R:localhost/127.0.0.1:14816]
10:13:25.544 [Forwarding findElement on session a10fc5794fb588a95d299dc34be124f8 to remote] DEBUG org.asynchttpclient.netty.request.NettyRequestSender - Using pooled Channel '[id: 0x612b8153, L:/127.0.0.1:51876 - R:localhost/127.0.0.1:14816]' for 'POST' to 'http://localhost:14816/session/a10fc5794fb588a95d299dc34be124f8/element'
10:13:25.544 [Forwarding findElement on session a10fc5794fb588a95d299dc34be124f8 to remote] DEBUG org.asynchttpclient.netty.request.NettyRequestSender - Using open Channel [id: 0x612b8153, L:/127.0.0.1:51876 - R:localhost/127.0.0.1:14816] for POST '/session/a10fc5794fb588a95d299dc34be124f8/element'
10:13:25.548 [AsyncHttpClient-1-23] DEBUG org.asynchttpclient.netty.handler.HttpHandler - 

Request DefaultHttpRequest(decodeResult: success, version: HTTP/1.1)
POST /session/a10fc5794fb588a95d299dc34be124f8/element HTTP/1.1
User-Agent: selenium/4.8.1 (java windows)
Content-Length: 63
Content-Type: application/json; charset=utf-8
host: localhost:14816
accept: */*

Response DefaultHttpResponse(decodeResult: success, version: HTTP/1.1)
HTTP/1.1 200 OK
Content-Length: 88
Content-Type: application/json; charset=utf-8
cache-control: no-cache

10:13:25.548 [AsyncHttpClient-1-23] DEBUG org.asynchttpclient.netty.channel.ChannelManager - Adding key: http://localhost:14816 for channel [id: 0x612b8153, L:/127.0.0.1:51876 - R:localhost/127.0.0.1:14816]
10:13:25.548 [Forwarding clickElement on session a10fc5794fb588a95d299dc34be124f8 to remote] DEBUG org.asynchttpclient.netty.request.NettyRequestSender - Using pooled Channel '[id: 0x612b8153, L:/127.0.0.1:51876 - R:localhost/127.0.0.1:14816]' for 'POST' to 'http://localhost:14816/session/a10fc5794fb588a95d299dc34be124f8/element/85ec67dd-3bb3-4f91-8421-7b69727a7d25/click'
10:13:25.548 [Forwarding clickElement on session a10fc5794fb588a95d299dc34be124f8 to remote] DEBUG org.asynchttpclient.netty.request.NettyRequestSender - Using open Channel [id: 0x612b8153, L:/127.0.0.1:51876 - R:localhost/127.0.0.1:14816] for POST '/session/a10fc5794fb588a95d299dc34be124f8/element/85ec67dd-3bb3-4f91-8421-7b69727a7d25/click'
10:13:25.599 [AsyncHttpClient-1-23] DEBUG org.asynchttpclient.netty.handler.HttpHandler - 

Request DefaultHttpRequest(decodeResult: success, version: HTTP/1.1)
POST /session/a10fc5794fb588a95d299dc34be124f8/element/85ec67dd-3bb3-4f91-8421-7b69727a7d25/click HTTP/1.1
User-Agent: selenium/4.8.1 (java windows)
Content-Length: 50
Content-Type: application/json; charset=utf-8
host: localhost:14816
accept: */*

Response DefaultHttpResponse(decodeResult: success, version: HTTP/1.1)
HTTP/1.1 200 OK
Content-Length: 14
Content-Type: application/json; charset=utf-8
cache-control: no-cache

10:13:25.599 [AsyncHttpClient-1-23] DEBUG org.asynchttpclient.netty.channel.ChannelManager - Adding key: http://localhost:14816 for channel [id: 0x612b8153, L:/127.0.0.1:51876 - R:localhost/127.0.0.1:14816]
10:13:25.605 [Forwarding getAlertText on session a10fc5794fb588a95d299dc34be124f8 to remote] DEBUG org.asynchttpclient.netty.request.NettyRequestSender - Using pooled Channel '[id: 0x612b8153, L:/127.0.0.1:51876 - R:localhost/127.0.0.1:14816]' for 'GET' to 'http://localhost:14816/session/a10fc5794fb588a95d299dc34be124f8/alert/text'
10:13:25.605 [Forwarding getAlertText on session a10fc5794fb588a95d299dc34be124f8 to remote] DEBUG org.asynchttpclient.netty.request.NettyRequestSender - Using open Channel [id: 0x612b8153, L:/127.0.0.1:51876 - R:localhost/127.0.0.1:14816] for GET '/session/a10fc5794fb588a95d299dc34be124f8/alert/text'
10:13:25.606 [AsyncHttpClient-1-23] DEBUG org.asynchttpclient.netty.handler.HttpHandler - 

Request DefaultFullHttpRequest(decodeResult: success, version: HTTP/1.1, content: EmptyByteBufBE)
GET /session/a10fc5794fb588a95d299dc34be124f8/alert/text HTTP/1.1
User-Agent: selenium/4.8.1 (java windows)
Cache-Control: no-cache
Content-Type: application/json; charset=utf-8
host: localhost:14816
accept: */*

Response DefaultHttpResponse(decodeResult: success, version: HTTP/1.1)
HTTP/1.1 404 Not Found
Content-Length: 836
Content-Type: application/json; charset=utf-8
cache-control: no-cache

10:13:25.606 [AsyncHttpClient-1-23] DEBUG org.asynchttpclient.netty.channel.ChannelManager - Adding key: http://localhost:14816 for channel [id: 0x612b8153, L:/127.0.0.1:51876 - R:localhost/127.0.0.1:14816]
10:13:25.607 [Forwarding getCurrentUrl on session a10fc5794fb588a95d299dc34be124f8 to remote] DEBUG org.asynchttpclient.netty.request.NettyRequestSender - Using pooled Channel '[id: 0x612b8153, L:/127.0.0.1:51876 - R:localhost/127.0.0.1:14816]' for 'GET' to 'http://localhost:14816/session/a10fc5794fb588a95d299dc34be124f8/url'
10:13:25.607 [Forwarding getCurrentUrl on session a10fc5794fb588a95d299dc34be124f8 to remote] DEBUG org.asynchttpclient.netty.request.NettyRequestSender - Using open Channel [id: 0x612b8153, L:/127.0.0.1:51876 - R:localhost/127.0.0.1:14816] for GET '/session/a10fc5794fb588a95d299dc34be124f8/url'
10:13:25.610 [AsyncHttpClient-1-23] DEBUG org.asynchttpclient.netty.handler.HttpHandler - 

Request DefaultFullHttpRequest(decodeResult: success, version: HTTP/1.1, content: EmptyByteBufBE)
GET /session/a10fc5794fb588a95d299dc34be124f8/url HTTP/1.1
User-Agent: selenium/4.8.1 (java windows)
Cache-Control: no-cache
Content-Type: application/json; charset=utf-8
host: localhost:14816
accept: */*

Response DefaultHttpResponse(decodeResult: success, version: HTTP/1.1)
HTTP/1.1 200 OK
Content-Length: 41
Content-Type: application/json; charset=utf-8
cache-control: no-cache

10:13:25.610 [AsyncHttpClient-1-23] DEBUG org.asynchttpclient.netty.channel.ChannelManager - Adding key: http://localhost:14816 for channel [id: 0x612b8153, L:/127.0.0.1:51876 - R:localhost/127.0.0.1:14816]
10:13:25.610 [Forwarding screenshot on session a10fc5794fb588a95d299dc34be124f8 to remote] DEBUG org.asynchttpclient.netty.request.NettyRequestSender - Using pooled Channel '[id: 0x612b8153, L:/127.0.0.1:51876 - R:localhost/127.0.0.1:14816]' for 'GET' to 'http://localhost:14816/session/a10fc5794fb588a95d299dc34be124f8/screenshot'
10:13:25.610 [Forwarding screenshot on session a10fc5794fb588a95d299dc34be124f8 to remote] DEBUG org.asynchttpclient.netty.request.NettyRequestSender - Using open Channel [id: 0x612b8153, L:/127.0.0.1:51876 - R:localhost/127.0.0.1:14816] for GET '/session/a10fc5794fb588a95d299dc34be124f8/screenshot'
10:13:25.770 [AsyncHttpClient-1-23] DEBUG org.asynchttpclient.netty.handler.HttpHandler - 

Request DefaultFullHttpRequest(decodeResult: success, version: HTTP/1.1, content: EmptyByteBufBE)
GET /session/a10fc5794fb588a95d299dc34be124f8/screenshot HTTP/1.1
User-Agent: selenium/4.8.1 (java windows)
Cache-Control: no-cache
Content-Type: application/json; charset=utf-8
host: localhost:14816
accept: */*

Response DefaultHttpResponse(decodeResult: success, version: HTTP/1.1)
HTTP/1.1 200 OK
Content-Length: 29608
Content-Type: application/json; charset=utf-8
cache-control: no-cache

10:13:25.771 [AsyncHttpClient-1-23] DEBUG org.asynchttpclient.netty.channel.ChannelManager - Adding key: http://localhost:14816 for channel [id: 0x612b8153, L:/127.0.0.1:51876 - R:localhost/127.0.0.1:14816]
10:13:25.772 [main] DEBUG net.serenitybdd.core.photography.Darkroom - Send negative for processing for target\site\serenity\b24afe708df828b66f8ebd2f5190f8755b4634f8f955e9e498cebedec02c1527.png
10:13:25.772 [main] DEBUG net.thucydides.core.steps.StepInterceptor - STEP DONE: clickToolbarTitle
  &amp#27;[32mGiven &amp#27;[0m&amp#27;[32mI go to the alta shop home page&amp#27;[0m  &amp#27;[90m# starter.stepdefinitions.CategorySteps.goToHomePage()&amp#27;[0m
10:13:25.772 [Darkroom Processing Line] DEBUG net.serenitybdd.core.photography.DarkroomProcessingLine - Processing screenshot image in /var/screenshots/screenshot-3266525962399325409
10:13:25.772 [Darkroom Processing Line] DEBUG net.serenitybdd.core.photography.DarkroomProcessingLine - Saving screenshot to target\site\serenity\b24afe708df828b66f8ebd2f5190f8755b4634f8f955e9e498cebedec02c1527.png
10:13:25.780 [Forwarding getPageSource on session a10fc5794fb588a95d299dc34be124f8 to remote] DEBUG org.asynchttpclient.netty.request.NettyRequestSender - Using pooled Channel '[id: 0x612b8153, L:/127.0.0.1:51876 - R:localhost/127.0.0.1:14816]' for 'POST' to 'http://localhost:14816/session/a10fc5794fb588a95d299dc34be124f8/execute/sync'
10:13:25.780 [Forwarding getPageSource on session a10fc5794fb588a95d299dc34be124f8 to remote] DEBUG org.asynchttpclient.netty.request.NettyRequestSender - Using open Channel [id: 0x612b8153, L:/127.0.0.1:51876 - R:localhost/127.0.0.1:14816] for POST '/session/a10fc5794fb588a95d299dc34be124f8/execute/sync'
10:13:26.448 [AsyncHttpClient-1-23] DEBUG org.asynchttpclient.netty.handler.HttpHandler - 

Request DefaultHttpRequest(decodeResult: success, version: HTTP/1.1)
POST /session/a10fc5794fb588a95d299dc34be124f8/execute/sync HTTP/1.1
User-Agent: selenium/4.8.1 (java windows)
Content-Length: 176
Content-Type: application/json; charset=utf-8
host: localhost:14816
accept: */*

Response DefaultHttpResponse(decodeResult: success, version: HTTP/1.1)
HTTP/1.1 200 OK
Content-Length: 289894
Content-Type: application/json; charset=utf-8
cache-control: no-cache

10:13:26.448 [AsyncHttpClient-1-23] DEBUG org.asynchttpclient.netty.channel.ChannelManager - Adding key: http://localhost:14816 for channel [id: 0x612b8153, L:/127.0.0.1:51876 - R:localhost/127.0.0.1:14816]
10:13:26.469 [Forwarding getCurrentUrl on session a10fc5794fb588a95d299dc34be124f8 to remote] DEBUG org.asynchttpclient.netty.request.NettyRequestSender - Using pooled Channel '[id: 0x612b8153, L:/127.0.0.1:51876 - R:localhost/127.0.0.1:14816]' for 'GET' to 'http://localhost:14816/session/a10fc5794fb588a95d299dc34be124f8/url'
10:13:26.469 [Forwarding getCurrentUrl on session a10fc5794fb588a95d299dc34be124f8 to remote] DEBUG org.asynchttpclient.netty.request.NettyRequestSender - Using open Channel [id: 0x612b8153, L:/127.0.0.1:51876 - R:localhost/127.0.0.1:14816] for GET '/session/a10fc5794fb588a95d299dc34be124f8/url'
10:13:26.472 [AsyncHttpClient-1-23] DEBUG org.asynchttpclient.netty.handler.HttpHandler - 

Request DefaultFullHttpRequest(decodeResult: success, version: HTTP/1.1, content: EmptyByteBufBE)
GET /session/a10fc5794fb588a95d299dc34be124f8/url HTTP/1.1
User-Agent: selenium/4.8.1 (java windows)
Cache-Control: no-cache
Content-Type: application/json; charset=utf-8
host: localhost:14816
accept: */*

Response DefaultHttpResponse(decodeResult: success, version: HTTP/1.1)
HTTP/1.1 200 OK
Content-Length: 41
Content-Type: application/json; charset=utf-8
cache-control: no-cache

10:13:26.472 [AsyncHttpClient-1-23] DEBUG org.asynchttpclient.netty.channel.ChannelManager - Adding key: http://localhost:14816 for channel [id: 0x612b8153, L:/127.0.0.1:51876 - R:localhost/127.0.0.1:14816]
10:13:26.494 [Forwarding getAlertText on session a10fc5794fb588a95d299dc34be124f8 to remote] DEBUG org.asynchttpclient.netty.request.NettyRequestSender - Using pooled Channel '[id: 0x612b8153, L:/127.0.0.1:51876 - R:localhost/127.0.0.1:14816]' for 'GET' to 'http://localhost:14816/session/a10fc5794fb588a95d299dc34be124f8/alert/text'
10:13:26.494 [Forwarding getAlertText on session a10fc5794fb588a95d299dc34be124f8 to remote] DEBUG org.asynchttpclient.netty.request.NettyRequestSender - Using open Channel [id: 0x612b8153, L:/127.0.0.1:51876 - R:localhost/127.0.0.1:14816] for GET '/session/a10fc5794fb588a95d299dc34be124f8/alert/text'
10:13:26.495 [AsyncHttpClient-1-1] DEBUG org.asynchttpclient.netty.channel.DefaultChannelPool - Entry count for : http://localhost:51877 : 1
10:13:26.495 [AsyncHttpClient-1-23] DEBUG org.asynchttpclient.netty.handler.HttpHandler - 

Request DefaultFullHttpRequest(decodeResult: success, version: HTTP/1.1, content: EmptyByteBufBE)
GET /session/a10fc5794fb588a95d299dc34be124f8/alert/text HTTP/1.1
User-Agent: selenium/4.8.1 (java windows)
Cache-Control: no-cache
Content-Type: application/json; charset=utf-8
host: localhost:14816
accept: */*

Response DefaultHttpResponse(decodeResult: success, version: HTTP/1.1)
HTTP/1.1 404 Not Found
Content-Length: 836
Content-Type: application/json; charset=utf-8
cache-control: no-cache

10:13:26.495 [AsyncHttpClient-1-23] DEBUG org.asynchttpclient.netty.channel.ChannelManager - Adding key: http://localhost:14816 for channel [id: 0x612b8153, L:/127.0.0.1:51876 - R:localhost/127.0.0.1:14816]
10:13:26.496 [Forwarding getCurrentUrl on session a10fc5794fb588a95d299dc34be124f8 to remote] DEBUG org.asynchttpclient.netty.request.NettyRequestSender - Using pooled Channel '[id: 0x612b8153, L:/127.0.0.1:51876 - R:localhost/127.0.0.1:14816]' for 'GET' to 'http://localhost:14816/session/a10fc5794fb588a95d299dc34be124f8/url'
10:13:26.496 [Forwarding getCurrentUrl on session a10fc5794fb588a95d299dc34be124f8 to remote] DEBUG org.asynchttpclient.netty.request.NettyRequestSender - Using open Channel [id: 0x612b8153, L:/127.0.0.1:51876 - R:localhost/127.0.0.1:14816] for GET '/session/a10fc5794fb588a95d299dc34be124f8/url'
10:13:26.498 [AsyncHttpClient-1-23] DEBUG org.asynchttpclient.netty.handler.HttpHandler - 

Request DefaultFullHttpRequest(decodeResult: success, version: HTTP/1.1, content: EmptyByteBufBE)
GET /session/a10fc5794fb588a95d299dc34be124f8/url HTTP/1.1
User-Agent: selenium/4.8.1 (java windows)
Cache-Control: no-cache
Content-Type: application/json; charset=utf-8
host: localhost:14816
accept: */*

Response DefaultHttpResponse(decodeResult: success, version: HTTP/1.1)
HTTP/1.1 200 OK
Content-Length: 41
Content-Type: application/json; charset=utf-8
cache-control: no-cache

10:13:26.498 [AsyncHttpClient-1-23] DEBUG org.asynchttpclient.netty.channel.ChannelManager - Adding key: http://localhost:14816 for channel [id: 0x612b8153, L:/127.0.0.1:51876 - R:localhost/127.0.0.1:14816]
10:13:26.499 [Forwarding screenshot on session a10fc5794fb588a95d299dc34be124f8 to remote] DEBUG org.asynchttpclient.netty.request.NettyRequestSender - Using pooled Channel '[id: 0x612b8153, L:/127.0.0.1:51876 - R:localhost/127.0.0.1:14816]' for 'GET' to 'http://localhost:14816/session/a10fc5794fb588a95d299dc34be124f8/screenshot'
10:13:26.499 [Forwarding screenshot on session a10fc5794fb588a95d299dc34be124f8 to remote] DEBUG org.asynchttpclient.netty.request.NettyRequestSender - Using open Channel [id: 0x612b8153, L:/127.0.0.1:51876 - R:localhost/127.0.0.1:14816] for GET '/session/a10fc5794fb588a95d299dc34be124f8/screenshot'
10:13:26.589 [AsyncHttpClient-1-23] DEBUG org.asynchttpclient.netty.handler.HttpHandler - 

Request DefaultFullHttpRequest(decodeResult: success, version: HTTP/1.1, content: EmptyByteBufBE)
GET /session/a10fc5794fb588a95d299dc34be124f8/screenshot HTTP/1.1
User-Agent: selenium/4.8.1 (java windows)
Cache-Control: no-cache
Content-Type: application/json; charset=utf-8
host: localhost:14816
accept: */*

Response DefaultHttpResponse(decodeResult: success, version: HTTP/1.1)
HTTP/1.1 200 OK
Content-Length: 78524
Content-Type: application/json; charset=utf-8
cache-control: no-cache

10:13:26.589 [AsyncHttpClient-1-23] DEBUG org.asynchttpclient.netty.channel.ChannelManager - Adding key: http://localhost:14816 for channel [id: 0x612b8153, L:/127.0.0.1:51876 - R:localhost/127.0.0.1:14816]
10:13:26.591 [main] DEBUG net.serenitybdd.core.photography.Darkroom - Send negative for processing for target\site\serenity\7b7833cda13f9d35d96f29c83e4c381b70d5b99cd890746c6b5f38a7a429ba7e.png
10:13:26.592 [Forwarding getPageSource on session a10fc5794fb588a95d299dc34be124f8 to remote] DEBUG org.asynchttpclient.netty.request.NettyRequestSender - Using pooled Channel '[id: 0x612b8153, L:/127.0.0.1:51876 - R:localhost/127.0.0.1:14816]' for 'POST' to 'http://localhost:14816/session/a10fc5794fb588a95d299dc34be124f8/execute/sync'
10:13:26.592 [Forwarding getPageSource on session a10fc5794fb588a95d299dc34be124f8 to remote] DEBUG org.asynchttpclient.netty.request.NettyRequestSender - Using open Channel [id: 0x612b8153, L:/127.0.0.1:51876 - R:localhost/127.0.0.1:14816] for POST '/session/a10fc5794fb588a95d299dc34be124f8/execute/sync'
10:13:26.608 [AsyncHttpClient-1-23] DEBUG org.asynchttpclient.netty.handler.HttpHandler - 

Request DefaultHttpRequest(decodeResult: success, version: HTTP/1.1)
POST /session/a10fc5794fb588a95d299dc34be124f8/execute/sync HTTP/1.1
User-Agent: selenium/4.8.1 (java windows)
Content-Length: 176
Content-Type: application/json; charset=utf-8
host: localhost:14816
accept: */*

Response DefaultHttpResponse(decodeResult: success, version: HTTP/1.1)
HTTP/1.1 200 OK
Content-Length: 289894
Content-Type: application/json; charset=utf-8
cache-control: no-cache

10:13:26.608 [AsyncHttpClient-1-23] DEBUG org.asynchttpclient.netty.channel.ChannelManager - Adding key: http://localhost:14816 for channel [id: 0x612b8153, L:/127.0.0.1:51876 - R:localhost/127.0.0.1:14816]
10:13:26.632 [Forwarding getCurrentUrl on session a10fc5794fb588a95d299dc34be124f8 to remote] DEBUG org.asynchttpclient.netty.request.NettyRequestSender - Using pooled Channel '[id: 0x612b8153, L:/127.0.0.1:51876 - R:localhost/127.0.0.1:14816]' for 'GET' to 'http://localhost:14816/session/a10fc5794fb588a95d299dc34be124f8/url'
10:13:26.632 [Forwarding getCurrentUrl on session a10fc5794fb588a95d299dc34be124f8 to remote] DEBUG org.asynchttpclient.netty.request.NettyRequestSender - Using open Channel [id: 0x612b8153, L:/127.0.0.1:51876 - R:localhost/127.0.0.1:14816] for GET '/session/a10fc5794fb588a95d299dc34be124f8/url'
10:13:26.635 [AsyncHttpClient-1-23] DEBUG org.asynchttpclient.netty.handler.HttpHandler - 

Request DefaultFullHttpRequest(decodeResult: success, version: HTTP/1.1, content: EmptyByteBufBE)
GET /session/a10fc5794fb588a95d299dc34be124f8/url HTTP/1.1
User-Agent: selenium/4.8.1 (java windows)
Cache-Control: no-cache
Content-Type: application/json; charset=utf-8
host: localhost:14816
accept: */*

Response DefaultHttpResponse(decodeResult: success, version: HTTP/1.1)
HTTP/1.1 200 OK
Content-Length: 41
Content-Type: application/json; charset=utf-8
cache-control: no-cache

10:13:26.635 [AsyncHttpClient-1-23] DEBUG org.asynchttpclient.netty.channel.ChannelManager - Adding key: http://localhost:14816 for channel [id: 0x612b8153, L:/127.0.0.1:51876 - R:localhost/127.0.0.1:14816]
10:13:26.637 [main] DEBUG net.thucydides.core.steps.StepInterceptor - STARTING STEP: TransactionSteps.clickLoginIcon - clickLoginIcon
10:13:26.639 [Forwarding findElement on session a10fc5794fb588a95d299dc34be124f8 to remote] DEBUG org.asynchttpclient.netty.request.NettyRequestSender - Using pooled Channel '[id: 0x612b8153, L:/127.0.0.1:51876 - R:localhost/127.0.0.1:14816]' for 'POST' to 'http://localhost:14816/session/a10fc5794fb588a95d299dc34be124f8/element'
10:13:26.639 [Forwarding findElement on session a10fc5794fb588a95d299dc34be124f8 to remote] DEBUG org.asynchttpclient.netty.request.NettyRequestSender - Using open Channel [id: 0x612b8153, L:/127.0.0.1:51876 - R:localhost/127.0.0.1:14816] for POST '/session/a10fc5794fb588a95d299dc34be124f8/element'
10:13:26.650 [AsyncHttpClient-1-23] DEBUG org.asynchttpclient.netty.handler.HttpHandler - 

Request DefaultHttpRequest(decodeResult: success, version: HTTP/1.1)
POST /session/a10fc5794fb588a95d299dc34be124f8/element HTTP/1.1
User-Agent: selenium/4.8.1 (java windows)
Content-Length: 59
Content-Type: application/json; charset=utf-8
host: localhost:14816
accept: */*

Response DefaultHttpResponse(decodeResult: success, version: HTTP/1.1)
HTTP/1.1 200 OK
Content-Length: 88
Content-Type: application/json; charset=utf-8
cache-control: no-cache

10:13:26.650 [AsyncHttpClient-1-23] DEBUG org.asynchttpclient.netty.channel.ChannelManager - Adding key: http://localhost:14816 for channel [id: 0x612b8153, L:/127.0.0.1:51876 - R:localhost/127.0.0.1:14816]
10:13:26.651 [Forwarding getElementTagName on session a10fc5794fb588a95d299dc34be124f8 to remote] DEBUG org.asynchttpclient.netty.request.NettyRequestSender - Using pooled Channel '[id: 0x612b8153, L:/127.0.0.1:51876 - R:localhost/127.0.0.1:14816]' for 'GET' to 'http://localhost:14816/session/a10fc5794fb588a95d299dc34be124f8/element/c33f9fed-5746-45da-b43b-852e6855c70f/name'
10:13:26.651 [Forwarding getElementTagName on session a10fc5794fb588a95d299dc34be124f8 to remote] DEBUG org.asynchttpclient.netty.request.NettyRequestSender - Using open Channel [id: 0x612b8153, L:/127.0.0.1:51876 - R:localhost/127.0.0.1:14816] for GET '/session/a10fc5794fb588a95d299dc34be124f8/element/c33f9fed-5746-45da-b43b-852e6855c70f/name'
10:13:26.654 [AsyncHttpClient-1-23] DEBUG org.asynchttpclient.netty.handler.HttpHandler - 

Request DefaultFullHttpRequest(decodeResult: success, version: HTTP/1.1, content: EmptyByteBufBE)
GET /session/a10fc5794fb588a95d299dc34be124f8/element/c33f9fed-5746-45da-b43b-852e6855c70f/name HTTP/1.1
User-Agent: selenium/4.8.1 (java windows)
Cache-Control: no-cache
Content-Type: application/json; charset=utf-8
host: localhost:14816
accept: */*

Response DefaultHttpResponse(decodeResult: success, version: HTTP/1.1)
HTTP/1.1 200 OK
Content-Length: 13
Content-Type: application/json; charset=utf-8
cache-control: no-cache

10:13:26.654 [AsyncHttpClient-1-23] DEBUG org.asynchttpclient.netty.channel.ChannelManager - Adding key: http://localhost:14816 for channel [id: 0x612b8153, L:/127.0.0.1:51876 - R:localhost/127.0.0.1:14816]
10:13:26.655 [Forwarding getElementTagName on session a10fc5794fb588a95d299dc34be124f8 to remote] DEBUG org.asynchttpclient.netty.request.NettyRequestSender - Using pooled Channel '[id: 0x612b8153, L:/127.0.0.1:51876 - R:localhost/127.0.0.1:14816]' for 'GET' to 'http://localhost:14816/session/a10fc5794fb588a95d299dc34be124f8/element/c33f9fed-5746-45da-b43b-852e6855c70f/name'
10:13:26.655 [Forwarding getElementTagName on session a10fc5794fb588a95d299dc34be124f8 to remote] DEBUG org.asynchttpclient.netty.request.NettyRequestSender - Using open Channel [id: 0x612b8153, L:/127.0.0.1:51876 - R:localhost/127.0.0.1:14816] for GET '/session/a10fc5794fb588a95d299dc34be124f8/element/c33f9fed-5746-45da-b43b-852e6855c70f/name'
10:13:26.657 [AsyncHttpClient-1-23] DEBUG org.asynchttpclient.netty.handler.HttpHandler - 

Request DefaultFullHttpRequest(decodeResult: success, version: HTTP/1.1, content: EmptyByteBufBE)
GET /session/a10fc5794fb588a95d299dc34be124f8/element/c33f9fed-5746-45da-b43b-852e6855c70f/name HTTP/1.1
User-Agent: selenium/4.8.1 (java windows)
Cache-Control: no-cache
Content-Type: application/json; charset=utf-8
host: localhost:14816
accept: */*

Response DefaultHttpResponse(decodeResult: success, version: HTTP/1.1)
HTTP/1.1 200 OK
Content-Length: 13
Content-Type: application/json; charset=utf-8
cache-control: no-cache

10:13:26.657 [AsyncHttpClient-1-23] DEBUG org.asynchttpclient.netty.channel.ChannelManager - Adding key: http://localhost:14816 for channel [id: 0x612b8153, L:/127.0.0.1:51876 - R:localhost/127.0.0.1:14816]
10:13:26.659 [Forwarding findElement on session a10fc5794fb588a95d299dc34be124f8 to remote] DEBUG org.asynchttpclient.netty.request.NettyRequestSender - Using pooled Channel '[id: 0x612b8153, L:/127.0.0.1:51876 - R:localhost/127.0.0.1:14816]' for 'POST' to 'http://localhost:14816/session/a10fc5794fb588a95d299dc34be124f8/element'
10:13:26.659 [Forwarding findElement on session a10fc5794fb588a95d299dc34be124f8 to remote] DEBUG org.asynchttpclient.netty.request.NettyRequestSender - Using open Channel [id: 0x612b8153, L:/127.0.0.1:51876 - R:localhost/127.0.0.1:14816] for POST '/session/a10fc5794fb588a95d299dc34be124f8/element'
10:13:26.664 [AsyncHttpClient-1-23] DEBUG org.asynchttpclient.netty.handler.HttpHandler - 

Request DefaultHttpRequest(decodeResult: success, version: HTTP/1.1)
POST /session/a10fc5794fb588a95d299dc34be124f8/element HTTP/1.1
User-Agent: selenium/4.8.1 (java windows)
Content-Length: 59
Content-Type: application/json; charset=utf-8
host: localhost:14816
accept: */*

Response DefaultHttpResponse(decodeResult: success, version: HTTP/1.1)
HTTP/1.1 200 OK
Content-Length: 88
Content-Type: application/json; charset=utf-8
cache-control: no-cache

10:13:26.664 [AsyncHttpClient-1-23] DEBUG org.asynchttpclient.netty.channel.ChannelManager - Adding key: http://localhost:14816 for channel [id: 0x612b8153, L:/127.0.0.1:51876 - R:localhost/127.0.0.1:14816]
10:13:26.665 [Forwarding clickElement on session a10fc5794fb588a95d299dc34be124f8 to remote] DEBUG org.asynchttpclient.netty.request.NettyRequestSender - Using pooled Channel '[id: 0x612b8153, L:/127.0.0.1:51876 - R:localhost/127.0.0.1:14816]' for 'POST' to 'http://localhost:14816/session/a10fc5794fb588a95d299dc34be124f8/element/c33f9fed-5746-45da-b43b-852e6855c70f/click'
10:13:26.665 [Forwarding clickElement on session a10fc5794fb588a95d299dc34be124f8 to remote] DEBUG org.asynchttpclient.netty.request.NettyRequestSender - Using open Channel [id: 0x612b8153, L:/127.0.0.1:51876 - R:localhost/127.0.0.1:14816] for POST '/session/a10fc5794fb588a95d299dc34be124f8/element/c33f9fed-5746-45da-b43b-852e6855c70f/click'
10:13:26.769 [AsyncHttpClient-1-23] DEBUG org.asynchttpclient.netty.handler.HttpHandler - 

Request DefaultHttpRequest(decodeResult: success, version: HTTP/1.1)
POST /session/a10fc5794fb588a95d299dc34be124f8/element/c33f9fed-5746-45da-b43b-852e6855c70f/click HTTP/1.1
User-Agent: selenium/4.8.1 (java windows)
Content-Length: 50
Content-Type: application/json; charset=utf-8
host: localhost:14816
accept: */*

Response DefaultHttpResponse(decodeResult: success, version: HTTP/1.1)
HTTP/1.1 200 OK
Content-Length: 14
Content-Type: application/json; charset=utf-8
cache-control: no-cache

10:13:26.769 [AsyncHttpClient-1-23] DEBUG org.asynchttpclient.netty.channel.ChannelManager - Adding key: http://localhost:14816 for channel [id: 0x612b8153, L:/127.0.0.1:51876 - R:localhost/127.0.0.1:14816]
10:13:26.777 [Forwarding getAlertText on session a10fc5794fb588a95d299dc34be124f8 to remote] DEBUG org.asynchttpclient.netty.request.NettyRequestSender - Using pooled Channel '[id: 0x612b8153, L:/127.0.0.1:51876 - R:localhost/127.0.0.1:14816]' for 'GET' to 'http://localhost:14816/session/a10fc5794fb588a95d299dc34be124f8/alert/text'
10:13:26.777 [Forwarding getAlertText on session a10fc5794fb588a95d299dc34be124f8 to remote] DEBUG org.asynchttpclient.netty.request.NettyRequestSender - Using open Channel [id: 0x612b8153, L:/127.0.0.1:51876 - R:localhost/127.0.0.1:14816] for GET '/session/a10fc5794fb588a95d299dc34be124f8/alert/text'
10:13:26.779 [AsyncHttpClient-1-23] DEBUG org.asynchttpclient.netty.handler.HttpHandler - 

Request DefaultFullHttpRequest(decodeResult: success, version: HTTP/1.1, content: EmptyByteBufBE)
GET /session/a10fc5794fb588a95d299dc34be124f8/alert/text HTTP/1.1
User-Agent: selenium/4.8.1 (java windows)
Cache-Control: no-cache
Content-Type: application/json; charset=utf-8
host: localhost:14816
accept: */*

Response DefaultHttpResponse(decodeResult: success, version: HTTP/1.1)
HTTP/1.1 404 Not Found
Content-Length: 836
Content-Type: application/json; charset=utf-8
cache-control: no-cache

10:13:26.779 [AsyncHttpClient-1-23] DEBUG org.asynchttpclient.netty.channel.ChannelManager - Adding key: http://localhost:14816 for channel [id: 0x612b8153, L:/127.0.0.1:51876 - R:localhost/127.0.0.1:14816]
10:13:26.781 [Forwarding getCurrentUrl on session a10fc5794fb588a95d299dc34be124f8 to remote] DEBUG org.asynchttpclient.netty.request.NettyRequestSender - Using pooled Channel '[id: 0x612b8153, L:/127.0.0.1:51876 - R:localhost/127.0.0.1:14816]' for 'GET' to 'http://localhost:14816/session/a10fc5794fb588a95d299dc34be124f8/url'
10:13:26.781 [Forwarding getCurrentUrl on session a10fc5794fb588a95d299dc34be124f8 to remote] DEBUG org.asynchttpclient.netty.request.NettyRequestSender - Using open Channel [id: 0x612b8153, L:/127.0.0.1:51876 - R:localhost/127.0.0.1:14816] for GET '/session/a10fc5794fb588a95d299dc34be124f8/url'
10:13:26.783 [AsyncHttpClient-1-23] DEBUG org.asynchttpclient.netty.handler.HttpHandler - 

Request DefaultFullHttpRequest(decodeResult: success, version: HTTP/1.1, content: EmptyByteBufBE)
GET /session/a10fc5794fb588a95d299dc34be124f8/url HTTP/1.1
User-Agent: selenium/4.8.1 (java windows)
Cache-Control: no-cache
Content-Type: application/json; charset=utf-8
host: localhost:14816
accept: */*

Response DefaultHttpResponse(decodeResult: success, version: HTTP/1.1)
HTTP/1.1 200 OK
Content-Length: 51
Content-Type: application/json; charset=utf-8
cache-control: no-cache

10:13:26.783 [AsyncHttpClient-1-23] DEBUG org.asynchttpclient.netty.channel.ChannelManager - Adding key: http://localhost:14816 for channel [id: 0x612b8153, L:/127.0.0.1:51876 - R:localhost/127.0.0.1:14816]
10:13:26.784 [Forwarding screenshot on session a10fc5794fb588a95d299dc34be124f8 to remote] DEBUG org.asynchttpclient.netty.request.NettyRequestSender - Using pooled Channel '[id: 0x612b8153, L:/127.0.0.1:51876 - R:localhost/127.0.0.1:14816]' for 'GET' to 'http://localhost:14816/session/a10fc5794fb588a95d299dc34be124f8/screenshot'
10:13:26.784 [Forwarding screenshot on session a10fc5794fb588a95d299dc34be124f8 to remote] DEBUG org.asynchttpclient.netty.request.NettyRequestSender - Using open Channel [id: 0x612b8153, L:/127.0.0.1:51876 - R:localhost/127.0.0.1:14816] for GET '/session/a10fc5794fb588a95d299dc34be124f8/screenshot'
10:13:26.913 [AsyncHttpClient-1-23] DEBUG org.asynchttpclient.netty.handler.HttpHandler - 

Request DefaultFullHttpRequest(decodeResult: success, version: HTTP/1.1, content: EmptyByteBufBE)
GET /session/a10fc5794fb588a95d299dc34be124f8/screenshot HTTP/1.1
User-Agent: selenium/4.8.1 (java windows)
Cache-Control: no-cache
Content-Type: application/json; charset=utf-8
host: localhost:14816
accept: */*

Response DefaultHttpResponse(decodeResult: success, version: HTTP/1.1)
HTTP/1.1 200 OK
Content-Length: 33984
Content-Type: application/json; charset=utf-8
cache-control: no-cache

10:13:26.914 [AsyncHttpClient-1-23] DEBUG org.asynchttpclient.netty.channel.ChannelManager - Adding key: http://localhost:14816 for channel [id: 0x612b8153, L:/127.0.0.1:51876 - R:localhost/127.0.0.1:14816]
10:13:26.915 [main] DEBUG net.serenitybdd.core.photography.Darkroom - Send negative for processing for target\site\serenity\6a4999e4dcf01fc1d857b6e5224a51a0deafa6396ead9fe1e69c7ccecf8c07e5.png
10:13:26.915 [main] DEBUG net.thucydides.core.steps.StepInterceptor - STEP DONE: clickLoginIcon
  &amp#27;[32mWhen &amp#27;[0m&amp#27;[32mI click on the login icon&amp#27;[0m         &amp#27;[90m# starter.stepdefinitions.TransactionSteps.clickLoginIcon()&amp#27;[0m
10:13:26.915 [Darkroom Processing Line] DEBUG net.serenitybdd.core.photography.DarkroomProcessingLine - Processing screenshot image in /var/screenshots/screenshot-5559338493065934397
10:13:26.915 [Darkroom Processing Line] DEBUG net.serenitybdd.core.photography.DarkroomProcessingLine - Saving screenshot to target\site\serenity\6a4999e4dcf01fc1d857b6e5224a51a0deafa6396ead9fe1e69c7ccecf8c07e5.png
10:13:26.922 [Forwarding getPageSource on session a10fc5794fb588a95d299dc34be124f8 to remote] DEBUG org.asynchttpclient.netty.request.NettyRequestSender - Using pooled Channel '[id: 0x612b8153, L:/127.0.0.1:51876 - R:localhost/127.0.0.1:14816]' for 'POST' to 'http://localhost:14816/session/a10fc5794fb588a95d299dc34be124f8/execute/sync'
10:13:26.922 [Forwarding getPageSource on session a10fc5794fb588a95d299dc34be124f8 to remote] DEBUG org.asynchttpclient.netty.request.NettyRequestSender - Using open Channel [id: 0x612b8153, L:/127.0.0.1:51876 - R:localhost/127.0.0.1:14816] for POST '/session/a10fc5794fb588a95d299dc34be124f8/execute/sync'
10:13:26.925 [AsyncHttpClient-1-23] DEBUG org.asynchttpclient.netty.handler.HttpHandler - 

Request DefaultHttpRequest(decodeResult: success, version: HTTP/1.1)
POST /session/a10fc5794fb588a95d299dc34be124f8/execute/sync HTTP/1.1
User-Agent: selenium/4.8.1 (java windows)
Content-Length: 176
Content-Type: application/json; charset=utf-8
host: localhost:14816
accept: */*

Response DefaultHttpResponse(decodeResult: success, version: HTTP/1.1)
HTTP/1.1 200 OK
Content-Length: 21992
Content-Type: application/json; charset=utf-8
cache-control: no-cache

10:13:26.925 [AsyncHttpClient-1-23] DEBUG org.asynchttpclient.netty.channel.ChannelManager - Adding key: http://localhost:14816 for channel [id: 0x612b8153, L:/127.0.0.1:51876 - R:localhost/127.0.0.1:14816]
10:13:26.927 [Forwarding getCurrentUrl on session a10fc5794fb588a95d299dc34be124f8 to remote] DEBUG org.asynchttpclient.netty.request.NettyRequestSender - Using pooled Channel '[id: 0x612b8153, L:/127.0.0.1:51876 - R:localhost/127.0.0.1:14816]' for 'GET' to 'http://localhost:14816/session/a10fc5794fb588a95d299dc34be124f8/url'
10:13:26.927 [Forwarding getCurrentUrl on session a10fc5794fb588a95d299dc34be124f8 to remote] DEBUG org.asynchttpclient.netty.request.NettyRequestSender - Using open Channel [id: 0x612b8153, L:/127.0.0.1:51876 - R:localhost/127.0.0.1:14816] for GET '/session/a10fc5794fb588a95d299dc34be124f8/url'
10:13:26.931 [AsyncHttpClient-1-23] DEBUG org.asynchttpclient.netty.handler.HttpHandler - 

Request DefaultFullHttpRequest(decodeResult: success, version: HTTP/1.1, content: EmptyByteBufBE)
GET /session/a10fc5794fb588a95d299dc34be124f8/url HTTP/1.1
User-Agent: selenium/4.8.1 (java windows)
Cache-Control: no-cache
Content-Type: application/json; charset=utf-8
host: localhost:14816
accept: */*

Response DefaultHttpResponse(decodeResult: success, version: HTTP/1.1)
HTTP/1.1 200 OK
Content-Length: 51
Content-Type: application/json; charset=utf-8
cache-control: no-cache

10:13:26.931 [AsyncHttpClient-1-23] DEBUG org.asynchttpclient.netty.channel.ChannelManager - Adding key: http://localhost:14816 for channel [id: 0x612b8153, L:/127.0.0.1:51876 - R:localhost/127.0.0.1:14816]
10:13:26.937 [Forwarding getPageSource on session a10fc5794fb588a95d299dc34be124f8 to remote] DEBUG org.asynchttpclient.netty.request.NettyRequestSender - Using pooled Channel '[id: 0x612b8153, L:/127.0.0.1:51876 - R:localhost/127.0.0.1:14816]' for 'POST' to 'http://localhost:14816/session/a10fc5794fb588a95d299dc34be124f8/execute/sync'
10:13:26.937 [Forwarding getPageSource on session a10fc5794fb588a95d299dc34be124f8 to remote] DEBUG org.asynchttpclient.netty.request.NettyRequestSender - Using open Channel [id: 0x612b8153, L:/127.0.0.1:51876 - R:localhost/127.0.0.1:14816] for POST '/session/a10fc5794fb588a95d299dc34be124f8/execute/sync'
10:13:26.941 [AsyncHttpClient-1-23] DEBUG org.asynchttpclient.netty.handler.HttpHandler - 

Request DefaultHttpRequest(decodeResult: success, version: HTTP/1.1)
POST /session/a10fc5794fb588a95d299dc34be124f8/execute/sync HTTP/1.1
User-Agent: selenium/4.8.1 (java windows)
Content-Length: 176
Content-Type: application/json; charset=utf-8
host: localhost:14816
accept: */*

Response DefaultHttpResponse(decodeResult: success, version: HTTP/1.1)
HTTP/1.1 200 OK
Content-Length: 21992
Content-Type: application/json; charset=utf-8
cache-control: no-cache

10:13:26.941 [AsyncHttpClient-1-23] DEBUG org.asynchttpclient.netty.channel.ChannelManager - Adding key: http://localhost:14816 for channel [id: 0x612b8153, L:/127.0.0.1:51876 - R:localhost/127.0.0.1:14816]
10:13:26.943 [Forwarding getCurrentUrl on session a10fc5794fb588a95d299dc34be124f8 to remote] DEBUG org.asynchttpclient.netty.request.NettyRequestSender - Using pooled Channel '[id: 0x612b8153, L:/127.0.0.1:51876 - R:localhost/127.0.0.1:14816]' for 'GET' to 'http://localhost:14816/session/a10fc5794fb588a95d299dc34be124f8/url'
10:13:26.943 [Forwarding getCurrentUrl on session a10fc5794fb588a95d299dc34be124f8 to remote] DEBUG org.asynchttpclient.netty.request.NettyRequestSender - Using open Channel [id: 0x612b8153, L:/127.0.0.1:51876 - R:localhost/127.0.0.1:14816] for GET '/session/a10fc5794fb588a95d299dc34be124f8/url'
10:13:26.945 [AsyncHttpClient-1-23] DEBUG org.asynchttpclient.netty.handler.HttpHandler - 

Request DefaultFullHttpRequest(decodeResult: success, version: HTTP/1.1, content: EmptyByteBufBE)
GET /session/a10fc5794fb588a95d299dc34be124f8/url HTTP/1.1
User-Agent: selenium/4.8.1 (java windows)
Cache-Control: no-cache
Content-Type: application/json; charset=utf-8
host: localhost:14816
accept: */*

Response DefaultHttpResponse(decodeResult: success, version: HTTP/1.1)
HTTP/1.1 200 OK
Content-Length: 51
Content-Type: application/json; charset=utf-8
cache-control: no-cache

10:13:26.945 [AsyncHttpClient-1-23] DEBUG org.asynchttpclient.netty.channel.ChannelManager - Adding key: http://localhost:14816 for channel [id: 0x612b8153, L:/127.0.0.1:51876 - R:localhost/127.0.0.1:14816]
10:13:26.946 [main] DEBUG net.thucydides.core.steps.StepInterceptor - STARTING STEP: TransactionSteps.validateOnLoginPage - validateOnLoginPage
10:13:26.947 [Forwarding findElement on session a10fc5794fb588a95d299dc34be124f8 to remote] DEBUG org.asynchttpclient.netty.request.NettyRequestSender - Using pooled Channel '[id: 0x612b8153, L:/127.0.0.1:51876 - R:localhost/127.0.0.1:14816]' for 'POST' to 'http://localhost:14816/session/a10fc5794fb588a95d299dc34be124f8/element'
10:13:26.947 [Forwarding findElement on session a10fc5794fb588a95d299dc34be124f8 to remote] DEBUG org.asynchttpclient.netty.request.NettyRequestSender - Using open Channel [id: 0x612b8153, L:/127.0.0.1:51876 - R:localhost/127.0.0.1:14816] for POST '/session/a10fc5794fb588a95d299dc34be124f8/element'
10:13:26.956 [AsyncHttpClient-1-23] DEBUG org.asynchttpclient.netty.handler.HttpHandler - 

Request DefaultHttpRequest(decodeResult: success, version: HTTP/1.1)
POST /session/a10fc5794fb588a95d299dc34be124f8/element HTTP/1.1
User-Agent: selenium/4.8.1 (java windows)
Content-Length: 71
Content-Type: application/json; charset=utf-8
host: localhost:14816
accept: */*

Response DefaultHttpResponse(decodeResult: success, version: HTTP/1.1)
HTTP/1.1 200 OK
Content-Length: 88
Content-Type: application/json; charset=utf-8
cache-control: no-cache

10:13:26.956 [AsyncHttpClient-1-23] DEBUG org.asynchttpclient.netty.channel.ChannelManager - Adding key: http://localhost:14816 for channel [id: 0x612b8153, L:/127.0.0.1:51876 - R:localhost/127.0.0.1:14816]
10:13:26.959 [Forwarding isElementDisplayed on session a10fc5794fb588a95d299dc34be124f8 to remote] DEBUG org.asynchttpclient.netty.request.NettyRequestSender - Using pooled Channel '[id: 0x612b8153, L:/127.0.0.1:51876 - R:localhost/127.0.0.1:14816]' for 'POST' to 'http://localhost:14816/session/a10fc5794fb588a95d299dc34be124f8/execute/sync'
10:13:26.959 [Forwarding isElementDisplayed on session a10fc5794fb588a95d299dc34be124f8 to remote] DEBUG org.asynchttpclient.netty.request.NettyRequestSender - Using open Channel [id: 0x612b8153, L:/127.0.0.1:51876 - R:localhost/127.0.0.1:14816] for POST '/session/a10fc5794fb588a95d299dc34be124f8/execute/sync'
10:13:26.971 [AsyncHttpClient-1-23] DEBUG org.asynchttpclient.netty.handler.HttpHandler - 

Request DefaultHttpRequest(decodeResult: success, version: HTTP/1.1)
POST /session/a10fc5794fb588a95d299dc34be124f8/execute/sync HTTP/1.1
User-Agent: selenium/4.8.1 (java windows)
Content-Length: 48807
Content-Type: application/json; charset=utf-8
host: localhost:14816
accept: */*

Response DefaultHttpResponse(decodeResult: success, version: HTTP/1.1)
HTTP/1.1 200 OK
Content-Length: 14
Content-Type: application/json; charset=utf-8
cache-control: no-cache

10:13:26.971 [AsyncHttpClient-1-23] DEBUG org.asynchttpclient.netty.channel.ChannelManager - Adding key: http://localhost:14816 for channel [id: 0x612b8153, L:/127.0.0.1:51876 - R:localhost/127.0.0.1:14816]
10:13:26.974 [Forwarding getAlertText on session a10fc5794fb588a95d299dc34be124f8 to remote] DEBUG org.asynchttpclient.netty.request.NettyRequestSender - Using pooled Channel '[id: 0x612b8153, L:/127.0.0.1:51876 - R:localhost/127.0.0.1:14816]' for 'GET' to 'http://localhost:14816/session/a10fc5794fb588a95d299dc34be124f8/alert/text'
10:13:26.974 [Forwarding getAlertText on session a10fc5794fb588a95d299dc34be124f8 to remote] DEBUG org.asynchttpclient.netty.request.NettyRequestSender - Using open Channel [id: 0x612b8153, L:/127.0.0.1:51876 - R:localhost/127.0.0.1:14816] for GET '/session/a10fc5794fb588a95d299dc34be124f8/alert/text'
10:13:26.975 [AsyncHttpClient-1-23] DEBUG org.asynchttpclient.netty.handler.HttpHandler - 

Request DefaultFullHttpRequest(decodeResult: success, version: HTTP/1.1, content: EmptyByteBufBE)
GET /session/a10fc5794fb588a95d299dc34be124f8/alert/text HTTP/1.1
User-Agent: selenium/4.8.1 (java windows)
Cache-Control: no-cache
Content-Type: application/json; charset=utf-8
host: localhost:14816
accept: */*

Response DefaultHttpResponse(decodeResult: success, version: HTTP/1.1)
HTTP/1.1 404 Not Found
Content-Length: 836
Content-Type: application/json; charset=utf-8
cache-control: no-cache

10:13:26.975 [AsyncHttpClient-1-23] DEBUG org.asynchttpclient.netty.channel.ChannelManager - Adding key: http://localhost:14816 for channel [id: 0x612b8153, L:/127.0.0.1:51876 - R:localhost/127.0.0.1:14816]
10:13:26.976 [Forwarding getCurrentUrl on session a10fc5794fb588a95d299dc34be124f8 to remote] DEBUG org.asynchttpclient.netty.request.NettyRequestSender - Using pooled Channel '[id: 0x612b8153, L:/127.0.0.1:51876 - R:localhost/127.0.0.1:14816]' for 'GET' to 'http://localhost:14816/session/a10fc5794fb588a95d299dc34be124f8/url'
10:13:26.976 [Forwarding getCurrentUrl on session a10fc5794fb588a95d299dc34be124f8 to remote] DEBUG org.asynchttpclient.netty.request.NettyRequestSender - Using open Channel [id: 0x612b8153, L:/127.0.0.1:51876 - R:localhost/127.0.0.1:14816] for GET '/session/a10fc5794fb588a95d299dc34be124f8/url'
10:13:26.978 [AsyncHttpClient-1-23] DEBUG org.asynchttpclient.netty.handler.HttpHandler - 

Request DefaultFullHttpRequest(decodeResult: success, version: HTTP/1.1, content: EmptyByteBufBE)
GET /session/a10fc5794fb588a95d299dc34be124f8/url HTTP/1.1
User-Agent: selenium/4.8.1 (java windows)
Cache-Control: no-cache
Content-Type: application/json; charset=utf-8
host: localhost:14816
accept: */*

Response DefaultHttpResponse(decodeResult: success, version: HTTP/1.1)
HTTP/1.1 200 OK
Content-Length: 51
Content-Type: application/json; charset=utf-8
cache-control: no-cache

10:13:26.978 [AsyncHttpClient-1-23] DEBUG org.asynchttpclient.netty.channel.ChannelManager - Adding key: http://localhost:14816 for channel [id: 0x612b8153, L:/127.0.0.1:51876 - R:localhost/127.0.0.1:14816]
10:13:26.979 [Forwarding screenshot on session a10fc5794fb588a95d299dc34be124f8 to remote] DEBUG org.asynchttpclient.netty.request.NettyRequestSender - Using pooled Channel '[id: 0x612b8153, L:/127.0.0.1:51876 - R:localhost/127.0.0.1:14816]' for 'GET' to 'http://localhost:14816/session/a10fc5794fb588a95d299dc34be124f8/screenshot'
10:13:26.979 [Forwarding screenshot on session a10fc5794fb588a95d299dc34be124f8 to remote] DEBUG org.asynchttpclient.netty.request.NettyRequestSender - Using open Channel [id: 0x612b8153, L:/127.0.0.1:51876 - R:localhost/127.0.0.1:14816] for GET '/session/a10fc5794fb588a95d299dc34be124f8/screenshot'
10:13:27.096 [AsyncHttpClient-1-23] DEBUG org.asynchttpclient.netty.handler.HttpHandler - 

Request DefaultFullHttpRequest(decodeResult: success, version: HTTP/1.1, content: EmptyByteBufBE)
GET /session/a10fc5794fb588a95d299dc34be124f8/screenshot HTTP/1.1
User-Agent: selenium/4.8.1 (java windows)
Cache-Control: no-cache
Content-Type: application/json; charset=utf-8
host: localhost:14816
accept: */*

Response DefaultHttpResponse(decodeResult: success, version: HTTP/1.1)
HTTP/1.1 200 OK
Content-Length: 34552
Content-Type: application/json; charset=utf-8
cache-control: no-cache

10:13:27.096 [AsyncHttpClient-1-23] DEBUG org.asynchttpclient.netty.channel.ChannelManager - Adding key: http://localhost:14816 for channel [id: 0x612b8153, L:/127.0.0.1:51876 - R:localhost/127.0.0.1:14816]
10:13:27.097 [main] DEBUG net.serenitybdd.core.photography.Darkroom - Send negative for processing for target\site\serenity\51568f922c3a5c6936b9d9bd14ee5a047b4412a277b2cc615258d536d377e420.png
10:13:27.097 [main] DEBUG net.thucydides.core.steps.StepInterceptor - STEP DONE: validateOnLoginPage
  &amp#27;[32mThen &amp#27;[0m&amp#27;[32mI redirected to login page&amp#27;[0m        &amp#27;[90m# starter.stepdefinitions.TransactionSteps.validateOnLoginPage()&amp#27;[0m
10:13:27.097 [Darkroom Processing Line] DEBUG net.serenitybdd.core.photography.DarkroomProcessingLine - Processing screenshot image in /var/screenshots/screenshot-17376726136786710544
10:13:27.097 [Darkroom Processing Line] DEBUG net.serenitybdd.core.photography.DarkroomProcessingLine - Saving screenshot to target\site\serenity\51568f922c3a5c6936b9d9bd14ee5a047b4412a277b2cc615258d536d377e420.png
10:13:27.103 [main] INFO  - 
  _____   ___   ___   _____     ___     _     ___   ___   ___   ___  
 |_   _| | __| / __| |_   _|   | _ \   /_\   / __| / __| | __| |   \ 
   | |   | _|  \__ \   | |     |  _/  / _ \  \__ \ \__ \ | _|  | |) |
   |_|   |___| |___/   |_|     |_|   /_/ \_\ |___/ |___/ |___| |___/ 

View transaction without login
----------------------------------------------------------------------
10:13:27.104 [AsyncHttpClient-1-25] DEBUG org.asynchttpclient.netty.handler.WebSocketHandler - Channel Closed: [id: 0x726f69d5, L:/127.0.0.1:51884 ! R:localhost/127.0.0.1:51877] with attribute NettyResponseFuture{currentRetry=0,
	isDone=1,
	isCancelled=0,
	asyncHandler=org.asynchttpclient.ws.WebSocketUpgradeHandler@3f5262bf,
	nettyRequest=org.asynchttpclient.netty.request.NettyRequest@2835c285,
	future=java.util.concurrent.CompletableFuture@4f1ef41[Completed normally],
	uri=ws://localhost:51877/devtools/browser/5f9b97a8-1761-4523-9ce2-fd7f775633e8,
	keepAlive=true,
	redirectCount=0,
	timeoutsHolder=null,
	inAuth=0,
	touch=1683429204433}
10:13:27.104 [AsyncHttpClient-1-25] DEBUG org.asynchttpclient.netty.channel.ChannelManager - Closing Channel [id: 0x726f69d5, L:/127.0.0.1:51884 ! R:localhost/127.0.0.1:51877] 
10:13:27.104 [Driver Command Executor] DEBUG org.asynchttpclient.netty.request.NettyRequestSender - Using pooled Channel '[id: 0x612b8153, L:/127.0.0.1:51876 - R:localhost/127.0.0.1:14816]' for 'DELETE' to 'http://localhost:14816/session/a10fc5794fb588a95d299dc34be124f8'
10:13:27.105 [Driver Command Executor] DEBUG org.asynchttpclient.netty.request.NettyRequestSender - Using open Channel [id: 0x612b8153, L:/127.0.0.1:51876 - R:localhost/127.0.0.1:14816] for DELETE '/session/a10fc5794fb588a95d299dc34be124f8'
10:13:27.301 [AsyncHttpClient-1-24] DEBUG org.asynchttpclient.netty.handler.HttpHandler - Unexpected I/O exception on channel [id: 0x0aaeb129, L:/127.0.0.1:51883 - R:localhost/127.0.0.1:51877]
java.io.IOException: An existing connection was forcibly closed by the remote host
	at java.base/sun.nio.ch.SocketDispatcher.read0(Native Method)
	at java.base/sun.nio.ch.SocketDispatcher.read(SocketDispatcher.java:43)
	at java.base/sun.nio.ch.IOUtil.readIntoNativeBuffer(IOUtil.java:276)
	at java.base/sun.nio.ch.IOUtil.read(IOUtil.java:233)
	at java.base/sun.nio.ch.IOUtil.read(IOUtil.java:223)
	at java.base/sun.nio.ch.SocketChannelImpl.read(SocketChannelImpl.java:358)
	at io.netty.buffer.PooledByteBuf.setBytes(PooledByteBuf.java:259)
	at io.netty.buffer.AbstractByteBuf.writeBytes(AbstractByteBuf.java:1132)
	at io.netty.channel.socket.nio.NioSocketChannel.doReadBytes(NioSocketChannel.java:357)
	at io.netty.channel.nio.AbstractNioByteChannel$NioByteUnsafe.read(AbstractNioByteChannel.java:151)
	at io.netty.channel.nio.NioEventLoop.processSelectedKey(NioEventLoop.java:788)
	at io.netty.channel.nio.NioEventLoop.processSelectedKeysOptimized(NioEventLoop.java:724)
	at io.netty.channel.nio.NioEventLoop.processSelectedKeys(NioEventLoop.java:650)
	at io.netty.channel.nio.NioEventLoop.run(NioEventLoop.java:562)
	at io.netty.util.concurrent.SingleThreadEventExecutor$4.run(SingleThreadEventExecutor.java:997)
	at io.netty.util.internal.ThreadExecutorMap$2.run(ThreadExecutorMap.java:74)
	at io.netty.util.concurrent.FastThreadLocalRunnable.run(FastThreadLocalRunnable.java:30)
	at java.base/java.lang.Thread.run(Thread.java:834)
10:13:27.301 [AsyncHttpClient-1-24] DEBUG org.asynchttpclient.netty.channel.ChannelManager - Closing Channel [id: 0x0aaeb129, L:/127.0.0.1:51883 - R:localhost/127.0.0.1:51877] 
10:13:27.301 [AsyncHttpClient-1-24] DEBUG org.asynchttpclient.netty.handler.HttpHandler - Channel Closed: [id: 0x0aaeb129, L:/127.0.0.1:51883 ! R:localhost/127.0.0.1:51877] with attribute DISCARD
10:13:27.312 [AsyncHttpClient-1-23] DEBUG org.asynchttpclient.netty.handler.HttpHandler - 

Request DefaultFullHttpRequest(decodeResult: success, version: HTTP/1.1, content: EmptyByteBufBE)
DELETE /session/a10fc5794fb588a95d299dc34be124f8 HTTP/1.1
User-Agent: selenium/4.8.1 (java windows)
Content-Type: application/json; charset=utf-8
host: localhost:14816
accept: */*

Response DefaultHttpResponse(decodeResult: success, version: HTTP/1.1)
HTTP/1.1 200 OK
Content-Length: 14
Content-Type: application/json; charset=utf-8
cache-control: no-cache

10:13:27.312 [AsyncHttpClient-1-23] DEBUG org.asynchttpclient.netty.channel.ChannelManager - Adding key: http://localhost:14816 for channel [id: 0x612b8153, L:/127.0.0.1:51876 - R:localhost/127.0.0.1:14816]
10:13:27.342 [AsyncHttpClient-1-23] DEBUG org.asynchttpclient.netty.handler.HttpHandler - Channel Closed: [id: 0x612b8153, L:/127.0.0.1:51876 ! R:localhost/127.0.0.1:14816] with attribute DISCARD
10:13:27.594 [AsyncHttpClient-1-1] DEBUG org.asynchttpclient.netty.channel.DefaultChannelPool - Entry count for : http://localhost:14816 : 1
10:13:27.594 [AsyncHttpClient-1-1] DEBUG org.asynchttpclient.netty.channel.DefaultChannelPool - Entry count for : http://localhost:51877 : 1
10:13:27.594 [AsyncHttpClient-1-1] DEBUG org.asynchttpclient.netty.channel.DefaultChannelPool - Adding Candidate expired Channel [id: 0x612b8153, L:/127.0.0.1:51876 ! R:localhost/127.0.0.1:14816] isIdleTimeoutExpired=false isRemotelyClosed=true isTtlExpired=false
10:13:27.594 [AsyncHttpClient-1-1] DEBUG org.asynchttpclient.netty.channel.DefaultChannelPool - Closing Idle Channel [id: 0x612b8153, L:/127.0.0.1:51876 ! R:localhost/127.0.0.1:14816]
10:13:27.594 [AsyncHttpClient-1-1] DEBUG org.asynchttpclient.netty.channel.DefaultChannelPool - Adding Candidate expired Channel [id: 0x0aaeb129, L:/127.0.0.1:51883 ! R:localhost/127.0.0.1:51877] isIdleTimeoutExpired=false isRemotelyClosed=true isTtlExpired=false
10:13:27.594 [AsyncHttpClient-1-1] DEBUG org.asynchttpclient.netty.channel.DefaultChannelPool - Closing Idle Channel [id: 0x0aaeb129, L:/127.0.0.1:51883 ! R:localhost/127.0.0.1:51877]
10:13:27.594 [AsyncHttpClient-1-1] DEBUG org.asynchttpclient.netty.channel.DefaultChannelPool - Closed 2 connections out of 2 in 0 ms
]]></system-out>
    <system-err><![CDATA[Starting ChromeDriver 111.0.5563.64 (c710e93d5b63b7095afe8c2c17df34408078439d-refs/branch-heads/5563@{#995}) on port 14816
Only local connections are allowed.
Please see https://chromedriver.chromium.org/security-considerations for suggestions on keeping ChromeDriver safe.
ChromeDriver was started successfully.
May 07, 2023 10:13:24 AM org.openqa.selenium.devtools.CdpVersionFinder findNearestMatch
WARNING: Unable to find an exact match for CDP version 111, so returning the closest version found: 110
]]></system-err>
  </testcase>
  <testcase name="Pay the product we&apos;ve added to cart" classname="Transaction" time="5.739">
    <system-out><![CDATA[
Scenario: Pay the product we've added to cart             &amp#27;[90m# src/test/resources/features/6. Transaction.feature:18&amp#27;[0m
10:13:27.888 [main] DEBUG io.cucumber.core.plugin.SerenityReporter - Running feature from file:///D:/WebMinpro/code/minpro/src/test/resources/features/6.%20Transaction.feature
10:13:27.891 [main] INFO  - 
  _____   ___   ___   _____     ___   _____     _     ___   _____   ___   ___  
 |_   _| | __| / __| |_   _|   / __| |_   _|   /_\   | _ \ |_   _| | __| |   \ 
   | |   | _|  \__ \   | |     \__ \   | |    / _ \  |   /   | |   | _|  | |) |
   |_|   |___| |___/   |_|     |___/   |_|   /_/ \_\ |_|_\   |_|   |___| |___/ 

Pay the product we've added to cart(transaction;pay-the-product-we-ve-added-to-cart)
--------------------------------------------------------------------------------
10:13:27.937 [main] DEBUG net.thucydides.core.steps.StepInterceptor - STARTING STEP: ProductSteps.onTheHomePage - openPage
10:13:27.998 [main] INFO net.serenitybdd.core.webdriver.driverproviders.ChromeDriverProvider - Starting Chrome driver instance with capabilities:
10:13:27.998 [main] INFO net.serenitybdd.core.webdriver.driverproviders.ChromeDriverProvider - Capabilities {acceptInsecureCerts: false, browserName: chrome, goog:chromeOptions: {args: [remote-allow-origins=*], extensions: []}}
10:13:28.601 [AsyncHttpClient-1-2] DEBUG org.asynchttpclient.netty.channel.NettyConnectListener - Using new Channel '[id: 0xede2ca95, L:/127.0.0.1:51904 - R:localhost/127.0.0.1:6210]' for 'POST' to '/session'
10:13:29.126 [AsyncHttpClient-1-2] DEBUG org.asynchttpclient.netty.handler.HttpHandler - 

Request DefaultHttpRequest(decodeResult: success, version: HTTP/1.1)
POST /session HTTP/1.1
User-Agent: selenium/4.8.1 (java windows)
Content-Length: 507
Content-Type: application/json; charset=utf-8
host: localhost:6210
accept: */*

Response DefaultHttpResponse(decodeResult: success, version: HTTP/1.1)
HTTP/1.1 200 OK
Content-Length: 858
Content-Type: application/json; charset=utf-8
cache-control: no-cache

10:13:29.126 [AsyncHttpClient-1-2] DEBUG org.asynchttpclient.netty.channel.ChannelManager - Adding key: http://localhost:6210 for channel [id: 0xede2ca95, L:/127.0.0.1:51904 - R:localhost/127.0.0.1:6210]
10:13:29.131 [AsyncHttpClient-1-3] DEBUG org.asynchttpclient.netty.channel.NettyConnectListener - Using new Channel '[id: 0xe9fe0006, L:/127.0.0.1:51912 - R:localhost/127.0.0.1:51905]' for 'GET' to '/json/version'
10:13:29.132 [AsyncHttpClient-1-3] DEBUG org.asynchttpclient.netty.handler.HttpHandler - 

Request DefaultFullHttpRequest(decodeResult: success, version: HTTP/1.1, content: EmptyByteBufBE)
GET /json/version HTTP/1.1
User-Agent: selenium/4.8.1 (java windows)
host: localhost:51905
accept: */*

Response DefaultHttpResponse(decodeResult: success, version: HTTP/1.1)
HTTP/1.1 200 OK
Content-Security-Policy: frame-ancestors 'none'
Content-Length: 424
Content-Type: application/json; charset=UTF-8

10:13:29.132 [AsyncHttpClient-1-3] DEBUG org.asynchttpclient.netty.channel.ChannelManager - Adding key: http://localhost:51905 for channel [id: 0xe9fe0006, L:/127.0.0.1:51912 - R:localhost/127.0.0.1:51905]
10:13:29.133 [AsyncHttpClient-1-4] DEBUG org.asynchttpclient.netty.channel.NettyConnectListener - Using new Channel '[id: 0xa5c47b5d, L:/127.0.0.1:51913 - R:localhost/127.0.0.1:51905]' for 'GET' to '/devtools/browser/3bec41d9-8895-48c6-a111-e407a103a264'
10:13:29.134 [AsyncHttpClient-1-4] DEBUG org.asynchttpclient.netty.handler.WebSocketHandler - 

Request DefaultFullHttpRequest(decodeResult: success, version: HTTP/1.1, content: EmptyByteBufBE)
GET /devtools/browser/3bec41d9-8895-48c6-a111-e407a103a264 HTTP/1.1
upgrade: websocket
connection: upgrade
sec-websocket-key: lqk83ncmAXiRT3Y7w/2+DA==
sec-websocket-version: 13
origin: http://localhost:51905
host: localhost:51905
accept: */*
user-agent: AHC/2.1

Response DefaultHttpResponse(decodeResult: success, version: HTTP/1.1)
HTTP/1.1 101 WebSocket Protocol Handshake
Upgrade: WebSocket
Connection: Upgrade
Sec-WebSocket-Accept: V0bX22t2BL5SAClO0AHYSMcp/7I=

10:13:29.137 [Forwarding get on session ba85bb47b3bbe105c406d2743fd3b7e1 to remote] DEBUG org.asynchttpclient.netty.request.NettyRequestSender - Using pooled Channel '[id: 0xede2ca95, L:/127.0.0.1:51904 - R:localhost/127.0.0.1:6210]' for 'POST' to 'http://localhost:6210/session/ba85bb47b3bbe105c406d2743fd3b7e1/url'
10:13:29.137 [Forwarding get on session ba85bb47b3bbe105c406d2743fd3b7e1 to remote] DEBUG org.asynchttpclient.netty.request.NettyRequestSender - Using open Channel [id: 0xede2ca95, L:/127.0.0.1:51904 - R:localhost/127.0.0.1:6210] for POST '/session/ba85bb47b3bbe105c406d2743fd3b7e1/url'
10:13:29.794 [AsyncHttpClient-1-1] DEBUG org.asynchttpclient.netty.channel.DefaultChannelPool - Entry count for : http://localhost:51905 : 1
10:13:29.976 [AsyncHttpClient-1-2] DEBUG org.asynchttpclient.netty.handler.HttpHandler - 

Request DefaultHttpRequest(decodeResult: success, version: HTTP/1.1)
POST /session/ba85bb47b3bbe105c406d2743fd3b7e1/url HTTP/1.1
User-Agent: selenium/4.8.1 (java windows)
Content-Length: 74
Content-Type: application/json; charset=utf-8
host: localhost:6210
accept: */*

Response DefaultHttpResponse(decodeResult: success, version: HTTP/1.1)
HTTP/1.1 200 OK
Content-Length: 14
Content-Type: application/json; charset=utf-8
cache-control: no-cache

10:13:29.977 [AsyncHttpClient-1-2] DEBUG org.asynchttpclient.netty.channel.ChannelManager - Adding key: http://localhost:6210 for channel [id: 0xede2ca95, L:/127.0.0.1:51904 - R:localhost/127.0.0.1:6210]
10:13:29.978 [Forwarding setTimeout on session ba85bb47b3bbe105c406d2743fd3b7e1 to remote] DEBUG org.asynchttpclient.netty.request.NettyRequestSender - Using pooled Channel '[id: 0xede2ca95, L:/127.0.0.1:51904 - R:localhost/127.0.0.1:6210]' for 'POST' to 'http://localhost:6210/session/ba85bb47b3bbe105c406d2743fd3b7e1/timeouts'
10:13:29.978 [Forwarding setTimeout on session ba85bb47b3bbe105c406d2743fd3b7e1 to remote] DEBUG org.asynchttpclient.netty.request.NettyRequestSender - Using open Channel [id: 0xede2ca95, L:/127.0.0.1:51904 - R:localhost/127.0.0.1:6210] for POST '/session/ba85bb47b3bbe105c406d2743fd3b7e1/timeouts'
10:13:29.978 [AsyncHttpClient-1-2] DEBUG org.asynchttpclient.netty.handler.HttpHandler - 

Request DefaultHttpRequest(decodeResult: success, version: HTTP/1.1)
POST /session/ba85bb47b3bbe105c406d2743fd3b7e1/timeouts HTTP/1.1
User-Agent: selenium/4.8.1 (java windows)
Content-Length: 22
Content-Type: application/json; charset=utf-8
host: localhost:6210
accept: */*

Response DefaultHttpResponse(decodeResult: success, version: HTTP/1.1)
HTTP/1.1 200 OK
Content-Length: 14
Content-Type: application/json; charset=utf-8
cache-control: no-cache

10:13:29.978 [AsyncHttpClient-1-2] DEBUG org.asynchttpclient.netty.channel.ChannelManager - Adding key: http://localhost:6210 for channel [id: 0xede2ca95, L:/127.0.0.1:51904 - R:localhost/127.0.0.1:6210]
10:13:29.986 [Forwarding getAlertText on session ba85bb47b3bbe105c406d2743fd3b7e1 to remote] DEBUG org.asynchttpclient.netty.request.NettyRequestSender - Using pooled Channel '[id: 0xede2ca95, L:/127.0.0.1:51904 - R:localhost/127.0.0.1:6210]' for 'GET' to 'http://localhost:6210/session/ba85bb47b3bbe105c406d2743fd3b7e1/alert/text'
10:13:29.986 [Forwarding getAlertText on session ba85bb47b3bbe105c406d2743fd3b7e1 to remote] DEBUG org.asynchttpclient.netty.request.NettyRequestSender - Using open Channel [id: 0xede2ca95, L:/127.0.0.1:51904 - R:localhost/127.0.0.1:6210] for GET '/session/ba85bb47b3bbe105c406d2743fd3b7e1/alert/text'
10:13:29.987 [AsyncHttpClient-1-2] DEBUG org.asynchttpclient.netty.handler.HttpHandler - 

Request DefaultFullHttpRequest(decodeResult: success, version: HTTP/1.1, content: EmptyByteBufBE)
GET /session/ba85bb47b3bbe105c406d2743fd3b7e1/alert/text HTTP/1.1
User-Agent: selenium/4.8.1 (java windows)
Cache-Control: no-cache
Content-Type: application/json; charset=utf-8
host: localhost:6210
accept: */*

Response DefaultHttpResponse(decodeResult: success, version: HTTP/1.1)
HTTP/1.1 404 Not Found
Content-Length: 836
Content-Type: application/json; charset=utf-8
cache-control: no-cache

10:13:29.987 [AsyncHttpClient-1-2] DEBUG org.asynchttpclient.netty.channel.ChannelManager - Adding key: http://localhost:6210 for channel [id: 0xede2ca95, L:/127.0.0.1:51904 - R:localhost/127.0.0.1:6210]
10:13:29.988 [Forwarding getCurrentUrl on session ba85bb47b3bbe105c406d2743fd3b7e1 to remote] DEBUG org.asynchttpclient.netty.request.NettyRequestSender - Using pooled Channel '[id: 0xede2ca95, L:/127.0.0.1:51904 - R:localhost/127.0.0.1:6210]' for 'GET' to 'http://localhost:6210/session/ba85bb47b3bbe105c406d2743fd3b7e1/url'
10:13:29.988 [Forwarding getCurrentUrl on session ba85bb47b3bbe105c406d2743fd3b7e1 to remote] DEBUG org.asynchttpclient.netty.request.NettyRequestSender - Using open Channel [id: 0xede2ca95, L:/127.0.0.1:51904 - R:localhost/127.0.0.1:6210] for GET '/session/ba85bb47b3bbe105c406d2743fd3b7e1/url'
10:13:29.991 [AsyncHttpClient-1-2] DEBUG org.asynchttpclient.netty.handler.HttpHandler - 

Request DefaultFullHttpRequest(decodeResult: success, version: HTTP/1.1, content: EmptyByteBufBE)
GET /session/ba85bb47b3bbe105c406d2743fd3b7e1/url HTTP/1.1
User-Agent: selenium/4.8.1 (java windows)
Cache-Control: no-cache
Content-Type: application/json; charset=utf-8
host: localhost:6210
accept: */*

Response DefaultHttpResponse(decodeResult: success, version: HTTP/1.1)
HTTP/1.1 200 OK
Content-Length: 51
Content-Type: application/json; charset=utf-8
cache-control: no-cache

10:13:29.991 [AsyncHttpClient-1-2] DEBUG org.asynchttpclient.netty.channel.ChannelManager - Adding key: http://localhost:6210 for channel [id: 0xede2ca95, L:/127.0.0.1:51904 - R:localhost/127.0.0.1:6210]
10:13:29.992 [Forwarding screenshot on session ba85bb47b3bbe105c406d2743fd3b7e1 to remote] DEBUG org.asynchttpclient.netty.request.NettyRequestSender - Using pooled Channel '[id: 0xede2ca95, L:/127.0.0.1:51904 - R:localhost/127.0.0.1:6210]' for 'GET' to 'http://localhost:6210/session/ba85bb47b3bbe105c406d2743fd3b7e1/screenshot'
10:13:29.992 [Forwarding screenshot on session ba85bb47b3bbe105c406d2743fd3b7e1 to remote] DEBUG org.asynchttpclient.netty.request.NettyRequestSender - Using open Channel [id: 0xede2ca95, L:/127.0.0.1:51904 - R:localhost/127.0.0.1:6210] for GET '/session/ba85bb47b3bbe105c406d2743fd3b7e1/screenshot'
10:13:30.080 [AsyncHttpClient-1-2] DEBUG org.asynchttpclient.netty.handler.HttpHandler - 

Request DefaultFullHttpRequest(decodeResult: success, version: HTTP/1.1, content: EmptyByteBufBE)
GET /session/ba85bb47b3bbe105c406d2743fd3b7e1/screenshot HTTP/1.1
User-Agent: selenium/4.8.1 (java windows)
Cache-Control: no-cache
Content-Type: application/json; charset=utf-8
host: localhost:6210
accept: */*

Response DefaultHttpResponse(decodeResult: success, version: HTTP/1.1)
HTTP/1.1 200 OK
Content-Length: 32748
Content-Type: application/json; charset=utf-8
cache-control: no-cache

10:13:30.080 [AsyncHttpClient-1-2] DEBUG org.asynchttpclient.netty.channel.ChannelManager - Adding key: http://localhost:6210 for channel [id: 0xede2ca95, L:/127.0.0.1:51904 - R:localhost/127.0.0.1:6210]
10:13:30.081 [main] DEBUG net.serenitybdd.core.photography.Darkroom - Send negative for processing for target\site\serenity\838a118defe8b2c78f320792ccc0dfcdbc689f4090a216cf0baf82906188e658.png
10:13:30.081 [main] DEBUG net.thucydides.core.steps.StepInterceptor - STEP DONE: openPage
10:13:30.085 [Forwarding getPageSource on session ba85bb47b3bbe105c406d2743fd3b7e1 to remote] DEBUG org.asynchttpclient.netty.request.NettyRequestSender - Using pooled Channel '[id: 0xede2ca95, L:/127.0.0.1:51904 - R:localhost/127.0.0.1:6210]' for 'POST' to 'http://localhost:6210/session/ba85bb47b3bbe105c406d2743fd3b7e1/execute/sync'
10:13:30.085 [Forwarding getPageSource on session ba85bb47b3bbe105c406d2743fd3b7e1 to remote] DEBUG org.asynchttpclient.netty.request.NettyRequestSender - Using open Channel [id: 0xede2ca95, L:/127.0.0.1:51904 - R:localhost/127.0.0.1:6210] for POST '/session/ba85bb47b3bbe105c406d2743fd3b7e1/execute/sync'
10:13:30.089 [AsyncHttpClient-1-2] DEBUG org.asynchttpclient.netty.handler.HttpHandler - 

Request DefaultHttpRequest(decodeResult: success, version: HTTP/1.1)
POST /session/ba85bb47b3bbe105c406d2743fd3b7e1/execute/sync HTTP/1.1
User-Agent: selenium/4.8.1 (java windows)
Content-Length: 176
Content-Type: application/json; charset=utf-8
host: localhost:6210
accept: */*

Response DefaultHttpResponse(decodeResult: success, version: HTTP/1.1)
HTTP/1.1 200 OK
Content-Length: 21659
Content-Type: application/json; charset=utf-8
cache-control: no-cache

10:13:30.089 [AsyncHttpClient-1-2] DEBUG org.asynchttpclient.netty.channel.ChannelManager - Adding key: http://localhost:6210 for channel [id: 0xede2ca95, L:/127.0.0.1:51904 - R:localhost/127.0.0.1:6210]
10:13:30.091 [Forwarding getCurrentUrl on session ba85bb47b3bbe105c406d2743fd3b7e1 to remote] DEBUG org.asynchttpclient.netty.request.NettyRequestSender - Using pooled Channel '[id: 0xede2ca95, L:/127.0.0.1:51904 - R:localhost/127.0.0.1:6210]' for 'GET' to 'http://localhost:6210/session/ba85bb47b3bbe105c406d2743fd3b7e1/url'
10:13:30.091 [Forwarding getCurrentUrl on session ba85bb47b3bbe105c406d2743fd3b7e1 to remote] DEBUG org.asynchttpclient.netty.request.NettyRequestSender - Using open Channel [id: 0xede2ca95, L:/127.0.0.1:51904 - R:localhost/127.0.0.1:6210] for GET '/session/ba85bb47b3bbe105c406d2743fd3b7e1/url'
10:13:30.093 [AsyncHttpClient-1-2] DEBUG org.asynchttpclient.netty.handler.HttpHandler - 

Request DefaultFullHttpRequest(decodeResult: success, version: HTTP/1.1, content: EmptyByteBufBE)
GET /session/ba85bb47b3bbe105c406d2743fd3b7e1/url HTTP/1.1
User-Agent: selenium/4.8.1 (java windows)
Cache-Control: no-cache
Content-Type: application/json; charset=utf-8
host: localhost:6210
accept: */*

Response DefaultHttpResponse(decodeResult: success, version: HTTP/1.1)
HTTP/1.1 200 OK
Content-Length: 51
Content-Type: application/json; charset=utf-8
cache-control: no-cache

10:13:30.093 [AsyncHttpClient-1-2] DEBUG org.asynchttpclient.netty.channel.ChannelManager - Adding key: http://localhost:6210 for channel [id: 0xede2ca95, L:/127.0.0.1:51904 - R:localhost/127.0.0.1:6210]
10:13:30.094 [main] DEBUG net.thucydides.core.steps.StepInterceptor - STARTING STEP: ProductSteps.onTheHomePage - inputEmail
10:13:30.095 [Forwarding findElement on session ba85bb47b3bbe105c406d2743fd3b7e1 to remote] DEBUG org.asynchttpclient.netty.request.NettyRequestSender - Using pooled Channel '[id: 0xede2ca95, L:/127.0.0.1:51904 - R:localhost/127.0.0.1:6210]' for 'POST' to 'http://localhost:6210/session/ba85bb47b3bbe105c406d2743fd3b7e1/element'
10:13:30.095 [Forwarding findElement on session ba85bb47b3bbe105c406d2743fd3b7e1 to remote] DEBUG org.asynchttpclient.netty.request.NettyRequestSender - Using open Channel [id: 0xede2ca95, L:/127.0.0.1:51904 - R:localhost/127.0.0.1:6210] for POST '/session/ba85bb47b3bbe105c406d2743fd3b7e1/element'
10:13:30.103 [AsyncHttpClient-1-2] DEBUG org.asynchttpclient.netty.handler.HttpHandler - 

Request DefaultHttpRequest(decodeResult: success, version: HTTP/1.1)
POST /session/ba85bb47b3bbe105c406d2743fd3b7e1/element HTTP/1.1
User-Agent: selenium/4.8.1 (java windows)
Content-Length: 55
Content-Type: application/json; charset=utf-8
host: localhost:6210
accept: */*

Response DefaultHttpResponse(decodeResult: success, version: HTTP/1.1)
HTTP/1.1 200 OK
Content-Length: 88
Content-Type: application/json; charset=utf-8
cache-control: no-cache

10:13:30.103 [AsyncHttpClient-1-2] DEBUG org.asynchttpclient.netty.channel.ChannelManager - Adding key: http://localhost:6210 for channel [id: 0xede2ca95, L:/127.0.0.1:51904 - R:localhost/127.0.0.1:6210]
10:13:30.103 [Forwarding clearElement on session ba85bb47b3bbe105c406d2743fd3b7e1 to remote] DEBUG org.asynchttpclient.netty.request.NettyRequestSender - Using pooled Channel '[id: 0xede2ca95, L:/127.0.0.1:51904 - R:localhost/127.0.0.1:6210]' for 'POST' to 'http://localhost:6210/session/ba85bb47b3bbe105c406d2743fd3b7e1/element/4f0edfa1-210c-461e-8db6-4fba1c9ba3d4/clear'
10:13:30.103 [Forwarding clearElement on session ba85bb47b3bbe105c406d2743fd3b7e1 to remote] DEBUG org.asynchttpclient.netty.request.NettyRequestSender - Using open Channel [id: 0xede2ca95, L:/127.0.0.1:51904 - R:localhost/127.0.0.1:6210] for POST '/session/ba85bb47b3bbe105c406d2743fd3b7e1/element/4f0edfa1-210c-461e-8db6-4fba1c9ba3d4/clear'
10:13:30.127 [AsyncHttpClient-1-2] DEBUG org.asynchttpclient.netty.handler.HttpHandler - 

Request DefaultHttpRequest(decodeResult: success, version: HTTP/1.1)
POST /session/ba85bb47b3bbe105c406d2743fd3b7e1/element/4f0edfa1-210c-461e-8db6-4fba1c9ba3d4/clear HTTP/1.1
User-Agent: selenium/4.8.1 (java windows)
Content-Length: 50
Content-Type: application/json; charset=utf-8
host: localhost:6210
accept: */*

Response DefaultHttpResponse(decodeResult: success, version: HTTP/1.1)
HTTP/1.1 200 OK
Content-Length: 14
Content-Type: application/json; charset=utf-8
cache-control: no-cache

10:13:30.127 [AsyncHttpClient-1-2] DEBUG org.asynchttpclient.netty.channel.ChannelManager - Adding key: http://localhost:6210 for channel [id: 0xede2ca95, L:/127.0.0.1:51904 - R:localhost/127.0.0.1:6210]
10:13:30.128 [Forwarding sendKeysToElement on session ba85bb47b3bbe105c406d2743fd3b7e1 to remote] DEBUG org.asynchttpclient.netty.request.NettyRequestSender - Using pooled Channel '[id: 0xede2ca95, L:/127.0.0.1:51904 - R:localhost/127.0.0.1:6210]' for 'POST' to 'http://localhost:6210/session/ba85bb47b3bbe105c406d2743fd3b7e1/element/4f0edfa1-210c-461e-8db6-4fba1c9ba3d4/value'
10:13:30.128 [Forwarding sendKeysToElement on session ba85bb47b3bbe105c406d2743fd3b7e1 to remote] DEBUG org.asynchttpclient.netty.request.NettyRequestSender - Using open Channel [id: 0xede2ca95, L:/127.0.0.1:51904 - R:localhost/127.0.0.1:6210] for POST '/session/ba85bb47b3bbe105c406d2743fd3b7e1/element/4f0edfa1-210c-461e-8db6-4fba1c9ba3d4/value'
10:13:30.204 [AsyncHttpClient-1-2] DEBUG org.asynchttpclient.netty.handler.HttpHandler - 

Request DefaultHttpRequest(decodeResult: success, version: HTTP/1.1)
POST /session/ba85bb47b3bbe105c406d2743fd3b7e1/element/4f0edfa1-210c-461e-8db6-4fba1c9ba3d4/value HTTP/1.1
User-Agent: selenium/4.8.1 (java windows)
Content-Length: 221
Content-Type: application/json; charset=utf-8
host: localhost:6210
accept: */*

Response DefaultHttpResponse(decodeResult: success, version: HTTP/1.1)
HTTP/1.1 200 OK
Content-Length: 14
Content-Type: application/json; charset=utf-8
cache-control: no-cache

10:13:30.204 [AsyncHttpClient-1-2] DEBUG org.asynchttpclient.netty.channel.ChannelManager - Adding key: http://localhost:6210 for channel [id: 0xede2ca95, L:/127.0.0.1:51904 - R:localhost/127.0.0.1:6210]
10:13:30.208 [Forwarding getAlertText on session ba85bb47b3bbe105c406d2743fd3b7e1 to remote] DEBUG org.asynchttpclient.netty.request.NettyRequestSender - Using pooled Channel '[id: 0xede2ca95, L:/127.0.0.1:51904 - R:localhost/127.0.0.1:6210]' for 'GET' to 'http://localhost:6210/session/ba85bb47b3bbe105c406d2743fd3b7e1/alert/text'
10:13:30.208 [Forwarding getAlertText on session ba85bb47b3bbe105c406d2743fd3b7e1 to remote] DEBUG org.asynchttpclient.netty.request.NettyRequestSender - Using open Channel [id: 0xede2ca95, L:/127.0.0.1:51904 - R:localhost/127.0.0.1:6210] for GET '/session/ba85bb47b3bbe105c406d2743fd3b7e1/alert/text'
10:13:30.209 [AsyncHttpClient-1-2] DEBUG org.asynchttpclient.netty.handler.HttpHandler - 

Request DefaultFullHttpRequest(decodeResult: success, version: HTTP/1.1, content: EmptyByteBufBE)
GET /session/ba85bb47b3bbe105c406d2743fd3b7e1/alert/text HTTP/1.1
User-Agent: selenium/4.8.1 (java windows)
Cache-Control: no-cache
Content-Type: application/json; charset=utf-8
host: localhost:6210
accept: */*

Response DefaultHttpResponse(decodeResult: success, version: HTTP/1.1)
HTTP/1.1 404 Not Found
Content-Length: 836
Content-Type: application/json; charset=utf-8
cache-control: no-cache

10:13:30.209 [AsyncHttpClient-1-2] DEBUG org.asynchttpclient.netty.channel.ChannelManager - Adding key: http://localhost:6210 for channel [id: 0xede2ca95, L:/127.0.0.1:51904 - R:localhost/127.0.0.1:6210]
10:13:30.210 [Forwarding getCurrentUrl on session ba85bb47b3bbe105c406d2743fd3b7e1 to remote] DEBUG org.asynchttpclient.netty.request.NettyRequestSender - Using pooled Channel '[id: 0xede2ca95, L:/127.0.0.1:51904 - R:localhost/127.0.0.1:6210]' for 'GET' to 'http://localhost:6210/session/ba85bb47b3bbe105c406d2743fd3b7e1/url'
10:13:30.210 [Forwarding getCurrentUrl on session ba85bb47b3bbe105c406d2743fd3b7e1 to remote] DEBUG org.asynchttpclient.netty.request.NettyRequestSender - Using open Channel [id: 0xede2ca95, L:/127.0.0.1:51904 - R:localhost/127.0.0.1:6210] for GET '/session/ba85bb47b3bbe105c406d2743fd3b7e1/url'
10:13:30.213 [AsyncHttpClient-1-2] DEBUG org.asynchttpclient.netty.handler.HttpHandler - 

Request DefaultFullHttpRequest(decodeResult: success, version: HTTP/1.1, content: EmptyByteBufBE)
GET /session/ba85bb47b3bbe105c406d2743fd3b7e1/url HTTP/1.1
User-Agent: selenium/4.8.1 (java windows)
Cache-Control: no-cache
Content-Type: application/json; charset=utf-8
host: localhost:6210
accept: */*

Response DefaultHttpResponse(decodeResult: success, version: HTTP/1.1)
HTTP/1.1 200 OK
Content-Length: 51
Content-Type: application/json; charset=utf-8
cache-control: no-cache

10:13:30.213 [AsyncHttpClient-1-2] DEBUG org.asynchttpclient.netty.channel.ChannelManager - Adding key: http://localhost:6210 for channel [id: 0xede2ca95, L:/127.0.0.1:51904 - R:localhost/127.0.0.1:6210]
10:13:30.213 [Forwarding screenshot on session ba85bb47b3bbe105c406d2743fd3b7e1 to remote] DEBUG org.asynchttpclient.netty.request.NettyRequestSender - Using pooled Channel '[id: 0xede2ca95, L:/127.0.0.1:51904 - R:localhost/127.0.0.1:6210]' for 'GET' to 'http://localhost:6210/session/ba85bb47b3bbe105c406d2743fd3b7e1/screenshot'
10:13:30.213 [Forwarding screenshot on session ba85bb47b3bbe105c406d2743fd3b7e1 to remote] DEBUG org.asynchttpclient.netty.request.NettyRequestSender - Using open Channel [id: 0xede2ca95, L:/127.0.0.1:51904 - R:localhost/127.0.0.1:6210] for GET '/session/ba85bb47b3bbe105c406d2743fd3b7e1/screenshot'
10:13:30.322 [AsyncHttpClient-1-2] DEBUG org.asynchttpclient.netty.handler.HttpHandler - 

Request DefaultFullHttpRequest(decodeResult: success, version: HTTP/1.1, content: EmptyByteBufBE)
GET /session/ba85bb47b3bbe105c406d2743fd3b7e1/screenshot HTTP/1.1
User-Agent: selenium/4.8.1 (java windows)
Cache-Control: no-cache
Content-Type: application/json; charset=utf-8
host: localhost:6210
accept: */*

Response DefaultHttpResponse(decodeResult: success, version: HTTP/1.1)
HTTP/1.1 200 OK
Content-Length: 37772
Content-Type: application/json; charset=utf-8
cache-control: no-cache

10:13:30.322 [AsyncHttpClient-1-2] DEBUG org.asynchttpclient.netty.channel.ChannelManager - Adding key: http://localhost:6210 for channel [id: 0xede2ca95, L:/127.0.0.1:51904 - R:localhost/127.0.0.1:6210]
10:13:30.323 [main] DEBUG net.serenitybdd.core.photography.Darkroom - Send negative for processing for target\site\serenity\a0e42e0518b3a5e14fa6c3ac15829d49ffc6314e2d383c900032097db96bdc93.png
10:13:30.323 [main] DEBUG net.thucydides.core.steps.StepInterceptor - STEP DONE: inputEmail
10:13:30.323 [Darkroom Processing Line] DEBUG net.serenitybdd.core.photography.DarkroomProcessingLine - Processing screenshot image in /var/screenshots/screenshot-14650448016767123592
10:13:30.323 [Darkroom Processing Line] DEBUG net.serenitybdd.core.photography.DarkroomProcessingLine - Saving screenshot to target\site\serenity\a0e42e0518b3a5e14fa6c3ac15829d49ffc6314e2d383c900032097db96bdc93.png
10:13:30.326 [Forwarding getPageSource on session ba85bb47b3bbe105c406d2743fd3b7e1 to remote] DEBUG org.asynchttpclient.netty.request.NettyRequestSender - Using pooled Channel '[id: 0xede2ca95, L:/127.0.0.1:51904 - R:localhost/127.0.0.1:6210]' for 'POST' to 'http://localhost:6210/session/ba85bb47b3bbe105c406d2743fd3b7e1/execute/sync'
10:13:30.326 [Forwarding getPageSource on session ba85bb47b3bbe105c406d2743fd3b7e1 to remote] DEBUG org.asynchttpclient.netty.request.NettyRequestSender - Using open Channel [id: 0xede2ca95, L:/127.0.0.1:51904 - R:localhost/127.0.0.1:6210] for POST '/session/ba85bb47b3bbe105c406d2743fd3b7e1/execute/sync'
10:13:30.331 [AsyncHttpClient-1-2] DEBUG org.asynchttpclient.netty.handler.HttpHandler - 

Request DefaultHttpRequest(decodeResult: success, version: HTTP/1.1)
POST /session/ba85bb47b3bbe105c406d2743fd3b7e1/execute/sync HTTP/1.1
User-Agent: selenium/4.8.1 (java windows)
Content-Length: 176
Content-Type: application/json; charset=utf-8
host: localhost:6210
accept: */*

Response DefaultHttpResponse(decodeResult: success, version: HTTP/1.1)
HTTP/1.1 200 OK
Content-Length: 21780
Content-Type: application/json; charset=utf-8
cache-control: no-cache

10:13:30.331 [AsyncHttpClient-1-2] DEBUG org.asynchttpclient.netty.channel.ChannelManager - Adding key: http://localhost:6210 for channel [id: 0xede2ca95, L:/127.0.0.1:51904 - R:localhost/127.0.0.1:6210]
10:13:30.332 [Forwarding getCurrentUrl on session ba85bb47b3bbe105c406d2743fd3b7e1 to remote] DEBUG org.asynchttpclient.netty.request.NettyRequestSender - Using pooled Channel '[id: 0xede2ca95, L:/127.0.0.1:51904 - R:localhost/127.0.0.1:6210]' for 'GET' to 'http://localhost:6210/session/ba85bb47b3bbe105c406d2743fd3b7e1/url'
10:13:30.332 [Forwarding getCurrentUrl on session ba85bb47b3bbe105c406d2743fd3b7e1 to remote] DEBUG org.asynchttpclient.netty.request.NettyRequestSender - Using open Channel [id: 0xede2ca95, L:/127.0.0.1:51904 - R:localhost/127.0.0.1:6210] for GET '/session/ba85bb47b3bbe105c406d2743fd3b7e1/url'
10:13:30.335 [AsyncHttpClient-1-2] DEBUG org.asynchttpclient.netty.handler.HttpHandler - 

Request DefaultFullHttpRequest(decodeResult: success, version: HTTP/1.1, content: EmptyByteBufBE)
GET /session/ba85bb47b3bbe105c406d2743fd3b7e1/url HTTP/1.1
User-Agent: selenium/4.8.1 (java windows)
Cache-Control: no-cache
Content-Type: application/json; charset=utf-8
host: localhost:6210
accept: */*

Response DefaultHttpResponse(decodeResult: success, version: HTTP/1.1)
HTTP/1.1 200 OK
Content-Length: 51
Content-Type: application/json; charset=utf-8
cache-control: no-cache

10:13:30.335 [AsyncHttpClient-1-2] DEBUG org.asynchttpclient.netty.channel.ChannelManager - Adding key: http://localhost:6210 for channel [id: 0xede2ca95, L:/127.0.0.1:51904 - R:localhost/127.0.0.1:6210]
10:13:30.336 [main] DEBUG net.thucydides.core.steps.StepInterceptor - STARTING STEP: ProductSteps.onTheHomePage - inputPassword
10:13:30.338 [Forwarding findElement on session ba85bb47b3bbe105c406d2743fd3b7e1 to remote] DEBUG org.asynchttpclient.netty.request.NettyRequestSender - Using pooled Channel '[id: 0xede2ca95, L:/127.0.0.1:51904 - R:localhost/127.0.0.1:6210]' for 'POST' to 'http://localhost:6210/session/ba85bb47b3bbe105c406d2743fd3b7e1/element'
10:13:30.338 [Forwarding findElement on session ba85bb47b3bbe105c406d2743fd3b7e1 to remote] DEBUG org.asynchttpclient.netty.request.NettyRequestSender - Using open Channel [id: 0xede2ca95, L:/127.0.0.1:51904 - R:localhost/127.0.0.1:6210] for POST '/session/ba85bb47b3bbe105c406d2743fd3b7e1/element'
10:13:30.346 [AsyncHttpClient-1-2] DEBUG org.asynchttpclient.netty.handler.HttpHandler - 

Request DefaultHttpRequest(decodeResult: success, version: HTTP/1.1)
POST /session/ba85bb47b3bbe105c406d2743fd3b7e1/element HTTP/1.1
User-Agent: selenium/4.8.1 (java windows)
Content-Length: 55
Content-Type: application/json; charset=utf-8
host: localhost:6210
accept: */*

Response DefaultHttpResponse(decodeResult: success, version: HTTP/1.1)
HTTP/1.1 200 OK
Content-Length: 88
Content-Type: application/json; charset=utf-8
cache-control: no-cache

10:13:30.346 [AsyncHttpClient-1-2] DEBUG org.asynchttpclient.netty.channel.ChannelManager - Adding key: http://localhost:6210 for channel [id: 0xede2ca95, L:/127.0.0.1:51904 - R:localhost/127.0.0.1:6210]
10:13:30.347 [Forwarding clearElement on session ba85bb47b3bbe105c406d2743fd3b7e1 to remote] DEBUG org.asynchttpclient.netty.request.NettyRequestSender - Using pooled Channel '[id: 0xede2ca95, L:/127.0.0.1:51904 - R:localhost/127.0.0.1:6210]' for 'POST' to 'http://localhost:6210/session/ba85bb47b3bbe105c406d2743fd3b7e1/element/fb0056aa-72ab-4585-ad7c-9719c54cdfe1/clear'
10:13:30.347 [Forwarding clearElement on session ba85bb47b3bbe105c406d2743fd3b7e1 to remote] DEBUG org.asynchttpclient.netty.request.NettyRequestSender - Using open Channel [id: 0xede2ca95, L:/127.0.0.1:51904 - R:localhost/127.0.0.1:6210] for POST '/session/ba85bb47b3bbe105c406d2743fd3b7e1/element/fb0056aa-72ab-4585-ad7c-9719c54cdfe1/clear'
10:13:30.370 [AsyncHttpClient-1-2] DEBUG org.asynchttpclient.netty.handler.HttpHandler - 

Request DefaultHttpRequest(decodeResult: success, version: HTTP/1.1)
POST /session/ba85bb47b3bbe105c406d2743fd3b7e1/element/fb0056aa-72ab-4585-ad7c-9719c54cdfe1/clear HTTP/1.1
User-Agent: selenium/4.8.1 (java windows)
Content-Length: 50
Content-Type: application/json; charset=utf-8
host: localhost:6210
accept: */*

Response DefaultHttpResponse(decodeResult: success, version: HTTP/1.1)
HTTP/1.1 200 OK
Content-Length: 14
Content-Type: application/json; charset=utf-8
cache-control: no-cache

10:13:30.370 [AsyncHttpClient-1-2] DEBUG org.asynchttpclient.netty.channel.ChannelManager - Adding key: http://localhost:6210 for channel [id: 0xede2ca95, L:/127.0.0.1:51904 - R:localhost/127.0.0.1:6210]
10:13:30.371 [Forwarding sendKeysToElement on session ba85bb47b3bbe105c406d2743fd3b7e1 to remote] DEBUG org.asynchttpclient.netty.request.NettyRequestSender - Using pooled Channel '[id: 0xede2ca95, L:/127.0.0.1:51904 - R:localhost/127.0.0.1:6210]' for 'POST' to 'http://localhost:6210/session/ba85bb47b3bbe105c406d2743fd3b7e1/element/fb0056aa-72ab-4585-ad7c-9719c54cdfe1/value'
10:13:30.371 [Forwarding sendKeysToElement on session ba85bb47b3bbe105c406d2743fd3b7e1 to remote] DEBUG org.asynchttpclient.netty.request.NettyRequestSender - Using open Channel [id: 0xede2ca95, L:/127.0.0.1:51904 - R:localhost/127.0.0.1:6210] for POST '/session/ba85bb47b3bbe105c406d2743fd3b7e1/element/fb0056aa-72ab-4585-ad7c-9719c54cdfe1/value'
10:13:30.421 [AsyncHttpClient-1-2] DEBUG org.asynchttpclient.netty.handler.HttpHandler - 

Request DefaultHttpRequest(decodeResult: success, version: HTTP/1.1)
POST /session/ba85bb47b3bbe105c406d2743fd3b7e1/element/fb0056aa-72ab-4585-ad7c-9719c54cdfe1/value HTTP/1.1
User-Agent: selenium/4.8.1 (java windows)
Content-Length: 151
Content-Type: application/json; charset=utf-8
host: localhost:6210
accept: */*

Response DefaultHttpResponse(decodeResult: success, version: HTTP/1.1)
HTTP/1.1 200 OK
Content-Length: 14
Content-Type: application/json; charset=utf-8
cache-control: no-cache

10:13:30.421 [AsyncHttpClient-1-2] DEBUG org.asynchttpclient.netty.channel.ChannelManager - Adding key: http://localhost:6210 for channel [id: 0xede2ca95, L:/127.0.0.1:51904 - R:localhost/127.0.0.1:6210]
10:13:30.426 [Forwarding getAlertText on session ba85bb47b3bbe105c406d2743fd3b7e1 to remote] DEBUG org.asynchttpclient.netty.request.NettyRequestSender - Using pooled Channel '[id: 0xede2ca95, L:/127.0.0.1:51904 - R:localhost/127.0.0.1:6210]' for 'GET' to 'http://localhost:6210/session/ba85bb47b3bbe105c406d2743fd3b7e1/alert/text'
10:13:30.426 [Forwarding getAlertText on session ba85bb47b3bbe105c406d2743fd3b7e1 to remote] DEBUG org.asynchttpclient.netty.request.NettyRequestSender - Using open Channel [id: 0xede2ca95, L:/127.0.0.1:51904 - R:localhost/127.0.0.1:6210] for GET '/session/ba85bb47b3bbe105c406d2743fd3b7e1/alert/text'
10:13:30.429 [AsyncHttpClient-1-2] DEBUG org.asynchttpclient.netty.handler.HttpHandler - 

Request DefaultFullHttpRequest(decodeResult: success, version: HTTP/1.1, content: EmptyByteBufBE)
GET /session/ba85bb47b3bbe105c406d2743fd3b7e1/alert/text HTTP/1.1
User-Agent: selenium/4.8.1 (java windows)
Cache-Control: no-cache
Content-Type: application/json; charset=utf-8
host: localhost:6210
accept: */*

Response DefaultHttpResponse(decodeResult: success, version: HTTP/1.1)
HTTP/1.1 404 Not Found
Content-Length: 836
Content-Type: application/json; charset=utf-8
cache-control: no-cache

10:13:30.429 [AsyncHttpClient-1-2] DEBUG org.asynchttpclient.netty.channel.ChannelManager - Adding key: http://localhost:6210 for channel [id: 0xede2ca95, L:/127.0.0.1:51904 - R:localhost/127.0.0.1:6210]
10:13:30.430 [Forwarding getCurrentUrl on session ba85bb47b3bbe105c406d2743fd3b7e1 to remote] DEBUG org.asynchttpclient.netty.request.NettyRequestSender - Using pooled Channel '[id: 0xede2ca95, L:/127.0.0.1:51904 - R:localhost/127.0.0.1:6210]' for 'GET' to 'http://localhost:6210/session/ba85bb47b3bbe105c406d2743fd3b7e1/url'
10:13:30.430 [Forwarding getCurrentUrl on session ba85bb47b3bbe105c406d2743fd3b7e1 to remote] DEBUG org.asynchttpclient.netty.request.NettyRequestSender - Using open Channel [id: 0xede2ca95, L:/127.0.0.1:51904 - R:localhost/127.0.0.1:6210] for GET '/session/ba85bb47b3bbe105c406d2743fd3b7e1/url'
10:13:30.432 [AsyncHttpClient-1-2] DEBUG org.asynchttpclient.netty.handler.HttpHandler - 

Request DefaultFullHttpRequest(decodeResult: success, version: HTTP/1.1, content: EmptyByteBufBE)
GET /session/ba85bb47b3bbe105c406d2743fd3b7e1/url HTTP/1.1
User-Agent: selenium/4.8.1 (java windows)
Cache-Control: no-cache
Content-Type: application/json; charset=utf-8
host: localhost:6210
accept: */*

Response DefaultHttpResponse(decodeResult: success, version: HTTP/1.1)
HTTP/1.1 200 OK
Content-Length: 51
Content-Type: application/json; charset=utf-8
cache-control: no-cache

10:13:30.432 [AsyncHttpClient-1-2] DEBUG org.asynchttpclient.netty.channel.ChannelManager - Adding key: http://localhost:6210 for channel [id: 0xede2ca95, L:/127.0.0.1:51904 - R:localhost/127.0.0.1:6210]
10:13:30.432 [Forwarding screenshot on session ba85bb47b3bbe105c406d2743fd3b7e1 to remote] DEBUG org.asynchttpclient.netty.request.NettyRequestSender - Using pooled Channel '[id: 0xede2ca95, L:/127.0.0.1:51904 - R:localhost/127.0.0.1:6210]' for 'GET' to 'http://localhost:6210/session/ba85bb47b3bbe105c406d2743fd3b7e1/screenshot'
10:13:30.432 [Forwarding screenshot on session ba85bb47b3bbe105c406d2743fd3b7e1 to remote] DEBUG org.asynchttpclient.netty.request.NettyRequestSender - Using open Channel [id: 0xede2ca95, L:/127.0.0.1:51904 - R:localhost/127.0.0.1:6210] for GET '/session/ba85bb47b3bbe105c406d2743fd3b7e1/screenshot'
10:13:30.559 [AsyncHttpClient-1-2] DEBUG org.asynchttpclient.netty.handler.HttpHandler - 

Request DefaultFullHttpRequest(decodeResult: success, version: HTTP/1.1, content: EmptyByteBufBE)
GET /session/ba85bb47b3bbe105c406d2743fd3b7e1/screenshot HTTP/1.1
User-Agent: selenium/4.8.1 (java windows)
Cache-Control: no-cache
Content-Type: application/json; charset=utf-8
host: localhost:6210
accept: */*

Response DefaultHttpResponse(decodeResult: success, version: HTTP/1.1)
HTTP/1.1 200 OK
Content-Length: 39608
Content-Type: application/json; charset=utf-8
cache-control: no-cache

10:13:30.559 [AsyncHttpClient-1-2] DEBUG org.asynchttpclient.netty.channel.ChannelManager - Adding key: http://localhost:6210 for channel [id: 0xede2ca95, L:/127.0.0.1:51904 - R:localhost/127.0.0.1:6210]
10:13:30.561 [main] DEBUG net.serenitybdd.core.photography.Darkroom - Send negative for processing for target\site\serenity\aeca5246c007f78941a911828fc1769440cabae6941a7d86847a86dcedf25967.png
10:13:30.561 [main] DEBUG net.thucydides.core.steps.StepInterceptor - STEP DONE: inputPassword
10:13:30.561 [Darkroom Processing Line] DEBUG net.serenitybdd.core.photography.DarkroomProcessingLine - Processing screenshot image in /var/screenshots/screenshot-15459186935771949452
10:13:30.561 [Darkroom Processing Line] DEBUG net.serenitybdd.core.photography.DarkroomProcessingLine - Saving screenshot to target\site\serenity\aeca5246c007f78941a911828fc1769440cabae6941a7d86847a86dcedf25967.png
10:13:30.564 [Forwarding getPageSource on session ba85bb47b3bbe105c406d2743fd3b7e1 to remote] DEBUG org.asynchttpclient.netty.request.NettyRequestSender - Using pooled Channel '[id: 0xede2ca95, L:/127.0.0.1:51904 - R:localhost/127.0.0.1:6210]' for 'POST' to 'http://localhost:6210/session/ba85bb47b3bbe105c406d2743fd3b7e1/execute/sync'
10:13:30.564 [Forwarding getPageSource on session ba85bb47b3bbe105c406d2743fd3b7e1 to remote] DEBUG org.asynchttpclient.netty.request.NettyRequestSender - Using open Channel [id: 0xede2ca95, L:/127.0.0.1:51904 - R:localhost/127.0.0.1:6210] for POST '/session/ba85bb47b3bbe105c406d2743fd3b7e1/execute/sync'
10:13:30.567 [AsyncHttpClient-1-2] DEBUG org.asynchttpclient.netty.handler.HttpHandler - 

Request DefaultHttpRequest(decodeResult: success, version: HTTP/1.1)
POST /session/ba85bb47b3bbe105c406d2743fd3b7e1/execute/sync HTTP/1.1
User-Agent: selenium/4.8.1 (java windows)
Content-Length: 176
Content-Type: application/json; charset=utf-8
host: localhost:6210
accept: */*

Response DefaultHttpResponse(decodeResult: success, version: HTTP/1.1)
HTTP/1.1 200 OK
Content-Length: 21839
Content-Type: application/json; charset=utf-8
cache-control: no-cache

10:13:30.567 [AsyncHttpClient-1-2] DEBUG org.asynchttpclient.netty.channel.ChannelManager - Adding key: http://localhost:6210 for channel [id: 0xede2ca95, L:/127.0.0.1:51904 - R:localhost/127.0.0.1:6210]
10:13:30.569 [Forwarding getCurrentUrl on session ba85bb47b3bbe105c406d2743fd3b7e1 to remote] DEBUG org.asynchttpclient.netty.request.NettyRequestSender - Using pooled Channel '[id: 0xede2ca95, L:/127.0.0.1:51904 - R:localhost/127.0.0.1:6210]' for 'GET' to 'http://localhost:6210/session/ba85bb47b3bbe105c406d2743fd3b7e1/url'
10:13:30.569 [Forwarding getCurrentUrl on session ba85bb47b3bbe105c406d2743fd3b7e1 to remote] DEBUG org.asynchttpclient.netty.request.NettyRequestSender - Using open Channel [id: 0xede2ca95, L:/127.0.0.1:51904 - R:localhost/127.0.0.1:6210] for GET '/session/ba85bb47b3bbe105c406d2743fd3b7e1/url'
10:13:30.572 [AsyncHttpClient-1-2] DEBUG org.asynchttpclient.netty.handler.HttpHandler - 

Request DefaultFullHttpRequest(decodeResult: success, version: HTTP/1.1, content: EmptyByteBufBE)
GET /session/ba85bb47b3bbe105c406d2743fd3b7e1/url HTTP/1.1
User-Agent: selenium/4.8.1 (java windows)
Cache-Control: no-cache
Content-Type: application/json; charset=utf-8
host: localhost:6210
accept: */*

Response DefaultHttpResponse(decodeResult: success, version: HTTP/1.1)
HTTP/1.1 200 OK
Content-Length: 51
Content-Type: application/json; charset=utf-8
cache-control: no-cache

10:13:30.572 [AsyncHttpClient-1-2] DEBUG org.asynchttpclient.netty.channel.ChannelManager - Adding key: http://localhost:6210 for channel [id: 0xede2ca95, L:/127.0.0.1:51904 - R:localhost/127.0.0.1:6210]
10:13:30.573 [main] DEBUG net.thucydides.core.steps.StepInterceptor - STARTING STEP: ProductSteps.onTheHomePage - clickLoginButton
10:13:30.574 [Forwarding findElement on session ba85bb47b3bbe105c406d2743fd3b7e1 to remote] DEBUG org.asynchttpclient.netty.request.NettyRequestSender - Using pooled Channel '[id: 0xede2ca95, L:/127.0.0.1:51904 - R:localhost/127.0.0.1:6210]' for 'POST' to 'http://localhost:6210/session/ba85bb47b3bbe105c406d2743fd3b7e1/element'
10:13:30.574 [Forwarding findElement on session ba85bb47b3bbe105c406d2743fd3b7e1 to remote] DEBUG org.asynchttpclient.netty.request.NettyRequestSender - Using open Channel [id: 0xede2ca95, L:/127.0.0.1:51904 - R:localhost/127.0.0.1:6210] for POST '/session/ba85bb47b3bbe105c406d2743fd3b7e1/element'
10:13:30.583 [AsyncHttpClient-1-2] DEBUG org.asynchttpclient.netty.handler.HttpHandler - 

Request DefaultHttpRequest(decodeResult: success, version: HTTP/1.1)
POST /session/ba85bb47b3bbe105c406d2743fd3b7e1/element HTTP/1.1
User-Agent: selenium/4.8.1 (java windows)
Content-Length: 71
Content-Type: application/json; charset=utf-8
host: localhost:6210
accept: */*

Response DefaultHttpResponse(decodeResult: success, version: HTTP/1.1)
HTTP/1.1 200 OK
Content-Length: 88
Content-Type: application/json; charset=utf-8
cache-control: no-cache

10:13:30.583 [AsyncHttpClient-1-2] DEBUG org.asynchttpclient.netty.channel.ChannelManager - Adding key: http://localhost:6210 for channel [id: 0xede2ca95, L:/127.0.0.1:51904 - R:localhost/127.0.0.1:6210]
10:13:30.583 [Forwarding getElementTagName on session ba85bb47b3bbe105c406d2743fd3b7e1 to remote] DEBUG org.asynchttpclient.netty.request.NettyRequestSender - Using pooled Channel '[id: 0xede2ca95, L:/127.0.0.1:51904 - R:localhost/127.0.0.1:6210]' for 'GET' to 'http://localhost:6210/session/ba85bb47b3bbe105c406d2743fd3b7e1/element/b3ed5fcc-547a-445e-911a-fb7ce52ddea3/name'
10:13:30.584 [Forwarding getElementTagName on session ba85bb47b3bbe105c406d2743fd3b7e1 to remote] DEBUG org.asynchttpclient.netty.request.NettyRequestSender - Using open Channel [id: 0xede2ca95, L:/127.0.0.1:51904 - R:localhost/127.0.0.1:6210] for GET '/session/ba85bb47b3bbe105c406d2743fd3b7e1/element/b3ed5fcc-547a-445e-911a-fb7ce52ddea3/name'
10:13:30.588 [AsyncHttpClient-1-2] DEBUG org.asynchttpclient.netty.handler.HttpHandler - 

Request DefaultFullHttpRequest(decodeResult: success, version: HTTP/1.1, content: EmptyByteBufBE)
GET /session/ba85bb47b3bbe105c406d2743fd3b7e1/element/b3ed5fcc-547a-445e-911a-fb7ce52ddea3/name HTTP/1.1
User-Agent: selenium/4.8.1 (java windows)
Cache-Control: no-cache
Content-Type: application/json; charset=utf-8
host: localhost:6210
accept: */*

Response DefaultHttpResponse(decodeResult: success, version: HTTP/1.1)
HTTP/1.1 200 OK
Content-Length: 18
Content-Type: application/json; charset=utf-8
cache-control: no-cache

10:13:30.588 [AsyncHttpClient-1-2] DEBUG org.asynchttpclient.netty.channel.ChannelManager - Adding key: http://localhost:6210 for channel [id: 0xede2ca95, L:/127.0.0.1:51904 - R:localhost/127.0.0.1:6210]
10:13:30.589 [Forwarding getElementTagName on session ba85bb47b3bbe105c406d2743fd3b7e1 to remote] DEBUG org.asynchttpclient.netty.request.NettyRequestSender - Using pooled Channel '[id: 0xede2ca95, L:/127.0.0.1:51904 - R:localhost/127.0.0.1:6210]' for 'GET' to 'http://localhost:6210/session/ba85bb47b3bbe105c406d2743fd3b7e1/element/b3ed5fcc-547a-445e-911a-fb7ce52ddea3/name'
10:13:30.589 [Forwarding getElementTagName on session ba85bb47b3bbe105c406d2743fd3b7e1 to remote] DEBUG org.asynchttpclient.netty.request.NettyRequestSender - Using open Channel [id: 0xede2ca95, L:/127.0.0.1:51904 - R:localhost/127.0.0.1:6210] for GET '/session/ba85bb47b3bbe105c406d2743fd3b7e1/element/b3ed5fcc-547a-445e-911a-fb7ce52ddea3/name'
10:13:30.591 [AsyncHttpClient-1-2] DEBUG org.asynchttpclient.netty.handler.HttpHandler - 

Request DefaultFullHttpRequest(decodeResult: success, version: HTTP/1.1, content: EmptyByteBufBE)
GET /session/ba85bb47b3bbe105c406d2743fd3b7e1/element/b3ed5fcc-547a-445e-911a-fb7ce52ddea3/name HTTP/1.1
User-Agent: selenium/4.8.1 (java windows)
Cache-Control: no-cache
Content-Type: application/json; charset=utf-8
host: localhost:6210
accept: */*

Response DefaultHttpResponse(decodeResult: success, version: HTTP/1.1)
HTTP/1.1 200 OK
Content-Length: 18
Content-Type: application/json; charset=utf-8
cache-control: no-cache

10:13:30.591 [AsyncHttpClient-1-2] DEBUG org.asynchttpclient.netty.channel.ChannelManager - Adding key: http://localhost:6210 for channel [id: 0xede2ca95, L:/127.0.0.1:51904 - R:localhost/127.0.0.1:6210]
10:13:30.592 [Forwarding isElementEnabled on session ba85bb47b3bbe105c406d2743fd3b7e1 to remote] DEBUG org.asynchttpclient.netty.request.NettyRequestSender - Using pooled Channel '[id: 0xede2ca95, L:/127.0.0.1:51904 - R:localhost/127.0.0.1:6210]' for 'GET' to 'http://localhost:6210/session/ba85bb47b3bbe105c406d2743fd3b7e1/element/b3ed5fcc-547a-445e-911a-fb7ce52ddea3/enabled'
10:13:30.592 [Forwarding isElementEnabled on session ba85bb47b3bbe105c406d2743fd3b7e1 to remote] DEBUG org.asynchttpclient.netty.request.NettyRequestSender - Using open Channel [id: 0xede2ca95, L:/127.0.0.1:51904 - R:localhost/127.0.0.1:6210] for GET '/session/ba85bb47b3bbe105c406d2743fd3b7e1/element/b3ed5fcc-547a-445e-911a-fb7ce52ddea3/enabled'
10:13:30.598 [AsyncHttpClient-1-2] DEBUG org.asynchttpclient.netty.handler.HttpHandler - 

Request DefaultFullHttpRequest(decodeResult: success, version: HTTP/1.1, content: EmptyByteBufBE)
GET /session/ba85bb47b3bbe105c406d2743fd3b7e1/element/b3ed5fcc-547a-445e-911a-fb7ce52ddea3/enabled HTTP/1.1
User-Agent: selenium/4.8.1 (java windows)
Cache-Control: no-cache
Content-Type: application/json; charset=utf-8
host: localhost:6210
accept: */*

Response DefaultHttpResponse(decodeResult: success, version: HTTP/1.1)
HTTP/1.1 200 OK
Content-Length: 14
Content-Type: application/json; charset=utf-8
cache-control: no-cache

10:13:30.598 [AsyncHttpClient-1-2] DEBUG org.asynchttpclient.netty.channel.ChannelManager - Adding key: http://localhost:6210 for channel [id: 0xede2ca95, L:/127.0.0.1:51904 - R:localhost/127.0.0.1:6210]
10:13:30.599 [Forwarding isElementEnabled on session ba85bb47b3bbe105c406d2743fd3b7e1 to remote] DEBUG org.asynchttpclient.netty.request.NettyRequestSender - Using pooled Channel '[id: 0xede2ca95, L:/127.0.0.1:51904 - R:localhost/127.0.0.1:6210]' for 'GET' to 'http://localhost:6210/session/ba85bb47b3bbe105c406d2743fd3b7e1/element/b3ed5fcc-547a-445e-911a-fb7ce52ddea3/enabled'
10:13:30.599 [Forwarding isElementEnabled on session ba85bb47b3bbe105c406d2743fd3b7e1 to remote] DEBUG org.asynchttpclient.netty.request.NettyRequestSender - Using open Channel [id: 0xede2ca95, L:/127.0.0.1:51904 - R:localhost/127.0.0.1:6210] for GET '/session/ba85bb47b3bbe105c406d2743fd3b7e1/element/b3ed5fcc-547a-445e-911a-fb7ce52ddea3/enabled'
10:13:30.604 [AsyncHttpClient-1-2] DEBUG org.asynchttpclient.netty.handler.HttpHandler - 

Request DefaultFullHttpRequest(decodeResult: success, version: HTTP/1.1, content: EmptyByteBufBE)
GET /session/ba85bb47b3bbe105c406d2743fd3b7e1/element/b3ed5fcc-547a-445e-911a-fb7ce52ddea3/enabled HTTP/1.1
User-Agent: selenium/4.8.1 (java windows)
Cache-Control: no-cache
Content-Type: application/json; charset=utf-8
host: localhost:6210
accept: */*

Response DefaultHttpResponse(decodeResult: success, version: HTTP/1.1)
HTTP/1.1 200 OK
Content-Length: 14
Content-Type: application/json; charset=utf-8
cache-control: no-cache

10:13:30.604 [AsyncHttpClient-1-2] DEBUG org.asynchttpclient.netty.channel.ChannelManager - Adding key: http://localhost:6210 for channel [id: 0xede2ca95, L:/127.0.0.1:51904 - R:localhost/127.0.0.1:6210]
10:13:30.605 [Forwarding findElement on session ba85bb47b3bbe105c406d2743fd3b7e1 to remote] DEBUG org.asynchttpclient.netty.request.NettyRequestSender - Using pooled Channel '[id: 0xede2ca95, L:/127.0.0.1:51904 - R:localhost/127.0.0.1:6210]' for 'POST' to 'http://localhost:6210/session/ba85bb47b3bbe105c406d2743fd3b7e1/element'
10:13:30.605 [Forwarding findElement on session ba85bb47b3bbe105c406d2743fd3b7e1 to remote] DEBUG org.asynchttpclient.netty.request.NettyRequestSender - Using open Channel [id: 0xede2ca95, L:/127.0.0.1:51904 - R:localhost/127.0.0.1:6210] for POST '/session/ba85bb47b3bbe105c406d2743fd3b7e1/element'
10:13:30.609 [AsyncHttpClient-1-2] DEBUG org.asynchttpclient.netty.handler.HttpHandler - 

Request DefaultHttpRequest(decodeResult: success, version: HTTP/1.1)
POST /session/ba85bb47b3bbe105c406d2743fd3b7e1/element HTTP/1.1
User-Agent: selenium/4.8.1 (java windows)
Content-Length: 71
Content-Type: application/json; charset=utf-8
host: localhost:6210
accept: */*

Response DefaultHttpResponse(decodeResult: success, version: HTTP/1.1)
HTTP/1.1 200 OK
Content-Length: 88
Content-Type: application/json; charset=utf-8
cache-control: no-cache

10:13:30.609 [AsyncHttpClient-1-2] DEBUG org.asynchttpclient.netty.channel.ChannelManager - Adding key: http://localhost:6210 for channel [id: 0xede2ca95, L:/127.0.0.1:51904 - R:localhost/127.0.0.1:6210]
10:13:30.610 [Forwarding clickElement on session ba85bb47b3bbe105c406d2743fd3b7e1 to remote] DEBUG org.asynchttpclient.netty.request.NettyRequestSender - Using pooled Channel '[id: 0xede2ca95, L:/127.0.0.1:51904 - R:localhost/127.0.0.1:6210]' for 'POST' to 'http://localhost:6210/session/ba85bb47b3bbe105c406d2743fd3b7e1/element/b3ed5fcc-547a-445e-911a-fb7ce52ddea3/click'
10:13:30.610 [Forwarding clickElement on session ba85bb47b3bbe105c406d2743fd3b7e1 to remote] DEBUG org.asynchttpclient.netty.request.NettyRequestSender - Using open Channel [id: 0xede2ca95, L:/127.0.0.1:51904 - R:localhost/127.0.0.1:6210] for POST '/session/ba85bb47b3bbe105c406d2743fd3b7e1/element/b3ed5fcc-547a-445e-911a-fb7ce52ddea3/click'
10:13:30.649 [AsyncHttpClient-1-2] DEBUG org.asynchttpclient.netty.handler.HttpHandler - 

Request DefaultHttpRequest(decodeResult: success, version: HTTP/1.1)
POST /session/ba85bb47b3bbe105c406d2743fd3b7e1/element/b3ed5fcc-547a-445e-911a-fb7ce52ddea3/click HTTP/1.1
User-Agent: selenium/4.8.1 (java windows)
Content-Length: 50
Content-Type: application/json; charset=utf-8
host: localhost:6210
accept: */*

Response DefaultHttpResponse(decodeResult: success, version: HTTP/1.1)
HTTP/1.1 200 OK
Content-Length: 14
Content-Type: application/json; charset=utf-8
cache-control: no-cache

10:13:30.649 [AsyncHttpClient-1-2] DEBUG org.asynchttpclient.netty.channel.ChannelManager - Adding key: http://localhost:6210 for channel [id: 0xede2ca95, L:/127.0.0.1:51904 - R:localhost/127.0.0.1:6210]
10:13:30.653 [Forwarding getAlertText on session ba85bb47b3bbe105c406d2743fd3b7e1 to remote] DEBUG org.asynchttpclient.netty.request.NettyRequestSender - Using pooled Channel '[id: 0xede2ca95, L:/127.0.0.1:51904 - R:localhost/127.0.0.1:6210]' for 'GET' to 'http://localhost:6210/session/ba85bb47b3bbe105c406d2743fd3b7e1/alert/text'
10:13:30.653 [Forwarding getAlertText on session ba85bb47b3bbe105c406d2743fd3b7e1 to remote] DEBUG org.asynchttpclient.netty.request.NettyRequestSender - Using open Channel [id: 0xede2ca95, L:/127.0.0.1:51904 - R:localhost/127.0.0.1:6210] for GET '/session/ba85bb47b3bbe105c406d2743fd3b7e1/alert/text'
10:13:30.654 [AsyncHttpClient-1-2] DEBUG org.asynchttpclient.netty.handler.HttpHandler - 

Request DefaultFullHttpRequest(decodeResult: success, version: HTTP/1.1, content: EmptyByteBufBE)
GET /session/ba85bb47b3bbe105c406d2743fd3b7e1/alert/text HTTP/1.1
User-Agent: selenium/4.8.1 (java windows)
Cache-Control: no-cache
Content-Type: application/json; charset=utf-8
host: localhost:6210
accept: */*

Response DefaultHttpResponse(decodeResult: success, version: HTTP/1.1)
HTTP/1.1 404 Not Found
Content-Length: 836
Content-Type: application/json; charset=utf-8
cache-control: no-cache

10:13:30.654 [AsyncHttpClient-1-2] DEBUG org.asynchttpclient.netty.channel.ChannelManager - Adding key: http://localhost:6210 for channel [id: 0xede2ca95, L:/127.0.0.1:51904 - R:localhost/127.0.0.1:6210]
10:13:30.655 [Forwarding getCurrentUrl on session ba85bb47b3bbe105c406d2743fd3b7e1 to remote] DEBUG org.asynchttpclient.netty.request.NettyRequestSender - Using pooled Channel '[id: 0xede2ca95, L:/127.0.0.1:51904 - R:localhost/127.0.0.1:6210]' for 'GET' to 'http://localhost:6210/session/ba85bb47b3bbe105c406d2743fd3b7e1/url'
10:13:30.655 [Forwarding getCurrentUrl on session ba85bb47b3bbe105c406d2743fd3b7e1 to remote] DEBUG org.asynchttpclient.netty.request.NettyRequestSender - Using open Channel [id: 0xede2ca95, L:/127.0.0.1:51904 - R:localhost/127.0.0.1:6210] for GET '/session/ba85bb47b3bbe105c406d2743fd3b7e1/url'
10:13:30.657 [AsyncHttpClient-1-2] DEBUG org.asynchttpclient.netty.handler.HttpHandler - 

Request DefaultFullHttpRequest(decodeResult: success, version: HTTP/1.1, content: EmptyByteBufBE)
GET /session/ba85bb47b3bbe105c406d2743fd3b7e1/url HTTP/1.1
User-Agent: selenium/4.8.1 (java windows)
Cache-Control: no-cache
Content-Type: application/json; charset=utf-8
host: localhost:6210
accept: */*

Response DefaultHttpResponse(decodeResult: success, version: HTTP/1.1)
HTTP/1.1 200 OK
Content-Length: 51
Content-Type: application/json; charset=utf-8
cache-control: no-cache

10:13:30.657 [AsyncHttpClient-1-2] DEBUG org.asynchttpclient.netty.channel.ChannelManager - Adding key: http://localhost:6210 for channel [id: 0xede2ca95, L:/127.0.0.1:51904 - R:localhost/127.0.0.1:6210]
10:13:30.657 [Forwarding screenshot on session ba85bb47b3bbe105c406d2743fd3b7e1 to remote] DEBUG org.asynchttpclient.netty.request.NettyRequestSender - Using pooled Channel '[id: 0xede2ca95, L:/127.0.0.1:51904 - R:localhost/127.0.0.1:6210]' for 'GET' to 'http://localhost:6210/session/ba85bb47b3bbe105c406d2743fd3b7e1/screenshot'
10:13:30.657 [Forwarding screenshot on session ba85bb47b3bbe105c406d2743fd3b7e1 to remote] DEBUG org.asynchttpclient.netty.request.NettyRequestSender - Using open Channel [id: 0xede2ca95, L:/127.0.0.1:51904 - R:localhost/127.0.0.1:6210] for GET '/session/ba85bb47b3bbe105c406d2743fd3b7e1/screenshot'
10:13:30.786 [AsyncHttpClient-1-2] DEBUG org.asynchttpclient.netty.handler.HttpHandler - 

Request DefaultFullHttpRequest(decodeResult: success, version: HTTP/1.1, content: EmptyByteBufBE)
GET /session/ba85bb47b3bbe105c406d2743fd3b7e1/screenshot HTTP/1.1
User-Agent: selenium/4.8.1 (java windows)
Cache-Control: no-cache
Content-Type: application/json; charset=utf-8
host: localhost:6210
accept: */*

Response DefaultHttpResponse(decodeResult: success, version: HTTP/1.1)
HTTP/1.1 200 OK
Content-Length: 39308
Content-Type: application/json; charset=utf-8
cache-control: no-cache

10:13:30.786 [AsyncHttpClient-1-2] DEBUG org.asynchttpclient.netty.channel.ChannelManager - Adding key: http://localhost:6210 for channel [id: 0xede2ca95, L:/127.0.0.1:51904 - R:localhost/127.0.0.1:6210]
10:13:30.788 [main] DEBUG net.serenitybdd.core.photography.Darkroom - Send negative for processing for target\site\serenity\272fd75bb592886d3e393511070ce65459f48fc7001194aeb56b436a77421135.png
10:13:30.788 [main] DEBUG net.thucydides.core.steps.StepInterceptor - STEP DONE: clickLoginButton
10:13:30.788 [Darkroom Processing Line] DEBUG net.serenitybdd.core.photography.DarkroomProcessingLine - Processing screenshot image in /var/screenshots/screenshot-2773995219693608572
10:13:30.788 [Darkroom Processing Line] DEBUG net.serenitybdd.core.photography.DarkroomProcessingLine - Saving screenshot to target\site\serenity\272fd75bb592886d3e393511070ce65459f48fc7001194aeb56b436a77421135.png
10:13:30.792 [Forwarding getPageSource on session ba85bb47b3bbe105c406d2743fd3b7e1 to remote] DEBUG org.asynchttpclient.netty.request.NettyRequestSender - Using pooled Channel '[id: 0xede2ca95, L:/127.0.0.1:51904 - R:localhost/127.0.0.1:6210]' for 'POST' to 'http://localhost:6210/session/ba85bb47b3bbe105c406d2743fd3b7e1/execute/sync'
10:13:30.792 [Forwarding getPageSource on session ba85bb47b3bbe105c406d2743fd3b7e1 to remote] DEBUG org.asynchttpclient.netty.request.NettyRequestSender - Using open Channel [id: 0xede2ca95, L:/127.0.0.1:51904 - R:localhost/127.0.0.1:6210] for POST '/session/ba85bb47b3bbe105c406d2743fd3b7e1/execute/sync'
10:13:30.797 [AsyncHttpClient-1-2] DEBUG org.asynchttpclient.netty.handler.HttpHandler - 

Request DefaultHttpRequest(decodeResult: success, version: HTTP/1.1)
POST /session/ba85bb47b3bbe105c406d2743fd3b7e1/execute/sync HTTP/1.1
User-Agent: selenium/4.8.1 (java windows)
Content-Length: 176
Content-Type: application/json; charset=utf-8
host: localhost:6210
accept: */*

Response DefaultHttpResponse(decodeResult: success, version: HTTP/1.1)
HTTP/1.1 200 OK
Content-Length: 28798
Content-Type: application/json; charset=utf-8
cache-control: no-cache

10:13:30.797 [AsyncHttpClient-1-2] DEBUG org.asynchttpclient.netty.channel.ChannelManager - Adding key: http://localhost:6210 for channel [id: 0xede2ca95, L:/127.0.0.1:51904 - R:localhost/127.0.0.1:6210]
10:13:30.799 [Forwarding getCurrentUrl on session ba85bb47b3bbe105c406d2743fd3b7e1 to remote] DEBUG org.asynchttpclient.netty.request.NettyRequestSender - Using pooled Channel '[id: 0xede2ca95, L:/127.0.0.1:51904 - R:localhost/127.0.0.1:6210]' for 'GET' to 'http://localhost:6210/session/ba85bb47b3bbe105c406d2743fd3b7e1/url'
10:13:30.799 [Forwarding getCurrentUrl on session ba85bb47b3bbe105c406d2743fd3b7e1 to remote] DEBUG org.asynchttpclient.netty.request.NettyRequestSender - Using open Channel [id: 0xede2ca95, L:/127.0.0.1:51904 - R:localhost/127.0.0.1:6210] for GET '/session/ba85bb47b3bbe105c406d2743fd3b7e1/url'
10:13:30.814 [AsyncHttpClient-1-2] DEBUG org.asynchttpclient.netty.handler.HttpHandler - 

Request DefaultFullHttpRequest(decodeResult: success, version: HTTP/1.1, content: EmptyByteBufBE)
GET /session/ba85bb47b3bbe105c406d2743fd3b7e1/url HTTP/1.1
User-Agent: selenium/4.8.1 (java windows)
Cache-Control: no-cache
Content-Type: application/json; charset=utf-8
host: localhost:6210
accept: */*

Response DefaultHttpResponse(decodeResult: success, version: HTTP/1.1)
HTTP/1.1 200 OK
Content-Length: 41
Content-Type: application/json; charset=utf-8
cache-control: no-cache

10:13:30.814 [AsyncHttpClient-1-2] DEBUG org.asynchttpclient.netty.channel.ChannelManager - Adding key: http://localhost:6210 for channel [id: 0xede2ca95, L:/127.0.0.1:51904 - R:localhost/127.0.0.1:6210]
10:13:30.815 [main] DEBUG net.thucydides.core.steps.StepInterceptor - STARTING STEP: ProductSteps.onTheHomePage - validateOnHomePage
10:13:30.816 [Forwarding findElement on session ba85bb47b3bbe105c406d2743fd3b7e1 to remote] DEBUG org.asynchttpclient.netty.request.NettyRequestSender - Using pooled Channel '[id: 0xede2ca95, L:/127.0.0.1:51904 - R:localhost/127.0.0.1:6210]' for 'POST' to 'http://localhost:6210/session/ba85bb47b3bbe105c406d2743fd3b7e1/element'
10:13:30.816 [Forwarding findElement on session ba85bb47b3bbe105c406d2743fd3b7e1 to remote] DEBUG org.asynchttpclient.netty.request.NettyRequestSender - Using open Channel [id: 0xede2ca95, L:/127.0.0.1:51904 - R:localhost/127.0.0.1:6210] for POST '/session/ba85bb47b3bbe105c406d2743fd3b7e1/element'
10:13:30.825 [AsyncHttpClient-1-2] DEBUG org.asynchttpclient.netty.handler.HttpHandler - 

Request DefaultHttpRequest(decodeResult: success, version: HTTP/1.1)
POST /session/ba85bb47b3bbe105c406d2743fd3b7e1/element HTTP/1.1
User-Agent: selenium/4.8.1 (java windows)
Content-Length: 54
Content-Type: application/json; charset=utf-8
host: localhost:6210
accept: */*

Response DefaultHttpResponse(decodeResult: success, version: HTTP/1.1)
HTTP/1.1 200 OK
Content-Length: 88
Content-Type: application/json; charset=utf-8
cache-control: no-cache

10:13:30.825 [AsyncHttpClient-1-2] DEBUG org.asynchttpclient.netty.channel.ChannelManager - Adding key: http://localhost:6210 for channel [id: 0xede2ca95, L:/127.0.0.1:51904 - R:localhost/127.0.0.1:6210]
10:13:30.826 [Forwarding isElementDisplayed on session ba85bb47b3bbe105c406d2743fd3b7e1 to remote] DEBUG org.asynchttpclient.netty.request.NettyRequestSender - Using pooled Channel '[id: 0xede2ca95, L:/127.0.0.1:51904 - R:localhost/127.0.0.1:6210]' for 'POST' to 'http://localhost:6210/session/ba85bb47b3bbe105c406d2743fd3b7e1/execute/sync'
10:13:30.826 [Forwarding isElementDisplayed on session ba85bb47b3bbe105c406d2743fd3b7e1 to remote] DEBUG org.asynchttpclient.netty.request.NettyRequestSender - Using open Channel [id: 0xede2ca95, L:/127.0.0.1:51904 - R:localhost/127.0.0.1:6210] for POST '/session/ba85bb47b3bbe105c406d2743fd3b7e1/execute/sync'
10:13:30.837 [AsyncHttpClient-1-2] DEBUG org.asynchttpclient.netty.handler.HttpHandler - 

Request DefaultHttpRequest(decodeResult: success, version: HTTP/1.1)
POST /session/ba85bb47b3bbe105c406d2743fd3b7e1/execute/sync HTTP/1.1
User-Agent: selenium/4.8.1 (java windows)
Content-Length: 48807
Content-Type: application/json; charset=utf-8
host: localhost:6210
accept: */*

Response DefaultHttpResponse(decodeResult: success, version: HTTP/1.1)
HTTP/1.1 200 OK
Content-Length: 14
Content-Type: application/json; charset=utf-8
cache-control: no-cache

10:13:30.837 [AsyncHttpClient-1-2] DEBUG org.asynchttpclient.netty.channel.ChannelManager - Adding key: http://localhost:6210 for channel [id: 0xede2ca95, L:/127.0.0.1:51904 - R:localhost/127.0.0.1:6210]
10:13:30.842 [Forwarding getAlertText on session ba85bb47b3bbe105c406d2743fd3b7e1 to remote] DEBUG org.asynchttpclient.netty.request.NettyRequestSender - Using pooled Channel '[id: 0xede2ca95, L:/127.0.0.1:51904 - R:localhost/127.0.0.1:6210]' for 'GET' to 'http://localhost:6210/session/ba85bb47b3bbe105c406d2743fd3b7e1/alert/text'
10:13:30.842 [Forwarding getAlertText on session ba85bb47b3bbe105c406d2743fd3b7e1 to remote] DEBUG org.asynchttpclient.netty.request.NettyRequestSender - Using open Channel [id: 0xede2ca95, L:/127.0.0.1:51904 - R:localhost/127.0.0.1:6210] for GET '/session/ba85bb47b3bbe105c406d2743fd3b7e1/alert/text'
10:13:30.843 [AsyncHttpClient-1-2] DEBUG org.asynchttpclient.netty.handler.HttpHandler - 

Request DefaultFullHttpRequest(decodeResult: success, version: HTTP/1.1, content: EmptyByteBufBE)
GET /session/ba85bb47b3bbe105c406d2743fd3b7e1/alert/text HTTP/1.1
User-Agent: selenium/4.8.1 (java windows)
Cache-Control: no-cache
Content-Type: application/json; charset=utf-8
host: localhost:6210
accept: */*

Response DefaultHttpResponse(decodeResult: success, version: HTTP/1.1)
HTTP/1.1 404 Not Found
Content-Length: 836
Content-Type: application/json; charset=utf-8
cache-control: no-cache

10:13:30.843 [AsyncHttpClient-1-2] DEBUG org.asynchttpclient.netty.channel.ChannelManager - Adding key: http://localhost:6210 for channel [id: 0xede2ca95, L:/127.0.0.1:51904 - R:localhost/127.0.0.1:6210]
10:13:30.843 [Forwarding getCurrentUrl on session ba85bb47b3bbe105c406d2743fd3b7e1 to remote] DEBUG org.asynchttpclient.netty.request.NettyRequestSender - Using pooled Channel '[id: 0xede2ca95, L:/127.0.0.1:51904 - R:localhost/127.0.0.1:6210]' for 'GET' to 'http://localhost:6210/session/ba85bb47b3bbe105c406d2743fd3b7e1/url'
10:13:30.843 [Forwarding getCurrentUrl on session ba85bb47b3bbe105c406d2743fd3b7e1 to remote] DEBUG org.asynchttpclient.netty.request.NettyRequestSender - Using open Channel [id: 0xede2ca95, L:/127.0.0.1:51904 - R:localhost/127.0.0.1:6210] for GET '/session/ba85bb47b3bbe105c406d2743fd3b7e1/url'
10:13:30.845 [AsyncHttpClient-1-2] DEBUG org.asynchttpclient.netty.handler.HttpHandler - 

Request DefaultFullHttpRequest(decodeResult: success, version: HTTP/1.1, content: EmptyByteBufBE)
GET /session/ba85bb47b3bbe105c406d2743fd3b7e1/url HTTP/1.1
User-Agent: selenium/4.8.1 (java windows)
Cache-Control: no-cache
Content-Type: application/json; charset=utf-8
host: localhost:6210
accept: */*

Response DefaultHttpResponse(decodeResult: success, version: HTTP/1.1)
HTTP/1.1 200 OK
Content-Length: 41
Content-Type: application/json; charset=utf-8
cache-control: no-cache

10:13:30.845 [AsyncHttpClient-1-2] DEBUG org.asynchttpclient.netty.channel.ChannelManager - Adding key: http://localhost:6210 for channel [id: 0xede2ca95, L:/127.0.0.1:51904 - R:localhost/127.0.0.1:6210]
10:13:30.846 [Forwarding screenshot on session ba85bb47b3bbe105c406d2743fd3b7e1 to remote] DEBUG org.asynchttpclient.netty.request.NettyRequestSender - Using pooled Channel '[id: 0xede2ca95, L:/127.0.0.1:51904 - R:localhost/127.0.0.1:6210]' for 'GET' to 'http://localhost:6210/session/ba85bb47b3bbe105c406d2743fd3b7e1/screenshot'
10:13:30.846 [Forwarding screenshot on session ba85bb47b3bbe105c406d2743fd3b7e1 to remote] DEBUG org.asynchttpclient.netty.request.NettyRequestSender - Using open Channel [id: 0xede2ca95, L:/127.0.0.1:51904 - R:localhost/127.0.0.1:6210] for GET '/session/ba85bb47b3bbe105c406d2743fd3b7e1/screenshot'
10:13:30.899 [AsyncHttpClient-1-1] DEBUG org.asynchttpclient.netty.channel.DefaultChannelPool - Entry count for : http://localhost:51905 : 1
10:13:31.555 [AsyncHttpClient-1-2] DEBUG org.asynchttpclient.netty.handler.HttpHandler - 

Request DefaultFullHttpRequest(decodeResult: success, version: HTTP/1.1, content: EmptyByteBufBE)
GET /session/ba85bb47b3bbe105c406d2743fd3b7e1/screenshot HTTP/1.1
User-Agent: selenium/4.8.1 (java windows)
Cache-Control: no-cache
Content-Type: application/json; charset=utf-8
host: localhost:6210
accept: */*

Response DefaultHttpResponse(decodeResult: success, version: HTTP/1.1)
HTTP/1.1 200 OK
Content-Length: 35632
Content-Type: application/json; charset=utf-8
cache-control: no-cache

10:13:31.555 [AsyncHttpClient-1-2] DEBUG org.asynchttpclient.netty.channel.ChannelManager - Adding key: http://localhost:6210 for channel [id: 0xede2ca95, L:/127.0.0.1:51904 - R:localhost/127.0.0.1:6210]
10:13:31.556 [main] DEBUG net.serenitybdd.core.photography.Darkroom - Send negative for processing for target\site\serenity\60f437e39c21aa1d1d8a6885e0d2b9cc336153b0627e922ede00164e1d953b87.png
10:13:31.556 [main] DEBUG net.thucydides.core.steps.StepInterceptor - STEP DONE: validateOnHomePage
  &amp#27;[32mGiven &amp#27;[0m&amp#27;[32mI already login and go to the alta-shop home page&amp#27;[0m &amp#27;[90m# starter.stepdefinitions.ProductSteps.onTheHomePage()&amp#27;[0m
10:13:31.556 [Darkroom Processing Line] DEBUG net.serenitybdd.core.photography.DarkroomProcessingLine - Processing screenshot image in /var/screenshots/screenshot-15600180826457277066
10:13:31.556 [Darkroom Processing Line] DEBUG net.serenitybdd.core.photography.DarkroomProcessingLine - Saving screenshot to target\site\serenity\60f437e39c21aa1d1d8a6885e0d2b9cc336153b0627e922ede00164e1d953b87.png
10:13:31.563 [Forwarding getPageSource on session ba85bb47b3bbe105c406d2743fd3b7e1 to remote] DEBUG org.asynchttpclient.netty.request.NettyRequestSender - Using pooled Channel '[id: 0xede2ca95, L:/127.0.0.1:51904 - R:localhost/127.0.0.1:6210]' for 'POST' to 'http://localhost:6210/session/ba85bb47b3bbe105c406d2743fd3b7e1/execute/sync'
10:13:31.563 [Forwarding getPageSource on session ba85bb47b3bbe105c406d2743fd3b7e1 to remote] DEBUG org.asynchttpclient.netty.request.NettyRequestSender - Using open Channel [id: 0xede2ca95, L:/127.0.0.1:51904 - R:localhost/127.0.0.1:6210] for POST '/session/ba85bb47b3bbe105c406d2743fd3b7e1/execute/sync'
10:13:31.581 [AsyncHttpClient-1-2] DEBUG org.asynchttpclient.netty.handler.HttpHandler - 

Request DefaultHttpRequest(decodeResult: success, version: HTTP/1.1)
POST /session/ba85bb47b3bbe105c406d2743fd3b7e1/execute/sync HTTP/1.1
User-Agent: selenium/4.8.1 (java windows)
Content-Length: 176
Content-Type: application/json; charset=utf-8
host: localhost:6210
accept: */*

Response DefaultHttpResponse(decodeResult: success, version: HTTP/1.1)
HTTP/1.1 200 OK
Content-Length: 290004
Content-Type: application/json; charset=utf-8
cache-control: no-cache

10:13:31.581 [AsyncHttpClient-1-2] DEBUG org.asynchttpclient.netty.channel.ChannelManager - Adding key: http://localhost:6210 for channel [id: 0xede2ca95, L:/127.0.0.1:51904 - R:localhost/127.0.0.1:6210]
10:13:31.598 [Forwarding getCurrentUrl on session ba85bb47b3bbe105c406d2743fd3b7e1 to remote] DEBUG org.asynchttpclient.netty.request.NettyRequestSender - Using pooled Channel '[id: 0xede2ca95, L:/127.0.0.1:51904 - R:localhost/127.0.0.1:6210]' for 'GET' to 'http://localhost:6210/session/ba85bb47b3bbe105c406d2743fd3b7e1/url'
10:13:31.598 [Forwarding getCurrentUrl on session ba85bb47b3bbe105c406d2743fd3b7e1 to remote] DEBUG org.asynchttpclient.netty.request.NettyRequestSender - Using open Channel [id: 0xede2ca95, L:/127.0.0.1:51904 - R:localhost/127.0.0.1:6210] for GET '/session/ba85bb47b3bbe105c406d2743fd3b7e1/url'
10:13:31.600 [AsyncHttpClient-1-2] DEBUG org.asynchttpclient.netty.handler.HttpHandler - 

Request DefaultFullHttpRequest(decodeResult: success, version: HTTP/1.1, content: EmptyByteBufBE)
GET /session/ba85bb47b3bbe105c406d2743fd3b7e1/url HTTP/1.1
User-Agent: selenium/4.8.1 (java windows)
Cache-Control: no-cache
Content-Type: application/json; charset=utf-8
host: localhost:6210
accept: */*

Response DefaultHttpResponse(decodeResult: success, version: HTTP/1.1)
HTTP/1.1 200 OK
Content-Length: 41
Content-Type: application/json; charset=utf-8
cache-control: no-cache

10:13:31.600 [AsyncHttpClient-1-2] DEBUG org.asynchttpclient.netty.channel.ChannelManager - Adding key: http://localhost:6210 for channel [id: 0xede2ca95, L:/127.0.0.1:51904 - R:localhost/127.0.0.1:6210]
10:13:31.606 [Forwarding getAlertText on session ba85bb47b3bbe105c406d2743fd3b7e1 to remote] DEBUG org.asynchttpclient.netty.request.NettyRequestSender - Using pooled Channel '[id: 0xede2ca95, L:/127.0.0.1:51904 - R:localhost/127.0.0.1:6210]' for 'GET' to 'http://localhost:6210/session/ba85bb47b3bbe105c406d2743fd3b7e1/alert/text'
10:13:31.606 [Forwarding getAlertText on session ba85bb47b3bbe105c406d2743fd3b7e1 to remote] DEBUG org.asynchttpclient.netty.request.NettyRequestSender - Using open Channel [id: 0xede2ca95, L:/127.0.0.1:51904 - R:localhost/127.0.0.1:6210] for GET '/session/ba85bb47b3bbe105c406d2743fd3b7e1/alert/text'
10:13:31.607 [AsyncHttpClient-1-2] DEBUG org.asynchttpclient.netty.handler.HttpHandler - 

Request DefaultFullHttpRequest(decodeResult: success, version: HTTP/1.1, content: EmptyByteBufBE)
GET /session/ba85bb47b3bbe105c406d2743fd3b7e1/alert/text HTTP/1.1
User-Agent: selenium/4.8.1 (java windows)
Cache-Control: no-cache
Content-Type: application/json; charset=utf-8
host: localhost:6210
accept: */*

Response DefaultHttpResponse(decodeResult: success, version: HTTP/1.1)
HTTP/1.1 404 Not Found
Content-Length: 836
Content-Type: application/json; charset=utf-8
cache-control: no-cache

10:13:31.607 [AsyncHttpClient-1-2] DEBUG org.asynchttpclient.netty.channel.ChannelManager - Adding key: http://localhost:6210 for channel [id: 0xede2ca95, L:/127.0.0.1:51904 - R:localhost/127.0.0.1:6210]
10:13:31.608 [Forwarding getCurrentUrl on session ba85bb47b3bbe105c406d2743fd3b7e1 to remote] DEBUG org.asynchttpclient.netty.request.NettyRequestSender - Using pooled Channel '[id: 0xede2ca95, L:/127.0.0.1:51904 - R:localhost/127.0.0.1:6210]' for 'GET' to 'http://localhost:6210/session/ba85bb47b3bbe105c406d2743fd3b7e1/url'
10:13:31.608 [Forwarding getCurrentUrl on session ba85bb47b3bbe105c406d2743fd3b7e1 to remote] DEBUG org.asynchttpclient.netty.request.NettyRequestSender - Using open Channel [id: 0xede2ca95, L:/127.0.0.1:51904 - R:localhost/127.0.0.1:6210] for GET '/session/ba85bb47b3bbe105c406d2743fd3b7e1/url'
10:13:31.610 [AsyncHttpClient-1-2] DEBUG org.asynchttpclient.netty.handler.HttpHandler - 

Request DefaultFullHttpRequest(decodeResult: success, version: HTTP/1.1, content: EmptyByteBufBE)
GET /session/ba85bb47b3bbe105c406d2743fd3b7e1/url HTTP/1.1
User-Agent: selenium/4.8.1 (java windows)
Cache-Control: no-cache
Content-Type: application/json; charset=utf-8
host: localhost:6210
accept: */*

Response DefaultHttpResponse(decodeResult: success, version: HTTP/1.1)
HTTP/1.1 200 OK
Content-Length: 41
Content-Type: application/json; charset=utf-8
cache-control: no-cache

10:13:31.610 [AsyncHttpClient-1-2] DEBUG org.asynchttpclient.netty.channel.ChannelManager - Adding key: http://localhost:6210 for channel [id: 0xede2ca95, L:/127.0.0.1:51904 - R:localhost/127.0.0.1:6210]
10:13:31.610 [Forwarding screenshot on session ba85bb47b3bbe105c406d2743fd3b7e1 to remote] DEBUG org.asynchttpclient.netty.request.NettyRequestSender - Using pooled Channel '[id: 0xede2ca95, L:/127.0.0.1:51904 - R:localhost/127.0.0.1:6210]' for 'GET' to 'http://localhost:6210/session/ba85bb47b3bbe105c406d2743fd3b7e1/screenshot'
10:13:31.610 [Forwarding screenshot on session ba85bb47b3bbe105c406d2743fd3b7e1 to remote] DEBUG org.asynchttpclient.netty.request.NettyRequestSender - Using open Channel [id: 0xede2ca95, L:/127.0.0.1:51904 - R:localhost/127.0.0.1:6210] for GET '/session/ba85bb47b3bbe105c406d2743fd3b7e1/screenshot'
10:13:31.721 [AsyncHttpClient-1-2] DEBUG org.asynchttpclient.netty.handler.HttpHandler - 

Request DefaultFullHttpRequest(decodeResult: success, version: HTTP/1.1, content: EmptyByteBufBE)
GET /session/ba85bb47b3bbe105c406d2743fd3b7e1/screenshot HTTP/1.1
User-Agent: selenium/4.8.1 (java windows)
Cache-Control: no-cache
Content-Type: application/json; charset=utf-8
host: localhost:6210
accept: */*

Response DefaultHttpResponse(decodeResult: success, version: HTTP/1.1)
HTTP/1.1 200 OK
Content-Length: 79372
Content-Type: application/json; charset=utf-8
cache-control: no-cache

10:13:31.721 [AsyncHttpClient-1-2] DEBUG org.asynchttpclient.netty.channel.ChannelManager - Adding key: http://localhost:6210 for channel [id: 0xede2ca95, L:/127.0.0.1:51904 - R:localhost/127.0.0.1:6210]
10:13:31.723 [main] DEBUG net.serenitybdd.core.photography.Darkroom - Send negative for processing for target\site\serenity\e57215b3291e171387366baeea69c12c2422028db3fa39ffe476c4183b960fba.png
10:13:31.723 [Darkroom Processing Line] DEBUG net.serenitybdd.core.photography.DarkroomProcessingLine - Processing screenshot image in /var/screenshots/screenshot-6101762738138361650
10:13:31.723 [Darkroom Processing Line] DEBUG net.serenitybdd.core.photography.DarkroomProcessingLine - Saving screenshot to target\site\serenity\e57215b3291e171387366baeea69c12c2422028db3fa39ffe476c4183b960fba.png
10:13:31.723 [Forwarding getPageSource on session ba85bb47b3bbe105c406d2743fd3b7e1 to remote] DEBUG org.asynchttpclient.netty.request.NettyRequestSender - Using pooled Channel '[id: 0xede2ca95, L:/127.0.0.1:51904 - R:localhost/127.0.0.1:6210]' for 'POST' to 'http://localhost:6210/session/ba85bb47b3bbe105c406d2743fd3b7e1/execute/sync'
10:13:31.723 [Forwarding getPageSource on session ba85bb47b3bbe105c406d2743fd3b7e1 to remote] DEBUG org.asynchttpclient.netty.request.NettyRequestSender - Using open Channel [id: 0xede2ca95, L:/127.0.0.1:51904 - R:localhost/127.0.0.1:6210] for POST '/session/ba85bb47b3bbe105c406d2743fd3b7e1/execute/sync'
10:13:31.744 [AsyncHttpClient-1-2] DEBUG org.asynchttpclient.netty.handler.HttpHandler - 

Request DefaultHttpRequest(decodeResult: success, version: HTTP/1.1)
POST /session/ba85bb47b3bbe105c406d2743fd3b7e1/execute/sync HTTP/1.1
User-Agent: selenium/4.8.1 (java windows)
Content-Length: 176
Content-Type: application/json; charset=utf-8
host: localhost:6210
accept: */*

Response DefaultHttpResponse(decodeResult: success, version: HTTP/1.1)
HTTP/1.1 200 OK
Content-Length: 290004
Content-Type: application/json; charset=utf-8
cache-control: no-cache

10:13:31.744 [AsyncHttpClient-1-2] DEBUG org.asynchttpclient.netty.channel.ChannelManager - Adding key: http://localhost:6210 for channel [id: 0xede2ca95, L:/127.0.0.1:51904 - R:localhost/127.0.0.1:6210]
10:13:31.774 [Forwarding getCurrentUrl on session ba85bb47b3bbe105c406d2743fd3b7e1 to remote] DEBUG org.asynchttpclient.netty.request.NettyRequestSender - Using pooled Channel '[id: 0xede2ca95, L:/127.0.0.1:51904 - R:localhost/127.0.0.1:6210]' for 'GET' to 'http://localhost:6210/session/ba85bb47b3bbe105c406d2743fd3b7e1/url'
10:13:31.774 [Forwarding getCurrentUrl on session ba85bb47b3bbe105c406d2743fd3b7e1 to remote] DEBUG org.asynchttpclient.netty.request.NettyRequestSender - Using open Channel [id: 0xede2ca95, L:/127.0.0.1:51904 - R:localhost/127.0.0.1:6210] for GET '/session/ba85bb47b3bbe105c406d2743fd3b7e1/url'
10:13:31.778 [AsyncHttpClient-1-2] DEBUG org.asynchttpclient.netty.handler.HttpHandler - 

Request DefaultFullHttpRequest(decodeResult: success, version: HTTP/1.1, content: EmptyByteBufBE)
GET /session/ba85bb47b3bbe105c406d2743fd3b7e1/url HTTP/1.1
User-Agent: selenium/4.8.1 (java windows)
Cache-Control: no-cache
Content-Type: application/json; charset=utf-8
host: localhost:6210
accept: */*

Response DefaultHttpResponse(decodeResult: success, version: HTTP/1.1)
HTTP/1.1 200 OK
Content-Length: 41
Content-Type: application/json; charset=utf-8
cache-control: no-cache

10:13:31.778 [AsyncHttpClient-1-2] DEBUG org.asynchttpclient.netty.channel.ChannelManager - Adding key: http://localhost:6210 for channel [id: 0xede2ca95, L:/127.0.0.1:51904 - R:localhost/127.0.0.1:6210]
10:13:31.780 [main] DEBUG net.thucydides.core.steps.StepInterceptor - STARTING STEP: ProductSteps.clickBeliButton - clickBeliButton
10:13:31.781 [Forwarding findElement on session ba85bb47b3bbe105c406d2743fd3b7e1 to remote] DEBUG org.asynchttpclient.netty.request.NettyRequestSender - Using pooled Channel '[id: 0xede2ca95, L:/127.0.0.1:51904 - R:localhost/127.0.0.1:6210]' for 'POST' to 'http://localhost:6210/session/ba85bb47b3bbe105c406d2743fd3b7e1/element'
10:13:31.781 [Forwarding findElement on session ba85bb47b3bbe105c406d2743fd3b7e1 to remote] DEBUG org.asynchttpclient.netty.request.NettyRequestSender - Using open Channel [id: 0xede2ca95, L:/127.0.0.1:51904 - R:localhost/127.0.0.1:6210] for POST '/session/ba85bb47b3bbe105c406d2743fd3b7e1/element'
10:13:31.793 [AsyncHttpClient-1-2] DEBUG org.asynchttpclient.netty.handler.HttpHandler - 

Request DefaultHttpRequest(decodeResult: success, version: HTTP/1.1)
POST /session/ba85bb47b3bbe105c406d2743fd3b7e1/element HTTP/1.1
User-Agent: selenium/4.8.1 (java windows)
Content-Length: 173
Content-Type: application/json; charset=utf-8
host: localhost:6210
accept: */*

Response DefaultHttpResponse(decodeResult: success, version: HTTP/1.1)
HTTP/1.1 200 OK
Content-Length: 88
Content-Type: application/json; charset=utf-8
cache-control: no-cache

10:13:31.793 [AsyncHttpClient-1-2] DEBUG org.asynchttpclient.netty.channel.ChannelManager - Adding key: http://localhost:6210 for channel [id: 0xede2ca95, L:/127.0.0.1:51904 - R:localhost/127.0.0.1:6210]
10:13:31.794 [Forwarding getElementTagName on session ba85bb47b3bbe105c406d2743fd3b7e1 to remote] DEBUG org.asynchttpclient.netty.request.NettyRequestSender - Using pooled Channel '[id: 0xede2ca95, L:/127.0.0.1:51904 - R:localhost/127.0.0.1:6210]' for 'GET' to 'http://localhost:6210/session/ba85bb47b3bbe105c406d2743fd3b7e1/element/6e794ca0-16ff-4029-9618-c016709a731e/name'
10:13:31.794 [Forwarding getElementTagName on session ba85bb47b3bbe105c406d2743fd3b7e1 to remote] DEBUG org.asynchttpclient.netty.request.NettyRequestSender - Using open Channel [id: 0xede2ca95, L:/127.0.0.1:51904 - R:localhost/127.0.0.1:6210] for GET '/session/ba85bb47b3bbe105c406d2743fd3b7e1/element/6e794ca0-16ff-4029-9618-c016709a731e/name'
10:13:31.796 [AsyncHttpClient-1-2] DEBUG org.asynchttpclient.netty.handler.HttpHandler - 

Request DefaultFullHttpRequest(decodeResult: success, version: HTTP/1.1, content: EmptyByteBufBE)
GET /session/ba85bb47b3bbe105c406d2743fd3b7e1/element/6e794ca0-16ff-4029-9618-c016709a731e/name HTTP/1.1
User-Agent: selenium/4.8.1 (java windows)
Cache-Control: no-cache
Content-Type: application/json; charset=utf-8
host: localhost:6210
accept: */*

Response DefaultHttpResponse(decodeResult: success, version: HTTP/1.1)
HTTP/1.1 200 OK
Content-Length: 18
Content-Type: application/json; charset=utf-8
cache-control: no-cache

10:13:31.796 [AsyncHttpClient-1-2] DEBUG org.asynchttpclient.netty.channel.ChannelManager - Adding key: http://localhost:6210 for channel [id: 0xede2ca95, L:/127.0.0.1:51904 - R:localhost/127.0.0.1:6210]
10:13:31.797 [Forwarding getElementTagName on session ba85bb47b3bbe105c406d2743fd3b7e1 to remote] DEBUG org.asynchttpclient.netty.request.NettyRequestSender - Using pooled Channel '[id: 0xede2ca95, L:/127.0.0.1:51904 - R:localhost/127.0.0.1:6210]' for 'GET' to 'http://localhost:6210/session/ba85bb47b3bbe105c406d2743fd3b7e1/element/6e794ca0-16ff-4029-9618-c016709a731e/name'
10:13:31.797 [Forwarding getElementTagName on session ba85bb47b3bbe105c406d2743fd3b7e1 to remote] DEBUG org.asynchttpclient.netty.request.NettyRequestSender - Using open Channel [id: 0xede2ca95, L:/127.0.0.1:51904 - R:localhost/127.0.0.1:6210] for GET '/session/ba85bb47b3bbe105c406d2743fd3b7e1/element/6e794ca0-16ff-4029-9618-c016709a731e/name'
10:13:31.799 [AsyncHttpClient-1-2] DEBUG org.asynchttpclient.netty.handler.HttpHandler - 

Request DefaultFullHttpRequest(decodeResult: success, version: HTTP/1.1, content: EmptyByteBufBE)
GET /session/ba85bb47b3bbe105c406d2743fd3b7e1/element/6e794ca0-16ff-4029-9618-c016709a731e/name HTTP/1.1
User-Agent: selenium/4.8.1 (java windows)
Cache-Control: no-cache
Content-Type: application/json; charset=utf-8
host: localhost:6210
accept: */*

Response DefaultHttpResponse(decodeResult: success, version: HTTP/1.1)
HTTP/1.1 200 OK
Content-Length: 18
Content-Type: application/json; charset=utf-8
cache-control: no-cache

10:13:31.799 [AsyncHttpClient-1-2] DEBUG org.asynchttpclient.netty.channel.ChannelManager - Adding key: http://localhost:6210 for channel [id: 0xede2ca95, L:/127.0.0.1:51904 - R:localhost/127.0.0.1:6210]
10:13:31.800 [Forwarding isElementEnabled on session ba85bb47b3bbe105c406d2743fd3b7e1 to remote] DEBUG org.asynchttpclient.netty.request.NettyRequestSender - Using pooled Channel '[id: 0xede2ca95, L:/127.0.0.1:51904 - R:localhost/127.0.0.1:6210]' for 'GET' to 'http://localhost:6210/session/ba85bb47b3bbe105c406d2743fd3b7e1/element/6e794ca0-16ff-4029-9618-c016709a731e/enabled'
10:13:31.800 [Forwarding isElementEnabled on session ba85bb47b3bbe105c406d2743fd3b7e1 to remote] DEBUG org.asynchttpclient.netty.request.NettyRequestSender - Using open Channel [id: 0xede2ca95, L:/127.0.0.1:51904 - R:localhost/127.0.0.1:6210] for GET '/session/ba85bb47b3bbe105c406d2743fd3b7e1/element/6e794ca0-16ff-4029-9618-c016709a731e/enabled'
10:13:31.806 [AsyncHttpClient-1-2] DEBUG org.asynchttpclient.netty.handler.HttpHandler - 

Request DefaultFullHttpRequest(decodeResult: success, version: HTTP/1.1, content: EmptyByteBufBE)
GET /session/ba85bb47b3bbe105c406d2743fd3b7e1/element/6e794ca0-16ff-4029-9618-c016709a731e/enabled HTTP/1.1
User-Agent: selenium/4.8.1 (java windows)
Cache-Control: no-cache
Content-Type: application/json; charset=utf-8
host: localhost:6210
accept: */*

Response DefaultHttpResponse(decodeResult: success, version: HTTP/1.1)
HTTP/1.1 200 OK
Content-Length: 14
Content-Type: application/json; charset=utf-8
cache-control: no-cache

10:13:31.807 [AsyncHttpClient-1-2] DEBUG org.asynchttpclient.netty.channel.ChannelManager - Adding key: http://localhost:6210 for channel [id: 0xede2ca95, L:/127.0.0.1:51904 - R:localhost/127.0.0.1:6210]
10:13:31.807 [Forwarding isElementEnabled on session ba85bb47b3bbe105c406d2743fd3b7e1 to remote] DEBUG org.asynchttpclient.netty.request.NettyRequestSender - Using pooled Channel '[id: 0xede2ca95, L:/127.0.0.1:51904 - R:localhost/127.0.0.1:6210]' for 'GET' to 'http://localhost:6210/session/ba85bb47b3bbe105c406d2743fd3b7e1/element/6e794ca0-16ff-4029-9618-c016709a731e/enabled'
10:13:31.807 [Forwarding isElementEnabled on session ba85bb47b3bbe105c406d2743fd3b7e1 to remote] DEBUG org.asynchttpclient.netty.request.NettyRequestSender - Using open Channel [id: 0xede2ca95, L:/127.0.0.1:51904 - R:localhost/127.0.0.1:6210] for GET '/session/ba85bb47b3bbe105c406d2743fd3b7e1/element/6e794ca0-16ff-4029-9618-c016709a731e/enabled'
10:13:31.811 [AsyncHttpClient-1-2] DEBUG org.asynchttpclient.netty.handler.HttpHandler - 

Request DefaultFullHttpRequest(decodeResult: success, version: HTTP/1.1, content: EmptyByteBufBE)
GET /session/ba85bb47b3bbe105c406d2743fd3b7e1/element/6e794ca0-16ff-4029-9618-c016709a731e/enabled HTTP/1.1
User-Agent: selenium/4.8.1 (java windows)
Cache-Control: no-cache
Content-Type: application/json; charset=utf-8
host: localhost:6210
accept: */*

Response DefaultHttpResponse(decodeResult: success, version: HTTP/1.1)
HTTP/1.1 200 OK
Content-Length: 14
Content-Type: application/json; charset=utf-8
cache-control: no-cache

10:13:31.811 [AsyncHttpClient-1-2] DEBUG org.asynchttpclient.netty.channel.ChannelManager - Adding key: http://localhost:6210 for channel [id: 0xede2ca95, L:/127.0.0.1:51904 - R:localhost/127.0.0.1:6210]
10:13:31.812 [Forwarding findElement on session ba85bb47b3bbe105c406d2743fd3b7e1 to remote] DEBUG org.asynchttpclient.netty.request.NettyRequestSender - Using pooled Channel '[id: 0xede2ca95, L:/127.0.0.1:51904 - R:localhost/127.0.0.1:6210]' for 'POST' to 'http://localhost:6210/session/ba85bb47b3bbe105c406d2743fd3b7e1/element'
10:13:31.812 [Forwarding findElement on session ba85bb47b3bbe105c406d2743fd3b7e1 to remote] DEBUG org.asynchttpclient.netty.request.NettyRequestSender - Using open Channel [id: 0xede2ca95, L:/127.0.0.1:51904 - R:localhost/127.0.0.1:6210] for POST '/session/ba85bb47b3bbe105c406d2743fd3b7e1/element'
10:13:31.818 [AsyncHttpClient-1-2] DEBUG org.asynchttpclient.netty.handler.HttpHandler - 

Request DefaultHttpRequest(decodeResult: success, version: HTTP/1.1)
POST /session/ba85bb47b3bbe105c406d2743fd3b7e1/element HTTP/1.1
User-Agent: selenium/4.8.1 (java windows)
Content-Length: 173
Content-Type: application/json; charset=utf-8
host: localhost:6210
accept: */*

Response DefaultHttpResponse(decodeResult: success, version: HTTP/1.1)
HTTP/1.1 200 OK
Content-Length: 88
Content-Type: application/json; charset=utf-8
cache-control: no-cache

10:13:31.818 [AsyncHttpClient-1-2] DEBUG org.asynchttpclient.netty.channel.ChannelManager - Adding key: http://localhost:6210 for channel [id: 0xede2ca95, L:/127.0.0.1:51904 - R:localhost/127.0.0.1:6210]
10:13:31.818 [Forwarding clickElement on session ba85bb47b3bbe105c406d2743fd3b7e1 to remote] DEBUG org.asynchttpclient.netty.request.NettyRequestSender - Using pooled Channel '[id: 0xede2ca95, L:/127.0.0.1:51904 - R:localhost/127.0.0.1:6210]' for 'POST' to 'http://localhost:6210/session/ba85bb47b3bbe105c406d2743fd3b7e1/element/6e794ca0-16ff-4029-9618-c016709a731e/click'
10:13:31.818 [Forwarding clickElement on session ba85bb47b3bbe105c406d2743fd3b7e1 to remote] DEBUG org.asynchttpclient.netty.request.NettyRequestSender - Using open Channel [id: 0xede2ca95, L:/127.0.0.1:51904 - R:localhost/127.0.0.1:6210] for POST '/session/ba85bb47b3bbe105c406d2743fd3b7e1/element/6e794ca0-16ff-4029-9618-c016709a731e/click'
10:13:31.872 [AsyncHttpClient-1-2] DEBUG org.asynchttpclient.netty.handler.HttpHandler - 

Request DefaultHttpRequest(decodeResult: success, version: HTTP/1.1)
POST /session/ba85bb47b3bbe105c406d2743fd3b7e1/element/6e794ca0-16ff-4029-9618-c016709a731e/click HTTP/1.1
User-Agent: selenium/4.8.1 (java windows)
Content-Length: 50
Content-Type: application/json; charset=utf-8
host: localhost:6210
accept: */*

Response DefaultHttpResponse(decodeResult: success, version: HTTP/1.1)
HTTP/1.1 200 OK
Content-Length: 14
Content-Type: application/json; charset=utf-8
cache-control: no-cache

10:13:31.872 [AsyncHttpClient-1-2] DEBUG org.asynchttpclient.netty.channel.ChannelManager - Adding key: http://localhost:6210 for channel [id: 0xede2ca95, L:/127.0.0.1:51904 - R:localhost/127.0.0.1:6210]
10:13:31.875 [Forwarding getAlertText on session ba85bb47b3bbe105c406d2743fd3b7e1 to remote] DEBUG org.asynchttpclient.netty.request.NettyRequestSender - Using pooled Channel '[id: 0xede2ca95, L:/127.0.0.1:51904 - R:localhost/127.0.0.1:6210]' for 'GET' to 'http://localhost:6210/session/ba85bb47b3bbe105c406d2743fd3b7e1/alert/text'
10:13:31.875 [Forwarding getAlertText on session ba85bb47b3bbe105c406d2743fd3b7e1 to remote] DEBUG org.asynchttpclient.netty.request.NettyRequestSender - Using open Channel [id: 0xede2ca95, L:/127.0.0.1:51904 - R:localhost/127.0.0.1:6210] for GET '/session/ba85bb47b3bbe105c406d2743fd3b7e1/alert/text'
10:13:31.876 [AsyncHttpClient-1-2] DEBUG org.asynchttpclient.netty.handler.HttpHandler - 

Request DefaultFullHttpRequest(decodeResult: success, version: HTTP/1.1, content: EmptyByteBufBE)
GET /session/ba85bb47b3bbe105c406d2743fd3b7e1/alert/text HTTP/1.1
User-Agent: selenium/4.8.1 (java windows)
Cache-Control: no-cache
Content-Type: application/json; charset=utf-8
host: localhost:6210
accept: */*

Response DefaultHttpResponse(decodeResult: success, version: HTTP/1.1)
HTTP/1.1 404 Not Found
Content-Length: 836
Content-Type: application/json; charset=utf-8
cache-control: no-cache

10:13:31.876 [AsyncHttpClient-1-2] DEBUG org.asynchttpclient.netty.channel.ChannelManager - Adding key: http://localhost:6210 for channel [id: 0xede2ca95, L:/127.0.0.1:51904 - R:localhost/127.0.0.1:6210]
10:13:31.876 [Forwarding getCurrentUrl on session ba85bb47b3bbe105c406d2743fd3b7e1 to remote] DEBUG org.asynchttpclient.netty.request.NettyRequestSender - Using pooled Channel '[id: 0xede2ca95, L:/127.0.0.1:51904 - R:localhost/127.0.0.1:6210]' for 'GET' to 'http://localhost:6210/session/ba85bb47b3bbe105c406d2743fd3b7e1/url'
10:13:31.876 [Forwarding getCurrentUrl on session ba85bb47b3bbe105c406d2743fd3b7e1 to remote] DEBUG org.asynchttpclient.netty.request.NettyRequestSender - Using open Channel [id: 0xede2ca95, L:/127.0.0.1:51904 - R:localhost/127.0.0.1:6210] for GET '/session/ba85bb47b3bbe105c406d2743fd3b7e1/url'
10:13:31.881 [AsyncHttpClient-1-2] DEBUG org.asynchttpclient.netty.handler.HttpHandler - 

Request DefaultFullHttpRequest(decodeResult: success, version: HTTP/1.1, content: EmptyByteBufBE)
GET /session/ba85bb47b3bbe105c406d2743fd3b7e1/url HTTP/1.1
User-Agent: selenium/4.8.1 (java windows)
Cache-Control: no-cache
Content-Type: application/json; charset=utf-8
host: localhost:6210
accept: */*

Response DefaultHttpResponse(decodeResult: success, version: HTTP/1.1)
HTTP/1.1 200 OK
Content-Length: 41
Content-Type: application/json; charset=utf-8
cache-control: no-cache

10:13:31.881 [AsyncHttpClient-1-2] DEBUG org.asynchttpclient.netty.channel.ChannelManager - Adding key: http://localhost:6210 for channel [id: 0xede2ca95, L:/127.0.0.1:51904 - R:localhost/127.0.0.1:6210]
10:13:31.882 [Forwarding screenshot on session ba85bb47b3bbe105c406d2743fd3b7e1 to remote] DEBUG org.asynchttpclient.netty.request.NettyRequestSender - Using pooled Channel '[id: 0xede2ca95, L:/127.0.0.1:51904 - R:localhost/127.0.0.1:6210]' for 'GET' to 'http://localhost:6210/session/ba85bb47b3bbe105c406d2743fd3b7e1/screenshot'
10:13:31.882 [Forwarding screenshot on session ba85bb47b3bbe105c406d2743fd3b7e1 to remote] DEBUG org.asynchttpclient.netty.request.NettyRequestSender - Using open Channel [id: 0xede2ca95, L:/127.0.0.1:51904 - R:localhost/127.0.0.1:6210] for GET '/session/ba85bb47b3bbe105c406d2743fd3b7e1/screenshot'
10:13:31.984 [AsyncHttpClient-1-2] DEBUG org.asynchttpclient.netty.handler.HttpHandler - 

Request DefaultFullHttpRequest(decodeResult: success, version: HTTP/1.1, content: EmptyByteBufBE)
GET /session/ba85bb47b3bbe105c406d2743fd3b7e1/screenshot HTTP/1.1
User-Agent: selenium/4.8.1 (java windows)
Cache-Control: no-cache
Content-Type: application/json; charset=utf-8
host: localhost:6210
accept: */*

Response DefaultHttpResponse(decodeResult: success, version: HTTP/1.1)
HTTP/1.1 200 OK
Content-Length: 85460
Content-Type: application/json; charset=utf-8
cache-control: no-cache

10:13:31.984 [AsyncHttpClient-1-2] DEBUG org.asynchttpclient.netty.channel.ChannelManager - Adding key: http://localhost:6210 for channel [id: 0xede2ca95, L:/127.0.0.1:51904 - R:localhost/127.0.0.1:6210]
10:13:31.986 [main] DEBUG net.serenitybdd.core.photography.Darkroom - Send negative for processing for target\site\serenity\2acf6489d46706b690aaecc1913ac71b20c9f4ed296db2a48d65308386772acd.png
10:13:31.987 [main] DEBUG net.thucydides.core.steps.StepInterceptor - STEP DONE: clickBeliButton
  &amp#27;[32mWhen &amp#27;[0m&amp#27;[32mI click BELI button from the product&amp#27;[0m               &amp#27;[90m# starter.stepdefinitions.ProductSteps.clickBeliButton()&amp#27;[0m
10:13:31.987 [Darkroom Processing Line] DEBUG net.serenitybdd.core.photography.DarkroomProcessingLine - Processing screenshot image in /var/screenshots/screenshot-16952218560701343879
10:13:31.987 [Darkroom Processing Line] DEBUG net.serenitybdd.core.photography.DarkroomProcessingLine - Saving screenshot to target\site\serenity\2acf6489d46706b690aaecc1913ac71b20c9f4ed296db2a48d65308386772acd.png
10:13:31.992 [Forwarding getPageSource on session ba85bb47b3bbe105c406d2743fd3b7e1 to remote] DEBUG org.asynchttpclient.netty.request.NettyRequestSender - Using pooled Channel '[id: 0xede2ca95, L:/127.0.0.1:51904 - R:localhost/127.0.0.1:6210]' for 'POST' to 'http://localhost:6210/session/ba85bb47b3bbe105c406d2743fd3b7e1/execute/sync'
10:13:31.992 [Forwarding getPageSource on session ba85bb47b3bbe105c406d2743fd3b7e1 to remote] DEBUG org.asynchttpclient.netty.request.NettyRequestSender - Using open Channel [id: 0xede2ca95, L:/127.0.0.1:51904 - R:localhost/127.0.0.1:6210] for POST '/session/ba85bb47b3bbe105c406d2743fd3b7e1/execute/sync'
10:13:31.994 [AsyncHttpClient-1-1] DEBUG org.asynchttpclient.netty.channel.DefaultChannelPool - Entry count for : http://localhost:51905 : 1
10:13:32.011 [AsyncHttpClient-1-2] DEBUG org.asynchttpclient.netty.handler.HttpHandler - 

Request DefaultHttpRequest(decodeResult: success, version: HTTP/1.1)
POST /session/ba85bb47b3bbe105c406d2743fd3b7e1/execute/sync HTTP/1.1
User-Agent: selenium/4.8.1 (java windows)
Content-Length: 176
Content-Type: application/json; charset=utf-8
host: localhost:6210
accept: */*

Response DefaultHttpResponse(decodeResult: success, version: HTTP/1.1)
HTTP/1.1 200 OK
Content-Length: 290413
Content-Type: application/json; charset=utf-8
cache-control: no-cache

10:13:32.011 [AsyncHttpClient-1-2] DEBUG org.asynchttpclient.netty.channel.ChannelManager - Adding key: http://localhost:6210 for channel [id: 0xede2ca95, L:/127.0.0.1:51904 - R:localhost/127.0.0.1:6210]
10:13:32.027 [Forwarding getCurrentUrl on session ba85bb47b3bbe105c406d2743fd3b7e1 to remote] DEBUG org.asynchttpclient.netty.request.NettyRequestSender - Using pooled Channel '[id: 0xede2ca95, L:/127.0.0.1:51904 - R:localhost/127.0.0.1:6210]' for 'GET' to 'http://localhost:6210/session/ba85bb47b3bbe105c406d2743fd3b7e1/url'
10:13:32.027 [Forwarding getCurrentUrl on session ba85bb47b3bbe105c406d2743fd3b7e1 to remote] DEBUG org.asynchttpclient.netty.request.NettyRequestSender - Using open Channel [id: 0xede2ca95, L:/127.0.0.1:51904 - R:localhost/127.0.0.1:6210] for GET '/session/ba85bb47b3bbe105c406d2743fd3b7e1/url'
10:13:32.030 [AsyncHttpClient-1-2] DEBUG org.asynchttpclient.netty.handler.HttpHandler - 

Request DefaultFullHttpRequest(decodeResult: success, version: HTTP/1.1, content: EmptyByteBufBE)
GET /session/ba85bb47b3bbe105c406d2743fd3b7e1/url HTTP/1.1
User-Agent: selenium/4.8.1 (java windows)
Cache-Control: no-cache
Content-Type: application/json; charset=utf-8
host: localhost:6210
accept: */*

Response DefaultHttpResponse(decodeResult: success, version: HTTP/1.1)
HTTP/1.1 200 OK
Content-Length: 41
Content-Type: application/json; charset=utf-8
cache-control: no-cache

10:13:32.030 [AsyncHttpClient-1-2] DEBUG org.asynchttpclient.netty.channel.ChannelManager - Adding key: http://localhost:6210 for channel [id: 0xede2ca95, L:/127.0.0.1:51904 - R:localhost/127.0.0.1:6210]
10:13:32.048 [Forwarding getAlertText on session ba85bb47b3bbe105c406d2743fd3b7e1 to remote] DEBUG org.asynchttpclient.netty.request.NettyRequestSender - Using pooled Channel '[id: 0xede2ca95, L:/127.0.0.1:51904 - R:localhost/127.0.0.1:6210]' for 'GET' to 'http://localhost:6210/session/ba85bb47b3bbe105c406d2743fd3b7e1/alert/text'
10:13:32.048 [Forwarding getAlertText on session ba85bb47b3bbe105c406d2743fd3b7e1 to remote] DEBUG org.asynchttpclient.netty.request.NettyRequestSender - Using open Channel [id: 0xede2ca95, L:/127.0.0.1:51904 - R:localhost/127.0.0.1:6210] for GET '/session/ba85bb47b3bbe105c406d2743fd3b7e1/alert/text'
10:13:32.049 [AsyncHttpClient-1-2] DEBUG org.asynchttpclient.netty.handler.HttpHandler - 

Request DefaultFullHttpRequest(decodeResult: success, version: HTTP/1.1, content: EmptyByteBufBE)
GET /session/ba85bb47b3bbe105c406d2743fd3b7e1/alert/text HTTP/1.1
User-Agent: selenium/4.8.1 (java windows)
Cache-Control: no-cache
Content-Type: application/json; charset=utf-8
host: localhost:6210
accept: */*

Response DefaultHttpResponse(decodeResult: success, version: HTTP/1.1)
HTTP/1.1 404 Not Found
Content-Length: 836
Content-Type: application/json; charset=utf-8
cache-control: no-cache

10:13:32.050 [AsyncHttpClient-1-2] DEBUG org.asynchttpclient.netty.channel.ChannelManager - Adding key: http://localhost:6210 for channel [id: 0xede2ca95, L:/127.0.0.1:51904 - R:localhost/127.0.0.1:6210]
10:13:32.050 [Forwarding getCurrentUrl on session ba85bb47b3bbe105c406d2743fd3b7e1 to remote] DEBUG org.asynchttpclient.netty.request.NettyRequestSender - Using pooled Channel '[id: 0xede2ca95, L:/127.0.0.1:51904 - R:localhost/127.0.0.1:6210]' for 'GET' to 'http://localhost:6210/session/ba85bb47b3bbe105c406d2743fd3b7e1/url'
10:13:32.050 [Forwarding getCurrentUrl on session ba85bb47b3bbe105c406d2743fd3b7e1 to remote] DEBUG org.asynchttpclient.netty.request.NettyRequestSender - Using open Channel [id: 0xede2ca95, L:/127.0.0.1:51904 - R:localhost/127.0.0.1:6210] for GET '/session/ba85bb47b3bbe105c406d2743fd3b7e1/url'
10:13:32.053 [AsyncHttpClient-1-2] DEBUG org.asynchttpclient.netty.handler.HttpHandler - 

Request DefaultFullHttpRequest(decodeResult: success, version: HTTP/1.1, content: EmptyByteBufBE)
GET /session/ba85bb47b3bbe105c406d2743fd3b7e1/url HTTP/1.1
User-Agent: selenium/4.8.1 (java windows)
Cache-Control: no-cache
Content-Type: application/json; charset=utf-8
host: localhost:6210
accept: */*

Response DefaultHttpResponse(decodeResult: success, version: HTTP/1.1)
HTTP/1.1 200 OK
Content-Length: 41
Content-Type: application/json; charset=utf-8
cache-control: no-cache

10:13:32.053 [AsyncHttpClient-1-2] DEBUG org.asynchttpclient.netty.channel.ChannelManager - Adding key: http://localhost:6210 for channel [id: 0xede2ca95, L:/127.0.0.1:51904 - R:localhost/127.0.0.1:6210]
10:13:32.053 [Forwarding screenshot on session ba85bb47b3bbe105c406d2743fd3b7e1 to remote] DEBUG org.asynchttpclient.netty.request.NettyRequestSender - Using pooled Channel '[id: 0xede2ca95, L:/127.0.0.1:51904 - R:localhost/127.0.0.1:6210]' for 'GET' to 'http://localhost:6210/session/ba85bb47b3bbe105c406d2743fd3b7e1/screenshot'
10:13:32.053 [Forwarding screenshot on session ba85bb47b3bbe105c406d2743fd3b7e1 to remote] DEBUG org.asynchttpclient.netty.request.NettyRequestSender - Using open Channel [id: 0xede2ca95, L:/127.0.0.1:51904 - R:localhost/127.0.0.1:6210] for GET '/session/ba85bb47b3bbe105c406d2743fd3b7e1/screenshot'
10:13:32.171 [AsyncHttpClient-1-2] DEBUG org.asynchttpclient.netty.handler.HttpHandler - 

Request DefaultFullHttpRequest(decodeResult: success, version: HTTP/1.1, content: EmptyByteBufBE)
GET /session/ba85bb47b3bbe105c406d2743fd3b7e1/screenshot HTTP/1.1
User-Agent: selenium/4.8.1 (java windows)
Cache-Control: no-cache
Content-Type: application/json; charset=utf-8
host: localhost:6210
accept: */*

Response DefaultHttpResponse(decodeResult: success, version: HTTP/1.1)
HTTP/1.1 200 OK
Content-Length: 85736
Content-Type: application/json; charset=utf-8
cache-control: no-cache

10:13:32.171 [AsyncHttpClient-1-2] DEBUG org.asynchttpclient.netty.channel.ChannelManager - Adding key: http://localhost:6210 for channel [id: 0xede2ca95, L:/127.0.0.1:51904 - R:localhost/127.0.0.1:6210]
10:13:32.173 [main] DEBUG net.serenitybdd.core.photography.Darkroom - Send negative for processing for target\site\serenity\2124e8e47361db9fc361ca69acede46f4addfcd8a2561d6b88a7ac44da28f42a.png
10:13:32.173 [Darkroom Processing Line] DEBUG net.serenitybdd.core.photography.DarkroomProcessingLine - Processing screenshot image in /var/screenshots/screenshot-9125584247080242300
10:13:32.173 [Darkroom Processing Line] DEBUG net.serenitybdd.core.photography.DarkroomProcessingLine - Saving screenshot to target\site\serenity\2124e8e47361db9fc361ca69acede46f4addfcd8a2561d6b88a7ac44da28f42a.png
10:13:32.173 [Forwarding getPageSource on session ba85bb47b3bbe105c406d2743fd3b7e1 to remote] DEBUG org.asynchttpclient.netty.request.NettyRequestSender - Using pooled Channel '[id: 0xede2ca95, L:/127.0.0.1:51904 - R:localhost/127.0.0.1:6210]' for 'POST' to 'http://localhost:6210/session/ba85bb47b3bbe105c406d2743fd3b7e1/execute/sync'
10:13:32.173 [Forwarding getPageSource on session ba85bb47b3bbe105c406d2743fd3b7e1 to remote] DEBUG org.asynchttpclient.netty.request.NettyRequestSender - Using open Channel [id: 0xede2ca95, L:/127.0.0.1:51904 - R:localhost/127.0.0.1:6210] for POST '/session/ba85bb47b3bbe105c406d2743fd3b7e1/execute/sync'
10:13:32.189 [AsyncHttpClient-1-2] DEBUG org.asynchttpclient.netty.handler.HttpHandler - 

Request DefaultHttpRequest(decodeResult: success, version: HTTP/1.1)
POST /session/ba85bb47b3bbe105c406d2743fd3b7e1/execute/sync HTTP/1.1
User-Agent: selenium/4.8.1 (java windows)
Content-Length: 176
Content-Type: application/json; charset=utf-8
host: localhost:6210
accept: */*

Response DefaultHttpResponse(decodeResult: success, version: HTTP/1.1)
HTTP/1.1 200 OK
Content-Length: 290344
Content-Type: application/json; charset=utf-8
cache-control: no-cache

10:13:32.189 [AsyncHttpClient-1-2] DEBUG org.asynchttpclient.netty.channel.ChannelManager - Adding key: http://localhost:6210 for channel [id: 0xede2ca95, L:/127.0.0.1:51904 - R:localhost/127.0.0.1:6210]
10:13:32.206 [Forwarding getCurrentUrl on session ba85bb47b3bbe105c406d2743fd3b7e1 to remote] DEBUG org.asynchttpclient.netty.request.NettyRequestSender - Using pooled Channel '[id: 0xede2ca95, L:/127.0.0.1:51904 - R:localhost/127.0.0.1:6210]' for 'GET' to 'http://localhost:6210/session/ba85bb47b3bbe105c406d2743fd3b7e1/url'
10:13:32.206 [Forwarding getCurrentUrl on session ba85bb47b3bbe105c406d2743fd3b7e1 to remote] DEBUG org.asynchttpclient.netty.request.NettyRequestSender - Using open Channel [id: 0xede2ca95, L:/127.0.0.1:51904 - R:localhost/127.0.0.1:6210] for GET '/session/ba85bb47b3bbe105c406d2743fd3b7e1/url'
10:13:32.209 [AsyncHttpClient-1-2] DEBUG org.asynchttpclient.netty.handler.HttpHandler - 

Request DefaultFullHttpRequest(decodeResult: success, version: HTTP/1.1, content: EmptyByteBufBE)
GET /session/ba85bb47b3bbe105c406d2743fd3b7e1/url HTTP/1.1
User-Agent: selenium/4.8.1 (java windows)
Cache-Control: no-cache
Content-Type: application/json; charset=utf-8
host: localhost:6210
accept: */*

Response DefaultHttpResponse(decodeResult: success, version: HTTP/1.1)
HTTP/1.1 200 OK
Content-Length: 41
Content-Type: application/json; charset=utf-8
cache-control: no-cache

10:13:32.209 [AsyncHttpClient-1-2] DEBUG org.asynchttpclient.netty.channel.ChannelManager - Adding key: http://localhost:6210 for channel [id: 0xede2ca95, L:/127.0.0.1:51904 - R:localhost/127.0.0.1:6210]
10:13:32.210 [main] DEBUG net.thucydides.core.steps.StepInterceptor - STARTING STEP: TransactionSteps.clickCartIcon - clickCartIcon
10:13:32.212 [Forwarding findElement on session ba85bb47b3bbe105c406d2743fd3b7e1 to remote] DEBUG org.asynchttpclient.netty.request.NettyRequestSender - Using pooled Channel '[id: 0xede2ca95, L:/127.0.0.1:51904 - R:localhost/127.0.0.1:6210]' for 'POST' to 'http://localhost:6210/session/ba85bb47b3bbe105c406d2743fd3b7e1/element'
10:13:32.212 [Forwarding findElement on session ba85bb47b3bbe105c406d2743fd3b7e1 to remote] DEBUG org.asynchttpclient.netty.request.NettyRequestSender - Using open Channel [id: 0xede2ca95, L:/127.0.0.1:51904 - R:localhost/127.0.0.1:6210] for POST '/session/ba85bb47b3bbe105c406d2743fd3b7e1/element'
10:13:32.220 [AsyncHttpClient-1-2] DEBUG org.asynchttpclient.netty.handler.HttpHandler - 

Request DefaultHttpRequest(decodeResult: success, version: HTTP/1.1)
POST /session/ba85bb47b3bbe105c406d2743fd3b7e1/element HTTP/1.1
User-Agent: selenium/4.8.1 (java windows)
Content-Length: 65
Content-Type: application/json; charset=utf-8
host: localhost:6210
accept: */*

Response DefaultHttpResponse(decodeResult: success, version: HTTP/1.1)
HTTP/1.1 200 OK
Content-Length: 88
Content-Type: application/json; charset=utf-8
cache-control: no-cache

10:13:32.220 [AsyncHttpClient-1-2] DEBUG org.asynchttpclient.netty.channel.ChannelManager - Adding key: http://localhost:6210 for channel [id: 0xede2ca95, L:/127.0.0.1:51904 - R:localhost/127.0.0.1:6210]
10:13:32.220 [Forwarding getElementTagName on session ba85bb47b3bbe105c406d2743fd3b7e1 to remote] DEBUG org.asynchttpclient.netty.request.NettyRequestSender - Using pooled Channel '[id: 0xede2ca95, L:/127.0.0.1:51904 - R:localhost/127.0.0.1:6210]' for 'GET' to 'http://localhost:6210/session/ba85bb47b3bbe105c406d2743fd3b7e1/element/fa778df1-31d7-421c-b356-8809b00bd7d7/name'
10:13:32.220 [Forwarding getElementTagName on session ba85bb47b3bbe105c406d2743fd3b7e1 to remote] DEBUG org.asynchttpclient.netty.request.NettyRequestSender - Using open Channel [id: 0xede2ca95, L:/127.0.0.1:51904 - R:localhost/127.0.0.1:6210] for GET '/session/ba85bb47b3bbe105c406d2743fd3b7e1/element/fa778df1-31d7-421c-b356-8809b00bd7d7/name'
10:13:32.223 [AsyncHttpClient-1-2] DEBUG org.asynchttpclient.netty.handler.HttpHandler - 

Request DefaultFullHttpRequest(decodeResult: success, version: HTTP/1.1, content: EmptyByteBufBE)
GET /session/ba85bb47b3bbe105c406d2743fd3b7e1/element/fa778df1-31d7-421c-b356-8809b00bd7d7/name HTTP/1.1
User-Agent: selenium/4.8.1 (java windows)
Cache-Control: no-cache
Content-Type: application/json; charset=utf-8
host: localhost:6210
accept: */*

Response DefaultHttpResponse(decodeResult: success, version: HTTP/1.1)
HTTP/1.1 200 OK
Content-Length: 13
Content-Type: application/json; charset=utf-8
cache-control: no-cache

10:13:32.223 [AsyncHttpClient-1-2] DEBUG org.asynchttpclient.netty.channel.ChannelManager - Adding key: http://localhost:6210 for channel [id: 0xede2ca95, L:/127.0.0.1:51904 - R:localhost/127.0.0.1:6210]
10:13:32.223 [Forwarding getElementTagName on session ba85bb47b3bbe105c406d2743fd3b7e1 to remote] DEBUG org.asynchttpclient.netty.request.NettyRequestSender - Using pooled Channel '[id: 0xede2ca95, L:/127.0.0.1:51904 - R:localhost/127.0.0.1:6210]' for 'GET' to 'http://localhost:6210/session/ba85bb47b3bbe105c406d2743fd3b7e1/element/fa778df1-31d7-421c-b356-8809b00bd7d7/name'
10:13:32.223 [Forwarding getElementTagName on session ba85bb47b3bbe105c406d2743fd3b7e1 to remote] DEBUG org.asynchttpclient.netty.request.NettyRequestSender - Using open Channel [id: 0xede2ca95, L:/127.0.0.1:51904 - R:localhost/127.0.0.1:6210] for GET '/session/ba85bb47b3bbe105c406d2743fd3b7e1/element/fa778df1-31d7-421c-b356-8809b00bd7d7/name'
10:13:32.225 [AsyncHttpClient-1-2] DEBUG org.asynchttpclient.netty.handler.HttpHandler - 

Request DefaultFullHttpRequest(decodeResult: success, version: HTTP/1.1, content: EmptyByteBufBE)
GET /session/ba85bb47b3bbe105c406d2743fd3b7e1/element/fa778df1-31d7-421c-b356-8809b00bd7d7/name HTTP/1.1
User-Agent: selenium/4.8.1 (java windows)
Cache-Control: no-cache
Content-Type: application/json; charset=utf-8
host: localhost:6210
accept: */*

Response DefaultHttpResponse(decodeResult: success, version: HTTP/1.1)
HTTP/1.1 200 OK
Content-Length: 13
Content-Type: application/json; charset=utf-8
cache-control: no-cache

10:13:32.225 [AsyncHttpClient-1-2] DEBUG org.asynchttpclient.netty.channel.ChannelManager - Adding key: http://localhost:6210 for channel [id: 0xede2ca95, L:/127.0.0.1:51904 - R:localhost/127.0.0.1:6210]
10:13:32.226 [Forwarding findElement on session ba85bb47b3bbe105c406d2743fd3b7e1 to remote] DEBUG org.asynchttpclient.netty.request.NettyRequestSender - Using pooled Channel '[id: 0xede2ca95, L:/127.0.0.1:51904 - R:localhost/127.0.0.1:6210]' for 'POST' to 'http://localhost:6210/session/ba85bb47b3bbe105c406d2743fd3b7e1/element'
10:13:32.226 [Forwarding findElement on session ba85bb47b3bbe105c406d2743fd3b7e1 to remote] DEBUG org.asynchttpclient.netty.request.NettyRequestSender - Using open Channel [id: 0xede2ca95, L:/127.0.0.1:51904 - R:localhost/127.0.0.1:6210] for POST '/session/ba85bb47b3bbe105c406d2743fd3b7e1/element'
10:13:32.230 [AsyncHttpClient-1-2] DEBUG org.asynchttpclient.netty.handler.HttpHandler - 

Request DefaultHttpRequest(decodeResult: success, version: HTTP/1.1)
POST /session/ba85bb47b3bbe105c406d2743fd3b7e1/element HTTP/1.1
User-Agent: selenium/4.8.1 (java windows)
Content-Length: 65
Content-Type: application/json; charset=utf-8
host: localhost:6210
accept: */*

Response DefaultHttpResponse(decodeResult: success, version: HTTP/1.1)
HTTP/1.1 200 OK
Content-Length: 88
Content-Type: application/json; charset=utf-8
cache-control: no-cache

10:13:32.231 [AsyncHttpClient-1-2] DEBUG org.asynchttpclient.netty.channel.ChannelManager - Adding key: http://localhost:6210 for channel [id: 0xede2ca95, L:/127.0.0.1:51904 - R:localhost/127.0.0.1:6210]
10:13:32.231 [Forwarding clickElement on session ba85bb47b3bbe105c406d2743fd3b7e1 to remote] DEBUG org.asynchttpclient.netty.request.NettyRequestSender - Using pooled Channel '[id: 0xede2ca95, L:/127.0.0.1:51904 - R:localhost/127.0.0.1:6210]' for 'POST' to 'http://localhost:6210/session/ba85bb47b3bbe105c406d2743fd3b7e1/element/fa778df1-31d7-421c-b356-8809b00bd7d7/click'
10:13:32.231 [Forwarding clickElement on session ba85bb47b3bbe105c406d2743fd3b7e1 to remote] DEBUG org.asynchttpclient.netty.request.NettyRequestSender - Using open Channel [id: 0xede2ca95, L:/127.0.0.1:51904 - R:localhost/127.0.0.1:6210] for POST '/session/ba85bb47b3bbe105c406d2743fd3b7e1/element/fa778df1-31d7-421c-b356-8809b00bd7d7/click'
10:13:32.257 [AsyncHttpClient-1-2] DEBUG org.asynchttpclient.netty.handler.HttpHandler - 

Request DefaultHttpRequest(decodeResult: success, version: HTTP/1.1)
POST /session/ba85bb47b3bbe105c406d2743fd3b7e1/element/fa778df1-31d7-421c-b356-8809b00bd7d7/click HTTP/1.1
User-Agent: selenium/4.8.1 (java windows)
Content-Length: 50
Content-Type: application/json; charset=utf-8
host: localhost:6210
accept: */*

Response DefaultHttpResponse(decodeResult: success, version: HTTP/1.1)
HTTP/1.1 200 OK
Content-Length: 14
Content-Type: application/json; charset=utf-8
cache-control: no-cache

10:13:32.257 [AsyncHttpClient-1-2] DEBUG org.asynchttpclient.netty.channel.ChannelManager - Adding key: http://localhost:6210 for channel [id: 0xede2ca95, L:/127.0.0.1:51904 - R:localhost/127.0.0.1:6210]
10:13:32.263 [Forwarding getAlertText on session ba85bb47b3bbe105c406d2743fd3b7e1 to remote] DEBUG org.asynchttpclient.netty.request.NettyRequestSender - Using pooled Channel '[id: 0xede2ca95, L:/127.0.0.1:51904 - R:localhost/127.0.0.1:6210]' for 'GET' to 'http://localhost:6210/session/ba85bb47b3bbe105c406d2743fd3b7e1/alert/text'
10:13:32.263 [Forwarding getAlertText on session ba85bb47b3bbe105c406d2743fd3b7e1 to remote] DEBUG org.asynchttpclient.netty.request.NettyRequestSender - Using open Channel [id: 0xede2ca95, L:/127.0.0.1:51904 - R:localhost/127.0.0.1:6210] for GET '/session/ba85bb47b3bbe105c406d2743fd3b7e1/alert/text'
10:13:32.321 [AsyncHttpClient-1-2] DEBUG org.asynchttpclient.netty.handler.HttpHandler - 

Request DefaultFullHttpRequest(decodeResult: success, version: HTTP/1.1, content: EmptyByteBufBE)
GET /session/ba85bb47b3bbe105c406d2743fd3b7e1/alert/text HTTP/1.1
User-Agent: selenium/4.8.1 (java windows)
Cache-Control: no-cache
Content-Type: application/json; charset=utf-8
host: localhost:6210
accept: */*

Response DefaultHttpResponse(decodeResult: success, version: HTTP/1.1)
HTTP/1.1 404 Not Found
Content-Length: 836
Content-Type: application/json; charset=utf-8
cache-control: no-cache

10:13:32.321 [AsyncHttpClient-1-2] DEBUG org.asynchttpclient.netty.channel.ChannelManager - Adding key: http://localhost:6210 for channel [id: 0xede2ca95, L:/127.0.0.1:51904 - R:localhost/127.0.0.1:6210]
10:13:32.321 [Forwarding getCurrentUrl on session ba85bb47b3bbe105c406d2743fd3b7e1 to remote] DEBUG org.asynchttpclient.netty.request.NettyRequestSender - Using pooled Channel '[id: 0xede2ca95, L:/127.0.0.1:51904 - R:localhost/127.0.0.1:6210]' for 'GET' to 'http://localhost:6210/session/ba85bb47b3bbe105c406d2743fd3b7e1/url'
10:13:32.321 [Forwarding getCurrentUrl on session ba85bb47b3bbe105c406d2743fd3b7e1 to remote] DEBUG org.asynchttpclient.netty.request.NettyRequestSender - Using open Channel [id: 0xede2ca95, L:/127.0.0.1:51904 - R:localhost/127.0.0.1:6210] for GET '/session/ba85bb47b3bbe105c406d2743fd3b7e1/url'
10:13:32.324 [AsyncHttpClient-1-2] DEBUG org.asynchttpclient.netty.handler.HttpHandler - 

Request DefaultFullHttpRequest(decodeResult: success, version: HTTP/1.1, content: EmptyByteBufBE)
GET /session/ba85bb47b3bbe105c406d2743fd3b7e1/url HTTP/1.1
User-Agent: selenium/4.8.1 (java windows)
Cache-Control: no-cache
Content-Type: application/json; charset=utf-8
host: localhost:6210
accept: */*

Response DefaultHttpResponse(decodeResult: success, version: HTTP/1.1)
HTTP/1.1 200 OK
Content-Length: 46
Content-Type: application/json; charset=utf-8
cache-control: no-cache

10:13:32.324 [AsyncHttpClient-1-2] DEBUG org.asynchttpclient.netty.channel.ChannelManager - Adding key: http://localhost:6210 for channel [id: 0xede2ca95, L:/127.0.0.1:51904 - R:localhost/127.0.0.1:6210]
10:13:32.325 [Forwarding screenshot on session ba85bb47b3bbe105c406d2743fd3b7e1 to remote] DEBUG org.asynchttpclient.netty.request.NettyRequestSender - Using pooled Channel '[id: 0xede2ca95, L:/127.0.0.1:51904 - R:localhost/127.0.0.1:6210]' for 'GET' to 'http://localhost:6210/session/ba85bb47b3bbe105c406d2743fd3b7e1/screenshot'
10:13:32.325 [Forwarding screenshot on session ba85bb47b3bbe105c406d2743fd3b7e1 to remote] DEBUG org.asynchttpclient.netty.request.NettyRequestSender - Using open Channel [id: 0xede2ca95, L:/127.0.0.1:51904 - R:localhost/127.0.0.1:6210] for GET '/session/ba85bb47b3bbe105c406d2743fd3b7e1/screenshot'
10:13:32.438 [AsyncHttpClient-1-2] DEBUG org.asynchttpclient.netty.handler.HttpHandler - 

Request DefaultFullHttpRequest(decodeResult: success, version: HTTP/1.1, content: EmptyByteBufBE)
GET /session/ba85bb47b3bbe105c406d2743fd3b7e1/screenshot HTTP/1.1
User-Agent: selenium/4.8.1 (java windows)
Cache-Control: no-cache
Content-Type: application/json; charset=utf-8
host: localhost:6210
accept: */*

Response DefaultHttpResponse(decodeResult: success, version: HTTP/1.1)
HTTP/1.1 200 OK
Content-Length: 39776
Content-Type: application/json; charset=utf-8
cache-control: no-cache

10:13:32.438 [AsyncHttpClient-1-2] DEBUG org.asynchttpclient.netty.channel.ChannelManager - Adding key: http://localhost:6210 for channel [id: 0xede2ca95, L:/127.0.0.1:51904 - R:localhost/127.0.0.1:6210]
10:13:32.439 [main] DEBUG net.serenitybdd.core.photography.Darkroom - Send negative for processing for target\site\serenity\f2deee2a0b91a0aa8a2bbfb752290e6de992d4ee10ad7865ba8f3985121225a2.png
10:13:32.440 [main] DEBUG net.thucydides.core.steps.StepInterceptor - STEP DONE: clickCartIcon
  &amp#27;[32mAnd &amp#27;[0m&amp#27;[32mI click cart icon&amp#27;[0m                                   &amp#27;[90m# starter.stepdefinitions.TransactionSteps.clickCartIcon()&amp#27;[0m
10:13:32.440 [Darkroom Processing Line] DEBUG net.serenitybdd.core.photography.DarkroomProcessingLine - Processing screenshot image in /var/screenshots/screenshot-4461761479069524257
10:13:32.440 [Darkroom Processing Line] DEBUG net.serenitybdd.core.photography.DarkroomProcessingLine - Saving screenshot to target\site\serenity\f2deee2a0b91a0aa8a2bbfb752290e6de992d4ee10ad7865ba8f3985121225a2.png
10:13:32.445 [Forwarding getPageSource on session ba85bb47b3bbe105c406d2743fd3b7e1 to remote] DEBUG org.asynchttpclient.netty.request.NettyRequestSender - Using pooled Channel '[id: 0xede2ca95, L:/127.0.0.1:51904 - R:localhost/127.0.0.1:6210]' for 'POST' to 'http://localhost:6210/session/ba85bb47b3bbe105c406d2743fd3b7e1/execute/sync'
10:13:32.445 [Forwarding getPageSource on session ba85bb47b3bbe105c406d2743fd3b7e1 to remote] DEBUG org.asynchttpclient.netty.request.NettyRequestSender - Using open Channel [id: 0xede2ca95, L:/127.0.0.1:51904 - R:localhost/127.0.0.1:6210] for POST '/session/ba85bb47b3bbe105c406d2743fd3b7e1/execute/sync'
10:13:32.448 [AsyncHttpClient-1-2] DEBUG org.asynchttpclient.netty.handler.HttpHandler - 

Request DefaultHttpRequest(decodeResult: success, version: HTTP/1.1)
POST /session/ba85bb47b3bbe105c406d2743fd3b7e1/execute/sync HTTP/1.1
User-Agent: selenium/4.8.1 (java windows)
Content-Length: 176
Content-Type: application/json; charset=utf-8
host: localhost:6210
accept: */*

Response DefaultHttpResponse(decodeResult: success, version: HTTP/1.1)
HTTP/1.1 200 OK
Content-Length: 22300
Content-Type: application/json; charset=utf-8
cache-control: no-cache

10:13:32.448 [AsyncHttpClient-1-2] DEBUG org.asynchttpclient.netty.channel.ChannelManager - Adding key: http://localhost:6210 for channel [id: 0xede2ca95, L:/127.0.0.1:51904 - R:localhost/127.0.0.1:6210]
10:13:32.450 [Forwarding getCurrentUrl on session ba85bb47b3bbe105c406d2743fd3b7e1 to remote] DEBUG org.asynchttpclient.netty.request.NettyRequestSender - Using pooled Channel '[id: 0xede2ca95, L:/127.0.0.1:51904 - R:localhost/127.0.0.1:6210]' for 'GET' to 'http://localhost:6210/session/ba85bb47b3bbe105c406d2743fd3b7e1/url'
10:13:32.450 [Forwarding getCurrentUrl on session ba85bb47b3bbe105c406d2743fd3b7e1 to remote] DEBUG org.asynchttpclient.netty.request.NettyRequestSender - Using open Channel [id: 0xede2ca95, L:/127.0.0.1:51904 - R:localhost/127.0.0.1:6210] for GET '/session/ba85bb47b3bbe105c406d2743fd3b7e1/url'
10:13:32.452 [AsyncHttpClient-1-2] DEBUG org.asynchttpclient.netty.handler.HttpHandler - 

Request DefaultFullHttpRequest(decodeResult: success, version: HTTP/1.1, content: EmptyByteBufBE)
GET /session/ba85bb47b3bbe105c406d2743fd3b7e1/url HTTP/1.1
User-Agent: selenium/4.8.1 (java windows)
Cache-Control: no-cache
Content-Type: application/json; charset=utf-8
host: localhost:6210
accept: */*

Response DefaultHttpResponse(decodeResult: success, version: HTTP/1.1)
HTTP/1.1 200 OK
Content-Length: 46
Content-Type: application/json; charset=utf-8
cache-control: no-cache

10:13:32.452 [AsyncHttpClient-1-2] DEBUG org.asynchttpclient.netty.channel.ChannelManager - Adding key: http://localhost:6210 for channel [id: 0xede2ca95, L:/127.0.0.1:51904 - R:localhost/127.0.0.1:6210]
10:13:32.458 [Forwarding getPageSource on session ba85bb47b3bbe105c406d2743fd3b7e1 to remote] DEBUG org.asynchttpclient.netty.request.NettyRequestSender - Using pooled Channel '[id: 0xede2ca95, L:/127.0.0.1:51904 - R:localhost/127.0.0.1:6210]' for 'POST' to 'http://localhost:6210/session/ba85bb47b3bbe105c406d2743fd3b7e1/execute/sync'
10:13:32.458 [Forwarding getPageSource on session ba85bb47b3bbe105c406d2743fd3b7e1 to remote] DEBUG org.asynchttpclient.netty.request.NettyRequestSender - Using open Channel [id: 0xede2ca95, L:/127.0.0.1:51904 - R:localhost/127.0.0.1:6210] for POST '/session/ba85bb47b3bbe105c406d2743fd3b7e1/execute/sync'
10:13:32.463 [AsyncHttpClient-1-2] DEBUG org.asynchttpclient.netty.handler.HttpHandler - 

Request DefaultHttpRequest(decodeResult: success, version: HTTP/1.1)
POST /session/ba85bb47b3bbe105c406d2743fd3b7e1/execute/sync HTTP/1.1
User-Agent: selenium/4.8.1 (java windows)
Content-Length: 176
Content-Type: application/json; charset=utf-8
host: localhost:6210
accept: */*

Response DefaultHttpResponse(decodeResult: success, version: HTTP/1.1)
HTTP/1.1 200 OK
Content-Length: 22300
Content-Type: application/json; charset=utf-8
cache-control: no-cache

10:13:32.463 [AsyncHttpClient-1-2] DEBUG org.asynchttpclient.netty.channel.ChannelManager - Adding key: http://localhost:6210 for channel [id: 0xede2ca95, L:/127.0.0.1:51904 - R:localhost/127.0.0.1:6210]
10:13:32.464 [Forwarding getCurrentUrl on session ba85bb47b3bbe105c406d2743fd3b7e1 to remote] DEBUG org.asynchttpclient.netty.request.NettyRequestSender - Using pooled Channel '[id: 0xede2ca95, L:/127.0.0.1:51904 - R:localhost/127.0.0.1:6210]' for 'GET' to 'http://localhost:6210/session/ba85bb47b3bbe105c406d2743fd3b7e1/url'
10:13:32.464 [Forwarding getCurrentUrl on session ba85bb47b3bbe105c406d2743fd3b7e1 to remote] DEBUG org.asynchttpclient.netty.request.NettyRequestSender - Using open Channel [id: 0xede2ca95, L:/127.0.0.1:51904 - R:localhost/127.0.0.1:6210] for GET '/session/ba85bb47b3bbe105c406d2743fd3b7e1/url'
10:13:32.467 [AsyncHttpClient-1-2] DEBUG org.asynchttpclient.netty.handler.HttpHandler - 

Request DefaultFullHttpRequest(decodeResult: success, version: HTTP/1.1, content: EmptyByteBufBE)
GET /session/ba85bb47b3bbe105c406d2743fd3b7e1/url HTTP/1.1
User-Agent: selenium/4.8.1 (java windows)
Cache-Control: no-cache
Content-Type: application/json; charset=utf-8
host: localhost:6210
accept: */*

Response DefaultHttpResponse(decodeResult: success, version: HTTP/1.1)
HTTP/1.1 200 OK
Content-Length: 46
Content-Type: application/json; charset=utf-8
cache-control: no-cache

10:13:32.467 [AsyncHttpClient-1-2] DEBUG org.asynchttpclient.netty.channel.ChannelManager - Adding key: http://localhost:6210 for channel [id: 0xede2ca95, L:/127.0.0.1:51904 - R:localhost/127.0.0.1:6210]
10:13:32.468 [main] DEBUG net.thucydides.core.steps.StepInterceptor - STARTING STEP: TransactionSteps.clickBayarButton - clickBayarButton
10:13:32.472 [Forwarding findElement on session ba85bb47b3bbe105c406d2743fd3b7e1 to remote] DEBUG org.asynchttpclient.netty.request.NettyRequestSender - Using pooled Channel '[id: 0xede2ca95, L:/127.0.0.1:51904 - R:localhost/127.0.0.1:6210]' for 'POST' to 'http://localhost:6210/session/ba85bb47b3bbe105c406d2743fd3b7e1/element'
10:13:32.472 [Forwarding findElement on session ba85bb47b3bbe105c406d2743fd3b7e1 to remote] DEBUG org.asynchttpclient.netty.request.NettyRequestSender - Using open Channel [id: 0xede2ca95, L:/127.0.0.1:51904 - R:localhost/127.0.0.1:6210] for POST '/session/ba85bb47b3bbe105c406d2743fd3b7e1/element'
10:13:32.482 [AsyncHttpClient-1-2] DEBUG org.asynchttpclient.netty.handler.HttpHandler - 

Request DefaultHttpRequest(decodeResult: success, version: HTTP/1.1)
POST /session/ba85bb47b3bbe105c406d2743fd3b7e1/element HTTP/1.1
User-Agent: selenium/4.8.1 (java windows)
Content-Length: 59
Content-Type: application/json; charset=utf-8
host: localhost:6210
accept: */*

Response DefaultHttpResponse(decodeResult: success, version: HTTP/1.1)
HTTP/1.1 200 OK
Content-Length: 88
Content-Type: application/json; charset=utf-8
cache-control: no-cache

10:13:32.482 [AsyncHttpClient-1-2] DEBUG org.asynchttpclient.netty.channel.ChannelManager - Adding key: http://localhost:6210 for channel [id: 0xede2ca95, L:/127.0.0.1:51904 - R:localhost/127.0.0.1:6210]
10:13:32.483 [Forwarding getElementTagName on session ba85bb47b3bbe105c406d2743fd3b7e1 to remote] DEBUG org.asynchttpclient.netty.request.NettyRequestSender - Using pooled Channel '[id: 0xede2ca95, L:/127.0.0.1:51904 - R:localhost/127.0.0.1:6210]' for 'GET' to 'http://localhost:6210/session/ba85bb47b3bbe105c406d2743fd3b7e1/element/a550dcd7-c212-4c92-971f-2e2df247bf1e/name'
10:13:32.483 [Forwarding getElementTagName on session ba85bb47b3bbe105c406d2743fd3b7e1 to remote] DEBUG org.asynchttpclient.netty.request.NettyRequestSender - Using open Channel [id: 0xede2ca95, L:/127.0.0.1:51904 - R:localhost/127.0.0.1:6210] for GET '/session/ba85bb47b3bbe105c406d2743fd3b7e1/element/a550dcd7-c212-4c92-971f-2e2df247bf1e/name'
10:13:32.486 [AsyncHttpClient-1-2] DEBUG org.asynchttpclient.netty.handler.HttpHandler - 

Request DefaultFullHttpRequest(decodeResult: success, version: HTTP/1.1, content: EmptyByteBufBE)
GET /session/ba85bb47b3bbe105c406d2743fd3b7e1/element/a550dcd7-c212-4c92-971f-2e2df247bf1e/name HTTP/1.1
User-Agent: selenium/4.8.1 (java windows)
Cache-Control: no-cache
Content-Type: application/json; charset=utf-8
host: localhost:6210
accept: */*

Response DefaultHttpResponse(decodeResult: success, version: HTTP/1.1)
HTTP/1.1 200 OK
Content-Length: 18
Content-Type: application/json; charset=utf-8
cache-control: no-cache

10:13:32.486 [AsyncHttpClient-1-2] DEBUG org.asynchttpclient.netty.channel.ChannelManager - Adding key: http://localhost:6210 for channel [id: 0xede2ca95, L:/127.0.0.1:51904 - R:localhost/127.0.0.1:6210]
10:13:32.487 [Forwarding getElementTagName on session ba85bb47b3bbe105c406d2743fd3b7e1 to remote] DEBUG org.asynchttpclient.netty.request.NettyRequestSender - Using pooled Channel '[id: 0xede2ca95, L:/127.0.0.1:51904 - R:localhost/127.0.0.1:6210]' for 'GET' to 'http://localhost:6210/session/ba85bb47b3bbe105c406d2743fd3b7e1/element/a550dcd7-c212-4c92-971f-2e2df247bf1e/name'
10:13:32.487 [Forwarding getElementTagName on session ba85bb47b3bbe105c406d2743fd3b7e1 to remote] DEBUG org.asynchttpclient.netty.request.NettyRequestSender - Using open Channel [id: 0xede2ca95, L:/127.0.0.1:51904 - R:localhost/127.0.0.1:6210] for GET '/session/ba85bb47b3bbe105c406d2743fd3b7e1/element/a550dcd7-c212-4c92-971f-2e2df247bf1e/name'
10:13:32.489 [AsyncHttpClient-1-2] DEBUG org.asynchttpclient.netty.handler.HttpHandler - 

Request DefaultFullHttpRequest(decodeResult: success, version: HTTP/1.1, content: EmptyByteBufBE)
GET /session/ba85bb47b3bbe105c406d2743fd3b7e1/element/a550dcd7-c212-4c92-971f-2e2df247bf1e/name HTTP/1.1
User-Agent: selenium/4.8.1 (java windows)
Cache-Control: no-cache
Content-Type: application/json; charset=utf-8
host: localhost:6210
accept: */*

Response DefaultHttpResponse(decodeResult: success, version: HTTP/1.1)
HTTP/1.1 200 OK
Content-Length: 18
Content-Type: application/json; charset=utf-8
cache-control: no-cache

10:13:32.489 [AsyncHttpClient-1-2] DEBUG org.asynchttpclient.netty.channel.ChannelManager - Adding key: http://localhost:6210 for channel [id: 0xede2ca95, L:/127.0.0.1:51904 - R:localhost/127.0.0.1:6210]
10:13:32.490 [Forwarding isElementEnabled on session ba85bb47b3bbe105c406d2743fd3b7e1 to remote] DEBUG org.asynchttpclient.netty.request.NettyRequestSender - Using pooled Channel '[id: 0xede2ca95, L:/127.0.0.1:51904 - R:localhost/127.0.0.1:6210]' for 'GET' to 'http://localhost:6210/session/ba85bb47b3bbe105c406d2743fd3b7e1/element/a550dcd7-c212-4c92-971f-2e2df247bf1e/enabled'
10:13:32.490 [Forwarding isElementEnabled on session ba85bb47b3bbe105c406d2743fd3b7e1 to remote] DEBUG org.asynchttpclient.netty.request.NettyRequestSender - Using open Channel [id: 0xede2ca95, L:/127.0.0.1:51904 - R:localhost/127.0.0.1:6210] for GET '/session/ba85bb47b3bbe105c406d2743fd3b7e1/element/a550dcd7-c212-4c92-971f-2e2df247bf1e/enabled'
10:13:32.496 [AsyncHttpClient-1-2] DEBUG org.asynchttpclient.netty.handler.HttpHandler - 

Request DefaultFullHttpRequest(decodeResult: success, version: HTTP/1.1, content: EmptyByteBufBE)
GET /session/ba85bb47b3bbe105c406d2743fd3b7e1/element/a550dcd7-c212-4c92-971f-2e2df247bf1e/enabled HTTP/1.1
User-Agent: selenium/4.8.1 (java windows)
Cache-Control: no-cache
Content-Type: application/json; charset=utf-8
host: localhost:6210
accept: */*

Response DefaultHttpResponse(decodeResult: success, version: HTTP/1.1)
HTTP/1.1 200 OK
Content-Length: 14
Content-Type: application/json; charset=utf-8
cache-control: no-cache

10:13:32.496 [AsyncHttpClient-1-2] DEBUG org.asynchttpclient.netty.channel.ChannelManager - Adding key: http://localhost:6210 for channel [id: 0xede2ca95, L:/127.0.0.1:51904 - R:localhost/127.0.0.1:6210]
10:13:32.497 [Forwarding isElementEnabled on session ba85bb47b3bbe105c406d2743fd3b7e1 to remote] DEBUG org.asynchttpclient.netty.request.NettyRequestSender - Using pooled Channel '[id: 0xede2ca95, L:/127.0.0.1:51904 - R:localhost/127.0.0.1:6210]' for 'GET' to 'http://localhost:6210/session/ba85bb47b3bbe105c406d2743fd3b7e1/element/a550dcd7-c212-4c92-971f-2e2df247bf1e/enabled'
10:13:32.497 [Forwarding isElementEnabled on session ba85bb47b3bbe105c406d2743fd3b7e1 to remote] DEBUG org.asynchttpclient.netty.request.NettyRequestSender - Using open Channel [id: 0xede2ca95, L:/127.0.0.1:51904 - R:localhost/127.0.0.1:6210] for GET '/session/ba85bb47b3bbe105c406d2743fd3b7e1/element/a550dcd7-c212-4c92-971f-2e2df247bf1e/enabled'
10:13:32.500 [AsyncHttpClient-1-2] DEBUG org.asynchttpclient.netty.handler.HttpHandler - 

Request DefaultFullHttpRequest(decodeResult: success, version: HTTP/1.1, content: EmptyByteBufBE)
GET /session/ba85bb47b3bbe105c406d2743fd3b7e1/element/a550dcd7-c212-4c92-971f-2e2df247bf1e/enabled HTTP/1.1
User-Agent: selenium/4.8.1 (java windows)
Cache-Control: no-cache
Content-Type: application/json; charset=utf-8
host: localhost:6210
accept: */*

Response DefaultHttpResponse(decodeResult: success, version: HTTP/1.1)
HTTP/1.1 200 OK
Content-Length: 14
Content-Type: application/json; charset=utf-8
cache-control: no-cache

10:13:32.500 [AsyncHttpClient-1-2] DEBUG org.asynchttpclient.netty.channel.ChannelManager - Adding key: http://localhost:6210 for channel [id: 0xede2ca95, L:/127.0.0.1:51904 - R:localhost/127.0.0.1:6210]
10:13:32.501 [Forwarding findElement on session ba85bb47b3bbe105c406d2743fd3b7e1 to remote] DEBUG org.asynchttpclient.netty.request.NettyRequestSender - Using pooled Channel '[id: 0xede2ca95, L:/127.0.0.1:51904 - R:localhost/127.0.0.1:6210]' for 'POST' to 'http://localhost:6210/session/ba85bb47b3bbe105c406d2743fd3b7e1/element'
10:13:32.501 [Forwarding findElement on session ba85bb47b3bbe105c406d2743fd3b7e1 to remote] DEBUG org.asynchttpclient.netty.request.NettyRequestSender - Using open Channel [id: 0xede2ca95, L:/127.0.0.1:51904 - R:localhost/127.0.0.1:6210] for POST '/session/ba85bb47b3bbe105c406d2743fd3b7e1/element'
10:13:32.506 [AsyncHttpClient-1-2] DEBUG org.asynchttpclient.netty.handler.HttpHandler - 

Request DefaultHttpRequest(decodeResult: success, version: HTTP/1.1)
POST /session/ba85bb47b3bbe105c406d2743fd3b7e1/element HTTP/1.1
User-Agent: selenium/4.8.1 (java windows)
Content-Length: 59
Content-Type: application/json; charset=utf-8
host: localhost:6210
accept: */*

Response DefaultHttpResponse(decodeResult: success, version: HTTP/1.1)
HTTP/1.1 200 OK
Content-Length: 88
Content-Type: application/json; charset=utf-8
cache-control: no-cache

10:13:32.506 [AsyncHttpClient-1-2] DEBUG org.asynchttpclient.netty.channel.ChannelManager - Adding key: http://localhost:6210 for channel [id: 0xede2ca95, L:/127.0.0.1:51904 - R:localhost/127.0.0.1:6210]
10:13:32.507 [Forwarding clickElement on session ba85bb47b3bbe105c406d2743fd3b7e1 to remote] DEBUG org.asynchttpclient.netty.request.NettyRequestSender - Using pooled Channel '[id: 0xede2ca95, L:/127.0.0.1:51904 - R:localhost/127.0.0.1:6210]' for 'POST' to 'http://localhost:6210/session/ba85bb47b3bbe105c406d2743fd3b7e1/element/a550dcd7-c212-4c92-971f-2e2df247bf1e/click'
10:13:32.507 [Forwarding clickElement on session ba85bb47b3bbe105c406d2743fd3b7e1 to remote] DEBUG org.asynchttpclient.netty.request.NettyRequestSender - Using open Channel [id: 0xede2ca95, L:/127.0.0.1:51904 - R:localhost/127.0.0.1:6210] for POST '/session/ba85bb47b3bbe105c406d2743fd3b7e1/element/a550dcd7-c212-4c92-971f-2e2df247bf1e/click'
10:13:32.531 [AsyncHttpClient-1-2] DEBUG org.asynchttpclient.netty.handler.HttpHandler - 

Request DefaultHttpRequest(decodeResult: success, version: HTTP/1.1)
POST /session/ba85bb47b3bbe105c406d2743fd3b7e1/element/a550dcd7-c212-4c92-971f-2e2df247bf1e/click HTTP/1.1
User-Agent: selenium/4.8.1 (java windows)
Content-Length: 50
Content-Type: application/json; charset=utf-8
host: localhost:6210
accept: */*

Response DefaultHttpResponse(decodeResult: success, version: HTTP/1.1)
HTTP/1.1 200 OK
Content-Length: 14
Content-Type: application/json; charset=utf-8
cache-control: no-cache

10:13:32.531 [AsyncHttpClient-1-2] DEBUG org.asynchttpclient.netty.channel.ChannelManager - Adding key: http://localhost:6210 for channel [id: 0xede2ca95, L:/127.0.0.1:51904 - R:localhost/127.0.0.1:6210]
10:13:32.534 [Forwarding getAlertText on session ba85bb47b3bbe105c406d2743fd3b7e1 to remote] DEBUG org.asynchttpclient.netty.request.NettyRequestSender - Using pooled Channel '[id: 0xede2ca95, L:/127.0.0.1:51904 - R:localhost/127.0.0.1:6210]' for 'GET' to 'http://localhost:6210/session/ba85bb47b3bbe105c406d2743fd3b7e1/alert/text'
10:13:32.535 [Forwarding getAlertText on session ba85bb47b3bbe105c406d2743fd3b7e1 to remote] DEBUG org.asynchttpclient.netty.request.NettyRequestSender - Using open Channel [id: 0xede2ca95, L:/127.0.0.1:51904 - R:localhost/127.0.0.1:6210] for GET '/session/ba85bb47b3bbe105c406d2743fd3b7e1/alert/text'
10:13:32.558 [AsyncHttpClient-1-2] DEBUG org.asynchttpclient.netty.handler.HttpHandler - 

Request DefaultFullHttpRequest(decodeResult: success, version: HTTP/1.1, content: EmptyByteBufBE)
GET /session/ba85bb47b3bbe105c406d2743fd3b7e1/alert/text HTTP/1.1
User-Agent: selenium/4.8.1 (java windows)
Cache-Control: no-cache
Content-Type: application/json; charset=utf-8
host: localhost:6210
accept: */*

Response DefaultHttpResponse(decodeResult: success, version: HTTP/1.1)
HTTP/1.1 404 Not Found
Content-Length: 836
Content-Type: application/json; charset=utf-8
cache-control: no-cache

10:13:32.558 [AsyncHttpClient-1-2] DEBUG org.asynchttpclient.netty.channel.ChannelManager - Adding key: http://localhost:6210 for channel [id: 0xede2ca95, L:/127.0.0.1:51904 - R:localhost/127.0.0.1:6210]
10:13:32.559 [Forwarding getCurrentUrl on session ba85bb47b3bbe105c406d2743fd3b7e1 to remote] DEBUG org.asynchttpclient.netty.request.NettyRequestSender - Using pooled Channel '[id: 0xede2ca95, L:/127.0.0.1:51904 - R:localhost/127.0.0.1:6210]' for 'GET' to 'http://localhost:6210/session/ba85bb47b3bbe105c406d2743fd3b7e1/url'
10:13:32.559 [Forwarding getCurrentUrl on session ba85bb47b3bbe105c406d2743fd3b7e1 to remote] DEBUG org.asynchttpclient.netty.request.NettyRequestSender - Using open Channel [id: 0xede2ca95, L:/127.0.0.1:51904 - R:localhost/127.0.0.1:6210] for GET '/session/ba85bb47b3bbe105c406d2743fd3b7e1/url'
10:13:32.561 [AsyncHttpClient-1-2] DEBUG org.asynchttpclient.netty.handler.HttpHandler - 

Request DefaultFullHttpRequest(decodeResult: success, version: HTTP/1.1, content: EmptyByteBufBE)
GET /session/ba85bb47b3bbe105c406d2743fd3b7e1/url HTTP/1.1
User-Agent: selenium/4.8.1 (java windows)
Cache-Control: no-cache
Content-Type: application/json; charset=utf-8
host: localhost:6210
accept: */*

Response DefaultHttpResponse(decodeResult: success, version: HTTP/1.1)
HTTP/1.1 200 OK
Content-Length: 113
Content-Type: application/json; charset=utf-8
cache-control: no-cache

10:13:32.562 [AsyncHttpClient-1-2] DEBUG org.asynchttpclient.netty.channel.ChannelManager - Adding key: http://localhost:6210 for channel [id: 0xede2ca95, L:/127.0.0.1:51904 - R:localhost/127.0.0.1:6210]
10:13:32.562 [Forwarding screenshot on session ba85bb47b3bbe105c406d2743fd3b7e1 to remote] DEBUG org.asynchttpclient.netty.request.NettyRequestSender - Using pooled Channel '[id: 0xede2ca95, L:/127.0.0.1:51904 - R:localhost/127.0.0.1:6210]' for 'GET' to 'http://localhost:6210/session/ba85bb47b3bbe105c406d2743fd3b7e1/screenshot'
10:13:32.562 [Forwarding screenshot on session ba85bb47b3bbe105c406d2743fd3b7e1 to remote] DEBUG org.asynchttpclient.netty.request.NettyRequestSender - Using open Channel [id: 0xede2ca95, L:/127.0.0.1:51904 - R:localhost/127.0.0.1:6210] for GET '/session/ba85bb47b3bbe105c406d2743fd3b7e1/screenshot'
10:13:32.809 [AsyncHttpClient-1-2] DEBUG org.asynchttpclient.netty.handler.HttpHandler - 

Request DefaultFullHttpRequest(decodeResult: success, version: HTTP/1.1, content: EmptyByteBufBE)
GET /session/ba85bb47b3bbe105c406d2743fd3b7e1/screenshot HTTP/1.1
User-Agent: selenium/4.8.1 (java windows)
Cache-Control: no-cache
Content-Type: application/json; charset=utf-8
host: localhost:6210
accept: */*

Response DefaultHttpResponse(decodeResult: success, version: HTTP/1.1)
HTTP/1.1 200 OK
Content-Length: 39392
Content-Type: application/json; charset=utf-8
cache-control: no-cache

10:13:32.809 [AsyncHttpClient-1-2] DEBUG org.asynchttpclient.netty.channel.ChannelManager - Adding key: http://localhost:6210 for channel [id: 0xede2ca95, L:/127.0.0.1:51904 - R:localhost/127.0.0.1:6210]
10:13:32.810 [main] DEBUG net.serenitybdd.core.photography.Darkroom - Send negative for processing for target\site\serenity\94a81cdb1f46d743880ca9e91dc1fda65426682cc93fa0e94651c69d922856fc.png
10:13:32.810 [main] DEBUG net.thucydides.core.steps.StepInterceptor - STEP DONE: clickBayarButton
  &amp#27;[32mWhen &amp#27;[0m&amp#27;[32mI click BAYAR button&amp#27;[0m                               &amp#27;[90m# starter.stepdefinitions.TransactionSteps.clickBayarButton()&amp#27;[0m
10:13:32.811 [Darkroom Processing Line] DEBUG net.serenitybdd.core.photography.DarkroomProcessingLine - Processing screenshot image in /var/screenshots/screenshot-3412692084316330332
10:13:32.811 [Darkroom Processing Line] DEBUG net.serenitybdd.core.photography.DarkroomProcessingLine - Saving screenshot to target\site\serenity\94a81cdb1f46d743880ca9e91dc1fda65426682cc93fa0e94651c69d922856fc.png
10:13:32.817 [Forwarding getPageSource on session ba85bb47b3bbe105c406d2743fd3b7e1 to remote] DEBUG org.asynchttpclient.netty.request.NettyRequestSender - Using pooled Channel '[id: 0xede2ca95, L:/127.0.0.1:51904 - R:localhost/127.0.0.1:6210]' for 'POST' to 'http://localhost:6210/session/ba85bb47b3bbe105c406d2743fd3b7e1/execute/sync'
10:13:32.817 [Forwarding getPageSource on session ba85bb47b3bbe105c406d2743fd3b7e1 to remote] DEBUG org.asynchttpclient.netty.request.NettyRequestSender - Using open Channel [id: 0xede2ca95, L:/127.0.0.1:51904 - R:localhost/127.0.0.1:6210] for POST '/session/ba85bb47b3bbe105c406d2743fd3b7e1/execute/sync'
10:13:32.821 [AsyncHttpClient-1-2] DEBUG org.asynchttpclient.netty.handler.HttpHandler - 

Request DefaultHttpRequest(decodeResult: success, version: HTTP/1.1)
POST /session/ba85bb47b3bbe105c406d2743fd3b7e1/execute/sync HTTP/1.1
User-Agent: selenium/4.8.1 (java windows)
Content-Length: 176
Content-Type: application/json; charset=utf-8
host: localhost:6210
accept: */*

Response DefaultHttpResponse(decodeResult: success, version: HTTP/1.1)
HTTP/1.1 200 OK
Content-Length: 23957
Content-Type: application/json; charset=utf-8
cache-control: no-cache

10:13:32.822 [AsyncHttpClient-1-2] DEBUG org.asynchttpclient.netty.channel.ChannelManager - Adding key: http://localhost:6210 for channel [id: 0xede2ca95, L:/127.0.0.1:51904 - R:localhost/127.0.0.1:6210]
10:13:32.826 [Forwarding getCurrentUrl on session ba85bb47b3bbe105c406d2743fd3b7e1 to remote] DEBUG org.asynchttpclient.netty.request.NettyRequestSender - Using pooled Channel '[id: 0xede2ca95, L:/127.0.0.1:51904 - R:localhost/127.0.0.1:6210]' for 'GET' to 'http://localhost:6210/session/ba85bb47b3bbe105c406d2743fd3b7e1/url'
10:13:32.826 [Forwarding getCurrentUrl on session ba85bb47b3bbe105c406d2743fd3b7e1 to remote] DEBUG org.asynchttpclient.netty.request.NettyRequestSender - Using open Channel [id: 0xede2ca95, L:/127.0.0.1:51904 - R:localhost/127.0.0.1:6210] for GET '/session/ba85bb47b3bbe105c406d2743fd3b7e1/url'
10:13:32.830 [AsyncHttpClient-1-2] DEBUG org.asynchttpclient.netty.handler.HttpHandler - 

Request DefaultFullHttpRequest(decodeResult: success, version: HTTP/1.1, content: EmptyByteBufBE)
GET /session/ba85bb47b3bbe105c406d2743fd3b7e1/url HTTP/1.1
User-Agent: selenium/4.8.1 (java windows)
Cache-Control: no-cache
Content-Type: application/json; charset=utf-8
host: localhost:6210
accept: */*

Response DefaultHttpResponse(decodeResult: success, version: HTTP/1.1)
HTTP/1.1 200 OK
Content-Length: 52
Content-Type: application/json; charset=utf-8
cache-control: no-cache

10:13:32.830 [AsyncHttpClient-1-2] DEBUG org.asynchttpclient.netty.channel.ChannelManager - Adding key: http://localhost:6210 for channel [id: 0xede2ca95, L:/127.0.0.1:51904 - R:localhost/127.0.0.1:6210]
10:13:32.835 [Forwarding getPageSource on session ba85bb47b3bbe105c406d2743fd3b7e1 to remote] DEBUG org.asynchttpclient.netty.request.NettyRequestSender - Using pooled Channel '[id: 0xede2ca95, L:/127.0.0.1:51904 - R:localhost/127.0.0.1:6210]' for 'POST' to 'http://localhost:6210/session/ba85bb47b3bbe105c406d2743fd3b7e1/execute/sync'
10:13:32.835 [Forwarding getPageSource on session ba85bb47b3bbe105c406d2743fd3b7e1 to remote] DEBUG org.asynchttpclient.netty.request.NettyRequestSender - Using open Channel [id: 0xede2ca95, L:/127.0.0.1:51904 - R:localhost/127.0.0.1:6210] for POST '/session/ba85bb47b3bbe105c406d2743fd3b7e1/execute/sync'
10:13:32.838 [AsyncHttpClient-1-2] DEBUG org.asynchttpclient.netty.handler.HttpHandler - 

Request DefaultHttpRequest(decodeResult: success, version: HTTP/1.1)
POST /session/ba85bb47b3bbe105c406d2743fd3b7e1/execute/sync HTTP/1.1
User-Agent: selenium/4.8.1 (java windows)
Content-Length: 176
Content-Type: application/json; charset=utf-8
host: localhost:6210
accept: */*

Response DefaultHttpResponse(decodeResult: success, version: HTTP/1.1)
HTTP/1.1 200 OK
Content-Length: 23957
Content-Type: application/json; charset=utf-8
cache-control: no-cache

10:13:32.839 [AsyncHttpClient-1-2] DEBUG org.asynchttpclient.netty.channel.ChannelManager - Adding key: http://localhost:6210 for channel [id: 0xede2ca95, L:/127.0.0.1:51904 - R:localhost/127.0.0.1:6210]
10:13:32.841 [Forwarding getCurrentUrl on session ba85bb47b3bbe105c406d2743fd3b7e1 to remote] DEBUG org.asynchttpclient.netty.request.NettyRequestSender - Using pooled Channel '[id: 0xede2ca95, L:/127.0.0.1:51904 - R:localhost/127.0.0.1:6210]' for 'GET' to 'http://localhost:6210/session/ba85bb47b3bbe105c406d2743fd3b7e1/url'
10:13:32.841 [Forwarding getCurrentUrl on session ba85bb47b3bbe105c406d2743fd3b7e1 to remote] DEBUG org.asynchttpclient.netty.request.NettyRequestSender - Using open Channel [id: 0xede2ca95, L:/127.0.0.1:51904 - R:localhost/127.0.0.1:6210] for GET '/session/ba85bb47b3bbe105c406d2743fd3b7e1/url'
10:13:32.843 [AsyncHttpClient-1-2] DEBUG org.asynchttpclient.netty.handler.HttpHandler - 

Request DefaultFullHttpRequest(decodeResult: success, version: HTTP/1.1, content: EmptyByteBufBE)
GET /session/ba85bb47b3bbe105c406d2743fd3b7e1/url HTTP/1.1
User-Agent: selenium/4.8.1 (java windows)
Cache-Control: no-cache
Content-Type: application/json; charset=utf-8
host: localhost:6210
accept: */*

Response DefaultHttpResponse(decodeResult: success, version: HTTP/1.1)
HTTP/1.1 200 OK
Content-Length: 52
Content-Type: application/json; charset=utf-8
cache-control: no-cache

10:13:32.843 [AsyncHttpClient-1-2] DEBUG org.asynchttpclient.netty.channel.ChannelManager - Adding key: http://localhost:6210 for channel [id: 0xede2ca95, L:/127.0.0.1:51904 - R:localhost/127.0.0.1:6210]
10:13:32.844 [main] DEBUG net.thucydides.core.steps.StepInterceptor - STARTING STEP: TransactionSteps.validateProductTransaction - validateProductTransaction
10:13:32.845 [Forwarding findElement on session ba85bb47b3bbe105c406d2743fd3b7e1 to remote] DEBUG org.asynchttpclient.netty.request.NettyRequestSender - Using pooled Channel '[id: 0xede2ca95, L:/127.0.0.1:51904 - R:localhost/127.0.0.1:6210]' for 'POST' to 'http://localhost:6210/session/ba85bb47b3bbe105c406d2743fd3b7e1/element'
10:13:32.845 [Forwarding findElement on session ba85bb47b3bbe105c406d2743fd3b7e1 to remote] DEBUG org.asynchttpclient.netty.request.NettyRequestSender - Using open Channel [id: 0xede2ca95, L:/127.0.0.1:51904 - R:localhost/127.0.0.1:6210] for POST '/session/ba85bb47b3bbe105c406d2743fd3b7e1/element'
10:13:32.853 [AsyncHttpClient-1-2] DEBUG org.asynchttpclient.netty.handler.HttpHandler - 

Request DefaultHttpRequest(decodeResult: success, version: HTTP/1.1)
POST /session/ba85bb47b3bbe105c406d2743fd3b7e1/element HTTP/1.1
User-Agent: selenium/4.8.1 (java windows)
Content-Length: 70
Content-Type: application/json; charset=utf-8
host: localhost:6210
accept: */*

Response DefaultHttpResponse(decodeResult: success, version: HTTP/1.1)
HTTP/1.1 200 OK
Content-Length: 88
Content-Type: application/json; charset=utf-8
cache-control: no-cache

10:13:32.854 [AsyncHttpClient-1-2] DEBUG org.asynchttpclient.netty.channel.ChannelManager - Adding key: http://localhost:6210 for channel [id: 0xede2ca95, L:/127.0.0.1:51904 - R:localhost/127.0.0.1:6210]
10:13:32.855 [Forwarding isElementDisplayed on session ba85bb47b3bbe105c406d2743fd3b7e1 to remote] DEBUG org.asynchttpclient.netty.request.NettyRequestSender - Using pooled Channel '[id: 0xede2ca95, L:/127.0.0.1:51904 - R:localhost/127.0.0.1:6210]' for 'POST' to 'http://localhost:6210/session/ba85bb47b3bbe105c406d2743fd3b7e1/execute/sync'
10:13:32.855 [Forwarding isElementDisplayed on session ba85bb47b3bbe105c406d2743fd3b7e1 to remote] DEBUG org.asynchttpclient.netty.request.NettyRequestSender - Using open Channel [id: 0xede2ca95, L:/127.0.0.1:51904 - R:localhost/127.0.0.1:6210] for POST '/session/ba85bb47b3bbe105c406d2743fd3b7e1/execute/sync'
10:13:32.865 [AsyncHttpClient-1-2] DEBUG org.asynchttpclient.netty.handler.HttpHandler - 

Request DefaultHttpRequest(decodeResult: success, version: HTTP/1.1)
POST /session/ba85bb47b3bbe105c406d2743fd3b7e1/execute/sync HTTP/1.1
User-Agent: selenium/4.8.1 (java windows)
Content-Length: 48807
Content-Type: application/json; charset=utf-8
host: localhost:6210
accept: */*

Response DefaultHttpResponse(decodeResult: success, version: HTTP/1.1)
HTTP/1.1 200 OK
Content-Length: 14
Content-Type: application/json; charset=utf-8
cache-control: no-cache

10:13:32.865 [AsyncHttpClient-1-2] DEBUG org.asynchttpclient.netty.channel.ChannelManager - Adding key: http://localhost:6210 for channel [id: 0xede2ca95, L:/127.0.0.1:51904 - R:localhost/127.0.0.1:6210]
10:13:32.868 [Forwarding getAlertText on session ba85bb47b3bbe105c406d2743fd3b7e1 to remote] DEBUG org.asynchttpclient.netty.request.NettyRequestSender - Using pooled Channel '[id: 0xede2ca95, L:/127.0.0.1:51904 - R:localhost/127.0.0.1:6210]' for 'GET' to 'http://localhost:6210/session/ba85bb47b3bbe105c406d2743fd3b7e1/alert/text'
10:13:32.868 [Forwarding getAlertText on session ba85bb47b3bbe105c406d2743fd3b7e1 to remote] DEBUG org.asynchttpclient.netty.request.NettyRequestSender - Using open Channel [id: 0xede2ca95, L:/127.0.0.1:51904 - R:localhost/127.0.0.1:6210] for GET '/session/ba85bb47b3bbe105c406d2743fd3b7e1/alert/text'
10:13:32.869 [AsyncHttpClient-1-2] DEBUG org.asynchttpclient.netty.handler.HttpHandler - 

Request DefaultFullHttpRequest(decodeResult: success, version: HTTP/1.1, content: EmptyByteBufBE)
GET /session/ba85bb47b3bbe105c406d2743fd3b7e1/alert/text HTTP/1.1
User-Agent: selenium/4.8.1 (java windows)
Cache-Control: no-cache
Content-Type: application/json; charset=utf-8
host: localhost:6210
accept: */*

Response DefaultHttpResponse(decodeResult: success, version: HTTP/1.1)
HTTP/1.1 404 Not Found
Content-Length: 836
Content-Type: application/json; charset=utf-8
cache-control: no-cache

10:13:32.869 [AsyncHttpClient-1-2] DEBUG org.asynchttpclient.netty.channel.ChannelManager - Adding key: http://localhost:6210 for channel [id: 0xede2ca95, L:/127.0.0.1:51904 - R:localhost/127.0.0.1:6210]
10:13:32.869 [Forwarding getCurrentUrl on session ba85bb47b3bbe105c406d2743fd3b7e1 to remote] DEBUG org.asynchttpclient.netty.request.NettyRequestSender - Using pooled Channel '[id: 0xede2ca95, L:/127.0.0.1:51904 - R:localhost/127.0.0.1:6210]' for 'GET' to 'http://localhost:6210/session/ba85bb47b3bbe105c406d2743fd3b7e1/url'
10:13:32.869 [Forwarding getCurrentUrl on session ba85bb47b3bbe105c406d2743fd3b7e1 to remote] DEBUG org.asynchttpclient.netty.request.NettyRequestSender - Using open Channel [id: 0xede2ca95, L:/127.0.0.1:51904 - R:localhost/127.0.0.1:6210] for GET '/session/ba85bb47b3bbe105c406d2743fd3b7e1/url'
10:13:32.871 [AsyncHttpClient-1-2] DEBUG org.asynchttpclient.netty.handler.HttpHandler - 

Request DefaultFullHttpRequest(decodeResult: success, version: HTTP/1.1, content: EmptyByteBufBE)
GET /session/ba85bb47b3bbe105c406d2743fd3b7e1/url HTTP/1.1
User-Agent: selenium/4.8.1 (java windows)
Cache-Control: no-cache
Content-Type: application/json; charset=utf-8
host: localhost:6210
accept: */*

Response DefaultHttpResponse(decodeResult: success, version: HTTP/1.1)
HTTP/1.1 200 OK
Content-Length: 52
Content-Type: application/json; charset=utf-8
cache-control: no-cache

10:13:32.871 [AsyncHttpClient-1-2] DEBUG org.asynchttpclient.netty.channel.ChannelManager - Adding key: http://localhost:6210 for channel [id: 0xede2ca95, L:/127.0.0.1:51904 - R:localhost/127.0.0.1:6210]
10:13:32.871 [Forwarding screenshot on session ba85bb47b3bbe105c406d2743fd3b7e1 to remote] DEBUG org.asynchttpclient.netty.request.NettyRequestSender - Using pooled Channel '[id: 0xede2ca95, L:/127.0.0.1:51904 - R:localhost/127.0.0.1:6210]' for 'GET' to 'http://localhost:6210/session/ba85bb47b3bbe105c406d2743fd3b7e1/screenshot'
10:13:32.871 [Forwarding screenshot on session ba85bb47b3bbe105c406d2743fd3b7e1 to remote] DEBUG org.asynchttpclient.netty.request.NettyRequestSender - Using open Channel [id: 0xede2ca95, L:/127.0.0.1:51904 - R:localhost/127.0.0.1:6210] for GET '/session/ba85bb47b3bbe105c406d2743fd3b7e1/screenshot'
10:13:32.942 [AsyncHttpClient-1-2] DEBUG org.asynchttpclient.netty.handler.HttpHandler - 

Request DefaultFullHttpRequest(decodeResult: success, version: HTTP/1.1, content: EmptyByteBufBE)
GET /session/ba85bb47b3bbe105c406d2743fd3b7e1/screenshot HTTP/1.1
User-Agent: selenium/4.8.1 (java windows)
Cache-Control: no-cache
Content-Type: application/json; charset=utf-8
host: localhost:6210
accept: */*

Response DefaultHttpResponse(decodeResult: success, version: HTTP/1.1)
HTTP/1.1 200 OK
Content-Length: 37420
Content-Type: application/json; charset=utf-8
cache-control: no-cache

10:13:32.942 [AsyncHttpClient-1-2] DEBUG org.asynchttpclient.netty.channel.ChannelManager - Adding key: http://localhost:6210 for channel [id: 0xede2ca95, L:/127.0.0.1:51904 - R:localhost/127.0.0.1:6210]
10:13:32.943 [main] DEBUG net.serenitybdd.core.photography.Darkroom - Send negative for processing for target\site\serenity\d5580cf211baa229a9be3c800e2f6555216eadc9cf616a96244b815ee1b5f5f4.png
10:13:32.943 [main] DEBUG net.thucydides.core.steps.StepInterceptor - STEP DONE: validateProductTransaction
  &amp#27;[32mThen &amp#27;[0m&amp#27;[32mI can see the transaction&amp#27;[0m                          &amp#27;[90m# starter.stepdefinitions.TransactionSteps.validateProductTransaction()&amp#27;[0m
10:13:32.943 [Darkroom Processing Line] DEBUG net.serenitybdd.core.photography.DarkroomProcessingLine - Processing screenshot image in /var/screenshots/screenshot-3235309958924563753
10:13:32.943 [Darkroom Processing Line] DEBUG net.serenitybdd.core.photography.DarkroomProcessingLine - Saving screenshot to target\site\serenity\d5580cf211baa229a9be3c800e2f6555216eadc9cf616a96244b815ee1b5f5f4.png
10:13:32.946 [main] INFO  - 
  _____   ___   ___   _____     ___     _     ___   ___   ___   ___  
 |_   _| | __| / __| |_   _|   | _ \   /_\   / __| / __| | __| |   \ 
   | |   | _|  \__ \   | |     |  _/  / _ \  \__ \ \__ \ | _|  | |) |
   |_|   |___| |___/   |_|     |_|   /_/ \_\ |___/ |___/ |___| |___/ 

Pay the product we've added to cart
----------------------------------------------------------------------
10:13:32.947 [AsyncHttpClient-1-4] DEBUG org.asynchttpclient.netty.handler.WebSocketHandler - Channel Closed: [id: 0xa5c47b5d, L:/127.0.0.1:51913 ! R:localhost/127.0.0.1:51905] with attribute NettyResponseFuture{currentRetry=0,
	isDone=1,
	isCancelled=0,
	asyncHandler=org.asynchttpclient.ws.WebSocketUpgradeHandler@18bb0096,
	nettyRequest=org.asynchttpclient.netty.request.NettyRequest@10b91cf9,
	future=java.util.concurrent.CompletableFuture@28653d19[Completed normally],
	uri=ws://localhost:51905/devtools/browser/3bec41d9-8895-48c6-a111-e407a103a264,
	keepAlive=true,
	redirectCount=0,
	timeoutsHolder=null,
	inAuth=0,
	touch=1683429209134}
10:13:32.947 [Driver Command Executor] DEBUG org.asynchttpclient.netty.request.NettyRequestSender - Using pooled Channel '[id: 0xede2ca95, L:/127.0.0.1:51904 - R:localhost/127.0.0.1:6210]' for 'DELETE' to 'http://localhost:6210/session/ba85bb47b3bbe105c406d2743fd3b7e1'
10:13:32.947 [AsyncHttpClient-1-4] DEBUG org.asynchttpclient.netty.channel.ChannelManager - Closing Channel [id: 0xa5c47b5d, L:/127.0.0.1:51913 ! R:localhost/127.0.0.1:51905] 
10:13:32.947 [Driver Command Executor] DEBUG org.asynchttpclient.netty.request.NettyRequestSender - Using open Channel [id: 0xede2ca95, L:/127.0.0.1:51904 - R:localhost/127.0.0.1:6210] for DELETE '/session/ba85bb47b3bbe105c406d2743fd3b7e1'
10:13:33.050 [AsyncHttpClient-1-3] DEBUG org.asynchttpclient.netty.handler.HttpHandler - Unexpected I/O exception on channel [id: 0xe9fe0006, L:/127.0.0.1:51912 - R:localhost/127.0.0.1:51905]
java.io.IOException: An existing connection was forcibly closed by the remote host
	at java.base/sun.nio.ch.SocketDispatcher.read0(Native Method)
	at java.base/sun.nio.ch.SocketDispatcher.read(SocketDispatcher.java:43)
	at java.base/sun.nio.ch.IOUtil.readIntoNativeBuffer(IOUtil.java:276)
	at java.base/sun.nio.ch.IOUtil.read(IOUtil.java:233)
	at java.base/sun.nio.ch.IOUtil.read(IOUtil.java:223)
	at java.base/sun.nio.ch.SocketChannelImpl.read(SocketChannelImpl.java:358)
	at io.netty.buffer.PooledByteBuf.setBytes(PooledByteBuf.java:259)
	at io.netty.buffer.AbstractByteBuf.writeBytes(AbstractByteBuf.java:1132)
	at io.netty.channel.socket.nio.NioSocketChannel.doReadBytes(NioSocketChannel.java:357)
	at io.netty.channel.nio.AbstractNioByteChannel$NioByteUnsafe.read(AbstractNioByteChannel.java:151)
	at io.netty.channel.nio.NioEventLoop.processSelectedKey(NioEventLoop.java:788)
	at io.netty.channel.nio.NioEventLoop.processSelectedKeysOptimized(NioEventLoop.java:724)
	at io.netty.channel.nio.NioEventLoop.processSelectedKeys(NioEventLoop.java:650)
	at io.netty.channel.nio.NioEventLoop.run(NioEventLoop.java:562)
	at io.netty.util.concurrent.SingleThreadEventExecutor$4.run(SingleThreadEventExecutor.java:997)
	at io.netty.util.internal.ThreadExecutorMap$2.run(ThreadExecutorMap.java:74)
	at io.netty.util.concurrent.FastThreadLocalRunnable.run(FastThreadLocalRunnable.java:30)
	at java.base/java.lang.Thread.run(Thread.java:834)
10:13:33.050 [AsyncHttpClient-1-3] DEBUG org.asynchttpclient.netty.channel.ChannelManager - Closing Channel [id: 0xe9fe0006, L:/127.0.0.1:51912 - R:localhost/127.0.0.1:51905] 
10:13:33.050 [AsyncHttpClient-1-3] DEBUG org.asynchttpclient.netty.handler.HttpHandler - Channel Closed: [id: 0xe9fe0006, L:/127.0.0.1:51912 ! R:localhost/127.0.0.1:51905] with attribute DISCARD
10:13:33.058 [AsyncHttpClient-1-2] DEBUG org.asynchttpclient.netty.handler.HttpHandler - 

Request DefaultFullHttpRequest(decodeResult: success, version: HTTP/1.1, content: EmptyByteBufBE)
DELETE /session/ba85bb47b3bbe105c406d2743fd3b7e1 HTTP/1.1
User-Agent: selenium/4.8.1 (java windows)
Content-Type: application/json; charset=utf-8
host: localhost:6210
accept: */*

Response DefaultHttpResponse(decodeResult: success, version: HTTP/1.1)
HTTP/1.1 200 OK
Content-Length: 14
Content-Type: application/json; charset=utf-8
cache-control: no-cache

10:13:33.058 [AsyncHttpClient-1-2] DEBUG org.asynchttpclient.netty.channel.ChannelManager - Adding key: http://localhost:6210 for channel [id: 0xede2ca95, L:/127.0.0.1:51904 - R:localhost/127.0.0.1:6210]
10:13:33.083 [AsyncHttpClient-1-2] DEBUG org.asynchttpclient.netty.handler.HttpHandler - Channel Closed: [id: 0xede2ca95, L:/127.0.0.1:51904 ! R:localhost/127.0.0.1:6210] with attribute DISCARD
10:13:33.095 [AsyncHttpClient-1-1] DEBUG org.asynchttpclient.netty.channel.DefaultChannelPool - Entry count for : http://localhost:51905 : 1
10:13:33.095 [AsyncHttpClient-1-1] DEBUG org.asynchttpclient.netty.channel.DefaultChannelPool - Entry count for : http://localhost:6210 : 1
10:13:33.095 [AsyncHttpClient-1-1] DEBUG org.asynchttpclient.netty.channel.DefaultChannelPool - Adding Candidate expired Channel [id: 0xe9fe0006, L:/127.0.0.1:51912 ! R:localhost/127.0.0.1:51905] isIdleTimeoutExpired=false isRemotelyClosed=true isTtlExpired=false
10:13:33.095 [AsyncHttpClient-1-1] DEBUG org.asynchttpclient.netty.channel.DefaultChannelPool - Closing Idle Channel [id: 0xe9fe0006, L:/127.0.0.1:51912 ! R:localhost/127.0.0.1:51905]
10:13:33.095 [AsyncHttpClient-1-1] DEBUG org.asynchttpclient.netty.channel.DefaultChannelPool - Adding Candidate expired Channel [id: 0xede2ca95, L:/127.0.0.1:51904 ! R:localhost/127.0.0.1:6210] isIdleTimeoutExpired=false isRemotelyClosed=true isTtlExpired=false
10:13:33.095 [AsyncHttpClient-1-1] DEBUG org.asynchttpclient.netty.channel.DefaultChannelPool - Closing Idle Channel [id: 0xede2ca95, L:/127.0.0.1:51904 ! R:localhost/127.0.0.1:6210]
10:13:33.095 [AsyncHttpClient-1-1] DEBUG org.asynchttpclient.netty.channel.DefaultChannelPool - Closed 2 connections out of 2 in 0 ms
]]></system-out>
    <system-err><![CDATA[Starting ChromeDriver 111.0.5563.64 (c710e93d5b63b7095afe8c2c17df34408078439d-refs/branch-heads/5563@{#995}) on port 6210
Only local connections are allowed.
Please see https://chromedriver.chromium.org/security-considerations for suggestions on keeping ChromeDriver safe.
ChromeDriver was started successfully.
May 07, 2023 10:13:29 AM org.openqa.selenium.devtools.CdpVersionFinder findNearestMatch
WARNING: Unable to find an exact match for CDP version 111, so returning the closest version found: 110
]]></system-err>
  </testcase>
  <testcase name="Failed to pay when user hasn&apos;t login yet" classname="Transaction" time="4.957">
    <system-out><![CDATA[
Scenario: Failed to pay when user hasn't login yet &amp#27;[90m# src/test/resources/features/6. Transaction.feature:25&amp#27;[0m
10:13:33.625 [main] DEBUG io.cucumber.core.plugin.SerenityReporter - Running feature from file:///D:/WebMinpro/code/minpro/src/test/resources/features/6.%20Transaction.feature
10:13:33.626 [main] INFO  - 
  _____   ___   ___   _____     ___   _____     _     ___   _____   ___   ___  
 |_   _| | __| / __| |_   _|   / __| |_   _|   /_\   | _ \ |_   _| | __| |   \ 
   | |   | _|  \__ \   | |     \__ \   | |    / _ \  |   /   | |   | _|  | |) |
   |_|   |___| |___/   |_|     |___/   |_|   /_/ \_\ |_|_\   |_|   |___| |___/ 

Failed to pay when user hasn't login yet(transaction;failed-to-pay-when-user-hasn-t-login-yet)
--------------------------------------------------------------------------------
10:13:33.636 [main] DEBUG net.thucydides.core.steps.StepInterceptor - STARTING STEP: CategorySteps.goToHomePage - openPage
10:13:33.797 [main] INFO net.serenitybdd.core.webdriver.driverproviders.ChromeDriverProvider - Starting Chrome driver instance with capabilities:
10:13:33.797 [main] INFO net.serenitybdd.core.webdriver.driverproviders.ChromeDriverProvider - Capabilities {acceptInsecureCerts: false, browserName: chrome, goog:chromeOptions: {args: [remote-allow-origins=*], extensions: []}}
10:13:33.875 [AsyncHttpClient-1-5] DEBUG org.asynchttpclient.netty.channel.NettyConnectListener - Using new Channel '[id: 0xd4a6fd73, L:/127.0.0.1:51933 - R:localhost/127.0.0.1:24795]' for 'POST' to '/session'
10:13:34.628 [AsyncHttpClient-1-5] DEBUG org.asynchttpclient.netty.handler.HttpHandler - 

Request DefaultHttpRequest(decodeResult: success, version: HTTP/1.1)
POST /session HTTP/1.1
User-Agent: selenium/4.8.1 (java windows)
Content-Length: 507
Content-Type: application/json; charset=utf-8
host: localhost:24795
accept: */*

Response DefaultHttpResponse(decodeResult: success, version: HTTP/1.1)
HTTP/1.1 200 OK
Content-Length: 858
Content-Type: application/json; charset=utf-8
cache-control: no-cache

10:13:34.628 [AsyncHttpClient-1-5] DEBUG org.asynchttpclient.netty.channel.ChannelManager - Adding key: http://localhost:24795 for channel [id: 0xd4a6fd73, L:/127.0.0.1:51933 - R:localhost/127.0.0.1:24795]
10:13:34.633 [AsyncHttpClient-1-6] DEBUG org.asynchttpclient.netty.channel.NettyConnectListener - Using new Channel '[id: 0x0ec8005c, L:/127.0.0.1:51940 - R:localhost/127.0.0.1:51934]' for 'GET' to '/json/version'
10:13:34.634 [AsyncHttpClient-1-6] DEBUG org.asynchttpclient.netty.handler.HttpHandler - 

Request DefaultFullHttpRequest(decodeResult: success, version: HTTP/1.1, content: EmptyByteBufBE)
GET /json/version HTTP/1.1
User-Agent: selenium/4.8.1 (java windows)
host: localhost:51934
accept: */*

Response DefaultHttpResponse(decodeResult: success, version: HTTP/1.1)
HTTP/1.1 200 OK
Content-Security-Policy: frame-ancestors 'none'
Content-Length: 424
Content-Type: application/json; charset=UTF-8

10:13:34.634 [AsyncHttpClient-1-6] DEBUG org.asynchttpclient.netty.channel.ChannelManager - Adding key: http://localhost:51934 for channel [id: 0x0ec8005c, L:/127.0.0.1:51940 - R:localhost/127.0.0.1:51934]
10:13:34.635 [AsyncHttpClient-1-7] DEBUG org.asynchttpclient.netty.channel.NettyConnectListener - Using new Channel '[id: 0x33ac435f, L:/127.0.0.1:51941 - R:localhost/127.0.0.1:51934]' for 'GET' to '/devtools/browser/8fbcab21-f193-4a75-b506-f357fdb9c43c'
10:13:34.637 [AsyncHttpClient-1-7] DEBUG org.asynchttpclient.netty.handler.WebSocketHandler - 

Request DefaultFullHttpRequest(decodeResult: success, version: HTTP/1.1, content: EmptyByteBufBE)
GET /devtools/browser/8fbcab21-f193-4a75-b506-f357fdb9c43c HTTP/1.1
upgrade: websocket
connection: upgrade
sec-websocket-key: DuDazYtmmtYStOFVSKAqPA==
sec-websocket-version: 13
origin: http://localhost:51934
host: localhost:51934
accept: */*
user-agent: AHC/2.1

Response DefaultHttpResponse(decodeResult: success, version: HTTP/1.1)
HTTP/1.1 101 WebSocket Protocol Handshake
Upgrade: WebSocket
Connection: Upgrade
Sec-WebSocket-Accept: rC0U+5GjGefaKWz6tIJveqVoCD4=

10:13:34.639 [Forwarding get on session c1a85a2b9ee5a029b3ddffedf9fa3b1f to remote] DEBUG org.asynchttpclient.netty.request.NettyRequestSender - Using pooled Channel '[id: 0xd4a6fd73, L:/127.0.0.1:51933 - R:localhost/127.0.0.1:24795]' for 'POST' to 'http://localhost:24795/session/c1a85a2b9ee5a029b3ddffedf9fa3b1f/url'
10:13:34.639 [Forwarding get on session c1a85a2b9ee5a029b3ddffedf9fa3b1f to remote] DEBUG org.asynchttpclient.netty.request.NettyRequestSender - Using open Channel [id: 0xd4a6fd73, L:/127.0.0.1:51933 - R:localhost/127.0.0.1:24795] for POST '/session/c1a85a2b9ee5a029b3ddffedf9fa3b1f/url'
10:13:35.299 [AsyncHttpClient-1-1] DEBUG org.asynchttpclient.netty.channel.DefaultChannelPool - Entry count for : http://localhost:51934 : 1
10:13:35.666 [AsyncHttpClient-1-5] DEBUG org.asynchttpclient.netty.handler.HttpHandler - 

Request DefaultHttpRequest(decodeResult: success, version: HTTP/1.1)
POST /session/c1a85a2b9ee5a029b3ddffedf9fa3b1f/url HTTP/1.1
User-Agent: selenium/4.8.1 (java windows)
Content-Length: 74
Content-Type: application/json; charset=utf-8
host: localhost:24795
accept: */*

Response DefaultHttpResponse(decodeResult: success, version: HTTP/1.1)
HTTP/1.1 200 OK
Content-Length: 14
Content-Type: application/json; charset=utf-8
cache-control: no-cache

10:13:35.667 [AsyncHttpClient-1-5] DEBUG org.asynchttpclient.netty.channel.ChannelManager - Adding key: http://localhost:24795 for channel [id: 0xd4a6fd73, L:/127.0.0.1:51933 - R:localhost/127.0.0.1:24795]
10:13:35.667 [Forwarding setTimeout on session c1a85a2b9ee5a029b3ddffedf9fa3b1f to remote] DEBUG org.asynchttpclient.netty.request.NettyRequestSender - Using pooled Channel '[id: 0xd4a6fd73, L:/127.0.0.1:51933 - R:localhost/127.0.0.1:24795]' for 'POST' to 'http://localhost:24795/session/c1a85a2b9ee5a029b3ddffedf9fa3b1f/timeouts'
10:13:35.667 [Forwarding setTimeout on session c1a85a2b9ee5a029b3ddffedf9fa3b1f to remote] DEBUG org.asynchttpclient.netty.request.NettyRequestSender - Using open Channel [id: 0xd4a6fd73, L:/127.0.0.1:51933 - R:localhost/127.0.0.1:24795] for POST '/session/c1a85a2b9ee5a029b3ddffedf9fa3b1f/timeouts'
10:13:35.668 [AsyncHttpClient-1-5] DEBUG org.asynchttpclient.netty.handler.HttpHandler - 

Request DefaultHttpRequest(decodeResult: success, version: HTTP/1.1)
POST /session/c1a85a2b9ee5a029b3ddffedf9fa3b1f/timeouts HTTP/1.1
User-Agent: selenium/4.8.1 (java windows)
Content-Length: 22
Content-Type: application/json; charset=utf-8
host: localhost:24795
accept: */*

Response DefaultHttpResponse(decodeResult: success, version: HTTP/1.1)
HTTP/1.1 200 OK
Content-Length: 14
Content-Type: application/json; charset=utf-8
cache-control: no-cache

10:13:35.668 [AsyncHttpClient-1-5] DEBUG org.asynchttpclient.netty.channel.ChannelManager - Adding key: http://localhost:24795 for channel [id: 0xd4a6fd73, L:/127.0.0.1:51933 - R:localhost/127.0.0.1:24795]
10:13:35.673 [Forwarding getAlertText on session c1a85a2b9ee5a029b3ddffedf9fa3b1f to remote] DEBUG org.asynchttpclient.netty.request.NettyRequestSender - Using pooled Channel '[id: 0xd4a6fd73, L:/127.0.0.1:51933 - R:localhost/127.0.0.1:24795]' for 'GET' to 'http://localhost:24795/session/c1a85a2b9ee5a029b3ddffedf9fa3b1f/alert/text'
10:13:35.673 [Forwarding getAlertText on session c1a85a2b9ee5a029b3ddffedf9fa3b1f to remote] DEBUG org.asynchttpclient.netty.request.NettyRequestSender - Using open Channel [id: 0xd4a6fd73, L:/127.0.0.1:51933 - R:localhost/127.0.0.1:24795] for GET '/session/c1a85a2b9ee5a029b3ddffedf9fa3b1f/alert/text'
10:13:35.674 [AsyncHttpClient-1-5] DEBUG org.asynchttpclient.netty.handler.HttpHandler - 

Request DefaultFullHttpRequest(decodeResult: success, version: HTTP/1.1, content: EmptyByteBufBE)
GET /session/c1a85a2b9ee5a029b3ddffedf9fa3b1f/alert/text HTTP/1.1
User-Agent: selenium/4.8.1 (java windows)
Cache-Control: no-cache
Content-Type: application/json; charset=utf-8
host: localhost:24795
accept: */*

Response DefaultHttpResponse(decodeResult: success, version: HTTP/1.1)
HTTP/1.1 404 Not Found
Content-Length: 836
Content-Type: application/json; charset=utf-8
cache-control: no-cache

10:13:35.674 [AsyncHttpClient-1-5] DEBUG org.asynchttpclient.netty.channel.ChannelManager - Adding key: http://localhost:24795 for channel [id: 0xd4a6fd73, L:/127.0.0.1:51933 - R:localhost/127.0.0.1:24795]
10:13:35.675 [Forwarding getCurrentUrl on session c1a85a2b9ee5a029b3ddffedf9fa3b1f to remote] DEBUG org.asynchttpclient.netty.request.NettyRequestSender - Using pooled Channel '[id: 0xd4a6fd73, L:/127.0.0.1:51933 - R:localhost/127.0.0.1:24795]' for 'GET' to 'http://localhost:24795/session/c1a85a2b9ee5a029b3ddffedf9fa3b1f/url'
10:13:35.675 [Forwarding getCurrentUrl on session c1a85a2b9ee5a029b3ddffedf9fa3b1f to remote] DEBUG org.asynchttpclient.netty.request.NettyRequestSender - Using open Channel [id: 0xd4a6fd73, L:/127.0.0.1:51933 - R:localhost/127.0.0.1:24795] for GET '/session/c1a85a2b9ee5a029b3ddffedf9fa3b1f/url'
10:13:35.678 [AsyncHttpClient-1-5] DEBUG org.asynchttpclient.netty.handler.HttpHandler - 

Request DefaultFullHttpRequest(decodeResult: success, version: HTTP/1.1, content: EmptyByteBufBE)
GET /session/c1a85a2b9ee5a029b3ddffedf9fa3b1f/url HTTP/1.1
User-Agent: selenium/4.8.1 (java windows)
Cache-Control: no-cache
Content-Type: application/json; charset=utf-8
host: localhost:24795
accept: */*

Response DefaultHttpResponse(decodeResult: success, version: HTTP/1.1)
HTTP/1.1 200 OK
Content-Length: 51
Content-Type: application/json; charset=utf-8
cache-control: no-cache

10:13:35.678 [AsyncHttpClient-1-5] DEBUG org.asynchttpclient.netty.channel.ChannelManager - Adding key: http://localhost:24795 for channel [id: 0xd4a6fd73, L:/127.0.0.1:51933 - R:localhost/127.0.0.1:24795]
10:13:35.678 [Forwarding screenshot on session c1a85a2b9ee5a029b3ddffedf9fa3b1f to remote] DEBUG org.asynchttpclient.netty.request.NettyRequestSender - Using pooled Channel '[id: 0xd4a6fd73, L:/127.0.0.1:51933 - R:localhost/127.0.0.1:24795]' for 'GET' to 'http://localhost:24795/session/c1a85a2b9ee5a029b3ddffedf9fa3b1f/screenshot'
10:13:35.678 [Forwarding screenshot on session c1a85a2b9ee5a029b3ddffedf9fa3b1f to remote] DEBUG org.asynchttpclient.netty.request.NettyRequestSender - Using open Channel [id: 0xd4a6fd73, L:/127.0.0.1:51933 - R:localhost/127.0.0.1:24795] for GET '/session/c1a85a2b9ee5a029b3ddffedf9fa3b1f/screenshot'
10:13:35.757 [AsyncHttpClient-1-5] DEBUG org.asynchttpclient.netty.handler.HttpHandler - 

Request DefaultFullHttpRequest(decodeResult: success, version: HTTP/1.1, content: EmptyByteBufBE)
GET /session/c1a85a2b9ee5a029b3ddffedf9fa3b1f/screenshot HTTP/1.1
User-Agent: selenium/4.8.1 (java windows)
Cache-Control: no-cache
Content-Type: application/json; charset=utf-8
host: localhost:24795
accept: */*

Response DefaultHttpResponse(decodeResult: success, version: HTTP/1.1)
HTTP/1.1 200 OK
Content-Length: 32748
Content-Type: application/json; charset=utf-8
cache-control: no-cache

10:13:35.757 [AsyncHttpClient-1-5] DEBUG org.asynchttpclient.netty.channel.ChannelManager - Adding key: http://localhost:24795 for channel [id: 0xd4a6fd73, L:/127.0.0.1:51933 - R:localhost/127.0.0.1:24795]
10:13:35.758 [main] DEBUG net.serenitybdd.core.photography.Darkroom - Send negative for processing for target\site\serenity\838a118defe8b2c78f320792ccc0dfcdbc689f4090a216cf0baf82906188e658.png
10:13:35.758 [main] DEBUG net.thucydides.core.steps.StepInterceptor - STEP DONE: openPage
10:13:35.761 [Forwarding getPageSource on session c1a85a2b9ee5a029b3ddffedf9fa3b1f to remote] DEBUG org.asynchttpclient.netty.request.NettyRequestSender - Using pooled Channel '[id: 0xd4a6fd73, L:/127.0.0.1:51933 - R:localhost/127.0.0.1:24795]' for 'POST' to 'http://localhost:24795/session/c1a85a2b9ee5a029b3ddffedf9fa3b1f/execute/sync'
10:13:35.761 [Forwarding getPageSource on session c1a85a2b9ee5a029b3ddffedf9fa3b1f to remote] DEBUG org.asynchttpclient.netty.request.NettyRequestSender - Using open Channel [id: 0xd4a6fd73, L:/127.0.0.1:51933 - R:localhost/127.0.0.1:24795] for POST '/session/c1a85a2b9ee5a029b3ddffedf9fa3b1f/execute/sync'
10:13:35.766 [AsyncHttpClient-1-5] DEBUG org.asynchttpclient.netty.handler.HttpHandler - 

Request DefaultHttpRequest(decodeResult: success, version: HTTP/1.1)
POST /session/c1a85a2b9ee5a029b3ddffedf9fa3b1f/execute/sync HTTP/1.1
User-Agent: selenium/4.8.1 (java windows)
Content-Length: 176
Content-Type: application/json; charset=utf-8
host: localhost:24795
accept: */*

Response DefaultHttpResponse(decodeResult: success, version: HTTP/1.1)
HTTP/1.1 200 OK
Content-Length: 21659
Content-Type: application/json; charset=utf-8
cache-control: no-cache

10:13:35.766 [AsyncHttpClient-1-5] DEBUG org.asynchttpclient.netty.channel.ChannelManager - Adding key: http://localhost:24795 for channel [id: 0xd4a6fd73, L:/127.0.0.1:51933 - R:localhost/127.0.0.1:24795]
10:13:35.767 [Forwarding getCurrentUrl on session c1a85a2b9ee5a029b3ddffedf9fa3b1f to remote] DEBUG org.asynchttpclient.netty.request.NettyRequestSender - Using pooled Channel '[id: 0xd4a6fd73, L:/127.0.0.1:51933 - R:localhost/127.0.0.1:24795]' for 'GET' to 'http://localhost:24795/session/c1a85a2b9ee5a029b3ddffedf9fa3b1f/url'
10:13:35.767 [Forwarding getCurrentUrl on session c1a85a2b9ee5a029b3ddffedf9fa3b1f to remote] DEBUG org.asynchttpclient.netty.request.NettyRequestSender - Using open Channel [id: 0xd4a6fd73, L:/127.0.0.1:51933 - R:localhost/127.0.0.1:24795] for GET '/session/c1a85a2b9ee5a029b3ddffedf9fa3b1f/url'
10:13:35.769 [AsyncHttpClient-1-5] DEBUG org.asynchttpclient.netty.handler.HttpHandler - 

Request DefaultFullHttpRequest(decodeResult: success, version: HTTP/1.1, content: EmptyByteBufBE)
GET /session/c1a85a2b9ee5a029b3ddffedf9fa3b1f/url HTTP/1.1
User-Agent: selenium/4.8.1 (java windows)
Cache-Control: no-cache
Content-Type: application/json; charset=utf-8
host: localhost:24795
accept: */*

Response DefaultHttpResponse(decodeResult: success, version: HTTP/1.1)
HTTP/1.1 200 OK
Content-Length: 51
Content-Type: application/json; charset=utf-8
cache-control: no-cache

10:13:35.769 [AsyncHttpClient-1-5] DEBUG org.asynchttpclient.netty.channel.ChannelManager - Adding key: http://localhost:24795 for channel [id: 0xd4a6fd73, L:/127.0.0.1:51933 - R:localhost/127.0.0.1:24795]
10:13:35.770 [main] DEBUG net.thucydides.core.steps.StepInterceptor - STARTING STEP: CategorySteps.goToHomePage - clickToolbarTitle
10:13:35.771 [Forwarding findElement on session c1a85a2b9ee5a029b3ddffedf9fa3b1f to remote] DEBUG org.asynchttpclient.netty.request.NettyRequestSender - Using pooled Channel '[id: 0xd4a6fd73, L:/127.0.0.1:51933 - R:localhost/127.0.0.1:24795]' for 'POST' to 'http://localhost:24795/session/c1a85a2b9ee5a029b3ddffedf9fa3b1f/element'
10:13:35.771 [Forwarding findElement on session c1a85a2b9ee5a029b3ddffedf9fa3b1f to remote] DEBUG org.asynchttpclient.netty.request.NettyRequestSender - Using open Channel [id: 0xd4a6fd73, L:/127.0.0.1:51933 - R:localhost/127.0.0.1:24795] for POST '/session/c1a85a2b9ee5a029b3ddffedf9fa3b1f/element'
10:13:35.779 [AsyncHttpClient-1-5] DEBUG org.asynchttpclient.netty.handler.HttpHandler - 

Request DefaultHttpRequest(decodeResult: success, version: HTTP/1.1)
POST /session/c1a85a2b9ee5a029b3ddffedf9fa3b1f/element HTTP/1.1
User-Agent: selenium/4.8.1 (java windows)
Content-Length: 63
Content-Type: application/json; charset=utf-8
host: localhost:24795
accept: */*

Response DefaultHttpResponse(decodeResult: success, version: HTTP/1.1)
HTTP/1.1 200 OK
Content-Length: 88
Content-Type: application/json; charset=utf-8
cache-control: no-cache

10:13:35.779 [AsyncHttpClient-1-5] DEBUG org.asynchttpclient.netty.channel.ChannelManager - Adding key: http://localhost:24795 for channel [id: 0xd4a6fd73, L:/127.0.0.1:51933 - R:localhost/127.0.0.1:24795]
10:13:35.780 [Forwarding getElementTagName on session c1a85a2b9ee5a029b3ddffedf9fa3b1f to remote] DEBUG org.asynchttpclient.netty.request.NettyRequestSender - Using pooled Channel '[id: 0xd4a6fd73, L:/127.0.0.1:51933 - R:localhost/127.0.0.1:24795]' for 'GET' to 'http://localhost:24795/session/c1a85a2b9ee5a029b3ddffedf9fa3b1f/element/d4b1339a-f78f-4eee-9080-eaf092246efb/name'
10:13:35.780 [Forwarding getElementTagName on session c1a85a2b9ee5a029b3ddffedf9fa3b1f to remote] DEBUG org.asynchttpclient.netty.request.NettyRequestSender - Using open Channel [id: 0xd4a6fd73, L:/127.0.0.1:51933 - R:localhost/127.0.0.1:24795] for GET '/session/c1a85a2b9ee5a029b3ddffedf9fa3b1f/element/d4b1339a-f78f-4eee-9080-eaf092246efb/name'
10:13:35.783 [AsyncHttpClient-1-5] DEBUG org.asynchttpclient.netty.handler.HttpHandler - 

Request DefaultFullHttpRequest(decodeResult: success, version: HTTP/1.1, content: EmptyByteBufBE)
GET /session/c1a85a2b9ee5a029b3ddffedf9fa3b1f/element/d4b1339a-f78f-4eee-9080-eaf092246efb/name HTTP/1.1
User-Agent: selenium/4.8.1 (java windows)
Cache-Control: no-cache
Content-Type: application/json; charset=utf-8
host: localhost:24795
accept: */*

Response DefaultHttpResponse(decodeResult: success, version: HTTP/1.1)
HTTP/1.1 200 OK
Content-Length: 15
Content-Type: application/json; charset=utf-8
cache-control: no-cache

10:13:35.783 [AsyncHttpClient-1-5] DEBUG org.asynchttpclient.netty.channel.ChannelManager - Adding key: http://localhost:24795 for channel [id: 0xd4a6fd73, L:/127.0.0.1:51933 - R:localhost/127.0.0.1:24795]
10:13:35.784 [Forwarding getElementTagName on session c1a85a2b9ee5a029b3ddffedf9fa3b1f to remote] DEBUG org.asynchttpclient.netty.request.NettyRequestSender - Using pooled Channel '[id: 0xd4a6fd73, L:/127.0.0.1:51933 - R:localhost/127.0.0.1:24795]' for 'GET' to 'http://localhost:24795/session/c1a85a2b9ee5a029b3ddffedf9fa3b1f/element/d4b1339a-f78f-4eee-9080-eaf092246efb/name'
10:13:35.784 [Forwarding getElementTagName on session c1a85a2b9ee5a029b3ddffedf9fa3b1f to remote] DEBUG org.asynchttpclient.netty.request.NettyRequestSender - Using open Channel [id: 0xd4a6fd73, L:/127.0.0.1:51933 - R:localhost/127.0.0.1:24795] for GET '/session/c1a85a2b9ee5a029b3ddffedf9fa3b1f/element/d4b1339a-f78f-4eee-9080-eaf092246efb/name'
10:13:35.785 [AsyncHttpClient-1-5] DEBUG org.asynchttpclient.netty.handler.HttpHandler - 

Request DefaultFullHttpRequest(decodeResult: success, version: HTTP/1.1, content: EmptyByteBufBE)
GET /session/c1a85a2b9ee5a029b3ddffedf9fa3b1f/element/d4b1339a-f78f-4eee-9080-eaf092246efb/name HTTP/1.1
User-Agent: selenium/4.8.1 (java windows)
Cache-Control: no-cache
Content-Type: application/json; charset=utf-8
host: localhost:24795
accept: */*

Response DefaultHttpResponse(decodeResult: success, version: HTTP/1.1)
HTTP/1.1 200 OK
Content-Length: 15
Content-Type: application/json; charset=utf-8
cache-control: no-cache

10:13:35.785 [AsyncHttpClient-1-5] DEBUG org.asynchttpclient.netty.channel.ChannelManager - Adding key: http://localhost:24795 for channel [id: 0xd4a6fd73, L:/127.0.0.1:51933 - R:localhost/127.0.0.1:24795]
10:13:35.786 [Forwarding findElement on session c1a85a2b9ee5a029b3ddffedf9fa3b1f to remote] DEBUG org.asynchttpclient.netty.request.NettyRequestSender - Using pooled Channel '[id: 0xd4a6fd73, L:/127.0.0.1:51933 - R:localhost/127.0.0.1:24795]' for 'POST' to 'http://localhost:24795/session/c1a85a2b9ee5a029b3ddffedf9fa3b1f/element'
10:13:35.786 [Forwarding findElement on session c1a85a2b9ee5a029b3ddffedf9fa3b1f to remote] DEBUG org.asynchttpclient.netty.request.NettyRequestSender - Using open Channel [id: 0xd4a6fd73, L:/127.0.0.1:51933 - R:localhost/127.0.0.1:24795] for POST '/session/c1a85a2b9ee5a029b3ddffedf9fa3b1f/element'
10:13:35.790 [AsyncHttpClient-1-5] DEBUG org.asynchttpclient.netty.handler.HttpHandler - 

Request DefaultHttpRequest(decodeResult: success, version: HTTP/1.1)
POST /session/c1a85a2b9ee5a029b3ddffedf9fa3b1f/element HTTP/1.1
User-Agent: selenium/4.8.1 (java windows)
Content-Length: 63
Content-Type: application/json; charset=utf-8
host: localhost:24795
accept: */*

Response DefaultHttpResponse(decodeResult: success, version: HTTP/1.1)
HTTP/1.1 200 OK
Content-Length: 88
Content-Type: application/json; charset=utf-8
cache-control: no-cache

10:13:35.791 [AsyncHttpClient-1-5] DEBUG org.asynchttpclient.netty.channel.ChannelManager - Adding key: http://localhost:24795 for channel [id: 0xd4a6fd73, L:/127.0.0.1:51933 - R:localhost/127.0.0.1:24795]
10:13:35.791 [Forwarding clickElement on session c1a85a2b9ee5a029b3ddffedf9fa3b1f to remote] DEBUG org.asynchttpclient.netty.request.NettyRequestSender - Using pooled Channel '[id: 0xd4a6fd73, L:/127.0.0.1:51933 - R:localhost/127.0.0.1:24795]' for 'POST' to 'http://localhost:24795/session/c1a85a2b9ee5a029b3ddffedf9fa3b1f/element/d4b1339a-f78f-4eee-9080-eaf092246efb/click'
10:13:35.791 [Forwarding clickElement on session c1a85a2b9ee5a029b3ddffedf9fa3b1f to remote] DEBUG org.asynchttpclient.netty.request.NettyRequestSender - Using open Channel [id: 0xd4a6fd73, L:/127.0.0.1:51933 - R:localhost/127.0.0.1:24795] for POST '/session/c1a85a2b9ee5a029b3ddffedf9fa3b1f/element/d4b1339a-f78f-4eee-9080-eaf092246efb/click'
10:13:35.837 [AsyncHttpClient-1-5] DEBUG org.asynchttpclient.netty.handler.HttpHandler - 

Request DefaultHttpRequest(decodeResult: success, version: HTTP/1.1)
POST /session/c1a85a2b9ee5a029b3ddffedf9fa3b1f/element/d4b1339a-f78f-4eee-9080-eaf092246efb/click HTTP/1.1
User-Agent: selenium/4.8.1 (java windows)
Content-Length: 50
Content-Type: application/json; charset=utf-8
host: localhost:24795
accept: */*

Response DefaultHttpResponse(decodeResult: success, version: HTTP/1.1)
HTTP/1.1 200 OK
Content-Length: 14
Content-Type: application/json; charset=utf-8
cache-control: no-cache

10:13:35.837 [AsyncHttpClient-1-5] DEBUG org.asynchttpclient.netty.channel.ChannelManager - Adding key: http://localhost:24795 for channel [id: 0xd4a6fd73, L:/127.0.0.1:51933 - R:localhost/127.0.0.1:24795]
10:13:35.841 [Forwarding getAlertText on session c1a85a2b9ee5a029b3ddffedf9fa3b1f to remote] DEBUG org.asynchttpclient.netty.request.NettyRequestSender - Using pooled Channel '[id: 0xd4a6fd73, L:/127.0.0.1:51933 - R:localhost/127.0.0.1:24795]' for 'GET' to 'http://localhost:24795/session/c1a85a2b9ee5a029b3ddffedf9fa3b1f/alert/text'
10:13:35.841 [Forwarding getAlertText on session c1a85a2b9ee5a029b3ddffedf9fa3b1f to remote] DEBUG org.asynchttpclient.netty.request.NettyRequestSender - Using open Channel [id: 0xd4a6fd73, L:/127.0.0.1:51933 - R:localhost/127.0.0.1:24795] for GET '/session/c1a85a2b9ee5a029b3ddffedf9fa3b1f/alert/text'
10:13:35.842 [AsyncHttpClient-1-5] DEBUG org.asynchttpclient.netty.handler.HttpHandler - 

Request DefaultFullHttpRequest(decodeResult: success, version: HTTP/1.1, content: EmptyByteBufBE)
GET /session/c1a85a2b9ee5a029b3ddffedf9fa3b1f/alert/text HTTP/1.1
User-Agent: selenium/4.8.1 (java windows)
Cache-Control: no-cache
Content-Type: application/json; charset=utf-8
host: localhost:24795
accept: */*

Response DefaultHttpResponse(decodeResult: success, version: HTTP/1.1)
HTTP/1.1 404 Not Found
Content-Length: 836
Content-Type: application/json; charset=utf-8
cache-control: no-cache

10:13:35.842 [AsyncHttpClient-1-5] DEBUG org.asynchttpclient.netty.channel.ChannelManager - Adding key: http://localhost:24795 for channel [id: 0xd4a6fd73, L:/127.0.0.1:51933 - R:localhost/127.0.0.1:24795]
10:13:35.843 [Forwarding getCurrentUrl on session c1a85a2b9ee5a029b3ddffedf9fa3b1f to remote] DEBUG org.asynchttpclient.netty.request.NettyRequestSender - Using pooled Channel '[id: 0xd4a6fd73, L:/127.0.0.1:51933 - R:localhost/127.0.0.1:24795]' for 'GET' to 'http://localhost:24795/session/c1a85a2b9ee5a029b3ddffedf9fa3b1f/url'
10:13:35.843 [Forwarding getCurrentUrl on session c1a85a2b9ee5a029b3ddffedf9fa3b1f to remote] DEBUG org.asynchttpclient.netty.request.NettyRequestSender - Using open Channel [id: 0xd4a6fd73, L:/127.0.0.1:51933 - R:localhost/127.0.0.1:24795] for GET '/session/c1a85a2b9ee5a029b3ddffedf9fa3b1f/url'
10:13:35.846 [AsyncHttpClient-1-5] DEBUG org.asynchttpclient.netty.handler.HttpHandler - 

Request DefaultFullHttpRequest(decodeResult: success, version: HTTP/1.1, content: EmptyByteBufBE)
GET /session/c1a85a2b9ee5a029b3ddffedf9fa3b1f/url HTTP/1.1
User-Agent: selenium/4.8.1 (java windows)
Cache-Control: no-cache
Content-Type: application/json; charset=utf-8
host: localhost:24795
accept: */*

Response DefaultHttpResponse(decodeResult: success, version: HTTP/1.1)
HTTP/1.1 200 OK
Content-Length: 41
Content-Type: application/json; charset=utf-8
cache-control: no-cache

10:13:35.846 [AsyncHttpClient-1-5] DEBUG org.asynchttpclient.netty.channel.ChannelManager - Adding key: http://localhost:24795 for channel [id: 0xd4a6fd73, L:/127.0.0.1:51933 - R:localhost/127.0.0.1:24795]
10:13:35.847 [Forwarding screenshot on session c1a85a2b9ee5a029b3ddffedf9fa3b1f to remote] DEBUG org.asynchttpclient.netty.request.NettyRequestSender - Using pooled Channel '[id: 0xd4a6fd73, L:/127.0.0.1:51933 - R:localhost/127.0.0.1:24795]' for 'GET' to 'http://localhost:24795/session/c1a85a2b9ee5a029b3ddffedf9fa3b1f/screenshot'
10:13:35.847 [Forwarding screenshot on session c1a85a2b9ee5a029b3ddffedf9fa3b1f to remote] DEBUG org.asynchttpclient.netty.request.NettyRequestSender - Using open Channel [id: 0xd4a6fd73, L:/127.0.0.1:51933 - R:localhost/127.0.0.1:24795] for GET '/session/c1a85a2b9ee5a029b3ddffedf9fa3b1f/screenshot'
10:13:36.006 [AsyncHttpClient-1-5] DEBUG org.asynchttpclient.netty.handler.HttpHandler - 

Request DefaultFullHttpRequest(decodeResult: success, version: HTTP/1.1, content: EmptyByteBufBE)
GET /session/c1a85a2b9ee5a029b3ddffedf9fa3b1f/screenshot HTTP/1.1
User-Agent: selenium/4.8.1 (java windows)
Cache-Control: no-cache
Content-Type: application/json; charset=utf-8
host: localhost:24795
accept: */*

Response DefaultHttpResponse(decodeResult: success, version: HTTP/1.1)
HTTP/1.1 200 OK
Content-Length: 29608
Content-Type: application/json; charset=utf-8
cache-control: no-cache

10:13:36.006 [AsyncHttpClient-1-5] DEBUG org.asynchttpclient.netty.channel.ChannelManager - Adding key: http://localhost:24795 for channel [id: 0xd4a6fd73, L:/127.0.0.1:51933 - R:localhost/127.0.0.1:24795]
10:13:36.007 [main] DEBUG net.serenitybdd.core.photography.Darkroom - Send negative for processing for target\site\serenity\b24afe708df828b66f8ebd2f5190f8755b4634f8f955e9e498cebedec02c1527.png
10:13:36.008 [main] DEBUG net.thucydides.core.steps.StepInterceptor - STEP DONE: clickToolbarTitle
  &amp#27;[32mGiven &amp#27;[0m&amp#27;[32mI go to the alta shop home page&amp#27;[0m            &amp#27;[90m# starter.stepdefinitions.CategorySteps.goToHomePage()&amp#27;[0m
10:13:36.013 [Forwarding getPageSource on session c1a85a2b9ee5a029b3ddffedf9fa3b1f to remote] DEBUG org.asynchttpclient.netty.request.NettyRequestSender - Using pooled Channel '[id: 0xd4a6fd73, L:/127.0.0.1:51933 - R:localhost/127.0.0.1:24795]' for 'POST' to 'http://localhost:24795/session/c1a85a2b9ee5a029b3ddffedf9fa3b1f/execute/sync'
10:13:36.013 [Forwarding getPageSource on session c1a85a2b9ee5a029b3ddffedf9fa3b1f to remote] DEBUG org.asynchttpclient.netty.request.NettyRequestSender - Using open Channel [id: 0xd4a6fd73, L:/127.0.0.1:51933 - R:localhost/127.0.0.1:24795] for POST '/session/c1a85a2b9ee5a029b3ddffedf9fa3b1f/execute/sync'
10:13:36.395 [AsyncHttpClient-1-1] DEBUG org.asynchttpclient.netty.channel.DefaultChannelPool - Entry count for : http://localhost:51934 : 1
10:13:36.692 [AsyncHttpClient-1-5] DEBUG org.asynchttpclient.netty.handler.HttpHandler - 

Request DefaultHttpRequest(decodeResult: success, version: HTTP/1.1)
POST /session/c1a85a2b9ee5a029b3ddffedf9fa3b1f/execute/sync HTTP/1.1
User-Agent: selenium/4.8.1 (java windows)
Content-Length: 176
Content-Type: application/json; charset=utf-8
host: localhost:24795
accept: */*

Response DefaultHttpResponse(decodeResult: success, version: HTTP/1.1)
HTTP/1.1 200 OK
Content-Length: 289894
Content-Type: application/json; charset=utf-8
cache-control: no-cache

10:13:36.693 [AsyncHttpClient-1-5] DEBUG org.asynchttpclient.netty.channel.ChannelManager - Adding key: http://localhost:24795 for channel [id: 0xd4a6fd73, L:/127.0.0.1:51933 - R:localhost/127.0.0.1:24795]
10:13:36.711 [Forwarding getCurrentUrl on session c1a85a2b9ee5a029b3ddffedf9fa3b1f to remote] DEBUG org.asynchttpclient.netty.request.NettyRequestSender - Using pooled Channel '[id: 0xd4a6fd73, L:/127.0.0.1:51933 - R:localhost/127.0.0.1:24795]' for 'GET' to 'http://localhost:24795/session/c1a85a2b9ee5a029b3ddffedf9fa3b1f/url'
10:13:36.711 [Forwarding getCurrentUrl on session c1a85a2b9ee5a029b3ddffedf9fa3b1f to remote] DEBUG org.asynchttpclient.netty.request.NettyRequestSender - Using open Channel [id: 0xd4a6fd73, L:/127.0.0.1:51933 - R:localhost/127.0.0.1:24795] for GET '/session/c1a85a2b9ee5a029b3ddffedf9fa3b1f/url'
10:13:36.713 [AsyncHttpClient-1-5] DEBUG org.asynchttpclient.netty.handler.HttpHandler - 

Request DefaultFullHttpRequest(decodeResult: success, version: HTTP/1.1, content: EmptyByteBufBE)
GET /session/c1a85a2b9ee5a029b3ddffedf9fa3b1f/url HTTP/1.1
User-Agent: selenium/4.8.1 (java windows)
Cache-Control: no-cache
Content-Type: application/json; charset=utf-8
host: localhost:24795
accept: */*

Response DefaultHttpResponse(decodeResult: success, version: HTTP/1.1)
HTTP/1.1 200 OK
Content-Length: 41
Content-Type: application/json; charset=utf-8
cache-control: no-cache

10:13:36.713 [AsyncHttpClient-1-5] DEBUG org.asynchttpclient.netty.channel.ChannelManager - Adding key: http://localhost:24795 for channel [id: 0xd4a6fd73, L:/127.0.0.1:51933 - R:localhost/127.0.0.1:24795]
10:13:36.728 [Forwarding getAlertText on session c1a85a2b9ee5a029b3ddffedf9fa3b1f to remote] DEBUG org.asynchttpclient.netty.request.NettyRequestSender - Using pooled Channel '[id: 0xd4a6fd73, L:/127.0.0.1:51933 - R:localhost/127.0.0.1:24795]' for 'GET' to 'http://localhost:24795/session/c1a85a2b9ee5a029b3ddffedf9fa3b1f/alert/text'
10:13:36.729 [Forwarding getAlertText on session c1a85a2b9ee5a029b3ddffedf9fa3b1f to remote] DEBUG org.asynchttpclient.netty.request.NettyRequestSender - Using open Channel [id: 0xd4a6fd73, L:/127.0.0.1:51933 - R:localhost/127.0.0.1:24795] for GET '/session/c1a85a2b9ee5a029b3ddffedf9fa3b1f/alert/text'
10:13:36.729 [AsyncHttpClient-1-5] DEBUG org.asynchttpclient.netty.handler.HttpHandler - 

Request DefaultFullHttpRequest(decodeResult: success, version: HTTP/1.1, content: EmptyByteBufBE)
GET /session/c1a85a2b9ee5a029b3ddffedf9fa3b1f/alert/text HTTP/1.1
User-Agent: selenium/4.8.1 (java windows)
Cache-Control: no-cache
Content-Type: application/json; charset=utf-8
host: localhost:24795
accept: */*

Response DefaultHttpResponse(decodeResult: success, version: HTTP/1.1)
HTTP/1.1 404 Not Found
Content-Length: 836
Content-Type: application/json; charset=utf-8
cache-control: no-cache

10:13:36.730 [AsyncHttpClient-1-5] DEBUG org.asynchttpclient.netty.channel.ChannelManager - Adding key: http://localhost:24795 for channel [id: 0xd4a6fd73, L:/127.0.0.1:51933 - R:localhost/127.0.0.1:24795]
10:13:36.730 [Forwarding getCurrentUrl on session c1a85a2b9ee5a029b3ddffedf9fa3b1f to remote] DEBUG org.asynchttpclient.netty.request.NettyRequestSender - Using pooled Channel '[id: 0xd4a6fd73, L:/127.0.0.1:51933 - R:localhost/127.0.0.1:24795]' for 'GET' to 'http://localhost:24795/session/c1a85a2b9ee5a029b3ddffedf9fa3b1f/url'
10:13:36.730 [Forwarding getCurrentUrl on session c1a85a2b9ee5a029b3ddffedf9fa3b1f to remote] DEBUG org.asynchttpclient.netty.request.NettyRequestSender - Using open Channel [id: 0xd4a6fd73, L:/127.0.0.1:51933 - R:localhost/127.0.0.1:24795] for GET '/session/c1a85a2b9ee5a029b3ddffedf9fa3b1f/url'
10:13:36.732 [AsyncHttpClient-1-5] DEBUG org.asynchttpclient.netty.handler.HttpHandler - 

Request DefaultFullHttpRequest(decodeResult: success, version: HTTP/1.1, content: EmptyByteBufBE)
GET /session/c1a85a2b9ee5a029b3ddffedf9fa3b1f/url HTTP/1.1
User-Agent: selenium/4.8.1 (java windows)
Cache-Control: no-cache
Content-Type: application/json; charset=utf-8
host: localhost:24795
accept: */*

Response DefaultHttpResponse(decodeResult: success, version: HTTP/1.1)
HTTP/1.1 200 OK
Content-Length: 41
Content-Type: application/json; charset=utf-8
cache-control: no-cache

10:13:36.733 [AsyncHttpClient-1-5] DEBUG org.asynchttpclient.netty.channel.ChannelManager - Adding key: http://localhost:24795 for channel [id: 0xd4a6fd73, L:/127.0.0.1:51933 - R:localhost/127.0.0.1:24795]
10:13:36.733 [Forwarding screenshot on session c1a85a2b9ee5a029b3ddffedf9fa3b1f to remote] DEBUG org.asynchttpclient.netty.request.NettyRequestSender - Using pooled Channel '[id: 0xd4a6fd73, L:/127.0.0.1:51933 - R:localhost/127.0.0.1:24795]' for 'GET' to 'http://localhost:24795/session/c1a85a2b9ee5a029b3ddffedf9fa3b1f/screenshot'
10:13:36.733 [Forwarding screenshot on session c1a85a2b9ee5a029b3ddffedf9fa3b1f to remote] DEBUG org.asynchttpclient.netty.request.NettyRequestSender - Using open Channel [id: 0xd4a6fd73, L:/127.0.0.1:51933 - R:localhost/127.0.0.1:24795] for GET '/session/c1a85a2b9ee5a029b3ddffedf9fa3b1f/screenshot'
10:13:36.823 [AsyncHttpClient-1-5] DEBUG org.asynchttpclient.netty.handler.HttpHandler - 

Request DefaultFullHttpRequest(decodeResult: success, version: HTTP/1.1, content: EmptyByteBufBE)
GET /session/c1a85a2b9ee5a029b3ddffedf9fa3b1f/screenshot HTTP/1.1
User-Agent: selenium/4.8.1 (java windows)
Cache-Control: no-cache
Content-Type: application/json; charset=utf-8
host: localhost:24795
accept: */*

Response DefaultHttpResponse(decodeResult: success, version: HTTP/1.1)
HTTP/1.1 200 OK
Content-Length: 78524
Content-Type: application/json; charset=utf-8
cache-control: no-cache

10:13:36.823 [AsyncHttpClient-1-5] DEBUG org.asynchttpclient.netty.channel.ChannelManager - Adding key: http://localhost:24795 for channel [id: 0xd4a6fd73, L:/127.0.0.1:51933 - R:localhost/127.0.0.1:24795]
10:13:36.825 [main] DEBUG net.serenitybdd.core.photography.Darkroom - Send negative for processing for target\site\serenity\7b7833cda13f9d35d96f29c83e4c381b70d5b99cd890746c6b5f38a7a429ba7e.png
10:13:36.825 [Forwarding getPageSource on session c1a85a2b9ee5a029b3ddffedf9fa3b1f to remote] DEBUG org.asynchttpclient.netty.request.NettyRequestSender - Using pooled Channel '[id: 0xd4a6fd73, L:/127.0.0.1:51933 - R:localhost/127.0.0.1:24795]' for 'POST' to 'http://localhost:24795/session/c1a85a2b9ee5a029b3ddffedf9fa3b1f/execute/sync'
10:13:36.825 [Forwarding getPageSource on session c1a85a2b9ee5a029b3ddffedf9fa3b1f to remote] DEBUG org.asynchttpclient.netty.request.NettyRequestSender - Using open Channel [id: 0xd4a6fd73, L:/127.0.0.1:51933 - R:localhost/127.0.0.1:24795] for POST '/session/c1a85a2b9ee5a029b3ddffedf9fa3b1f/execute/sync'
10:13:36.840 [AsyncHttpClient-1-5] DEBUG org.asynchttpclient.netty.handler.HttpHandler - 

Request DefaultHttpRequest(decodeResult: success, version: HTTP/1.1)
POST /session/c1a85a2b9ee5a029b3ddffedf9fa3b1f/execute/sync HTTP/1.1
User-Agent: selenium/4.8.1 (java windows)
Content-Length: 176
Content-Type: application/json; charset=utf-8
host: localhost:24795
accept: */*

Response DefaultHttpResponse(decodeResult: success, version: HTTP/1.1)
HTTP/1.1 200 OK
Content-Length: 289894
Content-Type: application/json; charset=utf-8
cache-control: no-cache

10:13:36.841 [AsyncHttpClient-1-5] DEBUG org.asynchttpclient.netty.channel.ChannelManager - Adding key: http://localhost:24795 for channel [id: 0xd4a6fd73, L:/127.0.0.1:51933 - R:localhost/127.0.0.1:24795]
10:13:36.857 [Forwarding getCurrentUrl on session c1a85a2b9ee5a029b3ddffedf9fa3b1f to remote] DEBUG org.asynchttpclient.netty.request.NettyRequestSender - Using pooled Channel '[id: 0xd4a6fd73, L:/127.0.0.1:51933 - R:localhost/127.0.0.1:24795]' for 'GET' to 'http://localhost:24795/session/c1a85a2b9ee5a029b3ddffedf9fa3b1f/url'
10:13:36.857 [Forwarding getCurrentUrl on session c1a85a2b9ee5a029b3ddffedf9fa3b1f to remote] DEBUG org.asynchttpclient.netty.request.NettyRequestSender - Using open Channel [id: 0xd4a6fd73, L:/127.0.0.1:51933 - R:localhost/127.0.0.1:24795] for GET '/session/c1a85a2b9ee5a029b3ddffedf9fa3b1f/url'
10:13:36.860 [AsyncHttpClient-1-5] DEBUG org.asynchttpclient.netty.handler.HttpHandler - 

Request DefaultFullHttpRequest(decodeResult: success, version: HTTP/1.1, content: EmptyByteBufBE)
GET /session/c1a85a2b9ee5a029b3ddffedf9fa3b1f/url HTTP/1.1
User-Agent: selenium/4.8.1 (java windows)
Cache-Control: no-cache
Content-Type: application/json; charset=utf-8
host: localhost:24795
accept: */*

Response DefaultHttpResponse(decodeResult: success, version: HTTP/1.1)
HTTP/1.1 200 OK
Content-Length: 41
Content-Type: application/json; charset=utf-8
cache-control: no-cache

10:13:36.860 [AsyncHttpClient-1-5] DEBUG org.asynchttpclient.netty.channel.ChannelManager - Adding key: http://localhost:24795 for channel [id: 0xd4a6fd73, L:/127.0.0.1:51933 - R:localhost/127.0.0.1:24795]
10:13:36.861 [main] DEBUG net.thucydides.core.steps.StepInterceptor - STARTING STEP: ProductSteps.clickBeliButton - clickBeliButton
10:13:36.863 [Forwarding findElement on session c1a85a2b9ee5a029b3ddffedf9fa3b1f to remote] DEBUG org.asynchttpclient.netty.request.NettyRequestSender - Using pooled Channel '[id: 0xd4a6fd73, L:/127.0.0.1:51933 - R:localhost/127.0.0.1:24795]' for 'POST' to 'http://localhost:24795/session/c1a85a2b9ee5a029b3ddffedf9fa3b1f/element'
10:13:36.863 [Forwarding findElement on session c1a85a2b9ee5a029b3ddffedf9fa3b1f to remote] DEBUG org.asynchttpclient.netty.request.NettyRequestSender - Using open Channel [id: 0xd4a6fd73, L:/127.0.0.1:51933 - R:localhost/127.0.0.1:24795] for POST '/session/c1a85a2b9ee5a029b3ddffedf9fa3b1f/element'
10:13:36.873 [AsyncHttpClient-1-5] DEBUG org.asynchttpclient.netty.handler.HttpHandler - 

Request DefaultHttpRequest(decodeResult: success, version: HTTP/1.1)
POST /session/c1a85a2b9ee5a029b3ddffedf9fa3b1f/element HTTP/1.1
User-Agent: selenium/4.8.1 (java windows)
Content-Length: 173
Content-Type: application/json; charset=utf-8
host: localhost:24795
accept: */*

Response DefaultHttpResponse(decodeResult: success, version: HTTP/1.1)
HTTP/1.1 200 OK
Content-Length: 88
Content-Type: application/json; charset=utf-8
cache-control: no-cache

10:13:36.873 [AsyncHttpClient-1-5] DEBUG org.asynchttpclient.netty.channel.ChannelManager - Adding key: http://localhost:24795 for channel [id: 0xd4a6fd73, L:/127.0.0.1:51933 - R:localhost/127.0.0.1:24795]
10:13:36.874 [Forwarding getElementTagName on session c1a85a2b9ee5a029b3ddffedf9fa3b1f to remote] DEBUG org.asynchttpclient.netty.request.NettyRequestSender - Using pooled Channel '[id: 0xd4a6fd73, L:/127.0.0.1:51933 - R:localhost/127.0.0.1:24795]' for 'GET' to 'http://localhost:24795/session/c1a85a2b9ee5a029b3ddffedf9fa3b1f/element/a3c3b783-28eb-4ed7-b994-d4c5c990502e/name'
10:13:36.874 [Forwarding getElementTagName on session c1a85a2b9ee5a029b3ddffedf9fa3b1f to remote] DEBUG org.asynchttpclient.netty.request.NettyRequestSender - Using open Channel [id: 0xd4a6fd73, L:/127.0.0.1:51933 - R:localhost/127.0.0.1:24795] for GET '/session/c1a85a2b9ee5a029b3ddffedf9fa3b1f/element/a3c3b783-28eb-4ed7-b994-d4c5c990502e/name'
10:13:36.876 [AsyncHttpClient-1-5] DEBUG org.asynchttpclient.netty.handler.HttpHandler - 

Request DefaultFullHttpRequest(decodeResult: success, version: HTTP/1.1, content: EmptyByteBufBE)
GET /session/c1a85a2b9ee5a029b3ddffedf9fa3b1f/element/a3c3b783-28eb-4ed7-b994-d4c5c990502e/name HTTP/1.1
User-Agent: selenium/4.8.1 (java windows)
Cache-Control: no-cache
Content-Type: application/json; charset=utf-8
host: localhost:24795
accept: */*

Response DefaultHttpResponse(decodeResult: success, version: HTTP/1.1)
HTTP/1.1 200 OK
Content-Length: 18
Content-Type: application/json; charset=utf-8
cache-control: no-cache

10:13:36.876 [AsyncHttpClient-1-5] DEBUG org.asynchttpclient.netty.channel.ChannelManager - Adding key: http://localhost:24795 for channel [id: 0xd4a6fd73, L:/127.0.0.1:51933 - R:localhost/127.0.0.1:24795]
10:13:36.877 [Forwarding getElementTagName on session c1a85a2b9ee5a029b3ddffedf9fa3b1f to remote] DEBUG org.asynchttpclient.netty.request.NettyRequestSender - Using pooled Channel '[id: 0xd4a6fd73, L:/127.0.0.1:51933 - R:localhost/127.0.0.1:24795]' for 'GET' to 'http://localhost:24795/session/c1a85a2b9ee5a029b3ddffedf9fa3b1f/element/a3c3b783-28eb-4ed7-b994-d4c5c990502e/name'
10:13:36.877 [Forwarding getElementTagName on session c1a85a2b9ee5a029b3ddffedf9fa3b1f to remote] DEBUG org.asynchttpclient.netty.request.NettyRequestSender - Using open Channel [id: 0xd4a6fd73, L:/127.0.0.1:51933 - R:localhost/127.0.0.1:24795] for GET '/session/c1a85a2b9ee5a029b3ddffedf9fa3b1f/element/a3c3b783-28eb-4ed7-b994-d4c5c990502e/name'
10:13:36.879 [AsyncHttpClient-1-5] DEBUG org.asynchttpclient.netty.handler.HttpHandler - 

Request DefaultFullHttpRequest(decodeResult: success, version: HTTP/1.1, content: EmptyByteBufBE)
GET /session/c1a85a2b9ee5a029b3ddffedf9fa3b1f/element/a3c3b783-28eb-4ed7-b994-d4c5c990502e/name HTTP/1.1
User-Agent: selenium/4.8.1 (java windows)
Cache-Control: no-cache
Content-Type: application/json; charset=utf-8
host: localhost:24795
accept: */*

Response DefaultHttpResponse(decodeResult: success, version: HTTP/1.1)
HTTP/1.1 200 OK
Content-Length: 18
Content-Type: application/json; charset=utf-8
cache-control: no-cache

10:13:36.879 [AsyncHttpClient-1-5] DEBUG org.asynchttpclient.netty.channel.ChannelManager - Adding key: http://localhost:24795 for channel [id: 0xd4a6fd73, L:/127.0.0.1:51933 - R:localhost/127.0.0.1:24795]
10:13:36.880 [Forwarding isElementEnabled on session c1a85a2b9ee5a029b3ddffedf9fa3b1f to remote] DEBUG org.asynchttpclient.netty.request.NettyRequestSender - Using pooled Channel '[id: 0xd4a6fd73, L:/127.0.0.1:51933 - R:localhost/127.0.0.1:24795]' for 'GET' to 'http://localhost:24795/session/c1a85a2b9ee5a029b3ddffedf9fa3b1f/element/a3c3b783-28eb-4ed7-b994-d4c5c990502e/enabled'
10:13:36.880 [Forwarding isElementEnabled on session c1a85a2b9ee5a029b3ddffedf9fa3b1f to remote] DEBUG org.asynchttpclient.netty.request.NettyRequestSender - Using open Channel [id: 0xd4a6fd73, L:/127.0.0.1:51933 - R:localhost/127.0.0.1:24795] for GET '/session/c1a85a2b9ee5a029b3ddffedf9fa3b1f/element/a3c3b783-28eb-4ed7-b994-d4c5c990502e/enabled'
10:13:36.886 [AsyncHttpClient-1-5] DEBUG org.asynchttpclient.netty.handler.HttpHandler - 

Request DefaultFullHttpRequest(decodeResult: success, version: HTTP/1.1, content: EmptyByteBufBE)
GET /session/c1a85a2b9ee5a029b3ddffedf9fa3b1f/element/a3c3b783-28eb-4ed7-b994-d4c5c990502e/enabled HTTP/1.1
User-Agent: selenium/4.8.1 (java windows)
Cache-Control: no-cache
Content-Type: application/json; charset=utf-8
host: localhost:24795
accept: */*

Response DefaultHttpResponse(decodeResult: success, version: HTTP/1.1)
HTTP/1.1 200 OK
Content-Length: 14
Content-Type: application/json; charset=utf-8
cache-control: no-cache

10:13:36.886 [AsyncHttpClient-1-5] DEBUG org.asynchttpclient.netty.channel.ChannelManager - Adding key: http://localhost:24795 for channel [id: 0xd4a6fd73, L:/127.0.0.1:51933 - R:localhost/127.0.0.1:24795]
10:13:36.887 [Forwarding isElementEnabled on session c1a85a2b9ee5a029b3ddffedf9fa3b1f to remote] DEBUG org.asynchttpclient.netty.request.NettyRequestSender - Using pooled Channel '[id: 0xd4a6fd73, L:/127.0.0.1:51933 - R:localhost/127.0.0.1:24795]' for 'GET' to 'http://localhost:24795/session/c1a85a2b9ee5a029b3ddffedf9fa3b1f/element/a3c3b783-28eb-4ed7-b994-d4c5c990502e/enabled'
10:13:36.887 [Forwarding isElementEnabled on session c1a85a2b9ee5a029b3ddffedf9fa3b1f to remote] DEBUG org.asynchttpclient.netty.request.NettyRequestSender - Using open Channel [id: 0xd4a6fd73, L:/127.0.0.1:51933 - R:localhost/127.0.0.1:24795] for GET '/session/c1a85a2b9ee5a029b3ddffedf9fa3b1f/element/a3c3b783-28eb-4ed7-b994-d4c5c990502e/enabled'
10:13:36.891 [AsyncHttpClient-1-5] DEBUG org.asynchttpclient.netty.handler.HttpHandler - 

Request DefaultFullHttpRequest(decodeResult: success, version: HTTP/1.1, content: EmptyByteBufBE)
GET /session/c1a85a2b9ee5a029b3ddffedf9fa3b1f/element/a3c3b783-28eb-4ed7-b994-d4c5c990502e/enabled HTTP/1.1
User-Agent: selenium/4.8.1 (java windows)
Cache-Control: no-cache
Content-Type: application/json; charset=utf-8
host: localhost:24795
accept: */*

Response DefaultHttpResponse(decodeResult: success, version: HTTP/1.1)
HTTP/1.1 200 OK
Content-Length: 14
Content-Type: application/json; charset=utf-8
cache-control: no-cache

10:13:36.891 [AsyncHttpClient-1-5] DEBUG org.asynchttpclient.netty.channel.ChannelManager - Adding key: http://localhost:24795 for channel [id: 0xd4a6fd73, L:/127.0.0.1:51933 - R:localhost/127.0.0.1:24795]
10:13:36.892 [Forwarding findElement on session c1a85a2b9ee5a029b3ddffedf9fa3b1f to remote] DEBUG org.asynchttpclient.netty.request.NettyRequestSender - Using pooled Channel '[id: 0xd4a6fd73, L:/127.0.0.1:51933 - R:localhost/127.0.0.1:24795]' for 'POST' to 'http://localhost:24795/session/c1a85a2b9ee5a029b3ddffedf9fa3b1f/element'
10:13:36.892 [Forwarding findElement on session c1a85a2b9ee5a029b3ddffedf9fa3b1f to remote] DEBUG org.asynchttpclient.netty.request.NettyRequestSender - Using open Channel [id: 0xd4a6fd73, L:/127.0.0.1:51933 - R:localhost/127.0.0.1:24795] for POST '/session/c1a85a2b9ee5a029b3ddffedf9fa3b1f/element'
10:13:36.897 [AsyncHttpClient-1-5] DEBUG org.asynchttpclient.netty.handler.HttpHandler - 

Request DefaultHttpRequest(decodeResult: success, version: HTTP/1.1)
POST /session/c1a85a2b9ee5a029b3ddffedf9fa3b1f/element HTTP/1.1
User-Agent: selenium/4.8.1 (java windows)
Content-Length: 173
Content-Type: application/json; charset=utf-8
host: localhost:24795
accept: */*

Response DefaultHttpResponse(decodeResult: success, version: HTTP/1.1)
HTTP/1.1 200 OK
Content-Length: 88
Content-Type: application/json; charset=utf-8
cache-control: no-cache

10:13:36.897 [AsyncHttpClient-1-5] DEBUG org.asynchttpclient.netty.channel.ChannelManager - Adding key: http://localhost:24795 for channel [id: 0xd4a6fd73, L:/127.0.0.1:51933 - R:localhost/127.0.0.1:24795]
10:13:36.898 [Forwarding clickElement on session c1a85a2b9ee5a029b3ddffedf9fa3b1f to remote] DEBUG org.asynchttpclient.netty.request.NettyRequestSender - Using pooled Channel '[id: 0xd4a6fd73, L:/127.0.0.1:51933 - R:localhost/127.0.0.1:24795]' for 'POST' to 'http://localhost:24795/session/c1a85a2b9ee5a029b3ddffedf9fa3b1f/element/a3c3b783-28eb-4ed7-b994-d4c5c990502e/click'
10:13:36.898 [Forwarding clickElement on session c1a85a2b9ee5a029b3ddffedf9fa3b1f to remote] DEBUG org.asynchttpclient.netty.request.NettyRequestSender - Using open Channel [id: 0xd4a6fd73, L:/127.0.0.1:51933 - R:localhost/127.0.0.1:24795] for POST '/session/c1a85a2b9ee5a029b3ddffedf9fa3b1f/element/a3c3b783-28eb-4ed7-b994-d4c5c990502e/click'
10:13:36.941 [AsyncHttpClient-1-5] DEBUG org.asynchttpclient.netty.handler.HttpHandler - 

Request DefaultHttpRequest(decodeResult: success, version: HTTP/1.1)
POST /session/c1a85a2b9ee5a029b3ddffedf9fa3b1f/element/a3c3b783-28eb-4ed7-b994-d4c5c990502e/click HTTP/1.1
User-Agent: selenium/4.8.1 (java windows)
Content-Length: 50
Content-Type: application/json; charset=utf-8
host: localhost:24795
accept: */*

Response DefaultHttpResponse(decodeResult: success, version: HTTP/1.1)
HTTP/1.1 200 OK
Content-Length: 14
Content-Type: application/json; charset=utf-8
cache-control: no-cache

10:13:36.941 [AsyncHttpClient-1-5] DEBUG org.asynchttpclient.netty.channel.ChannelManager - Adding key: http://localhost:24795 for channel [id: 0xd4a6fd73, L:/127.0.0.1:51933 - R:localhost/127.0.0.1:24795]
10:13:36.945 [Forwarding getAlertText on session c1a85a2b9ee5a029b3ddffedf9fa3b1f to remote] DEBUG org.asynchttpclient.netty.request.NettyRequestSender - Using pooled Channel '[id: 0xd4a6fd73, L:/127.0.0.1:51933 - R:localhost/127.0.0.1:24795]' for 'GET' to 'http://localhost:24795/session/c1a85a2b9ee5a029b3ddffedf9fa3b1f/alert/text'
10:13:36.945 [Forwarding getAlertText on session c1a85a2b9ee5a029b3ddffedf9fa3b1f to remote] DEBUG org.asynchttpclient.netty.request.NettyRequestSender - Using open Channel [id: 0xd4a6fd73, L:/127.0.0.1:51933 - R:localhost/127.0.0.1:24795] for GET '/session/c1a85a2b9ee5a029b3ddffedf9fa3b1f/alert/text'
10:13:36.946 [AsyncHttpClient-1-5] DEBUG org.asynchttpclient.netty.handler.HttpHandler - 

Request DefaultFullHttpRequest(decodeResult: success, version: HTTP/1.1, content: EmptyByteBufBE)
GET /session/c1a85a2b9ee5a029b3ddffedf9fa3b1f/alert/text HTTP/1.1
User-Agent: selenium/4.8.1 (java windows)
Cache-Control: no-cache
Content-Type: application/json; charset=utf-8
host: localhost:24795
accept: */*

Response DefaultHttpResponse(decodeResult: success, version: HTTP/1.1)
HTTP/1.1 404 Not Found
Content-Length: 836
Content-Type: application/json; charset=utf-8
cache-control: no-cache

10:13:36.946 [AsyncHttpClient-1-5] DEBUG org.asynchttpclient.netty.channel.ChannelManager - Adding key: http://localhost:24795 for channel [id: 0xd4a6fd73, L:/127.0.0.1:51933 - R:localhost/127.0.0.1:24795]
10:13:36.947 [Forwarding getCurrentUrl on session c1a85a2b9ee5a029b3ddffedf9fa3b1f to remote] DEBUG org.asynchttpclient.netty.request.NettyRequestSender - Using pooled Channel '[id: 0xd4a6fd73, L:/127.0.0.1:51933 - R:localhost/127.0.0.1:24795]' for 'GET' to 'http://localhost:24795/session/c1a85a2b9ee5a029b3ddffedf9fa3b1f/url'
10:13:36.947 [Forwarding getCurrentUrl on session c1a85a2b9ee5a029b3ddffedf9fa3b1f to remote] DEBUG org.asynchttpclient.netty.request.NettyRequestSender - Using open Channel [id: 0xd4a6fd73, L:/127.0.0.1:51933 - R:localhost/127.0.0.1:24795] for GET '/session/c1a85a2b9ee5a029b3ddffedf9fa3b1f/url'
10:13:36.949 [AsyncHttpClient-1-5] DEBUG org.asynchttpclient.netty.handler.HttpHandler - 

Request DefaultFullHttpRequest(decodeResult: success, version: HTTP/1.1, content: EmptyByteBufBE)
GET /session/c1a85a2b9ee5a029b3ddffedf9fa3b1f/url HTTP/1.1
User-Agent: selenium/4.8.1 (java windows)
Cache-Control: no-cache
Content-Type: application/json; charset=utf-8
host: localhost:24795
accept: */*

Response DefaultHttpResponse(decodeResult: success, version: HTTP/1.1)
HTTP/1.1 200 OK
Content-Length: 41
Content-Type: application/json; charset=utf-8
cache-control: no-cache

10:13:36.949 [AsyncHttpClient-1-5] DEBUG org.asynchttpclient.netty.channel.ChannelManager - Adding key: http://localhost:24795 for channel [id: 0xd4a6fd73, L:/127.0.0.1:51933 - R:localhost/127.0.0.1:24795]
10:13:36.950 [Forwarding screenshot on session c1a85a2b9ee5a029b3ddffedf9fa3b1f to remote] DEBUG org.asynchttpclient.netty.request.NettyRequestSender - Using pooled Channel '[id: 0xd4a6fd73, L:/127.0.0.1:51933 - R:localhost/127.0.0.1:24795]' for 'GET' to 'http://localhost:24795/session/c1a85a2b9ee5a029b3ddffedf9fa3b1f/screenshot'
10:13:36.950 [Forwarding screenshot on session c1a85a2b9ee5a029b3ddffedf9fa3b1f to remote] DEBUG org.asynchttpclient.netty.request.NettyRequestSender - Using open Channel [id: 0xd4a6fd73, L:/127.0.0.1:51933 - R:localhost/127.0.0.1:24795] for GET '/session/c1a85a2b9ee5a029b3ddffedf9fa3b1f/screenshot'
10:13:37.075 [AsyncHttpClient-1-5] DEBUG org.asynchttpclient.netty.handler.HttpHandler - 

Request DefaultFullHttpRequest(decodeResult: success, version: HTTP/1.1, content: EmptyByteBufBE)
GET /session/c1a85a2b9ee5a029b3ddffedf9fa3b1f/screenshot HTTP/1.1
User-Agent: selenium/4.8.1 (java windows)
Cache-Control: no-cache
Content-Type: application/json; charset=utf-8
host: localhost:24795
accept: */*

Response DefaultHttpResponse(decodeResult: success, version: HTTP/1.1)
HTTP/1.1 200 OK
Content-Length: 85812
Content-Type: application/json; charset=utf-8
cache-control: no-cache

10:13:37.076 [AsyncHttpClient-1-5] DEBUG org.asynchttpclient.netty.channel.ChannelManager - Adding key: http://localhost:24795 for channel [id: 0xd4a6fd73, L:/127.0.0.1:51933 - R:localhost/127.0.0.1:24795]
10:13:37.078 [main] DEBUG net.serenitybdd.core.photography.Darkroom - Send negative for processing for target\site\serenity\8223f1656c69a075330b51c4aadc81c246efa83bfce9626bcb88ebce2b706f53.png
10:13:37.078 [main] DEBUG net.thucydides.core.steps.StepInterceptor - STEP DONE: clickBeliButton
  &amp#27;[32mWhen &amp#27;[0m&amp#27;[32mI click BELI button from the product&amp#27;[0m        &amp#27;[90m# starter.stepdefinitions.ProductSteps.clickBeliButton()&amp#27;[0m
10:13:37.078 [Darkroom Processing Line] DEBUG net.serenitybdd.core.photography.DarkroomProcessingLine - Processing screenshot image in /var/screenshots/screenshot-1727398708859131347
10:13:37.078 [Darkroom Processing Line] DEBUG net.serenitybdd.core.photography.DarkroomProcessingLine - Saving screenshot to target\site\serenity\8223f1656c69a075330b51c4aadc81c246efa83bfce9626bcb88ebce2b706f53.png
10:13:37.083 [Forwarding getPageSource on session c1a85a2b9ee5a029b3ddffedf9fa3b1f to remote] DEBUG org.asynchttpclient.netty.request.NettyRequestSender - Using pooled Channel '[id: 0xd4a6fd73, L:/127.0.0.1:51933 - R:localhost/127.0.0.1:24795]' for 'POST' to 'http://localhost:24795/session/c1a85a2b9ee5a029b3ddffedf9fa3b1f/execute/sync'
10:13:37.083 [Forwarding getPageSource on session c1a85a2b9ee5a029b3ddffedf9fa3b1f to remote] DEBUG org.asynchttpclient.netty.request.NettyRequestSender - Using open Channel [id: 0xd4a6fd73, L:/127.0.0.1:51933 - R:localhost/127.0.0.1:24795] for POST '/session/c1a85a2b9ee5a029b3ddffedf9fa3b1f/execute/sync'
10:13:37.099 [AsyncHttpClient-1-5] DEBUG org.asynchttpclient.netty.handler.HttpHandler - 

Request DefaultHttpRequest(decodeResult: success, version: HTTP/1.1)
POST /session/c1a85a2b9ee5a029b3ddffedf9fa3b1f/execute/sync HTTP/1.1
User-Agent: selenium/4.8.1 (java windows)
Content-Length: 176
Content-Type: application/json; charset=utf-8
host: localhost:24795
accept: */*

Response DefaultHttpResponse(decodeResult: success, version: HTTP/1.1)
HTTP/1.1 200 OK
Content-Length: 290302
Content-Type: application/json; charset=utf-8
cache-control: no-cache

10:13:37.099 [AsyncHttpClient-1-5] DEBUG org.asynchttpclient.netty.channel.ChannelManager - Adding key: http://localhost:24795 for channel [id: 0xd4a6fd73, L:/127.0.0.1:51933 - R:localhost/127.0.0.1:24795]
10:13:37.116 [Forwarding getCurrentUrl on session c1a85a2b9ee5a029b3ddffedf9fa3b1f to remote] DEBUG org.asynchttpclient.netty.request.NettyRequestSender - Using pooled Channel '[id: 0xd4a6fd73, L:/127.0.0.1:51933 - R:localhost/127.0.0.1:24795]' for 'GET' to 'http://localhost:24795/session/c1a85a2b9ee5a029b3ddffedf9fa3b1f/url'
10:13:37.116 [Forwarding getCurrentUrl on session c1a85a2b9ee5a029b3ddffedf9fa3b1f to remote] DEBUG org.asynchttpclient.netty.request.NettyRequestSender - Using open Channel [id: 0xd4a6fd73, L:/127.0.0.1:51933 - R:localhost/127.0.0.1:24795] for GET '/session/c1a85a2b9ee5a029b3ddffedf9fa3b1f/url'
10:13:37.119 [AsyncHttpClient-1-5] DEBUG org.asynchttpclient.netty.handler.HttpHandler - 

Request DefaultFullHttpRequest(decodeResult: success, version: HTTP/1.1, content: EmptyByteBufBE)
GET /session/c1a85a2b9ee5a029b3ddffedf9fa3b1f/url HTTP/1.1
User-Agent: selenium/4.8.1 (java windows)
Cache-Control: no-cache
Content-Type: application/json; charset=utf-8
host: localhost:24795
accept: */*

Response DefaultHttpResponse(decodeResult: success, version: HTTP/1.1)
HTTP/1.1 200 OK
Content-Length: 41
Content-Type: application/json; charset=utf-8
cache-control: no-cache

10:13:37.120 [AsyncHttpClient-1-5] DEBUG org.asynchttpclient.netty.channel.ChannelManager - Adding key: http://localhost:24795 for channel [id: 0xd4a6fd73, L:/127.0.0.1:51933 - R:localhost/127.0.0.1:24795]
10:13:37.137 [Forwarding getAlertText on session c1a85a2b9ee5a029b3ddffedf9fa3b1f to remote] DEBUG org.asynchttpclient.netty.request.NettyRequestSender - Using pooled Channel '[id: 0xd4a6fd73, L:/127.0.0.1:51933 - R:localhost/127.0.0.1:24795]' for 'GET' to 'http://localhost:24795/session/c1a85a2b9ee5a029b3ddffedf9fa3b1f/alert/text'
10:13:37.137 [Forwarding getAlertText on session c1a85a2b9ee5a029b3ddffedf9fa3b1f to remote] DEBUG org.asynchttpclient.netty.request.NettyRequestSender - Using open Channel [id: 0xd4a6fd73, L:/127.0.0.1:51933 - R:localhost/127.0.0.1:24795] for GET '/session/c1a85a2b9ee5a029b3ddffedf9fa3b1f/alert/text'
10:13:37.137 [AsyncHttpClient-1-5] DEBUG org.asynchttpclient.netty.handler.HttpHandler - 

Request DefaultFullHttpRequest(decodeResult: success, version: HTTP/1.1, content: EmptyByteBufBE)
GET /session/c1a85a2b9ee5a029b3ddffedf9fa3b1f/alert/text HTTP/1.1
User-Agent: selenium/4.8.1 (java windows)
Cache-Control: no-cache
Content-Type: application/json; charset=utf-8
host: localhost:24795
accept: */*

Response DefaultHttpResponse(decodeResult: success, version: HTTP/1.1)
HTTP/1.1 404 Not Found
Content-Length: 836
Content-Type: application/json; charset=utf-8
cache-control: no-cache

10:13:37.137 [AsyncHttpClient-1-5] DEBUG org.asynchttpclient.netty.channel.ChannelManager - Adding key: http://localhost:24795 for channel [id: 0xd4a6fd73, L:/127.0.0.1:51933 - R:localhost/127.0.0.1:24795]
10:13:37.138 [Forwarding getCurrentUrl on session c1a85a2b9ee5a029b3ddffedf9fa3b1f to remote] DEBUG org.asynchttpclient.netty.request.NettyRequestSender - Using pooled Channel '[id: 0xd4a6fd73, L:/127.0.0.1:51933 - R:localhost/127.0.0.1:24795]' for 'GET' to 'http://localhost:24795/session/c1a85a2b9ee5a029b3ddffedf9fa3b1f/url'
10:13:37.138 [Forwarding getCurrentUrl on session c1a85a2b9ee5a029b3ddffedf9fa3b1f to remote] DEBUG org.asynchttpclient.netty.request.NettyRequestSender - Using open Channel [id: 0xd4a6fd73, L:/127.0.0.1:51933 - R:localhost/127.0.0.1:24795] for GET '/session/c1a85a2b9ee5a029b3ddffedf9fa3b1f/url'
10:13:37.140 [AsyncHttpClient-1-5] DEBUG org.asynchttpclient.netty.handler.HttpHandler - 

Request DefaultFullHttpRequest(decodeResult: success, version: HTTP/1.1, content: EmptyByteBufBE)
GET /session/c1a85a2b9ee5a029b3ddffedf9fa3b1f/url HTTP/1.1
User-Agent: selenium/4.8.1 (java windows)
Cache-Control: no-cache
Content-Type: application/json; charset=utf-8
host: localhost:24795
accept: */*

Response DefaultHttpResponse(decodeResult: success, version: HTTP/1.1)
HTTP/1.1 200 OK
Content-Length: 41
Content-Type: application/json; charset=utf-8
cache-control: no-cache

10:13:37.140 [AsyncHttpClient-1-5] DEBUG org.asynchttpclient.netty.channel.ChannelManager - Adding key: http://localhost:24795 for channel [id: 0xd4a6fd73, L:/127.0.0.1:51933 - R:localhost/127.0.0.1:24795]
10:13:37.140 [Forwarding screenshot on session c1a85a2b9ee5a029b3ddffedf9fa3b1f to remote] DEBUG org.asynchttpclient.netty.request.NettyRequestSender - Using pooled Channel '[id: 0xd4a6fd73, L:/127.0.0.1:51933 - R:localhost/127.0.0.1:24795]' for 'GET' to 'http://localhost:24795/session/c1a85a2b9ee5a029b3ddffedf9fa3b1f/screenshot'
10:13:37.140 [Forwarding screenshot on session c1a85a2b9ee5a029b3ddffedf9fa3b1f to remote] DEBUG org.asynchttpclient.netty.request.NettyRequestSender - Using open Channel [id: 0xd4a6fd73, L:/127.0.0.1:51933 - R:localhost/127.0.0.1:24795] for GET '/session/c1a85a2b9ee5a029b3ddffedf9fa3b1f/screenshot'
10:13:37.248 [AsyncHttpClient-1-5] DEBUG org.asynchttpclient.netty.handler.HttpHandler - 

Request DefaultFullHttpRequest(decodeResult: success, version: HTTP/1.1, content: EmptyByteBufBE)
GET /session/c1a85a2b9ee5a029b3ddffedf9fa3b1f/screenshot HTTP/1.1
User-Agent: selenium/4.8.1 (java windows)
Cache-Control: no-cache
Content-Type: application/json; charset=utf-8
host: localhost:24795
accept: */*

Response DefaultHttpResponse(decodeResult: success, version: HTTP/1.1)
HTTP/1.1 200 OK
Content-Length: 85692
Content-Type: application/json; charset=utf-8
cache-control: no-cache

10:13:37.248 [AsyncHttpClient-1-5] DEBUG org.asynchttpclient.netty.channel.ChannelManager - Adding key: http://localhost:24795 for channel [id: 0xd4a6fd73, L:/127.0.0.1:51933 - R:localhost/127.0.0.1:24795]
10:13:37.250 [main] DEBUG net.serenitybdd.core.photography.Darkroom - Send negative for processing for target\site\serenity\b25a447df472b46c80ed26949a74545e25616454e9920760c56a77d1a221fd29.png
10:13:37.251 [Darkroom Processing Line] DEBUG net.serenitybdd.core.photography.DarkroomProcessingLine - Processing screenshot image in /var/screenshots/screenshot-5512351674333534738
10:13:37.251 [Darkroom Processing Line] DEBUG net.serenitybdd.core.photography.DarkroomProcessingLine - Saving screenshot to target\site\serenity\b25a447df472b46c80ed26949a74545e25616454e9920760c56a77d1a221fd29.png
10:13:37.251 [Forwarding getPageSource on session c1a85a2b9ee5a029b3ddffedf9fa3b1f to remote] DEBUG org.asynchttpclient.netty.request.NettyRequestSender - Using pooled Channel '[id: 0xd4a6fd73, L:/127.0.0.1:51933 - R:localhost/127.0.0.1:24795]' for 'POST' to 'http://localhost:24795/session/c1a85a2b9ee5a029b3ddffedf9fa3b1f/execute/sync'
10:13:37.251 [Forwarding getPageSource on session c1a85a2b9ee5a029b3ddffedf9fa3b1f to remote] DEBUG org.asynchttpclient.netty.request.NettyRequestSender - Using open Channel [id: 0xd4a6fd73, L:/127.0.0.1:51933 - R:localhost/127.0.0.1:24795] for POST '/session/c1a85a2b9ee5a029b3ddffedf9fa3b1f/execute/sync'
10:13:37.270 [AsyncHttpClient-1-5] DEBUG org.asynchttpclient.netty.handler.HttpHandler - 

Request DefaultHttpRequest(decodeResult: success, version: HTTP/1.1)
POST /session/c1a85a2b9ee5a029b3ddffedf9fa3b1f/execute/sync HTTP/1.1
User-Agent: selenium/4.8.1 (java windows)
Content-Length: 176
Content-Type: application/json; charset=utf-8
host: localhost:24795
accept: */*

Response DefaultHttpResponse(decodeResult: success, version: HTTP/1.1)
HTTP/1.1 200 OK
Content-Length: 290233
Content-Type: application/json; charset=utf-8
cache-control: no-cache

10:13:37.270 [AsyncHttpClient-1-5] DEBUG org.asynchttpclient.netty.channel.ChannelManager - Adding key: http://localhost:24795 for channel [id: 0xd4a6fd73, L:/127.0.0.1:51933 - R:localhost/127.0.0.1:24795]
10:13:37.290 [Forwarding getCurrentUrl on session c1a85a2b9ee5a029b3ddffedf9fa3b1f to remote] DEBUG org.asynchttpclient.netty.request.NettyRequestSender - Using pooled Channel '[id: 0xd4a6fd73, L:/127.0.0.1:51933 - R:localhost/127.0.0.1:24795]' for 'GET' to 'http://localhost:24795/session/c1a85a2b9ee5a029b3ddffedf9fa3b1f/url'
10:13:37.290 [Forwarding getCurrentUrl on session c1a85a2b9ee5a029b3ddffedf9fa3b1f to remote] DEBUG org.asynchttpclient.netty.request.NettyRequestSender - Using open Channel [id: 0xd4a6fd73, L:/127.0.0.1:51933 - R:localhost/127.0.0.1:24795] for GET '/session/c1a85a2b9ee5a029b3ddffedf9fa3b1f/url'
10:13:37.292 [AsyncHttpClient-1-5] DEBUG org.asynchttpclient.netty.handler.HttpHandler - 

Request DefaultFullHttpRequest(decodeResult: success, version: HTTP/1.1, content: EmptyByteBufBE)
GET /session/c1a85a2b9ee5a029b3ddffedf9fa3b1f/url HTTP/1.1
User-Agent: selenium/4.8.1 (java windows)
Cache-Control: no-cache
Content-Type: application/json; charset=utf-8
host: localhost:24795
accept: */*

Response DefaultHttpResponse(decodeResult: success, version: HTTP/1.1)
HTTP/1.1 200 OK
Content-Length: 41
Content-Type: application/json; charset=utf-8
cache-control: no-cache

10:13:37.292 [AsyncHttpClient-1-5] DEBUG org.asynchttpclient.netty.channel.ChannelManager - Adding key: http://localhost:24795 for channel [id: 0xd4a6fd73, L:/127.0.0.1:51933 - R:localhost/127.0.0.1:24795]
10:13:37.294 [main] DEBUG net.thucydides.core.steps.StepInterceptor - STARTING STEP: TransactionSteps.clickCartIcon - clickCartIcon
10:13:37.296 [Forwarding findElement on session c1a85a2b9ee5a029b3ddffedf9fa3b1f to remote] DEBUG org.asynchttpclient.netty.request.NettyRequestSender - Using pooled Channel '[id: 0xd4a6fd73, L:/127.0.0.1:51933 - R:localhost/127.0.0.1:24795]' for 'POST' to 'http://localhost:24795/session/c1a85a2b9ee5a029b3ddffedf9fa3b1f/element'
10:13:37.296 [Forwarding findElement on session c1a85a2b9ee5a029b3ddffedf9fa3b1f to remote] DEBUG org.asynchttpclient.netty.request.NettyRequestSender - Using open Channel [id: 0xd4a6fd73, L:/127.0.0.1:51933 - R:localhost/127.0.0.1:24795] for POST '/session/c1a85a2b9ee5a029b3ddffedf9fa3b1f/element'
10:13:37.304 [AsyncHttpClient-1-5] DEBUG org.asynchttpclient.netty.handler.HttpHandler - 

Request DefaultHttpRequest(decodeResult: success, version: HTTP/1.1)
POST /session/c1a85a2b9ee5a029b3ddffedf9fa3b1f/element HTTP/1.1
User-Agent: selenium/4.8.1 (java windows)
Content-Length: 65
Content-Type: application/json; charset=utf-8
host: localhost:24795
accept: */*

Response DefaultHttpResponse(decodeResult: success, version: HTTP/1.1)
HTTP/1.1 200 OK
Content-Length: 88
Content-Type: application/json; charset=utf-8
cache-control: no-cache

10:13:37.304 [AsyncHttpClient-1-5] DEBUG org.asynchttpclient.netty.channel.ChannelManager - Adding key: http://localhost:24795 for channel [id: 0xd4a6fd73, L:/127.0.0.1:51933 - R:localhost/127.0.0.1:24795]
10:13:37.305 [Forwarding getElementTagName on session c1a85a2b9ee5a029b3ddffedf9fa3b1f to remote] DEBUG org.asynchttpclient.netty.request.NettyRequestSender - Using pooled Channel '[id: 0xd4a6fd73, L:/127.0.0.1:51933 - R:localhost/127.0.0.1:24795]' for 'GET' to 'http://localhost:24795/session/c1a85a2b9ee5a029b3ddffedf9fa3b1f/element/59869de2-8675-469b-bd49-3deb24a9f691/name'
10:13:37.305 [Forwarding getElementTagName on session c1a85a2b9ee5a029b3ddffedf9fa3b1f to remote] DEBUG org.asynchttpclient.netty.request.NettyRequestSender - Using open Channel [id: 0xd4a6fd73, L:/127.0.0.1:51933 - R:localhost/127.0.0.1:24795] for GET '/session/c1a85a2b9ee5a029b3ddffedf9fa3b1f/element/59869de2-8675-469b-bd49-3deb24a9f691/name'
10:13:37.308 [AsyncHttpClient-1-5] DEBUG org.asynchttpclient.netty.handler.HttpHandler - 

Request DefaultFullHttpRequest(decodeResult: success, version: HTTP/1.1, content: EmptyByteBufBE)
GET /session/c1a85a2b9ee5a029b3ddffedf9fa3b1f/element/59869de2-8675-469b-bd49-3deb24a9f691/name HTTP/1.1
User-Agent: selenium/4.8.1 (java windows)
Cache-Control: no-cache
Content-Type: application/json; charset=utf-8
host: localhost:24795
accept: */*

Response DefaultHttpResponse(decodeResult: success, version: HTTP/1.1)
HTTP/1.1 200 OK
Content-Length: 13
Content-Type: application/json; charset=utf-8
cache-control: no-cache

10:13:37.308 [AsyncHttpClient-1-5] DEBUG org.asynchttpclient.netty.channel.ChannelManager - Adding key: http://localhost:24795 for channel [id: 0xd4a6fd73, L:/127.0.0.1:51933 - R:localhost/127.0.0.1:24795]
10:13:37.308 [Forwarding getElementTagName on session c1a85a2b9ee5a029b3ddffedf9fa3b1f to remote] DEBUG org.asynchttpclient.netty.request.NettyRequestSender - Using pooled Channel '[id: 0xd4a6fd73, L:/127.0.0.1:51933 - R:localhost/127.0.0.1:24795]' for 'GET' to 'http://localhost:24795/session/c1a85a2b9ee5a029b3ddffedf9fa3b1f/element/59869de2-8675-469b-bd49-3deb24a9f691/name'
10:13:37.308 [Forwarding getElementTagName on session c1a85a2b9ee5a029b3ddffedf9fa3b1f to remote] DEBUG org.asynchttpclient.netty.request.NettyRequestSender - Using open Channel [id: 0xd4a6fd73, L:/127.0.0.1:51933 - R:localhost/127.0.0.1:24795] for GET '/session/c1a85a2b9ee5a029b3ddffedf9fa3b1f/element/59869de2-8675-469b-bd49-3deb24a9f691/name'
10:13:37.310 [AsyncHttpClient-1-5] DEBUG org.asynchttpclient.netty.handler.HttpHandler - 

Request DefaultFullHttpRequest(decodeResult: success, version: HTTP/1.1, content: EmptyByteBufBE)
GET /session/c1a85a2b9ee5a029b3ddffedf9fa3b1f/element/59869de2-8675-469b-bd49-3deb24a9f691/name HTTP/1.1
User-Agent: selenium/4.8.1 (java windows)
Cache-Control: no-cache
Content-Type: application/json; charset=utf-8
host: localhost:24795
accept: */*

Response DefaultHttpResponse(decodeResult: success, version: HTTP/1.1)
HTTP/1.1 200 OK
Content-Length: 13
Content-Type: application/json; charset=utf-8
cache-control: no-cache

10:13:37.310 [AsyncHttpClient-1-5] DEBUG org.asynchttpclient.netty.channel.ChannelManager - Adding key: http://localhost:24795 for channel [id: 0xd4a6fd73, L:/127.0.0.1:51933 - R:localhost/127.0.0.1:24795]
10:13:37.311 [Forwarding findElement on session c1a85a2b9ee5a029b3ddffedf9fa3b1f to remote] DEBUG org.asynchttpclient.netty.request.NettyRequestSender - Using pooled Channel '[id: 0xd4a6fd73, L:/127.0.0.1:51933 - R:localhost/127.0.0.1:24795]' for 'POST' to 'http://localhost:24795/session/c1a85a2b9ee5a029b3ddffedf9fa3b1f/element'
10:13:37.311 [Forwarding findElement on session c1a85a2b9ee5a029b3ddffedf9fa3b1f to remote] DEBUG org.asynchttpclient.netty.request.NettyRequestSender - Using open Channel [id: 0xd4a6fd73, L:/127.0.0.1:51933 - R:localhost/127.0.0.1:24795] for POST '/session/c1a85a2b9ee5a029b3ddffedf9fa3b1f/element'
10:13:37.315 [AsyncHttpClient-1-5] DEBUG org.asynchttpclient.netty.handler.HttpHandler - 

Request DefaultHttpRequest(decodeResult: success, version: HTTP/1.1)
POST /session/c1a85a2b9ee5a029b3ddffedf9fa3b1f/element HTTP/1.1
User-Agent: selenium/4.8.1 (java windows)
Content-Length: 65
Content-Type: application/json; charset=utf-8
host: localhost:24795
accept: */*

Response DefaultHttpResponse(decodeResult: success, version: HTTP/1.1)
HTTP/1.1 200 OK
Content-Length: 88
Content-Type: application/json; charset=utf-8
cache-control: no-cache

10:13:37.315 [AsyncHttpClient-1-5] DEBUG org.asynchttpclient.netty.channel.ChannelManager - Adding key: http://localhost:24795 for channel [id: 0xd4a6fd73, L:/127.0.0.1:51933 - R:localhost/127.0.0.1:24795]
10:13:37.316 [Forwarding clickElement on session c1a85a2b9ee5a029b3ddffedf9fa3b1f to remote] DEBUG org.asynchttpclient.netty.request.NettyRequestSender - Using pooled Channel '[id: 0xd4a6fd73, L:/127.0.0.1:51933 - R:localhost/127.0.0.1:24795]' for 'POST' to 'http://localhost:24795/session/c1a85a2b9ee5a029b3ddffedf9fa3b1f/element/59869de2-8675-469b-bd49-3deb24a9f691/click'
10:13:37.316 [Forwarding clickElement on session c1a85a2b9ee5a029b3ddffedf9fa3b1f to remote] DEBUG org.asynchttpclient.netty.request.NettyRequestSender - Using open Channel [id: 0xd4a6fd73, L:/127.0.0.1:51933 - R:localhost/127.0.0.1:24795] for POST '/session/c1a85a2b9ee5a029b3ddffedf9fa3b1f/element/59869de2-8675-469b-bd49-3deb24a9f691/click'
10:13:37.340 [AsyncHttpClient-1-5] DEBUG org.asynchttpclient.netty.handler.HttpHandler - 

Request DefaultHttpRequest(decodeResult: success, version: HTTP/1.1)
POST /session/c1a85a2b9ee5a029b3ddffedf9fa3b1f/element/59869de2-8675-469b-bd49-3deb24a9f691/click HTTP/1.1
User-Agent: selenium/4.8.1 (java windows)
Content-Length: 50
Content-Type: application/json; charset=utf-8
host: localhost:24795
accept: */*

Response DefaultHttpResponse(decodeResult: success, version: HTTP/1.1)
HTTP/1.1 200 OK
Content-Length: 14
Content-Type: application/json; charset=utf-8
cache-control: no-cache

10:13:37.340 [AsyncHttpClient-1-5] DEBUG org.asynchttpclient.netty.channel.ChannelManager - Adding key: http://localhost:24795 for channel [id: 0xd4a6fd73, L:/127.0.0.1:51933 - R:localhost/127.0.0.1:24795]
10:13:37.345 [Forwarding getAlertText on session c1a85a2b9ee5a029b3ddffedf9fa3b1f to remote] DEBUG org.asynchttpclient.netty.request.NettyRequestSender - Using pooled Channel '[id: 0xd4a6fd73, L:/127.0.0.1:51933 - R:localhost/127.0.0.1:24795]' for 'GET' to 'http://localhost:24795/session/c1a85a2b9ee5a029b3ddffedf9fa3b1f/alert/text'
10:13:37.345 [Forwarding getAlertText on session c1a85a2b9ee5a029b3ddffedf9fa3b1f to remote] DEBUG org.asynchttpclient.netty.request.NettyRequestSender - Using open Channel [id: 0xd4a6fd73, L:/127.0.0.1:51933 - R:localhost/127.0.0.1:24795] for GET '/session/c1a85a2b9ee5a029b3ddffedf9fa3b1f/alert/text'
10:13:37.400 [AsyncHttpClient-1-5] DEBUG org.asynchttpclient.netty.handler.HttpHandler - 

Request DefaultFullHttpRequest(decodeResult: success, version: HTTP/1.1, content: EmptyByteBufBE)
GET /session/c1a85a2b9ee5a029b3ddffedf9fa3b1f/alert/text HTTP/1.1
User-Agent: selenium/4.8.1 (java windows)
Cache-Control: no-cache
Content-Type: application/json; charset=utf-8
host: localhost:24795
accept: */*

Response DefaultHttpResponse(decodeResult: success, version: HTTP/1.1)
HTTP/1.1 404 Not Found
Content-Length: 836
Content-Type: application/json; charset=utf-8
cache-control: no-cache

10:13:37.401 [AsyncHttpClient-1-5] DEBUG org.asynchttpclient.netty.channel.ChannelManager - Adding key: http://localhost:24795 for channel [id: 0xd4a6fd73, L:/127.0.0.1:51933 - R:localhost/127.0.0.1:24795]
10:13:37.402 [Forwarding getCurrentUrl on session c1a85a2b9ee5a029b3ddffedf9fa3b1f to remote] DEBUG org.asynchttpclient.netty.request.NettyRequestSender - Using pooled Channel '[id: 0xd4a6fd73, L:/127.0.0.1:51933 - R:localhost/127.0.0.1:24795]' for 'GET' to 'http://localhost:24795/session/c1a85a2b9ee5a029b3ddffedf9fa3b1f/url'
10:13:37.402 [Forwarding getCurrentUrl on session c1a85a2b9ee5a029b3ddffedf9fa3b1f to remote] DEBUG org.asynchttpclient.netty.request.NettyRequestSender - Using open Channel [id: 0xd4a6fd73, L:/127.0.0.1:51933 - R:localhost/127.0.0.1:24795] for GET '/session/c1a85a2b9ee5a029b3ddffedf9fa3b1f/url'
10:13:37.404 [AsyncHttpClient-1-5] DEBUG org.asynchttpclient.netty.handler.HttpHandler - 

Request DefaultFullHttpRequest(decodeResult: success, version: HTTP/1.1, content: EmptyByteBufBE)
GET /session/c1a85a2b9ee5a029b3ddffedf9fa3b1f/url HTTP/1.1
User-Agent: selenium/4.8.1 (java windows)
Cache-Control: no-cache
Content-Type: application/json; charset=utf-8
host: localhost:24795
accept: */*

Response DefaultHttpResponse(decodeResult: success, version: HTTP/1.1)
HTTP/1.1 200 OK
Content-Length: 46
Content-Type: application/json; charset=utf-8
cache-control: no-cache

10:13:37.404 [AsyncHttpClient-1-5] DEBUG org.asynchttpclient.netty.channel.ChannelManager - Adding key: http://localhost:24795 for channel [id: 0xd4a6fd73, L:/127.0.0.1:51933 - R:localhost/127.0.0.1:24795]
10:13:37.405 [Forwarding screenshot on session c1a85a2b9ee5a029b3ddffedf9fa3b1f to remote] DEBUG org.asynchttpclient.netty.request.NettyRequestSender - Using pooled Channel '[id: 0xd4a6fd73, L:/127.0.0.1:51933 - R:localhost/127.0.0.1:24795]' for 'GET' to 'http://localhost:24795/session/c1a85a2b9ee5a029b3ddffedf9fa3b1f/screenshot'
10:13:37.405 [Forwarding screenshot on session c1a85a2b9ee5a029b3ddffedf9fa3b1f to remote] DEBUG org.asynchttpclient.netty.request.NettyRequestSender - Using open Channel [id: 0xd4a6fd73, L:/127.0.0.1:51933 - R:localhost/127.0.0.1:24795] for GET '/session/c1a85a2b9ee5a029b3ddffedf9fa3b1f/screenshot'
10:13:37.503 [AsyncHttpClient-1-1] DEBUG org.asynchttpclient.netty.channel.DefaultChannelPool - Entry count for : http://localhost:51934 : 1
10:13:37.521 [AsyncHttpClient-1-5] DEBUG org.asynchttpclient.netty.handler.HttpHandler - 

Request DefaultFullHttpRequest(decodeResult: success, version: HTTP/1.1, content: EmptyByteBufBE)
GET /session/c1a85a2b9ee5a029b3ddffedf9fa3b1f/screenshot HTTP/1.1
User-Agent: selenium/4.8.1 (java windows)
Cache-Control: no-cache
Content-Type: application/json; charset=utf-8
host: localhost:24795
accept: */*

Response DefaultHttpResponse(decodeResult: success, version: HTTP/1.1)
HTTP/1.1 200 OK
Content-Length: 39788
Content-Type: application/json; charset=utf-8
cache-control: no-cache

10:13:37.521 [AsyncHttpClient-1-5] DEBUG org.asynchttpclient.netty.channel.ChannelManager - Adding key: http://localhost:24795 for channel [id: 0xd4a6fd73, L:/127.0.0.1:51933 - R:localhost/127.0.0.1:24795]
10:13:37.523 [main] DEBUG net.serenitybdd.core.photography.Darkroom - Send negative for processing for target\site\serenity\f341b0e077f431a0fc8e5a6178a52b020c76e092ade401a4d55a06f6b1d99ca2.png
10:13:37.523 [main] DEBUG net.thucydides.core.steps.StepInterceptor - STEP DONE: clickCartIcon
10:13:37.523 [Darkroom Processing Line] DEBUG net.serenitybdd.core.photography.DarkroomProcessingLine - Processing screenshot image in /var/screenshots/screenshot-9313728045548386391
10:13:37.523 [Darkroom Processing Line] DEBUG net.serenitybdd.core.photography.DarkroomProcessingLine - Saving screenshot to target\site\serenity\f341b0e077f431a0fc8e5a6178a52b020c76e092ade401a4d55a06f6b1d99ca2.png
  &amp#27;[32mAnd &amp#27;[0m&amp#27;[32mI click cart icon&amp#27;[0m                            &amp#27;[90m# starter.stepdefinitions.TransactionSteps.clickCartIcon()&amp#27;[0m
10:13:37.533 [Forwarding getPageSource on session c1a85a2b9ee5a029b3ddffedf9fa3b1f to remote] DEBUG org.asynchttpclient.netty.request.NettyRequestSender - Using pooled Channel '[id: 0xd4a6fd73, L:/127.0.0.1:51933 - R:localhost/127.0.0.1:24795]' for 'POST' to 'http://localhost:24795/session/c1a85a2b9ee5a029b3ddffedf9fa3b1f/execute/sync'
10:13:37.533 [Forwarding getPageSource on session c1a85a2b9ee5a029b3ddffedf9fa3b1f to remote] DEBUG org.asynchttpclient.netty.request.NettyRequestSender - Using open Channel [id: 0xd4a6fd73, L:/127.0.0.1:51933 - R:localhost/127.0.0.1:24795] for POST '/session/c1a85a2b9ee5a029b3ddffedf9fa3b1f/execute/sync'
10:13:37.537 [AsyncHttpClient-1-5] DEBUG org.asynchttpclient.netty.handler.HttpHandler - 

Request DefaultHttpRequest(decodeResult: success, version: HTTP/1.1)
POST /session/c1a85a2b9ee5a029b3ddffedf9fa3b1f/execute/sync HTTP/1.1
User-Agent: selenium/4.8.1 (java windows)
Content-Length: 176
Content-Type: application/json; charset=utf-8
host: localhost:24795
accept: */*

Response DefaultHttpResponse(decodeResult: success, version: HTTP/1.1)
HTTP/1.1 200 OK
Content-Length: 22191
Content-Type: application/json; charset=utf-8
cache-control: no-cache

10:13:37.537 [AsyncHttpClient-1-5] DEBUG org.asynchttpclient.netty.channel.ChannelManager - Adding key: http://localhost:24795 for channel [id: 0xd4a6fd73, L:/127.0.0.1:51933 - R:localhost/127.0.0.1:24795]
10:13:37.538 [Forwarding getCurrentUrl on session c1a85a2b9ee5a029b3ddffedf9fa3b1f to remote] DEBUG org.asynchttpclient.netty.request.NettyRequestSender - Using pooled Channel '[id: 0xd4a6fd73, L:/127.0.0.1:51933 - R:localhost/127.0.0.1:24795]' for 'GET' to 'http://localhost:24795/session/c1a85a2b9ee5a029b3ddffedf9fa3b1f/url'
10:13:37.538 [Forwarding getCurrentUrl on session c1a85a2b9ee5a029b3ddffedf9fa3b1f to remote] DEBUG org.asynchttpclient.netty.request.NettyRequestSender - Using open Channel [id: 0xd4a6fd73, L:/127.0.0.1:51933 - R:localhost/127.0.0.1:24795] for GET '/session/c1a85a2b9ee5a029b3ddffedf9fa3b1f/url'
10:13:37.540 [AsyncHttpClient-1-5] DEBUG org.asynchttpclient.netty.handler.HttpHandler - 

Request DefaultFullHttpRequest(decodeResult: success, version: HTTP/1.1, content: EmptyByteBufBE)
GET /session/c1a85a2b9ee5a029b3ddffedf9fa3b1f/url HTTP/1.1
User-Agent: selenium/4.8.1 (java windows)
Cache-Control: no-cache
Content-Type: application/json; charset=utf-8
host: localhost:24795
accept: */*

Response DefaultHttpResponse(decodeResult: success, version: HTTP/1.1)
HTTP/1.1 200 OK
Content-Length: 46
Content-Type: application/json; charset=utf-8
cache-control: no-cache

10:13:37.540 [AsyncHttpClient-1-5] DEBUG org.asynchttpclient.netty.channel.ChannelManager - Adding key: http://localhost:24795 for channel [id: 0xd4a6fd73, L:/127.0.0.1:51933 - R:localhost/127.0.0.1:24795]
10:13:37.547 [Forwarding getPageSource on session c1a85a2b9ee5a029b3ddffedf9fa3b1f to remote] DEBUG org.asynchttpclient.netty.request.NettyRequestSender - Using pooled Channel '[id: 0xd4a6fd73, L:/127.0.0.1:51933 - R:localhost/127.0.0.1:24795]' for 'POST' to 'http://localhost:24795/session/c1a85a2b9ee5a029b3ddffedf9fa3b1f/execute/sync'
10:13:37.547 [Forwarding getPageSource on session c1a85a2b9ee5a029b3ddffedf9fa3b1f to remote] DEBUG org.asynchttpclient.netty.request.NettyRequestSender - Using open Channel [id: 0xd4a6fd73, L:/127.0.0.1:51933 - R:localhost/127.0.0.1:24795] for POST '/session/c1a85a2b9ee5a029b3ddffedf9fa3b1f/execute/sync'
10:13:37.551 [AsyncHttpClient-1-5] DEBUG org.asynchttpclient.netty.handler.HttpHandler - 

Request DefaultHttpRequest(decodeResult: success, version: HTTP/1.1)
POST /session/c1a85a2b9ee5a029b3ddffedf9fa3b1f/execute/sync HTTP/1.1
User-Agent: selenium/4.8.1 (java windows)
Content-Length: 176
Content-Type: application/json; charset=utf-8
host: localhost:24795
accept: */*

Response DefaultHttpResponse(decodeResult: success, version: HTTP/1.1)
HTTP/1.1 200 OK
Content-Length: 22191
Content-Type: application/json; charset=utf-8
cache-control: no-cache

10:13:37.551 [AsyncHttpClient-1-5] DEBUG org.asynchttpclient.netty.channel.ChannelManager - Adding key: http://localhost:24795 for channel [id: 0xd4a6fd73, L:/127.0.0.1:51933 - R:localhost/127.0.0.1:24795]
10:13:37.552 [Forwarding getCurrentUrl on session c1a85a2b9ee5a029b3ddffedf9fa3b1f to remote] DEBUG org.asynchttpclient.netty.request.NettyRequestSender - Using pooled Channel '[id: 0xd4a6fd73, L:/127.0.0.1:51933 - R:localhost/127.0.0.1:24795]' for 'GET' to 'http://localhost:24795/session/c1a85a2b9ee5a029b3ddffedf9fa3b1f/url'
10:13:37.552 [Forwarding getCurrentUrl on session c1a85a2b9ee5a029b3ddffedf9fa3b1f to remote] DEBUG org.asynchttpclient.netty.request.NettyRequestSender - Using open Channel [id: 0xd4a6fd73, L:/127.0.0.1:51933 - R:localhost/127.0.0.1:24795] for GET '/session/c1a85a2b9ee5a029b3ddffedf9fa3b1f/url'
10:13:37.554 [AsyncHttpClient-1-5] DEBUG org.asynchttpclient.netty.handler.HttpHandler - 

Request DefaultFullHttpRequest(decodeResult: success, version: HTTP/1.1, content: EmptyByteBufBE)
GET /session/c1a85a2b9ee5a029b3ddffedf9fa3b1f/url HTTP/1.1
User-Agent: selenium/4.8.1 (java windows)
Cache-Control: no-cache
Content-Type: application/json; charset=utf-8
host: localhost:24795
accept: */*

Response DefaultHttpResponse(decodeResult: success, version: HTTP/1.1)
HTTP/1.1 200 OK
Content-Length: 46
Content-Type: application/json; charset=utf-8
cache-control: no-cache

10:13:37.554 [AsyncHttpClient-1-5] DEBUG org.asynchttpclient.netty.channel.ChannelManager - Adding key: http://localhost:24795 for channel [id: 0xd4a6fd73, L:/127.0.0.1:51933 - R:localhost/127.0.0.1:24795]
10:13:37.555 [main] DEBUG net.thucydides.core.steps.StepInterceptor - STARTING STEP: TransactionSteps.clickBayarButton - clickBayarButton
10:13:37.556 [Forwarding findElement on session c1a85a2b9ee5a029b3ddffedf9fa3b1f to remote] DEBUG org.asynchttpclient.netty.request.NettyRequestSender - Using pooled Channel '[id: 0xd4a6fd73, L:/127.0.0.1:51933 - R:localhost/127.0.0.1:24795]' for 'POST' to 'http://localhost:24795/session/c1a85a2b9ee5a029b3ddffedf9fa3b1f/element'
10:13:37.556 [Forwarding findElement on session c1a85a2b9ee5a029b3ddffedf9fa3b1f to remote] DEBUG org.asynchttpclient.netty.request.NettyRequestSender - Using open Channel [id: 0xd4a6fd73, L:/127.0.0.1:51933 - R:localhost/127.0.0.1:24795] for POST '/session/c1a85a2b9ee5a029b3ddffedf9fa3b1f/element'
10:13:37.564 [AsyncHttpClient-1-5] DEBUG org.asynchttpclient.netty.handler.HttpHandler - 

Request DefaultHttpRequest(decodeResult: success, version: HTTP/1.1)
POST /session/c1a85a2b9ee5a029b3ddffedf9fa3b1f/element HTTP/1.1
User-Agent: selenium/4.8.1 (java windows)
Content-Length: 59
Content-Type: application/json; charset=utf-8
host: localhost:24795
accept: */*

Response DefaultHttpResponse(decodeResult: success, version: HTTP/1.1)
HTTP/1.1 200 OK
Content-Length: 88
Content-Type: application/json; charset=utf-8
cache-control: no-cache

10:13:37.564 [AsyncHttpClient-1-5] DEBUG org.asynchttpclient.netty.channel.ChannelManager - Adding key: http://localhost:24795 for channel [id: 0xd4a6fd73, L:/127.0.0.1:51933 - R:localhost/127.0.0.1:24795]
10:13:37.564 [Forwarding getElementTagName on session c1a85a2b9ee5a029b3ddffedf9fa3b1f to remote] DEBUG org.asynchttpclient.netty.request.NettyRequestSender - Using pooled Channel '[id: 0xd4a6fd73, L:/127.0.0.1:51933 - R:localhost/127.0.0.1:24795]' for 'GET' to 'http://localhost:24795/session/c1a85a2b9ee5a029b3ddffedf9fa3b1f/element/9c23cbdb-f7a3-4342-bd76-8d8162629ee3/name'
10:13:37.564 [Forwarding getElementTagName on session c1a85a2b9ee5a029b3ddffedf9fa3b1f to remote] DEBUG org.asynchttpclient.netty.request.NettyRequestSender - Using open Channel [id: 0xd4a6fd73, L:/127.0.0.1:51933 - R:localhost/127.0.0.1:24795] for GET '/session/c1a85a2b9ee5a029b3ddffedf9fa3b1f/element/9c23cbdb-f7a3-4342-bd76-8d8162629ee3/name'
10:13:37.567 [AsyncHttpClient-1-5] DEBUG org.asynchttpclient.netty.handler.HttpHandler - 

Request DefaultFullHttpRequest(decodeResult: success, version: HTTP/1.1, content: EmptyByteBufBE)
GET /session/c1a85a2b9ee5a029b3ddffedf9fa3b1f/element/9c23cbdb-f7a3-4342-bd76-8d8162629ee3/name HTTP/1.1
User-Agent: selenium/4.8.1 (java windows)
Cache-Control: no-cache
Content-Type: application/json; charset=utf-8
host: localhost:24795
accept: */*

Response DefaultHttpResponse(decodeResult: success, version: HTTP/1.1)
HTTP/1.1 200 OK
Content-Length: 18
Content-Type: application/json; charset=utf-8
cache-control: no-cache

10:13:37.567 [AsyncHttpClient-1-5] DEBUG org.asynchttpclient.netty.channel.ChannelManager - Adding key: http://localhost:24795 for channel [id: 0xd4a6fd73, L:/127.0.0.1:51933 - R:localhost/127.0.0.1:24795]
10:13:37.568 [Forwarding getElementTagName on session c1a85a2b9ee5a029b3ddffedf9fa3b1f to remote] DEBUG org.asynchttpclient.netty.request.NettyRequestSender - Using pooled Channel '[id: 0xd4a6fd73, L:/127.0.0.1:51933 - R:localhost/127.0.0.1:24795]' for 'GET' to 'http://localhost:24795/session/c1a85a2b9ee5a029b3ddffedf9fa3b1f/element/9c23cbdb-f7a3-4342-bd76-8d8162629ee3/name'
10:13:37.568 [Forwarding getElementTagName on session c1a85a2b9ee5a029b3ddffedf9fa3b1f to remote] DEBUG org.asynchttpclient.netty.request.NettyRequestSender - Using open Channel [id: 0xd4a6fd73, L:/127.0.0.1:51933 - R:localhost/127.0.0.1:24795] for GET '/session/c1a85a2b9ee5a029b3ddffedf9fa3b1f/element/9c23cbdb-f7a3-4342-bd76-8d8162629ee3/name'
10:13:37.570 [AsyncHttpClient-1-5] DEBUG org.asynchttpclient.netty.handler.HttpHandler - 

Request DefaultFullHttpRequest(decodeResult: success, version: HTTP/1.1, content: EmptyByteBufBE)
GET /session/c1a85a2b9ee5a029b3ddffedf9fa3b1f/element/9c23cbdb-f7a3-4342-bd76-8d8162629ee3/name HTTP/1.1
User-Agent: selenium/4.8.1 (java windows)
Cache-Control: no-cache
Content-Type: application/json; charset=utf-8
host: localhost:24795
accept: */*

Response DefaultHttpResponse(decodeResult: success, version: HTTP/1.1)
HTTP/1.1 200 OK
Content-Length: 18
Content-Type: application/json; charset=utf-8
cache-control: no-cache

10:13:37.570 [AsyncHttpClient-1-5] DEBUG org.asynchttpclient.netty.channel.ChannelManager - Adding key: http://localhost:24795 for channel [id: 0xd4a6fd73, L:/127.0.0.1:51933 - R:localhost/127.0.0.1:24795]
10:13:37.572 [Forwarding isElementEnabled on session c1a85a2b9ee5a029b3ddffedf9fa3b1f to remote] DEBUG org.asynchttpclient.netty.request.NettyRequestSender - Using pooled Channel '[id: 0xd4a6fd73, L:/127.0.0.1:51933 - R:localhost/127.0.0.1:24795]' for 'GET' to 'http://localhost:24795/session/c1a85a2b9ee5a029b3ddffedf9fa3b1f/element/9c23cbdb-f7a3-4342-bd76-8d8162629ee3/enabled'
10:13:37.572 [Forwarding isElementEnabled on session c1a85a2b9ee5a029b3ddffedf9fa3b1f to remote] DEBUG org.asynchttpclient.netty.request.NettyRequestSender - Using open Channel [id: 0xd4a6fd73, L:/127.0.0.1:51933 - R:localhost/127.0.0.1:24795] for GET '/session/c1a85a2b9ee5a029b3ddffedf9fa3b1f/element/9c23cbdb-f7a3-4342-bd76-8d8162629ee3/enabled'
10:13:37.577 [AsyncHttpClient-1-5] DEBUG org.asynchttpclient.netty.handler.HttpHandler - 

Request DefaultFullHttpRequest(decodeResult: success, version: HTTP/1.1, content: EmptyByteBufBE)
GET /session/c1a85a2b9ee5a029b3ddffedf9fa3b1f/element/9c23cbdb-f7a3-4342-bd76-8d8162629ee3/enabled HTTP/1.1
User-Agent: selenium/4.8.1 (java windows)
Cache-Control: no-cache
Content-Type: application/json; charset=utf-8
host: localhost:24795
accept: */*

Response DefaultHttpResponse(decodeResult: success, version: HTTP/1.1)
HTTP/1.1 200 OK
Content-Length: 14
Content-Type: application/json; charset=utf-8
cache-control: no-cache

10:13:37.577 [AsyncHttpClient-1-5] DEBUG org.asynchttpclient.netty.channel.ChannelManager - Adding key: http://localhost:24795 for channel [id: 0xd4a6fd73, L:/127.0.0.1:51933 - R:localhost/127.0.0.1:24795]
10:13:37.578 [Forwarding isElementEnabled on session c1a85a2b9ee5a029b3ddffedf9fa3b1f to remote] DEBUG org.asynchttpclient.netty.request.NettyRequestSender - Using pooled Channel '[id: 0xd4a6fd73, L:/127.0.0.1:51933 - R:localhost/127.0.0.1:24795]' for 'GET' to 'http://localhost:24795/session/c1a85a2b9ee5a029b3ddffedf9fa3b1f/element/9c23cbdb-f7a3-4342-bd76-8d8162629ee3/enabled'
10:13:37.578 [Forwarding isElementEnabled on session c1a85a2b9ee5a029b3ddffedf9fa3b1f to remote] DEBUG org.asynchttpclient.netty.request.NettyRequestSender - Using open Channel [id: 0xd4a6fd73, L:/127.0.0.1:51933 - R:localhost/127.0.0.1:24795] for GET '/session/c1a85a2b9ee5a029b3ddffedf9fa3b1f/element/9c23cbdb-f7a3-4342-bd76-8d8162629ee3/enabled'
10:13:37.581 [AsyncHttpClient-1-5] DEBUG org.asynchttpclient.netty.handler.HttpHandler - 

Request DefaultFullHttpRequest(decodeResult: success, version: HTTP/1.1, content: EmptyByteBufBE)
GET /session/c1a85a2b9ee5a029b3ddffedf9fa3b1f/element/9c23cbdb-f7a3-4342-bd76-8d8162629ee3/enabled HTTP/1.1
User-Agent: selenium/4.8.1 (java windows)
Cache-Control: no-cache
Content-Type: application/json; charset=utf-8
host: localhost:24795
accept: */*

Response DefaultHttpResponse(decodeResult: success, version: HTTP/1.1)
HTTP/1.1 200 OK
Content-Length: 14
Content-Type: application/json; charset=utf-8
cache-control: no-cache

10:13:37.582 [AsyncHttpClient-1-5] DEBUG org.asynchttpclient.netty.channel.ChannelManager - Adding key: http://localhost:24795 for channel [id: 0xd4a6fd73, L:/127.0.0.1:51933 - R:localhost/127.0.0.1:24795]
10:13:37.582 [Forwarding findElement on session c1a85a2b9ee5a029b3ddffedf9fa3b1f to remote] DEBUG org.asynchttpclient.netty.request.NettyRequestSender - Using pooled Channel '[id: 0xd4a6fd73, L:/127.0.0.1:51933 - R:localhost/127.0.0.1:24795]' for 'POST' to 'http://localhost:24795/session/c1a85a2b9ee5a029b3ddffedf9fa3b1f/element'
10:13:37.582 [Forwarding findElement on session c1a85a2b9ee5a029b3ddffedf9fa3b1f to remote] DEBUG org.asynchttpclient.netty.request.NettyRequestSender - Using open Channel [id: 0xd4a6fd73, L:/127.0.0.1:51933 - R:localhost/127.0.0.1:24795] for POST '/session/c1a85a2b9ee5a029b3ddffedf9fa3b1f/element'
10:13:37.587 [AsyncHttpClient-1-5] DEBUG org.asynchttpclient.netty.handler.HttpHandler - 

Request DefaultHttpRequest(decodeResult: success, version: HTTP/1.1)
POST /session/c1a85a2b9ee5a029b3ddffedf9fa3b1f/element HTTP/1.1
User-Agent: selenium/4.8.1 (java windows)
Content-Length: 59
Content-Type: application/json; charset=utf-8
host: localhost:24795
accept: */*

Response DefaultHttpResponse(decodeResult: success, version: HTTP/1.1)
HTTP/1.1 200 OK
Content-Length: 88
Content-Type: application/json; charset=utf-8
cache-control: no-cache

10:13:37.587 [AsyncHttpClient-1-5] DEBUG org.asynchttpclient.netty.channel.ChannelManager - Adding key: http://localhost:24795 for channel [id: 0xd4a6fd73, L:/127.0.0.1:51933 - R:localhost/127.0.0.1:24795]
10:13:37.587 [Forwarding clickElement on session c1a85a2b9ee5a029b3ddffedf9fa3b1f to remote] DEBUG org.asynchttpclient.netty.request.NettyRequestSender - Using pooled Channel '[id: 0xd4a6fd73, L:/127.0.0.1:51933 - R:localhost/127.0.0.1:24795]' for 'POST' to 'http://localhost:24795/session/c1a85a2b9ee5a029b3ddffedf9fa3b1f/element/9c23cbdb-f7a3-4342-bd76-8d8162629ee3/click'
10:13:37.587 [Forwarding clickElement on session c1a85a2b9ee5a029b3ddffedf9fa3b1f to remote] DEBUG org.asynchttpclient.netty.request.NettyRequestSender - Using open Channel [id: 0xd4a6fd73, L:/127.0.0.1:51933 - R:localhost/127.0.0.1:24795] for POST '/session/c1a85a2b9ee5a029b3ddffedf9fa3b1f/element/9c23cbdb-f7a3-4342-bd76-8d8162629ee3/click'
10:13:37.619 [AsyncHttpClient-1-5] DEBUG org.asynchttpclient.netty.handler.HttpHandler - 

Request DefaultHttpRequest(decodeResult: success, version: HTTP/1.1)
POST /session/c1a85a2b9ee5a029b3ddffedf9fa3b1f/element/9c23cbdb-f7a3-4342-bd76-8d8162629ee3/click HTTP/1.1
User-Agent: selenium/4.8.1 (java windows)
Content-Length: 50
Content-Type: application/json; charset=utf-8
host: localhost:24795
accept: */*

Response DefaultHttpResponse(decodeResult: success, version: HTTP/1.1)
HTTP/1.1 200 OK
Content-Length: 14
Content-Type: application/json; charset=utf-8
cache-control: no-cache

10:13:37.619 [AsyncHttpClient-1-5] DEBUG org.asynchttpclient.netty.channel.ChannelManager - Adding key: http://localhost:24795 for channel [id: 0xd4a6fd73, L:/127.0.0.1:51933 - R:localhost/127.0.0.1:24795]
10:13:37.623 [Forwarding getAlertText on session c1a85a2b9ee5a029b3ddffedf9fa3b1f to remote] DEBUG org.asynchttpclient.netty.request.NettyRequestSender - Using pooled Channel '[id: 0xd4a6fd73, L:/127.0.0.1:51933 - R:localhost/127.0.0.1:24795]' for 'GET' to 'http://localhost:24795/session/c1a85a2b9ee5a029b3ddffedf9fa3b1f/alert/text'
10:13:37.623 [Forwarding getAlertText on session c1a85a2b9ee5a029b3ddffedf9fa3b1f to remote] DEBUG org.asynchttpclient.netty.request.NettyRequestSender - Using open Channel [id: 0xd4a6fd73, L:/127.0.0.1:51933 - R:localhost/127.0.0.1:24795] for GET '/session/c1a85a2b9ee5a029b3ddffedf9fa3b1f/alert/text'
10:13:37.623 [AsyncHttpClient-1-5] DEBUG org.asynchttpclient.netty.handler.HttpHandler - 

Request DefaultFullHttpRequest(decodeResult: success, version: HTTP/1.1, content: EmptyByteBufBE)
GET /session/c1a85a2b9ee5a029b3ddffedf9fa3b1f/alert/text HTTP/1.1
User-Agent: selenium/4.8.1 (java windows)
Cache-Control: no-cache
Content-Type: application/json; charset=utf-8
host: localhost:24795
accept: */*

Response DefaultHttpResponse(decodeResult: success, version: HTTP/1.1)
HTTP/1.1 404 Not Found
Content-Length: 836
Content-Type: application/json; charset=utf-8
cache-control: no-cache

10:13:37.623 [AsyncHttpClient-1-5] DEBUG org.asynchttpclient.netty.channel.ChannelManager - Adding key: http://localhost:24795 for channel [id: 0xd4a6fd73, L:/127.0.0.1:51933 - R:localhost/127.0.0.1:24795]
10:13:37.624 [Forwarding getCurrentUrl on session c1a85a2b9ee5a029b3ddffedf9fa3b1f to remote] DEBUG org.asynchttpclient.netty.request.NettyRequestSender - Using pooled Channel '[id: 0xd4a6fd73, L:/127.0.0.1:51933 - R:localhost/127.0.0.1:24795]' for 'GET' to 'http://localhost:24795/session/c1a85a2b9ee5a029b3ddffedf9fa3b1f/url'
10:13:37.624 [Forwarding getCurrentUrl on session c1a85a2b9ee5a029b3ddffedf9fa3b1f to remote] DEBUG org.asynchttpclient.netty.request.NettyRequestSender - Using open Channel [id: 0xd4a6fd73, L:/127.0.0.1:51933 - R:localhost/127.0.0.1:24795] for GET '/session/c1a85a2b9ee5a029b3ddffedf9fa3b1f/url'
10:13:37.626 [AsyncHttpClient-1-5] DEBUG org.asynchttpclient.netty.handler.HttpHandler - 

Request DefaultFullHttpRequest(decodeResult: success, version: HTTP/1.1, content: EmptyByteBufBE)
GET /session/c1a85a2b9ee5a029b3ddffedf9fa3b1f/url HTTP/1.1
User-Agent: selenium/4.8.1 (java windows)
Cache-Control: no-cache
Content-Type: application/json; charset=utf-8
host: localhost:24795
accept: */*

Response DefaultHttpResponse(decodeResult: success, version: HTTP/1.1)
HTTP/1.1 200 OK
Content-Length: 129
Content-Type: application/json; charset=utf-8
cache-control: no-cache

10:13:37.626 [AsyncHttpClient-1-5] DEBUG org.asynchttpclient.netty.channel.ChannelManager - Adding key: http://localhost:24795 for channel [id: 0xd4a6fd73, L:/127.0.0.1:51933 - R:localhost/127.0.0.1:24795]
10:13:37.627 [Forwarding screenshot on session c1a85a2b9ee5a029b3ddffedf9fa3b1f to remote] DEBUG org.asynchttpclient.netty.request.NettyRequestSender - Using pooled Channel '[id: 0xd4a6fd73, L:/127.0.0.1:51933 - R:localhost/127.0.0.1:24795]' for 'GET' to 'http://localhost:24795/session/c1a85a2b9ee5a029b3ddffedf9fa3b1f/screenshot'
10:13:37.627 [Forwarding screenshot on session c1a85a2b9ee5a029b3ddffedf9fa3b1f to remote] DEBUG org.asynchttpclient.netty.request.NettyRequestSender - Using open Channel [id: 0xd4a6fd73, L:/127.0.0.1:51933 - R:localhost/127.0.0.1:24795] for GET '/session/c1a85a2b9ee5a029b3ddffedf9fa3b1f/screenshot'
10:13:37.732 [AsyncHttpClient-1-5] DEBUG org.asynchttpclient.netty.handler.HttpHandler - 

Request DefaultFullHttpRequest(decodeResult: success, version: HTTP/1.1, content: EmptyByteBufBE)
GET /session/c1a85a2b9ee5a029b3ddffedf9fa3b1f/screenshot HTTP/1.1
User-Agent: selenium/4.8.1 (java windows)
Cache-Control: no-cache
Content-Type: application/json; charset=utf-8
host: localhost:24795
accept: */*

Response DefaultHttpResponse(decodeResult: success, version: HTTP/1.1)
HTTP/1.1 200 OK
Content-Length: 34868
Content-Type: application/json; charset=utf-8
cache-control: no-cache

10:13:37.732 [AsyncHttpClient-1-5] DEBUG org.asynchttpclient.netty.channel.ChannelManager - Adding key: http://localhost:24795 for channel [id: 0xd4a6fd73, L:/127.0.0.1:51933 - R:localhost/127.0.0.1:24795]
10:13:37.733 [main] DEBUG net.serenitybdd.core.photography.Darkroom - Send negative for processing for target\site\serenity\9545bac7c865087e20f3bd6411fb778f32be811c9100a44ce33d44980767a4b5.png
10:13:37.734 [main] DEBUG net.thucydides.core.steps.StepInterceptor - STEP DONE: clickBayarButton
  &amp#27;[32mWhen &amp#27;[0m&amp#27;[32mI click BAYAR button&amp#27;[0m                        &amp#27;[90m# starter.stepdefinitions.TransactionSteps.clickBayarButton()&amp#27;[0m
10:13:37.734 [Darkroom Processing Line] DEBUG net.serenitybdd.core.photography.DarkroomProcessingLine - Processing screenshot image in /var/screenshots/screenshot-18123166794500332770
10:13:37.734 [Darkroom Processing Line] DEBUG net.serenitybdd.core.photography.DarkroomProcessingLine - Saving screenshot to target\site\serenity\9545bac7c865087e20f3bd6411fb778f32be811c9100a44ce33d44980767a4b5.png
10:13:37.740 [Forwarding getPageSource on session c1a85a2b9ee5a029b3ddffedf9fa3b1f to remote] DEBUG org.asynchttpclient.netty.request.NettyRequestSender - Using pooled Channel '[id: 0xd4a6fd73, L:/127.0.0.1:51933 - R:localhost/127.0.0.1:24795]' for 'POST' to 'http://localhost:24795/session/c1a85a2b9ee5a029b3ddffedf9fa3b1f/execute/sync'
10:13:37.740 [Forwarding getPageSource on session c1a85a2b9ee5a029b3ddffedf9fa3b1f to remote] DEBUG org.asynchttpclient.netty.request.NettyRequestSender - Using open Channel [id: 0xd4a6fd73, L:/127.0.0.1:51933 - R:localhost/127.0.0.1:24795] for POST '/session/c1a85a2b9ee5a029b3ddffedf9fa3b1f/execute/sync'
10:13:37.744 [AsyncHttpClient-1-5] DEBUG org.asynchttpclient.netty.handler.HttpHandler - 

Request DefaultHttpRequest(decodeResult: success, version: HTTP/1.1)
POST /session/c1a85a2b9ee5a029b3ddffedf9fa3b1f/execute/sync HTTP/1.1
User-Agent: selenium/4.8.1 (java windows)
Content-Length: 176
Content-Type: application/json; charset=utf-8
host: localhost:24795
accept: */*

Response DefaultHttpResponse(decodeResult: success, version: HTTP/1.1)
HTTP/1.1 200 OK
Content-Length: 22053
Content-Type: application/json; charset=utf-8
cache-control: no-cache

10:13:37.744 [AsyncHttpClient-1-5] DEBUG org.asynchttpclient.netty.channel.ChannelManager - Adding key: http://localhost:24795 for channel [id: 0xd4a6fd73, L:/127.0.0.1:51933 - R:localhost/127.0.0.1:24795]
10:13:37.745 [Forwarding getCurrentUrl on session c1a85a2b9ee5a029b3ddffedf9fa3b1f to remote] DEBUG org.asynchttpclient.netty.request.NettyRequestSender - Using pooled Channel '[id: 0xd4a6fd73, L:/127.0.0.1:51933 - R:localhost/127.0.0.1:24795]' for 'GET' to 'http://localhost:24795/session/c1a85a2b9ee5a029b3ddffedf9fa3b1f/url'
10:13:37.745 [Forwarding getCurrentUrl on session c1a85a2b9ee5a029b3ddffedf9fa3b1f to remote] DEBUG org.asynchttpclient.netty.request.NettyRequestSender - Using open Channel [id: 0xd4a6fd73, L:/127.0.0.1:51933 - R:localhost/127.0.0.1:24795] for GET '/session/c1a85a2b9ee5a029b3ddffedf9fa3b1f/url'
10:13:37.747 [AsyncHttpClient-1-5] DEBUG org.asynchttpclient.netty.handler.HttpHandler - 

Request DefaultFullHttpRequest(decodeResult: success, version: HTTP/1.1, content: EmptyByteBufBE)
GET /session/c1a85a2b9ee5a029b3ddffedf9fa3b1f/url HTTP/1.1
User-Agent: selenium/4.8.1 (java windows)
Cache-Control: no-cache
Content-Type: application/json; charset=utf-8
host: localhost:24795
accept: */*

Response DefaultHttpResponse(decodeResult: success, version: HTTP/1.1)
HTTP/1.1 200 OK
Content-Length: 129
Content-Type: application/json; charset=utf-8
cache-control: no-cache

10:13:37.747 [AsyncHttpClient-1-5] DEBUG org.asynchttpclient.netty.channel.ChannelManager - Adding key: http://localhost:24795 for channel [id: 0xd4a6fd73, L:/127.0.0.1:51933 - R:localhost/127.0.0.1:24795]
10:13:37.752 [Forwarding getPageSource on session c1a85a2b9ee5a029b3ddffedf9fa3b1f to remote] DEBUG org.asynchttpclient.netty.request.NettyRequestSender - Using pooled Channel '[id: 0xd4a6fd73, L:/127.0.0.1:51933 - R:localhost/127.0.0.1:24795]' for 'POST' to 'http://localhost:24795/session/c1a85a2b9ee5a029b3ddffedf9fa3b1f/execute/sync'
10:13:37.752 [Forwarding getPageSource on session c1a85a2b9ee5a029b3ddffedf9fa3b1f to remote] DEBUG org.asynchttpclient.netty.request.NettyRequestSender - Using open Channel [id: 0xd4a6fd73, L:/127.0.0.1:51933 - R:localhost/127.0.0.1:24795] for POST '/session/c1a85a2b9ee5a029b3ddffedf9fa3b1f/execute/sync'
10:13:37.756 [AsyncHttpClient-1-5] DEBUG org.asynchttpclient.netty.handler.HttpHandler - 

Request DefaultHttpRequest(decodeResult: success, version: HTTP/1.1)
POST /session/c1a85a2b9ee5a029b3ddffedf9fa3b1f/execute/sync HTTP/1.1
User-Agent: selenium/4.8.1 (java windows)
Content-Length: 176
Content-Type: application/json; charset=utf-8
host: localhost:24795
accept: */*

Response DefaultHttpResponse(decodeResult: success, version: HTTP/1.1)
HTTP/1.1 200 OK
Content-Length: 22053
Content-Type: application/json; charset=utf-8
cache-control: no-cache

10:13:37.756 [AsyncHttpClient-1-5] DEBUG org.asynchttpclient.netty.channel.ChannelManager - Adding key: http://localhost:24795 for channel [id: 0xd4a6fd73, L:/127.0.0.1:51933 - R:localhost/127.0.0.1:24795]
10:13:37.757 [Forwarding getCurrentUrl on session c1a85a2b9ee5a029b3ddffedf9fa3b1f to remote] DEBUG org.asynchttpclient.netty.request.NettyRequestSender - Using pooled Channel '[id: 0xd4a6fd73, L:/127.0.0.1:51933 - R:localhost/127.0.0.1:24795]' for 'GET' to 'http://localhost:24795/session/c1a85a2b9ee5a029b3ddffedf9fa3b1f/url'
10:13:37.757 [Forwarding getCurrentUrl on session c1a85a2b9ee5a029b3ddffedf9fa3b1f to remote] DEBUG org.asynchttpclient.netty.request.NettyRequestSender - Using open Channel [id: 0xd4a6fd73, L:/127.0.0.1:51933 - R:localhost/127.0.0.1:24795] for GET '/session/c1a85a2b9ee5a029b3ddffedf9fa3b1f/url'
10:13:37.759 [AsyncHttpClient-1-5] DEBUG org.asynchttpclient.netty.handler.HttpHandler - 

Request DefaultFullHttpRequest(decodeResult: success, version: HTTP/1.1, content: EmptyByteBufBE)
GET /session/c1a85a2b9ee5a029b3ddffedf9fa3b1f/url HTTP/1.1
User-Agent: selenium/4.8.1 (java windows)
Cache-Control: no-cache
Content-Type: application/json; charset=utf-8
host: localhost:24795
accept: */*

Response DefaultHttpResponse(decodeResult: success, version: HTTP/1.1)
HTTP/1.1 200 OK
Content-Length: 129
Content-Type: application/json; charset=utf-8
cache-control: no-cache

10:13:37.759 [AsyncHttpClient-1-5] DEBUG org.asynchttpclient.netty.channel.ChannelManager - Adding key: http://localhost:24795 for channel [id: 0xd4a6fd73, L:/127.0.0.1:51933 - R:localhost/127.0.0.1:24795]
10:13:37.760 [main] DEBUG net.thucydides.core.steps.StepInterceptor - STARTING STEP: TransactionSteps.validateOnLoginPage - validateOnLoginPage
10:13:37.761 [Forwarding findElement on session c1a85a2b9ee5a029b3ddffedf9fa3b1f to remote] DEBUG org.asynchttpclient.netty.request.NettyRequestSender - Using pooled Channel '[id: 0xd4a6fd73, L:/127.0.0.1:51933 - R:localhost/127.0.0.1:24795]' for 'POST' to 'http://localhost:24795/session/c1a85a2b9ee5a029b3ddffedf9fa3b1f/element'
10:13:37.761 [Forwarding findElement on session c1a85a2b9ee5a029b3ddffedf9fa3b1f to remote] DEBUG org.asynchttpclient.netty.request.NettyRequestSender - Using open Channel [id: 0xd4a6fd73, L:/127.0.0.1:51933 - R:localhost/127.0.0.1:24795] for POST '/session/c1a85a2b9ee5a029b3ddffedf9fa3b1f/element'
10:13:37.769 [AsyncHttpClient-1-5] DEBUG org.asynchttpclient.netty.handler.HttpHandler - 

Request DefaultHttpRequest(decodeResult: success, version: HTTP/1.1)
POST /session/c1a85a2b9ee5a029b3ddffedf9fa3b1f/element HTTP/1.1
User-Agent: selenium/4.8.1 (java windows)
Content-Length: 71
Content-Type: application/json; charset=utf-8
host: localhost:24795
accept: */*

Response DefaultHttpResponse(decodeResult: success, version: HTTP/1.1)
HTTP/1.1 200 OK
Content-Length: 88
Content-Type: application/json; charset=utf-8
cache-control: no-cache

10:13:37.769 [AsyncHttpClient-1-5] DEBUG org.asynchttpclient.netty.channel.ChannelManager - Adding key: http://localhost:24795 for channel [id: 0xd4a6fd73, L:/127.0.0.1:51933 - R:localhost/127.0.0.1:24795]
10:13:37.771 [Forwarding isElementDisplayed on session c1a85a2b9ee5a029b3ddffedf9fa3b1f to remote] DEBUG org.asynchttpclient.netty.request.NettyRequestSender - Using pooled Channel '[id: 0xd4a6fd73, L:/127.0.0.1:51933 - R:localhost/127.0.0.1:24795]' for 'POST' to 'http://localhost:24795/session/c1a85a2b9ee5a029b3ddffedf9fa3b1f/execute/sync'
10:13:37.771 [Forwarding isElementDisplayed on session c1a85a2b9ee5a029b3ddffedf9fa3b1f to remote] DEBUG org.asynchttpclient.netty.request.NettyRequestSender - Using open Channel [id: 0xd4a6fd73, L:/127.0.0.1:51933 - R:localhost/127.0.0.1:24795] for POST '/session/c1a85a2b9ee5a029b3ddffedf9fa3b1f/execute/sync'
10:13:37.780 [AsyncHttpClient-1-5] DEBUG org.asynchttpclient.netty.handler.HttpHandler - 

Request DefaultHttpRequest(decodeResult: success, version: HTTP/1.1)
POST /session/c1a85a2b9ee5a029b3ddffedf9fa3b1f/execute/sync HTTP/1.1
User-Agent: selenium/4.8.1 (java windows)
Content-Length: 48807
Content-Type: application/json; charset=utf-8
host: localhost:24795
accept: */*

Response DefaultHttpResponse(decodeResult: success, version: HTTP/1.1)
HTTP/1.1 200 OK
Content-Length: 14
Content-Type: application/json; charset=utf-8
cache-control: no-cache

10:13:37.780 [AsyncHttpClient-1-5] DEBUG org.asynchttpclient.netty.channel.ChannelManager - Adding key: http://localhost:24795 for channel [id: 0xd4a6fd73, L:/127.0.0.1:51933 - R:localhost/127.0.0.1:24795]
10:13:37.782 [main] DEBUG net.thucydides.core.steps.StepInterceptor - STEP DONE: validateOnLoginPage
  &amp#27;[32mThen &amp#27;[0m&amp#27;[32mI redirected to login page&amp#27;[0m                  &amp#27;[90m# starter.stepdefinitions.TransactionSteps.validateOnLoginPage()&amp#27;[0m
10:13:37.785 [Forwarding getAlertText on session c1a85a2b9ee5a029b3ddffedf9fa3b1f to remote] DEBUG org.asynchttpclient.netty.request.NettyRequestSender - Using pooled Channel '[id: 0xd4a6fd73, L:/127.0.0.1:51933 - R:localhost/127.0.0.1:24795]' for 'GET' to 'http://localhost:24795/session/c1a85a2b9ee5a029b3ddffedf9fa3b1f/alert/text'
10:13:37.785 [Forwarding getAlertText on session c1a85a2b9ee5a029b3ddffedf9fa3b1f to remote] DEBUG org.asynchttpclient.netty.request.NettyRequestSender - Using open Channel [id: 0xd4a6fd73, L:/127.0.0.1:51933 - R:localhost/127.0.0.1:24795] for GET '/session/c1a85a2b9ee5a029b3ddffedf9fa3b1f/alert/text'
10:13:37.786 [AsyncHttpClient-1-5] DEBUG org.asynchttpclient.netty.handler.HttpHandler - 

Request DefaultFullHttpRequest(decodeResult: success, version: HTTP/1.1, content: EmptyByteBufBE)
GET /session/c1a85a2b9ee5a029b3ddffedf9fa3b1f/alert/text HTTP/1.1
User-Agent: selenium/4.8.1 (java windows)
Cache-Control: no-cache
Content-Type: application/json; charset=utf-8
host: localhost:24795
accept: */*

Response DefaultHttpResponse(decodeResult: success, version: HTTP/1.1)
HTTP/1.1 404 Not Found
Content-Length: 836
Content-Type: application/json; charset=utf-8
cache-control: no-cache

10:13:37.786 [AsyncHttpClient-1-5] DEBUG org.asynchttpclient.netty.channel.ChannelManager - Adding key: http://localhost:24795 for channel [id: 0xd4a6fd73, L:/127.0.0.1:51933 - R:localhost/127.0.0.1:24795]
10:13:37.787 [Forwarding getCurrentUrl on session c1a85a2b9ee5a029b3ddffedf9fa3b1f to remote] DEBUG org.asynchttpclient.netty.request.NettyRequestSender - Using pooled Channel '[id: 0xd4a6fd73, L:/127.0.0.1:51933 - R:localhost/127.0.0.1:24795]' for 'GET' to 'http://localhost:24795/session/c1a85a2b9ee5a029b3ddffedf9fa3b1f/url'
10:13:37.787 [Forwarding getCurrentUrl on session c1a85a2b9ee5a029b3ddffedf9fa3b1f to remote] DEBUG org.asynchttpclient.netty.request.NettyRequestSender - Using open Channel [id: 0xd4a6fd73, L:/127.0.0.1:51933 - R:localhost/127.0.0.1:24795] for GET '/session/c1a85a2b9ee5a029b3ddffedf9fa3b1f/url'
10:13:37.789 [AsyncHttpClient-1-5] DEBUG org.asynchttpclient.netty.handler.HttpHandler - 

Request DefaultFullHttpRequest(decodeResult: success, version: HTTP/1.1, content: EmptyByteBufBE)
GET /session/c1a85a2b9ee5a029b3ddffedf9fa3b1f/url HTTP/1.1
User-Agent: selenium/4.8.1 (java windows)
Cache-Control: no-cache
Content-Type: application/json; charset=utf-8
host: localhost:24795
accept: */*

Response DefaultHttpResponse(decodeResult: success, version: HTTP/1.1)
HTTP/1.1 200 OK
Content-Length: 129
Content-Type: application/json; charset=utf-8
cache-control: no-cache

10:13:37.789 [AsyncHttpClient-1-5] DEBUG org.asynchttpclient.netty.channel.ChannelManager - Adding key: http://localhost:24795 for channel [id: 0xd4a6fd73, L:/127.0.0.1:51933 - R:localhost/127.0.0.1:24795]
10:13:37.789 [Forwarding screenshot on session c1a85a2b9ee5a029b3ddffedf9fa3b1f to remote] DEBUG org.asynchttpclient.netty.request.NettyRequestSender - Using pooled Channel '[id: 0xd4a6fd73, L:/127.0.0.1:51933 - R:localhost/127.0.0.1:24795]' for 'GET' to 'http://localhost:24795/session/c1a85a2b9ee5a029b3ddffedf9fa3b1f/screenshot'
10:13:37.789 [Forwarding screenshot on session c1a85a2b9ee5a029b3ddffedf9fa3b1f to remote] DEBUG org.asynchttpclient.netty.request.NettyRequestSender - Using open Channel [id: 0xd4a6fd73, L:/127.0.0.1:51933 - R:localhost/127.0.0.1:24795] for GET '/session/c1a85a2b9ee5a029b3ddffedf9fa3b1f/screenshot'
10:13:37.890 [AsyncHttpClient-1-5] DEBUG org.asynchttpclient.netty.handler.HttpHandler - 

Request DefaultFullHttpRequest(decodeResult: success, version: HTTP/1.1, content: EmptyByteBufBE)
GET /session/c1a85a2b9ee5a029b3ddffedf9fa3b1f/screenshot HTTP/1.1
User-Agent: selenium/4.8.1 (java windows)
Cache-Control: no-cache
Content-Type: application/json; charset=utf-8
host: localhost:24795
accept: */*

Response DefaultHttpResponse(decodeResult: success, version: HTTP/1.1)
HTTP/1.1 200 OK
Content-Length: 33880
Content-Type: application/json; charset=utf-8
cache-control: no-cache

10:13:37.890 [AsyncHttpClient-1-5] DEBUG org.asynchttpclient.netty.channel.ChannelManager - Adding key: http://localhost:24795 for channel [id: 0xd4a6fd73, L:/127.0.0.1:51933 - R:localhost/127.0.0.1:24795]
10:13:37.891 [main] DEBUG net.serenitybdd.core.photography.Darkroom - Send negative for processing for target\site\serenity\1a53ab5a32f587ebf21afc6ff64aa47d3ac77f905fae8e4c3b598f6ec01670b0.png
10:13:37.891 [Darkroom Processing Line] DEBUG net.serenitybdd.core.photography.DarkroomProcessingLine - Processing screenshot image in /var/screenshots/screenshot-910404758488154013
10:13:37.891 [Darkroom Processing Line] DEBUG net.serenitybdd.core.photography.DarkroomProcessingLine - Saving screenshot to target\site\serenity\1a53ab5a32f587ebf21afc6ff64aa47d3ac77f905fae8e4c3b598f6ec01670b0.png
10:13:37.892 [main] INFO  - 
  _____   ___   ___   _____     ___     _     ___   ___   ___   ___  
 |_   _| | __| / __| |_   _|   | _ \   /_\   / __| / __| | __| |   \ 
   | |   | _|  \__ \   | |     |  _/  / _ \  \__ \ \__ \ | _|  | |) |
   |_|   |___| |___/   |_|     |_|   /_/ \_\ |___/ |___/ |___| |___/ 

Failed to pay when user hasn't login yet
----------------------------------------------------------------------
10:13:37.893 [AsyncHttpClient-1-7] DEBUG org.asynchttpclient.netty.handler.WebSocketHandler - Channel Closed: [id: 0x33ac435f, L:/127.0.0.1:51941 ! R:localhost/127.0.0.1:51934] with attribute NettyResponseFuture{currentRetry=0,
	isDone=1,
	isCancelled=0,
	asyncHandler=org.asynchttpclient.ws.WebSocketUpgradeHandler@34a1ccb3,
	nettyRequest=org.asynchttpclient.netty.request.NettyRequest@5d8e994f,
	future=java.util.concurrent.CompletableFuture@4e2efd32[Completed normally],
	uri=ws://localhost:51934/devtools/browser/8fbcab21-f193-4a75-b506-f357fdb9c43c,
	keepAlive=true,
	redirectCount=0,
	timeoutsHolder=null,
	inAuth=0,
	touch=1683429214637}
10:13:37.893 [AsyncHttpClient-1-7] DEBUG org.asynchttpclient.netty.channel.ChannelManager - Closing Channel [id: 0x33ac435f, L:/127.0.0.1:51941 ! R:localhost/127.0.0.1:51934] 
10:13:37.893 [Driver Command Executor] DEBUG org.asynchttpclient.netty.request.NettyRequestSender - Using pooled Channel '[id: 0xd4a6fd73, L:/127.0.0.1:51933 - R:localhost/127.0.0.1:24795]' for 'DELETE' to 'http://localhost:24795/session/c1a85a2b9ee5a029b3ddffedf9fa3b1f'
10:13:37.893 [Driver Command Executor] DEBUG org.asynchttpclient.netty.request.NettyRequestSender - Using open Channel [id: 0xd4a6fd73, L:/127.0.0.1:51933 - R:localhost/127.0.0.1:24795] for DELETE '/session/c1a85a2b9ee5a029b3ddffedf9fa3b1f'
10:13:38.006 [AsyncHttpClient-1-6] DEBUG org.asynchttpclient.netty.handler.HttpHandler - Unexpected I/O exception on channel [id: 0x0ec8005c, L:/127.0.0.1:51940 - R:localhost/127.0.0.1:51934]
java.io.IOException: An existing connection was forcibly closed by the remote host
	at java.base/sun.nio.ch.SocketDispatcher.read0(Native Method)
	at java.base/sun.nio.ch.SocketDispatcher.read(SocketDispatcher.java:43)
	at java.base/sun.nio.ch.IOUtil.readIntoNativeBuffer(IOUtil.java:276)
	at java.base/sun.nio.ch.IOUtil.read(IOUtil.java:233)
	at java.base/sun.nio.ch.IOUtil.read(IOUtil.java:223)
	at java.base/sun.nio.ch.SocketChannelImpl.read(SocketChannelImpl.java:358)
	at io.netty.buffer.PooledByteBuf.setBytes(PooledByteBuf.java:259)
	at io.netty.buffer.AbstractByteBuf.writeBytes(AbstractByteBuf.java:1132)
	at io.netty.channel.socket.nio.NioSocketChannel.doReadBytes(NioSocketChannel.java:357)
	at io.netty.channel.nio.AbstractNioByteChannel$NioByteUnsafe.read(AbstractNioByteChannel.java:151)
	at io.netty.channel.nio.NioEventLoop.processSelectedKey(NioEventLoop.java:788)
	at io.netty.channel.nio.NioEventLoop.processSelectedKeysOptimized(NioEventLoop.java:724)
	at io.netty.channel.nio.NioEventLoop.processSelectedKeys(NioEventLoop.java:650)
	at io.netty.channel.nio.NioEventLoop.run(NioEventLoop.java:562)
	at io.netty.util.concurrent.SingleThreadEventExecutor$4.run(SingleThreadEventExecutor.java:997)
	at io.netty.util.internal.ThreadExecutorMap$2.run(ThreadExecutorMap.java:74)
	at io.netty.util.concurrent.FastThreadLocalRunnable.run(FastThreadLocalRunnable.java:30)
	at java.base/java.lang.Thread.run(Thread.java:834)
10:13:38.006 [AsyncHttpClient-1-6] DEBUG org.asynchttpclient.netty.channel.ChannelManager - Closing Channel [id: 0x0ec8005c, L:/127.0.0.1:51940 - R:localhost/127.0.0.1:51934] 
10:13:38.006 [AsyncHttpClient-1-6] DEBUG org.asynchttpclient.netty.handler.HttpHandler - Channel Closed: [id: 0x0ec8005c, L:/127.0.0.1:51940 ! R:localhost/127.0.0.1:51934] with attribute DISCARD
10:13:38.014 [AsyncHttpClient-1-5] DEBUG org.asynchttpclient.netty.handler.HttpHandler - 

Request DefaultFullHttpRequest(decodeResult: success, version: HTTP/1.1, content: EmptyByteBufBE)
DELETE /session/c1a85a2b9ee5a029b3ddffedf9fa3b1f HTTP/1.1
User-Agent: selenium/4.8.1 (java windows)
Content-Type: application/json; charset=utf-8
host: localhost:24795
accept: */*

Response DefaultHttpResponse(decodeResult: success, version: HTTP/1.1)
HTTP/1.1 200 OK
Content-Length: 14
Content-Type: application/json; charset=utf-8
cache-control: no-cache

10:13:38.014 [AsyncHttpClient-1-5] DEBUG org.asynchttpclient.netty.channel.ChannelManager - Adding key: http://localhost:24795 for channel [id: 0xd4a6fd73, L:/127.0.0.1:51933 - R:localhost/127.0.0.1:24795]
10:13:38.040 [AsyncHttpClient-1-5] DEBUG org.asynchttpclient.netty.handler.HttpHandler - Channel Closed: [id: 0xd4a6fd73, L:/127.0.0.1:51933 ! R:localhost/127.0.0.1:24795] with attribute DISCARD
]]></system-out>
    <system-err><![CDATA[Starting ChromeDriver 111.0.5563.64 (c710e93d5b63b7095afe8c2c17df34408078439d-refs/branch-heads/5563@{#995}) on port 24795
Only local connections are allowed.
Please see https://chromedriver.chromium.org/security-considerations for suggestions on keeping ChromeDriver safe.
ChromeDriver was started successfully.
May 07, 2023 10:13:34 AM org.openqa.selenium.devtools.CdpVersionFinder findNearestMatch
WARNING: Unable to find an exact match for CDP version 111, so returning the closest version found: 110
]]></system-err>
  </testcase>
</testsuite>