<?xml version="1.0" encoding="UTF-8"?>
<testsuite xmlns:xsi="http://www.w3.org/2001/XMLSchema-instance" xsi:noNamespaceSchemaLocation="https://maven.apache.org/surefire/maven-failsafe-plugin/xsd/failsafe-test-report-3.0.xsd" version="3.0" name="starter.CucumberTestSuite" time="14.771" tests="37" errors="0" skipped="0" failures="0">
  <properties>
    <property name="sun.desktop" value="windows"/>
    <property name="awt.toolkit" value="sun.awt.windows.WToolkit"/>
    <property name="java.specification.version" value="11"/>
    <property name="sun.cpu.isalist" value="amd64"/>
    <property name="sun.jnu.encoding" value="Cp1252"/>
    <property name="java.class.path" value="E:\APIMinpro\API\minpro\target\test-classes;C:\Users\user\.m2\repository\net\serenity-bdd\serenity-rest-assured\3.6.22\serenity-rest-assured-3.6.22.jar;C:\Users\user\.m2\repository\org\apache\httpcomponents\httpclient\4.5.13\httpclient-4.5.13.jar;C:\Users\user\.m2\repository\org\apache\httpcomponents\httpcore\4.4.13\httpcore-4.4.13.jar;C:\Users\user\.m2\repository\commons-logging\commons-logging\1.2\commons-logging-1.2.jar;C:\Users\user\.m2\repository\io\rest-assured\rest-assured\5.3.0\rest-assured-5.3.0.jar;C:\Users\user\.m2\repository\org\apache\httpcomponents\httpmime\4.5.13\httpmime-4.5.13.jar;C:\Users\user\.m2\repository\org\ccil\cowan\tagsoup\tagsoup\1.2.1\tagsoup-1.2.1.jar;C:\Users\user\.m2\repository\io\rest-assured\json-path\5.3.0\json-path-5.3.0.jar;C:\Users\user\.m2\repository\io\rest-assured\rest-assured-common\5.3.0\rest-assured-common-5.3.0.jar;C:\Users\user\.m2\repository\io\rest-assured\xml-path\5.3.0\xml-path-5.3.0.jar;C:\Users\user\.m2\repository\org\apache\groovy\groovy-json\4.0.10\groovy-json-4.0.10.jar;C:\Users\user\.m2\repository\org\apache\groovy\groovy-xml\4.0.10\groovy-xml-4.0.10.jar;C:\Users\user\.m2\repository\org\apache\groovy\groovy\4.0.10\groovy-4.0.10.jar;C:\Users\user\.m2\repository\org\opentest4j\opentest4j\1.2.0\opentest4j-1.2.0.jar;C:\Users\user\.m2\repository\net\serenity-bdd\serenity-core\3.6.21\serenity-core-3.6.21.jar;C:\Users\user\.m2\repository\net\serenity-bdd\serenity-model\3.6.21\serenity-model-3.6.21.jar;C:\Users\user\.m2\repository\org\apache\commons\commons-text\1.10.0\commons-text-1.10.0.jar;C:\Users\user\.m2\repository\commons-net\commons-net\3.9.0\commons-net-3.9.0.jar;C:\Users\user\.m2\repository\com\google\guava\guava\31.1-jre\guava-31.1-jre.jar;C:\Users\user\.m2\repository\com\google\guava\failureaccess\1.0.1\failureaccess-1.0.1.jar;C:\Users\user\.m2\repository\com\google\guava\listenablefuture\9999.0-empty-to-avoid-conflict-with-guava\listenablefuture-9999.0-empty-to-avoid-conflict-with-guava.jar;C:\Users\user\.m2\repository\com\google\code\findbugs\jsr305\3.0.2\jsr305-3.0.2.jar;C:\Users\user\.m2\repository\org\checkerframework\checker-qual\3.12.0\checker-qual-3.12.0.jar;C:\Users\user\.m2\repository\com\google\errorprone\error_prone_annotations\2.11.0\error_prone_annotations-2.11.0.jar;C:\Users\user\.m2\repository\com\google\j2objc\j2objc-annotations\1.3\j2objc-annotations-1.3.jar;C:\Users\user\.m2\repository\com\google\inject\guice\5.1.0\guice-5.1.0.jar;C:\Users\user\.m2\repository\javax\inject\javax.inject\1\javax.inject-1.jar;C:\Users\user\.m2\repository\aopalliance\aopalliance\1.0\aopalliance-1.0.jar;C:\Users\user\.m2\repository\org\jsoup\jsoup\1.14.3\jsoup-1.14.3.jar;C:\Users\user\.m2\repository\com\thoughtworks\xstream\xstream\1.4.20\xstream-1.4.20.jar;C:\Users\user\.m2\repository\io\github\x-stream\mxparser\1.2.2\mxparser-1.2.2.jar;C:\Users\user\.m2\repository\xmlpull\xmlpull\1.1.3.1\xmlpull-1.1.3.1.jar;C:\Users\user\.m2\repository\com\typesafe\config\1.4.2\config-1.4.2.jar;C:\Users\user\.m2\repository\org\imgscalr\imgscalr-lib\4.2\imgscalr-lib-4.2.jar;C:\Users\user\.m2\repository\org\awaitility\awaitility\4.2.0\awaitility-4.2.0.jar;C:\Users\user\.m2\repository\org\freemarker\freemarker\2.3.31\freemarker-2.3.31.jar;C:\Users\user\.m2\repository\io\github\classgraph\classgraph\4.8.138\classgraph-4.8.138.jar;C:\Users\user\.m2\repository\net\sourceforge\jexcelapi\jxl\2.6.12\jxl-2.6.12.jar;C:\Users\user\.m2\repository\net\bytebuddy\byte-buddy-agent\1.14.2\byte-buddy-agent-1.14.2.jar;C:\Users\user\.m2\repository\org\objenesis\objenesis\3.3\objenesis-3.3.jar;C:\Users\user\.m2\repository\net\serenity-bdd\serenity-reports\3.6.21\serenity-reports-3.6.21.jar;C:\Users\user\.m2\repository\net\serenity-bdd\serenity-stats\3.6.21\serenity-stats-3.6.21.jar;C:\Users\user\.m2\repository\net\serenity-bdd\serenity-reports-configuration\3.6.21\serenity-reports-configuration-3.6.21.jar;C:\Users\user\.m2\repository\com\vladsch\flexmark\flexmark-all\0.62.2\flexmark-all-0.62.2.jar;C:\Users\user\.m2\repository\com\vladsch\flexmark\flexmark\0.62.2\flexmark-0.62.2.jar;C:\Users\user\.m2\repository\com\vladsch\flexmark\flexmark-ext-abbreviation\0.62.2\flexmark-ext-abbreviation-0.62.2.jar;C:\Users\user\.m2\repository\com\vladsch\flexmark\flexmark-util\0.62.2\flexmark-util-0.62.2.jar;C:\Users\user\.m2\repository\com\vladsch\flexmark\flexmark-ext-admonition\0.62.2\flexmark-ext-admonition-0.62.2.jar;C:\Users\user\.m2\repository\com\vladsch\flexmark\flexmark-ext-anchorlink\0.62.2\flexmark-ext-anchorlink-0.62.2.jar;C:\Users\user\.m2\repository\com\vladsch\flexmark\flexmark-ext-aside\0.62.2\flexmark-ext-aside-0.62.2.jar;C:\Users\user\.m2\repository\com\vladsch\flexmark\flexmark-ext-attributes\0.62.2\flexmark-ext-attributes-0.62.2.jar;C:\Users\user\.m2\repository\com\vladsch\flexmark\flexmark-ext-autolink\0.62.2\flexmark-ext-autolink-0.62.2.jar;C:\Users\user\.m2\repository\org\nibor\autolink\autolink\0.6.0\autolink-0.6.0.jar;C:\Users\user\.m2\repository\com\vladsch\flexmark\flexmark-ext-definition\0.62.2\flexmark-ext-definition-0.62.2.jar;C:\Users\user\.m2\repository\com\vladsch\flexmark\flexmark-ext-emoji\0.62.2\flexmark-ext-emoji-0.62.2.jar;C:\Users\user\.m2\repository\com\vladsch\flexmark\flexmark-ext-enumerated-reference\0.62.2\flexmark-ext-enumerated-reference-0.62.2.jar;C:\Users\user\.m2\repository\com\vladsch\flexmark\flexmark-ext-escaped-character\0.62.2\flexmark-ext-escaped-character-0.62.2.jar;C:\Users\user\.m2\repository\com\vladsch\flexmark\flexmark-ext-footnotes\0.62.2\flexmark-ext-footnotes-0.62.2.jar;C:\Users\user\.m2\repository\com\vladsch\flexmark\flexmark-ext-gfm-issues\0.62.2\flexmark-ext-gfm-issues-0.62.2.jar;C:\Users\user\.m2\repository\com\vladsch\flexmark\flexmark-ext-gfm-strikethrough\0.62.2\flexmark-ext-gfm-strikethrough-0.62.2.jar;C:\Users\user\.m2\repository\com\vladsch\flexmark\flexmark-ext-gfm-tasklist\0.62.2\flexmark-ext-gfm-tasklist-0.62.2.jar;C:\Users\user\.m2\repository\com\vladsch\flexmark\flexmark-ext-gfm-users\0.62.2\flexmark-ext-gfm-users-0.62.2.jar;C:\Users\user\.m2\repository\com\vladsch\flexmark\flexmark-ext-gitlab\0.62.2\flexmark-ext-gitlab-0.62.2.jar;C:\Users\user\.m2\repository\com\vladsch\flexmark\flexmark-ext-jekyll-front-matter\0.62.2\flexmark-ext-jekyll-front-matter-0.62.2.jar;C:\Users\user\.m2\repository\com\vladsch\flexmark\flexmark-ext-jekyll-tag\0.62.2\flexmark-ext-jekyll-tag-0.62.2.jar;C:\Users\user\.m2\repository\com\vladsch\flexmark\flexmark-ext-media-tags\0.62.2\flexmark-ext-media-tags-0.62.2.jar;C:\Users\user\.m2\repository\com\vladsch\flexmark\flexmark-ext-macros\0.62.2\flexmark-ext-macros-0.62.2.jar;C:\Users\user\.m2\repository\com\vladsch\flexmark\flexmark-ext-ins\0.62.2\flexmark-ext-ins-0.62.2.jar;C:\Users\user\.m2\repository\com\vladsch\flexmark\flexmark-ext-xwiki-macros\0.62.2\flexmark-ext-xwiki-macros-0.62.2.jar;C:\Users\user\.m2\repository\com\vladsch\flexmark\flexmark-ext-superscript\0.62.2\flexmark-ext-superscript-0.62.2.jar;C:\Users\user\.m2\repository\com\vladsch\flexmark\flexmark-ext-tables\0.62.2\flexmark-ext-tables-0.62.2.jar;C:\Users\user\.m2\repository\com\vladsch\flexmark\flexmark-ext-toc\0.62.2\flexmark-ext-toc-0.62.2.jar;C:\Users\user\.m2\repository\com\vladsch\flexmark\flexmark-ext-typographic\0.62.2\flexmark-ext-typographic-0.62.2.jar;C:\Users\user\.m2\repository\com\vladsch\flexmark\flexmark-ext-wikilink\0.62.2\flexmark-ext-wikilink-0.62.2.jar;C:\Users\user\.m2\repository\com\vladsch\flexmark\flexmark-ext-yaml-front-matter\0.62.2\flexmark-ext-yaml-front-matter-0.62.2.jar;C:\Users\user\.m2\repository\com\vladsch\flexmark\flexmark-ext-youtube-embedded\0.62.2\flexmark-ext-youtube-embedded-0.62.2.jar;C:\Users\user\.m2\repository\com\vladsch\flexmark\flexmark-html2md-converter\0.62.2\flexmark-html2md-converter-0.62.2.jar;C:\Users\user\.m2\repository\com\vladsch\flexmark\flexmark-jira-converter\0.62.2\flexmark-jira-converter-0.62.2.jar;C:\Users\user\.m2\repository\com\vladsch\flexmark\flexmark-pdf-converter\0.62.2\flexmark-pdf-converter-0.62.2.jar;C:\Users\user\.m2\repository\com\openhtmltopdf\openhtmltopdf-core\1.0.0\openhtmltopdf-core-1.0.0.jar;C:\Users\user\.m2\repository\com\openhtmltopdf\openhtmltopdf-pdfbox\1.0.0\openhtmltopdf-pdfbox-1.0.0.jar;C:\Users\user\.m2\repository\org\apache\pdfbox\pdfbox\2.0.16\pdfbox-2.0.16.jar;C:\Users\user\.m2\repository\org\apache\pdfbox\fontbox\2.0.16\fontbox-2.0.16.jar;C:\Users\user\.m2\repository\org\apache\pdfbox\xmpbox\2.0.16\xmpbox-2.0.16.jar;C:\Users\user\.m2\repository\de\rototor\pdfbox\graphics2d\0.24\graphics2d-0.24.jar;C:\Users\user\.m2\repository\com\openhtmltopdf\openhtmltopdf-rtl-support\1.0.0\openhtmltopdf-rtl-support-1.0.0.jar;C:\Users\user\.m2\repository\com\openhtmltopdf\openhtmltopdf-jsoup-dom-converter\1.0.0\openhtmltopdf-jsoup-dom-converter-1.0.0.jar;C:\Users\user\.m2\repository\com\vladsch\flexmark\flexmark-profile-pegdown\0.62.2\flexmark-profile-pegdown-0.62.2.jar;C:\Users\user\.m2\repository\com\vladsch\flexmark\flexmark-util-ast\0.62.2\flexmark-util-ast-0.62.2.jar;C:\Users\user\.m2\repository\com\vladsch\flexmark\flexmark-util-builder\0.62.2\flexmark-util-builder-0.62.2.jar;C:\Users\user\.m2\repository\com\vladsch\flexmark\flexmark-util-collection\0.62.2\flexmark-util-collection-0.62.2.jar;C:\Users\user\.m2\repository\com\vladsch\flexmark\flexmark-util-data\0.62.2\flexmark-util-data-0.62.2.jar;C:\Users\user\.m2\repository\com\vladsch\flexmark\flexmark-util-dependency\0.62.2\flexmark-util-dependency-0.62.2.jar;C:\Users\user\.m2\repository\com\vladsch\flexmark\flexmark-util-format\0.62.2\flexmark-util-format-0.62.2.jar;C:\Users\user\.m2\repository\com\vladsch\flexmark\flexmark-util-html\0.62.2\flexmark-util-html-0.62.2.jar;C:\Users\user\.m2\repository\com\vladsch\flexmark\flexmark-util-misc\0.62.2\flexmark-util-misc-0.62.2.jar;C:\Users\user\.m2\repository\com\vladsch\flexmark\flexmark-util-options\0.62.2\flexmark-util-options-0.62.2.jar;C:\Users\user\.m2\repository\com\vladsch\flexmark\flexmark-util-sequence\0.62.2\flexmark-util-sequence-0.62.2.jar;C:\Users\user\.m2\repository\com\vladsch\flexmark\flexmark-util-visitor\0.62.2\flexmark-util-visitor-0.62.2.jar;C:\Users\user\.m2\repository\com\vladsch\flexmark\flexmark-youtrack-converter\0.62.2\flexmark-youtrack-converter-0.62.2.jar;C:\Users\user\.m2\repository\com\ibm\icu\icu4j\72.1\icu4j-72.1.jar;C:\Users\user\.m2\repository\es\nitaur\markdown\txtmark\0.16\txtmark-0.16.jar;C:\Users\user\.m2\repository\net\serenity-bdd\serenity-report-resources\3.6.21\serenity-report-resources-3.6.21.jar;C:\Users\user\.m2\repository\com\google\code\gson\gson\2.10.1\gson-2.10.1.jar;C:\Users\user\.m2\repository\com\fasterxml\jackson\core\jackson-core\2.15.0-rc1\jackson-core-2.15.0-rc1.jar;C:\Users\user\.m2\repository\com\fasterxml\jackson\core\jackson-databind\2.15.0-rc1\jackson-databind-2.15.0-rc1.jar;C:\Users\user\.m2\repository\com\fasterxml\jackson\core\jackson-annotations\2.15.0-rc1\jackson-annotations-2.15.0-rc1.jar;C:\Users\user\.m2\repository\commons-codec\commons-codec\1.15\commons-codec-1.15.jar;C:\Users\user\.m2\repository\commons-io\commons-io\2.11.0\commons-io-2.11.0.jar;C:\Users\user\.m2\repository\org\seleniumhq\selenium\selenium-java\4.8.1\selenium-java-4.8.1.jar;C:\Users\user\.m2\repository\org\seleniumhq\selenium\selenium-devtools-v108\4.8.1\selenium-devtools-v108-4.8.1.jar;C:\Users\user\.m2\repository\org\seleniumhq\selenium\selenium-devtools-v109\4.8.1\selenium-devtools-v109-4.8.1.jar;C:\Users\user\.m2\repository\org\seleniumhq\selenium\selenium-devtools-v110\4.8.1\selenium-devtools-v110-4.8.1.jar;C:\Users\user\.m2\repository\org\seleniumhq\selenium\selenium-devtools-v85\4.8.1\selenium-devtools-v85-4.8.1.jar;C:\Users\user\.m2\repository\org\seleniumhq\selenium\selenium-remote-driver\4.8.1\selenium-remote-driver-4.8.1.jar;C:\Users\user\.m2\repository\com\beust\jcommander\1.82\jcommander-1.82.jar;C:\Users\user\.m2\repository\io\netty\netty-buffer\4.1.87.Final\netty-buffer-4.1.87.Final.jar;C:\Users\user\.m2\repository\io\netty\netty-codec-http\4.1.87.Final\netty-codec-http-4.1.87.Final.jar;C:\Users\user\.m2\repository\io\netty\netty-codec\4.1.87.Final\netty-codec-4.1.87.Final.jar;C:\Users\user\.m2\repository\io\netty\netty-handler\4.1.87.Final\netty-handler-4.1.87.Final.jar;C:\Users\user\.m2\repository\io\netty\netty-common\4.1.87.Final\netty-common-4.1.87.Final.jar;C:\Users\user\.m2\repository\io\netty\netty-transport-classes-epoll\4.1.87.Final\netty-transport-classes-epoll-4.1.87.Final.jar;C:\Users\user\.m2\repository\io\netty\netty-transport-classes-kqueue\4.1.87.Final\netty-transport-classes-kqueue-4.1.87.Final.jar;C:\Users\user\.m2\repository\io\netty\netty-transport-native-epoll\4.1.87.Final\netty-transport-native-epoll-4.1.87.Final.jar;C:\Users\user\.m2\repository\io\netty\netty-transport-native-kqueue\4.1.87.Final\netty-transport-native-kqueue-4.1.87.Final.jar;C:\Users\user\.m2\repository\io\netty\netty-transport-native-unix-common\4.1.87.Final\netty-transport-native-unix-common-4.1.87.Final.jar;C:\Users\user\.m2\repository\io\netty\netty-transport\4.1.87.Final\netty-transport-4.1.87.Final.jar;C:\Users\user\.m2\repository\io\netty\netty-resolver\4.1.87.Final\netty-resolver-4.1.87.Final.jar;C:\Users\user\.m2\repository\io\opentelemetry\opentelemetry-api\1.22.0\opentelemetry-api-1.22.0.jar;C:\Users\user\.m2\repository\io\opentelemetry\opentelemetry-context\1.22.0\opentelemetry-context-1.22.0.jar;C:\Users\user\.m2\repository\io\opentelemetry\opentelemetry-exporter-logging\1.22.0\opentelemetry-exporter-logging-1.22.0.jar;C:\Users\user\.m2\repository\io\opentelemetry\opentelemetry-sdk-metrics\1.22.0\opentelemetry-sdk-metrics-1.22.0.jar;C:\Users\user\.m2\repository\io\opentelemetry\opentelemetry-sdk-logs\1.22.0-alpha\opentelemetry-sdk-logs-1.22.0-alpha.jar;C:\Users\user\.m2\repository\io\opentelemetry\opentelemetry-api-logs\1.22.0-alpha\opentelemetry-api-logs-1.22.0-alpha.jar;C:\Users\user\.m2\repository\io\opentelemetry\opentelemetry-sdk-common\1.22.0\opentelemetry-sdk-common-1.22.0.jar;C:\Users\user\.m2\repository\io\opentelemetry\opentelemetry-sdk-extension-autoconfigure-spi\1.22.0\opentelemetry-sdk-extension-autoconfigure-spi-1.22.0.jar;C:\Users\user\.m2\repository\io\opentelemetry\opentelemetry-sdk-extension-autoconfigure\1.22.0-alpha\opentelemetry-sdk-extension-autoconfigure-1.22.0-alpha.jar;C:\Users\user\.m2\repository\io\opentelemetry\opentelemetry-sdk-trace\1.22.0\opentelemetry-sdk-trace-1.22.0.jar;C:\Users\user\.m2\repository\io\opentelemetry\opentelemetry-sdk\1.22.0\opentelemetry-sdk-1.22.0.jar;C:\Users\user\.m2\repository\io\opentelemetry\opentelemetry-semconv\1.22.0-alpha\opentelemetry-semconv-1.22.0-alpha.jar;C:\Users\user\.m2\repository\io\ous\jtoml\2.0.0\jtoml-2.0.0.jar;C:\Users\user\.m2\repository\org\apache\commons\commons-exec\1.3\commons-exec-1.3.jar;C:\Users\user\.m2\repository\org\asynchttpclient\async-http-client\2.12.3\async-http-client-2.12.3.jar;C:\Users\user\.m2\repository\org\asynchttpclient\async-http-client-netty-utils\2.12.3\async-http-client-netty-utils-2.12.3.jar;C:\Users\user\.m2\repository\io\netty\netty-codec-socks\4.1.60.Final\netty-codec-socks-4.1.60.Final.jar;C:\Users\user\.m2\repository\io\netty\netty-handler-proxy\4.1.60.Final\netty-handler-proxy-4.1.60.Final.jar;C:\Users\user\.m2\repository\io\netty\netty-transport-native-epoll\4.1.60.Final\netty-transport-native-epoll-4.1.60.Final-linux-x86_64.jar;C:\Users\user\.m2\repository\io\netty\netty-transport-native-kqueue\4.1.60.Final\netty-transport-native-kqueue-4.1.60.Final-osx-x86_64.jar;C:\Users\user\.m2\repository\org\reactivestreams\reactive-streams\1.0.3\reactive-streams-1.0.3.jar;C:\Users\user\.m2\repository\com\typesafe\netty\netty-reactive-streams\2.0.4\netty-reactive-streams-2.0.4.jar;C:\Users\user\.m2\repository\org\seleniumhq\selenium\selenium-manager\4.8.1\selenium-manager-4.8.1.jar;C:\Users\user\.m2\repository\org\seleniumhq\selenium\selenium-safari-driver\4.8.1\selenium-safari-driver-4.8.1.jar;C:\Users\user\.m2\repository\org\seleniumhq\selenium\selenium-api\4.8.1\selenium-api-4.8.1.jar;C:\Users\user\.m2\repository\org\seleniumhq\selenium\selenium-support\4.8.1\selenium-support-4.8.1.jar;C:\Users\user\.m2\repository\com\google\auto\service\auto-service-annotations\1.0.1\auto-service-annotations-1.0.1.jar;C:\Users\user\.m2\repository\com\google\auto\service\auto-service\1.0.1\auto-service-1.0.1.jar;C:\Users\user\.m2\repository\com\google\auto\auto-common\1.2\auto-common-1.2.jar;C:\Users\user\.m2\repository\org\seleniumhq\selenium\selenium-json\4.8.1\selenium-json-4.8.1.jar;C:\Users\user\.m2\repository\org\seleniumhq\selenium\selenium-chrome-driver\4.8.1\selenium-chrome-driver-4.8.1.jar;C:\Users\user\.m2\repository\org\seleniumhq\selenium\selenium-chromium-driver\4.8.1\selenium-chromium-driver-4.8.1.jar;C:\Users\user\.m2\repository\org\seleniumhq\selenium\selenium-firefox-driver\4.8.1\selenium-firefox-driver-4.8.1.jar;C:\Users\user\.m2\repository\org\seleniumhq\selenium\selenium-http\4.8.1\selenium-http-4.8.1.jar;C:\Users\user\.m2\repository\dev\failsafe\failsafe\3.3.0\failsafe-3.3.0.jar;C:\Users\user\.m2\repository\org\seleniumhq\selenium\selenium-edge-driver\4.8.1\selenium-edge-driver-4.8.1.jar;C:\Users\user\.m2\repository\org\seleniumhq\selenium\selenium-ie-driver\4.8.1\selenium-ie-driver-4.8.1.jar;C:\Users\user\.m2\repository\org\projectlombok\lombok\1.18.20\lombok-1.18.20.jar;C:\Users\user\.m2\repository\io\appium\java-client\8.3.0\java-client-8.3.0.jar;C:\Users\user\.m2\repository\commons-validator\commons-validator\1.7\commons-validator-1.7.jar;C:\Users\user\.m2\repository\commons-digester\commons-digester\2.1\commons-digester-2.1.jar;C:\Users\user\.m2\repository\net\sf\opencsv\opencsv\2.0\opencsv-2.0.jar;C:\Users\user\.m2\repository\commons-beanutils\commons-beanutils\1.9.4\commons-beanutils-1.9.4.jar;C:\Users\user\.m2\repository\org\apache\commons\commons-lang3\3.12.0\commons-lang3-3.12.0.jar;C:\Users\user\.m2\repository\commons-collections\commons-collections\3.2.2\commons-collections-3.2.2.jar;C:\Users\user\.m2\repository\org\fluentlenium\fluentlenium-core\0.10.2\fluentlenium-core-0.10.2.jar;C:\Users\user\.m2\repository\io\github\bonigarcia\webdrivermanager\5.3.0\webdrivermanager-5.3.0.jar;C:\Users\user\.m2\repository\com\github\docker-java\docker-java\3.2.13\docker-java-3.2.13.jar;C:\Users\user\.m2\repository\com\github\docker-java\docker-java-core\3.2.13\docker-java-core-3.2.13.jar;C:\Users\user\.m2\repository\com\github\docker-java\docker-java-api\3.2.13\docker-java-api-3.2.13.jar;C:\Users\user\.m2\repository\org\apache\commons\commons-compress\1.21\commons-compress-1.21.jar;C:\Users\user\.m2\repository\org\bouncycastle\bcpkix-jdk15on\1.64\bcpkix-jdk15on-1.64.jar;C:\Users\user\.m2\repository\org\bouncycastle\bcprov-jdk15on\1.64\bcprov-jdk15on-1.64.jar;C:\Users\user\.m2\repository\org\slf4j\jcl-over-slf4j\1.7.30\jcl-over-slf4j-1.7.30.jar;C:\Users\user\.m2\repository\com\github\docker-java\docker-java-transport-httpclient5\3.2.13\docker-java-transport-httpclient5-3.2.13.jar;C:\Users\user\.m2\repository\com\github\docker-java\docker-java-transport\3.2.13\docker-java-transport-3.2.13.jar;C:\Users\user\.m2\repository\net\java\dev\jna\jna\5.8.0\jna-5.8.0.jar;C:\Users\user\.m2\repository\org\brotli\dec\0.1.2\dec-0.1.2.jar;C:\Users\user\.m2\repository\org\apache\httpcomponents\client5\httpclient5\5.1.3\httpclient5-5.1.3.jar;C:\Users\user\.m2\repository\org\apache\httpcomponents\core5\httpcore5\5.1.3\httpcore5-5.1.3.jar;C:\Users\user\.m2\repository\org\apache\httpcomponents\core5\httpcore5-h2\5.1.3\httpcore5-h2-5.1.3.jar;C:\Users\user\.m2\repository\com\jhlabs\filters\2.0.235\filters-2.0.235.jar;C:\Users\user\.m2\repository\com\paulhammant\ngwebdriver\1.1.6\ngwebdriver-1.1.6.jar;C:\Users\user\.m2\repository\joda-time\joda-time\2.12.2\joda-time-2.12.2.jar;C:\Users\user\.m2\repository\org\hamcrest\hamcrest\2.2\hamcrest-2.2.jar;C:\Users\user\.m2\repository\com\google\jimfs\jimfs\1.2\jimfs-1.2.jar;C:\Users\user\.m2\repository\org\mockito\mockito-core\3.3.3\mockito-core-3.3.3.jar;C:\Users\user\.m2\repository\javax\xml\bind\jaxb-api\2.3.1\jaxb-api-2.3.1.jar;C:\Users\user\.m2\repository\javax\activation\javax.activation-api\1.2.0\javax.activation-api-1.2.0.jar;C:\Users\user\.m2\repository\com\sun\xml\bind\jaxb-core\2.3.0.1\jaxb-core-2.3.0.1.jar;C:\Users\user\.m2\repository\com\sun\xml\bind\jaxb-impl\2.3.3\jaxb-impl-2.3.3.jar;C:\Users\user\.m2\repository\jakarta\xml\bind\jakarta.xml.bind-api\2.3.3\jakarta.xml.bind-api-2.3.3.jar;C:\Users\user\.m2\repository\com\sun\activation\jakarta.activation\1.2.2\jakarta.activation-1.2.2.jar;C:\Users\user\.m2\repository\javax\activation\activation\1.1.1\activation-1.1.1.jar;C:\Users\user\.m2\repository\net\serenity-bdd\serenity-cucumber\3.6.21\serenity-cucumber-3.6.21.jar;C:\Users\user\.m2\repository\io\cucumber\cucumber-core\7.11.0\cucumber-core-7.11.0.jar;C:\Users\user\.m2\repository\io\cucumber\cucumber-gherkin\7.11.0\cucumber-gherkin-7.11.0.jar;C:\Users\user\.m2\repository\io\cucumber\cucumber-gherkin-messages\7.11.0\cucumber-gherkin-messages-7.11.0.jar;C:\Users\user\.m2\repository\io\cucumber\gherkin\26.0.3\gherkin-26.0.3.jar;C:\Users\user\.m2\repository\io\cucumber\messages\21.0.1\messages-21.0.1.jar;C:\Users\user\.m2\repository\io\cucumber\tag-expressions\5.0.1\tag-expressions-5.0.1.jar;C:\Users\user\.m2\repository\io\cucumber\cucumber-expressions\16.1.1\cucumber-expressions-16.1.1.jar;C:\Users\user\.m2\repository\io\cucumber\datatable\7.11.0\datatable-7.11.0.jar;C:\Users\user\.m2\repository\io\cucumber\cucumber-plugin\7.11.0\cucumber-plugin-7.11.0.jar;C:\Users\user\.m2\repository\io\cucumber\docstring\7.11.0\docstring-7.11.0.jar;C:\Users\user\.m2\repository\io\cucumber\html-formatter\20.2.1\html-formatter-20.2.1.jar;C:\Users\user\.m2\repository\io\cucumber\junit-xml-formatter\0.1.0\junit-xml-formatter-0.1.0.jar;C:\Users\user\.m2\repository\io\cucumber\ci-environment\9.1.0\ci-environment-9.1.0.jar;C:\Users\user\.m2\repository\io\cucumber\cucumber-java\7.11.0\cucumber-java-7.11.0.jar;C:\Users\user\.m2\repository\io\cucumber\cucumber-junit\7.11.0\cucumber-junit-7.11.0.jar;C:\Users\user\.m2\repository\org\apache\commons\commons-csv\1.5\commons-csv-1.5.jar;C:\Users\user\.m2\repository\net\serenity-bdd\serenity-screenplay\3.6.21\serenity-screenplay-3.6.21.jar;C:\Users\user\.m2\repository\net\serenity-bdd\serenity-screenplay-webdriver\3.6.21\serenity-screenplay-webdriver-3.6.21.jar;C:\Users\user\.m2\repository\net\serenity-bdd\serenity-ensure\3.6.21\serenity-ensure-3.6.21.jar;C:\Users\user\.m2\repository\net\serenity-bdd\serenity-junit\3.6.21\serenity-junit-3.6.21.jar;C:\Users\user\.m2\repository\org\jetbrains\kotlin\kotlin-stdlib\1.8.10\kotlin-stdlib-1.8.10.jar;C:\Users\user\.m2\repository\org\jetbrains\kotlin\kotlin-stdlib-common\1.8.10\kotlin-stdlib-common-1.8.10.jar;C:\Users\user\.m2\repository\org\jetbrains\annotations\13.0\annotations-13.0.jar;C:\Users\user\.m2\repository\org\junit\platform\junit-platform-launcher\1.8.2\junit-platform-launcher-1.8.2.jar;C:\Users\user\.m2\repository\org\junit\platform\junit-platform-engine\1.8.2\junit-platform-engine-1.8.2.jar;C:\Users\user\.m2\repository\org\junit\platform\junit-platform-commons\1.8.2\junit-platform-commons-1.8.2.jar;C:\Users\user\.m2\repository\org\apiguardian\apiguardian-api\1.1.2\apiguardian-api-1.1.2.jar;C:\Users\user\.m2\repository\org\junit\jupiter\junit-jupiter-engine\5.8.2\junit-jupiter-engine-5.8.2.jar;C:\Users\user\.m2\repository\org\junit\jupiter\junit-jupiter-api\5.8.2\junit-jupiter-api-5.8.2.jar;C:\Users\user\.m2\repository\org\junit\vintage\junit-vintage-engine\5.8.2\junit-vintage-engine-5.8.2.jar;C:\Users\user\.m2\repository\junit\junit\4.13.2\junit-4.13.2.jar;C:\Users\user\.m2\repository\org\hamcrest\hamcrest-core\1.3\hamcrest-core-1.3.jar;C:\Users\user\.m2\repository\ch\qos\logback\logback-classic\1.2.10\logback-classic-1.2.10.jar;C:\Users\user\.m2\repository\ch\qos\logback\logback-core\1.2.10\logback-core-1.2.10.jar;C:\Users\user\.m2\repository\org\slf4j\slf4j-api\1.7.32\slf4j-api-1.7.32.jar;C:\Users\user\.m2\repository\org\assertj\assertj-core\3.23.1\assertj-core-3.23.1.jar;C:\Users\user\.m2\repository\net\bytebuddy\byte-buddy\1.12.10\byte-buddy-1.12.10.jar;C:\Users\user\.m2\repository\com\googlecode\json-simple\json-simple\1.1.1\json-simple-1.1.1.jar;"/>
    <property name="java.vm.vendor" value="Oracle Corporation"/>
    <property name="sun.arch.data.model" value="64"/>
    <property name="user.variant" value=""/>
    <property name="java.vendor.url" value="https://openjdk.java.net/"/>
    <property name="user.timezone" value="Asia/Bangkok"/>
    <property name="java.vm.specification.version" value="11"/>
    <property name="os.name" value="Windows 10"/>
    <property name="sun.java.launcher" value="SUN_STANDARD"/>
    <property name="user.country" value="ID"/>
    <property name="sun.boot.library.path" value="C:\Program Files\Java\jdk-11.0.15.1\bin"/>
    <property name="sun.java.command" value="org.apache.maven.surefire.booter.ForkedBooter C:\Users\user\AppData\Local\Temp\surefire669234872205130144 2023-05-07T10-06-51_127-jvmRun1 surefire17601753807337774485tmp surefire_015278837695535251220tmp"/>
    <property name="jdk.debug" value="release"/>
    <property name="surefire.test.class.path" value="E:\APIMinpro\API\minpro\target\test-classes;C:\Users\user\.m2\repository\net\serenity-bdd\serenity-rest-assured\3.6.22\serenity-rest-assured-3.6.22.jar;C:\Users\user\.m2\repository\org\apache\httpcomponents\httpclient\4.5.13\httpclient-4.5.13.jar;C:\Users\user\.m2\repository\org\apache\httpcomponents\httpcore\4.4.13\httpcore-4.4.13.jar;C:\Users\user\.m2\repository\commons-logging\commons-logging\1.2\commons-logging-1.2.jar;C:\Users\user\.m2\repository\io\rest-assured\rest-assured\5.3.0\rest-assured-5.3.0.jar;C:\Users\user\.m2\repository\org\apache\httpcomponents\httpmime\4.5.13\httpmime-4.5.13.jar;C:\Users\user\.m2\repository\org\ccil\cowan\tagsoup\tagsoup\1.2.1\tagsoup-1.2.1.jar;C:\Users\user\.m2\repository\io\rest-assured\json-path\5.3.0\json-path-5.3.0.jar;C:\Users\user\.m2\repository\io\rest-assured\rest-assured-common\5.3.0\rest-assured-common-5.3.0.jar;C:\Users\user\.m2\repository\io\rest-assured\xml-path\5.3.0\xml-path-5.3.0.jar;C:\Users\user\.m2\repository\org\apache\groovy\groovy-json\4.0.10\groovy-json-4.0.10.jar;C:\Users\user\.m2\repository\org\apache\groovy\groovy-xml\4.0.10\groovy-xml-4.0.10.jar;C:\Users\user\.m2\repository\org\apache\groovy\groovy\4.0.10\groovy-4.0.10.jar;C:\Users\user\.m2\repository\org\opentest4j\opentest4j\1.2.0\opentest4j-1.2.0.jar;C:\Users\user\.m2\repository\net\serenity-bdd\serenity-core\3.6.21\serenity-core-3.6.21.jar;C:\Users\user\.m2\repository\net\serenity-bdd\serenity-model\3.6.21\serenity-model-3.6.21.jar;C:\Users\user\.m2\repository\org\apache\commons\commons-text\1.10.0\commons-text-1.10.0.jar;C:\Users\user\.m2\repository\commons-net\commons-net\3.9.0\commons-net-3.9.0.jar;C:\Users\user\.m2\repository\com\google\guava\guava\31.1-jre\guava-31.1-jre.jar;C:\Users\user\.m2\repository\com\google\guava\failureaccess\1.0.1\failureaccess-1.0.1.jar;C:\Users\user\.m2\repository\com\google\guava\listenablefuture\9999.0-empty-to-avoid-conflict-with-guava\listenablefuture-9999.0-empty-to-avoid-conflict-with-guava.jar;C:\Users\user\.m2\repository\com\google\code\findbugs\jsr305\3.0.2\jsr305-3.0.2.jar;C:\Users\user\.m2\repository\org\checkerframework\checker-qual\3.12.0\checker-qual-3.12.0.jar;C:\Users\user\.m2\repository\com\google\errorprone\error_prone_annotations\2.11.0\error_prone_annotations-2.11.0.jar;C:\Users\user\.m2\repository\com\google\j2objc\j2objc-annotations\1.3\j2objc-annotations-1.3.jar;C:\Users\user\.m2\repository\com\google\inject\guice\5.1.0\guice-5.1.0.jar;C:\Users\user\.m2\repository\javax\inject\javax.inject\1\javax.inject-1.jar;C:\Users\user\.m2\repository\aopalliance\aopalliance\1.0\aopalliance-1.0.jar;C:\Users\user\.m2\repository\org\jsoup\jsoup\1.14.3\jsoup-1.14.3.jar;C:\Users\user\.m2\repository\com\thoughtworks\xstream\xstream\1.4.20\xstream-1.4.20.jar;C:\Users\user\.m2\repository\io\github\x-stream\mxparser\1.2.2\mxparser-1.2.2.jar;C:\Users\user\.m2\repository\xmlpull\xmlpull\1.1.3.1\xmlpull-1.1.3.1.jar;C:\Users\user\.m2\repository\com\typesafe\config\1.4.2\config-1.4.2.jar;C:\Users\user\.m2\repository\org\imgscalr\imgscalr-lib\4.2\imgscalr-lib-4.2.jar;C:\Users\user\.m2\repository\org\awaitility\awaitility\4.2.0\awaitility-4.2.0.jar;C:\Users\user\.m2\repository\org\freemarker\freemarker\2.3.31\freemarker-2.3.31.jar;C:\Users\user\.m2\repository\io\github\classgraph\classgraph\4.8.138\classgraph-4.8.138.jar;C:\Users\user\.m2\repository\net\sourceforge\jexcelapi\jxl\2.6.12\jxl-2.6.12.jar;C:\Users\user\.m2\repository\net\bytebuddy\byte-buddy-agent\1.14.2\byte-buddy-agent-1.14.2.jar;C:\Users\user\.m2\repository\org\objenesis\objenesis\3.3\objenesis-3.3.jar;C:\Users\user\.m2\repository\net\serenity-bdd\serenity-reports\3.6.21\serenity-reports-3.6.21.jar;C:\Users\user\.m2\repository\net\serenity-bdd\serenity-stats\3.6.21\serenity-stats-3.6.21.jar;C:\Users\user\.m2\repository\net\serenity-bdd\serenity-reports-configuration\3.6.21\serenity-reports-configuration-3.6.21.jar;C:\Users\user\.m2\repository\com\vladsch\flexmark\flexmark-all\0.62.2\flexmark-all-0.62.2.jar;C:\Users\user\.m2\repository\com\vladsch\flexmark\flexmark\0.62.2\flexmark-0.62.2.jar;C:\Users\user\.m2\repository\com\vladsch\flexmark\flexmark-ext-abbreviation\0.62.2\flexmark-ext-abbreviation-0.62.2.jar;C:\Users\user\.m2\repository\com\vladsch\flexmark\flexmark-util\0.62.2\flexmark-util-0.62.2.jar;C:\Users\user\.m2\repository\com\vladsch\flexmark\flexmark-ext-admonition\0.62.2\flexmark-ext-admonition-0.62.2.jar;C:\Users\user\.m2\repository\com\vladsch\flexmark\flexmark-ext-anchorlink\0.62.2\flexmark-ext-anchorlink-0.62.2.jar;C:\Users\user\.m2\repository\com\vladsch\flexmark\flexmark-ext-aside\0.62.2\flexmark-ext-aside-0.62.2.jar;C:\Users\user\.m2\repository\com\vladsch\flexmark\flexmark-ext-attributes\0.62.2\flexmark-ext-attributes-0.62.2.jar;C:\Users\user\.m2\repository\com\vladsch\flexmark\flexmark-ext-autolink\0.62.2\flexmark-ext-autolink-0.62.2.jar;C:\Users\user\.m2\repository\org\nibor\autolink\autolink\0.6.0\autolink-0.6.0.jar;C:\Users\user\.m2\repository\com\vladsch\flexmark\flexmark-ext-definition\0.62.2\flexmark-ext-definition-0.62.2.jar;C:\Users\user\.m2\repository\com\vladsch\flexmark\flexmark-ext-emoji\0.62.2\flexmark-ext-emoji-0.62.2.jar;C:\Users\user\.m2\repository\com\vladsch\flexmark\flexmark-ext-enumerated-reference\0.62.2\flexmark-ext-enumerated-reference-0.62.2.jar;C:\Users\user\.m2\repository\com\vladsch\flexmark\flexmark-ext-escaped-character\0.62.2\flexmark-ext-escaped-character-0.62.2.jar;C:\Users\user\.m2\repository\com\vladsch\flexmark\flexmark-ext-footnotes\0.62.2\flexmark-ext-footnotes-0.62.2.jar;C:\Users\user\.m2\repository\com\vladsch\flexmark\flexmark-ext-gfm-issues\0.62.2\flexmark-ext-gfm-issues-0.62.2.jar;C:\Users\user\.m2\repository\com\vladsch\flexmark\flexmark-ext-gfm-strikethrough\0.62.2\flexmark-ext-gfm-strikethrough-0.62.2.jar;C:\Users\user\.m2\repository\com\vladsch\flexmark\flexmark-ext-gfm-tasklist\0.62.2\flexmark-ext-gfm-tasklist-0.62.2.jar;C:\Users\user\.m2\repository\com\vladsch\flexmark\flexmark-ext-gfm-users\0.62.2\flexmark-ext-gfm-users-0.62.2.jar;C:\Users\user\.m2\repository\com\vladsch\flexmark\flexmark-ext-gitlab\0.62.2\flexmark-ext-gitlab-0.62.2.jar;C:\Users\user\.m2\repository\com\vladsch\flexmark\flexmark-ext-jekyll-front-matter\0.62.2\flexmark-ext-jekyll-front-matter-0.62.2.jar;C:\Users\user\.m2\repository\com\vladsch\flexmark\flexmark-ext-jekyll-tag\0.62.2\flexmark-ext-jekyll-tag-0.62.2.jar;C:\Users\user\.m2\repository\com\vladsch\flexmark\flexmark-ext-media-tags\0.62.2\flexmark-ext-media-tags-0.62.2.jar;C:\Users\user\.m2\repository\com\vladsch\flexmark\flexmark-ext-macros\0.62.2\flexmark-ext-macros-0.62.2.jar;C:\Users\user\.m2\repository\com\vladsch\flexmark\flexmark-ext-ins\0.62.2\flexmark-ext-ins-0.62.2.jar;C:\Users\user\.m2\repository\com\vladsch\flexmark\flexmark-ext-xwiki-macros\0.62.2\flexmark-ext-xwiki-macros-0.62.2.jar;C:\Users\user\.m2\repository\com\vladsch\flexmark\flexmark-ext-superscript\0.62.2\flexmark-ext-superscript-0.62.2.jar;C:\Users\user\.m2\repository\com\vladsch\flexmark\flexmark-ext-tables\0.62.2\flexmark-ext-tables-0.62.2.jar;C:\Users\user\.m2\repository\com\vladsch\flexmark\flexmark-ext-toc\0.62.2\flexmark-ext-toc-0.62.2.jar;C:\Users\user\.m2\repository\com\vladsch\flexmark\flexmark-ext-typographic\0.62.2\flexmark-ext-typographic-0.62.2.jar;C:\Users\user\.m2\repository\com\vladsch\flexmark\flexmark-ext-wikilink\0.62.2\flexmark-ext-wikilink-0.62.2.jar;C:\Users\user\.m2\repository\com\vladsch\flexmark\flexmark-ext-yaml-front-matter\0.62.2\flexmark-ext-yaml-front-matter-0.62.2.jar;C:\Users\user\.m2\repository\com\vladsch\flexmark\flexmark-ext-youtube-embedded\0.62.2\flexmark-ext-youtube-embedded-0.62.2.jar;C:\Users\user\.m2\repository\com\vladsch\flexmark\flexmark-html2md-converter\0.62.2\flexmark-html2md-converter-0.62.2.jar;C:\Users\user\.m2\repository\com\vladsch\flexmark\flexmark-jira-converter\0.62.2\flexmark-jira-converter-0.62.2.jar;C:\Users\user\.m2\repository\com\vladsch\flexmark\flexmark-pdf-converter\0.62.2\flexmark-pdf-converter-0.62.2.jar;C:\Users\user\.m2\repository\com\openhtmltopdf\openhtmltopdf-core\1.0.0\openhtmltopdf-core-1.0.0.jar;C:\Users\user\.m2\repository\com\openhtmltopdf\openhtmltopdf-pdfbox\1.0.0\openhtmltopdf-pdfbox-1.0.0.jar;C:\Users\user\.m2\repository\org\apache\pdfbox\pdfbox\2.0.16\pdfbox-2.0.16.jar;C:\Users\user\.m2\repository\org\apache\pdfbox\fontbox\2.0.16\fontbox-2.0.16.jar;C:\Users\user\.m2\repository\org\apache\pdfbox\xmpbox\2.0.16\xmpbox-2.0.16.jar;C:\Users\user\.m2\repository\de\rototor\pdfbox\graphics2d\0.24\graphics2d-0.24.jar;C:\Users\user\.m2\repository\com\openhtmltopdf\openhtmltopdf-rtl-support\1.0.0\openhtmltopdf-rtl-support-1.0.0.jar;C:\Users\user\.m2\repository\com\openhtmltopdf\openhtmltopdf-jsoup-dom-converter\1.0.0\openhtmltopdf-jsoup-dom-converter-1.0.0.jar;C:\Users\user\.m2\repository\com\vladsch\flexmark\flexmark-profile-pegdown\0.62.2\flexmark-profile-pegdown-0.62.2.jar;C:\Users\user\.m2\repository\com\vladsch\flexmark\flexmark-util-ast\0.62.2\flexmark-util-ast-0.62.2.jar;C:\Users\user\.m2\repository\com\vladsch\flexmark\flexmark-util-builder\0.62.2\flexmark-util-builder-0.62.2.jar;C:\Users\user\.m2\repository\com\vladsch\flexmark\flexmark-util-collection\0.62.2\flexmark-util-collection-0.62.2.jar;C:\Users\user\.m2\repository\com\vladsch\flexmark\flexmark-util-data\0.62.2\flexmark-util-data-0.62.2.jar;C:\Users\user\.m2\repository\com\vladsch\flexmark\flexmark-util-dependency\0.62.2\flexmark-util-dependency-0.62.2.jar;C:\Users\user\.m2\repository\com\vladsch\flexmark\flexmark-util-format\0.62.2\flexmark-util-format-0.62.2.jar;C:\Users\user\.m2\repository\com\vladsch\flexmark\flexmark-util-html\0.62.2\flexmark-util-html-0.62.2.jar;C:\Users\user\.m2\repository\com\vladsch\flexmark\flexmark-util-misc\0.62.2\flexmark-util-misc-0.62.2.jar;C:\Users\user\.m2\repository\com\vladsch\flexmark\flexmark-util-options\0.62.2\flexmark-util-options-0.62.2.jar;C:\Users\user\.m2\repository\com\vladsch\flexmark\flexmark-util-sequence\0.62.2\flexmark-util-sequence-0.62.2.jar;C:\Users\user\.m2\repository\com\vladsch\flexmark\flexmark-util-visitor\0.62.2\flexmark-util-visitor-0.62.2.jar;C:\Users\user\.m2\repository\com\vladsch\flexmark\flexmark-youtrack-converter\0.62.2\flexmark-youtrack-converter-0.62.2.jar;C:\Users\user\.m2\repository\com\ibm\icu\icu4j\72.1\icu4j-72.1.jar;C:\Users\user\.m2\repository\es\nitaur\markdown\txtmark\0.16\txtmark-0.16.jar;C:\Users\user\.m2\repository\net\serenity-bdd\serenity-report-resources\3.6.21\serenity-report-resources-3.6.21.jar;C:\Users\user\.m2\repository\com\google\code\gson\gson\2.10.1\gson-2.10.1.jar;C:\Users\user\.m2\repository\com\fasterxml\jackson\core\jackson-core\2.15.0-rc1\jackson-core-2.15.0-rc1.jar;C:\Users\user\.m2\repository\com\fasterxml\jackson\core\jackson-databind\2.15.0-rc1\jackson-databind-2.15.0-rc1.jar;C:\Users\user\.m2\repository\com\fasterxml\jackson\core\jackson-annotations\2.15.0-rc1\jackson-annotations-2.15.0-rc1.jar;C:\Users\user\.m2\repository\commons-codec\commons-codec\1.15\commons-codec-1.15.jar;C:\Users\user\.m2\repository\commons-io\commons-io\2.11.0\commons-io-2.11.0.jar;C:\Users\user\.m2\repository\org\seleniumhq\selenium\selenium-java\4.8.1\selenium-java-4.8.1.jar;C:\Users\user\.m2\repository\org\seleniumhq\selenium\selenium-devtools-v108\4.8.1\selenium-devtools-v108-4.8.1.jar;C:\Users\user\.m2\repository\org\seleniumhq\selenium\selenium-devtools-v109\4.8.1\selenium-devtools-v109-4.8.1.jar;C:\Users\user\.m2\repository\org\seleniumhq\selenium\selenium-devtools-v110\4.8.1\selenium-devtools-v110-4.8.1.jar;C:\Users\user\.m2\repository\org\seleniumhq\selenium\selenium-devtools-v85\4.8.1\selenium-devtools-v85-4.8.1.jar;C:\Users\user\.m2\repository\org\seleniumhq\selenium\selenium-remote-driver\4.8.1\selenium-remote-driver-4.8.1.jar;C:\Users\user\.m2\repository\com\beust\jcommander\1.82\jcommander-1.82.jar;C:\Users\user\.m2\repository\io\netty\netty-buffer\4.1.87.Final\netty-buffer-4.1.87.Final.jar;C:\Users\user\.m2\repository\io\netty\netty-codec-http\4.1.87.Final\netty-codec-http-4.1.87.Final.jar;C:\Users\user\.m2\repository\io\netty\netty-codec\4.1.87.Final\netty-codec-4.1.87.Final.jar;C:\Users\user\.m2\repository\io\netty\netty-handler\4.1.87.Final\netty-handler-4.1.87.Final.jar;C:\Users\user\.m2\repository\io\netty\netty-common\4.1.87.Final\netty-common-4.1.87.Final.jar;C:\Users\user\.m2\repository\io\netty\netty-transport-classes-epoll\4.1.87.Final\netty-transport-classes-epoll-4.1.87.Final.jar;C:\Users\user\.m2\repository\io\netty\netty-transport-classes-kqueue\4.1.87.Final\netty-transport-classes-kqueue-4.1.87.Final.jar;C:\Users\user\.m2\repository\io\netty\netty-transport-native-epoll\4.1.87.Final\netty-transport-native-epoll-4.1.87.Final.jar;C:\Users\user\.m2\repository\io\netty\netty-transport-native-kqueue\4.1.87.Final\netty-transport-native-kqueue-4.1.87.Final.jar;C:\Users\user\.m2\repository\io\netty\netty-transport-native-unix-common\4.1.87.Final\netty-transport-native-unix-common-4.1.87.Final.jar;C:\Users\user\.m2\repository\io\netty\netty-transport\4.1.87.Final\netty-transport-4.1.87.Final.jar;C:\Users\user\.m2\repository\io\netty\netty-resolver\4.1.87.Final\netty-resolver-4.1.87.Final.jar;C:\Users\user\.m2\repository\io\opentelemetry\opentelemetry-api\1.22.0\opentelemetry-api-1.22.0.jar;C:\Users\user\.m2\repository\io\opentelemetry\opentelemetry-context\1.22.0\opentelemetry-context-1.22.0.jar;C:\Users\user\.m2\repository\io\opentelemetry\opentelemetry-exporter-logging\1.22.0\opentelemetry-exporter-logging-1.22.0.jar;C:\Users\user\.m2\repository\io\opentelemetry\opentelemetry-sdk-metrics\1.22.0\opentelemetry-sdk-metrics-1.22.0.jar;C:\Users\user\.m2\repository\io\opentelemetry\opentelemetry-sdk-logs\1.22.0-alpha\opentelemetry-sdk-logs-1.22.0-alpha.jar;C:\Users\user\.m2\repository\io\opentelemetry\opentelemetry-api-logs\1.22.0-alpha\opentelemetry-api-logs-1.22.0-alpha.jar;C:\Users\user\.m2\repository\io\opentelemetry\opentelemetry-sdk-common\1.22.0\opentelemetry-sdk-common-1.22.0.jar;C:\Users\user\.m2\repository\io\opentelemetry\opentelemetry-sdk-extension-autoconfigure-spi\1.22.0\opentelemetry-sdk-extension-autoconfigure-spi-1.22.0.jar;C:\Users\user\.m2\repository\io\opentelemetry\opentelemetry-sdk-extension-autoconfigure\1.22.0-alpha\opentelemetry-sdk-extension-autoconfigure-1.22.0-alpha.jar;C:\Users\user\.m2\repository\io\opentelemetry\opentelemetry-sdk-trace\1.22.0\opentelemetry-sdk-trace-1.22.0.jar;C:\Users\user\.m2\repository\io\opentelemetry\opentelemetry-sdk\1.22.0\opentelemetry-sdk-1.22.0.jar;C:\Users\user\.m2\repository\io\opentelemetry\opentelemetry-semconv\1.22.0-alpha\opentelemetry-semconv-1.22.0-alpha.jar;C:\Users\user\.m2\repository\io\ous\jtoml\2.0.0\jtoml-2.0.0.jar;C:\Users\user\.m2\repository\org\apache\commons\commons-exec\1.3\commons-exec-1.3.jar;C:\Users\user\.m2\repository\org\asynchttpclient\async-http-client\2.12.3\async-http-client-2.12.3.jar;C:\Users\user\.m2\repository\org\asynchttpclient\async-http-client-netty-utils\2.12.3\async-http-client-netty-utils-2.12.3.jar;C:\Users\user\.m2\repository\io\netty\netty-codec-socks\4.1.60.Final\netty-codec-socks-4.1.60.Final.jar;C:\Users\user\.m2\repository\io\netty\netty-handler-proxy\4.1.60.Final\netty-handler-proxy-4.1.60.Final.jar;C:\Users\user\.m2\repository\io\netty\netty-transport-native-epoll\4.1.60.Final\netty-transport-native-epoll-4.1.60.Final-linux-x86_64.jar;C:\Users\user\.m2\repository\io\netty\netty-transport-native-kqueue\4.1.60.Final\netty-transport-native-kqueue-4.1.60.Final-osx-x86_64.jar;C:\Users\user\.m2\repository\org\reactivestreams\reactive-streams\1.0.3\reactive-streams-1.0.3.jar;C:\Users\user\.m2\repository\com\typesafe\netty\netty-reactive-streams\2.0.4\netty-reactive-streams-2.0.4.jar;C:\Users\user\.m2\repository\org\seleniumhq\selenium\selenium-manager\4.8.1\selenium-manager-4.8.1.jar;C:\Users\user\.m2\repository\org\seleniumhq\selenium\selenium-safari-driver\4.8.1\selenium-safari-driver-4.8.1.jar;C:\Users\user\.m2\repository\org\seleniumhq\selenium\selenium-api\4.8.1\selenium-api-4.8.1.jar;C:\Users\user\.m2\repository\org\seleniumhq\selenium\selenium-support\4.8.1\selenium-support-4.8.1.jar;C:\Users\user\.m2\repository\com\google\auto\service\auto-service-annotations\1.0.1\auto-service-annotations-1.0.1.jar;C:\Users\user\.m2\repository\com\google\auto\service\auto-service\1.0.1\auto-service-1.0.1.jar;C:\Users\user\.m2\repository\com\google\auto\auto-common\1.2\auto-common-1.2.jar;C:\Users\user\.m2\repository\org\seleniumhq\selenium\selenium-json\4.8.1\selenium-json-4.8.1.jar;C:\Users\user\.m2\repository\org\seleniumhq\selenium\selenium-chrome-driver\4.8.1\selenium-chrome-driver-4.8.1.jar;C:\Users\user\.m2\repository\org\seleniumhq\selenium\selenium-chromium-driver\4.8.1\selenium-chromium-driver-4.8.1.jar;C:\Users\user\.m2\repository\org\seleniumhq\selenium\selenium-firefox-driver\4.8.1\selenium-firefox-driver-4.8.1.jar;C:\Users\user\.m2\repository\org\seleniumhq\selenium\selenium-http\4.8.1\selenium-http-4.8.1.jar;C:\Users\user\.m2\repository\dev\failsafe\failsafe\3.3.0\failsafe-3.3.0.jar;C:\Users\user\.m2\repository\org\seleniumhq\selenium\selenium-edge-driver\4.8.1\selenium-edge-driver-4.8.1.jar;C:\Users\user\.m2\repository\org\seleniumhq\selenium\selenium-ie-driver\4.8.1\selenium-ie-driver-4.8.1.jar;C:\Users\user\.m2\repository\org\projectlombok\lombok\1.18.20\lombok-1.18.20.jar;C:\Users\user\.m2\repository\io\appium\java-client\8.3.0\java-client-8.3.0.jar;C:\Users\user\.m2\repository\commons-validator\commons-validator\1.7\commons-validator-1.7.jar;C:\Users\user\.m2\repository\commons-digester\commons-digester\2.1\commons-digester-2.1.jar;C:\Users\user\.m2\repository\net\sf\opencsv\opencsv\2.0\opencsv-2.0.jar;C:\Users\user\.m2\repository\commons-beanutils\commons-beanutils\1.9.4\commons-beanutils-1.9.4.jar;C:\Users\user\.m2\repository\org\apache\commons\commons-lang3\3.12.0\commons-lang3-3.12.0.jar;C:\Users\user\.m2\repository\commons-collections\commons-collections\3.2.2\commons-collections-3.2.2.jar;C:\Users\user\.m2\repository\org\fluentlenium\fluentlenium-core\0.10.2\fluentlenium-core-0.10.2.jar;C:\Users\user\.m2\repository\io\github\bonigarcia\webdrivermanager\5.3.0\webdrivermanager-5.3.0.jar;C:\Users\user\.m2\repository\com\github\docker-java\docker-java\3.2.13\docker-java-3.2.13.jar;C:\Users\user\.m2\repository\com\github\docker-java\docker-java-core\3.2.13\docker-java-core-3.2.13.jar;C:\Users\user\.m2\repository\com\github\docker-java\docker-java-api\3.2.13\docker-java-api-3.2.13.jar;C:\Users\user\.m2\repository\org\apache\commons\commons-compress\1.21\commons-compress-1.21.jar;C:\Users\user\.m2\repository\org\bouncycastle\bcpkix-jdk15on\1.64\bcpkix-jdk15on-1.64.jar;C:\Users\user\.m2\repository\org\bouncycastle\bcprov-jdk15on\1.64\bcprov-jdk15on-1.64.jar;C:\Users\user\.m2\repository\org\slf4j\jcl-over-slf4j\1.7.30\jcl-over-slf4j-1.7.30.jar;C:\Users\user\.m2\repository\com\github\docker-java\docker-java-transport-httpclient5\3.2.13\docker-java-transport-httpclient5-3.2.13.jar;C:\Users\user\.m2\repository\com\github\docker-java\docker-java-transport\3.2.13\docker-java-transport-3.2.13.jar;C:\Users\user\.m2\repository\net\java\dev\jna\jna\5.8.0\jna-5.8.0.jar;C:\Users\user\.m2\repository\org\brotli\dec\0.1.2\dec-0.1.2.jar;C:\Users\user\.m2\repository\org\apache\httpcomponents\client5\httpclient5\5.1.3\httpclient5-5.1.3.jar;C:\Users\user\.m2\repository\org\apache\httpcomponents\core5\httpcore5\5.1.3\httpcore5-5.1.3.jar;C:\Users\user\.m2\repository\org\apache\httpcomponents\core5\httpcore5-h2\5.1.3\httpcore5-h2-5.1.3.jar;C:\Users\user\.m2\repository\com\jhlabs\filters\2.0.235\filters-2.0.235.jar;C:\Users\user\.m2\repository\com\paulhammant\ngwebdriver\1.1.6\ngwebdriver-1.1.6.jar;C:\Users\user\.m2\repository\joda-time\joda-time\2.12.2\joda-time-2.12.2.jar;C:\Users\user\.m2\repository\org\hamcrest\hamcrest\2.2\hamcrest-2.2.jar;C:\Users\user\.m2\repository\com\google\jimfs\jimfs\1.2\jimfs-1.2.jar;C:\Users\user\.m2\repository\org\mockito\mockito-core\3.3.3\mockito-core-3.3.3.jar;C:\Users\user\.m2\repository\javax\xml\bind\jaxb-api\2.3.1\jaxb-api-2.3.1.jar;C:\Users\user\.m2\repository\javax\activation\javax.activation-api\1.2.0\javax.activation-api-1.2.0.jar;C:\Users\user\.m2\repository\com\sun\xml\bind\jaxb-core\2.3.0.1\jaxb-core-2.3.0.1.jar;C:\Users\user\.m2\repository\com\sun\xml\bind\jaxb-impl\2.3.3\jaxb-impl-2.3.3.jar;C:\Users\user\.m2\repository\jakarta\xml\bind\jakarta.xml.bind-api\2.3.3\jakarta.xml.bind-api-2.3.3.jar;C:\Users\user\.m2\repository\com\sun\activation\jakarta.activation\1.2.2\jakarta.activation-1.2.2.jar;C:\Users\user\.m2\repository\javax\activation\activation\1.1.1\activation-1.1.1.jar;C:\Users\user\.m2\repository\net\serenity-bdd\serenity-cucumber\3.6.21\serenity-cucumber-3.6.21.jar;C:\Users\user\.m2\repository\io\cucumber\cucumber-core\7.11.0\cucumber-core-7.11.0.jar;C:\Users\user\.m2\repository\io\cucumber\cucumber-gherkin\7.11.0\cucumber-gherkin-7.11.0.jar;C:\Users\user\.m2\repository\io\cucumber\cucumber-gherkin-messages\7.11.0\cucumber-gherkin-messages-7.11.0.jar;C:\Users\user\.m2\repository\io\cucumber\gherkin\26.0.3\gherkin-26.0.3.jar;C:\Users\user\.m2\repository\io\cucumber\messages\21.0.1\messages-21.0.1.jar;C:\Users\user\.m2\repository\io\cucumber\tag-expressions\5.0.1\tag-expressions-5.0.1.jar;C:\Users\user\.m2\repository\io\cucumber\cucumber-expressions\16.1.1\cucumber-expressions-16.1.1.jar;C:\Users\user\.m2\repository\io\cucumber\datatable\7.11.0\datatable-7.11.0.jar;C:\Users\user\.m2\repository\io\cucumber\cucumber-plugin\7.11.0\cucumber-plugin-7.11.0.jar;C:\Users\user\.m2\repository\io\cucumber\docstring\7.11.0\docstring-7.11.0.jar;C:\Users\user\.m2\repository\io\cucumber\html-formatter\20.2.1\html-formatter-20.2.1.jar;C:\Users\user\.m2\repository\io\cucumber\junit-xml-formatter\0.1.0\junit-xml-formatter-0.1.0.jar;C:\Users\user\.m2\repository\io\cucumber\ci-environment\9.1.0\ci-environment-9.1.0.jar;C:\Users\user\.m2\repository\io\cucumber\cucumber-java\7.11.0\cucumber-java-7.11.0.jar;C:\Users\user\.m2\repository\io\cucumber\cucumber-junit\7.11.0\cucumber-junit-7.11.0.jar;C:\Users\user\.m2\repository\org\apache\commons\commons-csv\1.5\commons-csv-1.5.jar;C:\Users\user\.m2\repository\net\serenity-bdd\serenity-screenplay\3.6.21\serenity-screenplay-3.6.21.jar;C:\Users\user\.m2\repository\net\serenity-bdd\serenity-screenplay-webdriver\3.6.21\serenity-screenplay-webdriver-3.6.21.jar;C:\Users\user\.m2\repository\net\serenity-bdd\serenity-ensure\3.6.21\serenity-ensure-3.6.21.jar;C:\Users\user\.m2\repository\net\serenity-bdd\serenity-junit\3.6.21\serenity-junit-3.6.21.jar;C:\Users\user\.m2\repository\org\jetbrains\kotlin\kotlin-stdlib\1.8.10\kotlin-stdlib-1.8.10.jar;C:\Users\user\.m2\repository\org\jetbrains\kotlin\kotlin-stdlib-common\1.8.10\kotlin-stdlib-common-1.8.10.jar;C:\Users\user\.m2\repository\org\jetbrains\annotations\13.0\annotations-13.0.jar;C:\Users\user\.m2\repository\org\junit\platform\junit-platform-launcher\1.8.2\junit-platform-launcher-1.8.2.jar;C:\Users\user\.m2\repository\org\junit\platform\junit-platform-engine\1.8.2\junit-platform-engine-1.8.2.jar;C:\Users\user\.m2\repository\org\junit\platform\junit-platform-commons\1.8.2\junit-platform-commons-1.8.2.jar;C:\Users\user\.m2\repository\org\apiguardian\apiguardian-api\1.1.2\apiguardian-api-1.1.2.jar;C:\Users\user\.m2\repository\org\junit\jupiter\junit-jupiter-engine\5.8.2\junit-jupiter-engine-5.8.2.jar;C:\Users\user\.m2\repository\org\junit\jupiter\junit-jupiter-api\5.8.2\junit-jupiter-api-5.8.2.jar;C:\Users\user\.m2\repository\org\junit\vintage\junit-vintage-engine\5.8.2\junit-vintage-engine-5.8.2.jar;C:\Users\user\.m2\repository\junit\junit\4.13.2\junit-4.13.2.jar;C:\Users\user\.m2\repository\org\hamcrest\hamcrest-core\1.3\hamcrest-core-1.3.jar;C:\Users\user\.m2\repository\ch\qos\logback\logback-classic\1.2.10\logback-classic-1.2.10.jar;C:\Users\user\.m2\repository\ch\qos\logback\logback-core\1.2.10\logback-core-1.2.10.jar;C:\Users\user\.m2\repository\org\slf4j\slf4j-api\1.7.32\slf4j-api-1.7.32.jar;C:\Users\user\.m2\repository\org\assertj\assertj-core\3.23.1\assertj-core-3.23.1.jar;C:\Users\user\.m2\repository\net\bytebuddy\byte-buddy\1.12.10\byte-buddy-1.12.10.jar;C:\Users\user\.m2\repository\com\googlecode\json-simple\json-simple\1.1.1\json-simple-1.1.1.jar;"/>
    <property name="sun.cpu.endian" value="little"/>
    <property name="user.home" value="C:\Users\user"/>
    <property name="user.language" value="en"/>
    <property name="java.specification.vendor" value="Oracle Corporation"/>
    <property name="jdk.module.path" value="E:\APIMinpro\API\minpro\target\minpro-1.0-SNAPSHOT.jar"/>
    <property name="java.version.date" value="2022-04-22"/>
    <property name="java.home" value="C:\Program Files\Java\jdk-11.0.15.1"/>
    <property name="file.separator" value="\"/>
    <property name="basedir" value="E:\APIMinpro\API\minpro"/>
    <property name="java.vm.compressedOopsMode" value="Zero based"/>
    <property name="line.separator" value="&#10;"/>
    <property name="java.specification.name" value="Java Platform API Specification"/>
    <property name="java.vm.specification.vendor" value="Oracle Corporation"/>
    <property name="java.awt.graphicsenv" value="sun.awt.Win32GraphicsEnvironment"/>
    <property name="surefire.real.class.path" value="C:\Users\user\.m2\repository\org\apache\maven\surefire\surefire-booter\3.0.0-M5\surefire-booter-3.0.0-M5.jar;C:\Users\user\.m2\repository\org\apache\maven\surefire\surefire-api\3.0.0-M5\surefire-api-3.0.0-M5.jar;C:\Users\user\.m2\repository\org\apache\maven\surefire\surefire-logger-api\3.0.0-M5\surefire-logger-api-3.0.0-M5.jar;C:\Users\user\.m2\repository\org\apache\maven\surefire\surefire-shared-utils\3.0.0-M4\surefire-shared-utils-3.0.0-M4.jar;C:\Users\user\.m2\repository\org\apache\maven\surefire\surefire-extensions-spi\3.0.0-M5\surefire-extensions-spi-3.0.0-M5.jar;E:\APIMinpro\API\minpro\target\test-classes;C:\Users\user\.m2\repository\net\serenity-bdd\serenity-rest-assured\3.6.22\serenity-rest-assured-3.6.22.jar;C:\Users\user\.m2\repository\org\apache\httpcomponents\httpclient\4.5.13\httpclient-4.5.13.jar;C:\Users\user\.m2\repository\org\apache\httpcomponents\httpcore\4.4.13\httpcore-4.4.13.jar;C:\Users\user\.m2\repository\commons-logging\commons-logging\1.2\commons-logging-1.2.jar;C:\Users\user\.m2\repository\io\rest-assured\rest-assured\5.3.0\rest-assured-5.3.0.jar;C:\Users\user\.m2\repository\org\apache\httpcomponents\httpmime\4.5.13\httpmime-4.5.13.jar;C:\Users\user\.m2\repository\org\ccil\cowan\tagsoup\tagsoup\1.2.1\tagsoup-1.2.1.jar;C:\Users\user\.m2\repository\io\rest-assured\json-path\5.3.0\json-path-5.3.0.jar;C:\Users\user\.m2\repository\io\rest-assured\rest-assured-common\5.3.0\rest-assured-common-5.3.0.jar;C:\Users\user\.m2\repository\io\rest-assured\xml-path\5.3.0\xml-path-5.3.0.jar;C:\Users\user\.m2\repository\org\apache\groovy\groovy-json\4.0.10\groovy-json-4.0.10.jar;C:\Users\user\.m2\repository\org\apache\groovy\groovy-xml\4.0.10\groovy-xml-4.0.10.jar;C:\Users\user\.m2\repository\org\apache\groovy\groovy\4.0.10\groovy-4.0.10.jar;C:\Users\user\.m2\repository\org\opentest4j\opentest4j\1.2.0\opentest4j-1.2.0.jar;C:\Users\user\.m2\repository\net\serenity-bdd\serenity-core\3.6.21\serenity-core-3.6.21.jar;C:\Users\user\.m2\repository\net\serenity-bdd\serenity-model\3.6.21\serenity-model-3.6.21.jar;C:\Users\user\.m2\repository\org\apache\commons\commons-text\1.10.0\commons-text-1.10.0.jar;C:\Users\user\.m2\repository\commons-net\commons-net\3.9.0\commons-net-3.9.0.jar;C:\Users\user\.m2\repository\com\google\guava\guava\31.1-jre\guava-31.1-jre.jar;C:\Users\user\.m2\repository\com\google\guava\failureaccess\1.0.1\failureaccess-1.0.1.jar;C:\Users\user\.m2\repository\com\google\guava\listenablefuture\9999.0-empty-to-avoid-conflict-with-guava\listenablefuture-9999.0-empty-to-avoid-conflict-with-guava.jar;C:\Users\user\.m2\repository\com\google\code\findbugs\jsr305\3.0.2\jsr305-3.0.2.jar;C:\Users\user\.m2\repository\org\checkerframework\checker-qual\3.12.0\checker-qual-3.12.0.jar;C:\Users\user\.m2\repository\com\google\errorprone\error_prone_annotations\2.11.0\error_prone_annotations-2.11.0.jar;C:\Users\user\.m2\repository\com\google\j2objc\j2objc-annotations\1.3\j2objc-annotations-1.3.jar;C:\Users\user\.m2\repository\com\google\inject\guice\5.1.0\guice-5.1.0.jar;C:\Users\user\.m2\repository\javax\inject\javax.inject\1\javax.inject-1.jar;C:\Users\user\.m2\repository\aopalliance\aopalliance\1.0\aopalliance-1.0.jar;C:\Users\user\.m2\repository\org\jsoup\jsoup\1.14.3\jsoup-1.14.3.jar;C:\Users\user\.m2\repository\com\thoughtworks\xstream\xstream\1.4.20\xstream-1.4.20.jar;C:\Users\user\.m2\repository\io\github\x-stream\mxparser\1.2.2\mxparser-1.2.2.jar;C:\Users\user\.m2\repository\xmlpull\xmlpull\1.1.3.1\xmlpull-1.1.3.1.jar;C:\Users\user\.m2\repository\com\typesafe\config\1.4.2\config-1.4.2.jar;C:\Users\user\.m2\repository\org\imgscalr\imgscalr-lib\4.2\imgscalr-lib-4.2.jar;C:\Users\user\.m2\repository\org\awaitility\awaitility\4.2.0\awaitility-4.2.0.jar;C:\Users\user\.m2\repository\org\freemarker\freemarker\2.3.31\freemarker-2.3.31.jar;C:\Users\user\.m2\repository\io\github\classgraph\classgraph\4.8.138\classgraph-4.8.138.jar;C:\Users\user\.m2\repository\net\sourceforge\jexcelapi\jxl\2.6.12\jxl-2.6.12.jar;C:\Users\user\.m2\repository\net\bytebuddy\byte-buddy-agent\1.14.2\byte-buddy-agent-1.14.2.jar;C:\Users\user\.m2\repository\org\objenesis\objenesis\3.3\objenesis-3.3.jar;C:\Users\user\.m2\repository\net\serenity-bdd\serenity-reports\3.6.21\serenity-reports-3.6.21.jar;C:\Users\user\.m2\repository\net\serenity-bdd\serenity-stats\3.6.21\serenity-stats-3.6.21.jar;C:\Users\user\.m2\repository\net\serenity-bdd\serenity-reports-configuration\3.6.21\serenity-reports-configuration-3.6.21.jar;C:\Users\user\.m2\repository\com\vladsch\flexmark\flexmark-all\0.62.2\flexmark-all-0.62.2.jar;C:\Users\user\.m2\repository\com\vladsch\flexmark\flexmark\0.62.2\flexmark-0.62.2.jar;C:\Users\user\.m2\repository\com\vladsch\flexmark\flexmark-ext-abbreviation\0.62.2\flexmark-ext-abbreviation-0.62.2.jar;C:\Users\user\.m2\repository\com\vladsch\flexmark\flexmark-util\0.62.2\flexmark-util-0.62.2.jar;C:\Users\user\.m2\repository\com\vladsch\flexmark\flexmark-ext-admonition\0.62.2\flexmark-ext-admonition-0.62.2.jar;C:\Users\user\.m2\repository\com\vladsch\flexmark\flexmark-ext-anchorlink\0.62.2\flexmark-ext-anchorlink-0.62.2.jar;C:\Users\user\.m2\repository\com\vladsch\flexmark\flexmark-ext-aside\0.62.2\flexmark-ext-aside-0.62.2.jar;C:\Users\user\.m2\repository\com\vladsch\flexmark\flexmark-ext-attributes\0.62.2\flexmark-ext-attributes-0.62.2.jar;C:\Users\user\.m2\repository\com\vladsch\flexmark\flexmark-ext-autolink\0.62.2\flexmark-ext-autolink-0.62.2.jar;C:\Users\user\.m2\repository\org\nibor\autolink\autolink\0.6.0\autolink-0.6.0.jar;C:\Users\user\.m2\repository\com\vladsch\flexmark\flexmark-ext-definition\0.62.2\flexmark-ext-definition-0.62.2.jar;C:\Users\user\.m2\repository\com\vladsch\flexmark\flexmark-ext-emoji\0.62.2\flexmark-ext-emoji-0.62.2.jar;C:\Users\user\.m2\repository\com\vladsch\flexmark\flexmark-ext-enumerated-reference\0.62.2\flexmark-ext-enumerated-reference-0.62.2.jar;C:\Users\user\.m2\repository\com\vladsch\flexmark\flexmark-ext-escaped-character\0.62.2\flexmark-ext-escaped-character-0.62.2.jar;C:\Users\user\.m2\repository\com\vladsch\flexmark\flexmark-ext-footnotes\0.62.2\flexmark-ext-footnotes-0.62.2.jar;C:\Users\user\.m2\repository\com\vladsch\flexmark\flexmark-ext-gfm-issues\0.62.2\flexmark-ext-gfm-issues-0.62.2.jar;C:\Users\user\.m2\repository\com\vladsch\flexmark\flexmark-ext-gfm-strikethrough\0.62.2\flexmark-ext-gfm-strikethrough-0.62.2.jar;C:\Users\user\.m2\repository\com\vladsch\flexmark\flexmark-ext-gfm-tasklist\0.62.2\flexmark-ext-gfm-tasklist-0.62.2.jar;C:\Users\user\.m2\repository\com\vladsch\flexmark\flexmark-ext-gfm-users\0.62.2\flexmark-ext-gfm-users-0.62.2.jar;C:\Users\user\.m2\repository\com\vladsch\flexmark\flexmark-ext-gitlab\0.62.2\flexmark-ext-gitlab-0.62.2.jar;C:\Users\user\.m2\repository\com\vladsch\flexmark\flexmark-ext-jekyll-front-matter\0.62.2\flexmark-ext-jekyll-front-matter-0.62.2.jar;C:\Users\user\.m2\repository\com\vladsch\flexmark\flexmark-ext-jekyll-tag\0.62.2\flexmark-ext-jekyll-tag-0.62.2.jar;C:\Users\user\.m2\repository\com\vladsch\flexmark\flexmark-ext-media-tags\0.62.2\flexmark-ext-media-tags-0.62.2.jar;C:\Users\user\.m2\repository\com\vladsch\flexmark\flexmark-ext-macros\0.62.2\flexmark-ext-macros-0.62.2.jar;C:\Users\user\.m2\repository\com\vladsch\flexmark\flexmark-ext-ins\0.62.2\flexmark-ext-ins-0.62.2.jar;C:\Users\user\.m2\repository\com\vladsch\flexmark\flexmark-ext-xwiki-macros\0.62.2\flexmark-ext-xwiki-macros-0.62.2.jar;C:\Users\user\.m2\repository\com\vladsch\flexmark\flexmark-ext-superscript\0.62.2\flexmark-ext-superscript-0.62.2.jar;C:\Users\user\.m2\repository\com\vladsch\flexmark\flexmark-ext-tables\0.62.2\flexmark-ext-tables-0.62.2.jar;C:\Users\user\.m2\repository\com\vladsch\flexmark\flexmark-ext-toc\0.62.2\flexmark-ext-toc-0.62.2.jar;C:\Users\user\.m2\repository\com\vladsch\flexmark\flexmark-ext-typographic\0.62.2\flexmark-ext-typographic-0.62.2.jar;C:\Users\user\.m2\repository\com\vladsch\flexmark\flexmark-ext-wikilink\0.62.2\flexmark-ext-wikilink-0.62.2.jar;C:\Users\user\.m2\repository\com\vladsch\flexmark\flexmark-ext-yaml-front-matter\0.62.2\flexmark-ext-yaml-front-matter-0.62.2.jar;C:\Users\user\.m2\repository\com\vladsch\flexmark\flexmark-ext-youtube-embedded\0.62.2\flexmark-ext-youtube-embedded-0.62.2.jar;C:\Users\user\.m2\repository\com\vladsch\flexmark\flexmark-html2md-converter\0.62.2\flexmark-html2md-converter-0.62.2.jar;C:\Users\user\.m2\repository\com\vladsch\flexmark\flexmark-jira-converter\0.62.2\flexmark-jira-converter-0.62.2.jar;C:\Users\user\.m2\repository\com\vladsch\flexmark\flexmark-pdf-converter\0.62.2\flexmark-pdf-converter-0.62.2.jar;C:\Users\user\.m2\repository\com\openhtmltopdf\openhtmltopdf-core\1.0.0\openhtmltopdf-core-1.0.0.jar;C:\Users\user\.m2\repository\com\openhtmltopdf\openhtmltopdf-pdfbox\1.0.0\openhtmltopdf-pdfbox-1.0.0.jar;C:\Users\user\.m2\repository\org\apache\pdfbox\pdfbox\2.0.16\pdfbox-2.0.16.jar;C:\Users\user\.m2\repository\org\apache\pdfbox\fontbox\2.0.16\fontbox-2.0.16.jar;C:\Users\user\.m2\repository\org\apache\pdfbox\xmpbox\2.0.16\xmpbox-2.0.16.jar;C:\Users\user\.m2\repository\de\rototor\pdfbox\graphics2d\0.24\graphics2d-0.24.jar;C:\Users\user\.m2\repository\com\openhtmltopdf\openhtmltopdf-rtl-support\1.0.0\openhtmltopdf-rtl-support-1.0.0.jar;C:\Users\user\.m2\repository\com\openhtmltopdf\openhtmltopdf-jsoup-dom-converter\1.0.0\openhtmltopdf-jsoup-dom-converter-1.0.0.jar;C:\Users\user\.m2\repository\com\vladsch\flexmark\flexmark-profile-pegdown\0.62.2\flexmark-profile-pegdown-0.62.2.jar;C:\Users\user\.m2\repository\com\vladsch\flexmark\flexmark-util-ast\0.62.2\flexmark-util-ast-0.62.2.jar;C:\Users\user\.m2\repository\com\vladsch\flexmark\flexmark-util-builder\0.62.2\flexmark-util-builder-0.62.2.jar;C:\Users\user\.m2\repository\com\vladsch\flexmark\flexmark-util-collection\0.62.2\flexmark-util-collection-0.62.2.jar;C:\Users\user\.m2\repository\com\vladsch\flexmark\flexmark-util-data\0.62.2\flexmark-util-data-0.62.2.jar;C:\Users\user\.m2\repository\com\vladsch\flexmark\flexmark-util-dependency\0.62.2\flexmark-util-dependency-0.62.2.jar;C:\Users\user\.m2\repository\com\vladsch\flexmark\flexmark-util-format\0.62.2\flexmark-util-format-0.62.2.jar;C:\Users\user\.m2\repository\com\vladsch\flexmark\flexmark-util-html\0.62.2\flexmark-util-html-0.62.2.jar;C:\Users\user\.m2\repository\com\vladsch\flexmark\flexmark-util-misc\0.62.2\flexmark-util-misc-0.62.2.jar;C:\Users\user\.m2\repository\com\vladsch\flexmark\flexmark-util-options\0.62.2\flexmark-util-options-0.62.2.jar;C:\Users\user\.m2\repository\com\vladsch\flexmark\flexmark-util-sequence\0.62.2\flexmark-util-sequence-0.62.2.jar;C:\Users\user\.m2\repository\com\vladsch\flexmark\flexmark-util-visitor\0.62.2\flexmark-util-visitor-0.62.2.jar;C:\Users\user\.m2\repository\com\vladsch\flexmark\flexmark-youtrack-converter\0.62.2\flexmark-youtrack-converter-0.62.2.jar;C:\Users\user\.m2\repository\com\ibm\icu\icu4j\72.1\icu4j-72.1.jar;C:\Users\user\.m2\repository\es\nitaur\markdown\txtmark\0.16\txtmark-0.16.jar;C:\Users\user\.m2\repository\net\serenity-bdd\serenity-report-resources\3.6.21\serenity-report-resources-3.6.21.jar;C:\Users\user\.m2\repository\com\google\code\gson\gson\2.10.1\gson-2.10.1.jar;C:\Users\user\.m2\repository\com\fasterxml\jackson\core\jackson-core\2.15.0-rc1\jackson-core-2.15.0-rc1.jar;C:\Users\user\.m2\repository\com\fasterxml\jackson\core\jackson-databind\2.15.0-rc1\jackson-databind-2.15.0-rc1.jar;C:\Users\user\.m2\repository\com\fasterxml\jackson\core\jackson-annotations\2.15.0-rc1\jackson-annotations-2.15.0-rc1.jar;C:\Users\user\.m2\repository\commons-codec\commons-codec\1.15\commons-codec-1.15.jar;C:\Users\user\.m2\repository\commons-io\commons-io\2.11.0\commons-io-2.11.0.jar;C:\Users\user\.m2\repository\org\seleniumhq\selenium\selenium-java\4.8.1\selenium-java-4.8.1.jar;C:\Users\user\.m2\repository\org\seleniumhq\selenium\selenium-devtools-v108\4.8.1\selenium-devtools-v108-4.8.1.jar;C:\Users\user\.m2\repository\org\seleniumhq\selenium\selenium-devtools-v109\4.8.1\selenium-devtools-v109-4.8.1.jar;C:\Users\user\.m2\repository\org\seleniumhq\selenium\selenium-devtools-v110\4.8.1\selenium-devtools-v110-4.8.1.jar;C:\Users\user\.m2\repository\org\seleniumhq\selenium\selenium-devtools-v85\4.8.1\selenium-devtools-v85-4.8.1.jar;C:\Users\user\.m2\repository\org\seleniumhq\selenium\selenium-remote-driver\4.8.1\selenium-remote-driver-4.8.1.jar;C:\Users\user\.m2\repository\com\beust\jcommander\1.82\jcommander-1.82.jar;C:\Users\user\.m2\repository\io\netty\netty-buffer\4.1.87.Final\netty-buffer-4.1.87.Final.jar;C:\Users\user\.m2\repository\io\netty\netty-codec-http\4.1.87.Final\netty-codec-http-4.1.87.Final.jar;C:\Users\user\.m2\repository\io\netty\netty-codec\4.1.87.Final\netty-codec-4.1.87.Final.jar;C:\Users\user\.m2\repository\io\netty\netty-handler\4.1.87.Final\netty-handler-4.1.87.Final.jar;C:\Users\user\.m2\repository\io\netty\netty-common\4.1.87.Final\netty-common-4.1.87.Final.jar;C:\Users\user\.m2\repository\io\netty\netty-transport-classes-epoll\4.1.87.Final\netty-transport-classes-epoll-4.1.87.Final.jar;C:\Users\user\.m2\repository\io\netty\netty-transport-classes-kqueue\4.1.87.Final\netty-transport-classes-kqueue-4.1.87.Final.jar;C:\Users\user\.m2\repository\io\netty\netty-transport-native-epoll\4.1.87.Final\netty-transport-native-epoll-4.1.87.Final.jar;C:\Users\user\.m2\repository\io\netty\netty-transport-native-kqueue\4.1.87.Final\netty-transport-native-kqueue-4.1.87.Final.jar;C:\Users\user\.m2\repository\io\netty\netty-transport-native-unix-common\4.1.87.Final\netty-transport-native-unix-common-4.1.87.Final.jar;C:\Users\user\.m2\repository\io\netty\netty-transport\4.1.87.Final\netty-transport-4.1.87.Final.jar;C:\Users\user\.m2\repository\io\netty\netty-resolver\4.1.87.Final\netty-resolver-4.1.87.Final.jar;C:\Users\user\.m2\repository\io\opentelemetry\opentelemetry-api\1.22.0\opentelemetry-api-1.22.0.jar;C:\Users\user\.m2\repository\io\opentelemetry\opentelemetry-context\1.22.0\opentelemetry-context-1.22.0.jar;C:\Users\user\.m2\repository\io\opentelemetry\opentelemetry-exporter-logging\1.22.0\opentelemetry-exporter-logging-1.22.0.jar;C:\Users\user\.m2\repository\io\opentelemetry\opentelemetry-sdk-metrics\1.22.0\opentelemetry-sdk-metrics-1.22.0.jar;C:\Users\user\.m2\repository\io\opentelemetry\opentelemetry-sdk-logs\1.22.0-alpha\opentelemetry-sdk-logs-1.22.0-alpha.jar;C:\Users\user\.m2\repository\io\opentelemetry\opentelemetry-api-logs\1.22.0-alpha\opentelemetry-api-logs-1.22.0-alpha.jar;C:\Users\user\.m2\repository\io\opentelemetry\opentelemetry-sdk-common\1.22.0\opentelemetry-sdk-common-1.22.0.jar;C:\Users\user\.m2\repository\io\opentelemetry\opentelemetry-sdk-extension-autoconfigure-spi\1.22.0\opentelemetry-sdk-extension-autoconfigure-spi-1.22.0.jar;C:\Users\user\.m2\repository\io\opentelemetry\opentelemetry-sdk-extension-autoconfigure\1.22.0-alpha\opentelemetry-sdk-extension-autoconfigure-1.22.0-alpha.jar;C:\Users\user\.m2\repository\io\opentelemetry\opentelemetry-sdk-trace\1.22.0\opentelemetry-sdk-trace-1.22.0.jar;C:\Users\user\.m2\repository\io\opentelemetry\opentelemetry-sdk\1.22.0\opentelemetry-sdk-1.22.0.jar;C:\Users\user\.m2\repository\io\opentelemetry\opentelemetry-semconv\1.22.0-alpha\opentelemetry-semconv-1.22.0-alpha.jar;C:\Users\user\.m2\repository\io\ous\jtoml\2.0.0\jtoml-2.0.0.jar;C:\Users\user\.m2\repository\org\apache\commons\commons-exec\1.3\commons-exec-1.3.jar;C:\Users\user\.m2\repository\org\asynchttpclient\async-http-client\2.12.3\async-http-client-2.12.3.jar;C:\Users\user\.m2\repository\org\asynchttpclient\async-http-client-netty-utils\2.12.3\async-http-client-netty-utils-2.12.3.jar;C:\Users\user\.m2\repository\io\netty\netty-codec-socks\4.1.60.Final\netty-codec-socks-4.1.60.Final.jar;C:\Users\user\.m2\repository\io\netty\netty-handler-proxy\4.1.60.Final\netty-handler-proxy-4.1.60.Final.jar;C:\Users\user\.m2\repository\io\netty\netty-transport-native-epoll\4.1.60.Final\netty-transport-native-epoll-4.1.60.Final-linux-x86_64.jar;C:\Users\user\.m2\repository\io\netty\netty-transport-native-kqueue\4.1.60.Final\netty-transport-native-kqueue-4.1.60.Final-osx-x86_64.jar;C:\Users\user\.m2\repository\org\reactivestreams\reactive-streams\1.0.3\reactive-streams-1.0.3.jar;C:\Users\user\.m2\repository\com\typesafe\netty\netty-reactive-streams\2.0.4\netty-reactive-streams-2.0.4.jar;C:\Users\user\.m2\repository\org\seleniumhq\selenium\selenium-manager\4.8.1\selenium-manager-4.8.1.jar;C:\Users\user\.m2\repository\org\seleniumhq\selenium\selenium-safari-driver\4.8.1\selenium-safari-driver-4.8.1.jar;C:\Users\user\.m2\repository\org\seleniumhq\selenium\selenium-api\4.8.1\selenium-api-4.8.1.jar;C:\Users\user\.m2\repository\org\seleniumhq\selenium\selenium-support\4.8.1\selenium-support-4.8.1.jar;C:\Users\user\.m2\repository\com\google\auto\service\auto-service-annotations\1.0.1\auto-service-annotations-1.0.1.jar;C:\Users\user\.m2\repository\com\google\auto\service\auto-service\1.0.1\auto-service-1.0.1.jar;C:\Users\user\.m2\repository\com\google\auto\auto-common\1.2\auto-common-1.2.jar;C:\Users\user\.m2\repository\org\seleniumhq\selenium\selenium-json\4.8.1\selenium-json-4.8.1.jar;C:\Users\user\.m2\repository\org\seleniumhq\selenium\selenium-chrome-driver\4.8.1\selenium-chrome-driver-4.8.1.jar;C:\Users\user\.m2\repository\org\seleniumhq\selenium\selenium-chromium-driver\4.8.1\selenium-chromium-driver-4.8.1.jar;C:\Users\user\.m2\repository\org\seleniumhq\selenium\selenium-firefox-driver\4.8.1\selenium-firefox-driver-4.8.1.jar;C:\Users\user\.m2\repository\org\seleniumhq\selenium\selenium-http\4.8.1\selenium-http-4.8.1.jar;C:\Users\user\.m2\repository\dev\failsafe\failsafe\3.3.0\failsafe-3.3.0.jar;C:\Users\user\.m2\repository\org\seleniumhq\selenium\selenium-edge-driver\4.8.1\selenium-edge-driver-4.8.1.jar;C:\Users\user\.m2\repository\org\seleniumhq\selenium\selenium-ie-driver\4.8.1\selenium-ie-driver-4.8.1.jar;C:\Users\user\.m2\repository\org\projectlombok\lombok\1.18.20\lombok-1.18.20.jar;C:\Users\user\.m2\repository\io\appium\java-client\8.3.0\java-client-8.3.0.jar;C:\Users\user\.m2\repository\commons-validator\commons-validator\1.7\commons-validator-1.7.jar;C:\Users\user\.m2\repository\commons-digester\commons-digester\2.1\commons-digester-2.1.jar;C:\Users\user\.m2\repository\net\sf\opencsv\opencsv\2.0\opencsv-2.0.jar;C:\Users\user\.m2\repository\commons-beanutils\commons-beanutils\1.9.4\commons-beanutils-1.9.4.jar;C:\Users\user\.m2\repository\org\apache\commons\commons-lang3\3.12.0\commons-lang3-3.12.0.jar;C:\Users\user\.m2\repository\commons-collections\commons-collections\3.2.2\commons-collections-3.2.2.jar;C:\Users\user\.m2\repository\org\fluentlenium\fluentlenium-core\0.10.2\fluentlenium-core-0.10.2.jar;C:\Users\user\.m2\repository\io\github\bonigarcia\webdrivermanager\5.3.0\webdrivermanager-5.3.0.jar;C:\Users\user\.m2\repository\com\github\docker-java\docker-java\3.2.13\docker-java-3.2.13.jar;C:\Users\user\.m2\repository\com\github\docker-java\docker-java-core\3.2.13\docker-java-core-3.2.13.jar;C:\Users\user\.m2\repository\com\github\docker-java\docker-java-api\3.2.13\docker-java-api-3.2.13.jar;C:\Users\user\.m2\repository\org\apache\commons\commons-compress\1.21\commons-compress-1.21.jar;C:\Users\user\.m2\repository\org\bouncycastle\bcpkix-jdk15on\1.64\bcpkix-jdk15on-1.64.jar;C:\Users\user\.m2\repository\org\bouncycastle\bcprov-jdk15on\1.64\bcprov-jdk15on-1.64.jar;C:\Users\user\.m2\repository\org\slf4j\jcl-over-slf4j\1.7.30\jcl-over-slf4j-1.7.30.jar;C:\Users\user\.m2\repository\com\github\docker-java\docker-java-transport-httpclient5\3.2.13\docker-java-transport-httpclient5-3.2.13.jar;C:\Users\user\.m2\repository\com\github\docker-java\docker-java-transport\3.2.13\docker-java-transport-3.2.13.jar;C:\Users\user\.m2\repository\net\java\dev\jna\jna\5.8.0\jna-5.8.0.jar;C:\Users\user\.m2\repository\org\brotli\dec\0.1.2\dec-0.1.2.jar;C:\Users\user\.m2\repository\org\apache\httpcomponents\client5\httpclient5\5.1.3\httpclient5-5.1.3.jar;C:\Users\user\.m2\repository\org\apache\httpcomponents\core5\httpcore5\5.1.3\httpcore5-5.1.3.jar;C:\Users\user\.m2\repository\org\apache\httpcomponents\core5\httpcore5-h2\5.1.3\httpcore5-h2-5.1.3.jar;C:\Users\user\.m2\repository\com\jhlabs\filters\2.0.235\filters-2.0.235.jar;C:\Users\user\.m2\repository\com\paulhammant\ngwebdriver\1.1.6\ngwebdriver-1.1.6.jar;C:\Users\user\.m2\repository\joda-time\joda-time\2.12.2\joda-time-2.12.2.jar;C:\Users\user\.m2\repository\org\hamcrest\hamcrest\2.2\hamcrest-2.2.jar;C:\Users\user\.m2\repository\com\google\jimfs\jimfs\1.2\jimfs-1.2.jar;C:\Users\user\.m2\repository\org\mockito\mockito-core\3.3.3\mockito-core-3.3.3.jar;C:\Users\user\.m2\repository\javax\xml\bind\jaxb-api\2.3.1\jaxb-api-2.3.1.jar;C:\Users\user\.m2\repository\javax\activation\javax.activation-api\1.2.0\javax.activation-api-1.2.0.jar;C:\Users\user\.m2\repository\com\sun\xml\bind\jaxb-core\2.3.0.1\jaxb-core-2.3.0.1.jar;C:\Users\user\.m2\repository\com\sun\xml\bind\jaxb-impl\2.3.3\jaxb-impl-2.3.3.jar;C:\Users\user\.m2\repository\jakarta\xml\bind\jakarta.xml.bind-api\2.3.3\jakarta.xml.bind-api-2.3.3.jar;C:\Users\user\.m2\repository\com\sun\activation\jakarta.activation\1.2.2\jakarta.activation-1.2.2.jar;C:\Users\user\.m2\repository\javax\activation\activation\1.1.1\activation-1.1.1.jar;C:\Users\user\.m2\repository\net\serenity-bdd\serenity-cucumber\3.6.21\serenity-cucumber-3.6.21.jar;C:\Users\user\.m2\repository\io\cucumber\cucumber-core\7.11.0\cucumber-core-7.11.0.jar;C:\Users\user\.m2\repository\io\cucumber\cucumber-gherkin\7.11.0\cucumber-gherkin-7.11.0.jar;C:\Users\user\.m2\repository\io\cucumber\cucumber-gherkin-messages\7.11.0\cucumber-gherkin-messages-7.11.0.jar;C:\Users\user\.m2\repository\io\cucumber\gherkin\26.0.3\gherkin-26.0.3.jar;C:\Users\user\.m2\repository\io\cucumber\messages\21.0.1\messages-21.0.1.jar;C:\Users\user\.m2\repository\io\cucumber\tag-expressions\5.0.1\tag-expressions-5.0.1.jar;C:\Users\user\.m2\repository\io\cucumber\cucumber-expressions\16.1.1\cucumber-expressions-16.1.1.jar;C:\Users\user\.m2\repository\io\cucumber\datatable\7.11.0\datatable-7.11.0.jar;C:\Users\user\.m2\repository\io\cucumber\cucumber-plugin\7.11.0\cucumber-plugin-7.11.0.jar;C:\Users\user\.m2\repository\io\cucumber\docstring\7.11.0\docstring-7.11.0.jar;C:\Users\user\.m2\repository\io\cucumber\html-formatter\20.2.1\html-formatter-20.2.1.jar;C:\Users\user\.m2\repository\io\cucumber\junit-xml-formatter\0.1.0\junit-xml-formatter-0.1.0.jar;C:\Users\user\.m2\repository\io\cucumber\ci-environment\9.1.0\ci-environment-9.1.0.jar;C:\Users\user\.m2\repository\io\cucumber\cucumber-java\7.11.0\cucumber-java-7.11.0.jar;C:\Users\user\.m2\repository\io\cucumber\cucumber-junit\7.11.0\cucumber-junit-7.11.0.jar;C:\Users\user\.m2\repository\org\apache\commons\commons-csv\1.5\commons-csv-1.5.jar;C:\Users\user\.m2\repository\net\serenity-bdd\serenity-screenplay\3.6.21\serenity-screenplay-3.6.21.jar;C:\Users\user\.m2\repository\net\serenity-bdd\serenity-screenplay-webdriver\3.6.21\serenity-screenplay-webdriver-3.6.21.jar;C:\Users\user\.m2\repository\net\serenity-bdd\serenity-ensure\3.6.21\serenity-ensure-3.6.21.jar;C:\Users\user\.m2\repository\net\serenity-bdd\serenity-junit\3.6.21\serenity-junit-3.6.21.jar;C:\Users\user\.m2\repository\org\jetbrains\kotlin\kotlin-stdlib\1.8.10\kotlin-stdlib-1.8.10.jar;C:\Users\user\.m2\repository\org\jetbrains\kotlin\kotlin-stdlib-common\1.8.10\kotlin-stdlib-common-1.8.10.jar;C:\Users\user\.m2\repository\org\jetbrains\annotations\13.0\annotations-13.0.jar;C:\Users\user\.m2\repository\org\junit\platform\junit-platform-launcher\1.8.2\junit-platform-launcher-1.8.2.jar;C:\Users\user\.m2\repository\org\junit\platform\junit-platform-engine\1.8.2\junit-platform-engine-1.8.2.jar;C:\Users\user\.m2\repository\org\junit\platform\junit-platform-commons\1.8.2\junit-platform-commons-1.8.2.jar;C:\Users\user\.m2\repository\org\apiguardian\apiguardian-api\1.1.2\apiguardian-api-1.1.2.jar;C:\Users\user\.m2\repository\org\junit\jupiter\junit-jupiter-engine\5.8.2\junit-jupiter-engine-5.8.2.jar;C:\Users\user\.m2\repository\org\junit\jupiter\junit-jupiter-api\5.8.2\junit-jupiter-api-5.8.2.jar;C:\Users\user\.m2\repository\org\junit\vintage\junit-vintage-engine\5.8.2\junit-vintage-engine-5.8.2.jar;C:\Users\user\.m2\repository\junit\junit\4.13.2\junit-4.13.2.jar;C:\Users\user\.m2\repository\org\hamcrest\hamcrest-core\1.3\hamcrest-core-1.3.jar;C:\Users\user\.m2\repository\ch\qos\logback\logback-classic\1.2.10\logback-classic-1.2.10.jar;C:\Users\user\.m2\repository\ch\qos\logback\logback-core\1.2.10\logback-core-1.2.10.jar;C:\Users\user\.m2\repository\org\slf4j\slf4j-api\1.7.32\slf4j-api-1.7.32.jar;C:\Users\user\.m2\repository\org\assertj\assertj-core\3.23.1\assertj-core-3.23.1.jar;C:\Users\user\.m2\repository\net\bytebuddy\byte-buddy\1.12.10\byte-buddy-1.12.10.jar;C:\Users\user\.m2\repository\com\googlecode\json-simple\json-simple\1.1.1\json-simple-1.1.1.jar;C:\Users\user\.m2\repository\org\apache\maven\surefire\surefire-junit-platform\3.0.0-M5\surefire-junit-platform-3.0.0-M5.jar;C:\Users\user\.m2\repository\org\apache\maven\surefire\common-java5\3.0.0-M5\common-java5-3.0.0-M5.jar"/>
    <property name="user.script" value=""/>
    <property name="sun.management.compiler" value="HotSpot 64-Bit Tiered Compilers"/>
    <property name="java.runtime.version" value="11.0.15.1+2-LTS-10"/>
    <property name="user.name" value="user"/>
    <property name="path.separator" value=";"/>
    <property name="os.version" value="10.0"/>
    <property name="java.runtime.name" value="Java(TM) SE Runtime Environment"/>
    <property name="file.encoding" value="Cp1252"/>
    <property name="webdriver.base.url" value=""/>
    <property name="java.vm.name" value="Java HotSpot(TM) 64-Bit Server VM"/>
    <property name="java.vendor.version" value="18.9"/>
    <property name="localRepository" value="C:\Users\user\.m2\repository"/>
    <property name="java.vendor.url.bug" value="https://bugreport.java.com/bugreport/"/>
    <property name="java.io.tmpdir" value="C:\Users\user\AppData\Local\Temp\"/>
    <property name="java.version" value="11.0.15.1"/>
    <property name="user.dir" value="E:\APIMinpro\API\minpro"/>
    <property name="os.arch" value="amd64"/>
    <property name="java.vm.specification.name" value="Java Virtual Machine Specification"/>
    <property name="java.awt.printerjob" value="sun.awt.windows.WPrinterJob"/>
    <property name="sun.os.patch.level" value=""/>
    <property name="java.library.path" value="C:\Program Files\Java\jdk-11.0.15.1\bin;C:\Windows\Sun\Java\bin;C:\Windows\system32;C:\Windows;C:\Program Files\Common Files\Oracle\Java\javapath;C:\Program Files (x86)\Common Files\Oracle\Java\javapath;C:\ProgramData\Oracle\Java\javapath;C:\Windows\system32;C:\Windows;C:\Windows\System32\Wbem;C:\Windows\System32\WindowsPowerShell\v1.0\;C:\Windows\System32\OpenSSH\;C:\Program Files\NVIDIA Corporation\NVIDIA NvDLISR;C:\Program Files (x86)\NVIDIA Corporation\PhysX\Common;C:\Program Files (x86)\dotnet\;C:\Program Files\Git\cmd;C:\PROGRA~1\IBM\SQLLIB\BIN;C:\PROGRA~1\IBM\SQLLIB\FUNCTION;C:\PROGRA~1\IBM\SQLLIB\SAMPLES\REPL;C:\xampp\php;C:\composer;C:\hadoop\bin;C:\hadoop\sbin;C:\Program Files\nodejs\;D:\apache-maven-3.9.1\bin;C:\Program Files\Java\jdk-11.0.15.1\bin;C:\Users\user\AppData\Local\Android\Sdk;C:\Users\user\AppData\Local\Android\Sdk\platform-tools;C:\Users\user\scoop\shims;C:\Users\user\AppData\Local\Programs\Python\Python311\Scripts\;C:\Users\user\AppData\Local\Programs\Python\Python311\;C:\Users\user\AppData\Local\Programs\Eclipse Adoptium\jdk-17.0.1.12-hotspot\bin;C:\Users\user\AppData\Local\Microsoft\WindowsApps;E:\Microsoft VS Code\bin;C:\Users\user\AppData\Roaming\Composer\vendor\bin;C:\hadoop\bin;C:\Users\user\OneDrive\Documents\Big Data\spark\bin;C:\Users\user\AppData\Local\GitHubDesktop\bin;C:\Users\user\AppData\Roaming\npm;C:\Users\user\AppData\Local\spicetify;."/>
    <property name="java.vendor" value="Oracle Corporation"/>
    <property name="java.vm.info" value="mixed mode"/>
    <property name="java.vm.version" value="11.0.15.1+2-LTS-10"/>
    <property name="sun.io.unicode.encoding" value="UnicodeLittle"/>
    <property name="java.class.version" value="55.0"/>
  </properties>
  <testcase name="POST - Register with valid data" classname="Register" time="3.293">
    <system-out><![CDATA[10:06:54.206 [main] DEBUG net.thucydides.core.guice.Injectors - Created injector for module net.thucydides.core.guice.ThucydidesModule
10:06:54.455 [main] DEBUG io.cucumber.core.plugin.SerenityReporter - Running feature from file:///E:/APIMinpro/API/minpro/src/test/resources/features/1.%20Register.feature
10:06:54.590 [main] DEBUG net.thucydides.core.guice.Injectors - Created injector for module net.thucydides.core.guice.webdriver.WebDriverModule
10:06:54.604 [main] INFO  - 

-------------------------------------------------------------------------------------
     _______. _______ .______       _______ .__   __.  __  .___________.____    ____ 
    /       ||   ____||   _  \     |   ____||  \ |  | |  | |           |\   \  /   / 
   |   (----`|  |__   |  |_)  |    |  |__   |   \|  | |  | `---|  |----` \   \/   /  
    \   \    |   __|  |      /     |   __|  |  . `  | |  |     |  |       \_    _/   
.----)   |   |  |____ |  |\  \----.|  |____ |  |\   | |  |     |  |         |  |     
|_______/    |_______|| _| `._____||_______||__| \__| |__|     |__|         |__|    
                                                                                     
 News and tutorials at http://www.serenity-bdd.info                                  
 Documentation at https://wakaleo.gitbooks.io/the-serenity-book/content/             
 Join the Serenity Community on Gitter: https://gitter.im/serenity-bdd/serenity-core 
 Serenity BDD Support and Training at http://serenity-bdd.info/#/trainingandsupport  
-------------------------------------------------------------------------------------

10:06:54.606 [main] DEBUG net.thucydides.core.steps.StepEventBus - Test suite started for story net.thucydides.core.model.Story@773abe6e
10:06:54.609 [main] INFO  - Test Suite Started: Register
10:06:54.620 [main] DEBUG io.cucumber.core.plugin.SerenityReporter - Running feature from file:///E:/APIMinpro/API/minpro/src/test/resources/features/2.%20Login.feature
10:06:54.625 [main] DEBUG net.thucydides.core.steps.StepEventBus - Test suite started for story net.thucydides.core.model.Story@86b1dd01
10:06:54.626 [main] INFO  - Test Suite Started: Login
10:06:54.626 [main] DEBUG io.cucumber.core.plugin.SerenityReporter - Running feature from file:///E:/APIMinpro/API/minpro/src/test/resources/features/3.%20User.feature
10:06:54.629 [main] DEBUG net.thucydides.core.steps.StepEventBus - Test suite started for story net.thucydides.core.model.Story@11e807f1
10:06:54.630 [main] INFO  - Test Suite Started: User Information
10:06:54.630 [main] DEBUG io.cucumber.core.plugin.SerenityReporter - Running feature from file:///E:/APIMinpro/API/minpro/src/test/resources/features/4.%20Categories.feature
10:06:54.634 [main] DEBUG net.thucydides.core.steps.StepEventBus - Test suite started for story net.thucydides.core.model.Story@1b5f86d1
10:06:54.635 [main] INFO  - Test Suite Started: Categories
10:06:54.635 [main] DEBUG io.cucumber.core.plugin.SerenityReporter - Running feature from file:///E:/APIMinpro/API/minpro/src/test/resources/features/5.%20Product.feature
10:06:54.640 [main] DEBUG net.thucydides.core.steps.StepEventBus - Test suite started for story net.thucydides.core.model.Story@5c78189e
10:06:54.640 [main] INFO  - Test Suite Started: Product
10:06:54.640 [main] DEBUG io.cucumber.core.plugin.SerenityReporter - Running feature from file:///E:/APIMinpro/API/minpro/src/test/resources/features/6.%20Order.feature
10:06:54.644 [main] DEBUG net.thucydides.core.steps.StepEventBus - Test suite started for story net.thucydides.core.model.Story@421cad1d
10:06:54.644 [main] INFO  - Test Suite Started: Order
10:06:54.644 [main] DEBUG io.cucumber.core.plugin.SerenityReporter - Running feature from file:///E:/APIMinpro/API/minpro/src/test/resources/features/7.%20Rating.feature
10:06:54.648 [main] DEBUG net.thucydides.core.steps.StepEventBus - Test suite started for story net.thucydides.core.model.Story@a2cc97b4
10:06:54.649 [main] INFO  - Test Suite Started: Rating
10:06:54.649 [main] DEBUG io.cucumber.core.plugin.SerenityReporter - Running feature from file:///E:/APIMinpro/API/minpro/src/test/resources/features/8.%20Comment.feature
10:06:54.651 [main] DEBUG net.thucydides.core.steps.StepEventBus - Test suite started for story net.thucydides.core.model.Story@8ea159bb
10:06:54.652 [main] INFO  - Test Suite Started: Comment
10:06:54.652 [main] DEBUG io.cucumber.core.plugin.SerenityReporter - Running feature from file:///E:/APIMinpro/API/minpro/src/test/resources/features/1.%20Register.feature
10:06:54.655 [main] DEBUG net.thucydides.core.steps.StepEventBus - Test suite started for story net.thucydides.core.model.Story@773abe6e
10:06:54.656 [main] INFO  - Test Suite Started: Register

Scenario: POST - Register with valid data              &amp#27;[90m# src/test/resources/features/1. Register.feature:7&amp#27;[0m
10:06:54.761 [main] DEBUG io.cucumber.core.plugin.SerenityReporter - Running feature from file:///E:/APIMinpro/API/minpro/src/test/resources/features/1.%20Register.feature
10:06:54.875 [main] INFO  - 
  _____   ___   ___   _____     ___   _____     _     ___   _____   ___   ___  
 |_   _| | __| / __| |_   _|   / __| |_   _|   /_\   | _ \ |_   _| | __| |   \ 
   | |   | _|  \__ \   | |     \__ \   | |    / _ \  |   /   | |   | _|  | |) |
   |_|   |___| |___/   |_|     |___/   |_|   /_/ \_\ |_|_\   |_|   |___| |___/ 

POST - Register with valid data(register;post---register-with-valid-data)
--------------------------------------------------------------------------------
10:06:54.927 [main] DEBUG net.thucydides.core.requirements.model.cucumber.CucumberParser - Loading feature E:\APIMinpro\API\minpro\src\test\resources\features\1. Register.feature
10:06:54.944 [main] DEBUG net.thucydides.core.requirements.model.cucumber.CucumberParser - Loading feature E:\APIMinpro\API\minpro\src\test\resources\features\2. Login.feature
10:06:54.948 [main] DEBUG net.thucydides.core.requirements.model.cucumber.CucumberParser - Loading feature E:\APIMinpro\API\minpro\src\test\resources\features\3. User.feature
10:06:54.952 [main] DEBUG net.thucydides.core.requirements.model.cucumber.CucumberParser - Loading feature E:\APIMinpro\API\minpro\src\test\resources\features\4. Categories.feature
10:06:54.956 [main] DEBUG net.thucydides.core.requirements.model.cucumber.CucumberParser - Loading feature E:\APIMinpro\API\minpro\src\test\resources\features\5. Product.feature
10:06:54.961 [main] DEBUG net.thucydides.core.requirements.model.cucumber.CucumberParser - Loading feature E:\APIMinpro\API\minpro\src\test\resources\features\6. Order.feature
10:06:54.963 [main] DEBUG net.thucydides.core.requirements.model.cucumber.CucumberParser - Loading feature E:\APIMinpro\API\minpro\src\test\resources\features\7. Rating.feature
10:06:54.966 [main] DEBUG net.thucydides.core.requirements.model.cucumber.CucumberParser - Loading feature E:\APIMinpro\API\minpro\src\test\resources\features\8. Comment.feature
10:06:55.323 [main] DEBUG net.thucydides.core.steps.StepInterceptor - STARTING STEP: RegisterSteps.setPostApiEndpointsRegister - I set POST api endpoints register
10:06:55.326 [main] DEBUG net.thucydides.core.steps.StepInterceptor - STEP DONE: I set POST api endpoints register
  &amp#27;[32mGiven &amp#27;[0m&amp#27;[32mI set POST api endpoints register&amp#27;[0m              &amp#27;[90m# starter.stepdefinitions.RegisterSteps.setPostApiEndpointsRegister()&amp#27;[0m
10:06:55.338 [main] DEBUG net.thucydides.core.steps.StepInterceptor - STARTING STEP: RegisterSteps.sendPostHttpRequestRegister - I send POST HTTP request register
10:06:56.986 [main] DEBUG net.thucydides.core.steps.StepInterceptor - STARTING STEP: Register.sendPostHttpRequestRegister - I set POST api endpoints register
10:06:56.986 [main] DEBUG net.thucydides.core.steps.StepInterceptor - STEP DONE: I set POST api endpoints register
10:06:57.594 [main] DEBUG org.apache.http.impl.conn.BasicClientConnectionManager - Get connection for route {s}->https://altashop-api.fly.dev:443
10:06:57.606 [main] DEBUG org.apache.http.impl.conn.DefaultClientConnectionOperator - Connecting to altashop-api.fly.dev:443
10:06:57.843 [main] DEBUG org.apache.http.client.protocol.RequestAddCookies - CookieSpec selected: ignoreCookies
10:06:57.844 [main] DEBUG org.apache.http.client.protocol.RequestAuthCache - Auth cache not set in the context
10:06:57.844 [main] DEBUG org.apache.http.client.protocol.RequestTargetAuthentication - Target auth state: UNCHALLENGED
10:06:57.845 [main] DEBUG org.apache.http.client.protocol.RequestProxyAuthentication - Proxy auth state: UNCHALLENGED
10:06:57.845 [main] DEBUG org.apache.http.impl.client.DefaultHttpClient - Attempt 1 to execute request
10:06:57.845 [main] DEBUG org.apache.http.impl.conn.DefaultClientConnection - Sending request: POST /api/auth/register HTTP/1.1
10:06:57.846 [main] DEBUG org.apache.http.wire -  >> "POST /api/auth/register HTTP/1.1[\r][\n]"
10:06:57.847 [main] DEBUG org.apache.http.wire -  >> "Accept: */*[\r][\n]"
10:06:57.847 [main] DEBUG org.apache.http.wire -  >> "Content-Type: application/json[\r][\n]"
10:06:57.847 [main] DEBUG org.apache.http.wire -  >> "Content-Length: 129[\r][\n]"
10:06:57.847 [main] DEBUG org.apache.http.wire -  >> "Host: altashop-api.fly.dev[\r][\n]"
10:06:57.847 [main] DEBUG org.apache.http.wire -  >> "Connection: Keep-Alive[\r][\n]"
10:06:57.847 [main] DEBUG org.apache.http.wire -  >> "User-Agent: Apache-HttpClient/4.5.13 (Java/11.0.15.1)[\r][\n]"
10:06:57.847 [main] DEBUG org.apache.http.wire -  >> "Accept-Encoding: gzip,deflate[\r][\n]"
10:06:57.847 [main] DEBUG org.apache.http.wire -  >> "[\r][\n]"
10:06:57.847 [main] DEBUG org.apache.http.headers - >> POST /api/auth/register HTTP/1.1
10:06:57.847 [main] DEBUG org.apache.http.headers - >> Accept: */*
10:06:57.847 [main] DEBUG org.apache.http.headers - >> Content-Type: application/json
10:06:57.847 [main] DEBUG org.apache.http.headers - >> Content-Length: 129
10:06:57.847 [main] DEBUG org.apache.http.headers - >> Host: altashop-api.fly.dev
10:06:57.847 [main] DEBUG org.apache.http.headers - >> Connection: Keep-Alive
10:06:57.847 [main] DEBUG org.apache.http.headers - >> User-Agent: Apache-HttpClient/4.5.13 (Java/11.0.15.1)
10:06:57.847 [main] DEBUG org.apache.http.headers - >> Accept-Encoding: gzip,deflate
10:06:57.847 [main] DEBUG org.apache.http.wire -  >> "{"password":"123456","fullname":"aditya nugraha perdana","email":"adityaaaaaaaaaaaaaaaaaaaaaaaaaaaaaaaaaaaaaaaaaaaaaa@gmail.com"}"
10:06:57.870 [main] DEBUG org.apache.http.wire -  << "HTTP/1.1 200 OK[\r][\n]"
10:06:57.871 [main] DEBUG org.apache.http.wire -  << "content-type: application/json[\r][\n]"
10:06:57.872 [main] DEBUG org.apache.http.wire -  << "date: Sun, 07 May 2023 03:06:57 GMT[\r][\n]"
10:06:57.872 [main] DEBUG org.apache.http.wire -  << "content-encoding: gzip[\r][\n]"
10:06:57.872 [main] DEBUG org.apache.http.wire -  << "transfer-encoding: chunked[\r][\n]"
10:06:57.872 [main] DEBUG org.apache.http.wire -  << "server: Fly/3f2597ca (2023-05-03)[\r][\n]"
10:06:57.872 [main] DEBUG org.apache.http.wire -  << "via: 1.1 fly.io[\r][\n]"
10:06:57.872 [main] DEBUG org.apache.http.wire -  << "fly-request-id: 01GZT2TEJP8H28DCX7VVY29PXR-sin[\r][\n]"
10:06:57.872 [main] DEBUG org.apache.http.wire -  << "[\r][\n]"
10:06:57.872 [main] DEBUG org.apache.http.impl.conn.DefaultClientConnection - Receiving response: HTTP/1.1 200 OK
10:06:57.872 [main] DEBUG org.apache.http.headers - << HTTP/1.1 200 OK
10:06:57.872 [main] DEBUG org.apache.http.headers - << content-type: application/json
10:06:57.872 [main] DEBUG org.apache.http.headers - << date: Sun, 07 May 2023 03:06:57 GMT
10:06:57.872 [main] DEBUG org.apache.http.headers - << content-encoding: gzip
10:06:57.872 [main] DEBUG org.apache.http.headers - << transfer-encoding: chunked
10:06:57.872 [main] DEBUG org.apache.http.headers - << server: Fly/3f2597ca (2023-05-03)
10:06:57.872 [main] DEBUG org.apache.http.headers - << via: 1.1 fly.io
10:06:57.872 [main] DEBUG org.apache.http.headers - << fly-request-id: 01GZT2TEJP8H28DCX7VVY29PXR-sin
10:06:57.876 [main] DEBUG org.apache.http.impl.client.DefaultHttpClient - Connection can be kept alive indefinitely
10:06:57.881 [main] DEBUG io.restassured.internal.RestAssuredHttpBuilder - Parsing response as: application/json
10:06:57.882 [main] DEBUG org.apache.http.wire -  << "77[\r][\n]"
10:06:57.882 [main] DEBUG org.apache.http.wire -  << "[0x1f][0x8b][0x8][0x0][0x0][0x0][0x0][0x0][0x4][0xff][0xab]VJI,IT[0xb2][0xaa]V[0xf2]tQ[0xb2]2[0xb4][0xb4][0xb0]4[0xd4]Qr+[0xcd][0xc9][0xc9]K[0xcc]MU[0xb2]RJL[0xc9],[0xa9]LT[0xc8]+M/J[0xcc]HT(H-JI[0xcc]KT[0xd2]Qr[0xcd]M[0xcc][0xcc][0x81]+H$[0x5]8[0xa4][0x83][0xf4][0xea]%[0xe7][0xe7]*[0xe9]([0x5]$[0x16][0x17][0x97][0xe7][0x17][0xa5](Y)[0x19][0x1a][0x19][0x9b][0x98][0x9a])[0xd5][0xd6]r[0x1][0x0][0xec][0x5]F[0xde][0x96][0x0][0x0][0x0]"
10:06:57.882 [main] DEBUG org.apache.http.wire -  << "[\r][\n]"
10:06:57.882 [main] DEBUG org.apache.http.wire -  << "0[\r][\n]"
10:06:57.882 [main] DEBUG org.apache.http.wire -  << "[\r][\n]"
10:06:57.882 [main] DEBUG io.restassured.internal.RestAssuredHttpBuilder - Parsed data to instance of: class org.apache.http.conn.EofSensorInputStream
10:06:57.915 [main] DEBUG org.apache.http.impl.conn.BasicClientConnectionManager - Releasing connection org.apache.http.impl.conn.ManagedClientConnectionImpl@507f47f9
10:06:57.915 [main] DEBUG org.apache.http.impl.conn.BasicClientConnectionManager - Connection can be kept alive indefinitely
10:06:57.918 [main] DEBUG net.thucydides.core.steps.StepInterceptor - STEP DONE: I send POST HTTP request register
  &amp#27;[32mWhen &amp#27;[0m&amp#27;[32mI send POST HTTP request register&amp#27;[0m               &amp#27;[90m# starter.stepdefinitions.RegisterSteps.sendPostHttpRequestRegister()&amp#27;[0m
10:06:57.923 [main] DEBUG net.thucydides.core.steps.StepInterceptor - STARTING STEP: RegisterSteps.receiveValidHttp200Register - I receive valid HTTP response code 200 register
10:06:57.943 [main] DEBUG net.thucydides.core.steps.StepInterceptor - STEP DONE: I receive valid HTTP response code 200 register
  &amp#27;[32mThen &amp#27;[0m&amp#27;[32mI receive valid HTTP response code 200 register&amp#27;[0m &amp#27;[90m# starter.stepdefinitions.RegisterSteps.receiveValidHttp200Register()&amp#27;[0m
10:06:57.948 [main] INFO  - 
  _____   ___   ___   _____     ___     _     ___   ___   ___   ___  
 |_   _| | __| / __| |_   _|   | _ \   /_\   / __| / __| | __| |   \ 
   | |   | _|  \__ \   | |     |  _/  / _ \  \__ \ \__ \ | _|  | |) |
   |_|   |___| |___/   |_|     |_|   /_/ \_\ |___/ |___/ |___| |___/ 

POST - Register with valid data
----------------------------------------------------------------------
]]></system-out>
  </testcase>
  <testcase name="POST - Register without fullname" classname="Register" time="0.164">
    <system-out><![CDATA[
Scenario: POST - Register without fullname             &amp#27;[90m# src/test/resources/features/1. Register.feature:12&amp#27;[0m
10:06:57.964 [main] DEBUG io.cucumber.core.plugin.SerenityReporter - Running feature from file:///E:/APIMinpro/API/minpro/src/test/resources/features/1.%20Register.feature
10:06:57.967 [main] INFO  - 
  _____   ___   ___   _____     ___   _____     _     ___   _____   ___   ___  
 |_   _| | __| / __| |_   _|   / __| |_   _|   /_\   | _ \ |_   _| | __| |   \ 
   | |   | _|  \__ \   | |     \__ \   | |    / _ \  |   /   | |   | _|  | |) |
   |_|   |___| |___/   |_|     |___/   |_|   /_/ \_\ |_|_\   |_|   |___| |___/ 

POST - Register without fullname(register;post---register-without-fullname)
--------------------------------------------------------------------------------
10:06:57.979 [main] DEBUG net.thucydides.core.steps.StepInterceptor - STARTING STEP: RegisterSteps.setPostApiEndpointsRegister - I set POST api endpoints register
10:06:57.979 [main] DEBUG net.thucydides.core.steps.StepInterceptor - STEP DONE: I set POST api endpoints register
  &amp#27;[32mGiven &amp#27;[0m&amp#27;[32mI set POST api endpoints register&amp#27;[0m              &amp#27;[90m# starter.stepdefinitions.RegisterSteps.setPostApiEndpointsRegister()&amp#27;[0m
10:06:57.983 [main] DEBUG net.thucydides.core.steps.StepInterceptor - STARTING STEP: RegisterSteps.sendPostHttpRequestRegister2 - I send POST HTTP request register2
10:06:57.986 [main] DEBUG net.thucydides.core.steps.StepInterceptor - STARTING STEP: Register.sendPostHttpRequestRegister2 - I set POST api endpoints register
10:06:57.986 [main] DEBUG net.thucydides.core.steps.StepInterceptor - STEP DONE: I set POST api endpoints register
10:06:58.008 [main] DEBUG org.apache.http.impl.conn.BasicClientConnectionManager - Get connection for route {s}->https://altashop-api.fly.dev:443
10:06:58.008 [main] DEBUG org.apache.http.impl.conn.DefaultClientConnectionOperator - Connecting to altashop-api.fly.dev:443
10:06:58.080 [main] DEBUG org.apache.http.client.protocol.RequestAddCookies - CookieSpec selected: ignoreCookies
10:06:58.080 [main] DEBUG org.apache.http.client.protocol.RequestAuthCache - Auth cache not set in the context
10:06:58.080 [main] DEBUG org.apache.http.client.protocol.RequestTargetAuthentication - Target auth state: UNCHALLENGED
10:06:58.080 [main] DEBUG org.apache.http.client.protocol.RequestProxyAuthentication - Proxy auth state: UNCHALLENGED
10:06:58.080 [main] DEBUG org.apache.http.impl.client.DefaultHttpClient - Attempt 1 to execute request
10:06:58.080 [main] DEBUG org.apache.http.impl.conn.DefaultClientConnection - Sending request: POST /api/auth/register HTTP/1.1
10:06:58.080 [main] DEBUG org.apache.http.wire -  >> "POST /api/auth/register HTTP/1.1[\r][\n]"
10:06:58.080 [main] DEBUG org.apache.http.wire -  >> "Accept: */*[\r][\n]"
10:06:58.080 [main] DEBUG org.apache.http.wire -  >> "Content-Type: application/json[\r][\n]"
10:06:58.080 [main] DEBUG org.apache.http.wire -  >> "Content-Length: 62[\r][\n]"
10:06:58.080 [main] DEBUG org.apache.http.wire -  >> "Host: altashop-api.fly.dev[\r][\n]"
10:06:58.080 [main] DEBUG org.apache.http.wire -  >> "Connection: Keep-Alive[\r][\n]"
10:06:58.081 [main] DEBUG org.apache.http.wire -  >> "User-Agent: Apache-HttpClient/4.5.13 (Java/11.0.15.1)[\r][\n]"
10:06:58.081 [main] DEBUG org.apache.http.wire -  >> "Accept-Encoding: gzip,deflate[\r][\n]"
10:06:58.081 [main] DEBUG org.apache.http.wire -  >> "[\r][\n]"
10:06:58.081 [main] DEBUG org.apache.http.headers - >> POST /api/auth/register HTTP/1.1
10:06:58.081 [main] DEBUG org.apache.http.headers - >> Accept: */*
10:06:58.081 [main] DEBUG org.apache.http.headers - >> Content-Type: application/json
10:06:58.081 [main] DEBUG org.apache.http.headers - >> Content-Length: 62
10:06:58.081 [main] DEBUG org.apache.http.headers - >> Host: altashop-api.fly.dev
10:06:58.081 [main] DEBUG org.apache.http.headers - >> Connection: Keep-Alive
10:06:58.081 [main] DEBUG org.apache.http.headers - >> User-Agent: Apache-HttpClient/4.5.13 (Java/11.0.15.1)
10:06:58.081 [main] DEBUG org.apache.http.headers - >> Accept-Encoding: gzip,deflate
10:06:58.081 [main] DEBUG org.apache.http.wire -  >> "{"password":"123456","fullname":"","email":"aditya@gmail.com"}"
10:06:58.103 [main] DEBUG org.apache.http.wire -  << "HTTP/1.1 400 Bad Request[\r][\n]"
10:06:58.103 [main] DEBUG org.apache.http.wire -  << "content-type: application/json[\r][\n]"
10:06:58.103 [main] DEBUG org.apache.http.wire -  << "date: Sun, 07 May 2023 03:06:57 GMT[\r][\n]"
10:06:58.103 [main] DEBUG org.apache.http.wire -  << "content-encoding: gzip[\r][\n]"
10:06:58.103 [main] DEBUG org.apache.http.wire -  << "transfer-encoding: chunked[\r][\n]"
10:06:58.103 [main] DEBUG org.apache.http.wire -  << "server: Fly/3f2597ca (2023-05-03)[\r][\n]"
10:06:58.103 [main] DEBUG org.apache.http.wire -  << "via: 1.1 fly.io[\r][\n]"
10:06:58.103 [main] DEBUG org.apache.http.wire -  << "fly-request-id: 01GZT2TESZWMJHCB3W8HQG18J2-sin[\r][\n]"
10:06:58.103 [main] DEBUG org.apache.http.wire -  << "[\r][\n]"
10:06:58.103 [main] DEBUG org.apache.http.impl.conn.DefaultClientConnection - Receiving response: HTTP/1.1 400 Bad Request
10:06:58.103 [main] DEBUG org.apache.http.headers - << HTTP/1.1 400 Bad Request
10:06:58.103 [main] DEBUG org.apache.http.headers - << content-type: application/json
10:06:58.104 [main] DEBUG org.apache.http.headers - << date: Sun, 07 May 2023 03:06:57 GMT
10:06:58.104 [main] DEBUG org.apache.http.headers - << content-encoding: gzip
10:06:58.104 [main] DEBUG org.apache.http.headers - << transfer-encoding: chunked
10:06:58.104 [main] DEBUG org.apache.http.headers - << server: Fly/3f2597ca (2023-05-03)
10:06:58.104 [main] DEBUG org.apache.http.headers - << via: 1.1 fly.io
10:06:58.104 [main] DEBUG org.apache.http.headers - << fly-request-id: 01GZT2TESZWMJHCB3W8HQG18J2-sin
10:06:58.104 [main] DEBUG org.apache.http.impl.client.DefaultHttpClient - Connection can be kept alive indefinitely
10:06:58.104 [main] DEBUG io.restassured.internal.RestAssuredHttpBuilder - Parsing response as: application/json
10:06:58.104 [main] DEBUG org.apache.http.wire -  << "35[\r][\n]"
10:06:58.104 [main] DEBUG org.apache.http.wire -  << "[0x1f][0x8b][0x8][0x0][0x0][0x0][0x0][0x0][0x4][0xff][0xab]VJ-*[0xca]/R[0xb2]RJ+[0xcd][0xc9][0xc9]K[0xcc]MU[0xc8],V(J-,[0xcd],JMQ[0xaa][0xe5][0x2][0x0]ok4[0xc9]![0x0][0x0][0x0]"
10:06:58.104 [main] DEBUG org.apache.http.wire -  << "[\r][\n]"
10:06:58.104 [main] DEBUG org.apache.http.wire -  << "0[\r][\n]"
10:06:58.104 [main] DEBUG org.apache.http.wire -  << "[\r][\n]"
10:06:58.104 [main] DEBUG io.restassured.internal.RestAssuredHttpBuilder - Parsed data to instance of: class org.apache.http.conn.EofSensorInputStream
10:06:58.106 [main] DEBUG org.apache.http.impl.conn.BasicClientConnectionManager - Releasing connection org.apache.http.impl.conn.ManagedClientConnectionImpl@cfacf0
10:06:58.106 [main] DEBUG org.apache.http.impl.conn.BasicClientConnectionManager - Connection can be kept alive indefinitely
10:06:58.107 [main] DEBUG net.thucydides.core.steps.StepInterceptor - STEP DONE: I send POST HTTP request register2
  &amp#27;[32mWhen &amp#27;[0m&amp#27;[32mI send POST HTTP request register2&amp#27;[0m              &amp#27;[90m# starter.stepdefinitions.RegisterSteps.sendPostHttpRequestRegister2()&amp#27;[0m
10:06:58.111 [main] DEBUG net.thucydides.core.steps.StepInterceptor - STARTING STEP: RegisterSteps.receiveValidHttp400Register - I receive valid HTTP response code 400 register
10:06:58.113 [main] DEBUG net.thucydides.core.steps.StepInterceptor - STEP DONE: I receive valid HTTP response code 400 register
  &amp#27;[32mThen &amp#27;[0m&amp#27;[32mI receive valid HTTP response code 400 register&amp#27;[0m &amp#27;[90m# starter.stepdefinitions.RegisterSteps.receiveValidHttp400Register()&amp#27;[0m
10:06:58.115 [main] INFO  - 
  _____   ___   ___   _____     ___     _     ___   ___   ___   ___  
 |_   _| | __| / __| |_   _|   | _ \   /_\   / __| / __| | __| |   \ 
   | |   | _|  \__ \   | |     |  _/  / _ \  \__ \ \__ \ | _|  | |) |
   |_|   |___| |___/   |_|     |_|   /_/ \_\ |___/ |___/ |___| |___/ 

POST - Register without fullname
----------------------------------------------------------------------
]]></system-out>
  </testcase>
  <testcase name="POST - Register without email" classname="Register" time="0.13">
    <system-out><![CDATA[
Scenario: POST - Register without email                &amp#27;[90m# src/test/resources/features/1. Register.feature:17&amp#27;[0m
10:06:58.127 [main] DEBUG io.cucumber.core.plugin.SerenityReporter - Running feature from file:///E:/APIMinpro/API/minpro/src/test/resources/features/1.%20Register.feature
10:06:58.130 [main] INFO  - 
  _____   ___   ___   _____     ___   _____     _     ___   _____   ___   ___  
 |_   _| | __| / __| |_   _|   / __| |_   _|   /_\   | _ \ |_   _| | __| |   \ 
   | |   | _|  \__ \   | |     \__ \   | |    / _ \  |   /   | |   | _|  | |) |
   |_|   |___| |___/   |_|     |___/   |_|   /_/ \_\ |_|_\   |_|   |___| |___/ 

POST - Register without email(register;post---register-without-email)
--------------------------------------------------------------------------------
10:06:58.137 [main] DEBUG net.thucydides.core.steps.StepInterceptor - STARTING STEP: RegisterSteps.setPostApiEndpointsRegister - I set POST api endpoints register
10:06:58.137 [main] DEBUG net.thucydides.core.steps.StepInterceptor - STEP DONE: I set POST api endpoints register
  &amp#27;[32mGiven &amp#27;[0m&amp#27;[32mI set POST api endpoints register&amp#27;[0m              &amp#27;[90m# starter.stepdefinitions.RegisterSteps.setPostApiEndpointsRegister()&amp#27;[0m
10:06:58.141 [main] DEBUG net.thucydides.core.steps.StepInterceptor - STARTING STEP: RegisterSteps.sendPostHttpRequestRegister3 - I send POST HTTP request register3
10:06:58.143 [main] DEBUG net.thucydides.core.steps.StepInterceptor - STARTING STEP: Register.sendPostHttpRequestRegister3 - I set POST api endpoints register
10:06:58.143 [main] DEBUG net.thucydides.core.steps.StepInterceptor - STEP DONE: I set POST api endpoints register
10:06:58.161 [main] DEBUG org.apache.http.impl.conn.BasicClientConnectionManager - Get connection for route {s}->https://altashop-api.fly.dev:443
10:06:58.161 [main] DEBUG org.apache.http.impl.conn.DefaultClientConnectionOperator - Connecting to altashop-api.fly.dev:443
10:06:58.215 [main] DEBUG org.apache.http.client.protocol.RequestAddCookies - CookieSpec selected: ignoreCookies
10:06:58.215 [main] DEBUG org.apache.http.client.protocol.RequestAuthCache - Auth cache not set in the context
10:06:58.215 [main] DEBUG org.apache.http.client.protocol.RequestTargetAuthentication - Target auth state: UNCHALLENGED
10:06:58.215 [main] DEBUG org.apache.http.client.protocol.RequestProxyAuthentication - Proxy auth state: UNCHALLENGED
10:06:58.215 [main] DEBUG org.apache.http.impl.client.DefaultHttpClient - Attempt 1 to execute request
10:06:58.215 [main] DEBUG org.apache.http.impl.conn.DefaultClientConnection - Sending request: POST /api/auth/register HTTP/1.1
10:06:58.216 [main] DEBUG org.apache.http.wire -  >> "POST /api/auth/register HTTP/1.1[\r][\n]"
10:06:58.216 [main] DEBUG org.apache.http.wire -  >> "Accept: */*[\r][\n]"
10:06:58.216 [main] DEBUG org.apache.http.wire -  >> "Content-Type: application/json[\r][\n]"
10:06:58.216 [main] DEBUG org.apache.http.wire -  >> "Content-Length: 68[\r][\n]"
10:06:58.216 [main] DEBUG org.apache.http.wire -  >> "Host: altashop-api.fly.dev[\r][\n]"
10:06:58.216 [main] DEBUG org.apache.http.wire -  >> "Connection: Keep-Alive[\r][\n]"
10:06:58.216 [main] DEBUG org.apache.http.wire -  >> "User-Agent: Apache-HttpClient/4.5.13 (Java/11.0.15.1)[\r][\n]"
10:06:58.216 [main] DEBUG org.apache.http.wire -  >> "Accept-Encoding: gzip,deflate[\r][\n]"
10:06:58.216 [main] DEBUG org.apache.http.wire -  >> "[\r][\n]"
10:06:58.216 [main] DEBUG org.apache.http.headers - >> POST /api/auth/register HTTP/1.1
10:06:58.216 [main] DEBUG org.apache.http.headers - >> Accept: */*
10:06:58.216 [main] DEBUG org.apache.http.headers - >> Content-Type: application/json
10:06:58.216 [main] DEBUG org.apache.http.headers - >> Content-Length: 68
10:06:58.216 [main] DEBUG org.apache.http.headers - >> Host: altashop-api.fly.dev
10:06:58.216 [main] DEBUG org.apache.http.headers - >> Connection: Keep-Alive
10:06:58.216 [main] DEBUG org.apache.http.headers - >> User-Agent: Apache-HttpClient/4.5.13 (Java/11.0.15.1)
10:06:58.216 [main] DEBUG org.apache.http.headers - >> Accept-Encoding: gzip,deflate
10:06:58.216 [main] DEBUG org.apache.http.wire -  >> "{"password":"123456","fullname":"aditya nugraha perdana","email":""}"
10:06:58.236 [main] DEBUG org.apache.http.wire -  << "HTTP/1.1 400 Bad Request[\r][\n]"
10:06:58.237 [main] DEBUG org.apache.http.wire -  << "content-type: application/json[\r][\n]"
10:06:58.237 [main] DEBUG org.apache.http.wire -  << "date: Sun, 07 May 2023 03:06:57 GMT[\r][\n]"
10:06:58.237 [main] DEBUG org.apache.http.wire -  << "content-encoding: gzip[\r][\n]"
10:06:58.237 [main] DEBUG org.apache.http.wire -  << "transfer-encoding: chunked[\r][\n]"
10:06:58.237 [main] DEBUG org.apache.http.wire -  << "server: Fly/3f2597ca (2023-05-03)[\r][\n]"
10:06:58.237 [main] DEBUG org.apache.http.wire -  << "via: 1.1 fly.io[\r][\n]"
10:06:58.237 [main] DEBUG org.apache.http.wire -  << "fly-request-id: 01GZT2TEY79M5YDXFWMPH556XP-sin[\r][\n]"
10:06:58.237 [main] DEBUG org.apache.http.wire -  << "[\r][\n]"
10:06:58.237 [main] DEBUG org.apache.http.impl.conn.DefaultClientConnection - Receiving response: HTTP/1.1 400 Bad Request
10:06:58.237 [main] DEBUG org.apache.http.headers - << HTTP/1.1 400 Bad Request
10:06:58.237 [main] DEBUG org.apache.http.headers - << content-type: application/json
10:06:58.237 [main] DEBUG org.apache.http.headers - << date: Sun, 07 May 2023 03:06:57 GMT
10:06:58.237 [main] DEBUG org.apache.http.headers - << content-encoding: gzip
10:06:58.237 [main] DEBUG org.apache.http.headers - << transfer-encoding: chunked
10:06:58.237 [main] DEBUG org.apache.http.headers - << server: Fly/3f2597ca (2023-05-03)
10:06:58.237 [main] DEBUG org.apache.http.headers - << via: 1.1 fly.io
10:06:58.237 [main] DEBUG org.apache.http.headers - << fly-request-id: 01GZT2TEY79M5YDXFWMPH556XP-sin
10:06:58.237 [main] DEBUG org.apache.http.impl.client.DefaultHttpClient - Connection can be kept alive indefinitely
10:06:58.237 [main] DEBUG io.restassured.internal.RestAssuredHttpBuilder - Parsing response as: application/json
10:06:58.237 [main] DEBUG org.apache.http.wire -  << "32[\r][\n]"
10:06:58.238 [main] DEBUG org.apache.http.wire -  << "[0x1f][0x8b][0x8][0x0][0x0][0x0][0x0][0x0][0x4][0xff][0xab]VJ-*[0xca]/R[0xb2]RJ[0xcd]M[0xcc][0xcc]Q[0xc8],V(J-,[0xcd],JMQ[0xaa][0xe5][0x2][0x0]&[0xe3][0xaa]j[0x1e][0x0][0x0][0x0]"
10:06:58.238 [main] DEBUG org.apache.http.wire -  << "[\r][\n]"
10:06:58.238 [main] DEBUG org.apache.http.wire -  << "0[\r][\n]"
10:06:58.238 [main] DEBUG org.apache.http.wire -  << "[\r][\n]"
10:06:58.238 [main] DEBUG io.restassured.internal.RestAssuredHttpBuilder - Parsed data to instance of: class org.apache.http.conn.EofSensorInputStream
10:06:58.240 [main] DEBUG org.apache.http.impl.conn.BasicClientConnectionManager - Releasing connection org.apache.http.impl.conn.ManagedClientConnectionImpl@7612116b
10:06:58.240 [main] DEBUG org.apache.http.impl.conn.BasicClientConnectionManager - Connection can be kept alive indefinitely
10:06:58.240 [main] DEBUG net.thucydides.core.steps.StepInterceptor - STEP DONE: I send POST HTTP request register3
  &amp#27;[32mWhen &amp#27;[0m&amp#27;[32mI send POST HTTP request register3&amp#27;[0m              &amp#27;[90m# starter.stepdefinitions.RegisterSteps.sendPostHttpRequestRegister3()&amp#27;[0m
10:06:58.244 [main] DEBUG net.thucydides.core.steps.StepInterceptor - STARTING STEP: RegisterSteps.receiveValidHttp400Register - I receive valid HTTP response code 400 register
10:06:58.244 [main] DEBUG net.thucydides.core.steps.StepInterceptor - STEP DONE: I receive valid HTTP response code 400 register
  &amp#27;[32mThen &amp#27;[0m&amp#27;[32mI receive valid HTTP response code 400 register&amp#27;[0m &amp#27;[90m# starter.stepdefinitions.RegisterSteps.receiveValidHttp400Register()&amp#27;[0m
10:06:58.246 [main] INFO  - 
  _____   ___   ___   _____     ___     _     ___   ___   ___   ___  
 |_   _| | __| / __| |_   _|   | _ \   /_\   / __| / __| | __| |   \ 
   | |   | _|  \__ \   | |     |  _/  / _ \  \__ \ \__ \ | _|  | |) |
   |_|   |___| |___/   |_|     |_|   /_/ \_\ |___/ |___/ |___| |___/ 

POST - Register without email
----------------------------------------------------------------------
]]></system-out>
  </testcase>
  <testcase name="POST - Register without password" classname="Register" time="0.162">
    <system-out><![CDATA[
Scenario: POST - Register without password             &amp#27;[90m# src/test/resources/features/1. Register.feature:22&amp#27;[0m
10:06:58.256 [main] DEBUG io.cucumber.core.plugin.SerenityReporter - Running feature from file:///E:/APIMinpro/API/minpro/src/test/resources/features/1.%20Register.feature
10:06:58.259 [main] INFO  - 
  _____   ___   ___   _____     ___   _____     _     ___   _____   ___   ___  
 |_   _| | __| / __| |_   _|   / __| |_   _|   /_\   | _ \ |_   _| | __| |   \ 
   | |   | _|  \__ \   | |     \__ \   | |    / _ \  |   /   | |   | _|  | |) |
   |_|   |___| |___/   |_|     |___/   |_|   /_/ \_\ |_|_\   |_|   |___| |___/ 

POST - Register without password(register;post---register-without-password)
--------------------------------------------------------------------------------
10:06:58.283 [Finalizer] DEBUG org.apache.http.impl.conn.DefaultClientConnection - Connection 0.0.0.0:61484<->149.248.193.56:443 closed
10:06:58.285 [main] DEBUG net.thucydides.core.steps.StepInterceptor - STARTING STEP: RegisterSteps.setPostApiEndpointsRegister - I set POST api endpoints register
10:06:58.286 [Finalizer] DEBUG org.apache.http.impl.conn.DefaultClientConnection - Connection 0.0.0.0:61486<->149.248.193.56:443 closed
10:06:58.286 [main] DEBUG net.thucydides.core.steps.StepInterceptor - STEP DONE: I set POST api endpoints register
  &amp#27;[32mGiven &amp#27;[0m&amp#27;[32mI set POST api endpoints register&amp#27;[0m              &amp#27;[90m# starter.stepdefinitions.RegisterSteps.setPostApiEndpointsRegister()&amp#27;[0m
10:06:58.290 [main] DEBUG net.thucydides.core.steps.StepInterceptor - STARTING STEP: RegisterSteps.sendPostHttpRequest4 - I send POST HTTP request register4
10:06:58.291 [main] DEBUG net.thucydides.core.steps.StepInterceptor - STARTING STEP: Register.sendPostHttpRequestRegister4 - I set POST api endpoints register
10:06:58.292 [main] DEBUG net.thucydides.core.steps.StepInterceptor - STEP DONE: I set POST api endpoints register
10:06:58.309 [main] DEBUG org.apache.http.impl.conn.BasicClientConnectionManager - Get connection for route {s}->https://altashop-api.fly.dev:443
10:06:58.309 [main] DEBUG org.apache.http.impl.conn.DefaultClientConnectionOperator - Connecting to altashop-api.fly.dev:443
10:06:58.376 [main] DEBUG org.apache.http.client.protocol.RequestAddCookies - CookieSpec selected: ignoreCookies
10:06:58.376 [main] DEBUG org.apache.http.client.protocol.RequestAuthCache - Auth cache not set in the context
10:06:58.376 [main] DEBUG org.apache.http.client.protocol.RequestTargetAuthentication - Target auth state: UNCHALLENGED
10:06:58.376 [main] DEBUG org.apache.http.client.protocol.RequestProxyAuthentication - Proxy auth state: UNCHALLENGED
10:06:58.376 [main] DEBUG org.apache.http.impl.client.DefaultHttpClient - Attempt 1 to execute request
10:06:58.376 [main] DEBUG org.apache.http.impl.conn.DefaultClientConnection - Sending request: POST /api/auth/register HTTP/1.1
10:06:58.376 [main] DEBUG org.apache.http.wire -  >> "POST /api/auth/register HTTP/1.1[\r][\n]"
10:06:58.376 [main] DEBUG org.apache.http.wire -  >> "Accept: */*[\r][\n]"
10:06:58.376 [main] DEBUG org.apache.http.wire -  >> "Content-Type: application/json[\r][\n]"
10:06:58.376 [main] DEBUG org.apache.http.wire -  >> "Content-Length: 78[\r][\n]"
10:06:58.376 [main] DEBUG org.apache.http.wire -  >> "Host: altashop-api.fly.dev[\r][\n]"
10:06:58.376 [main] DEBUG org.apache.http.wire -  >> "Connection: Keep-Alive[\r][\n]"
10:06:58.376 [main] DEBUG org.apache.http.wire -  >> "User-Agent: Apache-HttpClient/4.5.13 (Java/11.0.15.1)[\r][\n]"
10:06:58.376 [main] DEBUG org.apache.http.wire -  >> "Accept-Encoding: gzip,deflate[\r][\n]"
10:06:58.376 [main] DEBUG org.apache.http.wire -  >> "[\r][\n]"
10:06:58.376 [main] DEBUG org.apache.http.headers - >> POST /api/auth/register HTTP/1.1
10:06:58.376 [main] DEBUG org.apache.http.headers - >> Accept: */*
10:06:58.376 [main] DEBUG org.apache.http.headers - >> Content-Type: application/json
10:06:58.376 [main] DEBUG org.apache.http.headers - >> Content-Length: 78
10:06:58.376 [main] DEBUG org.apache.http.headers - >> Host: altashop-api.fly.dev
10:06:58.376 [main] DEBUG org.apache.http.headers - >> Connection: Keep-Alive
10:06:58.376 [main] DEBUG org.apache.http.headers - >> User-Agent: Apache-HttpClient/4.5.13 (Java/11.0.15.1)
10:06:58.376 [main] DEBUG org.apache.http.headers - >> Accept-Encoding: gzip,deflate
10:06:58.376 [main] DEBUG org.apache.http.wire -  >> "{"password":"","fullname":"aditya nugraha perdana","email":"aditya@gmail.com"}"
10:06:58.398 [main] DEBUG org.apache.http.wire -  << "HTTP/1.1 400 Bad Request[\r][\n]"
10:06:58.398 [main] DEBUG org.apache.http.wire -  << "content-type: application/json[\r][\n]"
10:06:58.398 [main] DEBUG org.apache.http.wire -  << "date: Sun, 07 May 2023 03:06:58 GMT[\r][\n]"
10:06:58.399 [main] DEBUG org.apache.http.wire -  << "content-encoding: gzip[\r][\n]"
10:06:58.399 [main] DEBUG org.apache.http.wire -  << "transfer-encoding: chunked[\r][\n]"
10:06:58.399 [main] DEBUG org.apache.http.wire -  << "server: Fly/3f2597ca (2023-05-03)[\r][\n]"
10:06:58.399 [main] DEBUG org.apache.http.wire -  << "via: 1.1 fly.io[\r][\n]"
10:06:58.399 [main] DEBUG org.apache.http.wire -  << "fly-request-id: 01GZT2TF36MERPVPKREQ1FRPMM-sin[\r][\n]"
10:06:58.399 [main] DEBUG org.apache.http.wire -  << "[\r][\n]"
10:06:58.399 [main] DEBUG org.apache.http.impl.conn.DefaultClientConnection - Receiving response: HTTP/1.1 400 Bad Request
10:06:58.399 [main] DEBUG org.apache.http.headers - << HTTP/1.1 400 Bad Request
10:06:58.399 [main] DEBUG org.apache.http.headers - << content-type: application/json
10:06:58.399 [main] DEBUG org.apache.http.headers - << date: Sun, 07 May 2023 03:06:58 GMT
10:06:58.399 [main] DEBUG org.apache.http.headers - << content-encoding: gzip
10:06:58.399 [main] DEBUG org.apache.http.headers - << transfer-encoding: chunked
10:06:58.399 [main] DEBUG org.apache.http.headers - << server: Fly/3f2597ca (2023-05-03)
10:06:58.399 [main] DEBUG org.apache.http.headers - << via: 1.1 fly.io
10:06:58.399 [main] DEBUG org.apache.http.headers - << fly-request-id: 01GZT2TF36MERPVPKREQ1FRPMM-sin
10:06:58.399 [main] DEBUG org.apache.http.impl.client.DefaultHttpClient - Connection can be kept alive indefinitely
10:06:58.399 [main] DEBUG io.restassured.internal.RestAssuredHttpBuilder - Parsing response as: application/json
10:06:58.399 [main] DEBUG org.apache.http.wire -  << "35[\r][\n]"
10:06:58.400 [main] DEBUG org.apache.http.wire -  << "[0x1f][0x8b][0x8][0x0][0x0][0x0][0x0][0x0][0x4][0xff][0xab]VJ-*[0xca]/R[0xb2]R*H,..[0xcf]/JQ[0xc8],V(J-,[0xcd],JMQ[0xaa][0xe5][0x2][0x0][0xb9][0x8f][0xe5][0xe0]![0x0][0x0][0x0]"
10:06:58.400 [main] DEBUG org.apache.http.wire -  << "[\r][\n]"
10:06:58.400 [main] DEBUG org.apache.http.wire -  << "0[\r][\n]"
10:06:58.400 [main] DEBUG org.apache.http.wire -  << "[\r][\n]"
10:06:58.400 [main] DEBUG io.restassured.internal.RestAssuredHttpBuilder - Parsed data to instance of: class org.apache.http.conn.EofSensorInputStream
10:06:58.401 [main] DEBUG org.apache.http.impl.conn.BasicClientConnectionManager - Releasing connection org.apache.http.impl.conn.ManagedClientConnectionImpl@7157413e
10:06:58.402 [main] DEBUG org.apache.http.impl.conn.BasicClientConnectionManager - Connection can be kept alive indefinitely
10:06:58.402 [main] DEBUG net.thucydides.core.steps.StepInterceptor - STEP DONE: I send POST HTTP request register4
  &amp#27;[32mWhen &amp#27;[0m&amp#27;[32mI send POST HTTP request register4&amp#27;[0m              &amp#27;[90m# starter.stepdefinitions.RegisterSteps.sendPostHttpRequest4()&amp#27;[0m
10:06:58.406 [main] DEBUG net.thucydides.core.steps.StepInterceptor - STARTING STEP: RegisterSteps.receiveValidHttp400Register - I receive valid HTTP response code 400 register
10:06:58.406 [main] DEBUG net.thucydides.core.steps.StepInterceptor - STEP DONE: I receive valid HTTP response code 400 register
  &amp#27;[32mThen &amp#27;[0m&amp#27;[32mI receive valid HTTP response code 400 register&amp#27;[0m &amp#27;[90m# starter.stepdefinitions.RegisterSteps.receiveValidHttp400Register()&amp#27;[0m
10:06:58.408 [main] INFO  - 
  _____   ___   ___   _____     ___     _     ___   ___   ___   ___  
 |_   _| | __| / __| |_   _|   | _ \   /_\   / __| / __| | __| |   \ 
   | |   | _|  \__ \   | |     |  _/  / _ \  \__ \ \__ \ | _|  | |) |
   |_|   |___| |___/   |_|     |_|   /_/ \_\ |___/ |___/ |___| |___/ 

POST - Register without password
----------------------------------------------------------------------
]]></system-out>
  </testcase>
  <testcase name="POST - Register with existed account" classname="Register" time="0.117">
    <system-out><![CDATA[
Scenario: POST - Register with existed account         &amp#27;[90m# src/test/resources/features/1. Register.feature:27&amp#27;[0m
10:06:58.417 [main] DEBUG io.cucumber.core.plugin.SerenityReporter - Running feature from file:///E:/APIMinpro/API/minpro/src/test/resources/features/1.%20Register.feature
10:06:58.420 [main] INFO  - 
  _____   ___   ___   _____     ___   _____     _     ___   _____   ___   ___  
 |_   _| | __| / __| |_   _|   / __| |_   _|   /_\   | _ \ |_   _| | __| |   \ 
   | |   | _|  \__ \   | |     \__ \   | |    / _ \  |   /   | |   | _|  | |) |
   |_|   |___| |___/   |_|     |___/   |_|   /_/ \_\ |_|_\   |_|   |___| |___/ 

POST - Register with existed account(register;post---register-with-existed-account)
--------------------------------------------------------------------------------
10:06:58.431 [main] DEBUG net.thucydides.core.steps.StepInterceptor - STARTING STEP: RegisterSteps.setPostApiEndpointsRegister - I set POST api endpoints register
10:06:58.431 [main] DEBUG net.thucydides.core.steps.StepInterceptor - STEP DONE: I set POST api endpoints register
  &amp#27;[32mGiven &amp#27;[0m&amp#27;[32mI set POST api endpoints register&amp#27;[0m              &amp#27;[90m# starter.stepdefinitions.RegisterSteps.setPostApiEndpointsRegister()&amp#27;[0m
10:06:58.435 [main] DEBUG net.thucydides.core.steps.StepInterceptor - STARTING STEP: RegisterSteps.sendPostHttpRequest5 - I send POST HTTP request register5
10:06:58.437 [main] DEBUG net.thucydides.core.steps.StepInterceptor - STARTING STEP: Register.sendPostHttpRequestRegister5 - I set POST api endpoints register
10:06:58.437 [main] DEBUG net.thucydides.core.steps.StepInterceptor - STEP DONE: I set POST api endpoints register
10:06:58.449 [main] DEBUG org.apache.http.impl.conn.BasicClientConnectionManager - Get connection for route {s}->https://altashop-api.fly.dev:443
10:06:58.449 [main] DEBUG org.apache.http.impl.conn.DefaultClientConnectionOperator - Connecting to altashop-api.fly.dev:443
10:06:58.496 [main] DEBUG org.apache.http.client.protocol.RequestAddCookies - CookieSpec selected: ignoreCookies
10:06:58.496 [main] DEBUG org.apache.http.client.protocol.RequestAuthCache - Auth cache not set in the context
10:06:58.496 [main] DEBUG org.apache.http.client.protocol.RequestTargetAuthentication - Target auth state: UNCHALLENGED
10:06:58.496 [main] DEBUG org.apache.http.client.protocol.RequestProxyAuthentication - Proxy auth state: UNCHALLENGED
10:06:58.496 [main] DEBUG org.apache.http.impl.client.DefaultHttpClient - Attempt 1 to execute request
10:06:58.496 [main] DEBUG org.apache.http.impl.conn.DefaultClientConnection - Sending request: POST /api/auth/register HTTP/1.1
10:06:58.496 [main] DEBUG org.apache.http.wire -  >> "POST /api/auth/register HTTP/1.1[\r][\n]"
10:06:58.496 [main] DEBUG org.apache.http.wire -  >> "Accept: */*[\r][\n]"
10:06:58.496 [main] DEBUG org.apache.http.wire -  >> "Content-Type: application/json[\r][\n]"
10:06:58.496 [main] DEBUG org.apache.http.wire -  >> "Content-Length: 65[\r][\n]"
10:06:58.496 [main] DEBUG org.apache.http.wire -  >> "Host: altashop-api.fly.dev[\r][\n]"
10:06:58.496 [main] DEBUG org.apache.http.wire -  >> "Connection: Keep-Alive[\r][\n]"
10:06:58.496 [main] DEBUG org.apache.http.wire -  >> "User-Agent: Apache-HttpClient/4.5.13 (Java/11.0.15.1)[\r][\n]"
10:06:58.496 [main] DEBUG org.apache.http.wire -  >> "Accept-Encoding: gzip,deflate[\r][\n]"
10:06:58.496 [main] DEBUG org.apache.http.wire -  >> "[\r][\n]"
10:06:58.496 [main] DEBUG org.apache.http.headers - >> POST /api/auth/register HTTP/1.1
10:06:58.496 [main] DEBUG org.apache.http.headers - >> Accept: */*
10:06:58.496 [main] DEBUG org.apache.http.headers - >> Content-Type: application/json
10:06:58.496 [main] DEBUG org.apache.http.headers - >> Content-Length: 65
10:06:58.496 [main] DEBUG org.apache.http.headers - >> Host: altashop-api.fly.dev
10:06:58.496 [main] DEBUG org.apache.http.headers - >> Connection: Keep-Alive
10:06:58.496 [main] DEBUG org.apache.http.headers - >> User-Agent: Apache-HttpClient/4.5.13 (Java/11.0.15.1)
10:06:58.497 [main] DEBUG org.apache.http.headers - >> Accept-Encoding: gzip,deflate
10:06:58.497 [main] DEBUG org.apache.http.wire -  >> "{"password":"adit123","fullname":"adit","email":"adit@gmail.com"}"
10:06:58.518 [main] DEBUG org.apache.http.wire -  << "HTTP/1.1 400 Bad Request[\r][\n]"
10:06:58.518 [main] DEBUG org.apache.http.wire -  << "content-type: application/json[\r][\n]"
10:06:58.518 [main] DEBUG org.apache.http.wire -  << "date: Sun, 07 May 2023 03:06:58 GMT[\r][\n]"
10:06:58.518 [main] DEBUG org.apache.http.wire -  << "content-encoding: gzip[\r][\n]"
10:06:58.518 [main] DEBUG org.apache.http.wire -  << "transfer-encoding: chunked[\r][\n]"
10:06:58.518 [main] DEBUG org.apache.http.wire -  << "server: Fly/3f2597ca (2023-05-03)[\r][\n]"
10:06:58.518 [main] DEBUG org.apache.http.wire -  << "via: 1.1 fly.io[\r][\n]"
10:06:58.518 [main] DEBUG org.apache.http.wire -  << "fly-request-id: 01GZT2TF6XEW2692NBJ5FGQEYJ-sin[\r][\n]"
10:06:58.518 [main] DEBUG org.apache.http.wire -  << "[\r][\n]"
10:06:58.518 [main] DEBUG org.apache.http.impl.conn.DefaultClientConnection - Receiving response: HTTP/1.1 400 Bad Request
10:06:58.518 [main] DEBUG org.apache.http.headers - << HTTP/1.1 400 Bad Request
10:06:58.518 [main] DEBUG org.apache.http.headers - << content-type: application/json
10:06:58.518 [main] DEBUG org.apache.http.headers - << date: Sun, 07 May 2023 03:06:58 GMT
10:06:58.518 [main] DEBUG org.apache.http.headers - << content-encoding: gzip
10:06:58.518 [main] DEBUG org.apache.http.headers - << transfer-encoding: chunked
10:06:58.518 [main] DEBUG org.apache.http.headers - << server: Fly/3f2597ca (2023-05-03)
10:06:58.518 [main] DEBUG org.apache.http.headers - << via: 1.1 fly.io
10:06:58.518 [main] DEBUG org.apache.http.headers - << fly-request-id: 01GZT2TF6XEW2692NBJ5FGQEYJ-sin
10:06:58.518 [main] DEBUG org.apache.http.impl.client.DefaultHttpClient - Connection can be kept alive indefinitely
10:06:58.518 [main] DEBUG io.restassured.internal.RestAssuredHttpBuilder - Parsing response as: application/json
10:06:58.518 [main] DEBUG org.apache.http.wire -  << "7B[\r][\n]"
10:06:58.518 [main] DEBUG org.apache.http.wire -  << "[0x1f][0x8b][0x8][0x0][0x0][0x0][0x0][0x0][0x4][0xff][0xab]VJ-*[0xca]/R[0xb2]Rr[\r][\n]"
10:06:58.518 [main] DEBUG org.apache.http.wire -  << "[0xf2][0xf][0xb2]RH)-[0xc8][0xc9]LN,IU[0xc8]N[0xad]T(K[0xcc])MU([0xcb][0xcc][0xcf]I,I-V([0xcd][0xcb],,MUH[0xce][0xcf]+.)J[0xcc][0xcc]+Q[0x88]Q*-N-*[0x8e]O[0xcd]M[0xcc][0xcc][0x89][0xcf]N[0xad][0x8c]QR[0xd0][0x8][0xe][0xf4][0x9][0xe]q[0xc]qU02650[0xd5]T[0xaa][0xe5][0x2][0x0][0x1a]G[0x13]pg[0x0][0x0][0x0]"
10:06:58.518 [main] DEBUG org.apache.http.wire -  << "[\r][\n]"
10:06:58.518 [main] DEBUG org.apache.http.wire -  << "0[\r][\n]"
10:06:58.519 [main] DEBUG org.apache.http.wire -  << "[\r][\n]"
10:06:58.519 [main] DEBUG io.restassured.internal.RestAssuredHttpBuilder - Parsed data to instance of: class org.apache.http.conn.EofSensorInputStream
10:06:58.520 [main] DEBUG org.apache.http.impl.conn.BasicClientConnectionManager - Releasing connection org.apache.http.impl.conn.ManagedClientConnectionImpl@45cb5307
10:06:58.520 [main] DEBUG org.apache.http.impl.conn.BasicClientConnectionManager - Connection can be kept alive indefinitely
10:06:58.520 [main] DEBUG net.thucydides.core.steps.StepInterceptor - STEP DONE: I send POST HTTP request register5
  &amp#27;[32mWhen &amp#27;[0m&amp#27;[32mI send POST HTTP request register5&amp#27;[0m              &amp#27;[90m# starter.stepdefinitions.RegisterSteps.sendPostHttpRequest5()&amp#27;[0m
10:06:58.523 [main] DEBUG net.thucydides.core.steps.StepInterceptor - STARTING STEP: RegisterSteps.receiveValidHttp400Register - I receive valid HTTP response code 400 register
10:06:58.523 [main] DEBUG net.thucydides.core.steps.StepInterceptor - STEP DONE: I receive valid HTTP response code 400 register
  &amp#27;[32mThen &amp#27;[0m&amp#27;[32mI receive valid HTTP response code 400 register&amp#27;[0m &amp#27;[90m# starter.stepdefinitions.RegisterSteps.receiveValidHttp400Register()&amp#27;[0m
10:06:58.525 [main] INFO  - 
  _____   ___   ___   _____     ___     _     ___   ___   ___   ___  
 |_   _| | __| / __| |_   _|   | _ \   /_\   / __| / __| | __| |   \ 
   | |   | _|  \__ \   | |     |  _/  / _ \  \__ \ \__ \ | _|  | |) |
   |_|   |___| |___/   |_|     |_|   /_/ \_\ |___/ |___/ |___| |___/ 

POST - Register with existed account
----------------------------------------------------------------------
]]></system-out>
  </testcase>
  <testcase name="POST - Login with valid credential" classname="Login" time="0.128">
    <system-out><![CDATA[10:06:58.527 [main] DEBUG io.cucumber.core.plugin.SerenityReporter - Running feature from file:///E:/APIMinpro/API/minpro/src/test/resources/features/2.%20Login.feature
10:06:58.530 [main] DEBUG net.thucydides.core.steps.StepEventBus - Test suite started for story net.thucydides.core.model.Story@86b1dd01
10:06:58.530 [main] INFO  - Test Suite Started: Login

Scenario: POST - Login with valid credential        &amp#27;[90m# src/test/resources/features/2. Login.feature:7&amp#27;[0m
10:06:58.539 [main] DEBUG io.cucumber.core.plugin.SerenityReporter - Running feature from file:///E:/APIMinpro/API/minpro/src/test/resources/features/2.%20Login.feature
10:06:58.542 [main] INFO  - 
  _____   ___   ___   _____     ___   _____     _     ___   _____   ___   ___  
 |_   _| | __| / __| |_   _|   / __| |_   _|   /_\   | _ \ |_   _| | __| |   \ 
   | |   | _|  \__ \   | |     \__ \   | |    / _ \  |   /   | |   | _|  | |) |
   |_|   |___| |___/   |_|     |___/   |_|   /_/ \_\ |_|_\   |_|   |___| |___/ 

POST - Login with valid credential(login;post---login-with-valid-credential)
--------------------------------------------------------------------------------
10:06:58.563 [main] DEBUG net.thucydides.core.steps.StepInterceptor - STARTING STEP: LoginSteps.setPostApiEndpointsLogin - I set POST api endpoints login
10:06:58.563 [main] DEBUG net.thucydides.core.steps.StepInterceptor - STEP DONE: I set POST api endpoints login
  &amp#27;[32mGiven &amp#27;[0m&amp#27;[32mI set POST api endpoints login&amp#27;[0m              &amp#27;[90m# starter.stepdefinitions.LoginSteps.setPostApiEndpointsLogin()&amp#27;[0m
10:06:58.567 [main] DEBUG net.thucydides.core.steps.StepInterceptor - STARTING STEP: LoginSteps.sendPostHttpRequestLogin - I send POST HTTP request login
10:06:58.569 [main] DEBUG net.thucydides.core.steps.StepInterceptor - STARTING STEP: Login.sendPostHttpRequestLogin - I set POST api endpoints login
10:06:58.569 [main] DEBUG net.thucydides.core.steps.StepInterceptor - STEP DONE: I set POST api endpoints login
10:06:58.582 [main] DEBUG org.apache.http.impl.conn.BasicClientConnectionManager - Get connection for route {s}->https://altashop-api.fly.dev:443
10:06:58.582 [main] DEBUG org.apache.http.impl.conn.DefaultClientConnectionOperator - Connecting to altashop-api.fly.dev:443
10:06:58.630 [main] DEBUG org.apache.http.client.protocol.RequestAddCookies - CookieSpec selected: ignoreCookies
10:06:58.630 [main] DEBUG org.apache.http.client.protocol.RequestAuthCache - Auth cache not set in the context
10:06:58.630 [main] DEBUG org.apache.http.client.protocol.RequestTargetAuthentication - Target auth state: UNCHALLENGED
10:06:58.630 [main] DEBUG org.apache.http.client.protocol.RequestProxyAuthentication - Proxy auth state: UNCHALLENGED
10:06:58.630 [main] DEBUG org.apache.http.impl.client.DefaultHttpClient - Attempt 1 to execute request
10:06:58.630 [main] DEBUG org.apache.http.impl.conn.DefaultClientConnection - Sending request: POST /api/auth/login HTTP/1.1
10:06:58.630 [main] DEBUG org.apache.http.wire -  >> "POST /api/auth/login HTTP/1.1[\r][\n]"
10:06:58.630 [main] DEBUG org.apache.http.wire -  >> "Accept: */*[\r][\n]"
10:06:58.630 [main] DEBUG org.apache.http.wire -  >> "Content-Type: application/json[\r][\n]"
10:06:58.630 [main] DEBUG org.apache.http.wire -  >> "Content-Length: 47[\r][\n]"
10:06:58.630 [main] DEBUG org.apache.http.wire -  >> "Host: altashop-api.fly.dev[\r][\n]"
10:06:58.630 [main] DEBUG org.apache.http.wire -  >> "Connection: Keep-Alive[\r][\n]"
10:06:58.630 [main] DEBUG org.apache.http.wire -  >> "User-Agent: Apache-HttpClient/4.5.13 (Java/11.0.15.1)[\r][\n]"
10:06:58.630 [main] DEBUG org.apache.http.wire -  >> "Accept-Encoding: gzip,deflate[\r][\n]"
10:06:58.630 [main] DEBUG org.apache.http.wire -  >> "[\r][\n]"
10:06:58.630 [main] DEBUG org.apache.http.headers - >> POST /api/auth/login HTTP/1.1
10:06:58.630 [main] DEBUG org.apache.http.headers - >> Accept: */*
10:06:58.630 [main] DEBUG org.apache.http.headers - >> Content-Type: application/json
10:06:58.630 [main] DEBUG org.apache.http.headers - >> Content-Length: 47
10:06:58.630 [main] DEBUG org.apache.http.headers - >> Host: altashop-api.fly.dev
10:06:58.630 [main] DEBUG org.apache.http.headers - >> Connection: Keep-Alive
10:06:58.630 [main] DEBUG org.apache.http.headers - >> User-Agent: Apache-HttpClient/4.5.13 (Java/11.0.15.1)
10:06:58.630 [main] DEBUG org.apache.http.headers - >> Accept-Encoding: gzip,deflate
10:06:58.631 [main] DEBUG org.apache.http.wire -  >> "{"password":"adit123","email":"adit@gmail.com"}"
10:06:58.650 [main] DEBUG org.apache.http.wire -  << "HTTP/1.1 200 OK[\r][\n]"
10:06:58.651 [main] DEBUG org.apache.http.wire -  << "content-type: application/json[\r][\n]"
10:06:58.651 [main] DEBUG org.apache.http.wire -  << "date: Sun, 07 May 2023 03:06:58 GMT[\r][\n]"
10:06:58.651 [main] DEBUG org.apache.http.wire -  << "content-encoding: gzip[\r][\n]"
10:06:58.651 [main] DEBUG org.apache.http.wire -  << "transfer-encoding: chunked[\r][\n]"
10:06:58.651 [main] DEBUG org.apache.http.wire -  << "server: Fly/3f2597ca (2023-05-03)[\r][\n]"
10:06:58.651 [main] DEBUG org.apache.http.wire -  << "via: 1.1 fly.io[\r][\n]"
10:06:58.651 [main] DEBUG org.apache.http.wire -  << "fly-request-id: 01GZT2TFB4WJS8JXGE6A6YJ76P-sin[\r][\n]"
10:06:58.651 [main] DEBUG org.apache.http.wire -  << "[\r][\n]"
10:06:58.651 [main] DEBUG org.apache.http.impl.conn.DefaultClientConnection - Receiving response: HTTP/1.1 200 OK
10:06:58.651 [main] DEBUG org.apache.http.headers - << HTTP/1.1 200 OK
10:06:58.651 [main] DEBUG org.apache.http.headers - << content-type: application/json
10:06:58.651 [main] DEBUG org.apache.http.headers - << date: Sun, 07 May 2023 03:06:58 GMT
10:06:58.651 [main] DEBUG org.apache.http.headers - << content-encoding: gzip
10:06:58.651 [main] DEBUG org.apache.http.headers - << transfer-encoding: chunked
10:06:58.651 [main] DEBUG org.apache.http.headers - << server: Fly/3f2597ca (2023-05-03)
10:06:58.651 [main] DEBUG org.apache.http.headers - << via: 1.1 fly.io
10:06:58.651 [main] DEBUG org.apache.http.headers - << fly-request-id: 01GZT2TFB4WJS8JXGE6A6YJ76P-sin
10:06:58.651 [main] DEBUG org.apache.http.impl.client.DefaultHttpClient - Connection can be kept alive indefinitely
10:06:58.651 [main] DEBUG io.restassured.internal.RestAssuredHttpBuilder - Parsing response as: application/json
10:06:58.651 [main] DEBUG org.apache.http.wire -  << "B5[\r][\n]"
10:06:58.651 [main] DEBUG org.apache.http.wire -  << "[0x1f][0x8b][0x8][0x0][0x0][0x0][0x0][0x0][0x4][0xff][0xab]VJI,IT[0xb2]RJ[0xad][0xf4][0xca]HrO[0xce][0xf4][0xcf][0xf4][0xf2][0xc][0xad][0xf2]4[0xf4][0xcb][0xf4],[0xf6][0xcc][0xb]2Mv[0xf6]4[0xf3][0xcc].[0x88][0x8]s[0xf6][0xb2][0xd4]K[0xad][0xf4]rO[0x9][0xaf](N[0xca]u+[0x89][\n]"
10:06:58.651 [main] DEBUG org.apache.http.wire -  << "[0x6]I[0xb8]e'F[0x4][0x99]F[0x6];[0xf9][0xa7][0x84][0xa7]TF[0x86]gdxf[0x96]g[0x6][0x85][0x1b]f$[0x86][0x97][0x83][0xc][0xcb][0x88]r[0xcf]1[0x8]tO)[0x89][0xc][0xcf])[0xf6][0xc9][0xf5]+K[\n]"
10:06:58.651 [main] DEBUG org.apache.http.wire -  << "[0xf6][0xb2][0xd4][0xb][0xf3]5[0xca]q[0xc][0xca][0xce][0xcd][0xcd][0xc9],5,[0x8]/[0xc9]6,[0xcd]H[0xb2][0xa8]2MsOt[0xcd])[0xf3]0[0xcc][0xf2][0xcc][0x8f][0xf4]57[\n]"
10:06:58.651 [main] DEBUG org.apache.http.wire -  << "I5NW[0xaa][0xe5][0x2][0x0]:[0xa7]R[0xe5][0xa5][0x0][0x0][0x0]"
10:06:58.651 [main] DEBUG org.apache.http.wire -  << "[\r][\n]"
10:06:58.652 [main] DEBUG org.apache.http.wire -  << "0[\r][\n]"
10:06:58.652 [main] DEBUG org.apache.http.wire -  << "[\r][\n]"
10:06:58.652 [main] DEBUG io.restassured.internal.RestAssuredHttpBuilder - Parsed data to instance of: class org.apache.http.conn.EofSensorInputStream
10:06:58.653 [main] DEBUG org.apache.http.impl.conn.BasicClientConnectionManager - Releasing connection org.apache.http.impl.conn.ManagedClientConnectionImpl@24b38e8f
10:06:58.653 [main] DEBUG org.apache.http.impl.conn.BasicClientConnectionManager - Connection can be kept alive indefinitely
10:06:58.653 [main] DEBUG net.thucydides.core.steps.StepInterceptor - STEP DONE: I send POST HTTP request login
  &amp#27;[32mWhen &amp#27;[0m&amp#27;[32mI send POST HTTP request login&amp#27;[0m               &amp#27;[90m# starter.stepdefinitions.LoginSteps.sendPostHttpRequestLogin()&amp#27;[0m
10:06:58.656 [main] DEBUG net.thucydides.core.steps.StepInterceptor - STARTING STEP: LoginSteps.receiveValidHttp200Login - I receive valid HTTP response code 200 login
10:06:58.657 [main] DEBUG net.thucydides.core.steps.StepInterceptor - STEP DONE: I receive valid HTTP response code 200 login
  &amp#27;[32mThen &amp#27;[0m&amp#27;[32mI receive valid HTTP response code 200 login&amp#27;[0m &amp#27;[90m# starter.stepdefinitions.LoginSteps.receiveValidHttp200Login()&amp#27;[0m
10:06:58.658 [main] INFO  - 
  _____   ___   ___   _____     ___     _     ___   ___   ___   ___  
 |_   _| | __| / __| |_   _|   | _ \   /_\   / __| / __| | __| |   \ 
   | |   | _|  \__ \   | |     |  _/  / _ \  \__ \ \__ \ | _|  | |) |
   |_|   |___| |___/   |_|     |_|   /_/ \_\ |___/ |___/ |___| |___/ 

POST - Login with valid credential
----------------------------------------------------------------------
]]></system-out>
  </testcase>
  <testcase name="POST - Login wrong password" classname="Login" time="0.12">
    <system-out><![CDATA[
Scenario: POST - Login wrong password               &amp#27;[90m# src/test/resources/features/2. Login.feature:12&amp#27;[0m
10:06:58.666 [main] DEBUG io.cucumber.core.plugin.SerenityReporter - Running feature from file:///E:/APIMinpro/API/minpro/src/test/resources/features/2.%20Login.feature
10:06:58.668 [main] INFO  - 
  _____   ___   ___   _____     ___   _____     _     ___   _____   ___   ___  
 |_   _| | __| / __| |_   _|   / __| |_   _|   /_\   | _ \ |_   _| | __| |   \ 
   | |   | _|  \__ \   | |     \__ \   | |    / _ \  |   /   | |   | _|  | |) |
   |_|   |___| |___/   |_|     |___/   |_|   /_/ \_\ |_|_\   |_|   |___| |___/ 

POST - Login wrong password(login;post---login-wrong-password)
--------------------------------------------------------------------------------
10:06:58.677 [main] DEBUG net.thucydides.core.steps.StepInterceptor - STARTING STEP: LoginSteps.setPostApiEndpointsLogin - I set POST api endpoints login
10:06:58.678 [main] DEBUG net.thucydides.core.steps.StepInterceptor - STEP DONE: I set POST api endpoints login
  &amp#27;[32mGiven &amp#27;[0m&amp#27;[32mI set POST api endpoints login&amp#27;[0m              &amp#27;[90m# starter.stepdefinitions.LoginSteps.setPostApiEndpointsLogin()&amp#27;[0m
10:06:58.682 [main] DEBUG net.thucydides.core.steps.StepInterceptor - STARTING STEP: LoginSteps.sendPostHttpRequestLogin1 - I send POST HTTP request login1
10:06:58.683 [main] DEBUG net.thucydides.core.steps.StepInterceptor - STARTING STEP: Login.sendPostHttpRequestLogin1 - I set POST api endpoints login
10:06:58.683 [main] DEBUG net.thucydides.core.steps.StepInterceptor - STEP DONE: I set POST api endpoints login
10:06:58.697 [main] DEBUG org.apache.http.impl.conn.BasicClientConnectionManager - Get connection for route {s}->https://altashop-api.fly.dev:443
10:06:58.697 [main] DEBUG org.apache.http.impl.conn.DefaultClientConnectionOperator - Connecting to altashop-api.fly.dev:443
10:06:58.750 [main] DEBUG org.apache.http.client.protocol.RequestAddCookies - CookieSpec selected: ignoreCookies
10:06:58.750 [main] DEBUG org.apache.http.client.protocol.RequestAuthCache - Auth cache not set in the context
10:06:58.750 [main] DEBUG org.apache.http.client.protocol.RequestTargetAuthentication - Target auth state: UNCHALLENGED
10:06:58.750 [main] DEBUG org.apache.http.client.protocol.RequestProxyAuthentication - Proxy auth state: UNCHALLENGED
10:06:58.751 [main] DEBUG org.apache.http.impl.client.DefaultHttpClient - Attempt 1 to execute request
10:06:58.751 [main] DEBUG org.apache.http.impl.conn.DefaultClientConnection - Sending request: POST /api/auth/login HTTP/1.1
10:06:58.751 [main] DEBUG org.apache.http.wire -  >> "POST /api/auth/login HTTP/1.1[\r][\n]"
10:06:58.751 [main] DEBUG org.apache.http.wire -  >> "Accept: */*[\r][\n]"
10:06:58.751 [main] DEBUG org.apache.http.wire -  >> "Content-Type: application/json[\r][\n]"
10:06:58.751 [main] DEBUG org.apache.http.wire -  >> "Content-Length: 45[\r][\n]"
10:06:58.751 [main] DEBUG org.apache.http.wire -  >> "Host: altashop-api.fly.dev[\r][\n]"
10:06:58.751 [main] DEBUG org.apache.http.wire -  >> "Connection: Keep-Alive[\r][\n]"
10:06:58.751 [main] DEBUG org.apache.http.wire -  >> "User-Agent: Apache-HttpClient/4.5.13 (Java/11.0.15.1)[\r][\n]"
10:06:58.751 [main] DEBUG org.apache.http.wire -  >> "Accept-Encoding: gzip,deflate[\r][\n]"
10:06:58.751 [main] DEBUG org.apache.http.wire -  >> "[\r][\n]"
10:06:58.751 [main] DEBUG org.apache.http.headers - >> POST /api/auth/login HTTP/1.1
10:06:58.751 [main] DEBUG org.apache.http.headers - >> Accept: */*
10:06:58.751 [main] DEBUG org.apache.http.headers - >> Content-Type: application/json
10:06:58.751 [main] DEBUG org.apache.http.headers - >> Content-Length: 45
10:06:58.751 [main] DEBUG org.apache.http.headers - >> Host: altashop-api.fly.dev
10:06:58.751 [main] DEBUG org.apache.http.headers - >> Connection: Keep-Alive
10:06:58.751 [main] DEBUG org.apache.http.headers - >> User-Agent: Apache-HttpClient/4.5.13 (Java/11.0.15.1)
10:06:58.751 [main] DEBUG org.apache.http.headers - >> Accept-Encoding: gzip,deflate
10:06:58.751 [main] DEBUG org.apache.http.wire -  >> "{"password":"adit1","email":"adit@gmail.com"}"
10:06:58.771 [main] DEBUG org.apache.http.wire -  << "HTTP/1.1 400 Bad Request[\r][\n]"
10:06:58.771 [main] DEBUG org.apache.http.wire -  << "content-type: application/json[\r][\n]"
10:06:58.772 [main] DEBUG org.apache.http.wire -  << "date: Sun, 07 May 2023 03:06:58 GMT[\r][\n]"
10:06:58.772 [main] DEBUG org.apache.http.wire -  << "content-encoding: gzip[\r][\n]"
10:06:58.772 [main] DEBUG org.apache.http.wire -  << "transfer-encoding: chunked[\r][\n]"
10:06:58.772 [main] DEBUG org.apache.http.wire -  << "server: Fly/3f2597ca (2023-05-03)[\r][\n]"
10:06:58.772 [main] DEBUG org.apache.http.wire -  << "via: 1.1 fly.io[\r][\n]"
10:06:58.772 [main] DEBUG org.apache.http.wire -  << "fly-request-id: 01GZT2TFEXAJBKZR19MN358QRS-sin[\r][\n]"
10:06:58.772 [main] DEBUG org.apache.http.wire -  << "[\r][\n]"
10:06:58.772 [main] DEBUG org.apache.http.impl.conn.DefaultClientConnection - Receiving response: HTTP/1.1 400 Bad Request
10:06:58.772 [main] DEBUG org.apache.http.headers - << HTTP/1.1 400 Bad Request
10:06:58.772 [main] DEBUG org.apache.http.headers - << content-type: application/json
10:06:58.772 [main] DEBUG org.apache.http.headers - << date: Sun, 07 May 2023 03:06:58 GMT
10:06:58.772 [main] DEBUG org.apache.http.headers - << content-encoding: gzip
10:06:58.772 [main] DEBUG org.apache.http.headers - << transfer-encoding: chunked
10:06:58.772 [main] DEBUG org.apache.http.headers - << server: Fly/3f2597ca (2023-05-03)
10:06:58.772 [main] DEBUG org.apache.http.headers - << via: 1.1 fly.io
10:06:58.772 [main] DEBUG org.apache.http.headers - << fly-request-id: 01GZT2TFEXAJBKZR19MN358QRS-sin
10:06:58.772 [main] DEBUG org.apache.http.impl.client.DefaultHttpClient - Connection can be kept alive indefinitely
10:06:58.772 [main] DEBUG io.restassured.internal.RestAssuredHttpBuilder - Parsing response as: application/json
10:06:58.772 [main] DEBUG org.apache.http.wire -  << "3D[\r][\n]"
10:06:58.772 [main] DEBUG org.apache.http.wire -  << "[0x1f][0x8b][0x8][0x0][0x0][0x0][0x0][0x0][0x4][0xff][0xab]VJ-*[0xca]/R[0xb2]RJ[0xcd]M[0xcc][0xcc]Q[0xc8]/R(H,..[0xcf]/JQ[0xc8],V[0xc8][0xcc]+K[0xcc][0xc9]LQ[0xaa][0xe5][0x2][0x0][0xc0][0xad][0xff][0xb])[0x0][0x0][0x0]"
10:06:58.772 [main] DEBUG org.apache.http.wire -  << "[\r][\n]"
10:06:58.772 [main] DEBUG org.apache.http.wire -  << "0[\r][\n]"
10:06:58.772 [main] DEBUG org.apache.http.wire -  << "[\r][\n]"
10:06:58.772 [main] DEBUG io.restassured.internal.RestAssuredHttpBuilder - Parsed data to instance of: class org.apache.http.conn.EofSensorInputStream
10:06:58.774 [main] DEBUG org.apache.http.impl.conn.BasicClientConnectionManager - Releasing connection org.apache.http.impl.conn.ManagedClientConnectionImpl@37fffef3
10:06:58.774 [main] DEBUG org.apache.http.impl.conn.BasicClientConnectionManager - Connection can be kept alive indefinitely
10:06:58.774 [main] DEBUG net.thucydides.core.steps.StepInterceptor - STEP DONE: I send POST HTTP request login1
  &amp#27;[32mWhen &amp#27;[0m&amp#27;[32mI send POST HTTP request login1&amp#27;[0m              &amp#27;[90m# starter.stepdefinitions.LoginSteps.sendPostHttpRequestLogin1()&amp#27;[0m
10:06:58.777 [main] DEBUG net.thucydides.core.steps.StepInterceptor - STARTING STEP: LoginSteps.receiveValidHttp400Login - I receive valid HTTP response code 400 login
10:06:58.778 [main] DEBUG net.thucydides.core.steps.StepInterceptor - STEP DONE: I receive valid HTTP response code 400 login
  &amp#27;[32mThen &amp#27;[0m&amp#27;[32mI receive valid HTTP response code 400 login&amp#27;[0m &amp#27;[90m# starter.stepdefinitions.LoginSteps.receiveValidHttp400Login()&amp#27;[0m
10:06:58.779 [main] INFO  - 
  _____   ___   ___   _____     ___     _     ___   ___   ___   ___  
 |_   _| | __| / __| |_   _|   | _ \   /_\   / __| / __| | __| |   \ 
   | |   | _|  \__ \   | |     |  _/  / _ \  \__ \ \__ \ | _|  | |) |
   |_|   |___| |___/   |_|     |_|   /_/ \_\ |___/ |___/ |___| |___/ 

POST - Login wrong password
----------------------------------------------------------------------
]]></system-out>
  </testcase>
  <testcase name="POST - Login with empty email" classname="Login" time="0.115">
    <system-out><![CDATA[
Scenario: POST - Login with empty email             &amp#27;[90m# src/test/resources/features/2. Login.feature:17&amp#27;[0m
10:06:58.786 [main] DEBUG io.cucumber.core.plugin.SerenityReporter - Running feature from file:///E:/APIMinpro/API/minpro/src/test/resources/features/2.%20Login.feature
10:06:58.788 [main] INFO  - 
  _____   ___   ___   _____     ___   _____     _     ___   _____   ___   ___  
 |_   _| | __| / __| |_   _|   / __| |_   _|   /_\   | _ \ |_   _| | __| |   \ 
   | |   | _|  \__ \   | |     \__ \   | |    / _ \  |   /   | |   | _|  | |) |
   |_|   |___| |___/   |_|     |___/   |_|   /_/ \_\ |_|_\   |_|   |___| |___/ 

POST - Login with empty email(login;post---login-with-empty-email)
--------------------------------------------------------------------------------
10:06:58.799 [main] DEBUG net.thucydides.core.steps.StepInterceptor - STARTING STEP: LoginSteps.setPostApiEndpointsLogin - I set POST api endpoints login
10:06:58.799 [main] DEBUG net.thucydides.core.steps.StepInterceptor - STEP DONE: I set POST api endpoints login
  &amp#27;[32mGiven &amp#27;[0m&amp#27;[32mI set POST api endpoints login&amp#27;[0m              &amp#27;[90m# starter.stepdefinitions.LoginSteps.setPostApiEndpointsLogin()&amp#27;[0m
10:06:58.803 [main] DEBUG net.thucydides.core.steps.StepInterceptor - STARTING STEP: LoginSteps.sendPostHttpRequestLogin2 - I send POST HTTP request login2
10:06:58.804 [main] DEBUG net.thucydides.core.steps.StepInterceptor - STARTING STEP: Login.sendPostHttpRequestLogin2 - I set POST api endpoints login
10:06:58.804 [main] DEBUG net.thucydides.core.steps.StepInterceptor - STEP DONE: I set POST api endpoints login
10:06:58.819 [main] DEBUG org.apache.http.impl.conn.BasicClientConnectionManager - Get connection for route {s}->https://altashop-api.fly.dev:443
10:06:58.819 [main] DEBUG org.apache.http.impl.conn.DefaultClientConnectionOperator - Connecting to altashop-api.fly.dev:443
10:06:58.864 [main] DEBUG org.apache.http.client.protocol.RequestAddCookies - CookieSpec selected: ignoreCookies
10:06:58.864 [main] DEBUG org.apache.http.client.protocol.RequestAuthCache - Auth cache not set in the context
10:06:58.864 [main] DEBUG org.apache.http.client.protocol.RequestTargetAuthentication - Target auth state: UNCHALLENGED
10:06:58.864 [main] DEBUG org.apache.http.client.protocol.RequestProxyAuthentication - Proxy auth state: UNCHALLENGED
10:06:58.864 [main] DEBUG org.apache.http.impl.client.DefaultHttpClient - Attempt 1 to execute request
10:06:58.864 [main] DEBUG org.apache.http.impl.conn.DefaultClientConnection - Sending request: POST /api/auth/login HTTP/1.1
10:06:58.864 [main] DEBUG org.apache.http.wire -  >> "POST /api/auth/login HTTP/1.1[\r][\n]"
10:06:58.864 [main] DEBUG org.apache.http.wire -  >> "Accept: */*[\r][\n]"
10:06:58.864 [main] DEBUG org.apache.http.wire -  >> "Content-Type: application/json[\r][\n]"
10:06:58.864 [main] DEBUG org.apache.http.wire -  >> "Content-Length: 34[\r][\n]"
10:06:58.864 [main] DEBUG org.apache.http.wire -  >> "Host: altashop-api.fly.dev[\r][\n]"
10:06:58.865 [main] DEBUG org.apache.http.wire -  >> "Connection: Keep-Alive[\r][\n]"
10:06:58.865 [main] DEBUG org.apache.http.wire -  >> "User-Agent: Apache-HttpClient/4.5.13 (Java/11.0.15.1)[\r][\n]"
10:06:58.865 [main] DEBUG org.apache.http.wire -  >> "Accept-Encoding: gzip,deflate[\r][\n]"
10:06:58.865 [main] DEBUG org.apache.http.wire -  >> "[\r][\n]"
10:06:58.865 [main] DEBUG org.apache.http.headers - >> POST /api/auth/login HTTP/1.1
10:06:58.865 [main] DEBUG org.apache.http.headers - >> Accept: */*
10:06:58.865 [main] DEBUG org.apache.http.headers - >> Content-Type: application/json
10:06:58.865 [main] DEBUG org.apache.http.headers - >> Content-Length: 34
10:06:58.865 [main] DEBUG org.apache.http.headers - >> Host: altashop-api.fly.dev
10:06:58.865 [main] DEBUG org.apache.http.headers - >> Connection: Keep-Alive
10:06:58.865 [main] DEBUG org.apache.http.headers - >> User-Agent: Apache-HttpClient/4.5.13 (Java/11.0.15.1)
10:06:58.865 [main] DEBUG org.apache.http.headers - >> Accept-Encoding: gzip,deflate
10:06:58.865 [main] DEBUG org.apache.http.wire -  >> "{"password":"adit123","email":" "}"
10:06:58.887 [main] DEBUG org.apache.http.wire -  << "HTTP/1.1 400 Bad Request[\r][\n]"
10:06:58.887 [main] DEBUG org.apache.http.wire -  << "content-type: application/json[\r][\n]"
10:06:58.887 [main] DEBUG org.apache.http.wire -  << "date: Sun, 07 May 2023 03:06:58 GMT[\r][\n]"
10:06:58.887 [main] DEBUG org.apache.http.wire -  << "content-encoding: gzip[\r][\n]"
10:06:58.887 [main] DEBUG org.apache.http.wire -  << "transfer-encoding: chunked[\r][\n]"
10:06:58.887 [main] DEBUG org.apache.http.wire -  << "server: Fly/3f2597ca (2023-05-03)[\r][\n]"
10:06:58.887 [main] DEBUG org.apache.http.wire -  << "via: 1.1 fly.io[\r][\n]"
10:06:58.887 [main] DEBUG org.apache.http.wire -  << "fly-request-id: 01GZT2TFJDNM7YN1TCHXP8Y9KJ-sin[\r][\n]"
10:06:58.887 [main] DEBUG org.apache.http.wire -  << "[\r][\n]"
10:06:58.887 [main] DEBUG org.apache.http.impl.conn.DefaultClientConnection - Receiving response: HTTP/1.1 400 Bad Request
10:06:58.887 [main] DEBUG org.apache.http.headers - << HTTP/1.1 400 Bad Request
10:06:58.887 [main] DEBUG org.apache.http.headers - << content-type: application/json
10:06:58.887 [main] DEBUG org.apache.http.headers - << date: Sun, 07 May 2023 03:06:58 GMT
10:06:58.887 [main] DEBUG org.apache.http.headers - << content-encoding: gzip
10:06:58.887 [main] DEBUG org.apache.http.headers - << transfer-encoding: chunked
10:06:58.887 [main] DEBUG org.apache.http.headers - << server: Fly/3f2597ca (2023-05-03)
10:06:58.887 [main] DEBUG org.apache.http.headers - << via: 1.1 fly.io
10:06:58.887 [main] DEBUG org.apache.http.headers - << fly-request-id: 01GZT2TFJDNM7YN1TCHXP8Y9KJ-sin
10:06:58.888 [main] DEBUG org.apache.http.impl.client.DefaultHttpClient - Connection can be kept alive indefinitely
10:06:58.888 [main] DEBUG io.restassured.internal.RestAssuredHttpBuilder - Parsing response as: application/json
10:06:58.888 [main] DEBUG org.apache.http.wire -  << "3D[\r][\n]"
10:06:58.888 [main] DEBUG org.apache.http.wire -  << "[0x1f][0x8b][0x8][0x0][0x0][0x0][0x0][0x0][0x4][0xff][0xab]VJ-*[0xca]/R[0xb2]RJ[0xcd]M[0xcc][0xcc]Q[0xc8]/R(H,..[0xcf]/JQ[0xc8],V[0xc8][0xcc]+K[0xcc][0xc9]LQ[0xaa][0xe5][0x2][0x0][0xc0][0xad][0xff][0xb])[0x0][0x0][0x0]"
10:06:58.888 [main] DEBUG org.apache.http.wire -  << "[\r][\n]"
10:06:58.888 [main] DEBUG org.apache.http.wire -  << "0[\r][\n]"
10:06:58.888 [main] DEBUG org.apache.http.wire -  << "[\r][\n]"
10:06:58.888 [main] DEBUG io.restassured.internal.RestAssuredHttpBuilder - Parsed data to instance of: class org.apache.http.conn.EofSensorInputStream
10:06:58.889 [main] DEBUG org.apache.http.impl.conn.BasicClientConnectionManager - Releasing connection org.apache.http.impl.conn.ManagedClientConnectionImpl@5059d398
10:06:58.890 [main] DEBUG org.apache.http.impl.conn.BasicClientConnectionManager - Connection can be kept alive indefinitely
10:06:58.890 [main] DEBUG net.thucydides.core.steps.StepInterceptor - STEP DONE: I send POST HTTP request login2
  &amp#27;[32mWhen &amp#27;[0m&amp#27;[32mI send POST HTTP request login2&amp#27;[0m              &amp#27;[90m# starter.stepdefinitions.LoginSteps.sendPostHttpRequestLogin2()&amp#27;[0m
10:06:58.892 [main] DEBUG net.thucydides.core.steps.StepInterceptor - STARTING STEP: LoginSteps.receiveValidHttp400Login - I receive valid HTTP response code 400 login
10:06:58.894 [main] DEBUG net.thucydides.core.steps.StepInterceptor - STEP DONE: I receive valid HTTP response code 400 login
  &amp#27;[32mThen &amp#27;[0m&amp#27;[32mI receive valid HTTP response code 400 login&amp#27;[0m &amp#27;[90m# starter.stepdefinitions.LoginSteps.receiveValidHttp400Login()&amp#27;[0m
10:06:58.895 [main] INFO  - 
  _____   ___   ___   _____     ___     _     ___   ___   ___   ___  
 |_   _| | __| / __| |_   _|   | _ \   /_\   / __| / __| | __| |   \ 
   | |   | _|  \__ \   | |     |  _/  / _ \  \__ \ \__ \ | _|  | |) |
   |_|   |___| |___/   |_|     |_|   /_/ \_\ |___/ |___/ |___| |___/ 

POST - Login with empty email
----------------------------------------------------------------------
]]></system-out>
  </testcase>
  <testcase name="POST - Login with empty password" classname="Login" time="0.124">
    <system-out><![CDATA[
Scenario: POST - Login with empty password          &amp#27;[90m# src/test/resources/features/2. Login.feature:22&amp#27;[0m
10:06:58.901 [main] DEBUG io.cucumber.core.plugin.SerenityReporter - Running feature from file:///E:/APIMinpro/API/minpro/src/test/resources/features/2.%20Login.feature
10:06:58.903 [main] INFO  - 
  _____   ___   ___   _____     ___   _____     _     ___   _____   ___   ___  
 |_   _| | __| / __| |_   _|   / __| |_   _|   /_\   | _ \ |_   _| | __| |   \ 
   | |   | _|  \__ \   | |     \__ \   | |    / _ \  |   /   | |   | _|  | |) |
   |_|   |___| |___/   |_|     |___/   |_|   /_/ \_\ |_|_\   |_|   |___| |___/ 

POST - Login with empty password(login;post---login-with-empty-password)
--------------------------------------------------------------------------------
10:06:58.911 [main] DEBUG net.thucydides.core.steps.StepInterceptor - STARTING STEP: LoginSteps.setPostApiEndpointsLogin - I set POST api endpoints login
10:06:58.911 [main] DEBUG net.thucydides.core.steps.StepInterceptor - STEP DONE: I set POST api endpoints login
  &amp#27;[32mGiven &amp#27;[0m&amp#27;[32mI set POST api endpoints login&amp#27;[0m              &amp#27;[90m# starter.stepdefinitions.LoginSteps.setPostApiEndpointsLogin()&amp#27;[0m
10:06:58.913 [main] DEBUG net.thucydides.core.steps.StepInterceptor - STARTING STEP: LoginSteps.sendPostHttpRequestLogin3 - I send POST HTTP request login3
10:06:58.915 [main] DEBUG net.thucydides.core.steps.StepInterceptor - STARTING STEP: Login.sendPostHttpRequestLogin3 - I set POST api endpoints login
10:06:58.915 [main] DEBUG net.thucydides.core.steps.StepInterceptor - STEP DONE: I set POST api endpoints login
10:06:58.925 [main] DEBUG org.apache.http.impl.conn.BasicClientConnectionManager - Get connection for route {s}->https://altashop-api.fly.dev:443
10:06:58.925 [main] DEBUG org.apache.http.impl.conn.DefaultClientConnectionOperator - Connecting to altashop-api.fly.dev:443
10:06:58.991 [main] DEBUG org.apache.http.client.protocol.RequestAddCookies - CookieSpec selected: ignoreCookies
10:06:58.991 [main] DEBUG org.apache.http.client.protocol.RequestAuthCache - Auth cache not set in the context
10:06:58.991 [main] DEBUG org.apache.http.client.protocol.RequestTargetAuthentication - Target auth state: UNCHALLENGED
10:06:58.991 [main] DEBUG org.apache.http.client.protocol.RequestProxyAuthentication - Proxy auth state: UNCHALLENGED
10:06:58.991 [main] DEBUG org.apache.http.impl.client.DefaultHttpClient - Attempt 1 to execute request
10:06:58.991 [main] DEBUG org.apache.http.impl.conn.DefaultClientConnection - Sending request: POST /api/auth/login HTTP/1.1
10:06:58.992 [main] DEBUG org.apache.http.wire -  >> "POST /api/auth/login HTTP/1.1[\r][\n]"
10:06:58.992 [main] DEBUG org.apache.http.wire -  >> "Accept: */*[\r][\n]"
10:06:58.992 [main] DEBUG org.apache.http.wire -  >> "Content-Type: application/json[\r][\n]"
10:06:58.992 [main] DEBUG org.apache.http.wire -  >> "Content-Length: 43[\r][\n]"
10:06:58.992 [main] DEBUG org.apache.http.wire -  >> "Host: altashop-api.fly.dev[\r][\n]"
10:06:58.992 [main] DEBUG org.apache.http.wire -  >> "Connection: Keep-Alive[\r][\n]"
10:06:58.992 [main] DEBUG org.apache.http.wire -  >> "User-Agent: Apache-HttpClient/4.5.13 (Java/11.0.15.1)[\r][\n]"
10:06:58.992 [main] DEBUG org.apache.http.wire -  >> "Accept-Encoding: gzip,deflate[\r][\n]"
10:06:58.992 [main] DEBUG org.apache.http.wire -  >> "[\r][\n]"
10:06:58.992 [main] DEBUG org.apache.http.headers - >> POST /api/auth/login HTTP/1.1
10:06:58.992 [main] DEBUG org.apache.http.headers - >> Accept: */*
10:06:58.992 [main] DEBUG org.apache.http.headers - >> Content-Type: application/json
10:06:58.992 [main] DEBUG org.apache.http.headers - >> Content-Length: 43
10:06:58.992 [main] DEBUG org.apache.http.headers - >> Host: altashop-api.fly.dev
10:06:58.992 [main] DEBUG org.apache.http.headers - >> Connection: Keep-Alive
10:06:58.992 [main] DEBUG org.apache.http.headers - >> User-Agent: Apache-HttpClient/4.5.13 (Java/11.0.15.1)
10:06:58.992 [main] DEBUG org.apache.http.headers - >> Accept-Encoding: gzip,deflate
10:06:58.992 [main] DEBUG org.apache.http.wire -  >> "{"password":" ","email":"someone@mail.com"}"
10:06:59.012 [main] DEBUG org.apache.http.wire -  << "HTTP/1.1 400 Bad Request[\r][\n]"
10:06:59.012 [main] DEBUG org.apache.http.wire -  << "content-type: application/json[\r][\n]"
10:06:59.012 [main] DEBUG org.apache.http.wire -  << "date: Sun, 07 May 2023 03:06:58 GMT[\r][\n]"
10:06:59.012 [main] DEBUG org.apache.http.wire -  << "content-encoding: gzip[\r][\n]"
10:06:59.012 [main] DEBUG org.apache.http.wire -  << "transfer-encoding: chunked[\r][\n]"
10:06:59.012 [main] DEBUG org.apache.http.wire -  << "server: Fly/3f2597ca (2023-05-03)[\r][\n]"
10:06:59.012 [main] DEBUG org.apache.http.wire -  << "via: 1.1 fly.io[\r][\n]"
10:06:59.012 [main] DEBUG org.apache.http.wire -  << "fly-request-id: 01GZT2TFPCSG0JWPP4QETPR1N4-sin[\r][\n]"
10:06:59.012 [main] DEBUG org.apache.http.wire -  << "[\r][\n]"
10:06:59.012 [main] DEBUG org.apache.http.impl.conn.DefaultClientConnection - Receiving response: HTTP/1.1 400 Bad Request
10:06:59.012 [main] DEBUG org.apache.http.headers - << HTTP/1.1 400 Bad Request
10:06:59.012 [main] DEBUG org.apache.http.headers - << content-type: application/json
10:06:59.012 [main] DEBUG org.apache.http.headers - << date: Sun, 07 May 2023 03:06:58 GMT
10:06:59.012 [main] DEBUG org.apache.http.headers - << content-encoding: gzip
10:06:59.012 [main] DEBUG org.apache.http.headers - << transfer-encoding: chunked
10:06:59.012 [main] DEBUG org.apache.http.headers - << server: Fly/3f2597ca (2023-05-03)
10:06:59.012 [main] DEBUG org.apache.http.headers - << via: 1.1 fly.io
10:06:59.012 [main] DEBUG org.apache.http.headers - << fly-request-id: 01GZT2TFPCSG0JWPP4QETPR1N4-sin
10:06:59.013 [main] DEBUG org.apache.http.impl.client.DefaultHttpClient - Connection can be kept alive indefinitely
10:06:59.013 [main] DEBUG io.restassured.internal.RestAssuredHttpBuilder - Parsing response as: application/json
10:06:59.013 [main] DEBUG org.apache.http.wire -  << "3D[\r][\n]"
10:06:59.013 [main] DEBUG org.apache.http.wire -  << "[0x1f][0x8b][0x8][0x0][0x0][0x0][0x0][0x0][0x4][0xff][0xab]VJ-*[0xca]/R[0xb2]RJ[0xcd]M[0xcc][0xcc]Q[0xc8]/R(H,..[0xcf]/JQ[0xc8],V[0xc8][0xcc]+K[0xcc][0xc9]LQ[0xaa][0xe5][0x2][0x0][0xc0][0xad][0xff][0xb])[0x0][0x0][0x0]"
10:06:59.013 [main] DEBUG org.apache.http.wire -  << "[\r][\n]"
10:06:59.013 [main] DEBUG org.apache.http.wire -  << "0[\r][\n]"
10:06:59.013 [main] DEBUG org.apache.http.wire -  << "[\r][\n]"
10:06:59.013 [main] DEBUG io.restassured.internal.RestAssuredHttpBuilder - Parsed data to instance of: class org.apache.http.conn.EofSensorInputStream
10:06:59.014 [main] DEBUG org.apache.http.impl.conn.BasicClientConnectionManager - Releasing connection org.apache.http.impl.conn.ManagedClientConnectionImpl@7744195
10:06:59.014 [main] DEBUG org.apache.http.impl.conn.BasicClientConnectionManager - Connection can be kept alive indefinitely
10:06:59.015 [main] DEBUG net.thucydides.core.steps.StepInterceptor - STEP DONE: I send POST HTTP request login3
  &amp#27;[32mWhen &amp#27;[0m&amp#27;[32mI send POST HTTP request login3&amp#27;[0m              &amp#27;[90m# starter.stepdefinitions.LoginSteps.sendPostHttpRequestLogin3()&amp#27;[0m
10:06:59.018 [main] DEBUG net.thucydides.core.steps.StepInterceptor - STARTING STEP: LoginSteps.receiveValidHttp400Login - I receive valid HTTP response code 400 login
10:06:59.019 [main] DEBUG net.thucydides.core.steps.StepInterceptor - STEP DONE: I receive valid HTTP response code 400 login
  &amp#27;[32mThen &amp#27;[0m&amp#27;[32mI receive valid HTTP response code 400 login&amp#27;[0m &amp#27;[90m# starter.stepdefinitions.LoginSteps.receiveValidHttp400Login()&amp#27;[0m
10:06:59.021 [main] INFO  - 
  _____   ___   ___   _____     ___     _     ___   ___   ___   ___  
 |_   _| | __| / __| |_   _|   | _ \   /_\   / __| / __| | __| |   \ 
   | |   | _|  \__ \   | |     |  _/  / _ \  \__ \ \__ \ | _|  | |) |
   |_|   |___| |___/   |_|     |_|   /_/ \_\ |___/ |___/ |___| |___/ 

POST - Login with empty password
----------------------------------------------------------------------
]]></system-out>
  </testcase>
  <testcase name="POST - Login without payload" classname="Login" time="0.107">
    <system-out><![CDATA[
Scenario: POST - Login without payload              &amp#27;[90m# src/test/resources/features/2. Login.feature:27&amp#27;[0m
10:06:59.026 [main] DEBUG io.cucumber.core.plugin.SerenityReporter - Running feature from file:///E:/APIMinpro/API/minpro/src/test/resources/features/2.%20Login.feature
10:06:59.028 [main] INFO  - 
  _____   ___   ___   _____     ___   _____     _     ___   _____   ___   ___  
 |_   _| | __| / __| |_   _|   / __| |_   _|   /_\   | _ \ |_   _| | __| |   \ 
   | |   | _|  \__ \   | |     \__ \   | |    / _ \  |   /   | |   | _|  | |) |
   |_|   |___| |___/   |_|     |___/   |_|   /_/ \_\ |_|_\   |_|   |___| |___/ 

POST - Login without payload(login;post---login-without-payload)
--------------------------------------------------------------------------------
10:06:59.035 [main] DEBUG net.thucydides.core.steps.StepInterceptor - STARTING STEP: LoginSteps.setPostApiEndpointsLogin - I set POST api endpoints login
10:06:59.035 [main] DEBUG net.thucydides.core.steps.StepInterceptor - STEP DONE: I set POST api endpoints login
  &amp#27;[32mGiven &amp#27;[0m&amp#27;[32mI set POST api endpoints login&amp#27;[0m              &amp#27;[90m# starter.stepdefinitions.LoginSteps.setPostApiEndpointsLogin()&amp#27;[0m
10:06:59.037 [main] DEBUG net.thucydides.core.steps.StepInterceptor - STARTING STEP: LoginSteps.sendPostHttpRequestLogin4 - I send POST HTTP request login4
10:06:59.038 [main] DEBUG net.thucydides.core.steps.StepInterceptor - STARTING STEP: Login.sendPostHttpRequestLogin4 - I set POST api endpoints login
10:06:59.038 [main] DEBUG net.thucydides.core.steps.StepInterceptor - STEP DONE: I set POST api endpoints login
10:06:59.048 [main] DEBUG org.apache.http.impl.conn.BasicClientConnectionManager - Get connection for route {s}->https://altashop-api.fly.dev:443
10:06:59.049 [main] DEBUG org.apache.http.impl.conn.DefaultClientConnectionOperator - Connecting to altashop-api.fly.dev:443
10:06:59.100 [main] DEBUG org.apache.http.client.protocol.RequestAddCookies - CookieSpec selected: ignoreCookies
10:06:59.100 [main] DEBUG org.apache.http.client.protocol.RequestAuthCache - Auth cache not set in the context
10:06:59.100 [main] DEBUG org.apache.http.client.protocol.RequestTargetAuthentication - Target auth state: UNCHALLENGED
10:06:59.100 [main] DEBUG org.apache.http.client.protocol.RequestProxyAuthentication - Proxy auth state: UNCHALLENGED
10:06:59.100 [main] DEBUG org.apache.http.impl.client.DefaultHttpClient - Attempt 1 to execute request
10:06:59.101 [main] DEBUG org.apache.http.impl.conn.DefaultClientConnection - Sending request: POST /api/auth/login HTTP/1.1
10:06:59.101 [main] DEBUG org.apache.http.wire -  >> "POST /api/auth/login HTTP/1.1[\r][\n]"
10:06:59.101 [main] DEBUG org.apache.http.wire -  >> "Accept: */*[\r][\n]"
10:06:59.101 [main] DEBUG org.apache.http.wire -  >> "Content-Type: application/json[\r][\n]"
10:06:59.101 [main] DEBUG org.apache.http.wire -  >> "Content-Length: 9[\r][\n]"
10:06:59.101 [main] DEBUG org.apache.http.wire -  >> "Host: altashop-api.fly.dev[\r][\n]"
10:06:59.101 [main] DEBUG org.apache.http.wire -  >> "Connection: Keep-Alive[\r][\n]"
10:06:59.101 [main] DEBUG org.apache.http.wire -  >> "User-Agent: Apache-HttpClient/4.5.13 (Java/11.0.15.1)[\r][\n]"
10:06:59.101 [main] DEBUG org.apache.http.wire -  >> "Accept-Encoding: gzip,deflate[\r][\n]"
10:06:59.101 [main] DEBUG org.apache.http.wire -  >> "[\r][\n]"
10:06:59.101 [main] DEBUG org.apache.http.headers - >> POST /api/auth/login HTTP/1.1
10:06:59.101 [main] DEBUG org.apache.http.headers - >> Accept: */*
10:06:59.101 [main] DEBUG org.apache.http.headers - >> Content-Type: application/json
10:06:59.101 [main] DEBUG org.apache.http.headers - >> Content-Length: 9
10:06:59.101 [main] DEBUG org.apache.http.headers - >> Host: altashop-api.fly.dev
10:06:59.101 [main] DEBUG org.apache.http.headers - >> Connection: Keep-Alive
10:06:59.101 [main] DEBUG org.apache.http.headers - >> User-Agent: Apache-HttpClient/4.5.13 (Java/11.0.15.1)
10:06:59.101 [main] DEBUG org.apache.http.headers - >> Accept-Encoding: gzip,deflate
10:06:59.101 [main] DEBUG org.apache.http.wire -  >> "{" ":" "}"
10:06:59.120 [main] DEBUG org.apache.http.wire -  << "HTTP/1.1 400 Bad Request[\r][\n]"
10:06:59.120 [main] DEBUG org.apache.http.wire -  << "content-type: application/json[\r][\n]"
10:06:59.120 [main] DEBUG org.apache.http.wire -  << "date: Sun, 07 May 2023 03:06:58 GMT[\r][\n]"
10:06:59.120 [main] DEBUG org.apache.http.wire -  << "content-encoding: gzip[\r][\n]"
10:06:59.120 [main] DEBUG org.apache.http.wire -  << "transfer-encoding: chunked[\r][\n]"
10:06:59.120 [main] DEBUG org.apache.http.wire -  << "server: Fly/3f2597ca (2023-05-03)[\r][\n]"
10:06:59.120 [main] DEBUG org.apache.http.wire -  << "via: 1.1 fly.io[\r][\n]"
10:06:59.120 [main] DEBUG org.apache.http.wire -  << "fly-request-id: 01GZT2TFSV5C553A34AW3QTFB2-sin[\r][\n]"
10:06:59.120 [main] DEBUG org.apache.http.wire -  << "[\r][\n]"
10:06:59.120 [main] DEBUG org.apache.http.impl.conn.DefaultClientConnection - Receiving response: HTTP/1.1 400 Bad Request
10:06:59.120 [main] DEBUG org.apache.http.headers - << HTTP/1.1 400 Bad Request
10:06:59.120 [main] DEBUG org.apache.http.headers - << content-type: application/json
10:06:59.120 [main] DEBUG org.apache.http.headers - << date: Sun, 07 May 2023 03:06:58 GMT
10:06:59.120 [main] DEBUG org.apache.http.headers - << content-encoding: gzip
10:06:59.120 [main] DEBUG org.apache.http.headers - << transfer-encoding: chunked
10:06:59.120 [main] DEBUG org.apache.http.headers - << server: Fly/3f2597ca (2023-05-03)
10:06:59.120 [main] DEBUG org.apache.http.headers - << via: 1.1 fly.io
10:06:59.120 [main] DEBUG org.apache.http.headers - << fly-request-id: 01GZT2TFSV5C553A34AW3QTFB2-sin
10:06:59.120 [main] DEBUG org.apache.http.impl.client.DefaultHttpClient - Connection can be kept alive indefinitely
10:06:59.120 [main] DEBUG io.restassured.internal.RestAssuredHttpBuilder - Parsing response as: application/json
10:06:59.120 [main] DEBUG org.apache.http.wire -  << "32[\r][\n]"
10:06:59.121 [main] DEBUG org.apache.http.wire -  << "[0x1f][0x8b][0x8][0x0][0x0][0x0][0x0][0x0][0x4][0xff][0xab]VJ-*[0xca]/R[0xb2]RJ[0xcd]M[0xcc][0xcc]Q[0xc8],V(J-,[0xcd],JMQ[0xaa][0xe5][0x2][0x0]&[0xe3][0xaa]j[0x1e][0x0][0x0][0x0]"
10:06:59.121 [main] DEBUG org.apache.http.wire -  << "[\r][\n]"
10:06:59.121 [main] DEBUG org.apache.http.wire -  << "0[\r][\n]"
10:06:59.121 [main] DEBUG org.apache.http.wire -  << "[\r][\n]"
10:06:59.121 [main] DEBUG io.restassured.internal.RestAssuredHttpBuilder - Parsed data to instance of: class org.apache.http.conn.EofSensorInputStream
10:06:59.122 [main] DEBUG org.apache.http.impl.conn.BasicClientConnectionManager - Releasing connection org.apache.http.impl.conn.ManagedClientConnectionImpl@2a5efbb9
10:06:59.122 [main] DEBUG org.apache.http.impl.conn.BasicClientConnectionManager - Connection can be kept alive indefinitely
10:06:59.123 [main] DEBUG net.thucydides.core.steps.StepInterceptor - STEP DONE: I send POST HTTP request login4
  &amp#27;[32mWhen &amp#27;[0m&amp#27;[32mI send POST HTTP request login4&amp#27;[0m              &amp#27;[90m# starter.stepdefinitions.LoginSteps.sendPostHttpRequestLogin4()&amp#27;[0m
10:06:59.126 [main] DEBUG net.thucydides.core.steps.StepInterceptor - STARTING STEP: LoginSteps.receiveValidHttp400Login - I receive valid HTTP response code 400 login
10:06:59.126 [main] DEBUG net.thucydides.core.steps.StepInterceptor - STEP DONE: I receive valid HTTP response code 400 login
  &amp#27;[32mThen &amp#27;[0m&amp#27;[32mI receive valid HTTP response code 400 login&amp#27;[0m &amp#27;[90m# starter.stepdefinitions.LoginSteps.receiveValidHttp400Login()&amp#27;[0m
10:06:59.128 [main] INFO  - 
  _____   ___   ___   _____     ___     _     ___   ___   ___   ___  
 |_   _| | __| / __| |_   _|   | _ \   /_\   / __| / __| | __| |   \ 
   | |   | _|  \__ \   | |     |  _/  / _ \  \__ \ \__ \ | _|  | |) |
   |_|   |___| |___/   |_|     |_|   /_/ \_\ |___/ |___/ |___| |___/ 

POST - Login without payload
----------------------------------------------------------------------
]]></system-out>
  </testcase>
  <testcase name="POST - Login with empty body parameter" classname="Login" time="0.116">
    <system-out><![CDATA[
Scenario: POST - Login with empty body parameter    &amp#27;[90m# src/test/resources/features/2. Login.feature:32&amp#27;[0m
10:06:59.134 [main] DEBUG io.cucumber.core.plugin.SerenityReporter - Running feature from file:///E:/APIMinpro/API/minpro/src/test/resources/features/2.%20Login.feature
10:06:59.136 [main] INFO  - 
  _____   ___   ___   _____     ___   _____     _     ___   _____   ___   ___  
 |_   _| | __| / __| |_   _|   / __| |_   _|   /_\   | _ \ |_   _| | __| |   \ 
   | |   | _|  \__ \   | |     \__ \   | |    / _ \  |   /   | |   | _|  | |) |
   |_|   |___| |___/   |_|     |___/   |_|   /_/ \_\ |_|_\   |_|   |___| |___/ 

POST - Login with empty body parameter(login;post---login-with-empty-body-parameter)
--------------------------------------------------------------------------------
10:06:59.146 [main] DEBUG net.thucydides.core.steps.StepInterceptor - STARTING STEP: LoginSteps.setPostApiEndpointsLogin - I set POST api endpoints login
10:06:59.146 [main] DEBUG net.thucydides.core.steps.StepInterceptor - STEP DONE: I set POST api endpoints login
  &amp#27;[32mGiven &amp#27;[0m&amp#27;[32mI set POST api endpoints login&amp#27;[0m              &amp#27;[90m# starter.stepdefinitions.LoginSteps.setPostApiEndpointsLogin()&amp#27;[0m
10:06:59.149 [main] DEBUG net.thucydides.core.steps.StepInterceptor - STARTING STEP: LoginSteps.sendPostHttpRequestLogin5 - I send POST HTTP request login5
10:06:59.150 [main] DEBUG net.thucydides.core.steps.StepInterceptor - STARTING STEP: Login.sendPostHttpRequestLogin5 - I set POST api endpoints login
10:06:59.150 [main] DEBUG net.thucydides.core.steps.StepInterceptor - STEP DONE: I set POST api endpoints login
10:06:59.159 [main] DEBUG org.apache.http.impl.conn.BasicClientConnectionManager - Get connection for route {s}->https://altashop-api.fly.dev:443
10:06:59.159 [main] DEBUG org.apache.http.impl.conn.DefaultClientConnectionOperator - Connecting to altashop-api.fly.dev:443
10:06:59.218 [main] DEBUG org.apache.http.client.protocol.RequestAddCookies - CookieSpec selected: ignoreCookies
10:06:59.219 [main] DEBUG org.apache.http.client.protocol.RequestAuthCache - Auth cache not set in the context
10:06:59.219 [main] DEBUG org.apache.http.client.protocol.RequestTargetAuthentication - Target auth state: UNCHALLENGED
10:06:59.219 [main] DEBUG org.apache.http.client.protocol.RequestProxyAuthentication - Proxy auth state: UNCHALLENGED
10:06:59.219 [main] DEBUG org.apache.http.impl.client.DefaultHttpClient - Attempt 1 to execute request
10:06:59.219 [main] DEBUG org.apache.http.impl.conn.DefaultClientConnection - Sending request: POST /api/auth/login HTTP/1.1
10:06:59.219 [main] DEBUG org.apache.http.wire -  >> "POST /api/auth/login HTTP/1.1[\r][\n]"
10:06:59.219 [main] DEBUG org.apache.http.wire -  >> "Accept: */*[\r][\n]"
10:06:59.219 [main] DEBUG org.apache.http.wire -  >> "Content-Type: application/json[\r][\n]"
10:06:59.219 [main] DEBUG org.apache.http.wire -  >> "Content-Length: 28[\r][\n]"
10:06:59.219 [main] DEBUG org.apache.http.wire -  >> "Host: altashop-api.fly.dev[\r][\n]"
10:06:59.219 [main] DEBUG org.apache.http.wire -  >> "Connection: Keep-Alive[\r][\n]"
10:06:59.219 [main] DEBUG org.apache.http.wire -  >> "User-Agent: Apache-HttpClient/4.5.13 (Java/11.0.15.1)[\r][\n]"
10:06:59.219 [main] DEBUG org.apache.http.wire -  >> "Accept-Encoding: gzip,deflate[\r][\n]"
10:06:59.219 [main] DEBUG org.apache.http.wire -  >> "[\r][\n]"
10:06:59.219 [main] DEBUG org.apache.http.headers - >> POST /api/auth/login HTTP/1.1
10:06:59.219 [main] DEBUG org.apache.http.headers - >> Accept: */*
10:06:59.219 [main] DEBUG org.apache.http.headers - >> Content-Type: application/json
10:06:59.219 [main] DEBUG org.apache.http.headers - >> Content-Length: 28
10:06:59.219 [main] DEBUG org.apache.http.headers - >> Host: altashop-api.fly.dev
10:06:59.219 [main] DEBUG org.apache.http.headers - >> Connection: Keep-Alive
10:06:59.219 [main] DEBUG org.apache.http.headers - >> User-Agent: Apache-HttpClient/4.5.13 (Java/11.0.15.1)
10:06:59.219 [main] DEBUG org.apache.http.headers - >> Accept-Encoding: gzip,deflate
10:06:59.219 [main] DEBUG org.apache.http.wire -  >> "{"password":" ","email":" "}"
10:06:59.238 [main] DEBUG org.apache.http.wire -  << "HTTP/1.1 400 Bad Request[\r][\n]"
10:06:59.238 [main] DEBUG org.apache.http.wire -  << "content-type: application/json[\r][\n]"
10:06:59.238 [main] DEBUG org.apache.http.wire -  << "date: Sun, 07 May 2023 03:06:58 GMT[\r][\n]"
10:06:59.238 [main] DEBUG org.apache.http.wire -  << "content-encoding: gzip[\r][\n]"
10:06:59.238 [main] DEBUG org.apache.http.wire -  << "transfer-encoding: chunked[\r][\n]"
10:06:59.238 [main] DEBUG org.apache.http.wire -  << "server: Fly/3f2597ca (2023-05-03)[\r][\n]"
10:06:59.238 [main] DEBUG org.apache.http.wire -  << "via: 1.1 fly.io[\r][\n]"
10:06:59.238 [main] DEBUG org.apache.http.wire -  << "fly-request-id: 01GZT2TFXGRQZC7K8JKB65JBNZ-sin[\r][\n]"
10:06:59.238 [main] DEBUG org.apache.http.wire -  << "[\r][\n]"
10:06:59.238 [main] DEBUG org.apache.http.impl.conn.DefaultClientConnection - Receiving response: HTTP/1.1 400 Bad Request
10:06:59.238 [main] DEBUG org.apache.http.headers - << HTTP/1.1 400 Bad Request
10:06:59.238 [main] DEBUG org.apache.http.headers - << content-type: application/json
10:06:59.238 [main] DEBUG org.apache.http.headers - << date: Sun, 07 May 2023 03:06:58 GMT
10:06:59.238 [main] DEBUG org.apache.http.headers - << content-encoding: gzip
10:06:59.238 [main] DEBUG org.apache.http.headers - << transfer-encoding: chunked
10:06:59.238 [main] DEBUG org.apache.http.headers - << server: Fly/3f2597ca (2023-05-03)
10:06:59.238 [main] DEBUG org.apache.http.headers - << via: 1.1 fly.io
10:06:59.238 [main] DEBUG org.apache.http.headers - << fly-request-id: 01GZT2TFXGRQZC7K8JKB65JBNZ-sin
10:06:59.238 [main] DEBUG org.apache.http.impl.client.DefaultHttpClient - Connection can be kept alive indefinitely
10:06:59.239 [main] DEBUG io.restassured.internal.RestAssuredHttpBuilder - Parsing response as: application/json
10:06:59.239 [main] DEBUG org.apache.http.wire -  << "3D[\r][\n]"
10:06:59.239 [main] DEBUG org.apache.http.wire -  << "[0x1f][0x8b][0x8][0x0][0x0][0x0][0x0][0x0][0x4][0xff][0xab]VJ-*[0xca]/R[0xb2]RJ[0xcd]M[0xcc][0xcc]Q[0xc8]/R(H,..[0xcf]/JQ[0xc8],V[0xc8][0xcc]+K[0xcc][0xc9]LQ[0xaa][0xe5][0x2][0x0][0xc0][0xad][0xff][0xb])[0x0][0x0][0x0]"
10:06:59.239 [main] DEBUG org.apache.http.wire -  << "[\r][\n]"
10:06:59.239 [main] DEBUG org.apache.http.wire -  << "0[\r][\n]"
10:06:59.239 [main] DEBUG org.apache.http.wire -  << "[\r][\n]"
10:06:59.239 [main] DEBUG io.restassured.internal.RestAssuredHttpBuilder - Parsed data to instance of: class org.apache.http.conn.EofSensorInputStream
10:06:59.240 [main] DEBUG org.apache.http.impl.conn.BasicClientConnectionManager - Releasing connection org.apache.http.impl.conn.ManagedClientConnectionImpl@2d5c160e
10:06:59.240 [main] DEBUG org.apache.http.impl.conn.BasicClientConnectionManager - Connection can be kept alive indefinitely
10:06:59.240 [main] DEBUG net.thucydides.core.steps.StepInterceptor - STEP DONE: I send POST HTTP request login5
  &amp#27;[32mWhen &amp#27;[0m&amp#27;[32mI send POST HTTP request login5&amp#27;[0m              &amp#27;[90m# starter.stepdefinitions.LoginSteps.sendPostHttpRequestLogin5()&amp#27;[0m
10:06:59.243 [main] DEBUG net.thucydides.core.steps.StepInterceptor - STARTING STEP: LoginSteps.receiveValidHttp400Login - I receive valid HTTP response code 400 login
10:06:59.243 [main] DEBUG net.thucydides.core.steps.StepInterceptor - STEP DONE: I receive valid HTTP response code 400 login
  &amp#27;[32mThen &amp#27;[0m&amp#27;[32mI receive valid HTTP response code 400 login&amp#27;[0m &amp#27;[90m# starter.stepdefinitions.LoginSteps.receiveValidHttp400Login()&amp#27;[0m
10:06:59.244 [main] INFO  - 
  _____   ___   ___   _____     ___     _     ___   ___   ___   ___  
 |_   _| | __| / __| |_   _|   | _ \   /_\   / __| / __| | __| |   \ 
   | |   | _|  \__ \   | |     |  _/  / _ \  \__ \ \__ \ | _|  | |) |
   |_|   |___| |___/   |_|     |_|   /_/ \_\ |___/ |___/ |___| |___/ 

POST - Login with empty body parameter
----------------------------------------------------------------------
]]></system-out>
  </testcase>
  <testcase name="GET - Get user information" classname="User Information" time="0.109">
    <system-out><![CDATA[10:06:59.245 [main] DEBUG io.cucumber.core.plugin.SerenityReporter - Running feature from file:///E:/APIMinpro/API/minpro/src/test/resources/features/3.%20User.feature
10:06:59.247 [main] DEBUG net.thucydides.core.steps.StepEventBus - Test suite started for story net.thucydides.core.model.Story@11e807f1
10:06:59.248 [main] INFO  - Test Suite Started: User Information

Scenario: GET - Get user information               &amp#27;[90m# src/test/resources/features/3. User.feature:7&amp#27;[0m
10:06:59.252 [main] DEBUG io.cucumber.core.plugin.SerenityReporter - Running feature from file:///E:/APIMinpro/API/minpro/src/test/resources/features/3.%20User.feature
10:06:59.254 [main] INFO  - 
  _____   ___   ___   _____     ___   _____     _     ___   _____   ___   ___  
 |_   _| | __| / __| |_   _|   / __| |_   _|   /_\   | _ \ |_   _| | __| |   \ 
   | |   | _|  \__ \   | |     \__ \   | |    / _ \  |   /   | |   | _|  | |) |
   |_|   |___| |___/   |_|     |___/   |_|   /_/ \_\ |_|_\   |_|   |___| |___/ 

GET - Get user information(user-information;get---get-user-information)
--------------------------------------------------------------------------------
  &amp#27;[32mGiven &amp#27;[0m&amp#27;[32mI set GET api endpoints user&amp#27;[0m               &amp#27;[90m# starter.stepdefinitions.UserSteps.setGetApiEndpointsUser()&amp#27;[0m
10:06:59.283 [main] DEBUG org.apache.http.impl.conn.BasicClientConnectionManager - Get connection for route {s}->https://altashop-api.fly.dev:443
10:06:59.283 [main] DEBUG org.apache.http.impl.conn.DefaultClientConnectionOperator - Connecting to altashop-api.fly.dev:443
10:06:59.329 [main] DEBUG org.apache.http.client.protocol.RequestAddCookies - CookieSpec selected: ignoreCookies
10:06:59.329 [main] DEBUG org.apache.http.client.protocol.RequestAuthCache - Auth cache not set in the context
10:06:59.329 [main] DEBUG org.apache.http.client.protocol.RequestProxyAuthentication - Proxy auth state: UNCHALLENGED
10:06:59.329 [main] DEBUG org.apache.http.impl.client.DefaultHttpClient - Attempt 1 to execute request
10:06:59.329 [main] DEBUG org.apache.http.impl.conn.DefaultClientConnection - Sending request: GET /api/auth/info HTTP/1.1
10:06:59.329 [main] DEBUG org.apache.http.wire -  >> "GET /api/auth/info HTTP/1.1[\r][\n]"
10:06:59.329 [main] DEBUG org.apache.http.wire -  >> "Authorization: Bearer eyJhbGciOiJIUzI1NiIsInR5cCI6IkpXVCJ9.eyJGdWxsbmFtZSI6IkFkaXR5YSBOdWdyYWhhIiwiRW1haWwiOiJhZGl0QGdtYWlsLmNvbSJ9.VM2lARkmmliu1pWtk1uhb8z5fGaElvH1jIoYM72Te3g[\r][\n]"
10:06:59.329 [main] DEBUG org.apache.http.wire -  >> "Accept: */*[\r][\n]"
10:06:59.329 [main] DEBUG org.apache.http.wire -  >> "Host: altashop-api.fly.dev[\r][\n]"
10:06:59.329 [main] DEBUG org.apache.http.wire -  >> "Connection: Keep-Alive[\r][\n]"
10:06:59.329 [main] DEBUG org.apache.http.wire -  >> "User-Agent: Apache-HttpClient/4.5.13 (Java/11.0.15.1)[\r][\n]"
10:06:59.329 [main] DEBUG org.apache.http.wire -  >> "Accept-Encoding: gzip,deflate[\r][\n]"
10:06:59.329 [main] DEBUG org.apache.http.wire -  >> "[\r][\n]"
10:06:59.330 [main] DEBUG org.apache.http.headers - >> GET /api/auth/info HTTP/1.1
10:06:59.330 [main] DEBUG org.apache.http.headers - >> Authorization: Bearer eyJhbGciOiJIUzI1NiIsInR5cCI6IkpXVCJ9.eyJGdWxsbmFtZSI6IkFkaXR5YSBOdWdyYWhhIiwiRW1haWwiOiJhZGl0QGdtYWlsLmNvbSJ9.VM2lARkmmliu1pWtk1uhb8z5fGaElvH1jIoYM72Te3g
10:06:59.330 [main] DEBUG org.apache.http.headers - >> Accept: */*
10:06:59.330 [main] DEBUG org.apache.http.headers - >> Host: altashop-api.fly.dev
10:06:59.330 [main] DEBUG org.apache.http.headers - >> Connection: Keep-Alive
10:06:59.330 [main] DEBUG org.apache.http.headers - >> User-Agent: Apache-HttpClient/4.5.13 (Java/11.0.15.1)
10:06:59.330 [main] DEBUG org.apache.http.headers - >> Accept-Encoding: gzip,deflate
10:06:59.350 [main] DEBUG org.apache.http.wire -  << "HTTP/1.1 200 OK[\r][\n]"
10:06:59.350 [main] DEBUG org.apache.http.wire -  << "content-type: application/json[\r][\n]"
10:06:59.350 [main] DEBUG org.apache.http.wire -  << "date: Sun, 07 May 2023 03:06:58 GMT[\r][\n]"
10:06:59.351 [main] DEBUG org.apache.http.wire -  << "content-encoding: gzip[\r][\n]"
10:06:59.351 [main] DEBUG org.apache.http.wire -  << "transfer-encoding: chunked[\r][\n]"
10:06:59.351 [main] DEBUG org.apache.http.wire -  << "server: Fly/3f2597ca (2023-05-03)[\r][\n]"
10:06:59.351 [main] DEBUG org.apache.http.wire -  << "via: 1.1 fly.io[\r][\n]"
10:06:59.351 [main] DEBUG org.apache.http.wire -  << "fly-request-id: 01GZT2TG0ZSWF2QXTYA2P5HSPM-sin[\r][\n]"
10:06:59.351 [main] DEBUG org.apache.http.wire -  << "[\r][\n]"
10:06:59.351 [main] DEBUG org.apache.http.impl.conn.DefaultClientConnection - Receiving response: HTTP/1.1 200 OK
10:06:59.351 [main] DEBUG org.apache.http.headers - << HTTP/1.1 200 OK
10:06:59.351 [main] DEBUG org.apache.http.headers - << content-type: application/json
10:06:59.351 [main] DEBUG org.apache.http.headers - << date: Sun, 07 May 2023 03:06:58 GMT
10:06:59.351 [main] DEBUG org.apache.http.headers - << content-encoding: gzip
10:06:59.351 [main] DEBUG org.apache.http.headers - << transfer-encoding: chunked
10:06:59.351 [main] DEBUG org.apache.http.headers - << server: Fly/3f2597ca (2023-05-03)
10:06:59.351 [main] DEBUG org.apache.http.headers - << via: 1.1 fly.io
10:06:59.351 [main] DEBUG org.apache.http.headers - << fly-request-id: 01GZT2TG0ZSWF2QXTYA2P5HSPM-sin
10:06:59.351 [main] DEBUG org.apache.http.impl.client.DefaultHttpClient - Connection can be kept alive indefinitely
10:06:59.351 [main] DEBUG io.restassured.internal.RestAssuredHttpBuilder - Parsing response as: application/json
10:06:59.351 [main] DEBUG org.apache.http.wire -  << "6C[\r][\n]"
10:06:59.351 [main] DEBUG org.apache.http.wire -  << "[0x1f][0x8b][0x8][0x0][0x0][0x0][0x0][0x0][0x4][0xff][0xab]VJI,IT[0xb2][0xaa]V[0xf2]tQ[0xb2]2471[0xb2][0xd4]Qr+[0xcd][0xc9][0xc9]K[0xcc]MU[0xb2]RrL[0xc9],[0xa9]LT[0xf0]+M/J[0xcc]HT[0xd2]Qr[0xcd]M[0xcc][0xcc]Q[0xb2]RJL[0xc9],qH[0x7]q[0xf4][0x92][0xf3]s[0x95]t[0x94][0x2][0x12][0x8b][0x8b][0xcb][0xf3][0x8b]R[0xa0]r[0x86]F[0xc6]J[0xb5][0xb5]\[0x0][0xd4][0xca][0x1]_`[0x0][0x0][0x0]"
10:06:59.351 [main] DEBUG org.apache.http.wire -  << "[\r][\n]"
10:06:59.351 [main] DEBUG org.apache.http.wire -  << "0[\r][\n]"
10:06:59.351 [main] DEBUG org.apache.http.wire -  << "[\r][\n]"
10:06:59.351 [main] DEBUG io.restassured.internal.RestAssuredHttpBuilder - Parsed data to instance of: class org.apache.http.conn.EofSensorInputStream
10:06:59.352 [main] DEBUG org.apache.http.impl.conn.BasicClientConnectionManager - Releasing connection org.apache.http.impl.conn.ManagedClientConnectionImpl@6719f206
10:06:59.352 [main] DEBUG org.apache.http.impl.conn.BasicClientConnectionManager - Connection can be kept alive indefinitely
  &amp#27;[32mWhen &amp#27;[0m&amp#27;[32mI send GET HTTP request user&amp#27;[0m                &amp#27;[90m# starter.stepdefinitions.UserSteps.sentGetHttpRequestUser()&amp#27;[0m
  &amp#27;[32mThen &amp#27;[0m&amp#27;[32mI receive valid HTTP response code 200 user&amp#27;[0m &amp#27;[90m# starter.stepdefinitions.UserSteps.receiveValidHttp200User()&amp#27;[0m
10:06:59.356 [main] INFO  - 
  _____   ___   ___   _____     ___     _     ___   ___   ___   ___  
 |_   _| | __| / __| |_   _|   | _ \   /_\   / __| / __| | __| |   \ 
   | |   | _|  \__ \   | |     |  _/  / _ \  \__ \ \__ \ | _|  | |) |
   |_|   |___| |___/   |_|     |_|   /_/ \_\ |___/ |___/ |___| |___/ 

GET - Get user information
----------------------------------------------------------------------
]]></system-out>
  </testcase>
  <testcase name="GET - Get user information without token" classname="User Information" time="0.112">
    <system-out><![CDATA[
Scenario: GET - Get user information without token &amp#27;[90m# src/test/resources/features/3. User.feature:12&amp#27;[0m
10:06:59.362 [main] DEBUG io.cucumber.core.plugin.SerenityReporter - Running feature from file:///E:/APIMinpro/API/minpro/src/test/resources/features/3.%20User.feature
10:06:59.364 [main] INFO  - 
  _____   ___   ___   _____     ___   _____     _     ___   _____   ___   ___  
 |_   _| | __| / __| |_   _|   / __| |_   _|   /_\   | _ \ |_   _| | __| |   \ 
   | |   | _|  \__ \   | |     \__ \   | |    / _ \  |   /   | |   | _|  | |) |
   |_|   |___| |___/   |_|     |___/   |_|   /_/ \_\ |_|_\   |_|   |___| |___/ 

GET - Get user information without token(user-information;get---get-user-information-without-token)
--------------------------------------------------------------------------------
  &amp#27;[32mGiven &amp#27;[0m&amp#27;[32mI set GET api endpoints user&amp#27;[0m               &amp#27;[90m# starter.stepdefinitions.UserSteps.setGetApiEndpointsUser()&amp#27;[0m
10:06:59.379 [main] DEBUG org.apache.http.impl.conn.BasicClientConnectionManager - Get connection for route {s}->https://altashop-api.fly.dev:443
10:06:59.379 [main] DEBUG org.apache.http.impl.conn.DefaultClientConnectionOperator - Connecting to altashop-api.fly.dev:443
10:06:59.441 [main] DEBUG org.apache.http.client.protocol.RequestAddCookies - CookieSpec selected: ignoreCookies
10:06:59.441 [main] DEBUG org.apache.http.client.protocol.RequestAuthCache - Auth cache not set in the context
10:06:59.441 [main] DEBUG org.apache.http.client.protocol.RequestTargetAuthentication - Target auth state: UNCHALLENGED
10:06:59.441 [main] DEBUG org.apache.http.client.protocol.RequestProxyAuthentication - Proxy auth state: UNCHALLENGED
10:06:59.441 [main] DEBUG org.apache.http.impl.client.DefaultHttpClient - Attempt 1 to execute request
10:06:59.441 [main] DEBUG org.apache.http.impl.conn.DefaultClientConnection - Sending request: GET /api/auth/info HTTP/1.1
10:06:59.441 [main] DEBUG org.apache.http.wire -  >> "GET /api/auth/info HTTP/1.1[\r][\n]"
10:06:59.441 [main] DEBUG org.apache.http.wire -  >> "Accept: */*[\r][\n]"
10:06:59.441 [main] DEBUG org.apache.http.wire -  >> "Host: altashop-api.fly.dev[\r][\n]"
10:06:59.441 [main] DEBUG org.apache.http.wire -  >> "Connection: Keep-Alive[\r][\n]"
10:06:59.441 [main] DEBUG org.apache.http.wire -  >> "User-Agent: Apache-HttpClient/4.5.13 (Java/11.0.15.1)[\r][\n]"
10:06:59.441 [main] DEBUG org.apache.http.wire -  >> "Accept-Encoding: gzip,deflate[\r][\n]"
10:06:59.441 [main] DEBUG org.apache.http.wire -  >> "[\r][\n]"
10:06:59.441 [main] DEBUG org.apache.http.headers - >> GET /api/auth/info HTTP/1.1
10:06:59.441 [main] DEBUG org.apache.http.headers - >> Accept: */*
10:06:59.441 [main] DEBUG org.apache.http.headers - >> Host: altashop-api.fly.dev
10:06:59.441 [main] DEBUG org.apache.http.headers - >> Connection: Keep-Alive
10:06:59.441 [main] DEBUG org.apache.http.headers - >> User-Agent: Apache-HttpClient/4.5.13 (Java/11.0.15.1)
10:06:59.441 [main] DEBUG org.apache.http.headers - >> Accept-Encoding: gzip,deflate
10:06:59.463 [main] DEBUG org.apache.http.wire -  << "HTTP/1.1 401 Unauthorized[\r][\n]"
10:06:59.463 [main] DEBUG org.apache.http.wire -  << "content-type: application/json[\r][\n]"
10:06:59.463 [main] DEBUG org.apache.http.wire -  << "date: Sun, 07 May 2023 03:06:59 GMT[\r][\n]"
10:06:59.463 [main] DEBUG org.apache.http.wire -  << "content-encoding: gzip[\r][\n]"
10:06:59.463 [main] DEBUG org.apache.http.wire -  << "transfer-encoding: chunked[\r][\n]"
10:06:59.463 [main] DEBUG org.apache.http.wire -  << "server: Fly/3f2597ca (2023-05-03)[\r][\n]"
10:06:59.463 [main] DEBUG org.apache.http.wire -  << "via: 1.1 fly.io[\r][\n]"
10:06:59.463 [main] DEBUG org.apache.http.wire -  << "fly-request-id: 01GZT2TG4GX6P8PFF5R08HT8RM-sin[\r][\n]"
10:06:59.463 [main] DEBUG org.apache.http.wire -  << "[\r][\n]"
10:06:59.463 [main] DEBUG org.apache.http.impl.conn.DefaultClientConnection - Receiving response: HTTP/1.1 401 Unauthorized
10:06:59.463 [main] DEBUG org.apache.http.headers - << HTTP/1.1 401 Unauthorized
10:06:59.463 [main] DEBUG org.apache.http.headers - << content-type: application/json
10:06:59.463 [main] DEBUG org.apache.http.headers - << date: Sun, 07 May 2023 03:06:59 GMT
10:06:59.463 [main] DEBUG org.apache.http.headers - << content-encoding: gzip
10:06:59.463 [main] DEBUG org.apache.http.headers - << transfer-encoding: chunked
10:06:59.463 [main] DEBUG org.apache.http.headers - << server: Fly/3f2597ca (2023-05-03)
10:06:59.463 [main] DEBUG org.apache.http.headers - << via: 1.1 fly.io
10:06:59.463 [main] DEBUG org.apache.http.headers - << fly-request-id: 01GZT2TG4GX6P8PFF5R08HT8RM-sin
10:06:59.463 [main] DEBUG org.apache.http.impl.client.DefaultHttpClient - Connection can be kept alive indefinitely
10:06:59.463 [main] DEBUG org.apache.http.impl.client.DefaultHttpClient - Authentication required
10:06:59.463 [main] DEBUG org.apache.http.impl.client.DefaultHttpClient - altashop-api.fly.dev:443 requested authentication
10:06:59.464 [main] DEBUG org.apache.http.impl.client.DefaultHttpClient - Response contains no authentication challenges
10:06:59.464 [main] DEBUG io.restassured.internal.RestAssuredHttpBuilder - Parsing response as: application/json
10:06:59.464 [main] DEBUG org.apache.http.wire -  << "2D[\r][\n]"
10:06:59.464 [main] DEBUG org.apache.http.wire -  << "[0x1f][0x8b][0x8][0x0][0x0][0x0][0x0][0x0][0x4][0xff][0xab]VJ-*[0xca]/R[0xb2]R*[0xcd]K,-[0xc9][0xc8]/[0xca][0xac]JMQ[0xaa][0xe5][0x2][0x0]@[0x17]da[0x19][0x0][0x0][0x0]"
10:06:59.464 [main] DEBUG org.apache.http.wire -  << "[\r][\n]"
10:06:59.464 [main] DEBUG org.apache.http.wire -  << "0[\r][\n]"
10:06:59.464 [main] DEBUG org.apache.http.wire -  << "[\r][\n]"
10:06:59.464 [main] DEBUG io.restassured.internal.RestAssuredHttpBuilder - Parsed data to instance of: class org.apache.http.conn.EofSensorInputStream
10:06:59.464 [main] DEBUG org.apache.http.impl.conn.BasicClientConnectionManager - Releasing connection org.apache.http.impl.conn.ManagedClientConnectionImpl@183a508b
10:06:59.464 [main] DEBUG org.apache.http.impl.conn.BasicClientConnectionManager - Connection can be kept alive indefinitely
  &amp#27;[32mWhen &amp#27;[0m&amp#27;[32mI send GET HTTP request user2&amp#27;[0m               &amp#27;[90m# starter.stepdefinitions.UserSteps.sendGetHttpRequestUser2()&amp#27;[0m
  &amp#27;[32mThen &amp#27;[0m&amp#27;[32mI receive valid HTTP response code 401 user&amp#27;[0m &amp#27;[90m# starter.stepdefinitions.UserSteps.receiveValidHttp401User()&amp#27;[0m
10:06:59.468 [main] INFO  - 
  _____   ___   ___   _____     ___     _     ___   ___   ___   ___  
 |_   _| | __| / __| |_   _|   | _ \   /_\   / __| / __| | __| |   \ 
   | |   | _|  \__ \   | |     |  _/  / _ \  \__ \ \__ \ | _|  | |) |
   |_|   |___| |___/   |_|     |_|   /_/ \_\ |___/ |___/ |___| |___/ 

GET - Get user information without token
----------------------------------------------------------------------
]]></system-out>
  </testcase>
  <testcase name="POST - Add new category" classname="Categories" time="0.124">
    <system-out><![CDATA[10:06:59.469 [main] DEBUG io.cucumber.core.plugin.SerenityReporter - Running feature from file:///E:/APIMinpro/API/minpro/src/test/resources/features/4.%20Categories.feature
10:06:59.471 [main] DEBUG net.thucydides.core.steps.StepEventBus - Test suite started for story net.thucydides.core.model.Story@1b5f86d1
10:06:59.471 [main] INFO  - Test Suite Started: Categories

Scenario: POST - Add new category                        &amp#27;[90m# src/test/resources/features/4. Categories.feature:7&amp#27;[0m
10:06:59.476 [main] DEBUG io.cucumber.core.plugin.SerenityReporter - Running feature from file:///E:/APIMinpro/API/minpro/src/test/resources/features/4.%20Categories.feature
10:06:59.477 [main] INFO  - 
  _____   ___   ___   _____     ___   _____     _     ___   _____   ___   ___  
 |_   _| | __| / __| |_   _|   / __| |_   _|   /_\   | _ \ |_   _| | __| |   \ 
   | |   | _|  \__ \   | |     \__ \   | |    / _ \  |   /   | |   | _|  | |) |
   |_|   |___| |___/   |_|     |___/   |_|   /_/ \_\ |_|_\   |_|   |___| |___/ 

POST - Add new category(categories;post---add-new-category)
--------------------------------------------------------------------------------
10:06:59.499 [main] DEBUG net.thucydides.core.steps.StepInterceptor - STARTING STEP: CategoriesSteps.setPostApiEndpointsf - I set POST api endpoints categories
10:06:59.499 [main] DEBUG net.thucydides.core.steps.StepInterceptor - STEP DONE: I set POST api endpoints categories
  &amp#27;[32mGiven &amp#27;[0m&amp#27;[32mI set POST api endpoints categories&amp#27;[0m              &amp#27;[90m# starter.stepdefinitions.CategoriesSteps.setPostApiEndpointsf()&amp#27;[0m
10:06:59.503 [main] DEBUG net.thucydides.core.steps.StepInterceptor - STARTING STEP: CategoriesSteps.sendPostHttpRequestCategories - I send POST HTTP request categories
10:06:59.505 [main] DEBUG net.thucydides.core.steps.StepInterceptor - STARTING STEP: Categories.sendPostHttpRequestCategories - I set POST api endpoints categories
10:06:59.505 [main] DEBUG net.thucydides.core.steps.StepInterceptor - STEP DONE: I set POST api endpoints categories
10:06:59.513 [main] DEBUG org.apache.http.impl.conn.BasicClientConnectionManager - Get connection for route {s}->https://altashop-api.fly.dev:443
10:06:59.513 [main] DEBUG org.apache.http.impl.conn.DefaultClientConnectionOperator - Connecting to altashop-api.fly.dev:443
10:06:59.565 [main] DEBUG org.apache.http.client.protocol.RequestAddCookies - CookieSpec selected: ignoreCookies
10:06:59.566 [main] DEBUG org.apache.http.client.protocol.RequestAuthCache - Auth cache not set in the context
10:06:59.566 [main] DEBUG org.apache.http.client.protocol.RequestTargetAuthentication - Target auth state: UNCHALLENGED
10:06:59.566 [main] DEBUG org.apache.http.client.protocol.RequestProxyAuthentication - Proxy auth state: UNCHALLENGED
10:06:59.566 [main] DEBUG org.apache.http.impl.client.DefaultHttpClient - Attempt 1 to execute request
10:06:59.566 [main] DEBUG org.apache.http.impl.conn.DefaultClientConnection - Sending request: POST /api/categories HTTP/1.1
10:06:59.566 [main] DEBUG org.apache.http.wire -  >> "POST /api/categories HTTP/1.1[\r][\n]"
10:06:59.566 [main] DEBUG org.apache.http.wire -  >> "Accept: */*[\r][\n]"
10:06:59.566 [main] DEBUG org.apache.http.wire -  >> "Content-Type: application/json[\r][\n]"
10:06:59.566 [main] DEBUG org.apache.http.wire -  >> "Content-Length: 53[\r][\n]"
10:06:59.566 [main] DEBUG org.apache.http.wire -  >> "Host: altashop-api.fly.dev[\r][\n]"
10:06:59.566 [main] DEBUG org.apache.http.wire -  >> "Connection: Keep-Alive[\r][\n]"
10:06:59.566 [main] DEBUG org.apache.http.wire -  >> "User-Agent: Apache-HttpClient/4.5.13 (Java/11.0.15.1)[\r][\n]"
10:06:59.566 [main] DEBUG org.apache.http.wire -  >> "Accept-Encoding: gzip,deflate[\r][\n]"
10:06:59.566 [main] DEBUG org.apache.http.wire -  >> "[\r][\n]"
10:06:59.566 [main] DEBUG org.apache.http.headers - >> POST /api/categories HTTP/1.1
10:06:59.566 [main] DEBUG org.apache.http.headers - >> Accept: */*
10:06:59.566 [main] DEBUG org.apache.http.headers - >> Content-Type: application/json
10:06:59.566 [main] DEBUG org.apache.http.headers - >> Content-Length: 53
10:06:59.566 [main] DEBUG org.apache.http.headers - >> Host: altashop-api.fly.dev
10:06:59.566 [main] DEBUG org.apache.http.headers - >> Connection: Keep-Alive
10:06:59.566 [main] DEBUG org.apache.http.headers - >> User-Agent: Apache-HttpClient/4.5.13 (Java/11.0.15.1)
10:06:59.566 [main] DEBUG org.apache.http.headers - >> Accept-Encoding: gzip,deflate
10:06:59.566 [main] DEBUG org.apache.http.wire -  >> "{"name":"Gaming","description":"For gaming purposes"}"
10:06:59.588 [main] DEBUG org.apache.http.wire -  << "HTTP/1.1 200 OK[\r][\n]"
10:06:59.588 [main] DEBUG org.apache.http.wire -  << "content-type: application/json[\r][\n]"
10:06:59.588 [main] DEBUG org.apache.http.wire -  << "date: Sun, 07 May 2023 03:06:59 GMT[\r][\n]"
10:06:59.588 [main] DEBUG org.apache.http.wire -  << "content-encoding: gzip[\r][\n]"
10:06:59.588 [main] DEBUG org.apache.http.wire -  << "transfer-encoding: chunked[\r][\n]"
10:06:59.588 [main] DEBUG org.apache.http.wire -  << "server: Fly/3f2597ca (2023-05-03)[\r][\n]"
10:06:59.588 [main] DEBUG org.apache.http.wire -  << "via: 1.1 fly.io[\r][\n]"
10:06:59.588 [main] DEBUG org.apache.http.wire -  << "fly-request-id: 01GZT2TG8BWR4BCMZD8KM0P54B-sin[\r][\n]"
10:06:59.588 [main] DEBUG org.apache.http.wire -  << "[\r][\n]"
10:06:59.588 [main] DEBUG org.apache.http.impl.conn.DefaultClientConnection - Receiving response: HTTP/1.1 200 OK
10:06:59.588 [main] DEBUG org.apache.http.headers - << HTTP/1.1 200 OK
10:06:59.588 [main] DEBUG org.apache.http.headers - << content-type: application/json
10:06:59.588 [main] DEBUG org.apache.http.headers - << date: Sun, 07 May 2023 03:06:59 GMT
10:06:59.588 [main] DEBUG org.apache.http.headers - << content-encoding: gzip
10:06:59.588 [main] DEBUG org.apache.http.headers - << transfer-encoding: chunked
10:06:59.588 [main] DEBUG org.apache.http.headers - << server: Fly/3f2597ca (2023-05-03)
10:06:59.588 [main] DEBUG org.apache.http.headers - << via: 1.1 fly.io
10:06:59.588 [main] DEBUG org.apache.http.headers - << fly-request-id: 01GZT2TG8BWR4BCMZD8KM0P54B-sin
10:06:59.588 [main] DEBUG org.apache.http.impl.client.DefaultHttpClient - Connection can be kept alive indefinitely
10:06:59.588 [main] DEBUG io.restassured.internal.RestAssuredHttpBuilder - Parsing response as: application/json
10:06:59.588 [main] DEBUG org.apache.http.wire -  << "5B[\r][\n]"
10:06:59.588 [main] DEBUG org.apache.http.wire -  << "[0x1f][0x8b][0x8][0x0][0x0][0x0][0x0][0x0][0x4][0xff][0xab]VJI,IT[0xb2][0xaa]V[0xf2]tQ[0xb2]246[0xb4]4[0xd6]Q[0xf2]K[0xcc]MU[0xb2]RrO[0xcc][0xcd][0xcc]KW[0xd2]QrI-N.[0xca],([0xc9][0xcc][0xcf]S[0xb2]Rr[0xcb]/RH[0x7]K)[0x14][0x94][0x16][0x15][0xe4][0x17][0xa7][0x16]+[0xd5][0xd6]r[0x1][0x0][0x1]8u[0xdb]J[0x0][0x0][0x0]"
10:06:59.588 [main] DEBUG org.apache.http.wire -  << "[\r][\n]"
10:06:59.589 [main] DEBUG org.apache.http.wire -  << "0[\r][\n]"
10:06:59.589 [main] DEBUG org.apache.http.wire -  << "[\r][\n]"
10:06:59.589 [main] DEBUG io.restassured.internal.RestAssuredHttpBuilder - Parsed data to instance of: class org.apache.http.conn.EofSensorInputStream
10:06:59.589 [main] DEBUG org.apache.http.impl.conn.BasicClientConnectionManager - Releasing connection org.apache.http.impl.conn.ManagedClientConnectionImpl@f60c14e
10:06:59.589 [main] DEBUG org.apache.http.impl.conn.BasicClientConnectionManager - Connection can be kept alive indefinitely
10:06:59.590 [main] DEBUG net.thucydides.core.steps.StepInterceptor - STEP DONE: I send POST HTTP request categories
  &amp#27;[32mWhen &amp#27;[0m&amp#27;[32mI send POST HTTP request categories&amp#27;[0m               &amp#27;[90m# starter.stepdefinitions.CategoriesSteps.sendPostHttpRequestCategories()&amp#27;[0m
10:06:59.593 [main] DEBUG net.thucydides.core.steps.StepInterceptor - STARTING STEP: CategoriesSteps.receiveValidHttp200Categories - I receive valid HTTP response code 200 categories
10:06:59.594 [main] DEBUG net.thucydides.core.steps.StepInterceptor - STEP DONE: I receive valid HTTP response code 200 categories
  &amp#27;[32mThen &amp#27;[0m&amp#27;[32mI receive valid HTTP response code 200 categories&amp#27;[0m &amp#27;[90m# starter.stepdefinitions.CategoriesSteps.receiveValidHttp200Categories()&amp#27;[0m
10:06:59.595 [main] INFO  - 
  _____   ___   ___   _____     ___     _     ___   ___   ___   ___  
 |_   _| | __| / __| |_   _|   | _ \   /_\   / __| / __| | __| |   \ 
   | |   | _|  \__ \   | |     |  _/  / _ \  \__ \ \__ \ | _|  | |) |
   |_|   |___| |___/   |_|     |_|   /_/ \_\ |___/ |___/ |___| |___/ 

POST - Add new category
----------------------------------------------------------------------
]]></system-out>
  </testcase>
  <testcase name="POST - Add new category without description data payload" classname="Categories" time="0.12">
    <system-out><![CDATA[
Scenario: POST - Add new category without description data payload &amp#27;[90m# src/test/resources/features/4. Categories.feature:12&amp#27;[0m
10:06:59.600 [main] DEBUG io.cucumber.core.plugin.SerenityReporter - Running feature from file:///E:/APIMinpro/API/minpro/src/test/resources/features/4.%20Categories.feature
10:06:59.601 [main] INFO  - 
  _____   ___   ___   _____     ___   _____     _     ___   _____   ___   ___  
 |_   _| | __| / __| |_   _|   / __| |_   _|   /_\   | _ \ |_   _| | __| |   \ 
   | |   | _|  \__ \   | |     \__ \   | |    / _ \  |   /   | |   | _|  | |) |
   |_|   |___| |___/   |_|     |___/   |_|   /_/ \_\ |_|_\   |_|   |___| |___/ 

POST - Add new category without description data payload(categories;post---add-new-category-without-description-data-payload)
--------------------------------------------------------------------------------
10:06:59.610 [main] DEBUG net.thucydides.core.steps.StepInterceptor - STARTING STEP: CategoriesSteps.setPostApiEndpointsf - I set POST api endpoints categories
10:06:59.610 [main] DEBUG net.thucydides.core.steps.StepInterceptor - STEP DONE: I set POST api endpoints categories
  &amp#27;[32mGiven &amp#27;[0m&amp#27;[32mI set POST api endpoints categories&amp#27;[0m                        &amp#27;[90m# starter.stepdefinitions.CategoriesSteps.setPostApiEndpointsf()&amp#27;[0m
10:06:59.613 [main] DEBUG net.thucydides.core.steps.StepInterceptor - STARTING STEP: CategoriesSteps.sendPostHttpRequestCategories2 - I send POST HTTP request categories2
10:06:59.614 [main] DEBUG net.thucydides.core.steps.StepInterceptor - STARTING STEP: Categories.sendPostHttpRequestCategories2 - I set POST api endpoints categories
10:06:59.614 [main] DEBUG net.thucydides.core.steps.StepInterceptor - STEP DONE: I set POST api endpoints categories
10:06:59.622 [main] DEBUG org.apache.http.impl.conn.BasicClientConnectionManager - Get connection for route {s}->https://altashop-api.fly.dev:443
10:06:59.622 [main] DEBUG org.apache.http.impl.conn.DefaultClientConnectionOperator - Connecting to altashop-api.fly.dev:443
10:06:59.669 [main] DEBUG org.apache.http.client.protocol.RequestAddCookies - CookieSpec selected: ignoreCookies
10:06:59.669 [main] DEBUG org.apache.http.client.protocol.RequestAuthCache - Auth cache not set in the context
10:06:59.669 [main] DEBUG org.apache.http.client.protocol.RequestTargetAuthentication - Target auth state: UNCHALLENGED
10:06:59.669 [main] DEBUG org.apache.http.client.protocol.RequestProxyAuthentication - Proxy auth state: UNCHALLENGED
10:06:59.669 [main] DEBUG org.apache.http.impl.client.DefaultHttpClient - Attempt 1 to execute request
10:06:59.669 [main] DEBUG org.apache.http.impl.conn.DefaultClientConnection - Sending request: POST /api/categories HTTP/1.1
10:06:59.669 [main] DEBUG org.apache.http.wire -  >> "POST /api/categories HTTP/1.1[\r][\n]"
10:06:59.669 [main] DEBUG org.apache.http.wire -  >> "Accept: */*[\r][\n]"
10:06:59.669 [main] DEBUG org.apache.http.wire -  >> "Content-Type: application/json[\r][\n]"
10:06:59.669 [main] DEBUG org.apache.http.wire -  >> "Content-Length: 17[\r][\n]"
10:06:59.669 [main] DEBUG org.apache.http.wire -  >> "Host: altashop-api.fly.dev[\r][\n]"
10:06:59.669 [main] DEBUG org.apache.http.wire -  >> "Connection: Keep-Alive[\r][\n]"
10:06:59.669 [main] DEBUG org.apache.http.wire -  >> "User-Agent: Apache-HttpClient/4.5.13 (Java/11.0.15.1)[\r][\n]"
10:06:59.669 [main] DEBUG org.apache.http.wire -  >> "Accept-Encoding: gzip,deflate[\r][\n]"
10:06:59.669 [main] DEBUG org.apache.http.wire -  >> "[\r][\n]"
10:06:59.669 [main] DEBUG org.apache.http.headers - >> POST /api/categories HTTP/1.1
10:06:59.669 [main] DEBUG org.apache.http.headers - >> Accept: */*
10:06:59.669 [main] DEBUG org.apache.http.headers - >> Content-Type: application/json
10:06:59.669 [main] DEBUG org.apache.http.headers - >> Content-Length: 17
10:06:59.669 [main] DEBUG org.apache.http.headers - >> Host: altashop-api.fly.dev
10:06:59.669 [main] DEBUG org.apache.http.headers - >> Connection: Keep-Alive
10:06:59.669 [main] DEBUG org.apache.http.headers - >> User-Agent: Apache-HttpClient/4.5.13 (Java/11.0.15.1)
10:06:59.669 [main] DEBUG org.apache.http.headers - >> Accept-Encoding: gzip,deflate
10:06:59.669 [main] DEBUG org.apache.http.wire -  >> "{"name":"Gaming"}"
10:06:59.706 [main] DEBUG org.apache.http.wire -  << "HTTP/1.1 200 OK[\r][\n]"
10:06:59.706 [main] DEBUG org.apache.http.wire -  << "content-type: application/json[\r][\n]"
10:06:59.706 [main] DEBUG org.apache.http.wire -  << "date: Sun, 07 May 2023 03:06:59 GMT[\r][\n]"
10:06:59.706 [main] DEBUG org.apache.http.wire -  << "content-encoding: gzip[\r][\n]"
10:06:59.706 [main] DEBUG org.apache.http.wire -  << "transfer-encoding: chunked[\r][\n]"
10:06:59.706 [main] DEBUG org.apache.http.wire -  << "server: Fly/3f2597ca (2023-05-03)[\r][\n]"
10:06:59.706 [main] DEBUG org.apache.http.wire -  << "via: 1.1 fly.io[\r][\n]"
10:06:59.706 [main] DEBUG org.apache.http.wire -  << "fly-request-id: 01GZT2TGBYD6Q1S4BWGW288K31-sin[\r][\n]"
10:06:59.706 [main] DEBUG org.apache.http.wire -  << "[\r][\n]"
10:06:59.706 [main] DEBUG org.apache.http.impl.conn.DefaultClientConnection - Receiving response: HTTP/1.1 200 OK
10:06:59.706 [main] DEBUG org.apache.http.headers - << HTTP/1.1 200 OK
10:06:59.706 [main] DEBUG org.apache.http.headers - << content-type: application/json
10:06:59.706 [main] DEBUG org.apache.http.headers - << date: Sun, 07 May 2023 03:06:59 GMT
10:06:59.706 [main] DEBUG org.apache.http.headers - << content-encoding: gzip
10:06:59.706 [main] DEBUG org.apache.http.headers - << transfer-encoding: chunked
10:06:59.706 [main] DEBUG org.apache.http.headers - << server: Fly/3f2597ca (2023-05-03)
10:06:59.706 [main] DEBUG org.apache.http.headers - << via: 1.1 fly.io
10:06:59.706 [main] DEBUG org.apache.http.headers - << fly-request-id: 01GZT2TGBYD6Q1S4BWGW288K31-sin
10:06:59.706 [main] DEBUG org.apache.http.impl.client.DefaultHttpClient - Connection can be kept alive indefinitely
10:06:59.706 [main] DEBUG io.restassured.internal.RestAssuredHttpBuilder - Parsing response as: application/json
10:06:59.706 [main] DEBUG org.apache.http.wire -  << "4B[\r][\n]"
10:06:59.706 [main] DEBUG org.apache.http.wire -  << "[0x1f][0x8b][0x8][0x0][0x0][0x0][0x0][0x0][0x4][0xff][0xab]VJI,IT[0xb2][0xaa]V[0xf2]tQ[0xb2]246[0xb4]4[0xd1]Q[0xf2]K[0xcc]MU[0xb2]RrO[0xcc][0xcd][0xcc]KW[0xd2]QrI-N.[0xca],([0xc9][0xcc][0xcf]S[0xb2]RR[0xaa][0xad][0xe5][0x2][0x0][0xcd]`[0x9e][0xcc]7[0x0][0x0][0x0]"
10:06:59.706 [main] DEBUG org.apache.http.wire -  << "[\r][\n]"
10:06:59.706 [main] DEBUG org.apache.http.wire -  << "0[\r][\n]"
10:06:59.706 [main] DEBUG org.apache.http.wire -  << "[\r][\n]"
10:06:59.706 [main] DEBUG io.restassured.internal.RestAssuredHttpBuilder - Parsed data to instance of: class org.apache.http.conn.EofSensorInputStream
10:06:59.707 [main] DEBUG org.apache.http.impl.conn.BasicClientConnectionManager - Releasing connection org.apache.http.impl.conn.ManagedClientConnectionImpl@3117ac8d
10:06:59.707 [main] DEBUG org.apache.http.impl.conn.BasicClientConnectionManager - Connection can be kept alive indefinitely
10:06:59.707 [main] DEBUG net.thucydides.core.steps.StepInterceptor - STEP DONE: I send POST HTTP request categories2
  &amp#27;[32mWhen &amp#27;[0m&amp#27;[32mI send POST HTTP request categories2&amp#27;[0m                        &amp#27;[90m# starter.stepdefinitions.CategoriesSteps.sendPostHttpRequestCategories2()&amp#27;[0m
10:06:59.710 [main] DEBUG net.thucydides.core.steps.StepInterceptor - STARTING STEP: CategoriesSteps.receiveValidHttp200Categories - I receive valid HTTP response code 200 categories
10:06:59.711 [main] DEBUG net.thucydides.core.steps.StepInterceptor - STEP DONE: I receive valid HTTP response code 200 categories
  &amp#27;[32mThen &amp#27;[0m&amp#27;[32mI receive valid HTTP response code 200 categories&amp#27;[0m           &amp#27;[90m# starter.stepdefinitions.CategoriesSteps.receiveValidHttp200Categories()&amp#27;[0m
10:06:59.715 [main] INFO  - 
  _____   ___   ___   _____     ___     _     ___   ___   ___   ___  
 |_   _| | __| / __| |_   _|   | _ \   /_\   / __| / __| | __| |   \ 
   | |   | _|  \__ \   | |     |  _/  / _ \  \__ \ \__ \ | _|  | |) |
   |_|   |___| |___/   |_|     |_|   /_/ \_\ |___/ |___/ |___| |___/ 

POST - Add new category without description data payload
----------------------------------------------------------------------
]]></system-out>
  </testcase>
  <testcase name="POST - Add new category without name data payload" classname="Categories" time="0.12">
    <system-out><![CDATA[
Scenario: POST - Add new category without name data payload &amp#27;[90m# src/test/resources/features/4. Categories.feature:17&amp#27;[0m
10:06:59.720 [main] DEBUG io.cucumber.core.plugin.SerenityReporter - Running feature from file:///E:/APIMinpro/API/minpro/src/test/resources/features/4.%20Categories.feature
10:06:59.721 [main] INFO  - 
  _____   ___   ___   _____     ___   _____     _     ___   _____   ___   ___  
 |_   _| | __| / __| |_   _|   / __| |_   _|   /_\   | _ \ |_   _| | __| |   \ 
   | |   | _|  \__ \   | |     \__ \   | |    / _ \  |   /   | |   | _|  | |) |
   |_|   |___| |___/   |_|     |___/   |_|   /_/ \_\ |_|_\   |_|   |___| |___/ 

POST - Add new category without name data payload(categories;post---add-new-category-without-name-data-payload)
--------------------------------------------------------------------------------
10:06:59.730 [main] DEBUG net.thucydides.core.steps.StepInterceptor - STARTING STEP: CategoriesSteps.setPostApiEndpointsf - I set POST api endpoints categories
10:06:59.730 [main] DEBUG net.thucydides.core.steps.StepInterceptor - STEP DONE: I set POST api endpoints categories
  &amp#27;[32mGiven &amp#27;[0m&amp#27;[32mI set POST api endpoints categories&amp#27;[0m                 &amp#27;[90m# starter.stepdefinitions.CategoriesSteps.setPostApiEndpointsf()&amp#27;[0m
10:06:59.733 [main] DEBUG net.thucydides.core.steps.StepInterceptor - STARTING STEP: CategoriesSteps.sendPostHttpRequestCategories3 - I send POST HTTP request categories3
10:06:59.736 [main] DEBUG net.thucydides.core.steps.StepInterceptor - STARTING STEP: Categories.sendPostHttpRequestCategories3 - I set POST api endpoints categories
10:06:59.736 [main] DEBUG net.thucydides.core.steps.StepInterceptor - STEP DONE: I set POST api endpoints categories
10:06:59.755 [main] DEBUG org.apache.http.impl.conn.BasicClientConnectionManager - Get connection for route {s}->https://altashop-api.fly.dev:443
10:06:59.755 [main] DEBUG org.apache.http.impl.conn.DefaultClientConnectionOperator - Connecting to altashop-api.fly.dev:443
10:06:59.802 [main] DEBUG org.apache.http.client.protocol.RequestAddCookies - CookieSpec selected: ignoreCookies
10:06:59.802 [main] DEBUG org.apache.http.client.protocol.RequestAuthCache - Auth cache not set in the context
10:06:59.802 [main] DEBUG org.apache.http.client.protocol.RequestTargetAuthentication - Target auth state: UNCHALLENGED
10:06:59.802 [main] DEBUG org.apache.http.client.protocol.RequestProxyAuthentication - Proxy auth state: UNCHALLENGED
10:06:59.802 [main] DEBUG org.apache.http.impl.client.DefaultHttpClient - Attempt 1 to execute request
10:06:59.802 [main] DEBUG org.apache.http.impl.conn.DefaultClientConnection - Sending request: POST /api/categories HTTP/1.1
10:06:59.802 [main] DEBUG org.apache.http.wire -  >> "POST /api/categories HTTP/1.1[\r][\n]"
10:06:59.802 [main] DEBUG org.apache.http.wire -  >> "Accept: */*[\r][\n]"
10:06:59.802 [main] DEBUG org.apache.http.wire -  >> "Content-Type: application/json[\r][\n]"
10:06:59.802 [main] DEBUG org.apache.http.wire -  >> "Content-Length: 37[\r][\n]"
10:06:59.802 [main] DEBUG org.apache.http.wire -  >> "Host: altashop-api.fly.dev[\r][\n]"
10:06:59.802 [main] DEBUG org.apache.http.wire -  >> "Connection: Keep-Alive[\r][\n]"
10:06:59.802 [main] DEBUG org.apache.http.wire -  >> "User-Agent: Apache-HttpClient/4.5.13 (Java/11.0.15.1)[\r][\n]"
10:06:59.802 [main] DEBUG org.apache.http.wire -  >> "Accept-Encoding: gzip,deflate[\r][\n]"
10:06:59.802 [main] DEBUG org.apache.http.wire -  >> "[\r][\n]"
10:06:59.802 [main] DEBUG org.apache.http.headers - >> POST /api/categories HTTP/1.1
10:06:59.802 [main] DEBUG org.apache.http.headers - >> Accept: */*
10:06:59.802 [main] DEBUG org.apache.http.headers - >> Content-Type: application/json
10:06:59.802 [main] DEBUG org.apache.http.headers - >> Content-Length: 37
10:06:59.802 [main] DEBUG org.apache.http.headers - >> Host: altashop-api.fly.dev
10:06:59.802 [main] DEBUG org.apache.http.headers - >> Connection: Keep-Alive
10:06:59.802 [main] DEBUG org.apache.http.headers - >> User-Agent: Apache-HttpClient/4.5.13 (Java/11.0.15.1)
10:06:59.802 [main] DEBUG org.apache.http.headers - >> Accept-Encoding: gzip,deflate
10:06:59.802 [main] DEBUG org.apache.http.wire -  >> "{"description":"For gaming purposes"}"
10:06:59.828 [main] DEBUG org.apache.http.wire -  << "HTTP/1.1 500 Internal Server Error[\r][\n]"
10:06:59.828 [main] DEBUG org.apache.http.wire -  << "content-type: application/json[\r][\n]"
10:06:59.828 [main] DEBUG org.apache.http.wire -  << "date: Sun, 07 May 2023 03:06:59 GMT[\r][\n]"
10:06:59.828 [main] DEBUG org.apache.http.wire -  << "content-encoding: gzip[\r][\n]"
10:06:59.828 [main] DEBUG org.apache.http.wire -  << "transfer-encoding: chunked[\r][\n]"
10:06:59.828 [main] DEBUG org.apache.http.wire -  << "server: Fly/3f2597ca (2023-05-03)[\r][\n]"
10:06:59.828 [main] DEBUG org.apache.http.wire -  << "via: 1.1 fly.io[\r][\n]"
10:06:59.828 [main] DEBUG org.apache.http.wire -  << "fly-request-id: 01GZT2TGFR5WCBTG40XDY12ETP-sin[\r][\n]"
10:06:59.828 [main] DEBUG org.apache.http.wire -  << "[\r][\n]"
10:06:59.828 [main] DEBUG org.apache.http.impl.conn.DefaultClientConnection - Receiving response: HTTP/1.1 500 Internal Server Error
10:06:59.828 [main] DEBUG org.apache.http.headers - << HTTP/1.1 500 Internal Server Error
10:06:59.828 [main] DEBUG org.apache.http.headers - << content-type: application/json
10:06:59.828 [main] DEBUG org.apache.http.headers - << date: Sun, 07 May 2023 03:06:59 GMT
10:06:59.828 [main] DEBUG org.apache.http.headers - << content-encoding: gzip
10:06:59.828 [main] DEBUG org.apache.http.headers - << transfer-encoding: chunked
10:06:59.828 [main] DEBUG org.apache.http.headers - << server: Fly/3f2597ca (2023-05-03)
10:06:59.828 [main] DEBUG org.apache.http.headers - << via: 1.1 fly.io
10:06:59.828 [main] DEBUG org.apache.http.headers - << fly-request-id: 01GZT2TGFR5WCBTG40XDY12ETP-sin
10:06:59.828 [main] DEBUG org.apache.http.impl.client.DefaultHttpClient - Connection can be kept alive indefinitely
10:06:59.829 [main] DEBUG io.restassured.internal.RestAssuredHttpBuilder - Parsing response as: application/json
10:06:59.829 [main] DEBUG org.apache.http.wire -  << "82[\r][\n]"
10:06:59.829 [main] DEBUG org.apache.http.wire -  << "[0x1f][0x8b][0x8][0x0][0x0][0x0][0x0][0x0][0x4][0xff][0xab]VJ-*[0xca]/R[0xb2]Rr[\r][\n]"
10:06:59.829 [main] DEBUG org.apache.http.wire -  << "[0xf2][0xf][0xb2]R[0xc8]K-W([0xca]/WH[0xcb]/R(J[0xcd]I,[0xc9][0xcc][0xcf]S[0x88]QJN,IM[0xcf]/[0xca]L-[0x8e]QR([0xcb][0xcc][0xcf]I,I-VH[0xce]HM[0xce]VH[0xce][0xcf]+.)J[0xcc][0xcc]+AQ[0x18][0x9f][0x97][0x98][0x9b][0x1a][0xf]V[0x12][0xa3][0xa4][0xa0][0x11][0x1c][0xe8][0x13][0x1c][0xe2][0x18][0xe2][0xaa]`dljh[0xa2][0xa9]T[0xcb][0x5][0x0]p%[0xdd]o|[0x0][0x0][0x0]"
10:06:59.829 [main] DEBUG org.apache.http.wire -  << "[\r][\n]"
10:06:59.829 [main] DEBUG org.apache.http.wire -  << "0[\r][\n]"
10:06:59.829 [main] DEBUG org.apache.http.wire -  << "[\r][\n]"
10:06:59.829 [main] DEBUG io.restassured.internal.RestAssuredHttpBuilder - Parsed data to instance of: class org.apache.http.conn.EofSensorInputStream
10:06:59.831 [main] DEBUG org.apache.http.impl.conn.BasicClientConnectionManager - Releasing connection org.apache.http.impl.conn.ManagedClientConnectionImpl@49c4118b
10:06:59.831 [main] DEBUG org.apache.http.impl.conn.BasicClientConnectionManager - Connection can be kept alive indefinitely
10:06:59.831 [main] DEBUG net.thucydides.core.steps.StepInterceptor - STEP DONE: I send POST HTTP request categories3
  &amp#27;[32mWhen &amp#27;[0m&amp#27;[32mI send POST HTTP request categories3&amp#27;[0m                 &amp#27;[90m# starter.stepdefinitions.CategoriesSteps.sendPostHttpRequestCategories3()&amp#27;[0m
10:06:59.834 [main] DEBUG net.thucydides.core.steps.StepInterceptor - STARTING STEP: CategoriesSteps.receiveValidHttp500Categories - I receive valid HTTP response code 500 categories
10:06:59.834 [main] DEBUG net.thucydides.core.steps.StepInterceptor - STEP DONE: I receive valid HTTP response code 500 categories
  &amp#27;[32mThen &amp#27;[0m&amp#27;[32mI receive valid HTTP response code 500 categories&amp#27;[0m    &amp#27;[90m# starter.stepdefinitions.CategoriesSteps.receiveValidHttp500Categories()&amp#27;[0m
10:06:59.836 [main] INFO  - 
  _____   ___   ___   _____     ___     _     ___   ___   ___   ___  
 |_   _| | __| / __| |_   _|   | _ \   /_\   / __| / __| | __| |   \ 
   | |   | _|  \__ \   | |     |  _/  / _ \  \__ \ \__ \ | _|  | |) |
   |_|   |___| |___/   |_|     |_|   /_/ \_\ |___/ |___/ |___| |___/ 

POST - Add new category without name data payload
----------------------------------------------------------------------
]]></system-out>
  </testcase>
  <testcase name="GET - Get list all categories" classname="Categories" time="0.128">
    <system-out><![CDATA[
Scenario: GET - Get list all categories                  &amp#27;[90m# src/test/resources/features/4. Categories.feature:22&amp#27;[0m
10:06:59.840 [main] DEBUG io.cucumber.core.plugin.SerenityReporter - Running feature from file:///E:/APIMinpro/API/minpro/src/test/resources/features/4.%20Categories.feature
10:06:59.841 [main] INFO  - 
  _____   ___   ___   _____     ___   _____     _     ___   _____   ___   ___  
 |_   _| | __| / __| |_   _|   / __| |_   _|   /_\   | _ \ |_   _| | __| |   \ 
   | |   | _|  \__ \   | |     \__ \   | |    / _ \  |   /   | |   | _|  | |) |
   |_|   |___| |___/   |_|     |___/   |_|   /_/ \_\ |_|_\   |_|   |___| |___/ 

GET - Get list all categories(categories;get---get-list-all-categories)
--------------------------------------------------------------------------------
10:06:59.849 [main] DEBUG net.thucydides.core.steps.StepInterceptor - STARTING STEP: CategoriesSteps.setGetApiEndpoints - I set GET api endpoints categories
10:06:59.849 [main] DEBUG net.thucydides.core.steps.StepInterceptor - STEP DONE: I set GET api endpoints categories
  &amp#27;[32mGiven &amp#27;[0m&amp#27;[32mI set GET api endpoints categories&amp#27;[0m               &amp#27;[90m# starter.stepdefinitions.CategoriesSteps.setGetApiEndpoints()&amp#27;[0m
10:06:59.851 [main] DEBUG net.thucydides.core.steps.StepInterceptor - STARTING STEP: CategoriesSteps.sentGetHttpRequestCategories - I send GET HTTP request categories
10:06:59.852 [main] DEBUG net.thucydides.core.steps.StepInterceptor - STARTING STEP: Categories.sendGetHttpRequestCategories - I set GET api endpoints categories
10:06:59.852 [main] DEBUG net.thucydides.core.steps.StepInterceptor - STEP DONE: I set GET api endpoints categories
10:06:59.856 [main] DEBUG org.apache.http.impl.conn.BasicClientConnectionManager - Get connection for route {s}->https://altashop-api.fly.dev:443
10:06:59.857 [main] DEBUG org.apache.http.impl.conn.DefaultClientConnectionOperator - Connecting to altashop-api.fly.dev:443
10:06:59.899 [main] DEBUG org.apache.http.client.protocol.RequestAddCookies - CookieSpec selected: ignoreCookies
10:06:59.899 [main] DEBUG org.apache.http.client.protocol.RequestAuthCache - Auth cache not set in the context
10:06:59.899 [main] DEBUG org.apache.http.client.protocol.RequestTargetAuthentication - Target auth state: UNCHALLENGED
10:06:59.899 [main] DEBUG org.apache.http.client.protocol.RequestProxyAuthentication - Proxy auth state: UNCHALLENGED
10:06:59.899 [main] DEBUG org.apache.http.impl.client.DefaultHttpClient - Attempt 1 to execute request
10:06:59.899 [main] DEBUG org.apache.http.impl.conn.DefaultClientConnection - Sending request: GET /api/categories HTTP/1.1
10:06:59.899 [main] DEBUG org.apache.http.wire -  >> "GET /api/categories HTTP/1.1[\r][\n]"
10:06:59.899 [main] DEBUG org.apache.http.wire -  >> "Accept: */*[\r][\n]"
10:06:59.899 [main] DEBUG org.apache.http.wire -  >> "Host: altashop-api.fly.dev[\r][\n]"
10:06:59.899 [main] DEBUG org.apache.http.wire -  >> "Connection: Keep-Alive[\r][\n]"
10:06:59.899 [main] DEBUG org.apache.http.wire -  >> "User-Agent: Apache-HttpClient/4.5.13 (Java/11.0.15.1)[\r][\n]"
10:06:59.899 [main] DEBUG org.apache.http.wire -  >> "Accept-Encoding: gzip,deflate[\r][\n]"
10:06:59.899 [main] DEBUG org.apache.http.wire -  >> "[\r][\n]"
10:06:59.899 [main] DEBUG org.apache.http.headers - >> GET /api/categories HTTP/1.1
10:06:59.899 [main] DEBUG org.apache.http.headers - >> Accept: */*
10:06:59.899 [main] DEBUG org.apache.http.headers - >> Host: altashop-api.fly.dev
10:06:59.899 [main] DEBUG org.apache.http.headers - >> Connection: Keep-Alive
10:06:59.899 [main] DEBUG org.apache.http.headers - >> User-Agent: Apache-HttpClient/4.5.13 (Java/11.0.15.1)
10:06:59.899 [main] DEBUG org.apache.http.headers - >> Accept-Encoding: gzip,deflate
10:06:59.939 [main] DEBUG org.apache.http.wire -  << "HTTP/1.1 200 OK[\r][\n]"
10:06:59.939 [main] DEBUG org.apache.http.wire -  << "content-type: application/json[\r][\n]"
10:06:59.939 [main] DEBUG org.apache.http.wire -  << "date: Sun, 07 May 2023 03:06:59 GMT[\r][\n]"
10:06:59.939 [main] DEBUG org.apache.http.wire -  << "transfer-encoding: chunked[\r][\n]"
10:06:59.939 [main] DEBUG org.apache.http.wire -  << "content-encoding: gzip[\r][\n]"
10:06:59.939 [main] DEBUG org.apache.http.wire -  << "server: Fly/3f2597ca (2023-05-03)[\r][\n]"
10:06:59.939 [main] DEBUG org.apache.http.wire -  << "via: 1.1 fly.io[\r][\n]"
10:06:59.939 [main] DEBUG org.apache.http.wire -  << "fly-request-id: 01GZT2TGK9WH10F8WY2AT7RM25-sin[\r][\n]"
10:06:59.939 [main] DEBUG org.apache.http.wire -  << "[\r][\n]"
10:06:59.939 [main] DEBUG org.apache.http.impl.conn.DefaultClientConnection - Receiving response: HTTP/1.1 200 OK
10:06:59.939 [main] DEBUG org.apache.http.headers - << HTTP/1.1 200 OK
10:06:59.939 [main] DEBUG org.apache.http.headers - << content-type: application/json
10:06:59.939 [main] DEBUG org.apache.http.headers - << date: Sun, 07 May 2023 03:06:59 GMT
10:06:59.939 [main] DEBUG org.apache.http.headers - << transfer-encoding: chunked
10:06:59.939 [main] DEBUG org.apache.http.headers - << content-encoding: gzip
10:06:59.939 [main] DEBUG org.apache.http.headers - << server: Fly/3f2597ca (2023-05-03)
10:06:59.939 [main] DEBUG org.apache.http.headers - << via: 1.1 fly.io
10:06:59.939 [main] DEBUG org.apache.http.headers - << fly-request-id: 01GZT2TGK9WH10F8WY2AT7RM25-sin
10:06:59.940 [main] DEBUG org.apache.http.impl.client.DefaultHttpClient - Connection can be kept alive indefinitely
10:06:59.940 [main] DEBUG io.restassured.internal.RestAssuredHttpBuilder - Parsing response as: application/json
10:06:59.940 [main] DEBUG org.apache.http.wire -  << "179[\r][\n]"
10:06:59.940 [main] DEBUG org.apache.http.wire -  << "[0x1f][0x8b][0x8][0x0][0x0][0x0][0x0][0x0][0x4][0xff][0xaa]VJI,IT[0xb2][0x8a][0xae]V[0xf2]tQ[0xb2]24250[0xd5]Q[0xf2]K[0xcc]MU[0xb2]Rr+-[0xca][0xcb],)-JU[0xd2]QrI-N.[0xca],([0xc9][0xcc][0xcf]S[0xb2]RJ[0xcb]/RHO[0xcc][0xcd][0xcc]KW((-*[0xc8]/N-V[0xaa][0xd5]A[0x98]aA[0x5]3,[0xe1]f(:([0xab][0xa8][0x92][0xea][0x6]CC[0xb8]~[0x88]KI6[0xc0][0x98]R[0x3]L(5[0xc0][0x8c]R[0x3][0xcc])5[0x0][0x11][0x9][0xe4][0x5][0xa2][0x91][0x1][0x85].02[0xa2][0xd4][0x0]D4[0x86][0xa5][0x96][0xa4][0x16]e[0xe6]%[0x16]Ub[0xa4][0x85][0xd4][0x9c][0xd4][0xe4][0x92][0xa2][0xcc][0xe4][0xcc][0xc4]<[0xe4][0x84]l[0x84][0xc8][0xc][0xbe][0xf9][0xa0][0xb4][0xaf][0x10][0x90][0x99][0xc][0xca][0x11][0xc5][\n]"
10:06:59.940 [main] DEBUG org.apache.http.wire -  << "[0x89]y)[\n]"
10:06:59.940 [main] DEBUG org.apache.http.wire -  << "n[0x99]9[0xb9][0x18]Fe$f[0x16][0xa5][0x14][0xa5][0x16][0x17][0xa7][0x16][0xa1][0x18][0x85][0x88][0xb][0x8f][0xd2][0xdc][0xc4]<[0x85][0xa0][0xd4][0xe2][0xfc][0xd2][0xa2][0xe4][0xd4]b[0xc][0x13][0xca]3[0xf3]R[0xf2][0xcb][0x15][0x92]sR[0x13][0xf3][0xd0][0xc]A[0xc4][0x87]kJir"[0xd8]I[0xbe][0x89]y[0x89][0xe9][0xa9][0xb9][0xa9]y%[0x18]&[0x15][0xe4][0xe7]d&[0xa7]*[0xe4][0xa7][0xa5]e&[0xa3][0x9a]d[0x8c][0xc8][0x1e]A[0x89][0x99]9E[0xf9][0x89])[\n]"
10:06:59.940 [main] DEBUG org.apache.http.wire -  << "[0xbe][0x89]y[0xa5]i[0x89]`[0xff]a[0x98][0x94]XR[0x92]_[0x94][0x97]Z[0xa9][0x90]X[0xa2][0x90][0x93]X[0x8e][0xec]3cD[0x8];%[0x96]$[0xa6][0xe7][0x17])[0x84][0xe7]g[0x97]b[0x18][0xe1][0x9c][0x9a][0x9b][0x99][0x93][0x98][0xa7]P[0x9c][0x9a][0x1]2$[0xb5]*[0xb1]D!)[0xb5](=[0xb3]*[0x13][0xc5]8J[0xb3][0x8d]1<[0xd2][0x0][0x0][0x0][0x0][0xff][0xff]"
10:06:59.940 [main] DEBUG org.apache.http.wire -  << "[\r][\n]"
10:06:59.940 [main] DEBUG org.apache.http.wire -  << "409[\r][\n]"
10:06:59.940 [main] DEBUG org.apache.http.wire -  << "R[0x82]$[0xda]t[0xc][0xa7][0x10]([0xbf][0x8c][0x11][0x19][0xaf]$[0xb5][0xb8][0x4]K[0x14][0xa1]8[0x18]Q[0xda][0x91]k[0x1f]"Z[0x89][0xb0][0xcf][0x4][0x11]u[0xee][0xe0]2[0x18][0xc3]{n[0xf8][0x8b]g[0x13]D[0x9e][0xc2]a[0x0][0xb2][0xf7]L[0x10][0xd1]K[0xa6][0xf7]L[0x10]1J[0x8c][0xf7][0x10][0x19][0x85][0x8][0xd7][0x99]"[0x2][0x3][0xe2]:[0x8c][0xc0] [0x10][0xd7][0xa6][0x88][0xc0] [0xd3][0x0]D[0xf8]P#[0xf9][0x9b]"[0x2][0x8b]*[0xc6]!2[0x3]U[0x8c]C[0xe4][0xc][0xaa][0x18][0x87][0x88]k[0xaa][0x18][0x87][0xc8][0x89]T1[0xe][0x91]-[0xa9]a[0x9c][0x19][0xa5]u[0xa1][0x19]"[0xad];f'%[0x16])[0x4]eVeW*[0xb8]%f[0x14][0x95][0x16][0xe5]Wa[0xd6]j[0xb9][0x99]y[0x99][\n]"
10:06:59.940 [main] DEBUG org.apache.http.wire -  << "[0x5]E[0xf9]Y[0xa9][0xc9]%[0xc8]Y[0xda][0xc][0x91][0xe6][0xa9][0xe2]1D[0xe] /[0xb][0x99]![0xd2]<[0x99][0x6]P7[0x95][0x9b]!R9[0x99][0xee]A[0xa4]k[0xe7][0xc4][0x92][0xd4][0xf4][0xfc][0xa2]J[0x5][0xc7][0xd2][0x9c][0xcc]D[0x8c][0xd2][0x9][0x14]C[0xc9]0%[0x89]`%H[\r]i3D[0x82][0xce]K[0xcc]M[0x4][0xc5]eJi6[0x86]![0xd9][0x10][0x3][0xc0]q[\r][0x92]G6[0x81][0xba]i[0xd8][0x1c][0x91][0x4][0xc9][0xb][0x19]sD[0xd2]#[0xd3][0x0]J[0x13][0x9b]9[0xa5][0x89][0xcd][0x1c][0x91][0xd8][0xc8][0xf4][0x2][0xa5][0xc9][0xcb][0x1c][0x91],[0xc8]t[0x1]"U@[0xc] [0xb9][0x89]d[0x81]([0xcc][0x88][0xa8][0xd3]-([0x8d]u[0xb]Jc[0xdd][0x2][0x11][0xeb][0xc4][0xb8][0x97][0xd2][0x18][0xb2]@[0x14][0x0][0xc4]X[0x87][0x1e][0x1d][0x18]9[0x9c]@#[0xc6][0x12][0x11][0x1b]![0xa9][0xc5][0x98][0xfd][0x0][0xcf][0xbc]L[0x5][0x90][0x4][0xa8][0xc3][0xee][0x9e][0x99][0x9a][0x83]\[0x19]XR[0x9a][0xa5]-)[0x8d]\KJ#[0xd7][0x12][0x11][0xb9][0x90][0xe4]Lr[0xf8]Q[0x9a][0xa5]-)M0[0x96][0x88][0x4]C[0xa6][0x17](-[0x13],[0x11][0x89][0x90]p[0x92]53[0xa0]0[0xd5][0x98][0x19] R[\r]1[0xd6]Q[0x18][0xc3]fH[0xc3]Z[0xc4]XGal[0x98][0x19] b[0x83][0x8][0xeb][0x90][0xc6][0xaa]r[0x13][0xb3][0x13][0xf3][0x12][0xf3]0[0x12]0L[0x1c]Q[0xb5][0x9b][0x19]"B[0x90][0xac]$cfHa[0xbe]33[0xa4]4V[0xc])[0xcc]wf[0x86][0x14][0xe6];3CDLS[0xa1])lf[0x88][0x88][0xf7][0xf0][0xcc][0xa2][0xd4][0x9c][0xd4]b[0xcc][0xe1][0x9d][0x82][0x8c][0xca][0xe2][0xcc][0xe4][0xcc]b[0xe4]&[0xb9][0x19][0xa5][0x3]ef[0x94][0xe][0x94][0x99][0x19]Q[0x1a][0x99]F[0x94][0xc6][0x85][0x11]"[0xf0]p$[0xe8][0xc4][0xe2][0x14][0xa4][0xaa][0xcb][0xcc][0x8][0xb5][0xc8][0x2][0xd5]n[0x5]E[0xf9])[0xa5][0xc9][0x98]5`IFf[0xb1]Bf[0xb1]BIF*[0xa4][0x15][0x9d]\[0xa2][0x90][0x82]4[0xa6][0x8d][0x94][0xaf][0x8c][0x11][0x95])([0xef]R[0xcb]TD[0x81]I[0xc8]Td/[0x1a]#29!m[0xa4]x[0x11][0x91][0xf3][0x9][0x99][0x8a][0xe2][0x18]J[0xb3]+[0xda][0xc0][0x1a][0xb5][0x82][0x16][0x91][0x87]I[0xf1][\r][0xd2]8[0x1a]!m$[0x4]-[0xd2][0xe0][0x1a]!S[0x91][0x83][0x16]i[0x8c][0xc]G[0xda][0xc7][0xdf][0x4]43[0xa1]4[0xf7][0x99][0x10][0xcc]}[0x4]\`[0x8a][0xc8]7[0xe4]y[0x81][0xd2][0xa1]83S[0xe2][0x93]5[0x9]1jJi[0xaa]7EDM@~NfyQbI[0x6]F[0x5][0x1f][0x94]ZP[0x9a][0x92][0x99][0x98][0x97][0x92][0x98][0xaa][0x90][0x97]Z[0x9c][0x9c]Y[0x9a]W[0xa2][0x90]Z[0x91][0x9c]ZPRZ[0x94][0xa9][0x90][0x92][0x9f][0x93]_[0x94][0xaa][0x90]Z[0x9a][0xab]P[0x9c]ZX[0x9a][0xa9][0x87][0x9c]xL[0x11][0x19][0xc0]719#?[0x1b]s[0xc6].[0xb0]4[0xb1]8S![0xad]4=Q!/?O[0xa1][0xb0]4?E!3[0xb7] 5%[0xb3]D[0xa1],5'[0xb3][0x4][0xd5]@J[0xd3][0x2][0xa5]c]fHCT[0x90][0xc4]Dj[0xf][0xd5][0xcc][0xc]51[0xe0][0x1f][0xc4]73CD[0xb2][0xa1][0x91][0xb1]Bb[0x16][0xe6]P[\r]([0xf9][0xe7][0xa6][0x16]%g`[0x9b][0xf3]4[0xa3]t[0xcc][0xc8][0xcc][0xc]Q[0x99]A|[0x8c][0x91]D@[0xe][0x80]Hau[0x81]9[0xa5][0xf9][0xcf][0x1c][0x11]b[0x10]kHv[0x1][0xa5]M[0x8]sDB&[0xcf][0x5]H[0xc3][0x12]d[0x1a]@i[0x18]X 2;[0x99]. [0x18][0x6][0xc8]Y[0x9f][0xd2][0xde][0xbb][0x19][0xe1][0xde];[0x8a]u[0x94][0xfa][0x8e]p?[0x17][0xc9]:sJ{[0x99][0xe6]H[0xbd]L[0xb2]b[0xc3][0xdc][0x80][0xc2][0xf4]`n@a[0x9e]0G[0xea][0xb9][0x92][0xe9][0x5][\n]"
10:06:59.940 [main] DEBUG org.apache.http.wire -  << "[0xe3][0xcc][0xdc][0x80][0x94][0x14]i[0x8e][0xd4][0x99]%[0xcf][0xbd][0x94][0xf6]k[0xcd][0x91][0xfa][0xb5]8f[0x10][0xf1]O[0x90][0x9a]#uK[0xc9]4[0x0][0x11]b8[0xc]@N[0xe5]H[0x9d]F2C[0x8c]`[0xd5][0x81]l[0x9d][0x11]"I[0xe3]p[0x1c][0x81][0xe0]A[0xea])[0xe2]0[0x0][0xc5]:J[0x93][0x9f][0x11]"0q[0x4][0xf][0xb2]uH[0xb][0x1b][0xd2][0x1][0x0][0x0][0x0][0xff][0xff]"
10:06:59.940 [main] DEBUG org.apache.http.wire -  << "[\r][\n]"
10:06:59.940 [main] DEBUG org.apache.http.wire -  << "606[\r][\n]"
10:06:59.940 [main] DEBUG org.apache.http.wire -  << "[0xc2]>;[0x8e][0xbf][0x1a]5G[0xea]q[0xe1]0[0x0][0xc5]:J}gL[0x92][0xef][0x90][0xfa],8[0x1c]G[0xc0]wH[0xdd][0x13][0x1c][0x6] [0xfb][0xe][0xa9]SA[0xa8]3C|[0x83][0xda][0xdc][0x4][0xe1]eB[0xa6][0xa2]8[0x6][0x91][0xca][0x9]i#[0xc1]1H[0xb][0x8]p$f[0x2][0xb9][0x1][0xa9][0xd7][0x82][0xc3][0x0]dO M[0xef][0xe3]PM[0xc8]:DC[0x15][0x87][0x1]([0xd6]![0x82][0x1a]Gt[0x13]H/[0xa6][0x88][0x9e][0x0][0xe][0xeb][0x8][0xb9][0x17][0x11]k8[0xc]@v/[0xd2][0x14]7[0x15][0x86][0xe3][0xcc]1z[0x11]$[0xb6]h[0xcd][0x91]:[0x11][0xe4][0x85][0x1f][0xd2][0xd4]6[0xee][0xe5][0x94]p[0x19][0x5][0xaf][0xd4][0x82][0xc4][0xa2]D[0x94][0x10][0xa1][0xb4][0x80]1[0xa3]4[0x9]P[0xda][0xaf]0[0xa7]t[0xd2][0xd8][0x9c][0xd2]Ics[0xa4][0x9e][\r]<[0xac]1[0x92][0x2]\[0x6]K,P:[0xe7]kn[0x8e][0x88]F[0xb7][0xa2][0xd2]L[0xcc][0x1]J[0xe4]8[0xa7][0xb4][0x1b]d[0x8e]4AL[0x84]m[0x88][0x1c][0x8a]]qz~~[0x8a][0x2][0xa8][0x9c][0xc8]HM[0xcc])[0xc9]@v)[0xa5][0xfd]-s[0xb][0xc4][0xb0](y[0x19][0x8c][0xd2][0xa9]esJ[0xa7][0x96][0xcd][0x91][0xa6][0x96][0xc9][0xf4][0x2][0xa2]H'[0xd3][0x0]D[0xe2]"[0xd3][0x0]J[0xcb][0x8][0xb]D5A[0x9e][0xb][0x90]f[0xb0][0xc9]4[0x80][0xd2][0x84]D[0xb8]#[0xc][0xca][0x2][0x10][0xc7]a[0x1b]1G[0x9a][0xc6][0xa6]F[0xdd]E[0xe9][0xa4][0xb6][0xb9]%[0xa5][0xc9][0x8a][0xf0][0xa4]6rQ[0x80][0xd4][0xb3][0xa7][0x8a][0xf7])NQ[0x88]b[\r][0x12]i[0x18][0x5]>[0xfe][0xf8][0xb4]0[0xa0]p<[0xcd][0x82][0xd2][0xd1][0xb][0xb][0xa4][0xae]?l[0xfe][0x17]}'[0x6]L[0x1c]1e[0x81][0xd4]]ww[0xf4][0xf5][0xf4]s'[0xd9][0xe3][0x88][0xa0]wLNN-.[0xce]/[0xca][0xc4]2|Z[0x92][0xaf][0x90][0x9a][0x97][0x91][0x98][0x97][0x9c][0xaa][0x90]XP[0x90][0x9a]X[0x4]b"[0xa5][0x8][0xb]CD[0x0]R!EXP:[0xb0]`[0x81]4[0xb0]@[0x15][0xf7] [0xfa][0xd1]T1[0xe][0x91]])[0xb]uDYN[0x91]9F[0x88][0x2][0x95]"s[0xc]([0xcd][0x87][0x94][0xce][0xf1][P:[0xbe]baH[0xa9][0x17]([0x9d][0xdd][0xb7]@[0x9a][0xdd][0xa7](2[0x90][0xc6]~[0xc8]+[0x14][0x91][0xc6]~(s[0x8][0x95]R;[0xa5][0x8b][0xe],[0x8][0x8f].[0x11][0xa8]&[0x8][0xaf]Z d[0x0][0xa5][0xa9][0xb]i[0xc1][0x2][0x8e]HE.[0x95])[0x1d] [0xb3]@[0x1a] [0xa3]([0x9] -[0x6][0xc0][0xe1]l[0x2][0x1][0x87]4tF[0x99]C[0x10][0xf5][0x1d][0x99][0xe][0xa1]4[0x6]M[0x10]5%y.[0xa0]t\[0xd0][0x82][0xf0][0xb8] [0x81][0xc8][0xc0][0xd8]&Dj[0xab][0x83][0xd2][0x15][0x10][0x16]&[0x88]"[0x85][0xcc]@Dt[0xa3](JOH[0xe3][0x9b]d:[0x84][0xd2][0x4]iBi[0x82][0xa4]t-[0x87][0x5][0xd2][0xb0]*9[0xdb]w-[0x90][0x96]r[0x90][0x17][0x86]H[0x3][0xad]d[0x1a][0x80]HN[0x14][0xa5][0x6][0xa4][0xd5][0x1f][0x94][0x99][0x83]h[0xd7][0x91][0xe9]!D[0xaa]"+J[0x90][0xd6]tP[0xe4][0x11][0xa4]1^[0xf2]<B[0xe9][0xa8][0xae][0x5][0xa5][0xa3][0xba][0x16]H[0xa3][0xba][0xe4][0x5]%[0xa2][0xa4]!3[0x8][0x10][0x89][0x81]<[0x7]PZ@ [\r][\n]"
10:06:59.940 [main] DEBUG org.apache.http.wire -  << "[0x93][0xe5][0x0]J[0x87]t-[0x90][0x86]t[0xc9]s[0x0]"{[0x93][0x17][0x5]H#[0xba][0xe4]9[0x0][0x91][0x1d][0xc9]t[0x0]"[0xe][0xc9]r[0x0][0xa5]C[0xaf][0x16]HC[0xaf][0xe4]9[0x80][0xc2][0xa5][0x11][0x16][0x16][0x94][0xc6]![0xd2]b[0x1d][0xf2]|@a[0x14]P[0xba]z[0xc7][0x2]i[0xd0][0x92],[0xf]P:[0xc8]h[0x81]4[0xc8]H[0x9e][0x3][0x10][0x5]Yr~^I~[0x86].t7$[0xb6][0x11]'[0xb7][0xc4][0xe2][0x8c][0xcc][0xfc][0xbc][0xc4][0xa4][0x9c]T[0xe4][0x1e][0x8d]%"'[0x11]6[0x3]S[0x5][0xd2][0xd0][0x19][0xd2][0x1e][0x18][0xb2][0xf2][0xa4]%[0xa5]C~[0x96][0x94][0xae]7[0xb2]D[0x1a]3$[0xd3][0xb][0x88][0x18]![0xd3][0x0]D[0xa6][0xc0]1[0xe3][0x8b][0xca][0xd8][0x12]i[0xdc][0x10][0x87][0x1]H[0xb1]o[0x89]4[0xaa][0x87]C5![0xeb][0x10][0xe3]x8[0xc]@[0xb1][0xe]Q[0xe6][0xe0]PM[0xc8]:D[0xdd][0x8f][0xc3][0x0][0x14][0xeb][0x10]i[0x9b][0xbc][0xd8][0xa0]t[0xec][0xca][0x92][0xd2][0xb1]+K[0xa4][0x81]D[0xf2][0xbc][0x80]4[0xf8]E[0xa6][0x1][0x88][0x18]&[0xd3][0x0][\n]"
10:06:59.940 [main] DEBUG org.apache.http.wire -  << "k*K[0xa4]a*[0x1c][0x91]N [0xd5] [\r]S[0xe1]0[0x0]9[0xd5] m[0x8c]![0xcf][0xc3][0x94][0xe][0x12]Y"[\r][0x12][0xe1]p/[0x1][0xf]#[0x9d]*[0x83][0xc3][0x0]d[0xf]c[0x9c][0xf9]B[0xe2][0xe8][0x83]%[0xa5][0x83]Q[0x96][0xc6][0x88][0x8c][0x8a][0xc3][0xbd][0x84]<L[0xb0][0xd8]D[0xf6]0[0xd2][0x80][0xf]y[0xd6]![\r][0xf8][0xe0]0[0x0][0xc5]:J3[0x0][0xa5][0x83]3[0x96]HK[0xd1][0xc8]K[0xd2][0x94][0x8e][0xca]XR[0xba]A[0xc6][0x92][0xd2]A[0x15]K[0xa4][0xa5]f[0xe4][0x85][0x1][0xa5][0x83]"[0x96][0x94][0xee][0x85][0xb1]D[0x1a][\r]![0xd3][0xb][0x94]6O[0x90]V[0xb4][0x91][0xe7][0x2]J[0x87][0x1f],)[0x1d]~[0xb0][0xa4]t[0xaf][0x89][0xa5])[0xc1][0xb2][0x86]@a[0x85]4[0x16]DD[0xe9][0x81]4\Bf[0x90]#[0x1a]]d[0x1a]@i[0xaa]A[0xda][0x9d]C[0xbd][0xc5][0xa7][0x96]H[0xa3]([0x84]LE.[0x8d][0x91][0x6]O[0x8]i#~%[0xac]%[0xa5][0x7][0xa3]XR[0xba]H[0xce][0x12]iH[0x85][0xbc]h[0xa6]t[0xe1][0x9c]%[0xd2][0xc2]92][0x80][0xc8]Y[0xe4][0x19]@[0xe9][0x8a]:K[0xa4]a[0x1d][0xe7][0xc4][0x94][0xdc][0xd2]b[0x85][0x80][0xd4][0xb2][0xd4][0xa2][0xd4][0x9c][0x1c][0x8c]6[0x91]GiZZNjAiZ[0x1a]r[0xea]B[0x1a][0xd6]q*M[0xce]NJM[0xc4]<q(8[0xa7][0xb2]$[0x3]t[0x98]"[0x8a]FD3[0xdb]=5[0xbf](=U!<5[0xb1]8'[0x15][0xf3]`[0xaa][0x90][0x8c][0xd2][0xbc][0x94][0xd4][0xa2][0xa4][0xcc]"[0xe4][0xfd][0xdc][0x96][0x94][0xae][0xa4][0xb3]D[0x1a][0xcf]!3[0xf4][0x11][0xad]8[0xf2][0xc][0xa0]t[0x1d][0x9b]%[0xd2][0x88][0xe][0x99].[0xa0][0xb4][0xa9][0x86]4[0xa4]C[0xa6][0xb][0x10]=\2[\r][0xa0][0xb4][0xb4]F[0x1a][0x11][0xa2][0xe8][0xa4]4K[0xa4][0x1]!J[0xc]26[0xa0]p1[0x99][0xb1][0x1][0xd2]N[0xb6][0x80][0xd4][0xa2][0xcc][0x82][0x8c][0xd4][0xa2][0xc4][0x1c][0x5][0x1c][0x95][0xaf]o~iq[0xaa][0x8e][0x82]wjeR~bQ[0x8a][0x8e][0x82]GjbJAF~^[0xaa][0x82]k[0x88]3"[0xcf][0x1a][0x1b]P8[0xde]dl@[0xe1][0xfe]6c[0x3][\n]"
10:06:59.940 [main] DEBUG org.apache.http.wire -  << "[0x7][0xac][0x8c][\r][0xc](Kn[0xc6][0x6]H[0x87][0xb5][0x90][0x93]^[0x8d][\r][0x90][0x6][0xac][0xc8]4[0x0]q[0xca][0x3][0x99][0x6] 2=[0x8e]$[0x81][0xb7]Agl@x[0xcb][0x1b]r[0xaa]A:5[0x85]L[0xf7]RVM[0x1a][0x1b] [\r]*[0x91][0xe7]a[0xa4]A%[0x1c][0x6] {[0x18]i[0xd9][0x13]y[0x1e]F:I8[\r][0xe7][0xb1][0xda](6RV[0x6][0x1a][0x1b]P8[0x6]dl@[0xe1][0x18][0x90][0xb1][0x1][0xd2][0x18][0x10]5[0x8b],[0xa4][0x91]![0xf2][0xe2][0xc2][0x18][0x91]Y[0xc8]4[0x80][0xb2][0xee][0x88][0xb1][0x1][0x85][0xa3]M[0xc6][0x6]HK[0x9f][0xc8][0xf4][0x2]e[\r][0x1d]c[0x3]cJs0[0x85]k[0x9e][0x8c][\r][0x90]F[0xb0][0xc8][0xb][0x3][\n]"
10:06:59.940 [main] DEBUG org.apache.http.wire -  << "W[0x1c][0x19][0x1b]P8&el@[0xe2][0x90][0x12][0x0][0x0][0x0][0xff][0xff]"
10:06:59.940 [main] DEBUG org.apache.http.wire -  << "[\r][\n]"
10:06:59.940 [main] DEBUG org.apache.http.wire -  << "228[\r][\n]"
10:06:59.940 [main] DEBUG org.apache.http.wire -  << "B?i[0xdf][0xd8][0x80][0xc2]!%c[0x3][0xa4]u:[0xe4][0x5]"[0x85][0xb]u[0x8c][\r]([0x1c]R26@:[0xfd][0x84]L/P[0x9a][0x94][0x91]FC[0xc8]s[0x1][0x85]CJ[0xc6][0x6][0x14][0x8e][0xb0][0x18][0x1b]P8[0xa4]dl[0x80]tT-ya[0x80]4[0x16]B[0xa6][0x1][0x88][0x5][0xeb]d[0x1a][0x80][0xe8][0xbf][0x92]i[0x0][0xa5][0x15][0xb][0x85]#([0xc6][0x6][0x14][0x8e]_[0x18][0x1b][0x98]S[0x9a][0x17][0x90][0x86][0x1f]p[0xb4][0xab][0x8][0xb4]D[0x91][0x86][0x1f]p[0x18][0x80][0xdc]LB[0x1a]2[0xc0][0xa1][0x9a][0x90]u[0x88][0xba][0x1c][0x87][0x1]([0xd6]!Ze[0xf0][0xed][0xa2][0x18][0xc3]*p[0x19][0x8c][0x8d][0xa4][0xc6][0x6][0x16][0x88][0xf0][0x85]+#[0xc9][0x0][\n]"
10:06:59.940 [main] DEBUG org.apache.http.wire -  << "[0x97][0x8c][0x18][0x1b] mS#/[0x95]S8>`l[0x80][0xb4]S[0x8c]L[0x17] [0x2][0x91],[0x3][0xc][0x9][0xf7][0xc6][0x91]"[0xdd][0x90][0xd2].[0xae]![0xe1]..[0x8a]u[0x94][0xfa][0x8e][0xc2][0x8d]R[0xc6][0x86]H[0x7][0xa8][0x90][0x17][0xbe]H[0xbd]I[0x17]Og'G[0x85]HG[0xf][0x8c]d[0xee][0x18][0xe0][0xa9][0x10][0xee][0x1f][0xe4][0x1d][0x8c][0xec]{[\n]"
10:06:59.940 [main] DEBUG org.apache.http.wire -  << "w[0xfb][0x18][0x1b]"[0xed][0xf6]![0xd9]nJC[0x1e][0xa9]WJ^[0xc0]Q[0xb8]?[0xc7][0xd8][0x10][0xa9][0x9f]I[0xa6][0xb]([0x1c]M1DZ[0xa9]@[0xa6][0xb]([0xec][0x9a][0x18][0x12][0xde][0xf][0x83]w/[0x83][0xb1]![0xe1][0x9e]/r[0x8a]EZ{[0xe0][0x9b][0x9a]_[0x8e][0xe5]l?[0xdf][0xc4][0x8a][0xcc][0xdc]T[0xd0]9{[\n]"
10:06:59.940 [main] DEBUG org.apache.http.wire -  << "[0xb9][0x99]y[0xa5][0xc5][\n]"
10:06:59.940 [main] DEBUG org.apache.http.wire -  << "[0x99])[0xe0]S[0xf8]2[0xb][0x8a][0x13]s[0x15][0xca][0xf2]sJ[0xb]J[0x12]KRs[0x15][0x8a]3s3s2[0xb]KS[0x91]N[0xe3]36[0xa4][0xb4][0xb7]hH[0xb8][0xb7][0x88][0xec][0x1f][0xa4][0xa5][0x5][0xe4]E [0xe1][0x8e][0x19][0x8a]u[0x94]&8[0xc2][0x13][0xfb][0xc8][0xd6]Q[0xda][0xe1]1[0xa4]p[0x12][0xde][0xd8][0x90][0xd2][0x1e][0x93]![0xe1]Y|[0x14][0xf]S[0x9a][0x9d][0x90]&[0x8b]q[0xa4][0x7]d[0xeb]([0xed][0x89][0x18]"[0xf5]DH-[0xbf])<[0xea][0xc4][0xd8][0x10]i[0x96][0x17][0x87]W[0x9][0x94][0x1c][0x14][0x1e]ubl[0x88]4[0xb5]K[0xa6][0xb]([0xec][0xc4][0x18][0x12][0x9e][0x6]F[0x8e]n[0xa4][0xe][0x7][0x8e][0xe6]3[0xfe][0xf6][0xb7]!R[0x87][0x3][0x87][0x1][0xc8][0xd6]Q[0xda][0xbb]0$[0xa9]waHi[0xef][0xc2][0x10]i[0x85]:1[0xbe]C[0xf4].p[0xa8]&[0x10][0x98]H[0xc7]p[0xe0]0[0x0]90[0x91][0xe6]*q[0xa8]&`[0x1d]R_[0x4][0x87][0x1]([0xd6]!R&[0xe][0xd5][0x84][0xac]Ct[0xaf]q[0x18][0xa0]T[0x1b][[0xcb][0x5][0x0][0x0][0x0][0xff][0xff]"
10:06:59.940 [main] DEBUG org.apache.http.wire -  << "[\r][\n]"
10:06:59.940 [main] DEBUG org.apache.http.wire -  << "A[\r][\n]"
10:06:59.940 [main] DEBUG org.apache.http.wire -  << "[0x3][0x0][0xc1][0xd2]E[0xbd][0xd4]r[0x0][0x0]"
10:06:59.940 [main] DEBUG org.apache.http.wire -  << "[\r][\n]"
10:06:59.941 [main] DEBUG org.apache.http.wire -  << "0[\r][\n]"
10:06:59.941 [main] DEBUG org.apache.http.wire -  << "[\r][\n]"
10:06:59.941 [main] DEBUG io.restassured.internal.RestAssuredHttpBuilder - Parsed data to instance of: class org.apache.http.conn.EofSensorInputStream
10:06:59.941 [main] DEBUG org.apache.http.impl.conn.BasicClientConnectionManager - Releasing connection org.apache.http.impl.conn.ManagedClientConnectionImpl@3ebc6d8b
10:06:59.941 [main] DEBUG org.apache.http.impl.conn.BasicClientConnectionManager - Connection can be kept alive indefinitely
10:06:59.959 [main] DEBUG net.thucydides.core.steps.StepInterceptor - STEP DONE: I send GET HTTP request categories
  &amp#27;[32mWhen &amp#27;[0m&amp#27;[32mI send GET HTTP request categories&amp#27;[0m                &amp#27;[90m# starter.stepdefinitions.CategoriesSteps.sentGetHttpRequestCategories()&amp#27;[0m
10:06:59.961 [main] DEBUG net.thucydides.core.steps.StepInterceptor - STARTING STEP: CategoriesSteps.receiveValidHttp200Categories - I receive valid HTTP response code 200 categories
10:06:59.962 [main] DEBUG net.thucydides.core.steps.StepInterceptor - STEP DONE: I receive valid HTTP response code 200 categories
  &amp#27;[32mThen &amp#27;[0m&amp#27;[32mI receive valid HTTP response code 200 categories&amp#27;[0m &amp#27;[90m# starter.stepdefinitions.CategoriesSteps.receiveValidHttp200Categories()&amp#27;[0m
10:06:59.964 [main] INFO  - 
  _____   ___   ___   _____     ___     _     ___   ___   ___   ___  
 |_   _| | __| / __| |_   _|   | _ \   /_\   / __| / __| | __| |   \ 
   | |   | _|  \__ \   | |     |  _/  / _ \  \__ \ \__ \ | _|  | |) |
   |_|   |___| |___/   |_|     |_|   /_/ \_\ |___/ |___/ |___| |___/ 

GET - Get list all categories
----------------------------------------------------------------------
]]></system-out>
  </testcase>
  <testcase name="GET - Get categories by ID" classname="Categories" time="0.122">
    <system-out><![CDATA[
Scenario: GET - Get categories by ID                     &amp#27;[90m# src/test/resources/features/4. Categories.feature:27&amp#27;[0m
10:06:59.968 [main] DEBUG io.cucumber.core.plugin.SerenityReporter - Running feature from file:///E:/APIMinpro/API/minpro/src/test/resources/features/4.%20Categories.feature
10:06:59.970 [main] INFO  - 
  _____   ___   ___   _____     ___   _____     _     ___   _____   ___   ___  
 |_   _| | __| / __| |_   _|   / __| |_   _|   /_\   | _ \ |_   _| | __| |   \ 
   | |   | _|  \__ \   | |     \__ \   | |    / _ \  |   /   | |   | _|  | |) |
   |_|   |___| |___/   |_|     |___/   |_|   /_/ \_\ |_|_\   |_|   |___| |___/ 

GET - Get categories by ID(categories;get---get-categories-by-id)
--------------------------------------------------------------------------------
10:06:59.977 [main] DEBUG net.thucydides.core.steps.StepInterceptor - STARTING STEP: CategoriesSteps.setGetApiEndpoints - I set GET api endpoints categories
10:06:59.977 [main] DEBUG net.thucydides.core.steps.StepInterceptor - STEP DONE: I set GET api endpoints categories
  &amp#27;[32mGiven &amp#27;[0m&amp#27;[32mI set GET api endpoints categories&amp#27;[0m               &amp#27;[90m# starter.stepdefinitions.CategoriesSteps.setGetApiEndpoints()&amp#27;[0m
10:06:59.980 [main] DEBUG net.thucydides.core.steps.StepInterceptor - STARTING STEP: CategoriesSteps.sendGetHttpRequestCategories2 - I send GET HTTP request categories2
10:06:59.981 [main] DEBUG net.thucydides.core.steps.StepInterceptor - STARTING STEP: Categories.sendGetHttpRequestCategories2 - I set GET api endpoints categories
10:06:59.981 [main] DEBUG net.thucydides.core.steps.StepInterceptor - STEP DONE: I set GET api endpoints categories
10:06:59.988 [main] DEBUG org.apache.http.impl.conn.BasicClientConnectionManager - Get connection for route {s}->https://altashop-api.fly.dev:443
10:06:59.988 [main] DEBUG org.apache.http.impl.conn.DefaultClientConnectionOperator - Connecting to altashop-api.fly.dev:443
10:07:00.043 [main] DEBUG org.apache.http.client.protocol.RequestAddCookies - CookieSpec selected: ignoreCookies
10:07:00.043 [main] DEBUG org.apache.http.client.protocol.RequestAuthCache - Auth cache not set in the context
10:07:00.043 [main] DEBUG org.apache.http.client.protocol.RequestTargetAuthentication - Target auth state: UNCHALLENGED
10:07:00.043 [main] DEBUG org.apache.http.client.protocol.RequestProxyAuthentication - Proxy auth state: UNCHALLENGED
10:07:00.043 [main] DEBUG org.apache.http.impl.client.DefaultHttpClient - Attempt 1 to execute request
10:07:00.043 [main] DEBUG org.apache.http.impl.conn.DefaultClientConnection - Sending request: GET /api/categories HTTP/1.1
10:07:00.043 [main] DEBUG org.apache.http.wire -  >> "GET /api/categories HTTP/1.1[\r][\n]"
10:07:00.043 [main] DEBUG org.apache.http.wire -  >> "Accept: */*[\r][\n]"
10:07:00.043 [main] DEBUG org.apache.http.wire -  >> "Host: altashop-api.fly.dev[\r][\n]"
10:07:00.043 [main] DEBUG org.apache.http.wire -  >> "Connection: Keep-Alive[\r][\n]"
10:07:00.043 [main] DEBUG org.apache.http.wire -  >> "User-Agent: Apache-HttpClient/4.5.13 (Java/11.0.15.1)[\r][\n]"
10:07:00.044 [main] DEBUG org.apache.http.wire -  >> "Accept-Encoding: gzip,deflate[\r][\n]"
10:07:00.044 [main] DEBUG org.apache.http.wire -  >> "[\r][\n]"
10:07:00.044 [main] DEBUG org.apache.http.headers - >> GET /api/categories HTTP/1.1
10:07:00.044 [main] DEBUG org.apache.http.headers - >> Accept: */*
10:07:00.044 [main] DEBUG org.apache.http.headers - >> Host: altashop-api.fly.dev
10:07:00.044 [main] DEBUG org.apache.http.headers - >> Connection: Keep-Alive
10:07:00.044 [main] DEBUG org.apache.http.headers - >> User-Agent: Apache-HttpClient/4.5.13 (Java/11.0.15.1)
10:07:00.044 [main] DEBUG org.apache.http.headers - >> Accept-Encoding: gzip,deflate
10:07:00.067 [main] DEBUG org.apache.http.wire -  << "HTTP/1.1 200 OK[\r][\n]"
10:07:00.067 [main] DEBUG org.apache.http.wire -  << "content-type: application/json[\r][\n]"
10:07:00.067 [main] DEBUG org.apache.http.wire -  << "date: Sun, 07 May 2023 03:06:59 GMT[\r][\n]"
10:07:00.067 [main] DEBUG org.apache.http.wire -  << "transfer-encoding: chunked[\r][\n]"
10:07:00.067 [main] DEBUG org.apache.http.wire -  << "content-encoding: gzip[\r][\n]"
10:07:00.067 [main] DEBUG org.apache.http.wire -  << "server: Fly/3f2597ca (2023-05-03)[\r][\n]"
10:07:00.067 [main] DEBUG org.apache.http.wire -  << "via: 1.1 fly.io[\r][\n]"
10:07:00.067 [main] DEBUG org.apache.http.wire -  << "fly-request-id: 01GZT2TGQ9BP4K623ZB0HF59BW-sin[\r][\n]"
10:07:00.067 [main] DEBUG org.apache.http.wire -  << "[\r][\n]"
10:07:00.067 [main] DEBUG org.apache.http.impl.conn.DefaultClientConnection - Receiving response: HTTP/1.1 200 OK
10:07:00.067 [main] DEBUG org.apache.http.headers - << HTTP/1.1 200 OK
10:07:00.067 [main] DEBUG org.apache.http.headers - << content-type: application/json
10:07:00.067 [main] DEBUG org.apache.http.headers - << date: Sun, 07 May 2023 03:06:59 GMT
10:07:00.067 [main] DEBUG org.apache.http.headers - << transfer-encoding: chunked
10:07:00.067 [main] DEBUG org.apache.http.headers - << content-encoding: gzip
10:07:00.067 [main] DEBUG org.apache.http.headers - << server: Fly/3f2597ca (2023-05-03)
10:07:00.067 [main] DEBUG org.apache.http.headers - << via: 1.1 fly.io
10:07:00.067 [main] DEBUG org.apache.http.headers - << fly-request-id: 01GZT2TGQ9BP4K623ZB0HF59BW-sin
10:07:00.067 [main] DEBUG org.apache.http.impl.client.DefaultHttpClient - Connection can be kept alive indefinitely
10:07:00.067 [main] DEBUG io.restassured.internal.RestAssuredHttpBuilder - Parsing response as: application/json
10:07:00.067 [main] DEBUG org.apache.http.wire -  << "408[\r][\n]"
10:07:00.067 [main] DEBUG org.apache.http.wire -  << "[0x1f][0x8b][0x8][0x0][0x0][0x0][0x0][0x0][0x4][0xff][0xaa]VJI,IT[0xb2][0x8a][0xae]V[0xf2]tQ[0xb2]24250[0xd5]Q[0xf2]K[0xcc]MU[0xb2]Rr+-[0xca][0xcb],)-JU[0xd2]QrI-N.[0xca],([0xc9][0xcc][0xcf]S[0xb2]RJ[0xcb]/RHO[0xcc][0xcd][0xcc]KW((-*[0xc8]/N-V[0xaa][0xd5]A[0x98]aA[0x5]3,[0xe1]f(:([0xab][0xa8][0x92][0xea][0x6]CC[0xb8]~[0x88]KI6[0xc0][0x98]R[0x3]L(5[0xc0][0x8c]R[0x3][0xcc])5[0x0][0x11][0x9][0xe4][0x5][0xa2][0x91][0x1][0x85].02[0xa2][0xd4][0x0]D4[0x86][0xa5][0x96][0xa4][0x16]e[0xe6]%[0x16]Ub[0xa4][0x85][0xd4][0x9c][0xd4][0xe4][0x92][0xa2][0xcc][0xe4][0xcc][0xc4]<[0xe4][0x84]l[0x84][0xc8][0xc][0xbe][0xf9][0xa0][0xb4][0xaf][0x10][0x90][0x99][0xc][0xca][0x11][0xc5][\n]"
10:07:00.067 [main] DEBUG org.apache.http.wire -  << "[0x89]y)[\n]"
10:07:00.067 [main] DEBUG org.apache.http.wire -  << "n[0x99]9[0xb9][0x18]Fe$f[0x16][0xa5][0x14][0xa5][0x16][0x17][0xa7][0x16][0xa1][0x18][0x85][0x88][0xb][0x8f][0xd2][0xdc][0xc4]<[0x85][0xa0][0xd4][0xe2][0xfc][0xd2][0xa2][0xe4][0xd4]b[0xc][0x13][0xca]3[0xf3]R[0xf2][0xcb][0x15][0x92]sR[0x13][0xf3][0xd0][0xc]A[0xc4][0x87]kJir"[0xd8]I[0xbe][0x89]y[0x89][0xe9][0xa9][0xb9][0xa9]y%[0x18]&[0x15][0xe4][0xe7]d&[0xa7]*[0xe4][0xa7][0xa5]e&[0xa3][0x9a]d[0x8c][0xc8][0x1e]A[0x89][0x99]9E[0xf9][0x89])[\n]"
10:07:00.067 [main] DEBUG org.apache.http.wire -  << "[0xbe][0x89]y[0xa5]i[0x89]`[0xff]a[0x98][0x94]XR[0x92]_[0x94][0x97]Z[0xa9][0x90]X[0xa2][0x90][0x93]X[0x8e][0xec]3cD[0x8];%[0x96]$[0xa6][0xe7][0x17])[0x84][0xe7]g[0x97]b[0x18][0xe1][0x9c][0x9a][0x9b][0x99][0x93][0x98][0xa7]P[0x9c][0x9a][0x1]2$[0xb5]*[0xb1]D!)[0xb5](=[0xb3]*[0x13][0xc5]8J[0xb3][0x8d]1"[0xd2] [0x89]6[0x1d][0xc3])[0x4][0xca]/cD[0xc6]+I-.[0xc1][0x12]E([0xe]F[0x94]v[0xe4][0xda][0x87][0x88]V"[0xec]3AD[0x9d];[0xb8][0xc][0xc6][0xf0][0x9e][0x1b][0xfe][0xe2][0xd9][0x4][0x91][0xa7]p[0x18][0x80][0xec]=[0x13]D[0xf4][0x92][0xe9]=[0x13]D[0x8c][0x12][0xe3]=DF![0xc2]u[0xa6][0x88][0xc0][0x80][0xb8][0xe]#0[0x8][0xc4][0xb5])"0[0xc8]4[0x0][0x11]>[0xd4]H[0xfe][0xa6][0x88][0xc0][0xa2][0x8a]q[0x88][0xcc]@[0x15][0xe3][0x10]9[0x83]*[0xc6]![0xe2][0x9a]*[0xc6]!r"U[0x8c]CdKj[0x18]gFi]h[0x86]H[0xeb][0x8e][0xd9]I[0x89]E[\n]"
10:07:00.067 [main] DEBUG org.apache.http.wire -  << "A[0x99]U[0xd9][0x95][\n]"
10:07:00.068 [main] DEBUG org.apache.http.wire -  << "n[0x89][0x19]E[0xa5]E[0xf9]U[0x98][0xb5]Znf^[0xa6]BAQ~Vjr[0x9]r[0x96]6C[0xa4]y[0xaa]x[0xc][0x91][0x3][0xc8][0xcb]Bf[0x88]4O[0xa6][0x1][0xd4]M[0xe5]f[0x88]TN[0xa6]{[0x10][0xe9][0xda]9[0xb1]$5=[0xbf][0xa8]R[0xc1][0xb1]4'3[0x11][0xa3]t[0x2][0xc5]P2LI"X[0x9]RC[0xda][0xc][0x91][0xa0][0xf3][0x12]s[0x13]Aq[0x99]R[0x9a][0x8d]aH6[0xc4][0x0]p\[0x83][0xe4][0x91]M[0xa0]n[0x1a]6G$A[0xf2]B[0xc6][0x1c][0x91][0xf4][0xc8]4[0x80][0xd2][0xc4]fNib3G$62[0xbd]@i[0xf2]2G$[0xb]2][0x80]H[0x15][0x10][0x3]Hn"Y [\n]"
10:07:00.068 [main] DEBUG org.apache.http.wire -  << "3"[0xea]t[0xb]Jc[0xdd][0x82][0xd2]X[0xb7]@[0xc4]:1[0xee][0xa5]4[0x86],[0x10][0x5][0x0]1[0xd6][0xa1]G[0x7]F[0xe]'[0xd0][0x88][0xb1]D[0xc4]FHj1f?[0xc0]3/S[0x1]$[0x1][0xea][0xb0][0xbb]g[0xa6][0xe6] W[0x6][0x96][0x94]fiKJ#[0xd7][0x92][0xd2][0xc8][0xb5]DD.$9[0x93][0x1c]~[0x94]fiKJ[0x13][0x8c]%"[0xc1][0x90][0xe9][0x5]J[0xcb][0x4]KD"$[0x9c]d[0xcd][0xc](L5f[0x6][0x88]TC[0x8c]u[0x14][0xc6][0xb0][0x19][0xd2][0xb0][0x16]1[0xd6]Q[0x18][0x1b]f[0x6][0x88][0xd8] [0xc2]:[0xa4][0xb1][0xaa][0xdc][0xc4][0xec][0xc4][0xbc][0xc4]<[0x8c][0x4][0xc][0x13]GT[0xed]f[0x86][0x88][0x10]$+[0xc9][0x98][0x19]R[0x98][0xef][0xcc][0xc])[0x8d][0x15]C[\n]"
10:07:00.068 [main] DEBUG org.apache.http.wire -  << "[0xf3][0x9d][0x99]![0x85][0xf9][0xce][0xcc][0x10][0x11][0xd3]Th[\n]"
10:07:00.068 [main] DEBUG org.apache.http.wire -  << "[0x9b][0x19]"[0xe2]=<[0xb3](5'[0xb5][0x18]sx[0xa7] [0xa3][0xb2]839[0xb3][0x18][0xb9]InF[0xe9]@[0x99][0x19][0xa5][0x3]efF[0x94]F[0xa6][0x11][0xa5]qa[0x84][0x8]<[0x1c][0x9]:[0xb1]8[0x5][0xa9][0xea]23B-[0xb2]@[0xb5][AQ~Ji2f[\r]X[0x92][0x91]Y[0xac][0x90]Y[0xac]P[0x92][0x91][\n]"
10:07:00.068 [main] DEBUG org.apache.http.wire -  << "iE'[0x97]([0xa4] [0x8d]i#[0xe5]+cDe[\n]"
10:07:00.068 [main] DEBUG org.apache.http.wire -  << "[0xca][0xbb][0xd4]2[0x15]Q`[0x12]2[0x15][0xd9][0x8b][0xc6][0x88]LNH[0x1b])^D[0xe4]|B[0xa6][0xa2]8[0x86][0xd2][0xec][0x8a]6[0xb0]F[0xad][0xa0]E[0xe4]aR|[0x83]4[0x8e]FH[0x1b][0x9]A[0x8b]4[0xb8]F[0xc8]T[0xe4][0xa0]E[0x1a]#[0xc3][0x91][0xf6][0xf1]7[0x1][0xcd]L([0xcd]}&[0x4]s[0x1f][0xdc][0x5][0x0][0x0][0x0][0x0][0xff][0xff]"
10:07:00.068 [main] DEBUG org.apache.http.wire -  << "[\r][\n]"
10:07:00.068 [main] DEBUG org.apache.http.wire -  << "3B1[\r][\n]"
10:07:00.068 [main] DEBUG org.apache.http.wire -  << "[0xc2]:[0xeb]cf[0x8a][0xc8]7[0xe4]y[0x81][0xd2][0xa1]83S[0xe2][0x93]5[0x9]1jJi[0xaa]7EDM@~NfyQbI[0x6]F[0x5][0x1f][0x94]ZP[0x9a][0x92][0x99][0x98][0x97][0x92][0x98][0xaa][0x90][0x97]Z[0x9c][0x9c]Y[0x9a]W[0xa2][0x90]Z[0x91][0x9c]ZPRZ[0x94][0xa9][0x90][0x92][0x9f][0x93]_[0x94][0xaa][0x90]Z[0x9a][0xab]P[0x9c]ZX[0x9a][0xa9][0x87][0x9c]xL[0x11][0x19][0xc0]719#?[0x1b]s[0xc6].[0xb0]4[0xb1]8S![0xad]4=Q!/?O[0xa1][0xb0]4?E!3[0xb7] 5%[0xb3]D[0xa1],5'[0xb3][0x4][0xd5]@J[0xd3][0x2][0xa5]c]fHCT[0x90][0xc4]Dj[0xf][0xd5][0xcc][0xc]51[0xe0][0x1f][0xc4]73CD[0xb2][0xa1][0x91][0xb1]Bb[0x16][0xe6]P[\r]([0xf9][0xe7][0xa6][0x16]%g`[0x9b][0xf3]4[0xa3]t[0xcc][0xc8][0xcc][0xc]Q[0x99]A|[0x8c][0x91]D@[0xe][0x80]Hau[0x81]9[0xa5][0xf9][0xcf][0x1c][0x11]b[0x10]kHv[0x1][0xa5]M[0x8]sDB&[0xcf][0x5]H[0xc3][0x12]d[0x1a]@i[0x18]X 2;[0x99]. [0x18][0x6][0xc8]Y[0x9f][0xd2][0xde][0xbb][0x19][0xe1][0xde];[0x8a]u[0x94][0xfa][0x8e]p?[0x17][0xc9]:sJ{[0x99][0xe6]H[0xbd]L[0xb2]b[0xc3][0xdc][0x80][0xc2][0xf4]`n@a[0x9e]0G[0xea][0xb9][0x92][0xe9][0x5][\n]"
10:07:00.068 [main] DEBUG org.apache.http.wire -  << "[0xe3][0xcc][0xdc][0x80][0x94][0x14]i[0x8e][0xd4][0x99]%[0xcf][0xbd][0x94][0xf6]k[0xcd][0x91][0xfa][0xb5]8f[0x10][0xf1]O[0x90][0x9a]#uK[0xc9]4[0x0][0x11]b8[0xc]@N[0xe5]H[0x9d]F2C[0x8c]`[0xd5][0x81]l[0x9d][0x11]"I[0xe3]p[0x1c][0x81][0xe0]A[0xea])[0xe2]0[0x0][0xc5]:J[0x93][0x9f][0x11]"0q[0x4][0xf][0xb2]uH[0xb][0x1b]p[0xa8][0xc6]_[0x8d][0x9a]#[0xf5][0xb8]p[0x18][0x80]b[0x1d][0xa5][0xbe]3&[0xc9]wH}[0x16][0x1c][0x8e]#[0xe0];[0xa4][0xee][0x9][0xe][0x3][0x90]}[0x87][0xd4][0xa9] [0xd4][0x99]![0xbe]Amn[0x82][0xf0]2!SQ[0x1c][0x83]H[0xe5][0x84][0xb4][0x91][0xe0][0x18][0xa4][0x5][0x4]8[0x12]3[0x81][0xdc][0x80][0xd4]k[0xc1]a[0x0][0xb2]'[0x90][0xa6][0xf7]q[0xa8]&d[0x1d][0xa2][0xa1][0x8a][0xc3][0x0][0x14][0xeb][0x10]A[0x8d]#[0xba][0x9][0xa4][0x17]SDO[0x0][0x87]u[0x84][0xdc][0x8b][0x88]5[0x1c][0x6] [0xbb][0x17]i[0x8a][0x9b][\n]"
10:07:00.068 [main] DEBUG org.apache.http.wire -  << "[0xc3]q[0xe6][0x18][0xbd][0x8][0x12][[0xb4][0xe6]H[0x9d][0x8][0xf2][0xc2][0xf]ij[0x1b][0xf7]rJ[0xb8][0x8c][0x82]WjAbQ"J[0x88]PZ[0xc0][0x98]Q[0x9a][0x4]([0xed]W[0x98]S:ilN[0xe9][0xa4][0xb1]9R[0xcf][0x6][0x1e][0xd6][0x18]I[0x1].[0x83]%[0x16]([0x9d][0xf3]57GD[0xa3][Qi&[0xe6][0x0]%r[0x9c]S[0xda][\r]2G[0x9a] &[0xc2]6D[0xe][0xc5][0xae]8=??E[0x1]TNd[0xa4]&[0xe6][0x94]d [0xbb][0x94][0xd2][0xfe][0x96][0xb9][0x5]bX[0x94][0xbc][0xc]F[0xe9][0xd4][0xb2]9[0xa5]S[0xcb][0xe6]HS[0xcb]dz[0x1]Q[0xa4][0x93]i[0x0]"q[0x91]i[0x0][0xa5]e[0x84][0x5][0xa2][0x9a] [0xcf][0x5]H3[0xd8]d[0x1a]@iB"[0xdc][0x11][0x6]e[0x1][0x88][0xe3][0xb0][0x8d][0xbf][0x98]#McS[0xa3][0xee][0xa2]tR[0xdb][0xdc][0x92][0xd2]dExR[0x1b][0xb9](@[0xea][0xd9]S[0xc5][0xfb][0x14][0xa7](D[0xb1][0x6][0x89]4[0x8c][0x2][0x1f]|Z[0x18]P8[0x9e]fA[0xe9][0xe8][0x85][0x5]R[0xd7][0x1f]6[0xff][0x8b][0xbe][0x13][0x3]&[0x8e][0x98][0xbf][0xb2]@[0xea][0xae][0xbb];[0xfa]z[0xfa][0xb9][0x93][0xec]qD[0xd0];&'[0xa7][0x16][0x17][0xe7][0x17]eb[0x19]>-[0xc9]WH[0xcd][0xcb]H[0xcc]KNUH,(HM,[0x2]1[0x91]R[0x84][0x85]!"[0x0][0xa9][0x90]",([0x1d]X[0xb0]@[0x1a]X[0xa0][0x8a]{[0x10][0xfd]h[0xaa][0x18][0x87][0xc8][0xae][0x94][0x85]:[0xa2],[0xa7][0xc8][0x1c]#D[0x81]J[0x91]9[0x6][0x94][0xe6]CJ[0xe7][0xf8]-([0x1d]_[0xb1]0[0xa4][0xd4][0xb][0x94][0xce][0xee][ [0xcd][0xee]S[0x14][0x19]Hc?[0xe4][0x15][0x8a]Hc?[0x94]9[0x84]J[0xa9][0x9d][0xd2]E[0x7][0x16][0x84]G[0x97][0x8]T[0x13][0x84]W-[0x10]2[0x80][0xd2][0xd4][0x85][0xb4]`[0x1]G[0xa4]"[0x97][0xca][0x94][0xe][0x90]Y [\r][0x90]Q[0x94][0x4][0x90][0x16][0x3][0xe0]p6[0x81][0x80]C[0x1a]:[0xa3][0xcc]![0x88][0xfa][0x8e]L[0x87]P[0x1a][0x83]&[0x88][0x9a][0x92]<[0x17]P:.hAx\[0x10])2[0x0][0x0][0x0][0x0][0xff][0xff]"
10:07:00.068 [main] DEBUG org.apache.http.wire -  << "[\r][\n]"
10:07:00.068 [main] DEBUG org.apache.http.wire -  << "5F4[\r][\n]"
10:07:00.068 [main] DEBUG org.apache.http.wire -  << "[0xc2][0xb2][0xe7][0xd3][0x2]c[0x9b][0x10][0xa9][0xad][0xe]JW@X[0x98] [0x8a][0x14]2[0x3][0x11][0xd1][0x8d][0xa2](=![0x8d]o[0x92][0xe9][0x10]J[0x13][0xa4][0x9][0xa5][0x9][0x92][0xd2][0xb5][0x1c][0x16]H[0xc3][0xaa][0xe4]l[0xdf][0xb5]@Z[0xca]A^[0x18]"[\r][0xb4][0x92]i[0x0]"9Q[0x94][0x1a][0x90]VPf[0xe][0xa2]]G[0xa6][0x87][0x10][0xa9][0x8a][0xac](AZ[0xd3]A[0x91]G[0x90][0xc6]x[0xc9][0xf3][0x8][0xa5][0xa3][0xba][0x16][0x94][0x8e][0xea]Z [0x8d][0xea][0x92][0x17][0x94][0x88][0x92][0x86][0xcc] @$[0x6][0xf2][0x1c]@i[0x1][0x81]4(L[0x96][0x3]([0x1d][0xd2][0xb5]@[0x1a][0xd2]%[0xcf][0x1][0x88][0xec]M^[0x14] [0x8d][0xe8][0x92][0xe7][0x0]Dv$[0xd3][0x1][0x88]8$[0xcb][0x1][0x94][0xe][0xbd]Z [\r][0xbd][0x92][0xe7][0x0][\n]"
10:07:00.068 [main] DEBUG org.apache.http.wire -  << "[0x97]FXXP[0x1a][0x87]H[0x8b]u[0xc8][0xf3][0x1][0x85]Q@[0xe9][0xea][0x1d][0xb][0xa4]AK[0xb2]<@[0xe9] [0xa3][0x5][0xd2] #y[0xe]@[0x14]d[0xc9][0xf9]y%[0xf9][0x19][0xba][0xd0][0xdd][0x90][0xd8]F[0x9c][0xdc][0x12][0x8b]32[0xf3][0xf3][0x12][0x93]rR[0x91]{4[0x96][0x88][0x9c]D[0xd8][0xc]L[0x15]HCgH{`[0xc8][0xca][0x93][0x96][0x94][0xe][0xf9]YR[0xba][0xde][0xc8][0x12]i[0xcc][0x90]L/ b[0x84]L[0x3][0x10][0x99][0x2][0xc7][0x8c]/[0xfe])cK[0xa4]qC[0x1c][0x6] [0xc5][0xbe]%[0xd2][0xa8][0x1e][0xe][0xd5][0x84][0xac]C[0x8c][0xe3][0xe1]0[0x0][0xc5]:D[0x99][0x83]C5![0xeb][0x10]u?[0xe][0x3]P[0xac]C[0xa4]m[0xf2]b[0x83][0xd2][0xb1]+KJ[0xc7][0xae],[0x91][0x6][0x12][0xc9][0xf3][0x2][0xd2][0xe0][0x17][0x99][0x6] b[0x98]L[0x3]([0xac][0xa9],[0x91][0x86][0xa9]pD:[0x81]T[0x83]4L[0x85][0xc3][0x0][0xe4]T[0x83][0xb4]1[0x86]<[0xf]S:Hd[0x89]4H[0x84][0xc3][0xbd][0x4]<[0x8c]t[0xaa][0xc][0xe][0x3][0x90]=[0x8c]q[0xe6][0xb][0x89][0xa3][0xf][0x96][0x94][0xe]FY[0x1a]#2*[0xe][0xf7][0x12][0xf2]0[0xc1]b[0x13][0xd9][0xc3]H[0x3]>[0xe4]Y[0x87]4[0xe0][0x83][0xc3][0x0][0x14][0xeb]([0xcd][0x0][0x94][0xe][0xce]X"-E#/IS:*cI[0xe9][0x6][0x19]KJ[0x7]U,[0x91][0x96][0x9a][0x91][0x17][0x6][0x94][0xe][0x8a]XR[0xba][0x17][0xc6][0x12]i4[0x84]L/P[0xda]<AZ[0xd1]F[0x9e][0xb]([0x1d]~[0xb0][0xa4]t[0xf8][0xc1][0x92][0xd2][0xbd]&[0x96][0xa6][0x4][0xcb][0x1a][0x2][0x85][0x15][0xd2]X[0x10][0x11][0xa5][0x7][0xd2]p[0x9][0x99]A[0x8e]ht[0x91]i[0x0][0xa5][0xa9][0x6]iw[0xe][0xf5][0x16][0x9f]Z"[0x8d][0xa2][0x10]2[0x15][0xb9]4F[0x1a]<![0xa4][0x8d][0xf8][0x95][0xb0][0x96][0x94][0x1e][0x8c]bI[0xe9]"9K[0xa4]![0x15][0xf2][0xa2][0x99][0xd2][0x85]s[0x96]H[0xb][0xe7][0xc8]t[0x1]"g[0x91]g[0x0][0xa5]+[0xea],[0x91][0x86]u[0x9c][0x13]SrK[0x8b][0x15][0x2]R[0xcb]R[0x8b]Rsr0[0xda]D[0x1e][0xa5]ii9[0xa9][0x5][0xa5]ii[0xc8][0xa9][0xb]iX[0xc7][0xa9]49;)5[0x11][0xf3][0xc4][0xa1][0xe0][0x9c][0xca][0x92][0xc][0xd0]a[0x8a]([0x1a][0x11][0xcd]l[0xf7][0xd4][0xfc][0xa2][0xf4]T[0x85][0xf0][0xd4][0xc4][0xe2][0x9c]T[0xcc][0x83][0xa9]B2J[0xf3]RR[0x8b][0x92]2[0x8b][0x90][0xf7]s[R[0xba][0x92][0xce][0x12]i<[0x87][0xcc][0xd0]G[0xb4][0xe2][0xc8]3[0x80][0xd2]ul[0x96]H#:d[0xba][0x80][0xd2][0xa6][0x1a][0xd2][0x90][0xe][0x99].@[0xf4]p[0xc9]4[0x80][0xd2][0xd2][0x1a]iD[0x88][0xa2][0x93][0xd2],[0x91][0x6][0x84](1[0xc8][0xd8][0x80][0xc2][0xc5]d[0xc6][0x6]H;[0xd9][0x2]R[0x8b]2[0xb]2R[0x8b][0x12]s[0x14]pT[0xbe][0xbe][0xf9][0xa5][0xc5][0xa9]:[\n]"
10:07:00.068 [main] DEBUG org.apache.http.wire -  << "[0xde][0xa9][0x95]I[0xf9][0x89]E):[\n]"
10:07:00.068 [main] DEBUG org.apache.http.wire -  << "[0x1e][0xa9][0x89])[0x5][0x19][0xf9]y[0xa9][\n]"
10:07:00.068 [main] DEBUG org.apache.http.wire -  << "[0xae]![0xce][0x88]<kl@[0xe1]x[0x93][0xb1][0x1][0x85][0xfb][0xdb][0x8c][\r]([0x1c][0xb0]260[0xa0],[0xb9][0x19][0x1b] [0x1d][0xd6]BNz56@[0x1a][0xb0]"[0xd3][0x0][0xc4])[0xf]d[0x1a][0x80][0xc8][0xf4]8[0x92][0x4][0xde][0x6][0x9d][0xb1][0x1][0xe1]-o[0xc8][0xa9][0x6][0xe9][0xd4][0x14]2[0xdd]KY5il[0x80]4[0xa8]D[0x9e][0x87][0x91][0x6][0x95]p[0x18][0x80][0xec]a[0xa4]eO[0xe4]y[0x18][0xe9]$[0xe1]4[0x9c][0xc7]j[0xa3][0xd8]HY[0x19]hl@[0xe1][0x18][0x90][0xb1][0x1][0x85]c@[0xc6][0x6]Hc@[0xd4],[0xb2][0x90]F[0x86][0xc8][0x8b][0xb]cDf![0xd3][0x0][0xca][0xba]#[0xc6][0x6][0x14][0x8e]6[0x19][0x1b] -}"[0xd3][0xb][0x94]5t[0x8c][\r][0x8c])[0xcd][0xc1][0x14][0xae]y26@[0x1a][0xc1]"/[0xc](\qdl@[0xe1][0x98][0x94][0xb1][0x1][0x85]CJ[0xc6][0x6][0x14][0xe])[0x19][0x1b] [0xad][0xd3]!/[0x10])\[0xa8]cl@[0xe1][0x90][0x92][0xb1][0x1][0xd2][0xe9]'dz[0x81][0xd2][0xa4][0x8c]4[0x1a]B[0x9e][0xb]([0x1c]R26[0xa0]p[0x84][0xc5][0xd8][0x80][0xc2]!%c[0x3][0xa4][0xa3]j[0xc9][0xb][0x3][0xa4][0xb1][0x10]2[\r]@,X'[0xd3][0x0]D[0xff][0x95]L[0x3]([0xad]X([0x1c]A16[0xa0]p[0xfc][0xc2][0xd8][0xc0][0x9c][0xd2][0xbc][0x80]4[0xfc][0x80][0xa3]]E[0xa0]%[0x8a]4[0xfc][0x80][0xc3][0x0][0xe4]f[0x12][0xd2][0x90][0x1][0xe][0xd5][0x84][0xac]C[0xd4][0xe5]8[0xc]@[0xb1][0xe][0xd1]*[0x83]o[0x17][0xc5][0x18]V[0x81][0xcb]`l$56[0xb0]@[0x84]/\[0x19]I[0x6]P[0xb8]d[0xc4][0xd8][0x0]i[0x9b][0x1a]y[0xa9][0x9c][0xc2][0xf1][0x1]c[0x3][0xa4][0x9d]bd[0xba][0x0][0x11][0x88]d[0x19]`H[0xb8]7[0x8e][0x14][0xe9][0x86][0x94]vq[\r][0x9]wqQ[0xac][0xa3][0xd4]w[0x14]n[0x94]26D:@[0x85][0xbc][0xf0]E[0xea]M[0xba]x:[0xfb];9*D:z`$s[0xc7][0x0]O[0x85]p[0xff] [0xef]`d[0xdf]S[0xb8][0xdb][0xc7][0xd8][0x10]i[0xb7][0xf][0xc9]vS[0x1a][0xf2]H[0xbd]R[0xf2][0x2][0x8e][0xc2][0xfd]9[0xc6][0x86]H[0xfd]L2]@[0xe1]h[0x8a]![0xd2]J[0x5]2]@a[0xd7][0xc4][0x90][0xf0]~[0x18][0xbc]{[0x19][0x8c][\r][0x9][0xf7]|[0x91]S,[0xd2][0xda][0x3][0xdf][0xd4][0xfc]r,g[0xfb][0xf9]&Vd[0xe6][0xa6][0x82][0xce][0xd9]S[0xc8][0xcd][0xcc]+-V[0xc8]L[0x1][0x9f][0xc2][0x97]YP[0x9c][0x98][0xab]P[0x96][0x9f]SZP[0x92]X[0x92][0x9a][0xab]P[0x9c][0x99][0x9b][0x99][0x93]YX[0x9a][0x8a]t[0x1a][0x9f][0xb1]![0xa5][0xbd]EC[0xc2][0xbd]Ed[0xff] -- /[0x2][0x9]w[0xcc]P[0xac][0xa3]4[0xc1][0x11][0x9e][0xd8]G[0xb6][0x8e][0xd2][0xe][0x8f]![0x85][0x93][0xf0][0xc6][0x86][0x94][0xf6][0x98][0xc][0x9][0xcf][0xe2][0xa3]x[0x98][0xd2][0xec][0x84]4Y[0x8c]#= [GiO[0xc4][0x10][0xa9]'Bj[0xf9]M[0xe1]Q'[0xc6][0x86]H[0xb3][0xbc]8[0xbc]J[0xa0][0xe4][0xa0][0xf0][0xa8][0x13]cC[0xa4][0xa9]]2]@a'[0xc6][0x90][0xf0]40rt#u8p4[0x9f][0xf1][0xb7][0xbf][\r][0x91]:[0x1c]8[0xc]@[0xb6][0x8e][0xd2][0xde][0x85]!I[0xbd][0xb]CJ{[0x17][0x86]H+[0xd4][0x89][0xf1][0x1d][0xa2]w[0x81]C5[0x81][0xc0]D:[0x86][0x3][0x87][0x1][0xc8][0x81][0x89]4W[0x89]C5[0x1][0xeb][0x90][0xfa]"8[0xc]@[0xb1][0xe][0x91]2q[0xa8]&d[0x1d][0xa2]{[0x8d][0xc3][0x0][0xa5][0xda][0xd8]Z.[0x0][0x0][0x0][0x0][0xff][0xff]"
10:07:00.068 [main] DEBUG org.apache.http.wire -  << "[\r][\n]"
10:07:00.068 [main] DEBUG org.apache.http.wire -  << "A[\r][\n]"
10:07:00.068 [main] DEBUG org.apache.http.wire -  << "[0x3][0x0][0xc1][0xd2]E[0xbd][0xd4]r[0x0][0x0]"
10:07:00.068 [main] DEBUG org.apache.http.wire -  << "[\r][\n]"
10:07:00.068 [main] DEBUG org.apache.http.wire -  << "0[\r][\n]"
10:07:00.068 [main] DEBUG org.apache.http.wire -  << "[\r][\n]"
10:07:00.068 [main] DEBUG io.restassured.internal.RestAssuredHttpBuilder - Parsed data to instance of: class org.apache.http.conn.EofSensorInputStream
10:07:00.069 [main] DEBUG org.apache.http.impl.conn.BasicClientConnectionManager - Releasing connection org.apache.http.impl.conn.ManagedClientConnectionImpl@62dfe152
10:07:00.069 [main] DEBUG org.apache.http.impl.conn.BasicClientConnectionManager - Connection can be kept alive indefinitely
10:07:00.082 [main] DEBUG net.thucydides.core.steps.StepInterceptor - STEP DONE: I send GET HTTP request categories2
  &amp#27;[32mWhen &amp#27;[0m&amp#27;[32mI send GET HTTP request categories2&amp#27;[0m               &amp#27;[90m# starter.stepdefinitions.CategoriesSteps.sendGetHttpRequestCategories2()&amp#27;[0m
10:07:00.084 [main] DEBUG net.thucydides.core.steps.StepInterceptor - STARTING STEP: CategoriesSteps.receiveValidHttp200Categories - I receive valid HTTP response code 200 categories
10:07:00.085 [main] DEBUG net.thucydides.core.steps.StepInterceptor - STEP DONE: I receive valid HTTP response code 200 categories
  &amp#27;[32mThen &amp#27;[0m&amp#27;[32mI receive valid HTTP response code 200 categories&amp#27;[0m &amp#27;[90m# starter.stepdefinitions.CategoriesSteps.receiveValidHttp200Categories()&amp#27;[0m
10:07:00.086 [main] INFO  - 
  _____   ___   ___   _____     ___     _     ___   ___   ___   ___  
 |_   _| | __| / __| |_   _|   | _ \   /_\   / __| / __| | __| |   \ 
   | |   | _|  \__ \   | |     |  _/  / _ \  \__ \ \__ \ | _|  | |) |
   |_|   |___| |___/   |_|     |_|   /_/ \_\ |___/ |___/ |___| |___/ 

GET - Get categories by ID
----------------------------------------------------------------------
]]></system-out>
  </testcase>
  <testcase name="DEL - Delete category with ID" classname="Categories" time="0.131">
    <system-out><![CDATA[
Scenario: DEL - Delete category with ID                  &amp#27;[90m# src/test/resources/features/4. Categories.feature:32&amp#27;[0m
10:07:00.090 [main] DEBUG io.cucumber.core.plugin.SerenityReporter - Running feature from file:///E:/APIMinpro/API/minpro/src/test/resources/features/4.%20Categories.feature
10:07:00.091 [main] INFO  - 
  _____   ___   ___   _____     ___   _____     _     ___   _____   ___   ___  
 |_   _| | __| / __| |_   _|   / __| |_   _|   /_\   | _ \ |_   _| | __| |   \ 
   | |   | _|  \__ \   | |     \__ \   | |    / _ \  |   /   | |   | _|  | |) |
   |_|   |___| |___/   |_|     |___/   |_|   /_/ \_\ |_|_\   |_|   |___| |___/ 

DEL - Delete category with ID(categories;del---delete-category-with-id)
--------------------------------------------------------------------------------
10:07:00.099 [main] DEBUG net.thucydides.core.steps.StepInterceptor - STARTING STEP: CategoriesSteps.setDelApiEndpoints - I set DEL api endpoints categories
10:07:00.099 [main] DEBUG net.thucydides.core.steps.StepInterceptor - STEP DONE: I set DEL api endpoints categories
  &amp#27;[32mGiven &amp#27;[0m&amp#27;[32mI set DEL api endpoints categories&amp#27;[0m               &amp#27;[90m# starter.stepdefinitions.CategoriesSteps.setDelApiEndpoints()&amp#27;[0m
10:07:00.103 [main] DEBUG net.thucydides.core.steps.StepInterceptor - STARTING STEP: CategoriesSteps.sendDelHttpRequestCategoriesDel - I send DEL HTTP request categories
10:07:00.104 [main] DEBUG net.thucydides.core.steps.StepInterceptor - STARTING STEP: Categories.sendDelHttpRequestCategories - I set DEL api endpoints categories
10:07:00.104 [main] DEBUG net.thucydides.core.steps.StepInterceptor - STEP DONE: I set DEL api endpoints categories
10:07:00.110 [main] DEBUG org.apache.http.impl.conn.BasicClientConnectionManager - Get connection for route {s}->https://altashop-api.fly.dev:443
10:07:00.111 [main] DEBUG org.apache.http.impl.conn.DefaultClientConnectionOperator - Connecting to altashop-api.fly.dev:443
10:07:00.163 [main] DEBUG org.apache.http.client.protocol.RequestAddCookies - CookieSpec selected: ignoreCookies
10:07:00.163 [main] DEBUG org.apache.http.client.protocol.RequestAuthCache - Auth cache not set in the context
10:07:00.163 [main] DEBUG org.apache.http.client.protocol.RequestTargetAuthentication - Target auth state: UNCHALLENGED
10:07:00.163 [main] DEBUG org.apache.http.client.protocol.RequestProxyAuthentication - Proxy auth state: UNCHALLENGED
10:07:00.163 [main] DEBUG org.apache.http.impl.client.DefaultHttpClient - Attempt 1 to execute request
10:07:00.163 [main] DEBUG org.apache.http.impl.conn.DefaultClientConnection - Sending request: DELETE /api/categories/12510 HTTP/1.1
10:07:00.163 [main] DEBUG org.apache.http.wire -  >> "DELETE /api/categories/12510 HTTP/1.1[\r][\n]"
10:07:00.163 [main] DEBUG org.apache.http.wire -  >> "Accept: */*[\r][\n]"
10:07:00.163 [main] DEBUG org.apache.http.wire -  >> "Host: altashop-api.fly.dev[\r][\n]"
10:07:00.178 [main] DEBUG org.apache.http.wire -  >> "Connection: Keep-Alive[\r][\n]"
10:07:00.179 [main] DEBUG org.apache.http.wire -  >> "User-Agent: Apache-HttpClient/4.5.13 (Java/11.0.15.1)[\r][\n]"
10:07:00.179 [main] DEBUG org.apache.http.wire -  >> "Accept-Encoding: gzip,deflate[\r][\n]"
10:07:00.179 [main] DEBUG org.apache.http.wire -  >> "[\r][\n]"
10:07:00.179 [main] DEBUG org.apache.http.headers - >> DELETE /api/categories/12510 HTTP/1.1
10:07:00.179 [main] DEBUG org.apache.http.headers - >> Accept: */*
10:07:00.179 [main] DEBUG org.apache.http.headers - >> Host: altashop-api.fly.dev
10:07:00.179 [main] DEBUG org.apache.http.headers - >> Connection: Keep-Alive
10:07:00.179 [main] DEBUG org.apache.http.headers - >> User-Agent: Apache-HttpClient/4.5.13 (Java/11.0.15.1)
10:07:00.179 [main] DEBUG org.apache.http.headers - >> Accept-Encoding: gzip,deflate
10:07:00.182 [Finalizer] DEBUG org.apache.http.impl.conn.DefaultClientConnection - Connection 0.0.0.0:61489<->149.248.193.56:443 closed
10:07:00.184 [Finalizer] DEBUG org.apache.http.impl.conn.DefaultClientConnection - Connection 0.0.0.0:61488<->149.248.193.56:443 closed
10:07:00.186 [Finalizer] DEBUG org.apache.http.impl.conn.DefaultClientConnection - Connection 0.0.0.0:61487<->149.248.193.56:443 closed
10:07:00.189 [Finalizer] DEBUG org.apache.http.impl.conn.DefaultClientConnection - Connection 0.0.0.0:61504<->149.248.193.56:443 closed
10:07:00.192 [Finalizer] DEBUG org.apache.http.impl.conn.DefaultClientConnection - Connection 0.0.0.0:61503<->149.248.193.56:443 closed
10:07:00.194 [Finalizer] DEBUG org.apache.http.impl.conn.DefaultClientConnection - Connection 0.0.0.0:61498<->149.248.193.56:443 closed
10:07:00.196 [Finalizer] DEBUG org.apache.http.impl.conn.DefaultClientConnection - Connection 0.0.0.0:61496<->149.248.193.56:443 closed
10:07:00.198 [Finalizer] DEBUG org.apache.http.impl.conn.DefaultClientConnection - Connection 0.0.0.0:61494<->149.248.193.56:443 closed
10:07:00.200 [Finalizer] DEBUG org.apache.http.impl.conn.DefaultClientConnection - Connection 0.0.0.0:61493<->149.248.193.56:443 closed
10:07:00.202 [Finalizer] DEBUG org.apache.http.impl.conn.DefaultClientConnection - Connection 0.0.0.0:61500<->149.248.193.56:443 closed
10:07:00.203 [Finalizer] DEBUG org.apache.http.impl.conn.DefaultClientConnection - Connection 0.0.0.0:61499<->149.248.193.56:443 closed
10:07:00.203 [main] DEBUG org.apache.http.wire -  << "HTTP/1.1 200 OK[\r][\n]"
10:07:00.203 [main] DEBUG org.apache.http.wire -  << "content-type: application/json[\r][\n]"
10:07:00.203 [main] DEBUG org.apache.http.wire -  << "date: Sun, 07 May 2023 03:06:59 GMT[\r][\n]"
10:07:00.203 [main] DEBUG org.apache.http.wire -  << "content-encoding: gzip[\r][\n]"
10:07:00.203 [main] DEBUG org.apache.http.wire -  << "transfer-encoding: chunked[\r][\n]"
10:07:00.203 [main] DEBUG org.apache.http.wire -  << "server: Fly/3f2597ca (2023-05-03)[\r][\n]"
10:07:00.203 [main] DEBUG org.apache.http.wire -  << "via: 1.1 fly.io[\r][\n]"
10:07:00.204 [main] DEBUG org.apache.http.wire -  << "fly-request-id: 01GZT2TGVG0NG055CBQJK86815-sin[\r][\n]"
10:07:00.204 [main] DEBUG org.apache.http.wire -  << "[\r][\n]"
10:07:00.205 [main] DEBUG org.apache.http.impl.conn.DefaultClientConnection - Receiving response: HTTP/1.1 200 OK
10:07:00.205 [main] DEBUG org.apache.http.headers - << HTTP/1.1 200 OK
10:07:00.205 [main] DEBUG org.apache.http.headers - << content-type: application/json
10:07:00.205 [main] DEBUG org.apache.http.headers - << date: Sun, 07 May 2023 03:06:59 GMT
10:07:00.205 [main] DEBUG org.apache.http.headers - << content-encoding: gzip
10:07:00.205 [main] DEBUG org.apache.http.headers - << transfer-encoding: chunked
10:07:00.205 [main] DEBUG org.apache.http.headers - << server: Fly/3f2597ca (2023-05-03)
10:07:00.205 [main] DEBUG org.apache.http.headers - << via: 1.1 fly.io
10:07:00.205 [main] DEBUG org.apache.http.headers - << fly-request-id: 01GZT2TGVG0NG055CBQJK86815-sin
10:07:00.205 [main] DEBUG org.apache.http.impl.client.DefaultHttpClient - Connection can be kept alive indefinitely
10:07:00.206 [main] DEBUG io.restassured.internal.RestAssuredHttpBuilder - Parsing response as: application/json
10:07:00.206 [main] DEBUG org.apache.http.wire -  << "22[\r][\n]"
10:07:00.206 [main] DEBUG org.apache.http.wire -  << "[0x1f][0x8b][0x8][0x0][0x0][0x0][0x0][0x0][0x4][0xff][0xab]VJI,IT[0xb2][0xca]+[0xcd][0xc9][0xa9][0xe5][0x2][0x0][0xa3][0xab][0x8f]W[0xe][0x0][0x0][0x0]"
10:07:00.206 [main] DEBUG org.apache.http.wire -  << "[\r][\n]"
10:07:00.206 [main] DEBUG org.apache.http.wire -  << "0[\r][\n]"
10:07:00.205 [Finalizer] DEBUG org.apache.http.impl.conn.DefaultClientConnection - Connection 0.0.0.0:61502<->149.248.193.56:443 closed
10:07:00.206 [main] DEBUG org.apache.http.wire -  << "[\r][\n]"
10:07:00.206 [Finalizer] DEBUG org.apache.http.impl.conn.DefaultClientConnection - Connection 0.0.0.0:61501<->149.248.193.56:443 closed
10:07:00.206 [main] DEBUG io.restassured.internal.RestAssuredHttpBuilder - Parsed data to instance of: class org.apache.http.conn.EofSensorInputStream
10:07:00.208 [Finalizer] DEBUG org.apache.http.impl.conn.DefaultClientConnection - Connection 0.0.0.0:61492<->149.248.193.56:443 closed
10:07:00.210 [Finalizer] DEBUG org.apache.http.impl.conn.DefaultClientConnection - Connection 0.0.0.0:61491<->149.248.193.56:443 closed
10:07:00.210 [main] DEBUG org.apache.http.impl.conn.BasicClientConnectionManager - Releasing connection org.apache.http.impl.conn.ManagedClientConnectionImpl@34d3bfca
10:07:00.210 [main] DEBUG org.apache.http.impl.conn.BasicClientConnectionManager - Connection can be kept alive indefinitely
10:07:00.211 [Finalizer] DEBUG org.apache.http.impl.conn.DefaultClientConnection - Connection 0.0.0.0:61490<->149.248.193.56:443 closed
10:07:00.211 [main] DEBUG net.thucydides.core.steps.StepInterceptor - STEP DONE: I send DEL HTTP request categories
  &amp#27;[32mWhen &amp#27;[0m&amp#27;[32mI send DEL HTTP request categories&amp#27;[0m                &amp#27;[90m# starter.stepdefinitions.CategoriesSteps.sendDelHttpRequestCategoriesDel()&amp#27;[0m
10:07:00.214 [main] DEBUG net.thucydides.core.steps.StepInterceptor - STARTING STEP: CategoriesSteps.receiveValidHttp200Categories - I receive valid HTTP response code 200 categories
10:07:00.214 [main] DEBUG net.thucydides.core.steps.StepInterceptor - STEP DONE: I receive valid HTTP response code 200 categories
  &amp#27;[32mThen &amp#27;[0m&amp#27;[32mI receive valid HTTP response code 200 categories&amp#27;[0m &amp#27;[90m# starter.stepdefinitions.CategoriesSteps.receiveValidHttp200Categories()&amp#27;[0m
10:07:00.216 [main] INFO  - 
  _____   ___   ___   _____     ___     _     ___   ___   ___   ___  
 |_   _| | __| / __| |_   _|   | _ \   /_\   / __| / __| | __| |   \ 
   | |   | _|  \__ \   | |     |  _/  / _ \  \__ \ \__ \ | _|  | |) |
   |_|   |___| |___/   |_|     |_|   /_/ \_\ |___/ |___/ |___| |___/ 

DEL - Delete category with ID
----------------------------------------------------------------------
]]></system-out>
  </testcase>
  <testcase name="DEL - Delete category with invalid ID" classname="Categories" time="0.126">
    <system-out><![CDATA[
Scenario: DEL - Delete category with invalid ID          &amp#27;[90m# src/test/resources/features/4. Categories.feature:37&amp#27;[0m
10:07:00.222 [main] DEBUG io.cucumber.core.plugin.SerenityReporter - Running feature from file:///E:/APIMinpro/API/minpro/src/test/resources/features/4.%20Categories.feature
10:07:00.224 [main] INFO  - 
  _____   ___   ___   _____     ___   _____     _     ___   _____   ___   ___  
 |_   _| | __| / __| |_   _|   / __| |_   _|   /_\   | _ \ |_   _| | __| |   \ 
   | |   | _|  \__ \   | |     \__ \   | |    / _ \  |   /   | |   | _|  | |) |
   |_|   |___| |___/   |_|     |___/   |_|   /_/ \_\ |_|_\   |_|   |___| |___/ 

DEL - Delete category with invalid ID(categories;del---delete-category-with-invalid-id)
--------------------------------------------------------------------------------
10:07:00.234 [main] DEBUG net.thucydides.core.steps.StepInterceptor - STARTING STEP: CategoriesSteps.setDelApiEndpoints2 - I set DEL api endpoints categories2
10:07:00.234 [main] DEBUG net.thucydides.core.steps.StepInterceptor - STEP DONE: I set DEL api endpoints categories2
  &amp#27;[32mGiven &amp#27;[0m&amp#27;[32mI set DEL api endpoints categories2&amp#27;[0m              &amp#27;[90m# starter.stepdefinitions.CategoriesSteps.setDelApiEndpoints2()&amp#27;[0m
10:07:00.239 [main] DEBUG net.thucydides.core.steps.StepInterceptor - STARTING STEP: CategoriesSteps.sendDelHttpRequestCategoriesDel2 - I send DEL HTTP request categories2
10:07:00.240 [main] DEBUG net.thucydides.core.steps.StepInterceptor - STARTING STEP: Categories.sendDelHttpRequestCategories2 - I set DEL api endpoints categories2
10:07:00.240 [main] DEBUG net.thucydides.core.steps.StepInterceptor - STEP DONE: I set DEL api endpoints categories2
10:07:00.247 [main] DEBUG org.apache.http.impl.conn.BasicClientConnectionManager - Get connection for route {s}->https://altashop-api.fly.dev:443
10:07:00.248 [main] DEBUG org.apache.http.impl.conn.DefaultClientConnectionOperator - Connecting to altashop-api.fly.dev:443
10:07:00.318 [main] DEBUG org.apache.http.client.protocol.RequestAddCookies - CookieSpec selected: ignoreCookies
10:07:00.318 [main] DEBUG org.apache.http.client.protocol.RequestAuthCache - Auth cache not set in the context
10:07:00.318 [main] DEBUG org.apache.http.client.protocol.RequestTargetAuthentication - Target auth state: UNCHALLENGED
10:07:00.318 [main] DEBUG org.apache.http.client.protocol.RequestProxyAuthentication - Proxy auth state: UNCHALLENGED
10:07:00.318 [main] DEBUG org.apache.http.impl.client.DefaultHttpClient - Attempt 1 to execute request
10:07:00.318 [main] DEBUG org.apache.http.impl.conn.DefaultClientConnection - Sending request: DELETE /api/categories/-12510 HTTP/1.1
10:07:00.318 [main] DEBUG org.apache.http.wire -  >> "DELETE /api/categories/-12510 HTTP/1.1[\r][\n]"
10:07:00.318 [main] DEBUG org.apache.http.wire -  >> "Accept: */*[\r][\n]"
10:07:00.318 [main] DEBUG org.apache.http.wire -  >> "Host: altashop-api.fly.dev[\r][\n]"
10:07:00.318 [main] DEBUG org.apache.http.wire -  >> "Connection: Keep-Alive[\r][\n]"
10:07:00.318 [main] DEBUG org.apache.http.wire -  >> "User-Agent: Apache-HttpClient/4.5.13 (Java/11.0.15.1)[\r][\n]"
10:07:00.318 [main] DEBUG org.apache.http.wire -  >> "Accept-Encoding: gzip,deflate[\r][\n]"
10:07:00.318 [main] DEBUG org.apache.http.wire -  >> "[\r][\n]"
10:07:00.318 [main] DEBUG org.apache.http.headers - >> DELETE /api/categories/-12510 HTTP/1.1
10:07:00.318 [main] DEBUG org.apache.http.headers - >> Accept: */*
10:07:00.318 [main] DEBUG org.apache.http.headers - >> Host: altashop-api.fly.dev
10:07:00.318 [main] DEBUG org.apache.http.headers - >> Connection: Keep-Alive
10:07:00.318 [main] DEBUG org.apache.http.headers - >> User-Agent: Apache-HttpClient/4.5.13 (Java/11.0.15.1)
10:07:00.318 [main] DEBUG org.apache.http.headers - >> Accept-Encoding: gzip,deflate
10:07:00.339 [main] DEBUG org.apache.http.wire -  << "HTTP/1.1 500 Internal Server Error[\r][\n]"
10:07:00.339 [main] DEBUG org.apache.http.wire -  << "content-type: application/json[\r][\n]"
10:07:00.339 [main] DEBUG org.apache.http.wire -  << "date: Sun, 07 May 2023 03:06:59 GMT[\r][\n]"
10:07:00.339 [main] DEBUG org.apache.http.wire -  << "content-encoding: gzip[\r][\n]"
10:07:00.339 [main] DEBUG org.apache.http.wire -  << "transfer-encoding: chunked[\r][\n]"
10:07:00.339 [main] DEBUG org.apache.http.wire -  << "server: Fly/3f2597ca (2023-05-03)[\r][\n]"
10:07:00.339 [main] DEBUG org.apache.http.wire -  << "via: 1.1 fly.io[\r][\n]"
10:07:00.339 [main] DEBUG org.apache.http.wire -  << "fly-request-id: 01GZT2TGZVA87KG1K63F525J2X-sin[\r][\n]"
10:07:00.339 [main] DEBUG org.apache.http.wire -  << "[\r][\n]"
10:07:00.339 [main] DEBUG org.apache.http.impl.conn.DefaultClientConnection - Receiving response: HTTP/1.1 500 Internal Server Error
10:07:00.339 [main] DEBUG org.apache.http.headers - << HTTP/1.1 500 Internal Server Error
10:07:00.339 [main] DEBUG org.apache.http.headers - << content-type: application/json
10:07:00.339 [main] DEBUG org.apache.http.headers - << date: Sun, 07 May 2023 03:06:59 GMT
10:07:00.339 [main] DEBUG org.apache.http.headers - << content-encoding: gzip
10:07:00.339 [main] DEBUG org.apache.http.headers - << transfer-encoding: chunked
10:07:00.339 [main] DEBUG org.apache.http.headers - << server: Fly/3f2597ca (2023-05-03)
10:07:00.339 [main] DEBUG org.apache.http.headers - << via: 1.1 fly.io
10:07:00.339 [main] DEBUG org.apache.http.headers - << fly-request-id: 01GZT2TGZVA87KG1K63F525J2X-sin
10:07:00.339 [main] DEBUG org.apache.http.impl.client.DefaultHttpClient - Connection can be kept alive indefinitely
10:07:00.339 [main] DEBUG io.restassured.internal.RestAssuredHttpBuilder - Parsing response as: application/json
10:07:00.339 [main] DEBUG org.apache.http.wire -  << "5C[\r][\n]"
10:07:00.339 [main] DEBUG org.apache.http.wire -  << "[0x1f][0x8b][0x8][0x0][0x0][0x0][0x0][0x0][0x4][0xff][0xab]VJ-*[0xca]/R[0xb2]R2[0xb4]01137110767[0xb0]45[0xb6]440S[0xc8],VH/JM,I-R([0xc9]H[0xcc]S[0xc8]M[0xac][0xc8][0xcc]-[0xcd]U(K[0xcc])MUH[0xcb]/R[0xf0][0xcc]+1Q[0xaa][0xe5][0x2][0x0]g[0xb3][0xb][0x10]H[0x0][0x0][0x0]"
10:07:00.339 [main] DEBUG org.apache.http.wire -  << "[\r][\n]"
10:07:00.339 [main] DEBUG org.apache.http.wire -  << "0[\r][\n]"
10:07:00.339 [main] DEBUG org.apache.http.wire -  << "[\r][\n]"
10:07:00.339 [main] DEBUG io.restassured.internal.RestAssuredHttpBuilder - Parsed data to instance of: class org.apache.http.conn.EofSensorInputStream
10:07:00.340 [main] DEBUG org.apache.http.impl.conn.BasicClientConnectionManager - Releasing connection org.apache.http.impl.conn.ManagedClientConnectionImpl@237d0625
10:07:00.340 [main] DEBUG org.apache.http.impl.conn.BasicClientConnectionManager - Connection can be kept alive indefinitely
10:07:00.340 [main] DEBUG net.thucydides.core.steps.StepInterceptor - STEP DONE: I send DEL HTTP request categories2
  &amp#27;[32mWhen &amp#27;[0m&amp#27;[32mI send DEL HTTP request categories2&amp#27;[0m               &amp#27;[90m# starter.stepdefinitions.CategoriesSteps.sendDelHttpRequestCategoriesDel2()&amp#27;[0m
10:07:00.342 [main] DEBUG net.thucydides.core.steps.StepInterceptor - STARTING STEP: CategoriesSteps.receiveValidHttp500Categories - I receive valid HTTP response code 500 categories
10:07:00.343 [main] DEBUG net.thucydides.core.steps.StepInterceptor - STEP DONE: I receive valid HTTP response code 500 categories
  &amp#27;[32mThen &amp#27;[0m&amp#27;[32mI receive valid HTTP response code 500 categories&amp#27;[0m &amp#27;[90m# starter.stepdefinitions.CategoriesSteps.receiveValidHttp500Categories()&amp#27;[0m
10:07:00.344 [main] INFO  - 
  _____   ___   ___   _____     ___     _     ___   ___   ___   ___  
 |_   _| | __| / __| |_   _|   | _ \   /_\   / __| / __| | __| |   \ 
   | |   | _|  \__ \   | |     |  _/  / _ \  \__ \ \__ \ | _|  | |) |
   |_|   |___| |___/   |_|     |_|   /_/ \_\ |___/ |___/ |___| |___/ 

DEL - Delete category with invalid ID
----------------------------------------------------------------------
]]></system-out>
  </testcase>
  <testcase name="POST - Add new product product" classname="Product" time="0.117">
    <system-out><![CDATA[10:07:00.344 [main] DEBUG io.cucumber.core.plugin.SerenityReporter - Running feature from file:///E:/APIMinpro/API/minpro/src/test/resources/features/5.%20Product.feature
10:07:00.346 [main] DEBUG net.thucydides.core.steps.StepEventBus - Test suite started for story net.thucydides.core.model.Story@5c78189e
10:07:00.346 [main] INFO  - Test Suite Started: Product

Scenario: POST - Add new product product              &amp#27;[90m# src/test/resources/features/5. Product.feature:7&amp#27;[0m
10:07:00.350 [main] DEBUG io.cucumber.core.plugin.SerenityReporter - Running feature from file:///E:/APIMinpro/API/minpro/src/test/resources/features/5.%20Product.feature
10:07:00.351 [main] INFO  - 
  _____   ___   ___   _____     ___   _____     _     ___   _____   ___   ___  
 |_   _| | __| / __| |_   _|   / __| |_   _|   /_\   | _ \ |_   _| | __| |   \ 
   | |   | _|  \__ \   | |     \__ \   | |    / _ \  |   /   | |   | _|  | |) |
   |_|   |___| |___/   |_|     |___/   |_|   /_/ \_\ |_|_\   |_|   |___| |___/ 

POST - Add new product product(product;post---add-new-product-product)
--------------------------------------------------------------------------------
10:07:00.371 [main] DEBUG net.thucydides.core.steps.StepInterceptor - STARTING STEP: ProductSteps.setPostApiEndpointsProduct - I set POST api endpoints product
10:07:00.371 [main] DEBUG net.thucydides.core.steps.StepInterceptor - STEP DONE: I set POST api endpoints product
  &amp#27;[32mGiven &amp#27;[0m&amp#27;[32mI set POST api endpoints product&amp#27;[0m              &amp#27;[90m# starter.stepdefinitions.ProductSteps.setPostApiEndpointsProduct()&amp#27;[0m
10:07:00.373 [main] DEBUG net.thucydides.core.steps.StepInterceptor - STARTING STEP: ProductSteps.sendPostHttpRequestProduct - I send POST HTTP request product
10:07:00.375 [main] DEBUG net.thucydides.core.steps.StepInterceptor - STARTING STEP: Product.sendPostHttpRequestProduct - I set POST api endpoints product
10:07:00.376 [main] DEBUG net.thucydides.core.steps.StepInterceptor - STEP DONE: I set POST api endpoints product
10:07:00.386 [main] DEBUG org.apache.http.impl.conn.BasicClientConnectionManager - Get connection for route {s}->https://altashop-api.fly.dev:443
10:07:00.386 [main] DEBUG org.apache.http.impl.conn.DefaultClientConnectionOperator - Connecting to altashop-api.fly.dev:443
10:07:00.433 [main] DEBUG org.apache.http.client.protocol.RequestAddCookies - CookieSpec selected: ignoreCookies
10:07:00.433 [main] DEBUG org.apache.http.client.protocol.RequestAuthCache - Auth cache not set in the context
10:07:00.433 [main] DEBUG org.apache.http.client.protocol.RequestTargetAuthentication - Target auth state: UNCHALLENGED
10:07:00.433 [main] DEBUG org.apache.http.client.protocol.RequestProxyAuthentication - Proxy auth state: UNCHALLENGED
10:07:00.433 [main] DEBUG org.apache.http.impl.client.DefaultHttpClient - Attempt 1 to execute request
10:07:00.433 [main] DEBUG org.apache.http.impl.conn.DefaultClientConnection - Sending request: POST /api/products HTTP/1.1
10:07:00.433 [main] DEBUG org.apache.http.wire -  >> "POST /api/products HTTP/1.1[\r][\n]"
10:07:00.433 [main] DEBUG org.apache.http.wire -  >> "Accept: */*[\r][\n]"
10:07:00.433 [main] DEBUG org.apache.http.wire -  >> "Content-Type: application/json[\r][\n]"
10:07:00.433 [main] DEBUG org.apache.http.wire -  >> "Content-Length: 76[\r][\n]"
10:07:00.433 [main] DEBUG org.apache.http.wire -  >> "Host: altashop-api.fly.dev[\r][\n]"
10:07:00.433 [main] DEBUG org.apache.http.wire -  >> "Connection: Keep-Alive[\r][\n]"
10:07:00.433 [main] DEBUG org.apache.http.wire -  >> "User-Agent: Apache-HttpClient/4.5.13 (Java/11.0.15.1)[\r][\n]"
10:07:00.433 [main] DEBUG org.apache.http.wire -  >> "Accept-Encoding: gzip,deflate[\r][\n]"
10:07:00.433 [main] DEBUG org.apache.http.wire -  >> "[\r][\n]"
10:07:00.433 [main] DEBUG org.apache.http.headers - >> POST /api/products HTTP/1.1
10:07:00.433 [main] DEBUG org.apache.http.headers - >> Accept: */*
10:07:00.433 [main] DEBUG org.apache.http.headers - >> Content-Type: application/json
10:07:00.433 [main] DEBUG org.apache.http.headers - >> Content-Length: 76
10:07:00.433 [main] DEBUG org.apache.http.headers - >> Host: altashop-api.fly.dev
10:07:00.433 [main] DEBUG org.apache.http.headers - >> Connection: Keep-Alive
10:07:00.433 [main] DEBUG org.apache.http.headers - >> User-Agent: Apache-HttpClient/4.5.13 (Java/11.0.15.1)
10:07:00.433 [main] DEBUG org.apache.http.headers - >> Accept-Encoding: gzip,deflate
10:07:00.434 [main] DEBUG org.apache.http.wire -  >> "{"price":499,"name":"XBOX1","description":"For gaming","categories":[12541]}"
10:07:00.457 [main] DEBUG org.apache.http.wire -  << "HTTP/1.1 200 OK[\r][\n]"
10:07:00.457 [main] DEBUG org.apache.http.wire -  << "content-type: application/json[\r][\n]"
10:07:00.457 [main] DEBUG org.apache.http.wire -  << "date: Sun, 07 May 2023 03:07:00 GMT[\r][\n]"
10:07:00.457 [main] DEBUG org.apache.http.wire -  << "content-encoding: gzip[\r][\n]"
10:07:00.457 [main] DEBUG org.apache.http.wire -  << "transfer-encoding: chunked[\r][\n]"
10:07:00.457 [main] DEBUG org.apache.http.wire -  << "server: Fly/3f2597ca (2023-05-03)[\r][\n]"
10:07:00.457 [main] DEBUG org.apache.http.wire -  << "via: 1.1 fly.io[\r][\n]"
10:07:00.457 [main] DEBUG org.apache.http.wire -  << "fly-request-id: 01GZT2TH3ECWYQFQQQ01V2XCP9-sin[\r][\n]"
10:07:00.457 [main] DEBUG org.apache.http.wire -  << "[\r][\n]"
10:07:00.457 [main] DEBUG org.apache.http.impl.conn.DefaultClientConnection - Receiving response: HTTP/1.1 200 OK
10:07:00.457 [main] DEBUG org.apache.http.headers - << HTTP/1.1 200 OK
10:07:00.457 [main] DEBUG org.apache.http.headers - << content-type: application/json
10:07:00.457 [main] DEBUG org.apache.http.headers - << date: Sun, 07 May 2023 03:07:00 GMT
10:07:00.457 [main] DEBUG org.apache.http.headers - << content-encoding: gzip
10:07:00.457 [main] DEBUG org.apache.http.headers - << transfer-encoding: chunked
10:07:00.457 [main] DEBUG org.apache.http.headers - << server: Fly/3f2597ca (2023-05-03)
10:07:00.457 [main] DEBUG org.apache.http.headers - << via: 1.1 fly.io
10:07:00.457 [main] DEBUG org.apache.http.headers - << fly-request-id: 01GZT2TH3ECWYQFQQQ01V2XCP9-sin
10:07:00.457 [main] DEBUG org.apache.http.impl.client.DefaultHttpClient - Connection can be kept alive indefinitely
10:07:00.457 [main] DEBUG io.restassured.internal.RestAssuredHttpBuilder - Parsing response as: application/json
10:07:00.457 [main] DEBUG org.apache.http.wire -  << "93[\r][\n]"
10:07:00.457 [main] DEBUG org.apache.http.wire -  << "[0x1f][0x8b][0x8][0x0][0x0][0x0][0x0][0x0][0x4][0xff][0xab]VJI,IT[0xb2][0xaa]V[0xf2]tQ[0xb2]246[0xb7]0[0xd4]Q[0xf2]K[0xcc]MU[0xb2]R[0x8a]p[0xf2][0x8f]0T[0xd2]QrI-N.[0xca],([0xc9][0xcc][0xcf]S[0xb2]Rr[0xcb]/RHO[0xcc][0xcd][0xcc]KW[0xd2]Q[\n]"
10:07:00.457 [main] DEBUG org.apache.http.wire -  << "([0xca]LNU[0xb2]2[0xb1][0xb4][0xd4]Q[\n]"
10:07:00.457 [main] DEBUG org.apache.http.wire -  << "J,[0xc9][0xcc]K/V[0xb2]2[0xd0]QrN,IM[0xcf]/[0xca]L-V[0xb2][0x8a][0x86][0x9a]mdj[0x82]0[0xdb][0x1d]f[0x2].[0xc3][0x15][\n]"
10:07:00.457 [main] DEBUG org.apache.http.wire -  << "J[0x8b][\n]"
10:07:00.457 [main] DEBUG org.apache.http.wire -  << "[0xf2][0x8b]S[0x8b][0x95]jckk[0xb9][0x0]C[0xdc][0xd5][0xb4][0xa8][0x0][0x0][0x0]"
10:07:00.457 [main] DEBUG org.apache.http.wire -  << "[\r][\n]"
10:07:00.457 [main] DEBUG org.apache.http.wire -  << "0[\r][\n]"
10:07:00.457 [main] DEBUG org.apache.http.wire -  << "[\r][\n]"
10:07:00.457 [main] DEBUG io.restassured.internal.RestAssuredHttpBuilder - Parsed data to instance of: class org.apache.http.conn.EofSensorInputStream
10:07:00.459 [main] DEBUG org.apache.http.impl.conn.BasicClientConnectionManager - Releasing connection org.apache.http.impl.conn.ManagedClientConnectionImpl@7a75183d
10:07:00.459 [main] DEBUG org.apache.http.impl.conn.BasicClientConnectionManager - Connection can be kept alive indefinitely
10:07:00.459 [main] DEBUG net.thucydides.core.steps.StepInterceptor - STEP DONE: I send POST HTTP request product
  &amp#27;[32mWhen &amp#27;[0m&amp#27;[32mI send POST HTTP request product&amp#27;[0m               &amp#27;[90m# starter.stepdefinitions.ProductSteps.sendPostHttpRequestProduct()&amp#27;[0m
10:07:00.461 [main] DEBUG net.thucydides.core.steps.StepInterceptor - STARTING STEP: ProductSteps.receiveValidHttp200Product - I receive valid HTTP response code 200 product
10:07:00.462 [main] DEBUG net.thucydides.core.steps.StepInterceptor - STEP DONE: I receive valid HTTP response code 200 product
  &amp#27;[32mThen &amp#27;[0m&amp#27;[32mI receive valid HTTP response code 200 product&amp#27;[0m &amp#27;[90m# starter.stepdefinitions.ProductSteps.receiveValidHttp200Product()&amp#27;[0m
10:07:00.463 [main] INFO  - 
  _____   ___   ___   _____     ___     _     ___   ___   ___   ___  
 |_   _| | __| / __| |_   _|   | _ \   /_\   / __| / __| | __| |   \ 
   | |   | _|  \__ \   | |     |  _/  / _ \  \__ \ \__ \ | _|  | |) |
   |_|   |___| |___/   |_|     |_|   /_/ \_\ |___/ |___/ |___| |___/ 

POST - Add new product product
----------------------------------------------------------------------
]]></system-out>
  </testcase>
  <testcase name="POST - Add new product without fill name" classname="Product" time="0.118">
    <system-out><![CDATA[
Scenario: POST - Add new product without fill name    &amp#27;[90m# src/test/resources/features/5. Product.feature:12&amp#27;[0m
10:07:00.466 [main] DEBUG io.cucumber.core.plugin.SerenityReporter - Running feature from file:///E:/APIMinpro/API/minpro/src/test/resources/features/5.%20Product.feature
10:07:00.468 [main] INFO  - 
  _____   ___   ___   _____     ___   _____     _     ___   _____   ___   ___  
 |_   _| | __| / __| |_   _|   / __| |_   _|   /_\   | _ \ |_   _| | __| |   \ 
   | |   | _|  \__ \   | |     \__ \   | |    / _ \  |   /   | |   | _|  | |) |
   |_|   |___| |___/   |_|     |___/   |_|   /_/ \_\ |_|_\   |_|   |___| |___/ 

POST - Add new product without fill name(product;post---add-new-product-without-fill-name)
--------------------------------------------------------------------------------
10:07:00.476 [main] DEBUG net.thucydides.core.steps.StepInterceptor - STARTING STEP: ProductSteps.setPostApiEndpointsProduct - I set POST api endpoints product
10:07:00.476 [main] DEBUG net.thucydides.core.steps.StepInterceptor - STEP DONE: I set POST api endpoints product
  &amp#27;[32mGiven &amp#27;[0m&amp#27;[32mI set POST api endpoints product&amp#27;[0m              &amp#27;[90m# starter.stepdefinitions.ProductSteps.setPostApiEndpointsProduct()&amp#27;[0m
10:07:00.479 [main] DEBUG net.thucydides.core.steps.StepInterceptor - STARTING STEP: ProductSteps.sendPostHttpRequestProduct2 - I send POST HTTP request product2
10:07:00.480 [main] DEBUG net.thucydides.core.steps.StepInterceptor - STARTING STEP: Product.sendPostHttpRequestProduct2 - I set POST api endpoints product
10:07:00.480 [main] DEBUG net.thucydides.core.steps.StepInterceptor - STEP DONE: I set POST api endpoints product
10:07:00.490 [main] DEBUG org.apache.http.impl.conn.BasicClientConnectionManager - Get connection for route {s}->https://altashop-api.fly.dev:443
10:07:00.490 [main] DEBUG org.apache.http.impl.conn.DefaultClientConnectionOperator - Connecting to altashop-api.fly.dev:443
10:07:00.555 [main] DEBUG org.apache.http.client.protocol.RequestAddCookies - CookieSpec selected: ignoreCookies
10:07:00.555 [main] DEBUG org.apache.http.client.protocol.RequestAuthCache - Auth cache not set in the context
10:07:00.555 [main] DEBUG org.apache.http.client.protocol.RequestTargetAuthentication - Target auth state: UNCHALLENGED
10:07:00.555 [main] DEBUG org.apache.http.client.protocol.RequestProxyAuthentication - Proxy auth state: UNCHALLENGED
10:07:00.555 [main] DEBUG org.apache.http.impl.client.DefaultHttpClient - Attempt 1 to execute request
10:07:00.555 [main] DEBUG org.apache.http.impl.conn.DefaultClientConnection - Sending request: POST /api/products HTTP/1.1
10:07:00.555 [main] DEBUG org.apache.http.wire -  >> "POST /api/products HTTP/1.1[\r][\n]"
10:07:00.555 [main] DEBUG org.apache.http.wire -  >> "Accept: */*[\r][\n]"
10:07:00.555 [main] DEBUG org.apache.http.wire -  >> "Content-Type: application/json[\r][\n]"
10:07:00.555 [main] DEBUG org.apache.http.wire -  >> "Content-Length: 71[\r][\n]"
10:07:00.555 [main] DEBUG org.apache.http.wire -  >> "Host: altashop-api.fly.dev[\r][\n]"
10:07:00.555 [main] DEBUG org.apache.http.wire -  >> "Connection: Keep-Alive[\r][\n]"
10:07:00.555 [main] DEBUG org.apache.http.wire -  >> "User-Agent: Apache-HttpClient/4.5.13 (Java/11.0.15.1)[\r][\n]"
10:07:00.555 [main] DEBUG org.apache.http.wire -  >> "Accept-Encoding: gzip,deflate[\r][\n]"
10:07:00.555 [main] DEBUG org.apache.http.wire -  >> "[\r][\n]"
10:07:00.555 [main] DEBUG org.apache.http.headers - >> POST /api/products HTTP/1.1
10:07:00.555 [main] DEBUG org.apache.http.headers - >> Accept: */*
10:07:00.555 [main] DEBUG org.apache.http.headers - >> Content-Type: application/json
10:07:00.555 [main] DEBUG org.apache.http.headers - >> Content-Length: 71
10:07:00.555 [main] DEBUG org.apache.http.headers - >> Host: altashop-api.fly.dev
10:07:00.555 [main] DEBUG org.apache.http.headers - >> Connection: Keep-Alive
10:07:00.555 [main] DEBUG org.apache.http.headers - >> User-Agent: Apache-HttpClient/4.5.13 (Java/11.0.15.1)
10:07:00.555 [main] DEBUG org.apache.http.headers - >> Accept-Encoding: gzip,deflate
10:07:00.555 [main] DEBUG org.apache.http.wire -  >> "{"price":499,"name":"","description":"For gaming","categories":[12541]}"
10:07:00.576 [main] DEBUG org.apache.http.wire -  << "HTTP/1.1 500 Internal Server Error[\r][\n]"
10:07:00.576 [main] DEBUG org.apache.http.wire -  << "content-type: application/json[\r][\n]"
10:07:00.576 [main] DEBUG org.apache.http.wire -  << "date: Sun, 07 May 2023 03:07:00 GMT[\r][\n]"
10:07:00.576 [main] DEBUG org.apache.http.wire -  << "content-encoding: gzip[\r][\n]"
10:07:00.576 [main] DEBUG org.apache.http.wire -  << "transfer-encoding: chunked[\r][\n]"
10:07:00.576 [main] DEBUG org.apache.http.wire -  << "server: Fly/3f2597ca (2023-05-03)[\r][\n]"
10:07:00.576 [main] DEBUG org.apache.http.wire -  << "via: 1.1 fly.io[\r][\n]"
10:07:00.576 [main] DEBUG org.apache.http.wire -  << "fly-request-id: 01GZT2TH78ETX8YNYN265CDZV7-sin[\r][\n]"
10:07:00.576 [main] DEBUG org.apache.http.wire -  << "[\r][\n]"
10:07:00.576 [main] DEBUG org.apache.http.impl.conn.DefaultClientConnection - Receiving response: HTTP/1.1 500 Internal Server Error
10:07:00.576 [main] DEBUG org.apache.http.headers - << HTTP/1.1 500 Internal Server Error
10:07:00.576 [main] DEBUG org.apache.http.headers - << content-type: application/json
10:07:00.576 [main] DEBUG org.apache.http.headers - << date: Sun, 07 May 2023 03:07:00 GMT
10:07:00.576 [main] DEBUG org.apache.http.headers - << content-encoding: gzip
10:07:00.576 [main] DEBUG org.apache.http.headers - << transfer-encoding: chunked
10:07:00.576 [main] DEBUG org.apache.http.headers - << server: Fly/3f2597ca (2023-05-03)
10:07:00.576 [main] DEBUG org.apache.http.headers - << via: 1.1 fly.io
10:07:00.576 [main] DEBUG org.apache.http.headers - << fly-request-id: 01GZT2TH78ETX8YNYN265CDZV7-sin
10:07:00.576 [main] DEBUG org.apache.http.impl.client.DefaultHttpClient - Connection can be kept alive indefinitely
10:07:00.576 [main] DEBUG io.restassured.internal.RestAssuredHttpBuilder - Parsing response as: application/json
10:07:00.576 [main] DEBUG org.apache.http.wire -  << "80[\r][\n]"
10:07:00.576 [main] DEBUG org.apache.http.wire -  << "[0x1f][0x8b][0x8][0x0][0x0][0x0][0x0][0x0][0x4][0xff][0xab]VJ-*[0xca]/R[0xb2]Rr[\r][\n]"
10:07:00.576 [main] DEBUG org.apache.http.wire -  << "[0xf2][0xf][0xb2]R[0xc8]K-W([0xca]/WH[0xcb]/R(J[0xcd]I,[0xc9][0xcc][0xcf]S[0x88]Q*([0xca]O)M.)[0x8e]QR([0xcb][0xcc][0xcf]I,I-VH[0xce]HM[0xce]VH[0xce][0xcf]+.)J[0xcc][0xcc]+AR[0x16][0x9f][0x97][0x98][0x9b][0x1a][0xf]V[0x10][0xa3][0xa4][0xa0][0x11][0x1c][0xe8][0x13][0x1c][0xe2][0x18][0xe2][0xaa]`dljh[0xa2][0xa9]T[0xcb][0x5][0x0]5m[0xa8][0xef]x[0x0][0x0][0x0]"
10:07:00.576 [main] DEBUG org.apache.http.wire -  << "[\r][\n]"
10:07:00.576 [main] DEBUG org.apache.http.wire -  << "0[\r][\n]"
10:07:00.576 [main] DEBUG org.apache.http.wire -  << "[\r][\n]"
10:07:00.576 [main] DEBUG io.restassured.internal.RestAssuredHttpBuilder - Parsed data to instance of: class org.apache.http.conn.EofSensorInputStream
10:07:00.577 [main] DEBUG org.apache.http.impl.conn.BasicClientConnectionManager - Releasing connection org.apache.http.impl.conn.ManagedClientConnectionImpl@ca2a03f
10:07:00.577 [main] DEBUG org.apache.http.impl.conn.BasicClientConnectionManager - Connection can be kept alive indefinitely
10:07:00.577 [main] DEBUG net.thucydides.core.steps.StepInterceptor - STEP DONE: I send POST HTTP request product2
  &amp#27;[32mWhen &amp#27;[0m&amp#27;[32mI send POST HTTP request product2&amp#27;[0m              &amp#27;[90m# starter.stepdefinitions.ProductSteps.sendPostHttpRequestProduct2()&amp#27;[0m
10:07:00.580 [main] DEBUG net.thucydides.core.steps.StepInterceptor - STARTING STEP: ProductSteps.receiveValidHttp500Product - I receive valid HTTP response code 500 product
10:07:00.580 [main] DEBUG net.thucydides.core.steps.StepInterceptor - STEP DONE: I receive valid HTTP response code 500 product
  &amp#27;[32mThen &amp#27;[0m&amp#27;[32mI receive valid HTTP response code 500 product&amp#27;[0m &amp#27;[90m# starter.stepdefinitions.ProductSteps.receiveValidHttp500Product()&amp#27;[0m
10:07:00.581 [main] INFO  - 
  _____   ___   ___   _____     ___     _     ___   ___   ___   ___  
 |_   _| | __| / __| |_   _|   | _ \   /_\   / __| / __| | __| |   \ 
   | |   | _|  \__ \   | |     |  _/  / _ \  \__ \ \__ \ | _|  | |) |
   |_|   |___| |___/   |_|     |_|   /_/ \_\ |___/ |___/ |___| |___/ 

POST - Add new product without fill name
----------------------------------------------------------------------
]]></system-out>
  </testcase>
  <testcase name="POST - Add new product without fill description" classname="Product" time="0.1">
    <system-out><![CDATA[
Scenario: POST - Add new product without fill description &amp#27;[90m# src/test/resources/features/5. Product.feature:17&amp#27;[0m
10:07:00.586 [main] DEBUG io.cucumber.core.plugin.SerenityReporter - Running feature from file:///E:/APIMinpro/API/minpro/src/test/resources/features/5.%20Product.feature
10:07:00.587 [main] INFO  - 
  _____   ___   ___   _____     ___   _____     _     ___   _____   ___   ___  
 |_   _| | __| / __| |_   _|   / __| |_   _|   /_\   | _ \ |_   _| | __| |   \ 
   | |   | _|  \__ \   | |     \__ \   | |    / _ \  |   /   | |   | _|  | |) |
   |_|   |___| |___/   |_|     |___/   |_|   /_/ \_\ |_|_\   |_|   |___| |___/ 

POST - Add new product without fill description(product;post---add-new-product-without-fill-description)
--------------------------------------------------------------------------------
10:07:00.594 [main] DEBUG net.thucydides.core.steps.StepInterceptor - STARTING STEP: ProductSteps.setPostApiEndpointsProduct - I set POST api endpoints product
10:07:00.594 [main] DEBUG net.thucydides.core.steps.StepInterceptor - STEP DONE: I set POST api endpoints product
  &amp#27;[32mGiven &amp#27;[0m&amp#27;[32mI set POST api endpoints product&amp#27;[0m                  &amp#27;[90m# starter.stepdefinitions.ProductSteps.setPostApiEndpointsProduct()&amp#27;[0m
10:07:00.596 [main] DEBUG net.thucydides.core.steps.StepInterceptor - STARTING STEP: ProductSteps.sendPostHttpRequestProduct3 - I send POST HTTP request product3
10:07:00.597 [main] DEBUG net.thucydides.core.steps.StepInterceptor - STARTING STEP: Product.sendPostHttpRequestProduct3 - I set POST api endpoints product
10:07:00.597 [main] DEBUG net.thucydides.core.steps.StepInterceptor - STEP DONE: I set POST api endpoints product
10:07:00.606 [main] DEBUG org.apache.http.impl.conn.BasicClientConnectionManager - Get connection for route {s}->https://altashop-api.fly.dev:443
10:07:00.606 [main] DEBUG org.apache.http.impl.conn.DefaultClientConnectionOperator - Connecting to altashop-api.fly.dev:443
10:07:00.652 [main] DEBUG org.apache.http.client.protocol.RequestAddCookies - CookieSpec selected: ignoreCookies
10:07:00.652 [main] DEBUG org.apache.http.client.protocol.RequestAuthCache - Auth cache not set in the context
10:07:00.652 [main] DEBUG org.apache.http.client.protocol.RequestTargetAuthentication - Target auth state: UNCHALLENGED
10:07:00.652 [main] DEBUG org.apache.http.client.protocol.RequestProxyAuthentication - Proxy auth state: UNCHALLENGED
10:07:00.652 [main] DEBUG org.apache.http.impl.client.DefaultHttpClient - Attempt 1 to execute request
10:07:00.652 [main] DEBUG org.apache.http.impl.conn.DefaultClientConnection - Sending request: POST /api/products HTTP/1.1
10:07:00.652 [main] DEBUG org.apache.http.wire -  >> "POST /api/products HTTP/1.1[\r][\n]"
10:07:00.652 [main] DEBUG org.apache.http.wire -  >> "Accept: */*[\r][\n]"
10:07:00.652 [main] DEBUG org.apache.http.wire -  >> "Content-Type: application/json[\r][\n]"
10:07:00.652 [main] DEBUG org.apache.http.wire -  >> "Content-Length: 66[\r][\n]"
10:07:00.652 [main] DEBUG org.apache.http.wire -  >> "Host: altashop-api.fly.dev[\r][\n]"
10:07:00.652 [main] DEBUG org.apache.http.wire -  >> "Connection: Keep-Alive[\r][\n]"
10:07:00.652 [main] DEBUG org.apache.http.wire -  >> "User-Agent: Apache-HttpClient/4.5.13 (Java/11.0.15.1)[\r][\n]"
10:07:00.652 [main] DEBUG org.apache.http.wire -  >> "Accept-Encoding: gzip,deflate[\r][\n]"
10:07:00.652 [main] DEBUG org.apache.http.wire -  >> "[\r][\n]"
10:07:00.652 [main] DEBUG org.apache.http.headers - >> POST /api/products HTTP/1.1
10:07:00.652 [main] DEBUG org.apache.http.headers - >> Accept: */*
10:07:00.652 [main] DEBUG org.apache.http.headers - >> Content-Type: application/json
10:07:00.652 [main] DEBUG org.apache.http.headers - >> Content-Length: 66
10:07:00.652 [main] DEBUG org.apache.http.headers - >> Host: altashop-api.fly.dev
10:07:00.652 [main] DEBUG org.apache.http.headers - >> Connection: Keep-Alive
10:07:00.652 [main] DEBUG org.apache.http.headers - >> User-Agent: Apache-HttpClient/4.5.13 (Java/11.0.15.1)
10:07:00.652 [main] DEBUG org.apache.http.headers - >> Accept-Encoding: gzip,deflate
10:07:00.652 [main] DEBUG org.apache.http.wire -  >> "{"price":499,"name":"XBOX1","description":"","categories":[12541]}"
10:07:00.676 [main] DEBUG org.apache.http.wire -  << "HTTP/1.1 200 OK[\r][\n]"
10:07:00.676 [main] DEBUG org.apache.http.wire -  << "content-type: application/json[\r][\n]"
10:07:00.676 [main] DEBUG org.apache.http.wire -  << "date: Sun, 07 May 2023 03:07:00 GMT[\r][\n]"
10:07:00.676 [main] DEBUG org.apache.http.wire -  << "content-encoding: gzip[\r][\n]"
10:07:00.676 [main] DEBUG org.apache.http.wire -  << "transfer-encoding: chunked[\r][\n]"
10:07:00.676 [main] DEBUG org.apache.http.wire -  << "server: Fly/3f2597ca (2023-05-03)[\r][\n]"
10:07:00.676 [main] DEBUG org.apache.http.wire -  << "via: 1.1 fly.io[\r][\n]"
10:07:00.676 [main] DEBUG org.apache.http.wire -  << "fly-request-id: 01GZT2THAA75YF4TDRS250ETP6-sin[\r][\n]"
10:07:00.676 [main] DEBUG org.apache.http.wire -  << "[\r][\n]"
10:07:00.676 [main] DEBUG org.apache.http.impl.conn.DefaultClientConnection - Receiving response: HTTP/1.1 200 OK
10:07:00.676 [main] DEBUG org.apache.http.headers - << HTTP/1.1 200 OK
10:07:00.676 [main] DEBUG org.apache.http.headers - << content-type: application/json
10:07:00.676 [main] DEBUG org.apache.http.headers - << date: Sun, 07 May 2023 03:07:00 GMT
10:07:00.676 [main] DEBUG org.apache.http.headers - << content-encoding: gzip
10:07:00.676 [main] DEBUG org.apache.http.headers - << transfer-encoding: chunked
10:07:00.676 [main] DEBUG org.apache.http.headers - << server: Fly/3f2597ca (2023-05-03)
10:07:00.676 [main] DEBUG org.apache.http.headers - << via: 1.1 fly.io
10:07:00.676 [main] DEBUG org.apache.http.headers - << fly-request-id: 01GZT2THAA75YF4TDRS250ETP6-sin
10:07:00.676 [main] DEBUG org.apache.http.impl.client.DefaultHttpClient - Connection can be kept alive indefinitely
10:07:00.676 [main] DEBUG io.restassured.internal.RestAssuredHttpBuilder - Parsing response as: application/json
10:07:00.676 [main] DEBUG org.apache.http.wire -  << "94[\r][\n]"
10:07:00.676 [main] DEBUG org.apache.http.wire -  << "[0x1f][0x8b][0x8][0x0][0x0][0x0][0x0][0x0][0x4][0xff][0xab]VJI,IT[0xb2][0xaa]V[0xf2]tQ[0xb2]246[0xb7]0[0xd6]Q[0xf2]K[0xcc]MU[0xb2]R[0x8a]p[0xf2][0x8f]0T[0xd2]QrI-N.[0xca],([0xc9][0xcc][0xcf]S[0xb2]RR[0xd2]Q[\n]"
10:07:00.676 [main] DEBUG org.apache.http.wire -  << "([0xca]LNU[0xb2]2[0xb1][0xb4][0xd4]Q[\n]"
10:07:00.676 [main] DEBUG org.apache.http.wire -  << "J,[0xc9][0xcc]K/V[0xb2]2[0xd0]QrN,IM[0xcf]/[0xca]L-V[0xb2][0x8a][0x86][0x9a]hdjb[0x8]7[0xd1]=173/[0x1d][0xc3]H[0xb7][0xfc]"[0x85]t[0xb0][0x94]BAiQA~qj[0xb1]Rmlm-[0x17][0x0][0xa2]~[0xb2][0x9c][0x9e][0x0][0x0][0x0]"
10:07:00.676 [main] DEBUG org.apache.http.wire -  << "[\r][\n]"
10:07:00.676 [main] DEBUG org.apache.http.wire -  << "0[\r][\n]"
10:07:00.676 [main] DEBUG org.apache.http.wire -  << "[\r][\n]"
10:07:00.676 [main] DEBUG io.restassured.internal.RestAssuredHttpBuilder - Parsed data to instance of: class org.apache.http.conn.EofSensorInputStream
10:07:00.677 [main] DEBUG org.apache.http.impl.conn.BasicClientConnectionManager - Releasing connection org.apache.http.impl.conn.ManagedClientConnectionImpl@40d04cf8
10:07:00.677 [main] DEBUG org.apache.http.impl.conn.BasicClientConnectionManager - Connection can be kept alive indefinitely
10:07:00.677 [main] DEBUG net.thucydides.core.steps.StepInterceptor - STEP DONE: I send POST HTTP request product3
  &amp#27;[32mWhen &amp#27;[0m&amp#27;[32mI send POST HTTP request product3&amp#27;[0m                  &amp#27;[90m# starter.stepdefinitions.ProductSteps.sendPostHttpRequestProduct3()&amp#27;[0m
10:07:00.680 [main] DEBUG net.thucydides.core.steps.StepInterceptor - STARTING STEP: ProductSteps.receiveValidHttp200Product - I receive valid HTTP response code 200 product
10:07:00.680 [main] DEBUG net.thucydides.core.steps.StepInterceptor - STEP DONE: I receive valid HTTP response code 200 product
  &amp#27;[32mThen &amp#27;[0m&amp#27;[32mI receive valid HTTP response code 200 product&amp#27;[0m     &amp#27;[90m# starter.stepdefinitions.ProductSteps.receiveValidHttp200Product()&amp#27;[0m
10:07:00.681 [main] INFO  - 
  _____   ___   ___   _____     ___     _     ___   ___   ___   ___  
 |_   _| | __| / __| |_   _|   | _ \   /_\   / __| / __| | __| |   \ 
   | |   | _|  \__ \   | |     |  _/  / _ \  \__ \ \__ \ | _|  | |) |
   |_|   |___| |___/   |_|     |_|   /_/ \_\ |___/ |___/ |___| |___/ 

POST - Add new product without fill description
----------------------------------------------------------------------
]]></system-out>
  </testcase>
  <testcase name="POST - Add new product without fill price" classname="Product" time="0.098">
    <system-out><![CDATA[
Scenario: POST - Add new product without fill price   &amp#27;[90m# src/test/resources/features/5. Product.feature:22&amp#27;[0m
10:07:00.684 [main] DEBUG io.cucumber.core.plugin.SerenityReporter - Running feature from file:///E:/APIMinpro/API/minpro/src/test/resources/features/5.%20Product.feature
10:07:00.686 [main] INFO  - 
  _____   ___   ___   _____     ___   _____     _     ___   _____   ___   ___  
 |_   _| | __| / __| |_   _|   / __| |_   _|   /_\   | _ \ |_   _| | __| |   \ 
   | |   | _|  \__ \   | |     \__ \   | |    / _ \  |   /   | |   | _|  | |) |
   |_|   |___| |___/   |_|     |___/   |_|   /_/ \_\ |_|_\   |_|   |___| |___/ 

POST - Add new product without fill price(product;post---add-new-product-without-fill-price)
--------------------------------------------------------------------------------
10:07:00.693 [main] DEBUG net.thucydides.core.steps.StepInterceptor - STARTING STEP: ProductSteps.setPostApiEndpointsProduct - I set POST api endpoints product
10:07:00.693 [main] DEBUG net.thucydides.core.steps.StepInterceptor - STEP DONE: I set POST api endpoints product
  &amp#27;[32mGiven &amp#27;[0m&amp#27;[32mI set POST api endpoints product&amp#27;[0m              &amp#27;[90m# starter.stepdefinitions.ProductSteps.setPostApiEndpointsProduct()&amp#27;[0m
10:07:00.696 [main] DEBUG net.thucydides.core.steps.StepInterceptor - STARTING STEP: ProductSteps.sendPostHttpRequestProduct4 - I send POST HTTP request product4
10:07:00.698 [main] DEBUG net.thucydides.core.steps.StepInterceptor - STARTING STEP: Product.sendPostHttpRequestProduct4 - I set POST api endpoints product
10:07:00.698 [main] DEBUG net.thucydides.core.steps.StepInterceptor - STEP DONE: I set POST api endpoints product
10:07:00.707 [main] DEBUG org.apache.http.impl.conn.BasicClientConnectionManager - Get connection for route {s}->https://altashop-api.fly.dev:443
10:07:00.707 [main] DEBUG org.apache.http.impl.conn.DefaultClientConnectionOperator - Connecting to altashop-api.fly.dev:443
10:07:00.754 [main] DEBUG org.apache.http.client.protocol.RequestAddCookies - CookieSpec selected: ignoreCookies
10:07:00.754 [main] DEBUG org.apache.http.client.protocol.RequestAuthCache - Auth cache not set in the context
10:07:00.754 [main] DEBUG org.apache.http.client.protocol.RequestTargetAuthentication - Target auth state: UNCHALLENGED
10:07:00.754 [main] DEBUG org.apache.http.client.protocol.RequestProxyAuthentication - Proxy auth state: UNCHALLENGED
10:07:00.754 [main] DEBUG org.apache.http.impl.client.DefaultHttpClient - Attempt 1 to execute request
10:07:00.754 [main] DEBUG org.apache.http.impl.conn.DefaultClientConnection - Sending request: POST /api/products HTTP/1.1
10:07:00.754 [main] DEBUG org.apache.http.wire -  >> "POST /api/products HTTP/1.1[\r][\n]"
10:07:00.754 [main] DEBUG org.apache.http.wire -  >> "Accept: */*[\r][\n]"
10:07:00.754 [main] DEBUG org.apache.http.wire -  >> "Content-Type: application/json[\r][\n]"
10:07:00.754 [main] DEBUG org.apache.http.wire -  >> "Content-Length: 75[\r][\n]"
10:07:00.754 [main] DEBUG org.apache.http.wire -  >> "Host: altashop-api.fly.dev[\r][\n]"
10:07:00.754 [main] DEBUG org.apache.http.wire -  >> "Connection: Keep-Alive[\r][\n]"
10:07:00.754 [main] DEBUG org.apache.http.wire -  >> "User-Agent: Apache-HttpClient/4.5.13 (Java/11.0.15.1)[\r][\n]"
10:07:00.754 [main] DEBUG org.apache.http.wire -  >> "Accept-Encoding: gzip,deflate[\r][\n]"
10:07:00.754 [main] DEBUG org.apache.http.wire -  >> "[\r][\n]"
10:07:00.754 [main] DEBUG org.apache.http.headers - >> POST /api/products HTTP/1.1
10:07:00.754 [main] DEBUG org.apache.http.headers - >> Accept: */*
10:07:00.754 [main] DEBUG org.apache.http.headers - >> Content-Type: application/json
10:07:00.754 [main] DEBUG org.apache.http.headers - >> Content-Length: 75
10:07:00.754 [main] DEBUG org.apache.http.headers - >> Host: altashop-api.fly.dev
10:07:00.754 [main] DEBUG org.apache.http.headers - >> Connection: Keep-Alive
10:07:00.754 [main] DEBUG org.apache.http.headers - >> User-Agent: Apache-HttpClient/4.5.13 (Java/11.0.15.1)
10:07:00.754 [main] DEBUG org.apache.http.headers - >> Accept-Encoding: gzip,deflate
10:07:00.754 [main] DEBUG org.apache.http.wire -  >> "{"price":"","name":"XBOX1","description":"For gaming","categories":[12541]}"
10:07:00.773 [main] DEBUG org.apache.http.wire -  << "HTTP/1.1 400 Bad Request[\r][\n]"
10:07:00.773 [main] DEBUG org.apache.http.wire -  << "content-type: application/json[\r][\n]"
10:07:00.774 [main] DEBUG org.apache.http.wire -  << "date: Sun, 07 May 2023 03:07:00 GMT[\r][\n]"
10:07:00.774 [main] DEBUG org.apache.http.wire -  << "content-encoding: gzip[\r][\n]"
10:07:00.774 [main] DEBUG org.apache.http.wire -  << "transfer-encoding: chunked[\r][\n]"
10:07:00.774 [main] DEBUG org.apache.http.wire -  << "server: Fly/3f2597ca (2023-05-03)[\r][\n]"
10:07:00.774 [main] DEBUG org.apache.http.wire -  << "via: 1.1 fly.io[\r][\n]"
10:07:00.774 [main] DEBUG org.apache.http.wire -  << "fly-request-id: 01GZT2THDGG8X9FGA6ZKQY5BCY-sin[\r][\n]"
10:07:00.774 [main] DEBUG org.apache.http.wire -  << "[\r][\n]"
10:07:00.774 [main] DEBUG org.apache.http.impl.conn.DefaultClientConnection - Receiving response: HTTP/1.1 400 Bad Request
10:07:00.774 [main] DEBUG org.apache.http.headers - << HTTP/1.1 400 Bad Request
10:07:00.774 [main] DEBUG org.apache.http.headers - << content-type: application/json
10:07:00.774 [main] DEBUG org.apache.http.headers - << date: Sun, 07 May 2023 03:07:00 GMT
10:07:00.774 [main] DEBUG org.apache.http.headers - << content-encoding: gzip
10:07:00.774 [main] DEBUG org.apache.http.headers - << transfer-encoding: chunked
10:07:00.774 [main] DEBUG org.apache.http.headers - << server: Fly/3f2597ca (2023-05-03)
10:07:00.774 [main] DEBUG org.apache.http.headers - << via: 1.1 fly.io
10:07:00.774 [main] DEBUG org.apache.http.headers - << fly-request-id: 01GZT2THDGG8X9FGA6ZKQY5BCY-sin
10:07:00.774 [main] DEBUG org.apache.http.impl.client.DefaultHttpClient - Connection can be kept alive indefinitely
10:07:00.774 [main] DEBUG io.restassured.internal.RestAssuredHttpBuilder - Parsing response as: application/json
10:07:00.774 [main] DEBUG org.apache.http.wire -  << "71[\r][\n]"
10:07:00.774 [main] DEBUG org.apache.http.wire -  << "[0x1f][0x8b][0x8][0x0][0x0][0x0][0x0][0x0][0x4][0xff][0xab]VJ-*[0xca]/R[0xb2]R[0xca]*[0xce][0xcf][0xb3]RHN[0xcc][0xcb][0xcb]/Q([0xcd][0xcb]M,*[0xce]H[0xcc]Q(.)[0xca][0xcc]KW[0xc8][0xcc]+[0xc9]Wp[0xcf][0x7]qK[0x93]K[0x14][0xd2]2SsR[0x14][0x2][0x8a][0xf2]SJ[0x93]K[0x9c][0x8b]R[0x13]KR[0xf5][\n]"
10:07:00.774 [main] DEBUG org.apache.http.wire -  << "[0x8a]2[0x93]S[0x15][0xf2][0xd3][0x14]J*[0xb]R[0x15]J3[0xf3]J[0x94]j[0xb9][0x0][0xd2][0x2]#[0xd6]`[0x0][0x0][0x0]"
10:07:00.774 [main] DEBUG org.apache.http.wire -  << "[\r][\n]"
10:07:00.774 [main] DEBUG org.apache.http.wire -  << "0[\r][\n]"
10:07:00.774 [main] DEBUG org.apache.http.wire -  << "[\r][\n]"
10:07:00.774 [main] DEBUG io.restassured.internal.RestAssuredHttpBuilder - Parsed data to instance of: class org.apache.http.conn.EofSensorInputStream
10:07:00.775 [main] DEBUG org.apache.http.impl.conn.BasicClientConnectionManager - Releasing connection org.apache.http.impl.conn.ManagedClientConnectionImpl@31e84f10
10:07:00.775 [main] DEBUG org.apache.http.impl.conn.BasicClientConnectionManager - Connection can be kept alive indefinitely
10:07:00.775 [main] DEBUG net.thucydides.core.steps.StepInterceptor - STEP DONE: I send POST HTTP request product4
  &amp#27;[32mWhen &amp#27;[0m&amp#27;[32mI send POST HTTP request product4&amp#27;[0m              &amp#27;[90m# starter.stepdefinitions.ProductSteps.sendPostHttpRequestProduct4()&amp#27;[0m
10:07:00.777 [main] DEBUG net.thucydides.core.steps.StepInterceptor - STARTING STEP: ProductSteps.receiveValidHttp400Product - I receive valid HTTP response code 400 product
10:07:00.778 [main] DEBUG net.thucydides.core.steps.StepInterceptor - STEP DONE: I receive valid HTTP response code 400 product
  &amp#27;[32mThen &amp#27;[0m&amp#27;[32mI receive valid HTTP response code 400 product&amp#27;[0m &amp#27;[90m# starter.stepdefinitions.ProductSteps.receiveValidHttp400Product()&amp#27;[0m
10:07:00.780 [main] INFO  - 
  _____   ___   ___   _____     ___     _     ___   ___   ___   ___  
 |_   _| | __| / __| |_   _|   | _ \   /_\   / __| / __| | __| |   \ 
   | |   | _|  \__ \   | |     |  _/  / _ \  \__ \ \__ \ | _|  | |) |
   |_|   |___| |___/   |_|     |_|   /_/ \_\ |___/ |___/ |___| |___/ 

POST - Add new product without fill price
----------------------------------------------------------------------
]]></system-out>
  </testcase>
  <testcase name="GET - Get product by ID" classname="Product" time="0.26">
    <system-out><![CDATA[
Scenario: GET - Get product by ID                     &amp#27;[90m# src/test/resources/features/5. Product.feature:27&amp#27;[0m
10:07:00.784 [main] DEBUG io.cucumber.core.plugin.SerenityReporter - Running feature from file:///E:/APIMinpro/API/minpro/src/test/resources/features/5.%20Product.feature
10:07:00.785 [main] INFO  - 
  _____   ___   ___   _____     ___   _____     _     ___   _____   ___   ___  
 |_   _| | __| / __| |_   _|   / __| |_   _|   /_\   | _ \ |_   _| | __| |   \ 
   | |   | _|  \__ \   | |     \__ \   | |    / _ \  |   /   | |   | _|  | |) |
   |_|   |___| |___/   |_|     |___/   |_|   /_/ \_\ |_|_\   |_|   |___| |___/ 

GET - Get product by ID(product;get---get-product-by-id)
--------------------------------------------------------------------------------
10:07:00.790 [main] DEBUG net.thucydides.core.steps.StepInterceptor - STARTING STEP: ProductSteps.setGetApiEndpointsProduct - I set GET api endpoints product
10:07:00.790 [main] DEBUG net.thucydides.core.steps.StepInterceptor - STEP DONE: I set GET api endpoints product
  &amp#27;[32mGiven &amp#27;[0m&amp#27;[32mI set GET api endpoints product&amp#27;[0m               &amp#27;[90m# starter.stepdefinitions.ProductSteps.setGetApiEndpointsProduct()&amp#27;[0m
10:07:00.792 [main] DEBUG net.thucydides.core.steps.StepInterceptor - STARTING STEP: ProductSteps.sentGetHttpRequestProduct - I send GET HTTP request product
10:07:00.793 [main] DEBUG net.thucydides.core.steps.StepInterceptor - STARTING STEP: Product.sendGetHttpRequestProduct - I set GET api endpoints product
10:07:00.793 [main] DEBUG net.thucydides.core.steps.StepInterceptor - STEP DONE: I set GET api endpoints product
10:07:00.798 [main] DEBUG org.apache.http.impl.conn.BasicClientConnectionManager - Get connection for route {s}->https://altashop-api.fly.dev:443
10:07:00.798 [main] DEBUG org.apache.http.impl.conn.DefaultClientConnectionOperator - Connecting to altashop-api.fly.dev:443
10:07:00.842 [main] DEBUG org.apache.http.client.protocol.RequestAddCookies - CookieSpec selected: ignoreCookies
10:07:00.842 [main] DEBUG org.apache.http.client.protocol.RequestAuthCache - Auth cache not set in the context
10:07:00.843 [main] DEBUG org.apache.http.client.protocol.RequestTargetAuthentication - Target auth state: UNCHALLENGED
10:07:00.843 [main] DEBUG org.apache.http.client.protocol.RequestProxyAuthentication - Proxy auth state: UNCHALLENGED
10:07:00.843 [main] DEBUG org.apache.http.impl.client.DefaultHttpClient - Attempt 1 to execute request
10:07:00.843 [main] DEBUG org.apache.http.impl.conn.DefaultClientConnection - Sending request: GET /api/products HTTP/1.1
10:07:00.843 [main] DEBUG org.apache.http.wire -  >> "GET /api/products HTTP/1.1[\r][\n]"
10:07:00.843 [main] DEBUG org.apache.http.wire -  >> "Accept: */*[\r][\n]"
10:07:00.843 [main] DEBUG org.apache.http.wire -  >> "Host: altashop-api.fly.dev[\r][\n]"
10:07:00.843 [main] DEBUG org.apache.http.wire -  >> "Connection: Keep-Alive[\r][\n]"
10:07:00.843 [main] DEBUG org.apache.http.wire -  >> "User-Agent: Apache-HttpClient/4.5.13 (Java/11.0.15.1)[\r][\n]"
10:07:00.843 [main] DEBUG org.apache.http.wire -  >> "Accept-Encoding: gzip,deflate[\r][\n]"
10:07:00.843 [main] DEBUG org.apache.http.wire -  >> "[\r][\n]"
10:07:00.843 [main] DEBUG org.apache.http.headers - >> GET /api/products HTTP/1.1
10:07:00.843 [main] DEBUG org.apache.http.headers - >> Accept: */*
10:07:00.843 [main] DEBUG org.apache.http.headers - >> Host: altashop-api.fly.dev
10:07:00.843 [main] DEBUG org.apache.http.headers - >> Connection: Keep-Alive
10:07:00.843 [main] DEBUG org.apache.http.headers - >> User-Agent: Apache-HttpClient/4.5.13 (Java/11.0.15.1)
10:07:00.843 [main] DEBUG org.apache.http.headers - >> Accept-Encoding: gzip,deflate
10:07:01.021 [main] DEBUG org.apache.http.wire -  << "HTTP/1.1 200 OK[\r][\n]"
10:07:01.021 [main] DEBUG org.apache.http.wire -  << "content-type: application/json[\r][\n]"
10:07:01.021 [main] DEBUG org.apache.http.wire -  << "date: Sun, 07 May 2023 03:07:00 GMT[\r][\n]"
10:07:01.021 [main] DEBUG org.apache.http.wire -  << "transfer-encoding: chunked[\r][\n]"
10:07:01.021 [main] DEBUG org.apache.http.wire -  << "content-encoding: gzip[\r][\n]"
10:07:01.021 [main] DEBUG org.apache.http.wire -  << "server: Fly/3f2597ca (2023-05-03)[\r][\n]"
10:07:01.021 [main] DEBUG org.apache.http.wire -  << "via: 1.1 fly.io[\r][\n]"
10:07:01.021 [main] DEBUG org.apache.http.wire -  << "fly-request-id: 01GZT2THG7MRKJK75NCTCRVHHN-sin[\r][\n]"
10:07:01.021 [main] DEBUG org.apache.http.wire -  << "[\r][\n]"
10:07:01.021 [main] DEBUG org.apache.http.impl.conn.DefaultClientConnection - Receiving response: HTTP/1.1 200 OK
10:07:01.021 [main] DEBUG org.apache.http.headers - << HTTP/1.1 200 OK
10:07:01.021 [main] DEBUG org.apache.http.headers - << content-type: application/json
10:07:01.021 [main] DEBUG org.apache.http.headers - << date: Sun, 07 May 2023 03:07:00 GMT
10:07:01.021 [main] DEBUG org.apache.http.headers - << transfer-encoding: chunked
10:07:01.021 [main] DEBUG org.apache.http.headers - << content-encoding: gzip
10:07:01.021 [main] DEBUG org.apache.http.headers - << server: Fly/3f2597ca (2023-05-03)
10:07:01.021 [main] DEBUG org.apache.http.headers - << via: 1.1 fly.io
10:07:01.021 [main] DEBUG org.apache.http.headers - << fly-request-id: 01GZT2THG7MRKJK75NCTCRVHHN-sin
10:07:01.021 [main] DEBUG org.apache.http.impl.client.DefaultHttpClient - Connection can be kept alive indefinitely
10:07:01.021 [main] DEBUG io.restassured.internal.RestAssuredHttpBuilder - Parsing response as: application/json
10:07:01.021 [main] DEBUG org.apache.http.wire -  << "191[\r][\n]"
10:07:01.021 [main] DEBUG org.apache.http.wire -  << "[0x1f][0x8b][0x8][0x0][0x0][0x0][0x0][0x0][0x4][0xff][0xaa]VJI,IT[0xb2][0x8a][0xae]V[0xf2]tQ[0xb2]24661[0xd7]Q[0xf2]K[0xcc]MU[0xb2]R[0x8a]p[0xca][0xaf]P0T[0xd2]QrI-N.[0xca],([0xc9][0xcc][0xcf]S[0xb2]RR[0xd2]Q[\n]"
10:07:01.021 [main] DEBUG org.apache.http.wire -  << "([0xca]LNU[0xb2]2[0xb1][0xb4][0xd4]Q[\n]"
10:07:01.021 [main] DEBUG org.apache.http.wire -  << "J,[0xc9][0xcc]K/V[0xb2]2[0xd2]QrN,IM[0xcf]/[0xca]L-F[0x18]idjb[0x8]7[0xd2]=173/[0x1d][0xc3]H[0xb7][0xfc]"[0x85]t[0xb0][0x94]BAiQA~qj[0xb1]Rml[0xad][0xe][0xc2]U[0x16]p#Ht[0x95]1-]e[0x89][0xe4]*[0xff][0x8][0xe2][0x83][0xca][0x84][0x86][0x8e]2E[0x84]v[0x84][0xd3][0xa0]q[0x94]1[0x99]!eH[0xcb][0x90]2[0x85];*8?[0xaf]R! [0xd8][0x14]#e[0x16][0xe4]$V*d$[0x16]+[0xe4][0xe5]+[0xe4]d[0xe6]f[0x96][0x14]#[0x92][0xbf][0x11]J[0xf2]7Es)r[0xf2]5E$_*[0xd8][0x84][0x9e][0xa4][0x91]m2C[0xc4]>[0xad]m2[0xa1]W[0xe8][0x99]!B[0xaf]$[0xb5][0x18]T[0xda]([0x14][0x14][0xe5][0xa7][0x94]&[0x97]`DWIFf[0xb1]Bf[0xb1]BIF*L[0x8d]B[\n]"
10:07:01.021 [main] DEBUG org.apache.http.wire -  << "R[0xe9][0x5]/[0xba][0xc][\r][0xc][0xc][0xc][0x90][\n]"
10:07:01.021 [main] DEBUG org.apache.http.wire -  << "/|[0xb1]g[0x86][0xc8][0xe6]T[0xb3][0x1f][0xd9]n|[0xf1]in[0x0][0xf]eBv#[0x12]&[0xc8]sD[0xfa][0xcd][0x1c][0x91]^[0x8][0x99]O[0x93][0xb0]57"[0xda]$[0xd9]O[0xac][0xf7][0x11][0x89]x`[0xbc]oF[0x1b][0xef]#'/[0xf4][0xca][0x6][0xb9][0xb8]0G[0xd4][0xf6]4[0xf3][0xbf][0x1][0x9e][0x82][0xd1][0x9c][0xe]Y[0x1b][0xaf][0xfd]4[0xc8][0xda][0xa0][0xdc][0x87][0x1c][0xfe][0xf8][0xec][0xb7] >{[0x93][0x94][0xfc][0x91][0xed][0xc7][0x17][0xff][0x16]de[0x0][0x0][0x0][0x0][0xff][0xff]"
10:07:01.021 [main] DEBUG org.apache.http.wire -  << "[\r][\n]"
10:07:01.021 [main] DEBUG org.apache.http.wire -  << "4B3[\r][\n]"
10:07:01.021 [main] DEBUG org.apache.http.wire -  << ""[0xad]h[0xc5][0xeb][0x1a]ed[0xff][0xe3][0xb5][0x1f][0xd1].[0x19][0x90][0xf4]o[0x81](<[0x2][0x14]r3K[0xf2]1[0xaa]4p[0xb][0xa4]$[0xb5]()13[0x1b]Q[0xc4][0x9b][0x9a][0x99]#[0x15]qx[0xbd][0x88][0xc8][0xe2][0xa4][0xb5][0x7][0xd1][\r][0x85]6[0xc6][0xa9][0xd2][0x9e][0xb7]@[0xe4];[0x1a]7S,[0x11]9l[0xf0]x[0xdf][0x12][0x91][0xec][0x3] -[0x19][0x5][0xd7][0x9c]D,[0x1d][0xa3][0xe4][0xfc][0xa4]D[0x85]"p[0xf][0xb][0x11][0xf7]([0xcd]N|[0x8d][0x7]KD[0xea][0xe][0x8]V[0xc0]l[0xdc][0xa6]'[0xe6][0xa6]*[0x98]*[0x14][0x97]$[0x16]!LG[0xed][0xd4][0xa1]'[0x2][0xe4][0xca][0xc3][0x12][0x91]x[0xdd]J[0x8b][0xf2]2KJ[0x8b]R[0x15]B[0xf2][0xb]0[0x92]0B6%[0xb1](S[0xc1]+[0xb5] [0xb1]([0x11]a[0xa3][0xa1][0x9]r7[0x12][0x8f][0x8d]&[0xa0]&[0x1b][0xb4]sJ[0x85]d[0x83][0xd7]&D[0xc1][0x88]p=m[0xfd][0x86][0x88],Z[0xfb][\r][0x11]o[0x1]E[0x89][0xc9]%[0x99][0xc9][0x89]9[\n]"
10:07:01.021 [main] DEBUG org.apache.http.wire -  << "[0xe1][0xf9][0xf9])[0xa9]y[\n]"
10:07:01.021 [main] DEBUG org.apache.http.wire -  << "[0xde]y[0x99]i[0xa9][0x18][0x11][0xe8][0x98][0x93][0x99]X[0xac][0x90]V[0x9a][0x9e][0xa8]PZ[0xa2][0x87][0x14]s[0xa0][0x8][0x81][0xf][0x0][0xe0][\r]OD)[0xe4]Y[0x90][0x91][0x9f][0x97][0xaa]`h[0xa8]`f[0xa2][0x90][0x9e][0x84]a[0x19][0xb8][0xc0]#[0xaa][0xcb][0x85][0xd7]BD[0x9][0x3][0xb3][0xd0][0x88][0xa6][0x16][0x1a]"[\n]"
10:07:01.021 [main] DEBUG org.apache.http.wire -  << "[0x1a][0x98][0x85][0xb4][0xf5][0xa1]!"[0x89][0xd2][0xc9]B[0xba][0xa5]PC[0x8c][0x9e][0xb9]9[0x8d][0x92][0x89]!"][0x6]$[0xe6]$[0xfa][0xe4][0xfb][0x80][\n]"
10:07:01.021 [main] DEBUG org.apache.http.wire -  << "&[0xd4][0x1]/x[0x82][0xc4]2[0x0]`l[0x8c]T[\r][0xe3]ii[0x99][0x18]"Z[0xba]4([0x8b]M[0xc][0x11][0xc9][0x9d][0x16][0xc6][0x1b]![0x12][0xb7]SQbrjN*f[0xdf][0xdb]71%U!?M!#3=C[0xa1][0xb0]41'[0xb3][0xa4]R[0xa1] 5[0xb1]([0x7]y[0xcc][0x4]d[0x12]Q%[0x86][0x11]"y[0xd3][0xc4]GHU0[0xf5][0xeb]F[0x13]#D^[0xa1][[0x80]![0x8a]u[0xba]Y[0x89][0xc8][0xa7][0xd4][0xb4][0x12]_>2B[0xf4][0x98][0xa9]i%[0xbe][0xaa][0xc4][0x8]QF[0xd0][0xb8]f6B[0xe4]b[0x1a]u[0x7]L[0x8c][0xe9][0x93][0x93]a[0x9d][0x5][0xb][0xa4][0xa2][0xdc]199[0xb5][0xb8][0x18]2=[0x80]>[0xa9]P[0x92][0xaf][0x90][0x9a][0x97][0x91][0x98][0x97][0x9c][0xaa][0x90]X[0x0]*4@L[0x94]9[0x0][0x13]cD[0x81]P[0x9c]Z[0x90][0x9a][0x82]YP'fV[0x82][0x4][0xa1][0xb3][0x13]F[0xa6]D[0xf6][0x2]M[0x8c][0x11]e[0x1][0xbd][0xd2][0x14][0xa8][0xde][0x80][0xb6]d[0xa9][0xed][0x19][0xfa][0x17][0x3][0xc6][0x88]b [0x18][0x1c]3[\n]"
10:07:01.021 [main] DEBUG org.apache.http.wire -  << ">[0x99][0xc5]%E[0xe0][0xfe]*jU[\n]"
10:07:01.021 [main] DEBUG org.apache.http.wire -  << "[0x95][0xce][0x81]H+[0xe4][0xa5][0xa7]&[0x95][0x82]j[0x12][0xd2][0xa3][0xc]Q[0xc]@[0xcd][0x84]Z[0xa9][0xe0][0x94][0x98][0x93][0x88][0xd9][0x5][0x81]*B[0xb5]X!)1/[0x1d]\[0x93]A[0xed]7%>[0xc9] [0xca][0x4][0xba]%[0x19]D[0xb][0x82]nV"[0xca]#zYi[0x82]([0x9f][0x82]J[0x8b]K2[0x93]a=[0x13][0xa7]D[0xcc]y[0xc3][0xd0][0x12][0x85][0xd4][0xa2][0xa2][0xfc]"[0x85][0xa2][0xd4][0xe4][0xd2][0xe2][0xc4][0xbc][0x94][0xc4]T[0x85][0x82][0xfc][0xe2][0xe2][0xcc][0xdc][0xd2]b[0x85][0xdc][0xfc][0x1c][0xd0]lAb[0xaa]Bqj[0x8a]BfnAjJ&y[0x9d][0x17][0xa4][0x9]LD[0x87][0xc9]'3/5O[0xc1])[0xbf][0xa4]$[0x7]K[0x87][0xa9][0xb4]D[0xa1] [0xb5][0xa8][0xb8] 393[0xb1]$[0xb3]X!%?'[0xbf](U!%3[0xb9]$Q[0xa1] [0xbf][0xa8](_![0xb3][0xa0][0xb8]4W!5[0x91][0xac][0xfe][0x94][0x9][0xfd][0x8b],[0x13]D[0x93]&8'55[[0x1][0x12][0x2][0xee]9[0xf9]e[0xa9][0xa0][0x16][0x1e]jN[0xf7]OK[0xcb]L[0xce][0xcc],VH[0xce][0xcf]+N-,M,)-RH[0xcc][0xcb][0xcc][0xcd][0x84]GL[0xb1]BY~NiAIbI[0xaa]BJjNj^fI&y[0x81]A[0xff]"[0xcf][0x4]Q[0xe4][0xb9][0xe7][0x17][0xa5][0xa7][0xe6][0x97][0x16]+[0x4][0x95]&%[0xa5][0x16])8[0x83]GS[0xd0]B#%[0xb3][0x4][0x92][0x6]Js[0x15][0x12]A[0x89][0x3][0x9c][0x4]r[0x12][0x93][0xf2][0x8b]2[0xf3][0x8b][0x13]s[0x15][\n]"
10:07:01.021 [main] DEBUG org.apache.http.wire -  << "K3[0x15][0x12]s2[0xb]K3S[0x14][0x8a][0xc9]M[0xa7][0x88]B[0x11][0x91]N[0xdd][0x8b][0x12][0xf3]2KR[0x15][0x9c][0xf3][0x13]A%-[0xaa][0xbb]\K@[0xbd][0xfa][0xcc][0xc4][0x12][0x85][0xfc][0xdc][0xbc][0xcc]b[0x85][0xdc][0xcc][0xbc][0xcc][0xdc]D[0x85][0xbc][0xd2][0xdc][0xc2][0xd2][0xc4]\[0x85][0xe2][0xd2][0xe2][0xe4][0xcc][0x2]r][0x83]("[0x83]+[0xf3]R[0x8b][0xd2]3a[0xd9]9G!8#[0xb3][0x8][0xab]kR[0x8b]K[0xe0][0xa9]"3[0xa9][0xb4]X[0xa1] '195[0xb1]D![0x95][0xcc][0xac][0x8b](4i[0xdc]v[0x3]U[0x1d][0xd0][0x1a]][0x81]F[0x9d]USD[0xa6]'[0xcb]3[0xc4][0xb6][0x87]L[0x91]r:[0xe5][0x13][0xe3][0xf8][0x9a][0xd6][0xa6][0xf4][0xcf][0xb9][0xa6][0x88][0x9c]K[0xaf]:[0xcd][0x14][0x91]/[0xe9]f%"[0xf3][0xd1][0xcd]J[0xfa]e5D[0xb3][0x84][0xac]|[0x80][0xba]p[0x3]_[0xfa]4C[0xb4]F[0xa0]6a.[0xf2][0x81][0xf][0xf]aY"[0x82]0[0x1d][0xd6]I[0xa2][0xc2][\n]"
10:07:01.021 [main] DEBUG org.apache.http.wire -  << ")[0x13][0xea].[0xfc][0xc0][0x1b]&[0x14][0x96]B$[0x84]>[0xdd][0xca]!3D9[0x4][0x8d]g[0xcc][0xd9][0x12]|[0xf1]L[0x82][0x9f][0x10][0xc5][0xf][0xad]mB[0x94]:P[0x9b][0x6]m[0xda]E[0x14]V8][0x8a][0x98]t[0xc0]W[0x8b]Q5Ga[0x94]g[0x94][0x84][0x1f][0xfa][0x2]#[0xaa][0xba][0x14][0xa3]<[0xc4]t)5[0xc3][0xf][0x0][0x0][0x0][0xff][0xff]"
10:07:01.021 [main] DEBUG org.apache.http.wire -  << "[\r][\n]"
10:07:01.021 [main] DEBUG org.apache.http.wire -  << "59F[\r][\n]"
10:07:01.021 [main] DEBUG org.apache.http.wire -  << "[0x2]/[0x3]%[0xb4]f[0xd3][0x4]i[0xe9][0x12]4Vi[0x95][0xa7][0x90][0x16]1[0xf9]%[0x16]g*[0xb8]$[0x96][0xe6])x[0xa5][0x16][0x95][0x82]&[0xcc]Q[0x1b][0xbc]`[0xf9][0xf2][0xd4][0xbc][0xc4][0xec]l[0x85][0x92][0xd4][0xbc][0xc4]<[0x85][0xdc][0xd2][0xa2][0xdc]T[0xa4][0xf9]OCK[0xd4][0x95]a[0xe8]E!,[0xe2],,[0x11][0xa9]69?[0xaf]$?C7[0x19][0xb1][0xfc][0x15]}|[0xcb]-[0xb1]8#3?/1)'[0x15]uT[0xb]i[0x1][0x14][0xd8]m[0x8][0xb7]+$V&[0xe6]*[0xa4][0xe7][0x17][0xa5]b[0x99][0x18][0x6][0xab][0xa5][0x92]?[0x10][0xe9][0x9c][0xb0]?0U [0xaf][0xd3]51[0xa7][[0x89]mN[0xb7]r[0x14]i[0x8d][0x14][0xad][0xd3]1F>[0xa6]U[0x8e]AZ[0xf7]Cc?Y R[0x4][0xc1][0x95][0xdb][0xf4]*[0xd9][0x91]V[0xdd][0xe0]p[0x13][0xa2]pC[0x94][0x9b][0xf4]k[0xcb]Y r[0xe4][0xe0]t[0x1f][0xdd][0xd2][0xa9]%b[0xcc][0x1f]GH[0xc]D[0xfc] -[0xdf][0x19]L[0xae]B[0xe4]4[0x1a][0xe7]i[0xa4][0x85]?[0xd8][0xd7]T[\r]l[0xf6][0xb1]D4|[0xb1];o@[0xd2][0xc]r[0x9e][0xc6][0xb6]-c@[0xc3][0xcc][0x14][0xb4][0x90][0x7]:zEZ[0x98][0xd1][0xb0]]kj[0x80][0xc8][0xfd][0xb4]M[0xd1][0xa6][0x6][0x88][0xbc][0x83][0xdd][0xfb][0x3][0x1c];[0x88][0xc6][0xe]v[0xe7][\r]@[0x8a]65@d3Z[0xc7][0xe][0xe5]y[0x87][0x96][0xc9][0x14]i[0xe5][0xd7][0xe0][0x89][0x1d][0xa4][0xd5]a[0xd8][0x1d]5[0xb0])[0xda][0x90]P[0x86][0x1b][0x88][0x14]mH[0xaf]Q S[0xa4]U[0x11]4[0xce];[0x86]t[0xcb][0xa5]HK[0xe9]h[0xed]'Dy@c[0x9b]@[0xab][0xd5][0xa0][0xd5]"[0xad]m[0xa2][0xd7][0xa8][0xaa][0xa9][0x11][0xdd]R[0xb9][0x11][0xa2][0xda][0xa2]u[0xe8][0xd1]-[0x95][0xd3]m1[0x98][0xa9][0x11][0xfd]R9[0xbd][0xfa]s[0xa6]H[0xab][0xcf]h[0x9c]"[0x90]V[0x8b][0xd1][0xda]&D[0xce][0x1d][0x8c]5[0xad]1"[0xbb]cw[0xde]@[0xd4][0xb4][0xc8]+[0xc6]h:[0xc3]ljL[0xb7][0x92][0xc1][0x18]1[0x1e][0xec][0x11][0xa0][0xe0][0xc]Z[0xee][0x93][0x89]e[0xd3]MNjAI~[0x81][0x2][0xc6][0x8e].K[0x10]@ZL[0x8e]>[0xee][0x8c][0xb4][0xf3][0xc6][0xd4][0x98]nE[0x3][0xd2]r,[0xba]m[0x90][0x83][0x8d][0xb0][0x9b][0x1a] [0xea][0xf][0xf8]&[0x1c][0x8c][0xa5][0x15]i[0x4][0xce][0x8e]@[0x9e]\[0xa5][0x9a][0x17][0x88][0x1a][0xa9][0xa4][0x92][0xf3][0x11][0xc5][0xb]![0xe7]#r2h[0xf]*[0x9e][0xb4]D[0xed][0x10]F4[0xe6][0x9]9[0x91][0xec]][0xac][0xf8][0xb2][0x83][0x9][0xa2][0x88][0xa3][0xaa][0xfd]xB[0x10]97[0x9a] [0x8a][0x18][0xaa]ZO[0xcf]D[0x86](Ph[0xe6][0x5][0x9c]]p*[0xe5][0x13]D#[0x86]f^@O[0x84]T[0xce]GHK[0xc8][0x86][0xac][0x17][0x10]CvC[0xd6][0xb][0xc4][0x17][0xb8]T+[0xcd][0xa8][0x9d][0x90][0x6][0xa0]@[0xa6][0xb6][0x17]hT[0xa6][0xd3][0xb1]PEZi8d[0xf3][0x2][0xa2]j[0x83][0xf5][0xa2]LMi4)mj[0x8a]h@SwO[0x8c])[0xd2][0xf9]K[0x9e]y%[0xa9]99[0x99][0xe9][0xa9]y%[\n]"
10:07:01.021 [main] DEBUG org.apache.http.wire -  << "[0xc1]%[0xa9][0xa9][0xa0][0xb5][0xc8][0xf9]X[0xd6][0xaf]{[0xa6][0x80][0xf6]0[0x16]g*[0xe4]%[0x96][0x94][0x16][0x83][0x96]g[0x83][0x88][0xc4]b[0xb2]V[0xa8][0x9b][0x9a]"*'X8b4d[0xa9][0xb2][0xbe][0xcc][0x14]s[0xc5]"[0xad][0xa2][0x8b]n+[0xe]M[0xcd][0x10]%2[0xad]C[0xf]Q[0xea][0xd0][0xda]&Db[0xa7][0xb5]M[0x88][0xb6][0x9d]k^~Q.h[0xab]B@N"x1[0xbe]sFb&h[0xed][0x13][0xea]"[0xa9]0[0xc8][0xb6][0xc][0xd0]IZ%[0xa9][\n]"
10:07:01.021 [main] DEBUG org.apache.http.wire -  << "y[0xf9]y[0xa0][0x3]_[0xca]2S@y&[0xb5][0x98][0xac][0x85][0xf8][0xa6]H[0x87]h[0xb9][0x94][0x16][0x81][0xd6]A[0x81]6[0xf6][0xe4](`wA0t[0xe3][0x81]Bai[0xbe][0x2][0xd2].[0x89][0xcc]<r6[0x88][0x98][0xd2]m)[0x9a])[0xd2]R4[0x1a]G+[0xdd][0x96]Z[0x99][0xd2]m[0xa9][0x95])[0xdd][0x96]Z[0x99][0x9a][0xd3][0xad]@F:[0xe2]) [0xd8][0x4][0xb3][0xd4]/6QHJ,*E[0xf4][0xdd][0x8d][0xf1][0xaf]?D[0xee]y[0xd2]m[0x19][0x97][0xa9][0x5][0xdd][0x8a]`[0xa4][0x5]c4[0xce]AH[0xcb][0xc0]hm[0x13]b [0x8b][0xd6]6a6[0xd8]0[0x93][0x1c][0xd1]gZ[0xa2][0xf7]wQ[0xd2][0x1e][0xdd]*0[0xa4][0xe5]p[0xb4][0xe]=[0xba][0x95][\n]"
10:07:01.021 [main] DEBUG org.apache.http.wire -  << "H[0xc7]R[0xd1][0xd8]OHK[0xe8]hm[0x13][0xdd][0xca][0x8][0xa4][0x83][0xad]h[0xed]'D[0x83][0x90][0xea][0xa5][0xb7]%[0xdd]J[0x5][0xa4][0x15]q[0xb4][0xe]/Dc[0x93][0xb6]6[0x99]!-[0xe]s-J[0xcf][0xcf][0xcb][0xcf][0xcd]LVp[0xcc])[0xcd][0xcd][0xcc]+[0xcd][0xc5][0xba][0x9][0xd7][0xb1][0xb4]D!)5[0xb1]$1[0x15][0xbe][0xc5]45W!7[0xb1]"37U!/57_!3'[0xa7]4[0x17][0xb4][0xfd][0x16][0xdc][0xf7]#[0xa7][0xa9]if@[0xaf]b[0xd1][0xcc][0x80]^[0x85][0x95][0xd9][0xe0]^Kd6[0x18][0xd7][0x12][0x99][0xd1]o-[0x11][0xd2]>[0x14][0xda]f9S[0xd0][0xc1][0x83]tY[\r]cf@[0xaf][0xaa][0xc4][0xcc][0x0]Q[0xc0][0xd3]6[0xf4][0xcc][0x90][0xa6]9hl[0x13][0xdd][0xd6]|[0x99]![0x9d]j[0x86]}q[0xc1][0x80][0xae]24CZ[0xbe][0x85][0xdd]y[0x88]^[0x17][0xdd]vw[0x98]![0x1d]lF[0xe3]t[0x80]t[0x8]Y@[0xb0][0xa1][0x1][0x5][0x1d][0x1][0xf4][0x13][0xb9][0xe0][0x83][0xfd]HU[0x3][0xe4][0x2][0x7][0xc]K[0x8][0xcd][0xcf][0x9b][0xd1]m=[0x9a][0x19][0xd2][0xd9]a[0xd9][0x99][0x5][0x89][0xc5][\n]"
10:07:01.021 [main] DEBUG org.apache.http.wire -  << "[0x89]y[0xe9][0x99]y[0x18].[0xce]M[0xcd]KO[0xcd])M,[0xca]N[0xcc][0x83](Q(N[0xcc]KO,Q[0xc8]N[0xcd]K[0x86][0x1c][0xd3][\n]"
10:07:01.021 [main] DEBUG org.apache.http.wire -  << "=0[0xc8][0x10][0xb4]n[0x1e][0xe7]qv[0xf0]PB:@[0x86][0xcc][0x1b]0[0xcc][0x90][0xd6][0x9d][0xc1][0xf][0x1c]q*[0xca][0xcf][0xab]J[0xc5]1[0x84][0x6]9[0xb3][0xb3]([0xb5] 5''5/[0xa5][0xb4]X!1[0x19]tH[0xe][0xe8]h[0x9c][0xc2]R[0xb2][0x86][0xb1][0xcd][0x90][0x96][0xa4][0xf9][0xa6][0xa6]d[0xe6]'[0x17][0xa5][0x82]F[0xf1]@[0x7][0x87][0xe2]8[0x6][0xc6][0x11]lg^I&[0xe8][0xa8][0x9b][0x12][0x85]|[0xf0][0xa9]0[0x89][\n]"
10:07:01.021 [main] DEBUG org.apache.http.wire -  << "e[0xa9]9[0x99]%[\n]"
10:07:01.021 [main] DEBUG org.apache.http.wire -  << "y[0xf9]I[0x99][0xc5]d[0xb5][0xb2][0x90][0xe]J[0x1b]r1[0x89][0xb4][0x6]n[0xe8][0xb9][0x1d]1[0xbd];[0xf4][0xdc][0x8e]hS[0xc]=[0xb7]#&ti\g -[0x17][0xf4][0xcc]K.JM[0xc9]L[0xca]IU[0x80][0x95]49[0xf9][0xc9][0x98]{[0xaa]][0x13][0xe1][0x7][0x5])[0xa4][0xe6]eB:P[0xc5][0xa0][0xfc][0x9d]Z[0x9c][0x9c]Y[0x9a]W[0xa2][0x90]R[0x9a][0xc]>[0x92][0xb]r[\n]"
10:07:01.022 [main] DEBUG org.apache.http.wire -  << "V.YY[0x9e]nK[0x6][0xcd][0x90][0x16][0xf2][0xd1]:[0xb0][0xe9][0xd6][0x85]C>[0xbc][0x8b][0xe2][0x5][0x97][0x0][0x0][0x0][0x0][0xff][0xff]"
10:07:01.022 [main] DEBUG org.apache.http.wire -  << "[\r][\n]"
10:07:01.022 [main] DEBUG org.apache.http.wire -  << "303[\r][\n]"
10:07:01.022 [main] DEBUG org.apache.http.wire -  << "[0xb2][0xc2]3.hfB[0xaf]Q[\r]3[0xa4]uWC.C#][0xb3]En[0x1a]#[0xf2][0xd0]t3[0x13][0xba][\r][0xc9] [0xad]_"[0xd7]S[0xc4]-[0xb9]3C[0xba][0xe4][0x8a][0xd6]6[0xd1][0xad][0xe4]EZ.Bk?[0xd1]m[0x8c][0x8a]n[0xeb][0x1e][0xcc][0xe8][0xb6][0x1a][0xc1][0xcc][0x8c]n)[0xc2][0x8c]nE)[0xe8]6[0x11][0xfa][0x8c][0xec] [0xad][0x3][0xa0]q*[0xa7][0xdb]T[0xbc][0x19][0xd2]T[0xbc]G[0x81]BXfY[0xbe]B[0xa4][0x91][0x11][0x96]~enfNfv[0xa6]BqAjqfZf6[0xe8][0xac][0x9a][0xca][0xc4][0xbc]t[0x85][0xc4][0x2][0xf0]Y[0xb9][0xd0]N%h[0x2][0x18]u[0xe][0x18][0xbd][0xfb][0x8d]4[0xf]gfN[0xca][0x0][0x16][0x96][0x13][0xec][0xf1][0x94][0xb8][0xd4][0xec][0xbf]"-"[0x80]]y[0xe2]X[0x9a][0x93][0x99][0xa8]`[0x8c][0x11]N[0x99]y[0x99][0xa0][0x5]'[0xa0][0xb][0xde][0x14][0x12][0xe1]j[0xa0][0x81][0x83]o[0xfd][0x1e]J[0xb0][0xd0]k"[0xd4][0xc][0xe9][0xe]+[0xec][0x83]L[0x3];[0x6][0x86][0xb4][0xfe][0x0][0xbb][0xf3][0x6]b[0xc][0xc]i[0xe1][0x2]vG[\r]p[0x98]![0x8a]x[0xec][0xce][0x1b][0x90]0Cdtp[0xe][0xca]Vp[0xcf]L[0xcd][0xc1][0xc8]=![0xa0]C[0x8f][0xf3][0xd2]A[0xd7][0x1e]f[0x17]e[0x16][0x14]g"[0xdc]J[0xfc][0xe]#3[0xb]D[0xd5][0x83]d[0x99]Bv[0xaa].f[0xb9]F%[0x1b][0x11][0x19][0x16][0xcd]F[0xcc][0x12][0x82]J6"[0x9a]A[0xf0][0xed]E4[0xbd][0xbf][0xc8][0xc][0xe9][0xda]+[0xb0][0x1f][0x93]K[0x14]hZ[0x8]"[0xad]2[0xa0][0x93][0xf][0x91][0x8e][0xc6][0xa1]q[0xf5]n[0x89][0xc8][0xe][0xb4][0xb6][0x9][0x91]2im[0x13][0xbd][0xba]j[0xe6][0xa0]qk[0xba]4[0xf8][0xcc][0x91][0x8e]V[0xa1]m[0xe8][0x99][0xd3][0xed]@[0x12]s[0x3][0xba][0xc5][0x13][0xd2][0xd9]"4[0xe]=C[0xc4][0xf0][0xa8]g[0x80][0x87][0xbf][0x9f][0xab][0x82][0xa1][0xa9]B@[0x90]?F[0x5][0xe3][0xe1][0xea][0xe7][0x1e][0xe0][0xef][0x87][0xa8]VL@[0xfd]~[0x9c][0x93] H[0x8d]2s[0xa4][0x99]zZ[0xfb][0x6]Q[0xd1][0xce]7[0xf4]*[0x17][0xcc][0x91][0xa6]Yi[0x1c]nH3[0xa6][0xb4][0xb6][0x9][0x91][0xde]hm[0x13][0xbd]j[\n]"
10:07:01.022 [main] DEBUG org.apache.http.wire -  << "s[0xa4]I:[0xb7][0xc4][0xbc][0x12][0xc8][0x1a]{[0xdf][0xc4]"[0xd0][0x10][0xba]Ob.[0xe6][0xb5]$[0xae]%[\n]"
10:07:01.022 [main] DEBUG org.apache.http.wire -  << "[0x19][0x99][0xc9][0xa0]uG[0xf9]H[0x83][0xe2][0xa0][0xb1][0xc][0xa2][0xf2][0x13][0xd2]|\RbqjJQZf[0x5]F~[0x5][0xcb][0xa4][0xa6]%[0x96][0xe6][0x94][0xa4][0x80][0xd6][0xfa]C;Rf[0x96][0xa0][0xae]8q[0xd6][0xd0]k[0x98][0xda][0x1c][0xe9]&[0x1e][0xda][0xf4][0xa4][0xf1][0x8c]\[0x9b]#[0xdd][0xc9]C[0xe3][0x14]I[0xb7]C[0x9][0xcc][0xe9]6[0x97]aN[0xb7]3[0x9][0xcc][0x91]f[0xd3]i[0x1c]OH[0x1b][0xcb]im[0x13][0xa2]/Bk[0x9b][0x10][0x99][0x99]f5#[0xa8]A[0x0]m][0xd2]?[0x1b]#[0xcd][\r][0xc][0x80][0xe5]t[0xab][0xd5][0x90][0xae][0xce][0xa0]q[0x8a]A[0xba][0xbe]b[0x0][0x2][0x14][0x91]1[0x6][0xc0]rD;[0x0],GdT[0xfa][[0x8e][0xb4][0x8d]t[0x0],G[0xac]2[0x19][0x0][0xcb][0x11]9[0x98][0x1e]c4[0xe6]t[0x9b]N2[0xa7][0xdb]%[0x17][0xe6]H[0xd3]I[0xd8][0xc7]O[0x7]tx[0xd7][0x1c][0xd4][0xf0][0x85]VO[0xd8][0x9d][0x87][0xd4][0xb7][0x5][0xad]y[0xc6][0xd9]H[0xa6][0xe2][0x4][0x89]9[0xdd][0xf6][0xa8][0x9a]#M[0x8c]a[0xf7][0xfe][0xc0][0xc6][0xe][0xd2]l[0x1a]v[0xe7][\r]H[0xec] [0xfa][0x90][0x83][0xc8]Q[0x88][0x1][0x8][0xec][0x8e][0x1a][0xe0][0x88]D[0xd4][0x9e][0xd8][0x9d]7 [0x11][0x89][0xa8]U[0x7][0x8f][0xa3][0x6][0xf7]t[0x98]9[0xd2][0x96][0xdc][0x81][0xe][0xb3][0xd8]Z.[0x0][0x0][0x0][0x0][0xff][0xff]"
10:07:01.022 [main] DEBUG org.apache.http.wire -  << "[\r][\n]"
10:07:01.022 [main] DEBUG org.apache.http.wire -  << "A[\r][\n]"
10:07:01.022 [main] DEBUG org.apache.http.wire -  << "[0x3][0x0][0xc6][0xa0][0xf9][0xf0][0xb4][0x90][0x0][0x0]"
10:07:01.022 [main] DEBUG org.apache.http.wire -  << "[\r][\n]"
10:07:01.022 [main] DEBUG org.apache.http.wire -  << "0[\r][\n]"
10:07:01.022 [main] DEBUG org.apache.http.wire -  << "[\r][\n]"
10:07:01.022 [main] DEBUG io.restassured.internal.RestAssuredHttpBuilder - Parsed data to instance of: class org.apache.http.conn.EofSensorInputStream
10:07:01.023 [main] DEBUG org.apache.http.impl.conn.BasicClientConnectionManager - Releasing connection org.apache.http.impl.conn.ManagedClientConnectionImpl@58be583e
10:07:01.023 [main] DEBUG org.apache.http.impl.conn.BasicClientConnectionManager - Connection can be kept alive indefinitely
10:07:01.036 [main] DEBUG net.thucydides.core.steps.StepInterceptor - STEP DONE: I send GET HTTP request product
  &amp#27;[32mWhen &amp#27;[0m&amp#27;[32mI send GET HTTP request product&amp#27;[0m                &amp#27;[90m# starter.stepdefinitions.ProductSteps.sentGetHttpRequestProduct()&amp#27;[0m
10:07:01.038 [main] DEBUG net.thucydides.core.steps.StepInterceptor - STARTING STEP: ProductSteps.receiveValidHttp200Product - I receive valid HTTP response code 200 product
10:07:01.039 [main] DEBUG net.thucydides.core.steps.StepInterceptor - STEP DONE: I receive valid HTTP response code 200 product
  &amp#27;[32mThen &amp#27;[0m&amp#27;[32mI receive valid HTTP response code 200 product&amp#27;[0m &amp#27;[90m# starter.stepdefinitions.ProductSteps.receiveValidHttp200Product()&amp#27;[0m
10:07:01.040 [main] INFO  - 
  _____   ___   ___   _____     ___     _     ___   ___   ___   ___  
 |_   _| | __| / __| |_   _|   | _ \   /_\   / __| / __| | __| |   \ 
   | |   | _|  \__ \   | |     |  _/  / _ \  \__ \ \__ \ | _|  | |) |
   |_|   |___| |___/   |_|     |_|   /_/ \_\ |___/ |___/ |___| |___/ 

GET - Get product by ID
----------------------------------------------------------------------
]]></system-out>
  </testcase>
  <testcase name="GET - Get all product" classname="Product" time="0.103">
    <system-out><![CDATA[
Scenario: GET - Get all product                       &amp#27;[90m# src/test/resources/features/5. Product.feature:32&amp#27;[0m
10:07:01.043 [main] DEBUG io.cucumber.core.plugin.SerenityReporter - Running feature from file:///E:/APIMinpro/API/minpro/src/test/resources/features/5.%20Product.feature
10:07:01.044 [main] INFO  - 
  _____   ___   ___   _____     ___   _____     _     ___   _____   ___   ___  
 |_   _| | __| / __| |_   _|   / __| |_   _|   /_\   | _ \ |_   _| | __| |   \ 
   | |   | _|  \__ \   | |     \__ \   | |    / _ \  |   /   | |   | _|  | |) |
   |_|   |___| |___/   |_|     |___/   |_|   /_/ \_\ |_|_\   |_|   |___| |___/ 

GET - Get all product(product;get---get-all-product)
--------------------------------------------------------------------------------
10:07:01.051 [main] DEBUG net.thucydides.core.steps.StepInterceptor - STARTING STEP: ProductSteps.setGetApiEndpointsProduct2 - I set GET api endpoints product2
10:07:01.052 [main] DEBUG net.thucydides.core.steps.StepInterceptor - STEP DONE: I set GET api endpoints product2
  &amp#27;[32mGiven &amp#27;[0m&amp#27;[32mI set GET api endpoints product2&amp#27;[0m              &amp#27;[90m# starter.stepdefinitions.ProductSteps.setGetApiEndpointsProduct2()&amp#27;[0m
10:07:01.054 [main] DEBUG net.thucydides.core.steps.StepInterceptor - STARTING STEP: ProductSteps.sendGetHttpRequestProduct2 - I send GET HTTP request product2
10:07:01.056 [main] DEBUG net.thucydides.core.steps.StepInterceptor - STARTING STEP: Product.sendGetHttpRequestProduct2 - I set GET api endpoints product2
10:07:01.056 [main] DEBUG net.thucydides.core.steps.StepInterceptor - STEP DONE: I set GET api endpoints product2
10:07:01.063 [main] DEBUG org.apache.http.impl.conn.BasicClientConnectionManager - Get connection for route {s}->https://altashop-api.fly.dev:443
10:07:01.063 [main] DEBUG org.apache.http.impl.conn.DefaultClientConnectionOperator - Connecting to altashop-api.fly.dev:443
10:07:01.110 [main] DEBUG org.apache.http.client.protocol.RequestAddCookies - CookieSpec selected: ignoreCookies
10:07:01.110 [main] DEBUG org.apache.http.client.protocol.RequestAuthCache - Auth cache not set in the context
10:07:01.110 [main] DEBUG org.apache.http.client.protocol.RequestTargetAuthentication - Target auth state: UNCHALLENGED
10:07:01.110 [main] DEBUG org.apache.http.client.protocol.RequestProxyAuthentication - Proxy auth state: UNCHALLENGED
10:07:01.110 [main] DEBUG org.apache.http.impl.client.DefaultHttpClient - Attempt 1 to execute request
10:07:01.110 [main] DEBUG org.apache.http.impl.conn.DefaultClientConnection - Sending request: GET /api/products/13680 HTTP/1.1
10:07:01.110 [main] DEBUG org.apache.http.wire -  >> "GET /api/products/13680 HTTP/1.1[\r][\n]"
10:07:01.110 [main] DEBUG org.apache.http.wire -  >> "Accept: */*[\r][\n]"
10:07:01.110 [main] DEBUG org.apache.http.wire -  >> "Host: altashop-api.fly.dev[\r][\n]"
10:07:01.110 [main] DEBUG org.apache.http.wire -  >> "Connection: Keep-Alive[\r][\n]"
10:07:01.110 [main] DEBUG org.apache.http.wire -  >> "User-Agent: Apache-HttpClient/4.5.13 (Java/11.0.15.1)[\r][\n]"
10:07:01.110 [main] DEBUG org.apache.http.wire -  >> "Accept-Encoding: gzip,deflate[\r][\n]"
10:07:01.110 [main] DEBUG org.apache.http.wire -  >> "[\r][\n]"
10:07:01.110 [main] DEBUG org.apache.http.headers - >> GET /api/products/13680 HTTP/1.1
10:07:01.110 [main] DEBUG org.apache.http.headers - >> Accept: */*
10:07:01.110 [main] DEBUG org.apache.http.headers - >> Host: altashop-api.fly.dev
10:07:01.110 [main] DEBUG org.apache.http.headers - >> Connection: Keep-Alive
10:07:01.110 [main] DEBUG org.apache.http.headers - >> User-Agent: Apache-HttpClient/4.5.13 (Java/11.0.15.1)
10:07:01.110 [main] DEBUG org.apache.http.headers - >> Accept-Encoding: gzip,deflate
10:07:01.138 [main] DEBUG org.apache.http.wire -  << "HTTP/1.1 200 OK[\r][\n]"
10:07:01.138 [main] DEBUG org.apache.http.wire -  << "content-type: application/json[\r][\n]"
10:07:01.138 [main] DEBUG org.apache.http.wire -  << "date: Sun, 07 May 2023 03:07:00 GMT[\r][\n]"
10:07:01.138 [main] DEBUG org.apache.http.wire -  << "content-encoding: gzip[\r][\n]"
10:07:01.138 [main] DEBUG org.apache.http.wire -  << "transfer-encoding: chunked[\r][\n]"
10:07:01.138 [main] DEBUG org.apache.http.wire -  << "server: Fly/3f2597ca (2023-05-03)[\r][\n]"
10:07:01.138 [main] DEBUG org.apache.http.wire -  << "via: 1.1 fly.io[\r][\n]"
10:07:01.138 [main] DEBUG org.apache.http.wire -  << "fly-request-id: 01GZT2THRKVNEBX2AFC2HHJF65-sin[\r][\n]"
10:07:01.138 [main] DEBUG org.apache.http.wire -  << "[\r][\n]"
10:07:01.138 [main] DEBUG org.apache.http.impl.conn.DefaultClientConnection - Receiving response: HTTP/1.1 200 OK
10:07:01.138 [main] DEBUG org.apache.http.headers - << HTTP/1.1 200 OK
10:07:01.138 [main] DEBUG org.apache.http.headers - << content-type: application/json
10:07:01.138 [main] DEBUG org.apache.http.headers - << date: Sun, 07 May 2023 03:07:00 GMT
10:07:01.138 [main] DEBUG org.apache.http.headers - << content-encoding: gzip
10:07:01.138 [main] DEBUG org.apache.http.headers - << transfer-encoding: chunked
10:07:01.138 [main] DEBUG org.apache.http.headers - << server: Fly/3f2597ca (2023-05-03)
10:07:01.138 [main] DEBUG org.apache.http.headers - << via: 1.1 fly.io
10:07:01.138 [main] DEBUG org.apache.http.headers - << fly-request-id: 01GZT2THRKVNEBX2AFC2HHJF65-sin
10:07:01.138 [main] DEBUG org.apache.http.impl.client.DefaultHttpClient - Connection can be kept alive indefinitely
10:07:01.138 [main] DEBUG io.restassured.internal.RestAssuredHttpBuilder - Parsing response as: application/json
10:07:01.138 [main] DEBUG org.apache.http.wire -  << "94[\r][\n]"
10:07:01.138 [main] DEBUG org.apache.http.wire -  << "[0x1f][0x8b][0x8][0x0][0x0][0x0][0x0][0x0][0x4][0xff][0xab]VJI,IT[0xb2][0xaa]V[0xf2]tQ[0xb2]246[0xb3]0[0xd0]Q[0xf2]K[0xcc]MU[0xb2]R[0x8a]p[0xf2][0x8f]0T[0xd2]QrI-N.[0xca],([0xc9][0xcc][0xcf]S[0xb2]RR[0xd2]Q[\n]"
10:07:01.138 [main] DEBUG org.apache.http.wire -  << "([0xca]LNU[0xb2]2[0xb1][0xb4][0xd4]Q[\n]"
10:07:01.138 [main] DEBUG org.apache.http.wire -  << "J,[0xc9][0xcc]K/V[0xb2]2[0xd0]QrN,IM[0xcf]/[0xca]L-V[0xb2][0x8a][0x86][0x9a]hdjb[0x8]7[0xd1]=173/[0x1d][0xc3]H[0xb7][0xfc]"[0x85]t[0xb0][0x94]BAiQA~qj[0xb1]Rmlm-[0x17][0x0]^[0xa4]M}[0x9e][0x0][0x0][0x0]"
10:07:01.138 [main] DEBUG org.apache.http.wire -  << "[\r][\n]"
10:07:01.138 [main] DEBUG org.apache.http.wire -  << "0[\r][\n]"
10:07:01.138 [main] DEBUG org.apache.http.wire -  << "[\r][\n]"
10:07:01.138 [main] DEBUG io.restassured.internal.RestAssuredHttpBuilder - Parsed data to instance of: class org.apache.http.conn.EofSensorInputStream
10:07:01.139 [main] DEBUG org.apache.http.impl.conn.BasicClientConnectionManager - Releasing connection org.apache.http.impl.conn.ManagedClientConnectionImpl@69c51fdb
10:07:01.139 [main] DEBUG org.apache.http.impl.conn.BasicClientConnectionManager - Connection can be kept alive indefinitely
10:07:01.140 [main] DEBUG net.thucydides.core.steps.StepInterceptor - STEP DONE: I send GET HTTP request product2
  &amp#27;[32mWhen &amp#27;[0m&amp#27;[32mI send GET HTTP request product2&amp#27;[0m               &amp#27;[90m# starter.stepdefinitions.ProductSteps.sendGetHttpRequestProduct2()&amp#27;[0m
10:07:01.142 [main] DEBUG net.thucydides.core.steps.StepInterceptor - STARTING STEP: ProductSteps.receiveValidHttp200Product - I receive valid HTTP response code 200 product
10:07:01.142 [main] DEBUG net.thucydides.core.steps.StepInterceptor - STEP DONE: I receive valid HTTP response code 200 product
  &amp#27;[32mThen &amp#27;[0m&amp#27;[32mI receive valid HTTP response code 200 product&amp#27;[0m &amp#27;[90m# starter.stepdefinitions.ProductSteps.receiveValidHttp200Product()&amp#27;[0m
10:07:01.144 [main] INFO  - 
  _____   ___   ___   _____     ___     _     ___   ___   ___   ___  
 |_   _| | __| / __| |_   _|   | _ \   /_\   / __| / __| | __| |   \ 
   | |   | _|  \__ \   | |     |  _/  / _ \  \__ \ \__ \ | _|  | |) |
   |_|   |___| |___/   |_|     |_|   /_/ \_\ |___/ |___/ |___| |___/ 

GET - Get all product
----------------------------------------------------------------------
]]></system-out>
  </testcase>
  <testcase name="GET - Get product by invalid ID" classname="Product" time="0.095">
    <system-out><![CDATA[
Scenario: GET - Get product by invalid ID             &amp#27;[90m# src/test/resources/features/5. Product.feature:37&amp#27;[0m
10:07:01.148 [main] DEBUG io.cucumber.core.plugin.SerenityReporter - Running feature from file:///E:/APIMinpro/API/minpro/src/test/resources/features/5.%20Product.feature
10:07:01.149 [main] INFO  - 
  _____   ___   ___   _____     ___   _____     _     ___   _____   ___   ___  
 |_   _| | __| / __| |_   _|   / __| |_   _|   /_\   | _ \ |_   _| | __| |   \ 
   | |   | _|  \__ \   | |     \__ \   | |    / _ \  |   /   | |   | _|  | |) |
   |_|   |___| |___/   |_|     |___/   |_|   /_/ \_\ |_|_\   |_|   |___| |___/ 

GET - Get product by invalid ID(product;get---get-product-by-invalid-id)
--------------------------------------------------------------------------------
10:07:01.155 [main] DEBUG net.thucydides.core.steps.StepInterceptor - STARTING STEP: ProductSteps.setGetApiEndpointsProduct3 - I set GET api endpoints product3
10:07:01.155 [main] DEBUG net.thucydides.core.steps.StepInterceptor - STEP DONE: I set GET api endpoints product3
  &amp#27;[32mGiven &amp#27;[0m&amp#27;[32mI set GET api endpoints product3&amp#27;[0m              &amp#27;[90m# starter.stepdefinitions.ProductSteps.setGetApiEndpointsProduct3()&amp#27;[0m
10:07:01.157 [main] DEBUG net.thucydides.core.steps.StepInterceptor - STARTING STEP: ProductSteps.sendGetHttpRequestProduct3 - I send GET HTTP request product3
10:07:01.158 [main] DEBUG net.thucydides.core.steps.StepInterceptor - STARTING STEP: Product.sendGetHttpRequestProduct3 - I set GET api endpoints product3
10:07:01.158 [main] DEBUG net.thucydides.core.steps.StepInterceptor - STEP DONE: I set GET api endpoints product3
10:07:01.164 [main] DEBUG org.apache.http.impl.conn.BasicClientConnectionManager - Get connection for route {s}->https://altashop-api.fly.dev:443
10:07:01.164 [main] DEBUG org.apache.http.impl.conn.DefaultClientConnectionOperator - Connecting to altashop-api.fly.dev:443
10:07:01.212 [main] DEBUG org.apache.http.client.protocol.RequestAddCookies - CookieSpec selected: ignoreCookies
10:07:01.212 [main] DEBUG org.apache.http.client.protocol.RequestAuthCache - Auth cache not set in the context
10:07:01.212 [main] DEBUG org.apache.http.client.protocol.RequestTargetAuthentication - Target auth state: UNCHALLENGED
10:07:01.212 [main] DEBUG org.apache.http.client.protocol.RequestProxyAuthentication - Proxy auth state: UNCHALLENGED
10:07:01.212 [main] DEBUG org.apache.http.impl.client.DefaultHttpClient - Attempt 1 to execute request
10:07:01.212 [main] DEBUG org.apache.http.impl.conn.DefaultClientConnection - Sending request: GET /api/products/-13000 HTTP/1.1
10:07:01.212 [main] DEBUG org.apache.http.wire -  >> "GET /api/products/-13000 HTTP/1.1[\r][\n]"
10:07:01.212 [main] DEBUG org.apache.http.wire -  >> "Accept: */*[\r][\n]"
10:07:01.212 [main] DEBUG org.apache.http.wire -  >> "Host: altashop-api.fly.dev[\r][\n]"
10:07:01.212 [main] DEBUG org.apache.http.wire -  >> "Connection: Keep-Alive[\r][\n]"
10:07:01.212 [main] DEBUG org.apache.http.wire -  >> "User-Agent: Apache-HttpClient/4.5.13 (Java/11.0.15.1)[\r][\n]"
10:07:01.212 [main] DEBUG org.apache.http.wire -  >> "Accept-Encoding: gzip,deflate[\r][\n]"
10:07:01.212 [main] DEBUG org.apache.http.wire -  >> "[\r][\n]"
10:07:01.212 [main] DEBUG org.apache.http.headers - >> GET /api/products/-13000 HTTP/1.1
10:07:01.212 [main] DEBUG org.apache.http.headers - >> Accept: */*
10:07:01.212 [main] DEBUG org.apache.http.headers - >> Host: altashop-api.fly.dev
10:07:01.212 [main] DEBUG org.apache.http.headers - >> Connection: Keep-Alive
10:07:01.212 [main] DEBUG org.apache.http.headers - >> User-Agent: Apache-HttpClient/4.5.13 (Java/11.0.15.1)
10:07:01.212 [main] DEBUG org.apache.http.headers - >> Accept-Encoding: gzip,deflate
10:07:01.232 [main] DEBUG org.apache.http.wire -  << "HTTP/1.1 500 Internal Server Error[\r][\n]"
10:07:01.232 [main] DEBUG org.apache.http.wire -  << "content-type: application/json[\r][\n]"
10:07:01.232 [main] DEBUG org.apache.http.wire -  << "date: Sun, 07 May 2023 03:07:00 GMT[\r][\n]"
10:07:01.232 [main] DEBUG org.apache.http.wire -  << "content-encoding: gzip[\r][\n]"
10:07:01.232 [main] DEBUG org.apache.http.wire -  << "transfer-encoding: chunked[\r][\n]"
10:07:01.232 [main] DEBUG org.apache.http.wire -  << "server: Fly/3f2597ca (2023-05-03)[\r][\n]"
10:07:01.232 [main] DEBUG org.apache.http.wire -  << "via: 1.1 fly.io[\r][\n]"
10:07:01.232 [main] DEBUG org.apache.http.wire -  << "fly-request-id: 01GZT2THVSB3B3HGRVTMTJFF2Y-sin[\r][\n]"
10:07:01.232 [main] DEBUG org.apache.http.wire -  << "[\r][\n]"
10:07:01.232 [main] DEBUG org.apache.http.impl.conn.DefaultClientConnection - Receiving response: HTTP/1.1 500 Internal Server Error
10:07:01.232 [main] DEBUG org.apache.http.headers - << HTTP/1.1 500 Internal Server Error
10:07:01.232 [main] DEBUG org.apache.http.headers - << content-type: application/json
10:07:01.232 [main] DEBUG org.apache.http.headers - << date: Sun, 07 May 2023 03:07:00 GMT
10:07:01.232 [main] DEBUG org.apache.http.headers - << content-encoding: gzip
10:07:01.232 [main] DEBUG org.apache.http.headers - << transfer-encoding: chunked
10:07:01.232 [main] DEBUG org.apache.http.headers - << server: Fly/3f2597ca (2023-05-03)
10:07:01.232 [main] DEBUG org.apache.http.headers - << via: 1.1 fly.io
10:07:01.232 [main] DEBUG org.apache.http.headers - << fly-request-id: 01GZT2THVSB3B3HGRVTMTJFF2Y-sin
10:07:01.233 [main] DEBUG org.apache.http.impl.client.DefaultHttpClient - Connection can be kept alive indefinitely
10:07:01.233 [main] DEBUG io.restassured.internal.RestAssuredHttpBuilder - Parsing response as: application/json
10:07:01.233 [main] DEBUG org.apache.http.wire -  << "5C[\r][\n]"
10:07:01.233 [main] DEBUG org.apache.http.wire -  << "[0x1f][0x8b][0x8][0x0][0x0][0x0][0x0][0x0][0x4][0xff][0xab]VJ-*[0xca]/R[0xb2]R2[0xb4]01137110767[0xb0]45[0xb6]034S[0xc8],VH/JM,I-R([0xc9]H[0xcc]S[0xc8]M[0xac][0xc8][0xcc]-[0xcd]U(K[0xcc])MUH[0xcb]/R[0xf0][0xcc]+1Q[0xaa][0xe5][0x2][0x0][0xf0][0xc5][0xea][0x99]H[0x0][0x0][0x0]"
10:07:01.233 [main] DEBUG org.apache.http.wire -  << "[\r][\n]"
10:07:01.233 [main] DEBUG org.apache.http.wire -  << "0[\r][\n]"
10:07:01.233 [main] DEBUG org.apache.http.wire -  << "[\r][\n]"
10:07:01.233 [main] DEBUG io.restassured.internal.RestAssuredHttpBuilder - Parsed data to instance of: class org.apache.http.conn.EofSensorInputStream
10:07:01.234 [main] DEBUG org.apache.http.impl.conn.BasicClientConnectionManager - Releasing connection org.apache.http.impl.conn.ManagedClientConnectionImpl@35e3f3b8
10:07:01.234 [main] DEBUG org.apache.http.impl.conn.BasicClientConnectionManager - Connection can be kept alive indefinitely
10:07:01.234 [main] DEBUG net.thucydides.core.steps.StepInterceptor - STEP DONE: I send GET HTTP request product3
  &amp#27;[32mWhen &amp#27;[0m&amp#27;[32mI send GET HTTP request product3&amp#27;[0m               &amp#27;[90m# starter.stepdefinitions.ProductSteps.sendGetHttpRequestProduct3()&amp#27;[0m
10:07:01.237 [main] DEBUG net.thucydides.core.steps.StepInterceptor - STARTING STEP: ProductSteps.receiveValidHttp500Product - I receive valid HTTP response code 500 product
10:07:01.238 [main] DEBUG net.thucydides.core.steps.StepInterceptor - STEP DONE: I receive valid HTTP response code 500 product
  &amp#27;[32mThen &amp#27;[0m&amp#27;[32mI receive valid HTTP response code 500 product&amp#27;[0m &amp#27;[90m# starter.stepdefinitions.ProductSteps.receiveValidHttp500Product()&amp#27;[0m
10:07:01.239 [main] INFO  - 
  _____   ___   ___   _____     ___     _     ___   ___   ___   ___  
 |_   _| | __| / __| |_   _|   | _ \   /_\   / __| / __| | __| |   \ 
   | |   | _|  \__ \   | |     |  _/  / _ \  \__ \ \__ \ | _|  | |) |
   |_|   |___| |___/   |_|     |_|   /_/ \_\ |___/ |___/ |___| |___/ 

GET - Get product by invalid ID
----------------------------------------------------------------------
]]></system-out>
  </testcase>
  <testcase name="POST - Add new orders" classname="Order" time="0.14">
    <system-out><![CDATA[10:07:01.240 [main] DEBUG io.cucumber.core.plugin.SerenityReporter - Running feature from file:///E:/APIMinpro/API/minpro/src/test/resources/features/6.%20Order.feature
10:07:01.242 [main] DEBUG net.thucydides.core.steps.StepEventBus - Test suite started for story net.thucydides.core.model.Story@421cad1d
10:07:01.242 [main] INFO  - Test Suite Started: Order

Scenario: POST - Add new orders                     &amp#27;[90m# src/test/resources/features/6. Order.feature:7&amp#27;[0m
10:07:01.246 [main] DEBUG io.cucumber.core.plugin.SerenityReporter - Running feature from file:///E:/APIMinpro/API/minpro/src/test/resources/features/6.%20Order.feature
10:07:01.248 [main] INFO  - 
  _____   ___   ___   _____     ___   _____     _     ___   _____   ___   ___  
 |_   _| | __| / __| |_   _|   / __| |_   _|   /_\   | _ \ |_   _| | __| |   \ 
   | |   | _|  \__ \   | |     \__ \   | |    / _ \  |   /   | |   | _|  | |) |
   |_|   |___| |___/   |_|     |___/   |_|   /_/ \_\ |_|_\   |_|   |___| |___/ 

POST - Add new orders(order;post---add-new-orders)
--------------------------------------------------------------------------------
  &amp#27;[32mGiven &amp#27;[0m&amp#27;[32mI set POST api endpoints order&amp#27;[0m              &amp#27;[90m# starter.stepdefinitions.OrderSteps.setPostApiEndpointOrder()&amp#27;[0m
10:07:01.263 [main] DEBUG org.apache.http.impl.conn.BasicClientConnectionManager - Get connection for route {s}->https://altashop-api.fly.dev:443
10:07:01.263 [main] DEBUG org.apache.http.impl.conn.DefaultClientConnectionOperator - Connecting to altashop-api.fly.dev:443
10:07:01.307 [main] DEBUG org.apache.http.client.protocol.RequestAddCookies - CookieSpec selected: ignoreCookies
10:07:01.307 [main] DEBUG org.apache.http.client.protocol.RequestAuthCache - Auth cache not set in the context
10:07:01.307 [main] DEBUG org.apache.http.client.protocol.RequestProxyAuthentication - Proxy auth state: UNCHALLENGED
10:07:01.307 [main] DEBUG org.apache.http.impl.client.DefaultHttpClient - Attempt 1 to execute request
10:07:01.307 [main] DEBUG org.apache.http.impl.conn.DefaultClientConnection - Sending request: GET /api/orders HTTP/1.1
10:07:01.307 [main] DEBUG org.apache.http.wire -  >> "GET /api/orders HTTP/1.1[\r][\n]"
10:07:01.307 [main] DEBUG org.apache.http.wire -  >> "Authorization: Bearer eyJhbGciOiJIUzI1NiIsInR5cCI6IkpXVCJ9.eyJGdWxsbmFtZSI6IkFkaXR5YSBOdWdyYWhhIiwiRW1haWwiOiJhZGl0QGdtYWlsLmNvbSJ9.VM2lARkmmliu1pWtk1uhb8z5fGaElvH1jIoYM72Te3g[\r][\n]"
10:07:01.307 [main] DEBUG org.apache.http.wire -  >> "Accept: */*[\r][\n]"
10:07:01.307 [main] DEBUG org.apache.http.wire -  >> "Host: altashop-api.fly.dev[\r][\n]"
10:07:01.307 [main] DEBUG org.apache.http.wire -  >> "Connection: Keep-Alive[\r][\n]"
10:07:01.307 [main] DEBUG org.apache.http.wire -  >> "User-Agent: Apache-HttpClient/4.5.13 (Java/11.0.15.1)[\r][\n]"
10:07:01.307 [main] DEBUG org.apache.http.wire -  >> "Accept-Encoding: gzip,deflate[\r][\n]"
10:07:01.307 [main] DEBUG org.apache.http.wire -  >> "[\r][\n]"
10:07:01.307 [main] DEBUG org.apache.http.headers - >> GET /api/orders HTTP/1.1
10:07:01.307 [main] DEBUG org.apache.http.headers - >> Authorization: Bearer eyJhbGciOiJIUzI1NiIsInR5cCI6IkpXVCJ9.eyJGdWxsbmFtZSI6IkFkaXR5YSBOdWdyYWhhIiwiRW1haWwiOiJhZGl0QGdtYWlsLmNvbSJ9.VM2lARkmmliu1pWtk1uhb8z5fGaElvH1jIoYM72Te3g
10:07:01.307 [main] DEBUG org.apache.http.headers - >> Accept: */*
10:07:01.307 [main] DEBUG org.apache.http.headers - >> Host: altashop-api.fly.dev
10:07:01.307 [main] DEBUG org.apache.http.headers - >> Connection: Keep-Alive
10:07:01.307 [main] DEBUG org.apache.http.headers - >> User-Agent: Apache-HttpClient/4.5.13 (Java/11.0.15.1)
10:07:01.307 [main] DEBUG org.apache.http.headers - >> Accept-Encoding: gzip,deflate
10:07:01.377 [main] DEBUG org.apache.http.wire -  << "HTTP/1.1 200 OK[\r][\n]"
10:07:01.378 [main] DEBUG org.apache.http.wire -  << "content-type: application/json[\r][\n]"
10:07:01.378 [main] DEBUG org.apache.http.wire -  << "date: Sun, 07 May 2023 03:07:00 GMT[\r][\n]"
10:07:01.378 [main] DEBUG org.apache.http.wire -  << "content-encoding: gzip[\r][\n]"
10:07:01.378 [main] DEBUG org.apache.http.wire -  << "transfer-encoding: chunked[\r][\n]"
10:07:01.378 [main] DEBUG org.apache.http.wire -  << "server: Fly/3f2597ca (2023-05-03)[\r][\n]"
10:07:01.378 [main] DEBUG org.apache.http.wire -  << "via: 1.1 fly.io[\r][\n]"
10:07:01.378 [main] DEBUG org.apache.http.wire -  << "fly-request-id: 01GZT2THYQZQYBDY8ERCB2A2SD-sin[\r][\n]"
10:07:01.378 [main] DEBUG org.apache.http.wire -  << "[\r][\n]"
10:07:01.378 [main] DEBUG org.apache.http.impl.conn.DefaultClientConnection - Receiving response: HTTP/1.1 200 OK
10:07:01.378 [main] DEBUG org.apache.http.headers - << HTTP/1.1 200 OK
10:07:01.378 [main] DEBUG org.apache.http.headers - << content-type: application/json
10:07:01.378 [main] DEBUG org.apache.http.headers - << date: Sun, 07 May 2023 03:07:00 GMT
10:07:01.378 [main] DEBUG org.apache.http.headers - << content-encoding: gzip
10:07:01.378 [main] DEBUG org.apache.http.headers - << transfer-encoding: chunked
10:07:01.378 [main] DEBUG org.apache.http.headers - << server: Fly/3f2597ca (2023-05-03)
10:07:01.378 [main] DEBUG org.apache.http.headers - << via: 1.1 fly.io
10:07:01.378 [main] DEBUG org.apache.http.headers - << fly-request-id: 01GZT2THYQZQYBDY8ERCB2A2SD-sin
10:07:01.378 [main] DEBUG org.apache.http.impl.client.DefaultHttpClient - Connection can be kept alive indefinitely
10:07:01.378 [main] DEBUG io.restassured.internal.RestAssuredHttpBuilder - Parsing response as: application/json
10:07:01.378 [main] DEBUG org.apache.http.wire -  << "20[\r][\n]"
10:07:01.378 [main] DEBUG org.apache.http.wire -  << "[0x1f][0x8b][0x8][0x0][0x0][0x0][0x0][0x0][0x4][0xff][0xab]VJI,IT[0xb2][0x8a][0x8e][0xad][0xe5][0x2][0x0][0xaa][0xe3][0xeb][0xc5][0xc][0x0][0x0][0x0]"
10:07:01.378 [main] DEBUG org.apache.http.wire -  << "[\r][\n]"
10:07:01.378 [main] DEBUG org.apache.http.wire -  << "0[\r][\n]"
10:07:01.378 [main] DEBUG org.apache.http.wire -  << "[\r][\n]"
10:07:01.378 [main] DEBUG io.restassured.internal.RestAssuredHttpBuilder - Parsed data to instance of: class org.apache.http.conn.EofSensorInputStream
10:07:01.379 [main] DEBUG org.apache.http.impl.conn.BasicClientConnectionManager - Releasing connection org.apache.http.impl.conn.ManagedClientConnectionImpl@705eb026
10:07:01.379 [main] DEBUG org.apache.http.impl.conn.BasicClientConnectionManager - Connection can be kept alive indefinitely
  &amp#27;[32mWhen &amp#27;[0m&amp#27;[32mI send POST HTTP request order&amp#27;[0m               &amp#27;[90m# starter.stepdefinitions.OrderSteps.sentPostHttpRequestOrder()&amp#27;[0m
  &amp#27;[32mThen &amp#27;[0m&amp#27;[32mI receive valid HTTP response code 200 order&amp#27;[0m &amp#27;[90m# starter.stepdefinitions.OrderSteps.receiveValidHttp200Order()&amp#27;[0m
10:07:01.383 [main] INFO  - 
  _____   ___   ___   _____     ___     _     ___   ___   ___   ___  
 |_   _| | __| / __| |_   _|   | _ \   /_\   / __| / __| | __| |   \ 
   | |   | _|  \__ \   | |     |  _/  / _ \  \__ \ \__ \ | _|  | |) |
   |_|   |___| |___/   |_|     |_|   /_/ \_\ |___/ |___/ |___| |___/ 

POST - Add new orders
----------------------------------------------------------------------
]]></system-out>
  </testcase>
  <testcase name="GET - Get all order" classname="Order" time="0.093">
    <system-out><![CDATA[
Scenario: GET - Get all order                       &amp#27;[90m# src/test/resources/features/6. Order.feature:12&amp#27;[0m
10:07:01.386 [main] DEBUG io.cucumber.core.plugin.SerenityReporter - Running feature from file:///E:/APIMinpro/API/minpro/src/test/resources/features/6.%20Order.feature
10:07:01.388 [main] INFO  - 
  _____   ___   ___   _____     ___   _____     _     ___   _____   ___   ___  
 |_   _| | __| / __| |_   _|   / __| |_   _|   /_\   | _ \ |_   _| | __| |   \ 
   | |   | _|  \__ \   | |     \__ \   | |    / _ \  |   /   | |   | _|  | |) |
   |_|   |___| |___/   |_|     |___/   |_|   /_/ \_\ |_|_\   |_|   |___| |___/ 

GET - Get all order(order;get---get-all-order)
--------------------------------------------------------------------------------
  &amp#27;[32mGiven &amp#27;[0m&amp#27;[32mI set GET api endpoints order&amp#27;[0m               &amp#27;[90m# starter.stepdefinitions.OrderSteps.setGetApiEndpointOrder()&amp#27;[0m
10:07:01.398 [main] DEBUG org.apache.http.impl.conn.BasicClientConnectionManager - Get connection for route {s}->https://altashop-api.fly.dev:443
10:07:01.398 [main] DEBUG org.apache.http.impl.conn.DefaultClientConnectionOperator - Connecting to altashop-api.fly.dev:443
10:07:01.443 [main] DEBUG org.apache.http.client.protocol.RequestAddCookies - CookieSpec selected: ignoreCookies
10:07:01.443 [main] DEBUG org.apache.http.client.protocol.RequestAuthCache - Auth cache not set in the context
10:07:01.443 [main] DEBUG org.apache.http.client.protocol.RequestProxyAuthentication - Proxy auth state: UNCHALLENGED
10:07:01.443 [main] DEBUG org.apache.http.impl.client.DefaultHttpClient - Attempt 1 to execute request
10:07:01.443 [main] DEBUG org.apache.http.impl.conn.DefaultClientConnection - Sending request: GET /api/orders HTTP/1.1
10:07:01.444 [main] DEBUG org.apache.http.wire -  >> "GET /api/orders HTTP/1.1[\r][\n]"
10:07:01.444 [main] DEBUG org.apache.http.wire -  >> "Authorization: Bearer eyJhbGciOiJIUzI1NiIsInR5cCI6IkpXVCJ9.eyJGdWxsbmFtZSI6IkFkaXR5YSBOdWdyYWhhIiwiRW1haWwiOiJhZGl0QGdtYWlsLmNvbSJ9.VM2lARkmmliu1pWtk1uhb8z5fGaElvH1jIoYM72Te3g[\r][\n]"
10:07:01.444 [main] DEBUG org.apache.http.wire -  >> "Accept: */*[\r][\n]"
10:07:01.444 [main] DEBUG org.apache.http.wire -  >> "Host: altashop-api.fly.dev[\r][\n]"
10:07:01.444 [main] DEBUG org.apache.http.wire -  >> "Connection: Keep-Alive[\r][\n]"
10:07:01.444 [main] DEBUG org.apache.http.wire -  >> "User-Agent: Apache-HttpClient/4.5.13 (Java/11.0.15.1)[\r][\n]"
10:07:01.444 [main] DEBUG org.apache.http.wire -  >> "Accept-Encoding: gzip,deflate[\r][\n]"
10:07:01.444 [main] DEBUG org.apache.http.wire -  >> "[\r][\n]"
10:07:01.444 [main] DEBUG org.apache.http.headers - >> GET /api/orders HTTP/1.1
10:07:01.444 [main] DEBUG org.apache.http.headers - >> Authorization: Bearer eyJhbGciOiJIUzI1NiIsInR5cCI6IkpXVCJ9.eyJGdWxsbmFtZSI6IkFkaXR5YSBOdWdyYWhhIiwiRW1haWwiOiJhZGl0QGdtYWlsLmNvbSJ9.VM2lARkmmliu1pWtk1uhb8z5fGaElvH1jIoYM72Te3g
10:07:01.444 [main] DEBUG org.apache.http.headers - >> Accept: */*
10:07:01.444 [main] DEBUG org.apache.http.headers - >> Host: altashop-api.fly.dev
10:07:01.444 [main] DEBUG org.apache.http.headers - >> Connection: Keep-Alive
10:07:01.444 [main] DEBUG org.apache.http.headers - >> User-Agent: Apache-HttpClient/4.5.13 (Java/11.0.15.1)
10:07:01.444 [main] DEBUG org.apache.http.headers - >> Accept-Encoding: gzip,deflate
10:07:01.470 [main] DEBUG org.apache.http.wire -  << "HTTP/1.1 200 OK[\r][\n]"
10:07:01.471 [main] DEBUG org.apache.http.wire -  << "content-type: application/json[\r][\n]"
10:07:01.471 [main] DEBUG org.apache.http.wire -  << "date: Sun, 07 May 2023 03:07:01 GMT[\r][\n]"
10:07:01.471 [main] DEBUG org.apache.http.wire -  << "content-encoding: gzip[\r][\n]"
10:07:01.471 [main] DEBUG org.apache.http.wire -  << "transfer-encoding: chunked[\r][\n]"
10:07:01.471 [main] DEBUG org.apache.http.wire -  << "server: Fly/3f2597ca (2023-05-03)[\r][\n]"
10:07:01.471 [main] DEBUG org.apache.http.wire -  << "via: 1.1 fly.io[\r][\n]"
10:07:01.471 [main] DEBUG org.apache.http.wire -  << "fly-request-id: 01GZT2TJ2ZFB6W6H9PX9VY086Y-sin[\r][\n]"
10:07:01.471 [main] DEBUG org.apache.http.wire -  << "[\r][\n]"
10:07:01.471 [main] DEBUG org.apache.http.impl.conn.DefaultClientConnection - Receiving response: HTTP/1.1 200 OK
10:07:01.471 [main] DEBUG org.apache.http.headers - << HTTP/1.1 200 OK
10:07:01.471 [main] DEBUG org.apache.http.headers - << content-type: application/json
10:07:01.471 [main] DEBUG org.apache.http.headers - << date: Sun, 07 May 2023 03:07:01 GMT
10:07:01.471 [main] DEBUG org.apache.http.headers - << content-encoding: gzip
10:07:01.471 [main] DEBUG org.apache.http.headers - << transfer-encoding: chunked
10:07:01.471 [main] DEBUG org.apache.http.headers - << server: Fly/3f2597ca (2023-05-03)
10:07:01.471 [main] DEBUG org.apache.http.headers - << via: 1.1 fly.io
10:07:01.471 [main] DEBUG org.apache.http.headers - << fly-request-id: 01GZT2TJ2ZFB6W6H9PX9VY086Y-sin
10:07:01.471 [main] DEBUG org.apache.http.impl.client.DefaultHttpClient - Connection can be kept alive indefinitely
10:07:01.471 [main] DEBUG io.restassured.internal.RestAssuredHttpBuilder - Parsing response as: application/json
10:07:01.471 [main] DEBUG org.apache.http.wire -  << "20[\r][\n]"
10:07:01.471 [main] DEBUG org.apache.http.wire -  << "[0x1f][0x8b][0x8][0x0][0x0][0x0][0x0][0x0][0x4][0xff][0xab]VJI,IT[0xb2][0x8a][0x8e][0xad][0xe5][0x2][0x0][0xaa][0xe3][0xeb][0xc5][0xc][0x0][0x0][0x0]"
10:07:01.471 [main] DEBUG org.apache.http.wire -  << "[\r][\n]"
10:07:01.471 [main] DEBUG org.apache.http.wire -  << "0[\r][\n]"
10:07:01.471 [main] DEBUG org.apache.http.wire -  << "[\r][\n]"
10:07:01.471 [main] DEBUG io.restassured.internal.RestAssuredHttpBuilder - Parsed data to instance of: class org.apache.http.conn.EofSensorInputStream
10:07:01.472 [main] DEBUG org.apache.http.impl.conn.BasicClientConnectionManager - Releasing connection org.apache.http.impl.conn.ManagedClientConnectionImpl@3d763ae5
10:07:01.472 [main] DEBUG org.apache.http.impl.conn.BasicClientConnectionManager - Connection can be kept alive indefinitely
  &amp#27;[32mWhen &amp#27;[0m&amp#27;[32mI send GET HTTP request order&amp#27;[0m                &amp#27;[90m# starter.stepdefinitions.OrderSteps.sendGetHttpRequestOrder()&amp#27;[0m
  &amp#27;[32mThen &amp#27;[0m&amp#27;[32mI receive valid HTTP response code 200 order&amp#27;[0m &amp#27;[90m# starter.stepdefinitions.OrderSteps.receiveValidHttp200Order()&amp#27;[0m
10:07:01.476 [main] INFO  - 
  _____   ___   ___   _____     ___     _     ___   ___   ___   ___  
 |_   _| | __| / __| |_   _|   | _ \   /_\   / __| / __| | __| |   \ 
   | |   | _|  \__ \   | |     |  _/  / _ \  \__ \ \__ \ | _|  | |) |
   |_|   |___| |___/   |_|     |_|   /_/ \_\ |___/ |___/ |___| |___/ 

GET - Get all order
----------------------------------------------------------------------
]]></system-out>
  </testcase>
  <testcase name="GET - Get all order without login" classname="Order" time="0.084">
    <system-out><![CDATA[
Scenario: GET - Get all order without login         &amp#27;[90m# src/test/resources/features/6. Order.feature:17&amp#27;[0m
10:07:01.479 [main] DEBUG io.cucumber.core.plugin.SerenityReporter - Running feature from file:///E:/APIMinpro/API/minpro/src/test/resources/features/6.%20Order.feature
10:07:01.481 [main] INFO  - 
  _____   ___   ___   _____     ___   _____     _     ___   _____   ___   ___  
 |_   _| | __| / __| |_   _|   / __| |_   _|   /_\   | _ \ |_   _| | __| |   \ 
   | |   | _|  \__ \   | |     \__ \   | |    / _ \  |   /   | |   | _|  | |) |
   |_|   |___| |___/   |_|     |___/   |_|   /_/ \_\ |_|_\   |_|   |___| |___/ 

GET - Get all order without login(order;get---get-all-order-without-login)
--------------------------------------------------------------------------------
  &amp#27;[32mGiven &amp#27;[0m&amp#27;[32mI set GET api endpoints order&amp#27;[0m               &amp#27;[90m# starter.stepdefinitions.OrderSteps.setGetApiEndpointOrder()&amp#27;[0m
10:07:01.489 [main] DEBUG org.apache.http.impl.conn.BasicClientConnectionManager - Get connection for route {s}->https://altashop-api.fly.dev:443
10:07:01.489 [main] DEBUG org.apache.http.impl.conn.DefaultClientConnectionOperator - Connecting to altashop-api.fly.dev:443
10:07:01.535 [main] DEBUG org.apache.http.client.protocol.RequestAddCookies - CookieSpec selected: ignoreCookies
10:07:01.535 [main] DEBUG org.apache.http.client.protocol.RequestAuthCache - Auth cache not set in the context
10:07:01.535 [main] DEBUG org.apache.http.client.protocol.RequestTargetAuthentication - Target auth state: UNCHALLENGED
10:07:01.535 [main] DEBUG org.apache.http.client.protocol.RequestProxyAuthentication - Proxy auth state: UNCHALLENGED
10:07:01.535 [main] DEBUG org.apache.http.impl.client.DefaultHttpClient - Attempt 1 to execute request
10:07:01.535 [main] DEBUG org.apache.http.impl.conn.DefaultClientConnection - Sending request: GET /api/orders HTTP/1.1
10:07:01.535 [main] DEBUG org.apache.http.wire -  >> "GET /api/orders HTTP/1.1[\r][\n]"
10:07:01.535 [main] DEBUG org.apache.http.wire -  >> "Accept: */*[\r][\n]"
10:07:01.535 [main] DEBUG org.apache.http.wire -  >> "Host: altashop-api.fly.dev[\r][\n]"
10:07:01.535 [main] DEBUG org.apache.http.wire -  >> "Connection: Keep-Alive[\r][\n]"
10:07:01.535 [main] DEBUG org.apache.http.wire -  >> "User-Agent: Apache-HttpClient/4.5.13 (Java/11.0.15.1)[\r][\n]"
10:07:01.535 [main] DEBUG org.apache.http.wire -  >> "Accept-Encoding: gzip,deflate[\r][\n]"
10:07:01.535 [main] DEBUG org.apache.http.wire -  >> "[\r][\n]"
10:07:01.535 [main] DEBUG org.apache.http.headers - >> GET /api/orders HTTP/1.1
10:07:01.535 [main] DEBUG org.apache.http.headers - >> Accept: */*
10:07:01.535 [main] DEBUG org.apache.http.headers - >> Host: altashop-api.fly.dev
10:07:01.535 [main] DEBUG org.apache.http.headers - >> Connection: Keep-Alive
10:07:01.535 [main] DEBUG org.apache.http.headers - >> User-Agent: Apache-HttpClient/4.5.13 (Java/11.0.15.1)
10:07:01.535 [main] DEBUG org.apache.http.headers - >> Accept-Encoding: gzip,deflate
10:07:01.556 [main] DEBUG org.apache.http.wire -  << "HTTP/1.1 401 Unauthorized[\r][\n]"
10:07:01.556 [main] DEBUG org.apache.http.wire -  << "content-type: application/json[\r][\n]"
10:07:01.556 [main] DEBUG org.apache.http.wire -  << "date: Sun, 07 May 2023 03:07:01 GMT[\r][\n]"
10:07:01.556 [main] DEBUG org.apache.http.wire -  << "content-encoding: gzip[\r][\n]"
10:07:01.556 [main] DEBUG org.apache.http.wire -  << "transfer-encoding: chunked[\r][\n]"
10:07:01.556 [main] DEBUG org.apache.http.wire -  << "server: Fly/3f2597ca (2023-05-03)[\r][\n]"
10:07:01.556 [main] DEBUG org.apache.http.wire -  << "via: 1.1 fly.io[\r][\n]"
10:07:01.556 [main] DEBUG org.apache.http.wire -  << "fly-request-id: 01GZT2TJ5WF7BGCC1ZQ6G5ECA9-sin[\r][\n]"
10:07:01.556 [main] DEBUG org.apache.http.wire -  << "[\r][\n]"
10:07:01.556 [main] DEBUG org.apache.http.impl.conn.DefaultClientConnection - Receiving response: HTTP/1.1 401 Unauthorized
10:07:01.556 [main] DEBUG org.apache.http.headers - << HTTP/1.1 401 Unauthorized
10:07:01.556 [main] DEBUG org.apache.http.headers - << content-type: application/json
10:07:01.556 [main] DEBUG org.apache.http.headers - << date: Sun, 07 May 2023 03:07:01 GMT
10:07:01.556 [main] DEBUG org.apache.http.headers - << content-encoding: gzip
10:07:01.556 [main] DEBUG org.apache.http.headers - << transfer-encoding: chunked
10:07:01.556 [main] DEBUG org.apache.http.headers - << server: Fly/3f2597ca (2023-05-03)
10:07:01.556 [main] DEBUG org.apache.http.headers - << via: 1.1 fly.io
10:07:01.556 [main] DEBUG org.apache.http.headers - << fly-request-id: 01GZT2TJ5WF7BGCC1ZQ6G5ECA9-sin
10:07:01.556 [main] DEBUG org.apache.http.impl.client.DefaultHttpClient - Connection can be kept alive indefinitely
10:07:01.556 [main] DEBUG org.apache.http.impl.client.DefaultHttpClient - Authentication required
10:07:01.556 [main] DEBUG org.apache.http.impl.client.DefaultHttpClient - altashop-api.fly.dev:443 requested authentication
10:07:01.556 [main] DEBUG org.apache.http.impl.client.DefaultHttpClient - Response contains no authentication challenges
10:07:01.556 [main] DEBUG io.restassured.internal.RestAssuredHttpBuilder - Parsing response as: application/json
10:07:01.556 [main] DEBUG org.apache.http.wire -  << "2D[\r][\n]"
10:07:01.556 [main] DEBUG org.apache.http.wire -  << "[0x1f][0x8b][0x8][0x0][0x0][0x0][0x0][0x0][0x4][0xff][0xab]VJ-*[0xca]/R[0xb2]R*[0xcd]K,-[0xc9][0xc8]/[0xca][0xac]JMQ[0xaa][0xe5][0x2][0x0]@[0x17]da[0x19][0x0][0x0][0x0]"
10:07:01.556 [main] DEBUG org.apache.http.wire -  << "[\r][\n]"
10:07:01.556 [main] DEBUG org.apache.http.wire -  << "0[\r][\n]"
10:07:01.556 [main] DEBUG org.apache.http.wire -  << "[\r][\n]"
10:07:01.556 [main] DEBUG io.restassured.internal.RestAssuredHttpBuilder - Parsed data to instance of: class org.apache.http.conn.EofSensorInputStream
10:07:01.557 [main] DEBUG org.apache.http.impl.conn.BasicClientConnectionManager - Releasing connection org.apache.http.impl.conn.ManagedClientConnectionImpl@59263f7b
10:07:01.557 [main] DEBUG org.apache.http.impl.conn.BasicClientConnectionManager - Connection can be kept alive indefinitely
  &amp#27;[32mWhen &amp#27;[0m&amp#27;[32mI send GET HTTP request order2&amp#27;[0m               &amp#27;[90m# starter.stepdefinitions.OrderSteps.sendGetHttpRequestOrder2()&amp#27;[0m
  &amp#27;[32mThen &amp#27;[0m&amp#27;[32mI receive valid HTTP response code 401 order&amp#27;[0m &amp#27;[90m# starter.stepdefinitions.OrderSteps.receiveValidHttp401Order()&amp#27;[0m
10:07:01.560 [main] INFO  - 
  _____   ___   ___   _____     ___     _     ___   ___   ___   ___  
 |_   _| | __| / __| |_   _|   | _ \   /_\   / __| / __| | __| |   \ 
   | |   | _|  \__ \   | |     |  _/  / _ \  \__ \ \__ \ | _|  | |) |
   |_|   |___| |___/   |_|     |_|   /_/ \_\ |___/ |___/ |___| |___/ 

GET - Get all order without login
----------------------------------------------------------------------
]]></system-out>
  </testcase>
  <testcase name="POST - Give product rating" classname="Rating" time="0.141">
    <system-out><![CDATA[10:07:01.561 [main] DEBUG io.cucumber.core.plugin.SerenityReporter - Running feature from file:///E:/APIMinpro/API/minpro/src/test/resources/features/7.%20Rating.feature
10:07:01.562 [main] DEBUG net.thucydides.core.steps.StepEventBus - Test suite started for story net.thucydides.core.model.Story@a2cc97b4
10:07:01.563 [main] INFO  - Test Suite Started: Rating

Scenario: POST - Give product rating                 &amp#27;[90m# src/test/resources/features/7. Rating.feature:7&amp#27;[0m
10:07:01.565 [main] DEBUG io.cucumber.core.plugin.SerenityReporter - Running feature from file:///E:/APIMinpro/API/minpro/src/test/resources/features/7.%20Rating.feature
10:07:01.566 [main] INFO  - 
  _____   ___   ___   _____     ___   _____     _     ___   _____   ___   ___  
 |_   _| | __| / __| |_   _|   / __| |_   _|   /_\   | _ \ |_   _| | __| |   \ 
   | |   | _|  \__ \   | |     \__ \   | |    / _ \  |   /   | |   | _|  | |) |
   |_|   |___| |___/   |_|     |___/   |_|   /_/ \_\ |_|_\   |_|   |___| |___/ 

POST - Give product rating(rating;post---give-product-rating)
--------------------------------------------------------------------------------
10:07:01.581 [main] DEBUG net.thucydides.core.steps.StepInterceptor - STARTING STEP: RatingSteps.setPostApiEndpointRating - I set POST api endpoints rating
10:07:01.581 [main] DEBUG net.thucydides.core.steps.StepInterceptor - STEP DONE: I set POST api endpoints rating
  &amp#27;[32mGiven &amp#27;[0m&amp#27;[32mI set POST api endpoints rating&amp#27;[0m              &amp#27;[90m# starter.stepdefinitions.RatingSteps.setPostApiEndpointRating()&amp#27;[0m
10:07:01.584 [main] DEBUG net.thucydides.core.steps.StepInterceptor - STARTING STEP: RatingSteps.sentPostHttpRequestRating - I send POST HTTP request rating
10:07:01.585 [main] DEBUG net.thucydides.core.steps.StepInterceptor - STARTING STEP: Rating.sendPostHTTPRequestRating - I set POST api endpoints rating
10:07:01.585 [main] DEBUG net.thucydides.core.steps.StepInterceptor - STEP DONE: I set POST api endpoints rating
10:07:01.599 [main] DEBUG org.apache.http.impl.conn.BasicClientConnectionManager - Get connection for route {s}->https://altashop-api.fly.dev:443
10:07:01.599 [main] DEBUG org.apache.http.impl.conn.DefaultClientConnectionOperator - Connecting to altashop-api.fly.dev:443
10:07:01.661 [main] DEBUG org.apache.http.client.protocol.RequestAddCookies - CookieSpec selected: ignoreCookies
10:07:01.661 [main] DEBUG org.apache.http.client.protocol.RequestAuthCache - Auth cache not set in the context
10:07:01.661 [main] DEBUG org.apache.http.client.protocol.RequestProxyAuthentication - Proxy auth state: UNCHALLENGED
10:07:01.661 [main] DEBUG org.apache.http.impl.client.DefaultHttpClient - Attempt 1 to execute request
10:07:01.661 [main] DEBUG org.apache.http.impl.conn.DefaultClientConnection - Sending request: POST /api/products/13680/ratings HTTP/1.1
10:07:01.661 [main] DEBUG org.apache.http.wire -  >> "POST /api/products/13680/ratings HTTP/1.1[\r][\n]"
10:07:01.661 [main] DEBUG org.apache.http.wire -  >> "Authorization: Bearer eyJhbGciOiJIUzI1NiIsInR5cCI6IkpXVCJ9.eyJGdWxsbmFtZSI6IkFkaXR5YSBOdWdyYWhhIiwiRW1haWwiOiJhZGl0QGdtYWlsLmNvbSJ9.VM2lARkmmliu1pWtk1uhb8z5fGaElvH1jIoYM72Te3g[\r][\n]"
10:07:01.661 [main] DEBUG org.apache.http.wire -  >> "Accept: */*[\r][\n]"
10:07:01.661 [main] DEBUG org.apache.http.wire -  >> "Content-Type: text/plain; charset=ISO-8859-1[\r][\n]"
10:07:01.661 [main] DEBUG org.apache.http.wire -  >> "Content-Length: 11[\r][\n]"
10:07:01.661 [main] DEBUG org.apache.http.wire -  >> "Host: altashop-api.fly.dev[\r][\n]"
10:07:01.661 [main] DEBUG org.apache.http.wire -  >> "Connection: Keep-Alive[\r][\n]"
10:07:01.661 [main] DEBUG org.apache.http.wire -  >> "User-Agent: Apache-HttpClient/4.5.13 (Java/11.0.15.1)[\r][\n]"
10:07:01.661 [main] DEBUG org.apache.http.wire -  >> "Accept-Encoding: gzip,deflate[\r][\n]"
10:07:01.661 [main] DEBUG org.apache.http.wire -  >> "[\r][\n]"
10:07:01.661 [main] DEBUG org.apache.http.headers - >> POST /api/products/13680/ratings HTTP/1.1
10:07:01.661 [main] DEBUG org.apache.http.headers - >> Authorization: Bearer eyJhbGciOiJIUzI1NiIsInR5cCI6IkpXVCJ9.eyJGdWxsbmFtZSI6IkFkaXR5YSBOdWdyYWhhIiwiRW1haWwiOiJhZGl0QGdtYWlsLmNvbSJ9.VM2lARkmmliu1pWtk1uhb8z5fGaElvH1jIoYM72Te3g
10:07:01.661 [main] DEBUG org.apache.http.headers - >> Accept: */*
10:07:01.661 [main] DEBUG org.apache.http.headers - >> Content-Type: text/plain; charset=ISO-8859-1
10:07:01.661 [main] DEBUG org.apache.http.headers - >> Content-Length: 11
10:07:01.661 [main] DEBUG org.apache.http.headers - >> Host: altashop-api.fly.dev
10:07:01.661 [main] DEBUG org.apache.http.headers - >> Connection: Keep-Alive
10:07:01.661 [main] DEBUG org.apache.http.headers - >> User-Agent: Apache-HttpClient/4.5.13 (Java/11.0.15.1)
10:07:01.661 [main] DEBUG org.apache.http.headers - >> Accept-Encoding: gzip,deflate
10:07:01.661 [main] DEBUG org.apache.http.wire -  >> "{"count":5}"
10:07:01.699 [main] DEBUG org.apache.http.wire -  << "HTTP/1.1 200 OK[\r][\n]"
10:07:01.699 [main] DEBUG org.apache.http.wire -  << "content-type: application/json[\r][\n]"
10:07:01.699 [main] DEBUG org.apache.http.wire -  << "date: Sun, 07 May 2023 03:07:01 GMT[\r][\n]"
10:07:01.699 [main] DEBUG org.apache.http.wire -  << "content-encoding: gzip[\r][\n]"
10:07:01.699 [main] DEBUG org.apache.http.wire -  << "transfer-encoding: chunked[\r][\n]"
10:07:01.699 [main] DEBUG org.apache.http.wire -  << "server: Fly/3f2597ca (2023-05-03)[\r][\n]"
10:07:01.699 [main] DEBUG org.apache.http.wire -  << "via: 1.1 fly.io[\r][\n]"
10:07:01.699 [main] DEBUG org.apache.http.wire -  << "fly-request-id: 01GZT2TJ9SBMPMM0DSAHRAA3ES-sin[\r][\n]"
10:07:01.699 [main] DEBUG org.apache.http.wire -  << "[\r][\n]"
10:07:01.699 [main] DEBUG org.apache.http.impl.conn.DefaultClientConnection - Receiving response: HTTP/1.1 200 OK
10:07:01.699 [main] DEBUG org.apache.http.headers - << HTTP/1.1 200 OK
10:07:01.699 [main] DEBUG org.apache.http.headers - << content-type: application/json
10:07:01.699 [main] DEBUG org.apache.http.headers - << date: Sun, 07 May 2023 03:07:01 GMT
10:07:01.699 [main] DEBUG org.apache.http.headers - << content-encoding: gzip
10:07:01.699 [main] DEBUG org.apache.http.headers - << transfer-encoding: chunked
10:07:01.699 [main] DEBUG org.apache.http.headers - << server: Fly/3f2597ca (2023-05-03)
10:07:01.699 [main] DEBUG org.apache.http.headers - << via: 1.1 fly.io
10:07:01.699 [main] DEBUG org.apache.http.headers - << fly-request-id: 01GZT2TJ9SBMPMM0DSAHRAA3ES-sin
10:07:01.699 [main] DEBUG org.apache.http.impl.client.DefaultHttpClient - Connection can be kept alive indefinitely
10:07:01.699 [main] DEBUG io.restassured.internal.RestAssuredHttpBuilder - Parsing response as: application/json
10:07:01.699 [main] DEBUG org.apache.http.wire -  << "94[\r][\n]"
10:07:01.699 [main] DEBUG org.apache.http.wire -  << "[0x1f][0x8b][0x8][0x0][0x0][0x0][0x0][0x0][0x4][0xff][0xab]VJI,IT[0xb2][0xaa]V[0xf2]tQ[0xb2]246[0xb3]0[0xd0]Q[0xf2]K[0xcc]MU[0xb2]R[0x8a]p[0xf2][0x8f]0T[0xd2]QrI-N.[0xca],([0xc9][0xcc][0xcf]S[0xb2]RR[0xd2]Q[\n]"
10:07:01.699 [main] DEBUG org.apache.http.wire -  << "([0xca]LNU[0xb2]2[0xb1][0xb4][0xd4]Q[\n]"
10:07:01.699 [main] DEBUG org.apache.http.wire -  << "J,[0xc9][0xcc]K/V[0xb2]2[0xd5]QrN,IM[0xcf]/[0xca]L-V[0xb2][0x8a][0x86][0x9a]hdjb[0x8]7[0xd1]=173/[0x1d][0xc3]H[0xb7][0xfc]"[0x85]t[0xb0][0x94]BAiQA~qj[0xb1]Rmlm-[0x17][0x0][0xec][0x81]1[0x94][0x9e][0x0][0x0][0x0]"
10:07:01.699 [main] DEBUG org.apache.http.wire -  << "[\r][\n]"
10:07:01.699 [main] DEBUG org.apache.http.wire -  << "0[\r][\n]"
10:07:01.699 [main] DEBUG org.apache.http.wire -  << "[\r][\n]"
10:07:01.699 [main] DEBUG io.restassured.internal.RestAssuredHttpBuilder - Parsed data to instance of: class org.apache.http.conn.EofSensorInputStream
10:07:01.700 [main] DEBUG org.apache.http.impl.conn.BasicClientConnectionManager - Releasing connection org.apache.http.impl.conn.ManagedClientConnectionImpl@4425b6ed
10:07:01.700 [main] DEBUG org.apache.http.impl.conn.BasicClientConnectionManager - Connection can be kept alive indefinitely
10:07:01.700 [main] DEBUG net.thucydides.core.steps.StepInterceptor - STEP DONE: I send POST HTTP request rating
  &amp#27;[32mWhen &amp#27;[0m&amp#27;[32mI send POST HTTP request rating&amp#27;[0m               &amp#27;[90m# starter.stepdefinitions.RatingSteps.sentPostHttpRequestRating()&amp#27;[0m
10:07:01.702 [main] DEBUG net.thucydides.core.steps.StepInterceptor - STARTING STEP: RatingSteps.receiveValidHttp200Rating - I receive valid HTTP response code 200 rating
10:07:01.702 [main] DEBUG net.thucydides.core.steps.StepInterceptor - STEP DONE: I receive valid HTTP response code 200 rating
  &amp#27;[32mThen &amp#27;[0m&amp#27;[32mI receive valid HTTP response code 200 rating&amp#27;[0m &amp#27;[90m# starter.stepdefinitions.RatingSteps.receiveValidHttp200Rating()&amp#27;[0m
10:07:01.703 [main] INFO  - 
  _____   ___   ___   _____     ___     _     ___   ___   ___   ___  
 |_   _| | __| / __| |_   _|   | _ \   /_\   / __| / __| | __| |   \ 
   | |   | _|  \__ \   | |     |  _/  / _ \  \__ \ \__ \ | _|  | |) |
   |_|   |___| |___/   |_|     |_|   /_/ \_\ |___/ |___/ |___| |___/ 

POST - Give product rating
----------------------------------------------------------------------
]]></system-out>
  </testcase>
  <testcase name="POST - Give product rating out of bond" classname="Rating" time="0.107">
    <system-out><![CDATA[
Scenario: POST - Give product rating out of bond     &amp#27;[90m# src/test/resources/features/7. Rating.feature:12&amp#27;[0m
10:07:01.707 [main] DEBUG io.cucumber.core.plugin.SerenityReporter - Running feature from file:///E:/APIMinpro/API/minpro/src/test/resources/features/7.%20Rating.feature
10:07:01.709 [main] INFO  - 
  _____   ___   ___   _____     ___   _____     _     ___   _____   ___   ___  
 |_   _| | __| / __| |_   _|   / __| |_   _|   /_\   | _ \ |_   _| | __| |   \ 
   | |   | _|  \__ \   | |     \__ \   | |    / _ \  |   /   | |   | _|  | |) |
   |_|   |___| |___/   |_|     |___/   |_|   /_/ \_\ |_|_\   |_|   |___| |___/ 

POST - Give product rating out of bond(rating;post---give-product-rating-out-of-bond)
--------------------------------------------------------------------------------
10:07:01.715 [main] DEBUG net.thucydides.core.steps.StepInterceptor - STARTING STEP: RatingSteps.setPostApiEndpointRating2 - I set POST api endpoints rating2
10:07:01.716 [main] DEBUG net.thucydides.core.steps.StepInterceptor - STEP DONE: I set POST api endpoints rating2
  &amp#27;[32mGiven &amp#27;[0m&amp#27;[32mI set POST api endpoints rating2&amp#27;[0m             &amp#27;[90m# starter.stepdefinitions.RatingSteps.setPostApiEndpointRating2()&amp#27;[0m
10:07:01.718 [main] DEBUG net.thucydides.core.steps.StepInterceptor - STARTING STEP: RatingSteps.sendPostHttpRequestRating2 - I send POST HTTP request rating
10:07:01.719 [main] DEBUG net.thucydides.core.steps.StepInterceptor - STARTING STEP: Rating.sendPostHttpRequestRating2 - I set POST api endpoints rating2
10:07:01.719 [main] DEBUG net.thucydides.core.steps.StepInterceptor - STEP DONE: I set POST api endpoints rating2
10:07:01.726 [main] DEBUG org.apache.http.impl.conn.BasicClientConnectionManager - Get connection for route {s}->https://altashop-api.fly.dev:443
10:07:01.727 [main] DEBUG org.apache.http.impl.conn.DefaultClientConnectionOperator - Connecting to altashop-api.fly.dev:443
10:07:01.771 [main] DEBUG org.apache.http.client.protocol.RequestAddCookies - CookieSpec selected: ignoreCookies
10:07:01.771 [main] DEBUG org.apache.http.client.protocol.RequestAuthCache - Auth cache not set in the context
10:07:01.771 [main] DEBUG org.apache.http.client.protocol.RequestProxyAuthentication - Proxy auth state: UNCHALLENGED
10:07:01.771 [main] DEBUG org.apache.http.impl.client.DefaultHttpClient - Attempt 1 to execute request
10:07:01.771 [main] DEBUG org.apache.http.impl.conn.DefaultClientConnection - Sending request: POST /api/products/13680/ratings HTTP/1.1
10:07:01.772 [main] DEBUG org.apache.http.wire -  >> "POST /api/products/13680/ratings HTTP/1.1[\r][\n]"
10:07:01.772 [main] DEBUG org.apache.http.wire -  >> "Authorization: Bearer eyJhbGciOiJIUzI1NiIsInR5cCI6IkpXVCJ9.eyJGdWxsbmFtZSI6IkFkaXR5YSBOdWdyYWhhIiwiRW1haWwiOiJhZGl0QGdtYWlsLmNvbSJ9.VM2lARkmmliu1pWtk1uhb8z5fGaElvH1jIoYM72Te3g[\r][\n]"
10:07:01.772 [main] DEBUG org.apache.http.wire -  >> "Accept: */*[\r][\n]"
10:07:01.772 [main] DEBUG org.apache.http.wire -  >> "Content-Type: text/plain; charset=ISO-8859-1[\r][\n]"
10:07:01.772 [main] DEBUG org.apache.http.wire -  >> "Content-Length: 12[\r][\n]"
10:07:01.772 [main] DEBUG org.apache.http.wire -  >> "Host: altashop-api.fly.dev[\r][\n]"
10:07:01.772 [main] DEBUG org.apache.http.wire -  >> "Connection: Keep-Alive[\r][\n]"
10:07:01.772 [main] DEBUG org.apache.http.wire -  >> "User-Agent: Apache-HttpClient/4.5.13 (Java/11.0.15.1)[\r][\n]"
10:07:01.772 [main] DEBUG org.apache.http.wire -  >> "Accept-Encoding: gzip,deflate[\r][\n]"
10:07:01.772 [main] DEBUG org.apache.http.wire -  >> "[\r][\n]"
10:07:01.772 [main] DEBUG org.apache.http.headers - >> POST /api/products/13680/ratings HTTP/1.1
10:07:01.772 [main] DEBUG org.apache.http.headers - >> Authorization: Bearer eyJhbGciOiJIUzI1NiIsInR5cCI6IkpXVCJ9.eyJGdWxsbmFtZSI6IkFkaXR5YSBOdWdyYWhhIiwiRW1haWwiOiJhZGl0QGdtYWlsLmNvbSJ9.VM2lARkmmliu1pWtk1uhb8z5fGaElvH1jIoYM72Te3g
10:07:01.772 [main] DEBUG org.apache.http.headers - >> Accept: */*
10:07:01.772 [main] DEBUG org.apache.http.headers - >> Content-Type: text/plain; charset=ISO-8859-1
10:07:01.772 [main] DEBUG org.apache.http.headers - >> Content-Length: 12
10:07:01.772 [main] DEBUG org.apache.http.headers - >> Host: altashop-api.fly.dev
10:07:01.772 [main] DEBUG org.apache.http.headers - >> Connection: Keep-Alive
10:07:01.772 [main] DEBUG org.apache.http.headers - >> User-Agent: Apache-HttpClient/4.5.13 (Java/11.0.15.1)
10:07:01.772 [main] DEBUG org.apache.http.headers - >> Accept-Encoding: gzip,deflate
10:07:01.772 [main] DEBUG org.apache.http.wire -  >> "{"count":10}"
10:07:01.805 [main] DEBUG org.apache.http.wire -  << "HTTP/1.1 500 Internal Server Error[\r][\n]"
10:07:01.805 [main] DEBUG org.apache.http.wire -  << "content-type: application/json[\r][\n]"
10:07:01.805 [main] DEBUG org.apache.http.wire -  << "date: Sun, 07 May 2023 03:07:01 GMT[\r][\n]"
10:07:01.805 [main] DEBUG org.apache.http.wire -  << "content-encoding: gzip[\r][\n]"
10:07:01.805 [main] DEBUG org.apache.http.wire -  << "transfer-encoding: chunked[\r][\n]"
10:07:01.805 [main] DEBUG org.apache.http.wire -  << "server: Fly/3f2597ca (2023-05-03)[\r][\n]"
10:07:01.805 [main] DEBUG org.apache.http.wire -  << "via: 1.1 fly.io[\r][\n]"
10:07:01.805 [main] DEBUG org.apache.http.wire -  << "fly-request-id: 01GZT2TJD9630FN9G452EJ7MJ7-sin[\r][\n]"
10:07:01.805 [main] DEBUG org.apache.http.wire -  << "[\r][\n]"
10:07:01.805 [main] DEBUG org.apache.http.impl.conn.DefaultClientConnection - Receiving response: HTTP/1.1 500 Internal Server Error
10:07:01.805 [main] DEBUG org.apache.http.headers - << HTTP/1.1 500 Internal Server Error
10:07:01.805 [main] DEBUG org.apache.http.headers - << content-type: application/json
10:07:01.805 [main] DEBUG org.apache.http.headers - << date: Sun, 07 May 2023 03:07:01 GMT
10:07:01.805 [main] DEBUG org.apache.http.headers - << content-encoding: gzip
10:07:01.805 [main] DEBUG org.apache.http.headers - << transfer-encoding: chunked
10:07:01.805 [main] DEBUG org.apache.http.headers - << server: Fly/3f2597ca (2023-05-03)
10:07:01.805 [main] DEBUG org.apache.http.headers - << via: 1.1 fly.io
10:07:01.805 [main] DEBUG org.apache.http.headers - << fly-request-id: 01GZT2TJD9630FN9G452EJ7MJ7-sin
10:07:01.805 [main] DEBUG org.apache.http.impl.client.DefaultHttpClient - Connection can be kept alive indefinitely
10:07:01.805 [main] DEBUG io.restassured.internal.RestAssuredHttpBuilder - Parsing response as: application/json
10:07:01.805 [main] DEBUG org.apache.http.wire -  << "80[\r][\n]"
10:07:01.805 [main] DEBUG org.apache.http.wire -  << "[0x1f][0x8b][0x8][0x0][0x0][0x0][0x0][0x0][0x4][0xff][0xab]VJ-*[0xca]/R[0xb2]Rr[\r][\n]"
10:07:01.805 [main] DEBUG org.apache.http.wire -  << "[0xf2][0xf][0xb2]R[0xc8]K-W([0xca]/WH[0xcb]/R(J[0xcd]I,[0xc9][0xcc][0xcf]S[0x88]Q*J,[0xc9][0xcc]K/[0x8e]QR([0xcb][0xcc][0xcf]I,I-VH[0xce]HM[0xce]VH[0xce][0xcf]+.)J[0xcc][0xcc]+A[0xa8][0x8a]O[0xce]/[0xcd]+[0x89][0x7]+[0x88]QR[0xd0][0x8][0xe][0xf4][0x9][0xe]q[0xc]qU02654[0xd1]T[0xaa][0xe5][0x2][0x0]t[0xdc]t[0xaa]w[0x0][0x0][0x0]"
10:07:01.805 [main] DEBUG org.apache.http.wire -  << "[\r][\n]"
10:07:01.805 [main] DEBUG org.apache.http.wire -  << "0[\r][\n]"
10:07:01.805 [main] DEBUG org.apache.http.wire -  << "[\r][\n]"
10:07:01.805 [main] DEBUG io.restassured.internal.RestAssuredHttpBuilder - Parsed data to instance of: class org.apache.http.conn.EofSensorInputStream
10:07:01.806 [main] DEBUG org.apache.http.impl.conn.BasicClientConnectionManager - Releasing connection org.apache.http.impl.conn.ManagedClientConnectionImpl@5e75cf7a
10:07:01.806 [main] DEBUG org.apache.http.impl.conn.BasicClientConnectionManager - Connection can be kept alive indefinitely
10:07:01.806 [main] DEBUG net.thucydides.core.steps.StepInterceptor - STEP DONE: I send POST HTTP request rating
  &amp#27;[32mWhen &amp#27;[0m&amp#27;[32mI send POST HTTP request rating2&amp#27;[0m              &amp#27;[90m# starter.stepdefinitions.RatingSteps.sendPostHttpRequestRating2()&amp#27;[0m
10:07:01.809 [main] DEBUG net.thucydides.core.steps.StepInterceptor - STARTING STEP: RatingSteps.receiveValidHttp500Rating - Then I receive valid HTTP response code 500 rating
10:07:01.810 [main] DEBUG net.thucydides.core.steps.StepInterceptor - STEP DONE: Then I receive valid HTTP response code 500 rating
  &amp#27;[32mThen &amp#27;[0m&amp#27;[32mI receive valid HTTP response code 500 rating&amp#27;[0m &amp#27;[90m# starter.stepdefinitions.RatingSteps.receiveValidHttp500Rating()&amp#27;[0m
10:07:01.811 [main] INFO  - 
  _____   ___   ___   _____     ___     _     ___   ___   ___   ___  
 |_   _| | __| / __| |_   _|   | _ \   /_\   / __| / __| | __| |   \ 
   | |   | _|  \__ \   | |     |  _/  / _ \  \__ \ \__ \ | _|  | |) |
   |_|   |___| |___/   |_|     |_|   /_/ \_\ |___/ |___/ |___| |___/ 

POST - Give product rating out of bond
----------------------------------------------------------------------
]]></system-out>
  </testcase>
  <testcase name="GET - Get product rating" classname="Rating" time="0.098">
    <system-out><![CDATA[
Scenario: GET - Get product rating                   &amp#27;[90m# src/test/resources/features/7. Rating.feature:17&amp#27;[0m
10:07:01.814 [main] DEBUG io.cucumber.core.plugin.SerenityReporter - Running feature from file:///E:/APIMinpro/API/minpro/src/test/resources/features/7.%20Rating.feature
10:07:01.816 [main] INFO  - 
  _____   ___   ___   _____     ___   _____     _     ___   _____   ___   ___  
 |_   _| | __| / __| |_   _|   / __| |_   _|   /_\   | _ \ |_   _| | __| |   \ 
   | |   | _|  \__ \   | |     \__ \   | |    / _ \  |   /   | |   | _|  | |) |
   |_|   |___| |___/   |_|     |___/   |_|   /_/ \_\ |_|_\   |_|   |___| |___/ 

GET - Get product rating(rating;get---get-product-rating)
--------------------------------------------------------------------------------
10:07:01.822 [main] DEBUG net.thucydides.core.steps.StepInterceptor - STARTING STEP: RatingSteps.setGetApiEndpointRating - I set GET api endpoints rating
10:07:01.822 [main] DEBUG net.thucydides.core.steps.StepInterceptor - STEP DONE: I set GET api endpoints rating
  &amp#27;[32mGiven &amp#27;[0m&amp#27;[32mI set GET api endpoints rating&amp#27;[0m               &amp#27;[90m# starter.stepdefinitions.RatingSteps.setGetApiEndpointRating()&amp#27;[0m
10:07:01.825 [main] DEBUG net.thucydides.core.steps.StepInterceptor - STARTING STEP: RatingSteps.sendGetHttpRequestRating - I send GET HTTP request rating
10:07:01.826 [main] DEBUG net.thucydides.core.steps.StepInterceptor - STARTING STEP: Rating.sendGetHttpRequestRating - I set GET api endpoints rating
10:07:01.826 [main] DEBUG net.thucydides.core.steps.StepInterceptor - STEP DONE: I set GET api endpoints rating
10:07:01.832 [main] DEBUG org.apache.http.impl.conn.BasicClientConnectionManager - Get connection for route {s}->https://altashop-api.fly.dev:443
10:07:01.832 [main] DEBUG org.apache.http.impl.conn.DefaultClientConnectionOperator - Connecting to altashop-api.fly.dev:443
10:07:01.880 [main] DEBUG org.apache.http.client.protocol.RequestAddCookies - CookieSpec selected: ignoreCookies
10:07:01.880 [main] DEBUG org.apache.http.client.protocol.RequestAuthCache - Auth cache not set in the context
10:07:01.880 [main] DEBUG org.apache.http.client.protocol.RequestTargetAuthentication - Target auth state: UNCHALLENGED
10:07:01.880 [main] DEBUG org.apache.http.client.protocol.RequestProxyAuthentication - Proxy auth state: UNCHALLENGED
10:07:01.880 [main] DEBUG org.apache.http.impl.client.DefaultHttpClient - Attempt 1 to execute request
10:07:01.880 [main] DEBUG org.apache.http.impl.conn.DefaultClientConnection - Sending request: GET /api/products/13680/ratings HTTP/1.1
10:07:01.880 [main] DEBUG org.apache.http.wire -  >> "GET /api/products/13680/ratings HTTP/1.1[\r][\n]"
10:07:01.880 [main] DEBUG org.apache.http.wire -  >> "Accept: */*[\r][\n]"
10:07:01.880 [main] DEBUG org.apache.http.wire -  >> "Host: altashop-api.fly.dev[\r][\n]"
10:07:01.880 [main] DEBUG org.apache.http.wire -  >> "Connection: Keep-Alive[\r][\n]"
10:07:01.880 [main] DEBUG org.apache.http.wire -  >> "User-Agent: Apache-HttpClient/4.5.13 (Java/11.0.15.1)[\r][\n]"
10:07:01.880 [main] DEBUG org.apache.http.wire -  >> "Accept-Encoding: gzip,deflate[\r][\n]"
10:07:01.880 [main] DEBUG org.apache.http.wire -  >> "[\r][\n]"
10:07:01.880 [main] DEBUG org.apache.http.headers - >> GET /api/products/13680/ratings HTTP/1.1
10:07:01.880 [main] DEBUG org.apache.http.headers - >> Accept: */*
10:07:01.880 [main] DEBUG org.apache.http.headers - >> Host: altashop-api.fly.dev
10:07:01.880 [main] DEBUG org.apache.http.headers - >> Connection: Keep-Alive
10:07:01.880 [main] DEBUG org.apache.http.headers - >> User-Agent: Apache-HttpClient/4.5.13 (Java/11.0.15.1)
10:07:01.880 [main] DEBUG org.apache.http.headers - >> Accept-Encoding: gzip,deflate
10:07:01.903 [main] DEBUG org.apache.http.wire -  << "HTTP/1.1 200 OK[\r][\n]"
10:07:01.904 [main] DEBUG org.apache.http.wire -  << "content-type: application/json[\r][\n]"
10:07:01.904 [main] DEBUG org.apache.http.wire -  << "date: Sun, 07 May 2023 03:07:01 GMT[\r][\n]"
10:07:01.904 [main] DEBUG org.apache.http.wire -  << "content-encoding: gzip[\r][\n]"
10:07:01.904 [main] DEBUG org.apache.http.wire -  << "transfer-encoding: chunked[\r][\n]"
10:07:01.904 [main] DEBUG org.apache.http.wire -  << "server: Fly/3f2597ca (2023-05-03)[\r][\n]"
10:07:01.904 [main] DEBUG org.apache.http.wire -  << "via: 1.1 fly.io[\r][\n]"
10:07:01.904 [main] DEBUG org.apache.http.wire -  << "fly-request-id: 01GZT2TJGP8823HYHJDC0MA9J7-sin[\r][\n]"
10:07:01.904 [main] DEBUG org.apache.http.wire -  << "[\r][\n]"
10:07:01.904 [main] DEBUG org.apache.http.impl.conn.DefaultClientConnection - Receiving response: HTTP/1.1 200 OK
10:07:01.904 [main] DEBUG org.apache.http.headers - << HTTP/1.1 200 OK
10:07:01.904 [main] DEBUG org.apache.http.headers - << content-type: application/json
10:07:01.904 [main] DEBUG org.apache.http.headers - << date: Sun, 07 May 2023 03:07:01 GMT
10:07:01.904 [main] DEBUG org.apache.http.headers - << content-encoding: gzip
10:07:01.904 [main] DEBUG org.apache.http.headers - << transfer-encoding: chunked
10:07:01.904 [main] DEBUG org.apache.http.headers - << server: Fly/3f2597ca (2023-05-03)
10:07:01.904 [main] DEBUG org.apache.http.headers - << via: 1.1 fly.io
10:07:01.904 [main] DEBUG org.apache.http.headers - << fly-request-id: 01GZT2TJGP8823HYHJDC0MA9J7-sin
10:07:01.904 [main] DEBUG org.apache.http.impl.client.DefaultHttpClient - Connection can be kept alive indefinitely
10:07:01.904 [main] DEBUG io.restassured.internal.RestAssuredHttpBuilder - Parsing response as: application/json
10:07:01.904 [main] DEBUG org.apache.http.wire -  << "1F[\r][\n]"
10:07:01.904 [main] DEBUG org.apache.http.wire -  << "[0x1f][0x8b][0x8][0x0][0x0][0x0][0x0][0x0][0x4][0xff][0xab]VJI,IT[0xb2]2[0xad][0xe5][0x2][0x0][0x83]B[0x1e]G[0xb][0x0][0x0][0x0]"
10:07:01.904 [main] DEBUG org.apache.http.wire -  << "[\r][\n]"
10:07:01.904 [main] DEBUG org.apache.http.wire -  << "0[\r][\n]"
10:07:01.904 [main] DEBUG org.apache.http.wire -  << "[\r][\n]"
10:07:01.904 [main] DEBUG io.restassured.internal.RestAssuredHttpBuilder - Parsed data to instance of: class org.apache.http.conn.EofSensorInputStream
10:07:01.905 [main] DEBUG org.apache.http.impl.conn.BasicClientConnectionManager - Releasing connection org.apache.http.impl.conn.ManagedClientConnectionImpl@5a08d301
10:07:01.905 [main] DEBUG org.apache.http.impl.conn.BasicClientConnectionManager - Connection can be kept alive indefinitely
10:07:01.905 [main] DEBUG net.thucydides.core.steps.StepInterceptor - STEP DONE: I send GET HTTP request rating
  &amp#27;[32mWhen &amp#27;[0m&amp#27;[32mI send GET HTTP request rating&amp#27;[0m                &amp#27;[90m# starter.stepdefinitions.RatingSteps.sendGetHttpRequestRating()&amp#27;[0m
10:07:01.907 [main] DEBUG net.thucydides.core.steps.StepInterceptor - STARTING STEP: RatingSteps.receiveValidHttp200Rating - I receive valid HTTP response code 200 rating
10:07:01.907 [main] DEBUG net.thucydides.core.steps.StepInterceptor - STEP DONE: I receive valid HTTP response code 200 rating
  &amp#27;[32mThen &amp#27;[0m&amp#27;[32mI receive valid HTTP response code 200 rating&amp#27;[0m &amp#27;[90m# starter.stepdefinitions.RatingSteps.receiveValidHttp200Rating()&amp#27;[0m
10:07:01.908 [main] INFO  - 
  _____   ___   ___   _____     ___     _     ___   ___   ___   ___  
 |_   _| | __| / __| |_   _|   | _ \   /_\   / __| / __| | __| |   \ 
   | |   | _|  \__ \   | |     |  _/  / _ \  \__ \ \__ \ | _|  | |) |
   |_|   |___| |___/   |_|     |_|   /_/ \_\ |___/ |___/ |___| |___/ 

GET - Get product rating
----------------------------------------------------------------------
]]></system-out>
  </testcase>
  <testcase name="GET - Get product rating with invalid data" classname="Rating" time="0.083">
    <system-out><![CDATA[
Scenario: GET - Get product rating with invalid data &amp#27;[90m# src/test/resources/features/7. Rating.feature:22&amp#27;[0m
10:07:01.911 [main] DEBUG io.cucumber.core.plugin.SerenityReporter - Running feature from file:///E:/APIMinpro/API/minpro/src/test/resources/features/7.%20Rating.feature
10:07:01.912 [main] INFO  - 
  _____   ___   ___   _____     ___   _____     _     ___   _____   ___   ___  
 |_   _| | __| / __| |_   _|   / __| |_   _|   /_\   | _ \ |_   _| | __| |   \ 
   | |   | _|  \__ \   | |     \__ \   | |    / _ \  |   /   | |   | _|  | |) |
   |_|   |___| |___/   |_|     |___/   |_|   /_/ \_\ |_|_\   |_|   |___| |___/ 

GET - Get product rating with invalid data(rating;get---get-product-rating-with-invalid-data)
--------------------------------------------------------------------------------
10:07:01.916 [main] DEBUG net.thucydides.core.steps.StepInterceptor - STARTING STEP: RatingSteps.setGetApiEndpointRating2 - I set GET api endpoints rating2
10:07:01.916 [main] DEBUG net.thucydides.core.steps.StepInterceptor - STEP DONE: I set GET api endpoints rating2
  &amp#27;[32mGiven &amp#27;[0m&amp#27;[32mI set GET api endpoints rating2&amp#27;[0m              &amp#27;[90m# starter.stepdefinitions.RatingSteps.setGetApiEndpointRating2()&amp#27;[0m
10:07:01.919 [main] DEBUG net.thucydides.core.steps.StepInterceptor - STARTING STEP: RatingSteps.sendGetHttpRequestRating2 - I send GET HTTP request rating2
10:07:01.919 [main] DEBUG net.thucydides.core.steps.StepInterceptor - STARTING STEP: Rating.sendGetHttpRequestRating2 - I set GET api endpoints rating2
10:07:01.920 [main] DEBUG net.thucydides.core.steps.StepInterceptor - STEP DONE: I set GET api endpoints rating2
10:07:01.924 [main] DEBUG org.apache.http.impl.conn.BasicClientConnectionManager - Get connection for route {s}->https://altashop-api.fly.dev:443
10:07:01.924 [main] DEBUG org.apache.http.impl.conn.DefaultClientConnectionOperator - Connecting to altashop-api.fly.dev:443
10:07:01.967 [main] DEBUG org.apache.http.client.protocol.RequestAddCookies - CookieSpec selected: ignoreCookies
10:07:01.967 [main] DEBUG org.apache.http.client.protocol.RequestAuthCache - Auth cache not set in the context
10:07:01.967 [main] DEBUG org.apache.http.client.protocol.RequestTargetAuthentication - Target auth state: UNCHALLENGED
10:07:01.967 [main] DEBUG org.apache.http.client.protocol.RequestProxyAuthentication - Proxy auth state: UNCHALLENGED
10:07:01.967 [main] DEBUG org.apache.http.impl.client.DefaultHttpClient - Attempt 1 to execute request
10:07:01.967 [main] DEBUG org.apache.http.impl.conn.DefaultClientConnection - Sending request: GET /api/products/-13000/ratings HTTP/1.1
10:07:01.967 [main] DEBUG org.apache.http.wire -  >> "GET /api/products/-13000/ratings HTTP/1.1[\r][\n]"
10:07:01.967 [main] DEBUG org.apache.http.wire -  >> "Accept: */*[\r][\n]"
10:07:01.967 [main] DEBUG org.apache.http.wire -  >> "Host: altashop-api.fly.dev[\r][\n]"
10:07:01.967 [main] DEBUG org.apache.http.wire -  >> "Connection: Keep-Alive[\r][\n]"
10:07:01.967 [main] DEBUG org.apache.http.wire -  >> "User-Agent: Apache-HttpClient/4.5.13 (Java/11.0.15.1)[\r][\n]"
10:07:01.967 [main] DEBUG org.apache.http.wire -  >> "Accept-Encoding: gzip,deflate[\r][\n]"
10:07:01.967 [main] DEBUG org.apache.http.wire -  >> "[\r][\n]"
10:07:01.967 [main] DEBUG org.apache.http.headers - >> GET /api/products/-13000/ratings HTTP/1.1
10:07:01.967 [main] DEBUG org.apache.http.headers - >> Accept: */*
10:07:01.967 [main] DEBUG org.apache.http.headers - >> Host: altashop-api.fly.dev
10:07:01.967 [main] DEBUG org.apache.http.headers - >> Connection: Keep-Alive
10:07:01.967 [main] DEBUG org.apache.http.headers - >> User-Agent: Apache-HttpClient/4.5.13 (Java/11.0.15.1)
10:07:01.967 [main] DEBUG org.apache.http.headers - >> Accept-Encoding: gzip,deflate
10:07:01.987 [main] DEBUG org.apache.http.wire -  << "HTTP/1.1 500 Internal Server Error[\r][\n]"
10:07:01.987 [main] DEBUG org.apache.http.wire -  << "content-type: application/json[\r][\n]"
10:07:01.987 [main] DEBUG org.apache.http.wire -  << "date: Sun, 07 May 2023 03:07:01 GMT[\r][\n]"
10:07:01.987 [main] DEBUG org.apache.http.wire -  << "content-encoding: gzip[\r][\n]"
10:07:01.987 [main] DEBUG org.apache.http.wire -  << "transfer-encoding: chunked[\r][\n]"
10:07:01.987 [main] DEBUG org.apache.http.wire -  << "server: Fly/3f2597ca (2023-05-03)[\r][\n]"
10:07:01.987 [main] DEBUG org.apache.http.wire -  << "via: 1.1 fly.io[\r][\n]"
10:07:01.987 [main] DEBUG org.apache.http.wire -  << "fly-request-id: 01GZT2TJKCB6N2H2BVF8H4J55Z-sin[\r][\n]"
10:07:01.987 [main] DEBUG org.apache.http.wire -  << "[\r][\n]"
10:07:01.987 [main] DEBUG org.apache.http.impl.conn.DefaultClientConnection - Receiving response: HTTP/1.1 500 Internal Server Error
10:07:01.987 [main] DEBUG org.apache.http.headers - << HTTP/1.1 500 Internal Server Error
10:07:01.987 [main] DEBUG org.apache.http.headers - << content-type: application/json
10:07:01.987 [main] DEBUG org.apache.http.headers - << date: Sun, 07 May 2023 03:07:01 GMT
10:07:01.987 [main] DEBUG org.apache.http.headers - << content-encoding: gzip
10:07:01.987 [main] DEBUG org.apache.http.headers - << transfer-encoding: chunked
10:07:01.987 [main] DEBUG org.apache.http.headers - << server: Fly/3f2597ca (2023-05-03)
10:07:01.987 [main] DEBUG org.apache.http.headers - << via: 1.1 fly.io
10:07:01.987 [main] DEBUG org.apache.http.headers - << fly-request-id: 01GZT2TJKCB6N2H2BVF8H4J55Z-sin
10:07:01.987 [main] DEBUG org.apache.http.impl.client.DefaultHttpClient - Connection can be kept alive indefinitely
10:07:01.987 [main] DEBUG io.restassured.internal.RestAssuredHttpBuilder - Parsing response as: application/json
10:07:01.987 [main] DEBUG org.apache.http.wire -  << "5C[\r][\n]"
10:07:01.987 [main] DEBUG org.apache.http.wire -  << "[0x1f][0x8b][0x8][0x0][0x0][0x0][0x0][0x0][0x4][0xff][0xab]VJ-*[0xca]/R[0xb2]R2[0xb4]01137110767[0xb0]45[0xb6]034S[0xc8],VH/JM,I-R([0xc9]H[0xcc]S[0xc8]M[0xac][0xc8][0xcc]-[0xcd]U(K[0xcc])MUH[0xcb]/R[0xf0][0xcc]+1Q[0xaa][0xe5][0x2][0x0][0xf0][0xc5][0xea][0x99]H[0x0][0x0][0x0]"
10:07:01.987 [main] DEBUG org.apache.http.wire -  << "[\r][\n]"
10:07:01.988 [main] DEBUG org.apache.http.wire -  << "0[\r][\n]"
10:07:01.988 [main] DEBUG org.apache.http.wire -  << "[\r][\n]"
10:07:01.988 [main] DEBUG io.restassured.internal.RestAssuredHttpBuilder - Parsed data to instance of: class org.apache.http.conn.EofSensorInputStream
10:07:01.988 [main] DEBUG org.apache.http.impl.conn.BasicClientConnectionManager - Releasing connection org.apache.http.impl.conn.ManagedClientConnectionImpl@949f0d
10:07:01.988 [main] DEBUG org.apache.http.impl.conn.BasicClientConnectionManager - Connection can be kept alive indefinitely
10:07:01.988 [main] DEBUG net.thucydides.core.steps.StepInterceptor - STEP DONE: I send GET HTTP request rating2
  &amp#27;[32mWhen &amp#27;[0m&amp#27;[32mI send GET HTTP request rating2&amp#27;[0m               &amp#27;[90m# starter.stepdefinitions.RatingSteps.sendGetHttpRequestRating2()&amp#27;[0m
10:07:01.990 [main] DEBUG net.thucydides.core.steps.StepInterceptor - STARTING STEP: RatingSteps.receiveValidHttp500Rating - Then I receive valid HTTP response code 500 rating
10:07:01.990 [main] DEBUG net.thucydides.core.steps.StepInterceptor - STEP DONE: Then I receive valid HTTP response code 500 rating
  &amp#27;[32mThen &amp#27;[0m&amp#27;[32mI receive valid HTTP response code 500 rating&amp#27;[0m &amp#27;[90m# starter.stepdefinitions.RatingSteps.receiveValidHttp500Rating()&amp#27;[0m
10:07:01.991 [main] INFO  - 
  _____   ___   ___   _____     ___     _     ___   ___   ___   ___  
 |_   _| | __| / __| |_   _|   | _ \   /_\   / __| / __| | __| |   \ 
   | |   | _|  \__ \   | |     |  _/  / _ \  \__ \ \__ \ | _|  | |) |
   |_|   |___| |___/   |_|     |_|   /_/ \_\ |___/ |___/ |___| |___/ 

GET - Get product rating with invalid data
----------------------------------------------------------------------
]]></system-out>
  </testcase>
  <testcase name="POST - Post comment" classname="Comment" time="0.1">
    <system-out><![CDATA[10:07:01.992 [main] DEBUG io.cucumber.core.plugin.SerenityReporter - Running feature from file:///E:/APIMinpro/API/minpro/src/test/resources/features/8.%20Comment.feature
10:07:01.993 [main] DEBUG net.thucydides.core.steps.StepEventBus - Test suite started for story net.thucydides.core.model.Story@8ea159bb
10:07:01.994 [main] INFO  - Test Suite Started: Comment

Scenario: POST - Post comment                         &amp#27;[90m# src/test/resources/features/8. Comment.feature:7&amp#27;[0m
10:07:01.997 [main] DEBUG io.cucumber.core.plugin.SerenityReporter - Running feature from file:///E:/APIMinpro/API/minpro/src/test/resources/features/8.%20Comment.feature
10:07:01.999 [main] INFO  - 
  _____   ___   ___   _____     ___   _____     _     ___   _____   ___   ___  
 |_   _| | __| / __| |_   _|   / __| |_   _|   /_\   | _ \ |_   _| | __| |   \ 
   | |   | _|  \__ \   | |     \__ \   | |    / _ \  |   /   | |   | _|  | |) |
   |_|   |___| |___/   |_|     |___/   |_|   /_/ \_\ |_|_\   |_|   |___| |___/ 

POST - Post comment(comment;post---post-comment)
--------------------------------------------------------------------------------
10:07:02.011 [main] DEBUG net.thucydides.core.steps.StepInterceptor - STARTING STEP: CommentSteps.setPostApiEndpointComment - I set POST api endpoints 
10:07:02.011 [main] DEBUG net.thucydides.core.steps.StepInterceptor - STEP DONE: I set POST api endpoints 
  &amp#27;[32mGiven &amp#27;[0m&amp#27;[32mI set POST api endpoints comment&amp#27;[0m              &amp#27;[90m# starter.stepdefinitions.CommentSteps.setPostApiEndpointComment()&amp#27;[0m
10:07:02.013 [main] DEBUG net.thucydides.core.steps.StepInterceptor - STARTING STEP: CommentSteps.sentPostHttpRequestComment - I send POST HTTP request comment
10:07:02.015 [main] DEBUG net.thucydides.core.steps.StepInterceptor - STARTING STEP: Comment.sendPostHTTPRequestComment - I set POST api endpoints 
10:07:02.015 [main] DEBUG net.thucydides.core.steps.StepInterceptor - STEP DONE: I set POST api endpoints 
10:07:02.021 [main] DEBUG org.apache.http.impl.conn.BasicClientConnectionManager - Get connection for route {s}->https://altashop-api.fly.dev:443
10:07:02.021 [main] DEBUG org.apache.http.impl.conn.DefaultClientConnectionOperator - Connecting to altashop-api.fly.dev:443
10:07:02.064 [main] DEBUG org.apache.http.client.protocol.RequestAddCookies - CookieSpec selected: ignoreCookies
10:07:02.064 [main] DEBUG org.apache.http.client.protocol.RequestAuthCache - Auth cache not set in the context
10:07:02.064 [main] DEBUG org.apache.http.client.protocol.RequestProxyAuthentication - Proxy auth state: UNCHALLENGED
10:07:02.065 [main] DEBUG org.apache.http.impl.client.DefaultHttpClient - Attempt 1 to execute request
10:07:02.065 [main] DEBUG org.apache.http.impl.conn.DefaultClientConnection - Sending request: POST /api/products/2/comments HTTP/1.1
10:07:02.065 [main] DEBUG org.apache.http.wire -  >> "POST /api/products/2/comments HTTP/1.1[\r][\n]"
10:07:02.065 [main] DEBUG org.apache.http.wire -  >> "Authorization: Bearer eyJhbGciOiJIUzI1NiIsInR5cCI6IkpXVCJ9.eyJGdWxsbmFtZSI6IkFkaXR5YSBOdWdyYWhhIiwiRW1haWwiOiJhZGl0QGdtYWlsLmNvbSJ9.VM2lARkmmliu1pWtk1uhb8z5fGaElvH1jIoYM72Te3g[\r][\n]"
10:07:02.065 [main] DEBUG org.apache.http.wire -  >> "Accept: */*[\r][\n]"
10:07:02.065 [main] DEBUG org.apache.http.wire -  >> "Content-Type: text/plain; charset=ISO-8859-1[\r][\n]"
10:07:02.065 [main] DEBUG org.apache.http.wire -  >> "Content-Length: 87[\r][\n]"
10:07:02.065 [main] DEBUG org.apache.http.wire -  >> "Host: altashop-api.fly.dev[\r][\n]"
10:07:02.065 [main] DEBUG org.apache.http.wire -  >> "Connection: Keep-Alive[\r][\n]"
10:07:02.065 [main] DEBUG org.apache.http.wire -  >> "User-Agent: Apache-HttpClient/4.5.13 (Java/11.0.15.1)[\r][\n]"
10:07:02.065 [main] DEBUG org.apache.http.wire -  >> "Accept-Encoding: gzip,deflate[\r][\n]"
10:07:02.065 [main] DEBUG org.apache.http.wire -  >> "[\r][\n]"
10:07:02.065 [main] DEBUG org.apache.http.headers - >> POST /api/products/2/comments HTTP/1.1
10:07:02.065 [main] DEBUG org.apache.http.headers - >> Authorization: Bearer eyJhbGciOiJIUzI1NiIsInR5cCI6IkpXVCJ9.eyJGdWxsbmFtZSI6IkFkaXR5YSBOdWdyYWhhIiwiRW1haWwiOiJhZGl0QGdtYWlsLmNvbSJ9.VM2lARkmmliu1pWtk1uhb8z5fGaElvH1jIoYM72Te3g
10:07:02.065 [main] DEBUG org.apache.http.headers - >> Accept: */*
10:07:02.065 [main] DEBUG org.apache.http.headers - >> Content-Type: text/plain; charset=ISO-8859-1
10:07:02.065 [main] DEBUG org.apache.http.headers - >> Content-Length: 87
10:07:02.065 [main] DEBUG org.apache.http.headers - >> Host: altashop-api.fly.dev
10:07:02.065 [main] DEBUG org.apache.http.headers - >> Connection: Keep-Alive
10:07:02.065 [main] DEBUG org.apache.http.headers - >> User-Agent: Apache-HttpClient/4.5.13 (Java/11.0.15.1)
10:07:02.065 [main] DEBUG org.apache.http.headers - >> Accept-Encoding: gzip,deflate
10:07:02.065 [main] DEBUG org.apache.http.wire -  >> "{"content":"the games are great including Gran Turismo 7 but sadly GT4 is much better"}"
10:07:02.087 [main] DEBUG org.apache.http.wire -  << "HTTP/1.1 200 OK[\r][\n]"
10:07:02.087 [main] DEBUG org.apache.http.wire -  << "content-type: application/json[\r][\n]"
10:07:02.087 [main] DEBUG org.apache.http.wire -  << "date: Sun, 07 May 2023 03:07:01 GMT[\r][\n]"
10:07:02.087 [main] DEBUG org.apache.http.wire -  << "content-encoding: gzip[\r][\n]"
10:07:02.087 [main] DEBUG org.apache.http.wire -  << "transfer-encoding: chunked[\r][\n]"
10:07:02.087 [main] DEBUG org.apache.http.wire -  << "server: Fly/3f2597ca (2023-05-03)[\r][\n]"
10:07:02.087 [main] DEBUG org.apache.http.wire -  << "via: 1.1 fly.io[\r][\n]"
10:07:02.087 [main] DEBUG org.apache.http.wire -  << "fly-request-id: 01GZT2TJPFEKWD2FBW69S78KAG-sin[\r][\n]"
10:07:02.087 [main] DEBUG org.apache.http.wire -  << "[\r][\n]"
10:07:02.087 [main] DEBUG org.apache.http.impl.conn.DefaultClientConnection - Receiving response: HTTP/1.1 200 OK
10:07:02.087 [main] DEBUG org.apache.http.headers - << HTTP/1.1 200 OK
10:07:02.087 [main] DEBUG org.apache.http.headers - << content-type: application/json
10:07:02.087 [main] DEBUG org.apache.http.headers - << date: Sun, 07 May 2023 03:07:01 GMT
10:07:02.087 [main] DEBUG org.apache.http.headers - << content-encoding: gzip
10:07:02.087 [main] DEBUG org.apache.http.headers - << transfer-encoding: chunked
10:07:02.087 [main] DEBUG org.apache.http.headers - << server: Fly/3f2597ca (2023-05-03)
10:07:02.087 [main] DEBUG org.apache.http.headers - << via: 1.1 fly.io
10:07:02.087 [main] DEBUG org.apache.http.headers - << fly-request-id: 01GZT2TJPFEKWD2FBW69S78KAG-sin
10:07:02.087 [main] DEBUG org.apache.http.impl.client.DefaultHttpClient - Connection can be kept alive indefinitely
10:07:02.087 [main] DEBUG io.restassured.internal.RestAssuredHttpBuilder - Parsing response as: application/json
10:07:02.087 [main] DEBUG org.apache.http.wire -  << "9E[\r][\n]"
10:07:02.087 [main] DEBUG org.apache.http.wire -  << "[0x1f][0x8b][0x8][0x0][0x0][0x0][0x0][0x0][0x4][0xff][0xab]VJI,IT[0xb2][0xaa]V[0xf2]tQ[0xb2]24[0xb0]42[0xd4]Qr[0xce][0xcf]+I[0xcd]+Q[0xb2]R*[0xc9]HUHO[0xcc]M-VH,JUH/JM,Q[0xc8][0xcc]K[0xce])M[0xc9][0xcc]KWp/J[0xcc]S[0x8])-[0xca],[0xce][0xcd]W0WH*-Q(NL[0xc9][0xa9]Tp[0xf]1Q[0xc8],V[0xc8]-M[0xce]PHJ-)I-R[0xd2]Q[\n]"
10:07:02.087 [main] DEBUG org.apache.http.wire -  << "-N-R[0xb2][0xca]+[0xcd][0xc9][0xd1]Q[\n]"
10:07:02.087 [main] DEBUG org.apache.http.wire -  << "([0xca]O)M.[0x81]q[0x9d][0xf3]ss[0xc1][0x16][0x82]dkk[0xb9][0x0][0x14][0x1]_o[0x96][0x0][0x0][0x0]"
10:07:02.087 [main] DEBUG org.apache.http.wire -  << "[\r][\n]"
10:07:02.087 [main] DEBUG org.apache.http.wire -  << "0[\r][\n]"
10:07:02.087 [main] DEBUG org.apache.http.wire -  << "[\r][\n]"
10:07:02.087 [main] DEBUG io.restassured.internal.RestAssuredHttpBuilder - Parsed data to instance of: class org.apache.http.conn.EofSensorInputStream
10:07:02.088 [main] DEBUG org.apache.http.impl.conn.BasicClientConnectionManager - Releasing connection org.apache.http.impl.conn.ManagedClientConnectionImpl@4960b819
10:07:02.088 [main] DEBUG org.apache.http.impl.conn.BasicClientConnectionManager - Connection can be kept alive indefinitely
10:07:02.089 [main] DEBUG net.thucydides.core.steps.StepInterceptor - STEP DONE: I send POST HTTP request comment
  &amp#27;[32mWhen &amp#27;[0m&amp#27;[32mI send POST HTTP request comment&amp#27;[0m               &amp#27;[90m# starter.stepdefinitions.CommentSteps.sentPostHttpRequestComment()&amp#27;[0m
10:07:02.091 [main] DEBUG net.thucydides.core.steps.StepInterceptor - STARTING STEP: CommentSteps.receiveValidHttp200Rating - I receive valid HTTP response code 200 comment
10:07:02.092 [main] DEBUG net.thucydides.core.steps.StepInterceptor - STEP DONE: I receive valid HTTP response code 200 comment
  &amp#27;[32mThen &amp#27;[0m&amp#27;[32mI receive valid HTTP response code 200 comment&amp#27;[0m &amp#27;[90m# starter.stepdefinitions.CommentSteps.receiveValidHttp200Rating()&amp#27;[0m
10:07:02.093 [main] INFO  - 
  _____   ___   ___   _____     ___     _     ___   ___   ___   ___  
 |_   _| | __| / __| |_   _|   | _ \   /_\   / __| / __| | __| |   \ 
   | |   | _|  \__ \   | |     |  _/  / _ \  \__ \ \__ \ | _|  | |) |
   |_|   |___| |___/   |_|     |_|   /_/ \_\ |___/ |___/ |___| |___/ 

POST - Post comment
----------------------------------------------------------------------
]]></system-out>
  </testcase>
  <testcase name="GET - Get comment with correct endpoints" classname="Comment" time="0.108">
    <system-out><![CDATA[
Scenario: GET - Get comment with correct endpoints    &amp#27;[90m# src/test/resources/features/8. Comment.feature:12&amp#27;[0m
10:07:02.097 [main] DEBUG io.cucumber.core.plugin.SerenityReporter - Running feature from file:///E:/APIMinpro/API/minpro/src/test/resources/features/8.%20Comment.feature
10:07:02.098 [main] INFO  - 
  _____   ___   ___   _____     ___   _____     _     ___   _____   ___   ___  
 |_   _| | __| / __| |_   _|   / __| |_   _|   /_\   | _ \ |_   _| | __| |   \ 
   | |   | _|  \__ \   | |     \__ \   | |    / _ \  |   /   | |   | _|  | |) |
   |_|   |___| |___/   |_|     |___/   |_|   /_/ \_\ |_|_\   |_|   |___| |___/ 

GET - Get comment with correct endpoints(comment;get---get-comment-with-correct-endpoints)
--------------------------------------------------------------------------------
10:07:02.103 [main] DEBUG net.thucydides.core.steps.StepInterceptor - STARTING STEP: CommentSteps.setGetApiEndpointComment - I set GET api endpoints comment
10:07:02.103 [main] DEBUG net.thucydides.core.steps.StepInterceptor - STEP DONE: I set GET api endpoints comment
  &amp#27;[32mGiven &amp#27;[0m&amp#27;[32mI set GET api endpoints comment&amp#27;[0m               &amp#27;[90m# starter.stepdefinitions.CommentSteps.setGetApiEndpointComment()&amp#27;[0m
10:07:02.105 [main] DEBUG net.thucydides.core.steps.StepInterceptor - STARTING STEP: CommentSteps.sendGetHttpRequestComment - I send GET HTTP request comment
10:07:02.106 [main] DEBUG net.thucydides.core.steps.StepInterceptor - STARTING STEP: Comment.sendGetHttpRequestComment - I set GET api endpoints comment
10:07:02.106 [main] DEBUG net.thucydides.core.steps.StepInterceptor - STEP DONE: I set GET api endpoints comment
10:07:02.111 [main] DEBUG org.apache.http.impl.conn.BasicClientConnectionManager - Get connection for route {s}->https://altashop-api.fly.dev:443
10:07:02.111 [main] DEBUG org.apache.http.impl.conn.DefaultClientConnectionOperator - Connecting to altashop-api.fly.dev:443
10:07:02.162 [Finalizer] DEBUG org.apache.http.impl.conn.DefaultClientConnection - Connection 0.0.0.0:61518<->149.248.193.56:443 closed
10:07:02.165 [Finalizer] DEBUG org.apache.http.impl.conn.DefaultClientConnection - Connection 0.0.0.0:61507<->149.248.193.56:443 closed
10:07:02.165 [Finalizer] DEBUG org.apache.http.impl.conn.DefaultClientConnection - Connection 0.0.0.0:61506<->149.248.193.56:443 closed
10:07:02.166 [Finalizer] DEBUG org.apache.http.impl.conn.DefaultClientConnection - Connection 0.0.0.0:61505<->149.248.193.56:443 closed
10:07:02.166 [Finalizer] DEBUG org.apache.http.impl.conn.DefaultClientConnection - Connection 0.0.0.0:61509<->149.248.193.56:443 closed
10:07:02.167 [Finalizer] DEBUG org.apache.http.impl.conn.DefaultClientConnection - Connection 0.0.0.0:61508<->149.248.193.56:443 closed
10:07:02.168 [Finalizer] DEBUG org.apache.http.impl.conn.DefaultClientConnection - Connection 0.0.0.0:61512<->149.248.193.56:443 closed
10:07:02.168 [Finalizer] DEBUG org.apache.http.impl.conn.DefaultClientConnection - Connection 0.0.0.0:61511<->149.248.193.56:443 closed
10:07:02.169 [main] DEBUG org.apache.http.client.protocol.RequestAddCookies - CookieSpec selected: ignoreCookies
10:07:02.169 [main] DEBUG org.apache.http.client.protocol.RequestAuthCache - Auth cache not set in the context
10:07:02.169 [main] DEBUG org.apache.http.client.protocol.RequestTargetAuthentication - Target auth state: UNCHALLENGED
10:07:02.169 [main] DEBUG org.apache.http.client.protocol.RequestProxyAuthentication - Proxy auth state: UNCHALLENGED
10:07:02.169 [Finalizer] DEBUG org.apache.http.impl.conn.DefaultClientConnection - Connection 0.0.0.0:61510<->149.248.193.56:443 closed
10:07:02.169 [main] DEBUG org.apache.http.impl.client.DefaultHttpClient - Attempt 1 to execute request
10:07:02.169 [main] DEBUG org.apache.http.impl.conn.DefaultClientConnection - Sending request: GET /api/products/2/comments HTTP/1.1
10:07:02.170 [main] DEBUG org.apache.http.wire -  >> "GET /api/products/2/comments HTTP/1.1[\r][\n]"
10:07:02.170 [main] DEBUG org.apache.http.wire -  >> "Accept: */*[\r][\n]"
10:07:02.170 [main] DEBUG org.apache.http.wire -  >> "Host: altashop-api.fly.dev[\r][\n]"
10:07:02.170 [main] DEBUG org.apache.http.wire -  >> "Connection: Keep-Alive[\r][\n]"
10:07:02.170 [main] DEBUG org.apache.http.wire -  >> "User-Agent: Apache-HttpClient/4.5.13 (Java/11.0.15.1)[\r][\n]"
10:07:02.170 [main] DEBUG org.apache.http.wire -  >> "Accept-Encoding: gzip,deflate[\r][\n]"
10:07:02.170 [main] DEBUG org.apache.http.wire -  >> "[\r][\n]"
10:07:02.170 [main] DEBUG org.apache.http.headers - >> GET /api/products/2/comments HTTP/1.1
10:07:02.170 [main] DEBUG org.apache.http.headers - >> Accept: */*
10:07:02.170 [main] DEBUG org.apache.http.headers - >> Host: altashop-api.fly.dev
10:07:02.170 [main] DEBUG org.apache.http.headers - >> Connection: Keep-Alive
10:07:02.170 [main] DEBUG org.apache.http.headers - >> User-Agent: Apache-HttpClient/4.5.13 (Java/11.0.15.1)
10:07:02.170 [main] DEBUG org.apache.http.headers - >> Accept-Encoding: gzip,deflate
10:07:02.170 [Finalizer] DEBUG org.apache.http.impl.conn.DefaultClientConnection - Connection 0.0.0.0:61523<->149.248.193.56:443 closed
10:07:02.171 [Finalizer] DEBUG org.apache.http.impl.conn.DefaultClientConnection - Connection 0.0.0.0:61521<->149.248.193.56:443 closed
10:07:02.171 [Finalizer] DEBUG org.apache.http.impl.conn.DefaultClientConnection - Connection 0.0.0.0:61515<->149.248.193.56:443 closed
10:07:02.171 [Finalizer] DEBUG org.apache.http.impl.conn.DefaultClientConnection - Connection 0.0.0.0:61513<->149.248.193.56:443 closed
10:07:02.171 [Finalizer] DEBUG org.apache.http.impl.conn.DefaultClientConnection - Connection 0.0.0.0:61520<->149.248.193.56:443 closed
10:07:02.171 [Finalizer] DEBUG org.apache.http.impl.conn.DefaultClientConnection - Connection 0.0.0.0:61519<->149.248.193.56:443 closed
10:07:02.172 [Finalizer] DEBUG org.apache.http.impl.conn.DefaultClientConnection - Connection 0.0.0.0:61517<->149.248.193.56:443 closed
10:07:02.172 [Finalizer] DEBUG org.apache.http.impl.conn.DefaultClientConnection - Connection 0.0.0.0:61516<->149.248.193.56:443 closed
10:07:02.192 [main] DEBUG org.apache.http.wire -  << "HTTP/1.1 200 OK[\r][\n]"
10:07:02.192 [main] DEBUG org.apache.http.wire -  << "content-type: application/json[\r][\n]"
10:07:02.192 [main] DEBUG org.apache.http.wire -  << "date: Sun, 07 May 2023 03:07:01 GMT[\r][\n]"
10:07:02.192 [main] DEBUG org.apache.http.wire -  << "transfer-encoding: chunked[\r][\n]"
10:07:02.192 [main] DEBUG org.apache.http.wire -  << "content-encoding: gzip[\r][\n]"
10:07:02.192 [main] DEBUG org.apache.http.wire -  << "server: Fly/3f2597ca (2023-05-03)[\r][\n]"
10:07:02.192 [main] DEBUG org.apache.http.wire -  << "via: 1.1 fly.io[\r][\n]"
10:07:02.192 [main] DEBUG org.apache.http.wire -  << "fly-request-id: 01GZT2TJSR12H2RFRWBDP88RPN-sin[\r][\n]"
10:07:02.192 [main] DEBUG org.apache.http.wire -  << "[\r][\n]"
10:07:02.192 [main] DEBUG org.apache.http.impl.conn.DefaultClientConnection - Receiving response: HTTP/1.1 200 OK
10:07:02.192 [main] DEBUG org.apache.http.headers - << HTTP/1.1 200 OK
10:07:02.192 [main] DEBUG org.apache.http.headers - << content-type: application/json
10:07:02.192 [main] DEBUG org.apache.http.headers - << date: Sun, 07 May 2023 03:07:01 GMT
10:07:02.192 [main] DEBUG org.apache.http.headers - << transfer-encoding: chunked
10:07:02.192 [main] DEBUG org.apache.http.headers - << content-encoding: gzip
10:07:02.192 [main] DEBUG org.apache.http.headers - << server: Fly/3f2597ca (2023-05-03)
10:07:02.192 [main] DEBUG org.apache.http.headers - << via: 1.1 fly.io
10:07:02.192 [main] DEBUG org.apache.http.headers - << fly-request-id: 01GZT2TJSR12H2RFRWBDP88RPN-sin
10:07:02.193 [main] DEBUG org.apache.http.impl.client.DefaultHttpClient - Connection can be kept alive indefinitely
10:07:02.193 [main] DEBUG io.restassured.internal.RestAssuredHttpBuilder - Parsing response as: application/json
10:07:02.193 [main] DEBUG org.apache.http.wire -  << "153[\r][\n]"
10:07:02.193 [main] DEBUG org.apache.http.wire -  << "[0x1f][0x8b][0x8][0x0][0x0][0x0][0x0][0x0][0x4][0xff][0xaa]VJI,IT[0xb2][0x8a][0xae]V[0xf2]tQ[0xb2]24056[0xd6]Qr[0xce][0xcf]+I[0xcd]+Q[0xb2]Rr[0xcc][0xc9]L,V[0xc8]LQH[0xc9],.[0xc9][0xcc]K.[0xc9][0xcc]W(N-,[0xcd]T(K-[0xca],I,[0xc9],[0xd6]S[0xd2]Q[\n]"
10:07:02.193 [main] DEBUG org.apache.http.wire -  << "-N-R[0xb2][0xca]+[0xcd][0xc9][0xd1]Q[\n]"
10:07:02.193 [main] DEBUG org.apache.http.wire -  << "([0xca]O)M.[0x81]q[0x9d][0xf3]ss[0xc1]f[0x81]dku[0x10][0xf6][0x98] [0xdb][0xe3][0x9c][0x9f][0x7]26[0xb1][0xa4][0xb4]H!'[0xb1]4%1[0xaf]$[0xb3]4W!7?'[0xb5][0xb8]$31U!1E![0xb5][0x84]\[0xab]L[0x91][0xad]*[0xc9]HUHO[0xcc]M-VH,JUH/JM,Q[0xc8][0xcc]K[0xce])M[0xc9][0xcc]KWp/J[0xcc]S[0x8])-[0xca],[0xce][0xcd]W0WH*-Q(NL[0xc9][0xa9]Tp[0xf]1Q[0xc8],V[0xc8]-M[0xce]PHJ-)I-"[0xd3][0xdf][0xe6][0x83][0xc9]1[0x16][0x83][0xc8]1&[0x6][0x83][0xc9]1[0x86][0x83][0xc9]1F[0xc8][0x8e][0xc9]T/)Vp+[0xca]LI[0xac]$/[0x9][0x9a][0xa0]d[0xf1][0x1][0xce][0xf]&[0x83])s[0x9a][0xa1][0x14]J[0x14][0x7][0xb4][0xd9]`[0xf2][0x9b][0xf9]`[0xca]^[0xe6][0x83])[0x9][0x9a][0xf][0xa6]h[0xb2][0xb0]D[0xce][0xeb][0x3][0x9c]9-[0x7]Q)hf0[0x88][0x12][0xb0][0x99][0xc1] [0x8a]&3c[0x94][0xfa][0x81][0xf6]i[0x6][0x0][0x0][0x0][0xff][0xff]"
10:07:02.193 [main] DEBUG org.apache.http.wire -  << "[\r][\n]"
10:07:02.193 [main] DEBUG org.apache.http.wire -  << "2F8[\r][\n]"
10:07:02.193 [main] DEBUG org.apache.http.wire -  << "[0x2][0xb7][0xf3]p4[0xec][0xcc][0xcc][0x6]S4[0x99][\r][0xa6][0x4]l<[0x88][0xca][0x19]3S[0x14][0xc7]PZ[0xd5][0x99][0x99][0x9a]![0x17][[0x94][0x1b][0x87][0xd2]Jv-QH-QH[0xad]HN-()-[0xca]T(,ML-J,Q[0xc8][0xcb][0xcc][0xc8][0xcc]Q[0xc8]O[0xc9],[0x81][0xb][0x81]z[0x11][0x99][0xe4][0xf5][0x13][0xcc]L[0x7]Qk[0xd8][0xcc]t0[0x15]0[0xa8][0xf5][0x80][0x9e][0x9e][0x9e]B[0xa2]Bnf^[0x8a]B^jjJ[0xb1]BR~~v[0xb1]Bb[0xb1]B[0xa2]Bqy~[0x11]L8Q[0xa1]<#[0xb5][0xa4][0xb8]$?/UG!3M![0xb3][0x4][0xd4][0x83]*[0xc9]W[0xc8]NM-P[0xc8],)VHMIO%3[0xb2],Q[0xca][0xbc][0xf0][0xcc][0xbc][0x92][0xd4]"[0x90][0xf1][0xc9][0xf9][0xb9][0x99]y[0xe9][0xe4][0x1a]J[0xdd]Tl[0x89][0x92][0x8a][0x1d][0xf3]R[0x14][0x8a][0xf3][0x15]2R[0x15][0x8a][0xb][0xf2][0xb3]Su[0x14][0x12][0xd1][0x5]J2[0x12]K[0x14]|@[0x1][0x98][0x9f][0xa6][0xe0][0x9c]X\[0x92][0x98][0x9b]Z[0x94][0xaa][0x3][0xee][0x85][0xe6][0xe5][0x97]+[0x80]J[0xf6][0xa2][0xc4][0xcc][0xbc]b[0x85]rP[0x8][0xe6][0xab][0xa7][0x16])dd[0x16]+d$[0xe6][0xe4][0xe8]([0x94]g[0x96]d([0xe4][0xe5]+[0xe4][0xe7][0xa5][0x82]T[0x16][0xa5]*[0x94][0x80]lK,[0xd2]S[0x88]L-[0xd6]Q l[0x2][0xc8]Ay[0xf9]%[0xa0]h[0xcc]/[0xcd][0x81]k'[0xab][0x97]af[0x89][0x92][0x80][0xa9][0x13]A[0xe6][0xa8]m[0x0]P[0x88]z*d$[0x96][0xa5]*$*[0x94][0xa4][0xe6][0xa5][0xa4][0x16][0x81][0xc2][0x16][0xd4][0x9f]W[0xc8][0xad]T[0xc8]HM,*QH[0xcb]/RH.[0xca],([0xc8][0x1]u[0xf9][0xf3]R[0x14][0x92]@[0x1][[0x94]R[0xc][0xe][0xff][0xa4][0xa2][0xfc][0xec][0xd4]<[0x85][0x92][0x8c][0xcc][0xbc]t2[0x87]2[0xcc][\r]P*[0x99][0x90][0x8c]T[0x5][0xbf][0xfc][0xa2][0x92][0xc][0x85][0xa2][0xd4][0xdc][0xd4][0xdc][0xa4][0xd4]"r[0xcd]5D)[0xa2]A[0x91]?p[0xe3][0x16][0xe6][0x86]([0xd1]9[0xc0][0x8e]1A[0xc9][0xfc][0x3][0xed][0x18][0x94]N[0xe3]@;[0x6][0xa5][0x4][0x1b]h[0xc7][0xc][0xa2][\n]"
10:07:02.193 [main] DEBUG org.apache.http.wire -  << "[0xd5][0xdc]t[0x10][0xb5]K[0xcd]M[0x7]S[0x2]6[0x1d]D[0x9d]qs[0xd3][0xc1][0x94][0x9b]P[0x1b][0xc9][0x3][0x9c][0x9b]P[0x9b][0xd8][0x3][0xed][0x18][0x94][0xa6][0xcd]@;f0[0xd5]M[0x83][0xa9][0xff]kn6[0x98][0xca][0x19][0xb3][0xc1]T[0xce][0xa0][0xe][0xf5][0xe]p[0x2]6[0x1b]L[0xb5][0xb6][0xd9]`[0xaa][0xb5][0x7][0xd3][0xa8][0xb5]9[0xea][0xa8][0xb5]Obiz[0x6][0xb4][0xd7]Y[0x90][0x9f]Y[0x9c][0x9f][0x7][0xea]1[0xa5][0xa5]&[0x16][0x91][0xd7][0xfb]4[0x1f]L[0xe3][0xd0][0xe6][0xe6](I211[0x91][0xac]^[0xa0][0xb9][0xf9]`[0xaa]',P[0x9a][0x80][0xc1]%[0xa5][0x5][0xa9]i[0xe4][0xcd][0xa1][0x99][[0xa0][0xf5][0xf9]JA[0x9d][0xcf][0xa4][0xcc][0xa2][0x14][0xf2][0x82][0xc9][0x2][0xa5][0x9c][0xe]J,K[0xcd]K[0xce]I,'[0xd3]0[0x94]r[0xd6][0xbd][0xa8]2--3/%[0x9f][0xbc][0x9]ks[0x8b][0xc1][0xd4] [0xb3]@I[0x95][0x3]\j[[0xc][0xa6][0x82][0xd2][0x12]%m[0xf]p[0xc8][0xa0][0x8e][0x17][0xe][0xb4]c[0x6]Q[0xeb][0xd0][0xc2][0x0]%[0xa3][0xf]l[0xc8]X[0x18][0xc][0xa2][0xac]ma0[0x88]F[0xbb],[0xc][0x6]Q[0xb5]ea8[0x88][0xb2][0xb6][0x85]!J[0xc5]7[0xc0][0x9][0xd8]p0[0xe5]&[0xc3][0xc1][0x94][0x9b][0x6][0xd3][0xd8][0xb1][0x85][0xe1][0xa0][0xca]M[0x83][0xa9]:0[0x1a]L[0xb9][0xc9][0x8]%[0x9a][0x2]J[0xb3][0xcb]KS[0xd2]3S1[0x1b][0xa1][0x0][0x0][0x0][0x0][0xff][0xff]"
10:07:02.193 [main] DEBUG org.apache.http.wire -  << "[\r][\n]"
10:07:02.193 [main] DEBUG org.apache.http.wire -  << "10E[\r][\n]"
10:07:02.193 [main] DEBUG org.apache.http.wire -  << ""b}[0xa7][0x85][0xd1] j[0x1c]Y[0x18][0xf][0xa6][0x12]t0[0xad][0xd6][0xb0]0[0x1e]L[0x85][0x96][0xf1] j[0xdd][[0x18][0xf][0xa6][0x4]<[0x98][0xd6][0xc6]Z[0xc][0xa6][0xd9]7[0xb][0x93][0xc1][0x94][0x80]M[0x6]S[0x2]6[0x19]L[0x9]x0[0xcd][0xbe]Y[0xc][0xa6][0xd9]7[0x8b][0xc1]4[0xe1]e1[0x98][0xe6][0x98],[0x6][0xd3]z,[0x8b][0xc1][0xb4][0x1e][0xcb]b0[0xcd][0xa4]X[0x98][0xa1]4[0x1b][0x7][0xb8]Gh6[0x98]Z[0xf7][0xe6][0x83][0xa9]u[0x8f]:y1[0xc0][0xd1]d>[0x98]j[0xed][0xc1]4[0xef]b1[0x98]&L,[0xcc][0x7]SnB[0x9d]r[0x19][0xe0][0x4]l[0x81]2[0xc7]2[0xd0][0x8e][0x19]LC[0xa7][0x16][0x83][0xa9]:[0x18]L[0xbb]i,[0x6][0xd3][0xac][0x88][0x5][0xea][0xfa]i[0xff][0xe4][0xe4][0xc4][0xd4][0xe4][0xc4][0x92]L[0x85][0xd4][0xc4]"[0x94][0x8d][0xb7][0x85][0xa5][0x99][0x89][\n]"
10:07:02.193 [main] DEBUG org.apache.http.wire -  << "e[0xf9]9[0xa5][0x5]%[0x89][0xc5][\n]"
10:07:02.193 [main] DEBUG org.apache.http.wire -  << "`[0x1e]h[0xfb]o^jn>y[0xd3][0xdc][0x16][0x96][0x83][0xa9][0xec][0xb7][0x1c]L[0x9d]$[0xd4]%[0xd3][0x3][[0xa8]X[0xa2].[0xb5][0x1e]h[0xc7][0xc][0xa2][0x96][0x94][0xa5][0xc1] *[0xfb]-[\r][0x6]Q[0x2][0xb6][0x1c]L3U[0x96][0x83]i[0xc5][0xba][0xa5][0xd1] [0x1a][0x81][0xb6][0x1c][0x4][0xb3][0xe][0xb1][0xb5]\[0x0][0x0][0x0][0x0][0xff][0xff]"
10:07:02.193 [main] DEBUG org.apache.http.wire -  << "[\r][\n]"
10:07:02.193 [main] DEBUG org.apache.http.wire -  << "A[\r][\n]"
10:07:02.193 [main] DEBUG org.apache.http.wire -  << "[0x3][0x0]Xy3[0xd4]|B[0x0][0x0]"
10:07:02.193 [main] DEBUG org.apache.http.wire -  << "[\r][\n]"
10:07:02.193 [main] DEBUG org.apache.http.wire -  << "0[\r][\n]"
10:07:02.193 [main] DEBUG org.apache.http.wire -  << "[\r][\n]"
10:07:02.193 [main] DEBUG io.restassured.internal.RestAssuredHttpBuilder - Parsed data to instance of: class org.apache.http.conn.EofSensorInputStream
10:07:02.194 [main] DEBUG org.apache.http.impl.conn.BasicClientConnectionManager - Releasing connection org.apache.http.impl.conn.ManagedClientConnectionImpl@2c02cf78
10:07:02.194 [main] DEBUG org.apache.http.impl.conn.BasicClientConnectionManager - Connection can be kept alive indefinitely
10:07:02.196 [main] DEBUG net.thucydides.core.steps.StepInterceptor - STEP DONE: I send GET HTTP request comment
  &amp#27;[32mWhen &amp#27;[0m&amp#27;[32mI send GET HTTP request comment&amp#27;[0m                &amp#27;[90m# starter.stepdefinitions.CommentSteps.sendGetHttpRequestComment()&amp#27;[0m
10:07:02.199 [main] DEBUG net.thucydides.core.steps.StepInterceptor - STARTING STEP: CommentSteps.receiveValidHttp200Rating - I receive valid HTTP response code 200 comment
10:07:02.200 [main] DEBUG net.thucydides.core.steps.StepInterceptor - STEP DONE: I receive valid HTTP response code 200 comment
  &amp#27;[32mThen &amp#27;[0m&amp#27;[32mI receive valid HTTP response code 200 comment&amp#27;[0m &amp#27;[90m# starter.stepdefinitions.CommentSteps.receiveValidHttp200Rating()&amp#27;[0m
10:07:02.201 [main] INFO  - 
  _____   ___   ___   _____     ___     _     ___   ___   ___   ___  
 |_   _| | __| / __| |_   _|   | _ \   /_\   / __| / __| | __| |   \ 
   | |   | _|  \__ \   | |     |  _/  / _ \  \__ \ \__ \ | _|  | |) |
   |_|   |___| |___/   |_|     |_|   /_/ \_\ |___/ |___/ |___| |___/ 

GET - Get comment with correct endpoints
----------------------------------------------------------------------
]]></system-out>
  </testcase>
  <testcase name="Get comment with incorrect endpoints" classname="Comment" time="0.093">
    <system-out><![CDATA[
Scenario: Get comment with incorrect endpoints        &amp#27;[90m# src/test/resources/features/8. Comment.feature:17&amp#27;[0m
10:07:02.205 [main] DEBUG io.cucumber.core.plugin.SerenityReporter - Running feature from file:///E:/APIMinpro/API/minpro/src/test/resources/features/8.%20Comment.feature
10:07:02.207 [main] INFO  - 
  _____   ___   ___   _____     ___   _____     _     ___   _____   ___   ___  
 |_   _| | __| / __| |_   _|   / __| |_   _|   /_\   | _ \ |_   _| | __| |   \ 
   | |   | _|  \__ \   | |     \__ \   | |    / _ \  |   /   | |   | _|  | |) |
   |_|   |___| |___/   |_|     |___/   |_|   /_/ \_\ |_|_\   |_|   |___| |___/ 

Get comment with incorrect endpoints(comment;get-comment-with-incorrect-endpoints)
--------------------------------------------------------------------------------
10:07:02.214 [main] DEBUG net.thucydides.core.steps.StepInterceptor - STARTING STEP: CommentSteps.setGetApiEndpointComment2 - I set GET api endpoints comment2
10:07:02.214 [main] DEBUG net.thucydides.core.steps.StepInterceptor - STEP DONE: I set GET api endpoints comment2
  &amp#27;[32mGiven &amp#27;[0m&amp#27;[32mI set GET api endpoints comment2&amp#27;[0m              &amp#27;[90m# starter.stepdefinitions.CommentSteps.setGetApiEndpointComment2()&amp#27;[0m
10:07:02.217 [main] DEBUG net.thucydides.core.steps.StepInterceptor - STARTING STEP: CommentSteps.sendGetHttpRequestComment2 - I send GET HTTP request comment2
10:07:02.218 [main] DEBUG net.thucydides.core.steps.StepInterceptor - STARTING STEP: Comment.sendGetHttpRequestComment2 - I set GET api endpoints comment2
10:07:02.218 [main] DEBUG net.thucydides.core.steps.StepInterceptor - STEP DONE: I set GET api endpoints comment2
10:07:02.225 [main] DEBUG org.apache.http.impl.conn.BasicClientConnectionManager - Get connection for route {s}->https://altashop-api.fly.dev:443
10:07:02.225 [main] DEBUG org.apache.http.impl.conn.DefaultClientConnectionOperator - Connecting to altashop-api.fly.dev:443
10:07:02.269 [main] DEBUG org.apache.http.client.protocol.RequestAddCookies - CookieSpec selected: ignoreCookies
10:07:02.269 [main] DEBUG org.apache.http.client.protocol.RequestAuthCache - Auth cache not set in the context
10:07:02.269 [main] DEBUG org.apache.http.client.protocol.RequestTargetAuthentication - Target auth state: UNCHALLENGED
10:07:02.269 [main] DEBUG org.apache.http.client.protocol.RequestProxyAuthentication - Proxy auth state: UNCHALLENGED
10:07:02.269 [main] DEBUG org.apache.http.impl.client.DefaultHttpClient - Attempt 1 to execute request
10:07:02.269 [main] DEBUG org.apache.http.impl.conn.DefaultClientConnection - Sending request: GET /api/products/2/comment HTTP/1.1
10:07:02.269 [main] DEBUG org.apache.http.wire -  >> "GET /api/products/2/comment HTTP/1.1[\r][\n]"
10:07:02.269 [main] DEBUG org.apache.http.wire -  >> "Accept: */*[\r][\n]"
10:07:02.269 [main] DEBUG org.apache.http.wire -  >> "Host: altashop-api.fly.dev[\r][\n]"
10:07:02.269 [main] DEBUG org.apache.http.wire -  >> "Connection: Keep-Alive[\r][\n]"
10:07:02.269 [main] DEBUG org.apache.http.wire -  >> "User-Agent: Apache-HttpClient/4.5.13 (Java/11.0.15.1)[\r][\n]"
10:07:02.269 [main] DEBUG org.apache.http.wire -  >> "Accept-Encoding: gzip,deflate[\r][\n]"
10:07:02.269 [main] DEBUG org.apache.http.wire -  >> "[\r][\n]"
10:07:02.269 [main] DEBUG org.apache.http.headers - >> GET /api/products/2/comment HTTP/1.1
10:07:02.269 [main] DEBUG org.apache.http.headers - >> Accept: */*
10:07:02.269 [main] DEBUG org.apache.http.headers - >> Host: altashop-api.fly.dev
10:07:02.269 [main] DEBUG org.apache.http.headers - >> Connection: Keep-Alive
10:07:02.269 [main] DEBUG org.apache.http.headers - >> User-Agent: Apache-HttpClient/4.5.13 (Java/11.0.15.1)
10:07:02.269 [main] DEBUG org.apache.http.headers - >> Accept-Encoding: gzip,deflate
10:07:02.288 [main] DEBUG org.apache.http.wire -  << "HTTP/1.1 404 Not Found[\r][\n]"
10:07:02.288 [main] DEBUG org.apache.http.wire -  << "date: Sun, 07 May 2023 03:07:01 GMT[\r][\n]"
10:07:02.288 [main] DEBUG org.apache.http.wire -  << "content-encoding: gzip[\r][\n]"
10:07:02.288 [main] DEBUG org.apache.http.wire -  << "content-type: text/plain; charset=utf-8[\r][\n]"
10:07:02.288 [main] DEBUG org.apache.http.wire -  << "transfer-encoding: chunked[\r][\n]"
10:07:02.288 [main] DEBUG org.apache.http.wire -  << "server: Fly/3f2597ca (2023-05-03)[\r][\n]"
10:07:02.288 [main] DEBUG org.apache.http.wire -  << "via: 1.1 fly.io[\r][\n]"
10:07:02.288 [main] DEBUG org.apache.http.wire -  << "fly-request-id: 01GZT2TJWT2VCXVK8JZTCHK070-sin[\r][\n]"
10:07:02.288 [main] DEBUG org.apache.http.wire -  << "[\r][\n]"
10:07:02.288 [main] DEBUG org.apache.http.impl.conn.DefaultClientConnection - Receiving response: HTTP/1.1 404 Not Found
10:07:02.288 [main] DEBUG org.apache.http.headers - << HTTP/1.1 404 Not Found
10:07:02.288 [main] DEBUG org.apache.http.headers - << date: Sun, 07 May 2023 03:07:01 GMT
10:07:02.288 [main] DEBUG org.apache.http.headers - << content-encoding: gzip
10:07:02.288 [main] DEBUG org.apache.http.headers - << content-type: text/plain; charset=utf-8
10:07:02.288 [main] DEBUG org.apache.http.headers - << transfer-encoding: chunked
10:07:02.288 [main] DEBUG org.apache.http.headers - << server: Fly/3f2597ca (2023-05-03)
10:07:02.288 [main] DEBUG org.apache.http.headers - << via: 1.1 fly.io
10:07:02.288 [main] DEBUG org.apache.http.headers - << fly-request-id: 01GZT2TJWT2VCXVK8JZTCHK070-sin
10:07:02.288 [main] DEBUG org.apache.http.impl.client.DefaultHttpClient - Connection can be kept alive indefinitely
10:07:02.288 [main] DEBUG io.restassured.internal.RestAssuredHttpBuilder - Parsing response as: text/plain; charset=utf-8
10:07:02.288 [main] DEBUG org.apache.http.wire -  << "1E[\r][\n]"
10:07:02.288 [main] DEBUG org.apache.http.wire -  << "[0x1f][0x8b][0x8][0x0][0x0][0x0][0x0][0x0][0x4][0xff][0xcb][0xcb]/QH[0xcb]/[0xcd]K[0xe1][0x2][0x0][0xd4]I[0xfa]r[\n]"
10:07:02.288 [main] DEBUG org.apache.http.wire -  << "[0x0][0x0][0x0]"
10:07:02.288 [main] DEBUG org.apache.http.wire -  << "[\r][\n]"
10:07:02.288 [main] DEBUG org.apache.http.wire -  << "0[\r][\n]"
10:07:02.288 [main] DEBUG org.apache.http.wire -  << "[\r][\n]"
10:07:02.288 [main] DEBUG io.restassured.internal.RestAssuredHttpBuilder - Parsed data to instance of: class org.apache.http.conn.EofSensorInputStream
10:07:02.289 [main] DEBUG org.apache.http.impl.conn.BasicClientConnectionManager - Releasing connection org.apache.http.impl.conn.ManagedClientConnectionImpl@722d3ddb
10:07:02.289 [main] DEBUG org.apache.http.impl.conn.BasicClientConnectionManager - Connection can be kept alive indefinitely
10:07:02.290 [main] DEBUG net.thucydides.core.steps.StepInterceptor - STEP DONE: I send GET HTTP request comment2
  &amp#27;[32mWhen &amp#27;[0m&amp#27;[32mI send GET HTTP request comment2&amp#27;[0m               &amp#27;[90m# starter.stepdefinitions.CommentSteps.sendGetHttpRequestComment2()&amp#27;[0m
10:07:02.292 [main] DEBUG net.thucydides.core.steps.StepInterceptor - STARTING STEP: CommentSteps.receiveValidHttp404Rating - Then I receive valid HTTP response code 404 comment
10:07:02.293 [main] DEBUG net.thucydides.core.steps.StepInterceptor - STEP DONE: Then I receive valid HTTP response code 404 comment
  &amp#27;[32mThen &amp#27;[0m&amp#27;[32mI receive valid HTTP response code 404 comment&amp#27;[0m &amp#27;[90m# starter.stepdefinitions.CommentSteps.receiveValidHttp404Rating()&amp#27;[0m
10:07:02.294 [main] INFO  - 
  _____   ___   ___   _____     ___     _     ___   ___   ___   ___  
 |_   _| | __| / __| |_   _|   | _ \   /_\   / __| / __| | __| |   \ 
   | |   | _|  \__ \   | |     |  _/  / _ \  \__ \ \__ \ | _|  | |) |
   |_|   |___| |___/   |_|     |_|   /_/ \_\ |___/ |___/ |___| |___/ 

Get comment with incorrect endpoints
----------------------------------------------------------------------
]]></system-out>
  </testcase>
</testsuite>