<?xml version="1.0" encoding="UTF-8"?>
<testsuite xmlns:xsi="http://www.w3.org/2001/XMLSchema-instance" xsi:noNamespaceSchemaLocation="https://maven.apache.org/surefire/maven-failsafe-plugin/xsd/failsafe-test-report-3.0.xsd" version="3.0" name="starter.CucumberTestSuite" time="13.265" tests="38" errors="0" skipped="0" failures="0">
  <properties>
    <property name="sun.desktop" value="windows"/>
    <property name="awt.toolkit" value="sun.awt.windows.WToolkit"/>
    <property name="java.specification.version" value="11"/>
    <property name="sun.cpu.isalist" value="amd64"/>
    <property name="sun.jnu.encoding" value="Cp1252"/>
    <property name="java.class.path" value="E:\APIMinpro\API\minpro\target\test-classes;C:\Users\user\.m2\repository\net\serenity-bdd\serenity-rest-assured\3.6.22\serenity-rest-assured-3.6.22.jar;C:\Users\user\.m2\repository\org\apache\httpcomponents\httpclient\4.5.13\httpclient-4.5.13.jar;C:\Users\user\.m2\repository\org\apache\httpcomponents\httpcore\4.4.13\httpcore-4.4.13.jar;C:\Users\user\.m2\repository\commons-logging\commons-logging\1.2\commons-logging-1.2.jar;C:\Users\user\.m2\repository\io\rest-assured\rest-assured\5.3.0\rest-assured-5.3.0.jar;C:\Users\user\.m2\repository\org\apache\httpcomponents\httpmime\4.5.13\httpmime-4.5.13.jar;C:\Users\user\.m2\repository\org\ccil\cowan\tagsoup\tagsoup\1.2.1\tagsoup-1.2.1.jar;C:\Users\user\.m2\repository\io\rest-assured\json-path\5.3.0\json-path-5.3.0.jar;C:\Users\user\.m2\repository\io\rest-assured\rest-assured-common\5.3.0\rest-assured-common-5.3.0.jar;C:\Users\user\.m2\repository\io\rest-assured\xml-path\5.3.0\xml-path-5.3.0.jar;C:\Users\user\.m2\repository\org\apache\groovy\groovy-json\4.0.10\groovy-json-4.0.10.jar;C:\Users\user\.m2\repository\org\apache\groovy\groovy-xml\4.0.10\groovy-xml-4.0.10.jar;C:\Users\user\.m2\repository\org\apache\groovy\groovy\4.0.10\groovy-4.0.10.jar;C:\Users\user\.m2\repository\org\opentest4j\opentest4j\1.2.0\opentest4j-1.2.0.jar;C:\Users\user\.m2\repository\net\serenity-bdd\serenity-core\3.6.21\serenity-core-3.6.21.jar;C:\Users\user\.m2\repository\net\serenity-bdd\serenity-model\3.6.21\serenity-model-3.6.21.jar;C:\Users\user\.m2\repository\org\apache\commons\commons-text\1.10.0\commons-text-1.10.0.jar;C:\Users\user\.m2\repository\commons-net\commons-net\3.9.0\commons-net-3.9.0.jar;C:\Users\user\.m2\repository\com\google\guava\guava\31.1-jre\guava-31.1-jre.jar;C:\Users\user\.m2\repository\com\google\guava\failureaccess\1.0.1\failureaccess-1.0.1.jar;C:\Users\user\.m2\repository\com\google\guava\listenablefuture\9999.0-empty-to-avoid-conflict-with-guava\listenablefuture-9999.0-empty-to-avoid-conflict-with-guava.jar;C:\Users\user\.m2\repository\com\google\code\findbugs\jsr305\3.0.2\jsr305-3.0.2.jar;C:\Users\user\.m2\repository\org\checkerframework\checker-qual\3.12.0\checker-qual-3.12.0.jar;C:\Users\user\.m2\repository\com\google\errorprone\error_prone_annotations\2.11.0\error_prone_annotations-2.11.0.jar;C:\Users\user\.m2\repository\com\google\j2objc\j2objc-annotations\1.3\j2objc-annotations-1.3.jar;C:\Users\user\.m2\repository\com\google\inject\guice\5.1.0\guice-5.1.0.jar;C:\Users\user\.m2\repository\javax\inject\javax.inject\1\javax.inject-1.jar;C:\Users\user\.m2\repository\aopalliance\aopalliance\1.0\aopalliance-1.0.jar;C:\Users\user\.m2\repository\org\jsoup\jsoup\1.14.3\jsoup-1.14.3.jar;C:\Users\user\.m2\repository\com\thoughtworks\xstream\xstream\1.4.20\xstream-1.4.20.jar;C:\Users\user\.m2\repository\io\github\x-stream\mxparser\1.2.2\mxparser-1.2.2.jar;C:\Users\user\.m2\repository\xmlpull\xmlpull\1.1.3.1\xmlpull-1.1.3.1.jar;C:\Users\user\.m2\repository\com\typesafe\config\1.4.2\config-1.4.2.jar;C:\Users\user\.m2\repository\org\imgscalr\imgscalr-lib\4.2\imgscalr-lib-4.2.jar;C:\Users\user\.m2\repository\org\awaitility\awaitility\4.2.0\awaitility-4.2.0.jar;C:\Users\user\.m2\repository\org\freemarker\freemarker\2.3.31\freemarker-2.3.31.jar;C:\Users\user\.m2\repository\io\github\classgraph\classgraph\4.8.138\classgraph-4.8.138.jar;C:\Users\user\.m2\repository\net\sourceforge\jexcelapi\jxl\2.6.12\jxl-2.6.12.jar;C:\Users\user\.m2\repository\net\bytebuddy\byte-buddy-agent\1.14.2\byte-buddy-agent-1.14.2.jar;C:\Users\user\.m2\repository\org\objenesis\objenesis\3.3\objenesis-3.3.jar;C:\Users\user\.m2\repository\net\serenity-bdd\serenity-reports\3.6.21\serenity-reports-3.6.21.jar;C:\Users\user\.m2\repository\net\serenity-bdd\serenity-stats\3.6.21\serenity-stats-3.6.21.jar;C:\Users\user\.m2\repository\net\serenity-bdd\serenity-reports-configuration\3.6.21\serenity-reports-configuration-3.6.21.jar;C:\Users\user\.m2\repository\com\vladsch\flexmark\flexmark-all\0.62.2\flexmark-all-0.62.2.jar;C:\Users\user\.m2\repository\com\vladsch\flexmark\flexmark\0.62.2\flexmark-0.62.2.jar;C:\Users\user\.m2\repository\com\vladsch\flexmark\flexmark-ext-abbreviation\0.62.2\flexmark-ext-abbreviation-0.62.2.jar;C:\Users\user\.m2\repository\com\vladsch\flexmark\flexmark-util\0.62.2\flexmark-util-0.62.2.jar;C:\Users\user\.m2\repository\com\vladsch\flexmark\flexmark-ext-admonition\0.62.2\flexmark-ext-admonition-0.62.2.jar;C:\Users\user\.m2\repository\com\vladsch\flexmark\flexmark-ext-anchorlink\0.62.2\flexmark-ext-anchorlink-0.62.2.jar;C:\Users\user\.m2\repository\com\vladsch\flexmark\flexmark-ext-aside\0.62.2\flexmark-ext-aside-0.62.2.jar;C:\Users\user\.m2\repository\com\vladsch\flexmark\flexmark-ext-attributes\0.62.2\flexmark-ext-attributes-0.62.2.jar;C:\Users\user\.m2\repository\com\vladsch\flexmark\flexmark-ext-autolink\0.62.2\flexmark-ext-autolink-0.62.2.jar;C:\Users\user\.m2\repository\org\nibor\autolink\autolink\0.6.0\autolink-0.6.0.jar;C:\Users\user\.m2\repository\com\vladsch\flexmark\flexmark-ext-definition\0.62.2\flexmark-ext-definition-0.62.2.jar;C:\Users\user\.m2\repository\com\vladsch\flexmark\flexmark-ext-emoji\0.62.2\flexmark-ext-emoji-0.62.2.jar;C:\Users\user\.m2\repository\com\vladsch\flexmark\flexmark-ext-enumerated-reference\0.62.2\flexmark-ext-enumerated-reference-0.62.2.jar;C:\Users\user\.m2\repository\com\vladsch\flexmark\flexmark-ext-escaped-character\0.62.2\flexmark-ext-escaped-character-0.62.2.jar;C:\Users\user\.m2\repository\com\vladsch\flexmark\flexmark-ext-footnotes\0.62.2\flexmark-ext-footnotes-0.62.2.jar;C:\Users\user\.m2\repository\com\vladsch\flexmark\flexmark-ext-gfm-issues\0.62.2\flexmark-ext-gfm-issues-0.62.2.jar;C:\Users\user\.m2\repository\com\vladsch\flexmark\flexmark-ext-gfm-strikethrough\0.62.2\flexmark-ext-gfm-strikethrough-0.62.2.jar;C:\Users\user\.m2\repository\com\vladsch\flexmark\flexmark-ext-gfm-tasklist\0.62.2\flexmark-ext-gfm-tasklist-0.62.2.jar;C:\Users\user\.m2\repository\com\vladsch\flexmark\flexmark-ext-gfm-users\0.62.2\flexmark-ext-gfm-users-0.62.2.jar;C:\Users\user\.m2\repository\com\vladsch\flexmark\flexmark-ext-gitlab\0.62.2\flexmark-ext-gitlab-0.62.2.jar;C:\Users\user\.m2\repository\com\vladsch\flexmark\flexmark-ext-jekyll-front-matter\0.62.2\flexmark-ext-jekyll-front-matter-0.62.2.jar;C:\Users\user\.m2\repository\com\vladsch\flexmark\flexmark-ext-jekyll-tag\0.62.2\flexmark-ext-jekyll-tag-0.62.2.jar;C:\Users\user\.m2\repository\com\vladsch\flexmark\flexmark-ext-media-tags\0.62.2\flexmark-ext-media-tags-0.62.2.jar;C:\Users\user\.m2\repository\com\vladsch\flexmark\flexmark-ext-macros\0.62.2\flexmark-ext-macros-0.62.2.jar;C:\Users\user\.m2\repository\com\vladsch\flexmark\flexmark-ext-ins\0.62.2\flexmark-ext-ins-0.62.2.jar;C:\Users\user\.m2\repository\com\vladsch\flexmark\flexmark-ext-xwiki-macros\0.62.2\flexmark-ext-xwiki-macros-0.62.2.jar;C:\Users\user\.m2\repository\com\vladsch\flexmark\flexmark-ext-superscript\0.62.2\flexmark-ext-superscript-0.62.2.jar;C:\Users\user\.m2\repository\com\vladsch\flexmark\flexmark-ext-tables\0.62.2\flexmark-ext-tables-0.62.2.jar;C:\Users\user\.m2\repository\com\vladsch\flexmark\flexmark-ext-toc\0.62.2\flexmark-ext-toc-0.62.2.jar;C:\Users\user\.m2\repository\com\vladsch\flexmark\flexmark-ext-typographic\0.62.2\flexmark-ext-typographic-0.62.2.jar;C:\Users\user\.m2\repository\com\vladsch\flexmark\flexmark-ext-wikilink\0.62.2\flexmark-ext-wikilink-0.62.2.jar;C:\Users\user\.m2\repository\com\vladsch\flexmark\flexmark-ext-yaml-front-matter\0.62.2\flexmark-ext-yaml-front-matter-0.62.2.jar;C:\Users\user\.m2\repository\com\vladsch\flexmark\flexmark-ext-youtube-embedded\0.62.2\flexmark-ext-youtube-embedded-0.62.2.jar;C:\Users\user\.m2\repository\com\vladsch\flexmark\flexmark-html2md-converter\0.62.2\flexmark-html2md-converter-0.62.2.jar;C:\Users\user\.m2\repository\com\vladsch\flexmark\flexmark-jira-converter\0.62.2\flexmark-jira-converter-0.62.2.jar;C:\Users\user\.m2\repository\com\vladsch\flexmark\flexmark-pdf-converter\0.62.2\flexmark-pdf-converter-0.62.2.jar;C:\Users\user\.m2\repository\com\openhtmltopdf\openhtmltopdf-core\1.0.0\openhtmltopdf-core-1.0.0.jar;C:\Users\user\.m2\repository\com\openhtmltopdf\openhtmltopdf-pdfbox\1.0.0\openhtmltopdf-pdfbox-1.0.0.jar;C:\Users\user\.m2\repository\org\apache\pdfbox\pdfbox\2.0.16\pdfbox-2.0.16.jar;C:\Users\user\.m2\repository\org\apache\pdfbox\fontbox\2.0.16\fontbox-2.0.16.jar;C:\Users\user\.m2\repository\org\apache\pdfbox\xmpbox\2.0.16\xmpbox-2.0.16.jar;C:\Users\user\.m2\repository\de\rototor\pdfbox\graphics2d\0.24\graphics2d-0.24.jar;C:\Users\user\.m2\repository\com\openhtmltopdf\openhtmltopdf-rtl-support\1.0.0\openhtmltopdf-rtl-support-1.0.0.jar;C:\Users\user\.m2\repository\com\openhtmltopdf\openhtmltopdf-jsoup-dom-converter\1.0.0\openhtmltopdf-jsoup-dom-converter-1.0.0.jar;C:\Users\user\.m2\repository\com\vladsch\flexmark\flexmark-profile-pegdown\0.62.2\flexmark-profile-pegdown-0.62.2.jar;C:\Users\user\.m2\repository\com\vladsch\flexmark\flexmark-util-ast\0.62.2\flexmark-util-ast-0.62.2.jar;C:\Users\user\.m2\repository\com\vladsch\flexmark\flexmark-util-builder\0.62.2\flexmark-util-builder-0.62.2.jar;C:\Users\user\.m2\repository\com\vladsch\flexmark\flexmark-util-collection\0.62.2\flexmark-util-collection-0.62.2.jar;C:\Users\user\.m2\repository\com\vladsch\flexmark\flexmark-util-data\0.62.2\flexmark-util-data-0.62.2.jar;C:\Users\user\.m2\repository\com\vladsch\flexmark\flexmark-util-dependency\0.62.2\flexmark-util-dependency-0.62.2.jar;C:\Users\user\.m2\repository\com\vladsch\flexmark\flexmark-util-format\0.62.2\flexmark-util-format-0.62.2.jar;C:\Users\user\.m2\repository\com\vladsch\flexmark\flexmark-util-html\0.62.2\flexmark-util-html-0.62.2.jar;C:\Users\user\.m2\repository\com\vladsch\flexmark\flexmark-util-misc\0.62.2\flexmark-util-misc-0.62.2.jar;C:\Users\user\.m2\repository\com\vladsch\flexmark\flexmark-util-options\0.62.2\flexmark-util-options-0.62.2.jar;C:\Users\user\.m2\repository\com\vladsch\flexmark\flexmark-util-sequence\0.62.2\flexmark-util-sequence-0.62.2.jar;C:\Users\user\.m2\repository\com\vladsch\flexmark\flexmark-util-visitor\0.62.2\flexmark-util-visitor-0.62.2.jar;C:\Users\user\.m2\repository\com\vladsch\flexmark\flexmark-youtrack-converter\0.62.2\flexmark-youtrack-converter-0.62.2.jar;C:\Users\user\.m2\repository\com\ibm\icu\icu4j\72.1\icu4j-72.1.jar;C:\Users\user\.m2\repository\es\nitaur\markdown\txtmark\0.16\txtmark-0.16.jar;C:\Users\user\.m2\repository\net\serenity-bdd\serenity-report-resources\3.6.21\serenity-report-resources-3.6.21.jar;C:\Users\user\.m2\repository\com\google\code\gson\gson\2.10.1\gson-2.10.1.jar;C:\Users\user\.m2\repository\com\fasterxml\jackson\core\jackson-core\2.15.0-rc1\jackson-core-2.15.0-rc1.jar;C:\Users\user\.m2\repository\com\fasterxml\jackson\core\jackson-databind\2.15.0-rc1\jackson-databind-2.15.0-rc1.jar;C:\Users\user\.m2\repository\com\fasterxml\jackson\core\jackson-annotations\2.15.0-rc1\jackson-annotations-2.15.0-rc1.jar;C:\Users\user\.m2\repository\commons-codec\commons-codec\1.15\commons-codec-1.15.jar;C:\Users\user\.m2\repository\commons-io\commons-io\2.11.0\commons-io-2.11.0.jar;C:\Users\user\.m2\repository\org\seleniumhq\selenium\selenium-java\4.8.1\selenium-java-4.8.1.jar;C:\Users\user\.m2\repository\org\seleniumhq\selenium\selenium-devtools-v108\4.8.1\selenium-devtools-v108-4.8.1.jar;C:\Users\user\.m2\repository\org\seleniumhq\selenium\selenium-devtools-v109\4.8.1\selenium-devtools-v109-4.8.1.jar;C:\Users\user\.m2\repository\org\seleniumhq\selenium\selenium-devtools-v110\4.8.1\selenium-devtools-v110-4.8.1.jar;C:\Users\user\.m2\repository\org\seleniumhq\selenium\selenium-devtools-v85\4.8.1\selenium-devtools-v85-4.8.1.jar;C:\Users\user\.m2\repository\org\seleniumhq\selenium\selenium-remote-driver\4.8.1\selenium-remote-driver-4.8.1.jar;C:\Users\user\.m2\repository\com\beust\jcommander\1.82\jcommander-1.82.jar;C:\Users\user\.m2\repository\io\netty\netty-buffer\4.1.87.Final\netty-buffer-4.1.87.Final.jar;C:\Users\user\.m2\repository\io\netty\netty-codec-http\4.1.87.Final\netty-codec-http-4.1.87.Final.jar;C:\Users\user\.m2\repository\io\netty\netty-codec\4.1.87.Final\netty-codec-4.1.87.Final.jar;C:\Users\user\.m2\repository\io\netty\netty-handler\4.1.87.Final\netty-handler-4.1.87.Final.jar;C:\Users\user\.m2\repository\io\netty\netty-common\4.1.87.Final\netty-common-4.1.87.Final.jar;C:\Users\user\.m2\repository\io\netty\netty-transport-classes-epoll\4.1.87.Final\netty-transport-classes-epoll-4.1.87.Final.jar;C:\Users\user\.m2\repository\io\netty\netty-transport-classes-kqueue\4.1.87.Final\netty-transport-classes-kqueue-4.1.87.Final.jar;C:\Users\user\.m2\repository\io\netty\netty-transport-native-epoll\4.1.87.Final\netty-transport-native-epoll-4.1.87.Final.jar;C:\Users\user\.m2\repository\io\netty\netty-transport-native-kqueue\4.1.87.Final\netty-transport-native-kqueue-4.1.87.Final.jar;C:\Users\user\.m2\repository\io\netty\netty-transport-native-unix-common\4.1.87.Final\netty-transport-native-unix-common-4.1.87.Final.jar;C:\Users\user\.m2\repository\io\netty\netty-transport\4.1.87.Final\netty-transport-4.1.87.Final.jar;C:\Users\user\.m2\repository\io\netty\netty-resolver\4.1.87.Final\netty-resolver-4.1.87.Final.jar;C:\Users\user\.m2\repository\io\opentelemetry\opentelemetry-api\1.22.0\opentelemetry-api-1.22.0.jar;C:\Users\user\.m2\repository\io\opentelemetry\opentelemetry-context\1.22.0\opentelemetry-context-1.22.0.jar;C:\Users\user\.m2\repository\io\opentelemetry\opentelemetry-exporter-logging\1.22.0\opentelemetry-exporter-logging-1.22.0.jar;C:\Users\user\.m2\repository\io\opentelemetry\opentelemetry-sdk-metrics\1.22.0\opentelemetry-sdk-metrics-1.22.0.jar;C:\Users\user\.m2\repository\io\opentelemetry\opentelemetry-sdk-logs\1.22.0-alpha\opentelemetry-sdk-logs-1.22.0-alpha.jar;C:\Users\user\.m2\repository\io\opentelemetry\opentelemetry-api-logs\1.22.0-alpha\opentelemetry-api-logs-1.22.0-alpha.jar;C:\Users\user\.m2\repository\io\opentelemetry\opentelemetry-sdk-common\1.22.0\opentelemetry-sdk-common-1.22.0.jar;C:\Users\user\.m2\repository\io\opentelemetry\opentelemetry-sdk-extension-autoconfigure-spi\1.22.0\opentelemetry-sdk-extension-autoconfigure-spi-1.22.0.jar;C:\Users\user\.m2\repository\io\opentelemetry\opentelemetry-sdk-extension-autoconfigure\1.22.0-alpha\opentelemetry-sdk-extension-autoconfigure-1.22.0-alpha.jar;C:\Users\user\.m2\repository\io\opentelemetry\opentelemetry-sdk-trace\1.22.0\opentelemetry-sdk-trace-1.22.0.jar;C:\Users\user\.m2\repository\io\opentelemetry\opentelemetry-sdk\1.22.0\opentelemetry-sdk-1.22.0.jar;C:\Users\user\.m2\repository\io\opentelemetry\opentelemetry-semconv\1.22.0-alpha\opentelemetry-semconv-1.22.0-alpha.jar;C:\Users\user\.m2\repository\io\ous\jtoml\2.0.0\jtoml-2.0.0.jar;C:\Users\user\.m2\repository\org\apache\commons\commons-exec\1.3\commons-exec-1.3.jar;C:\Users\user\.m2\repository\org\asynchttpclient\async-http-client\2.12.3\async-http-client-2.12.3.jar;C:\Users\user\.m2\repository\org\asynchttpclient\async-http-client-netty-utils\2.12.3\async-http-client-netty-utils-2.12.3.jar;C:\Users\user\.m2\repository\io\netty\netty-codec-socks\4.1.60.Final\netty-codec-socks-4.1.60.Final.jar;C:\Users\user\.m2\repository\io\netty\netty-handler-proxy\4.1.60.Final\netty-handler-proxy-4.1.60.Final.jar;C:\Users\user\.m2\repository\io\netty\netty-transport-native-epoll\4.1.60.Final\netty-transport-native-epoll-4.1.60.Final-linux-x86_64.jar;C:\Users\user\.m2\repository\io\netty\netty-transport-native-kqueue\4.1.60.Final\netty-transport-native-kqueue-4.1.60.Final-osx-x86_64.jar;C:\Users\user\.m2\repository\org\reactivestreams\reactive-streams\1.0.3\reactive-streams-1.0.3.jar;C:\Users\user\.m2\repository\com\typesafe\netty\netty-reactive-streams\2.0.4\netty-reactive-streams-2.0.4.jar;C:\Users\user\.m2\repository\org\seleniumhq\selenium\selenium-manager\4.8.1\selenium-manager-4.8.1.jar;C:\Users\user\.m2\repository\org\seleniumhq\selenium\selenium-safari-driver\4.8.1\selenium-safari-driver-4.8.1.jar;C:\Users\user\.m2\repository\org\seleniumhq\selenium\selenium-api\4.8.1\selenium-api-4.8.1.jar;C:\Users\user\.m2\repository\org\seleniumhq\selenium\selenium-support\4.8.1\selenium-support-4.8.1.jar;C:\Users\user\.m2\repository\com\google\auto\service\auto-service-annotations\1.0.1\auto-service-annotations-1.0.1.jar;C:\Users\user\.m2\repository\com\google\auto\service\auto-service\1.0.1\auto-service-1.0.1.jar;C:\Users\user\.m2\repository\com\google\auto\auto-common\1.2\auto-common-1.2.jar;C:\Users\user\.m2\repository\org\seleniumhq\selenium\selenium-json\4.8.1\selenium-json-4.8.1.jar;C:\Users\user\.m2\repository\org\seleniumhq\selenium\selenium-chrome-driver\4.8.1\selenium-chrome-driver-4.8.1.jar;C:\Users\user\.m2\repository\org\seleniumhq\selenium\selenium-chromium-driver\4.8.1\selenium-chromium-driver-4.8.1.jar;C:\Users\user\.m2\repository\org\seleniumhq\selenium\selenium-firefox-driver\4.8.1\selenium-firefox-driver-4.8.1.jar;C:\Users\user\.m2\repository\org\seleniumhq\selenium\selenium-http\4.8.1\selenium-http-4.8.1.jar;C:\Users\user\.m2\repository\dev\failsafe\failsafe\3.3.0\failsafe-3.3.0.jar;C:\Users\user\.m2\repository\org\seleniumhq\selenium\selenium-edge-driver\4.8.1\selenium-edge-driver-4.8.1.jar;C:\Users\user\.m2\repository\org\seleniumhq\selenium\selenium-ie-driver\4.8.1\selenium-ie-driver-4.8.1.jar;C:\Users\user\.m2\repository\org\projectlombok\lombok\1.18.20\lombok-1.18.20.jar;C:\Users\user\.m2\repository\io\appium\java-client\8.3.0\java-client-8.3.0.jar;C:\Users\user\.m2\repository\commons-validator\commons-validator\1.7\commons-validator-1.7.jar;C:\Users\user\.m2\repository\commons-digester\commons-digester\2.1\commons-digester-2.1.jar;C:\Users\user\.m2\repository\net\sf\opencsv\opencsv\2.0\opencsv-2.0.jar;C:\Users\user\.m2\repository\commons-beanutils\commons-beanutils\1.9.4\commons-beanutils-1.9.4.jar;C:\Users\user\.m2\repository\org\apache\commons\commons-lang3\3.12.0\commons-lang3-3.12.0.jar;C:\Users\user\.m2\repository\commons-collections\commons-collections\3.2.2\commons-collections-3.2.2.jar;C:\Users\user\.m2\repository\org\fluentlenium\fluentlenium-core\0.10.2\fluentlenium-core-0.10.2.jar;C:\Users\user\.m2\repository\io\github\bonigarcia\webdrivermanager\5.3.0\webdrivermanager-5.3.0.jar;C:\Users\user\.m2\repository\com\github\docker-java\docker-java\3.2.13\docker-java-3.2.13.jar;C:\Users\user\.m2\repository\com\github\docker-java\docker-java-core\3.2.13\docker-java-core-3.2.13.jar;C:\Users\user\.m2\repository\com\github\docker-java\docker-java-api\3.2.13\docker-java-api-3.2.13.jar;C:\Users\user\.m2\repository\org\apache\commons\commons-compress\1.21\commons-compress-1.21.jar;C:\Users\user\.m2\repository\org\bouncycastle\bcpkix-jdk15on\1.64\bcpkix-jdk15on-1.64.jar;C:\Users\user\.m2\repository\org\bouncycastle\bcprov-jdk15on\1.64\bcprov-jdk15on-1.64.jar;C:\Users\user\.m2\repository\org\slf4j\jcl-over-slf4j\1.7.30\jcl-over-slf4j-1.7.30.jar;C:\Users\user\.m2\repository\com\github\docker-java\docker-java-transport-httpclient5\3.2.13\docker-java-transport-httpclient5-3.2.13.jar;C:\Users\user\.m2\repository\com\github\docker-java\docker-java-transport\3.2.13\docker-java-transport-3.2.13.jar;C:\Users\user\.m2\repository\net\java\dev\jna\jna\5.8.0\jna-5.8.0.jar;C:\Users\user\.m2\repository\org\brotli\dec\0.1.2\dec-0.1.2.jar;C:\Users\user\.m2\repository\org\apache\httpcomponents\client5\httpclient5\5.1.3\httpclient5-5.1.3.jar;C:\Users\user\.m2\repository\org\apache\httpcomponents\core5\httpcore5\5.1.3\httpcore5-5.1.3.jar;C:\Users\user\.m2\repository\org\apache\httpcomponents\core5\httpcore5-h2\5.1.3\httpcore5-h2-5.1.3.jar;C:\Users\user\.m2\repository\com\jhlabs\filters\2.0.235\filters-2.0.235.jar;C:\Users\user\.m2\repository\com\paulhammant\ngwebdriver\1.1.6\ngwebdriver-1.1.6.jar;C:\Users\user\.m2\repository\joda-time\joda-time\2.12.2\joda-time-2.12.2.jar;C:\Users\user\.m2\repository\org\hamcrest\hamcrest\2.2\hamcrest-2.2.jar;C:\Users\user\.m2\repository\com\google\jimfs\jimfs\1.2\jimfs-1.2.jar;C:\Users\user\.m2\repository\org\mockito\mockito-core\3.3.3\mockito-core-3.3.3.jar;C:\Users\user\.m2\repository\javax\xml\bind\jaxb-api\2.3.1\jaxb-api-2.3.1.jar;C:\Users\user\.m2\repository\javax\activation\javax.activation-api\1.2.0\javax.activation-api-1.2.0.jar;C:\Users\user\.m2\repository\com\sun\xml\bind\jaxb-core\2.3.0.1\jaxb-core-2.3.0.1.jar;C:\Users\user\.m2\repository\com\sun\xml\bind\jaxb-impl\2.3.3\jaxb-impl-2.3.3.jar;C:\Users\user\.m2\repository\jakarta\xml\bind\jakarta.xml.bind-api\2.3.3\jakarta.xml.bind-api-2.3.3.jar;C:\Users\user\.m2\repository\com\sun\activation\jakarta.activation\1.2.2\jakarta.activation-1.2.2.jar;C:\Users\user\.m2\repository\javax\activation\activation\1.1.1\activation-1.1.1.jar;C:\Users\user\.m2\repository\net\serenity-bdd\serenity-cucumber\3.6.21\serenity-cucumber-3.6.21.jar;C:\Users\user\.m2\repository\io\cucumber\cucumber-core\7.11.0\cucumber-core-7.11.0.jar;C:\Users\user\.m2\repository\io\cucumber\cucumber-gherkin\7.11.0\cucumber-gherkin-7.11.0.jar;C:\Users\user\.m2\repository\io\cucumber\cucumber-gherkin-messages\7.11.0\cucumber-gherkin-messages-7.11.0.jar;C:\Users\user\.m2\repository\io\cucumber\gherkin\26.0.3\gherkin-26.0.3.jar;C:\Users\user\.m2\repository\io\cucumber\messages\21.0.1\messages-21.0.1.jar;C:\Users\user\.m2\repository\io\cucumber\tag-expressions\5.0.1\tag-expressions-5.0.1.jar;C:\Users\user\.m2\repository\io\cucumber\cucumber-expressions\16.1.1\cucumber-expressions-16.1.1.jar;C:\Users\user\.m2\repository\io\cucumber\datatable\7.11.0\datatable-7.11.0.jar;C:\Users\user\.m2\repository\io\cucumber\cucumber-plugin\7.11.0\cucumber-plugin-7.11.0.jar;C:\Users\user\.m2\repository\io\cucumber\docstring\7.11.0\docstring-7.11.0.jar;C:\Users\user\.m2\repository\io\cucumber\html-formatter\20.2.1\html-formatter-20.2.1.jar;C:\Users\user\.m2\repository\io\cucumber\junit-xml-formatter\0.1.0\junit-xml-formatter-0.1.0.jar;C:\Users\user\.m2\repository\io\cucumber\ci-environment\9.1.0\ci-environment-9.1.0.jar;C:\Users\user\.m2\repository\io\cucumber\cucumber-java\7.11.0\cucumber-java-7.11.0.jar;C:\Users\user\.m2\repository\io\cucumber\cucumber-junit\7.11.0\cucumber-junit-7.11.0.jar;C:\Users\user\.m2\repository\org\apache\commons\commons-csv\1.5\commons-csv-1.5.jar;C:\Users\user\.m2\repository\net\serenity-bdd\serenity-screenplay\3.6.21\serenity-screenplay-3.6.21.jar;C:\Users\user\.m2\repository\net\serenity-bdd\serenity-screenplay-webdriver\3.6.21\serenity-screenplay-webdriver-3.6.21.jar;C:\Users\user\.m2\repository\net\serenity-bdd\serenity-ensure\3.6.21\serenity-ensure-3.6.21.jar;C:\Users\user\.m2\repository\net\serenity-bdd\serenity-junit\3.6.21\serenity-junit-3.6.21.jar;C:\Users\user\.m2\repository\org\jetbrains\kotlin\kotlin-stdlib\1.8.10\kotlin-stdlib-1.8.10.jar;C:\Users\user\.m2\repository\org\jetbrains\kotlin\kotlin-stdlib-common\1.8.10\kotlin-stdlib-common-1.8.10.jar;C:\Users\user\.m2\repository\org\jetbrains\annotations\13.0\annotations-13.0.jar;C:\Users\user\.m2\repository\org\junit\platform\junit-platform-launcher\1.8.2\junit-platform-launcher-1.8.2.jar;C:\Users\user\.m2\repository\org\junit\platform\junit-platform-engine\1.8.2\junit-platform-engine-1.8.2.jar;C:\Users\user\.m2\repository\org\junit\platform\junit-platform-commons\1.8.2\junit-platform-commons-1.8.2.jar;C:\Users\user\.m2\repository\org\apiguardian\apiguardian-api\1.1.2\apiguardian-api-1.1.2.jar;C:\Users\user\.m2\repository\org\junit\jupiter\junit-jupiter-engine\5.8.2\junit-jupiter-engine-5.8.2.jar;C:\Users\user\.m2\repository\org\junit\jupiter\junit-jupiter-api\5.8.2\junit-jupiter-api-5.8.2.jar;C:\Users\user\.m2\repository\org\junit\vintage\junit-vintage-engine\5.8.2\junit-vintage-engine-5.8.2.jar;C:\Users\user\.m2\repository\junit\junit\4.13.2\junit-4.13.2.jar;C:\Users\user\.m2\repository\org\hamcrest\hamcrest-core\1.3\hamcrest-core-1.3.jar;C:\Users\user\.m2\repository\ch\qos\logback\logback-classic\1.2.10\logback-classic-1.2.10.jar;C:\Users\user\.m2\repository\ch\qos\logback\logback-core\1.2.10\logback-core-1.2.10.jar;C:\Users\user\.m2\repository\org\slf4j\slf4j-api\1.7.32\slf4j-api-1.7.32.jar;C:\Users\user\.m2\repository\org\assertj\assertj-core\3.23.1\assertj-core-3.23.1.jar;C:\Users\user\.m2\repository\net\bytebuddy\byte-buddy\1.12.10\byte-buddy-1.12.10.jar;C:\Users\user\.m2\repository\com\googlecode\json-simple\json-simple\1.1.1\json-simple-1.1.1.jar;"/>
    <property name="java.vm.vendor" value="Oracle Corporation"/>
    <property name="sun.arch.data.model" value="64"/>
    <property name="user.variant" value=""/>
    <property name="java.vendor.url" value="https://openjdk.java.net/"/>
    <property name="user.timezone" value="Asia/Bangkok"/>
    <property name="java.vm.specification.version" value="11"/>
    <property name="os.name" value="Windows 10"/>
    <property name="sun.java.launcher" value="SUN_STANDARD"/>
    <property name="user.country" value="ID"/>
    <property name="sun.boot.library.path" value="C:\Program Files\Java\jdk-11.0.15.1\bin"/>
    <property name="sun.java.command" value="org.apache.maven.surefire.booter.ForkedBooter C:\Users\user\AppData\Local\Temp\surefire8732702163095082944 2023-05-08T15-04-27_135-jvmRun1 surefire15353389570610079249tmp surefire_010856353255396535638tmp"/>
    <property name="jdk.debug" value="release"/>
    <property name="surefire.test.class.path" value="E:\APIMinpro\API\minpro\target\test-classes;C:\Users\user\.m2\repository\net\serenity-bdd\serenity-rest-assured\3.6.22\serenity-rest-assured-3.6.22.jar;C:\Users\user\.m2\repository\org\apache\httpcomponents\httpclient\4.5.13\httpclient-4.5.13.jar;C:\Users\user\.m2\repository\org\apache\httpcomponents\httpcore\4.4.13\httpcore-4.4.13.jar;C:\Users\user\.m2\repository\commons-logging\commons-logging\1.2\commons-logging-1.2.jar;C:\Users\user\.m2\repository\io\rest-assured\rest-assured\5.3.0\rest-assured-5.3.0.jar;C:\Users\user\.m2\repository\org\apache\httpcomponents\httpmime\4.5.13\httpmime-4.5.13.jar;C:\Users\user\.m2\repository\org\ccil\cowan\tagsoup\tagsoup\1.2.1\tagsoup-1.2.1.jar;C:\Users\user\.m2\repository\io\rest-assured\json-path\5.3.0\json-path-5.3.0.jar;C:\Users\user\.m2\repository\io\rest-assured\rest-assured-common\5.3.0\rest-assured-common-5.3.0.jar;C:\Users\user\.m2\repository\io\rest-assured\xml-path\5.3.0\xml-path-5.3.0.jar;C:\Users\user\.m2\repository\org\apache\groovy\groovy-json\4.0.10\groovy-json-4.0.10.jar;C:\Users\user\.m2\repository\org\apache\groovy\groovy-xml\4.0.10\groovy-xml-4.0.10.jar;C:\Users\user\.m2\repository\org\apache\groovy\groovy\4.0.10\groovy-4.0.10.jar;C:\Users\user\.m2\repository\org\opentest4j\opentest4j\1.2.0\opentest4j-1.2.0.jar;C:\Users\user\.m2\repository\net\serenity-bdd\serenity-core\3.6.21\serenity-core-3.6.21.jar;C:\Users\user\.m2\repository\net\serenity-bdd\serenity-model\3.6.21\serenity-model-3.6.21.jar;C:\Users\user\.m2\repository\org\apache\commons\commons-text\1.10.0\commons-text-1.10.0.jar;C:\Users\user\.m2\repository\commons-net\commons-net\3.9.0\commons-net-3.9.0.jar;C:\Users\user\.m2\repository\com\google\guava\guava\31.1-jre\guava-31.1-jre.jar;C:\Users\user\.m2\repository\com\google\guava\failureaccess\1.0.1\failureaccess-1.0.1.jar;C:\Users\user\.m2\repository\com\google\guava\listenablefuture\9999.0-empty-to-avoid-conflict-with-guava\listenablefuture-9999.0-empty-to-avoid-conflict-with-guava.jar;C:\Users\user\.m2\repository\com\google\code\findbugs\jsr305\3.0.2\jsr305-3.0.2.jar;C:\Users\user\.m2\repository\org\checkerframework\checker-qual\3.12.0\checker-qual-3.12.0.jar;C:\Users\user\.m2\repository\com\google\errorprone\error_prone_annotations\2.11.0\error_prone_annotations-2.11.0.jar;C:\Users\user\.m2\repository\com\google\j2objc\j2objc-annotations\1.3\j2objc-annotations-1.3.jar;C:\Users\user\.m2\repository\com\google\inject\guice\5.1.0\guice-5.1.0.jar;C:\Users\user\.m2\repository\javax\inject\javax.inject\1\javax.inject-1.jar;C:\Users\user\.m2\repository\aopalliance\aopalliance\1.0\aopalliance-1.0.jar;C:\Users\user\.m2\repository\org\jsoup\jsoup\1.14.3\jsoup-1.14.3.jar;C:\Users\user\.m2\repository\com\thoughtworks\xstream\xstream\1.4.20\xstream-1.4.20.jar;C:\Users\user\.m2\repository\io\github\x-stream\mxparser\1.2.2\mxparser-1.2.2.jar;C:\Users\user\.m2\repository\xmlpull\xmlpull\1.1.3.1\xmlpull-1.1.3.1.jar;C:\Users\user\.m2\repository\com\typesafe\config\1.4.2\config-1.4.2.jar;C:\Users\user\.m2\repository\org\imgscalr\imgscalr-lib\4.2\imgscalr-lib-4.2.jar;C:\Users\user\.m2\repository\org\awaitility\awaitility\4.2.0\awaitility-4.2.0.jar;C:\Users\user\.m2\repository\org\freemarker\freemarker\2.3.31\freemarker-2.3.31.jar;C:\Users\user\.m2\repository\io\github\classgraph\classgraph\4.8.138\classgraph-4.8.138.jar;C:\Users\user\.m2\repository\net\sourceforge\jexcelapi\jxl\2.6.12\jxl-2.6.12.jar;C:\Users\user\.m2\repository\net\bytebuddy\byte-buddy-agent\1.14.2\byte-buddy-agent-1.14.2.jar;C:\Users\user\.m2\repository\org\objenesis\objenesis\3.3\objenesis-3.3.jar;C:\Users\user\.m2\repository\net\serenity-bdd\serenity-reports\3.6.21\serenity-reports-3.6.21.jar;C:\Users\user\.m2\repository\net\serenity-bdd\serenity-stats\3.6.21\serenity-stats-3.6.21.jar;C:\Users\user\.m2\repository\net\serenity-bdd\serenity-reports-configuration\3.6.21\serenity-reports-configuration-3.6.21.jar;C:\Users\user\.m2\repository\com\vladsch\flexmark\flexmark-all\0.62.2\flexmark-all-0.62.2.jar;C:\Users\user\.m2\repository\com\vladsch\flexmark\flexmark\0.62.2\flexmark-0.62.2.jar;C:\Users\user\.m2\repository\com\vladsch\flexmark\flexmark-ext-abbreviation\0.62.2\flexmark-ext-abbreviation-0.62.2.jar;C:\Users\user\.m2\repository\com\vladsch\flexmark\flexmark-util\0.62.2\flexmark-util-0.62.2.jar;C:\Users\user\.m2\repository\com\vladsch\flexmark\flexmark-ext-admonition\0.62.2\flexmark-ext-admonition-0.62.2.jar;C:\Users\user\.m2\repository\com\vladsch\flexmark\flexmark-ext-anchorlink\0.62.2\flexmark-ext-anchorlink-0.62.2.jar;C:\Users\user\.m2\repository\com\vladsch\flexmark\flexmark-ext-aside\0.62.2\flexmark-ext-aside-0.62.2.jar;C:\Users\user\.m2\repository\com\vladsch\flexmark\flexmark-ext-attributes\0.62.2\flexmark-ext-attributes-0.62.2.jar;C:\Users\user\.m2\repository\com\vladsch\flexmark\flexmark-ext-autolink\0.62.2\flexmark-ext-autolink-0.62.2.jar;C:\Users\user\.m2\repository\org\nibor\autolink\autolink\0.6.0\autolink-0.6.0.jar;C:\Users\user\.m2\repository\com\vladsch\flexmark\flexmark-ext-definition\0.62.2\flexmark-ext-definition-0.62.2.jar;C:\Users\user\.m2\repository\com\vladsch\flexmark\flexmark-ext-emoji\0.62.2\flexmark-ext-emoji-0.62.2.jar;C:\Users\user\.m2\repository\com\vladsch\flexmark\flexmark-ext-enumerated-reference\0.62.2\flexmark-ext-enumerated-reference-0.62.2.jar;C:\Users\user\.m2\repository\com\vladsch\flexmark\flexmark-ext-escaped-character\0.62.2\flexmark-ext-escaped-character-0.62.2.jar;C:\Users\user\.m2\repository\com\vladsch\flexmark\flexmark-ext-footnotes\0.62.2\flexmark-ext-footnotes-0.62.2.jar;C:\Users\user\.m2\repository\com\vladsch\flexmark\flexmark-ext-gfm-issues\0.62.2\flexmark-ext-gfm-issues-0.62.2.jar;C:\Users\user\.m2\repository\com\vladsch\flexmark\flexmark-ext-gfm-strikethrough\0.62.2\flexmark-ext-gfm-strikethrough-0.62.2.jar;C:\Users\user\.m2\repository\com\vladsch\flexmark\flexmark-ext-gfm-tasklist\0.62.2\flexmark-ext-gfm-tasklist-0.62.2.jar;C:\Users\user\.m2\repository\com\vladsch\flexmark\flexmark-ext-gfm-users\0.62.2\flexmark-ext-gfm-users-0.62.2.jar;C:\Users\user\.m2\repository\com\vladsch\flexmark\flexmark-ext-gitlab\0.62.2\flexmark-ext-gitlab-0.62.2.jar;C:\Users\user\.m2\repository\com\vladsch\flexmark\flexmark-ext-jekyll-front-matter\0.62.2\flexmark-ext-jekyll-front-matter-0.62.2.jar;C:\Users\user\.m2\repository\com\vladsch\flexmark\flexmark-ext-jekyll-tag\0.62.2\flexmark-ext-jekyll-tag-0.62.2.jar;C:\Users\user\.m2\repository\com\vladsch\flexmark\flexmark-ext-media-tags\0.62.2\flexmark-ext-media-tags-0.62.2.jar;C:\Users\user\.m2\repository\com\vladsch\flexmark\flexmark-ext-macros\0.62.2\flexmark-ext-macros-0.62.2.jar;C:\Users\user\.m2\repository\com\vladsch\flexmark\flexmark-ext-ins\0.62.2\flexmark-ext-ins-0.62.2.jar;C:\Users\user\.m2\repository\com\vladsch\flexmark\flexmark-ext-xwiki-macros\0.62.2\flexmark-ext-xwiki-macros-0.62.2.jar;C:\Users\user\.m2\repository\com\vladsch\flexmark\flexmark-ext-superscript\0.62.2\flexmark-ext-superscript-0.62.2.jar;C:\Users\user\.m2\repository\com\vladsch\flexmark\flexmark-ext-tables\0.62.2\flexmark-ext-tables-0.62.2.jar;C:\Users\user\.m2\repository\com\vladsch\flexmark\flexmark-ext-toc\0.62.2\flexmark-ext-toc-0.62.2.jar;C:\Users\user\.m2\repository\com\vladsch\flexmark\flexmark-ext-typographic\0.62.2\flexmark-ext-typographic-0.62.2.jar;C:\Users\user\.m2\repository\com\vladsch\flexmark\flexmark-ext-wikilink\0.62.2\flexmark-ext-wikilink-0.62.2.jar;C:\Users\user\.m2\repository\com\vladsch\flexmark\flexmark-ext-yaml-front-matter\0.62.2\flexmark-ext-yaml-front-matter-0.62.2.jar;C:\Users\user\.m2\repository\com\vladsch\flexmark\flexmark-ext-youtube-embedded\0.62.2\flexmark-ext-youtube-embedded-0.62.2.jar;C:\Users\user\.m2\repository\com\vladsch\flexmark\flexmark-html2md-converter\0.62.2\flexmark-html2md-converter-0.62.2.jar;C:\Users\user\.m2\repository\com\vladsch\flexmark\flexmark-jira-converter\0.62.2\flexmark-jira-converter-0.62.2.jar;C:\Users\user\.m2\repository\com\vladsch\flexmark\flexmark-pdf-converter\0.62.2\flexmark-pdf-converter-0.62.2.jar;C:\Users\user\.m2\repository\com\openhtmltopdf\openhtmltopdf-core\1.0.0\openhtmltopdf-core-1.0.0.jar;C:\Users\user\.m2\repository\com\openhtmltopdf\openhtmltopdf-pdfbox\1.0.0\openhtmltopdf-pdfbox-1.0.0.jar;C:\Users\user\.m2\repository\org\apache\pdfbox\pdfbox\2.0.16\pdfbox-2.0.16.jar;C:\Users\user\.m2\repository\org\apache\pdfbox\fontbox\2.0.16\fontbox-2.0.16.jar;C:\Users\user\.m2\repository\org\apache\pdfbox\xmpbox\2.0.16\xmpbox-2.0.16.jar;C:\Users\user\.m2\repository\de\rototor\pdfbox\graphics2d\0.24\graphics2d-0.24.jar;C:\Users\user\.m2\repository\com\openhtmltopdf\openhtmltopdf-rtl-support\1.0.0\openhtmltopdf-rtl-support-1.0.0.jar;C:\Users\user\.m2\repository\com\openhtmltopdf\openhtmltopdf-jsoup-dom-converter\1.0.0\openhtmltopdf-jsoup-dom-converter-1.0.0.jar;C:\Users\user\.m2\repository\com\vladsch\flexmark\flexmark-profile-pegdown\0.62.2\flexmark-profile-pegdown-0.62.2.jar;C:\Users\user\.m2\repository\com\vladsch\flexmark\flexmark-util-ast\0.62.2\flexmark-util-ast-0.62.2.jar;C:\Users\user\.m2\repository\com\vladsch\flexmark\flexmark-util-builder\0.62.2\flexmark-util-builder-0.62.2.jar;C:\Users\user\.m2\repository\com\vladsch\flexmark\flexmark-util-collection\0.62.2\flexmark-util-collection-0.62.2.jar;C:\Users\user\.m2\repository\com\vladsch\flexmark\flexmark-util-data\0.62.2\flexmark-util-data-0.62.2.jar;C:\Users\user\.m2\repository\com\vladsch\flexmark\flexmark-util-dependency\0.62.2\flexmark-util-dependency-0.62.2.jar;C:\Users\user\.m2\repository\com\vladsch\flexmark\flexmark-util-format\0.62.2\flexmark-util-format-0.62.2.jar;C:\Users\user\.m2\repository\com\vladsch\flexmark\flexmark-util-html\0.62.2\flexmark-util-html-0.62.2.jar;C:\Users\user\.m2\repository\com\vladsch\flexmark\flexmark-util-misc\0.62.2\flexmark-util-misc-0.62.2.jar;C:\Users\user\.m2\repository\com\vladsch\flexmark\flexmark-util-options\0.62.2\flexmark-util-options-0.62.2.jar;C:\Users\user\.m2\repository\com\vladsch\flexmark\flexmark-util-sequence\0.62.2\flexmark-util-sequence-0.62.2.jar;C:\Users\user\.m2\repository\com\vladsch\flexmark\flexmark-util-visitor\0.62.2\flexmark-util-visitor-0.62.2.jar;C:\Users\user\.m2\repository\com\vladsch\flexmark\flexmark-youtrack-converter\0.62.2\flexmark-youtrack-converter-0.62.2.jar;C:\Users\user\.m2\repository\com\ibm\icu\icu4j\72.1\icu4j-72.1.jar;C:\Users\user\.m2\repository\es\nitaur\markdown\txtmark\0.16\txtmark-0.16.jar;C:\Users\user\.m2\repository\net\serenity-bdd\serenity-report-resources\3.6.21\serenity-report-resources-3.6.21.jar;C:\Users\user\.m2\repository\com\google\code\gson\gson\2.10.1\gson-2.10.1.jar;C:\Users\user\.m2\repository\com\fasterxml\jackson\core\jackson-core\2.15.0-rc1\jackson-core-2.15.0-rc1.jar;C:\Users\user\.m2\repository\com\fasterxml\jackson\core\jackson-databind\2.15.0-rc1\jackson-databind-2.15.0-rc1.jar;C:\Users\user\.m2\repository\com\fasterxml\jackson\core\jackson-annotations\2.15.0-rc1\jackson-annotations-2.15.0-rc1.jar;C:\Users\user\.m2\repository\commons-codec\commons-codec\1.15\commons-codec-1.15.jar;C:\Users\user\.m2\repository\commons-io\commons-io\2.11.0\commons-io-2.11.0.jar;C:\Users\user\.m2\repository\org\seleniumhq\selenium\selenium-java\4.8.1\selenium-java-4.8.1.jar;C:\Users\user\.m2\repository\org\seleniumhq\selenium\selenium-devtools-v108\4.8.1\selenium-devtools-v108-4.8.1.jar;C:\Users\user\.m2\repository\org\seleniumhq\selenium\selenium-devtools-v109\4.8.1\selenium-devtools-v109-4.8.1.jar;C:\Users\user\.m2\repository\org\seleniumhq\selenium\selenium-devtools-v110\4.8.1\selenium-devtools-v110-4.8.1.jar;C:\Users\user\.m2\repository\org\seleniumhq\selenium\selenium-devtools-v85\4.8.1\selenium-devtools-v85-4.8.1.jar;C:\Users\user\.m2\repository\org\seleniumhq\selenium\selenium-remote-driver\4.8.1\selenium-remote-driver-4.8.1.jar;C:\Users\user\.m2\repository\com\beust\jcommander\1.82\jcommander-1.82.jar;C:\Users\user\.m2\repository\io\netty\netty-buffer\4.1.87.Final\netty-buffer-4.1.87.Final.jar;C:\Users\user\.m2\repository\io\netty\netty-codec-http\4.1.87.Final\netty-codec-http-4.1.87.Final.jar;C:\Users\user\.m2\repository\io\netty\netty-codec\4.1.87.Final\netty-codec-4.1.87.Final.jar;C:\Users\user\.m2\repository\io\netty\netty-handler\4.1.87.Final\netty-handler-4.1.87.Final.jar;C:\Users\user\.m2\repository\io\netty\netty-common\4.1.87.Final\netty-common-4.1.87.Final.jar;C:\Users\user\.m2\repository\io\netty\netty-transport-classes-epoll\4.1.87.Final\netty-transport-classes-epoll-4.1.87.Final.jar;C:\Users\user\.m2\repository\io\netty\netty-transport-classes-kqueue\4.1.87.Final\netty-transport-classes-kqueue-4.1.87.Final.jar;C:\Users\user\.m2\repository\io\netty\netty-transport-native-epoll\4.1.87.Final\netty-transport-native-epoll-4.1.87.Final.jar;C:\Users\user\.m2\repository\io\netty\netty-transport-native-kqueue\4.1.87.Final\netty-transport-native-kqueue-4.1.87.Final.jar;C:\Users\user\.m2\repository\io\netty\netty-transport-native-unix-common\4.1.87.Final\netty-transport-native-unix-common-4.1.87.Final.jar;C:\Users\user\.m2\repository\io\netty\netty-transport\4.1.87.Final\netty-transport-4.1.87.Final.jar;C:\Users\user\.m2\repository\io\netty\netty-resolver\4.1.87.Final\netty-resolver-4.1.87.Final.jar;C:\Users\user\.m2\repository\io\opentelemetry\opentelemetry-api\1.22.0\opentelemetry-api-1.22.0.jar;C:\Users\user\.m2\repository\io\opentelemetry\opentelemetry-context\1.22.0\opentelemetry-context-1.22.0.jar;C:\Users\user\.m2\repository\io\opentelemetry\opentelemetry-exporter-logging\1.22.0\opentelemetry-exporter-logging-1.22.0.jar;C:\Users\user\.m2\repository\io\opentelemetry\opentelemetry-sdk-metrics\1.22.0\opentelemetry-sdk-metrics-1.22.0.jar;C:\Users\user\.m2\repository\io\opentelemetry\opentelemetry-sdk-logs\1.22.0-alpha\opentelemetry-sdk-logs-1.22.0-alpha.jar;C:\Users\user\.m2\repository\io\opentelemetry\opentelemetry-api-logs\1.22.0-alpha\opentelemetry-api-logs-1.22.0-alpha.jar;C:\Users\user\.m2\repository\io\opentelemetry\opentelemetry-sdk-common\1.22.0\opentelemetry-sdk-common-1.22.0.jar;C:\Users\user\.m2\repository\io\opentelemetry\opentelemetry-sdk-extension-autoconfigure-spi\1.22.0\opentelemetry-sdk-extension-autoconfigure-spi-1.22.0.jar;C:\Users\user\.m2\repository\io\opentelemetry\opentelemetry-sdk-extension-autoconfigure\1.22.0-alpha\opentelemetry-sdk-extension-autoconfigure-1.22.0-alpha.jar;C:\Users\user\.m2\repository\io\opentelemetry\opentelemetry-sdk-trace\1.22.0\opentelemetry-sdk-trace-1.22.0.jar;C:\Users\user\.m2\repository\io\opentelemetry\opentelemetry-sdk\1.22.0\opentelemetry-sdk-1.22.0.jar;C:\Users\user\.m2\repository\io\opentelemetry\opentelemetry-semconv\1.22.0-alpha\opentelemetry-semconv-1.22.0-alpha.jar;C:\Users\user\.m2\repository\io\ous\jtoml\2.0.0\jtoml-2.0.0.jar;C:\Users\user\.m2\repository\org\apache\commons\commons-exec\1.3\commons-exec-1.3.jar;C:\Users\user\.m2\repository\org\asynchttpclient\async-http-client\2.12.3\async-http-client-2.12.3.jar;C:\Users\user\.m2\repository\org\asynchttpclient\async-http-client-netty-utils\2.12.3\async-http-client-netty-utils-2.12.3.jar;C:\Users\user\.m2\repository\io\netty\netty-codec-socks\4.1.60.Final\netty-codec-socks-4.1.60.Final.jar;C:\Users\user\.m2\repository\io\netty\netty-handler-proxy\4.1.60.Final\netty-handler-proxy-4.1.60.Final.jar;C:\Users\user\.m2\repository\io\netty\netty-transport-native-epoll\4.1.60.Final\netty-transport-native-epoll-4.1.60.Final-linux-x86_64.jar;C:\Users\user\.m2\repository\io\netty\netty-transport-native-kqueue\4.1.60.Final\netty-transport-native-kqueue-4.1.60.Final-osx-x86_64.jar;C:\Users\user\.m2\repository\org\reactivestreams\reactive-streams\1.0.3\reactive-streams-1.0.3.jar;C:\Users\user\.m2\repository\com\typesafe\netty\netty-reactive-streams\2.0.4\netty-reactive-streams-2.0.4.jar;C:\Users\user\.m2\repository\org\seleniumhq\selenium\selenium-manager\4.8.1\selenium-manager-4.8.1.jar;C:\Users\user\.m2\repository\org\seleniumhq\selenium\selenium-safari-driver\4.8.1\selenium-safari-driver-4.8.1.jar;C:\Users\user\.m2\repository\org\seleniumhq\selenium\selenium-api\4.8.1\selenium-api-4.8.1.jar;C:\Users\user\.m2\repository\org\seleniumhq\selenium\selenium-support\4.8.1\selenium-support-4.8.1.jar;C:\Users\user\.m2\repository\com\google\auto\service\auto-service-annotations\1.0.1\auto-service-annotations-1.0.1.jar;C:\Users\user\.m2\repository\com\google\auto\service\auto-service\1.0.1\auto-service-1.0.1.jar;C:\Users\user\.m2\repository\com\google\auto\auto-common\1.2\auto-common-1.2.jar;C:\Users\user\.m2\repository\org\seleniumhq\selenium\selenium-json\4.8.1\selenium-json-4.8.1.jar;C:\Users\user\.m2\repository\org\seleniumhq\selenium\selenium-chrome-driver\4.8.1\selenium-chrome-driver-4.8.1.jar;C:\Users\user\.m2\repository\org\seleniumhq\selenium\selenium-chromium-driver\4.8.1\selenium-chromium-driver-4.8.1.jar;C:\Users\user\.m2\repository\org\seleniumhq\selenium\selenium-firefox-driver\4.8.1\selenium-firefox-driver-4.8.1.jar;C:\Users\user\.m2\repository\org\seleniumhq\selenium\selenium-http\4.8.1\selenium-http-4.8.1.jar;C:\Users\user\.m2\repository\dev\failsafe\failsafe\3.3.0\failsafe-3.3.0.jar;C:\Users\user\.m2\repository\org\seleniumhq\selenium\selenium-edge-driver\4.8.1\selenium-edge-driver-4.8.1.jar;C:\Users\user\.m2\repository\org\seleniumhq\selenium\selenium-ie-driver\4.8.1\selenium-ie-driver-4.8.1.jar;C:\Users\user\.m2\repository\org\projectlombok\lombok\1.18.20\lombok-1.18.20.jar;C:\Users\user\.m2\repository\io\appium\java-client\8.3.0\java-client-8.3.0.jar;C:\Users\user\.m2\repository\commons-validator\commons-validator\1.7\commons-validator-1.7.jar;C:\Users\user\.m2\repository\commons-digester\commons-digester\2.1\commons-digester-2.1.jar;C:\Users\user\.m2\repository\net\sf\opencsv\opencsv\2.0\opencsv-2.0.jar;C:\Users\user\.m2\repository\commons-beanutils\commons-beanutils\1.9.4\commons-beanutils-1.9.4.jar;C:\Users\user\.m2\repository\org\apache\commons\commons-lang3\3.12.0\commons-lang3-3.12.0.jar;C:\Users\user\.m2\repository\commons-collections\commons-collections\3.2.2\commons-collections-3.2.2.jar;C:\Users\user\.m2\repository\org\fluentlenium\fluentlenium-core\0.10.2\fluentlenium-core-0.10.2.jar;C:\Users\user\.m2\repository\io\github\bonigarcia\webdrivermanager\5.3.0\webdrivermanager-5.3.0.jar;C:\Users\user\.m2\repository\com\github\docker-java\docker-java\3.2.13\docker-java-3.2.13.jar;C:\Users\user\.m2\repository\com\github\docker-java\docker-java-core\3.2.13\docker-java-core-3.2.13.jar;C:\Users\user\.m2\repository\com\github\docker-java\docker-java-api\3.2.13\docker-java-api-3.2.13.jar;C:\Users\user\.m2\repository\org\apache\commons\commons-compress\1.21\commons-compress-1.21.jar;C:\Users\user\.m2\repository\org\bouncycastle\bcpkix-jdk15on\1.64\bcpkix-jdk15on-1.64.jar;C:\Users\user\.m2\repository\org\bouncycastle\bcprov-jdk15on\1.64\bcprov-jdk15on-1.64.jar;C:\Users\user\.m2\repository\org\slf4j\jcl-over-slf4j\1.7.30\jcl-over-slf4j-1.7.30.jar;C:\Users\user\.m2\repository\com\github\docker-java\docker-java-transport-httpclient5\3.2.13\docker-java-transport-httpclient5-3.2.13.jar;C:\Users\user\.m2\repository\com\github\docker-java\docker-java-transport\3.2.13\docker-java-transport-3.2.13.jar;C:\Users\user\.m2\repository\net\java\dev\jna\jna\5.8.0\jna-5.8.0.jar;C:\Users\user\.m2\repository\org\brotli\dec\0.1.2\dec-0.1.2.jar;C:\Users\user\.m2\repository\org\apache\httpcomponents\client5\httpclient5\5.1.3\httpclient5-5.1.3.jar;C:\Users\user\.m2\repository\org\apache\httpcomponents\core5\httpcore5\5.1.3\httpcore5-5.1.3.jar;C:\Users\user\.m2\repository\org\apache\httpcomponents\core5\httpcore5-h2\5.1.3\httpcore5-h2-5.1.3.jar;C:\Users\user\.m2\repository\com\jhlabs\filters\2.0.235\filters-2.0.235.jar;C:\Users\user\.m2\repository\com\paulhammant\ngwebdriver\1.1.6\ngwebdriver-1.1.6.jar;C:\Users\user\.m2\repository\joda-time\joda-time\2.12.2\joda-time-2.12.2.jar;C:\Users\user\.m2\repository\org\hamcrest\hamcrest\2.2\hamcrest-2.2.jar;C:\Users\user\.m2\repository\com\google\jimfs\jimfs\1.2\jimfs-1.2.jar;C:\Users\user\.m2\repository\org\mockito\mockito-core\3.3.3\mockito-core-3.3.3.jar;C:\Users\user\.m2\repository\javax\xml\bind\jaxb-api\2.3.1\jaxb-api-2.3.1.jar;C:\Users\user\.m2\repository\javax\activation\javax.activation-api\1.2.0\javax.activation-api-1.2.0.jar;C:\Users\user\.m2\repository\com\sun\xml\bind\jaxb-core\2.3.0.1\jaxb-core-2.3.0.1.jar;C:\Users\user\.m2\repository\com\sun\xml\bind\jaxb-impl\2.3.3\jaxb-impl-2.3.3.jar;C:\Users\user\.m2\repository\jakarta\xml\bind\jakarta.xml.bind-api\2.3.3\jakarta.xml.bind-api-2.3.3.jar;C:\Users\user\.m2\repository\com\sun\activation\jakarta.activation\1.2.2\jakarta.activation-1.2.2.jar;C:\Users\user\.m2\repository\javax\activation\activation\1.1.1\activation-1.1.1.jar;C:\Users\user\.m2\repository\net\serenity-bdd\serenity-cucumber\3.6.21\serenity-cucumber-3.6.21.jar;C:\Users\user\.m2\repository\io\cucumber\cucumber-core\7.11.0\cucumber-core-7.11.0.jar;C:\Users\user\.m2\repository\io\cucumber\cucumber-gherkin\7.11.0\cucumber-gherkin-7.11.0.jar;C:\Users\user\.m2\repository\io\cucumber\cucumber-gherkin-messages\7.11.0\cucumber-gherkin-messages-7.11.0.jar;C:\Users\user\.m2\repository\io\cucumber\gherkin\26.0.3\gherkin-26.0.3.jar;C:\Users\user\.m2\repository\io\cucumber\messages\21.0.1\messages-21.0.1.jar;C:\Users\user\.m2\repository\io\cucumber\tag-expressions\5.0.1\tag-expressions-5.0.1.jar;C:\Users\user\.m2\repository\io\cucumber\cucumber-expressions\16.1.1\cucumber-expressions-16.1.1.jar;C:\Users\user\.m2\repository\io\cucumber\datatable\7.11.0\datatable-7.11.0.jar;C:\Users\user\.m2\repository\io\cucumber\cucumber-plugin\7.11.0\cucumber-plugin-7.11.0.jar;C:\Users\user\.m2\repository\io\cucumber\docstring\7.11.0\docstring-7.11.0.jar;C:\Users\user\.m2\repository\io\cucumber\html-formatter\20.2.1\html-formatter-20.2.1.jar;C:\Users\user\.m2\repository\io\cucumber\junit-xml-formatter\0.1.0\junit-xml-formatter-0.1.0.jar;C:\Users\user\.m2\repository\io\cucumber\ci-environment\9.1.0\ci-environment-9.1.0.jar;C:\Users\user\.m2\repository\io\cucumber\cucumber-java\7.11.0\cucumber-java-7.11.0.jar;C:\Users\user\.m2\repository\io\cucumber\cucumber-junit\7.11.0\cucumber-junit-7.11.0.jar;C:\Users\user\.m2\repository\org\apache\commons\commons-csv\1.5\commons-csv-1.5.jar;C:\Users\user\.m2\repository\net\serenity-bdd\serenity-screenplay\3.6.21\serenity-screenplay-3.6.21.jar;C:\Users\user\.m2\repository\net\serenity-bdd\serenity-screenplay-webdriver\3.6.21\serenity-screenplay-webdriver-3.6.21.jar;C:\Users\user\.m2\repository\net\serenity-bdd\serenity-ensure\3.6.21\serenity-ensure-3.6.21.jar;C:\Users\user\.m2\repository\net\serenity-bdd\serenity-junit\3.6.21\serenity-junit-3.6.21.jar;C:\Users\user\.m2\repository\org\jetbrains\kotlin\kotlin-stdlib\1.8.10\kotlin-stdlib-1.8.10.jar;C:\Users\user\.m2\repository\org\jetbrains\kotlin\kotlin-stdlib-common\1.8.10\kotlin-stdlib-common-1.8.10.jar;C:\Users\user\.m2\repository\org\jetbrains\annotations\13.0\annotations-13.0.jar;C:\Users\user\.m2\repository\org\junit\platform\junit-platform-launcher\1.8.2\junit-platform-launcher-1.8.2.jar;C:\Users\user\.m2\repository\org\junit\platform\junit-platform-engine\1.8.2\junit-platform-engine-1.8.2.jar;C:\Users\user\.m2\repository\org\junit\platform\junit-platform-commons\1.8.2\junit-platform-commons-1.8.2.jar;C:\Users\user\.m2\repository\org\apiguardian\apiguardian-api\1.1.2\apiguardian-api-1.1.2.jar;C:\Users\user\.m2\repository\org\junit\jupiter\junit-jupiter-engine\5.8.2\junit-jupiter-engine-5.8.2.jar;C:\Users\user\.m2\repository\org\junit\jupiter\junit-jupiter-api\5.8.2\junit-jupiter-api-5.8.2.jar;C:\Users\user\.m2\repository\org\junit\vintage\junit-vintage-engine\5.8.2\junit-vintage-engine-5.8.2.jar;C:\Users\user\.m2\repository\junit\junit\4.13.2\junit-4.13.2.jar;C:\Users\user\.m2\repository\org\hamcrest\hamcrest-core\1.3\hamcrest-core-1.3.jar;C:\Users\user\.m2\repository\ch\qos\logback\logback-classic\1.2.10\logback-classic-1.2.10.jar;C:\Users\user\.m2\repository\ch\qos\logback\logback-core\1.2.10\logback-core-1.2.10.jar;C:\Users\user\.m2\repository\org\slf4j\slf4j-api\1.7.32\slf4j-api-1.7.32.jar;C:\Users\user\.m2\repository\org\assertj\assertj-core\3.23.1\assertj-core-3.23.1.jar;C:\Users\user\.m2\repository\net\bytebuddy\byte-buddy\1.12.10\byte-buddy-1.12.10.jar;C:\Users\user\.m2\repository\com\googlecode\json-simple\json-simple\1.1.1\json-simple-1.1.1.jar;"/>
    <property name="sun.cpu.endian" value="little"/>
    <property name="user.home" value="C:\Users\user"/>
    <property name="user.language" value="en"/>
    <property name="java.specification.vendor" value="Oracle Corporation"/>
    <property name="jdk.module.path" value="E:\APIMinpro\API\minpro\target\minpro-1.0-SNAPSHOT.jar"/>
    <property name="java.version.date" value="2022-04-22"/>
    <property name="java.home" value="C:\Program Files\Java\jdk-11.0.15.1"/>
    <property name="file.separator" value="\"/>
    <property name="basedir" value="E:\APIMinpro\API\minpro"/>
    <property name="java.vm.compressedOopsMode" value="Zero based"/>
    <property name="line.separator" value="&#10;"/>
    <property name="java.specification.name" value="Java Platform API Specification"/>
    <property name="java.vm.specification.vendor" value="Oracle Corporation"/>
    <property name="java.awt.graphicsenv" value="sun.awt.Win32GraphicsEnvironment"/>
    <property name="surefire.real.class.path" value="C:\Users\user\.m2\repository\org\apache\maven\surefire\surefire-booter\3.0.0-M5\surefire-booter-3.0.0-M5.jar;C:\Users\user\.m2\repository\org\apache\maven\surefire\surefire-api\3.0.0-M5\surefire-api-3.0.0-M5.jar;C:\Users\user\.m2\repository\org\apache\maven\surefire\surefire-logger-api\3.0.0-M5\surefire-logger-api-3.0.0-M5.jar;C:\Users\user\.m2\repository\org\apache\maven\surefire\surefire-shared-utils\3.0.0-M4\surefire-shared-utils-3.0.0-M4.jar;C:\Users\user\.m2\repository\org\apache\maven\surefire\surefire-extensions-spi\3.0.0-M5\surefire-extensions-spi-3.0.0-M5.jar;E:\APIMinpro\API\minpro\target\test-classes;C:\Users\user\.m2\repository\net\serenity-bdd\serenity-rest-assured\3.6.22\serenity-rest-assured-3.6.22.jar;C:\Users\user\.m2\repository\org\apache\httpcomponents\httpclient\4.5.13\httpclient-4.5.13.jar;C:\Users\user\.m2\repository\org\apache\httpcomponents\httpcore\4.4.13\httpcore-4.4.13.jar;C:\Users\user\.m2\repository\commons-logging\commons-logging\1.2\commons-logging-1.2.jar;C:\Users\user\.m2\repository\io\rest-assured\rest-assured\5.3.0\rest-assured-5.3.0.jar;C:\Users\user\.m2\repository\org\apache\httpcomponents\httpmime\4.5.13\httpmime-4.5.13.jar;C:\Users\user\.m2\repository\org\ccil\cowan\tagsoup\tagsoup\1.2.1\tagsoup-1.2.1.jar;C:\Users\user\.m2\repository\io\rest-assured\json-path\5.3.0\json-path-5.3.0.jar;C:\Users\user\.m2\repository\io\rest-assured\rest-assured-common\5.3.0\rest-assured-common-5.3.0.jar;C:\Users\user\.m2\repository\io\rest-assured\xml-path\5.3.0\xml-path-5.3.0.jar;C:\Users\user\.m2\repository\org\apache\groovy\groovy-json\4.0.10\groovy-json-4.0.10.jar;C:\Users\user\.m2\repository\org\apache\groovy\groovy-xml\4.0.10\groovy-xml-4.0.10.jar;C:\Users\user\.m2\repository\org\apache\groovy\groovy\4.0.10\groovy-4.0.10.jar;C:\Users\user\.m2\repository\org\opentest4j\opentest4j\1.2.0\opentest4j-1.2.0.jar;C:\Users\user\.m2\repository\net\serenity-bdd\serenity-core\3.6.21\serenity-core-3.6.21.jar;C:\Users\user\.m2\repository\net\serenity-bdd\serenity-model\3.6.21\serenity-model-3.6.21.jar;C:\Users\user\.m2\repository\org\apache\commons\commons-text\1.10.0\commons-text-1.10.0.jar;C:\Users\user\.m2\repository\commons-net\commons-net\3.9.0\commons-net-3.9.0.jar;C:\Users\user\.m2\repository\com\google\guava\guava\31.1-jre\guava-31.1-jre.jar;C:\Users\user\.m2\repository\com\google\guava\failureaccess\1.0.1\failureaccess-1.0.1.jar;C:\Users\user\.m2\repository\com\google\guava\listenablefuture\9999.0-empty-to-avoid-conflict-with-guava\listenablefuture-9999.0-empty-to-avoid-conflict-with-guava.jar;C:\Users\user\.m2\repository\com\google\code\findbugs\jsr305\3.0.2\jsr305-3.0.2.jar;C:\Users\user\.m2\repository\org\checkerframework\checker-qual\3.12.0\checker-qual-3.12.0.jar;C:\Users\user\.m2\repository\com\google\errorprone\error_prone_annotations\2.11.0\error_prone_annotations-2.11.0.jar;C:\Users\user\.m2\repository\com\google\j2objc\j2objc-annotations\1.3\j2objc-annotations-1.3.jar;C:\Users\user\.m2\repository\com\google\inject\guice\5.1.0\guice-5.1.0.jar;C:\Users\user\.m2\repository\javax\inject\javax.inject\1\javax.inject-1.jar;C:\Users\user\.m2\repository\aopalliance\aopalliance\1.0\aopalliance-1.0.jar;C:\Users\user\.m2\repository\org\jsoup\jsoup\1.14.3\jsoup-1.14.3.jar;C:\Users\user\.m2\repository\com\thoughtworks\xstream\xstream\1.4.20\xstream-1.4.20.jar;C:\Users\user\.m2\repository\io\github\x-stream\mxparser\1.2.2\mxparser-1.2.2.jar;C:\Users\user\.m2\repository\xmlpull\xmlpull\1.1.3.1\xmlpull-1.1.3.1.jar;C:\Users\user\.m2\repository\com\typesafe\config\1.4.2\config-1.4.2.jar;C:\Users\user\.m2\repository\org\imgscalr\imgscalr-lib\4.2\imgscalr-lib-4.2.jar;C:\Users\user\.m2\repository\org\awaitility\awaitility\4.2.0\awaitility-4.2.0.jar;C:\Users\user\.m2\repository\org\freemarker\freemarker\2.3.31\freemarker-2.3.31.jar;C:\Users\user\.m2\repository\io\github\classgraph\classgraph\4.8.138\classgraph-4.8.138.jar;C:\Users\user\.m2\repository\net\sourceforge\jexcelapi\jxl\2.6.12\jxl-2.6.12.jar;C:\Users\user\.m2\repository\net\bytebuddy\byte-buddy-agent\1.14.2\byte-buddy-agent-1.14.2.jar;C:\Users\user\.m2\repository\org\objenesis\objenesis\3.3\objenesis-3.3.jar;C:\Users\user\.m2\repository\net\serenity-bdd\serenity-reports\3.6.21\serenity-reports-3.6.21.jar;C:\Users\user\.m2\repository\net\serenity-bdd\serenity-stats\3.6.21\serenity-stats-3.6.21.jar;C:\Users\user\.m2\repository\net\serenity-bdd\serenity-reports-configuration\3.6.21\serenity-reports-configuration-3.6.21.jar;C:\Users\user\.m2\repository\com\vladsch\flexmark\flexmark-all\0.62.2\flexmark-all-0.62.2.jar;C:\Users\user\.m2\repository\com\vladsch\flexmark\flexmark\0.62.2\flexmark-0.62.2.jar;C:\Users\user\.m2\repository\com\vladsch\flexmark\flexmark-ext-abbreviation\0.62.2\flexmark-ext-abbreviation-0.62.2.jar;C:\Users\user\.m2\repository\com\vladsch\flexmark\flexmark-util\0.62.2\flexmark-util-0.62.2.jar;C:\Users\user\.m2\repository\com\vladsch\flexmark\flexmark-ext-admonition\0.62.2\flexmark-ext-admonition-0.62.2.jar;C:\Users\user\.m2\repository\com\vladsch\flexmark\flexmark-ext-anchorlink\0.62.2\flexmark-ext-anchorlink-0.62.2.jar;C:\Users\user\.m2\repository\com\vladsch\flexmark\flexmark-ext-aside\0.62.2\flexmark-ext-aside-0.62.2.jar;C:\Users\user\.m2\repository\com\vladsch\flexmark\flexmark-ext-attributes\0.62.2\flexmark-ext-attributes-0.62.2.jar;C:\Users\user\.m2\repository\com\vladsch\flexmark\flexmark-ext-autolink\0.62.2\flexmark-ext-autolink-0.62.2.jar;C:\Users\user\.m2\repository\org\nibor\autolink\autolink\0.6.0\autolink-0.6.0.jar;C:\Users\user\.m2\repository\com\vladsch\flexmark\flexmark-ext-definition\0.62.2\flexmark-ext-definition-0.62.2.jar;C:\Users\user\.m2\repository\com\vladsch\flexmark\flexmark-ext-emoji\0.62.2\flexmark-ext-emoji-0.62.2.jar;C:\Users\user\.m2\repository\com\vladsch\flexmark\flexmark-ext-enumerated-reference\0.62.2\flexmark-ext-enumerated-reference-0.62.2.jar;C:\Users\user\.m2\repository\com\vladsch\flexmark\flexmark-ext-escaped-character\0.62.2\flexmark-ext-escaped-character-0.62.2.jar;C:\Users\user\.m2\repository\com\vladsch\flexmark\flexmark-ext-footnotes\0.62.2\flexmark-ext-footnotes-0.62.2.jar;C:\Users\user\.m2\repository\com\vladsch\flexmark\flexmark-ext-gfm-issues\0.62.2\flexmark-ext-gfm-issues-0.62.2.jar;C:\Users\user\.m2\repository\com\vladsch\flexmark\flexmark-ext-gfm-strikethrough\0.62.2\flexmark-ext-gfm-strikethrough-0.62.2.jar;C:\Users\user\.m2\repository\com\vladsch\flexmark\flexmark-ext-gfm-tasklist\0.62.2\flexmark-ext-gfm-tasklist-0.62.2.jar;C:\Users\user\.m2\repository\com\vladsch\flexmark\flexmark-ext-gfm-users\0.62.2\flexmark-ext-gfm-users-0.62.2.jar;C:\Users\user\.m2\repository\com\vladsch\flexmark\flexmark-ext-gitlab\0.62.2\flexmark-ext-gitlab-0.62.2.jar;C:\Users\user\.m2\repository\com\vladsch\flexmark\flexmark-ext-jekyll-front-matter\0.62.2\flexmark-ext-jekyll-front-matter-0.62.2.jar;C:\Users\user\.m2\repository\com\vladsch\flexmark\flexmark-ext-jekyll-tag\0.62.2\flexmark-ext-jekyll-tag-0.62.2.jar;C:\Users\user\.m2\repository\com\vladsch\flexmark\flexmark-ext-media-tags\0.62.2\flexmark-ext-media-tags-0.62.2.jar;C:\Users\user\.m2\repository\com\vladsch\flexmark\flexmark-ext-macros\0.62.2\flexmark-ext-macros-0.62.2.jar;C:\Users\user\.m2\repository\com\vladsch\flexmark\flexmark-ext-ins\0.62.2\flexmark-ext-ins-0.62.2.jar;C:\Users\user\.m2\repository\com\vladsch\flexmark\flexmark-ext-xwiki-macros\0.62.2\flexmark-ext-xwiki-macros-0.62.2.jar;C:\Users\user\.m2\repository\com\vladsch\flexmark\flexmark-ext-superscript\0.62.2\flexmark-ext-superscript-0.62.2.jar;C:\Users\user\.m2\repository\com\vladsch\flexmark\flexmark-ext-tables\0.62.2\flexmark-ext-tables-0.62.2.jar;C:\Users\user\.m2\repository\com\vladsch\flexmark\flexmark-ext-toc\0.62.2\flexmark-ext-toc-0.62.2.jar;C:\Users\user\.m2\repository\com\vladsch\flexmark\flexmark-ext-typographic\0.62.2\flexmark-ext-typographic-0.62.2.jar;C:\Users\user\.m2\repository\com\vladsch\flexmark\flexmark-ext-wikilink\0.62.2\flexmark-ext-wikilink-0.62.2.jar;C:\Users\user\.m2\repository\com\vladsch\flexmark\flexmark-ext-yaml-front-matter\0.62.2\flexmark-ext-yaml-front-matter-0.62.2.jar;C:\Users\user\.m2\repository\com\vladsch\flexmark\flexmark-ext-youtube-embedded\0.62.2\flexmark-ext-youtube-embedded-0.62.2.jar;C:\Users\user\.m2\repository\com\vladsch\flexmark\flexmark-html2md-converter\0.62.2\flexmark-html2md-converter-0.62.2.jar;C:\Users\user\.m2\repository\com\vladsch\flexmark\flexmark-jira-converter\0.62.2\flexmark-jira-converter-0.62.2.jar;C:\Users\user\.m2\repository\com\vladsch\flexmark\flexmark-pdf-converter\0.62.2\flexmark-pdf-converter-0.62.2.jar;C:\Users\user\.m2\repository\com\openhtmltopdf\openhtmltopdf-core\1.0.0\openhtmltopdf-core-1.0.0.jar;C:\Users\user\.m2\repository\com\openhtmltopdf\openhtmltopdf-pdfbox\1.0.0\openhtmltopdf-pdfbox-1.0.0.jar;C:\Users\user\.m2\repository\org\apache\pdfbox\pdfbox\2.0.16\pdfbox-2.0.16.jar;C:\Users\user\.m2\repository\org\apache\pdfbox\fontbox\2.0.16\fontbox-2.0.16.jar;C:\Users\user\.m2\repository\org\apache\pdfbox\xmpbox\2.0.16\xmpbox-2.0.16.jar;C:\Users\user\.m2\repository\de\rototor\pdfbox\graphics2d\0.24\graphics2d-0.24.jar;C:\Users\user\.m2\repository\com\openhtmltopdf\openhtmltopdf-rtl-support\1.0.0\openhtmltopdf-rtl-support-1.0.0.jar;C:\Users\user\.m2\repository\com\openhtmltopdf\openhtmltopdf-jsoup-dom-converter\1.0.0\openhtmltopdf-jsoup-dom-converter-1.0.0.jar;C:\Users\user\.m2\repository\com\vladsch\flexmark\flexmark-profile-pegdown\0.62.2\flexmark-profile-pegdown-0.62.2.jar;C:\Users\user\.m2\repository\com\vladsch\flexmark\flexmark-util-ast\0.62.2\flexmark-util-ast-0.62.2.jar;C:\Users\user\.m2\repository\com\vladsch\flexmark\flexmark-util-builder\0.62.2\flexmark-util-builder-0.62.2.jar;C:\Users\user\.m2\repository\com\vladsch\flexmark\flexmark-util-collection\0.62.2\flexmark-util-collection-0.62.2.jar;C:\Users\user\.m2\repository\com\vladsch\flexmark\flexmark-util-data\0.62.2\flexmark-util-data-0.62.2.jar;C:\Users\user\.m2\repository\com\vladsch\flexmark\flexmark-util-dependency\0.62.2\flexmark-util-dependency-0.62.2.jar;C:\Users\user\.m2\repository\com\vladsch\flexmark\flexmark-util-format\0.62.2\flexmark-util-format-0.62.2.jar;C:\Users\user\.m2\repository\com\vladsch\flexmark\flexmark-util-html\0.62.2\flexmark-util-html-0.62.2.jar;C:\Users\user\.m2\repository\com\vladsch\flexmark\flexmark-util-misc\0.62.2\flexmark-util-misc-0.62.2.jar;C:\Users\user\.m2\repository\com\vladsch\flexmark\flexmark-util-options\0.62.2\flexmark-util-options-0.62.2.jar;C:\Users\user\.m2\repository\com\vladsch\flexmark\flexmark-util-sequence\0.62.2\flexmark-util-sequence-0.62.2.jar;C:\Users\user\.m2\repository\com\vladsch\flexmark\flexmark-util-visitor\0.62.2\flexmark-util-visitor-0.62.2.jar;C:\Users\user\.m2\repository\com\vladsch\flexmark\flexmark-youtrack-converter\0.62.2\flexmark-youtrack-converter-0.62.2.jar;C:\Users\user\.m2\repository\com\ibm\icu\icu4j\72.1\icu4j-72.1.jar;C:\Users\user\.m2\repository\es\nitaur\markdown\txtmark\0.16\txtmark-0.16.jar;C:\Users\user\.m2\repository\net\serenity-bdd\serenity-report-resources\3.6.21\serenity-report-resources-3.6.21.jar;C:\Users\user\.m2\repository\com\google\code\gson\gson\2.10.1\gson-2.10.1.jar;C:\Users\user\.m2\repository\com\fasterxml\jackson\core\jackson-core\2.15.0-rc1\jackson-core-2.15.0-rc1.jar;C:\Users\user\.m2\repository\com\fasterxml\jackson\core\jackson-databind\2.15.0-rc1\jackson-databind-2.15.0-rc1.jar;C:\Users\user\.m2\repository\com\fasterxml\jackson\core\jackson-annotations\2.15.0-rc1\jackson-annotations-2.15.0-rc1.jar;C:\Users\user\.m2\repository\commons-codec\commons-codec\1.15\commons-codec-1.15.jar;C:\Users\user\.m2\repository\commons-io\commons-io\2.11.0\commons-io-2.11.0.jar;C:\Users\user\.m2\repository\org\seleniumhq\selenium\selenium-java\4.8.1\selenium-java-4.8.1.jar;C:\Users\user\.m2\repository\org\seleniumhq\selenium\selenium-devtools-v108\4.8.1\selenium-devtools-v108-4.8.1.jar;C:\Users\user\.m2\repository\org\seleniumhq\selenium\selenium-devtools-v109\4.8.1\selenium-devtools-v109-4.8.1.jar;C:\Users\user\.m2\repository\org\seleniumhq\selenium\selenium-devtools-v110\4.8.1\selenium-devtools-v110-4.8.1.jar;C:\Users\user\.m2\repository\org\seleniumhq\selenium\selenium-devtools-v85\4.8.1\selenium-devtools-v85-4.8.1.jar;C:\Users\user\.m2\repository\org\seleniumhq\selenium\selenium-remote-driver\4.8.1\selenium-remote-driver-4.8.1.jar;C:\Users\user\.m2\repository\com\beust\jcommander\1.82\jcommander-1.82.jar;C:\Users\user\.m2\repository\io\netty\netty-buffer\4.1.87.Final\netty-buffer-4.1.87.Final.jar;C:\Users\user\.m2\repository\io\netty\netty-codec-http\4.1.87.Final\netty-codec-http-4.1.87.Final.jar;C:\Users\user\.m2\repository\io\netty\netty-codec\4.1.87.Final\netty-codec-4.1.87.Final.jar;C:\Users\user\.m2\repository\io\netty\netty-handler\4.1.87.Final\netty-handler-4.1.87.Final.jar;C:\Users\user\.m2\repository\io\netty\netty-common\4.1.87.Final\netty-common-4.1.87.Final.jar;C:\Users\user\.m2\repository\io\netty\netty-transport-classes-epoll\4.1.87.Final\netty-transport-classes-epoll-4.1.87.Final.jar;C:\Users\user\.m2\repository\io\netty\netty-transport-classes-kqueue\4.1.87.Final\netty-transport-classes-kqueue-4.1.87.Final.jar;C:\Users\user\.m2\repository\io\netty\netty-transport-native-epoll\4.1.87.Final\netty-transport-native-epoll-4.1.87.Final.jar;C:\Users\user\.m2\repository\io\netty\netty-transport-native-kqueue\4.1.87.Final\netty-transport-native-kqueue-4.1.87.Final.jar;C:\Users\user\.m2\repository\io\netty\netty-transport-native-unix-common\4.1.87.Final\netty-transport-native-unix-common-4.1.87.Final.jar;C:\Users\user\.m2\repository\io\netty\netty-transport\4.1.87.Final\netty-transport-4.1.87.Final.jar;C:\Users\user\.m2\repository\io\netty\netty-resolver\4.1.87.Final\netty-resolver-4.1.87.Final.jar;C:\Users\user\.m2\repository\io\opentelemetry\opentelemetry-api\1.22.0\opentelemetry-api-1.22.0.jar;C:\Users\user\.m2\repository\io\opentelemetry\opentelemetry-context\1.22.0\opentelemetry-context-1.22.0.jar;C:\Users\user\.m2\repository\io\opentelemetry\opentelemetry-exporter-logging\1.22.0\opentelemetry-exporter-logging-1.22.0.jar;C:\Users\user\.m2\repository\io\opentelemetry\opentelemetry-sdk-metrics\1.22.0\opentelemetry-sdk-metrics-1.22.0.jar;C:\Users\user\.m2\repository\io\opentelemetry\opentelemetry-sdk-logs\1.22.0-alpha\opentelemetry-sdk-logs-1.22.0-alpha.jar;C:\Users\user\.m2\repository\io\opentelemetry\opentelemetry-api-logs\1.22.0-alpha\opentelemetry-api-logs-1.22.0-alpha.jar;C:\Users\user\.m2\repository\io\opentelemetry\opentelemetry-sdk-common\1.22.0\opentelemetry-sdk-common-1.22.0.jar;C:\Users\user\.m2\repository\io\opentelemetry\opentelemetry-sdk-extension-autoconfigure-spi\1.22.0\opentelemetry-sdk-extension-autoconfigure-spi-1.22.0.jar;C:\Users\user\.m2\repository\io\opentelemetry\opentelemetry-sdk-extension-autoconfigure\1.22.0-alpha\opentelemetry-sdk-extension-autoconfigure-1.22.0-alpha.jar;C:\Users\user\.m2\repository\io\opentelemetry\opentelemetry-sdk-trace\1.22.0\opentelemetry-sdk-trace-1.22.0.jar;C:\Users\user\.m2\repository\io\opentelemetry\opentelemetry-sdk\1.22.0\opentelemetry-sdk-1.22.0.jar;C:\Users\user\.m2\repository\io\opentelemetry\opentelemetry-semconv\1.22.0-alpha\opentelemetry-semconv-1.22.0-alpha.jar;C:\Users\user\.m2\repository\io\ous\jtoml\2.0.0\jtoml-2.0.0.jar;C:\Users\user\.m2\repository\org\apache\commons\commons-exec\1.3\commons-exec-1.3.jar;C:\Users\user\.m2\repository\org\asynchttpclient\async-http-client\2.12.3\async-http-client-2.12.3.jar;C:\Users\user\.m2\repository\org\asynchttpclient\async-http-client-netty-utils\2.12.3\async-http-client-netty-utils-2.12.3.jar;C:\Users\user\.m2\repository\io\netty\netty-codec-socks\4.1.60.Final\netty-codec-socks-4.1.60.Final.jar;C:\Users\user\.m2\repository\io\netty\netty-handler-proxy\4.1.60.Final\netty-handler-proxy-4.1.60.Final.jar;C:\Users\user\.m2\repository\io\netty\netty-transport-native-epoll\4.1.60.Final\netty-transport-native-epoll-4.1.60.Final-linux-x86_64.jar;C:\Users\user\.m2\repository\io\netty\netty-transport-native-kqueue\4.1.60.Final\netty-transport-native-kqueue-4.1.60.Final-osx-x86_64.jar;C:\Users\user\.m2\repository\org\reactivestreams\reactive-streams\1.0.3\reactive-streams-1.0.3.jar;C:\Users\user\.m2\repository\com\typesafe\netty\netty-reactive-streams\2.0.4\netty-reactive-streams-2.0.4.jar;C:\Users\user\.m2\repository\org\seleniumhq\selenium\selenium-manager\4.8.1\selenium-manager-4.8.1.jar;C:\Users\user\.m2\repository\org\seleniumhq\selenium\selenium-safari-driver\4.8.1\selenium-safari-driver-4.8.1.jar;C:\Users\user\.m2\repository\org\seleniumhq\selenium\selenium-api\4.8.1\selenium-api-4.8.1.jar;C:\Users\user\.m2\repository\org\seleniumhq\selenium\selenium-support\4.8.1\selenium-support-4.8.1.jar;C:\Users\user\.m2\repository\com\google\auto\service\auto-service-annotations\1.0.1\auto-service-annotations-1.0.1.jar;C:\Users\user\.m2\repository\com\google\auto\service\auto-service\1.0.1\auto-service-1.0.1.jar;C:\Users\user\.m2\repository\com\google\auto\auto-common\1.2\auto-common-1.2.jar;C:\Users\user\.m2\repository\org\seleniumhq\selenium\selenium-json\4.8.1\selenium-json-4.8.1.jar;C:\Users\user\.m2\repository\org\seleniumhq\selenium\selenium-chrome-driver\4.8.1\selenium-chrome-driver-4.8.1.jar;C:\Users\user\.m2\repository\org\seleniumhq\selenium\selenium-chromium-driver\4.8.1\selenium-chromium-driver-4.8.1.jar;C:\Users\user\.m2\repository\org\seleniumhq\selenium\selenium-firefox-driver\4.8.1\selenium-firefox-driver-4.8.1.jar;C:\Users\user\.m2\repository\org\seleniumhq\selenium\selenium-http\4.8.1\selenium-http-4.8.1.jar;C:\Users\user\.m2\repository\dev\failsafe\failsafe\3.3.0\failsafe-3.3.0.jar;C:\Users\user\.m2\repository\org\seleniumhq\selenium\selenium-edge-driver\4.8.1\selenium-edge-driver-4.8.1.jar;C:\Users\user\.m2\repository\org\seleniumhq\selenium\selenium-ie-driver\4.8.1\selenium-ie-driver-4.8.1.jar;C:\Users\user\.m2\repository\org\projectlombok\lombok\1.18.20\lombok-1.18.20.jar;C:\Users\user\.m2\repository\io\appium\java-client\8.3.0\java-client-8.3.0.jar;C:\Users\user\.m2\repository\commons-validator\commons-validator\1.7\commons-validator-1.7.jar;C:\Users\user\.m2\repository\commons-digester\commons-digester\2.1\commons-digester-2.1.jar;C:\Users\user\.m2\repository\net\sf\opencsv\opencsv\2.0\opencsv-2.0.jar;C:\Users\user\.m2\repository\commons-beanutils\commons-beanutils\1.9.4\commons-beanutils-1.9.4.jar;C:\Users\user\.m2\repository\org\apache\commons\commons-lang3\3.12.0\commons-lang3-3.12.0.jar;C:\Users\user\.m2\repository\commons-collections\commons-collections\3.2.2\commons-collections-3.2.2.jar;C:\Users\user\.m2\repository\org\fluentlenium\fluentlenium-core\0.10.2\fluentlenium-core-0.10.2.jar;C:\Users\user\.m2\repository\io\github\bonigarcia\webdrivermanager\5.3.0\webdrivermanager-5.3.0.jar;C:\Users\user\.m2\repository\com\github\docker-java\docker-java\3.2.13\docker-java-3.2.13.jar;C:\Users\user\.m2\repository\com\github\docker-java\docker-java-core\3.2.13\docker-java-core-3.2.13.jar;C:\Users\user\.m2\repository\com\github\docker-java\docker-java-api\3.2.13\docker-java-api-3.2.13.jar;C:\Users\user\.m2\repository\org\apache\commons\commons-compress\1.21\commons-compress-1.21.jar;C:\Users\user\.m2\repository\org\bouncycastle\bcpkix-jdk15on\1.64\bcpkix-jdk15on-1.64.jar;C:\Users\user\.m2\repository\org\bouncycastle\bcprov-jdk15on\1.64\bcprov-jdk15on-1.64.jar;C:\Users\user\.m2\repository\org\slf4j\jcl-over-slf4j\1.7.30\jcl-over-slf4j-1.7.30.jar;C:\Users\user\.m2\repository\com\github\docker-java\docker-java-transport-httpclient5\3.2.13\docker-java-transport-httpclient5-3.2.13.jar;C:\Users\user\.m2\repository\com\github\docker-java\docker-java-transport\3.2.13\docker-java-transport-3.2.13.jar;C:\Users\user\.m2\repository\net\java\dev\jna\jna\5.8.0\jna-5.8.0.jar;C:\Users\user\.m2\repository\org\brotli\dec\0.1.2\dec-0.1.2.jar;C:\Users\user\.m2\repository\org\apache\httpcomponents\client5\httpclient5\5.1.3\httpclient5-5.1.3.jar;C:\Users\user\.m2\repository\org\apache\httpcomponents\core5\httpcore5\5.1.3\httpcore5-5.1.3.jar;C:\Users\user\.m2\repository\org\apache\httpcomponents\core5\httpcore5-h2\5.1.3\httpcore5-h2-5.1.3.jar;C:\Users\user\.m2\repository\com\jhlabs\filters\2.0.235\filters-2.0.235.jar;C:\Users\user\.m2\repository\com\paulhammant\ngwebdriver\1.1.6\ngwebdriver-1.1.6.jar;C:\Users\user\.m2\repository\joda-time\joda-time\2.12.2\joda-time-2.12.2.jar;C:\Users\user\.m2\repository\org\hamcrest\hamcrest\2.2\hamcrest-2.2.jar;C:\Users\user\.m2\repository\com\google\jimfs\jimfs\1.2\jimfs-1.2.jar;C:\Users\user\.m2\repository\org\mockito\mockito-core\3.3.3\mockito-core-3.3.3.jar;C:\Users\user\.m2\repository\javax\xml\bind\jaxb-api\2.3.1\jaxb-api-2.3.1.jar;C:\Users\user\.m2\repository\javax\activation\javax.activation-api\1.2.0\javax.activation-api-1.2.0.jar;C:\Users\user\.m2\repository\com\sun\xml\bind\jaxb-core\2.3.0.1\jaxb-core-2.3.0.1.jar;C:\Users\user\.m2\repository\com\sun\xml\bind\jaxb-impl\2.3.3\jaxb-impl-2.3.3.jar;C:\Users\user\.m2\repository\jakarta\xml\bind\jakarta.xml.bind-api\2.3.3\jakarta.xml.bind-api-2.3.3.jar;C:\Users\user\.m2\repository\com\sun\activation\jakarta.activation\1.2.2\jakarta.activation-1.2.2.jar;C:\Users\user\.m2\repository\javax\activation\activation\1.1.1\activation-1.1.1.jar;C:\Users\user\.m2\repository\net\serenity-bdd\serenity-cucumber\3.6.21\serenity-cucumber-3.6.21.jar;C:\Users\user\.m2\repository\io\cucumber\cucumber-core\7.11.0\cucumber-core-7.11.0.jar;C:\Users\user\.m2\repository\io\cucumber\cucumber-gherkin\7.11.0\cucumber-gherkin-7.11.0.jar;C:\Users\user\.m2\repository\io\cucumber\cucumber-gherkin-messages\7.11.0\cucumber-gherkin-messages-7.11.0.jar;C:\Users\user\.m2\repository\io\cucumber\gherkin\26.0.3\gherkin-26.0.3.jar;C:\Users\user\.m2\repository\io\cucumber\messages\21.0.1\messages-21.0.1.jar;C:\Users\user\.m2\repository\io\cucumber\tag-expressions\5.0.1\tag-expressions-5.0.1.jar;C:\Users\user\.m2\repository\io\cucumber\cucumber-expressions\16.1.1\cucumber-expressions-16.1.1.jar;C:\Users\user\.m2\repository\io\cucumber\datatable\7.11.0\datatable-7.11.0.jar;C:\Users\user\.m2\repository\io\cucumber\cucumber-plugin\7.11.0\cucumber-plugin-7.11.0.jar;C:\Users\user\.m2\repository\io\cucumber\docstring\7.11.0\docstring-7.11.0.jar;C:\Users\user\.m2\repository\io\cucumber\html-formatter\20.2.1\html-formatter-20.2.1.jar;C:\Users\user\.m2\repository\io\cucumber\junit-xml-formatter\0.1.0\junit-xml-formatter-0.1.0.jar;C:\Users\user\.m2\repository\io\cucumber\ci-environment\9.1.0\ci-environment-9.1.0.jar;C:\Users\user\.m2\repository\io\cucumber\cucumber-java\7.11.0\cucumber-java-7.11.0.jar;C:\Users\user\.m2\repository\io\cucumber\cucumber-junit\7.11.0\cucumber-junit-7.11.0.jar;C:\Users\user\.m2\repository\org\apache\commons\commons-csv\1.5\commons-csv-1.5.jar;C:\Users\user\.m2\repository\net\serenity-bdd\serenity-screenplay\3.6.21\serenity-screenplay-3.6.21.jar;C:\Users\user\.m2\repository\net\serenity-bdd\serenity-screenplay-webdriver\3.6.21\serenity-screenplay-webdriver-3.6.21.jar;C:\Users\user\.m2\repository\net\serenity-bdd\serenity-ensure\3.6.21\serenity-ensure-3.6.21.jar;C:\Users\user\.m2\repository\net\serenity-bdd\serenity-junit\3.6.21\serenity-junit-3.6.21.jar;C:\Users\user\.m2\repository\org\jetbrains\kotlin\kotlin-stdlib\1.8.10\kotlin-stdlib-1.8.10.jar;C:\Users\user\.m2\repository\org\jetbrains\kotlin\kotlin-stdlib-common\1.8.10\kotlin-stdlib-common-1.8.10.jar;C:\Users\user\.m2\repository\org\jetbrains\annotations\13.0\annotations-13.0.jar;C:\Users\user\.m2\repository\org\junit\platform\junit-platform-launcher\1.8.2\junit-platform-launcher-1.8.2.jar;C:\Users\user\.m2\repository\org\junit\platform\junit-platform-engine\1.8.2\junit-platform-engine-1.8.2.jar;C:\Users\user\.m2\repository\org\junit\platform\junit-platform-commons\1.8.2\junit-platform-commons-1.8.2.jar;C:\Users\user\.m2\repository\org\apiguardian\apiguardian-api\1.1.2\apiguardian-api-1.1.2.jar;C:\Users\user\.m2\repository\org\junit\jupiter\junit-jupiter-engine\5.8.2\junit-jupiter-engine-5.8.2.jar;C:\Users\user\.m2\repository\org\junit\jupiter\junit-jupiter-api\5.8.2\junit-jupiter-api-5.8.2.jar;C:\Users\user\.m2\repository\org\junit\vintage\junit-vintage-engine\5.8.2\junit-vintage-engine-5.8.2.jar;C:\Users\user\.m2\repository\junit\junit\4.13.2\junit-4.13.2.jar;C:\Users\user\.m2\repository\org\hamcrest\hamcrest-core\1.3\hamcrest-core-1.3.jar;C:\Users\user\.m2\repository\ch\qos\logback\logback-classic\1.2.10\logback-classic-1.2.10.jar;C:\Users\user\.m2\repository\ch\qos\logback\logback-core\1.2.10\logback-core-1.2.10.jar;C:\Users\user\.m2\repository\org\slf4j\slf4j-api\1.7.32\slf4j-api-1.7.32.jar;C:\Users\user\.m2\repository\org\assertj\assertj-core\3.23.1\assertj-core-3.23.1.jar;C:\Users\user\.m2\repository\net\bytebuddy\byte-buddy\1.12.10\byte-buddy-1.12.10.jar;C:\Users\user\.m2\repository\com\googlecode\json-simple\json-simple\1.1.1\json-simple-1.1.1.jar;C:\Users\user\.m2\repository\org\apache\maven\surefire\surefire-junit-platform\3.0.0-M5\surefire-junit-platform-3.0.0-M5.jar;C:\Users\user\.m2\repository\org\apache\maven\surefire\common-java5\3.0.0-M5\common-java5-3.0.0-M5.jar"/>
    <property name="user.script" value=""/>
    <property name="sun.management.compiler" value="HotSpot 64-Bit Tiered Compilers"/>
    <property name="java.runtime.version" value="11.0.15.1+2-LTS-10"/>
    <property name="user.name" value="user"/>
    <property name="path.separator" value=";"/>
    <property name="os.version" value="10.0"/>
    <property name="java.runtime.name" value="Java(TM) SE Runtime Environment"/>
    <property name="file.encoding" value="Cp1252"/>
    <property name="webdriver.base.url" value=""/>
    <property name="java.vm.name" value="Java HotSpot(TM) 64-Bit Server VM"/>
    <property name="java.vendor.version" value="18.9"/>
    <property name="localRepository" value="C:\Users\user\.m2\repository"/>
    <property name="java.vendor.url.bug" value="https://bugreport.java.com/bugreport/"/>
    <property name="java.io.tmpdir" value="C:\Users\user\AppData\Local\Temp\"/>
    <property name="java.version" value="11.0.15.1"/>
    <property name="user.dir" value="E:\APIMinpro\API\minpro"/>
    <property name="os.arch" value="amd64"/>
    <property name="java.vm.specification.name" value="Java Virtual Machine Specification"/>
    <property name="java.awt.printerjob" value="sun.awt.windows.WPrinterJob"/>
    <property name="sun.os.patch.level" value=""/>
    <property name="java.library.path" value="C:\Program Files\Java\jdk-11.0.15.1\bin;C:\Windows\Sun\Java\bin;C:\Windows\system32;C:\Windows;C:\Program Files\Common Files\Oracle\Java\javapath;C:\Program Files (x86)\Common Files\Oracle\Java\javapath;C:\ProgramData\Oracle\Java\javapath;C:\Windows\system32;C:\Windows;C:\Windows\System32\Wbem;C:\Windows\System32\WindowsPowerShell\v1.0\;C:\Windows\System32\OpenSSH\;C:\Program Files\NVIDIA Corporation\NVIDIA NvDLISR;C:\Program Files (x86)\NVIDIA Corporation\PhysX\Common;C:\Program Files (x86)\dotnet\;C:\Program Files\Git\cmd;C:\PROGRA~1\IBM\SQLLIB\BIN;C:\PROGRA~1\IBM\SQLLIB\FUNCTION;C:\PROGRA~1\IBM\SQLLIB\SAMPLES\REPL;C:\xampp\php;C:\composer;C:\hadoop\bin;C:\hadoop\sbin;C:\Program Files\nodejs\;D:\apache-maven-3.9.1\bin;C:\Program Files\Java\jdk-11.0.15.1\bin;C:\Users\user\AppData\Local\Android\Sdk;C:\Users\user\AppData\Local\Android\Sdk\platform-tools;C:\Users\user\scoop\shims;C:\Users\user\AppData\Local\Programs\Python\Python311\Scripts\;C:\Users\user\AppData\Local\Programs\Python\Python311\;C:\Users\user\AppData\Local\Programs\Eclipse Adoptium\jdk-17.0.1.12-hotspot\bin;C:\Users\user\AppData\Local\Microsoft\WindowsApps;E:\Microsoft VS Code\bin;C:\Users\user\AppData\Roaming\Composer\vendor\bin;C:\hadoop\bin;C:\Users\user\OneDrive\Documents\Big Data\spark\bin;C:\Users\user\AppData\Local\GitHubDesktop\bin;C:\Users\user\AppData\Roaming\npm;C:\Users\user\AppData\Local\spicetify;."/>
    <property name="java.vendor" value="Oracle Corporation"/>
    <property name="java.vm.info" value="mixed mode"/>
    <property name="java.vm.version" value="11.0.15.1+2-LTS-10"/>
    <property name="sun.io.unicode.encoding" value="UnicodeLittle"/>
    <property name="java.class.version" value="55.0"/>
  </properties>
  <testcase name="POST - Register with valid data" classname="Register" time="2.677">
    <system-out><![CDATA[15:04:29.780 [main] DEBUG net.thucydides.core.guice.Injectors - Created injector for module net.thucydides.core.guice.ThucydidesModule
15:04:30.004 [main] DEBUG io.cucumber.core.plugin.SerenityReporter - Running feature from file:///E:/APIMinpro/API/minpro/src/test/resources/features/1.%20Register.feature
15:04:30.110 [main] DEBUG net.thucydides.core.guice.Injectors - Created injector for module net.thucydides.core.guice.webdriver.WebDriverModule
15:04:30.121 [main] INFO  - 

-------------------------------------------------------------------------------------
     _______. _______ .______       _______ .__   __.  __  .___________.____    ____ 
    /       ||   ____||   _  \     |   ____||  \ |  | |  | |           |\   \  /   / 
   |   (----`|  |__   |  |_)  |    |  |__   |   \|  | |  | `---|  |----` \   \/   /  
    \   \    |   __|  |      /     |   __|  |  . `  | |  |     |  |       \_    _/   
.----)   |   |  |____ |  |\  \----.|  |____ |  |\   | |  |     |  |         |  |     
|_______/    |_______|| _| `._____||_______||__| \__| |__|     |__|         |__|    
                                                                                     
 News and tutorials at http://www.serenity-bdd.info                                  
 Documentation at https://wakaleo.gitbooks.io/the-serenity-book/content/             
 Join the Serenity Community on Gitter: https://gitter.im/serenity-bdd/serenity-core 
 Serenity BDD Support and Training at http://serenity-bdd.info/#/trainingandsupport  
-------------------------------------------------------------------------------------

15:04:30.123 [main] DEBUG net.thucydides.core.steps.StepEventBus - Test suite started for story net.thucydides.core.model.Story@773abe6e
15:04:30.125 [main] INFO  - Test Suite Started: Register
15:04:30.136 [main] DEBUG io.cucumber.core.plugin.SerenityReporter - Running feature from file:///E:/APIMinpro/API/minpro/src/test/resources/features/2.%20Login.feature
15:04:30.139 [main] DEBUG net.thucydides.core.steps.StepEventBus - Test suite started for story net.thucydides.core.model.Story@86b1dd01
15:04:30.140 [main] INFO  - Test Suite Started: Login
15:04:30.140 [main] DEBUG io.cucumber.core.plugin.SerenityReporter - Running feature from file:///E:/APIMinpro/API/minpro/src/test/resources/features/3.%20User.feature
15:04:30.142 [main] DEBUG net.thucydides.core.steps.StepEventBus - Test suite started for story net.thucydides.core.model.Story@11e807f1
15:04:30.143 [main] INFO  - Test Suite Started: User Information
15:04:30.143 [main] DEBUG io.cucumber.core.plugin.SerenityReporter - Running feature from file:///E:/APIMinpro/API/minpro/src/test/resources/features/4.%20Categories.feature
15:04:30.147 [main] DEBUG net.thucydides.core.steps.StepEventBus - Test suite started for story net.thucydides.core.model.Story@1b5f86d1
15:04:30.147 [main] INFO  - Test Suite Started: Categories
15:04:30.147 [main] DEBUG io.cucumber.core.plugin.SerenityReporter - Running feature from file:///E:/APIMinpro/API/minpro/src/test/resources/features/5.%20Product.feature
15:04:30.151 [main] DEBUG net.thucydides.core.steps.StepEventBus - Test suite started for story net.thucydides.core.model.Story@5c78189e
15:04:30.151 [main] INFO  - Test Suite Started: Product
15:04:30.151 [main] DEBUG io.cucumber.core.plugin.SerenityReporter - Running feature from file:///E:/APIMinpro/API/minpro/src/test/resources/features/6.%20Order.feature
15:04:30.153 [main] DEBUG net.thucydides.core.steps.StepEventBus - Test suite started for story net.thucydides.core.model.Story@421cad1d
15:04:30.153 [main] INFO  - Test Suite Started: Order
15:04:30.154 [main] DEBUG io.cucumber.core.plugin.SerenityReporter - Running feature from file:///E:/APIMinpro/API/minpro/src/test/resources/features/7.%20Rating.feature
15:04:30.157 [main] DEBUG net.thucydides.core.steps.StepEventBus - Test suite started for story net.thucydides.core.model.Story@a2cc97b4
15:04:30.157 [main] INFO  - Test Suite Started: Rating
15:04:30.157 [main] DEBUG io.cucumber.core.plugin.SerenityReporter - Running feature from file:///E:/APIMinpro/API/minpro/src/test/resources/features/8.%20Comment.feature
15:04:30.160 [main] DEBUG net.thucydides.core.steps.StepEventBus - Test suite started for story net.thucydides.core.model.Story@8ea159bb
15:04:30.160 [main] INFO  - Test Suite Started: Comment
15:04:30.160 [main] DEBUG io.cucumber.core.plugin.SerenityReporter - Running feature from file:///E:/APIMinpro/API/minpro/src/test/resources/features/9.%20Hello.feature
15:04:30.162 [main] DEBUG net.thucydides.core.steps.StepEventBus - Test suite started for story net.thucydides.core.model.Story@31ecbffa
15:04:30.163 [main] INFO  - Test Suite Started: Hello
15:04:30.163 [main] DEBUG io.cucumber.core.plugin.SerenityReporter - Running feature from file:///E:/APIMinpro/API/minpro/src/test/resources/features/1.%20Register.feature
15:04:30.165 [main] DEBUG net.thucydides.core.steps.StepEventBus - Test suite started for story net.thucydides.core.model.Story@773abe6e
15:04:30.166 [main] INFO  - Test Suite Started: Register

Scenario: POST - Register with valid data              &amp#27;[90m# src/test/resources/features/1. Register.feature:7&amp#27;[0m
15:04:30.243 [main] DEBUG io.cucumber.core.plugin.SerenityReporter - Running feature from file:///E:/APIMinpro/API/minpro/src/test/resources/features/1.%20Register.feature
15:04:30.339 [main] INFO  - 
  _____   ___   ___   _____     ___   _____     _     ___   _____   ___   ___  
 |_   _| | __| / __| |_   _|   / __| |_   _|   /_\   | _ \ |_   _| | __| |   \ 
   | |   | _|  \__ \   | |     \__ \   | |    / _ \  |   /   | |   | _|  | |) |
   |_|   |___| |___/   |_|     |___/   |_|   /_/ \_\ |_|_\   |_|   |___| |___/ 

POST - Register with valid data(register;post---register-with-valid-data)
--------------------------------------------------------------------------------
15:04:30.386 [main] DEBUG net.thucydides.core.requirements.model.cucumber.CucumberParser - Loading feature E:\APIMinpro\API\minpro\src\test\resources\features\1. Register.feature
15:04:30.398 [main] DEBUG net.thucydides.core.requirements.model.cucumber.CucumberParser - Loading feature E:\APIMinpro\API\minpro\src\test\resources\features\2. Login.feature
15:04:30.402 [main] DEBUG net.thucydides.core.requirements.model.cucumber.CucumberParser - Loading feature E:\APIMinpro\API\minpro\src\test\resources\features\3. User.feature
15:04:30.404 [main] DEBUG net.thucydides.core.requirements.model.cucumber.CucumberParser - Loading feature E:\APIMinpro\API\minpro\src\test\resources\features\4. Categories.feature
15:04:30.407 [main] DEBUG net.thucydides.core.requirements.model.cucumber.CucumberParser - Loading feature E:\APIMinpro\API\minpro\src\test\resources\features\5. Product.feature
15:04:30.411 [main] DEBUG net.thucydides.core.requirements.model.cucumber.CucumberParser - Loading feature E:\APIMinpro\API\minpro\src\test\resources\features\6. Order.feature
15:04:30.413 [main] DEBUG net.thucydides.core.requirements.model.cucumber.CucumberParser - Loading feature E:\APIMinpro\API\minpro\src\test\resources\features\7. Rating.feature
15:04:30.416 [main] DEBUG net.thucydides.core.requirements.model.cucumber.CucumberParser - Loading feature E:\APIMinpro\API\minpro\src\test\resources\features\8. Comment.feature
15:04:30.419 [main] DEBUG net.thucydides.core.requirements.model.cucumber.CucumberParser - Loading feature E:\APIMinpro\API\minpro\src\test\resources\features\9. Hello.feature
15:04:30.719 [main] DEBUG net.thucydides.core.steps.StepInterceptor - STARTING STEP: RegisterSteps.setPostApiEndpointsRegister - I set POST api endpoints register
15:04:30.720 [main] DEBUG net.thucydides.core.steps.StepInterceptor - STEP DONE: I set POST api endpoints register
  &amp#27;[32mGiven &amp#27;[0m&amp#27;[32mI set POST api endpoints register&amp#27;[0m              &amp#27;[90m# starter.stepdefinitions.RegisterSteps.setPostApiEndpointsRegister()&amp#27;[0m
15:04:30.728 [main] DEBUG net.thucydides.core.steps.StepInterceptor - STARTING STEP: RegisterSteps.sendPostHttpRequestRegister - I send POST HTTP request register
15:04:32.034 [main] DEBUG net.thucydides.core.steps.StepInterceptor - STARTING STEP: Register.sendPostHttpRequestRegister - I set POST api endpoints register
15:04:32.035 [main] DEBUG net.thucydides.core.steps.StepInterceptor - STEP DONE: I set POST api endpoints register
15:04:32.538 [main] DEBUG org.apache.http.impl.conn.BasicClientConnectionManager - Get connection for route {s}->https://altashop-api.fly.dev:443
15:04:32.606 [main] DEBUG org.apache.http.impl.conn.DefaultClientConnectionOperator - Connecting to altashop-api.fly.dev:443
15:04:32.748 [main] DEBUG org.apache.http.client.protocol.RequestAddCookies - CookieSpec selected: ignoreCookies
15:04:32.749 [main] DEBUG org.apache.http.client.protocol.RequestAuthCache - Auth cache not set in the context
15:04:32.749 [main] DEBUG org.apache.http.client.protocol.RequestTargetAuthentication - Target auth state: UNCHALLENGED
15:04:32.749 [main] DEBUG org.apache.http.client.protocol.RequestProxyAuthentication - Proxy auth state: UNCHALLENGED
15:04:32.749 [main] DEBUG org.apache.http.impl.client.DefaultHttpClient - Attempt 1 to execute request
15:04:32.749 [main] DEBUG org.apache.http.impl.conn.DefaultClientConnection - Sending request: POST /api/auth/register HTTP/1.1
15:04:32.749 [main] DEBUG org.apache.http.wire -  >> "POST /api/auth/register HTTP/1.1[\r][\n]"
15:04:32.750 [main] DEBUG org.apache.http.wire -  >> "Accept: */*[\r][\n]"
15:04:32.750 [main] DEBUG org.apache.http.wire -  >> "Content-Type: application/json[\r][\n]"
15:04:32.750 [main] DEBUG org.apache.http.wire -  >> "Content-Length: 148[\r][\n]"
15:04:32.750 [main] DEBUG org.apache.http.wire -  >> "Host: altashop-api.fly.dev[\r][\n]"
15:04:32.750 [main] DEBUG org.apache.http.wire -  >> "Connection: Keep-Alive[\r][\n]"
15:04:32.750 [main] DEBUG org.apache.http.wire -  >> "User-Agent: Apache-HttpClient/4.5.13 (Java/11.0.15.1)[\r][\n]"
15:04:32.750 [main] DEBUG org.apache.http.wire -  >> "Accept-Encoding: gzip,deflate[\r][\n]"
15:04:32.750 [main] DEBUG org.apache.http.wire -  >> "[\r][\n]"
15:04:32.750 [main] DEBUG org.apache.http.headers - >> POST /api/auth/register HTTP/1.1
15:04:32.750 [main] DEBUG org.apache.http.headers - >> Accept: */*
15:04:32.750 [main] DEBUG org.apache.http.headers - >> Content-Type: application/json
15:04:32.750 [main] DEBUG org.apache.http.headers - >> Content-Length: 148
15:04:32.751 [main] DEBUG org.apache.http.headers - >> Host: altashop-api.fly.dev
15:04:32.751 [main] DEBUG org.apache.http.headers - >> Connection: Keep-Alive
15:04:32.751 [main] DEBUG org.apache.http.headers - >> User-Agent: Apache-HttpClient/4.5.13 (Java/11.0.15.1)
15:04:32.751 [main] DEBUG org.apache.http.headers - >> Accept-Encoding: gzip,deflate
15:04:32.751 [main] DEBUG org.apache.http.wire -  >> "{"password":"123456","fullname":"aditya nugraha perdana","email":"adityaaaaaaaaaaaaaaaaaaaaaaaaaaaaaaaaaaaaaaaaaaaaaaaaaaaaaaaaaaaaaaaci@gmail.com"}"
15:04:32.775 [main] DEBUG org.apache.http.wire -  << "HTTP/1.1 200 OK[\r][\n]"
15:04:32.776 [main] DEBUG org.apache.http.wire -  << "content-type: application/json[\r][\n]"
15:04:32.776 [main] DEBUG org.apache.http.wire -  << "date: Mon, 08 May 2023 08:04:31 GMT[\r][\n]"
15:04:32.776 [main] DEBUG org.apache.http.wire -  << "content-encoding: gzip[\r][\n]"
15:04:32.776 [main] DEBUG org.apache.http.wire -  << "transfer-encoding: chunked[\r][\n]"
15:04:32.776 [main] DEBUG org.apache.http.wire -  << "server: Fly/3f2597ca (2023-05-03)[\r][\n]"
15:04:32.777 [main] DEBUG org.apache.http.wire -  << "via: 1.1 fly.io[\r][\n]"
15:04:32.777 [main] DEBUG org.apache.http.wire -  << "fly-request-id: 01GZX681KTJXWVP80PWXQ3XSVV-sin[\r][\n]"
15:04:32.777 [main] DEBUG org.apache.http.wire -  << "[\r][\n]"
15:04:32.777 [main] DEBUG org.apache.http.impl.conn.DefaultClientConnection - Receiving response: HTTP/1.1 200 OK
15:04:32.777 [main] DEBUG org.apache.http.headers - << HTTP/1.1 200 OK
15:04:32.777 [main] DEBUG org.apache.http.headers - << content-type: application/json
15:04:32.777 [main] DEBUG org.apache.http.headers - << date: Mon, 08 May 2023 08:04:31 GMT
15:04:32.777 [main] DEBUG org.apache.http.headers - << content-encoding: gzip
15:04:32.777 [main] DEBUG org.apache.http.headers - << transfer-encoding: chunked
15:04:32.777 [main] DEBUG org.apache.http.headers - << server: Fly/3f2597ca (2023-05-03)
15:04:32.777 [main] DEBUG org.apache.http.headers - << via: 1.1 fly.io
15:04:32.777 [main] DEBUG org.apache.http.headers - << fly-request-id: 01GZX681KTJXWVP80PWXQ3XSVV-sin
15:04:32.780 [main] DEBUG org.apache.http.impl.client.DefaultHttpClient - Connection can be kept alive indefinitely
15:04:32.783 [main] DEBUG io.restassured.internal.RestAssuredHttpBuilder - Parsing response as: application/json
15:04:32.784 [main] DEBUG org.apache.http.wire -  << "79[\r][\n]"
15:04:32.784 [main] DEBUG org.apache.http.wire -  << "[0x1f][0x8b][0x8][0x0][0x0][0x0][0x0][0x0][0x4][0xff][0xab]VJI,IT[0xb2][0xaa]V[0xf2]tQ[0xb2]22407[0xd2]Qr+[0xcd][0xc9][0xc9]K[0xcc]MU[0xb2]RJL[0xc9],[0xa9]LT[0xc8]+M/J[0xcc]HT(H-JI[0xcc]KT[0xd2]Qr[0xcd]M[0xcc][0xcc][0x81]+H[0xa4][0x8]$g:[0xa4][0x83][0x8c][0xd3]K[0xce][0xcf]U[0xd2]Q[\n]"
15:04:32.784 [main] DEBUG org.apache.http.wire -  << "H,..[0xcf]/JQ[0xb2]R242615S[0xaa][0xad][0xe5][0x2][0x0][0x8c][0x1][0xcc][0x1a][0xa9][0x0][0x0][0x0]"
15:04:32.784 [main] DEBUG org.apache.http.wire -  << "[\r][\n]"
15:04:32.784 [main] DEBUG org.apache.http.wire -  << "0[\r][\n]"
15:04:32.784 [main] DEBUG org.apache.http.wire -  << "[\r][\n]"
15:04:32.784 [main] DEBUG io.restassured.internal.RestAssuredHttpBuilder - Parsed data to instance of: class org.apache.http.conn.EofSensorInputStream
15:04:32.810 [main] DEBUG org.apache.http.impl.conn.BasicClientConnectionManager - Releasing connection org.apache.http.impl.conn.ManagedClientConnectionImpl@2c5708e7
15:04:32.810 [main] DEBUG org.apache.http.impl.conn.BasicClientConnectionManager - Connection can be kept alive indefinitely
15:04:32.814 [main] DEBUG net.thucydides.core.steps.StepInterceptor - STEP DONE: I send POST HTTP request register
  &amp#27;[32mWhen &amp#27;[0m&amp#27;[32mI send POST HTTP request register&amp#27;[0m               &amp#27;[90m# starter.stepdefinitions.RegisterSteps.sendPostHttpRequestRegister()&amp#27;[0m
15:04:32.817 [main] DEBUG net.thucydides.core.steps.StepInterceptor - STARTING STEP: RegisterSteps.receiveValidHttp200Register - I receive valid HTTP response code 200 register
15:04:32.837 [main] DEBUG net.thucydides.core.steps.StepInterceptor - STEP DONE: I receive valid HTTP response code 200 register
  &amp#27;[32mThen &amp#27;[0m&amp#27;[32mI receive valid HTTP response code 200 register&amp#27;[0m &amp#27;[90m# starter.stepdefinitions.RegisterSteps.receiveValidHttp200Register()&amp#27;[0m
15:04:32.842 [main] INFO  - 
  _____   ___   ___   _____     ___     _     ___   ___   ___   ___  
 |_   _| | __| / __| |_   _|   | _ \   /_\   / __| / __| | __| |   \ 
   | |   | _|  \__ \   | |     |  _/  / _ \  \__ \ \__ \ | _|  | |) |
   |_|   |___| |___/   |_|     |_|   /_/ \_\ |___/ |___/ |___| |___/ 

POST - Register with valid data
----------------------------------------------------------------------
]]></system-out>
  </testcase>
  <testcase name="POST - Register without fullname" classname="Register" time="0.128">
    <system-out><![CDATA[
Scenario: POST - Register without fullname             &amp#27;[90m# src/test/resources/features/1. Register.feature:12&amp#27;[0m
15:04:32.857 [main] DEBUG io.cucumber.core.plugin.SerenityReporter - Running feature from file:///E:/APIMinpro/API/minpro/src/test/resources/features/1.%20Register.feature
15:04:32.861 [main] INFO  - 
  _____   ___   ___   _____     ___   _____     _     ___   _____   ___   ___  
 |_   _| | __| / __| |_   _|   / __| |_   _|   /_\   | _ \ |_   _| | __| |   \ 
   | |   | _|  \__ \   | |     \__ \   | |    / _ \  |   /   | |   | _|  | |) |
   |_|   |___| |___/   |_|     |___/   |_|   /_/ \_\ |_|_\   |_|   |___| |___/ 

POST - Register without fullname(register;post---register-without-fullname)
--------------------------------------------------------------------------------
15:04:32.870 [main] DEBUG net.thucydides.core.steps.StepInterceptor - STARTING STEP: RegisterSteps.setPostApiEndpointsRegister - I set POST api endpoints register
15:04:32.870 [main] DEBUG net.thucydides.core.steps.StepInterceptor - STEP DONE: I set POST api endpoints register
  &amp#27;[32mGiven &amp#27;[0m&amp#27;[32mI set POST api endpoints register&amp#27;[0m              &amp#27;[90m# starter.stepdefinitions.RegisterSteps.setPostApiEndpointsRegister()&amp#27;[0m
15:04:32.873 [main] DEBUG net.thucydides.core.steps.StepInterceptor - STARTING STEP: RegisterSteps.sendPostHttpRequestRegister2 - I send POST HTTP request register2
15:04:32.874 [main] DEBUG net.thucydides.core.steps.StepInterceptor - STARTING STEP: Register.sendPostHttpRequestRegister2 - I set POST api endpoints register
15:04:32.874 [main] DEBUG net.thucydides.core.steps.StepInterceptor - STEP DONE: I set POST api endpoints register
15:04:32.892 [main] DEBUG org.apache.http.impl.conn.BasicClientConnectionManager - Get connection for route {s}->https://altashop-api.fly.dev:443
15:04:32.892 [main] DEBUG org.apache.http.impl.conn.DefaultClientConnectionOperator - Connecting to altashop-api.fly.dev:443
15:04:32.942 [main] DEBUG org.apache.http.client.protocol.RequestAddCookies - CookieSpec selected: ignoreCookies
15:04:32.942 [main] DEBUG org.apache.http.client.protocol.RequestAuthCache - Auth cache not set in the context
15:04:32.942 [main] DEBUG org.apache.http.client.protocol.RequestTargetAuthentication - Target auth state: UNCHALLENGED
15:04:32.942 [main] DEBUG org.apache.http.client.protocol.RequestProxyAuthentication - Proxy auth state: UNCHALLENGED
15:04:32.942 [main] DEBUG org.apache.http.impl.client.DefaultHttpClient - Attempt 1 to execute request
15:04:32.942 [main] DEBUG org.apache.http.impl.conn.DefaultClientConnection - Sending request: POST /api/auth/register HTTP/1.1
15:04:32.942 [main] DEBUG org.apache.http.wire -  >> "POST /api/auth/register HTTP/1.1[\r][\n]"
15:04:32.942 [main] DEBUG org.apache.http.wire -  >> "Accept: */*[\r][\n]"
15:04:32.942 [main] DEBUG org.apache.http.wire -  >> "Content-Type: application/json[\r][\n]"
15:04:32.943 [main] DEBUG org.apache.http.wire -  >> "Content-Length: 62[\r][\n]"
15:04:32.943 [main] DEBUG org.apache.http.wire -  >> "Host: altashop-api.fly.dev[\r][\n]"
15:04:32.943 [main] DEBUG org.apache.http.wire -  >> "Connection: Keep-Alive[\r][\n]"
15:04:32.943 [main] DEBUG org.apache.http.wire -  >> "User-Agent: Apache-HttpClient/4.5.13 (Java/11.0.15.1)[\r][\n]"
15:04:32.943 [main] DEBUG org.apache.http.wire -  >> "Accept-Encoding: gzip,deflate[\r][\n]"
15:04:32.943 [main] DEBUG org.apache.http.wire -  >> "[\r][\n]"
15:04:32.943 [main] DEBUG org.apache.http.headers - >> POST /api/auth/register HTTP/1.1
15:04:32.943 [main] DEBUG org.apache.http.headers - >> Accept: */*
15:04:32.943 [main] DEBUG org.apache.http.headers - >> Content-Type: application/json
15:04:32.943 [main] DEBUG org.apache.http.headers - >> Content-Length: 62
15:04:32.943 [main] DEBUG org.apache.http.headers - >> Host: altashop-api.fly.dev
15:04:32.943 [main] DEBUG org.apache.http.headers - >> Connection: Keep-Alive
15:04:32.943 [main] DEBUG org.apache.http.headers - >> User-Agent: Apache-HttpClient/4.5.13 (Java/11.0.15.1)
15:04:32.943 [main] DEBUG org.apache.http.headers - >> Accept-Encoding: gzip,deflate
15:04:32.943 [main] DEBUG org.apache.http.wire -  >> "{"password":"123456","fullname":"","email":"aditya@gmail.com"}"
15:04:32.964 [main] DEBUG org.apache.http.wire -  << "HTTP/1.1 400 Bad Request[\r][\n]"
15:04:32.964 [main] DEBUG org.apache.http.wire -  << "content-type: application/json[\r][\n]"
15:04:32.964 [main] DEBUG org.apache.http.wire -  << "date: Mon, 08 May 2023 08:04:32 GMT[\r][\n]"
15:04:32.964 [main] DEBUG org.apache.http.wire -  << "content-encoding: gzip[\r][\n]"
15:04:32.964 [main] DEBUG org.apache.http.wire -  << "transfer-encoding: chunked[\r][\n]"
15:04:32.964 [main] DEBUG org.apache.http.wire -  << "server: Fly/3f2597ca (2023-05-03)[\r][\n]"
15:04:32.964 [main] DEBUG org.apache.http.wire -  << "via: 1.1 fly.io[\r][\n]"
15:04:32.964 [main] DEBUG org.apache.http.wire -  << "fly-request-id: 01GZX681ST6EN5AK43S21PY9PV-sin[\r][\n]"
15:04:32.964 [main] DEBUG org.apache.http.wire -  << "[\r][\n]"
15:04:32.965 [main] DEBUG org.apache.http.impl.conn.DefaultClientConnection - Receiving response: HTTP/1.1 400 Bad Request
15:04:32.965 [main] DEBUG org.apache.http.headers - << HTTP/1.1 400 Bad Request
15:04:32.965 [main] DEBUG org.apache.http.headers - << content-type: application/json
15:04:32.965 [main] DEBUG org.apache.http.headers - << date: Mon, 08 May 2023 08:04:32 GMT
15:04:32.965 [main] DEBUG org.apache.http.headers - << content-encoding: gzip
15:04:32.965 [main] DEBUG org.apache.http.headers - << transfer-encoding: chunked
15:04:32.965 [main] DEBUG org.apache.http.headers - << server: Fly/3f2597ca (2023-05-03)
15:04:32.965 [main] DEBUG org.apache.http.headers - << via: 1.1 fly.io
15:04:32.965 [main] DEBUG org.apache.http.headers - << fly-request-id: 01GZX681ST6EN5AK43S21PY9PV-sin
15:04:32.965 [main] DEBUG org.apache.http.impl.client.DefaultHttpClient - Connection can be kept alive indefinitely
15:04:32.965 [main] DEBUG io.restassured.internal.RestAssuredHttpBuilder - Parsing response as: application/json
15:04:32.965 [main] DEBUG org.apache.http.wire -  << "35[\r][\n]"
15:04:32.965 [main] DEBUG org.apache.http.wire -  << "[0x1f][0x8b][0x8][0x0][0x0][0x0][0x0][0x0][0x4][0xff][0xab]VJ-*[0xca]/R[0xb2]RJ+[0xcd][0xc9][0xc9]K[0xcc]MU[0xc8],V(J-,[0xcd],JMQ[0xaa][0xe5][0x2][0x0]ok4[0xc9]![0x0][0x0][0x0]"
15:04:32.965 [main] DEBUG org.apache.http.wire -  << "[\r][\n]"
15:04:32.965 [main] DEBUG org.apache.http.wire -  << "0[\r][\n]"
15:04:32.965 [main] DEBUG org.apache.http.wire -  << "[\r][\n]"
15:04:32.965 [main] DEBUG io.restassured.internal.RestAssuredHttpBuilder - Parsed data to instance of: class org.apache.http.conn.EofSensorInputStream
15:04:32.967 [main] DEBUG org.apache.http.impl.conn.BasicClientConnectionManager - Releasing connection org.apache.http.impl.conn.ManagedClientConnectionImpl@21698e5a
15:04:32.967 [main] DEBUG org.apache.http.impl.conn.BasicClientConnectionManager - Connection can be kept alive indefinitely
15:04:32.967 [main] DEBUG net.thucydides.core.steps.StepInterceptor - STEP DONE: I send POST HTTP request register2
  &amp#27;[32mWhen &amp#27;[0m&amp#27;[32mI send POST HTTP request register2&amp#27;[0m              &amp#27;[90m# starter.stepdefinitions.RegisterSteps.sendPostHttpRequestRegister2()&amp#27;[0m
15:04:32.970 [main] DEBUG net.thucydides.core.steps.StepInterceptor - STARTING STEP: RegisterSteps.receiveValidHttp400Register - I receive valid HTTP response code 400 register
15:04:32.971 [main] DEBUG net.thucydides.core.steps.StepInterceptor - STEP DONE: I receive valid HTTP response code 400 register
  &amp#27;[32mThen &amp#27;[0m&amp#27;[32mI receive valid HTTP response code 400 register&amp#27;[0m &amp#27;[90m# starter.stepdefinitions.RegisterSteps.receiveValidHttp400Register()&amp#27;[0m
15:04:32.973 [main] INFO  - 
  _____   ___   ___   _____     ___     _     ___   ___   ___   ___  
 |_   _| | __| / __| |_   _|   | _ \   /_\   / __| / __| | __| |   \ 
   | |   | _|  \__ \   | |     |  _/  / _ \  \__ \ \__ \ | _|  | |) |
   |_|   |___| |___/   |_|     |_|   /_/ \_\ |___/ |___/ |___| |___/ 

POST - Register without fullname
----------------------------------------------------------------------
]]></system-out>
  </testcase>
  <testcase name="POST - Register without email" classname="Register" time="0.118">
    <system-out><![CDATA[
Scenario: POST - Register without email                &amp#27;[90m# src/test/resources/features/1. Register.feature:17&amp#27;[0m
15:04:32.982 [main] DEBUG io.cucumber.core.plugin.SerenityReporter - Running feature from file:///E:/APIMinpro/API/minpro/src/test/resources/features/1.%20Register.feature
15:04:32.984 [main] INFO  - 
  _____   ___   ___   _____     ___   _____     _     ___   _____   ___   ___  
 |_   _| | __| / __| |_   _|   / __| |_   _|   /_\   | _ \ |_   _| | __| |   \ 
   | |   | _|  \__ \   | |     \__ \   | |    / _ \  |   /   | |   | _|  | |) |
   |_|   |___| |___/   |_|     |___/   |_|   /_/ \_\ |_|_\   |_|   |___| |___/ 

POST - Register without email(register;post---register-without-email)
--------------------------------------------------------------------------------
15:04:32.992 [main] DEBUG net.thucydides.core.steps.StepInterceptor - STARTING STEP: RegisterSteps.setPostApiEndpointsRegister - I set POST api endpoints register
15:04:32.992 [main] DEBUG net.thucydides.core.steps.StepInterceptor - STEP DONE: I set POST api endpoints register
  &amp#27;[32mGiven &amp#27;[0m&amp#27;[32mI set POST api endpoints register&amp#27;[0m              &amp#27;[90m# starter.stepdefinitions.RegisterSteps.setPostApiEndpointsRegister()&amp#27;[0m
15:04:32.996 [main] DEBUG net.thucydides.core.steps.StepInterceptor - STARTING STEP: RegisterSteps.sendPostHttpRequestRegister3 - I send POST HTTP request register3
15:04:32.998 [main] DEBUG net.thucydides.core.steps.StepInterceptor - STARTING STEP: Register.sendPostHttpRequestRegister3 - I set POST api endpoints register
15:04:32.998 [main] DEBUG net.thucydides.core.steps.StepInterceptor - STEP DONE: I set POST api endpoints register
15:04:33.012 [main] DEBUG org.apache.http.impl.conn.BasicClientConnectionManager - Get connection for route {s}->https://altashop-api.fly.dev:443
15:04:33.012 [main] DEBUG org.apache.http.impl.conn.DefaultClientConnectionOperator - Connecting to altashop-api.fly.dev:443
15:04:33.060 [main] DEBUG org.apache.http.client.protocol.RequestAddCookies - CookieSpec selected: ignoreCookies
15:04:33.061 [main] DEBUG org.apache.http.client.protocol.RequestAuthCache - Auth cache not set in the context
15:04:33.061 [main] DEBUG org.apache.http.client.protocol.RequestTargetAuthentication - Target auth state: UNCHALLENGED
15:04:33.061 [main] DEBUG org.apache.http.client.protocol.RequestProxyAuthentication - Proxy auth state: UNCHALLENGED
15:04:33.061 [main] DEBUG org.apache.http.impl.client.DefaultHttpClient - Attempt 1 to execute request
15:04:33.061 [main] DEBUG org.apache.http.impl.conn.DefaultClientConnection - Sending request: POST /api/auth/register HTTP/1.1
15:04:33.061 [main] DEBUG org.apache.http.wire -  >> "POST /api/auth/register HTTP/1.1[\r][\n]"
15:04:33.061 [main] DEBUG org.apache.http.wire -  >> "Accept: */*[\r][\n]"
15:04:33.061 [main] DEBUG org.apache.http.wire -  >> "Content-Type: application/json[\r][\n]"
15:04:33.061 [main] DEBUG org.apache.http.wire -  >> "Content-Length: 68[\r][\n]"
15:04:33.061 [main] DEBUG org.apache.http.wire -  >> "Host: altashop-api.fly.dev[\r][\n]"
15:04:33.061 [main] DEBUG org.apache.http.wire -  >> "Connection: Keep-Alive[\r][\n]"
15:04:33.061 [main] DEBUG org.apache.http.wire -  >> "User-Agent: Apache-HttpClient/4.5.13 (Java/11.0.15.1)[\r][\n]"
15:04:33.061 [main] DEBUG org.apache.http.wire -  >> "Accept-Encoding: gzip,deflate[\r][\n]"
15:04:33.061 [main] DEBUG org.apache.http.wire -  >> "[\r][\n]"
15:04:33.061 [main] DEBUG org.apache.http.headers - >> POST /api/auth/register HTTP/1.1
15:04:33.061 [main] DEBUG org.apache.http.headers - >> Accept: */*
15:04:33.062 [main] DEBUG org.apache.http.headers - >> Content-Type: application/json
15:04:33.062 [main] DEBUG org.apache.http.headers - >> Content-Length: 68
15:04:33.062 [main] DEBUG org.apache.http.headers - >> Host: altashop-api.fly.dev
15:04:33.062 [main] DEBUG org.apache.http.headers - >> Connection: Keep-Alive
15:04:33.062 [main] DEBUG org.apache.http.headers - >> User-Agent: Apache-HttpClient/4.5.13 (Java/11.0.15.1)
15:04:33.062 [main] DEBUG org.apache.http.headers - >> Accept-Encoding: gzip,deflate
15:04:33.062 [main] DEBUG org.apache.http.wire -  >> "{"password":"123456","fullname":"aditya nugraha perdana","email":""}"
15:04:33.083 [main] DEBUG org.apache.http.wire -  << "HTTP/1.1 400 Bad Request[\r][\n]"
15:04:33.083 [main] DEBUG org.apache.http.wire -  << "content-type: application/json[\r][\n]"
15:04:33.083 [main] DEBUG org.apache.http.wire -  << "date: Mon, 08 May 2023 08:04:32 GMT[\r][\n]"
15:04:33.083 [main] DEBUG org.apache.http.wire -  << "content-encoding: gzip[\r][\n]"
15:04:33.084 [main] DEBUG org.apache.http.wire -  << "transfer-encoding: chunked[\r][\n]"
15:04:33.084 [main] DEBUG org.apache.http.wire -  << "server: Fly/3f2597ca (2023-05-03)[\r][\n]"
15:04:33.084 [main] DEBUG org.apache.http.wire -  << "via: 1.1 fly.io[\r][\n]"
15:04:33.084 [main] DEBUG org.apache.http.wire -  << "fly-request-id: 01GZX681XHWV5ZYTF42V1YYDPD-sin[\r][\n]"
15:04:33.084 [main] DEBUG org.apache.http.wire -  << "[\r][\n]"
15:04:33.084 [main] DEBUG org.apache.http.impl.conn.DefaultClientConnection - Receiving response: HTTP/1.1 400 Bad Request
15:04:33.084 [main] DEBUG org.apache.http.headers - << HTTP/1.1 400 Bad Request
15:04:33.084 [main] DEBUG org.apache.http.headers - << content-type: application/json
15:04:33.084 [main] DEBUG org.apache.http.headers - << date: Mon, 08 May 2023 08:04:32 GMT
15:04:33.084 [main] DEBUG org.apache.http.headers - << content-encoding: gzip
15:04:33.084 [main] DEBUG org.apache.http.headers - << transfer-encoding: chunked
15:04:33.084 [main] DEBUG org.apache.http.headers - << server: Fly/3f2597ca (2023-05-03)
15:04:33.084 [main] DEBUG org.apache.http.headers - << via: 1.1 fly.io
15:04:33.084 [main] DEBUG org.apache.http.headers - << fly-request-id: 01GZX681XHWV5ZYTF42V1YYDPD-sin
15:04:33.084 [main] DEBUG org.apache.http.impl.client.DefaultHttpClient - Connection can be kept alive indefinitely
15:04:33.084 [main] DEBUG io.restassured.internal.RestAssuredHttpBuilder - Parsing response as: application/json
15:04:33.084 [main] DEBUG org.apache.http.wire -  << "32[\r][\n]"
15:04:33.084 [main] DEBUG org.apache.http.wire -  << "[0x1f][0x8b][0x8][0x0][0x0][0x0][0x0][0x0][0x4][0xff][0xab]VJ-*[0xca]/R[0xb2]RJ[0xcd]M[0xcc][0xcc]Q[0xc8],V(J-,[0xcd],JMQ[0xaa][0xe5][0x2][0x0]&[0xe3][0xaa]j[0x1e][0x0][0x0][0x0]"
15:04:33.084 [main] DEBUG org.apache.http.wire -  << "[\r][\n]"
15:04:33.085 [main] DEBUG org.apache.http.wire -  << "0[\r][\n]"
15:04:33.085 [main] DEBUG org.apache.http.wire -  << "[\r][\n]"
15:04:33.085 [main] DEBUG io.restassured.internal.RestAssuredHttpBuilder - Parsed data to instance of: class org.apache.http.conn.EofSensorInputStream
15:04:33.086 [main] DEBUG org.apache.http.impl.conn.BasicClientConnectionManager - Releasing connection org.apache.http.impl.conn.ManagedClientConnectionImpl@286dfa20
15:04:33.086 [main] DEBUG org.apache.http.impl.conn.BasicClientConnectionManager - Connection can be kept alive indefinitely
15:04:33.086 [main] DEBUG net.thucydides.core.steps.StepInterceptor - STEP DONE: I send POST HTTP request register3
  &amp#27;[32mWhen &amp#27;[0m&amp#27;[32mI send POST HTTP request register3&amp#27;[0m              &amp#27;[90m# starter.stepdefinitions.RegisterSteps.sendPostHttpRequestRegister3()&amp#27;[0m
15:04:33.089 [main] DEBUG net.thucydides.core.steps.StepInterceptor - STARTING STEP: RegisterSteps.receiveValidHttp400Register - I receive valid HTTP response code 400 register
15:04:33.089 [main] DEBUG net.thucydides.core.steps.StepInterceptor - STEP DONE: I receive valid HTTP response code 400 register
  &amp#27;[32mThen &amp#27;[0m&amp#27;[32mI receive valid HTTP response code 400 register&amp#27;[0m &amp#27;[90m# starter.stepdefinitions.RegisterSteps.receiveValidHttp400Register()&amp#27;[0m
15:04:33.091 [main] INFO  - 
  _____   ___   ___   _____     ___     _     ___   ___   ___   ___  
 |_   _| | __| / __| |_   _|   | _ \   /_\   / __| / __| | __| |   \ 
   | |   | _|  \__ \   | |     |  _/  / _ \  \__ \ \__ \ | _|  | |) |
   |_|   |___| |___/   |_|     |_|   /_/ \_\ |___/ |___/ |___| |___/ 

POST - Register without email
----------------------------------------------------------------------
]]></system-out>
  </testcase>
  <testcase name="POST - Register without password" classname="Register" time="0.108">
    <system-out><![CDATA[
Scenario: POST - Register without password             &amp#27;[90m# src/test/resources/features/1. Register.feature:22&amp#27;[0m
15:04:33.100 [main] DEBUG io.cucumber.core.plugin.SerenityReporter - Running feature from file:///E:/APIMinpro/API/minpro/src/test/resources/features/1.%20Register.feature
15:04:33.102 [main] INFO  - 
  _____   ___   ___   _____     ___   _____     _     ___   _____   ___   ___  
 |_   _| | __| / __| |_   _|   / __| |_   _|   /_\   | _ \ |_   _| | __| |   \ 
   | |   | _|  \__ \   | |     \__ \   | |    / _ \  |   /   | |   | _|  | |) |
   |_|   |___| |___/   |_|     |___/   |_|   /_/ \_\ |_|_\   |_|   |___| |___/ 

POST - Register without password(register;post---register-without-password)
--------------------------------------------------------------------------------
15:04:33.109 [main] DEBUG net.thucydides.core.steps.StepInterceptor - STARTING STEP: RegisterSteps.setPostApiEndpointsRegister - I set POST api endpoints register
15:04:33.109 [main] DEBUG net.thucydides.core.steps.StepInterceptor - STEP DONE: I set POST api endpoints register
  &amp#27;[32mGiven &amp#27;[0m&amp#27;[32mI set POST api endpoints register&amp#27;[0m              &amp#27;[90m# starter.stepdefinitions.RegisterSteps.setPostApiEndpointsRegister()&amp#27;[0m
15:04:33.112 [main] DEBUG net.thucydides.core.steps.StepInterceptor - STARTING STEP: RegisterSteps.sendPostHttpRequest4 - I send POST HTTP request register4
15:04:33.114 [main] DEBUG net.thucydides.core.steps.StepInterceptor - STARTING STEP: Register.sendPostHttpRequestRegister4 - I set POST api endpoints register
15:04:33.115 [main] DEBUG net.thucydides.core.steps.StepInterceptor - STEP DONE: I set POST api endpoints register
15:04:33.125 [main] DEBUG org.apache.http.impl.conn.BasicClientConnectionManager - Get connection for route {s}->https://altashop-api.fly.dev:443
15:04:33.125 [main] DEBUG org.apache.http.impl.conn.DefaultClientConnectionOperator - Connecting to altashop-api.fly.dev:443
15:04:33.174 [main] DEBUG org.apache.http.client.protocol.RequestAddCookies - CookieSpec selected: ignoreCookies
15:04:33.174 [main] DEBUG org.apache.http.client.protocol.RequestAuthCache - Auth cache not set in the context
15:04:33.174 [main] DEBUG org.apache.http.client.protocol.RequestTargetAuthentication - Target auth state: UNCHALLENGED
15:04:33.174 [main] DEBUG org.apache.http.client.protocol.RequestProxyAuthentication - Proxy auth state: UNCHALLENGED
15:04:33.174 [main] DEBUG org.apache.http.impl.client.DefaultHttpClient - Attempt 1 to execute request
15:04:33.174 [main] DEBUG org.apache.http.impl.conn.DefaultClientConnection - Sending request: POST /api/auth/register HTTP/1.1
15:04:33.174 [main] DEBUG org.apache.http.wire -  >> "POST /api/auth/register HTTP/1.1[\r][\n]"
15:04:33.174 [main] DEBUG org.apache.http.wire -  >> "Accept: */*[\r][\n]"
15:04:33.174 [main] DEBUG org.apache.http.wire -  >> "Content-Type: application/json[\r][\n]"
15:04:33.174 [main] DEBUG org.apache.http.wire -  >> "Content-Length: 78[\r][\n]"
15:04:33.174 [main] DEBUG org.apache.http.wire -  >> "Host: altashop-api.fly.dev[\r][\n]"
15:04:33.174 [main] DEBUG org.apache.http.wire -  >> "Connection: Keep-Alive[\r][\n]"
15:04:33.174 [main] DEBUG org.apache.http.wire -  >> "User-Agent: Apache-HttpClient/4.5.13 (Java/11.0.15.1)[\r][\n]"
15:04:33.174 [main] DEBUG org.apache.http.wire -  >> "Accept-Encoding: gzip,deflate[\r][\n]"
15:04:33.174 [main] DEBUG org.apache.http.wire -  >> "[\r][\n]"
15:04:33.174 [main] DEBUG org.apache.http.headers - >> POST /api/auth/register HTTP/1.1
15:04:33.174 [main] DEBUG org.apache.http.headers - >> Accept: */*
15:04:33.174 [main] DEBUG org.apache.http.headers - >> Content-Type: application/json
15:04:33.174 [main] DEBUG org.apache.http.headers - >> Content-Length: 78
15:04:33.174 [main] DEBUG org.apache.http.headers - >> Host: altashop-api.fly.dev
15:04:33.174 [main] DEBUG org.apache.http.headers - >> Connection: Keep-Alive
15:04:33.174 [main] DEBUG org.apache.http.headers - >> User-Agent: Apache-HttpClient/4.5.13 (Java/11.0.15.1)
15:04:33.174 [main] DEBUG org.apache.http.headers - >> Accept-Encoding: gzip,deflate
15:04:33.174 [main] DEBUG org.apache.http.wire -  >> "{"password":"","fullname":"aditya nugraha perdana","email":"aditya@gmail.com"}"
15:04:33.193 [main] DEBUG org.apache.http.wire -  << "HTTP/1.1 400 Bad Request[\r][\n]"
15:04:33.194 [main] DEBUG org.apache.http.wire -  << "content-type: application/json[\r][\n]"
15:04:33.194 [main] DEBUG org.apache.http.wire -  << "date: Mon, 08 May 2023 08:04:32 GMT[\r][\n]"
15:04:33.194 [main] DEBUG org.apache.http.wire -  << "content-encoding: gzip[\r][\n]"
15:04:33.194 [main] DEBUG org.apache.http.wire -  << "transfer-encoding: chunked[\r][\n]"
15:04:33.194 [main] DEBUG org.apache.http.wire -  << "server: Fly/3f2597ca (2023-05-03)[\r][\n]"
15:04:33.194 [main] DEBUG org.apache.http.wire -  << "via: 1.1 fly.io[\r][\n]"
15:04:33.194 [main] DEBUG org.apache.http.wire -  << "fly-request-id: 01GZX68210ACPE92BW686JAXN0-sin[\r][\n]"
15:04:33.194 [main] DEBUG org.apache.http.wire -  << "[\r][\n]"
15:04:33.194 [main] DEBUG org.apache.http.impl.conn.DefaultClientConnection - Receiving response: HTTP/1.1 400 Bad Request
15:04:33.194 [main] DEBUG org.apache.http.headers - << HTTP/1.1 400 Bad Request
15:04:33.194 [main] DEBUG org.apache.http.headers - << content-type: application/json
15:04:33.194 [main] DEBUG org.apache.http.headers - << date: Mon, 08 May 2023 08:04:32 GMT
15:04:33.194 [main] DEBUG org.apache.http.headers - << content-encoding: gzip
15:04:33.194 [main] DEBUG org.apache.http.headers - << transfer-encoding: chunked
15:04:33.194 [main] DEBUG org.apache.http.headers - << server: Fly/3f2597ca (2023-05-03)
15:04:33.194 [main] DEBUG org.apache.http.headers - << via: 1.1 fly.io
15:04:33.194 [main] DEBUG org.apache.http.headers - << fly-request-id: 01GZX68210ACPE92BW686JAXN0-sin
15:04:33.194 [main] DEBUG org.apache.http.impl.client.DefaultHttpClient - Connection can be kept alive indefinitely
15:04:33.194 [main] DEBUG io.restassured.internal.RestAssuredHttpBuilder - Parsing response as: application/json
15:04:33.194 [main] DEBUG org.apache.http.wire -  << "35[\r][\n]"
15:04:33.194 [main] DEBUG org.apache.http.wire -  << "[0x1f][0x8b][0x8][0x0][0x0][0x0][0x0][0x0][0x4][0xff][0xab]VJ-*[0xca]/R[0xb2]R*H,..[0xcf]/JQ[0xc8],V(J-,[0xcd],JMQ[0xaa][0xe5][0x2][0x0][0xb9][0x8f][0xe5][0xe0]![0x0][0x0][0x0]"
15:04:33.194 [main] DEBUG org.apache.http.wire -  << "[\r][\n]"
15:04:33.194 [main] DEBUG org.apache.http.wire -  << "0[\r][\n]"
15:04:33.194 [main] DEBUG org.apache.http.wire -  << "[\r][\n]"
15:04:33.194 [main] DEBUG io.restassured.internal.RestAssuredHttpBuilder - Parsed data to instance of: class org.apache.http.conn.EofSensorInputStream
15:04:33.195 [main] DEBUG org.apache.http.impl.conn.BasicClientConnectionManager - Releasing connection org.apache.http.impl.conn.ManagedClientConnectionImpl@673a9db4
15:04:33.195 [main] DEBUG org.apache.http.impl.conn.BasicClientConnectionManager - Connection can be kept alive indefinitely
15:04:33.196 [main] DEBUG net.thucydides.core.steps.StepInterceptor - STEP DONE: I send POST HTTP request register4
  &amp#27;[32mWhen &amp#27;[0m&amp#27;[32mI send POST HTTP request register4&amp#27;[0m              &amp#27;[90m# starter.stepdefinitions.RegisterSteps.sendPostHttpRequest4()&amp#27;[0m
15:04:33.198 [main] DEBUG net.thucydides.core.steps.StepInterceptor - STARTING STEP: RegisterSteps.receiveValidHttp400Register - I receive valid HTTP response code 400 register
15:04:33.198 [main] DEBUG net.thucydides.core.steps.StepInterceptor - STEP DONE: I receive valid HTTP response code 400 register
  &amp#27;[32mThen &amp#27;[0m&amp#27;[32mI receive valid HTTP response code 400 register&amp#27;[0m &amp#27;[90m# starter.stepdefinitions.RegisterSteps.receiveValidHttp400Register()&amp#27;[0m
15:04:33.199 [main] INFO  - 
  _____   ___   ___   _____     ___     _     ___   ___   ___   ___  
 |_   _| | __| / __| |_   _|   | _ \   /_\   / __| / __| | __| |   \ 
   | |   | _|  \__ \   | |     |  _/  / _ \  \__ \ \__ \ | _|  | |) |
   |_|   |___| |___/   |_|     |_|   /_/ \_\ |___/ |___/ |___| |___/ 

POST - Register without password
----------------------------------------------------------------------
]]></system-out>
  </testcase>
  <testcase name="POST - Register with existed account" classname="Register" time="0.11">
    <system-out><![CDATA[
Scenario: POST - Register with existed account         &amp#27;[90m# src/test/resources/features/1. Register.feature:27&amp#27;[0m
15:04:33.206 [main] DEBUG io.cucumber.core.plugin.SerenityReporter - Running feature from file:///E:/APIMinpro/API/minpro/src/test/resources/features/1.%20Register.feature
15:04:33.208 [main] INFO  - 
  _____   ___   ___   _____     ___   _____     _     ___   _____   ___   ___  
 |_   _| | __| / __| |_   _|   / __| |_   _|   /_\   | _ \ |_   _| | __| |   \ 
   | |   | _|  \__ \   | |     \__ \   | |    / _ \  |   /   | |   | _|  | |) |
   |_|   |___| |___/   |_|     |___/   |_|   /_/ \_\ |_|_\   |_|   |___| |___/ 

POST - Register with existed account(register;post---register-with-existed-account)
--------------------------------------------------------------------------------
15:04:33.218 [main] DEBUG net.thucydides.core.steps.StepInterceptor - STARTING STEP: RegisterSteps.setPostApiEndpointsRegister - I set POST api endpoints register
15:04:33.219 [main] DEBUG net.thucydides.core.steps.StepInterceptor - STEP DONE: I set POST api endpoints register
  &amp#27;[32mGiven &amp#27;[0m&amp#27;[32mI set POST api endpoints register&amp#27;[0m              &amp#27;[90m# starter.stepdefinitions.RegisterSteps.setPostApiEndpointsRegister()&amp#27;[0m
15:04:33.222 [main] DEBUG net.thucydides.core.steps.StepInterceptor - STARTING STEP: RegisterSteps.sendPostHttpRequest5 - I send POST HTTP request register5
15:04:33.223 [main] DEBUG net.thucydides.core.steps.StepInterceptor - STARTING STEP: Register.sendPostHttpRequestRegister5 - I set POST api endpoints register
15:04:33.223 [main] DEBUG net.thucydides.core.steps.StepInterceptor - STEP DONE: I set POST api endpoints register
15:04:33.232 [main] DEBUG org.apache.http.impl.conn.BasicClientConnectionManager - Get connection for route {s}->https://altashop-api.fly.dev:443
15:04:33.233 [main] DEBUG org.apache.http.impl.conn.DefaultClientConnectionOperator - Connecting to altashop-api.fly.dev:443
15:04:33.280 [main] DEBUG org.apache.http.client.protocol.RequestAddCookies - CookieSpec selected: ignoreCookies
15:04:33.280 [main] DEBUG org.apache.http.client.protocol.RequestAuthCache - Auth cache not set in the context
15:04:33.280 [main] DEBUG org.apache.http.client.protocol.RequestTargetAuthentication - Target auth state: UNCHALLENGED
15:04:33.280 [main] DEBUG org.apache.http.client.protocol.RequestProxyAuthentication - Proxy auth state: UNCHALLENGED
15:04:33.280 [main] DEBUG org.apache.http.impl.client.DefaultHttpClient - Attempt 1 to execute request
15:04:33.280 [main] DEBUG org.apache.http.impl.conn.DefaultClientConnection - Sending request: POST /api/auth/register HTTP/1.1
15:04:33.280 [main] DEBUG org.apache.http.wire -  >> "POST /api/auth/register HTTP/1.1[\r][\n]"
15:04:33.280 [main] DEBUG org.apache.http.wire -  >> "Accept: */*[\r][\n]"
15:04:33.280 [main] DEBUG org.apache.http.wire -  >> "Content-Type: application/json[\r][\n]"
15:04:33.280 [main] DEBUG org.apache.http.wire -  >> "Content-Length: 65[\r][\n]"
15:04:33.280 [main] DEBUG org.apache.http.wire -  >> "Host: altashop-api.fly.dev[\r][\n]"
15:04:33.280 [main] DEBUG org.apache.http.wire -  >> "Connection: Keep-Alive[\r][\n]"
15:04:33.280 [main] DEBUG org.apache.http.wire -  >> "User-Agent: Apache-HttpClient/4.5.13 (Java/11.0.15.1)[\r][\n]"
15:04:33.280 [main] DEBUG org.apache.http.wire -  >> "Accept-Encoding: gzip,deflate[\r][\n]"
15:04:33.280 [main] DEBUG org.apache.http.wire -  >> "[\r][\n]"
15:04:33.280 [main] DEBUG org.apache.http.headers - >> POST /api/auth/register HTTP/1.1
15:04:33.280 [main] DEBUG org.apache.http.headers - >> Accept: */*
15:04:33.280 [main] DEBUG org.apache.http.headers - >> Content-Type: application/json
15:04:33.280 [main] DEBUG org.apache.http.headers - >> Content-Length: 65
15:04:33.280 [main] DEBUG org.apache.http.headers - >> Host: altashop-api.fly.dev
15:04:33.280 [main] DEBUG org.apache.http.headers - >> Connection: Keep-Alive
15:04:33.280 [main] DEBUG org.apache.http.headers - >> User-Agent: Apache-HttpClient/4.5.13 (Java/11.0.15.1)
15:04:33.280 [main] DEBUG org.apache.http.headers - >> Accept-Encoding: gzip,deflate
15:04:33.280 [main] DEBUG org.apache.http.wire -  >> "{"password":"adit123","fullname":"adit","email":"adit@gmail.com"}"
15:04:33.303 [main] DEBUG org.apache.http.wire -  << "HTTP/1.1 400 Bad Request[\r][\n]"
15:04:33.303 [main] DEBUG org.apache.http.wire -  << "content-type: application/json[\r][\n]"
15:04:33.303 [main] DEBUG org.apache.http.wire -  << "date: Mon, 08 May 2023 08:04:32 GMT[\r][\n]"
15:04:33.303 [main] DEBUG org.apache.http.wire -  << "content-encoding: gzip[\r][\n]"
15:04:33.303 [main] DEBUG org.apache.http.wire -  << "transfer-encoding: chunked[\r][\n]"
15:04:33.303 [main] DEBUG org.apache.http.wire -  << "server: Fly/3f2597ca (2023-05-03)[\r][\n]"
15:04:33.303 [main] DEBUG org.apache.http.wire -  << "via: 1.1 fly.io[\r][\n]"
15:04:33.303 [main] DEBUG org.apache.http.wire -  << "fly-request-id: 01GZX6824DN04QX2WFQCD7M4YT-sin[\r][\n]"
15:04:33.303 [main] DEBUG org.apache.http.wire -  << "[\r][\n]"
15:04:33.303 [main] DEBUG org.apache.http.impl.conn.DefaultClientConnection - Receiving response: HTTP/1.1 400 Bad Request
15:04:33.303 [main] DEBUG org.apache.http.headers - << HTTP/1.1 400 Bad Request
15:04:33.303 [main] DEBUG org.apache.http.headers - << content-type: application/json
15:04:33.303 [main] DEBUG org.apache.http.headers - << date: Mon, 08 May 2023 08:04:32 GMT
15:04:33.303 [main] DEBUG org.apache.http.headers - << content-encoding: gzip
15:04:33.303 [main] DEBUG org.apache.http.headers - << transfer-encoding: chunked
15:04:33.303 [main] DEBUG org.apache.http.headers - << server: Fly/3f2597ca (2023-05-03)
15:04:33.303 [main] DEBUG org.apache.http.headers - << via: 1.1 fly.io
15:04:33.303 [main] DEBUG org.apache.http.headers - << fly-request-id: 01GZX6824DN04QX2WFQCD7M4YT-sin
15:04:33.303 [main] DEBUG org.apache.http.impl.client.DefaultHttpClient - Connection can be kept alive indefinitely
15:04:33.303 [main] DEBUG io.restassured.internal.RestAssuredHttpBuilder - Parsing response as: application/json
15:04:33.303 [main] DEBUG org.apache.http.wire -  << "7B[\r][\n]"
15:04:33.303 [main] DEBUG org.apache.http.wire -  << "[0x1f][0x8b][0x8][0x0][0x0][0x0][0x0][0x0][0x4][0xff][0xab]VJ-*[0xca]/R[0xb2]Rr[\r][\n]"
15:04:33.303 [main] DEBUG org.apache.http.wire -  << "[0xf2][0xf][0xb2]RH)-[0xc8][0xc9]LN,IU[0xc8]N[0xad]T(K[0xcc])MU([0xcb][0xcc][0xcf]I,I-V([0xcd][0xcb],,MUH[0xce][0xcf]+.)J[0xcc][0xcc]+Q[0x88]Q*-N-*[0x8e]O[0xcd]M[0xcc][0xcc][0x89][0xcf]N[0xad][0x8c]QR[0xd0][0x8][0xe][0xf4][0x9][0xe]q[0xc]qU02650[0xd5]T[0xaa][0xe5][0x2][0x0][0x1a]G[0x13]pg[0x0][0x0][0x0]"
15:04:33.304 [main] DEBUG org.apache.http.wire -  << "[\r][\n]"
15:04:33.304 [main] DEBUG org.apache.http.wire -  << "0[\r][\n]"
15:04:33.304 [main] DEBUG org.apache.http.wire -  << "[\r][\n]"
15:04:33.304 [main] DEBUG io.restassured.internal.RestAssuredHttpBuilder - Parsed data to instance of: class org.apache.http.conn.EofSensorInputStream
15:04:33.305 [main] DEBUG org.apache.http.impl.conn.BasicClientConnectionManager - Releasing connection org.apache.http.impl.conn.ManagedClientConnectionImpl@71418a4a
15:04:33.305 [main] DEBUG org.apache.http.impl.conn.BasicClientConnectionManager - Connection can be kept alive indefinitely
15:04:33.305 [main] DEBUG net.thucydides.core.steps.StepInterceptor - STEP DONE: I send POST HTTP request register5
  &amp#27;[32mWhen &amp#27;[0m&amp#27;[32mI send POST HTTP request register5&amp#27;[0m              &amp#27;[90m# starter.stepdefinitions.RegisterSteps.sendPostHttpRequest5()&amp#27;[0m
15:04:33.307 [main] DEBUG net.thucydides.core.steps.StepInterceptor - STARTING STEP: RegisterSteps.receiveValidHttp400Register - I receive valid HTTP response code 400 register
15:04:33.308 [main] DEBUG net.thucydides.core.steps.StepInterceptor - STEP DONE: I receive valid HTTP response code 400 register
  &amp#27;[32mThen &amp#27;[0m&amp#27;[32mI receive valid HTTP response code 400 register&amp#27;[0m &amp#27;[90m# starter.stepdefinitions.RegisterSteps.receiveValidHttp400Register()&amp#27;[0m
15:04:33.310 [main] INFO  - 
  _____   ___   ___   _____     ___     _     ___   ___   ___   ___  
 |_   _| | __| / __| |_   _|   | _ \   /_\   / __| / __| | __| |   \ 
   | |   | _|  \__ \   | |     |  _/  / _ \  \__ \ \__ \ | _|  | |) |
   |_|   |___| |___/   |_|     |_|   /_/ \_\ |___/ |___/ |___| |___/ 

POST - Register with existed account
----------------------------------------------------------------------
]]></system-out>
  </testcase>
  <testcase name="POST - Login with valid credential" classname="Login" time="0.11">
    <system-out><![CDATA[15:04:33.311 [main] DEBUG io.cucumber.core.plugin.SerenityReporter - Running feature from file:///E:/APIMinpro/API/minpro/src/test/resources/features/2.%20Login.feature
15:04:33.313 [main] DEBUG net.thucydides.core.steps.StepEventBus - Test suite started for story net.thucydides.core.model.Story@86b1dd01
15:04:33.314 [main] INFO  - Test Suite Started: Login

Scenario: POST - Login with valid credential        &amp#27;[90m# src/test/resources/features/2. Login.feature:7&amp#27;[0m
15:04:33.321 [main] DEBUG io.cucumber.core.plugin.SerenityReporter - Running feature from file:///E:/APIMinpro/API/minpro/src/test/resources/features/2.%20Login.feature
15:04:33.323 [main] INFO  - 
  _____   ___   ___   _____     ___   _____     _     ___   _____   ___   ___  
 |_   _| | __| / __| |_   _|   / __| |_   _|   /_\   | _ \ |_   _| | __| |   \ 
   | |   | _|  \__ \   | |     \__ \   | |    / _ \  |   /   | |   | _|  | |) |
   |_|   |___| |___/   |_|     |___/   |_|   /_/ \_\ |_|_\   |_|   |___| |___/ 

POST - Login with valid credential(login;post---login-with-valid-credential)
--------------------------------------------------------------------------------
15:04:33.341 [main] DEBUG net.thucydides.core.steps.StepInterceptor - STARTING STEP: LoginSteps.setPostApiEndpointsLogin - I set POST api endpoints login
15:04:33.341 [main] DEBUG net.thucydides.core.steps.StepInterceptor - STEP DONE: I set POST api endpoints login
  &amp#27;[32mGiven &amp#27;[0m&amp#27;[32mI set POST api endpoints login&amp#27;[0m              &amp#27;[90m# starter.stepdefinitions.LoginSteps.setPostApiEndpointsLogin()&amp#27;[0m
15:04:33.345 [main] DEBUG net.thucydides.core.steps.StepInterceptor - STARTING STEP: LoginSteps.sendPostHttpRequestLogin - I send POST HTTP request login
15:04:33.347 [main] DEBUG net.thucydides.core.steps.StepInterceptor - STARTING STEP: Login.sendPostHttpRequestLogin - I set POST api endpoints login
15:04:33.347 [main] DEBUG net.thucydides.core.steps.StepInterceptor - STEP DONE: I set POST api endpoints login
15:04:33.356 [main] DEBUG org.apache.http.impl.conn.BasicClientConnectionManager - Get connection for route {s}->https://altashop-api.fly.dev:443
15:04:33.356 [main] DEBUG org.apache.http.impl.conn.DefaultClientConnectionOperator - Connecting to altashop-api.fly.dev:443
15:04:33.399 [main] DEBUG org.apache.http.client.protocol.RequestAddCookies - CookieSpec selected: ignoreCookies
15:04:33.399 [main] DEBUG org.apache.http.client.protocol.RequestAuthCache - Auth cache not set in the context
15:04:33.399 [main] DEBUG org.apache.http.client.protocol.RequestTargetAuthentication - Target auth state: UNCHALLENGED
15:04:33.399 [main] DEBUG org.apache.http.client.protocol.RequestProxyAuthentication - Proxy auth state: UNCHALLENGED
15:04:33.399 [main] DEBUG org.apache.http.impl.client.DefaultHttpClient - Attempt 1 to execute request
15:04:33.399 [main] DEBUG org.apache.http.impl.conn.DefaultClientConnection - Sending request: POST /api/auth/login HTTP/1.1
15:04:33.399 [main] DEBUG org.apache.http.wire -  >> "POST /api/auth/login HTTP/1.1[\r][\n]"
15:04:33.399 [main] DEBUG org.apache.http.wire -  >> "Accept: */*[\r][\n]"
15:04:33.399 [main] DEBUG org.apache.http.wire -  >> "Content-Type: application/json[\r][\n]"
15:04:33.399 [main] DEBUG org.apache.http.wire -  >> "Content-Length: 47[\r][\n]"
15:04:33.399 [main] DEBUG org.apache.http.wire -  >> "Host: altashop-api.fly.dev[\r][\n]"
15:04:33.399 [main] DEBUG org.apache.http.wire -  >> "Connection: Keep-Alive[\r][\n]"
15:04:33.399 [main] DEBUG org.apache.http.wire -  >> "User-Agent: Apache-HttpClient/4.5.13 (Java/11.0.15.1)[\r][\n]"
15:04:33.399 [main] DEBUG org.apache.http.wire -  >> "Accept-Encoding: gzip,deflate[\r][\n]"
15:04:33.399 [main] DEBUG org.apache.http.wire -  >> "[\r][\n]"
15:04:33.399 [main] DEBUG org.apache.http.headers - >> POST /api/auth/login HTTP/1.1
15:04:33.399 [main] DEBUG org.apache.http.headers - >> Accept: */*
15:04:33.399 [main] DEBUG org.apache.http.headers - >> Content-Type: application/json
15:04:33.399 [main] DEBUG org.apache.http.headers - >> Content-Length: 47
15:04:33.399 [main] DEBUG org.apache.http.headers - >> Host: altashop-api.fly.dev
15:04:33.399 [main] DEBUG org.apache.http.headers - >> Connection: Keep-Alive
15:04:33.399 [main] DEBUG org.apache.http.headers - >> User-Agent: Apache-HttpClient/4.5.13 (Java/11.0.15.1)
15:04:33.399 [main] DEBUG org.apache.http.headers - >> Accept-Encoding: gzip,deflate
15:04:33.399 [main] DEBUG org.apache.http.wire -  >> "{"password":"adit123","email":"adit@gmail.com"}"
15:04:33.418 [main] DEBUG org.apache.http.wire -  << "HTTP/1.1 200 OK[\r][\n]"
15:04:33.418 [main] DEBUG org.apache.http.wire -  << "content-type: application/json[\r][\n]"
15:04:33.418 [main] DEBUG org.apache.http.wire -  << "date: Mon, 08 May 2023 08:04:32 GMT[\r][\n]"
15:04:33.418 [main] DEBUG org.apache.http.wire -  << "content-encoding: gzip[\r][\n]"
15:04:33.418 [main] DEBUG org.apache.http.wire -  << "transfer-encoding: chunked[\r][\n]"
15:04:33.418 [main] DEBUG org.apache.http.wire -  << "server: Fly/3f2597ca (2023-05-03)[\r][\n]"
15:04:33.418 [main] DEBUG org.apache.http.wire -  << "via: 1.1 fly.io[\r][\n]"
15:04:33.418 [main] DEBUG org.apache.http.wire -  << "fly-request-id: 01GZX68281PNRB824BZJHZH89M-sin[\r][\n]"
15:04:33.418 [main] DEBUG org.apache.http.wire -  << "[\r][\n]"
15:04:33.418 [main] DEBUG org.apache.http.impl.conn.DefaultClientConnection - Receiving response: HTTP/1.1 200 OK
15:04:33.418 [main] DEBUG org.apache.http.headers - << HTTP/1.1 200 OK
15:04:33.418 [main] DEBUG org.apache.http.headers - << content-type: application/json
15:04:33.418 [main] DEBUG org.apache.http.headers - << date: Mon, 08 May 2023 08:04:32 GMT
15:04:33.418 [main] DEBUG org.apache.http.headers - << content-encoding: gzip
15:04:33.418 [main] DEBUG org.apache.http.headers - << transfer-encoding: chunked
15:04:33.418 [main] DEBUG org.apache.http.headers - << server: Fly/3f2597ca (2023-05-03)
15:04:33.418 [main] DEBUG org.apache.http.headers - << via: 1.1 fly.io
15:04:33.418 [main] DEBUG org.apache.http.headers - << fly-request-id: 01GZX68281PNRB824BZJHZH89M-sin
15:04:33.418 [main] DEBUG org.apache.http.impl.client.DefaultHttpClient - Connection can be kept alive indefinitely
15:04:33.419 [main] DEBUG io.restassured.internal.RestAssuredHttpBuilder - Parsing response as: application/json
15:04:33.419 [main] DEBUG org.apache.http.wire -  << "B5[\r][\n]"
15:04:33.419 [main] DEBUG org.apache.http.wire -  << "[0x1f][0x8b][0x8][0x0][0x0][0x0][0x0][0x0][0x4][0xff][0xab]VJI,IT[0xb2]RJ[0xad][0xf4][0xca]HrO[0xce][0xf4][0xcf][0xf4][0xf2][0xc][0xad][0xf2]4[0xf4][0xcb][0xf4],[0xf6][0xcc][0xb]2Mv[0xf6]4[0xf3][0xcc].[0x88][0x8]s[0xf6][0xb2][0xd4]K[0xad][0xf4]rO[0x9][0xaf](N[0xca]u+[0x89][\n]"
15:04:33.419 [main] DEBUG org.apache.http.wire -  << "[0x6]I[0xb8]e'F[0x4][0x99]F[0x6];[0xf9][0xa7][0x84][0xa7]TF[0x86]gdxf[0x96]g[0x6][0x85][0x1b]f$[0x86][0x97][0x83][0xc][0xcb][0x88]r[0xcf]1[0x8]tO)[0x89][0xc][0xcf])[0xf6][0xc9][0xf5]+K[\n]"
15:04:33.419 [main] DEBUG org.apache.http.wire -  << "[0xf6][0xb2][0xd4][0xb][0xf3]5[0xca]q[0xc][0xca][0xce][0xcd][0xcd][0xc9],5,[0x8]/[0xc9]6,[0xcd]H[0xb2][0xa8]2MsOt[0xcd])[0xf3]0[0xcc][0xf2][0xcc][0x8f][0xf4]57[\n]"
15:04:33.419 [main] DEBUG org.apache.http.wire -  << "I5NW[0xaa][0xe5][0x2][0x0]:[0xa7]R[0xe5][0xa5][0x0][0x0][0x0]"
15:04:33.419 [main] DEBUG org.apache.http.wire -  << "[\r][\n]"
15:04:33.419 [main] DEBUG org.apache.http.wire -  << "0[\r][\n]"
15:04:33.419 [main] DEBUG org.apache.http.wire -  << "[\r][\n]"
15:04:33.419 [main] DEBUG io.restassured.internal.RestAssuredHttpBuilder - Parsed data to instance of: class org.apache.http.conn.EofSensorInputStream
15:04:33.420 [main] DEBUG org.apache.http.impl.conn.BasicClientConnectionManager - Releasing connection org.apache.http.impl.conn.ManagedClientConnectionImpl@29ccab93
15:04:33.420 [main] DEBUG org.apache.http.impl.conn.BasicClientConnectionManager - Connection can be kept alive indefinitely
15:04:33.420 [main] DEBUG net.thucydides.core.steps.StepInterceptor - STEP DONE: I send POST HTTP request login
  &amp#27;[32mWhen &amp#27;[0m&amp#27;[32mI send POST HTTP request login&amp#27;[0m               &amp#27;[90m# starter.stepdefinitions.LoginSteps.sendPostHttpRequestLogin()&amp#27;[0m
15:04:33.423 [main] DEBUG net.thucydides.core.steps.StepInterceptor - STARTING STEP: LoginSteps.receiveValidHttp200Login - I receive valid HTTP response code 200 login
15:04:33.423 [main] DEBUG net.thucydides.core.steps.StepInterceptor - STEP DONE: I receive valid HTTP response code 200 login
  &amp#27;[32mThen &amp#27;[0m&amp#27;[32mI receive valid HTTP response code 200 login&amp#27;[0m &amp#27;[90m# starter.stepdefinitions.LoginSteps.receiveValidHttp200Login()&amp#27;[0m
15:04:33.425 [main] INFO  - 
  _____   ___   ___   _____     ___     _     ___   ___   ___   ___  
 |_   _| | __| / __| |_   _|   | _ \   /_\   / __| / __| | __| |   \ 
   | |   | _|  \__ \   | |     |  _/  / _ \  \__ \ \__ \ | _|  | |) |
   |_|   |___| |___/   |_|     |_|   /_/ \_\ |___/ |___/ |___| |___/ 

POST - Login with valid credential
----------------------------------------------------------------------
]]></system-out>
  </testcase>
  <testcase name="POST - Login wrong password" classname="Login" time="0.104">
    <system-out><![CDATA[
Scenario: POST - Login wrong password               &amp#27;[90m# src/test/resources/features/2. Login.feature:12&amp#27;[0m
15:04:33.431 [main] DEBUG io.cucumber.core.plugin.SerenityReporter - Running feature from file:///E:/APIMinpro/API/minpro/src/test/resources/features/2.%20Login.feature
15:04:33.433 [main] INFO  - 
  _____   ___   ___   _____     ___   _____     _     ___   _____   ___   ___  
 |_   _| | __| / __| |_   _|   / __| |_   _|   /_\   | _ \ |_   _| | __| |   \ 
   | |   | _|  \__ \   | |     \__ \   | |    / _ \  |   /   | |   | _|  | |) |
   |_|   |___| |___/   |_|     |___/   |_|   /_/ \_\ |_|_\   |_|   |___| |___/ 

POST - Login wrong password(login;post---login-wrong-password)
--------------------------------------------------------------------------------
15:04:33.441 [main] DEBUG net.thucydides.core.steps.StepInterceptor - STARTING STEP: LoginSteps.setPostApiEndpointsLogin - I set POST api endpoints login
15:04:33.441 [main] DEBUG net.thucydides.core.steps.StepInterceptor - STEP DONE: I set POST api endpoints login
  &amp#27;[32mGiven &amp#27;[0m&amp#27;[32mI set POST api endpoints login&amp#27;[0m              &amp#27;[90m# starter.stepdefinitions.LoginSteps.setPostApiEndpointsLogin()&amp#27;[0m
15:04:33.446 [main] DEBUG net.thucydides.core.steps.StepInterceptor - STARTING STEP: LoginSteps.sendPostHttpRequestLogin1 - I send POST HTTP request login1
15:04:33.447 [main] DEBUG net.thucydides.core.steps.StepInterceptor - STARTING STEP: Login.sendPostHttpRequestLogin1 - I set POST api endpoints login
15:04:33.447 [main] DEBUG net.thucydides.core.steps.StepInterceptor - STEP DONE: I set POST api endpoints login
15:04:33.457 [main] DEBUG org.apache.http.impl.conn.BasicClientConnectionManager - Get connection for route {s}->https://altashop-api.fly.dev:443
15:04:33.457 [main] DEBUG org.apache.http.impl.conn.DefaultClientConnectionOperator - Connecting to altashop-api.fly.dev:443
15:04:33.504 [main] DEBUG org.apache.http.client.protocol.RequestAddCookies - CookieSpec selected: ignoreCookies
15:04:33.504 [main] DEBUG org.apache.http.client.protocol.RequestAuthCache - Auth cache not set in the context
15:04:33.504 [main] DEBUG org.apache.http.client.protocol.RequestTargetAuthentication - Target auth state: UNCHALLENGED
15:04:33.504 [main] DEBUG org.apache.http.client.protocol.RequestProxyAuthentication - Proxy auth state: UNCHALLENGED
15:04:33.504 [main] DEBUG org.apache.http.impl.client.DefaultHttpClient - Attempt 1 to execute request
15:04:33.504 [main] DEBUG org.apache.http.impl.conn.DefaultClientConnection - Sending request: POST /api/auth/login HTTP/1.1
15:04:33.504 [main] DEBUG org.apache.http.wire -  >> "POST /api/auth/login HTTP/1.1[\r][\n]"
15:04:33.504 [main] DEBUG org.apache.http.wire -  >> "Accept: */*[\r][\n]"
15:04:33.504 [main] DEBUG org.apache.http.wire -  >> "Content-Type: application/json[\r][\n]"
15:04:33.504 [main] DEBUG org.apache.http.wire -  >> "Content-Length: 45[\r][\n]"
15:04:33.504 [main] DEBUG org.apache.http.wire -  >> "Host: altashop-api.fly.dev[\r][\n]"
15:04:33.504 [main] DEBUG org.apache.http.wire -  >> "Connection: Keep-Alive[\r][\n]"
15:04:33.504 [main] DEBUG org.apache.http.wire -  >> "User-Agent: Apache-HttpClient/4.5.13 (Java/11.0.15.1)[\r][\n]"
15:04:33.504 [main] DEBUG org.apache.http.wire -  >> "Accept-Encoding: gzip,deflate[\r][\n]"
15:04:33.504 [main] DEBUG org.apache.http.wire -  >> "[\r][\n]"
15:04:33.504 [main] DEBUG org.apache.http.headers - >> POST /api/auth/login HTTP/1.1
15:04:33.504 [main] DEBUG org.apache.http.headers - >> Accept: */*
15:04:33.504 [main] DEBUG org.apache.http.headers - >> Content-Type: application/json
15:04:33.504 [main] DEBUG org.apache.http.headers - >> Content-Length: 45
15:04:33.504 [main] DEBUG org.apache.http.headers - >> Host: altashop-api.fly.dev
15:04:33.504 [main] DEBUG org.apache.http.headers - >> Connection: Keep-Alive
15:04:33.504 [main] DEBUG org.apache.http.headers - >> User-Agent: Apache-HttpClient/4.5.13 (Java/11.0.15.1)
15:04:33.504 [main] DEBUG org.apache.http.headers - >> Accept-Encoding: gzip,deflate
15:04:33.504 [main] DEBUG org.apache.http.wire -  >> "{"password":"adit1","email":"adit@gmail.com"}"
15:04:33.523 [main] DEBUG org.apache.http.wire -  << "HTTP/1.1 400 Bad Request[\r][\n]"
15:04:33.524 [main] DEBUG org.apache.http.wire -  << "content-type: application/json[\r][\n]"
15:04:33.524 [main] DEBUG org.apache.http.wire -  << "date: Mon, 08 May 2023 08:04:32 GMT[\r][\n]"
15:04:33.524 [main] DEBUG org.apache.http.wire -  << "content-encoding: gzip[\r][\n]"
15:04:33.524 [main] DEBUG org.apache.http.wire -  << "transfer-encoding: chunked[\r][\n]"
15:04:33.524 [main] DEBUG org.apache.http.wire -  << "server: Fly/3f2597ca (2023-05-03)[\r][\n]"
15:04:33.524 [main] DEBUG org.apache.http.wire -  << "via: 1.1 fly.io[\r][\n]"
15:04:33.524 [main] DEBUG org.apache.http.wire -  << "fly-request-id: 01GZX682BAZQC36FF5HQZ9QA5Y-sin[\r][\n]"
15:04:33.524 [main] DEBUG org.apache.http.wire -  << "[\r][\n]"
15:04:33.524 [main] DEBUG org.apache.http.impl.conn.DefaultClientConnection - Receiving response: HTTP/1.1 400 Bad Request
15:04:33.524 [main] DEBUG org.apache.http.headers - << HTTP/1.1 400 Bad Request
15:04:33.524 [main] DEBUG org.apache.http.headers - << content-type: application/json
15:04:33.524 [main] DEBUG org.apache.http.headers - << date: Mon, 08 May 2023 08:04:32 GMT
15:04:33.524 [main] DEBUG org.apache.http.headers - << content-encoding: gzip
15:04:33.524 [main] DEBUG org.apache.http.headers - << transfer-encoding: chunked
15:04:33.524 [main] DEBUG org.apache.http.headers - << server: Fly/3f2597ca (2023-05-03)
15:04:33.524 [main] DEBUG org.apache.http.headers - << via: 1.1 fly.io
15:04:33.524 [main] DEBUG org.apache.http.headers - << fly-request-id: 01GZX682BAZQC36FF5HQZ9QA5Y-sin
15:04:33.524 [main] DEBUG org.apache.http.impl.client.DefaultHttpClient - Connection can be kept alive indefinitely
15:04:33.524 [main] DEBUG io.restassured.internal.RestAssuredHttpBuilder - Parsing response as: application/json
15:04:33.524 [main] DEBUG org.apache.http.wire -  << "3D[\r][\n]"
15:04:33.524 [main] DEBUG org.apache.http.wire -  << "[0x1f][0x8b][0x8][0x0][0x0][0x0][0x0][0x0][0x4][0xff][0xab]VJ-*[0xca]/R[0xb2]RJ[0xcd]M[0xcc][0xcc]Q[0xc8]/R(H,..[0xcf]/JQ[0xc8],V[0xc8][0xcc]+K[0xcc][0xc9]LQ[0xaa][0xe5][0x2][0x0][0xc0][0xad][0xff][0xb])[0x0][0x0][0x0]"
15:04:33.524 [main] DEBUG org.apache.http.wire -  << "[\r][\n]"
15:04:33.524 [main] DEBUG org.apache.http.wire -  << "0[\r][\n]"
15:04:33.524 [main] DEBUG org.apache.http.wire -  << "[\r][\n]"
15:04:33.524 [main] DEBUG io.restassured.internal.RestAssuredHttpBuilder - Parsed data to instance of: class org.apache.http.conn.EofSensorInputStream
15:04:33.525 [main] DEBUG org.apache.http.impl.conn.BasicClientConnectionManager - Releasing connection org.apache.http.impl.conn.ManagedClientConnectionImpl@652f26da
15:04:33.525 [main] DEBUG org.apache.http.impl.conn.BasicClientConnectionManager - Connection can be kept alive indefinitely
15:04:33.525 [main] DEBUG net.thucydides.core.steps.StepInterceptor - STEP DONE: I send POST HTTP request login1
  &amp#27;[32mWhen &amp#27;[0m&amp#27;[32mI send POST HTTP request login1&amp#27;[0m              &amp#27;[90m# starter.stepdefinitions.LoginSteps.sendPostHttpRequestLogin1()&amp#27;[0m
15:04:33.528 [main] DEBUG net.thucydides.core.steps.StepInterceptor - STARTING STEP: LoginSteps.receiveValidHttp400Login - I receive valid HTTP response code 400 login
15:04:33.528 [main] DEBUG net.thucydides.core.steps.StepInterceptor - STEP DONE: I receive valid HTTP response code 400 login
  &amp#27;[32mThen &amp#27;[0m&amp#27;[32mI receive valid HTTP response code 400 login&amp#27;[0m &amp#27;[90m# starter.stepdefinitions.LoginSteps.receiveValidHttp400Login()&amp#27;[0m
15:04:33.529 [main] INFO  - 
  _____   ___   ___   _____     ___     _     ___   ___   ___   ___  
 |_   _| | __| / __| |_   _|   | _ \   /_\   / __| / __| | __| |   \ 
   | |   | _|  \__ \   | |     |  _/  / _ \  \__ \ \__ \ | _|  | |) |
   |_|   |___| |___/   |_|     |_|   /_/ \_\ |___/ |___/ |___| |___/ 

POST - Login wrong password
----------------------------------------------------------------------
]]></system-out>
  </testcase>
  <testcase name="POST - Login with empty email" classname="Login" time="0.095">
    <system-out><![CDATA[
Scenario: POST - Login with empty email             &amp#27;[90m# src/test/resources/features/2. Login.feature:17&amp#27;[0m
15:04:33.533 [main] DEBUG io.cucumber.core.plugin.SerenityReporter - Running feature from file:///E:/APIMinpro/API/minpro/src/test/resources/features/2.%20Login.feature
15:04:33.534 [main] INFO  - 
  _____   ___   ___   _____     ___   _____     _     ___   _____   ___   ___  
 |_   _| | __| / __| |_   _|   / __| |_   _|   /_\   | _ \ |_   _| | __| |   \ 
   | |   | _|  \__ \   | |     \__ \   | |    / _ \  |   /   | |   | _|  | |) |
   |_|   |___| |___/   |_|     |___/   |_|   /_/ \_\ |_|_\   |_|   |___| |___/ 

POST - Login with empty email(login;post---login-with-empty-email)
--------------------------------------------------------------------------------
15:04:33.539 [main] DEBUG net.thucydides.core.steps.StepInterceptor - STARTING STEP: LoginSteps.setPostApiEndpointsLogin - I set POST api endpoints login
15:04:33.539 [main] DEBUG net.thucydides.core.steps.StepInterceptor - STEP DONE: I set POST api endpoints login
  &amp#27;[32mGiven &amp#27;[0m&amp#27;[32mI set POST api endpoints login&amp#27;[0m              &amp#27;[90m# starter.stepdefinitions.LoginSteps.setPostApiEndpointsLogin()&amp#27;[0m
15:04:33.541 [main] DEBUG net.thucydides.core.steps.StepInterceptor - STARTING STEP: LoginSteps.sendPostHttpRequestLogin2 - I send POST HTTP request login2
15:04:33.542 [main] DEBUG net.thucydides.core.steps.StepInterceptor - STARTING STEP: Login.sendPostHttpRequestLogin2 - I set POST api endpoints login
15:04:33.543 [main] DEBUG net.thucydides.core.steps.StepInterceptor - STEP DONE: I set POST api endpoints login
15:04:33.553 [main] DEBUG org.apache.http.impl.conn.BasicClientConnectionManager - Get connection for route {s}->https://altashop-api.fly.dev:443
15:04:33.554 [main] DEBUG org.apache.http.impl.conn.DefaultClientConnectionOperator - Connecting to altashop-api.fly.dev:443
15:04:33.597 [main] DEBUG org.apache.http.client.protocol.RequestAddCookies - CookieSpec selected: ignoreCookies
15:04:33.597 [main] DEBUG org.apache.http.client.protocol.RequestAuthCache - Auth cache not set in the context
15:04:33.597 [main] DEBUG org.apache.http.client.protocol.RequestTargetAuthentication - Target auth state: UNCHALLENGED
15:04:33.597 [main] DEBUG org.apache.http.client.protocol.RequestProxyAuthentication - Proxy auth state: UNCHALLENGED
15:04:33.597 [main] DEBUG org.apache.http.impl.client.DefaultHttpClient - Attempt 1 to execute request
15:04:33.597 [main] DEBUG org.apache.http.impl.conn.DefaultClientConnection - Sending request: POST /api/auth/login HTTP/1.1
15:04:33.597 [main] DEBUG org.apache.http.wire -  >> "POST /api/auth/login HTTP/1.1[\r][\n]"
15:04:33.597 [main] DEBUG org.apache.http.wire -  >> "Accept: */*[\r][\n]"
15:04:33.597 [main] DEBUG org.apache.http.wire -  >> "Content-Type: application/json[\r][\n]"
15:04:33.597 [main] DEBUG org.apache.http.wire -  >> "Content-Length: 34[\r][\n]"
15:04:33.597 [main] DEBUG org.apache.http.wire -  >> "Host: altashop-api.fly.dev[\r][\n]"
15:04:33.597 [main] DEBUG org.apache.http.wire -  >> "Connection: Keep-Alive[\r][\n]"
15:04:33.597 [main] DEBUG org.apache.http.wire -  >> "User-Agent: Apache-HttpClient/4.5.13 (Java/11.0.15.1)[\r][\n]"
15:04:33.597 [main] DEBUG org.apache.http.wire -  >> "Accept-Encoding: gzip,deflate[\r][\n]"
15:04:33.597 [main] DEBUG org.apache.http.wire -  >> "[\r][\n]"
15:04:33.597 [main] DEBUG org.apache.http.headers - >> POST /api/auth/login HTTP/1.1
15:04:33.597 [main] DEBUG org.apache.http.headers - >> Accept: */*
15:04:33.597 [main] DEBUG org.apache.http.headers - >> Content-Type: application/json
15:04:33.597 [main] DEBUG org.apache.http.headers - >> Content-Length: 34
15:04:33.597 [main] DEBUG org.apache.http.headers - >> Host: altashop-api.fly.dev
15:04:33.597 [main] DEBUG org.apache.http.headers - >> Connection: Keep-Alive
15:04:33.597 [main] DEBUG org.apache.http.headers - >> User-Agent: Apache-HttpClient/4.5.13 (Java/11.0.15.1)
15:04:33.597 [main] DEBUG org.apache.http.headers - >> Accept-Encoding: gzip,deflate
15:04:33.597 [main] DEBUG org.apache.http.wire -  >> "{"password":"adit123","email":" "}"
15:04:33.616 [main] DEBUG org.apache.http.wire -  << "HTTP/1.1 400 Bad Request[\r][\n]"
15:04:33.616 [main] DEBUG org.apache.http.wire -  << "content-type: application/json[\r][\n]"
15:04:33.616 [main] DEBUG org.apache.http.wire -  << "date: Mon, 08 May 2023 08:04:32 GMT[\r][\n]"
15:04:33.616 [main] DEBUG org.apache.http.wire -  << "content-encoding: gzip[\r][\n]"
15:04:33.616 [main] DEBUG org.apache.http.wire -  << "transfer-encoding: chunked[\r][\n]"
15:04:33.616 [main] DEBUG org.apache.http.wire -  << "server: Fly/3f2597ca (2023-05-03)[\r][\n]"
15:04:33.616 [main] DEBUG org.apache.http.wire -  << "via: 1.1 fly.io[\r][\n]"
15:04:33.616 [main] DEBUG org.apache.http.wire -  << "fly-request-id: 01GZX682E61K6GSJAN7VX51HRZ-sin[\r][\n]"
15:04:33.616 [main] DEBUG org.apache.http.wire -  << "[\r][\n]"
15:04:33.617 [main] DEBUG org.apache.http.impl.conn.DefaultClientConnection - Receiving response: HTTP/1.1 400 Bad Request
15:04:33.617 [main] DEBUG org.apache.http.headers - << HTTP/1.1 400 Bad Request
15:04:33.617 [main] DEBUG org.apache.http.headers - << content-type: application/json
15:04:33.617 [main] DEBUG org.apache.http.headers - << date: Mon, 08 May 2023 08:04:32 GMT
15:04:33.617 [main] DEBUG org.apache.http.headers - << content-encoding: gzip
15:04:33.617 [main] DEBUG org.apache.http.headers - << transfer-encoding: chunked
15:04:33.617 [main] DEBUG org.apache.http.headers - << server: Fly/3f2597ca (2023-05-03)
15:04:33.617 [main] DEBUG org.apache.http.headers - << via: 1.1 fly.io
15:04:33.617 [main] DEBUG org.apache.http.headers - << fly-request-id: 01GZX682E61K6GSJAN7VX51HRZ-sin
15:04:33.617 [main] DEBUG org.apache.http.impl.client.DefaultHttpClient - Connection can be kept alive indefinitely
15:04:33.617 [main] DEBUG io.restassured.internal.RestAssuredHttpBuilder - Parsing response as: application/json
15:04:33.617 [main] DEBUG org.apache.http.wire -  << "3D[\r][\n]"
15:04:33.617 [main] DEBUG org.apache.http.wire -  << "[0x1f][0x8b][0x8][0x0][0x0][0x0][0x0][0x0][0x4][0xff][0xab]VJ-*[0xca]/R[0xb2]RJ[0xcd]M[0xcc][0xcc]Q[0xc8]/R(H,..[0xcf]/JQ[0xc8],V[0xc8][0xcc]+K[0xcc][0xc9]LQ[0xaa][0xe5][0x2][0x0][0xc0][0xad][0xff][0xb])[0x0][0x0][0x0]"
15:04:33.617 [main] DEBUG org.apache.http.wire -  << "[\r][\n]"
15:04:33.617 [main] DEBUG org.apache.http.wire -  << "0[\r][\n]"
15:04:33.617 [main] DEBUG org.apache.http.wire -  << "[\r][\n]"
15:04:33.617 [main] DEBUG io.restassured.internal.RestAssuredHttpBuilder - Parsed data to instance of: class org.apache.http.conn.EofSensorInputStream
15:04:33.618 [main] DEBUG org.apache.http.impl.conn.BasicClientConnectionManager - Releasing connection org.apache.http.impl.conn.ManagedClientConnectionImpl@42b500aa
15:04:33.618 [main] DEBUG org.apache.http.impl.conn.BasicClientConnectionManager - Connection can be kept alive indefinitely
15:04:33.619 [main] DEBUG net.thucydides.core.steps.StepInterceptor - STEP DONE: I send POST HTTP request login2
  &amp#27;[32mWhen &amp#27;[0m&amp#27;[32mI send POST HTTP request login2&amp#27;[0m              &amp#27;[90m# starter.stepdefinitions.LoginSteps.sendPostHttpRequestLogin2()&amp#27;[0m
15:04:33.621 [main] DEBUG net.thucydides.core.steps.StepInterceptor - STARTING STEP: LoginSteps.receiveValidHttp400Login - I receive valid HTTP response code 400 login
15:04:33.622 [main] DEBUG net.thucydides.core.steps.StepInterceptor - STEP DONE: I receive valid HTTP response code 400 login
  &amp#27;[32mThen &amp#27;[0m&amp#27;[32mI receive valid HTTP response code 400 login&amp#27;[0m &amp#27;[90m# starter.stepdefinitions.LoginSteps.receiveValidHttp400Login()&amp#27;[0m
15:04:33.624 [main] INFO  - 
  _____   ___   ___   _____     ___     _     ___   ___   ___   ___  
 |_   _| | __| / __| |_   _|   | _ \   /_\   / __| / __| | __| |   \ 
   | |   | _|  \__ \   | |     |  _/  / _ \  \__ \ \__ \ | _|  | |) |
   |_|   |___| |___/   |_|     |_|   /_/ \_\ |___/ |___/ |___| |___/ 

POST - Login with empty email
----------------------------------------------------------------------
]]></system-out>
  </testcase>
  <testcase name="POST - Login with empty password" classname="Login" time="0.099">
    <system-out><![CDATA[
Scenario: POST - Login with empty password          &amp#27;[90m# src/test/resources/features/2. Login.feature:22&amp#27;[0m
15:04:33.629 [main] DEBUG io.cucumber.core.plugin.SerenityReporter - Running feature from file:///E:/APIMinpro/API/minpro/src/test/resources/features/2.%20Login.feature
15:04:33.630 [main] INFO  - 
  _____   ___   ___   _____     ___   _____     _     ___   _____   ___   ___  
 |_   _| | __| / __| |_   _|   / __| |_   _|   /_\   | _ \ |_   _| | __| |   \ 
   | |   | _|  \__ \   | |     \__ \   | |    / _ \  |   /   | |   | _|  | |) |
   |_|   |___| |___/   |_|     |___/   |_|   /_/ \_\ |_|_\   |_|   |___| |___/ 

POST - Login with empty password(login;post---login-with-empty-password)
--------------------------------------------------------------------------------
15:04:33.640 [main] DEBUG net.thucydides.core.steps.StepInterceptor - STARTING STEP: LoginSteps.setPostApiEndpointsLogin - I set POST api endpoints login
15:04:33.640 [main] DEBUG net.thucydides.core.steps.StepInterceptor - STEP DONE: I set POST api endpoints login
  &amp#27;[32mGiven &amp#27;[0m&amp#27;[32mI set POST api endpoints login&amp#27;[0m              &amp#27;[90m# starter.stepdefinitions.LoginSteps.setPostApiEndpointsLogin()&amp#27;[0m
15:04:33.644 [main] DEBUG net.thucydides.core.steps.StepInterceptor - STARTING STEP: LoginSteps.sendPostHttpRequestLogin3 - I send POST HTTP request login3
15:04:33.645 [main] DEBUG net.thucydides.core.steps.StepInterceptor - STARTING STEP: Login.sendPostHttpRequestLogin3 - I set POST api endpoints login
15:04:33.645 [main] DEBUG net.thucydides.core.steps.StepInterceptor - STEP DONE: I set POST api endpoints login
15:04:33.653 [main] DEBUG org.apache.http.impl.conn.BasicClientConnectionManager - Get connection for route {s}->https://altashop-api.fly.dev:443
15:04:33.653 [main] DEBUG org.apache.http.impl.conn.DefaultClientConnectionOperator - Connecting to altashop-api.fly.dev:443
15:04:33.697 [main] DEBUG org.apache.http.client.protocol.RequestAddCookies - CookieSpec selected: ignoreCookies
15:04:33.697 [main] DEBUG org.apache.http.client.protocol.RequestAuthCache - Auth cache not set in the context
15:04:33.697 [main] DEBUG org.apache.http.client.protocol.RequestTargetAuthentication - Target auth state: UNCHALLENGED
15:04:33.697 [main] DEBUG org.apache.http.client.protocol.RequestProxyAuthentication - Proxy auth state: UNCHALLENGED
15:04:33.697 [main] DEBUG org.apache.http.impl.client.DefaultHttpClient - Attempt 1 to execute request
15:04:33.697 [main] DEBUG org.apache.http.impl.conn.DefaultClientConnection - Sending request: POST /api/auth/login HTTP/1.1
15:04:33.697 [main] DEBUG org.apache.http.wire -  >> "POST /api/auth/login HTTP/1.1[\r][\n]"
15:04:33.697 [main] DEBUG org.apache.http.wire -  >> "Accept: */*[\r][\n]"
15:04:33.697 [main] DEBUG org.apache.http.wire -  >> "Content-Type: application/json[\r][\n]"
15:04:33.697 [main] DEBUG org.apache.http.wire -  >> "Content-Length: 43[\r][\n]"
15:04:33.697 [main] DEBUG org.apache.http.wire -  >> "Host: altashop-api.fly.dev[\r][\n]"
15:04:33.697 [main] DEBUG org.apache.http.wire -  >> "Connection: Keep-Alive[\r][\n]"
15:04:33.697 [main] DEBUG org.apache.http.wire -  >> "User-Agent: Apache-HttpClient/4.5.13 (Java/11.0.15.1)[\r][\n]"
15:04:33.697 [main] DEBUG org.apache.http.wire -  >> "Accept-Encoding: gzip,deflate[\r][\n]"
15:04:33.697 [main] DEBUG org.apache.http.wire -  >> "[\r][\n]"
15:04:33.697 [main] DEBUG org.apache.http.headers - >> POST /api/auth/login HTTP/1.1
15:04:33.697 [main] DEBUG org.apache.http.headers - >> Accept: */*
15:04:33.697 [main] DEBUG org.apache.http.headers - >> Content-Type: application/json
15:04:33.697 [main] DEBUG org.apache.http.headers - >> Content-Length: 43
15:04:33.697 [main] DEBUG org.apache.http.headers - >> Host: altashop-api.fly.dev
15:04:33.697 [main] DEBUG org.apache.http.headers - >> Connection: Keep-Alive
15:04:33.697 [main] DEBUG org.apache.http.headers - >> User-Agent: Apache-HttpClient/4.5.13 (Java/11.0.15.1)
15:04:33.697 [main] DEBUG org.apache.http.headers - >> Accept-Encoding: gzip,deflate
15:04:33.697 [main] DEBUG org.apache.http.wire -  >> "{"password":" ","email":"someone@mail.com"}"
15:04:33.717 [main] DEBUG org.apache.http.wire -  << "HTTP/1.1 400 Bad Request[\r][\n]"
15:04:33.717 [main] DEBUG org.apache.http.wire -  << "content-type: application/json[\r][\n]"
15:04:33.717 [main] DEBUG org.apache.http.wire -  << "date: Mon, 08 May 2023 08:04:32 GMT[\r][\n]"
15:04:33.717 [main] DEBUG org.apache.http.wire -  << "content-encoding: gzip[\r][\n]"
15:04:33.718 [main] DEBUG org.apache.http.wire -  << "transfer-encoding: chunked[\r][\n]"
15:04:33.718 [main] DEBUG org.apache.http.wire -  << "server: Fly/3f2597ca (2023-05-03)[\r][\n]"
15:04:33.718 [main] DEBUG org.apache.http.wire -  << "via: 1.1 fly.io[\r][\n]"
15:04:33.718 [main] DEBUG org.apache.http.wire -  << "fly-request-id: 01GZX682HB3Y608J0QPBJRWW9C-sin[\r][\n]"
15:04:33.718 [main] DEBUG org.apache.http.wire -  << "[\r][\n]"
15:04:33.718 [main] DEBUG org.apache.http.impl.conn.DefaultClientConnection - Receiving response: HTTP/1.1 400 Bad Request
15:04:33.718 [main] DEBUG org.apache.http.headers - << HTTP/1.1 400 Bad Request
15:04:33.718 [main] DEBUG org.apache.http.headers - << content-type: application/json
15:04:33.718 [main] DEBUG org.apache.http.headers - << date: Mon, 08 May 2023 08:04:32 GMT
15:04:33.718 [main] DEBUG org.apache.http.headers - << content-encoding: gzip
15:04:33.718 [main] DEBUG org.apache.http.headers - << transfer-encoding: chunked
15:04:33.718 [main] DEBUG org.apache.http.headers - << server: Fly/3f2597ca (2023-05-03)
15:04:33.718 [main] DEBUG org.apache.http.headers - << via: 1.1 fly.io
15:04:33.718 [main] DEBUG org.apache.http.headers - << fly-request-id: 01GZX682HB3Y608J0QPBJRWW9C-sin
15:04:33.718 [main] DEBUG org.apache.http.impl.client.DefaultHttpClient - Connection can be kept alive indefinitely
15:04:33.718 [main] DEBUG io.restassured.internal.RestAssuredHttpBuilder - Parsing response as: application/json
15:04:33.718 [main] DEBUG org.apache.http.wire -  << "3D[\r][\n]"
15:04:33.718 [main] DEBUG org.apache.http.wire -  << "[0x1f][0x8b][0x8][0x0][0x0][0x0][0x0][0x0][0x4][0xff][0xab]VJ-*[0xca]/R[0xb2]RJ[0xcd]M[0xcc][0xcc]Q[0xc8]/R(H,..[0xcf]/JQ[0xc8],V[0xc8][0xcc]+K[0xcc][0xc9]LQ[0xaa][0xe5][0x2][0x0][0xc0][0xad][0xff][0xb])[0x0][0x0][0x0]"
15:04:33.718 [main] DEBUG org.apache.http.wire -  << "[\r][\n]"
15:04:33.718 [main] DEBUG org.apache.http.wire -  << "0[\r][\n]"
15:04:33.718 [main] DEBUG org.apache.http.wire -  << "[\r][\n]"
15:04:33.718 [main] DEBUG io.restassured.internal.RestAssuredHttpBuilder - Parsed data to instance of: class org.apache.http.conn.EofSensorInputStream
15:04:33.719 [main] DEBUG org.apache.http.impl.conn.BasicClientConnectionManager - Releasing connection org.apache.http.impl.conn.ManagedClientConnectionImpl@7b8d6c66
15:04:33.719 [main] DEBUG org.apache.http.impl.conn.BasicClientConnectionManager - Connection can be kept alive indefinitely
15:04:33.719 [main] DEBUG net.thucydides.core.steps.StepInterceptor - STEP DONE: I send POST HTTP request login3
  &amp#27;[32mWhen &amp#27;[0m&amp#27;[32mI send POST HTTP request login3&amp#27;[0m              &amp#27;[90m# starter.stepdefinitions.LoginSteps.sendPostHttpRequestLogin3()&amp#27;[0m
15:04:33.721 [main] DEBUG net.thucydides.core.steps.StepInterceptor - STARTING STEP: LoginSteps.receiveValidHttp400Login - I receive valid HTTP response code 400 login
15:04:33.722 [main] DEBUG net.thucydides.core.steps.StepInterceptor - STEP DONE: I receive valid HTTP response code 400 login
  &amp#27;[32mThen &amp#27;[0m&amp#27;[32mI receive valid HTTP response code 400 login&amp#27;[0m &amp#27;[90m# starter.stepdefinitions.LoginSteps.receiveValidHttp400Login()&amp#27;[0m
15:04:33.723 [main] INFO  - 
  _____   ___   ___   _____     ___     _     ___   ___   ___   ___  
 |_   _| | __| / __| |_   _|   | _ \   /_\   / __| / __| | __| |   \ 
   | |   | _|  \__ \   | |     |  _/  / _ \  \__ \ \__ \ | _|  | |) |
   |_|   |___| |___/   |_|     |_|   /_/ \_\ |___/ |___/ |___| |___/ 

POST - Login with empty password
----------------------------------------------------------------------
]]></system-out>
  </testcase>
  <testcase name="POST - Login without payload" classname="Login" time="0.096">
    <system-out><![CDATA[
Scenario: POST - Login without payload              &amp#27;[90m# src/test/resources/features/2. Login.feature:27&amp#27;[0m
15:04:33.727 [main] DEBUG io.cucumber.core.plugin.SerenityReporter - Running feature from file:///E:/APIMinpro/API/minpro/src/test/resources/features/2.%20Login.feature
15:04:33.728 [main] INFO  - 
  _____   ___   ___   _____     ___   _____     _     ___   _____   ___   ___  
 |_   _| | __| / __| |_   _|   / __| |_   _|   /_\   | _ \ |_   _| | __| |   \ 
   | |   | _|  \__ \   | |     \__ \   | |    / _ \  |   /   | |   | _|  | |) |
   |_|   |___| |___/   |_|     |___/   |_|   /_/ \_\ |_|_\   |_|   |___| |___/ 

POST - Login without payload(login;post---login-without-payload)
--------------------------------------------------------------------------------
15:04:33.734 [main] DEBUG net.thucydides.core.steps.StepInterceptor - STARTING STEP: LoginSteps.setPostApiEndpointsLogin - I set POST api endpoints login
15:04:33.734 [main] DEBUG net.thucydides.core.steps.StepInterceptor - STEP DONE: I set POST api endpoints login
  &amp#27;[32mGiven &amp#27;[0m&amp#27;[32mI set POST api endpoints login&amp#27;[0m              &amp#27;[90m# starter.stepdefinitions.LoginSteps.setPostApiEndpointsLogin()&amp#27;[0m
15:04:33.737 [main] DEBUG net.thucydides.core.steps.StepInterceptor - STARTING STEP: LoginSteps.sendPostHttpRequestLogin4 - I send POST HTTP request login4
15:04:33.738 [main] DEBUG net.thucydides.core.steps.StepInterceptor - STARTING STEP: Login.sendPostHttpRequestLogin4 - I set POST api endpoints login
15:04:33.738 [main] DEBUG net.thucydides.core.steps.StepInterceptor - STEP DONE: I set POST api endpoints login
15:04:33.747 [main] DEBUG org.apache.http.impl.conn.BasicClientConnectionManager - Get connection for route {s}->https://altashop-api.fly.dev:443
15:04:33.748 [main] DEBUG org.apache.http.impl.conn.DefaultClientConnectionOperator - Connecting to altashop-api.fly.dev:443
15:04:33.793 [main] DEBUG org.apache.http.client.protocol.RequestAddCookies - CookieSpec selected: ignoreCookies
15:04:33.793 [main] DEBUG org.apache.http.client.protocol.RequestAuthCache - Auth cache not set in the context
15:04:33.793 [main] DEBUG org.apache.http.client.protocol.RequestTargetAuthentication - Target auth state: UNCHALLENGED
15:04:33.793 [main] DEBUG org.apache.http.client.protocol.RequestProxyAuthentication - Proxy auth state: UNCHALLENGED
15:04:33.793 [main] DEBUG org.apache.http.impl.client.DefaultHttpClient - Attempt 1 to execute request
15:04:33.793 [main] DEBUG org.apache.http.impl.conn.DefaultClientConnection - Sending request: POST /api/auth/login HTTP/1.1
15:04:33.793 [main] DEBUG org.apache.http.wire -  >> "POST /api/auth/login HTTP/1.1[\r][\n]"
15:04:33.793 [main] DEBUG org.apache.http.wire -  >> "Accept: */*[\r][\n]"
15:04:33.793 [main] DEBUG org.apache.http.wire -  >> "Content-Type: application/json[\r][\n]"
15:04:33.793 [main] DEBUG org.apache.http.wire -  >> "Content-Length: 9[\r][\n]"
15:04:33.793 [main] DEBUG org.apache.http.wire -  >> "Host: altashop-api.fly.dev[\r][\n]"
15:04:33.793 [main] DEBUG org.apache.http.wire -  >> "Connection: Keep-Alive[\r][\n]"
15:04:33.793 [main] DEBUG org.apache.http.wire -  >> "User-Agent: Apache-HttpClient/4.5.13 (Java/11.0.15.1)[\r][\n]"
15:04:33.793 [main] DEBUG org.apache.http.wire -  >> "Accept-Encoding: gzip,deflate[\r][\n]"
15:04:33.793 [main] DEBUG org.apache.http.wire -  >> "[\r][\n]"
15:04:33.793 [main] DEBUG org.apache.http.headers - >> POST /api/auth/login HTTP/1.1
15:04:33.793 [main] DEBUG org.apache.http.headers - >> Accept: */*
15:04:33.793 [main] DEBUG org.apache.http.headers - >> Content-Type: application/json
15:04:33.793 [main] DEBUG org.apache.http.headers - >> Content-Length: 9
15:04:33.793 [main] DEBUG org.apache.http.headers - >> Host: altashop-api.fly.dev
15:04:33.793 [main] DEBUG org.apache.http.headers - >> Connection: Keep-Alive
15:04:33.793 [main] DEBUG org.apache.http.headers - >> User-Agent: Apache-HttpClient/4.5.13 (Java/11.0.15.1)
15:04:33.793 [main] DEBUG org.apache.http.headers - >> Accept-Encoding: gzip,deflate
15:04:33.793 [main] DEBUG org.apache.http.wire -  >> "{" ":" "}"
15:04:33.813 [main] DEBUG org.apache.http.wire -  << "HTTP/1.1 400 Bad Request[\r][\n]"
15:04:33.813 [main] DEBUG org.apache.http.wire -  << "content-type: application/json[\r][\n]"
15:04:33.813 [main] DEBUG org.apache.http.wire -  << "date: Mon, 08 May 2023 08:04:33 GMT[\r][\n]"
15:04:33.813 [main] DEBUG org.apache.http.wire -  << "content-encoding: gzip[\r][\n]"
15:04:33.813 [main] DEBUG org.apache.http.wire -  << "transfer-encoding: chunked[\r][\n]"
15:04:33.813 [main] DEBUG org.apache.http.wire -  << "server: Fly/3f2597ca (2023-05-03)[\r][\n]"
15:04:33.813 [main] DEBUG org.apache.http.wire -  << "via: 1.1 fly.io[\r][\n]"
15:04:33.813 [main] DEBUG org.apache.http.wire -  << "fly-request-id: 01GZX682MC778V53W6WR8D21RB-sin[\r][\n]"
15:04:33.813 [main] DEBUG org.apache.http.wire -  << "[\r][\n]"
15:04:33.813 [main] DEBUG org.apache.http.impl.conn.DefaultClientConnection - Receiving response: HTTP/1.1 400 Bad Request
15:04:33.813 [main] DEBUG org.apache.http.headers - << HTTP/1.1 400 Bad Request
15:04:33.813 [main] DEBUG org.apache.http.headers - << content-type: application/json
15:04:33.813 [main] DEBUG org.apache.http.headers - << date: Mon, 08 May 2023 08:04:33 GMT
15:04:33.813 [main] DEBUG org.apache.http.headers - << content-encoding: gzip
15:04:33.813 [main] DEBUG org.apache.http.headers - << transfer-encoding: chunked
15:04:33.813 [main] DEBUG org.apache.http.headers - << server: Fly/3f2597ca (2023-05-03)
15:04:33.813 [main] DEBUG org.apache.http.headers - << via: 1.1 fly.io
15:04:33.813 [main] DEBUG org.apache.http.headers - << fly-request-id: 01GZX682MC778V53W6WR8D21RB-sin
15:04:33.813 [main] DEBUG org.apache.http.impl.client.DefaultHttpClient - Connection can be kept alive indefinitely
15:04:33.814 [main] DEBUG io.restassured.internal.RestAssuredHttpBuilder - Parsing response as: application/json
15:04:33.814 [main] DEBUG org.apache.http.wire -  << "32[\r][\n]"
15:04:33.814 [main] DEBUG org.apache.http.wire -  << "[0x1f][0x8b][0x8][0x0][0x0][0x0][0x0][0x0][0x4][0xff][0xab]VJ-*[0xca]/R[0xb2]RJ[0xcd]M[0xcc][0xcc]Q[0xc8],V(J-,[0xcd],JMQ[0xaa][0xe5][0x2][0x0]&[0xe3][0xaa]j[0x1e][0x0][0x0][0x0]"
15:04:33.814 [main] DEBUG org.apache.http.wire -  << "[\r][\n]"
15:04:33.814 [main] DEBUG org.apache.http.wire -  << "0[\r][\n]"
15:04:33.814 [main] DEBUG org.apache.http.wire -  << "[\r][\n]"
15:04:33.814 [main] DEBUG io.restassured.internal.RestAssuredHttpBuilder - Parsed data to instance of: class org.apache.http.conn.EofSensorInputStream
15:04:33.815 [main] DEBUG org.apache.http.impl.conn.BasicClientConnectionManager - Releasing connection org.apache.http.impl.conn.ManagedClientConnectionImpl@6e355249
15:04:33.815 [main] DEBUG org.apache.http.impl.conn.BasicClientConnectionManager - Connection can be kept alive indefinitely
15:04:33.815 [main] DEBUG net.thucydides.core.steps.StepInterceptor - STEP DONE: I send POST HTTP request login4
  &amp#27;[32mWhen &amp#27;[0m&amp#27;[32mI send POST HTTP request login4&amp#27;[0m              &amp#27;[90m# starter.stepdefinitions.LoginSteps.sendPostHttpRequestLogin4()&amp#27;[0m
15:04:33.818 [main] DEBUG net.thucydides.core.steps.StepInterceptor - STARTING STEP: LoginSteps.receiveValidHttp400Login - I receive valid HTTP response code 400 login
15:04:33.818 [main] DEBUG net.thucydides.core.steps.StepInterceptor - STEP DONE: I receive valid HTTP response code 400 login
  &amp#27;[32mThen &amp#27;[0m&amp#27;[32mI receive valid HTTP response code 400 login&amp#27;[0m &amp#27;[90m# starter.stepdefinitions.LoginSteps.receiveValidHttp400Login()&amp#27;[0m
15:04:33.819 [main] INFO  - 
  _____   ___   ___   _____     ___     _     ___   ___   ___   ___  
 |_   _| | __| / __| |_   _|   | _ \   /_\   / __| / __| | __| |   \ 
   | |   | _|  \__ \   | |     |  _/  / _ \  \__ \ \__ \ | _|  | |) |
   |_|   |___| |___/   |_|     |_|   /_/ \_\ |___/ |___/ |___| |___/ 

POST - Login without payload
----------------------------------------------------------------------
]]></system-out>
  </testcase>
  <testcase name="POST - Login with empty body parameter" classname="Login" time="0.127">
    <system-out><![CDATA[
Scenario: POST - Login with empty body parameter    &amp#27;[90m# src/test/resources/features/2. Login.feature:32&amp#27;[0m
15:04:33.824 [main] DEBUG io.cucumber.core.plugin.SerenityReporter - Running feature from file:///E:/APIMinpro/API/minpro/src/test/resources/features/2.%20Login.feature
15:04:33.826 [main] INFO  - 
  _____   ___   ___   _____     ___   _____     _     ___   _____   ___   ___  
 |_   _| | __| / __| |_   _|   / __| |_   _|   /_\   | _ \ |_   _| | __| |   \ 
   | |   | _|  \__ \   | |     \__ \   | |    / _ \  |   /   | |   | _|  | |) |
   |_|   |___| |___/   |_|     |___/   |_|   /_/ \_\ |_|_\   |_|   |___| |___/ 

POST - Login with empty body parameter(login;post---login-with-empty-body-parameter)
--------------------------------------------------------------------------------
15:04:33.835 [main] DEBUG net.thucydides.core.steps.StepInterceptor - STARTING STEP: LoginSteps.setPostApiEndpointsLogin - I set POST api endpoints login
15:04:33.835 [main] DEBUG net.thucydides.core.steps.StepInterceptor - STEP DONE: I set POST api endpoints login
  &amp#27;[32mGiven &amp#27;[0m&amp#27;[32mI set POST api endpoints login&amp#27;[0m              &amp#27;[90m# starter.stepdefinitions.LoginSteps.setPostApiEndpointsLogin()&amp#27;[0m
15:04:33.838 [main] DEBUG net.thucydides.core.steps.StepInterceptor - STARTING STEP: LoginSteps.sendPostHttpRequestLogin5 - I send POST HTTP request login5
15:04:33.839 [main] DEBUG net.thucydides.core.steps.StepInterceptor - STARTING STEP: Login.sendPostHttpRequestLogin5 - I set POST api endpoints login
15:04:33.839 [main] DEBUG net.thucydides.core.steps.StepInterceptor - STEP DONE: I set POST api endpoints login
15:04:33.848 [main] DEBUG org.apache.http.impl.conn.BasicClientConnectionManager - Get connection for route {s}->https://altashop-api.fly.dev:443
15:04:33.848 [main] DEBUG org.apache.http.impl.conn.DefaultClientConnectionOperator - Connecting to altashop-api.fly.dev:443
15:04:33.894 [main] DEBUG org.apache.http.client.protocol.RequestAddCookies - CookieSpec selected: ignoreCookies
15:04:33.894 [main] DEBUG org.apache.http.client.protocol.RequestAuthCache - Auth cache not set in the context
15:04:33.894 [main] DEBUG org.apache.http.client.protocol.RequestTargetAuthentication - Target auth state: UNCHALLENGED
15:04:33.894 [main] DEBUG org.apache.http.client.protocol.RequestProxyAuthentication - Proxy auth state: UNCHALLENGED
15:04:33.894 [main] DEBUG org.apache.http.impl.client.DefaultHttpClient - Attempt 1 to execute request
15:04:33.894 [main] DEBUG org.apache.http.impl.conn.DefaultClientConnection - Sending request: POST /api/auth/login HTTP/1.1
15:04:33.894 [main] DEBUG org.apache.http.wire -  >> "POST /api/auth/login HTTP/1.1[\r][\n]"
15:04:33.894 [main] DEBUG org.apache.http.wire -  >> "Accept: */*[\r][\n]"
15:04:33.894 [main] DEBUG org.apache.http.wire -  >> "Content-Type: application/json[\r][\n]"
15:04:33.894 [main] DEBUG org.apache.http.wire -  >> "Content-Length: 28[\r][\n]"
15:04:33.894 [main] DEBUG org.apache.http.wire -  >> "Host: altashop-api.fly.dev[\r][\n]"
15:04:33.894 [main] DEBUG org.apache.http.wire -  >> "Connection: Keep-Alive[\r][\n]"
15:04:33.894 [main] DEBUG org.apache.http.wire -  >> "User-Agent: Apache-HttpClient/4.5.13 (Java/11.0.15.1)[\r][\n]"
15:04:33.894 [main] DEBUG org.apache.http.wire -  >> "Accept-Encoding: gzip,deflate[\r][\n]"
15:04:33.894 [main] DEBUG org.apache.http.wire -  >> "[\r][\n]"
15:04:33.894 [main] DEBUG org.apache.http.headers - >> POST /api/auth/login HTTP/1.1
15:04:33.894 [main] DEBUG org.apache.http.headers - >> Accept: */*
15:04:33.894 [main] DEBUG org.apache.http.headers - >> Content-Type: application/json
15:04:33.894 [main] DEBUG org.apache.http.headers - >> Content-Length: 28
15:04:33.894 [main] DEBUG org.apache.http.headers - >> Host: altashop-api.fly.dev
15:04:33.894 [main] DEBUG org.apache.http.headers - >> Connection: Keep-Alive
15:04:33.894 [main] DEBUG org.apache.http.headers - >> User-Agent: Apache-HttpClient/4.5.13 (Java/11.0.15.1)
15:04:33.894 [main] DEBUG org.apache.http.headers - >> Accept-Encoding: gzip,deflate
15:04:33.894 [main] DEBUG org.apache.http.wire -  >> "{"password":" ","email":" "}"
15:04:33.940 [main] DEBUG org.apache.http.wire -  << "HTTP/1.1 400 Bad Request[\r][\n]"
15:04:33.940 [main] DEBUG org.apache.http.wire -  << "content-type: application/json[\r][\n]"
15:04:33.940 [main] DEBUG org.apache.http.wire -  << "date: Mon, 08 May 2023 08:04:33 GMT[\r][\n]"
15:04:33.940 [main] DEBUG org.apache.http.wire -  << "content-encoding: gzip[\r][\n]"
15:04:33.940 [main] DEBUG org.apache.http.wire -  << "transfer-encoding: chunked[\r][\n]"
15:04:33.940 [main] DEBUG org.apache.http.wire -  << "server: Fly/3f2597ca (2023-05-03)[\r][\n]"
15:04:33.940 [main] DEBUG org.apache.http.wire -  << "via: 1.1 fly.io[\r][\n]"
15:04:33.940 [main] DEBUG org.apache.http.wire -  << "fly-request-id: 01GZX682QHE1Z4PY3PQE3RQYHP-sin[\r][\n]"
15:04:33.940 [main] DEBUG org.apache.http.wire -  << "[\r][\n]"
15:04:33.940 [main] DEBUG org.apache.http.impl.conn.DefaultClientConnection - Receiving response: HTTP/1.1 400 Bad Request
15:04:33.940 [main] DEBUG org.apache.http.headers - << HTTP/1.1 400 Bad Request
15:04:33.940 [main] DEBUG org.apache.http.headers - << content-type: application/json
15:04:33.940 [main] DEBUG org.apache.http.headers - << date: Mon, 08 May 2023 08:04:33 GMT
15:04:33.940 [main] DEBUG org.apache.http.headers - << content-encoding: gzip
15:04:33.940 [main] DEBUG org.apache.http.headers - << transfer-encoding: chunked
15:04:33.940 [main] DEBUG org.apache.http.headers - << server: Fly/3f2597ca (2023-05-03)
15:04:33.940 [main] DEBUG org.apache.http.headers - << via: 1.1 fly.io
15:04:33.940 [main] DEBUG org.apache.http.headers - << fly-request-id: 01GZX682QHE1Z4PY3PQE3RQYHP-sin
15:04:33.940 [main] DEBUG org.apache.http.impl.client.DefaultHttpClient - Connection can be kept alive indefinitely
15:04:33.940 [main] DEBUG io.restassured.internal.RestAssuredHttpBuilder - Parsing response as: application/json
15:04:33.940 [main] DEBUG org.apache.http.wire -  << "3D[\r][\n]"
15:04:33.940 [main] DEBUG org.apache.http.wire -  << "[0x1f][0x8b][0x8][0x0][0x0][0x0][0x0][0x0][0x4][0xff][0xab]VJ-*[0xca]/R[0xb2]RJ[0xcd]M[0xcc][0xcc]Q[0xc8]/R(H,..[0xcf]/JQ[0xc8],V[0xc8][0xcc]+K[0xcc][0xc9]LQ[0xaa][0xe5][0x2][0x0][0xc0][0xad][0xff][0xb])[0x0][0x0][0x0]"
15:04:33.940 [main] DEBUG org.apache.http.wire -  << "[\r][\n]"
15:04:33.940 [main] DEBUG org.apache.http.wire -  << "0[\r][\n]"
15:04:33.940 [main] DEBUG org.apache.http.wire -  << "[\r][\n]"
15:04:33.940 [main] DEBUG io.restassured.internal.RestAssuredHttpBuilder - Parsed data to instance of: class org.apache.http.conn.EofSensorInputStream
15:04:33.941 [main] DEBUG org.apache.http.impl.conn.BasicClientConnectionManager - Releasing connection org.apache.http.impl.conn.ManagedClientConnectionImpl@6c8d8b60
15:04:33.941 [main] DEBUG org.apache.http.impl.conn.BasicClientConnectionManager - Connection can be kept alive indefinitely
15:04:33.942 [main] DEBUG net.thucydides.core.steps.StepInterceptor - STEP DONE: I send POST HTTP request login5
  &amp#27;[32mWhen &amp#27;[0m&amp#27;[32mI send POST HTTP request login5&amp#27;[0m              &amp#27;[90m# starter.stepdefinitions.LoginSteps.sendPostHttpRequestLogin5()&amp#27;[0m
15:04:33.945 [main] DEBUG net.thucydides.core.steps.StepInterceptor - STARTING STEP: LoginSteps.receiveValidHttp400Login - I receive valid HTTP response code 400 login
15:04:33.945 [main] DEBUG net.thucydides.core.steps.StepInterceptor - STEP DONE: I receive valid HTTP response code 400 login
  &amp#27;[32mThen &amp#27;[0m&amp#27;[32mI receive valid HTTP response code 400 login&amp#27;[0m &amp#27;[90m# starter.stepdefinitions.LoginSteps.receiveValidHttp400Login()&amp#27;[0m
15:04:33.947 [main] INFO  - 
  _____   ___   ___   _____     ___     _     ___   ___   ___   ___  
 |_   _| | __| / __| |_   _|   | _ \   /_\   / __| / __| | __| |   \ 
   | |   | _|  \__ \   | |     |  _/  / _ \  \__ \ \__ \ | _|  | |) |
   |_|   |___| |___/   |_|     |_|   /_/ \_\ |___/ |___/ |___| |___/ 

POST - Login with empty body parameter
----------------------------------------------------------------------
]]></system-out>
  </testcase>
  <testcase name="GET - Get user information" classname="User Information" time="0.112">
    <system-out><![CDATA[15:04:33.947 [main] DEBUG io.cucumber.core.plugin.SerenityReporter - Running feature from file:///E:/APIMinpro/API/minpro/src/test/resources/features/3.%20User.feature
15:04:33.951 [main] DEBUG net.thucydides.core.steps.StepEventBus - Test suite started for story net.thucydides.core.model.Story@11e807f1
15:04:33.952 [main] INFO  - Test Suite Started: User Information

Scenario: GET - Get user information               &amp#27;[90m# src/test/resources/features/3. User.feature:7&amp#27;[0m
15:04:33.955 [main] DEBUG io.cucumber.core.plugin.SerenityReporter - Running feature from file:///E:/APIMinpro/API/minpro/src/test/resources/features/3.%20User.feature
15:04:33.956 [main] INFO  - 
  _____   ___   ___   _____     ___   _____     _     ___   _____   ___   ___  
 |_   _| | __| / __| |_   _|   / __| |_   _|   /_\   | _ \ |_   _| | __| |   \ 
   | |   | _|  \__ \   | |     \__ \   | |    / _ \  |   /   | |   | _|  | |) |
   |_|   |___| |___/   |_|     |___/   |_|   /_/ \_\ |_|_\   |_|   |___| |___/ 

GET - Get user information(user-information;get---get-user-information)
--------------------------------------------------------------------------------
  &amp#27;[32mGiven &amp#27;[0m&amp#27;[32mI set GET api endpoints user&amp#27;[0m               &amp#27;[90m# starter.stepdefinitions.UserSteps.setGetApiEndpointsUser()&amp#27;[0m
15:04:33.981 [main] DEBUG org.apache.http.impl.conn.BasicClientConnectionManager - Get connection for route {s}->https://altashop-api.fly.dev:443
15:04:33.981 [main] DEBUG org.apache.http.impl.conn.DefaultClientConnectionOperator - Connecting to altashop-api.fly.dev:443
15:04:34.035 [main] DEBUG org.apache.http.client.protocol.RequestAddCookies - CookieSpec selected: ignoreCookies
15:04:34.035 [main] DEBUG org.apache.http.client.protocol.RequestAuthCache - Auth cache not set in the context
15:04:34.035 [main] DEBUG org.apache.http.client.protocol.RequestProxyAuthentication - Proxy auth state: UNCHALLENGED
15:04:34.035 [main] DEBUG org.apache.http.impl.client.DefaultHttpClient - Attempt 1 to execute request
15:04:34.035 [main] DEBUG org.apache.http.impl.conn.DefaultClientConnection - Sending request: GET /api/auth/info HTTP/1.1
15:04:34.035 [main] DEBUG org.apache.http.wire -  >> "GET /api/auth/info HTTP/1.1[\r][\n]"
15:04:34.035 [main] DEBUG org.apache.http.wire -  >> "Authorization: Bearer eyJhbGciOiJIUzI1NiIsInR5cCI6IkpXVCJ9.eyJGdWxsbmFtZSI6IkFkaXR5YSBOdWdyYWhhIiwiRW1haWwiOiJhZGl0QGdtYWlsLmNvbSJ9.VM2lARkmmliu1pWtk1uhb8z5fGaElvH1jIoYM72Te3g[\r][\n]"
15:04:34.035 [main] DEBUG org.apache.http.wire -  >> "Accept: */*[\r][\n]"
15:04:34.035 [main] DEBUG org.apache.http.wire -  >> "Host: altashop-api.fly.dev[\r][\n]"
15:04:34.035 [main] DEBUG org.apache.http.wire -  >> "Connection: Keep-Alive[\r][\n]"
15:04:34.035 [main] DEBUG org.apache.http.wire -  >> "User-Agent: Apache-HttpClient/4.5.13 (Java/11.0.15.1)[\r][\n]"
15:04:34.035 [main] DEBUG org.apache.http.wire -  >> "Accept-Encoding: gzip,deflate[\r][\n]"
15:04:34.035 [main] DEBUG org.apache.http.wire -  >> "[\r][\n]"
15:04:34.035 [main] DEBUG org.apache.http.headers - >> GET /api/auth/info HTTP/1.1
15:04:34.035 [main] DEBUG org.apache.http.headers - >> Authorization: Bearer eyJhbGciOiJIUzI1NiIsInR5cCI6IkpXVCJ9.eyJGdWxsbmFtZSI6IkFkaXR5YSBOdWdyYWhhIiwiRW1haWwiOiJhZGl0QGdtYWlsLmNvbSJ9.VM2lARkmmliu1pWtk1uhb8z5fGaElvH1jIoYM72Te3g
15:04:34.035 [main] DEBUG org.apache.http.headers - >> Accept: */*
15:04:34.035 [main] DEBUG org.apache.http.headers - >> Host: altashop-api.fly.dev
15:04:34.035 [main] DEBUG org.apache.http.headers - >> Connection: Keep-Alive
15:04:34.035 [main] DEBUG org.apache.http.headers - >> User-Agent: Apache-HttpClient/4.5.13 (Java/11.0.15.1)
15:04:34.035 [main] DEBUG org.apache.http.headers - >> Accept-Encoding: gzip,deflate
15:04:34.058 [main] DEBUG org.apache.http.wire -  << "HTTP/1.1 200 OK[\r][\n]"
15:04:34.058 [main] DEBUG org.apache.http.wire -  << "content-type: application/json[\r][\n]"
15:04:34.058 [main] DEBUG org.apache.http.wire -  << "date: Mon, 08 May 2023 08:04:33 GMT[\r][\n]"
15:04:34.058 [main] DEBUG org.apache.http.wire -  << "content-encoding: gzip[\r][\n]"
15:04:34.058 [main] DEBUG org.apache.http.wire -  << "transfer-encoding: chunked[\r][\n]"
15:04:34.058 [main] DEBUG org.apache.http.wire -  << "server: Fly/3f2597ca (2023-05-03)[\r][\n]"
15:04:34.058 [main] DEBUG org.apache.http.wire -  << "via: 1.1 fly.io[\r][\n]"
15:04:34.058 [main] DEBUG org.apache.http.wire -  << "fly-request-id: 01GZX682W0HC68PFXNJZ7BYA5X-sin[\r][\n]"
15:04:34.058 [main] DEBUG org.apache.http.wire -  << "[\r][\n]"
15:04:34.058 [main] DEBUG org.apache.http.impl.conn.DefaultClientConnection - Receiving response: HTTP/1.1 200 OK
15:04:34.058 [main] DEBUG org.apache.http.headers - << HTTP/1.1 200 OK
15:04:34.058 [main] DEBUG org.apache.http.headers - << content-type: application/json
15:04:34.058 [main] DEBUG org.apache.http.headers - << date: Mon, 08 May 2023 08:04:33 GMT
15:04:34.058 [main] DEBUG org.apache.http.headers - << content-encoding: gzip
15:04:34.058 [main] DEBUG org.apache.http.headers - << transfer-encoding: chunked
15:04:34.058 [main] DEBUG org.apache.http.headers - << server: Fly/3f2597ca (2023-05-03)
15:04:34.058 [main] DEBUG org.apache.http.headers - << via: 1.1 fly.io
15:04:34.058 [main] DEBUG org.apache.http.headers - << fly-request-id: 01GZX682W0HC68PFXNJZ7BYA5X-sin
15:04:34.058 [main] DEBUG org.apache.http.impl.client.DefaultHttpClient - Connection can be kept alive indefinitely
15:04:34.058 [main] DEBUG io.restassured.internal.RestAssuredHttpBuilder - Parsing response as: application/json
15:04:34.058 [main] DEBUG org.apache.http.wire -  << "6C[\r][\n]"
15:04:34.058 [main] DEBUG org.apache.http.wire -  << "[0x1f][0x8b][0x8][0x0][0x0][0x0][0x0][0x0][0x4][0xff][0xab]VJI,IT[0xb2][0xaa]V[0xf2]tQ[0xb2]2471[0xb2][0xd4]Qr+[0xcd][0xc9][0xc9]K[0xcc]MU[0xb2]RrL[0xc9],[0xa9]LT[0xf0]+M/J[0xcc]HT[0xd2]Qr[0xcd]M[0xcc][0xcc]Q[0xb2]RJL[0xc9],qH[0x7]q[0xf4][0x92][0xf3]s[0x95]t[0x94][0x2][0x12][0x8b][0x8b][0xcb][0xf3][0x8b]R[0xa0]r[0x86]F[0xc6]J[0xb5][0xb5]\[0x0][0xd4][0xca][0x1]_`[0x0][0x0][0x0]"
15:04:34.058 [main] DEBUG org.apache.http.wire -  << "[\r][\n]"
15:04:34.059 [main] DEBUG org.apache.http.wire -  << "0[\r][\n]"
15:04:34.059 [main] DEBUG org.apache.http.wire -  << "[\r][\n]"
15:04:34.059 [main] DEBUG io.restassured.internal.RestAssuredHttpBuilder - Parsed data to instance of: class org.apache.http.conn.EofSensorInputStream
15:04:34.059 [main] DEBUG org.apache.http.impl.conn.BasicClientConnectionManager - Releasing connection org.apache.http.impl.conn.ManagedClientConnectionImpl@6f4f2cc0
15:04:34.059 [main] DEBUG org.apache.http.impl.conn.BasicClientConnectionManager - Connection can be kept alive indefinitely
  &amp#27;[32mWhen &amp#27;[0m&amp#27;[32mI send GET HTTP request user&amp#27;[0m                &amp#27;[90m# starter.stepdefinitions.UserSteps.sentGetHttpRequestUser()&amp#27;[0m
  &amp#27;[32mThen &amp#27;[0m&amp#27;[32mI receive valid HTTP response code 200 user&amp#27;[0m &amp#27;[90m# starter.stepdefinitions.UserSteps.receiveValidHttp200User()&amp#27;[0m
15:04:34.063 [main] INFO  - 
  _____   ___   ___   _____     ___     _     ___   ___   ___   ___  
 |_   _| | __| / __| |_   _|   | _ \   /_\   / __| / __| | __| |   \ 
   | |   | _|  \__ \   | |     |  _/  / _ \  \__ \ \__ \ | _|  | |) |
   |_|   |___| |___/   |_|     |_|   /_/ \_\ |___/ |___/ |___| |___/ 

GET - Get user information
----------------------------------------------------------------------
]]></system-out>
  </testcase>
  <testcase name="GET - Get user information without token" classname="User Information" time="0.085">
    <system-out><![CDATA[
Scenario: GET - Get user information without token &amp#27;[90m# src/test/resources/features/3. User.feature:12&amp#27;[0m
15:04:34.066 [main] DEBUG io.cucumber.core.plugin.SerenityReporter - Running feature from file:///E:/APIMinpro/API/minpro/src/test/resources/features/3.%20User.feature
15:04:34.068 [main] INFO  - 
  _____   ___   ___   _____     ___   _____     _     ___   _____   ___   ___  
 |_   _| | __| / __| |_   _|   / __| |_   _|   /_\   | _ \ |_   _| | __| |   \ 
   | |   | _|  \__ \   | |     \__ \   | |    / _ \  |   /   | |   | _|  | |) |
   |_|   |___| |___/   |_|     |___/   |_|   /_/ \_\ |_|_\   |_|   |___| |___/ 

GET - Get user information without token(user-information;get---get-user-information-without-token)
--------------------------------------------------------------------------------
  &amp#27;[32mGiven &amp#27;[0m&amp#27;[32mI set GET api endpoints user&amp#27;[0m               &amp#27;[90m# starter.stepdefinitions.UserSteps.setGetApiEndpointsUser()&amp#27;[0m
15:04:34.079 [main] DEBUG org.apache.http.impl.conn.BasicClientConnectionManager - Get connection for route {s}->https://altashop-api.fly.dev:443
15:04:34.079 [main] DEBUG org.apache.http.impl.conn.DefaultClientConnectionOperator - Connecting to altashop-api.fly.dev:443
15:04:34.125 [main] DEBUG org.apache.http.client.protocol.RequestAddCookies - CookieSpec selected: ignoreCookies
15:04:34.125 [main] DEBUG org.apache.http.client.protocol.RequestAuthCache - Auth cache not set in the context
15:04:34.125 [main] DEBUG org.apache.http.client.protocol.RequestTargetAuthentication - Target auth state: UNCHALLENGED
15:04:34.125 [main] DEBUG org.apache.http.client.protocol.RequestProxyAuthentication - Proxy auth state: UNCHALLENGED
15:04:34.125 [main] DEBUG org.apache.http.impl.client.DefaultHttpClient - Attempt 1 to execute request
15:04:34.125 [main] DEBUG org.apache.http.impl.conn.DefaultClientConnection - Sending request: GET /api/auth/info HTTP/1.1
15:04:34.125 [main] DEBUG org.apache.http.wire -  >> "GET /api/auth/info HTTP/1.1[\r][\n]"
15:04:34.125 [main] DEBUG org.apache.http.wire -  >> "Accept: */*[\r][\n]"
15:04:34.125 [main] DEBUG org.apache.http.wire -  >> "Host: altashop-api.fly.dev[\r][\n]"
15:04:34.125 [main] DEBUG org.apache.http.wire -  >> "Connection: Keep-Alive[\r][\n]"
15:04:34.125 [main] DEBUG org.apache.http.wire -  >> "User-Agent: Apache-HttpClient/4.5.13 (Java/11.0.15.1)[\r][\n]"
15:04:34.125 [main] DEBUG org.apache.http.wire -  >> "Accept-Encoding: gzip,deflate[\r][\n]"
15:04:34.125 [main] DEBUG org.apache.http.wire -  >> "[\r][\n]"
15:04:34.125 [main] DEBUG org.apache.http.headers - >> GET /api/auth/info HTTP/1.1
15:04:34.125 [main] DEBUG org.apache.http.headers - >> Accept: */*
15:04:34.125 [main] DEBUG org.apache.http.headers - >> Host: altashop-api.fly.dev
15:04:34.125 [main] DEBUG org.apache.http.headers - >> Connection: Keep-Alive
15:04:34.125 [main] DEBUG org.apache.http.headers - >> User-Agent: Apache-HttpClient/4.5.13 (Java/11.0.15.1)
15:04:34.125 [main] DEBUG org.apache.http.headers - >> Accept-Encoding: gzip,deflate
15:04:34.144 [main] DEBUG org.apache.http.wire -  << "HTTP/1.1 401 Unauthorized[\r][\n]"
15:04:34.144 [main] DEBUG org.apache.http.wire -  << "content-type: application/json[\r][\n]"
15:04:34.144 [main] DEBUG org.apache.http.wire -  << "date: Mon, 08 May 2023 08:04:33 GMT[\r][\n]"
15:04:34.144 [main] DEBUG org.apache.http.wire -  << "content-encoding: gzip[\r][\n]"
15:04:34.144 [main] DEBUG org.apache.http.wire -  << "transfer-encoding: chunked[\r][\n]"
15:04:34.144 [main] DEBUG org.apache.http.wire -  << "server: Fly/3f2597ca (2023-05-03)[\r][\n]"
15:04:34.144 [main] DEBUG org.apache.http.wire -  << "via: 1.1 fly.io[\r][\n]"
15:04:34.144 [main] DEBUG org.apache.http.wire -  << "fly-request-id: 01GZX682YQ40X86414ND4H2JA8-sin[\r][\n]"
15:04:34.144 [main] DEBUG org.apache.http.wire -  << "[\r][\n]"
15:04:34.144 [main] DEBUG org.apache.http.impl.conn.DefaultClientConnection - Receiving response: HTTP/1.1 401 Unauthorized
15:04:34.144 [main] DEBUG org.apache.http.headers - << HTTP/1.1 401 Unauthorized
15:04:34.144 [main] DEBUG org.apache.http.headers - << content-type: application/json
15:04:34.144 [main] DEBUG org.apache.http.headers - << date: Mon, 08 May 2023 08:04:33 GMT
15:04:34.144 [main] DEBUG org.apache.http.headers - << content-encoding: gzip
15:04:34.144 [main] DEBUG org.apache.http.headers - << transfer-encoding: chunked
15:04:34.144 [main] DEBUG org.apache.http.headers - << server: Fly/3f2597ca (2023-05-03)
15:04:34.144 [main] DEBUG org.apache.http.headers - << via: 1.1 fly.io
15:04:34.144 [main] DEBUG org.apache.http.headers - << fly-request-id: 01GZX682YQ40X86414ND4H2JA8-sin
15:04:34.144 [main] DEBUG org.apache.http.impl.client.DefaultHttpClient - Connection can be kept alive indefinitely
15:04:34.144 [main] DEBUG org.apache.http.impl.client.DefaultHttpClient - Authentication required
15:04:34.144 [main] DEBUG org.apache.http.impl.client.DefaultHttpClient - altashop-api.fly.dev:443 requested authentication
15:04:34.144 [main] DEBUG org.apache.http.impl.client.DefaultHttpClient - Response contains no authentication challenges
15:04:34.144 [main] DEBUG io.restassured.internal.RestAssuredHttpBuilder - Parsing response as: application/json
15:04:34.144 [main] DEBUG org.apache.http.wire -  << "2D[\r][\n]"
15:04:34.144 [main] DEBUG org.apache.http.wire -  << "[0x1f][0x8b][0x8][0x0][0x0][0x0][0x0][0x0][0x4][0xff][0xab]VJ-*[0xca]/R[0xb2]R*[0xcd]K,-[0xc9][0xc8]/[0xca][0xac]JMQ[0xaa][0xe5][0x2][0x0]@[0x17]da[0x19][0x0][0x0][0x0]"
15:04:34.144 [main] DEBUG org.apache.http.wire -  << "[\r][\n]"
15:04:34.144 [main] DEBUG org.apache.http.wire -  << "0[\r][\n]"
15:04:34.145 [main] DEBUG org.apache.http.wire -  << "[\r][\n]"
15:04:34.145 [main] DEBUG io.restassured.internal.RestAssuredHttpBuilder - Parsed data to instance of: class org.apache.http.conn.EofSensorInputStream
15:04:34.145 [main] DEBUG org.apache.http.impl.conn.BasicClientConnectionManager - Releasing connection org.apache.http.impl.conn.ManagedClientConnectionImpl@2ae7c1d
15:04:34.145 [main] DEBUG org.apache.http.impl.conn.BasicClientConnectionManager - Connection can be kept alive indefinitely
  &amp#27;[32mWhen &amp#27;[0m&amp#27;[32mI send GET HTTP request user2&amp#27;[0m               &amp#27;[90m# starter.stepdefinitions.UserSteps.sendGetHttpRequestUser2()&amp#27;[0m
  &amp#27;[32mThen &amp#27;[0m&amp#27;[32mI receive valid HTTP response code 401 user&amp#27;[0m &amp#27;[90m# starter.stepdefinitions.UserSteps.receiveValidHttp401User()&amp#27;[0m
15:04:34.148 [main] INFO  - 
  _____   ___   ___   _____     ___     _     ___   ___   ___   ___  
 |_   _| | __| / __| |_   _|   | _ \   /_\   / __| / __| | __| |   \ 
   | |   | _|  \__ \   | |     |  _/  / _ \  \__ \ \__ \ | _|  | |) |
   |_|   |___| |___/   |_|     |_|   /_/ \_\ |___/ |___/ |___| |___/ 

GET - Get user information without token
----------------------------------------------------------------------
]]></system-out>
  </testcase>
  <testcase name="POST - Add new category" classname="Categories" time="0.102">
    <system-out><![CDATA[15:04:34.149 [main] DEBUG io.cucumber.core.plugin.SerenityReporter - Running feature from file:///E:/APIMinpro/API/minpro/src/test/resources/features/4.%20Categories.feature
15:04:34.150 [main] DEBUG net.thucydides.core.steps.StepEventBus - Test suite started for story net.thucydides.core.model.Story@1b5f86d1
15:04:34.151 [main] INFO  - Test Suite Started: Categories

Scenario: POST - Add new category                        &amp#27;[90m# src/test/resources/features/4. Categories.feature:7&amp#27;[0m
15:04:34.154 [main] DEBUG io.cucumber.core.plugin.SerenityReporter - Running feature from file:///E:/APIMinpro/API/minpro/src/test/resources/features/4.%20Categories.feature
15:04:34.156 [main] INFO  - 
  _____   ___   ___   _____     ___   _____     _     ___   _____   ___   ___  
 |_   _| | __| / __| |_   _|   / __| |_   _|   /_\   | _ \ |_   _| | __| |   \ 
   | |   | _|  \__ \   | |     \__ \   | |    / _ \  |   /   | |   | _|  | |) |
   |_|   |___| |___/   |_|     |___/   |_|   /_/ \_\ |_|_\   |_|   |___| |___/ 

POST - Add new category(categories;post---add-new-category)
--------------------------------------------------------------------------------
15:04:34.170 [main] DEBUG net.thucydides.core.steps.StepInterceptor - STARTING STEP: CategoriesSteps.setPostApiEndpointsf - I set POST api endpoints categories
15:04:34.170 [main] DEBUG net.thucydides.core.steps.StepInterceptor - STEP DONE: I set POST api endpoints categories
  &amp#27;[32mGiven &amp#27;[0m&amp#27;[32mI set POST api endpoints categories&amp#27;[0m              &amp#27;[90m# starter.stepdefinitions.CategoriesSteps.setPostApiEndpointsf()&amp#27;[0m
15:04:34.172 [main] DEBUG net.thucydides.core.steps.StepInterceptor - STARTING STEP: CategoriesSteps.sendPostHttpRequestCategories - I send POST HTTP request categories
15:04:34.173 [main] DEBUG net.thucydides.core.steps.StepInterceptor - STARTING STEP: Categories.sendPostHttpRequestCategories - I set POST api endpoints categories
15:04:34.173 [main] DEBUG net.thucydides.core.steps.StepInterceptor - STEP DONE: I set POST api endpoints categories
15:04:34.179 [main] DEBUG org.apache.http.impl.conn.BasicClientConnectionManager - Get connection for route {s}->https://altashop-api.fly.dev:443
15:04:34.179 [main] DEBUG org.apache.http.impl.conn.DefaultClientConnectionOperator - Connecting to altashop-api.fly.dev:443
15:04:34.224 [main] DEBUG org.apache.http.client.protocol.RequestAddCookies - CookieSpec selected: ignoreCookies
15:04:34.224 [main] DEBUG org.apache.http.client.protocol.RequestAuthCache - Auth cache not set in the context
15:04:34.224 [main] DEBUG org.apache.http.client.protocol.RequestTargetAuthentication - Target auth state: UNCHALLENGED
15:04:34.224 [main] DEBUG org.apache.http.client.protocol.RequestProxyAuthentication - Proxy auth state: UNCHALLENGED
15:04:34.224 [main] DEBUG org.apache.http.impl.client.DefaultHttpClient - Attempt 1 to execute request
15:04:34.224 [main] DEBUG org.apache.http.impl.conn.DefaultClientConnection - Sending request: POST /api/categories HTTP/1.1
15:04:34.224 [main] DEBUG org.apache.http.wire -  >> "POST /api/categories HTTP/1.1[\r][\n]"
15:04:34.224 [main] DEBUG org.apache.http.wire -  >> "Accept: */*[\r][\n]"
15:04:34.224 [main] DEBUG org.apache.http.wire -  >> "Content-Type: application/json[\r][\n]"
15:04:34.224 [main] DEBUG org.apache.http.wire -  >> "Content-Length: 53[\r][\n]"
15:04:34.224 [main] DEBUG org.apache.http.wire -  >> "Host: altashop-api.fly.dev[\r][\n]"
15:04:34.224 [main] DEBUG org.apache.http.wire -  >> "Connection: Keep-Alive[\r][\n]"
15:04:34.224 [main] DEBUG org.apache.http.wire -  >> "User-Agent: Apache-HttpClient/4.5.13 (Java/11.0.15.1)[\r][\n]"
15:04:34.224 [main] DEBUG org.apache.http.wire -  >> "Accept-Encoding: gzip,deflate[\r][\n]"
15:04:34.224 [main] DEBUG org.apache.http.wire -  >> "[\r][\n]"
15:04:34.224 [main] DEBUG org.apache.http.headers - >> POST /api/categories HTTP/1.1
15:04:34.224 [main] DEBUG org.apache.http.headers - >> Accept: */*
15:04:34.224 [main] DEBUG org.apache.http.headers - >> Content-Type: application/json
15:04:34.224 [main] DEBUG org.apache.http.headers - >> Content-Length: 53
15:04:34.224 [main] DEBUG org.apache.http.headers - >> Host: altashop-api.fly.dev
15:04:34.224 [main] DEBUG org.apache.http.headers - >> Connection: Keep-Alive
15:04:34.224 [main] DEBUG org.apache.http.headers - >> User-Agent: Apache-HttpClient/4.5.13 (Java/11.0.15.1)
15:04:34.224 [main] DEBUG org.apache.http.headers - >> Accept-Encoding: gzip,deflate
15:04:34.224 [main] DEBUG org.apache.http.wire -  >> "{"name":"Gaming","description":"For gaming purposes"}"
15:04:34.248 [main] DEBUG org.apache.http.wire -  << "HTTP/1.1 200 OK[\r][\n]"
15:04:34.248 [main] DEBUG org.apache.http.wire -  << "content-type: application/json[\r][\n]"
15:04:34.248 [main] DEBUG org.apache.http.wire -  << "date: Mon, 08 May 2023 08:04:33 GMT[\r][\n]"
15:04:34.248 [main] DEBUG org.apache.http.wire -  << "content-encoding: gzip[\r][\n]"
15:04:34.248 [main] DEBUG org.apache.http.wire -  << "transfer-encoding: chunked[\r][\n]"
15:04:34.248 [main] DEBUG org.apache.http.wire -  << "server: Fly/3f2597ca (2023-05-03)[\r][\n]"
15:04:34.248 [main] DEBUG org.apache.http.wire -  << "via: 1.1 fly.io[\r][\n]"
15:04:34.248 [main] DEBUG org.apache.http.wire -  << "fly-request-id: 01GZX6831WBGNFDD9T36EP3Z3Z-sin[\r][\n]"
15:04:34.248 [main] DEBUG org.apache.http.wire -  << "[\r][\n]"
15:04:34.248 [main] DEBUG org.apache.http.impl.conn.DefaultClientConnection - Receiving response: HTTP/1.1 200 OK
15:04:34.248 [main] DEBUG org.apache.http.headers - << HTTP/1.1 200 OK
15:04:34.248 [main] DEBUG org.apache.http.headers - << content-type: application/json
15:04:34.248 [main] DEBUG org.apache.http.headers - << date: Mon, 08 May 2023 08:04:33 GMT
15:04:34.248 [main] DEBUG org.apache.http.headers - << content-encoding: gzip
15:04:34.248 [main] DEBUG org.apache.http.headers - << transfer-encoding: chunked
15:04:34.248 [main] DEBUG org.apache.http.headers - << server: Fly/3f2597ca (2023-05-03)
15:04:34.248 [main] DEBUG org.apache.http.headers - << via: 1.1 fly.io
15:04:34.248 [main] DEBUG org.apache.http.headers - << fly-request-id: 01GZX6831WBGNFDD9T36EP3Z3Z-sin
15:04:34.248 [main] DEBUG org.apache.http.impl.client.DefaultHttpClient - Connection can be kept alive indefinitely
15:04:34.248 [main] DEBUG io.restassured.internal.RestAssuredHttpBuilder - Parsing response as: application/json
15:04:34.248 [main] DEBUG org.apache.http.wire -  << "5B[\r][\n]"
15:04:34.248 [main] DEBUG org.apache.http.wire -  << "[0x1f][0x8b][0x8][0x0][0x0][0x0][0x0][0x0][0x4][0xff][0xab]VJI,IT[0xb2][0xaa]V[0xf2]tQ[0xb2]24655[0xd0]Q[0xf2]K[0xcc]MU[0xb2]RrO[0xcc][0xcd][0xcc]KW[0xd2]QrI-N.[0xca],([0xc9][0xcc][0xcf]S[0xb2]Rr[0xcb]/RH[0x7]K)[0x14][0x94][0x16][0x15][0xe4][0x17][0xa7][0x16]+[0xd5][0xd6]r[0x1][0x0][0xc5][0xee]Z[0xaa]J[0x0][0x0][0x0]"
15:04:34.248 [main] DEBUG org.apache.http.wire -  << "[\r][\n]"
15:04:34.248 [main] DEBUG org.apache.http.wire -  << "0[\r][\n]"
15:04:34.248 [main] DEBUG org.apache.http.wire -  << "[\r][\n]"
15:04:34.248 [main] DEBUG io.restassured.internal.RestAssuredHttpBuilder - Parsed data to instance of: class org.apache.http.conn.EofSensorInputStream
15:04:34.249 [main] DEBUG org.apache.http.impl.conn.BasicClientConnectionManager - Releasing connection org.apache.http.impl.conn.ManagedClientConnectionImpl@39403943
15:04:34.249 [main] DEBUG org.apache.http.impl.conn.BasicClientConnectionManager - Connection can be kept alive indefinitely
15:04:34.249 [main] DEBUG net.thucydides.core.steps.StepInterceptor - STEP DONE: I send POST HTTP request categories
  &amp#27;[32mWhen &amp#27;[0m&amp#27;[32mI send POST HTTP request categories&amp#27;[0m               &amp#27;[90m# starter.stepdefinitions.CategoriesSteps.sendPostHttpRequestCategories()&amp#27;[0m
15:04:34.251 [main] DEBUG net.thucydides.core.steps.StepInterceptor - STARTING STEP: CategoriesSteps.receiveValidHttp200Categories - I receive valid HTTP response code 200 categories
15:04:34.252 [main] DEBUG net.thucydides.core.steps.StepInterceptor - STEP DONE: I receive valid HTTP response code 200 categories
  &amp#27;[32mThen &amp#27;[0m&amp#27;[32mI receive valid HTTP response code 200 categories&amp#27;[0m &amp#27;[90m# starter.stepdefinitions.CategoriesSteps.receiveValidHttp200Categories()&amp#27;[0m
15:04:34.253 [main] INFO  - 
  _____   ___   ___   _____     ___     _     ___   ___   ___   ___  
 |_   _| | __| / __| |_   _|   | _ \   /_\   / __| / __| | __| |   \ 
   | |   | _|  \__ \   | |     |  _/  / _ \  \__ \ \__ \ | _|  | |) |
   |_|   |___| |___/   |_|     |_|   /_/ \_\ |___/ |___/ |___| |___/ 

POST - Add new category
----------------------------------------------------------------------
]]></system-out>
  </testcase>
  <testcase name="POST - Add new category without description data payload" classname="Categories" time="0.09">
    <system-out><![CDATA[
Scenario: POST - Add new category without description data payload &amp#27;[90m# src/test/resources/features/4. Categories.feature:12&amp#27;[0m
15:04:34.257 [main] DEBUG io.cucumber.core.plugin.SerenityReporter - Running feature from file:///E:/APIMinpro/API/minpro/src/test/resources/features/4.%20Categories.feature
15:04:34.258 [main] INFO  - 
  _____   ___   ___   _____     ___   _____     _     ___   _____   ___   ___  
 |_   _| | __| / __| |_   _|   / __| |_   _|   /_\   | _ \ |_   _| | __| |   \ 
   | |   | _|  \__ \   | |     \__ \   | |    / _ \  |   /   | |   | _|  | |) |
   |_|   |___| |___/   |_|     |___/   |_|   /_/ \_\ |_|_\   |_|   |___| |___/ 

POST - Add new category without description data payload(categories;post---add-new-category-without-description-data-payload)
--------------------------------------------------------------------------------
15:04:34.265 [main] DEBUG net.thucydides.core.steps.StepInterceptor - STARTING STEP: CategoriesSteps.setPostApiEndpointsf - I set POST api endpoints categories
15:04:34.265 [main] DEBUG net.thucydides.core.steps.StepInterceptor - STEP DONE: I set POST api endpoints categories
  &amp#27;[32mGiven &amp#27;[0m&amp#27;[32mI set POST api endpoints categories&amp#27;[0m                        &amp#27;[90m# starter.stepdefinitions.CategoriesSteps.setPostApiEndpointsf()&amp#27;[0m
15:04:34.267 [main] DEBUG net.thucydides.core.steps.StepInterceptor - STARTING STEP: CategoriesSteps.sendPostHttpRequestCategories2 - I send POST HTTP request categories2
15:04:34.268 [main] DEBUG net.thucydides.core.steps.StepInterceptor - STARTING STEP: Categories.sendPostHttpRequestCategories2 - I set POST api endpoints categories
15:04:34.268 [main] DEBUG net.thucydides.core.steps.StepInterceptor - STEP DONE: I set POST api endpoints categories
15:04:34.273 [main] DEBUG org.apache.http.impl.conn.BasicClientConnectionManager - Get connection for route {s}->https://altashop-api.fly.dev:443
15:04:34.274 [main] DEBUG org.apache.http.impl.conn.DefaultClientConnectionOperator - Connecting to altashop-api.fly.dev:443
15:04:34.316 [main] DEBUG org.apache.http.client.protocol.RequestAddCookies - CookieSpec selected: ignoreCookies
15:04:34.316 [main] DEBUG org.apache.http.client.protocol.RequestAuthCache - Auth cache not set in the context
15:04:34.316 [main] DEBUG org.apache.http.client.protocol.RequestTargetAuthentication - Target auth state: UNCHALLENGED
15:04:34.316 [main] DEBUG org.apache.http.client.protocol.RequestProxyAuthentication - Proxy auth state: UNCHALLENGED
15:04:34.316 [main] DEBUG org.apache.http.impl.client.DefaultHttpClient - Attempt 1 to execute request
15:04:34.316 [main] DEBUG org.apache.http.impl.conn.DefaultClientConnection - Sending request: POST /api/categories HTTP/1.1
15:04:34.316 [main] DEBUG org.apache.http.wire -  >> "POST /api/categories HTTP/1.1[\r][\n]"
15:04:34.316 [main] DEBUG org.apache.http.wire -  >> "Accept: */*[\r][\n]"
15:04:34.316 [main] DEBUG org.apache.http.wire -  >> "Content-Type: application/json[\r][\n]"
15:04:34.316 [main] DEBUG org.apache.http.wire -  >> "Content-Length: 17[\r][\n]"
15:04:34.316 [main] DEBUG org.apache.http.wire -  >> "Host: altashop-api.fly.dev[\r][\n]"
15:04:34.316 [main] DEBUG org.apache.http.wire -  >> "Connection: Keep-Alive[\r][\n]"
15:04:34.316 [main] DEBUG org.apache.http.wire -  >> "User-Agent: Apache-HttpClient/4.5.13 (Java/11.0.15.1)[\r][\n]"
15:04:34.316 [main] DEBUG org.apache.http.wire -  >> "Accept-Encoding: gzip,deflate[\r][\n]"
15:04:34.316 [main] DEBUG org.apache.http.wire -  >> "[\r][\n]"
15:04:34.316 [main] DEBUG org.apache.http.headers - >> POST /api/categories HTTP/1.1
15:04:34.316 [main] DEBUG org.apache.http.headers - >> Accept: */*
15:04:34.316 [main] DEBUG org.apache.http.headers - >> Content-Type: application/json
15:04:34.316 [main] DEBUG org.apache.http.headers - >> Content-Length: 17
15:04:34.316 [main] DEBUG org.apache.http.headers - >> Host: altashop-api.fly.dev
15:04:34.316 [main] DEBUG org.apache.http.headers - >> Connection: Keep-Alive
15:04:34.316 [main] DEBUG org.apache.http.headers - >> User-Agent: Apache-HttpClient/4.5.13 (Java/11.0.15.1)
15:04:34.316 [main] DEBUG org.apache.http.headers - >> Accept-Encoding: gzip,deflate
15:04:34.316 [main] DEBUG org.apache.http.wire -  >> "{"name":"Gaming"}"
15:04:34.338 [main] DEBUG org.apache.http.wire -  << "HTTP/1.1 200 OK[\r][\n]"
15:04:34.338 [main] DEBUG org.apache.http.wire -  << "content-type: application/json[\r][\n]"
15:04:34.338 [main] DEBUG org.apache.http.wire -  << "date: Mon, 08 May 2023 08:04:33 GMT[\r][\n]"
15:04:34.338 [main] DEBUG org.apache.http.wire -  << "content-encoding: gzip[\r][\n]"
15:04:34.338 [main] DEBUG org.apache.http.wire -  << "transfer-encoding: chunked[\r][\n]"
15:04:34.338 [main] DEBUG org.apache.http.wire -  << "server: Fly/3f2597ca (2023-05-03)[\r][\n]"
15:04:34.338 [main] DEBUG org.apache.http.wire -  << "via: 1.1 fly.io[\r][\n]"
15:04:34.338 [main] DEBUG org.apache.http.wire -  << "fly-request-id: 01GZX6834PVTBEHMXHWPV2SPGH-sin[\r][\n]"
15:04:34.338 [main] DEBUG org.apache.http.wire -  << "[\r][\n]"
15:04:34.338 [main] DEBUG org.apache.http.impl.conn.DefaultClientConnection - Receiving response: HTTP/1.1 200 OK
15:04:34.338 [main] DEBUG org.apache.http.headers - << HTTP/1.1 200 OK
15:04:34.338 [main] DEBUG org.apache.http.headers - << content-type: application/json
15:04:34.338 [main] DEBUG org.apache.http.headers - << date: Mon, 08 May 2023 08:04:33 GMT
15:04:34.338 [main] DEBUG org.apache.http.headers - << content-encoding: gzip
15:04:34.338 [main] DEBUG org.apache.http.headers - << transfer-encoding: chunked
15:04:34.338 [main] DEBUG org.apache.http.headers - << server: Fly/3f2597ca (2023-05-03)
15:04:34.338 [main] DEBUG org.apache.http.headers - << via: 1.1 fly.io
15:04:34.338 [main] DEBUG org.apache.http.headers - << fly-request-id: 01GZX6834PVTBEHMXHWPV2SPGH-sin
15:04:34.338 [main] DEBUG org.apache.http.impl.client.DefaultHttpClient - Connection can be kept alive indefinitely
15:04:34.338 [main] DEBUG io.restassured.internal.RestAssuredHttpBuilder - Parsing response as: application/json
15:04:34.338 [main] DEBUG org.apache.http.wire -  << "4B[\r][\n]"
15:04:34.338 [main] DEBUG org.apache.http.wire -  << "[0x1f][0x8b][0x8][0x0][0x0][0x0][0x0][0x0][0x4][0xff][0xab]VJI,IT[0xb2][0xaa]V[0xf2]tQ[0xb2]24655[0xd4]Q[0xf2]K[0xcc]MU[0xb2]RrO[0xcc][0xcd][0xcc]KW[0xd2]QrI-N.[0xca],([0xc9][0xcc][0xcf]S[0xb2]RR[0xaa][0xad][0xe5][0x2][0x0]U[0xe][0xb9]/7[0x0][0x0][0x0]"
15:04:34.338 [main] DEBUG org.apache.http.wire -  << "[\r][\n]"
15:04:34.338 [main] DEBUG org.apache.http.wire -  << "0[\r][\n]"
15:04:34.338 [main] DEBUG org.apache.http.wire -  << "[\r][\n]"
15:04:34.338 [main] DEBUG io.restassured.internal.RestAssuredHttpBuilder - Parsed data to instance of: class org.apache.http.conn.EofSensorInputStream
15:04:34.339 [main] DEBUG org.apache.http.impl.conn.BasicClientConnectionManager - Releasing connection org.apache.http.impl.conn.ManagedClientConnectionImpl@4452e13c
15:04:34.339 [main] DEBUG org.apache.http.impl.conn.BasicClientConnectionManager - Connection can be kept alive indefinitely
15:04:34.339 [main] DEBUG net.thucydides.core.steps.StepInterceptor - STEP DONE: I send POST HTTP request categories2
  &amp#27;[32mWhen &amp#27;[0m&amp#27;[32mI send POST HTTP request categories2&amp#27;[0m                        &amp#27;[90m# starter.stepdefinitions.CategoriesSteps.sendPostHttpRequestCategories2()&amp#27;[0m
15:04:34.341 [main] DEBUG net.thucydides.core.steps.StepInterceptor - STARTING STEP: CategoriesSteps.receiveValidHttp200Categories - I receive valid HTTP response code 200 categories
15:04:34.342 [main] DEBUG net.thucydides.core.steps.StepInterceptor - STEP DONE: I receive valid HTTP response code 200 categories
  &amp#27;[32mThen &amp#27;[0m&amp#27;[32mI receive valid HTTP response code 200 categories&amp#27;[0m           &amp#27;[90m# starter.stepdefinitions.CategoriesSteps.receiveValidHttp200Categories()&amp#27;[0m
15:04:34.343 [main] INFO  - 
  _____   ___   ___   _____     ___     _     ___   ___   ___   ___  
 |_   _| | __| / __| |_   _|   | _ \   /_\   / __| / __| | __| |   \ 
   | |   | _|  \__ \   | |     |  _/  / _ \  \__ \ \__ \ | _|  | |) |
   |_|   |___| |___/   |_|     |_|   /_/ \_\ |___/ |___/ |___| |___/ 

POST - Add new category without description data payload
----------------------------------------------------------------------
]]></system-out>
  </testcase>
  <testcase name="POST - Add new category without name data payload" classname="Categories" time="0.138">
    <system-out><![CDATA[
Scenario: POST - Add new category without name data payload &amp#27;[90m# src/test/resources/features/4. Categories.feature:17&amp#27;[0m
15:04:34.348 [main] DEBUG io.cucumber.core.plugin.SerenityReporter - Running feature from file:///E:/APIMinpro/API/minpro/src/test/resources/features/4.%20Categories.feature
15:04:34.349 [main] INFO  - 
  _____   ___   ___   _____     ___   _____     _     ___   _____   ___   ___  
 |_   _| | __| / __| |_   _|   / __| |_   _|   /_\   | _ \ |_   _| | __| |   \ 
   | |   | _|  \__ \   | |     \__ \   | |    / _ \  |   /   | |   | _|  | |) |
   |_|   |___| |___/   |_|     |___/   |_|   /_/ \_\ |_|_\   |_|   |___| |___/ 

POST - Add new category without name data payload(categories;post---add-new-category-without-name-data-payload)
--------------------------------------------------------------------------------
15:04:34.369 [Finalizer] DEBUG org.apache.http.impl.conn.DefaultClientConnection - Connection 0.0.0.0:60639<->149.248.193.56:443 closed
15:04:34.372 [Finalizer] DEBUG org.apache.http.impl.conn.DefaultClientConnection - Connection 0.0.0.0:60632<->149.248.193.56:443 closed
15:04:34.374 [Finalizer] DEBUG org.apache.http.impl.conn.DefaultClientConnection - Connection 0.0.0.0:60631<->149.248.193.56:443 closed
15:04:34.375 [Finalizer] DEBUG org.apache.http.impl.conn.DefaultClientConnection - Connection 0.0.0.0:60630<->149.248.193.56:443 closed
15:04:34.377 [Finalizer] DEBUG org.apache.http.impl.conn.DefaultClientConnection - Connection 0.0.0.0:60634<->149.248.193.56:443 closed
15:04:34.377 [main] DEBUG net.thucydides.core.steps.StepInterceptor - STARTING STEP: CategoriesSteps.setPostApiEndpointsf - I set POST api endpoints categories
15:04:34.378 [Finalizer] DEBUG org.apache.http.impl.conn.DefaultClientConnection - Connection 0.0.0.0:60633<->149.248.193.56:443 closed
15:04:34.378 [main] DEBUG net.thucydides.core.steps.StepInterceptor - STEP DONE: I set POST api endpoints categories
  &amp#27;[32mGiven &amp#27;[0m&amp#27;[32mI set POST api endpoints categories&amp#27;[0m                 &amp#27;[90m# starter.stepdefinitions.CategoriesSteps.setPostApiEndpointsf()&amp#27;[0m
15:04:34.379 [Finalizer] DEBUG org.apache.http.impl.conn.DefaultClientConnection - Connection 0.0.0.0:60643<->149.248.193.56:443 closed
15:04:34.380 [Finalizer] DEBUG org.apache.http.impl.conn.DefaultClientConnection - Connection 0.0.0.0:60638<->149.248.193.56:443 closed
15:04:34.382 [Finalizer] DEBUG org.apache.http.impl.conn.DefaultClientConnection - Connection 0.0.0.0:60637<->149.248.193.56:443 closed
15:04:34.383 [Finalizer] DEBUG org.apache.http.impl.conn.DefaultClientConnection - Connection 0.0.0.0:60636<->149.248.193.56:443 closed
15:04:34.384 [Finalizer] DEBUG org.apache.http.impl.conn.DefaultClientConnection - Connection 0.0.0.0:60635<->149.248.193.56:443 closed
15:04:34.386 [Finalizer] DEBUG org.apache.http.impl.conn.DefaultClientConnection - Connection 0.0.0.0:60640<->149.248.193.56:443 closed
15:04:34.387 [Finalizer] DEBUG org.apache.http.impl.conn.DefaultClientConnection - Connection 0.0.0.0:60642<->149.248.193.56:443 closed
15:04:34.388 [Finalizer] DEBUG org.apache.http.impl.conn.DefaultClientConnection - Connection 0.0.0.0:60641<->149.248.193.56:443 closed
15:04:34.388 [main] DEBUG net.thucydides.core.steps.StepInterceptor - STARTING STEP: CategoriesSteps.sendPostHttpRequestCategories3 - I send POST HTTP request categories3
15:04:34.390 [main] DEBUG net.thucydides.core.steps.StepInterceptor - STARTING STEP: Categories.sendPostHttpRequestCategories3 - I set POST api endpoints categories
15:04:34.390 [main] DEBUG net.thucydides.core.steps.StepInterceptor - STEP DONE: I set POST api endpoints categories
15:04:34.403 [main] DEBUG org.apache.http.impl.conn.BasicClientConnectionManager - Get connection for route {s}->https://altashop-api.fly.dev:443
15:04:34.403 [main] DEBUG org.apache.http.impl.conn.DefaultClientConnectionOperator - Connecting to altashop-api.fly.dev:443
15:04:34.452 [main] DEBUG org.apache.http.client.protocol.RequestAddCookies - CookieSpec selected: ignoreCookies
15:04:34.452 [main] DEBUG org.apache.http.client.protocol.RequestAuthCache - Auth cache not set in the context
15:04:34.452 [main] DEBUG org.apache.http.client.protocol.RequestTargetAuthentication - Target auth state: UNCHALLENGED
15:04:34.453 [main] DEBUG org.apache.http.client.protocol.RequestProxyAuthentication - Proxy auth state: UNCHALLENGED
15:04:34.453 [main] DEBUG org.apache.http.impl.client.DefaultHttpClient - Attempt 1 to execute request
15:04:34.453 [main] DEBUG org.apache.http.impl.conn.DefaultClientConnection - Sending request: POST /api/categories HTTP/1.1
15:04:34.453 [main] DEBUG org.apache.http.wire -  >> "POST /api/categories HTTP/1.1[\r][\n]"
15:04:34.453 [main] DEBUG org.apache.http.wire -  >> "Accept: */*[\r][\n]"
15:04:34.453 [main] DEBUG org.apache.http.wire -  >> "Content-Type: application/json[\r][\n]"
15:04:34.453 [main] DEBUG org.apache.http.wire -  >> "Content-Length: 37[\r][\n]"
15:04:34.453 [main] DEBUG org.apache.http.wire -  >> "Host: altashop-api.fly.dev[\r][\n]"
15:04:34.453 [main] DEBUG org.apache.http.wire -  >> "Connection: Keep-Alive[\r][\n]"
15:04:34.453 [main] DEBUG org.apache.http.wire -  >> "User-Agent: Apache-HttpClient/4.5.13 (Java/11.0.15.1)[\r][\n]"
15:04:34.453 [main] DEBUG org.apache.http.wire -  >> "Accept-Encoding: gzip,deflate[\r][\n]"
15:04:34.453 [main] DEBUG org.apache.http.wire -  >> "[\r][\n]"
15:04:34.453 [main] DEBUG org.apache.http.headers - >> POST /api/categories HTTP/1.1
15:04:34.453 [main] DEBUG org.apache.http.headers - >> Accept: */*
15:04:34.453 [main] DEBUG org.apache.http.headers - >> Content-Type: application/json
15:04:34.453 [main] DEBUG org.apache.http.headers - >> Content-Length: 37
15:04:34.453 [main] DEBUG org.apache.http.headers - >> Host: altashop-api.fly.dev
15:04:34.453 [main] DEBUG org.apache.http.headers - >> Connection: Keep-Alive
15:04:34.453 [main] DEBUG org.apache.http.headers - >> User-Agent: Apache-HttpClient/4.5.13 (Java/11.0.15.1)
15:04:34.453 [main] DEBUG org.apache.http.headers - >> Accept-Encoding: gzip,deflate
15:04:34.453 [main] DEBUG org.apache.http.wire -  >> "{"description":"For gaming purposes"}"
15:04:34.475 [main] DEBUG org.apache.http.wire -  << "HTTP/1.1 500 Internal Server Error[\r][\n]"
15:04:34.475 [main] DEBUG org.apache.http.wire -  << "content-type: application/json[\r][\n]"
15:04:34.475 [main] DEBUG org.apache.http.wire -  << "date: Mon, 08 May 2023 08:04:33 GMT[\r][\n]"
15:04:34.475 [main] DEBUG org.apache.http.wire -  << "content-encoding: gzip[\r][\n]"
15:04:34.475 [main] DEBUG org.apache.http.wire -  << "transfer-encoding: chunked[\r][\n]"
15:04:34.475 [main] DEBUG org.apache.http.wire -  << "server: Fly/3f2597ca (2023-05-03)[\r][\n]"
15:04:34.475 [main] DEBUG org.apache.http.wire -  << "via: 1.1 fly.io[\r][\n]"
15:04:34.475 [main] DEBUG org.apache.http.wire -  << "fly-request-id: 01GZX6838ZF8FBEX8P24M5J6B3-sin[\r][\n]"
15:04:34.475 [main] DEBUG org.apache.http.wire -  << "[\r][\n]"
15:04:34.475 [main] DEBUG org.apache.http.impl.conn.DefaultClientConnection - Receiving response: HTTP/1.1 500 Internal Server Error
15:04:34.475 [main] DEBUG org.apache.http.headers - << HTTP/1.1 500 Internal Server Error
15:04:34.475 [main] DEBUG org.apache.http.headers - << content-type: application/json
15:04:34.475 [main] DEBUG org.apache.http.headers - << date: Mon, 08 May 2023 08:04:33 GMT
15:04:34.475 [main] DEBUG org.apache.http.headers - << content-encoding: gzip
15:04:34.475 [main] DEBUG org.apache.http.headers - << transfer-encoding: chunked
15:04:34.475 [main] DEBUG org.apache.http.headers - << server: Fly/3f2597ca (2023-05-03)
15:04:34.475 [main] DEBUG org.apache.http.headers - << via: 1.1 fly.io
15:04:34.475 [main] DEBUG org.apache.http.headers - << fly-request-id: 01GZX6838ZF8FBEX8P24M5J6B3-sin
15:04:34.475 [main] DEBUG org.apache.http.impl.client.DefaultHttpClient - Connection can be kept alive indefinitely
15:04:34.475 [main] DEBUG io.restassured.internal.RestAssuredHttpBuilder - Parsing response as: application/json
15:04:34.475 [main] DEBUG org.apache.http.wire -  << "82[\r][\n]"
15:04:34.475 [main] DEBUG org.apache.http.wire -  << "[0x1f][0x8b][0x8][0x0][0x0][0x0][0x0][0x0][0x4][0xff][0xab]VJ-*[0xca]/R[0xb2]Rr[\r][\n]"
15:04:34.475 [main] DEBUG org.apache.http.wire -  << "[0xf2][0xf][0xb2]R[0xc8]K-W([0xca]/WH[0xcb]/R(J[0xcd]I,[0xc9][0xcc][0xcf]S[0x88]QJN,IM[0xcf]/[0xca]L-[0x8e]QR([0xcb][0xcc][0xcf]I,I-VH[0xce]HM[0xce]VH[0xce][0xcf]+.)J[0xcc][0xcc]+AQ[0x18][0x9f][0x97][0x98][0x9b][0x1a][0xf]V[0x12][0xa3][0xa4][0xa0][0x11][0x1c][0xe8][0x13][0x1c][0xe2][0x18][0xe2][0xaa]`dljh[0xa2][0xa9]T[0xcb][0x5][0x0]p%[0xdd]o|[0x0][0x0][0x0]"
15:04:34.475 [main] DEBUG org.apache.http.wire -  << "[\r][\n]"
15:04:34.475 [main] DEBUG org.apache.http.wire -  << "0[\r][\n]"
15:04:34.475 [main] DEBUG org.apache.http.wire -  << "[\r][\n]"
15:04:34.475 [main] DEBUG io.restassured.internal.RestAssuredHttpBuilder - Parsed data to instance of: class org.apache.http.conn.EofSensorInputStream
15:04:34.477 [main] DEBUG org.apache.http.impl.conn.BasicClientConnectionManager - Releasing connection org.apache.http.impl.conn.ManagedClientConnectionImpl@6b32b678
15:04:34.477 [main] DEBUG org.apache.http.impl.conn.BasicClientConnectionManager - Connection can be kept alive indefinitely
15:04:34.478 [main] DEBUG net.thucydides.core.steps.StepInterceptor - STEP DONE: I send POST HTTP request categories3
  &amp#27;[32mWhen &amp#27;[0m&amp#27;[32mI send POST HTTP request categories3&amp#27;[0m                 &amp#27;[90m# starter.stepdefinitions.CategoriesSteps.sendPostHttpRequestCategories3()&amp#27;[0m
15:04:34.480 [main] DEBUG net.thucydides.core.steps.StepInterceptor - STARTING STEP: CategoriesSteps.receiveValidHttp500Categories - I receive valid HTTP response code 500 categories
15:04:34.480 [main] DEBUG net.thucydides.core.steps.StepInterceptor - STEP DONE: I receive valid HTTP response code 500 categories
  &amp#27;[32mThen &amp#27;[0m&amp#27;[32mI receive valid HTTP response code 500 categories&amp#27;[0m    &amp#27;[90m# starter.stepdefinitions.CategoriesSteps.receiveValidHttp500Categories()&amp#27;[0m
15:04:34.481 [main] INFO  - 
  _____   ___   ___   _____     ___     _     ___   ___   ___   ___  
 |_   _| | __| / __| |_   _|   | _ \   /_\   / __| / __| | __| |   \ 
   | |   | _|  \__ \   | |     |  _/  / _ \  \__ \ \__ \ | _|  | |) |
   |_|   |___| |___/   |_|     |_|   /_/ \_\ |___/ |___/ |___| |___/ 

POST - Add new category without name data payload
----------------------------------------------------------------------
]]></system-out>
  </testcase>
  <testcase name="GET - Get list all categories" classname="Categories" time="0.122">
    <system-out><![CDATA[
Scenario: GET - Get list all categories                  &amp#27;[90m# src/test/resources/features/4. Categories.feature:22&amp#27;[0m
15:04:34.484 [main] DEBUG io.cucumber.core.plugin.SerenityReporter - Running feature from file:///E:/APIMinpro/API/minpro/src/test/resources/features/4.%20Categories.feature
15:04:34.485 [main] INFO  - 
  _____   ___   ___   _____     ___   _____     _     ___   _____   ___   ___  
 |_   _| | __| / __| |_   _|   / __| |_   _|   /_\   | _ \ |_   _| | __| |   \ 
   | |   | _|  \__ \   | |     \__ \   | |    / _ \  |   /   | |   | _|  | |) |
   |_|   |___| |___/   |_|     |___/   |_|   /_/ \_\ |_|_\   |_|   |___| |___/ 

GET - Get list all categories(categories;get---get-list-all-categories)
--------------------------------------------------------------------------------
15:04:34.489 [main] DEBUG net.thucydides.core.steps.StepInterceptor - STARTING STEP: CategoriesSteps.setGetApiEndpoints - I set GET api endpoints categories
15:04:34.489 [main] DEBUG net.thucydides.core.steps.StepInterceptor - STEP DONE: I set GET api endpoints categories
  &amp#27;[32mGiven &amp#27;[0m&amp#27;[32mI set GET api endpoints categories&amp#27;[0m               &amp#27;[90m# starter.stepdefinitions.CategoriesSteps.setGetApiEndpoints()&amp#27;[0m
15:04:34.491 [main] DEBUG net.thucydides.core.steps.StepInterceptor - STARTING STEP: CategoriesSteps.sentGetHttpRequestCategories - I send GET HTTP request categories
15:04:34.492 [main] DEBUG net.thucydides.core.steps.StepInterceptor - STARTING STEP: Categories.sendGetHttpRequestCategories - I set GET api endpoints categories
15:04:34.492 [main] DEBUG net.thucydides.core.steps.StepInterceptor - STEP DONE: I set GET api endpoints categories
15:04:34.497 [main] DEBUG org.apache.http.impl.conn.BasicClientConnectionManager - Get connection for route {s}->https://altashop-api.fly.dev:443
15:04:34.497 [main] DEBUG org.apache.http.impl.conn.DefaultClientConnectionOperator - Connecting to altashop-api.fly.dev:443
15:04:34.543 [main] DEBUG org.apache.http.client.protocol.RequestAddCookies - CookieSpec selected: ignoreCookies
15:04:34.543 [main] DEBUG org.apache.http.client.protocol.RequestAuthCache - Auth cache not set in the context
15:04:34.544 [main] DEBUG org.apache.http.client.protocol.RequestTargetAuthentication - Target auth state: UNCHALLENGED
15:04:34.544 [main] DEBUG org.apache.http.client.protocol.RequestProxyAuthentication - Proxy auth state: UNCHALLENGED
15:04:34.544 [main] DEBUG org.apache.http.impl.client.DefaultHttpClient - Attempt 1 to execute request
15:04:34.544 [main] DEBUG org.apache.http.impl.conn.DefaultClientConnection - Sending request: GET /api/categories HTTP/1.1
15:04:34.544 [main] DEBUG org.apache.http.wire -  >> "GET /api/categories HTTP/1.1[\r][\n]"
15:04:34.544 [main] DEBUG org.apache.http.wire -  >> "Accept: */*[\r][\n]"
15:04:34.544 [main] DEBUG org.apache.http.wire -  >> "Host: altashop-api.fly.dev[\r][\n]"
15:04:34.544 [main] DEBUG org.apache.http.wire -  >> "Connection: Keep-Alive[\r][\n]"
15:04:34.544 [main] DEBUG org.apache.http.wire -  >> "User-Agent: Apache-HttpClient/4.5.13 (Java/11.0.15.1)[\r][\n]"
15:04:34.544 [main] DEBUG org.apache.http.wire -  >> "Accept-Encoding: gzip,deflate[\r][\n]"
15:04:34.544 [main] DEBUG org.apache.http.wire -  >> "[\r][\n]"
15:04:34.544 [main] DEBUG org.apache.http.headers - >> GET /api/categories HTTP/1.1
15:04:34.544 [main] DEBUG org.apache.http.headers - >> Accept: */*
15:04:34.544 [main] DEBUG org.apache.http.headers - >> Host: altashop-api.fly.dev
15:04:34.544 [main] DEBUG org.apache.http.headers - >> Connection: Keep-Alive
15:04:34.544 [main] DEBUG org.apache.http.headers - >> User-Agent: Apache-HttpClient/4.5.13 (Java/11.0.15.1)
15:04:34.544 [main] DEBUG org.apache.http.headers - >> Accept-Encoding: gzip,deflate
15:04:34.568 [main] DEBUG org.apache.http.wire -  << "HTTP/1.1 200 OK[\r][\n]"
15:04:34.568 [main] DEBUG org.apache.http.wire -  << "content-type: application/json[\r][\n]"
15:04:34.568 [main] DEBUG org.apache.http.wire -  << "date: Mon, 08 May 2023 08:04:33 GMT[\r][\n]"
15:04:34.568 [main] DEBUG org.apache.http.wire -  << "transfer-encoding: chunked[\r][\n]"
15:04:34.568 [main] DEBUG org.apache.http.wire -  << "content-encoding: gzip[\r][\n]"
15:04:34.568 [main] DEBUG org.apache.http.wire -  << "server: Fly/3f2597ca (2023-05-03)[\r][\n]"
15:04:34.568 [main] DEBUG org.apache.http.wire -  << "via: 1.1 fly.io[\r][\n]"
15:04:34.568 [main] DEBUG org.apache.http.wire -  << "fly-request-id: 01GZX683BTN8J2DTKJQBM38Z87-sin[\r][\n]"
15:04:34.568 [main] DEBUG org.apache.http.wire -  << "[\r][\n]"
15:04:34.568 [main] DEBUG org.apache.http.impl.conn.DefaultClientConnection - Receiving response: HTTP/1.1 200 OK
15:04:34.568 [main] DEBUG org.apache.http.headers - << HTTP/1.1 200 OK
15:04:34.568 [main] DEBUG org.apache.http.headers - << content-type: application/json
15:04:34.568 [main] DEBUG org.apache.http.headers - << date: Mon, 08 May 2023 08:04:33 GMT
15:04:34.568 [main] DEBUG org.apache.http.headers - << transfer-encoding: chunked
15:04:34.568 [main] DEBUG org.apache.http.headers - << content-encoding: gzip
15:04:34.568 [main] DEBUG org.apache.http.headers - << server: Fly/3f2597ca (2023-05-03)
15:04:34.568 [main] DEBUG org.apache.http.headers - << via: 1.1 fly.io
15:04:34.568 [main] DEBUG org.apache.http.headers - << fly-request-id: 01GZX683BTN8J2DTKJQBM38Z87-sin
15:04:34.568 [main] DEBUG org.apache.http.impl.client.DefaultHttpClient - Connection can be kept alive indefinitely
15:04:34.568 [main] DEBUG io.restassured.internal.RestAssuredHttpBuilder - Parsing response as: application/json
15:04:34.568 [main] DEBUG org.apache.http.wire -  << "35B[\r][\n]"
15:04:34.568 [main] DEBUG org.apache.http.wire -  << "[0x1f][0x8b][0x8][0x0][0x0][0x0][0x0][0x0][0x4][0xff][0xaa]VJI,IT[0xb2][0x8a][0xae]V[0xf2]tQ[0xb2]24250[0xd5]Q[0xf2]K[0xcc]MU[0xb2]Rr+-[0xca][0xcb],)-JU[0xd2]QrI-N.[0xca],([0xc9][0xcc][0xcf]S[0xb2]RJ[0xcb]/RHO[0xcc][0xcd][0xcc]KW((-*[0xc8]/N-V[0xaa][0xd5]A[0x98]aA[0x5]3,[0xe1]f(:([0xab][0xa8][0x92][0xea][0x6]CC[0xb8]~[0x88]KI6[0xc0][0x98]R[0x3][0xcc](5[0xc0][0x9c]R[0x3][0x10]aH^[0x18][0x18][0x19]P[0xe8][0x2]##J[\r]@[0xc4]BXjIjQf^bQ%FT[0xa6][0xe6][0xa4]&[0x97][0x14]e&g&[0xe6]![0xa7]C#DZ[0xf6][0xcd][0x7]%][0x85][0x80][0xcc]dP[0x82].VH[0xcc]KQp[0xcb][0xcc][0xc9][0xc5]0*#1[0xb3]([0xa5]([0xb5][0xb8]8[0xb5][0x8][0xc5](D\x[0x94][0xe6]&[0xe6])[0x4][0xa5][0x16][0xe7][0x97][0x16]%[0xa7][0x16]c[0x98]P[0x9e][0x99][0x97][0x92]_[0xae][0x90][0x9c][0x93][0x9a][0x98][0x87]f[0x8]">\SJ[0x93][0x13][0xc1]N[0xf2]M[0xcc]KLO[0xcd]M[0xcd]+[0xc1]0[0xa9] ?'39U!?--3[0x19][0xd5]$cD[0xea][0xe]J[0xcc][0xcc])[0xca]OLQ[0xf0]M[0xcc]+MK[0x4][0xfb][0xf][0xc3][0xa4][0xc4][0x92][0x92][0xfc][0xa2][0xbc][0xd4]J[0x85][0xc4][0x12][0x85][0x9c][0xc4]rd[0x9f][0x19]#B[0xd8])[0xb1]$1=[0xbf]H!<?[0xbb][0x14][0xc3][0x8][0xe7][0xd4][0xdc][0xcc][0x9c][0xc4]<[0x85][0xe2][0xd4][0xc][0x90]![0xa9]U[0x89]%[\n]"
15:04:34.568 [main] DEBUG org.apache.http.wire -  << "I[0xa9]E[0xe9][0x99]U[0x99]([0xc6][0x99]P[0x18][0xe3][0xc6][0x88]H[0x83]$[0xda]t[0xc][0xa7][0x10](~[0x8c][0x11][0x19][0xaf]$[0xb5][0xb8][0x4]K[0x14][0xa1]8[0x18]QX[0x91]k[0x1f]"Z[0x89][0xb0][0xcf][0x4][0x11]u[0xee][0xe0]"[0x14][0xc3]{n[0xf8]KW[0x13]D[0x9e][0xc2]a[0x0][0xb2][0xf7]L[0x10][0xd1]K[0xa6][0xf7]L[0x10]1J[0x8c][0xf7][0x10][0x19][0x85][0x8][0xd7][0x99]"[0x2][0x3][0xe2]:[0x8c][0xc0] [0x10][0xd7][0xa6][0x88][0xc0] [0xd3][0x0]D[0xf8]P#[0xf9][0x9b]"[0x2][0x8b]*[0xc6]!2[0x3]U[0x8c]C[0xe4][0xc][0xaa][0x18][0x87][0x88]k[0xaa][0x18][0x87][0xc8][0x89]T1[0xe][0x91]-[0xa9]a[0x9c][0x19][0xa5]u[0xa1][0x19]"[0xad];f'%[0x16])[0x4]eVeW*[0xb8]%f[0x14][0x95][0x16][0xe5]Wa[0xd6]j[0xb9][0x99]y[0x99][\n]"
15:04:34.568 [main] DEBUG org.apache.http.wire -  << "[0x5]E[0xf9]Y[0xa9][0xc9]%[0xc8]Y[0xda][0xc][0x91][0xe6][0xa9][0xe2]1D[0xe] /[0xb][0x99]![0xd2]<[0x99][0x6]P7[0x95][0x9b]!R9[0x99][0xee]A[0xa4]k[0xe7][0xc4][0x92][0xd4][0xf4][0xfc][0xa2]J[0x5][0xc7][0xd2][0x9c][0xcc]D[0x8c][0xd2][0x9][0x14]C[0xc9]0%[0x89]`%H[0xed]`3D[0x82][0xce]K[0xcc]M[0x4][0xc5]eJi6[0x86]![0xd9][0x10][0x3][0xc0]q[\r][0x92]G6[0x81][0xba]i[0xd8][0x1c][0x91][0x4][0xc9][0xb][0x19]sD[0xd2]#[0xd3][0x0]J[0x13][0x9b]9[0xa5][0x89][0xcd][0x1c][0x91][0xd8][0xc8][0xf4][0x2][0xa5][0xc9][0xcb][0x1c][0x91],[0xc8]t[0x1]"U@[0xc] [0xb9][0x89]d[0x81]([0xcc][0x88][0xa8][0xd3]-([0x8d]u[0xb]Jc[0xdd][0x2][0x11][0xeb][0xc4][0xb8][0x97][0xd2][0x18][0xb2]@[0x14][0x0][0xc4]X[0x87][0x1e][0x1d][0x18]9[0x9c]@#[0xc6][0x12][0x11][0x1b]![0xa9][0xc5][0x98][0xfd][0x0][0xcf][0xbc]L[0x5][0x90][0x4][0xa8][0xbf][0xed][0x9e][0x99][0x9a][0x83]\[0x19]XR[0x9a][0xa5]-)[0x8d]\KJ#[0xd7][0x12][0x11][0xb9][0x90][0xe4]Lr[0xf8]Q[0x9a][0xa5]-)M0[0x96][0x88][0x4]C[0xa6][0x17](-[0x13],[0x11][0x89][0x90]p[0x92]53[0xa0]0[0xd5][0x98][0x19] R[\r]1[0xd6]Q[0x18][0xc3]fH[0xa3]R[0xc4]XGal[0x98][0x19] b[0x83][0x8][0xeb][0x90][0x86][0x9a]r[0x13][0xb3][0x13][0xf3][0x12][0xf3]0[0x12]0L[0x1c]Q[0xb5][0x9b][0x19]"B[0x90][0xac]$cfHa[0xbe]33[0xa4]4V[0xc])[0xcc]6f[0x86][0x88][0x88][0xa2]BK[0xd6][0xcc][0x10][0x11]m[0xe1][0x99]E[0xa9]9[0x0][0x0][0x0][0x0][0xff][0xff]"
15:04:34.568 [main] DEBUG org.apache.http.wire -  << "[\r][\n]"
15:04:34.568 [main] DEBUG org.apache.http.wire -  << "3EB[\r][\n]"
15:04:34.568 [main] DEBUG org.apache.http.wire -  << "J-[0xc6][0x1c][0x9d])[0xc8][0xa8],[0xce]L[0xce],FnQ[0x9b]Q:[0xce]eF[0xe9]8[0x97][0x99][0x11][0xa5]qaDi\[0x18]![0x2][0xf]GzL,NA[0xaa]y[0xcc][0x8c]PK[0x1c]P[0xe5]TP[0x94][0x9f]R[0x9a][0x8c]Y[0x81][0x95]dd[0x16]+d[0x16]+[0x94]d[0xa4]B[0x1a][0xc1][0xc9]%[\n]"
15:04:34.568 [main] DEBUG org.apache.http.wire -  << ")H#[0xca]H[0xd9][0xc2][0x18]Q[0x17][0x82][0xb2][0x1e][0xb5]LE[0x94]w[0x84]LE[0xf6][0xa2]1"[0x8f][0x12][0xd2]F[0x8a][0x17][0x11][0x19][0x97][0x90][0xa9]([0x8e][0xa1][0xb0][0x96]3C[0x1b][0x17][0xa3]V[0xd0]"[0xf2]0)[0xbe]A[0x1a][0x6]#[0xa4][0x8d][0x84][0xa0]E[0x1a][0x1b]#d*r[0xd0]"[\r]q[0xe1]H[0xfb][0xf8][pf&[0x94][0xe6]>[0x13][0x82][0xb9][0x8f][0x80][0xb]L[0x11][0xf9][0x86]</P:[0x92]ffJ|[0xb2]&!FM)M[0xf5][0xa6][0x88][0xa8][0x9][0xc8][0xcf][0xc9],/J,[0xc9][0xc0][0xa8][0x9f][0x83]R[0xb]JS2[0x13][0xf3]R[0x12]S[0x15][0xf2]R[0x8b][0x93]3K[0xf3]J[0x14]R+[0x92]S[0xb]JJ[0x8b]2[0x15]R[0xf2]s[0xf2][0x8b]R[0x15]RKs[0x15][0x8a]S[0xb]K3[0xf5][0x90][0x13][0x8f])"[0x3][0xf8]&&g[0xe4]gc[0xce][0x97][0x5][0x96]&[0x16]g*[0xa4][0x95][0xa6]'*[0xe4][0xe5][0xe7])[0x14][0x96][0xe6][0xa7](d[0xe6][0x16][0xa4][0xa6]d[0x96]([0x94][0xa5][0xe6]d[0x96][0xa0][0x1a]HiZ[0xa0]t[0xa8][0xca][0xc]i[0x84][0x9][0x92][0x98]H[0xed]`[0x9a][0x99][0xa1]&[0x6][0xfc]c[0xf0]ff[0x88]H642VH[0xcc][0xc2][0x1c]i[0x1]%[0xff][0xdc][0xd4][0xa2][0xe4][0xc]l3[0x8e]f[0x94][0xe][0xf9][0x98][0x99]!*3[0x88][0x8f]1[0x92][0x8][0xc8][0x1][0x10])[0xac].0[0xa7]4[0xff][0x99]#B[0xc]b[\r][0xc9].[0xa0][0xb4][0x9]a[0x8e]H[0xc8][0xe4][0xb9][0x0]iT[0x81]L[0x3]([\r][0x3][0xb]Df'[0xd3][0x5][0x4][0xc3][0x0]9[0xeb]S[0xda][0xf9]6#[0xdc][0xf9]F[0xb1][0x8e]R[0xdf][0x11][0xee][0xa6]"YgNi'[0xd1][0x1c][0xa9][0x93]HVl[0x98][0x1b]P[0x98][0x1e][0xcc][\r]([0xcc][0x13][0xe6]H[0x1d]O2[0xbd]@a[0x9c][0x99][0x1b][0x90][0x92]"[0xcd][0x91][0xfa][0xa2][0xe4][0xb9][0x97][0xd2]n[0xa9]9R[0xb7][0x14][0xc7][0x4] [0xfe][0xf9]MsCDe@[0xa6][0x1][0x88][0x10][0xc3]a[0x0]r*G[0xea]4[0x92][0x19]b[0x4][0xab][0xe]d[0xeb][0x8c][0x10]I[0x1a][0x87][0xe3][0x8][0x4][0xf]RO[0x11][0x87][0x1]([0xd6]Q[0x9a][0xfc][0x8c][0x10][0x81][0x89]#x[0x90][0xad]CZ[0x97][0x80]C5[0xfe]j[0xd4][0x1c][0xa9][0xc7][0x85][0xc3][0x0][0x14][0xeb]([0xf5][0x9d]1I[0xbe]C[0xea][0xb3][0xe0]p[0x1c][0x1][0xdf]!uOp[0x18][0x80][0xec];[0xa4]N[0x5][0xa1][0xce][0xc][0xf1][\r]js[0x13][0x84][0x97][0x9][0x99][0x8a][0xe2][0x18]D*'[0xa4][0x8d][0x4][0xc7] [0xcd][0xff][0xe3]H[0xcc][0x4]r[0x3]R[0xaf][0x5][0x87][0x1][0xc8][0x9e]@[0x9a][0x9d][0xc7][0xa1][0x9a][0x90]u[0x4][0xcb]&[0x14][0xeb][0x10]A[0x8d]#[0xba][0x9][0xa4][0x17]SDO[0x80]L[0xf7]"b[\r][0x87][0x1][0xc8][0xee]E[0x9a][0xa1][0xa6][0xc2]p[0x9c]9F/[0x82][0xc4][0x16][0xad]9R'[0x82][0xbc][0xf0]C[0x9a][0x99][0xc6][0xbd][0x98][0x11].[0xa3][0xe0][0x95]Z[0x90]X[0x94][0x88][0x12]"[0x94][0x16]0f[0x94]&[0x1]J[0xfb][0x15][0xe6][0x94][0xce][0xf9][0x9a]S:[0xe7]k[0x8e][0xd4][0xb3][0x81][0x87]5FR[0x80][0xcb]`[0x89][0x5]J[0xa7]l[0xcd][0xcd][0x11][0xd1][0xe8]VT[0x9a][0x89]9@[0x89][0x1c][0xe7][0x94]v[0x83][0xcc][0x91][0xe6]w[0x89][0xb0][\r][0x91]C[0xb1]+N[0xcf][0xcf]OQ[0x0][0x95][0x13][0x19][0xa9][0x89]9%[0x19][0xc8].[0xa5][0xb4][0xbf]en[0x81][0x18][0x16]%/[0x83]Q:3lN[0xe9][0xcc][0xb0]9[0xd2][0xcc]0[0x99]^@[0x14][0xe9]d[0x1a][0x80]H\d[0x1a]@i[0x19]a[0x81][0xa8]&[0xc8]s[0x1][0xd2][0x4]4[0x99][0x6]P[0x9a][0x90][0x8]w[0x84]AY[0x0][0xe2]8l[0xe3]/[0xe6]H[0xb3][0xd0][0xd4][0xa8][0xbb]([0x9d][0x93]6[0xb7][0xa4]4Y[0x11][0x9e][0x93]F.[\n]"
15:04:34.568 [main] DEBUG org.apache.http.wire -  << "[0x90]z[0xf6]T[0xf1]>[0xc5])[\n]"
15:04:34.568 [main] DEBUG org.apache.http.wire -  << "Q[0xac]A"[\r][0xa3][0xc0][0xc7][0x1f][0x9f][0x16][0x6][0x14][0x8e][0xa7]YP:za[0x81][0xd4][0xf5][0x87]M[0xdf][0xa2][0xef][0x83][0x80][0x89]#[0xe6][0xaf],[0x90][0xba][0xeb][0xee][0x8e][0xbe][0x9e]~[0xee]${[0x1c][0x11][0xf4][0x8e][0xc9][0xc9][0xa9][0xc5][0xc5][0xf9]E[0x99]X[0x86]OK[0xf2][0x15]R[0xf3]2[0x12][0xf3][0x92]S[0x15][0x12][0xb][\n]"
15:04:34.568 [main] DEBUG org.apache.http.wire -  << "R[0x13][0x8b]@L[0xa4][0x14]aa[0x88][0x8]@*[0xa4][0x8][0xb]J[0x7][0x16],[0x90][0x6][0x16][0xa8][0xe2][0x1e]D?[0x9a]*[0xc6]![0xb2]+e[0xa1][0x8e]([0xcb])2[0xc7][0x8]Q[0xa0]Rd[0x8e][0x1][0xa5][0xf9][0x90][0xd2]9~[0xb]J[0xc7]W,[0xc][0xc9][0xf6][0x2][0x0][0x0][0x0][0xff][0xff]"
15:04:34.568 [main] DEBUG org.apache.http.wire -  << "[\r][\n]"
15:04:34.569 [main] DEBUG org.apache.http.wire -  << "553[\r][\n]"
15:04:34.569 [main] DEBUG org.apache.http.wire -  << "[0x82]li[0xb2][0xa0]tv[0xdf][0x2]iv[0x9f][0xa2][0xc8]@[0x1a][0xfb]![0xaf]PD[0x1a][0xfb][0xa1][0xcc]!TJ[0xed][0x94].:[0xb0] <[0xba]D[0xa0][0x9a] [0xbc]j[0x81][0x90][0x1][0x94][0xa6].[0xa4][0x5][0xb]8"[0x15][0xb9]T[0xa6]t[0x80][0xcc][0x2]i[0x80][0x8c][0xa2]$[0x80][0xb4][0x18][0x0][0x87][0xb3][0x9][0x4][0x1c][0xd2][0xd0][0x19]e[0xe]A[0xd4]wd:[0x84][0xd2][0x18]4A[0xd4][0x94][0xe4][0xb9][0x80][0xd2]qA[0xb][0xc2][0xe3][0x82][0x4]"[0x3]c[0x97][0xf][0xa9][0xad][0xe]JW@X[0x98] [0x8a][0x14]2[0x3][0x11][0xd1][0x8d][0xa2](=![0x8d]o[0x92][0xe9][0x10]J[0x13][0xa4][0x9][0xa5][0x9][0x92][0xd2][0xb5][0x1c][0x16]H[0xc3][0xaa][0xe4]l[0x9e][0xb5]@Z[0xca]A^[0x18]"[\r][0xb4][0x92]i[0x0]"9Q[0x94][0x1a][0x90]VPf[0xe][0xa2]]G[0xa6][0x87][0x10][0xa9][0x8a][0xac](AZ[0xd3]A[0x91]G[0x90][0xc6]x[0xc9][0xf3][0x8][0xa5][0xa3][0xba][0x16][0x94][0x8e][0xea]Z [0x8d][0xea][0x92][0x17][0x94][0x88][0x92][0x86][0xcc] @$[0x6][0xf2][0x1c]@i[0x1][0x81]4(L[0x96][0x3]([0x1d][0xd2][0xb5]@[0x1a][0xd2]%[0xcf][0x1][0x88][0xec]M^[0x14] [0x8d][0xe8][0x92][0xe7][0x0]Dv$[0xd3][0x1][0x88]8$[0xcb][0x1][0x94][0xe][0xbd]Z [\r][0xbd][0x92][0xe7][0x0][\n]"
15:04:34.569 [main] DEBUG org.apache.http.wire -  << "[0x97]FXXP[0x1a][0x87]H[0x8b]u[0xc8][0xf3][0x1][0x85]Q@[0xe9][0xea][0x1d][0xb][0xa4]AK[0xb2]<@[0xe9] [0xa3][0x5][0xd2] #y[0xe]@[0x14]d[0xc9][0xf9]y%[0xf9][0x19][0xba][0xd0][0xcd][0x8c][0xd8]F[0x9c][0xdc][0x12][0x8b]32[0xf3][0xf3][0x12][0x93]rR[0x91]{4[0x96][0x88][0x9c]D[0xd8][0xc]L[0x15]HCgH[X[0xc8][0xca][0x93][0x96][0x94][0xe][0xf9]YR[0xba][0xde][0xc8][0x12]i[0xcc][0x90]L/ b[0x84]L[0x3][0x10][0x99][0x2][0xc7][0x8c]/[0xfe])nK[0xa4]qC[0x1c][0x6] [0xc5][0xbe]%[0xd2][0xa8][0x1e][0xe][0xd5][0x84][0xac]C[0x8c][0xe3][0xe1]0[0x0][0xc5]:D[0x99][0x83]C5![0xeb][0x10]u?[0xe][0x3]P[0xac]C[0xa4]m[0xf2]b[0x83][0xd2][0xb1]+KJ[0xc7][0xae],[0x91][0x6][0x12][0xc9][0xf3][0x2][0xd2][0xe0][0x17][0x99][0x6] b[0x98]L[0x3]([0xac][0xa9],[0x91][0x86][0xa9]pD:[0x81]T[0x83]4L[0x85][0xc3][0x0][0xe4]T[0x83][0xb4]1[0x86]<[0xf]S:Hd[0x89]4H[0x84][0xc3][0xbd][0x4]<[0x8c]t([0xc][0xe][0x3][0x90]=[0x8c]qd[0xb][0x89][0xa3][0xf][0x96][0x94][0xe]FY[0x1a]#2*[0xe][0xf7][0x12][0xf2]0[0xc1]b[0x13][0xd9][0xc3]H[0x3]>[0xe4]Y[0x87]4[0xe0][0x83][0xc3][0x0][0x14][0xeb]([0xcd][0x0][0x94][0xe][0xce]X"-E#/IS:*cI[0xe9][0x6][0x19]KJ[0x7]U,[0x91][0x96][0x9a][0x91][0x17][0x6][0x94][0xe][0x8a]XR[0xba][0x17][0xc6][0x12]i4[0x84]L/P[0xda]<AZ[0xd1]F[0x9e][0xb]([0x1d]~[0xb0][0xa4]t[0xf8][0xc1][0x92][0xd2][0xbd]&[0x96][0xa6][0x4][0xcb][0x1a][0x2][0x85][0x15][0xd2]X[0x10][0x11][0xa5][0x7][0xd2]p[0x9][0x99]A[0x8e]ht[0x91]i[0x0][0xa5][0xa9][0x6]iw[0xe][0xf5][0x16][0x9f]Z"[0x8d][0xa2][0x10]2[0x15][0xb9]4F[0x1a]<![0xa4][0x8d][0xf8][0x95][0xb0][0x96][0x94][0x9e]kbI[0xe9]"9K[0xa4]![0x15][0xf2][0xa2][0x99][0xd2][0x85]s[0x96]H[0xb][0xe7][0xc8]t[0x1]"g[0x91]g[0x0][0xa5]+[0xea],[0x91][0x86]u[0x9c][0x13]SrK[0x8b][0x15][0x2]R[0xcb]R[0x8b]Rsr0[0xda]D[0x1e][0xa5]ii9[0xa9][0x5][0xa5]ii[0xc8][0xa9][0xb]iX[0xc7][0xa9]49;)5[0x11][0xf3][0xc0][0xa0][0xe0][0x9c][0xca][0x92][0xc][0xd0]Y[0x88]([0x1a][0x11][0xcd]l[0xf7][0xd4][0xfc][0xa2][0xf4]T[0x85][0xf0][0xd4][0xc4][0xe2][0x9c]T[0xcc]s[0xa5]B2J[0xf3]RR[0x8b][0x92]2[0x8b][0x90][0xf7]s[R[0xba][0x92][0xce][0x12]i<[0x87][0xcc][0xd0]G[0xb4][0xe2][0xc8]3[0x80][0xd2]ul[0x96]H#:d[0xba][0x80][0xd2][0xa6][0x1a][0xd2][0x90][0xe][0x99].@[0xf4]p[0xc9]4[0x80][0xd2][0xd2][0x1a]iD[0x88][0xa2][0x83][0xce],[0x91][0x6][0x84](1[0xc8][0xd8][0x80][0xc2][0xc5]d[0xc6][0x6]H;[0xd9][0x2]R[0x8b]2[0xb]2R[0x8b][0x12]s[0x14]pT[0xbe][0xbe][0xf9][0xa5][0xc5][0xa9]:[\n]"
15:04:34.569 [main] DEBUG org.apache.http.wire -  << "[0xde][0xa9][0x95]I[0xf9][0x89]E):[\n]"
15:04:34.569 [main] DEBUG org.apache.http.wire -  << "[0x1e][0xa9][0x89])[0x5][0x19][0xf9]y[0xa9][\n]"
15:04:34.569 [main] DEBUG org.apache.http.wire -  << "[0xae]![0xce][0x88]<kl@[0xe1]x[0x93][0xb1][0x1][0x85][0xfb][0xdb][0x8c][\r]([0x1c][0xb0]260[0xa0],[0xb9][0x19][0x1b] [0x9d][0xb5]BNz56@[0x1a][0xb0]"[0xd3][0x0][0xc4])[0xf]d[0x1a][0x80][0xc8][0xf4]8[0x92][0x4][0xde][0x6][0x9d][0xb1][0x1][0xe1]-o[0xc8][0xa9][0x6][0xe9][0xd4][0x14]2[0xdd]KY5il[0x80]4[0xa8]D[0x9e][0x87][0x91][0x6][0x95]p[0x18][0x80][0xec]a[0xa4]eO[0xe4]y[0x18][0xe9] [0xe0]4[0x9c][0x87]Z[0xa3][0xd8]HY[0x19]hl@[0xe1][0x18][0x90][0xb1][0x1][0x85]c@[0xc6][0x6]Hc@[0xd4],[0xb2][0x90]F[0x86][0xc8][0x8b][0xb]cDf![0xd3][0x0][0xca][0xba]#[0xc6][0x6][0x14][0x8e]6[0x19][0x1b] -}"[0xd3][0xb][0x94]5t[0x8c][\r][0x8c])[0xcd][0xc1][0x14][0xae]y26@[0x1a][0xc1]"/[0xc](\qdl@[0xe1][0x98][0x94][0xb1][0x1][0x85]CJ[0xc6][0x6][0x14][0xe])[0x19][0x1b] [0xad][0xd3]!/[0x10])\[0xa8]cl@[0xe1][0x90][0x92][0xb1][0x1][0xd2][0xe9]'dz[0x81][0xd2][0xa4][0x8c]4[0x1a]B[0x9e][0xb]([0x1c]R26[0xa0]p[0x84][0xc5][0xd8][0x80][0xc2]!%c[0x3][0xa4][0x93]f[0xc9][0xb][0x3][0xa4][0xb1][0x10]2[\r]@,X'[0xd3][0x0]D[0xff][0x95]L[0x3]([0xad]X([0x1c]A16[0xa0]p[0xfc][0xc2][0xd8][0xc0][0x9c][0xd2][0xbc][0x80]4[0xfc][0x80][0xa3]]E[0xa0]%[0x8a]4[0xfc][0x80][0xc3][0x0][0xe4]f[0x12][0xd2][0x90][0x1][0xe][0xd5][0x84][0xac]C[0xd4][0xe5]8[0xc]@[0xb1][0xe][0xd1]*[0x83]o[0x17][0xc5][0x18]V[0x81][0xcb]`l$56[0xb0]@[0x84]/\[0x19]I[0x6]P[0xb8]d[0xc4][0xd8][0x0]i[0x9b][0x1a]y[0xa9][0x9c][0xc2][0xf1][0x1]c[0x3][0xa4][0x9d]bd[0xba][0x0][0x11][0x88]d[0x19]`H[0xb8]7[0x8e][0x14][0xe9][0x86][0x94]vq[\r][0x9]wqQ[0xac][0xa3][0xd4]w[0x14]n[0x94]26D:@[0x85][0xbc][0xf0]E[0xea]M[0xba]x:[0xfb];9*D:z`$s[0xc7][0x0]O[0x85]p[0xff] [0xef]`d[0xdf]S[0xb8][0xdb][0xc7][0xd8][0x10]i[0xb7][0xf][0xc9]vS[0x1a][0xf2]H[0xbd]R[0xf2][0x2][0x8e][0xc2][0xfd]9[0xc6][0x86]H[0xfd]L2]@[0xe1]h[0x8a]![0xd2]J[0x5]2]@a[0xd7][0xc4][0x90][0xf0]~[0x18][0xbc]{[0x19][0x8c][\r][0x9]"
15:04:34.569 [main] DEBUG org.apache.http.wire -  << "[\r][\n]"
15:04:34.569 [main] DEBUG org.apache.http.wire -  << "150[\r][\n]"
15:04:34.569 [main] DEBUG org.apache.http.wire -  << "[0xf7]|[0x91]S,[0xd2][0xda][0x3][0xdf][0xd4][0xfc]r,g[0xfb][0xf9]&Vd[0xe6][0xa6][0x82][0xce][0xd9]S[0xc8][0xcd][0xcc]+-V[0xc8]L[0x1][0x9f][0xc2][0x97]YP[0x9c][0x98][0xab]P[0x96][0x9f]SZP[0x92]X[0x92][0x9a][0xab]P[0x9c][0x99][0x9b][0x99][0x93]YX[0x9a][0x8a]t[0x1a][0x9f][0xb1]![0xa5][0xbd]EC[0xc2][0xbd]Ed[0xff] -- /[0x2][0x9]w[0xcc]P[0xac][0xa3]4[0xc1][0x11][0x9e][0xd8]G[0xb6][0x8e][0xd2][0xe][0x8f]![0x85][0x93][0xf0][0xc6][0x86][0x94][0xf6][0x98][0xc][0x9][0xcf][0xe2][0xa3]x[0x98][0xd2][0xec][0x84]4Y[0x8c]#= [GiO[0xc4][0x10][0xa9]'Bj[0xf9]M[0xe1]Q'[0xc6][0x86]H[0xb3][0xbc]8[0xbc]J[0xa0][0xe4][0xa0][0xf0][0xa8][0x13]cC[0xa4][0xa9]]2]@a'[0xc6][0x90][0xf0]40rt#u8p4[0x9f][0xf1][0xb7][0xbf][\r][0x91]:[0x1c]8[0xc]@[0xb6][0x8e][0xd2][0xde][0x85]!I[0xbd][0xb]CJ{[0x17][0x86]H+[0xd4][0x89][0xf1][0x1d][0xa2]w[0x81]C5[0x81][0xc0]D:[0x86][0x3][0x87][0x1][0xc8][0x81][0x89]4W[0x89]C5[0x1][0xeb][0x90][0xfa]"8[0xc]@[0xb1][0xe][0x91]2q[0xa8]&d[0x1d][0xa2]{[0x8d][0xc3][0x0][0x14][0xeb][0x10][0xf5][\n]"
15:04:34.569 [main] DEBUG org.apache.http.wire -  << "[0x5]W[0xe8][0x18][0x1b]"[0xf5]Vp[0xd8]J[0xc8][0xd9][0x88][0x2][0x18][0x87][0x1]H[0xce]6B[0xea][0x9a][0xe0]P[0x8d][0xdf]:#[0xa4]%[0xe8]8[0xc]@[0xb1][0x8e][0xc2]H1B[0xea][0x1c][0x11]c[0x1d]"Rp[0xa8]&[0xe4];[0x82]Y[0x4][0xc5]w[0x88][0x6]=y[0xd6]![0xcd][0xec][0xe1]0[0x0][0xd9]:[0xcc][0xa5][0xe8][0x0][0x0][0x0][0x0][0xff][0xff]"
15:04:34.569 [main] DEBUG org.apache.http.wire -  << "[\r][\n]"
15:04:34.569 [main] DEBUG org.apache.http.wire -  << "5D0[\r][\n]"
15:04:34.569 [main] DEBUG org.apache.http.wire -  << "B?[0xae][0x83][0x80][0xef][0x90]:^[0xc4]X[0x87][0x18][0xba] [0xab][0xae]0B[0x9a][0xc6][0xc3]a[0x1d]![0xf7][0x92][0x94][0xb4][0x91]V[0x92][0x93]g[0x1d]R[0xf7][\n]"
15:04:34.569 [main] DEBUG org.apache.http.wire -  << "[0x87][0x1][0xc8][0xb1][0x81][0xd4][0x97]JN[0xcc]N5[0xc2][0x88][0xc][0x90][0xa8]BNbA&[0xd2][0xd5][0xb1][0xc6]FHS}d[0x8d][0xd0][0x18]![0xad][0xf5]&[0xd3][0x0]D[0xa8][0x92][0x17][0xaf]H[0x1d][0xa0][0xe0][0xec][0xcc][0xbc][0xe4]D,[0x17][0xe8][0xc2]$[0x14]JR[0x8b][0x92][0x12]3[0xb3][0x15]J[0xf3]JJ[0xb3][0x15]rS[0x8b][0x12][0xcb][0x13]K[0x14][0xca][0x13][0xb3][0x12][0x91]N[0xfa]26"[0xdc]'[0xc2][0xdf]42[0xa2]t[0xda][0xce][0x88][0xd2]n[0x90][0x11][0xe1]n[0x10]!/P[0x1c]1[0x88][0xf2][0x88][0xbc][0x98][0xa5]t[0xd2][0xcc][0x88][0xd2][0xce][0x9d][0x11][0xd2]>[0x5][0x8c][0x1c]E [0xfc]([0x9d]/3"[0xdc][0xd5]#[0xe4][0x2]D[0x4][0xc0]2[0x0][0x86]'`[0x12][0xc4][0xe6][0xc][0xa4]98r[0xce][26"[0xdc]%M[0x7]][0x87][\r][0xdf][0xa7]flDi[0x1f][0xd4][0x8][0xa9][0xb][0x9][0xf3].[0xe5][0xe1][0x80][0xa8][0x8e][0xa8]g&[0xa2][0xbd]@=3[0x11]M[0x8][0xea][0x99][0x89]([0x19][0xa8]g&"[0xad][0x16][0x14][0x9b]bD[0xf][0x81][0x94]N[0xe9][0x9c][0xa4][0x11][0x85][0xdb][0xf4][0x8d][0x8d][0x90]&5q[0xd4][0xd6][0xd0][0xc5][0xcb][0xc8][0x95]6[0x85]k[0xe3][0x8d][0x8d][0x90][0xc6][0x1f][0xc8][0xd8][0x90]jlD[0xe9][0x18][0x82][0x11][0xa5][0x13][0xa1]FH[0x83][0x10]d[0xf9][0x0]i[0xc][0x82][0xf8]pG[0x1a]w A[0x13][0xc1][0xce][0x3][0x96][0x18]&<[0xbe]@ e#M[0x92][0x92][0x17]>[0x88][0xfc]O^%[0x8c]4[0xe6]A[0x96][0x3](\[0xe2]ml[0x84]4[\n]"
15:04:34.569 [main] DEBUG org.apache.http.wire -  << "B[0x9e][0x3][0x8][0xc6][0x1b][0x81]v?[0xe1]q[0x11][0xe4]<M[0xe1][0xaa]lc#[0xa4][0xcb]0[0xc9][0xf3]/[0xa2]$%/[0xc6][0x91]FJ[0xc8]r[0x0][0x85][0x8b][0xba][0x8d][0x8d][0x90]&m][0xf3]JR[0x8b]J[0x12]3[0xf3]rS[0xf3]0[0x8f][0x11].[0xc8][0xcf][0xc9]LNU[0xc8]OK[0xcb]LN-B[0x8e][0x5]K[0xc4][0xe8][0x89]s~nAiIj[0x91]Bp~ZI9[0xb6][0xde][0x1][0x96];[0xea][0x8c][0x8d][0x90]&~[0x3]J[0x93]r2[0x93][0x15]@[0xd7][0x19]%c.[0xef]O[0xce]H[0xcd]E[0xb9][0xdf][0xce][0xd8][0x88][0xf0]Y[0xa2][0x4]r=[0xd2]0[0xc][0x99]q[0x88][0xa8][0xa2][0x9d]A[0xee]KN[0xcc][0xc1][0xbc][0x9b][0xaf]85[0xb9]([0xb5]$[0xb1][0xa8][0x12]%[0xe4](L>[0xc6]Hc:.[0xa9][0xc5][0x99][0xe9][0x98][0xb7]3&[0x95][0x16]g[0xe6][0xa5][0x16][0x17][0xe7]&[0xe6]![0xd9]l[0x8c]4[0x96]C[0xad]f[0x85]1[0xd2]Br[0xb7][0xd2][0xbc][0x14][0xdd][0xa0][0xc4][0xcc][0xe2]L,C[0x15]y[0xa5]E[0xc5]H[0xc7],[0x18][0x1b]#-[0x15][0xf]([0xca][0xcc]+[0xc1][0xa6])-1[0xb9][0x4]tWuy~Q6J[0xf2]3F[0x1a]'r,*)VH[0xcc]KQp.JL+[0xc1][0x8c][0x84][0xd4][0xbc][0xf4][0xcc][0xbc]T4[0xed][0xd4]o\[0x1a]#-[0x1c][0xf][0xcf][0xcc]K[0x5];)[0xb8] [0xb3]([0x13][0x8b][0x9b]r[0x12][0xcb]+[0xd1]\[0x84]HO![0xa9]9[0xa9][0xc9][0xf9][0xb9][0xb9][0xa5]y[0x99][0xc9][0x89]%[0x99][0xf9]y[0x98]~J[0x6][0x1d]][0x81]f[0x0]"YQ-r[0x91][0xc6][0xab][0xc8][0xca]%[0xc6]Hk[0x7]BK2s2K[0xb0][0x9d][0xc3][0x91][0x9a][0x9c][0x9f][0x97][0x8f][0x96][0xc3][0x8d][0x91][0xc6][0xae][0xc8][0xb4][0x1a]Q@Q/<[0x10][0xc9][0xc6]/[0xb5][0xbc][0xb8] [0xb1] [0xb5][0x8]3r[0x92]J3sRP#[0x7]ih[0xcc]5'5[0xb9][0xa4](391GA_[0x1][0xc2][0xc9][0xcf][0xcb]LV[0xf0]M[0xcc]+[0x5][0xa5][0xf7][0xd2]"l9!9#[0x15]iW[0x95][0xb1]1[0xd2][0xb2][0x4][0xea][0xf9][0xe][0x91][0x82][0xdc][0xf3][0xcb]R[0x8b][0xc0]U[0x82][0x82]cJnf^fqI[0x11]8)b[0xf4][0x1b]rS[0x93]3[0x12][0xf3]2[0x93][0x91][0xcb][0x19][0xa4][0x81]5OP[0xf5][0x92][0x7][0xd6][0x9a][0x98][0xa3][0x10]R[0x94][0x98][0x2][0xc9][0x18].[0xa9]e[0xa9]9[0xf9][0x5]X+[0x9d][0xa2]T[0xd0]5u[0x99][0xf9] [Q[0x8c]Elk[0xa0][0x9a][0x9f][0x91]F[0xf5][0xc8]Kf[0x94][0xae][0x90]0F[0x1a][0xdf]#[0xd3][0x5][0x14]6@[0x8d])<r[0xd4][0xd8][0x98][0xd2][0xbd][0x1][0xc6]H#[0x8c][0xe4][0x85][0x1][0xa5][0xc3][0x89][0xc6]H[0x9b][0xb][0xc8]t[0x1][0xa2][0x11]L[0xa6][0x1][0x88][0xf2][0x8a]L[0x3][0x10][0x85][0x13][0x99][0x6] FG[0xc8]4[0x80][0xd2][0x94][0x88]t[0xea]E^[0xbe][0x2][0xe]G[0xe4][0xe5][0x97][0x80][0xaf][0x8f][0xc0]rj[0xbe][0xb1]1[0xa5][0xfb][0x8][0x8c])[0x1d][0x12]5F[0x1a][0x12][0xc5][0x1c][0xd1]T@.[0xcf][0x90][0xc6]>)?[0xf1][0xdb][0xd8][0x18]i[0xff][0x1]![0x8b][0x11])[0x5]S%[0x8a][0xb][0x11])[0x82]*.D[0xa4][0xf][0xaa][0x18][0x87]h2Q[0xc5]8D[0xf5]G[\r][0xe3][0x90][0xc6]qq$d[0xfc]][0x14]c[0xa4]q\[0xaa]UwH#[0xbd]8[0xc6]e[0xf0]w[0xd5][0x8d][0x91]V[0x1b][0xe1]0[0x0]9[0xfd]P[0xba][0x19][0xc3][0x98][0xc2][0xf3]=[0x8c][0x8d][0x91]vs`&u[0x94][0xdc][0x88]t[0x90][0x7]![0x95][0x88][0x84]B@%[0xd2][0xa8])[0xd5][0xa2][0x10]i[0x1c][0x94]zf"*/[0xea][0x99][0x89][0xa8][0xcf][0xc8][0x9a][0xb7]4FZ[0xb9]E[0xa6][0x1][0x88][0xf2][0x81][0xbc][0x1c][0x88]4tJ[0xd1]vmc[0xa4][0xd3]Eq[0xe4][0x1a][0x2][0xd9][0xe]i[0x94][0x13][0x87][0x1][0xc8][0xd9][0x8e][0xc2]s+[0x8c][0x8d][0x91][0x86]$[0xc9][0xb]9[0xa4]1I[0x12]/[0x81]26F[0x1a][0x8e]$]/[0xa2][0x8b]@[0xa6][0xc3][0x11]9[0x81]L[0x3][0x10][0xc9][0x9e][0xc4][0xf5][0x86][0xc6]H[0xab][0xbb]H[0xd6][0x8a][0xa8][0xa8]I[0xd6][0x8a][0xc8]%$kE[0x14][0x84][0xa4]jE[0x1a][0x2]%Y+bc[0x16][0x8e][0xbc]@ 3![\r][0x9f][0xe2]0[0x0]93![\r]t[0xe2]PM[0xc8]:Dk[0xb][0x87][0x1]([0xd6]![0xda]H8T[0x13][0xb2][0xe][0x11][0x9f]8[0xc]@[0xb2][0xce][0x4]i,[0x11][0x87]j[0xfc][0xd6][0x99] [0x8d])[0xe2]0[0x0][0xc5]:D[0xf6][0xc2][0xa1][0x9a][0x90]u[0x88][0xec][0x85][0xc3][0x0][0x14][0xeb][0x10][0xd9][0x82][0xac][0xdc]l[0x82]t[0x96][0x3][0xe][0xeb][0x8][0xb9][0x17][0x91]Ep[0x18][0x80][0xec]^[0xa4][0xe1]2[0xf2][0xdc][0x8b]4jFb[0xb6]21D[0x84],[0x99]v#[0x2][0x9b][0x92][0x15][0x92]&Hce[0x94][0x99][0x83][0xc8][0x8][0xe4]y[0x8]i[0x81][0x19]E[0xe]A[0x1a][0xe][0xa3][0xcc][0x1c]D[0xe5][0x86]#-[0x11]H[0x8c]H[0x83]]8[0xc]@N[0x8c]H#[8T[0x13][0xb2][0xe][0x91] p[0x18][0x80]b[0x1d]"[0xba]p[0xa8]&d[0x1d]IY[\r]i[0xc4][0x88]<[0xeb][0x90]F[0x8c]p[0x18][0x80][0xec];[0xa4]C"p[0xa8]&[0xe0];[0xa4]mA8[0xc]@[0xb1][0xe]Q[0x8b]@[0xd2]>[0xe6][0xda]Q[0xfc][0xbd]O[0x13][0xa4][0xa1][0x18][0xd0][0xac];[0x96][0xb][0xdb][0x90][0xed][0xa3]t[0xd4][0xc4][0x4]i[0xd4][0x4][0xe2]`[0xf0]@3[0x0][0x0][0x0][0xff][0xff]"
15:04:34.569 [main] DEBUG org.apache.http.wire -  << "[\r][\n]"
15:04:34.569 [main] DEBUG org.apache.http.wire -  << "26D[\r][\n]"
15:04:34.569 [main] DEBUG org.apache.http.wire -  << "*N.[0xca],[0x0][0xcd][0x80](Y)[0x11]p/I[0xbb][0x84]L(]:fBx[0xe9][0x18]r[0xf0] u[0xe5][0xc9][0xf3][0x1d]R[0xbf][0x1d][0x87][0x1]([0xd6]!2[0x1e][0xe][0xd5][0x4][0x2][0x13][0xa9][0xd7]L[0xa6][0x1][0x88][0xcc][0x8c][0xc3][0x0]d[0xf7]"uiq[0xa8]&[0xe0]^[0xc2][0xcb]|P[0xac]C[0xcf][0x1c][0xa4][0xa6]5[0xa4]59[0xd4][0xea].[0x9b] [0xf5]5[0xc9][0xb][0x3]J[0xf]<0![0xbc][0xd0][0x87]@[0x11]Ex[0xd1][0xf]r, ui[0xa9][0x16][0x88]Hky[0xc8][0xc]DJs[0xe]R[0xd7][0x9b]z[0xbe]"[0x98][0x99][0x8]d[0xf][0xa4]MQ[0xe4][0x5][0xb]Rw[0x9e]j[0xbe]B[0xea][0xe6][0x93][0xe9](Ds[0x88]L[0x3][0x10][0x9d][0x11][0xea][0xf9][\n]"
15:04:34.569 [main] DEBUG org.apache.http.wire -  << "[0xd1][0x8a][0xc6]QM[0x13][0xc8]DH[0x83][0x0]d[0xfa][\n]"
15:04:34.569 [main] DEBUG org.apache.http.wire -  << "[0x91][0x84][0xc9]Y\d[0x82][0xb4][0xe9][0x8b]L[0x7] [0xda]a[0xe4][0x19][0x80]46@[0xa6][0x1][0x88][0x11][0x2]2[\r][0xa0]4i!-[0xb0]"/[0x19]P:[0xea]`[0x82][0xb4][0xba][\n]"
15:04:34.569 [main] DEBUG org.apache.http.wire -  << "[0x87][0xb][0x90][0xb]c[0xa4][0xe5]P8T[0x13]H[0xb6]HGd[0xe2]0[0x0][0xc9]:S[0xa4]Q[0x7][0xb2]"[0xc8][0x14]i[0xd4][0x81]L[0x3][0x10]1[0x8c][0xc3][0xbd][0xf8]=l[0x8a][0xb4]|[0xc9]9#[0xb1](75'5[0x1f]s!Vh^J[0xaa]B~rrb*h%[0x8f]BbQrFfIjrI>[0xf2][0x8e]|S[0xa4][0xc5]Ld:[0x86][0xe0][0x10][0x13]![0xdf] [\n]"
15:04:34.569 [main] DEBUG org.apache.http.wire -  << "[\r]2[0xc3][0x93][0xc2]6[0x95])[0xd2]H[0xb][0x15]f[0xdf]L)[0xbc]&[0xd8][0xd8][0x14]i[0xe9][0x13]9[0xc5][0xa8])[0xa5][0x9b][0xf7]L[0x91][0x86]r[0xc8]K[0x14]H[0x3]:d[0x1a][0x80]HU[0x14]M[0x98]"[0x1d][0xc2]B[0xa1]A[0x94][0xa6]2[0xa4]eS[0xe4][0xa5]s[0xa4][0xfb]o[0xc8][0xb]T[0xa4]A%2[\r]@Tnd[0x1a]@i[0xd1]Gx[0x18][0x89]@i[0x83][0xb4]'[0x92][0xf4][0xad]([0xa6]H[0xe3]R[0x5][0xc5][0x86]$[0xf6][0xdd]L[0x91][0x96][[0x91][0x19]|[0x88]4[0x88][0xc3][0x0][0xe4][0x9a][0xe]ii[0x14][0xe][0xd5][0x4][0xc2][\n]"
15:04:34.569 [main] DEBUG org.apache.http.wire -  << "ii[0x14][0xe][0x3][0x90][0xad]#<(E[0xc8]:D[0x9b]8-3'W!1/1[0x1b]L`[0x84]snjqvfAi[0x9e][0x2][0xaa]:[0x1d][0x85][0xfc][0xa2][0x92]R[0x85][0x8c][0xc4][0xa2][0xd2]b[0x85][0x92][0xd4][0x92][0xc4][0x2][0x85][0x94][0xc4][0xdc][0x82][0xcc][0xbc][0xf4]L[0x5][0xe4]e[0xd0][0xa6][0x94][0x8e][0x88][0x99][0x92]4"f[0x8a][0xb4][[0x13][0xd5][0xc1][0xd4][0xf7][0x18][0xa2][0xbb][0x86]#[0xc6][0x8][0xc5][0x1][0xa2][0x1][0x8d][0xc3][0x0][0xe4](G[0x1a]9[0xa3][0xb1][0xc7][0x90][0x86][0xd8]hm[0x13][0xdd]R![0xd2][0xa2])[0x1c]aM [0xb2][0x90]n"[0xc2]a[0x0]Jd[0x11],<[0x8]YG0q![[0x87][0xb4][0x6][0x9][0x87][0xe3][0x8]X[0x87]4p[0x89][0xc3][0x0][0xa5][0xda][0xd8]Z.[0x0][0x0][0x0][0x0][0xff][0xff]"
15:04:34.569 [main] DEBUG org.apache.http.wire -  << "[\r][\n]"
15:04:34.569 [main] DEBUG org.apache.http.wire -  << "A[\r][\n]"
15:04:34.569 [main] DEBUG org.apache.http.wire -  << "[0x3][0x0][0xa5][0xc9]I[0xbb]v[0xb5][0x0][0x0]"
15:04:34.569 [main] DEBUG org.apache.http.wire -  << "[\r][\n]"
15:04:34.569 [main] DEBUG org.apache.http.wire -  << "0[\r][\n]"
15:04:34.569 [main] DEBUG org.apache.http.wire -  << "[\r][\n]"
15:04:34.569 [main] DEBUG io.restassured.internal.RestAssuredHttpBuilder - Parsed data to instance of: class org.apache.http.conn.EofSensorInputStream
15:04:34.570 [main] DEBUG org.apache.http.impl.conn.BasicClientConnectionManager - Releasing connection org.apache.http.impl.conn.ManagedClientConnectionImpl@da11873
15:04:34.570 [main] DEBUG org.apache.http.impl.conn.BasicClientConnectionManager - Connection can be kept alive indefinitely
15:04:34.598 [main] DEBUG net.thucydides.core.steps.StepInterceptor - STEP DONE: I send GET HTTP request categories
  &amp#27;[32mWhen &amp#27;[0m&amp#27;[32mI send GET HTTP request categories&amp#27;[0m                &amp#27;[90m# starter.stepdefinitions.CategoriesSteps.sentGetHttpRequestCategories()&amp#27;[0m
15:04:34.601 [main] DEBUG net.thucydides.core.steps.StepInterceptor - STARTING STEP: CategoriesSteps.receiveValidHttp200Categories - I receive valid HTTP response code 200 categories
15:04:34.601 [main] DEBUG net.thucydides.core.steps.StepInterceptor - STEP DONE: I receive valid HTTP response code 200 categories
  &amp#27;[32mThen &amp#27;[0m&amp#27;[32mI receive valid HTTP response code 200 categories&amp#27;[0m &amp#27;[90m# starter.stepdefinitions.CategoriesSteps.receiveValidHttp200Categories()&amp#27;[0m
15:04:34.603 [main] INFO  - 
  _____   ___   ___   _____     ___     _     ___   ___   ___   ___  
 |_   _| | __| / __| |_   _|   | _ \   /_\   / __| / __| | __| |   \ 
   | |   | _|  \__ \   | |     |  _/  / _ \  \__ \ \__ \ | _|  | |) |
   |_|   |___| |___/   |_|     |_|   /_/ \_\ |___/ |___/ |___| |___/ 

GET - Get list all categories
----------------------------------------------------------------------
]]></system-out>
  </testcase>
  <testcase name="GET - Get categories by ID" classname="Categories" time="0.113">
    <system-out><![CDATA[
Scenario: GET - Get categories by ID                     &amp#27;[90m# src/test/resources/features/4. Categories.feature:27&amp#27;[0m
15:04:34.608 [main] DEBUG io.cucumber.core.plugin.SerenityReporter - Running feature from file:///E:/APIMinpro/API/minpro/src/test/resources/features/4.%20Categories.feature
15:04:34.610 [main] INFO  - 
  _____   ___   ___   _____     ___   _____     _     ___   _____   ___   ___  
 |_   _| | __| / __| |_   _|   / __| |_   _|   /_\   | _ \ |_   _| | __| |   \ 
   | |   | _|  \__ \   | |     \__ \   | |    / _ \  |   /   | |   | _|  | |) |
   |_|   |___| |___/   |_|     |___/   |_|   /_/ \_\ |_|_\   |_|   |___| |___/ 

GET - Get categories by ID(categories;get---get-categories-by-id)
--------------------------------------------------------------------------------
15:04:34.619 [main] DEBUG net.thucydides.core.steps.StepInterceptor - STARTING STEP: CategoriesSteps.setGetApiEndpoints - I set GET api endpoints categories
15:04:34.619 [main] DEBUG net.thucydides.core.steps.StepInterceptor - STEP DONE: I set GET api endpoints categories
  &amp#27;[32mGiven &amp#27;[0m&amp#27;[32mI set GET api endpoints categories&amp#27;[0m               &amp#27;[90m# starter.stepdefinitions.CategoriesSteps.setGetApiEndpoints()&amp#27;[0m
15:04:34.621 [main] DEBUG net.thucydides.core.steps.StepInterceptor - STARTING STEP: CategoriesSteps.sendGetHttpRequestCategories2 - I send GET HTTP request categories2
15:04:34.622 [main] DEBUG net.thucydides.core.steps.StepInterceptor - STARTING STEP: Categories.sendGetHttpRequestCategories2 - I set GET api endpoints categories
15:04:34.622 [main] DEBUG net.thucydides.core.steps.StepInterceptor - STEP DONE: I set GET api endpoints categories
15:04:34.627 [main] DEBUG org.apache.http.impl.conn.BasicClientConnectionManager - Get connection for route {s}->https://altashop-api.fly.dev:443
15:04:34.627 [main] DEBUG org.apache.http.impl.conn.DefaultClientConnectionOperator - Connecting to altashop-api.fly.dev:443
15:04:34.671 [main] DEBUG org.apache.http.client.protocol.RequestAddCookies - CookieSpec selected: ignoreCookies
15:04:34.671 [main] DEBUG org.apache.http.client.protocol.RequestAuthCache - Auth cache not set in the context
15:04:34.671 [main] DEBUG org.apache.http.client.protocol.RequestTargetAuthentication - Target auth state: UNCHALLENGED
15:04:34.671 [main] DEBUG org.apache.http.client.protocol.RequestProxyAuthentication - Proxy auth state: UNCHALLENGED
15:04:34.671 [main] DEBUG org.apache.http.impl.client.DefaultHttpClient - Attempt 1 to execute request
15:04:34.671 [main] DEBUG org.apache.http.impl.conn.DefaultClientConnection - Sending request: GET /api/categories HTTP/1.1
15:04:34.671 [main] DEBUG org.apache.http.wire -  >> "GET /api/categories HTTP/1.1[\r][\n]"
15:04:34.671 [main] DEBUG org.apache.http.wire -  >> "Accept: */*[\r][\n]"
15:04:34.671 [main] DEBUG org.apache.http.wire -  >> "Host: altashop-api.fly.dev[\r][\n]"
15:04:34.671 [main] DEBUG org.apache.http.wire -  >> "Connection: Keep-Alive[\r][\n]"
15:04:34.671 [main] DEBUG org.apache.http.wire -  >> "User-Agent: Apache-HttpClient/4.5.13 (Java/11.0.15.1)[\r][\n]"
15:04:34.671 [main] DEBUG org.apache.http.wire -  >> "Accept-Encoding: gzip,deflate[\r][\n]"
15:04:34.671 [main] DEBUG org.apache.http.wire -  >> "[\r][\n]"
15:04:34.671 [main] DEBUG org.apache.http.headers - >> GET /api/categories HTTP/1.1
15:04:34.671 [main] DEBUG org.apache.http.headers - >> Accept: */*
15:04:34.671 [main] DEBUG org.apache.http.headers - >> Host: altashop-api.fly.dev
15:04:34.671 [main] DEBUG org.apache.http.headers - >> Connection: Keep-Alive
15:04:34.671 [main] DEBUG org.apache.http.headers - >> User-Agent: Apache-HttpClient/4.5.13 (Java/11.0.15.1)
15:04:34.671 [main] DEBUG org.apache.http.headers - >> Accept-Encoding: gzip,deflate
15:04:34.696 [main] DEBUG org.apache.http.wire -  << "HTTP/1.1 200 OK[\r][\n]"
15:04:34.696 [main] DEBUG org.apache.http.wire -  << "content-type: application/json[\r][\n]"
15:04:34.696 [main] DEBUG org.apache.http.wire -  << "date: Mon, 08 May 2023 08:04:33 GMT[\r][\n]"
15:04:34.696 [main] DEBUG org.apache.http.wire -  << "transfer-encoding: chunked[\r][\n]"
15:04:34.696 [main] DEBUG org.apache.http.wire -  << "content-encoding: gzip[\r][\n]"
15:04:34.696 [main] DEBUG org.apache.http.wire -  << "server: Fly/3f2597ca (2023-05-03)[\r][\n]"
15:04:34.696 [main] DEBUG org.apache.http.wire -  << "via: 1.1 fly.io[\r][\n]"
15:04:34.696 [main] DEBUG org.apache.http.wire -  << "fly-request-id: 01GZX683FTCSFAQ7STVXG6FMB3-sin[\r][\n]"
15:04:34.696 [main] DEBUG org.apache.http.wire -  << "[\r][\n]"
15:04:34.696 [main] DEBUG org.apache.http.impl.conn.DefaultClientConnection - Receiving response: HTTP/1.1 200 OK
15:04:34.696 [main] DEBUG org.apache.http.headers - << HTTP/1.1 200 OK
15:04:34.696 [main] DEBUG org.apache.http.headers - << content-type: application/json
15:04:34.696 [main] DEBUG org.apache.http.headers - << date: Mon, 08 May 2023 08:04:33 GMT
15:04:34.696 [main] DEBUG org.apache.http.headers - << transfer-encoding: chunked
15:04:34.696 [main] DEBUG org.apache.http.headers - << content-encoding: gzip
15:04:34.696 [main] DEBUG org.apache.http.headers - << server: Fly/3f2597ca (2023-05-03)
15:04:34.696 [main] DEBUG org.apache.http.headers - << via: 1.1 fly.io
15:04:34.696 [main] DEBUG org.apache.http.headers - << fly-request-id: 01GZX683FTCSFAQ7STVXG6FMB3-sin
15:04:34.696 [main] DEBUG org.apache.http.impl.client.DefaultHttpClient - Connection can be kept alive indefinitely
15:04:34.697 [main] DEBUG io.restassured.internal.RestAssuredHttpBuilder - Parsing response as: application/json
15:04:34.697 [main] DEBUG org.apache.http.wire -  << "182[\r][\n]"
15:04:34.697 [main] DEBUG org.apache.http.wire -  << "[0x1f][0x8b][0x8][0x0][0x0][0x0][0x0][0x0][0x4][0xff][0xaa]VJI,IT[0xb2][0x8a][0xae]V[0xf2]tQ[0xb2]24250[0xd5]Q[0xf2]K[0xcc]MU[0xb2]Rr+-[0xca][0xcb],)-JU[0xd2]QrI-N.[0xca],([0xc9][0xcc][0xcf]S[0xb2]RJ[0xcb]/RHO[0xcc][0xcd][0xcc]KW((-*[0xc8]/N-V[0xaa][0xd5]A[0x98]aA[0x5]3,[0xe1]f(:([0xab][0xa8][0x92][0xea][0x6]CC[0xb8]~[0x88]KI6[0xc0][0x98]R[0x3][0xcc](5[0xc0][0x9c]R[0x3][0x10]aH^[0x18][0x18][0x19]P[0xe8][0x2]##J[\r]@[0xc4]BXjIjQf^bQ%FT[0xa6][0xe6][0xa4]&[0x97][0x14]e&g&[0xe6]![0xa7]C#DZ[0xf6][0xcd][0x7]%][0x85][0x80][0xcc]dP[0x82].VH[0xcc]KQp[0xcb][0xcc][0xc9][0xc5]0*#1[0xb3]([0xa5]([0xb5][0xb8]8[0xb5][0x8][0xc5](D\x[0x94][0xe6]&[0xe6])[0x4][0xa5][0x16][0xe7][0x97][0x16]%[0xa7][0x16]c[0x98]P[0x9e][0x99][0x97][0x92]_[0xae][0x90][0x9c][0x93][0x9a][0x98][0x87]f[0x8]">\SJ[0x93][0x13][0xc1]N[0xf2]M[0xcc]KLO[0xcd]M[0xcd]+[0xc1]0[0xa9] ?'39U!?--3[0x19][0xd5]$cD[0xea][0xe]J[0xcc][0xcc])[0xca]OLQ[0xf0]M[0xcc]+MK[0x4][0xfb][0xf][0xc3][0xa4][0xc4][0x92][0x92][0xfc][0xa2][0xbc][0xd4]J[0x85][0xc4][0x12][0x85][0x9c][0xc4]rd[0x9f][0x19]#B[0xd8])[0xb1]$1=[0xbf]H!<?[0xbb][0x14][0xc3][0x8][0xe7][0xd4][0xdc][0xcc][0x9c][0xc4]<[0x85][0xe2][0xd4][0xc][0x90]![0xa9]U[0x89]%[\n]"
15:04:34.697 [main] DEBUG org.apache.http.wire -  << "I[0xa9]E[0xe9][0x99]U[0x99]([0xc6][0x99]P[0x18][0xe3][0xc6][0x88]H[0x83]$[0xda]t[0xc][0xa7][0x10](~[0x8c]a[0x19][0xf][0x0][0x0][0x0][0xff][0xff]"
15:04:34.697 [main] DEBUG org.apache.http.wire -  << "[\r][\n]"
15:04:34.697 [main] DEBUG org.apache.http.wire -  << "40A[\r][\n]"
15:04:34.697 [main] DEBUG org.apache.http.wire -  << "[0xb2]R*I-.[0xc1][0x12]E([0xe]F[0x14]V[0xe4][0xda][0x87][0x88]V"[0xec]3AD[0x9d];[0xb8][0x8][0xc5][0xf0][0x9e][0x1b][0xfe][0xd2][0xd5][0x4][0x91][0xa7]p[0x18][0x80][0xec]=[0x13]D[0xf4][0x92][0xe9]=[0x13]D[0x8c][0x12][0xe3]=DF![0xc2]u[0xa6][0x88][0xc0][0x80][0xb8][0xe]#0[0x8][0xc4][0xb5])"0[0xc8]4[0x0][0x11]>[0xd4]H[0xfe][0xa6][0x88][0xc0][0xa2][0x8a]q[0x88][0xcc]@[0x15][0xe3][0x10]9[0x83]*[0xc6]![0xe2][0x9a]*[0xc6]!r"U[0x8c]CdKj[0x18]gFi]h[0x86]H[0xeb][0x8e][0xd9]I[0x89]E[\n]"
15:04:34.697 [main] DEBUG org.apache.http.wire -  << "A[0x99]U[0xd9][0x95][\n]"
15:04:34.697 [main] DEBUG org.apache.http.wire -  << "n[0x89][0x19]E[0xa5]E[0xf9]U[0x98][0xb5]Znf^[0xa6]BAQ~Vjr[0x9]r[0x96]6C[0xa4]y[0xaa]x[0xc][0x91][0x3][0xc8][0xcb]Bf[0x88]4O[0xa6][0x1][0xd4]M[0xe5]f[0x88]TN[0xa6]{[0x10][0xe9][0xda]9[0xb1]$5=[0xbf][0xa8]R[0xc1][0xb1]4'3[0x11][0xa3]t[0x2][0xc5]P2LI"X[0x9]R;[0xd8][0xc][0x91][0xa0][0xf3][0x12]s[0x13]Aq[0x99]R[0x9a][0x8d]aH6[0xc4][0x0]p\[0x83][0xe4][0x91]M[0xa0]n[0x1a]6G$A[0xf2]B[0xc6][0x1c][0x91][0xf4][0xc8]4[0x80][0xd2][0xc4]fNib3G$62[0xbd]@i[0xf2]2G$[0xb]2][0x80]H[0x15][0x10][0x3]Hn"Y [\n]"
15:04:34.697 [main] DEBUG org.apache.http.wire -  << "3"[0xea]t[0xb]Jc[0xdd][0x82][0xd2]X[0xb7]@[0xc4]:1[0xee][0xa5]4[0x86],[0x10][0x5][0x0]1[0xd6][0xa1]G[0x7]F[0xe]'[0xd0][0x88][0xb1]D[0xc4]FHj1f?[0xc0]3/S[0x1]$[0x1][0xea]o[0xbb]g[0xa6][0xe6] W[0x6][0x96][0x94]fiKJ#[0xd7][0x92][0xd2][0xc8][0xb5]DD.$9[0x93][0x1c]~[0x94]fiKJ[0x13][0x8c]%"[0xc1][0x90][0xe9][0x5]J[0xcb][0x4]KD"$[0x9c]d[0xcd][0xc](L5f[0x6][0x88]TC[0x8c]u[0x14][0xc6][0xb0][0x19][0xd2][0xa8][0x14]1[0xd6]Q[0x18][0x1b]f[0x6][0x88][0xd8] [0xc2]:[0xa4][0xa1][0xa6][0xdc][0xc4][0xec][0xc4][0xbc][0xc4]<[0x8c][0x4][0xc][0x13]GT[0xed]f[0x86][0x88][0x10]$+[0xc9][0x98][0x19]R[0x98][0xef][0xcc][0xc])[0x8d][0x15]C[\n]"
15:04:34.697 [main] DEBUG org.apache.http.wire -  << "[0xb3][0x8d][0x99]!"[0xa2][0xa8][0xd0][0x92]53DD[xfQjNj1[0xe6][0xe8]LAFeqfrf1r[0x8b][0xda][0x8c][0xd2]q.3J[0xc7][0xb9][0xcc][0x8c]([0x8d][0xb]#J[0xe3][0xc2][0x8][0x11]x8[0xd2]cbq[\n]"
15:04:34.697 [main] DEBUG org.apache.http.wire -  << "R[0xcd]cf[0x84]Z[0xe2][0x80]*[0xa7][0x82][0xa2][0xfc][0x94][0xd2]d[0xcc][\n]"
15:04:34.697 [main] DEBUG org.apache.http.wire -  << "[0xac]$#[0xb3]X![0xb3]X[0xa1]$#[0x15][0xd2][0x8]N.QHA[0x1a]QF[0xca][0x16][0xc6][0x88][0xba][0x10][0x94][0xf5][0xa8]e*[0xa2][0xbc]#d*[0xb2][0x17][0x8d][0x11]y[0x94][0x90]6R[0xbc][0x88][0xc8][0xb8][0x84]LEq[0xc][0x85][0xb5][0x9c][0x19][0xda][0xb8][0x18][0xb5][0x82][0x16][0x91][0x87]I[0xf1][\r][0xd2]0[0x18]!m$[0x4]-[0xd2][0xd8][0x18]!S[0x91][0x83][0x16]i[0x88][0xb]G[0xda][0xc7][0xdf][0x82]33[0xa1]4[0xf7][0x99][0x10][0xcc]}[0x4]\`[0x8a][0xc8]7[0xe4]y[0x81][0xd2][0x91]43S[0xe2][0x93]5[0x9]1jJi[0xaa]7EDM@~NfyQbI[0x6]F[0xfd][0x1c][0x94]ZP[0x9a][0x92][0x99][0x98][0x97][0x92][0x98][0xaa][0x90][0x97]Z[0x9c][0x9c]Y[0x9a]W[0xa2][0x90]Z[0x91][0x9c]ZPRZ[0x94][0xa9][0x90][0x92][0x9f][0x93]_[0x94][0xaa][0x90]Z[0x9a][0xab]P[0x9c]ZX[0x9a][0xa9][0x87][0x9c]xL[0x11][0x19][0xc0]719#?[0x1b]s[0xbe],[0xb0]4[0xb1]8S![0xad]4=Q!/?O[0xa1][0xb0]4?E!3[0xb7] 5%[0xb3]D[0xa1],5'[0xb3][0x4][0xd5]@J[0xd3][0x2][0xa5]CUfH#L[0x90][0xc4]Dj[0x7][0xd3][0xcc][0xc]51[0xe0][0x1f][0x83]73CD[0xb2][0xa1][0x91][0xb1]Bb[0x16][0xe6]H[0xb]([0xf9][0xe7][0xa6][0x16]%g`[0x9b]q4[0xa3]t[0xc8][0xc7][0xcc][0xc]Q[0x99]A|[0x8c][0x91]D@[0xe][0x80]Hau[0x81]9[0xa5][0xf9][0xcf][0x1c][0x11]b[0x10]kHv[0x1][0xa5]M[0x8]sDB&[0xcf][0x5]H[0xa3][\n]"
15:04:34.697 [main] DEBUG org.apache.http.wire -  << "d[0x1a]@i[0x18]X 2;[0x99]. [0x18][0x6][0xc8]Y[0x9f][0xd2][0xce][0xb7][0x19][0xe1][0xce]7[0x8a]u[0x94][0xfa][0x8e]p7[0x15][0xc9]:sJ;[0x89][0xe6]H[0x9d]D[0xb2]b[0xc3][0xdc][0x80][0xc2][0xf4]`n@a[0x9e]0G[0xea]x[0x92][0xe9][0x5][\n]"
15:04:34.697 [main] DEBUG org.apache.http.wire -  << "[0xe3][0xcc][0xdc][0x80][0x94][0x14]i[0x8e][0xd4][0x17]%[0xcf][0xbd][0x94]vK[0xcd][0x91][0xba][0xa5]8&[0x0][0xf1][0xcf]o[0x9a][0x1b]"*[0x3]2[\r]@[0x84][0x18][0xe][0x3][0x90]S9R[0xa7][0x91][0xcc][0x10]#Xu [g[0x84]H[0xd2]8[0x1c]G x[0x90]z[0x8a]8[0xc]@[0xb1][0x8e][0xd2][0xe4]g[0x84][0x8]L[0x1c][0xc1][0x83]l[0x1d][0xd2][0xba][0x4][0x1c][0xaa][0xf1]W[0xa3][0xe6]H=.[0x1c][0x6][0xa0]X[0x87][0xdf]w[0x0][0x0][0x0][0x0][0xff][0xff]"
15:04:34.697 [main] DEBUG org.apache.http.wire -  << "[\r][\n]"
15:04:34.697 [main] DEBUG org.apache.http.wire -  << "67F[\r][\n]"
15:04:34.697 [main] DEBUG org.apache.http.wire -  << ""[0xb8]R[0xc9][0xdc][0x98]$[0xdf]![0xf5]Yp8[0x8e][0x80][0xef][0x90][0xba]'8[0xc]@[0xf6][0x1d]R[0xa7][0x82]Pg[0x86][0xf8][0x6][0xb5][0xb9][0x9][0xc2][0xcb][0x84]LEq[0xc]"[0x95][0x13][0xd2]F[0x82]c[0x90][0xe6][0xff]q$f[0x2][0xb9][0x1][0xa9][0xd7][0x82][0xc3][0x0]dO [0xcd][0xce][0xe3]PM[0xc8]:[0x82]e[0x13][0x8a]u[0x88][0xa0][0xc6][0x11][0xdd][0x4][0xd2][0x8b])[0xa2]'@[0xa6]{[0x11][0xb1][0x86][0xc3][0x0]d[0xf7]"[0xcd]PSa8[0xce][0x1c][0xa3][0x17]Ab[0x8b][0xd6][0x1c][0xa9][0x13]A^[0xf8]![0xcd]L[0xe3]^[0xcc][0x8][0x97]Q[0xf0]J-H,JD[0x9][0x11]J[0xb][0x18]3J[0x93][0x0][0xa5][0xfd][\n]"
15:04:34.697 [main] DEBUG org.apache.http.wire -  << "sJ[0xe7]|[0xcd])[0x9d][0xf3]5G[0xea][0xd9][0xc0][0xc3][0x1a]#)[0xc0]e[0xb0][0xc4][0x2][0xa5]S[0xb6][0xe6][0xe6][0x88]ht+*[0xcd][0xc4][0x1c][0xa0]D[0x8e]sJ[0xbb]A[0xe6]H[0xf3][0xbb]D[0xd8][0x86][0xc8][0xa1][0xd8][0x15][0xa7][0xe7][0xe7][0xa7]([0x80][0xca][0x89][0x8c][0xd4][0xc4][0x9c][0x92][0xc]d[0x97]R[0xda][0xdf]2[0xb7]@[0xc][0x8b][0x92][0x97][0xc1]([0x9d][0x19]6[0xa7]tf[0xd8][0x1c]if[0x98]L/ [0x8a]t2[\r]@$.2[\r][0xa0][0xb4][0x8c][0xb0]@T[0x13][0xe4][0xb9][0x0]i[0x2][0x9a]L[0x3](MH[0x84];[0xc2][0xa0],[0x0]q[0x1c][0xb6][0xf1][0x17]s[0xa4]Yhj[0xd4]][0x94][0xce]I[0x9b][R[0x9a][0xac][0x8][0xcf]I#[0x17][0x5]H={[0xaa]x[0x9f][0xe2][0x14][0x85]([0xd6] [0x91][0x86]Q[0xe0][0xe3][0x8f]O[0xb][0x3][\n]"
15:04:34.697 [main] DEBUG org.apache.http.wire -  << "[0xc7][0xd3],([0x1d][0xbd][0xb0]@[0xea][0xfa][0xc3][0xa6]o[0xd1][0xf7]A[0xc0][0xc4][0x11][0xf3]W[0x16]H[0xdd]uwG_O?w[0x92]=[0x8e][0x8]z[0xc7][0xe4][0xe4][0xd4][0xe2][0xe2][0xfc][0xa2]L,[0xc3][0xa7]%[0xf9][\n]"
15:04:34.697 [main] DEBUG org.apache.http.wire -  << "[0xa9]y[0x19][0x89]y[0xc9][0xa9][\n]"
15:04:34.697 [main] DEBUG org.apache.http.wire -  << "[0x89][0x5][0x5][0xa9][0x89]E &R[0x8a][0xb0]0D[0x4] [0x15]R[0x84][0x5][0xa5][0x3][0xb][0x16]H[0x3][0xb]Tq[0xf][0xa2][0x1f]M[0x15][0xe3][0x10][0xd9][0x95][0xb2]PG[0x94][0xe5][0x14][0x99]c[0x84](P)2[0xc7][0x80][0xd2]|H[0xe9][0x1c][0xbf][0x5][0xa5][0xe3]+[0x16][0x86][0x94]z[0x81][0xd2][0xd9]}[0xb][0xa4][0xd9]}[0x8a]"[0x3]i[0xec][0x87][0xbc]B[0x11]i[0xec][0x87]2[0x87]P)[0xb5]S[0xba][0xe8][0xc0][0x82][0xf0][0xe8][0x12][0x81]j[0x82][0xf0][0xaa][0x5]B[0x6]P[0x9a][0xba][0x90][0x16],[0xe0][0x88]T[0xe4]R[0x99][0xd2][0x1]2[0xb][0xa4][0x1]2[0x8a][0x92][0x0][0xd2]b[0x0][0x1c][0xce]&[0x10]pHCg[0x94]9[0x4]Q[0xdf][0x91][0xe9][0x10]Jc[0xd0][0x4]QS[0x92][0xe7][0x2]J[0xc7][0x5]-[0x8][0x8f][0xb][0x12][0x88][0xc][0x8c]]]]><![CDATA[>[0xa4][0xb6]:(][0x1]aa[0x82](R[0xc8][0xc]DD7[0x8a][0xa2][0xf4][0x84]4[0xbe]I[0xa6]C(M[0x90]&[0x94]&HJ[0xd7]rX [\r][0xab][0x92][0xb3]y[0xd6][0x2]i)[0x7]ya[0x88]4[0xd0]J[0xa6][0x1][0x88][0xe4]DQj@Z[0xfd]A[0x99]9[0x88]v[0x1d][0x99][0x1e]B[0xa4]*[0xb2][0xa2][0x4]iM[0x7]E[0x1e]A[0x1a][0xe3]%[0xcf]#[0x94][0x8e][0xea]ZP:[0xaa]k[0x81]4[0xaa]K^P"J[0x1a]2[0x83][0x0][0x91][0x18][0xc8]s[0x0][0xa5][0x5][0x4][0xd2][0xa0]0Y[0xe][0xa0]tH[0xd7][0x2]iH[0x97]<[0x7] [0xb2]7yQ[0x80]4[0xa2]K[0x9e][0x3][0x10][0xd9][0x91]L[0x7] [0xe2][0x90],[0x7]P:[0xf4]j[0x81]4[0xf4]J[0x9e][0x3](\[0x1a]aaAi[0x1c]"-[0xd6]![0xcf][0x7][0x14]F[0x1][0xa5][0xab]w,[0x90][0x6]-[0xc9][0xf2][0x0][0xa5][0x83][0x8c][0x16]H[0x83][0x8c][0xe4]9[0x0]Q[0x90]%[0xe7][0xe7][0x95][0xe4]g[0xe8]B73b[0x1b]qrK,[0xce][0xc8][0xcc][0xcf]KL[0xca]IE[0xee][0xd1]X"r[0x12]a30U [\r][0x9d]!ma!+OZR:[0xe4]gI[0xe9]z#K[0xa4]1C2[0xbd][0x80][0x88][0x11]2[\r]@d[\n]"
15:04:34.697 [main] DEBUG org.apache.http.wire -  << "[0x1c]3[0xbe][0xf8][0xa7][0xb8]-[0x91][0xc6][\r]q[0x18][0x80][0x14][0xfb][0x96]H[0xa3]z8T[0x13][0xb2][0xe]1[0x8e][0x87][0xc3][0x0][0x14][0xeb][0x10]e[0xe][0xe][0xd5][0x84][0xac]C[0xd4][0xfd]8[0xc]@[0xb1][0xe][0x91][0xb6][0xc9][0x8b][\r]J[0xc7][0xae],)[0x1d][0xbb][0xb2]D[0x1a]H$[0xcf][0xb]H[0x83]_d[0x1a][0x80][0x88]a2[\r][0xa0][0xb0][0xa6][0xb2]D[0x1a][0xa6][0xc2][0x11][0xe9][0x4]R[\r][0xd2]0[0x15][0xe][0x3][0x90]S[\r][0xd2][0xc6][0x18][0xf2]<L[0xe9] [0x91]%[0xd2] [0x11][0xe][0xf7][0x12][0xf0]0[0xd2][0xa1]08[0xc]@[0xf6]0[0xc6][0x91]-$[0x8e]>XR:[0x18]ei[0x8c][0xc8][0xa8]8[0xdc]K[0xc8][0xc3][0x4][0x8b]Md[0xf]#[\r][0xf8][0x90]g[0x1d][0xd2][0x80][0xf][0xe][0x3]P[0xac][0xa3]4[0x3]P:8c[0x89][0xb4][0x14][0x8d][0xbc]$M[0xe9][0xa8][0x8c]%[0xa5][0x1b]d,)[0x1d]T[0xb1]DZjF^[0x18]P:(bI[0xe9]^[0x18]K[0xa4][0xd1][0x10]2[0xbd]@i[0xf3][0x4]iE[0x1b]y.[0xa0]t[0xf8][0xc1][0x92][0xd2][0xe1][0x7]KJ[0xf7][0x9a]X[0x9a][0x12],k[0x8][0x14]VHcAD[0x94][0x1e]H[0xc3]%d[0x6]9[0xa2][0xd1]E[0xa6][0x1][0x94][0xa6][0x1a][0xa4][0xdd]9[0xd4][|j[0x89]4[0x8a]B[0xc8]T[0xe4][0xd2][0x18]i[0xf0][0x84][0x90]6[0xe2]W[0xc2]ZRz[0xae][0x89]%[0xa5][0x8b][0xe4],[0x91][0x86]T[0xc8][0x8b]fJ[0x17][0xce]Y"-[0x9c]#[0xd3][0x5][0x88][0x9c]E[0x9e][0x1][0x94][0xae][0xa8][0xb3]D[0x1a][0xd6]qNL[0xc9]--V[0x8]H-K-J[0xcd][0xc9][0xc1]h[0x13]y[0x94][0xa6][0xa5][0xe5][0xa4][0x16][0x94][0xa6][0xa5]![0xa7].[0xa4]a[0x1d][0xa7][0xd2][0xe4][0xec][0xa4][0xd4]D[0xcc][0x3][0x83][0x82]s*K2@g![0xa2]hD4[0xb3][0xdd]S[0xf3][0x8b][0xd2]S[0x15][0xc2]S[0x13][0x8b]sR1[0xcf][0x95][\n]"
15:04:34.697 [main] DEBUG org.apache.http.wire -  << "[0xc9]([0xcd]KI-J[0xca],B[0xde][0xcf]mI[0xe9]J:K[0xa4][0xf1][0x1c]2C[0x1f][0xd1][0x8a]#[0xcf][0x0]J[0xd7][0xb1]Y"[0x8d][0xe8][0x90][0xe9][0x2]J[0x9b]jHC:d[0xba][0x0][0xd1][0xc3]%[0xd3][0x0]JKk[0xa4][0x11]![0x8a][0xe]:[0xb3]D[0x1a][0x10][0xa2][0xc4] c[0x3][\n]"
15:04:34.697 [main] DEBUG org.apache.http.wire -  << "[0x17][0x93][0x19][0x1b] [0xed]d[0xb]H-[0xca],[0xc8]H-J[0xcc]Q[0xc0]Q[0xf9][0xfa][0xe6][0x97][0x16][0xa7][0xea](x[0xa7]V&[0xe5]'[0x16][0xa5][0xe8](x[0xa4]&[0xa6][0x14]d[0xe4][0xe7][0xa5]*[0xb8][0x86]8#[0xf2][0xac][0xb1][0x1][0x85][0xe3]M[0xc6][0x6][0x14][0xee]o36[0xa0]p[0xc0][0xca][0xd8][0xc0][0x80][0xb2][0xe4]fl[0x80]t[0xd6][\n]"
15:04:34.697 [main] DEBUG org.apache.http.wire -  << "9[0xe9][0xd5][0xd8][0x0]i[0xc0][0x8a]L[0x3][0x10][0xa7]<[0x90]i[0x0]"[0xd3][0xe3]H[0x12]x[0x1b]t[0xc6][0x6][0x84][0xb7][0xbc]![0xa7][0x1a][0xa4]SS[0xc8]t/e[0xd5][0xa4][0xb1][0x1][0xd2][0xa0][0x12]y[0x1e]F[0x1a]T[0xc2]a[0x0][0xb2][0x87][0x91][0x96]=[0x91][0xe7]a[0xa4][0x83][0x80][0xd3]p[0x1e]j[0x8d]b#ee[0xa0][0xb1][0x1][0x85]c@[0xc6][0x6][0x14][0x8e][0x1][0x19][0x1b] [0x8d][0x1]Q[0xb3][0xc8]B[0x1a][0x19]"/.[0x8c][0x11][0x99][0x85]L[0x3]([0xeb][0x8e][0x18][0x1b]P8[0xda]dl[0x80][0xb4][0xf4][0x89]L/P[0xd6][0xd0]160[0xa6]4[0x7]S[0xb8][0xe6][0xc9][0xd8][0x0]i[0x4][0x8b][0xbc]0[0xa0]p[0xc5][0x91][0xb1][0x1][0x85]cR[0xc6][0x6][0x14][0xe])[0x19][0x1b]P8[0xa4]dl[0x80][0xb4]N[0x87][0xbc]@[0xa4]p[0xa1][0x8e][0xb1][0x1][0x85]CJ[0xc6][0x6]H[0xa7][0x9f][0x90][0xe9][0x5]J[0x93]2[0xd2]h[0x8]y.[0xa0]pH[0xc9][0xd8][0x80][0xc2][0x11][0x16]c[0x3][\n]"
15:04:34.697 [main] DEBUG org.apache.http.wire -  << "[0x87][0x94][0x8c][\r][0x90]N[0x9a]%/[0xc][0x90][0xc6]B[0xc8]4[0x0][0xb1]`[0x9d]L[0x3][0x10][0xfd]W2[\r][0xa0][0xb4]b[0xa1]p[0x4][0xc5][0xd8][0x80][0xc2][0xf1][0xb]c[0x3]sJ[0xf3][0x2][0xd2][0xf0][0x3][0x8e]v[0x15][0x81][0x96]([0xd2][0xf0][0x3][0xe][0x3][0x90][0x9b]IHC[0x6]8T[0x13][0xb2][0xe]Q[0x97][0xe3]0[0x0][0xc5]:D[0xab][0xc][0xbe]][0x14]cX[0x5].[0xa3][0xe0][0x5][0x0][0x0][0x0][0xff][0xff]"
15:04:34.697 [main] DEBUG org.apache.http.wire -  << "[\r][\n]"
15:04:34.697 [main] DEBUG org.apache.http.wire -  << "A11[\r][\n]"
15:04:34.697 [main] DEBUG org.apache.http.wire -  << "B[0xdb][0xce]kl`[0x81][0x8]_[0xb8]2[0x92][0xc][0xa0]p[0xc9][0x88][0xb1][0x1][0xd2]65[0xf2]R9[0x85][0xe3][0x3][0xc6][0x6]H;[0xc5][0xc8]t[0x1]"[0x10][0xc9]2[0xc0][0x90]po[0x1c])[0xd2][\r])[0xed][0xe2][0x1a][0x12][0xee][0xe2][0xa2]XG[0xa9][0xef]([0xdc](el[0x88]t[0x80][\n]"
15:04:34.697 [main] DEBUG org.apache.http.wire -  << "y[0xe1][0x8b][0xd4][0x9b]t[0xf1]t[0xf6]wrT[0x88]t[0xf4][0xc0]H[0xe6][0x8e][0x1][0x9e][\n]"
15:04:34.697 [main] DEBUG org.apache.http.wire -  << "[0xe1][0xfe]A[0xde][0xc1][0xc8][0xbe][0xa7]p[0xb7][0x8f][0xb1]![0xd2]n[0x1f][0x92][0xed][0xa6]4[0xe4][0x91]z[0xa5][0xe4][0x5][0x1c][0x85][0xfb]s[0x8c][\r][0x91][0xfa][0x99]d[0xba][0x80][0xc2][0xd1][0x14]C[0xa4][0x95][\n]"
15:04:34.697 [main] DEBUG org.apache.http.wire -  << "d[0xba][0x80][0xc2][0xae][0x89]![0xe1][0xfd]0x[0xf7]2[0x18][0x1b][0x12][0xee][0xf9]"[0xa7]X[0xa4][0xb5][0x7][0xbe][0xa9][0xf9][0xe5]X[0xce][0xf6][0xf3]M[0xac][0xc8][0xcc]M[0x5][0x9d][0xb3][0xa7][0x90][0x9b][0x99]WZ[0xac][0x90][0x99][0x2]>[0x85]/[0xb3][0xa0]81W[0xa1],?[0xa7][0xb4][0xa0]$[0xb1]$5W[0xa1]8373'[0xb3][0xb0]4[0x15][0xe9]4>cCJ{[0x8b][0x86][0x84]{[0x8b][0xc8][0xfe]AZZ@^[0x4][0x12][0xee][0x98][0xa1]XGi[0x82]#<[0xb1][0x8f]l[0x1d][0xa5][0x1d][0x1e]C[\n]"
15:04:34.697 [main] DEBUG org.apache.http.wire -  << "'[0xe1][0x8d][\r])[0xed]1[0x19][0x12][0x9e][0xc5]G[0xf1]0[0xa5][0xd9][0x9]i[0xb2][0x18]Gz@[0xb6][0x8e][0xd2][0x9e][0x88]!RO[0x84][0xd4][0xf2][0x9b][0xc2][0xa3]N[0x8c][\r][0x91]fyqx[0x95]@[0xc9]A[0xe1]Q'[0xc6][0x86]HS[0xbb]d[0xba][0x80][0xc2]N[0x8c]![0xe1]i`[0xe4][0xe8]F[0xea]p[0xe0]h>[0xe3]o[0x1b]"u8p[0x18][0x80]l[0x1d][0xa5][0xbd][0xb]C[0x92]z[0x17][0x86][0x94][0xf6].[0xc][0x91]V[0xa8][0x13][0xe3];D[0xef][0x2][0x87]j[0x2][0x81][0x89]t[0xc][0x7][0xe][0x3][0x90][0x3][0x13]i[0xae][0x12][0x87]j[0x2][0xd6]![0xf5]Ep[0x18][0x80]b[0x1d]"e[0xe2]PM[0xc8]:D[0xf7][0x1a][0x87][0x1]([0xd6]![0xea][0x15][\n]"
15:04:34.697 [main] DEBUG org.apache.http.wire -  << "[0xae][0xd0]16D[0xea][0xad][0xe0][0xb0][0x95][0x90][0xb3][0x11][0x5]0[0xe][0x3][0x90][0x9c]m[0x84][0xd4]5[0xc1][0xa1][0x1a][0xbf]uFHK[0xd0]q[0x18][0x80]b[0x1d][0x85][0x91]b[0x84][0xd4]9"[0xc6]:D[0xa4][0xe0]PM[0xc8]w[0x4][0xb3][0x8][0x8a][0xef][0x10][\r]z[0xf2][0xac]C[0x9a][0xd9][0xc3]a[0x0][0xb2]u[0x14].E76B[0xea]x[0x11]c[0x1d]b[0xe8][0x82][0xac][0xba][0xc2][0x8]i[0x1a][0xf][0x87]u[0x4]b[0x3][0xa9][0xaf][0x85][0xc3][0x0][0xe4][0xe0]AZI[0x8e]C5[0x1][0xeb][0x90][0xba]W8[0xc]@[0xb1][0xe][0x91][0xb4][0x93][0x13][0xb3]S[0x8d]0[0xfa][0x9f] Q[0x85][0x9c][0xc4][0x82]L[0xa4][0xab]c[0x8d][0x8d][0x90][0xa6][0xfa][0xc8][0x1a][0xa1]1BZ[0xeb]M[0xa6][0x1][0x88][0x2][0x83][0xbc]xE[0xea][0x0][0x5]gg[0xe6]%'b[0xb9]@[0x17]&[0xa1]P[0x92]Z[0x94][0x94][0x98][0x99][0xad]P[0x9a]WR[0x9a][0xad][0x90][0x9b]Z[0x94]X[0x9e]X[0xa2]P[0x9e][0x98][0x95][0x88]t[0xd2][0x97][0xb1][0x11][0xe1]>[0x11][0xfe][0xa6][0x91][0x11][0xa5][0xd3]vF[0x94]v[0x83][0x8c][0x8]w[0x83][0x8]y[0x81][0xe2][0x88]A[0x94]G[0xe4][0xc5],[0xa5][0x93]fF[0x94]v[0xee][0x8c][0x90][0xf6][0xf9]+`[0xe4]([0x2][0xe1]G[0xe9]|[0x99][0x11][0xe1][0xae][0x1e]![0x17] "[0x0][0x96][0x1]0<[0x1][0x93] 6g [0xcd][0xc1][0x91]s[0xde][0x92][0xb1][0x11][0xe1].i:[0xe8]:l[0xf8]>5c#J[0xfb][0xa0]FH]H[0x98]w)[0xf][0x7]DuD=3[0x11][0xed][0x5][0xea][0x99][0x89]hBP[0xcf]LD[0xc9]@=3[0x11]i[0xb5][0xa0][0xd8][0x14]#z[0x8][0xa4]tJ[0xe7]$[0x8d]([0xdc][0xa6]ol[0x84]4[0xa9][0x89][0xa3][0xb6][0x86].^F[0xae][0xb4])\[0x1b]ol[0x84]4[0xfe]@[0xc6][0x86]Tc#J[0xc7][0x10][0x8c]([0x9d][0x8]5B[0x1a][0x84] [0xcb][0x7]Hc[0x10][0xc4][0x87];[0xd2][0xb8][0x3][0x9][0x9a][0x10]-,[0x12]4!zq[0xe4][0xd5][0x81]H[0x93][0xa4][0xe4][0x85][0xf]"[0xff][0x93][0xe9][0x0]Df'[0xcb][0x1][0x14].[0xf1]66B[0x1a][0x5]![0xcf][0x1][0x4][0xe3][0x8d]@C[0x9c][0xf0][0xb8][0x8]r[0x9e][0xa6]pU[0xb6][0xb1][0x11][0xd2]e[0x98][0xe4][0xf9][0x17]Q[0x92][0x92][0x17][0xe3]H#%d9[0x80][0xc2]E[0xdd][0xc6]FH[0x93][0xb6][0xae]y%[0xa9]E%[0x89][0x99]y[0xb9][0xa9]y[0x98][0xc7][0x8][0x17][0xe4][0xe7]d&[0xa7]*[0xe4][0xa7][0xa5]e&[0xa7][0x16]![0xc7][0x82]%"[0xdf]9[0xe7][0xe7][0x16][0x94][0x96][0xa4][0x16])[0x4][0xe7][0xa7][0x95][0x94]c[0xeb][0x1d]`[0xb9][0xa3][0xce][0xd8][0x8]i[0xe2]7[0xa0]4)'3Y[0x1]t[0x9d]Q2[0xe6][0xf2][0xfe][0xe4][0x8c][0xd4]\[0x94][0xfb][0xed][0x8c][0x8d][0x8][0x9f]%J[0xa0]>C[0x1a][0x86]!3[0xe][0x11][0xb9][0xd6][0x19][0xe4][0xbe][0xe4][0xc4][0x1c][0xcc][0xbb][0xf9][0x8a]S[0x93][0x8b]RK[0x12][0x8b]*QB[0x8e][0xc2][0xe4]c[0x8c]4[0xa6][0xe3][0x92]Z[0x9c][0x99][0x8e]y;cRiqf^jqqnb[0x1e][0x92][0xcd][0xc6]Hc9[0xd4]jV[0x18]#-$w+[0xcd]K[0xd1][\r]J[0xcc],[0xce][0xcc][0xc3][0xbc]^)[0xaf][0xb4][0xa8][0x18][0xe9][0x98][0x5]cc[0xa4][0xa5][0xe2][0x1]E[0x99]y%[0xd8]4[0xa5]%&[0x97][0x80][0xee][0xaa].[0xcf]/[0xca]FI~[0xc6]H[0xe3]D[0x8e]E%[0xc5][\n]"
15:04:34.697 [main] DEBUG org.apache.http.wire -  << "[0x89]y)[\n]"
15:04:34.697 [main] DEBUG org.apache.http.wire -  << "[0xce]E[0x89]i%[0x98][0x91][0x90][0x9a][0x97][0x9e][0x99][0x97][0x8a][0xa6][0x9d][0xfa][0x8d]Kc[0xa4][0x85][0xe3][0xe1][0x99]y[0xa9]`'[0x5][0x17]d[0x16]ebqSNby%[0x9a][0x8b][0x10][0xe9])$5'59?7[0xb7]4/39[0xb1]$3?[0xf][0xd3]O[0xc9][0xa0][0xa3]+[0xd0][0xc]@$+[0xaa]E.[0xd2]x[0x15]Y[0xb9][0xc4][0x18]i[0xed]@hIfNf[0x9][0xb6]s8R[0x93][0xf3][0xf3][0xf2][0xd1]r[0xb8]1[0xd2][0xd8][0x15][0x99]V#[\n]"
15:04:34.697 [main] DEBUG org.apache.http.wire -  << "([0xea][0x85][0x7]"[0xd9][0xf8][0xa5][0x96][0x17][0x17]$[0x16][0xa4][0x16]aFNRifN[\n]"
15:04:34.697 [main] DEBUG org.apache.http.wire -  << "j[0xe4] [\r][0x8d][0xb9][0xe6][0xa4]&[0x97][0x14]e&'[0xe6]([0xe8]+@8[0xf9]y[0x99][0xc9][\n]"
15:04:34.697 [main] DEBUG org.apache.http.wire -  << "[0xbe][0x89]y[0xa5][0xa0][0xf4]^Z[0x84]-'$g[0xa4]"[0xed][0xaa]26F[0x1a]*[0xa3][0x9e][0xef][0x10])[0xc8]=[0xbf],[0xb5][0x8]\%(8[0xa6][0xe4]f[0xe6]e[0x16][0x97][0x14][0x81][0x93]"F[0xbf]!759#1/3[0x19][0xb9][0x9c]A[0x1a]X[0xf3][0x4]U/y`[0xad][0x89]9[\n]"
15:04:34.697 [main] DEBUG org.apache.http.wire -  << "!E[0x89])[0x90][0x8c][0xe1][0x92]Z[0x96][0x9a][0x93]_[0x80][0xb5][0xd2])J[0x5]]S[0x97][0x99][0xf][0xb2][0x15][0xc5]X[0xc4][0xb6][0x6][0xaa][0xf9][0x99][0xd2][0x15][0x12][0xc6][0x94][0xae][0x90]0F[0x1a][0xdf]#/[0xa1]S[0xba]B[0xc2][0x98][0xc2]#G[0x8d][0x8d])[0xdd][0x1b]`[0x8c]4[0xc2]H^[0x18]P:[0x9c]h[0x8c][0xb4][0xb9][0x80]L[0x17] [0x1a][0xc1]d[0x1a][0x80]([0xaf][0xc8]4[0x0]Q8[0x91]i[0x0]bt[0x84]L[0x3]([0xec][\n]"
15:04:34.697 [main] DEBUG org.apache.http.wire -  << "[0x19]#[0x9d]z[0x91][0x97][0xaf][0x80][0xc3][0x11]y[0xf9]%[0xe0][0xeb]#[0xb0][0x9c][0x9a]olL[0xe9]>[0x2]cJ[0x87]D[0x8d][0x91][0x86]D1G4[0x15][0x90][0xcb]3[0xa4][0xb1]O[0xca]O[0xfc]66F[0xda]@[0xc8]bDJ[0xc1]T[0x89][0xe2]BD[0x8a][0xa0][0x8a][0xb][0x11][0xe9][0x83]*[0xc6]![0x9a]LT1[0xe]Q[0xfd]Q[0xc3]8[0xa4]q\[0x1c][0x9][0x19][0x17][0xc5][0x18]i[0x1c][0x97]j[0xd5][0x1d][0xd2]H/[0x8e]![0x16][0xfc]]uc[0xa4][0xd5]F8[0xc]@N?[0x94]n[0xc6]0[0xa6][0xf0]|[0xf]cc[0xa4][0xdd][0x1c][0x98]I[0x1d]%7"[0x1d][0xe4]AH%"[0xa1][0x10]P[0x89]4jJ[0xb5](D[0x1a][0x7][0xa5][0x9e][0x99][0x88][0xca][0x8b]zf"[0xea]3[0xb2][0xe6]-[0x8d][0x91]Vn[0x91]i[0x0][0xa2]| /[0x7]"[\r][0x9d]R[0xb4]][0xdb][0x18][0xe9]tQ[0x1c][0xb9][0x86]@[0xb6]CZE[0x85][0xc3][0x0][0xe4]lG[0xe1][0xb9][0x15][0xc6][0xc6]H[0xcb][0xb0][0xc8][0xb]9[0xa4]1I[0x12]/[0x81]26F[0x1a][0x8e]$]/[0xa2][0x8b]@[0xa6][0xc3][0x11]9[0x81]L[0x3][0x10][0xc9][0x9e][0xc4][0xf5][0x86][0xc6]H[0xab][0xbb]H[0xd6][0x8a][0xa8][0xa8]I[0xd6][0x8a][0xc8]%$kE[0x14][0x84][0xa4]jE[0x1a][0x2]%Y+bc[0x16][0x8e][0xbc]@ 3![\r][0x9f][0xe2]0[0x0]93![\r]t[0xe2]PM[0xc8]:Dk[0xb][0x87][0x1]([0xd6]![0xda]H8T[0x13][0xb2][0xe][0x11][0x9f]8[0xc]@[0xb2][0xce][0x4]i,[0x11][0x87]j[0xfc][0xd6][0x99] [0x8d])[0xe2]0[0x0][0xc5]:D[0xf6][0xc2][0xa1][0x9a][0x90]u[0x88][0xec][0x85][0xc3][0x0][0x14][0xeb][0x10][0xd9][0x82][0xac][0xdc]l[0x82]t[0x96][0x3][0xe][0xeb][0x8][0xb9][0x17][0x91]Ep[0x18][0x80][0xec]^[0xa4][0xe1]2[0xf2][0xdc][0x8b]4jFb[0xb6]21D[0x84],[0x99]v#[0x2][0x9b][0x92][0x15][0x92]&Hce[0x94][0x99][0x83][0xc8][0x8][0xe4]y[0x8]i[0x81][0x19]E[0xe]A[0x1a][0xe][0xa3][0xcc][0x1c]D[0xe5][0x86]#-[0x11]H[0x8c]H[0x83]]8[0xc]@N[0x8c]H#[8T[0x13][0xb2][0xe][0x91] p[0x18][0x80]b[0x1d]"[0xba]p[0xa8]&d[0x1d]IY[\r]i[0xc4][0x88]<[0xeb][0x90]F[0x8c]p[0x18][0x80][0xec];[0xa4]C"p[0xa8]&[0xe0];[0xa4]mA8[0xc]@[0xb1][0xe]Q[0x8b]@[0xd2]>[0xe6][0x84][0xc][0xfe][0xde][0xa7][0x9][0xd2]P[0xc]h][0x5][0x96][0xb][0xdb][0x90][0xed][0xa3]t[0xd4][0xc4][0x4]i[0xd4][0x4][0xe2]`[0x8c][0x81]f[0x2][0xee]%i[0x97][0x90][0x9][0xa5]K[0xc7]L[0x8]/[0x1d]C[0xe][0x1e][0xa4][0xae]<y[0xbe]C[0xea][0xb7][0xe3]0[0x0][0xc5]:D[0xc6][0xc3][0xa1][0x9a]@`"[0xf5][0x9a][0xc9]4[0x0][0x91][0x99]q[0x18][0x80][0xec]^[0xa4].-[0xe][0xd5][0x4][0xdc]Kx[0x99][0xf][0x8a]u[0xe8][0x99][0x83][0xd4][0xb4][0x86][0xb4]&[0x87]Z[0xdd]e[0x13][0xa4][0xbe]&ya@[0xe9][0x81][0x7]&[0x84][0x17][0xfa][0x10]([0xa2][0x8]/[0xfa]A[0x8e][0x5][0xa4].-[0xd5][0x2][0x11]i-[0xf][0x99][0x81]Hi[0xce]A[0xea]zS[0xcf]W[0x4]3[0x13][0x81][0xec][0x81][0xb4])[0x8a][0xbc]`A[0xea][0xce]S[0xcd]WH[0xdd]|2[0x1d][0x85]h[0xe][0x91]i[0x0][0xa2]3B=_!Z[0xd1]8[0xaa]i[0x2][0x99][0x8]i[0x10][0x80]L_![0x92]09[0x8b][0x8b]L[0x90]6}[0x91][0xe9][0x0]D;[0x8c]<[0x3][0x90][0xc6][0x6][0xc8]4[0x0]1B@[0xa6][0x1][0x94]&-[0xa4][0x5]V[0xe4]%[0x3]JG[0x1d]L[0x90]VW[0xe1]p[0x1]ra[0x8c][0xb4][0x1c][\n]"
15:04:34.697 [main] DEBUG org.apache.http.wire -  << "[0x87]j[0x2][0xc9][0x16][0xe9][0x88]L[0x1c][0x6] Yg[0x8a]4[0xea]@V[0x4][0x99]"[0x8d]:[0x90]i[0x0]"[0x86]q[0xb8][0x17][0xbf][0x87]M[0x91][0x96]/9g$[0x16][0xe5][0xa6][0xe6][0xa4][0xe6]c.[0xc4][\n]"
15:04:34.697 [main] DEBUG org.apache.http.wire -  << "[0xcd]KIU[0xc8]ONNL[0x5][0xad][0xe4]QH,J[0xce][0xc8],IM.[0xc9]G[0xde][0x91]o[0x8a][0xb4][0x98][0x89]L[0xc7][0x10][0x1c]b"[0xe4][0x1b]D[0xa1]AfxR[0xd8][0xa6]2E[0x1a]i[0xa1][0xc2][0xec][0x9b])[0x85][0xd7][0x4][0x1b][0x9b]"-}"[0xa7][0x18]5[0xa5]t[0xf3][0x9e])[0xd2]P[0xe]y[0x89][0x2]i@[0x87]L[0x3][0x10][0xa9][0x8a][0xa2][0xe9][0xf]S[0xa4]CX(4[0x88][0xd2]T[0x86][0xb4]l[0x8a][0xbc]t[0x8e]t[0xff][\r]y[0x81][0x8a]4[0xa8]D[0xa6][0x1][0x88][0xca][0x8d]L[0x3](-[0xfa][0x8][0xf]#[0x11](m[0x90][0xf6]D[0x92][0xbe][0x15][0xc5][0x14]i\[0xaa][0xa0][0xd8][0x90][0xc4][0xbe][0x9b])[0xd2]r+2[0x83][0xf][0x91][0x6]q[0x18][0x80]\[0xd3]!-[0x8d][0xc2][0xa1][0x9a]@X!-[0x8d][0xc2]a[0x0][0xb2]u[0x84][0x7][0xa5][0x8]Y[0x87]h[0x13][0xa7]e[0xe6][0xe4]*$[0xe6]%f[0x83][0x9][0x8c]p[0xce]M-[0xce][0xce],([0xcd]S@U[0xa7][0xa3][0x90]_TR[0xaa][0x90][0x91]XTZ[0xac]P[0x92]Z[0x92]X[0xa0][0x90][0x92][0x98][[0x90][0x99][0x97][0x9e][0xa9][0x80][0xbc][0xc][0xda][0x94][0xd2][0x11]1S[0x92]F[0xc4]L[0x91]vk[0xa2]:[0x98][0xfa][0x1e]Ct[0xd7]p[0xc4][0x18][0xa1]8@4[0xa0]q[0x18][0x80][0x1c][0xe5]H#g4[0xf6][0x18][0xd2][0x10][0x1b][0xad]m[0xa2][*DZ4[0x85]#[0xac][0x9]D[0x16][0xd2]MD8[0xc]@[0x89],[0x82][0x85][0x7]![0xeb][0x8]&.d[0xeb][0x90][0xd6] [0xe1]p[0x1c][0x1][0xeb][0x90][0x6].q[0x18][0xa0]T[0x1b][[0xcb][0x5][0x0][0x0][0x0][0xff][0xff]"
15:04:34.697 [main] DEBUG org.apache.http.wire -  << "[\r][\n]"
15:04:34.697 [main] DEBUG org.apache.http.wire -  << "A[\r][\n]"
15:04:34.698 [main] DEBUG org.apache.http.wire -  << "[0x3][0x0][0xa5][0xc9]I[0xbb]v[0xb5][0x0][0x0]"
15:04:34.698 [main] DEBUG org.apache.http.wire -  << "[\r][\n]"
15:04:34.698 [main] DEBUG org.apache.http.wire -  << "0[\r][\n]"
15:04:34.698 [main] DEBUG org.apache.http.wire -  << "[\r][\n]"
15:04:34.698 [main] DEBUG io.restassured.internal.RestAssuredHttpBuilder - Parsed data to instance of: class org.apache.http.conn.EofSensorInputStream
15:04:34.699 [main] DEBUG org.apache.http.impl.conn.BasicClientConnectionManager - Releasing connection org.apache.http.impl.conn.ManagedClientConnectionImpl@61648dd2
15:04:34.699 [main] DEBUG org.apache.http.impl.conn.BasicClientConnectionManager - Connection can be kept alive indefinitely
15:04:34.713 [main] DEBUG net.thucydides.core.steps.StepInterceptor - STEP DONE: I send GET HTTP request categories2
  &amp#27;[32mWhen &amp#27;[0m&amp#27;[32mI send GET HTTP request categories2&amp#27;[0m               &amp#27;[90m# starter.stepdefinitions.CategoriesSteps.sendGetHttpRequestCategories2()&amp#27;[0m
15:04:34.715 [main] DEBUG net.thucydides.core.steps.StepInterceptor - STARTING STEP: CategoriesSteps.receiveValidHttp200Categories - I receive valid HTTP response code 200 categories
15:04:34.716 [main] DEBUG net.thucydides.core.steps.StepInterceptor - STEP DONE: I receive valid HTTP response code 200 categories
  &amp#27;[32mThen &amp#27;[0m&amp#27;[32mI receive valid HTTP response code 200 categories&amp#27;[0m &amp#27;[90m# starter.stepdefinitions.CategoriesSteps.receiveValidHttp200Categories()&amp#27;[0m
15:04:34.717 [main] INFO  - 
  _____   ___   ___   _____     ___     _     ___   ___   ___   ___  
 |_   _| | __| / __| |_   _|   | _ \   /_\   / __| / __| | __| |   \ 
   | |   | _|  \__ \   | |     |  _/  / _ \  \__ \ \__ \ | _|  | |) |
   |_|   |___| |___/   |_|     |_|   /_/ \_\ |___/ |___/ |___| |___/ 

GET - Get categories by ID
----------------------------------------------------------------------
]]></system-out>
  </testcase>
  <testcase name="DEL - Delete category with ID" classname="Categories" time="0.106">
    <system-out><![CDATA[
Scenario: DEL - Delete category with ID                  &amp#27;[90m# src/test/resources/features/4. Categories.feature:32&amp#27;[0m
15:04:34.720 [main] DEBUG io.cucumber.core.plugin.SerenityReporter - Running feature from file:///E:/APIMinpro/API/minpro/src/test/resources/features/4.%20Categories.feature
15:04:34.721 [main] INFO  - 
  _____   ___   ___   _____     ___   _____     _     ___   _____   ___   ___  
 |_   _| | __| / __| |_   _|   / __| |_   _|   /_\   | _ \ |_   _| | __| |   \ 
   | |   | _|  \__ \   | |     \__ \   | |    / _ \  |   /   | |   | _|  | |) |
   |_|   |___| |___/   |_|     |___/   |_|   /_/ \_\ |_|_\   |_|   |___| |___/ 

DEL - Delete category with ID(categories;del---delete-category-with-id)
--------------------------------------------------------------------------------
15:04:34.727 [main] DEBUG net.thucydides.core.steps.StepInterceptor - STARTING STEP: CategoriesSteps.setDelApiEndpoints - I set DEL api endpoints categories
15:04:34.727 [main] DEBUG net.thucydides.core.steps.StepInterceptor - STEP DONE: I set DEL api endpoints categories
  &amp#27;[32mGiven &amp#27;[0m&amp#27;[32mI set DEL api endpoints categories&amp#27;[0m               &amp#27;[90m# starter.stepdefinitions.CategoriesSteps.setDelApiEndpoints()&amp#27;[0m
15:04:34.729 [main] DEBUG net.thucydides.core.steps.StepInterceptor - STARTING STEP: CategoriesSteps.sendDelHttpRequestCategoriesDel - I send DEL HTTP request categories
15:04:34.730 [main] DEBUG net.thucydides.core.steps.StepInterceptor - STARTING STEP: Categories.sendDelHttpRequestCategories - I set DEL api endpoints categories
15:04:34.731 [main] DEBUG net.thucydides.core.steps.StepInterceptor - STEP DONE: I set DEL api endpoints categories
15:04:34.738 [main] DEBUG org.apache.http.impl.conn.BasicClientConnectionManager - Get connection for route {s}->https://altashop-api.fly.dev:443
15:04:34.739 [main] DEBUG org.apache.http.impl.conn.DefaultClientConnectionOperator - Connecting to altashop-api.fly.dev:443
15:04:34.797 [main] DEBUG org.apache.http.client.protocol.RequestAddCookies - CookieSpec selected: ignoreCookies
15:04:34.797 [main] DEBUG org.apache.http.client.protocol.RequestAuthCache - Auth cache not set in the context
15:04:34.797 [main] DEBUG org.apache.http.client.protocol.RequestTargetAuthentication - Target auth state: UNCHALLENGED
15:04:34.797 [main] DEBUG org.apache.http.client.protocol.RequestProxyAuthentication - Proxy auth state: UNCHALLENGED
15:04:34.797 [main] DEBUG org.apache.http.impl.client.DefaultHttpClient - Attempt 1 to execute request
15:04:34.798 [main] DEBUG org.apache.http.impl.conn.DefaultClientConnection - Sending request: DELETE /api/categories/12510 HTTP/1.1
15:04:34.798 [main] DEBUG org.apache.http.wire -  >> "DELETE /api/categories/12510 HTTP/1.1[\r][\n]"
15:04:34.798 [main] DEBUG org.apache.http.wire -  >> "Accept: */*[\r][\n]"
15:04:34.798 [main] DEBUG org.apache.http.wire -  >> "Host: altashop-api.fly.dev[\r][\n]"
15:04:34.798 [main] DEBUG org.apache.http.wire -  >> "Connection: Keep-Alive[\r][\n]"
15:04:34.798 [main] DEBUG org.apache.http.wire -  >> "User-Agent: Apache-HttpClient/4.5.13 (Java/11.0.15.1)[\r][\n]"
15:04:34.798 [main] DEBUG org.apache.http.wire -  >> "Accept-Encoding: gzip,deflate[\r][\n]"
15:04:34.798 [main] DEBUG org.apache.http.wire -  >> "[\r][\n]"
15:04:34.798 [main] DEBUG org.apache.http.headers - >> DELETE /api/categories/12510 HTTP/1.1
15:04:34.798 [main] DEBUG org.apache.http.headers - >> Accept: */*
15:04:34.798 [main] DEBUG org.apache.http.headers - >> Host: altashop-api.fly.dev
15:04:34.798 [main] DEBUG org.apache.http.headers - >> Connection: Keep-Alive
15:04:34.798 [main] DEBUG org.apache.http.headers - >> User-Agent: Apache-HttpClient/4.5.13 (Java/11.0.15.1)
15:04:34.798 [main] DEBUG org.apache.http.headers - >> Accept-Encoding: gzip,deflate
15:04:34.818 [main] DEBUG org.apache.http.wire -  << "HTTP/1.1 200 OK[\r][\n]"
15:04:34.818 [main] DEBUG org.apache.http.wire -  << "content-type: application/json[\r][\n]"
15:04:34.818 [main] DEBUG org.apache.http.wire -  << "date: Mon, 08 May 2023 08:04:34 GMT[\r][\n]"
15:04:34.818 [main] DEBUG org.apache.http.wire -  << "content-encoding: gzip[\r][\n]"
15:04:34.818 [main] DEBUG org.apache.http.wire -  << "transfer-encoding: chunked[\r][\n]"
15:04:34.818 [main] DEBUG org.apache.http.wire -  << "server: Fly/3f2597ca (2023-05-03)[\r][\n]"
15:04:34.818 [main] DEBUG org.apache.http.wire -  << "via: 1.1 fly.io[\r][\n]"
15:04:34.818 [main] DEBUG org.apache.http.wire -  << "fly-request-id: 01GZX683KQDM1VXKXXVY3T2152-sin[\r][\n]"
15:04:34.818 [main] DEBUG org.apache.http.wire -  << "[\r][\n]"
15:04:34.818 [main] DEBUG org.apache.http.impl.conn.DefaultClientConnection - Receiving response: HTTP/1.1 200 OK
15:04:34.818 [main] DEBUG org.apache.http.headers - << HTTP/1.1 200 OK
15:04:34.818 [main] DEBUG org.apache.http.headers - << content-type: application/json
15:04:34.818 [main] DEBUG org.apache.http.headers - << date: Mon, 08 May 2023 08:04:34 GMT
15:04:34.818 [main] DEBUG org.apache.http.headers - << content-encoding: gzip
15:04:34.818 [main] DEBUG org.apache.http.headers - << transfer-encoding: chunked
15:04:34.818 [main] DEBUG org.apache.http.headers - << server: Fly/3f2597ca (2023-05-03)
15:04:34.818 [main] DEBUG org.apache.http.headers - << via: 1.1 fly.io
15:04:34.818 [main] DEBUG org.apache.http.headers - << fly-request-id: 01GZX683KQDM1VXKXXVY3T2152-sin
15:04:34.818 [main] DEBUG org.apache.http.impl.client.DefaultHttpClient - Connection can be kept alive indefinitely
15:04:34.818 [main] DEBUG io.restassured.internal.RestAssuredHttpBuilder - Parsing response as: application/json
15:04:34.818 [main] DEBUG org.apache.http.wire -  << "22[\r][\n]"
15:04:34.818 [main] DEBUG org.apache.http.wire -  << "[0x1f][0x8b][0x8][0x0][0x0][0x0][0x0][0x0][0x4][0xff][0xab]VJI,IT[0xb2][0xca]+[0xcd][0xc9][0xa9][0xe5][0x2][0x0][0xa3][0xab][0x8f]W[0xe][0x0][0x0][0x0]"
15:04:34.818 [main] DEBUG org.apache.http.wire -  << "[\r][\n]"
15:04:34.818 [main] DEBUG org.apache.http.wire -  << "0[\r][\n]"
15:04:34.818 [main] DEBUG org.apache.http.wire -  << "[\r][\n]"
15:04:34.819 [main] DEBUG io.restassured.internal.RestAssuredHttpBuilder - Parsed data to instance of: class org.apache.http.conn.EofSensorInputStream
15:04:34.819 [main] DEBUG org.apache.http.impl.conn.BasicClientConnectionManager - Releasing connection org.apache.http.impl.conn.ManagedClientConnectionImpl@2d5d001f
15:04:34.819 [main] DEBUG org.apache.http.impl.conn.BasicClientConnectionManager - Connection can be kept alive indefinitely
15:04:34.820 [main] DEBUG net.thucydides.core.steps.StepInterceptor - STEP DONE: I send DEL HTTP request categories
  &amp#27;[32mWhen &amp#27;[0m&amp#27;[32mI send DEL HTTP request categories&amp#27;[0m                &amp#27;[90m# starter.stepdefinitions.CategoriesSteps.sendDelHttpRequestCategoriesDel()&amp#27;[0m
15:04:34.822 [main] DEBUG net.thucydides.core.steps.StepInterceptor - STARTING STEP: CategoriesSteps.receiveValidHttp200Categories - I receive valid HTTP response code 200 categories
15:04:34.822 [main] DEBUG net.thucydides.core.steps.StepInterceptor - STEP DONE: I receive valid HTTP response code 200 categories
  &amp#27;[32mThen &amp#27;[0m&amp#27;[32mI receive valid HTTP response code 200 categories&amp#27;[0m &amp#27;[90m# starter.stepdefinitions.CategoriesSteps.receiveValidHttp200Categories()&amp#27;[0m
15:04:34.823 [main] INFO  - 
  _____   ___   ___   _____     ___     _     ___   ___   ___   ___  
 |_   _| | __| / __| |_   _|   | _ \   /_\   / __| / __| | __| |   \ 
   | |   | _|  \__ \   | |     |  _/  / _ \  \__ \ \__ \ | _|  | |) |
   |_|   |___| |___/   |_|     |_|   /_/ \_\ |___/ |___/ |___| |___/ 

DEL - Delete category with ID
----------------------------------------------------------------------
]]></system-out>
  </testcase>
  <testcase name="DEL - Delete category with invalid ID" classname="Categories" time="0.092">
    <system-out><![CDATA[
Scenario: DEL - Delete category with invalid ID          &amp#27;[90m# src/test/resources/features/4. Categories.feature:37&amp#27;[0m
15:04:34.826 [main] DEBUG io.cucumber.core.plugin.SerenityReporter - Running feature from file:///E:/APIMinpro/API/minpro/src/test/resources/features/4.%20Categories.feature
15:04:34.828 [main] INFO  - 
  _____   ___   ___   _____     ___   _____     _     ___   _____   ___   ___  
 |_   _| | __| / __| |_   _|   / __| |_   _|   /_\   | _ \ |_   _| | __| |   \ 
   | |   | _|  \__ \   | |     \__ \   | |    / _ \  |   /   | |   | _|  | |) |
   |_|   |___| |___/   |_|     |___/   |_|   /_/ \_\ |_|_\   |_|   |___| |___/ 

DEL - Delete category with invalid ID(categories;del---delete-category-with-invalid-id)
--------------------------------------------------------------------------------
15:04:34.834 [main] DEBUG net.thucydides.core.steps.StepInterceptor - STARTING STEP: CategoriesSteps.setDelApiEndpoints2 - I set DEL api endpoints categories2
15:04:34.834 [main] DEBUG net.thucydides.core.steps.StepInterceptor - STEP DONE: I set DEL api endpoints categories2
  &amp#27;[32mGiven &amp#27;[0m&amp#27;[32mI set DEL api endpoints categories2&amp#27;[0m              &amp#27;[90m# starter.stepdefinitions.CategoriesSteps.setDelApiEndpoints2()&amp#27;[0m
15:04:34.837 [main] DEBUG net.thucydides.core.steps.StepInterceptor - STARTING STEP: CategoriesSteps.sendDelHttpRequestCategoriesDel2 - I send DEL HTTP request categories2
15:04:34.838 [main] DEBUG net.thucydides.core.steps.StepInterceptor - STARTING STEP: Categories.sendDelHttpRequestCategories2 - I set DEL api endpoints categories2
15:04:34.838 [main] DEBUG net.thucydides.core.steps.StepInterceptor - STEP DONE: I set DEL api endpoints categories2
15:04:34.844 [main] DEBUG org.apache.http.impl.conn.BasicClientConnectionManager - Get connection for route {s}->https://altashop-api.fly.dev:443
15:04:34.844 [main] DEBUG org.apache.http.impl.conn.DefaultClientConnectionOperator - Connecting to altashop-api.fly.dev:443
15:04:34.891 [main] DEBUG org.apache.http.client.protocol.RequestAddCookies - CookieSpec selected: ignoreCookies
15:04:34.891 [main] DEBUG org.apache.http.client.protocol.RequestAuthCache - Auth cache not set in the context
15:04:34.891 [main] DEBUG org.apache.http.client.protocol.RequestTargetAuthentication - Target auth state: UNCHALLENGED
15:04:34.891 [main] DEBUG org.apache.http.client.protocol.RequestProxyAuthentication - Proxy auth state: UNCHALLENGED
15:04:34.891 [main] DEBUG org.apache.http.impl.client.DefaultHttpClient - Attempt 1 to execute request
15:04:34.891 [main] DEBUG org.apache.http.impl.conn.DefaultClientConnection - Sending request: DELETE /api/categories/-12510 HTTP/1.1
15:04:34.891 [main] DEBUG org.apache.http.wire -  >> "DELETE /api/categories/-12510 HTTP/1.1[\r][\n]"
15:04:34.891 [main] DEBUG org.apache.http.wire -  >> "Accept: */*[\r][\n]"
15:04:34.891 [main] DEBUG org.apache.http.wire -  >> "Host: altashop-api.fly.dev[\r][\n]"
15:04:34.891 [main] DEBUG org.apache.http.wire -  >> "Connection: Keep-Alive[\r][\n]"
15:04:34.891 [main] DEBUG org.apache.http.wire -  >> "User-Agent: Apache-HttpClient/4.5.13 (Java/11.0.15.1)[\r][\n]"
15:04:34.891 [main] DEBUG org.apache.http.wire -  >> "Accept-Encoding: gzip,deflate[\r][\n]"
15:04:34.891 [main] DEBUG org.apache.http.wire -  >> "[\r][\n]"
15:04:34.891 [main] DEBUG org.apache.http.headers - >> DELETE /api/categories/-12510 HTTP/1.1
15:04:34.891 [main] DEBUG org.apache.http.headers - >> Accept: */*
15:04:34.891 [main] DEBUG org.apache.http.headers - >> Host: altashop-api.fly.dev
15:04:34.891 [main] DEBUG org.apache.http.headers - >> Connection: Keep-Alive
15:04:34.891 [main] DEBUG org.apache.http.headers - >> User-Agent: Apache-HttpClient/4.5.13 (Java/11.0.15.1)
15:04:34.891 [main] DEBUG org.apache.http.headers - >> Accept-Encoding: gzip,deflate
15:04:34.911 [main] DEBUG org.apache.http.wire -  << "HTTP/1.1 500 Internal Server Error[\r][\n]"
15:04:34.911 [main] DEBUG org.apache.http.wire -  << "content-type: application/json[\r][\n]"
15:04:34.911 [main] DEBUG org.apache.http.wire -  << "date: Mon, 08 May 2023 08:04:34 GMT[\r][\n]"
15:04:34.911 [main] DEBUG org.apache.http.wire -  << "content-encoding: gzip[\r][\n]"
15:04:34.911 [main] DEBUG org.apache.http.wire -  << "transfer-encoding: chunked[\r][\n]"
15:04:34.911 [main] DEBUG org.apache.http.wire -  << "server: Fly/3f2597ca (2023-05-03)[\r][\n]"
15:04:34.911 [main] DEBUG org.apache.http.wire -  << "via: 1.1 fly.io[\r][\n]"
15:04:34.911 [main] DEBUG org.apache.http.wire -  << "fly-request-id: 01GZX683PPANP15S5DQJS5EH49-sin[\r][\n]"
15:04:34.911 [main] DEBUG org.apache.http.wire -  << "[\r][\n]"
15:04:34.911 [main] DEBUG org.apache.http.impl.conn.DefaultClientConnection - Receiving response: HTTP/1.1 500 Internal Server Error
15:04:34.911 [main] DEBUG org.apache.http.headers - << HTTP/1.1 500 Internal Server Error
15:04:34.911 [main] DEBUG org.apache.http.headers - << content-type: application/json
15:04:34.911 [main] DEBUG org.apache.http.headers - << date: Mon, 08 May 2023 08:04:34 GMT
15:04:34.911 [main] DEBUG org.apache.http.headers - << content-encoding: gzip
15:04:34.911 [main] DEBUG org.apache.http.headers - << transfer-encoding: chunked
15:04:34.911 [main] DEBUG org.apache.http.headers - << server: Fly/3f2597ca (2023-05-03)
15:04:34.911 [main] DEBUG org.apache.http.headers - << via: 1.1 fly.io
15:04:34.911 [main] DEBUG org.apache.http.headers - << fly-request-id: 01GZX683PPANP15S5DQJS5EH49-sin
15:04:34.911 [main] DEBUG org.apache.http.impl.client.DefaultHttpClient - Connection can be kept alive indefinitely
15:04:34.911 [main] DEBUG io.restassured.internal.RestAssuredHttpBuilder - Parsing response as: application/json
15:04:34.911 [main] DEBUG org.apache.http.wire -  << "5C[\r][\n]"
15:04:34.911 [main] DEBUG org.apache.http.wire -  << "[0x1f][0x8b][0x8][0x0][0x0][0x0][0x0][0x0][0x4][0xff][0xab]VJ-*[0xca]/R[0xb2]R2[0xb4]01137110767[0xb0]45[0xb6]440S[0xc8],VH/JM,I-R([0xc9]H[0xcc]S[0xc8]M[0xac][0xc8][0xcc]-[0xcd]U(K[0xcc])MUH[0xcb]/R[0xf0][0xcc]+1Q[0xaa][0xe5][0x2][0x0]g[0xb3][0xb][0x10]H[0x0][0x0][0x0]"
15:04:34.911 [main] DEBUG org.apache.http.wire -  << "[\r][\n]"
15:04:34.911 [main] DEBUG org.apache.http.wire -  << "0[\r][\n]"
15:04:34.911 [main] DEBUG org.apache.http.wire -  << "[\r][\n]"
15:04:34.911 [main] DEBUG io.restassured.internal.RestAssuredHttpBuilder - Parsed data to instance of: class org.apache.http.conn.EofSensorInputStream
15:04:34.912 [main] DEBUG org.apache.http.impl.conn.BasicClientConnectionManager - Releasing connection org.apache.http.impl.conn.ManagedClientConnectionImpl@6987b74e
15:04:34.912 [main] DEBUG org.apache.http.impl.conn.BasicClientConnectionManager - Connection can be kept alive indefinitely
15:04:34.912 [main] DEBUG net.thucydides.core.steps.StepInterceptor - STEP DONE: I send DEL HTTP request categories2
  &amp#27;[32mWhen &amp#27;[0m&amp#27;[32mI send DEL HTTP request categories2&amp#27;[0m               &amp#27;[90m# starter.stepdefinitions.CategoriesSteps.sendDelHttpRequestCategoriesDel2()&amp#27;[0m
15:04:34.914 [main] DEBUG net.thucydides.core.steps.StepInterceptor - STARTING STEP: CategoriesSteps.receiveValidHttp500Categories - I receive valid HTTP response code 500 categories
15:04:34.914 [main] DEBUG net.thucydides.core.steps.StepInterceptor - STEP DONE: I receive valid HTTP response code 500 categories
  &amp#27;[32mThen &amp#27;[0m&amp#27;[32mI receive valid HTTP response code 500 categories&amp#27;[0m &amp#27;[90m# starter.stepdefinitions.CategoriesSteps.receiveValidHttp500Categories()&amp#27;[0m
15:04:34.915 [main] INFO  - 
  _____   ___   ___   _____     ___     _     ___   ___   ___   ___  
 |_   _| | __| / __| |_   _|   | _ \   /_\   / __| / __| | __| |   \ 
   | |   | _|  \__ \   | |     |  _/  / _ \  \__ \ \__ \ | _|  | |) |
   |_|   |___| |___/   |_|     |_|   /_/ \_\ |___/ |___/ |___| |___/ 

DEL - Delete category with invalid ID
----------------------------------------------------------------------
]]></system-out>
  </testcase>
  <testcase name="POST - Add new product product" classname="Product" time="0.102">
    <system-out><![CDATA[15:04:34.916 [main] DEBUG io.cucumber.core.plugin.SerenityReporter - Running feature from file:///E:/APIMinpro/API/minpro/src/test/resources/features/5.%20Product.feature
15:04:34.917 [main] DEBUG net.thucydides.core.steps.StepEventBus - Test suite started for story net.thucydides.core.model.Story@5c78189e
15:04:34.917 [main] INFO  - Test Suite Started: Product

Scenario: POST - Add new product product              &amp#27;[90m# src/test/resources/features/5. Product.feature:7&amp#27;[0m
15:04:34.920 [main] DEBUG io.cucumber.core.plugin.SerenityReporter - Running feature from file:///E:/APIMinpro/API/minpro/src/test/resources/features/5.%20Product.feature
15:04:34.921 [main] INFO  - 
  _____   ___   ___   _____     ___   _____     _     ___   _____   ___   ___  
 |_   _| | __| / __| |_   _|   / __| |_   _|   /_\   | _ \ |_   _| | __| |   \ 
   | |   | _|  \__ \   | |     \__ \   | |    / _ \  |   /   | |   | _|  | |) |
   |_|   |___| |___/   |_|     |___/   |_|   /_/ \_\ |_|_\   |_|   |___| |___/ 

POST - Add new product product(product;post---add-new-product-product)
--------------------------------------------------------------------------------
15:04:34.933 [main] DEBUG net.thucydides.core.steps.StepInterceptor - STARTING STEP: ProductSteps.setPostApiEndpointsProduct - I set POST api endpoints product
15:04:34.933 [main] DEBUG net.thucydides.core.steps.StepInterceptor - STEP DONE: I set POST api endpoints product
  &amp#27;[32mGiven &amp#27;[0m&amp#27;[32mI set POST api endpoints product&amp#27;[0m              &amp#27;[90m# starter.stepdefinitions.ProductSteps.setPostApiEndpointsProduct()&amp#27;[0m
15:04:34.935 [main] DEBUG net.thucydides.core.steps.StepInterceptor - STARTING STEP: ProductSteps.sendPostHttpRequestProduct - I send POST HTTP request product
15:04:34.938 [main] DEBUG net.thucydides.core.steps.StepInterceptor - STARTING STEP: Product.sendPostHttpRequestProduct - I set POST api endpoints product
15:04:34.938 [main] DEBUG net.thucydides.core.steps.StepInterceptor - STEP DONE: I set POST api endpoints product
15:04:34.944 [main] DEBUG org.apache.http.impl.conn.BasicClientConnectionManager - Get connection for route {s}->https://altashop-api.fly.dev:443
15:04:34.944 [main] DEBUG org.apache.http.impl.conn.DefaultClientConnectionOperator - Connecting to altashop-api.fly.dev:443
15:04:34.987 [main] DEBUG org.apache.http.client.protocol.RequestAddCookies - CookieSpec selected: ignoreCookies
15:04:34.987 [main] DEBUG org.apache.http.client.protocol.RequestAuthCache - Auth cache not set in the context
15:04:34.987 [main] DEBUG org.apache.http.client.protocol.RequestTargetAuthentication - Target auth state: UNCHALLENGED
15:04:34.987 [main] DEBUG org.apache.http.client.protocol.RequestProxyAuthentication - Proxy auth state: UNCHALLENGED
15:04:34.987 [main] DEBUG org.apache.http.impl.client.DefaultHttpClient - Attempt 1 to execute request
15:04:34.987 [main] DEBUG org.apache.http.impl.conn.DefaultClientConnection - Sending request: POST /api/products HTTP/1.1
15:04:34.987 [main] DEBUG org.apache.http.wire -  >> "POST /api/products HTTP/1.1[\r][\n]"
15:04:34.987 [main] DEBUG org.apache.http.wire -  >> "Accept: */*[\r][\n]"
15:04:34.987 [main] DEBUG org.apache.http.wire -  >> "Content-Type: application/json[\r][\n]"
15:04:34.987 [main] DEBUG org.apache.http.wire -  >> "Content-Length: 76[\r][\n]"
15:04:34.987 [main] DEBUG org.apache.http.wire -  >> "Host: altashop-api.fly.dev[\r][\n]"
15:04:34.987 [main] DEBUG org.apache.http.wire -  >> "Connection: Keep-Alive[\r][\n]"
15:04:34.987 [main] DEBUG org.apache.http.wire -  >> "User-Agent: Apache-HttpClient/4.5.13 (Java/11.0.15.1)[\r][\n]"
15:04:34.987 [main] DEBUG org.apache.http.wire -  >> "Accept-Encoding: gzip,deflate[\r][\n]"
15:04:34.987 [main] DEBUG org.apache.http.wire -  >> "[\r][\n]"
15:04:34.987 [main] DEBUG org.apache.http.headers - >> POST /api/products HTTP/1.1
15:04:34.987 [main] DEBUG org.apache.http.headers - >> Accept: */*
15:04:34.987 [main] DEBUG org.apache.http.headers - >> Content-Type: application/json
15:04:34.987 [main] DEBUG org.apache.http.headers - >> Content-Length: 76
15:04:34.987 [main] DEBUG org.apache.http.headers - >> Host: altashop-api.fly.dev
15:04:34.987 [main] DEBUG org.apache.http.headers - >> Connection: Keep-Alive
15:04:34.987 [main] DEBUG org.apache.http.headers - >> User-Agent: Apache-HttpClient/4.5.13 (Java/11.0.15.1)
15:04:34.987 [main] DEBUG org.apache.http.headers - >> Accept-Encoding: gzip,deflate
15:04:34.987 [main] DEBUG org.apache.http.wire -  >> "{"price":499,"name":"XBOX1","description":"For gaming","categories":[12541]}"
15:04:35.010 [main] DEBUG org.apache.http.wire -  << "HTTP/1.1 200 OK[\r][\n]"
15:04:35.010 [main] DEBUG org.apache.http.wire -  << "content-type: application/json[\r][\n]"
15:04:35.010 [main] DEBUG org.apache.http.wire -  << "date: Mon, 08 May 2023 08:04:34 GMT[\r][\n]"
15:04:35.010 [main] DEBUG org.apache.http.wire -  << "content-encoding: gzip[\r][\n]"
15:04:35.010 [main] DEBUG org.apache.http.wire -  << "transfer-encoding: chunked[\r][\n]"
15:04:35.010 [main] DEBUG org.apache.http.wire -  << "server: Fly/3f2597ca (2023-05-03)[\r][\n]"
15:04:35.010 [main] DEBUG org.apache.http.wire -  << "via: 1.1 fly.io[\r][\n]"
15:04:35.010 [main] DEBUG org.apache.http.wire -  << "fly-request-id: 01GZX683SNZNJ65VB4JJSFVK5C-sin[\r][\n]"
15:04:35.010 [main] DEBUG org.apache.http.wire -  << "[\r][\n]"
15:04:35.010 [main] DEBUG org.apache.http.impl.conn.DefaultClientConnection - Receiving response: HTTP/1.1 200 OK
15:04:35.010 [main] DEBUG org.apache.http.headers - << HTTP/1.1 200 OK
15:04:35.010 [main] DEBUG org.apache.http.headers - << content-type: application/json
15:04:35.010 [main] DEBUG org.apache.http.headers - << date: Mon, 08 May 2023 08:04:34 GMT
15:04:35.010 [main] DEBUG org.apache.http.headers - << content-encoding: gzip
15:04:35.010 [main] DEBUG org.apache.http.headers - << transfer-encoding: chunked
15:04:35.010 [main] DEBUG org.apache.http.headers - << server: Fly/3f2597ca (2023-05-03)
15:04:35.010 [main] DEBUG org.apache.http.headers - << via: 1.1 fly.io
15:04:35.010 [main] DEBUG org.apache.http.headers - << fly-request-id: 01GZX683SNZNJ65VB4JJSFVK5C-sin
15:04:35.010 [main] DEBUG org.apache.http.impl.client.DefaultHttpClient - Connection can be kept alive indefinitely
15:04:35.010 [main] DEBUG io.restassured.internal.RestAssuredHttpBuilder - Parsing response as: application/json
15:04:35.010 [main] DEBUG org.apache.http.wire -  << "94[\r][\n]"
15:04:35.010 [main] DEBUG org.apache.http.wire -  << "[0x1f][0x8b][0x8][0x0][0x0][0x0][0x0][0x0][0x4][0xff][0xab]VJI,IT[0xb2][0xaa]V[0xf2]tQ[0xb2]241[0xb2]4[0xd1]Q[0xf2]K[0xcc]MU[0xb2]R[0x8a]p[0xf2][0x8f]0T[0xd2]QrI-N.[0xca],([0xc9][0xcc][0xcf]S[0xb2]Rr[0xcb]/RHO[0xcc][0xcd][0xcc]KW[0xd2]Q[\n]"
15:04:35.010 [main] DEBUG org.apache.http.wire -  << "([0xca]LNU[0xb2]2[0xb1][0xb4][0xd4]Q[\n]"
15:04:35.010 [main] DEBUG org.apache.http.wire -  << "J,[0xc9][0xcc]K/V[0xb2]2[0xd0]QrN,IM[0xcf]/[0xca]L-V[0xb2][0x8a][0x86][0x9a]mdjb[0x8]7[0xdb][0x1d]f[0x2].[0xc3][0x15][\n]"
15:04:35.010 [main] DEBUG org.apache.http.wire -  << "J[0x8b][\n]"
15:04:35.010 [main] DEBUG org.apache.http.wire -  << "[0xf2][0x8b]S[0x8b][0x95]jckk[0xb9][0x0][0x98]mEb[0xa8][0x0][0x0][0x0]"
15:04:35.010 [main] DEBUG org.apache.http.wire -  << "[\r][\n]"
15:04:35.010 [main] DEBUG org.apache.http.wire -  << "0[\r][\n]"
15:04:35.010 [main] DEBUG org.apache.http.wire -  << "[\r][\n]"
15:04:35.010 [main] DEBUG io.restassured.internal.RestAssuredHttpBuilder - Parsed data to instance of: class org.apache.http.conn.EofSensorInputStream
15:04:35.012 [main] DEBUG org.apache.http.impl.conn.BasicClientConnectionManager - Releasing connection org.apache.http.impl.conn.ManagedClientConnectionImpl@411ae0d7
15:04:35.012 [main] DEBUG org.apache.http.impl.conn.BasicClientConnectionManager - Connection can be kept alive indefinitely
15:04:35.012 [main] DEBUG net.thucydides.core.steps.StepInterceptor - STEP DONE: I send POST HTTP request product
  &amp#27;[32mWhen &amp#27;[0m&amp#27;[32mI send POST HTTP request product&amp#27;[0m               &amp#27;[90m# starter.stepdefinitions.ProductSteps.sendPostHttpRequestProduct()&amp#27;[0m
15:04:35.016 [main] DEBUG net.thucydides.core.steps.StepInterceptor - STARTING STEP: ProductSteps.receiveValidHttp200Product - I receive valid HTTP response code 200 product
15:04:35.017 [main] DEBUG net.thucydides.core.steps.StepInterceptor - STEP DONE: I receive valid HTTP response code 200 product
  &amp#27;[32mThen &amp#27;[0m&amp#27;[32mI receive valid HTTP response code 200 product&amp#27;[0m &amp#27;[90m# starter.stepdefinitions.ProductSteps.receiveValidHttp200Product()&amp#27;[0m
15:04:35.019 [main] INFO  - 
  _____   ___   ___   _____     ___     _     ___   ___   ___   ___  
 |_   _| | __| / __| |_   _|   | _ \   /_\   / __| / __| | __| |   \ 
   | |   | _|  \__ \   | |     |  _/  / _ \  \__ \ \__ \ | _|  | |) |
   |_|   |___| |___/   |_|     |_|   /_/ \_\ |___/ |___/ |___| |___/ 

POST - Add new product product
----------------------------------------------------------------------
]]></system-out>
  </testcase>
  <testcase name="POST - Add new product without fill name" classname="Product" time="0.1">
    <system-out><![CDATA[
Scenario: POST - Add new product without fill name    &amp#27;[90m# src/test/resources/features/5. Product.feature:12&amp#27;[0m
15:04:35.023 [main] DEBUG io.cucumber.core.plugin.SerenityReporter - Running feature from file:///E:/APIMinpro/API/minpro/src/test/resources/features/5.%20Product.feature
15:04:35.024 [main] INFO  - 
  _____   ___   ___   _____     ___   _____     _     ___   _____   ___   ___  
 |_   _| | __| / __| |_   _|   / __| |_   _|   /_\   | _ \ |_   _| | __| |   \ 
   | |   | _|  \__ \   | |     \__ \   | |    / _ \  |   /   | |   | _|  | |) |
   |_|   |___| |___/   |_|     |___/   |_|   /_/ \_\ |_|_\   |_|   |___| |___/ 

POST - Add new product without fill name(product;post---add-new-product-without-fill-name)
--------------------------------------------------------------------------------
15:04:35.031 [main] DEBUG net.thucydides.core.steps.StepInterceptor - STARTING STEP: ProductSteps.setPostApiEndpointsProduct - I set POST api endpoints product
15:04:35.032 [main] DEBUG net.thucydides.core.steps.StepInterceptor - STEP DONE: I set POST api endpoints product
  &amp#27;[32mGiven &amp#27;[0m&amp#27;[32mI set POST api endpoints product&amp#27;[0m              &amp#27;[90m# starter.stepdefinitions.ProductSteps.setPostApiEndpointsProduct()&amp#27;[0m
15:04:35.034 [main] DEBUG net.thucydides.core.steps.StepInterceptor - STARTING STEP: ProductSteps.sendPostHttpRequestProduct2 - I send POST HTTP request product2
15:04:35.035 [main] DEBUG net.thucydides.core.steps.StepInterceptor - STARTING STEP: Product.sendPostHttpRequestProduct2 - I set POST api endpoints product
15:04:35.035 [main] DEBUG net.thucydides.core.steps.StepInterceptor - STEP DONE: I set POST api endpoints product
15:04:35.043 [main] DEBUG org.apache.http.impl.conn.BasicClientConnectionManager - Get connection for route {s}->https://altashop-api.fly.dev:443
15:04:35.043 [main] DEBUG org.apache.http.impl.conn.DefaultClientConnectionOperator - Connecting to altashop-api.fly.dev:443
15:04:35.088 [main] DEBUG org.apache.http.client.protocol.RequestAddCookies - CookieSpec selected: ignoreCookies
15:04:35.088 [main] DEBUG org.apache.http.client.protocol.RequestAuthCache - Auth cache not set in the context
15:04:35.088 [main] DEBUG org.apache.http.client.protocol.RequestTargetAuthentication - Target auth state: UNCHALLENGED
15:04:35.088 [main] DEBUG org.apache.http.client.protocol.RequestProxyAuthentication - Proxy auth state: UNCHALLENGED
15:04:35.088 [main] DEBUG org.apache.http.impl.client.DefaultHttpClient - Attempt 1 to execute request
15:04:35.088 [main] DEBUG org.apache.http.impl.conn.DefaultClientConnection - Sending request: POST /api/products HTTP/1.1
15:04:35.088 [main] DEBUG org.apache.http.wire -  >> "POST /api/products HTTP/1.1[\r][\n]"
15:04:35.088 [main] DEBUG org.apache.http.wire -  >> "Accept: */*[\r][\n]"
15:04:35.088 [main] DEBUG org.apache.http.wire -  >> "Content-Type: application/json[\r][\n]"
15:04:35.088 [main] DEBUG org.apache.http.wire -  >> "Content-Length: 71[\r][\n]"
15:04:35.088 [main] DEBUG org.apache.http.wire -  >> "Host: altashop-api.fly.dev[\r][\n]"
15:04:35.088 [main] DEBUG org.apache.http.wire -  >> "Connection: Keep-Alive[\r][\n]"
15:04:35.088 [main] DEBUG org.apache.http.wire -  >> "User-Agent: Apache-HttpClient/4.5.13 (Java/11.0.15.1)[\r][\n]"
15:04:35.088 [main] DEBUG org.apache.http.wire -  >> "Accept-Encoding: gzip,deflate[\r][\n]"
15:04:35.088 [main] DEBUG org.apache.http.wire -  >> "[\r][\n]"
15:04:35.088 [main] DEBUG org.apache.http.headers - >> POST /api/products HTTP/1.1
15:04:35.088 [main] DEBUG org.apache.http.headers - >> Accept: */*
15:04:35.088 [main] DEBUG org.apache.http.headers - >> Content-Type: application/json
15:04:35.088 [main] DEBUG org.apache.http.headers - >> Content-Length: 71
15:04:35.088 [main] DEBUG org.apache.http.headers - >> Host: altashop-api.fly.dev
15:04:35.088 [main] DEBUG org.apache.http.headers - >> Connection: Keep-Alive
15:04:35.088 [main] DEBUG org.apache.http.headers - >> User-Agent: Apache-HttpClient/4.5.13 (Java/11.0.15.1)
15:04:35.088 [main] DEBUG org.apache.http.headers - >> Accept-Encoding: gzip,deflate
15:04:35.088 [main] DEBUG org.apache.http.wire -  >> "{"price":499,"name":"","description":"For gaming","categories":[12541]}"
15:04:35.114 [main] DEBUG org.apache.http.wire -  << "HTTP/1.1 500 Internal Server Error[\r][\n]"
15:04:35.114 [main] DEBUG org.apache.http.wire -  << "content-type: application/json[\r][\n]"
15:04:35.114 [main] DEBUG org.apache.http.wire -  << "date: Mon, 08 May 2023 08:04:34 GMT[\r][\n]"
15:04:35.114 [main] DEBUG org.apache.http.wire -  << "content-encoding: gzip[\r][\n]"
15:04:35.114 [main] DEBUG org.apache.http.wire -  << "transfer-encoding: chunked[\r][\n]"
15:04:35.114 [main] DEBUG org.apache.http.wire -  << "server: Fly/3f2597ca (2023-05-03)[\r][\n]"
15:04:35.114 [main] DEBUG org.apache.http.wire -  << "via: 1.1 fly.io[\r][\n]"
15:04:35.114 [main] DEBUG org.apache.http.wire -  << "fly-request-id: 01GZX683WVDFG36SFNWK9TRZCG-sin[\r][\n]"
15:04:35.114 [main] DEBUG org.apache.http.wire -  << "[\r][\n]"
15:04:35.114 [main] DEBUG org.apache.http.impl.conn.DefaultClientConnection - Receiving response: HTTP/1.1 500 Internal Server Error
15:04:35.114 [main] DEBUG org.apache.http.headers - << HTTP/1.1 500 Internal Server Error
15:04:35.114 [main] DEBUG org.apache.http.headers - << content-type: application/json
15:04:35.114 [main] DEBUG org.apache.http.headers - << date: Mon, 08 May 2023 08:04:34 GMT
15:04:35.114 [main] DEBUG org.apache.http.headers - << content-encoding: gzip
15:04:35.114 [main] DEBUG org.apache.http.headers - << transfer-encoding: chunked
15:04:35.114 [main] DEBUG org.apache.http.headers - << server: Fly/3f2597ca (2023-05-03)
15:04:35.114 [main] DEBUG org.apache.http.headers - << via: 1.1 fly.io
15:04:35.114 [main] DEBUG org.apache.http.headers - << fly-request-id: 01GZX683WVDFG36SFNWK9TRZCG-sin
15:04:35.114 [main] DEBUG org.apache.http.impl.client.DefaultHttpClient - Connection can be kept alive indefinitely
15:04:35.114 [main] DEBUG io.restassured.internal.RestAssuredHttpBuilder - Parsing response as: application/json
15:04:35.114 [main] DEBUG org.apache.http.wire -  << "80[\r][\n]"
15:04:35.114 [main] DEBUG org.apache.http.wire -  << "[0x1f][0x8b][0x8][0x0][0x0][0x0][0x0][0x0][0x4][0xff][0xab]VJ-*[0xca]/R[0xb2]Rr[\r][\n]"
15:04:35.114 [main] DEBUG org.apache.http.wire -  << "[0xf2][0xf][0xb2]R[0xc8]K-W([0xca]/WH[0xcb]/R(J[0xcd]I,[0xc9][0xcc][0xcf]S[0x88]Q*([0xca]O)M.)[0x8e]QR([0xcb][0xcc][0xcf]I,I-VH[0xce]HM[0xce]VH[0xce][0xcf]+.)J[0xcc][0xcc]+AR[0x16][0x9f][0x97][0x98][0x9b][0x1a][0xf]V[0x10][0xa3][0xa4][0xa0][0x11][0x1c][0xe8][0x13][0x1c][0xe2][0x18][0xe2][0xaa]`dljh[0xa2][0xa9]T[0xcb][0x5][0x0]5m[0xa8][0xef]x[0x0][0x0][0x0]"
15:04:35.114 [main] DEBUG org.apache.http.wire -  << "[\r][\n]"
15:04:35.114 [main] DEBUG org.apache.http.wire -  << "0[\r][\n]"
15:04:35.114 [main] DEBUG org.apache.http.wire -  << "[\r][\n]"
15:04:35.114 [main] DEBUG io.restassured.internal.RestAssuredHttpBuilder - Parsed data to instance of: class org.apache.http.conn.EofSensorInputStream
15:04:35.115 [main] DEBUG org.apache.http.impl.conn.BasicClientConnectionManager - Releasing connection org.apache.http.impl.conn.ManagedClientConnectionImpl@58e4aa67
15:04:35.115 [main] DEBUG org.apache.http.impl.conn.BasicClientConnectionManager - Connection can be kept alive indefinitely
15:04:35.115 [main] DEBUG net.thucydides.core.steps.StepInterceptor - STEP DONE: I send POST HTTP request product2
  &amp#27;[32mWhen &amp#27;[0m&amp#27;[32mI send POST HTTP request product2&amp#27;[0m              &amp#27;[90m# starter.stepdefinitions.ProductSteps.sendPostHttpRequestProduct2()&amp#27;[0m
15:04:35.118 [main] DEBUG net.thucydides.core.steps.StepInterceptor - STARTING STEP: ProductSteps.receiveValidHttp500Product - I receive valid HTTP response code 500 product
15:04:35.118 [main] DEBUG net.thucydides.core.steps.StepInterceptor - STEP DONE: I receive valid HTTP response code 500 product
  &amp#27;[32mThen &amp#27;[0m&amp#27;[32mI receive valid HTTP response code 500 product&amp#27;[0m &amp#27;[90m# starter.stepdefinitions.ProductSteps.receiveValidHttp500Product()&amp#27;[0m
15:04:35.120 [main] INFO  - 
  _____   ___   ___   _____     ___     _     ___   ___   ___   ___  
 |_   _| | __| / __| |_   _|   | _ \   /_\   / __| / __| | __| |   \ 
   | |   | _|  \__ \   | |     |  _/  / _ \  \__ \ \__ \ | _|  | |) |
   |_|   |___| |___/   |_|     |_|   /_/ \_\ |___/ |___/ |___| |___/ 

POST - Add new product without fill name
----------------------------------------------------------------------
]]></system-out>
  </testcase>
  <testcase name="POST - Add new product without fill description" classname="Product" time="0.094">
    <system-out><![CDATA[
Scenario: POST - Add new product without fill description &amp#27;[90m# src/test/resources/features/5. Product.feature:17&amp#27;[0m
15:04:35.122 [main] DEBUG io.cucumber.core.plugin.SerenityReporter - Running feature from file:///E:/APIMinpro/API/minpro/src/test/resources/features/5.%20Product.feature
15:04:35.124 [main] INFO  - 
  _____   ___   ___   _____     ___   _____     _     ___   _____   ___   ___  
 |_   _| | __| / __| |_   _|   / __| |_   _|   /_\   | _ \ |_   _| | __| |   \ 
   | |   | _|  \__ \   | |     \__ \   | |    / _ \  |   /   | |   | _|  | |) |
   |_|   |___| |___/   |_|     |___/   |_|   /_/ \_\ |_|_\   |_|   |___| |___/ 

POST - Add new product without fill description(product;post---add-new-product-without-fill-description)
--------------------------------------------------------------------------------
15:04:35.130 [main] DEBUG net.thucydides.core.steps.StepInterceptor - STARTING STEP: ProductSteps.setPostApiEndpointsProduct - I set POST api endpoints product
15:04:35.130 [main] DEBUG net.thucydides.core.steps.StepInterceptor - STEP DONE: I set POST api endpoints product
  &amp#27;[32mGiven &amp#27;[0m&amp#27;[32mI set POST api endpoints product&amp#27;[0m                  &amp#27;[90m# starter.stepdefinitions.ProductSteps.setPostApiEndpointsProduct()&amp#27;[0m
15:04:35.132 [main] DEBUG net.thucydides.core.steps.StepInterceptor - STARTING STEP: ProductSteps.sendPostHttpRequestProduct3 - I send POST HTTP request product3
15:04:35.133 [main] DEBUG net.thucydides.core.steps.StepInterceptor - STARTING STEP: Product.sendPostHttpRequestProduct3 - I set POST api endpoints product
15:04:35.133 [main] DEBUG net.thucydides.core.steps.StepInterceptor - STEP DONE: I set POST api endpoints product
15:04:35.138 [main] DEBUG org.apache.http.impl.conn.BasicClientConnectionManager - Get connection for route {s}->https://altashop-api.fly.dev:443
15:04:35.138 [main] DEBUG org.apache.http.impl.conn.DefaultClientConnectionOperator - Connecting to altashop-api.fly.dev:443
15:04:35.185 [main] DEBUG org.apache.http.client.protocol.RequestAddCookies - CookieSpec selected: ignoreCookies
15:04:35.185 [main] DEBUG org.apache.http.client.protocol.RequestAuthCache - Auth cache not set in the context
15:04:35.185 [main] DEBUG org.apache.http.client.protocol.RequestTargetAuthentication - Target auth state: UNCHALLENGED
15:04:35.185 [main] DEBUG org.apache.http.client.protocol.RequestProxyAuthentication - Proxy auth state: UNCHALLENGED
15:04:35.185 [main] DEBUG org.apache.http.impl.client.DefaultHttpClient - Attempt 1 to execute request
15:04:35.185 [main] DEBUG org.apache.http.impl.conn.DefaultClientConnection - Sending request: POST /api/products HTTP/1.1
15:04:35.185 [main] DEBUG org.apache.http.wire -  >> "POST /api/products HTTP/1.1[\r][\n]"
15:04:35.185 [main] DEBUG org.apache.http.wire -  >> "Accept: */*[\r][\n]"
15:04:35.185 [main] DEBUG org.apache.http.wire -  >> "Content-Type: application/json[\r][\n]"
15:04:35.185 [main] DEBUG org.apache.http.wire -  >> "Content-Length: 66[\r][\n]"
15:04:35.185 [main] DEBUG org.apache.http.wire -  >> "Host: altashop-api.fly.dev[\r][\n]"
15:04:35.185 [main] DEBUG org.apache.http.wire -  >> "Connection: Keep-Alive[\r][\n]"
15:04:35.185 [main] DEBUG org.apache.http.wire -  >> "User-Agent: Apache-HttpClient/4.5.13 (Java/11.0.15.1)[\r][\n]"
15:04:35.185 [main] DEBUG org.apache.http.wire -  >> "Accept-Encoding: gzip,deflate[\r][\n]"
15:04:35.185 [main] DEBUG org.apache.http.wire -  >> "[\r][\n]"
15:04:35.185 [main] DEBUG org.apache.http.headers - >> POST /api/products HTTP/1.1
15:04:35.185 [main] DEBUG org.apache.http.headers - >> Accept: */*
15:04:35.185 [main] DEBUG org.apache.http.headers - >> Content-Type: application/json
15:04:35.185 [main] DEBUG org.apache.http.headers - >> Content-Length: 66
15:04:35.185 [main] DEBUG org.apache.http.headers - >> Host: altashop-api.fly.dev
15:04:35.185 [main] DEBUG org.apache.http.headers - >> Connection: Keep-Alive
15:04:35.185 [main] DEBUG org.apache.http.headers - >> User-Agent: Apache-HttpClient/4.5.13 (Java/11.0.15.1)
15:04:35.185 [main] DEBUG org.apache.http.headers - >> Accept-Encoding: gzip,deflate
15:04:35.185 [main] DEBUG org.apache.http.wire -  >> "{"price":499,"name":"XBOX1","description":"","categories":[12541]}"
15:04:35.208 [main] DEBUG org.apache.http.wire -  << "HTTP/1.1 200 OK[\r][\n]"
15:04:35.209 [main] DEBUG org.apache.http.wire -  << "content-type: application/json[\r][\n]"
15:04:35.209 [main] DEBUG org.apache.http.wire -  << "date: Mon, 08 May 2023 08:04:34 GMT[\r][\n]"
15:04:35.209 [main] DEBUG org.apache.http.wire -  << "content-encoding: gzip[\r][\n]"
15:04:35.209 [main] DEBUG org.apache.http.wire -  << "transfer-encoding: chunked[\r][\n]"
15:04:35.209 [main] DEBUG org.apache.http.wire -  << "server: Fly/3f2597ca (2023-05-03)[\r][\n]"
15:04:35.209 [main] DEBUG org.apache.http.wire -  << "via: 1.1 fly.io[\r][\n]"
15:04:35.209 [main] DEBUG org.apache.http.wire -  << "fly-request-id: 01GZX683ZXQMCYJ0B17VAEKV2X-sin[\r][\n]"
15:04:35.209 [main] DEBUG org.apache.http.wire -  << "[\r][\n]"
15:04:35.209 [main] DEBUG org.apache.http.impl.conn.DefaultClientConnection - Receiving response: HTTP/1.1 200 OK
15:04:35.209 [main] DEBUG org.apache.http.headers - << HTTP/1.1 200 OK
15:04:35.209 [main] DEBUG org.apache.http.headers - << content-type: application/json
15:04:35.209 [main] DEBUG org.apache.http.headers - << date: Mon, 08 May 2023 08:04:34 GMT
15:04:35.209 [main] DEBUG org.apache.http.headers - << content-encoding: gzip
15:04:35.209 [main] DEBUG org.apache.http.headers - << transfer-encoding: chunked
15:04:35.209 [main] DEBUG org.apache.http.headers - << server: Fly/3f2597ca (2023-05-03)
15:04:35.209 [main] DEBUG org.apache.http.headers - << via: 1.1 fly.io
15:04:35.209 [main] DEBUG org.apache.http.headers - << fly-request-id: 01GZX683ZXQMCYJ0B17VAEKV2X-sin
15:04:35.209 [main] DEBUG org.apache.http.impl.client.DefaultHttpClient - Connection can be kept alive indefinitely
15:04:35.209 [main] DEBUG io.restassured.internal.RestAssuredHttpBuilder - Parsing response as: application/json
15:04:35.209 [main] DEBUG org.apache.http.wire -  << "94[\r][\n]"
15:04:35.209 [main] DEBUG org.apache.http.wire -  << "[0x1f][0x8b][0x8][0x0][0x0][0x0][0x0][0x0][0x4][0xff][0xab]VJI,IT[0xb2][0xaa]V[0xf2]tQ[0xb2]241[0xb2]4[0xd3]Q[0xf2]K[0xcc]MU[0xb2]R[0x8a]p[0xf2][0x8f]0T[0xd2]QrI-N.[0xca],([0xc9][0xcc][0xcf]S[0xb2]RR[0xd2]Q[\n]"
15:04:35.209 [main] DEBUG org.apache.http.wire -  << "([0xca]LNU[0xb2]2[0xb1][0xb4][0xd4]Q[\n]"
15:04:35.209 [main] DEBUG org.apache.http.wire -  << "J,[0xc9][0xcc]K/V[0xb2]2[0xd0]QrN,IM[0xcf]/[0xca]L-V[0xb2][0x8a][0x86][0x9a]hdjb[0x8]7[0xd1]=173/[0x1d][0xc3]H[0xb7][0xfc]"[0x85]t[0xb0][0x94]BAiQA~qj[0xb1]Rmlm-[0x17][0x0]q[0xa3]fa[0x9e][0x0][0x0][0x0]"
15:04:35.209 [main] DEBUG org.apache.http.wire -  << "[\r][\n]"
15:04:35.209 [main] DEBUG org.apache.http.wire -  << "0[\r][\n]"
15:04:35.209 [main] DEBUG org.apache.http.wire -  << "[\r][\n]"
15:04:35.209 [main] DEBUG io.restassured.internal.RestAssuredHttpBuilder - Parsed data to instance of: class org.apache.http.conn.EofSensorInputStream
15:04:35.210 [main] DEBUG org.apache.http.impl.conn.BasicClientConnectionManager - Releasing connection org.apache.http.impl.conn.ManagedClientConnectionImpl@2c51c756
15:04:35.210 [main] DEBUG org.apache.http.impl.conn.BasicClientConnectionManager - Connection can be kept alive indefinitely
15:04:35.210 [main] DEBUG net.thucydides.core.steps.StepInterceptor - STEP DONE: I send POST HTTP request product3
  &amp#27;[32mWhen &amp#27;[0m&amp#27;[32mI send POST HTTP request product3&amp#27;[0m                  &amp#27;[90m# starter.stepdefinitions.ProductSteps.sendPostHttpRequestProduct3()&amp#27;[0m
15:04:35.212 [main] DEBUG net.thucydides.core.steps.StepInterceptor - STARTING STEP: ProductSteps.receiveValidHttp200Product - I receive valid HTTP response code 200 product
15:04:35.212 [main] DEBUG net.thucydides.core.steps.StepInterceptor - STEP DONE: I receive valid HTTP response code 200 product
  &amp#27;[32mThen &amp#27;[0m&amp#27;[32mI receive valid HTTP response code 200 product&amp#27;[0m     &amp#27;[90m# starter.stepdefinitions.ProductSteps.receiveValidHttp200Product()&amp#27;[0m
15:04:35.213 [main] INFO  - 
  _____   ___   ___   _____     ___     _     ___   ___   ___   ___  
 |_   _| | __| / __| |_   _|   | _ \   /_\   / __| / __| | __| |   \ 
   | |   | _|  \__ \   | |     |  _/  / _ \  \__ \ \__ \ | _|  | |) |
   |_|   |___| |___/   |_|     |_|   /_/ \_\ |___/ |___/ |___| |___/ 

POST - Add new product without fill description
----------------------------------------------------------------------
]]></system-out>
  </testcase>
  <testcase name="POST - Add new product without fill price" classname="Product" time="0.093">
    <system-out><![CDATA[
Scenario: POST - Add new product without fill price   &amp#27;[90m# src/test/resources/features/5. Product.feature:22&amp#27;[0m
15:04:35.218 [main] DEBUG io.cucumber.core.plugin.SerenityReporter - Running feature from file:///E:/APIMinpro/API/minpro/src/test/resources/features/5.%20Product.feature
15:04:35.220 [main] INFO  - 
  _____   ___   ___   _____     ___   _____     _     ___   _____   ___   ___  
 |_   _| | __| / __| |_   _|   / __| |_   _|   /_\   | _ \ |_   _| | __| |   \ 
   | |   | _|  \__ \   | |     \__ \   | |    / _ \  |   /   | |   | _|  | |) |
   |_|   |___| |___/   |_|     |___/   |_|   /_/ \_\ |_|_\   |_|   |___| |___/ 

POST - Add new product without fill price(product;post---add-new-product-without-fill-price)
--------------------------------------------------------------------------------
15:04:35.224 [main] DEBUG net.thucydides.core.steps.StepInterceptor - STARTING STEP: ProductSteps.setPostApiEndpointsProduct - I set POST api endpoints product
15:04:35.224 [main] DEBUG net.thucydides.core.steps.StepInterceptor - STEP DONE: I set POST api endpoints product
  &amp#27;[32mGiven &amp#27;[0m&amp#27;[32mI set POST api endpoints product&amp#27;[0m              &amp#27;[90m# starter.stepdefinitions.ProductSteps.setPostApiEndpointsProduct()&amp#27;[0m
15:04:35.226 [main] DEBUG net.thucydides.core.steps.StepInterceptor - STARTING STEP: ProductSteps.sendPostHttpRequestProduct4 - I send POST HTTP request product4
15:04:35.228 [main] DEBUG net.thucydides.core.steps.StepInterceptor - STARTING STEP: Product.sendPostHttpRequestProduct4 - I set POST api endpoints product
15:04:35.228 [main] DEBUG net.thucydides.core.steps.StepInterceptor - STEP DONE: I set POST api endpoints product
15:04:35.234 [main] DEBUG org.apache.http.impl.conn.BasicClientConnectionManager - Get connection for route {s}->https://altashop-api.fly.dev:443
15:04:35.234 [main] DEBUG org.apache.http.impl.conn.DefaultClientConnectionOperator - Connecting to altashop-api.fly.dev:443
15:04:35.280 [main] DEBUG org.apache.http.client.protocol.RequestAddCookies - CookieSpec selected: ignoreCookies
15:04:35.280 [main] DEBUG org.apache.http.client.protocol.RequestAuthCache - Auth cache not set in the context
15:04:35.280 [main] DEBUG org.apache.http.client.protocol.RequestTargetAuthentication - Target auth state: UNCHALLENGED
15:04:35.280 [main] DEBUG org.apache.http.client.protocol.RequestProxyAuthentication - Proxy auth state: UNCHALLENGED
15:04:35.280 [main] DEBUG org.apache.http.impl.client.DefaultHttpClient - Attempt 1 to execute request
15:04:35.280 [main] DEBUG org.apache.http.impl.conn.DefaultClientConnection - Sending request: POST /api/products HTTP/1.1
15:04:35.280 [main] DEBUG org.apache.http.wire -  >> "POST /api/products HTTP/1.1[\r][\n]"
15:04:35.280 [main] DEBUG org.apache.http.wire -  >> "Accept: */*[\r][\n]"
15:04:35.280 [main] DEBUG org.apache.http.wire -  >> "Content-Type: application/json[\r][\n]"
15:04:35.280 [main] DEBUG org.apache.http.wire -  >> "Content-Length: 75[\r][\n]"
15:04:35.280 [main] DEBUG org.apache.http.wire -  >> "Host: altashop-api.fly.dev[\r][\n]"
15:04:35.280 [main] DEBUG org.apache.http.wire -  >> "Connection: Keep-Alive[\r][\n]"
15:04:35.280 [main] DEBUG org.apache.http.wire -  >> "User-Agent: Apache-HttpClient/4.5.13 (Java/11.0.15.1)[\r][\n]"
15:04:35.280 [main] DEBUG org.apache.http.wire -  >> "Accept-Encoding: gzip,deflate[\r][\n]"
15:04:35.280 [main] DEBUG org.apache.http.wire -  >> "[\r][\n]"
15:04:35.280 [main] DEBUG org.apache.http.headers - >> POST /api/products HTTP/1.1
15:04:35.280 [main] DEBUG org.apache.http.headers - >> Accept: */*
15:04:35.280 [main] DEBUG org.apache.http.headers - >> Content-Type: application/json
15:04:35.280 [main] DEBUG org.apache.http.headers - >> Content-Length: 75
15:04:35.280 [main] DEBUG org.apache.http.headers - >> Host: altashop-api.fly.dev
15:04:35.280 [main] DEBUG org.apache.http.headers - >> Connection: Keep-Alive
15:04:35.280 [main] DEBUG org.apache.http.headers - >> User-Agent: Apache-HttpClient/4.5.13 (Java/11.0.15.1)
15:04:35.280 [main] DEBUG org.apache.http.headers - >> Accept-Encoding: gzip,deflate
15:04:35.280 [main] DEBUG org.apache.http.wire -  >> "{"price":"","name":"XBOX1","description":"For gaming","categories":[12541]}"
15:04:35.302 [main] DEBUG org.apache.http.wire -  << "HTTP/1.1 400 Bad Request[\r][\n]"
15:04:35.302 [main] DEBUG org.apache.http.wire -  << "content-type: application/json[\r][\n]"
15:04:35.302 [main] DEBUG org.apache.http.wire -  << "date: Mon, 08 May 2023 08:04:34 GMT[\r][\n]"
15:04:35.302 [main] DEBUG org.apache.http.wire -  << "content-encoding: gzip[\r][\n]"
15:04:35.302 [main] DEBUG org.apache.http.wire -  << "transfer-encoding: chunked[\r][\n]"
15:04:35.302 [main] DEBUG org.apache.http.wire -  << "server: Fly/3f2597ca (2023-05-03)[\r][\n]"
15:04:35.302 [main] DEBUG org.apache.http.wire -  << "via: 1.1 fly.io[\r][\n]"
15:04:35.302 [main] DEBUG org.apache.http.wire -  << "fly-request-id: 01GZX6842VBXFHRRJEY16949NG-sin[\r][\n]"
15:04:35.302 [main] DEBUG org.apache.http.wire -  << "[\r][\n]"
15:04:35.302 [main] DEBUG org.apache.http.impl.conn.DefaultClientConnection - Receiving response: HTTP/1.1 400 Bad Request
15:04:35.302 [main] DEBUG org.apache.http.headers - << HTTP/1.1 400 Bad Request
15:04:35.302 [main] DEBUG org.apache.http.headers - << content-type: application/json
15:04:35.302 [main] DEBUG org.apache.http.headers - << date: Mon, 08 May 2023 08:04:34 GMT
15:04:35.302 [main] DEBUG org.apache.http.headers - << content-encoding: gzip
15:04:35.302 [main] DEBUG org.apache.http.headers - << transfer-encoding: chunked
15:04:35.302 [main] DEBUG org.apache.http.headers - << server: Fly/3f2597ca (2023-05-03)
15:04:35.302 [main] DEBUG org.apache.http.headers - << via: 1.1 fly.io
15:04:35.302 [main] DEBUG org.apache.http.headers - << fly-request-id: 01GZX6842VBXFHRRJEY16949NG-sin
15:04:35.302 [main] DEBUG org.apache.http.impl.client.DefaultHttpClient - Connection can be kept alive indefinitely
15:04:35.302 [main] DEBUG io.restassured.internal.RestAssuredHttpBuilder - Parsing response as: application/json
15:04:35.302 [main] DEBUG org.apache.http.wire -  << "71[\r][\n]"
15:04:35.302 [main] DEBUG org.apache.http.wire -  << "[0x1f][0x8b][0x8][0x0][0x0][0x0][0x0][0x0][0x4][0xff][0xab]VJ-*[0xca]/R[0xb2]R[0xca]*[0xce][0xcf][0xb3]RHN[0xcc][0xcb][0xcb]/Q([0xcd][0xcb]M,*[0xce]H[0xcc]Q(.)[0xca][0xcc]KW[0xc8][0xcc]+[0xc9]Wp[0xcf][0x7]qK[0x93]K[0x14][0xd2]2SsR[0x14][0x2][0x8a][0xf2]SJ[0x93]K[0x9c][0x8b]R[0x13]KR[0xf5][\n]"
15:04:35.302 [main] DEBUG org.apache.http.wire -  << "[0x8a]2[0x93]S[0x15][0xf2][0xd3][0x14]J*[0xb]R[0x15]J3[0xf3]J[0x94]j[0xb9][0x0][0xd2][0x2]#[0xd6]`[0x0][0x0][0x0]"
15:04:35.302 [main] DEBUG org.apache.http.wire -  << "[\r][\n]"
15:04:35.302 [main] DEBUG org.apache.http.wire -  << "0[\r][\n]"
15:04:35.302 [main] DEBUG org.apache.http.wire -  << "[\r][\n]"
15:04:35.302 [main] DEBUG io.restassured.internal.RestAssuredHttpBuilder - Parsed data to instance of: class org.apache.http.conn.EofSensorInputStream
15:04:35.303 [main] DEBUG org.apache.http.impl.conn.BasicClientConnectionManager - Releasing connection org.apache.http.impl.conn.ManagedClientConnectionImpl@24749ad3
15:04:35.303 [main] DEBUG org.apache.http.impl.conn.BasicClientConnectionManager - Connection can be kept alive indefinitely
15:04:35.303 [main] DEBUG net.thucydides.core.steps.StepInterceptor - STEP DONE: I send POST HTTP request product4
  &amp#27;[32mWhen &amp#27;[0m&amp#27;[32mI send POST HTTP request product4&amp#27;[0m              &amp#27;[90m# starter.stepdefinitions.ProductSteps.sendPostHttpRequestProduct4()&amp#27;[0m
15:04:35.305 [main] DEBUG net.thucydides.core.steps.StepInterceptor - STARTING STEP: ProductSteps.receiveValidHttp400Product - I receive valid HTTP response code 400 product
15:04:35.306 [main] DEBUG net.thucydides.core.steps.StepInterceptor - STEP DONE: I receive valid HTTP response code 400 product
  &amp#27;[32mThen &amp#27;[0m&amp#27;[32mI receive valid HTTP response code 400 product&amp#27;[0m &amp#27;[90m# starter.stepdefinitions.ProductSteps.receiveValidHttp400Product()&amp#27;[0m
15:04:35.307 [main] INFO  - 
  _____   ___   ___   _____     ___     _     ___   ___   ___   ___  
 |_   _| | __| / __| |_   _|   | _ \   /_\   / __| / __| | __| |   \ 
   | |   | _|  \__ \   | |     |  _/  / _ \  \__ \ \__ \ | _|  | |) |
   |_|   |___| |___/   |_|     |_|   /_/ \_\ |___/ |___/ |___| |___/ 

POST - Add new product without fill price
----------------------------------------------------------------------
]]></system-out>
  </testcase>
  <testcase name="GET - Get product by ID" classname="Product" time="0.332">
    <system-out><![CDATA[
Scenario: GET - Get product by ID                     &amp#27;[90m# src/test/resources/features/5. Product.feature:27&amp#27;[0m
15:04:35.309 [main] DEBUG io.cucumber.core.plugin.SerenityReporter - Running feature from file:///E:/APIMinpro/API/minpro/src/test/resources/features/5.%20Product.feature
15:04:35.310 [main] INFO  - 
  _____   ___   ___   _____     ___   _____     _     ___   _____   ___   ___  
 |_   _| | __| / __| |_   _|   / __| |_   _|   /_\   | _ \ |_   _| | __| |   \ 
   | |   | _|  \__ \   | |     \__ \   | |    / _ \  |   /   | |   | _|  | |) |
   |_|   |___| |___/   |_|     |___/   |_|   /_/ \_\ |_|_\   |_|   |___| |___/ 

GET - Get product by ID(product;get---get-product-by-id)
--------------------------------------------------------------------------------
15:04:35.315 [main] DEBUG net.thucydides.core.steps.StepInterceptor - STARTING STEP: ProductSteps.setGetApiEndpointsProduct - I set GET api endpoints product
15:04:35.315 [main] DEBUG net.thucydides.core.steps.StepInterceptor - STEP DONE: I set GET api endpoints product
  &amp#27;[32mGiven &amp#27;[0m&amp#27;[32mI set GET api endpoints product&amp#27;[0m               &amp#27;[90m# starter.stepdefinitions.ProductSteps.setGetApiEndpointsProduct()&amp#27;[0m
15:04:35.317 [main] DEBUG net.thucydides.core.steps.StepInterceptor - STARTING STEP: ProductSteps.sentGetHttpRequestProduct - I send GET HTTP request product
15:04:35.318 [main] DEBUG net.thucydides.core.steps.StepInterceptor - STARTING STEP: Product.sendGetHttpRequestProduct - I set GET api endpoints product
15:04:35.318 [main] DEBUG net.thucydides.core.steps.StepInterceptor - STEP DONE: I set GET api endpoints product
15:04:35.322 [main] DEBUG org.apache.http.impl.conn.BasicClientConnectionManager - Get connection for route {s}->https://altashop-api.fly.dev:443
15:04:35.322 [main] DEBUG org.apache.http.impl.conn.DefaultClientConnectionOperator - Connecting to altashop-api.fly.dev:443
15:04:35.363 [main] DEBUG org.apache.http.client.protocol.RequestAddCookies - CookieSpec selected: ignoreCookies
15:04:35.363 [main] DEBUG org.apache.http.client.protocol.RequestAuthCache - Auth cache not set in the context
15:04:35.363 [main] DEBUG org.apache.http.client.protocol.RequestTargetAuthentication - Target auth state: UNCHALLENGED
15:04:35.363 [main] DEBUG org.apache.http.client.protocol.RequestProxyAuthentication - Proxy auth state: UNCHALLENGED
15:04:35.363 [main] DEBUG org.apache.http.impl.client.DefaultHttpClient - Attempt 1 to execute request
15:04:35.363 [main] DEBUG org.apache.http.impl.conn.DefaultClientConnection - Sending request: GET /api/products HTTP/1.1
15:04:35.363 [main] DEBUG org.apache.http.wire -  >> "GET /api/products HTTP/1.1[\r][\n]"
15:04:35.363 [main] DEBUG org.apache.http.wire -  >> "Accept: */*[\r][\n]"
15:04:35.363 [main] DEBUG org.apache.http.wire -  >> "Host: altashop-api.fly.dev[\r][\n]"
15:04:35.363 [main] DEBUG org.apache.http.wire -  >> "Connection: Keep-Alive[\r][\n]"
15:04:35.363 [main] DEBUG org.apache.http.wire -  >> "User-Agent: Apache-HttpClient/4.5.13 (Java/11.0.15.1)[\r][\n]"
15:04:35.363 [main] DEBUG org.apache.http.wire -  >> "Accept-Encoding: gzip,deflate[\r][\n]"
15:04:35.363 [main] DEBUG org.apache.http.wire -  >> "[\r][\n]"
15:04:35.363 [main] DEBUG org.apache.http.headers - >> GET /api/products HTTP/1.1
15:04:35.363 [main] DEBUG org.apache.http.headers - >> Accept: */*
15:04:35.363 [main] DEBUG org.apache.http.headers - >> Host: altashop-api.fly.dev
15:04:35.363 [main] DEBUG org.apache.http.headers - >> Connection: Keep-Alive
15:04:35.363 [main] DEBUG org.apache.http.headers - >> User-Agent: Apache-HttpClient/4.5.13 (Java/11.0.15.1)
15:04:35.363 [main] DEBUG org.apache.http.headers - >> Accept-Encoding: gzip,deflate
15:04:35.605 [main] DEBUG org.apache.http.wire -  << "HTTP/1.1 200 OK[\r][\n]"
15:04:35.605 [main] DEBUG org.apache.http.wire -  << "content-type: application/json[\r][\n]"
15:04:35.605 [main] DEBUG org.apache.http.wire -  << "date: Mon, 08 May 2023 08:04:34 GMT[\r][\n]"
15:04:35.605 [main] DEBUG org.apache.http.wire -  << "transfer-encoding: chunked[\r][\n]"
15:04:35.605 [main] DEBUG org.apache.http.wire -  << "content-encoding: gzip[\r][\n]"
15:04:35.605 [main] DEBUG org.apache.http.wire -  << "server: Fly/3f2597ca (2023-05-03)[\r][\n]"
15:04:35.605 [main] DEBUG org.apache.http.wire -  << "via: 1.1 fly.io[\r][\n]"
15:04:35.605 [main] DEBUG org.apache.http.wire -  << "fly-request-id: 01GZX6845P4YFSPFFBAFXSTDN4-sin[\r][\n]"
15:04:35.605 [main] DEBUG org.apache.http.wire -  << "[\r][\n]"
15:04:35.605 [main] DEBUG org.apache.http.impl.conn.DefaultClientConnection - Receiving response: HTTP/1.1 200 OK
15:04:35.605 [main] DEBUG org.apache.http.headers - << HTTP/1.1 200 OK
15:04:35.605 [main] DEBUG org.apache.http.headers - << content-type: application/json
15:04:35.605 [main] DEBUG org.apache.http.headers - << date: Mon, 08 May 2023 08:04:34 GMT
15:04:35.605 [main] DEBUG org.apache.http.headers - << transfer-encoding: chunked
15:04:35.605 [main] DEBUG org.apache.http.headers - << content-encoding: gzip
15:04:35.605 [main] DEBUG org.apache.http.headers - << server: Fly/3f2597ca (2023-05-03)
15:04:35.605 [main] DEBUG org.apache.http.headers - << via: 1.1 fly.io
15:04:35.605 [main] DEBUG org.apache.http.headers - << fly-request-id: 01GZX6845P4YFSPFFBAFXSTDN4-sin
15:04:35.605 [main] DEBUG org.apache.http.impl.client.DefaultHttpClient - Connection can be kept alive indefinitely
15:04:35.605 [main] DEBUG io.restassured.internal.RestAssuredHttpBuilder - Parsing response as: application/json
15:04:35.605 [main] DEBUG org.apache.http.wire -  << "2A6[\r][\n]"
15:04:35.605 [main] DEBUG org.apache.http.wire -  << "[0x1f][0x8b][0x8][0x0][0x0][0x0][0x0][0x0][0x4][0xff][0xaa]VJI,IT[0xb2][0x8a][0xae]V[0xf2]tQ[0xb2]24663[0xd1]Q[0xf2]K[0xcc]MU[0xb2]R[\n]"
15:04:35.605 [main] DEBUG org.apache.http.wire -  << "[0xce][0xcf][0xab]T[0x8][0x8]6U[0xd2]QrI-N.[0xca],([0xc9][0xcc][0xcf]S[0xb2]R*[0xc8]I[0xac]T[0xc8]H,V[0xc8][0xcb]W[0xc8][0xc9][0xcc][0xcd],)V[0xd2]Q[\n]"
15:04:35.605 [main] DEBUG org.apache.http.wire -  << "([0xca]LNU[0xb2]2[0xb2][0xb4][0xd4]Q[\n]"
15:04:35.605 [main] DEBUG org.apache.http.wire -  << "J,[0xc9][0xcc]K/V[0xb2]2[0xd1]QrN,IM[0xcf]/[0xca]L-V[0xb2][0x8a][0x8e][0xad][0xd5]A[0xd8]d[0x9][0xb7][0xa9]$[0xb5][0x18][0xa4]A[0xa1][0xa0](?[0xa5]4[0xb9][0x4][0xc3][0xc2][0x92][0x8c][0xcc]b[0x85][0xcc]b[0x85][0x92][0x8c]T[0x98][0x1a][0x85][0x14]$'[0xc1]m7@[0xb2][0xdb][0x18][0x8f][0xdd][0xe6][0x86][0xd4][0xb7][0xdb][0xd0][0xc0][0xc0][0x0][0xd9]~S|[0xf6][0x1b][0xd1][0xc6]~$[0xef][0xe3][0xb5][0x1e][0x11][0xc9]T[0xb]z[0x92][0xbc]oN[0x1b][0xef]#[0x7][0xbf][0x1][0xbe][0xe0][0xb7][0xa0][0xbd][0xfd][0xf8][0x92][0xbe]9[\r][0x92]>z[0xf8][0xe3][0xf3][0xbf][0x85][0xc1][0xc0][0xfa][0xdf][0x82]F[0xc9][0x9f][0xd8][0xf8][0xb7]0[0xa6][0xbd][0xff][0xf1][0x86]?"[0xff]y[0x4]([0xe4]f[0x96][0xe4]c[0x14]y[0xe0]2[0xb6]$[0xb5]()13[0x1b]Q[0xba][0x9a][0x9a][0x99]#eq[0xbc]V [0xb2]X[0x84][0x93][0x84]![0x86][0x5][0x8]CMP[0x8a]l[0xf4]r[0x3]Z^[0x1b][0x99][0x9a] [0xca]L[0xf7][0xc4][0xdc][0xcc][0xbc]t[0xc]#[0xdd][0xf2][0x8b][0x14][0xd2][0xc1]R[\n]"
15:04:35.605 [main] DEBUG org.apache.http.wire -  << "[0x5][0xa5]E[0x5][0xf9][0xc5][0xa9][0xc5]J[0xb5][0xc8]E[0xbe][0x5]"[0xdd]S[0xa1]r[0xc1]W[0xc0]["b8 X[0x1][0xb3][\n]"
15:04:35.605 [main] DEBUG org.apache.http.wire -  << "KO[0xcc]MU0U(.I,[0xc2][0x15][0x10][0xf8]2[0xb0]%"[0x2][0xdd]J[0x8b][0xf2]2KJ[0x8b]R[0x15]B[0xf2][0xb]0[0x83][0x4].[0x9b][0x92]X[0x94][0xa9][0xe0][0x95]Z[0x90]X[0x94][0x88][0xb0][0xd1][0xd0][0x4][0xb9][0xb6][0xc4][0x13][0x9f]&[0xa0][0xaa][0x85]z[0xf5]2^[0x9b][0x10][0xf1]L/[0xbf]!"[0x8b][\n]"
15:04:35.605 [main] DEBUG org.apache.http.wire -  << "[0xc9][0x2][0xaf][0xdf][0x10][0xf1][0x16]P[0x94][0x98]\[0x92][0x99][0x9c][0x98][0xa3][0x10][0x9e][0x9f][0x9f][0x92][0x9a][0xa7][0xe0][0x9d][0x97][0x99][0x96][0x8a][0x11][0x81][0x8e]9[0x99][0x89][0xc5][\n]"
15:04:35.605 [main] DEBUG org.apache.http.wire -  << "i[0xa5][0xe9][0x89][\n]"
15:04:35.605 [main] DEBUG org.apache.http.wire -  << "[0xa5]%zH1[0x7][0x8a][0x10]x;[0x7][0xaf][0x9d][0x88][0x9c][0xe8]Y[0x90][0x91][0x9f][0x97][0xaa]`h[0xa8]`f[0xa2][0x90][0x9e][0x84]a[0x19]8[0xd3][0x13][0xd5][0xb0][0xc2]k!"[0x97][0xc1],4[0xa2][0xa9][0x85][0x86][0x88][0xea][0x4]f!m}h[0x88]H[0xa2]t[0xb2][0xd0][0x14]^a@S[0xa8]9[0x8d]"[0xcf][0x10][0x91]Z[0x2][0x12]s[0x12]}[0xf2]}@[0xc5][0x5][0x8e][0xf6]7[0x96][0xc6][0xb7][0xb1]1R[0x5][0x81][0xa7][0x8]31D[0xb4][0x81][0xc8]-![0xf1]%BCD"[0xa4][0x85][0xf1]F[0x88]$[0xe7]T[0x94][0x98][0x9c][0x9a][0x93][0x8a][0xd9]k[0xf0]MLIU[0xc8]OS[0xc8][0xc8]L[0xcf]P(,M[0xcc][0xc9],[0xa9]T(HM,[0xca]A[0xee][0xaf][0x80]L"*[0x1f][0x1b]![0x12][0x1d]M|[0x84]h[0x13][0xd1][0xc4]xD[0x19]K[0xb7][0x0]C[0x14][0xb6]t[0xb3][0x12][0x91]O[0xa9]i%[0xbe]|dd[0x6]/[0x1a][0xc8][0xb4][0x12][0x0][0x0][0x0][0xff][0xff]"
15:04:35.605 [main] DEBUG org.apache.http.wire -  << "[\r][\n]"
15:04:35.606 [main] DEBUG org.apache.http.wire -  << "41E[\r][\n]"
15:04:35.606 [main] DEBUG org.apache.http.wire -  << "[0x82][0xf5][0x9c][0x89]O[0x89][0x88]2[0x2]Z[0x1a]a6p[0xa8]S[0x95][0x18]!r1[0x8d][0x1a][0xaa]&[0xc6][0xf4][0xc9][0xc9][0xb0]f[0xac][0x85]!"[0x89]8&'[0xa7][0x16][0x17]C[0xc6]&[0xd0][0xc7]8J[0xf2][0x15]R[0xf3]2[0x12][0xf3][0x92]S[0x15][0x12][0xb]@[0x85][0x6][0x88][0x89][0xd2][0x9a]51F[0x14][0x8][0xc5][0xa9][0x5][0xa9])[0x98][0x5]ubf%H[0x10][0x16][0xc1][0xa6]D[0xf6]OL[0x8c][0x11]e[0x1][0xbd][0xd2][0x14][0xa8][0xde][0x80][0xb6]/[0xa9][0xed][0x19][0xfa][0x17][0x3][0xc6][0x88]8[0xe][0x6][0xc7][0x8c][0x82]OfqI[0x11][0xb8]'[0x85]Z[0x95]B[0xa5]s [0xd2][\n]"
15:04:35.606 [main] DEBUG org.apache.http.wire -  << "y[0xe9][0xa9]I[0xa5][0xa0][0x9a][0x84][0xf4](C[0x14][0x3]P3[0xa1]V*8%[0xe6]$bv[0xc][0xa0][0x8a]P-VHJ[0xcc]K[0x7][0xd7]dP[0xfb]M[0x89]O2[0x88]2[0x81]nI[0x6][0xd1][0x82][0xa0][0x9b][0x95][0x88][0xf2][0x88]^V[0x9a] [0xca][0xa7][0xa0][0xd2][0xe2][0x92][0xcc]dX[0xc1])[0x11][0xb3][0x7][0x1c]Z[0xa2][0x90]ZT[0x94]_[0xa4]P[0x94][0x9a]\Z[0x9c][0x98][0x97][0x92][0x98][0xaa]P[0x90]_\[0x9c][0x99][Z[0xac][0x90][0x9b][0x9f][0x3][0x1a][0xe7]LLU(NMQ[0xc8][0xcc]-HM[0xc9]$[0xaf]K[0x81][0xd4][0x15]Gtc|2[0xf3]R[0xf3][0x14][0x9c][0xf2]KJr[0xb0]tcJK[0x14][\n]"
15:04:35.606 [main] DEBUG org.apache.http.wire -  << "R[0x8b][0x8a][0xb]2[0x93]3[0x13]K2[0x8b][0x15]R[0xf2]s[0xf2][0x8b]R[0x15]R2[0x93]K[0x12][0x15][\n]"
15:04:35.606 [main] DEBUG org.apache.http.wire -  << "[0xf2][0x8b][0x8a][0xf2][0x15]2[0xb][0x8a]Ks[0x15]R[0x13][0xc9][0xea][0xe5][0x98][0xd0][0xbf][0xc8]2A4i[0x82]sRS[0xb3][0x15] ![0xe0][0x9e][0x93]_[0x96][\n]"
15:04:35.606 [main] DEBUG org.apache.http.wire -  << "j[0xe1][0xa1][0xe6]t[0xff][0xb4][0xb4][0xcc][0xe4][0xcc][0xcc]b[0x85][0xe4][0xfc][0xbc][0xe2][0xd4][0xc2][0xd2][0xc4][0x92][0xd2]"[0x85][0xc4][0xbc][0xcc][0xdc]Lx[0xc4][0x14]+[0x94][0xe5][0xe7][0x94][0x16][0x94]$[0x96][0xa4]*[0xa4][0xa4][0xe6][0xa4][0xe6]e[0x96]d[0x92][0x17][0x18][0xf4]/[0xf2]L[0x10]E[0x9e]{~Qzj~i[0xb1]BPiRRj[0x91][0x82]3x[0x8c][0x3]-4R2K i[0xa0]4W![0x11][0x94]8[0xc0]I '1)[0xbf](3[0xbf]81W[0xa1][0xb0]4S!1'[0xb3][0xb0]43E[0xa1][0x98][0xdc]t[0x8a]([0x14][0x11][0xe9][0xd4][0xbd](1/[0xb3]$U[0xc1]9?[0x11]T[0xd2][0xa2][0xba][0xcb][0xb5][0x4][0xd4][0xd7][0xce]L,Q[0xc8][0xcf][0xcd][0xcb],V[0xc8][0xcd][0xcc][0xcb][0xcc]MT[0xc8]+[0xcd]-,M[0xcc]U(.-N[0xce], [0xd7]5[0x88]"2[0xb8]2/[0xb5](=[0x13][0x96][0x9d]s[0x14][0x82]32[0x8b][0xb0][0xba]&[0xb5][0xb8][0x4][0x9e]*2[0x93]J[0x8b][0x15][\n]"
15:04:35.606 [main] DEBUG org.apache.http.wire -  << "r[0x12][0x93]S[0x13]K[0x14]R[0xc9][0xcb][0xba][0xa0][0x2][0x1d]Z[0xcf]*[0xd0][0xa8][0xb]i[0x8a][0xc8][0x8a]d5[0xf][0x89]m[0xa5][0x98]"[0xe5]?[0xca][0xa7][0x8a][0xf0]u&M[0xe9][0x9f][0x9f]L[0x11][0xf9][0x89]^5[0x8d])"[0xb7][0xd0][0xcd]JD[0x96][0xa0][0x9b][0x95][0x88]V[0x3]Y[0xa9][0x13]u[0x82][0x11]o[0xaa]A4[0x16]hl[0x93][0x19][0xa2][0x8d][0x0][0xb5][0x9]s[0xbc][0x1d]_[0x87][0xc]u[0x4][0x1e][0xdd]O[0xb0][0xae][0xb][0x15]F[0xe0]M[0xcc][0x10]}[0x16][0xa8]Ki[0xd5]u4[0xa3][0xb0][0x14]">[0x9e][0xcd][0xe8]V[0xe]Qwr[0x1c]=[0x9e][0x91]fJL[0xcc][0x10][0xc5][0xf][0xad][0xe3][0x9]Q[0xea]@m[0x1a][0xb4]i[0x17]QX[0xe1]t)b8[0x5]_-F[0xd5][0x1c][0x85]Q[0x9e]Q[0x12]~4[0x9c]}31[0xc3]([0xf]1]J[0xff][0xf0]3[0xc7](;iU"!-[0xfa][0xf0]K,[0xce]TpI,[0xcd]S[0xf0]J-*[0x5]M[0xb0][0xa2]6C[0xc1][0xf2][0xe5][0xa9]y[0x89][0xd9][0xd9][\n]"
15:04:35.606 [main] DEBUG org.apache.http.wire -  << "%[0xa9]y[0x89]y[\n]"
15:04:35.606 [main] DEBUG org.apache.http.wire -  << "[0xb9][0xa5]E[0xb9][0xa9]Hs[0x85][0x86][0x96][0xa8][0xab]=[0xd0]33,[0x89]YX"Rmr~^I~[0x86]n2bE[0xc][0xfa][0xa8][0x93][bqFf~^bRN*[0xea]X[0x93]9[0xa2]4[0x5][0xbb][\r][0xe1]v[0x85][0xc4][0xca][0xc4]\[0x85][0xf4][0xfc][0xa2]T,3[0xb2]`[0xb5]T[0xf2][0x7]"[0x9d][0x13][0xf6][0x7][0xa6][\n]"
15:04:35.606 [main] DEBUG org.apache.http.wire -  << "[0xe4]y`[0x13]s[0xba][0x95][0xd8][0xe6]t+G[0xcd][0x11][0xf1][0xc]-[0x9d]h[0x96][0x8e]1[0xf2]1[0xad]l[0xb2][0xa0][k[0x1]iEF[0x84]S~[0x85][0xc2]`([0x99],[0x10][0xbd][0xe][0x1c]nB,x@[0x94][0x9b][0xf4]k[0xcb]Y r[0xe4][0xe0]t[0x1f][0xdd][0xd2][0xa9]%"[0x9d][0xe2][0x8][0x89][0x81][0x88][0x1f]KD[0x99]=[0x98]\E[0xb7][0xb2][0x17]i[0x91][0xc][0xf6]%H[0x3][0x9b]},[0x11][\r]_[0xec][0xce][0x1b][0x90]4[0x83][0x9c][0xa7][0xb1]-[0xdb][0x1a][0xd0]03[0x5]-z[0x81][0x8e]^[0x91][0x16]f4l[0xd7][0x9a][0x1a] r?mk^S[0x3]D[0xde][0xc1][0xee][0xfd][0x1][0x8e][0x1d]Dc[0x7][0xbb][0xf3][0x6] E[0x9b][0x1a] [0xb2][0x19][0xad]c[0x87][0xf2][0xbc]C[0xcb]d[0x8a][0xb4]J[\n]"
15:04:35.606 [main] DEBUG org.apache.http.wire -  << "5v[0x0][0x0][0x0][0x0][0xff][0xff]"
15:04:35.606 [main] DEBUG org.apache.http.wire -  << "[\r][\n]"
15:04:35.606 [main] DEBUG org.apache.http.wire -  << "5D1[\r][\n]"
15:04:35.606 [main] DEBUG org.apache.http.wire -  << "[0x82]-[0xab][0x1f][0x88][0xd8]AZI[0x85][0xdd]Q[0x3][0x9b][0xa2][\r][0x9]e[0xb8][0x1][0x9]3D[0xbb][0x90][0xc6])[0x1a]i[0xad][0x2][0xad]m[0xa2][.EZ[0xe0]Fk?![0xca][0x3][0x1a][0xdb][0x4]Z[0xb9][0x3][0xad][0x16]im[0x13][0xa2]MIk[0x9b][0xe8][0x96][0xca][0x8d][0x10][0xd5][0x16][0xad][0xfd]D[0xb7]TnD[0xaf][0xd1][0x0]S#[0xfa][0xa5]rz[0xf5][0xe7]L[0x91][0xd6][0x84][0xd1]8E [0xad][0xe1][0xa2][0xb5]M[0x88][0x9c];[0x18]kZcDv[0xc7][0xee][0xbc][0x81][0xa8]i[0x91][0xd7]q[0xd1]t[0x86][0xd9][0xd4][0x98]n%[0x83]1[0xa2]d[0xf0][0x8]Pp[0x6]-[0xc2][0xc9][0xc4][0xb2]A%'[0xb5][0xa0]$[0xbf]@[0x1]c[0x7][0x90]%[0x8] -[0xf1]F[0x1f]wF[0x9a]D25[0xa6][[0xd1][0x80][0xb4]H[0x8a]f[0x1b][\n]"
15:04:35.606 [main] DEBUG org.apache.http.wire -  << "[0xd1]}[\n]"
15:04:35.606 [main] DEBUG org.apache.http.wire -  << "[0x1b]a75@[0xd4][0x1f][0xf0][\r]+[0x18]K+[0xd2][0x8][0xec]MB[0x9e]\[0xa5][0x9a][0x17][0x88][0x9a][0x83][0xa2][0x92][0xf3][0x11][0xc5][0xb]![0xe7]#r2h[0xcf] [0x9e][0xb4]D[0xed][0x10]F4[0xe6][0x9]9[0x91][0xe8][\r][0xbf] [0x1f][0xe0][0xb]e[0xe4][0xec]`[0x82]([0xe2][0xa8]j?[0x9e][0x10]D[0xb1][0x1e]Q[0xc4]P[0xd5]z|[0xde][0xa7]v[0xc]"[\n]"
15:04:35.606 [main] DEBUG org.apache.http.wire -  << "[0x14][0x9a]y[0x1]g[0x17][0x9c]J[0xf9][0x4][0xd1][0x88][0xa1][0x99][0x17]h\R!-![0x1b][0xb2]^@[0xc][0xd9][0xd1][0xcc][0xb]Fh[0x1b][0xc0][0xa9][0x9c][0x17][0x90]V[0xd9][0xd1][0xcc][0xb][0xb4]NH[0x3]P S;[0x16]hT[0xa6][0xd3][0xb1]PEZi8d[0x13][0x12][0xa2]j[0x83][0xf5][0xa2]LMi4)mj[0x8a]h@Sw[0xa7][0x8a][0xa9])[0xa2]z[0xf3][0xcc]+I[0xcd][0xc9][0xc9]LO[0xcd]+Q[0x8].IM[0x5][0xad][0x10][0xce][0xc7][0xb2][0xaa][0xdc]3[0x5][0xb4][0xb3][0xb0]8S!/[0xb1][0xa4][0xb4][0x18][0xb4]h[0x1a]D$[0x16][0x93][0xb5]n[0xdc][0xd4][0x14]Q9[0xc1][0xc2][0x11][0xa3]![0x8b]o[0x1d]![0xd1]k[0xe6]L1W,[0xd2]*[0xba][0xe8][0xb6][0xe2][0xd0][0x94]n+[0xe]M[0xe9][0xb6][0xe][0x10]|[0xde][0x3]}F[0x16][0xcd][0x10][0x89][0xdf]5/[0xbf]([0x17][0xb4][0x81]  '[0x11][0xbc]D[0xde]9#1[0x13][0xb4][0xf6][0x9]u[0x91]T[0x18]d[0xb3][0x4][0xe8]d[0x9e][0x92]T[0x85][0xbc][0xfc]<[0xd0][0xd9]<e[0x99])[0xa0]<[0x93]ZL[0xd6][0xf2]xS[0xa4]5j.[0xa5]E[0xa0]uP[0xa0][0xed]69[\n]"
15:04:35.606 [main] DEBUG org.apache.http.wire -  << "[0xd8]][0x10][0xc][0xdd][0xe][0xa0]PX[0x9a][0xaf][0x80][0xb4]w!3[0x8f][0x9c]m[0x1b][0xa6]t[[0x8a]f[0x8a][0xb4][0x14][0x8d][0xc6][0x19][0x9d]nK[0xad]L[0xe9][0xb6][0xd4][0xca][0x94]nK[0xad]L[0x91][0xe][0xea][0xa1]q<![0x1d][0xc9][0x13][0x10]l[0x82]Y[0xea][0x17][0x9b]($%[0x16][0x95]"[0xfa][0xee][0xc6][0xf8][0xd7][0x1f]"[0xf7]<[0xe9][0xb6][0x8c][0xcb][0x14][0xe9]`[0x1f]Z[0x87][0x17][0xa2][0xed]Jk[0x9b][0x10]MLZ[0xdb][0x84][0x18][0xc8][0xa2][0xb5]M[0x98][\r]6[0xcc]$G[0xf4])o[0xe8][0xdd][0x14][0x94][0xb4][0x87]h[0xad][0xd1][0xda]O[0x88][\n]"
15:04:35.606 [main] DEBUG org.apache.http.wire -  << "[0x8c][0xd6]6[0xd1][0xad][0x99]fI[0xaf][0xc5][0xd1][0xa6]HK[0xe8]h[0x1c]zH[0xcb][0xe2]hm[0x13][0xdd][0xca][0x8]KD[0x19]A[0xf5][0xd2][0xdb][0x92]n[0xa5][0x2][0xd2][0x8a]8Z[0xc7][0xc][0xbd][0xf2][0xaa][0x19][0xd2][0xe2]0[0xd7][0xa2][0xf4][0xfc][0xbc][0xfc][0xdc][0xcc]d[0x5][0xc7][0x9c][0xd2][0xdc][0xcc][0xbc][0xd2]\[0xac][c[0x1d]KK[0x14][0x92]R[0x13]K[0x12]S[0xe1][0x1b]?Ss[0x15]r[0x13]+2sS[0x15][0xf2]Rs[0xf3][0x15]2srJsA[0x9b]b[0xc1]}?r[0x9a][0x9a]f[0x6][0xf4]*[0x16][0xcd][0xc][0xe8]UX[0x99][\r][0xee][0xb5]Df[0x83]q-[0x91][0x99]![0xa2][0xe0][0xa0]u[0x96][0xa3]W[0x8a]3[0x5][0x1d]'H[0x97]>[0xab][0x99][0x1]b[0xd2][0x8b][0xb6][0xa1]gf@[0xaf]x2C[0x9a][0xe6][0xa0][0xb1][0x9f][0xc][0xe9][0xd5][0x8]4C:k[0xc][0xfb][0xe2][0x82][0x1]]eh[0x86][0xb4]|[0xb][0xbb][0xf3][0x10][0xbd].[0xba][0xed][0xee]0C:n[0x8c][0xc6][0xe9][0xc0][0x8][0xd1]L[\n]"
15:04:35.606 [main] DEBUG org.apache.http.wire -  << "[0x8]64[0xa0][0xa0]#[0x80]~N[0x16]|[0xb0][0x1f][0xa9]j[0x80][0x1c][0x10][0x8a]a[0x9][0xa1][0xf9]y3#[0xba][0xe5]@[0xa4][0x13][0xbd][0xb2]3[0xb][0x12][0x8b][0x15][0x12][0xf3][0xd2]3[0xf3]0\[0x9c][0x9b][0x9a][0x97][0x9e][0x9a]S[0x9a]X[0x94][0x9d][0x98][0x7]Q[0xa2]P[0x9c][0x98][0x97][0x9e]X[0xa2][0x90][0x9d][0x9a][0x97][0x9c][0x8][0xde][0x8d][0x7]=[0xc6][0xc7][0x10][0xb4]n[0x1e][0xe7]!s[0xf0]PB:[0xd6][0x85][0xcc][0x13]V[0xcd][0x90][0xd6][0x9d][0xc1][0x8f][0x1]q*[0xca][0xcf][0xab]J[0xc5]1[0x84][0x6]9[0xdf][0xb2]([0xb5] 5''5/[0xa5][0xb4]X!1[0x19]tt[\r][0xe8][0xc0][0x9a][0xc2]R[0xb2][0x86][0xb1][0xcd][0x90][0x96][0xa4][0xf9][0xa6][0xa6]d[0xe6]'[0x17][0xa5][0x82]F[0xf1]@[0x87]l[0xe2]8[0x9c][0xc5][0x11]lg^I&[0xe8][0x0][0x9a][0x12][0x85]|[0xf0]Y-[0x89][\n]"
15:04:35.606 [main] DEBUG org.apache.http.wire -  << "e[0xa9]9[0x99]%[\n]"
15:04:35.606 [main] DEBUG org.apache.http.wire -  << "y[0xf9]I[0x99][0xc5]d[0xb5][0xb2][0x90][0x8e]/[0x1b]r1[0x89][0xb4][0x6]n[0xe8][0xb9][0x1d]1[0xbd];[0xf4][0xdc][0x8e]hS[0xc]=[0xb7]#Jr[0x1a][0xd7][0x19]H[0xcb][0x5]=[0xf3][0x92][0x8b]RS2[0x93]rR[0x15]`%MN~2[0xe6][0x9e]j[0xd7]D[0xf8][0xf1]=[\n]"
15:04:35.606 [main] DEBUG org.apache.http.wire -  << "[0xa9]y[0x99][0x90][0xe]T1([0xa7][0x16]'g[0x96][0xe6][0x95]([0xa4][0x94]&[0x83][0xf][0xca][0x82][0x9c]M[0x95]KV[0x96][0xa7][0xdb][0x92]A3[0xa4][0x85]|[0xb4][0xe]l[0xba]u[0xe1][0x90][0x8f][0xd4][0xa2][0xe9][0x82]K3[0x13]z[0x8d]j[0x98][0x99] [0x9a][0xb9]4[0xc9][0xd0]8[0x1b]=T[0xa8][0xce]M([0xef][0xb4][0x11]y[0xc0][0xb8][0x99][0x9][0xdd][0x86]d[0x90][0xd6]/[0xd1]8[0xe3][0x98]"[0xea]!Z[0xdb]D[0xb7][0x92][0x17]i[0xb9][0x8][0xad][0xfd]Dy[0xe2]#ni[0xa4][0x19][0xdd][0xd6]=[0x98][0xd1]m5[0x82][0x19][0xdd]N%2[0xa3][0xdb]YAf[0xa0][0xdb]'[0xe8]3[0xb2][0x83][0xb4][0xe][0x80][0xc6][0xa9][0x9c]nS[0xf1]fHS[0xf1][0x1e][0x5][\n]"
15:04:35.606 [main] DEBUG org.apache.http.wire -  << "a[0x99]e[0xf9][\n]"
15:04:35.606 [main] DEBUG org.apache.http.wire -  << "[0x91]FFX[0xfa][0x95][0xb9][0x99]9[0x99][0xd9][0x99][\n]"
15:04:35.606 [main] DEBUG org.apache.http.wire -  << "[0xc5][0x5][0xa9][0xc5][0x99]i[0x99][0xd9][0xa0][0xb3]j*[0x13][0xf3][0xd2][0x15][0x12][0xb][0xc0]'[0xd8]B;[0x95][0xc6][0xa0][0xfb][0x86]P:[0x96][0xe8]5[0x11][0xd2]<[0x9c][0x99]9)[0xdd]g,[0xe7][0xca][0xe3][0xc9][0xc9][0xd4][0xec][0xbf]"-"[0x8][0x80]\[0x6][0xa5][0xe0]X[0x9a][0x93][0x99][0xa8]`[0x8c][0x11]N[0x99]y[0x99][0xa0][0x5]'[0xa0][0xb][0xa3][0x14][0x12][0xe1]j[0xa0][0x81][0x83]o[0xfd][0x1e]J[0xb0] [0x1a][0x7][0xb4]Ng[0x88][0xfa][0x15][0xfb] [0xd3][0xc0][0x8e][0x81]![0xad]?[0xc0][0xee]<\c`8[0xd7]kS[0xa1][0xf9][0x83][0xb4]p[0x1][0xbb][0xa3][0x6]8[0xcc][0x10][0x95]>v[0xe7][0xe1][\n]"
15:04:35.606 [main] DEBUG org.apache.http.wire -  << "3[0xf4][0x9]sj[0xe6] [0xa4]Sk[0xc0]9([[0xc1]=35[0x7]#[0xf7][0x84][0x80][0x8e]"[0xce]K[0x7]][0xa3][0x96]][0x94]YP[0x9c][0x89]p+[0xf1];[0x8c][0xcc],[0x10][0xad]x$[0xcb][0x14][0xb2]Su1[0xcb]5*[0xd9][0x88][0xc8][0xb0]h6b[0x96][0x10]T[0xb2][0x11][0xd1][0xc][0x82]o/[0xa2][0xea]]?[0x0][0x0][0x0][0x0][0xff][0xff]"
15:04:35.606 [main] DEBUG org.apache.http.wire -  << "[\r][\n]"
15:04:35.606 [main] DEBUG org.apache.http.wire -  << "4C7[\r][\n]"
15:04:35.606 [main] DEBUG org.apache.http.wire -  << "B[0xbf][0x19][0xcf][0xc][0xe9][0x9a]$[0xb0][0x1f][0x93]Kh[[0x8]"[0xad]2[0xa0][0x93][0xf][0xe9][0xb6][0x6][0xc0][0xcc][0x92][0x94]z[0x8f][0xe0]}[0x86][0xe8][0x19][0x17][0xb9]*[0xa1][0xdb][0xec][0xb9][0x99]%[0xa2]*[0xa1]m[0xa5]e[0xe]j^[0xd0][0xa5][0xc1]g[0x8e]t[0xb4][\n]"
15:04:35.606 [main] DEBUG org.apache.http.wire -  << "[0xad][0xfd][0x84](Ahm[0x13][0xdd][0xe2][0x9][0xe9]l[0x11][0x1a][0xfb][0xc9][0x10]1<[0xea][0x19][0xe0][0xe1][0xef][0xe7][0xaa]`h[0xaa][0x10][0x10][0xe4][0x8f]Q[0xc1]x[0xb8][0xfa][0xb9][0x7][0xf8][0xfb]![0xaa][0x15][0x13]P[0xbf][0x1f][0xe7]$[0x8]RN2G[0x9a][0xa9][0xa7][0xb5]o[0x10][0xf5][0x17][0xed]|C[0xb7][0xf4][0x86]4[0xcd]J[0xe3]pC[0x9a]1[0xa5][0xb5]M[0x88][0xf4]Fk[0x9b][0xe8]US[0x98]#M[0xd2][0xb9]%[0xe6][0x95]@[0xd6][0xd8][0xfb]&[0x16][0x81][0x86][0xd0]}[0x12]s1/[0xb]q-Q[0xc8][0xc8]L[0x6][0xad];[0xca]G[0x1a][0x14][0x7][0x8d]e[0x10][0x95][0x9f][0x90][0xe6][0xe3][0x92][0x12][0x8b]SS[0x8a][0xd2]2+0[0xf2]+X&5-[0xb1]4[0xa7]$[0x5][0xb4][0xd6][0x1f][0xda][0x91]2[0xb3][0x4]u[0xc5][0x89][0xb3][0x86]^[0xc3][0xd4][0xe6]H[0xf7][0xe3][0xd0][0xa6]'[0x8d][0xa7][0x9e]7G[0xba])[0x87][0xc6])[0x92]n[0x87][0x12][0x98][0xd3]m.[0xc3][0x9c]ng[0x12][0x98]#[0xf5]?i[0x1c]OH[0x1b][0xcb]im[0x13][0xa2]/Bk[0x9b][0x10][0x99][0x99]f5#[0xa8]A[0x0]m][0xd2]?[0x1b]#[0xcd][\r][0xc][0x80][0xe5]t[0xab][0xd5][0x90][0xae][0xce][0xa0]q[0x8a]A[0xba][0xbe]b[0x0][0x2][0x14][0x91]1[0x6][0xc0]rD;[0x0],GdT[0xfa][[0x8e][0xb4][0x8d]t[0x0],G[0xcc][0xee][\r][0x80][0xe5][0x88][0x1c]L[0x8f]1[0x1a]s[0xba]M'[0x99][0xd3]ms[0xab]9[0xd2]t[0x12][0xf6][0xf1][0xd3][0x1][0x1d][0xde]5[0x7]5|[0xa1][0xd5][0x13]v[0xe7]![0xf5]mAk[0x9e]q6[0x92][0xa9]8[0xbc]kN[0xb7]=[0xaa][0xe6]H[0x13]c[0xd8][0xbd]?[0xb0][0xb1][0x83]4[0x9b][0x86][0xdd]y[0x3][0x12];[0x88]>[0xe4] r[0x14]b[0x0][0x2][0xbb][0xa3][0x6]8"[0x11][0xb5]'v[0xe7][\r]HD"j[0xd5][0xc1][0xe3][0xa8][0xc1]=[0x1d]f[0x8e]r[0x87][0x3][0xb6][0xb3][0xcb][0x7]""[0x91][0xa6][0xc3]\J[0xb3]K1[0x97]q#[0x1c]eF[0xf4][0x8e]js[0x8b][0xc1][0x9d][0xa5]Pn[0x86][0x18]41A(K[\r]l1[0x84][0xb4][0x1]v[0xf0][0xe4]xKB3[0xcc][0x3][0x1c]f[0x88][0xe1][0xf3]A[0x14]f[0x83];o"M[0xde][\r][0xa2]0[0x1b][0xd4]y[0xd3][0x2]i[0x13][0xef][0xa0][0x9]3[0xb][0xa4][0xcd][0x87]4YW[0x8c]>[0x6]M[0xc5]^[0x84][0x5][0xd2]l[0xeb][0xd0]s;[0xa1]6[0xf6][0x80][0x96][0x89][0x16]H[0xf7]][0xc][0xa2][0xb4][0x8a][0x18][0x1e][0xa3][0xed]([0xa0][0x5][0xd2]vs[0xba][0xf][0xca]X M[0x83]c[0xf][0xfb][0x81]M[0x1a]Hs[0xe7][0xd8][0x9d][0x87]h[0x8b][0xd2]m[0x9f][0xa9][0x5][0xd2]d[0xfb][0x90]+[\n]"
15:04:35.606 [main] DEBUG org.apache.http.wire -  << "[0x90]v[0xcf]c[0xf][0xd0][0x1][0x8e]oB-[0x91][0x1][0x89]o[0xba][0x15][0x5]H[0xcb][0x11][0x86]^[0xca]B4[0x88][0xc0][0x5][0xa6]cQfzb~[0x9][0xe8][0xfc]-[0xd4]C[0xf0][0xa8]r[0x1c][0xa3][0x5][0xd2]z[0x8a]![0x17]TH[0x1b][0xd5][0xe9][0xb3]z[0xd0][0x2]i[0xc3]:8r[0x2][0x82]itx[0xa5][0x5][0xd2][0xa6]sz[0xf9][\r]Qf[0xd0][0xda]ot+[0x8][0x90][0xb6]a[0xd3][0xd8]OH[0x9b][0xa6]im[0x13]b[0xf2]i[0xc8][0xe5]Xc[0xb4][0xc2][0x8d]v[0xf9][0x7]i[0xef]%[0xce][0xf8]@T[0x82]D[0x1f]_k[0x81][0xb4]/R[0x1]c%[0x13]u[0x8a]d[0x13][0xba][0x5][0x12][0xd2]2[0x88]![0x97][0x94][0x90]VQ[0xe0][0x8c]`[0xea][0xc4][0x7][0xd2]y[0xeb][0xb4][0xb6][0x9]1[0xe8]Fk[0x9b][0x10]]YZ[0xdb][0x84][0x18][0xa9][0xa3][0xb5]Mt[0xab][0xc0][0x90][0xe][0x2][0xa7][0xb5][0x9f][0x10]e[0xc1][0x90][0xcb][0xa1]HK4[0x86][0x9e][0xdb][0x87]p%[0x8b]t[0x1a][0xf9][0xd0][0xb]wD[0x9]8[0xf4][0xdc][0x8e](2[0xf3]R[0xf2]s3S1[0x1a][0x8][0x89][0xd9][0xa5][\n]"
15:04:35.606 [main] DEBUG org.apache.http.wire -  << "[0xc5][0xa5][0xd9][0x89][\n]"
15:04:35.606 [main] DEBUG org.apache.http.wire -  << "[0x8][0x5][0xd0][0xd5][0xce]FDO[0x1]Z -^[0x81][0x96]>[0x98]w[0xd6][0xe3][0xab][0xf9][0xe8]7[0xc2][0x83]t[0xb2];N[0x97]"[0x1a]a[0xf8]v[0xce]Rs[0x8][0xda][0x1c][0xb1][0x80][\n]"
15:04:35.606 [main] DEBUG org.apache.http.wire -  << "[0xe2][0xaa]b[0xd3]b[0x8c][0x98][0x82][0x7] [0xfa][0x8e]d333<;[0x92][0x91]6[0x93]X M[0xd5]"[0xa2][0x1b][0xb5][0xf]O[0x95][0xf4]`[0x81][0xe8]N[0xd1][0xd6][0x1e][0xc4]r[0x9][0xda][0xda][0x83][0xa8][0xf3]hj[0xf][0xd2][0xbc]+m[0xed]A[0xa4]7[0xda][0xda][0x83]H[0x7][0xc1][0x95]y[0xa9]E[0xe9][0x99][0xe0]+[0x14] [0x97][0x88]`[0xbf][0xc6][0xc0][0xb3]([0x1f][0xb4].[0x1]V[0x6]Y[0x82]v[0xd5][0xe2]\L[0x86][0x94][0xb6]-[0x91][0xb6][0xe7]![0xe][0xb7][0x5][0x99][0xa6][0xe0][0x94]_R[0x92][0x83]Y[0xf2]9[0xe7][0x83][0xe]k*[0x1]I@m37[0x7]eD[0xe2]lC[0xd4][0xc6][0xc1]9[0xa9][0xa9][0xd9][\n]"
15:04:35.606 [main] DEBUG org.apache.http.wire -  << "[0xee]E[0x89]y[0x99]%[0xa9][\n]"
15:04:35.606 [main] DEBUG org.apache.http.wire -  << "[0xe1][0x89]99[0xa9]%[0x18][0x99][0x17]v[0xca].[0xa2]l11[0x0]m3'[0xce]2D0[0xe][0xb9]*[0x8]i{[\n]"
15:04:35.606 [main] DEBUG org.apache.http.wire -  << "[0xa4]h[0xa3][0xd9][0xf8][0x14][0xd2]1\[0xb4][0xb6][0x9]Q[0xec]8[0xa6][0x16][0xe5][0xa7]T[0xe6]%[0x82]NR[0x86][0xdd][0x10][0x12][0x2][0xba][0xaa][0x3]#[0x5][0xb8]V[0x14][0xa4][0xa6]d[0x96]$*[0x94][0x96][0x80][0xce][0xf2]SH[0xce]/*[0xc8]/"[0xef]0?[0xb][0xa4];&[0x91]3[0x96]Of^j[0x9e][0x82]Sb:[0xa6][0xed][0xc5]%[\n]"
15:04:35.606 [main] DEBUG org.apache.http.wire -  << "[0xa9]EE[0xf9]E[\n]"
15:04:35.606 [main] DEBUG org.apache.http.wire -  << "y[0x99][0x19][0x99]9 [0x17]d[0x96]([0x14]g[0xe6][0x95]([0x14][0xa5][0x16][0x95][0xe6]*[0x94][0xe6][0xe4]$[0x92]u[0xca][0x98][0x5][0xdd][0xf6][0x96]X[0x98] [0x8a]-[0x1a][0xc7]0[0xdd][0xce][0xfe][0xb2][0xa0][0xdb]~[0x19][0xb][0xba][0x9d]2f[0x81]tw[0xd4]@[0x97]W[0x0][0x0][0x0][0x0][0xff][0xff]"
15:04:35.606 [main] DEBUG org.apache.http.wire -  << "[\r][\n]"
15:04:35.606 [main] DEBUG org.apache.http.wire -  << "120[\r][\n]"
15:04:35.606 [main] DEBUG org.apache.http.wire -  << "[0xd2]QBm[0xde] &[0xc1][0x14][\n]"
15:04:35.606 [main] DEBUG org.apache.http.wire -  << "J[0x8b][\n]"
15:04:35.606 [main] DEBUG org.apache.http.wire -  << "[0xf2][0x8b]S[0x8b][0x95]j[0x91][0xaa][0x11][0xb][0xa4][0x85][0xce][0xd0]46X[0x9b][0xb2][0x98][0xab][0x9f]1][0x8a][0xa8]n[0xe8][0xd6][0x94]E[0xaa][0x18]izj[0x9e][0x5][0xe6])>[0x98][0xfe][0x87][0xb7][0x99][0xb1][0x9c]f@[0xbf]N[0x7][0xd2]A>8[0xd3][0xd4][0x0][0xc4][0x14][0xa2]s[0x88][0xd3]U[0x83]$[0xfc][0x10][0xed][0x1f][0x9c].[0x1d][0x80][0xf0]C[0xb4][0x2][0x6][0xe3][0x84];[0xa8]u9[0xd8]vlX [0xad][0xda][0xa6]i[0xc7][0x3][0xf3][0xee][0xa5][0xc1]Z6 -[0x14][0x1f]Di[0xdb][0x2]c0~[0xd0][0x86][0x1f][0xc6]`>[0xa6]K[0xe9]_6 [0x9d][0xb4]C[0xd3]t[0x8e]|[0xce][0xe][0xb8][0x1b][\n]"
15:04:35.606 [main] DEBUG org.apache.http.wire -  << "[0xeb]g*[0x84]'[0x96]$g`4|R[0x13]K2R[0x91][0x8e]4[0xb0]0[0x2]mU%[0xa6][0x17]j[0x81][0xb4]X[0x17][0xd2][0xe5][\r][0xcf][0xcf][0xcf]![0xbe][0xbf]kd[0x4]*[0x91][0x88][0xb3][0x9]1[0xdc][0x82][0xdc][0xbb][0x9][0xce][0xcc][0xc9]Vp[0xc6]z[0x9e]2[0xe4][0xb0]eD<[0x1b][0x19][0x81][0x86][0xba][0x88][0xb1][0xcc][0x12]i[0xe9]*[0xe2][0x0][\n]"
15:04:35.606 [main] DEBUG org.apache.http.wire -  << "[0x88]y[\n]"
15:04:35.606 [main] DEBUG org.apache.http.wire -  << "[0xce][0xf9][0x89][0x98]][0xf9][0xe0][0xfc][0x9c][0xd2][0x92]D[0x85][0xd4][0x12][0x85][0xe4][0xd2][0x82]LP[0x97][0xae]$[0x15][0xe9]$[\n]"
15:04:35.606 [main] DEBUG org.apache.http.wire -  << "[0xfc][0xe7][0xdb]#55-[0x91][0xef][0xd1][0x80][0x8d][0x8e][0x0][0x0][0x0][0x0][0xff][0xff]"
15:04:35.606 [main] DEBUG org.apache.http.wire -  << "[\r][\n]"
15:04:35.606 [main] DEBUG org.apache.http.wire -  << "497[\r][\n]"
15:04:35.606 [main] DEBUG org.apache.http.wire -  << "[0xca]LVp[0xce]/(H-R[0xf0][0xce][0xcb]L[0x3][0x8d]M[0xa0][0xb6]_![0xe]Cx[0xd4][0xc2][0x12][0xd4][0xc1]&[0xce][0xa3][0x88][0x9c]2[0xd4]Z[0xe5][0x96]H[0xb]I!i[0xf]zBH@b^[0x9][0xe6]HiPiR[0x12]r"75[0x3][0xdd][0x92]H\ !*u[0x88]E[0xf0][0xc][0x85][0xdd]*h[0x9f][0x1f][0x11]![0x96][0x16][0xa0][0xc9]Y[0xe2][0xec]B$s[0xe4]a[0x4][0xb8][0x8d][0xde][0xa9][0x95]I[0xf9][0x89]E)[0x84]s[0xb1][0x19][0xf8][0x98] [0xa2],EZ[0x16]:[0xe4]R[0x1][0xd2][0xcd][0x19][0xc1][0xb9][0x89]99HwWa-[0x15][0xb0]D[0xe](![0x11][0x17]N[0x88][0xb1][0x6][0xe4][0xfb][0x8f]!#,[0xd8][0xd3][0x2]xX[0x13][0x91][0x12][0xcc]-[0xc]M[0x89][0x1b][0x97][0xb7]DZw[0xea][0x91][0x9a]XV[0xa9][0xe0]RZR[0x89][0xf0][0x1d][0xce][0x84][0x0][0x1a][0xde]D[0xb6][0x10]4[0x14]C[0x9c][0xef][0x10][0xf5];[0xfc]V[\n]"
15:04:35.606 [main] DEBUG org.apache.http.wire -  << "[0xe7][0xfc][0x92][0x92][0xfc]<\[0x5]:$[0xc3]!,3[0xb1]4[0xb0] [0xd6]w[0x88][0x82][0x7][0xb9]8[0x7]9^[0xc1])5[0xf]K5[0x85]Y[0xca]Y[0x9a][0x13]k[0x19][0xa2]W[0x13]P[0x94][0x98]\[0x92][0x99][0x9c][0x98][0x3];[0x8b][0xdf][0x3]Ki[0xe][0x1d][0xb7]Ex[0xcc][0xd4][0x18][0xb4][0x0][0x91][0xb8]PD[0xea][0x97][0x80][0xd3]c@"[0xa8][0xe4][0xc6]^[0xf5][0xa2][0x7][0xa0][0x91]1hA[0x1d]q[0xf6] [\n]"
15:04:35.606 [main] DEBUG org.apache.http.wire -  << "[0xa5][0xa0]R[0xe4]:[0x2]k[0xfd][0x4][0xa9]?[0x10][0x1e][0xb2]4%[0xde]"[0xec]%[0x12][0xa4]<U[0xc0][0x16]|[0x10])[0x84]eF&[0xe6][0xc4]&[0xb]P0C;(H[0xd7]&@2[0x18][0xf6]Z[0x1e]=[0x8][0xcd][0x8c]A[0x19][0x87][0xa8] 4Bdg[0x9f][0xcc][0xf4][0x8c][0x92][0xf2]T[0x10][0xa9][0x0]1[0x11][0xab][0xcf][0xc2][0xf3][0xf3]SR[0x91][0xa6]"L-A[0xb][0xea][0x88][0xb3][0xc][0x91][0xbb][0x86]\[0x19]k[0x84][0x94]Y[0xc1]i[0x1a]6M[0xa2][0x80][0xbd][0xd0][0xc3](c[0xcd],L[0x8d][0x89][0xcc][0xab]H[0x97][0xb][0xc1]K!H[0x16][0xc2][0x96][0xd4]0[0xda][0xae]F[0xa6][0xa0][0xeb] [0x89][0x8b][0x11]DN[0x85]_[0xe8][\r][0xaf]g[0xb1]{[0xc]=[0x1b][0x19]Y[0x80][0x8e][0x6]%[0xce]6D~E[0xae][0xd8]q{[\r][0xd4][0xb2]E[0xe4]![0xe2][0x8f][0x19][0xb3]DZM[0xea]X[0x9e]Z[0x9c][0x9f][0x9b][0xaa][0x0]-[0xc6][0x83]32[0x8b][0xb0][0xb4]]KR[0xc1][0xe7][0xdf]B'[0xbc],,[0x89]=7[\r][0x9c][0xf8][0xa1][0xb9][0x15]1[0xbd][0x6]O[0x1b]8[\n]"
15:04:35.606 [main] DEBUG org.apache.http.wire -  << ""P[0x85][0x82][0xf0][0x97][0x85][0x5]h^[0x98][0xa8][0x10]4F[0x8c]""l[0x83][0x16][0xd5][\n]"
15:04:35.606 [main] DEBUG org.apache.http.wire -  << "[0x1]9[0x89][0xe0]Y;[0xd4][0x96]1[0xa8]:A[0xd8]el[0xc][0xda].J[0x9c]][0x88][0xa2][0x1]Z[0xba]B[0xb2]>[0xe]{0[0x12][0xbc][0xb9]!h[0xb4][0x81]8[0xab][0x10]kI[0xe0][0xc9][0x10][0x9a][0xac][0x15][0xb0][0x1e]v[0x7][0xf5]2[0xc2]_[0x16][0x86]D7e[0x91]n[0x81]][0x1f][0xf]O[0xf2][0xd8][0xab]]P[0x87][0xe]a[0x95][0x19][0xf1][0x13][0x94]HG[0xa6][\r][0xb9][0x2][0xf][0xe9][0x10]6[0xe4][0x9a][0x1][0x9e][0xb4]q[0xdc][0xd2][0x85][0x9a][0xdc]LM@sS[0xc4][0xa5][0x1]D[0x1d][0x8b]l[0x1f]<j[0xb0][0x15]}[0xa8][0x11]cj[0x8]:[0x14][0x99]([0xcb][0x90][0xe6][0x9][0x91]-[0x83]&p[0xec]3[0xf0][0xe8]U[0xba][0x89]!h[0xb]=q[0xd6]![0xb2]-R[0x95][0xe]n[0x17][0xe3][0xb8]r[\r],[0x87]HsF[0xc6][0xa0][0x13][0x5][0x89][0xb3][0xb][0x91]m[0x91][0xec][0x82]V[0xe8][0xd8][0xdb][0xf][0xb0]8E[0xd8]g[0xc]>K[0x88]8[0xfb][0x90][0xf2].[0xfc][0xf2]\xa[0x9b][0x9f][0x8a][0xd9][\r]E-[0xd5][0xcd][\r][0x89][0xae][0xad][0x90][0xe7][0x4][0x91][0x6][0x6][0xa0][0xb1][0x86]#[0x81][0xa0]4V[0xcc],[0x89]N[0x8f]H[0xd3][0x82][0xf0][[0xf2] 5[0x15][0xf6]v,z[0x8c][0x99][0x80]F0[0x89][0xb]AD[0xd3][0x1c][0xd2]}[0x83][0x96]n8[\n]"
15:04:35.606 [main] DEBUG org.apache.http.wire -  << "Z[0xa8],"[0xb2],MA[0x7]?[0x11]g[0x15][0xa2][0xbe][0xc7][0x18][0xd4][0xc1][0x16]~[0xe0]V'[0xc2]&3[0x3][0xa2]GU[0x90][0x97][0xc6][0x83]G[0xe0] [0xed][0x6]b[0xfd]dl[\n]"
15:04:35.606 [main] DEBUG org.apache.http.wire -  << ":[0x90][0x94](?!-/[0x1f]r[0x85],hL[0x4][0xda]z[0x80][0x8e]r[0xd3]h[0x97][0x92]%[0xa8][0xf1][0x9][0xb5][0x9][0xb9][0xc4][0x83][0xd6][0xda][\n]"
15:04:35.607 [main] DEBUG org.apache.http.wire -  << "8JsH[0xa4]![0x12][0x80][0xa9][0x9]hp[0x8e][0xb8]hA4[0xf6][0x11][0x1d]NX[0xa5][0x8e][0xbd][0x1c][0xc2]H[0xd9]&[0xa6][0xa0][0x95][0xc9][0xc4]Y[0x87]h[0x9f]#[\r][0x15][0x80]j#[0x1c]#[0x86]P[0x9f]#[0xfc]fdH[0xec]zAK[0xd0][0xd8]0[0x96][0xc0][0x4][0x17][0x1]8[0xfa][0x3][0xa8][0x85][0x9e][0x91][0x19][0xd1][0xcd]0[0xa4][0x15][0xec][0xd0]f[0x18][0xbc]J[0xc][0xce][0xc0]Z[0xbc][0xa2][0xb6]e-MAC[[0xc4][0x85]![0xa2]}[0xe][0xb5][\n]"
15:04:35.607 [main] DEBUG org.apache.http.wire -  << "[0x12][0xff]8[0x6][0x97][0xc1][0xde]E[0x84][0x9f][0x89]!h[0x16][0x8b]8[0x8b][0xb0][0xd7][0xf5][0xe0][0xd8][0xc2]^[0xf9][0x82]K^$[0xbb][0x88]o[0xc6][0x82]R[0x10]4[0xae][0xe0][0x9d])[0xa8][0xb7][0xb0]wp0[0x12][0x86][0x85][0x11][0xe8]*[0x2][0xa2]<[0x6][0xea]6@-C[0x1e][0x1d][0x3][0xb5]Sp$C[0xb4][0x12][0xd6][0xd2][0x10][0xd4][0xd1]$[0xce].DE[0x8f][0x92][0xa3][0xa1]c-X[0x97][0xdb][0xa1]E[0x99][0xb9]9[0xf1]>Cdg[0xa4][0xfc][0x5]mV`o6[0xa3]y[0x8d][0x84][0xe6][0x19](#B[0x83]q[0xc8][0x15][0xe9][0x98]k[0xbe]iU[0xa4]c[0xae][0xd9][0xa6][0x99]M[0x88][0xfc]J[0xe3]j[\n]"
15:04:35.607 [main] DEBUG org.apache.http.wire -  << "i[0xf1][0xe]-'[0x8]-A[0xb]Z[0xa1])[0x8c][0xa6][0xf6][0x0][0x0][0x0][0x0][0xff][0xff]"
15:04:35.607 [main] DEBUG org.apache.http.wire -  << "[\r][\n]"
15:04:35.607 [main] DEBUG org.apache.http.wire -  << "884[\r][\n]"
15:04:35.607 [main] DEBUG org.apache.http.wire -  << "BZ[0x8c]C[{[0x10]1DS{@E<=[0xc2][\r]4M[0x9][0xb5]' X[0x1]3][0xa7]'[0xe6][0xa6]*[0x98]*[0x14][0x97]$"M[0xda][0xe2]_[0xb9][0x84]<[0xc5][0x8][0xea][0xb9]A[0x8d][0xa7]q[0x82][0x6]uI[0xe9]c[0x13]h[0x18][0x8e]N6![0xba][0xb3]4[0xe]=P[0xf5]D'?![0xba][0xb1]4[0xf5][0x93][0x89][0x1][0xf2]l[0x1d]-W[0x2][0x9a][0x18] [0x9d]%Ck?[0xd1]/[0xf4][0x10][0xed][0x10]Z[0xfb][0x9][0xd1][0xa3][0xa0][0xb5]MH[0x3][0x0]4N[0x11][0x88][0xfe]f@F~^[0xaa]![0xe6][0x8d]h[0xe0]mT[0xa9])[0xb0]{[0x13][0x91][0x1a][0xdd]x[0xf]0F[0x14][0xaf]&[0x6]H[0xa7][0xba][0xd0]:[0xe8][0x10][0xf5][0x1e][0x8d]mB[0x9a][0x96][0xa3][0xb5]Mt*^M[0xc][0x90]f[0xff]h[0xed]'[0xba][0x15][0x10]H[0x17][0xe7][0x10][0xef]'D"'[0xf6]|[0x9][0x13][0x3][0xd0][0x0][0x15]=[0xea]&[0x13][0x3][0xa4][0xd1][0xea][0xdc][0xcc][0x9c]l[0x8c]u/[0x8][0xd7][0xe3][[0xcd][0x8e][0x9c]AA[0xb]"[0xa0]n[0xa7][0x96][0x89][0x88][0x8][0xa6][0xcb])8&[0x6]H[0xe7][0x86]x[0x16][0x80][0xca]2[0x5]CC[0x5]3[0x13][0x85][0xf4]$[0x8c][0x0][0xc2][0xb7]\[0x9b][0xf8][0x8]G[0xba]&[0x3][0xfb][0xc2]fD<[0xe0]o[0x89]Ro[0x8b][0xac][0x89][0x1][0xd2]P[0x14][0xed]B[0x81]z[0xe]6[0xb6]4GTv4[0xed][0xa9][0x80][0xd6][@[0x93][0xf8][0x90][0x1b]C[0x0]M[0x1d]@[0xdd]N[0x93][0xde][0xf][0xa2][\r]E[0x13][0xe3][0x11][\r]'[0x9a][0x18][0x8f]h[0xc3][0xd0][0xc2]x[0xa4]%[0xca][0xc4][0xd7][0x1f][0xa0]I.[0xe8][0xda][0x1]b[0xcb][0x13]cK[0xd0][0xbc][0x17]4[0x96]im[0x13]"[0xcf][0xd1][0xda]&D[0xe4][0xd0][0xda]&[0xc4]`5[0xad]m[0xa2][[0x1b][0x13]i[0xaf]6M[0xfd]db[0x80]tZ2[0xad]mB[0xc]S[0xd3][0xda]&D[0x13][0x84][0xd6]6![\n]"
15:04:35.607 [main] DEBUG org.apache.http.wire -  << "PZ[0xdb][0x84](Kim[0x13][0xa2][0x8c][0x18]b[0xf5][0xa5][0x89][0x81][0x1][0xa2][0xd4][0xc1][0xde]2Clo[0x1d][0x88]6[0x1a][0xd2]y[0xc7][0xd8][0x9d]7[0x10][0x8e][0x2][0xcd][\n]"
15:04:35.607 [main] DEBUG org.apache.http.wire -  << "Bk[0x9f]![0x17][0xdf][0xa0][0x85][0xbb]P[0xb7][0x13][0x9f]+[0x10][0x81]Ll[0x15]mb[0x0][0x9a][0x8c][0xa3][0x8f]EC8[0xf7]!-[0xb6][0x1c]r)[0x9][0xb4]v[0x99].[0x11][0x8c][0xb4]r[0x93][0xb6]I[0x16][0xb4]B[0x7][0xea]#*u[0xed]AK[0xcf][0xa8]l"[0xa2][0xfe][0xa4][0x96][0x1b][0xc9][0xa9]'[0xc9])[0x11][0xc8][0xba]o[0x97],[0x8b][0x10]u[0xda][0xd0][0xcb]U[0x88][0xb6]9[0xbd][0x6][0x83][0x10][0xad]L[0xea][\r][0x83][0x98][0xea](9'[0x96][0xa4][0xa6][0xe7][0x17]e[0xa6][0x16]+YE[0xa3][0x8c][0xa0]![0x12]\@[0xb0][0x9][0xe6][0x88]S[0xb1][0x89]BRb[0x11][0xe8],ph[0xbf][0xd0][0x98][0xd8]c[0xe3]L[0xc][0x90]N[0xae][0xa5]mYa[0x82][0x88]'[0xea]w[0xa5]M[0xc][0x90][0xd7][0x0][0xd2]v^[0x3][0xe9]x\[0xe2]C[0x8c][0x8c]N[0xbb][0x89][0x1][0xd2]jC[0xb2]l"v[0x84][0x16]ie l[0x95]:d[0xf7][0x17][0x8e]uD[0x81][0xa5][0x99][0x89][\n]"
15:04:35.607 [main] DEBUG org.apache.http.wire -  << "[0xa9][0xf9][0xc5][\n]"
15:04:35.607 [main] DEBUG org.apache.http.wire -  << "E[0x89]%[0x99][0xf9]y[0xa9][\n]"
15:04:35.607 [main] DEBUG org.apache.http.wire -  << "y[0xa9][0xc9][0xa9][0xc5][0xc5][0x99]%[0x89]%[0x99]I[0xa5][0xc5][\n]"
15:04:35.607 [main] DEBUG org.apache.http.wire -  << "i[0xa5][0xe9][0x99][0x89]%[\n]"
15:04:35.607 [main] DEBUG org.apache.http.wire -  << "[0x89]y[0x99][0xb9][0x99]H[0xbb]r[0x8d]@]N"[0x96][0x1b][0x99][0x18] - [0xa4][0xad][0xc7][0x11][0xe5][0x1e]Y[0xf6][0x10][0xdf][0xb8]C:[0x8e][0x7]i[0xa5]4t[0xf9][0x17][0xae][0x15][0x91][0xae][0x15][\n]"
15:04:35.607 [main] DEBUG org.apache.http.wire -  << "[0x85][0xa5][0x89][0xa9]E[0x89][0xa0][0xd3][0xaa][0x8a][0xc0][0xc1][[0x8c][0x14][0x9e][0xc4][0xee]r610[0xa5][0xdb][0xa8][0x2][0xd2][\n]"
15:04:35.607 [main] DEBUG org.apache.http.wire -  << "8[0xf8]Jf[0xf0]B0[0x5][0xe7][0xfc][0xdc][0x82][0xd2][0x12][0xf0][0x96]`[0xd4]M#[0x8e][0xc5][0x5][0xa9]E[0x99][0xf9]E[0xa9][0xc5][0x90][0xb3][0xb0][0xf2][0x93][0x93][0x13]S[0x93][0x13]K2[0x15][\n]"
15:04:35.607 [main] DEBUG org.apache.http.wire -  << "K[0xc9]K>[0xc8]+[0xe3]h6ZO[0xbd]qj[0x13][0x3][0xd0][0x9a]jh[0xab][0x87][0x96]S[0xa5]H7[0xe9][0xd2][0xd4][0x1a]DuESk[0x10][0xdd][0x18][0x8c]-[0xad]8[0x96][0x18];[0x96][0x96]([0xa4][0xe4][0xe7][0xe4][0x17][0xa5][0xe6]*[0x14][0xa5][0x16][0xa4][0xe6][0xe4][0xa4][0xe6][0xa5][0x94]"[0xe7])[0xe2][0xcb]([0xa4][0x15]q4[0xba][0x90][0xde][0xc4][0x0][0xe9] ,[0x9a][0xd9][0x81][0xb4][\n]"
15:04:35.607 [main] DEBUG org.apache.http.wire -  << "[0x8e]vv f[0x99]i8[0xf]cb[0x80]t[0x7]/m[0xed]AJ[0xe1][0xb4];[0xd3][0xd7][0xc4][0x0][0xb4][0xcf][0xc]V.[0xd0][0xd2][0x1e][0xd0][0xa9] P{h\[0xf]"[0xad][0xe9][0xa3]Yj[0x3]m[0x5][0x84][0xfa][0x86]vv [0xc6]ig[0x7][0xa2][0xe7]:x[0x86][0xf2][0x90][0x16]K[0xd2][0xb2]p[0x7][0xed]R[0x85][0xc6][0xe1][0xe0][0xf1];[0xd2][0xd1][0xc0]8[0xb3][0x9]9[0xdd]oz[0xad]<41[0xb0][0x1c][0x8c]I[\n]"
15:04:35.607 [main] DEBUG org.apache.http.wire -  << "[0xf9][0x0]%[0xa2][0xbb]nd[0x85]3[0xa2][0xb9]?[0x88][0x12][0x15]9ms2|[0xf][0xee]-[0xc][0xb6],e[0x88]t[0xf2][0x13][0xce],[0x85][0xb1][0xa2][0x86],[0xdf]#[\n]"
15:04:35.607 [main] DEBUG org.apache.http.wire -  << "l[0xe2]-"[0xa7][0xd7]n[0x8][0xda][0xb5]6[0xf8][0xc2][0x19][0xa9][0xb1]Lt[0x1e]#[0xcf][0xfb][0x88]LF[0xab][0x9a][0xd1][0x10]t[0xec][\r]4[0x88]i[0x1d][0x99][0x88][0xdc][0x19]P[0x94][0x9f]R[0x9a]\[0xa2][0xe0]X[0x9a][0x93][0x99][0xa8][0x80][0xb9][0x96]53/[0x13][0xb6][0x8e]U![0x11][0xae][0x6]:"G[0xe4]P[0x8c]![0xd2]L[0x19]}[0xec]C[0xb4][0xcc]i[0x1c][0x92]H[0xb][0xc4][0xe9][0xe3]3D[0x86][0xa7][0x8f]}[0x88][0xaa][0x95]>[0xf6]![0xfa] [0xf4][0xb1][0xf]Q[0x82]8[0x15]%&[0xa7]b;a[0xdf]71%U!?M!#3=[0x3]4t[0x95][0x93]YR[0xa9]P[0x90][0x9a]X[0x94][0x83]\[0x94][0x80]V7[0x13]3[0xc]hh[0x88](J\[0xc2]\[0x14][0xbc]3sSK[0x8a]K[0x15][0xf2][0xf2][0x15]"[0x13]3[0x93][0x12]1[0x6][0xc2][0x11][0xf5][0x82][0xa1][0x91][0x1][0xd1]C[0xe0][0x86]H+[0xc8]A[0xd6][0xf8][0x96][0xa6][0xa7][0xe6])[0x84][0x14]%f[0x82]N[0x1e]B[0x1d][0xab]"[0xd7][0x6]D)B#[0x1b]@a[\n]"
15:04:35.607 [main] DEBUG org.apache.http.wire -  << "-[0x11]ie[0x3][0xa2][0xa4][0xa0][0x95][\r][0x88]y[0x95]A[0xd3]<3D[0x9a][0xfe][0x1f]D[0x8e]B[0xe4][0xc5]A[0xe4]([0xc4][0x4][0xf][0x8d][0xab][0x12][0xa4]E[0x0][0xd8][0xbd]?[0xa0]Kp[0xc][0x91][0xa6][0xdf][0xb1];[0xf]Q[0x8a][0xd0]m[0xed][0xb6]![0xd2]T=vG[\r]p[0x98]!jO[0xec][0xce][0x1b][0x90]0CT[0xb1][0xe9][0x89][0xb9][0x99]X[0xae]2H[0xcb]/R[0x80]H![0xae]2[0xd0]Q[0x82][0xb6][0xf9][0x88][0x9e][0x1d]2$k[0xa2][0x1f][0xb9]J%v[0xb7][0x94]![0xd2])Q[0xb4][0xb9][0xa8][0xd4][0xc4][0x10][0xe9]0'[0xb2][0xca][0x1]b[0x9b][0xca][0xf4][0xba]5[0xd6][0xc4][0x10]iO[0xc]Y>">! [0xed][0x95][0xa1][0xb5]M[0x88][0xca][0x96][0xd6]6!r[0x11][0xad]m[0xa2][[\r]D[0xd2][0xcc]<x[0x93]#[0xd1][0xb9][0x95][0x8a][0xf3][0x8a][0x86]H[0x13][0xfb][0xc4][0x7]=[0xa2][0xa4]%>[0xdd]R:aO[0x82]M[0x88][0xa6][0xf][0xf1]^":[0xf0][0x91]V[0xdd][0x18][0xd2]m[0xd2][0xdc][0x10]i[0xd2][0x9c][0xc6]~B[0x9a][0x19][0x87][0xda][0x84]e9QNb[0xa5]ByfI[0x86]BVjq1[0xa8][0xb7][0x5]N[0xc0][0x88]d[0x81][0xbf][0xd1][0x82][0x1c][0x84]Hw[0x8e]BjI[0x8c].[0x1b][0x95]*P[0xa4][0x9][0xf4][0xa1][0xb6][0x80][0xcd][0xd0][0x8c][0x94][0xf2][0x11][0x1c][0x15]D'gj[0x96]%H[0xe7][0xe4]@[0x93][0xe][0xe6]I[0x19][0xf0][0x91][0xda][0x1]t&b[0xcc][0x0]{Cr`[0xdb][0xb9]H3[0xfa][0xd0]P$:[0x3]"[0xc5]:[0xf1]9[0x10]iv[0x1f]{p[0x10][0x9b][0xad][0xa9][0x99][0x94][0xcc][0x11]C[0x9][0xa4][0x6][0x2][0xb1][0xce]E.[0x85][0x90][0xce][0xdf][0x19]r[0x85][0x3][0xd2][0x8a][0x6]hP[\r][0xca]\[0x87]t[0xf4][0x10][0xd4][0x99]D'k[0xb2]bth[0x14][0x99]H[0xdb][0x8f][0x87]^[0xc2]C[0x94][0xa3][0xd0][0x18][0x1d][0x9c][0x9][0x8f][0x94]&[0xff][0xc0][0xd5]J[0xe6][0x88][0x1][0xe0]![0x97][0x12]HZ[0x1c]4pA[0x8c][0xb4][0xb2]h0'X[0xa4][0xc5]IC/% [0xa6][0xd4]h6[0xb5]k[0x81][0x18][0x8][0x84]F#[0xe6]]b[0xf0]f[0xe6][0x0][0xde](ib[0x8][0xba][0x15][0x1b]:[0xe5][0x82][0xd3][0xa5][0x88][0xca][\r][0xdf][0xa8][0x16]5[0xdb]VH[0xeb][0xb3]<[\n]"
15:04:35.607 [main] DEBUG org.apache.http.wire -  << "[0x14][0xc2]2[0xcb][0xf2][0x15]"[0x8d][0x8c]0[0xfa]][0xb9][0xa9][0xb9][0x99]9[0x99][0xd9][0x99][\n]"
15:04:35.607 [main] DEBUG org.apache.http.wire -  << "[0xc5][0x5][0xa9][0xc5][0x99]i[0x99][0xd9][0x89][0xc5][0x99][\n]"
15:04:35.607 [main] DEBUG org.apache.http.wire -  << "[0x95][0x89]y[0xe9][\n]"
15:04:35.607 [main] DEBUG org.apache.http.wire -  << "[0x89][0x5][0x99][0xa0]S_[0xa0]c[0x98][0xc6][0xa0]y4b[0xd7][0xed][0x1b]"[0xad][0xda][0x82][0x6][0x9]M[0x9b][0x1][0x98]'[0xeb][0xd1][0xd6]:D![0xe][0xf5][0x1d][0x9e]*[0x11]K[0xd2]$~[0x90][0x83][0xe8][0xe3][0xf5][0xf0]u[0xd3][0x8d][0x89][0x1e][0x14]&f][0x1b][0xbe]<G[0x82][0xc7]H[0x19]u[0x1c][0xb8][0xba][0x4]t`2j[0xd6][0xc6][0x11][0xd3]T[\n]"
15:04:35.607 [main] DEBUG org.apache.http.wire -  << "[0x8c]2[0xf][0x87]u[0x19][0x89][0xc5][\n]"
15:04:35.607 [main] DEBUG org.apache.http.wire -  << "[0x3][0x18]*[0xc4][0xb6][0xba][0xa9][0x14]*[0xa4][0x8c][0xf4][\r]`[0xa8][0xc][0x8d][0x86]2[0xd2][0xcd][0x91][0xd8][0x7][0x2][0x6]t\[0x4][0xbc][0xed][0x2][0x9a][0xe3][0x6][0xa5][0xf3][0x10][0xe5][0x16]v[0xe7]!*z[0xfc]c3T[0xac][0xea][0x8d][0xc][0x10][0xcd]1[0xec][0x8e][0x1a][0xe0](E[0x14][0x17][0xd8][0x9d]7 a6$[\n]"
15:04:35.607 [main] DEBUG org.apache.http.wire -  << "[0x15]#[0xa4]CF[0x8]75[0x6][0xac][0xec]3BZ[0x87][0x89]=[0x8a][0x7]6[0x5]"-[0xa6][0x84]\v[0x2][0xd9][0x89][0x88][0xed][0xf2][0x11][0xa7][0x9c][0xc4][0xbc][0x94][0xcc][0x92][0xcc][0xcc]b[0x85][0xe4][0xd2][0x9c][0x82]D[0x85][0xd4][0xbc][0xcc]\[0xd0]F[0xd6]D[0xa4][\r][0x97][0xa0]S[0x0][0x89]Y[0xb8]f[0x84]t[0xec][0xee][0xa0][0xc][0x17]D[0xc1]A[0x9b][0xa5]\F[0x86][0x88][0x16][0xcd][0xa0][0xc][0x0]bK[0x1][0xaa][0xb4]d[0x8c][0xd0][0xd6]1R[0x81][0xa1][0x11][0xd2][0x12][0xc6][0xc1]\^[0x18][0x12][0xdb][0x83][0xa2]N[0xb8]#-[0x8a][0xc4][0x1f]*T[0xb2][0xe]1[0xad][0xe1][0xb]Z[0xc][0x1e][0x9c][0x9f][0x9c][0x8c]e[0xbf]sr~R[0xa2]BrQjbI*l[0xbd]8[0xa2]&4&[0xb6][0xaf]m[0x84]t[0x9e].[0x95]l3[0xc4]}[0x4][0x85][0x91][0x11][0xa2][0xc8][0xa0][0xc1][0xe9][\r]FH[0xab],I[0x8d])r[0xa6][0xc5][0x8c]0[0xcf]Z[0x1a][0xa4][0xa3]LFH[0xf7]sBC[0x6][0xd3][0xa5][0x88][0xe4]C[0xa7]Q&#[0xa2][0xf]>[0xa6]R[0xce]B[0x8c][0xf2][0xf][0xc6][0xea][0x84][0xe8][0x83][0x9d][0xa8][0x13][0x1a]H[0xeb]KiT}#-[0x16][0xa5][0x95][\r][0x88][0xf2]d[0xd0][0xc5]([0x0][0x0][0x0][0xff][0xff]"
15:04:35.607 [main] DEBUG org.apache.http.wire -  << "[\r][\n]"
15:04:35.607 [main] DEBUG org.apache.http.wire -  << "69[\r][\n]"
15:04:35.607 [main] DEBUG org.apache.http.wire -  << "241B[0xba][0xb7]sP:[0xf]1[0xe6]@[0xed][0x3][0x81][0x8c][0x90][0x96]oR[0xdf]lb[0xeb][0xff][0x1][0x1d][0xe8]2[0xa2][0xdb]zO#,[0xeb]=[0x15][0x82]s2s1[0xc6][0xeb][0xa9]2[0xfc]j[0x4][0xba][0x90]r[0x10][0x8f][0xb2] [0xdf][0xb9][0x89]w[0x93]"u[0xca]Q[0xd3][0xc1]8@[0x81][0xb9]B[0xf][0xcf]X0%[0x93][0xc]FHk[0xe6][0xa0]-[0xb][0x1c]6Q'[0xb4][0x91][0xe][0x9f][0x19][0x8c]E*[0xd2]1[0xe8])[0xa9]"
15:04:35.607 [main] DEBUG org.apache.http.wire -  << "[\r][\n]"
15:04:35.607 [main] DEBUG org.apache.http.wire -  << "128[\r][\n]"
15:04:35.607 [main] DEBUG org.apache.http.wire -  << "[0xc5][0xc9]E[0x99][0x5][0xa0][0xa3][0xad]0[0xf2]!qM-[0xa4][0xd5]GFH[0x13][0x9a]T6[0x18][0x91]|iTI#[0xcd]%R[0xd9][0xe9][0x88][0xfa]kP[0xa6][0x5]D5[0x85][0xdd]y[0x88]T@[0xbf][0xd1]^[0xa4]9A[0xec][0x8e][0x1a][0xd8][0xb1]6[0xa4]3,[0xb0];o@[0xc2][0xc][0xd1][0xca][0xc4]_[0xc4][0x81][0xda][0x1b][0x14][0x15][0xa6][0x96][0x83]{[0xc0][0xb][0xe9][0x88][0x8d][0xc1][0x13];H[0xb7]^cw[0xd4][0xc0][0xa6]h[0xa4][0x93]1[0x7][0xa5][0xf3][0x8][0x15]R[0x3][0x1b]zH;d[0x6]c[0xe8]!mX[0x19][0x94][0xce][0xa3][0xef][0x0]5[0xd2][0xbd][0xcf][0x83]24[0x8]%[0xf5][0x81][0xa8][[0xe8][0xb6]i[0xc7][0x8]i[0xe7][0x85]o~iq*F[0xa3][0x14]_[0xe7][0x10][0xdf][0x88] r3[0x15][0xe9]*a[0x1a]Z[0x82][0x18][0xc7][0xa3]Q[0x93][0x15]s[0x5]M;5H[0xdb]+[0xa8][0xdb]BF[0xda]"Ae[0x83][0x9][0xad]d[0x18][0xd8]j[0x3]i#[0x1][0xf6][0x92]h [0xb2][0xba]9[0xcd]{ZH;[0x5][0xb0]{{[0x80]c[0x5][0x91]o[0xb1];o@b[0x5]Q+[0xd0][0xa8]0[0xc1]\[0xf9][0x8e]9[0xf7][0x82][0xaf][0xec]5[0xb2][0xb4]$[0xfa][0x14][0x1a]#[0xa4][0xf5][0xeb][0xb4][0xf2][0xe]"[0xeb]C{CT[0xf6][0xe]|q[0x93][0x1]"[0xc3][0xc0][0xcf][0xe4][0xc7][0xa8][0xb5][0xb0]m[0xfd][0xac][0x8d][0xad][0x8d][0xad][0xe5][0x2][0x0][0x0][0x0][0xff][0xff]"
15:04:35.607 [main] DEBUG org.apache.http.wire -  << "[\r][\n]"
15:04:35.607 [main] DEBUG org.apache.http.wire -  << "A[\r][\n]"
15:04:35.607 [main] DEBUG org.apache.http.wire -  << "[0x3][0x0][0xa7]tMO[0x6]R[0x1][0x0]"
15:04:35.607 [main] DEBUG org.apache.http.wire -  << "[\r][\n]"
15:04:35.607 [main] DEBUG org.apache.http.wire -  << "0[\r][\n]"
15:04:35.607 [main] DEBUG org.apache.http.wire -  << "[\r][\n]"
15:04:35.607 [main] DEBUG io.restassured.internal.RestAssuredHttpBuilder - Parsed data to instance of: class org.apache.http.conn.EofSensorInputStream
15:04:35.608 [main] DEBUG org.apache.http.impl.conn.BasicClientConnectionManager - Releasing connection org.apache.http.impl.conn.ManagedClientConnectionImpl@659ac28c
15:04:35.608 [main] DEBUG org.apache.http.impl.conn.BasicClientConnectionManager - Connection can be kept alive indefinitely
15:04:35.633 [main] DEBUG net.thucydides.core.steps.StepInterceptor - STEP DONE: I send GET HTTP request product
  &amp#27;[32mWhen &amp#27;[0m&amp#27;[32mI send GET HTTP request product&amp#27;[0m                &amp#27;[90m# starter.stepdefinitions.ProductSteps.sentGetHttpRequestProduct()&amp#27;[0m
15:04:35.637 [main] DEBUG net.thucydides.core.steps.StepInterceptor - STARTING STEP: ProductSteps.receiveValidHttp200Product - I receive valid HTTP response code 200 product
15:04:35.637 [main] DEBUG net.thucydides.core.steps.StepInterceptor - STEP DONE: I receive valid HTTP response code 200 product
  &amp#27;[32mThen &amp#27;[0m&amp#27;[32mI receive valid HTTP response code 200 product&amp#27;[0m &amp#27;[90m# starter.stepdefinitions.ProductSteps.receiveValidHttp200Product()&amp#27;[0m
15:04:35.638 [main] INFO  - 
  _____   ___   ___   _____     ___     _     ___   ___   ___   ___  
 |_   _| | __| / __| |_   _|   | _ \   /_\   / __| / __| | __| |   \ 
   | |   | _|  \__ \   | |     |  _/  / _ \  \__ \ \__ \ | _|  | |) |
   |_|   |___| |___/   |_|     |_|   /_/ \_\ |___/ |___/ |___| |___/ 

GET - Get product by ID
----------------------------------------------------------------------
]]></system-out>
  </testcase>
  <testcase name="GET - Get all product" classname="Product" time="0.085">
    <system-out><![CDATA[
Scenario: GET - Get all product                       &amp#27;[90m# src/test/resources/features/5. Product.feature:32&amp#27;[0m
15:04:35.641 [main] DEBUG io.cucumber.core.plugin.SerenityReporter - Running feature from file:///E:/APIMinpro/API/minpro/src/test/resources/features/5.%20Product.feature
15:04:35.643 [main] INFO  - 
  _____   ___   ___   _____     ___   _____     _     ___   _____   ___   ___  
 |_   _| | __| / __| |_   _|   / __| |_   _|   /_\   | _ \ |_   _| | __| |   \ 
   | |   | _|  \__ \   | |     \__ \   | |    / _ \  |   /   | |   | _|  | |) |
   |_|   |___| |___/   |_|     |___/   |_|   /_/ \_\ |_|_\   |_|   |___| |___/ 

GET - Get all product(product;get---get-all-product)
--------------------------------------------------------------------------------
15:04:35.648 [main] DEBUG net.thucydides.core.steps.StepInterceptor - STARTING STEP: ProductSteps.setGetApiEndpointsProduct2 - I set GET api endpoints product2
15:04:35.648 [main] DEBUG net.thucydides.core.steps.StepInterceptor - STEP DONE: I set GET api endpoints product2
  &amp#27;[32mGiven &amp#27;[0m&amp#27;[32mI set GET api endpoints product2&amp#27;[0m              &amp#27;[90m# starter.stepdefinitions.ProductSteps.setGetApiEndpointsProduct2()&amp#27;[0m
15:04:35.650 [main] DEBUG net.thucydides.core.steps.StepInterceptor - STARTING STEP: ProductSteps.sendGetHttpRequestProduct2 - I send GET HTTP request product2
15:04:35.651 [main] DEBUG net.thucydides.core.steps.StepInterceptor - STARTING STEP: Product.sendGetHttpRequestProduct2 - I set GET api endpoints product2
15:04:35.651 [main] DEBUG net.thucydides.core.steps.StepInterceptor - STEP DONE: I set GET api endpoints product2
15:04:35.654 [main] DEBUG org.apache.http.impl.conn.BasicClientConnectionManager - Get connection for route {s}->https://altashop-api.fly.dev:443
15:04:35.654 [main] DEBUG org.apache.http.impl.conn.DefaultClientConnectionOperator - Connecting to altashop-api.fly.dev:443
15:04:35.696 [main] DEBUG org.apache.http.client.protocol.RequestAddCookies - CookieSpec selected: ignoreCookies
15:04:35.696 [main] DEBUG org.apache.http.client.protocol.RequestAuthCache - Auth cache not set in the context
15:04:35.696 [main] DEBUG org.apache.http.client.protocol.RequestTargetAuthentication - Target auth state: UNCHALLENGED
15:04:35.696 [main] DEBUG org.apache.http.client.protocol.RequestProxyAuthentication - Proxy auth state: UNCHALLENGED
15:04:35.696 [main] DEBUG org.apache.http.impl.client.DefaultHttpClient - Attempt 1 to execute request
15:04:35.696 [main] DEBUG org.apache.http.impl.conn.DefaultClientConnection - Sending request: GET /api/products/13680 HTTP/1.1
15:04:35.696 [main] DEBUG org.apache.http.wire -  >> "GET /api/products/13680 HTTP/1.1[\r][\n]"
15:04:35.697 [main] DEBUG org.apache.http.wire -  >> "Accept: */*[\r][\n]"
15:04:35.697 [main] DEBUG org.apache.http.wire -  >> "Host: altashop-api.fly.dev[\r][\n]"
15:04:35.697 [main] DEBUG org.apache.http.wire -  >> "Connection: Keep-Alive[\r][\n]"
15:04:35.697 [main] DEBUG org.apache.http.wire -  >> "User-Agent: Apache-HttpClient/4.5.13 (Java/11.0.15.1)[\r][\n]"
15:04:35.697 [main] DEBUG org.apache.http.wire -  >> "Accept-Encoding: gzip,deflate[\r][\n]"
15:04:35.697 [main] DEBUG org.apache.http.wire -  >> "[\r][\n]"
15:04:35.697 [main] DEBUG org.apache.http.headers - >> GET /api/products/13680 HTTP/1.1
15:04:35.697 [main] DEBUG org.apache.http.headers - >> Accept: */*
15:04:35.697 [main] DEBUG org.apache.http.headers - >> Host: altashop-api.fly.dev
15:04:35.697 [main] DEBUG org.apache.http.headers - >> Connection: Keep-Alive
15:04:35.697 [main] DEBUG org.apache.http.headers - >> User-Agent: Apache-HttpClient/4.5.13 (Java/11.0.15.1)
15:04:35.697 [main] DEBUG org.apache.http.headers - >> Accept-Encoding: gzip,deflate
15:04:35.718 [main] DEBUG org.apache.http.wire -  << "HTTP/1.1 200 OK[\r][\n]"
15:04:35.718 [main] DEBUG org.apache.http.wire -  << "content-type: application/json[\r][\n]"
15:04:35.718 [main] DEBUG org.apache.http.wire -  << "date: Mon, 08 May 2023 08:04:34 GMT[\r][\n]"
15:04:35.718 [main] DEBUG org.apache.http.wire -  << "content-encoding: gzip[\r][\n]"
15:04:35.718 [main] DEBUG org.apache.http.wire -  << "transfer-encoding: chunked[\r][\n]"
15:04:35.718 [main] DEBUG org.apache.http.wire -  << "server: Fly/3f2597ca (2023-05-03)[\r][\n]"
15:04:35.718 [main] DEBUG org.apache.http.wire -  << "via: 1.1 fly.io[\r][\n]"
15:04:35.718 [main] DEBUG org.apache.http.wire -  << "fly-request-id: 01GZX684FV0WWT7VJ62MSPVGA0-sin[\r][\n]"
15:04:35.718 [main] DEBUG org.apache.http.wire -  << "[\r][\n]"
15:04:35.719 [main] DEBUG org.apache.http.impl.conn.DefaultClientConnection - Receiving response: HTTP/1.1 200 OK
15:04:35.719 [main] DEBUG org.apache.http.headers - << HTTP/1.1 200 OK
15:04:35.719 [main] DEBUG org.apache.http.headers - << content-type: application/json
15:04:35.719 [main] DEBUG org.apache.http.headers - << date: Mon, 08 May 2023 08:04:34 GMT
15:04:35.719 [main] DEBUG org.apache.http.headers - << content-encoding: gzip
15:04:35.719 [main] DEBUG org.apache.http.headers - << transfer-encoding: chunked
15:04:35.719 [main] DEBUG org.apache.http.headers - << server: Fly/3f2597ca (2023-05-03)
15:04:35.719 [main] DEBUG org.apache.http.headers - << via: 1.1 fly.io
15:04:35.719 [main] DEBUG org.apache.http.headers - << fly-request-id: 01GZX684FV0WWT7VJ62MSPVGA0-sin
15:04:35.719 [main] DEBUG org.apache.http.impl.client.DefaultHttpClient - Connection can be kept alive indefinitely
15:04:35.719 [main] DEBUG io.restassured.internal.RestAssuredHttpBuilder - Parsing response as: application/json
15:04:35.719 [main] DEBUG org.apache.http.wire -  << "94[\r][\n]"
15:04:35.719 [main] DEBUG org.apache.http.wire -  << "[0x1f][0x8b][0x8][0x0][0x0][0x0][0x0][0x0][0x4][0xff][0xab]VJI,IT[0xb2][0xaa]V[0xf2]tQ[0xb2]246[0xb3]0[0xd0]Q[0xf2]K[0xcc]MU[0xb2]R[0x8a]p[0xf2][0x8f]0T[0xd2]QrI-N.[0xca],([0xc9][0xcc][0xcf]S[0xb2]RR[0xd2]Q[\n]"
15:04:35.719 [main] DEBUG org.apache.http.wire -  << "([0xca]LNU[0xb2]2[0xb1][0xb4][0xd4]Q[\n]"
15:04:35.719 [main] DEBUG org.apache.http.wire -  << "J,[0xc9][0xcc]K/V[0xb2]2[0xd5]QrN,IM[0xcf]/[0xca]L-V[0xb2][0x8a][0x86][0x9a]hdjb[0x8]7[0xd1]=173/[0x1d][0xc3]H[0xb7][0xfc]"[0x85]t[0xb0][0x94]BAiQA~qj[0xb1]Rmlm-[0x17][0x0][0xec][0x81]1[0x94][0x9e][0x0][0x0][0x0]"
15:04:35.719 [main] DEBUG org.apache.http.wire -  << "[\r][\n]"
15:04:35.719 [main] DEBUG org.apache.http.wire -  << "0[\r][\n]"
15:04:35.719 [main] DEBUG org.apache.http.wire -  << "[\r][\n]"
15:04:35.719 [main] DEBUG io.restassured.internal.RestAssuredHttpBuilder - Parsed data to instance of: class org.apache.http.conn.EofSensorInputStream
15:04:35.720 [main] DEBUG org.apache.http.impl.conn.BasicClientConnectionManager - Releasing connection org.apache.http.impl.conn.ManagedClientConnectionImpl@4efa7d2f
15:04:35.720 [main] DEBUG org.apache.http.impl.conn.BasicClientConnectionManager - Connection can be kept alive indefinitely
15:04:35.720 [main] DEBUG net.thucydides.core.steps.StepInterceptor - STEP DONE: I send GET HTTP request product2
  &amp#27;[32mWhen &amp#27;[0m&amp#27;[32mI send GET HTTP request product2&amp#27;[0m               &amp#27;[90m# starter.stepdefinitions.ProductSteps.sendGetHttpRequestProduct2()&amp#27;[0m
15:04:35.722 [main] DEBUG net.thucydides.core.steps.StepInterceptor - STARTING STEP: ProductSteps.receiveValidHttp200Product - I receive valid HTTP response code 200 product
15:04:35.722 [main] DEBUG net.thucydides.core.steps.StepInterceptor - STEP DONE: I receive valid HTTP response code 200 product
  &amp#27;[32mThen &amp#27;[0m&amp#27;[32mI receive valid HTTP response code 200 product&amp#27;[0m &amp#27;[90m# starter.stepdefinitions.ProductSteps.receiveValidHttp200Product()&amp#27;[0m
15:04:35.723 [main] INFO  - 
  _____   ___   ___   _____     ___     _     ___   ___   ___   ___  
 |_   _| | __| / __| |_   _|   | _ \   /_\   / __| / __| | __| |   \ 
   | |   | _|  \__ \   | |     |  _/  / _ \  \__ \ \__ \ | _|  | |) |
   |_|   |___| |___/   |_|     |_|   /_/ \_\ |___/ |___/ |___| |___/ 

GET - Get all product
----------------------------------------------------------------------
]]></system-out>
  </testcase>
  <testcase name="GET - Get product by invalid ID" classname="Product" time="0.086">
    <system-out><![CDATA[
Scenario: GET - Get product by invalid ID             &amp#27;[90m# src/test/resources/features/5. Product.feature:37&amp#27;[0m
15:04:35.727 [main] DEBUG io.cucumber.core.plugin.SerenityReporter - Running feature from file:///E:/APIMinpro/API/minpro/src/test/resources/features/5.%20Product.feature
15:04:35.728 [main] INFO  - 
  _____   ___   ___   _____     ___   _____     _     ___   _____   ___   ___  
 |_   _| | __| / __| |_   _|   / __| |_   _|   /_\   | _ \ |_   _| | __| |   \ 
   | |   | _|  \__ \   | |     \__ \   | |    / _ \  |   /   | |   | _|  | |) |
   |_|   |___| |___/   |_|     |___/   |_|   /_/ \_\ |_|_\   |_|   |___| |___/ 

GET - Get product by invalid ID(product;get---get-product-by-invalid-id)
--------------------------------------------------------------------------------
15:04:35.734 [main] DEBUG net.thucydides.core.steps.StepInterceptor - STARTING STEP: ProductSteps.setGetApiEndpointsProduct3 - I set GET api endpoints product3
15:04:35.734 [main] DEBUG net.thucydides.core.steps.StepInterceptor - STEP DONE: I set GET api endpoints product3
  &amp#27;[32mGiven &amp#27;[0m&amp#27;[32mI set GET api endpoints product3&amp#27;[0m              &amp#27;[90m# starter.stepdefinitions.ProductSteps.setGetApiEndpointsProduct3()&amp#27;[0m
15:04:35.736 [main] DEBUG net.thucydides.core.steps.StepInterceptor - STARTING STEP: ProductSteps.sendGetHttpRequestProduct3 - I send GET HTTP request product3
15:04:35.737 [main] DEBUG net.thucydides.core.steps.StepInterceptor - STARTING STEP: Product.sendGetHttpRequestProduct3 - I set GET api endpoints product3
15:04:35.737 [main] DEBUG net.thucydides.core.steps.StepInterceptor - STEP DONE: I set GET api endpoints product3
15:04:35.740 [main] DEBUG org.apache.http.impl.conn.BasicClientConnectionManager - Get connection for route {s}->https://altashop-api.fly.dev:443
15:04:35.740 [main] DEBUG org.apache.http.impl.conn.DefaultClientConnectionOperator - Connecting to altashop-api.fly.dev:443
15:04:35.785 [main] DEBUG org.apache.http.client.protocol.RequestAddCookies - CookieSpec selected: ignoreCookies
15:04:35.785 [main] DEBUG org.apache.http.client.protocol.RequestAuthCache - Auth cache not set in the context
15:04:35.785 [main] DEBUG org.apache.http.client.protocol.RequestTargetAuthentication - Target auth state: UNCHALLENGED
15:04:35.785 [main] DEBUG org.apache.http.client.protocol.RequestProxyAuthentication - Proxy auth state: UNCHALLENGED
15:04:35.785 [main] DEBUG org.apache.http.impl.client.DefaultHttpClient - Attempt 1 to execute request
15:04:35.785 [main] DEBUG org.apache.http.impl.conn.DefaultClientConnection - Sending request: GET /api/products/-13000 HTTP/1.1
15:04:35.785 [main] DEBUG org.apache.http.wire -  >> "GET /api/products/-13000 HTTP/1.1[\r][\n]"
15:04:35.785 [main] DEBUG org.apache.http.wire -  >> "Accept: */*[\r][\n]"
15:04:35.785 [main] DEBUG org.apache.http.wire -  >> "Host: altashop-api.fly.dev[\r][\n]"
15:04:35.785 [main] DEBUG org.apache.http.wire -  >> "Connection: Keep-Alive[\r][\n]"
15:04:35.785 [main] DEBUG org.apache.http.wire -  >> "User-Agent: Apache-HttpClient/4.5.13 (Java/11.0.15.1)[\r][\n]"
15:04:35.785 [main] DEBUG org.apache.http.wire -  >> "Accept-Encoding: gzip,deflate[\r][\n]"
15:04:35.785 [main] DEBUG org.apache.http.wire -  >> "[\r][\n]"
15:04:35.785 [main] DEBUG org.apache.http.headers - >> GET /api/products/-13000 HTTP/1.1
15:04:35.785 [main] DEBUG org.apache.http.headers - >> Accept: */*
15:04:35.785 [main] DEBUG org.apache.http.headers - >> Host: altashop-api.fly.dev
15:04:35.785 [main] DEBUG org.apache.http.headers - >> Connection: Keep-Alive
15:04:35.785 [main] DEBUG org.apache.http.headers - >> User-Agent: Apache-HttpClient/4.5.13 (Java/11.0.15.1)
15:04:35.785 [main] DEBUG org.apache.http.headers - >> Accept-Encoding: gzip,deflate
15:04:35.805 [main] DEBUG org.apache.http.wire -  << "HTTP/1.1 500 Internal Server Error[\r][\n]"
15:04:35.805 [main] DEBUG org.apache.http.wire -  << "content-type: application/json[\r][\n]"
15:04:35.805 [main] DEBUG org.apache.http.wire -  << "date: Mon, 08 May 2023 08:04:35 GMT[\r][\n]"
15:04:35.805 [main] DEBUG org.apache.http.wire -  << "content-encoding: gzip[\r][\n]"
15:04:35.805 [main] DEBUG org.apache.http.wire -  << "transfer-encoding: chunked[\r][\n]"
15:04:35.805 [main] DEBUG org.apache.http.wire -  << "server: Fly/3f2597ca (2023-05-03)[\r][\n]"
15:04:35.805 [main] DEBUG org.apache.http.wire -  << "via: 1.1 fly.io[\r][\n]"
15:04:35.805 [main] DEBUG org.apache.http.wire -  << "fly-request-id: 01GZX684JMXYG9BPR99KT7EMSQ-sin[\r][\n]"
15:04:35.805 [main] DEBUG org.apache.http.wire -  << "[\r][\n]"
15:04:35.805 [main] DEBUG org.apache.http.impl.conn.DefaultClientConnection - Receiving response: HTTP/1.1 500 Internal Server Error
15:04:35.805 [main] DEBUG org.apache.http.headers - << HTTP/1.1 500 Internal Server Error
15:04:35.805 [main] DEBUG org.apache.http.headers - << content-type: application/json
15:04:35.805 [main] DEBUG org.apache.http.headers - << date: Mon, 08 May 2023 08:04:35 GMT
15:04:35.805 [main] DEBUG org.apache.http.headers - << content-encoding: gzip
15:04:35.805 [main] DEBUG org.apache.http.headers - << transfer-encoding: chunked
15:04:35.805 [main] DEBUG org.apache.http.headers - << server: Fly/3f2597ca (2023-05-03)
15:04:35.805 [main] DEBUG org.apache.http.headers - << via: 1.1 fly.io
15:04:35.805 [main] DEBUG org.apache.http.headers - << fly-request-id: 01GZX684JMXYG9BPR99KT7EMSQ-sin
15:04:35.805 [main] DEBUG org.apache.http.impl.client.DefaultHttpClient - Connection can be kept alive indefinitely
15:04:35.805 [main] DEBUG io.restassured.internal.RestAssuredHttpBuilder - Parsing response as: application/json
15:04:35.805 [main] DEBUG org.apache.http.wire -  << "5C[\r][\n]"
15:04:35.806 [main] DEBUG org.apache.http.wire -  << "[0x1f][0x8b][0x8][0x0][0x0][0x0][0x0][0x0][0x4][0xff][0xab]VJ-*[0xca]/R[0xb2]R2[0xb4]01137110767[0xb0]45[0xb6]034S[0xc8],VH/JM,I-R([0xc9]H[0xcc]S[0xc8]M[0xac][0xc8][0xcc]-[0xcd]U(K[0xcc])MUH[0xcb]/R[0xf0][0xcc]+1Q[0xaa][0xe5][0x2][0x0][0xf0][0xc5][0xea][0x99]H[0x0][0x0][0x0]"
15:04:35.806 [main] DEBUG org.apache.http.wire -  << "[\r][\n]"
15:04:35.806 [main] DEBUG org.apache.http.wire -  << "0[\r][\n]"
15:04:35.806 [main] DEBUG org.apache.http.wire -  << "[\r][\n]"
15:04:35.806 [main] DEBUG io.restassured.internal.RestAssuredHttpBuilder - Parsed data to instance of: class org.apache.http.conn.EofSensorInputStream
15:04:35.806 [main] DEBUG org.apache.http.impl.conn.BasicClientConnectionManager - Releasing connection org.apache.http.impl.conn.ManagedClientConnectionImpl@8d23cd8
15:04:35.806 [main] DEBUG org.apache.http.impl.conn.BasicClientConnectionManager - Connection can be kept alive indefinitely
15:04:35.806 [main] DEBUG net.thucydides.core.steps.StepInterceptor - STEP DONE: I send GET HTTP request product3
  &amp#27;[32mWhen &amp#27;[0m&amp#27;[32mI send GET HTTP request product3&amp#27;[0m               &amp#27;[90m# starter.stepdefinitions.ProductSteps.sendGetHttpRequestProduct3()&amp#27;[0m
15:04:35.808 [main] DEBUG net.thucydides.core.steps.StepInterceptor - STARTING STEP: ProductSteps.receiveValidHttp500Product - I receive valid HTTP response code 500 product
15:04:35.809 [main] DEBUG net.thucydides.core.steps.StepInterceptor - STEP DONE: I receive valid HTTP response code 500 product
  &amp#27;[32mThen &amp#27;[0m&amp#27;[32mI receive valid HTTP response code 500 product&amp#27;[0m &amp#27;[90m# starter.stepdefinitions.ProductSteps.receiveValidHttp500Product()&amp#27;[0m
15:04:35.810 [main] INFO  - 
  _____   ___   ___   _____     ___     _     ___   ___   ___   ___  
 |_   _| | __| / __| |_   _|   | _ \   /_\   / __| / __| | __| |   \ 
   | |   | _|  \__ \   | |     |  _/  / _ \  \__ \ \__ \ | _|  | |) |
   |_|   |___| |___/   |_|     |_|   /_/ \_\ |___/ |___/ |___| |___/ 

GET - Get product by invalid ID
----------------------------------------------------------------------
]]></system-out>
  </testcase>
  <testcase name="POST - Add new orders" classname="Order" time="0.103">
    <system-out><![CDATA[15:04:35.810 [main] DEBUG io.cucumber.core.plugin.SerenityReporter - Running feature from file:///E:/APIMinpro/API/minpro/src/test/resources/features/6.%20Order.feature
15:04:35.812 [main] DEBUG net.thucydides.core.steps.StepEventBus - Test suite started for story net.thucydides.core.model.Story@421cad1d
15:04:35.812 [main] INFO  - Test Suite Started: Order

Scenario: POST - Add new orders                     &amp#27;[90m# src/test/resources/features/6. Order.feature:7&amp#27;[0m
15:04:35.826 [Finalizer] DEBUG org.apache.http.impl.conn.DefaultClientConnection - Connection 0.0.0.0:60650<->149.248.193.56:443 closed
15:04:35.828 [main] DEBUG io.cucumber.core.plugin.SerenityReporter - Running feature from file:///E:/APIMinpro/API/minpro/src/test/resources/features/6.%20Order.feature
15:04:35.828 [Finalizer] DEBUG org.apache.http.impl.conn.DefaultClientConnection - Connection 0.0.0.0:60648<->149.248.193.56:443 closed
15:04:35.830 [Finalizer] DEBUG org.apache.http.impl.conn.DefaultClientConnection - Connection 0.0.0.0:60651<->149.248.193.56:443 closed
15:04:35.831 [Finalizer] DEBUG org.apache.http.impl.conn.DefaultClientConnection - Connection 0.0.0.0:60647<->149.248.193.56:443 closed
15:04:35.832 [Finalizer] DEBUG org.apache.http.impl.conn.DefaultClientConnection - Connection 0.0.0.0:60646<->149.248.193.56:443 closed
15:04:35.833 [Finalizer] DEBUG org.apache.http.impl.conn.DefaultClientConnection - Connection 0.0.0.0:60644<->149.248.193.56:443 closed
15:04:35.833 [main] INFO  - 
  _____   ___   ___   _____     ___   _____     _     ___   _____   ___   ___  
 |_   _| | __| / __| |_   _|   / __| |_   _|   /_\   | _ \ |_   _| | __| |   \ 
   | |   | _|  \__ \   | |     \__ \   | |    / _ \  |   /   | |   | _|  | |) |
   |_|   |___| |___/   |_|     |___/   |_|   /_/ \_\ |_|_\   |_|   |___| |___/ 

POST - Add new orders(order;post---add-new-orders)
--------------------------------------------------------------------------------
15:04:35.833 [Finalizer] DEBUG org.apache.http.impl.conn.DefaultClientConnection - Connection 0.0.0.0:60655<->149.248.193.56:443 closed
15:04:35.834 [Finalizer] DEBUG org.apache.http.impl.conn.DefaultClientConnection - Connection 0.0.0.0:60654<->149.248.193.56:443 closed
15:04:35.835 [Finalizer] DEBUG org.apache.http.impl.conn.DefaultClientConnection - Connection 0.0.0.0:60653<->149.248.193.56:443 closed
15:04:35.835 [Finalizer] DEBUG org.apache.http.impl.conn.DefaultClientConnection - Connection 0.0.0.0:60652<->149.248.193.56:443 closed
15:04:35.835 [Finalizer] DEBUG org.apache.http.impl.conn.DefaultClientConnection - Connection 0.0.0.0:60657<->149.248.193.56:443 closed
15:04:35.835 [Finalizer] DEBUG org.apache.http.impl.conn.DefaultClientConnection - Connection 0.0.0.0:60656<->149.248.193.56:443 closed
  &amp#27;[32mGiven &amp#27;[0m&amp#27;[32mI set POST api endpoints order&amp#27;[0m              &amp#27;[90m# starter.stepdefinitions.OrderSteps.setPostApiEndpointOrder()&amp#27;[0m
15:04:35.844 [main] DEBUG org.apache.http.impl.conn.BasicClientConnectionManager - Get connection for route {s}->https://altashop-api.fly.dev:443
15:04:35.845 [main] DEBUG org.apache.http.impl.conn.DefaultClientConnectionOperator - Connecting to altashop-api.fly.dev:443
15:04:35.886 [main] DEBUG org.apache.http.client.protocol.RequestAddCookies - CookieSpec selected: ignoreCookies
15:04:35.886 [main] DEBUG org.apache.http.client.protocol.RequestAuthCache - Auth cache not set in the context
15:04:35.886 [main] DEBUG org.apache.http.client.protocol.RequestProxyAuthentication - Proxy auth state: UNCHALLENGED
15:04:35.886 [main] DEBUG org.apache.http.impl.client.DefaultHttpClient - Attempt 1 to execute request
15:04:35.886 [main] DEBUG org.apache.http.impl.conn.DefaultClientConnection - Sending request: GET /api/orders HTTP/1.1
15:04:35.886 [main] DEBUG org.apache.http.wire -  >> "GET /api/orders HTTP/1.1[\r][\n]"
15:04:35.886 [main] DEBUG org.apache.http.wire -  >> "Authorization: Bearer eyJhbGciOiJIUzI1NiIsInR5cCI6IkpXVCJ9.eyJGdWxsbmFtZSI6IkFkaXR5YSBOdWdyYWhhIiwiRW1haWwiOiJhZGl0QGdtYWlsLmNvbSJ9.VM2lARkmmliu1pWtk1uhb8z5fGaElvH1jIoYM72Te3g[\r][\n]"
15:04:35.886 [main] DEBUG org.apache.http.wire -  >> "Accept: */*[\r][\n]"
15:04:35.886 [main] DEBUG org.apache.http.wire -  >> "Host: altashop-api.fly.dev[\r][\n]"
15:04:35.886 [main] DEBUG org.apache.http.wire -  >> "Connection: Keep-Alive[\r][\n]"
15:04:35.886 [main] DEBUG org.apache.http.wire -  >> "User-Agent: Apache-HttpClient/4.5.13 (Java/11.0.15.1)[\r][\n]"
15:04:35.886 [main] DEBUG org.apache.http.wire -  >> "Accept-Encoding: gzip,deflate[\r][\n]"
15:04:35.886 [main] DEBUG org.apache.http.wire -  >> "[\r][\n]"
15:04:35.886 [main] DEBUG org.apache.http.headers - >> GET /api/orders HTTP/1.1
15:04:35.886 [main] DEBUG org.apache.http.headers - >> Authorization: Bearer eyJhbGciOiJIUzI1NiIsInR5cCI6IkpXVCJ9.eyJGdWxsbmFtZSI6IkFkaXR5YSBOdWdyYWhhIiwiRW1haWwiOiJhZGl0QGdtYWlsLmNvbSJ9.VM2lARkmmliu1pWtk1uhb8z5fGaElvH1jIoYM72Te3g
15:04:35.886 [main] DEBUG org.apache.http.headers - >> Accept: */*
15:04:35.886 [main] DEBUG org.apache.http.headers - >> Host: altashop-api.fly.dev
15:04:35.886 [main] DEBUG org.apache.http.headers - >> Connection: Keep-Alive
15:04:35.886 [main] DEBUG org.apache.http.headers - >> User-Agent: Apache-HttpClient/4.5.13 (Java/11.0.15.1)
15:04:35.886 [main] DEBUG org.apache.http.headers - >> Accept-Encoding: gzip,deflate
15:04:35.910 [main] DEBUG org.apache.http.wire -  << "HTTP/1.1 200 OK[\r][\n]"
15:04:35.911 [main] DEBUG org.apache.http.wire -  << "content-type: application/json[\r][\n]"
15:04:35.911 [main] DEBUG org.apache.http.wire -  << "date: Mon, 08 May 2023 08:04:35 GMT[\r][\n]"
15:04:35.911 [main] DEBUG org.apache.http.wire -  << "content-encoding: gzip[\r][\n]"
15:04:35.911 [main] DEBUG org.apache.http.wire -  << "transfer-encoding: chunked[\r][\n]"
15:04:35.911 [main] DEBUG org.apache.http.wire -  << "server: Fly/3f2597ca (2023-05-03)[\r][\n]"
15:04:35.911 [main] DEBUG org.apache.http.wire -  << "via: 1.1 fly.io[\r][\n]"
15:04:35.911 [main] DEBUG org.apache.http.wire -  << "fly-request-id: 01GZX684NR1WWMFP7Q1FAYSBNH-sin[\r][\n]"
15:04:35.911 [main] DEBUG org.apache.http.wire -  << "[\r][\n]"
15:04:35.911 [main] DEBUG org.apache.http.impl.conn.DefaultClientConnection - Receiving response: HTTP/1.1 200 OK
15:04:35.911 [main] DEBUG org.apache.http.headers - << HTTP/1.1 200 OK
15:04:35.911 [main] DEBUG org.apache.http.headers - << content-type: application/json
15:04:35.911 [main] DEBUG org.apache.http.headers - << date: Mon, 08 May 2023 08:04:35 GMT
15:04:35.911 [main] DEBUG org.apache.http.headers - << content-encoding: gzip
15:04:35.911 [main] DEBUG org.apache.http.headers - << transfer-encoding: chunked
15:04:35.911 [main] DEBUG org.apache.http.headers - << server: Fly/3f2597ca (2023-05-03)
15:04:35.911 [main] DEBUG org.apache.http.headers - << via: 1.1 fly.io
15:04:35.911 [main] DEBUG org.apache.http.headers - << fly-request-id: 01GZX684NR1WWMFP7Q1FAYSBNH-sin
15:04:35.911 [main] DEBUG org.apache.http.impl.client.DefaultHttpClient - Connection can be kept alive indefinitely
15:04:35.911 [main] DEBUG io.restassured.internal.RestAssuredHttpBuilder - Parsing response as: application/json
15:04:35.911 [main] DEBUG org.apache.http.wire -  << "20[\r][\n]"
15:04:35.911 [main] DEBUG org.apache.http.wire -  << "[0x1f][0x8b][0x8][0x0][0x0][0x0][0x0][0x0][0x4][0xff][0xab]VJI,IT[0xb2][0x8a][0x8e][0xad][0xe5][0x2][0x0][0xaa][0xe3][0xeb][0xc5][0xc][0x0][0x0][0x0]"
15:04:35.911 [main] DEBUG org.apache.http.wire -  << "[\r][\n]"
15:04:35.911 [main] DEBUG org.apache.http.wire -  << "0[\r][\n]"
15:04:35.911 [main] DEBUG org.apache.http.wire -  << "[\r][\n]"
15:04:35.911 [main] DEBUG io.restassured.internal.RestAssuredHttpBuilder - Parsed data to instance of: class org.apache.http.conn.EofSensorInputStream
15:04:35.912 [main] DEBUG org.apache.http.impl.conn.BasicClientConnectionManager - Releasing connection org.apache.http.impl.conn.ManagedClientConnectionImpl@10f60e36
15:04:35.912 [main] DEBUG org.apache.http.impl.conn.BasicClientConnectionManager - Connection can be kept alive indefinitely
  &amp#27;[32mWhen &amp#27;[0m&amp#27;[32mI send POST HTTP request order&amp#27;[0m               &amp#27;[90m# starter.stepdefinitions.OrderSteps.sentPostHttpRequestOrder()&amp#27;[0m
  &amp#27;[32mThen &amp#27;[0m&amp#27;[32mI receive valid HTTP response code 200 order&amp#27;[0m &amp#27;[90m# starter.stepdefinitions.OrderSteps.receiveValidHttp200Order()&amp#27;[0m
15:04:35.915 [main] INFO  - 
  _____   ___   ___   _____     ___     _     ___   ___   ___   ___  
 |_   _| | __| / __| |_   _|   | _ \   /_\   / __| / __| | __| |   \ 
   | |   | _|  \__ \   | |     |  _/  / _ \  \__ \ \__ \ | _|  | |) |
   |_|   |___| |___/   |_|     |_|   /_/ \_\ |___/ |___/ |___| |___/ 

POST - Add new orders
----------------------------------------------------------------------
]]></system-out>
  </testcase>
  <testcase name="GET - Get all order" classname="Order" time="0.085">
    <system-out><![CDATA[
Scenario: GET - Get all order                       &amp#27;[90m# src/test/resources/features/6. Order.feature:12&amp#27;[0m
15:04:35.917 [main] DEBUG io.cucumber.core.plugin.SerenityReporter - Running feature from file:///E:/APIMinpro/API/minpro/src/test/resources/features/6.%20Order.feature
15:04:35.918 [main] INFO  - 
  _____   ___   ___   _____     ___   _____     _     ___   _____   ___   ___  
 |_   _| | __| / __| |_   _|   / __| |_   _|   /_\   | _ \ |_   _| | __| |   \ 
   | |   | _|  \__ \   | |     \__ \   | |    / _ \  |   /   | |   | _|  | |) |
   |_|   |___| |___/   |_|     |___/   |_|   /_/ \_\ |_|_\   |_|   |___| |___/ 

GET - Get all order(order;get---get-all-order)
--------------------------------------------------------------------------------
  &amp#27;[32mGiven &amp#27;[0m&amp#27;[32mI set GET api endpoints order&amp#27;[0m               &amp#27;[90m# starter.stepdefinitions.OrderSteps.setGetApiEndpointOrder()&amp#27;[0m
15:04:35.928 [main] DEBUG org.apache.http.impl.conn.BasicClientConnectionManager - Get connection for route {s}->https://altashop-api.fly.dev:443
15:04:35.928 [main] DEBUG org.apache.http.impl.conn.DefaultClientConnectionOperator - Connecting to altashop-api.fly.dev:443
15:04:35.971 [main] DEBUG org.apache.http.client.protocol.RequestAddCookies - CookieSpec selected: ignoreCookies
15:04:35.971 [main] DEBUG org.apache.http.client.protocol.RequestAuthCache - Auth cache not set in the context
15:04:35.971 [main] DEBUG org.apache.http.client.protocol.RequestProxyAuthentication - Proxy auth state: UNCHALLENGED
15:04:35.971 [main] DEBUG org.apache.http.impl.client.DefaultHttpClient - Attempt 1 to execute request
15:04:35.971 [main] DEBUG org.apache.http.impl.conn.DefaultClientConnection - Sending request: GET /api/orders HTTP/1.1
15:04:35.971 [main] DEBUG org.apache.http.wire -  >> "GET /api/orders HTTP/1.1[\r][\n]"
15:04:35.971 [main] DEBUG org.apache.http.wire -  >> "Authorization: Bearer eyJhbGciOiJIUzI1NiIsInR5cCI6IkpXVCJ9.eyJGdWxsbmFtZSI6IkFkaXR5YSBOdWdyYWhhIiwiRW1haWwiOiJhZGl0QGdtYWlsLmNvbSJ9.VM2lARkmmliu1pWtk1uhb8z5fGaElvH1jIoYM72Te3g[\r][\n]"
15:04:35.971 [main] DEBUG org.apache.http.wire -  >> "Accept: */*[\r][\n]"
15:04:35.971 [main] DEBUG org.apache.http.wire -  >> "Host: altashop-api.fly.dev[\r][\n]"
15:04:35.971 [main] DEBUG org.apache.http.wire -  >> "Connection: Keep-Alive[\r][\n]"
15:04:35.971 [main] DEBUG org.apache.http.wire -  >> "User-Agent: Apache-HttpClient/4.5.13 (Java/11.0.15.1)[\r][\n]"
15:04:35.971 [main] DEBUG org.apache.http.wire -  >> "Accept-Encoding: gzip,deflate[\r][\n]"
15:04:35.971 [main] DEBUG org.apache.http.wire -  >> "[\r][\n]"
15:04:35.971 [main] DEBUG org.apache.http.headers - >> GET /api/orders HTTP/1.1
15:04:35.971 [main] DEBUG org.apache.http.headers - >> Authorization: Bearer eyJhbGciOiJIUzI1NiIsInR5cCI6IkpXVCJ9.eyJGdWxsbmFtZSI6IkFkaXR5YSBOdWdyYWhhIiwiRW1haWwiOiJhZGl0QGdtYWlsLmNvbSJ9.VM2lARkmmliu1pWtk1uhb8z5fGaElvH1jIoYM72Te3g
15:04:35.971 [main] DEBUG org.apache.http.headers - >> Accept: */*
15:04:35.971 [main] DEBUG org.apache.http.headers - >> Host: altashop-api.fly.dev
15:04:35.971 [main] DEBUG org.apache.http.headers - >> Connection: Keep-Alive
15:04:35.971 [main] DEBUG org.apache.http.headers - >> User-Agent: Apache-HttpClient/4.5.13 (Java/11.0.15.1)
15:04:35.971 [main] DEBUG org.apache.http.headers - >> Accept-Encoding: gzip,deflate
15:04:35.995 [main] DEBUG org.apache.http.wire -  << "HTTP/1.1 200 OK[\r][\n]"
15:04:35.996 [main] DEBUG org.apache.http.wire -  << "content-type: application/json[\r][\n]"
15:04:35.996 [main] DEBUG org.apache.http.wire -  << "date: Mon, 08 May 2023 08:04:35 GMT[\r][\n]"
15:04:35.996 [main] DEBUG org.apache.http.wire -  << "content-encoding: gzip[\r][\n]"
15:04:35.996 [main] DEBUG org.apache.http.wire -  << "transfer-encoding: chunked[\r][\n]"
15:04:35.996 [main] DEBUG org.apache.http.wire -  << "server: Fly/3f2597ca (2023-05-03)[\r][\n]"
15:04:35.996 [main] DEBUG org.apache.http.wire -  << "via: 1.1 fly.io[\r][\n]"
15:04:35.996 [main] DEBUG org.apache.http.wire -  << "fly-request-id: 01GZX684REEQA0523SRMJZ1423-sin[\r][\n]"
15:04:35.996 [main] DEBUG org.apache.http.wire -  << "[\r][\n]"
15:04:35.996 [main] DEBUG org.apache.http.impl.conn.DefaultClientConnection - Receiving response: HTTP/1.1 200 OK
15:04:35.996 [main] DEBUG org.apache.http.headers - << HTTP/1.1 200 OK
15:04:35.996 [main] DEBUG org.apache.http.headers - << content-type: application/json
15:04:35.996 [main] DEBUG org.apache.http.headers - << date: Mon, 08 May 2023 08:04:35 GMT
15:04:35.996 [main] DEBUG org.apache.http.headers - << content-encoding: gzip
15:04:35.996 [main] DEBUG org.apache.http.headers - << transfer-encoding: chunked
15:04:35.996 [main] DEBUG org.apache.http.headers - << server: Fly/3f2597ca (2023-05-03)
15:04:35.996 [main] DEBUG org.apache.http.headers - << via: 1.1 fly.io
15:04:35.996 [main] DEBUG org.apache.http.headers - << fly-request-id: 01GZX684REEQA0523SRMJZ1423-sin
15:04:35.996 [main] DEBUG org.apache.http.impl.client.DefaultHttpClient - Connection can be kept alive indefinitely
15:04:35.996 [main] DEBUG io.restassured.internal.RestAssuredHttpBuilder - Parsing response as: application/json
15:04:35.996 [main] DEBUG org.apache.http.wire -  << "20[\r][\n]"
15:04:35.996 [main] DEBUG org.apache.http.wire -  << "[0x1f][0x8b][0x8][0x0][0x0][0x0][0x0][0x0][0x4][0xff][0xab]VJI,IT[0xb2][0x8a][0x8e][0xad][0xe5][0x2][0x0][0xaa][0xe3][0xeb][0xc5][0xc][0x0][0x0][0x0]"
15:04:35.996 [main] DEBUG org.apache.http.wire -  << "[\r][\n]"
15:04:35.996 [main] DEBUG org.apache.http.wire -  << "0[\r][\n]"
15:04:35.996 [main] DEBUG org.apache.http.wire -  << "[\r][\n]"
15:04:35.996 [main] DEBUG io.restassured.internal.RestAssuredHttpBuilder - Parsed data to instance of: class org.apache.http.conn.EofSensorInputStream
15:04:35.997 [main] DEBUG org.apache.http.impl.conn.BasicClientConnectionManager - Releasing connection org.apache.http.impl.conn.ManagedClientConnectionImpl@19b8f1bd
15:04:35.997 [main] DEBUG org.apache.http.impl.conn.BasicClientConnectionManager - Connection can be kept alive indefinitely
  &amp#27;[32mWhen &amp#27;[0m&amp#27;[32mI send GET HTTP request order&amp#27;[0m                &amp#27;[90m# starter.stepdefinitions.OrderSteps.sendGetHttpRequestOrder()&amp#27;[0m
  &amp#27;[32mThen &amp#27;[0m&amp#27;[32mI receive valid HTTP response code 200 order&amp#27;[0m &amp#27;[90m# starter.stepdefinitions.OrderSteps.receiveValidHttp200Order()&amp#27;[0m
15:04:36.000 [main] INFO  - 
  _____   ___   ___   _____     ___     _     ___   ___   ___   ___  
 |_   _| | __| / __| |_   _|   | _ \   /_\   / __| / __| | __| |   \ 
   | |   | _|  \__ \   | |     |  _/  / _ \  \__ \ \__ \ | _|  | |) |
   |_|   |___| |___/   |_|     |_|   /_/ \_\ |___/ |___/ |___| |___/ 

GET - Get all order
----------------------------------------------------------------------
]]></system-out>
  </testcase>
  <testcase name="GET - Get all order without login" classname="Order" time="0.078">
    <system-out><![CDATA[
Scenario: GET - Get all order without login         &amp#27;[90m# src/test/resources/features/6. Order.feature:17&amp#27;[0m
15:04:36.002 [main] DEBUG io.cucumber.core.plugin.SerenityReporter - Running feature from file:///E:/APIMinpro/API/minpro/src/test/resources/features/6.%20Order.feature
15:04:36.003 [main] INFO  - 
  _____   ___   ___   _____     ___   _____     _     ___   _____   ___   ___  
 |_   _| | __| / __| |_   _|   / __| |_   _|   /_\   | _ \ |_   _| | __| |   \ 
   | |   | _|  \__ \   | |     \__ \   | |    / _ \  |   /   | |   | _|  | |) |
   |_|   |___| |___/   |_|     |___/   |_|   /_/ \_\ |_|_\   |_|   |___| |___/ 

GET - Get all order without login(order;get---get-all-order-without-login)
--------------------------------------------------------------------------------
  &amp#27;[32mGiven &amp#27;[0m&amp#27;[32mI set GET api endpoints order&amp#27;[0m               &amp#27;[90m# starter.stepdefinitions.OrderSteps.setGetApiEndpointOrder()&amp#27;[0m
15:04:36.011 [main] DEBUG org.apache.http.impl.conn.BasicClientConnectionManager - Get connection for route {s}->https://altashop-api.fly.dev:443
15:04:36.011 [main] DEBUG org.apache.http.impl.conn.DefaultClientConnectionOperator - Connecting to altashop-api.fly.dev:443
15:04:36.053 [main] DEBUG org.apache.http.client.protocol.RequestAddCookies - CookieSpec selected: ignoreCookies
15:04:36.053 [main] DEBUG org.apache.http.client.protocol.RequestAuthCache - Auth cache not set in the context
15:04:36.053 [main] DEBUG org.apache.http.client.protocol.RequestTargetAuthentication - Target auth state: UNCHALLENGED
15:04:36.053 [main] DEBUG org.apache.http.client.protocol.RequestProxyAuthentication - Proxy auth state: UNCHALLENGED
15:04:36.053 [main] DEBUG org.apache.http.impl.client.DefaultHttpClient - Attempt 1 to execute request
15:04:36.053 [main] DEBUG org.apache.http.impl.conn.DefaultClientConnection - Sending request: GET /api/orders HTTP/1.1
15:04:36.053 [main] DEBUG org.apache.http.wire -  >> "GET /api/orders HTTP/1.1[\r][\n]"
15:04:36.053 [main] DEBUG org.apache.http.wire -  >> "Accept: */*[\r][\n]"
15:04:36.053 [main] DEBUG org.apache.http.wire -  >> "Host: altashop-api.fly.dev[\r][\n]"
15:04:36.053 [main] DEBUG org.apache.http.wire -  >> "Connection: Keep-Alive[\r][\n]"
15:04:36.053 [main] DEBUG org.apache.http.wire -  >> "User-Agent: Apache-HttpClient/4.5.13 (Java/11.0.15.1)[\r][\n]"
15:04:36.053 [main] DEBUG org.apache.http.wire -  >> "Accept-Encoding: gzip,deflate[\r][\n]"
15:04:36.053 [main] DEBUG org.apache.http.wire -  >> "[\r][\n]"
15:04:36.053 [main] DEBUG org.apache.http.headers - >> GET /api/orders HTTP/1.1
15:04:36.053 [main] DEBUG org.apache.http.headers - >> Accept: */*
15:04:36.053 [main] DEBUG org.apache.http.headers - >> Host: altashop-api.fly.dev
15:04:36.053 [main] DEBUG org.apache.http.headers - >> Connection: Keep-Alive
15:04:36.053 [main] DEBUG org.apache.http.headers - >> User-Agent: Apache-HttpClient/4.5.13 (Java/11.0.15.1)
15:04:36.053 [main] DEBUG org.apache.http.headers - >> Accept-Encoding: gzip,deflate
15:04:36.073 [main] DEBUG org.apache.http.wire -  << "HTTP/1.1 401 Unauthorized[\r][\n]"
15:04:36.073 [main] DEBUG org.apache.http.wire -  << "content-type: application/json[\r][\n]"
15:04:36.073 [main] DEBUG org.apache.http.wire -  << "date: Mon, 08 May 2023 08:04:35 GMT[\r][\n]"
15:04:36.073 [main] DEBUG org.apache.http.wire -  << "content-encoding: gzip[\r][\n]"
15:04:36.073 [main] DEBUG org.apache.http.wire -  << "transfer-encoding: chunked[\r][\n]"
15:04:36.073 [main] DEBUG org.apache.http.wire -  << "server: Fly/3f2597ca (2023-05-03)[\r][\n]"
15:04:36.073 [main] DEBUG org.apache.http.wire -  << "via: 1.1 fly.io[\r][\n]"
15:04:36.073 [main] DEBUG org.apache.http.wire -  << "fly-request-id: 01GZX684TY1MJVMX0EB6AKJP5A-sin[\r][\n]"
15:04:36.073 [main] DEBUG org.apache.http.wire -  << "[\r][\n]"
15:04:36.073 [main] DEBUG org.apache.http.impl.conn.DefaultClientConnection - Receiving response: HTTP/1.1 401 Unauthorized
15:04:36.073 [main] DEBUG org.apache.http.headers - << HTTP/1.1 401 Unauthorized
15:04:36.073 [main] DEBUG org.apache.http.headers - << content-type: application/json
15:04:36.073 [main] DEBUG org.apache.http.headers - << date: Mon, 08 May 2023 08:04:35 GMT
15:04:36.073 [main] DEBUG org.apache.http.headers - << content-encoding: gzip
15:04:36.073 [main] DEBUG org.apache.http.headers - << transfer-encoding: chunked
15:04:36.073 [main] DEBUG org.apache.http.headers - << server: Fly/3f2597ca (2023-05-03)
15:04:36.073 [main] DEBUG org.apache.http.headers - << via: 1.1 fly.io
15:04:36.073 [main] DEBUG org.apache.http.headers - << fly-request-id: 01GZX684TY1MJVMX0EB6AKJP5A-sin
15:04:36.073 [main] DEBUG org.apache.http.impl.client.DefaultHttpClient - Connection can be kept alive indefinitely
15:04:36.073 [main] DEBUG org.apache.http.impl.client.DefaultHttpClient - Authentication required
15:04:36.073 [main] DEBUG org.apache.http.impl.client.DefaultHttpClient - altashop-api.fly.dev:443 requested authentication
15:04:36.073 [main] DEBUG org.apache.http.impl.client.DefaultHttpClient - Response contains no authentication challenges
15:04:36.073 [main] DEBUG io.restassured.internal.RestAssuredHttpBuilder - Parsing response as: application/json
15:04:36.073 [main] DEBUG org.apache.http.wire -  << "2D[\r][\n]"
15:04:36.073 [main] DEBUG org.apache.http.wire -  << "[0x1f][0x8b][0x8][0x0][0x0][0x0][0x0][0x0][0x4][0xff][0xab]VJ-*[0xca]/R[0xb2]R*[0xcd]K,-[0xc9][0xc8]/[0xca][0xac]JMQ[0xaa][0xe5][0x2][0x0]@[0x17]da[0x19][0x0][0x0][0x0]"
15:04:36.073 [main] DEBUG org.apache.http.wire -  << "[\r][\n]"
15:04:36.073 [main] DEBUG org.apache.http.wire -  << "0[\r][\n]"
15:04:36.073 [main] DEBUG org.apache.http.wire -  << "[\r][\n]"
15:04:36.074 [main] DEBUG io.restassured.internal.RestAssuredHttpBuilder - Parsed data to instance of: class org.apache.http.conn.EofSensorInputStream
15:04:36.074 [main] DEBUG org.apache.http.impl.conn.BasicClientConnectionManager - Releasing connection org.apache.http.impl.conn.ManagedClientConnectionImpl@61375dff
15:04:36.074 [main] DEBUG org.apache.http.impl.conn.BasicClientConnectionManager - Connection can be kept alive indefinitely
  &amp#27;[32mWhen &amp#27;[0m&amp#27;[32mI send GET HTTP request order2&amp#27;[0m               &amp#27;[90m# starter.stepdefinitions.OrderSteps.sendGetHttpRequestOrder2()&amp#27;[0m
  &amp#27;[32mThen &amp#27;[0m&amp#27;[32mI receive valid HTTP response code 401 order&amp#27;[0m &amp#27;[90m# starter.stepdefinitions.OrderSteps.receiveValidHttp401Order()&amp#27;[0m
15:04:36.077 [main] INFO  - 
  _____   ___   ___   _____     ___     _     ___   ___   ___   ___  
 |_   _| | __| / __| |_   _|   | _ \   /_\   / __| / __| | __| |   \ 
   | |   | _|  \__ \   | |     |  _/  / _ \  \__ \ \__ \ | _|  | |) |
   |_|   |___| |___/   |_|     |_|   /_/ \_\ |___/ |___/ |___| |___/ 

GET - Get all order without login
----------------------------------------------------------------------
]]></system-out>
  </testcase>
  <testcase name="POST - Give product rating" classname="Rating" time="0.106">
    <system-out><![CDATA[15:04:36.078 [main] DEBUG io.cucumber.core.plugin.SerenityReporter - Running feature from file:///E:/APIMinpro/API/minpro/src/test/resources/features/7.%20Rating.feature
15:04:36.079 [main] DEBUG net.thucydides.core.steps.StepEventBus - Test suite started for story net.thucydides.core.model.Story@a2cc97b4
15:04:36.079 [main] INFO  - Test Suite Started: Rating

Scenario: POST - Give product rating                 &amp#27;[90m# src/test/resources/features/7. Rating.feature:7&amp#27;[0m
15:04:36.082 [main] DEBUG io.cucumber.core.plugin.SerenityReporter - Running feature from file:///E:/APIMinpro/API/minpro/src/test/resources/features/7.%20Rating.feature
15:04:36.083 [main] INFO  - 
  _____   ___   ___   _____     ___   _____     _     ___   _____   ___   ___  
 |_   _| | __| / __| |_   _|   / __| |_   _|   /_\   | _ \ |_   _| | __| |   \ 
   | |   | _|  \__ \   | |     \__ \   | |    / _ \  |   /   | |   | _|  | |) |
   |_|   |___| |___/   |_|     |___/   |_|   /_/ \_\ |_|_\   |_|   |___| |___/ 

POST - Give product rating(rating;post---give-product-rating)
--------------------------------------------------------------------------------
15:04:36.092 [main] DEBUG net.thucydides.core.steps.StepInterceptor - STARTING STEP: RatingSteps.setPostApiEndpointRating - I set POST api endpoints rating
15:04:36.092 [main] DEBUG net.thucydides.core.steps.StepInterceptor - STEP DONE: I set POST api endpoints rating
  &amp#27;[32mGiven &amp#27;[0m&amp#27;[32mI set POST api endpoints rating&amp#27;[0m              &amp#27;[90m# starter.stepdefinitions.RatingSteps.setPostApiEndpointRating()&amp#27;[0m
15:04:36.095 [main] DEBUG net.thucydides.core.steps.StepInterceptor - STARTING STEP: RatingSteps.sentPostHttpRequestRating - I send POST HTTP request rating
15:04:36.096 [main] DEBUG net.thucydides.core.steps.StepInterceptor - STARTING STEP: Rating.sendPostHTTPRequestRating - I set POST api endpoints rating
15:04:36.096 [main] DEBUG net.thucydides.core.steps.StepInterceptor - STEP DONE: I set POST api endpoints rating
15:04:36.108 [main] DEBUG org.apache.http.impl.conn.BasicClientConnectionManager - Get connection for route {s}->https://altashop-api.fly.dev:443
15:04:36.109 [main] DEBUG org.apache.http.impl.conn.DefaultClientConnectionOperator - Connecting to altashop-api.fly.dev:443
15:04:36.152 [main] DEBUG org.apache.http.client.protocol.RequestAddCookies - CookieSpec selected: ignoreCookies
15:04:36.152 [main] DEBUG org.apache.http.client.protocol.RequestAuthCache - Auth cache not set in the context
15:04:36.152 [main] DEBUG org.apache.http.client.protocol.RequestProxyAuthentication - Proxy auth state: UNCHALLENGED
15:04:36.152 [main] DEBUG org.apache.http.impl.client.DefaultHttpClient - Attempt 1 to execute request
15:04:36.152 [main] DEBUG org.apache.http.impl.conn.DefaultClientConnection - Sending request: POST /api/products/13680/ratings HTTP/1.1
15:04:36.152 [main] DEBUG org.apache.http.wire -  >> "POST /api/products/13680/ratings HTTP/1.1[\r][\n]"
15:04:36.152 [main] DEBUG org.apache.http.wire -  >> "Authorization: Bearer eyJhbGciOiJIUzI1NiIsInR5cCI6IkpXVCJ9.eyJGdWxsbmFtZSI6IkFkaXR5YSBOdWdyYWhhIiwiRW1haWwiOiJhZGl0QGdtYWlsLmNvbSJ9.VM2lARkmmliu1pWtk1uhb8z5fGaElvH1jIoYM72Te3g[\r][\n]"
15:04:36.152 [main] DEBUG org.apache.http.wire -  >> "Accept: */*[\r][\n]"
15:04:36.152 [main] DEBUG org.apache.http.wire -  >> "Content-Type: text/plain; charset=ISO-8859-1[\r][\n]"
15:04:36.152 [main] DEBUG org.apache.http.wire -  >> "Content-Length: 11[\r][\n]"
15:04:36.152 [main] DEBUG org.apache.http.wire -  >> "Host: altashop-api.fly.dev[\r][\n]"
15:04:36.152 [main] DEBUG org.apache.http.wire -  >> "Connection: Keep-Alive[\r][\n]"
15:04:36.152 [main] DEBUG org.apache.http.wire -  >> "User-Agent: Apache-HttpClient/4.5.13 (Java/11.0.15.1)[\r][\n]"
15:04:36.152 [main] DEBUG org.apache.http.wire -  >> "Accept-Encoding: gzip,deflate[\r][\n]"
15:04:36.152 [main] DEBUG org.apache.http.wire -  >> "[\r][\n]"
15:04:36.152 [main] DEBUG org.apache.http.headers - >> POST /api/products/13680/ratings HTTP/1.1
15:04:36.152 [main] DEBUG org.apache.http.headers - >> Authorization: Bearer eyJhbGciOiJIUzI1NiIsInR5cCI6IkpXVCJ9.eyJGdWxsbmFtZSI6IkFkaXR5YSBOdWdyYWhhIiwiRW1haWwiOiJhZGl0QGdtYWlsLmNvbSJ9.VM2lARkmmliu1pWtk1uhb8z5fGaElvH1jIoYM72Te3g
15:04:36.152 [main] DEBUG org.apache.http.headers - >> Accept: */*
15:04:36.152 [main] DEBUG org.apache.http.headers - >> Content-Type: text/plain; charset=ISO-8859-1
15:04:36.152 [main] DEBUG org.apache.http.headers - >> Content-Length: 11
15:04:36.152 [main] DEBUG org.apache.http.headers - >> Host: altashop-api.fly.dev
15:04:36.152 [main] DEBUG org.apache.http.headers - >> Connection: Keep-Alive
15:04:36.152 [main] DEBUG org.apache.http.headers - >> User-Agent: Apache-HttpClient/4.5.13 (Java/11.0.15.1)
15:04:36.152 [main] DEBUG org.apache.http.headers - >> Accept-Encoding: gzip,deflate
15:04:36.152 [main] DEBUG org.apache.http.wire -  >> "{"count":5}"
15:04:36.178 [main] DEBUG org.apache.http.wire -  << "HTTP/1.1 200 OK[\r][\n]"
15:04:36.178 [main] DEBUG org.apache.http.wire -  << "content-type: application/json[\r][\n]"
15:04:36.178 [main] DEBUG org.apache.http.wire -  << "date: Mon, 08 May 2023 08:04:35 GMT[\r][\n]"
15:04:36.178 [main] DEBUG org.apache.http.wire -  << "content-encoding: gzip[\r][\n]"
15:04:36.178 [main] DEBUG org.apache.http.wire -  << "transfer-encoding: chunked[\r][\n]"
15:04:36.178 [main] DEBUG org.apache.http.wire -  << "server: Fly/3f2597ca (2023-05-03)[\r][\n]"
15:04:36.178 [main] DEBUG org.apache.http.wire -  << "via: 1.1 fly.io[\r][\n]"
15:04:36.178 [main] DEBUG org.apache.http.wire -  << "fly-request-id: 01GZX684Y33WHKGSWWXFP6G1JS-sin[\r][\n]"
15:04:36.178 [main] DEBUG org.apache.http.wire -  << "[\r][\n]"
15:04:36.178 [main] DEBUG org.apache.http.impl.conn.DefaultClientConnection - Receiving response: HTTP/1.1 200 OK
15:04:36.178 [main] DEBUG org.apache.http.headers - << HTTP/1.1 200 OK
15:04:36.178 [main] DEBUG org.apache.http.headers - << content-type: application/json
15:04:36.178 [main] DEBUG org.apache.http.headers - << date: Mon, 08 May 2023 08:04:35 GMT
15:04:36.178 [main] DEBUG org.apache.http.headers - << content-encoding: gzip
15:04:36.178 [main] DEBUG org.apache.http.headers - << transfer-encoding: chunked
15:04:36.178 [main] DEBUG org.apache.http.headers - << server: Fly/3f2597ca (2023-05-03)
15:04:36.178 [main] DEBUG org.apache.http.headers - << via: 1.1 fly.io
15:04:36.178 [main] DEBUG org.apache.http.headers - << fly-request-id: 01GZX684Y33WHKGSWWXFP6G1JS-sin
15:04:36.178 [main] DEBUG org.apache.http.impl.client.DefaultHttpClient - Connection can be kept alive indefinitely
15:04:36.178 [main] DEBUG io.restassured.internal.RestAssuredHttpBuilder - Parsing response as: application/json
15:04:36.178 [main] DEBUG org.apache.http.wire -  << "94[\r][\n]"
15:04:36.178 [main] DEBUG org.apache.http.wire -  << "[0x1f][0x8b][0x8][0x0][0x0][0x0][0x0][0x0][0x4][0xff][0xab]VJI,IT[0xb2][0xaa]V[0xf2]tQ[0xb2]246[0xb3]0[0xd0]Q[0xf2]K[0xcc]MU[0xb2]R[0x8a]p[0xf2][0x8f]0T[0xd2]QrI-N.[0xca],([0xc9][0xcc][0xcf]S[0xb2]RR[0xd2]Q[\n]"
15:04:36.178 [main] DEBUG org.apache.http.wire -  << "([0xca]LNU[0xb2]2[0xb1][0xb4][0xd4]Q[\n]"
15:04:36.178 [main] DEBUG org.apache.http.wire -  << "J,[0xc9][0xcc]K/V[0xb2]2[0xd5]QrN,IM[0xcf]/[0xca]L-V[0xb2][0x8a][0x86][0x9a]hdjb[0x8]7[0xd1]=173/[0x1d][0xc3]H[0xb7][0xfc]"[0x85]t[0xb0][0x94]BAiQA~qj[0xb1]Rmlm-[0x17][0x0][0xec][0x81]1[0x94][0x9e][0x0][0x0][0x0]"
15:04:36.178 [main] DEBUG org.apache.http.wire -  << "[\r][\n]"
15:04:36.178 [main] DEBUG org.apache.http.wire -  << "0[\r][\n]"
15:04:36.178 [main] DEBUG org.apache.http.wire -  << "[\r][\n]"
15:04:36.178 [main] DEBUG io.restassured.internal.RestAssuredHttpBuilder - Parsed data to instance of: class org.apache.http.conn.EofSensorInputStream
15:04:36.179 [main] DEBUG org.apache.http.impl.conn.BasicClientConnectionManager - Releasing connection org.apache.http.impl.conn.ManagedClientConnectionImpl@5b49b1df
15:04:36.179 [main] DEBUG org.apache.http.impl.conn.BasicClientConnectionManager - Connection can be kept alive indefinitely
15:04:36.180 [main] DEBUG net.thucydides.core.steps.StepInterceptor - STEP DONE: I send POST HTTP request rating
  &amp#27;[32mWhen &amp#27;[0m&amp#27;[32mI send POST HTTP request rating&amp#27;[0m               &amp#27;[90m# starter.stepdefinitions.RatingSteps.sentPostHttpRequestRating()&amp#27;[0m
15:04:36.183 [main] DEBUG net.thucydides.core.steps.StepInterceptor - STARTING STEP: RatingSteps.receiveValidHttp200Rating - I receive valid HTTP response code 200 rating
15:04:36.184 [main] DEBUG net.thucydides.core.steps.StepInterceptor - STEP DONE: I receive valid HTTP response code 200 rating
  &amp#27;[32mThen &amp#27;[0m&amp#27;[32mI receive valid HTTP response code 200 rating&amp#27;[0m &amp#27;[90m# starter.stepdefinitions.RatingSteps.receiveValidHttp200Rating()&amp#27;[0m
15:04:36.185 [main] INFO  - 
  _____   ___   ___   _____     ___     _     ___   ___   ___   ___  
 |_   _| | __| / __| |_   _|   | _ \   /_\   / __| / __| | __| |   \ 
   | |   | _|  \__ \   | |     |  _/  / _ \  \__ \ \__ \ | _|  | |) |
   |_|   |___| |___/   |_|     |_|   /_/ \_\ |___/ |___/ |___| |___/ 

POST - Give product rating
----------------------------------------------------------------------
]]></system-out>
  </testcase>
  <testcase name="POST - Give product rating out of bond" classname="Rating" time="0.102">
    <system-out><![CDATA[
Scenario: POST - Give product rating out of bond     &amp#27;[90m# src/test/resources/features/7. Rating.feature:12&amp#27;[0m
15:04:36.190 [main] DEBUG io.cucumber.core.plugin.SerenityReporter - Running feature from file:///E:/APIMinpro/API/minpro/src/test/resources/features/7.%20Rating.feature
15:04:36.192 [main] INFO  - 
  _____   ___   ___   _____     ___   _____     _     ___   _____   ___   ___  
 |_   _| | __| / __| |_   _|   / __| |_   _|   /_\   | _ \ |_   _| | __| |   \ 
   | |   | _|  \__ \   | |     \__ \   | |    / _ \  |   /   | |   | _|  | |) |
   |_|   |___| |___/   |_|     |___/   |_|   /_/ \_\ |_|_\   |_|   |___| |___/ 

POST - Give product rating out of bond(rating;post---give-product-rating-out-of-bond)
--------------------------------------------------------------------------------
15:04:36.201 [main] DEBUG net.thucydides.core.steps.StepInterceptor - STARTING STEP: RatingSteps.setPostApiEndpointRating2 - I set POST api endpoints rating2
15:04:36.202 [main] DEBUG net.thucydides.core.steps.StepInterceptor - STEP DONE: I set POST api endpoints rating2
  &amp#27;[32mGiven &amp#27;[0m&amp#27;[32mI set POST api endpoints rating2&amp#27;[0m             &amp#27;[90m# starter.stepdefinitions.RatingSteps.setPostApiEndpointRating2()&amp#27;[0m
15:04:36.205 [main] DEBUG net.thucydides.core.steps.StepInterceptor - STARTING STEP: RatingSteps.sendPostHttpRequestRating2 - I send POST HTTP request rating
15:04:36.206 [main] DEBUG net.thucydides.core.steps.StepInterceptor - STARTING STEP: Rating.sendPostHttpRequestRating2 - I set POST api endpoints rating2
15:04:36.206 [main] DEBUG net.thucydides.core.steps.StepInterceptor - STEP DONE: I set POST api endpoints rating2
15:04:36.213 [main] DEBUG org.apache.http.impl.conn.BasicClientConnectionManager - Get connection for route {s}->https://altashop-api.fly.dev:443
15:04:36.213 [main] DEBUG org.apache.http.impl.conn.DefaultClientConnectionOperator - Connecting to altashop-api.fly.dev:443
15:04:36.259 [main] DEBUG org.apache.http.client.protocol.RequestAddCookies - CookieSpec selected: ignoreCookies
15:04:36.259 [main] DEBUG org.apache.http.client.protocol.RequestAuthCache - Auth cache not set in the context
15:04:36.259 [main] DEBUG org.apache.http.client.protocol.RequestProxyAuthentication - Proxy auth state: UNCHALLENGED
15:04:36.259 [main] DEBUG org.apache.http.impl.client.DefaultHttpClient - Attempt 1 to execute request
15:04:36.259 [main] DEBUG org.apache.http.impl.conn.DefaultClientConnection - Sending request: POST /api/products/13680/ratings HTTP/1.1
15:04:36.259 [main] DEBUG org.apache.http.wire -  >> "POST /api/products/13680/ratings HTTP/1.1[\r][\n]"
15:04:36.259 [main] DEBUG org.apache.http.wire -  >> "Authorization: Bearer eyJhbGciOiJIUzI1NiIsInR5cCI6IkpXVCJ9.eyJGdWxsbmFtZSI6IkFkaXR5YSBOdWdyYWhhIiwiRW1haWwiOiJhZGl0QGdtYWlsLmNvbSJ9.VM2lARkmmliu1pWtk1uhb8z5fGaElvH1jIoYM72Te3g[\r][\n]"
15:04:36.259 [main] DEBUG org.apache.http.wire -  >> "Accept: */*[\r][\n]"
15:04:36.259 [main] DEBUG org.apache.http.wire -  >> "Content-Type: text/plain; charset=ISO-8859-1[\r][\n]"
15:04:36.259 [main] DEBUG org.apache.http.wire -  >> "Content-Length: 12[\r][\n]"
15:04:36.259 [main] DEBUG org.apache.http.wire -  >> "Host: altashop-api.fly.dev[\r][\n]"
15:04:36.259 [main] DEBUG org.apache.http.wire -  >> "Connection: Keep-Alive[\r][\n]"
15:04:36.259 [main] DEBUG org.apache.http.wire -  >> "User-Agent: Apache-HttpClient/4.5.13 (Java/11.0.15.1)[\r][\n]"
15:04:36.259 [main] DEBUG org.apache.http.wire -  >> "Accept-Encoding: gzip,deflate[\r][\n]"
15:04:36.259 [main] DEBUG org.apache.http.wire -  >> "[\r][\n]"
15:04:36.259 [main] DEBUG org.apache.http.headers - >> POST /api/products/13680/ratings HTTP/1.1
15:04:36.259 [main] DEBUG org.apache.http.headers - >> Authorization: Bearer eyJhbGciOiJIUzI1NiIsInR5cCI6IkpXVCJ9.eyJGdWxsbmFtZSI6IkFkaXR5YSBOdWdyYWhhIiwiRW1haWwiOiJhZGl0QGdtYWlsLmNvbSJ9.VM2lARkmmliu1pWtk1uhb8z5fGaElvH1jIoYM72Te3g
15:04:36.259 [main] DEBUG org.apache.http.headers - >> Accept: */*
15:04:36.259 [main] DEBUG org.apache.http.headers - >> Content-Type: text/plain; charset=ISO-8859-1
15:04:36.259 [main] DEBUG org.apache.http.headers - >> Content-Length: 12
15:04:36.259 [main] DEBUG org.apache.http.headers - >> Host: altashop-api.fly.dev
15:04:36.259 [main] DEBUG org.apache.http.headers - >> Connection: Keep-Alive
15:04:36.259 [main] DEBUG org.apache.http.headers - >> User-Agent: Apache-HttpClient/4.5.13 (Java/11.0.15.1)
15:04:36.259 [main] DEBUG org.apache.http.headers - >> Accept-Encoding: gzip,deflate
15:04:36.259 [main] DEBUG org.apache.http.wire -  >> "{"count":10}"
15:04:36.284 [main] DEBUG org.apache.http.wire -  << "HTTP/1.1 500 Internal Server Error[\r][\n]"
15:04:36.284 [main] DEBUG org.apache.http.wire -  << "content-type: application/json[\r][\n]"
15:04:36.284 [main] DEBUG org.apache.http.wire -  << "date: Mon, 08 May 2023 08:04:35 GMT[\r][\n]"
15:04:36.284 [main] DEBUG org.apache.http.wire -  << "content-encoding: gzip[\r][\n]"
15:04:36.284 [main] DEBUG org.apache.http.wire -  << "transfer-encoding: chunked[\r][\n]"
15:04:36.284 [main] DEBUG org.apache.http.wire -  << "server: Fly/3f2597ca (2023-05-03)[\r][\n]"
15:04:36.284 [main] DEBUG org.apache.http.wire -  << "via: 1.1 fly.io[\r][\n]"
15:04:36.284 [main] DEBUG org.apache.http.wire -  << "fly-request-id: 01GZX6851EBCT78GZDHPHWA4Z4-sin[\r][\n]"
15:04:36.284 [main] DEBUG org.apache.http.wire -  << "[\r][\n]"
15:04:36.284 [main] DEBUG org.apache.http.impl.conn.DefaultClientConnection - Receiving response: HTTP/1.1 500 Internal Server Error
15:04:36.284 [main] DEBUG org.apache.http.headers - << HTTP/1.1 500 Internal Server Error
15:04:36.284 [main] DEBUG org.apache.http.headers - << content-type: application/json
15:04:36.284 [main] DEBUG org.apache.http.headers - << date: Mon, 08 May 2023 08:04:35 GMT
15:04:36.284 [main] DEBUG org.apache.http.headers - << content-encoding: gzip
15:04:36.284 [main] DEBUG org.apache.http.headers - << transfer-encoding: chunked
15:04:36.284 [main] DEBUG org.apache.http.headers - << server: Fly/3f2597ca (2023-05-03)
15:04:36.284 [main] DEBUG org.apache.http.headers - << via: 1.1 fly.io
15:04:36.284 [main] DEBUG org.apache.http.headers - << fly-request-id: 01GZX6851EBCT78GZDHPHWA4Z4-sin
15:04:36.284 [main] DEBUG org.apache.http.impl.client.DefaultHttpClient - Connection can be kept alive indefinitely
15:04:36.284 [main] DEBUG io.restassured.internal.RestAssuredHttpBuilder - Parsing response as: application/json
15:04:36.284 [main] DEBUG org.apache.http.wire -  << "80[\r][\n]"
15:04:36.284 [main] DEBUG org.apache.http.wire -  << "[0x1f][0x8b][0x8][0x0][0x0][0x0][0x0][0x0][0x4][0xff][0xab]VJ-*[0xca]/R[0xb2]Rr[\r][\n]"
15:04:36.284 [main] DEBUG org.apache.http.wire -  << "[0xf2][0xf][0xb2]R[0xc8]K-W([0xca]/WH[0xcb]/R(J[0xcd]I,[0xc9][0xcc][0xcf]S[0x88]Q*J,[0xc9][0xcc]K/[0x8e]QR([0xcb][0xcc][0xcf]I,I-VH[0xce]HM[0xce]VH[0xce][0xcf]+.)J[0xcc][0xcc]+A[0xa8][0x8a]O[0xce]/[0xcd]+[0x89][0x7]+[0x88]QR[0xd0][0x8][0xe][0xf4][0x9][0xe]q[0xc]qU02654[0xd1]T[0xaa][0xe5][0x2][0x0]t[0xdc]t[0xaa]w[0x0][0x0][0x0]"
15:04:36.284 [main] DEBUG org.apache.http.wire -  << "[\r][\n]"
15:04:36.284 [main] DEBUG org.apache.http.wire -  << "0[\r][\n]"
15:04:36.284 [main] DEBUG org.apache.http.wire -  << "[\r][\n]"
15:04:36.284 [main] DEBUG io.restassured.internal.RestAssuredHttpBuilder - Parsed data to instance of: class org.apache.http.conn.EofSensorInputStream
15:04:36.285 [main] DEBUG org.apache.http.impl.conn.BasicClientConnectionManager - Releasing connection org.apache.http.impl.conn.ManagedClientConnectionImpl@3180131e
15:04:36.285 [main] DEBUG org.apache.http.impl.conn.BasicClientConnectionManager - Connection can be kept alive indefinitely
15:04:36.285 [main] DEBUG net.thucydides.core.steps.StepInterceptor - STEP DONE: I send POST HTTP request rating
  &amp#27;[32mWhen &amp#27;[0m&amp#27;[32mI send POST HTTP request rating2&amp#27;[0m              &amp#27;[90m# starter.stepdefinitions.RatingSteps.sendPostHttpRequestRating2()&amp#27;[0m
15:04:36.287 [main] DEBUG net.thucydides.core.steps.StepInterceptor - STARTING STEP: RatingSteps.receiveValidHttp500Rating - Then I receive valid HTTP response code 500 rating
15:04:36.287 [main] DEBUG net.thucydides.core.steps.StepInterceptor - STEP DONE: Then I receive valid HTTP response code 500 rating
  &amp#27;[32mThen &amp#27;[0m&amp#27;[32mI receive valid HTTP response code 500 rating&amp#27;[0m &amp#27;[90m# starter.stepdefinitions.RatingSteps.receiveValidHttp500Rating()&amp#27;[0m
15:04:36.288 [main] INFO  - 
  _____   ___   ___   _____     ___     _     ___   ___   ___   ___  
 |_   _| | __| / __| |_   _|   | _ \   /_\   / __| / __| | __| |   \ 
   | |   | _|  \__ \   | |     |  _/  / _ \  \__ \ \__ \ | _|  | |) |
   |_|   |___| |___/   |_|     |_|   /_/ \_\ |___/ |___/ |___| |___/ 

POST - Give product rating out of bond
----------------------------------------------------------------------
]]></system-out>
  </testcase>
  <testcase name="GET - Get product rating" classname="Rating" time="0.087">
    <system-out><![CDATA[
Scenario: GET - Get product rating                   &amp#27;[90m# src/test/resources/features/7. Rating.feature:17&amp#27;[0m
15:04:36.292 [main] DEBUG io.cucumber.core.plugin.SerenityReporter - Running feature from file:///E:/APIMinpro/API/minpro/src/test/resources/features/7.%20Rating.feature
15:04:36.293 [main] INFO  - 
  _____   ___   ___   _____     ___   _____     _     ___   _____   ___   ___  
 |_   _| | __| / __| |_   _|   / __| |_   _|   /_\   | _ \ |_   _| | __| |   \ 
   | |   | _|  \__ \   | |     \__ \   | |    / _ \  |   /   | |   | _|  | |) |
   |_|   |___| |___/   |_|     |___/   |_|   /_/ \_\ |_|_\   |_|   |___| |___/ 

GET - Get product rating(rating;get---get-product-rating)
--------------------------------------------------------------------------------
15:04:36.300 [main] DEBUG net.thucydides.core.steps.StepInterceptor - STARTING STEP: RatingSteps.setGetApiEndpointRating - I set GET api endpoints rating
15:04:36.300 [main] DEBUG net.thucydides.core.steps.StepInterceptor - STEP DONE: I set GET api endpoints rating
  &amp#27;[32mGiven &amp#27;[0m&amp#27;[32mI set GET api endpoints rating&amp#27;[0m               &amp#27;[90m# starter.stepdefinitions.RatingSteps.setGetApiEndpointRating()&amp#27;[0m
15:04:36.301 [main] DEBUG net.thucydides.core.steps.StepInterceptor - STARTING STEP: RatingSteps.sendGetHttpRequestRating - I send GET HTTP request rating
15:04:36.302 [main] DEBUG net.thucydides.core.steps.StepInterceptor - STARTING STEP: Rating.sendGetHttpRequestRating - I set GET api endpoints rating
15:04:36.302 [main] DEBUG net.thucydides.core.steps.StepInterceptor - STEP DONE: I set GET api endpoints rating
15:04:36.306 [main] DEBUG org.apache.http.impl.conn.BasicClientConnectionManager - Get connection for route {s}->https://altashop-api.fly.dev:443
15:04:36.307 [main] DEBUG org.apache.http.impl.conn.DefaultClientConnectionOperator - Connecting to altashop-api.fly.dev:443
15:04:36.350 [main] DEBUG org.apache.http.client.protocol.RequestAddCookies - CookieSpec selected: ignoreCookies
15:04:36.350 [main] DEBUG org.apache.http.client.protocol.RequestAuthCache - Auth cache not set in the context
15:04:36.350 [main] DEBUG org.apache.http.client.protocol.RequestTargetAuthentication - Target auth state: UNCHALLENGED
15:04:36.350 [main] DEBUG org.apache.http.client.protocol.RequestProxyAuthentication - Proxy auth state: UNCHALLENGED
15:04:36.350 [main] DEBUG org.apache.http.impl.client.DefaultHttpClient - Attempt 1 to execute request
15:04:36.350 [main] DEBUG org.apache.http.impl.conn.DefaultClientConnection - Sending request: GET /api/products/13680/ratings HTTP/1.1
15:04:36.350 [main] DEBUG org.apache.http.wire -  >> "GET /api/products/13680/ratings HTTP/1.1[\r][\n]"
15:04:36.350 [main] DEBUG org.apache.http.wire -  >> "Accept: */*[\r][\n]"
15:04:36.350 [main] DEBUG org.apache.http.wire -  >> "Host: altashop-api.fly.dev[\r][\n]"
15:04:36.350 [main] DEBUG org.apache.http.wire -  >> "Connection: Keep-Alive[\r][\n]"
15:04:36.350 [main] DEBUG org.apache.http.wire -  >> "User-Agent: Apache-HttpClient/4.5.13 (Java/11.0.15.1)[\r][\n]"
15:04:36.350 [main] DEBUG org.apache.http.wire -  >> "Accept-Encoding: gzip,deflate[\r][\n]"
15:04:36.350 [main] DEBUG org.apache.http.wire -  >> "[\r][\n]"
15:04:36.350 [main] DEBUG org.apache.http.headers - >> GET /api/products/13680/ratings HTTP/1.1
15:04:36.350 [main] DEBUG org.apache.http.headers - >> Accept: */*
15:04:36.350 [main] DEBUG org.apache.http.headers - >> Host: altashop-api.fly.dev
15:04:36.350 [main] DEBUG org.apache.http.headers - >> Connection: Keep-Alive
15:04:36.350 [main] DEBUG org.apache.http.headers - >> User-Agent: Apache-HttpClient/4.5.13 (Java/11.0.15.1)
15:04:36.350 [main] DEBUG org.apache.http.headers - >> Accept-Encoding: gzip,deflate
15:04:36.371 [main] DEBUG org.apache.http.wire -  << "HTTP/1.1 200 OK[\r][\n]"
15:04:36.371 [main] DEBUG org.apache.http.wire -  << "content-type: application/json[\r][\n]"
15:04:36.371 [main] DEBUG org.apache.http.wire -  << "date: Mon, 08 May 2023 08:04:35 GMT[\r][\n]"
15:04:36.371 [main] DEBUG org.apache.http.wire -  << "content-encoding: gzip[\r][\n]"
15:04:36.371 [main] DEBUG org.apache.http.wire -  << "transfer-encoding: chunked[\r][\n]"
15:04:36.371 [main] DEBUG org.apache.http.wire -  << "server: Fly/3f2597ca (2023-05-03)[\r][\n]"
15:04:36.372 [main] DEBUG org.apache.http.wire -  << "via: 1.1 fly.io[\r][\n]"
15:04:36.372 [main] DEBUG org.apache.http.wire -  << "fly-request-id: 01GZX68549DNT28GS5VXWGAYYD-sin[\r][\n]"
15:04:36.372 [main] DEBUG org.apache.http.wire -  << "[\r][\n]"
15:04:36.372 [main] DEBUG org.apache.http.impl.conn.DefaultClientConnection - Receiving response: HTTP/1.1 200 OK
15:04:36.372 [main] DEBUG org.apache.http.headers - << HTTP/1.1 200 OK
15:04:36.372 [main] DEBUG org.apache.http.headers - << content-type: application/json
15:04:36.372 [main] DEBUG org.apache.http.headers - << date: Mon, 08 May 2023 08:04:35 GMT
15:04:36.372 [main] DEBUG org.apache.http.headers - << content-encoding: gzip
15:04:36.372 [main] DEBUG org.apache.http.headers - << transfer-encoding: chunked
15:04:36.372 [main] DEBUG org.apache.http.headers - << server: Fly/3f2597ca (2023-05-03)
15:04:36.372 [main] DEBUG org.apache.http.headers - << via: 1.1 fly.io
15:04:36.372 [main] DEBUG org.apache.http.headers - << fly-request-id: 01GZX68549DNT28GS5VXWGAYYD-sin
15:04:36.372 [main] DEBUG org.apache.http.impl.client.DefaultHttpClient - Connection can be kept alive indefinitely
15:04:36.372 [main] DEBUG io.restassured.internal.RestAssuredHttpBuilder - Parsing response as: application/json
15:04:36.372 [main] DEBUG org.apache.http.wire -  << "1F[\r][\n]"
15:04:36.372 [main] DEBUG org.apache.http.wire -  << "[0x1f][0x8b][0x8][0x0][0x0][0x0][0x0][0x0][0x4][0xff][0xab]VJI,IT[0xb2]2[0xad][0xe5][0x2][0x0][0x83]B[0x1e]G[0xb][0x0][0x0][0x0]"
15:04:36.372 [main] DEBUG org.apache.http.wire -  << "[\r][\n]"
15:04:36.372 [main] DEBUG org.apache.http.wire -  << "0[\r][\n]"
15:04:36.372 [main] DEBUG org.apache.http.wire -  << "[\r][\n]"
15:04:36.372 [main] DEBUG io.restassured.internal.RestAssuredHttpBuilder - Parsed data to instance of: class org.apache.http.conn.EofSensorInputStream
15:04:36.372 [main] DEBUG org.apache.http.impl.conn.BasicClientConnectionManager - Releasing connection org.apache.http.impl.conn.ManagedClientConnectionImpl@7307ae6
15:04:36.372 [main] DEBUG org.apache.http.impl.conn.BasicClientConnectionManager - Connection can be kept alive indefinitely
15:04:36.373 [main] DEBUG net.thucydides.core.steps.StepInterceptor - STEP DONE: I send GET HTTP request rating
  &amp#27;[32mWhen &amp#27;[0m&amp#27;[32mI send GET HTTP request rating&amp#27;[0m                &amp#27;[90m# starter.stepdefinitions.RatingSteps.sendGetHttpRequestRating()&amp#27;[0m
15:04:36.375 [main] DEBUG net.thucydides.core.steps.StepInterceptor - STARTING STEP: RatingSteps.receiveValidHttp200Rating - I receive valid HTTP response code 200 rating
15:04:36.375 [main] DEBUG net.thucydides.core.steps.StepInterceptor - STEP DONE: I receive valid HTTP response code 200 rating
  &amp#27;[32mThen &amp#27;[0m&amp#27;[32mI receive valid HTTP response code 200 rating&amp#27;[0m &amp#27;[90m# starter.stepdefinitions.RatingSteps.receiveValidHttp200Rating()&amp#27;[0m
15:04:36.376 [main] INFO  - 
  _____   ___   ___   _____     ___     _     ___   ___   ___   ___  
 |_   _| | __| / __| |_   _|   | _ \   /_\   / __| / __| | __| |   \ 
   | |   | _|  \__ \   | |     |  _/  / _ \  \__ \ \__ \ | _|  | |) |
   |_|   |___| |___/   |_|     |_|   /_/ \_\ |___/ |___/ |___| |___/ 

GET - Get product rating
----------------------------------------------------------------------
]]></system-out>
  </testcase>
  <testcase name="GET - Get product rating with invalid data" classname="Rating" time="0.09">
    <system-out><![CDATA[
Scenario: GET - Get product rating with invalid data &amp#27;[90m# src/test/resources/features/7. Rating.feature:22&amp#27;[0m
15:04:36.378 [main] DEBUG io.cucumber.core.plugin.SerenityReporter - Running feature from file:///E:/APIMinpro/API/minpro/src/test/resources/features/7.%20Rating.feature
15:04:36.379 [main] INFO  - 
  _____   ___   ___   _____     ___   _____     _     ___   _____   ___   ___  
 |_   _| | __| / __| |_   _|   / __| |_   _|   /_\   | _ \ |_   _| | __| |   \ 
   | |   | _|  \__ \   | |     \__ \   | |    / _ \  |   /   | |   | _|  | |) |
   |_|   |___| |___/   |_|     |___/   |_|   /_/ \_\ |_|_\   |_|   |___| |___/ 

GET - Get product rating with invalid data(rating;get---get-product-rating-with-invalid-data)
--------------------------------------------------------------------------------
15:04:36.385 [main] DEBUG net.thucydides.core.steps.StepInterceptor - STARTING STEP: RatingSteps.setGetApiEndpointRating2 - I set GET api endpoints rating2
15:04:36.385 [main] DEBUG net.thucydides.core.steps.StepInterceptor - STEP DONE: I set GET api endpoints rating2
  &amp#27;[32mGiven &amp#27;[0m&amp#27;[32mI set GET api endpoints rating2&amp#27;[0m              &amp#27;[90m# starter.stepdefinitions.RatingSteps.setGetApiEndpointRating2()&amp#27;[0m
15:04:36.386 [main] DEBUG net.thucydides.core.steps.StepInterceptor - STARTING STEP: RatingSteps.sendGetHttpRequestRating2 - I send GET HTTP request rating2
15:04:36.387 [main] DEBUG net.thucydides.core.steps.StepInterceptor - STARTING STEP: Rating.sendGetHttpRequestRating2 - I set GET api endpoints rating2
15:04:36.387 [main] DEBUG net.thucydides.core.steps.StepInterceptor - STEP DONE: I set GET api endpoints rating2
15:04:36.391 [main] DEBUG org.apache.http.impl.conn.BasicClientConnectionManager - Get connection for route {s}->https://altashop-api.fly.dev:443
15:04:36.391 [main] DEBUG org.apache.http.impl.conn.DefaultClientConnectionOperator - Connecting to altashop-api.fly.dev:443
15:04:36.440 [main] DEBUG org.apache.http.client.protocol.RequestAddCookies - CookieSpec selected: ignoreCookies
15:04:36.440 [main] DEBUG org.apache.http.client.protocol.RequestAuthCache - Auth cache not set in the context
15:04:36.440 [main] DEBUG org.apache.http.client.protocol.RequestTargetAuthentication - Target auth state: UNCHALLENGED
15:04:36.440 [main] DEBUG org.apache.http.client.protocol.RequestProxyAuthentication - Proxy auth state: UNCHALLENGED
15:04:36.440 [main] DEBUG org.apache.http.impl.client.DefaultHttpClient - Attempt 1 to execute request
15:04:36.440 [main] DEBUG org.apache.http.impl.conn.DefaultClientConnection - Sending request: GET /api/products/-13000/ratings HTTP/1.1
15:04:36.440 [main] DEBUG org.apache.http.wire -  >> "GET /api/products/-13000/ratings HTTP/1.1[\r][\n]"
15:04:36.440 [main] DEBUG org.apache.http.wire -  >> "Accept: */*[\r][\n]"
15:04:36.440 [main] DEBUG org.apache.http.wire -  >> "Host: altashop-api.fly.dev[\r][\n]"
15:04:36.440 [main] DEBUG org.apache.http.wire -  >> "Connection: Keep-Alive[\r][\n]"
15:04:36.440 [main] DEBUG org.apache.http.wire -  >> "User-Agent: Apache-HttpClient/4.5.13 (Java/11.0.15.1)[\r][\n]"
15:04:36.440 [main] DEBUG org.apache.http.wire -  >> "Accept-Encoding: gzip,deflate[\r][\n]"
15:04:36.440 [main] DEBUG org.apache.http.wire -  >> "[\r][\n]"
15:04:36.440 [main] DEBUG org.apache.http.headers - >> GET /api/products/-13000/ratings HTTP/1.1
15:04:36.440 [main] DEBUG org.apache.http.headers - >> Accept: */*
15:04:36.440 [main] DEBUG org.apache.http.headers - >> Host: altashop-api.fly.dev
15:04:36.440 [main] DEBUG org.apache.http.headers - >> Connection: Keep-Alive
15:04:36.440 [main] DEBUG org.apache.http.headers - >> User-Agent: Apache-HttpClient/4.5.13 (Java/11.0.15.1)
15:04:36.440 [main] DEBUG org.apache.http.headers - >> Accept-Encoding: gzip,deflate
15:04:36.461 [main] DEBUG org.apache.http.wire -  << "HTTP/1.1 500 Internal Server Error[\r][\n]"
15:04:36.461 [main] DEBUG org.apache.http.wire -  << "content-type: application/json[\r][\n]"
15:04:36.461 [main] DEBUG org.apache.http.wire -  << "date: Mon, 08 May 2023 08:04:35 GMT[\r][\n]"
15:04:36.461 [main] DEBUG org.apache.http.wire -  << "content-encoding: gzip[\r][\n]"
15:04:36.461 [main] DEBUG org.apache.http.wire -  << "transfer-encoding: chunked[\r][\n]"
15:04:36.461 [main] DEBUG org.apache.http.wire -  << "server: Fly/3f2597ca (2023-05-03)[\r][\n]"
15:04:36.461 [main] DEBUG org.apache.http.wire -  << "via: 1.1 fly.io[\r][\n]"
15:04:36.461 [main] DEBUG org.apache.http.wire -  << "fly-request-id: 01GZX68574CVNT82KSZ4JCZRJ7-sin[\r][\n]"
15:04:36.461 [main] DEBUG org.apache.http.wire -  << "[\r][\n]"
15:04:36.461 [main] DEBUG org.apache.http.impl.conn.DefaultClientConnection - Receiving response: HTTP/1.1 500 Internal Server Error
15:04:36.461 [main] DEBUG org.apache.http.headers - << HTTP/1.1 500 Internal Server Error
15:04:36.461 [main] DEBUG org.apache.http.headers - << content-type: application/json
15:04:36.461 [main] DEBUG org.apache.http.headers - << date: Mon, 08 May 2023 08:04:35 GMT
15:04:36.461 [main] DEBUG org.apache.http.headers - << content-encoding: gzip
15:04:36.461 [main] DEBUG org.apache.http.headers - << transfer-encoding: chunked
15:04:36.461 [main] DEBUG org.apache.http.headers - << server: Fly/3f2597ca (2023-05-03)
15:04:36.461 [main] DEBUG org.apache.http.headers - << via: 1.1 fly.io
15:04:36.461 [main] DEBUG org.apache.http.headers - << fly-request-id: 01GZX68574CVNT82KSZ4JCZRJ7-sin
15:04:36.461 [main] DEBUG org.apache.http.impl.client.DefaultHttpClient - Connection can be kept alive indefinitely
15:04:36.461 [main] DEBUG io.restassured.internal.RestAssuredHttpBuilder - Parsing response as: application/json
15:04:36.461 [main] DEBUG org.apache.http.wire -  << "5C[\r][\n]"
15:04:36.461 [main] DEBUG org.apache.http.wire -  << "[0x1f][0x8b][0x8][0x0][0x0][0x0][0x0][0x0][0x4][0xff][0xab]VJ-*[0xca]/R[0xb2]R2[0xb4]01137110767[0xb0]45[0xb6]034S[0xc8],VH/JM,I-R([0xc9]H[0xcc]S[0xc8]M[0xac][0xc8][0xcc]-[0xcd]U(K[0xcc])MUH[0xcb]/R[0xf0][0xcc]+1Q[0xaa][0xe5][0x2][0x0][0xf0][0xc5][0xea][0x99]H[0x0][0x0][0x0]"
15:04:36.461 [main] DEBUG org.apache.http.wire -  << "[\r][\n]"
15:04:36.461 [main] DEBUG org.apache.http.wire -  << "0[\r][\n]"
15:04:36.461 [main] DEBUG org.apache.http.wire -  << "[\r][\n]"
15:04:36.461 [main] DEBUG io.restassured.internal.RestAssuredHttpBuilder - Parsed data to instance of: class org.apache.http.conn.EofSensorInputStream
15:04:36.462 [main] DEBUG org.apache.http.impl.conn.BasicClientConnectionManager - Releasing connection org.apache.http.impl.conn.ManagedClientConnectionImpl@69e308e2
15:04:36.462 [main] DEBUG org.apache.http.impl.conn.BasicClientConnectionManager - Connection can be kept alive indefinitely
15:04:36.462 [main] DEBUG net.thucydides.core.steps.StepInterceptor - STEP DONE: I send GET HTTP request rating2
  &amp#27;[32mWhen &amp#27;[0m&amp#27;[32mI send GET HTTP request rating2&amp#27;[0m               &amp#27;[90m# starter.stepdefinitions.RatingSteps.sendGetHttpRequestRating2()&amp#27;[0m
15:04:36.464 [main] DEBUG net.thucydides.core.steps.StepInterceptor - STARTING STEP: RatingSteps.receiveValidHttp500Rating - Then I receive valid HTTP response code 500 rating
15:04:36.464 [main] DEBUG net.thucydides.core.steps.StepInterceptor - STEP DONE: Then I receive valid HTTP response code 500 rating
  &amp#27;[32mThen &amp#27;[0m&amp#27;[32mI receive valid HTTP response code 500 rating&amp#27;[0m &amp#27;[90m# starter.stepdefinitions.RatingSteps.receiveValidHttp500Rating()&amp#27;[0m
15:04:36.465 [main] INFO  - 
  _____   ___   ___   _____     ___     _     ___   ___   ___   ___  
 |_   _| | __| / __| |_   _|   | _ \   /_\   / __| / __| | __| |   \ 
   | |   | _|  \__ \   | |     |  _/  / _ \  \__ \ \__ \ | _|  | |) |
   |_|   |___| |___/   |_|     |_|   /_/ \_\ |___/ |___/ |___| |___/ 

GET - Get product rating with invalid data
----------------------------------------------------------------------
]]></system-out>
  </testcase>
  <testcase name="POST - Post comment" classname="Comment" time="0.1">
    <system-out><![CDATA[15:04:36.466 [main] DEBUG io.cucumber.core.plugin.SerenityReporter - Running feature from file:///E:/APIMinpro/API/minpro/src/test/resources/features/8.%20Comment.feature
15:04:36.467 [main] DEBUG net.thucydides.core.steps.StepEventBus - Test suite started for story net.thucydides.core.model.Story@8ea159bb
15:04:36.467 [main] INFO  - Test Suite Started: Comment

Scenario: POST - Post comment                         &amp#27;[90m# src/test/resources/features/8. Comment.feature:7&amp#27;[0m
15:04:36.469 [main] DEBUG io.cucumber.core.plugin.SerenityReporter - Running feature from file:///E:/APIMinpro/API/minpro/src/test/resources/features/8.%20Comment.feature
15:04:36.470 [main] INFO  - 
  _____   ___   ___   _____     ___   _____     _     ___   _____   ___   ___  
 |_   _| | __| / __| |_   _|   / __| |_   _|   /_\   | _ \ |_   _| | __| |   \ 
   | |   | _|  \__ \   | |     \__ \   | |    / _ \  |   /   | |   | _|  | |) |
   |_|   |___| |___/   |_|     |___/   |_|   /_/ \_\ |_|_\   |_|   |___| |___/ 

POST - Post comment(comment;post---post-comment)
--------------------------------------------------------------------------------
15:04:36.480 [main] DEBUG net.thucydides.core.steps.StepInterceptor - STARTING STEP: CommentSteps.setPostApiEndpointComment - I set POST api endpoints 
15:04:36.480 [main] DEBUG net.thucydides.core.steps.StepInterceptor - STEP DONE: I set POST api endpoints 
  &amp#27;[32mGiven &amp#27;[0m&amp#27;[32mI set POST api endpoints comment&amp#27;[0m              &amp#27;[90m# starter.stepdefinitions.CommentSteps.setPostApiEndpointComment()&amp#27;[0m
15:04:36.482 [main] DEBUG net.thucydides.core.steps.StepInterceptor - STARTING STEP: CommentSteps.sentPostHttpRequestComment - I send POST HTTP request comment
15:04:36.482 [main] DEBUG net.thucydides.core.steps.StepInterceptor - STARTING STEP: Comment.sendPostHTTPRequestComment - I set POST api endpoints 
15:04:36.482 [main] DEBUG net.thucydides.core.steps.StepInterceptor - STEP DONE: I set POST api endpoints 
15:04:36.489 [main] DEBUG org.apache.http.impl.conn.BasicClientConnectionManager - Get connection for route {s}->https://altashop-api.fly.dev:443
15:04:36.489 [main] DEBUG org.apache.http.impl.conn.DefaultClientConnectionOperator - Connecting to altashop-api.fly.dev:443
15:04:36.537 [main] DEBUG org.apache.http.client.protocol.RequestAddCookies - CookieSpec selected: ignoreCookies
15:04:36.537 [main] DEBUG org.apache.http.client.protocol.RequestAuthCache - Auth cache not set in the context
15:04:36.537 [main] DEBUG org.apache.http.client.protocol.RequestProxyAuthentication - Proxy auth state: UNCHALLENGED
15:04:36.537 [main] DEBUG org.apache.http.impl.client.DefaultHttpClient - Attempt 1 to execute request
15:04:36.537 [main] DEBUG org.apache.http.impl.conn.DefaultClientConnection - Sending request: POST /api/products/2/comments HTTP/1.1
15:04:36.537 [main] DEBUG org.apache.http.wire -  >> "POST /api/products/2/comments HTTP/1.1[\r][\n]"
15:04:36.537 [main] DEBUG org.apache.http.wire -  >> "Authorization: Bearer eyJhbGciOiJIUzI1NiIsInR5cCI6IkpXVCJ9.eyJGdWxsbmFtZSI6IkFkaXR5YSBOdWdyYWhhIiwiRW1haWwiOiJhZGl0QGdtYWlsLmNvbSJ9.VM2lARkmmliu1pWtk1uhb8z5fGaElvH1jIoYM72Te3g[\r][\n]"
15:04:36.537 [main] DEBUG org.apache.http.wire -  >> "Accept: */*[\r][\n]"
15:04:36.537 [main] DEBUG org.apache.http.wire -  >> "Content-Type: text/plain; charset=ISO-8859-1[\r][\n]"
15:04:36.537 [main] DEBUG org.apache.http.wire -  >> "Content-Length: 87[\r][\n]"
15:04:36.537 [main] DEBUG org.apache.http.wire -  >> "Host: altashop-api.fly.dev[\r][\n]"
15:04:36.537 [main] DEBUG org.apache.http.wire -  >> "Connection: Keep-Alive[\r][\n]"
15:04:36.537 [main] DEBUG org.apache.http.wire -  >> "User-Agent: Apache-HttpClient/4.5.13 (Java/11.0.15.1)[\r][\n]"
15:04:36.537 [main] DEBUG org.apache.http.wire -  >> "Accept-Encoding: gzip,deflate[\r][\n]"
15:04:36.537 [main] DEBUG org.apache.http.wire -  >> "[\r][\n]"
15:04:36.537 [main] DEBUG org.apache.http.headers - >> POST /api/products/2/comments HTTP/1.1
15:04:36.537 [main] DEBUG org.apache.http.headers - >> Authorization: Bearer eyJhbGciOiJIUzI1NiIsInR5cCI6IkpXVCJ9.eyJGdWxsbmFtZSI6IkFkaXR5YSBOdWdyYWhhIiwiRW1haWwiOiJhZGl0QGdtYWlsLmNvbSJ9.VM2lARkmmliu1pWtk1uhb8z5fGaElvH1jIoYM72Te3g
15:04:36.537 [main] DEBUG org.apache.http.headers - >> Accept: */*
15:04:36.537 [main] DEBUG org.apache.http.headers - >> Content-Type: text/plain; charset=ISO-8859-1
15:04:36.537 [main] DEBUG org.apache.http.headers - >> Content-Length: 87
15:04:36.537 [main] DEBUG org.apache.http.headers - >> Host: altashop-api.fly.dev
15:04:36.537 [main] DEBUG org.apache.http.headers - >> Connection: Keep-Alive
15:04:36.537 [main] DEBUG org.apache.http.headers - >> User-Agent: Apache-HttpClient/4.5.13 (Java/11.0.15.1)
15:04:36.537 [main] DEBUG org.apache.http.headers - >> Accept-Encoding: gzip,deflate
15:04:36.538 [main] DEBUG org.apache.http.wire -  >> "{"content":"the games are great including Gran Turismo 7 but sadly GT4 is much better"}"
15:04:36.560 [main] DEBUG org.apache.http.wire -  << "HTTP/1.1 200 OK[\r][\n]"
15:04:36.560 [main] DEBUG org.apache.http.wire -  << "content-type: application/json[\r][\n]"
15:04:36.560 [main] DEBUG org.apache.http.wire -  << "date: Mon, 08 May 2023 08:04:35 GMT[\r][\n]"
15:04:36.560 [main] DEBUG org.apache.http.wire -  << "content-encoding: gzip[\r][\n]"
15:04:36.560 [main] DEBUG org.apache.http.wire -  << "transfer-encoding: chunked[\r][\n]"
15:04:36.560 [main] DEBUG org.apache.http.wire -  << "server: Fly/3f2597ca (2023-05-03)[\r][\n]"
15:04:36.560 [main] DEBUG org.apache.http.wire -  << "via: 1.1 fly.io[\r][\n]"
15:04:36.560 [main] DEBUG org.apache.http.wire -  << "fly-request-id: 01GZX685A4XVQZ114GW829RKWK-sin[\r][\n]"
15:04:36.560 [main] DEBUG org.apache.http.wire -  << "[\r][\n]"
15:04:36.560 [main] DEBUG org.apache.http.impl.conn.DefaultClientConnection - Receiving response: HTTP/1.1 200 OK
15:04:36.560 [main] DEBUG org.apache.http.headers - << HTTP/1.1 200 OK
15:04:36.560 [main] DEBUG org.apache.http.headers - << content-type: application/json
15:04:36.560 [main] DEBUG org.apache.http.headers - << date: Mon, 08 May 2023 08:04:35 GMT
15:04:36.560 [main] DEBUG org.apache.http.headers - << content-encoding: gzip
15:04:36.560 [main] DEBUG org.apache.http.headers - << transfer-encoding: chunked
15:04:36.560 [main] DEBUG org.apache.http.headers - << server: Fly/3f2597ca (2023-05-03)
15:04:36.560 [main] DEBUG org.apache.http.headers - << via: 1.1 fly.io
15:04:36.560 [main] DEBUG org.apache.http.headers - << fly-request-id: 01GZX685A4XVQZ114GW829RKWK-sin
15:04:36.560 [main] DEBUG org.apache.http.impl.client.DefaultHttpClient - Connection can be kept alive indefinitely
15:04:36.560 [main] DEBUG io.restassured.internal.RestAssuredHttpBuilder - Parsing response as: application/json
15:04:36.560 [main] DEBUG org.apache.http.wire -  << "9E[\r][\n]"
15:04:36.560 [main] DEBUG org.apache.http.wire -  << "[0x1f][0x8b][0x8][0x0][0x0][0x0][0x0][0x0][0x4][0xff][0xab]VJI,IT[0xb2][0xaa]V[0xf2]tQ[0xb2]24440[0xd1]Qr[0xce][0xcf]+I[0xcd]+Q[0xb2]R*[0xc9]HUHO[0xcc]M-VH,JUH/JM,Q[0xc8][0xcc]K[0xce])M[0xc9][0xcc]KWp/J[0xcc]S[0x8])-[0xca],[0xce][0xcd]W0WH*-Q(NL[0xc9][0xa9]Tp[0xf]1Q[0xc8],V[0xc8]-M[0xce]PHJ-)I-R[0xd2]Q[\n]"
15:04:36.560 [main] DEBUG org.apache.http.wire -  << "-N-R[0xb2][0xca]+[0xcd][0xc9][0xd1]Q[\n]"
15:04:36.560 [main] DEBUG org.apache.http.wire -  << "([0xca]O)M.[0x81]q[0x9d][0xf3]ss[0xc1][0x16][0x82]dkk[0xb9][0x0]+y7N[0x96][0x0][0x0][0x0]"
15:04:36.560 [main] DEBUG org.apache.http.wire -  << "[\r][\n]"
15:04:36.560 [main] DEBUG org.apache.http.wire -  << "0[\r][\n]"
15:04:36.560 [main] DEBUG org.apache.http.wire -  << "[\r][\n]"
15:04:36.560 [main] DEBUG io.restassured.internal.RestAssuredHttpBuilder - Parsed data to instance of: class org.apache.http.conn.EofSensorInputStream
15:04:36.561 [main] DEBUG org.apache.http.impl.conn.BasicClientConnectionManager - Releasing connection org.apache.http.impl.conn.ManagedClientConnectionImpl@218fc40d
15:04:36.561 [main] DEBUG org.apache.http.impl.conn.BasicClientConnectionManager - Connection can be kept alive indefinitely
15:04:36.561 [main] DEBUG net.thucydides.core.steps.StepInterceptor - STEP DONE: I send POST HTTP request comment
  &amp#27;[32mWhen &amp#27;[0m&amp#27;[32mI send POST HTTP request comment&amp#27;[0m               &amp#27;[90m# starter.stepdefinitions.CommentSteps.sentPostHttpRequestComment()&amp#27;[0m
15:04:36.563 [main] DEBUG net.thucydides.core.steps.StepInterceptor - STARTING STEP: CommentSteps.receiveValidHttp200Rating - I receive valid HTTP response code 200 comment
15:04:36.564 [main] DEBUG net.thucydides.core.steps.StepInterceptor - STEP DONE: I receive valid HTTP response code 200 comment
  &amp#27;[32mThen &amp#27;[0m&amp#27;[32mI receive valid HTTP response code 200 comment&amp#27;[0m &amp#27;[90m# starter.stepdefinitions.CommentSteps.receiveValidHttp200Rating()&amp#27;[0m
15:04:36.566 [main] INFO  - 
  _____   ___   ___   _____     ___     _     ___   ___   ___   ___  
 |_   _| | __| / __| |_   _|   | _ \   /_\   / __| / __| | __| |   \ 
   | |   | _|  \__ \   | |     |  _/  / _ \  \__ \ \__ \ | _|  | |) |
   |_|   |___| |___/   |_|     |_|   /_/ \_\ |___/ |___/ |___| |___/ 

POST - Post comment
----------------------------------------------------------------------
]]></system-out>
  </testcase>
  <testcase name="GET - Get comment with correct endpoints" classname="Comment" time="0.103">
    <system-out><![CDATA[
Scenario: GET - Get comment with correct endpoints    &amp#27;[90m# src/test/resources/features/8. Comment.feature:12&amp#27;[0m
15:04:36.570 [main] DEBUG io.cucumber.core.plugin.SerenityReporter - Running feature from file:///E:/APIMinpro/API/minpro/src/test/resources/features/8.%20Comment.feature
15:04:36.571 [main] INFO  - 
  _____   ___   ___   _____     ___   _____     _     ___   _____   ___   ___  
 |_   _| | __| / __| |_   _|   / __| |_   _|   /_\   | _ \ |_   _| | __| |   \ 
   | |   | _|  \__ \   | |     \__ \   | |    / _ \  |   /   | |   | _|  | |) |
   |_|   |___| |___/   |_|     |___/   |_|   /_/ \_\ |_|_\   |_|   |___| |___/ 

GET - Get comment with correct endpoints(comment;get---get-comment-with-correct-endpoints)
--------------------------------------------------------------------------------
15:04:36.578 [main] DEBUG net.thucydides.core.steps.StepInterceptor - STARTING STEP: CommentSteps.setGetApiEndpointComment - I set GET api endpoints comment
15:04:36.579 [main] DEBUG net.thucydides.core.steps.StepInterceptor - STEP DONE: I set GET api endpoints comment
  &amp#27;[32mGiven &amp#27;[0m&amp#27;[32mI set GET api endpoints comment&amp#27;[0m               &amp#27;[90m# starter.stepdefinitions.CommentSteps.setGetApiEndpointComment()&amp#27;[0m
15:04:36.581 [main] DEBUG net.thucydides.core.steps.StepInterceptor - STARTING STEP: CommentSteps.sendGetHttpRequestComment - I send GET HTTP request comment
15:04:36.583 [main] DEBUG net.thucydides.core.steps.StepInterceptor - STARTING STEP: Comment.sendGetHttpRequestComment - I set GET api endpoints comment
15:04:36.583 [main] DEBUG net.thucydides.core.steps.StepInterceptor - STEP DONE: I set GET api endpoints comment
15:04:36.588 [main] DEBUG org.apache.http.impl.conn.BasicClientConnectionManager - Get connection for route {s}->https://altashop-api.fly.dev:443
15:04:36.588 [main] DEBUG org.apache.http.impl.conn.DefaultClientConnectionOperator - Connecting to altashop-api.fly.dev:443
15:04:36.639 [main] DEBUG org.apache.http.client.protocol.RequestAddCookies - CookieSpec selected: ignoreCookies
15:04:36.639 [main] DEBUG org.apache.http.client.protocol.RequestAuthCache - Auth cache not set in the context
15:04:36.639 [main] DEBUG org.apache.http.client.protocol.RequestTargetAuthentication - Target auth state: UNCHALLENGED
15:04:36.639 [main] DEBUG org.apache.http.client.protocol.RequestProxyAuthentication - Proxy auth state: UNCHALLENGED
15:04:36.639 [main] DEBUG org.apache.http.impl.client.DefaultHttpClient - Attempt 1 to execute request
15:04:36.640 [main] DEBUG org.apache.http.impl.conn.DefaultClientConnection - Sending request: GET /api/products/2/comments HTTP/1.1
15:04:36.640 [main] DEBUG org.apache.http.wire -  >> "GET /api/products/2/comments HTTP/1.1[\r][\n]"
15:04:36.640 [main] DEBUG org.apache.http.wire -  >> "Accept: */*[\r][\n]"
15:04:36.640 [main] DEBUG org.apache.http.wire -  >> "Host: altashop-api.fly.dev[\r][\n]"
15:04:36.640 [main] DEBUG org.apache.http.wire -  >> "Connection: Keep-Alive[\r][\n]"
15:04:36.640 [main] DEBUG org.apache.http.wire -  >> "User-Agent: Apache-HttpClient/4.5.13 (Java/11.0.15.1)[\r][\n]"
15:04:36.640 [main] DEBUG org.apache.http.wire -  >> "Accept-Encoding: gzip,deflate[\r][\n]"
15:04:36.640 [main] DEBUG org.apache.http.wire -  >> "[\r][\n]"
15:04:36.640 [main] DEBUG org.apache.http.headers - >> GET /api/products/2/comments HTTP/1.1
15:04:36.640 [main] DEBUG org.apache.http.headers - >> Accept: */*
15:04:36.640 [main] DEBUG org.apache.http.headers - >> Host: altashop-api.fly.dev
15:04:36.640 [main] DEBUG org.apache.http.headers - >> Connection: Keep-Alive
15:04:36.640 [main] DEBUG org.apache.http.headers - >> User-Agent: Apache-HttpClient/4.5.13 (Java/11.0.15.1)
15:04:36.640 [main] DEBUG org.apache.http.headers - >> Accept-Encoding: gzip,deflate
15:04:36.662 [main] DEBUG org.apache.http.wire -  << "HTTP/1.1 200 OK[\r][\n]"
15:04:36.662 [main] DEBUG org.apache.http.wire -  << "content-type: application/json[\r][\n]"
15:04:36.662 [main] DEBUG org.apache.http.wire -  << "date: Mon, 08 May 2023 08:04:35 GMT[\r][\n]"
15:04:36.662 [main] DEBUG org.apache.http.wire -  << "transfer-encoding: chunked[\r][\n]"
15:04:36.662 [main] DEBUG org.apache.http.wire -  << "content-encoding: gzip[\r][\n]"
15:04:36.662 [main] DEBUG org.apache.http.wire -  << "server: Fly/3f2597ca (2023-05-03)[\r][\n]"
15:04:36.662 [main] DEBUG org.apache.http.wire -  << "via: 1.1 fly.io[\r][\n]"
15:04:36.662 [main] DEBUG org.apache.http.wire -  << "fly-request-id: 01GZX685DB2WEVYKQJ5EPPCR1M-sin[\r][\n]"
15:04:36.662 [main] DEBUG org.apache.http.wire -  << "[\r][\n]"
15:04:36.662 [main] DEBUG org.apache.http.impl.conn.DefaultClientConnection - Receiving response: HTTP/1.1 200 OK
15:04:36.662 [main] DEBUG org.apache.http.headers - << HTTP/1.1 200 OK
15:04:36.662 [main] DEBUG org.apache.http.headers - << content-type: application/json
15:04:36.662 [main] DEBUG org.apache.http.headers - << date: Mon, 08 May 2023 08:04:35 GMT
15:04:36.662 [main] DEBUG org.apache.http.headers - << transfer-encoding: chunked
15:04:36.662 [main] DEBUG org.apache.http.headers - << content-encoding: gzip
15:04:36.662 [main] DEBUG org.apache.http.headers - << server: Fly/3f2597ca (2023-05-03)
15:04:36.662 [main] DEBUG org.apache.http.headers - << via: 1.1 fly.io
15:04:36.662 [main] DEBUG org.apache.http.headers - << fly-request-id: 01GZX685DB2WEVYKQJ5EPPCR1M-sin
15:04:36.662 [main] DEBUG org.apache.http.impl.client.DefaultHttpClient - Connection can be kept alive indefinitely
15:04:36.662 [main] DEBUG io.restassured.internal.RestAssuredHttpBuilder - Parsing response as: application/json
15:04:36.662 [main] DEBUG org.apache.http.wire -  << "153[\r][\n]"
15:04:36.662 [main] DEBUG org.apache.http.wire -  << "[0x1f][0x8b][0x8][0x0][0x0][0x0][0x0][0x0][0x4][0xff][0xaa]VJI,IT[0xb2][0x8a][0xae]V[0xf2]tQ[0xb2]24056[0xd6]Qr[0xce][0xcf]+I[0xcd]+Q[0xb2]Rr[0xcc][0xc9]L,V[0xc8]LQH[0xc9],.[0xc9][0xcc]K.[0xc9][0xcc]W(N-,[0xcd]T(K-[0xca],I,[0xc9],[0xd6]S[0xd2]Q[\n]"
15:04:36.662 [main] DEBUG org.apache.http.wire -  << "-N-R[0xb2][0xca]+[0xcd][0xc9][0xd1]Q[\n]"
15:04:36.662 [main] DEBUG org.apache.http.wire -  << "([0xca]O)M.[0x81]q[0x9d][0xf3]ss[0xc1]f[0x81]dku[0x10][0xf6][0x98] [0xdb][0xe3][0x9c][0x9f][0x7]26[0xb1][0xa4][0xb4]H!'[0xb1]4%1[0xaf]$[0xb3]4W!7?'[0xb5][0xb8]$31U!1E![0xb5][0x84]\[0xab]L[0x91][0xad]*[0xc9]HUHO[0xcc]M-VH,JUH/JM,Q[0xc8][0xcc]K[0xce])M[0xc9][0xcc]KWp/J[0xcc]S[0x8])-[0xca],[0xce][0xcd]W0WH*-Q(NL[0xc9][0xa9]Tp[0xf]1Q[0xc8],V[0xc8]-M[0xce]PHJ-)I-"[0xd3][0xdf][0xe6][0x83][0xc9]1[0x16][0x83][0xc8]1&[0x6][0x83][0xc9]1[0x86][0x83][0xc9]1F[0xc8][0x8e][0xc9]T/)Vp+[0xca]LI[0xac]$/[0x9][0x9a][0xa0]d[0xf1][0x1][0xce][0xf]&[0x83])s[0x9a][0xa1][0x14]J[0x14][0x7][0xb4][0xd9]`[0xf2][0x9b][0xf9]`[0xca]^[0xe6][0x83])[0x9][0x9a][0xf][0xa6]h[0xb2][0xb0]D[0xce][0xeb][0x3][0x9c]9-[0x7]Q)hf0[0x88][0x12][0xb0][0x99][0xc1] [0x8a]&3c[0x94][0xfa][0x81][0xf6]i[0x6][0x0][0x0][0x0][0xff][0xff]"
15:04:36.662 [main] DEBUG org.apache.http.wire -  << "[\r][\n]"
15:04:36.662 [main] DEBUG org.apache.http.wire -  << "2F8[\r][\n]"
15:04:36.662 [main] DEBUG org.apache.http.wire -  << "[0x2][0xb7][0xf3]p4[0xec][0xcc][0xcc][0x6]S4[0x99][\r][0xa6][0x4]l<[0x88][0xca][0x19]3S[0x14][0xc7]PZ[0xd5][0x99][0x99][0x9a]![0x17][[0x94][0x1b][0x87][0xd2]Jv-QH-QH[0xad]HN-()-[0xca]T(,ML-J,Q[0xc8][0xcb][0xcc][0xc8][0xcc]Q[0xc8]O[0xc9],[0x81][0xb][0x81]z[0x11][0x99][0xe4][0xf5][0x13][0xcc]L[0x7]Qk[0xd8][0xcc]t0[0x15]0[0xa8][0xf5][0x80][0x9e][0x9e][0x9e]B[0xa2]Bnf^[0x8a]B^jjJ[0xb1]BR~~v[0xb1]Bb[0xb1]B[0xa2]Bqy~[0x11]L8Q[0xa1]<#[0xb5][0xa4][0xb8]$?/UG!3M![0xb3][0x4][0xd4][0x83]*[0xc9]W[0xc8]NM-P[0xc8],)VHMIO%3[0xb2],Q[0xca][0xbc][0xf0][0xcc][0xbc][0x92][0xd4]"[0x90][0xf1][0xc9][0xf9][0xb9][0x99]y[0xe9][0xe4][0x1a]J[0xdd]Tl[0x89][0x92][0x8a][0x1d][0xf3]R[0x14][0x8a][0xf3][0x15]2R[0x15][0x8a][0xb][0xf2][0xb3]Su[0x14][0x12][0xd1][0x5]J2[0x12]K[0x14]|@[0x1][0x98][0x9f][0xa6][0xe0][0x9c]X\[0x92][0x98][0x9b]Z[0x94][0xaa][0x3][0xee][0x85][0xe6][0xe5][0x97]+[0x80]J[0xf6][0xa2][0xc4][0xcc][0xbc]b[0x85]rP[0x8][0xe6][0xab][0xa7][0x16])dd[0x16]+d$[0xe6][0xe4][0xe8]([0x94]g[0x96]d([0xe4][0xe5]+[0xe4][0xe7][0xa5][0x82]T[0x16][0xa5]*[0x94][0x80]lK,[0xd2]S[0x88]L-[0xd6]Q l[0x2][0xc8]Ay[0xf9]%[0xa0]h[0xcc]/[0xcd][0x81]k'[0xab][0x97]af[0x89][0x92][0x80][0xa9][0x13]A[0xe6][0xa8]m[0x0]P[0x88]z*d$[0x96][0xa5]*$*[0x94][0xa4][0xe6][0xa5][0xa4][0x16][0x81][0xc2][0x16][0xd4][0x9f]W[0xc8][0xad]T[0xc8]HM,*QH[0xcb]/RH.[0xca],([0xc8][0x1]u[0xf9][0xf3]R[0x14][0x92]@[0x1][[0x94]R[0xc][0xe][0xff][0xa4][0xa2][0xfc][0xec][0xd4]<[0x85][0x92][0x8c][0xcc][0xbc]t2[0x87]2[0xcc][\r]P*[0x99][0x90][0x8c]T[0x5][0xbf][0xfc][0xa2][0x92][0xc][0x85][0xa2][0xd4][0xdc][0xd4][0xdc][0xa4][0xd4]"r[0xcd]5D)[0xa2]A[0x91]?p[0xe3][0x16][0xe6][0x86]([0xd1]9[0xc0][0x8e]1A[0xc9][0xfc][0x3][0xed][0x18][0x94]N[0xe3]@;[0x6][0xa5][0x4][0x1b]h[0xc7][0xc][0xa2][\n]"
15:04:36.662 [main] DEBUG org.apache.http.wire -  << "[0xd5][0xdc]t[0x10][0xb5]K[0xcd]M[0x7]S[0x2]6[0x1d]D[0x9d]qs[0xd3][0xc1][0x94][0x9b]P[0x1b][0xc9][0x3][0x9c][0x9b]P[0x9b][0xd8][0x3][0xed][0x18][0x94][0xa6][0xcd]@;f0[0xd5]M[0x83][0xa9][0xff]kn6[0x98][0xca][0x19][0xb3][0xc1]T[0xce][0xa0][0xe][0xf5][0xe]p[0x2]6[0x1b]L[0xb5][0xb6][0xd9]`[0xaa][0xb5][0x7][0xd3][0xa8][0xb5]9[0xea][0xa8][0xb5]Obiz[0x6][0xb4][0xd7]Y[0x90][0x9f]Y[0x9c][0x9f][0x7][0xea]1[0xa5][0xa5]&[0x16][0x91][0xd7][0xfb]4[0x1f]L[0xe3][0xd0][0xe6][0xe6](I211[0x91][0xac]^[0xa0][0xb9][0xf9]`[0xaa]',P[0x9a][0x80][0xc1]%[0xa5][0x5][0xa9]i[0xe4][0xcd][0xa1][0x99][[0xa0][0xf5][0xf9]JA[0x9d][0xcf][0xa4][0xcc][0xa2][0x14][0xf2][0x82][0xc9][0x2][0xa5][0x9c][0xe]J,K[0xcd]K[0xce]I,'[0xd3]0[0x94]r[0xd6][0xbd][0xa8]2--3/%[0x9f][0xbc][0x9]ks[0x8b][0xc1][0xd4] [0xb3]@I[0x95][0x3]\j[[0xc][0xa6][0x82][0xd2][0x12]%m[0xf]p[0xc8][0xa0][0x8e][0x17][0xe][0xb4]c[0x6]Q[0xeb][0xd0][0xc2][0x0]%[0xa3][0xf]l[0xc8]X[0x18][0xc][0xa2][0xac]ma0[0x88]F[0xbb],[0xc][0x6]Q[0xb5]ea8[0x88][0xb2][0xb6][0x85]!J[0xc5]7[0xc0][0x9][0xd8]p0[0xe5]&[0xc3][0xc1][0x94][0x9b][0x6][0xd3][0xd8][0xb1][0x85][0xe1][0xa0][0xca]M[0x83][0xa9]:0[0x1a]L[0xb9][0xc9][0x8]%[0x9a][0x2]J[0xb3][0xcb]KS[0xd2]3S1[0x1b][0xa1][0x0][0x0][0x0][0x0][0xff][0xff]"
15:04:36.662 [main] DEBUG org.apache.http.wire -  << "[\r][\n]"
15:04:36.663 [main] DEBUG org.apache.http.wire -  << "300[\r][\n]"
15:04:36.663 [main] DEBUG org.apache.http.wire -  << ""b}[0xa7][0x85][0xd1] j[0x1c]Y[0x18][0xf][0xa6][0x12]t0[0xad][0xd6][0xb0]0[0x1e]L[0x85][0x96][0xf1] j[0xdd][[0x18][0xf][0xa6][0x4]<[0x98][0xd6][0xc6]Z[0xc][0xa6][0xd9]7[0xb][0x93][0xc1][0x94][0x80]M[0x6]S[0x2]6[0x19]L[0x9]x0[0xcd][0xbe]Y[0xc][0xa6][0xd9]7[0x8b][0xc1]4[0xe1]e1[0x98][0xe6][0x98],[0x6][0xd3]z,[0x8b][0xc1][0xb4][0x1e][0xcb]b0[0xcd][0xa4]X[0x98][0xa1]4[0x1b][0x7][0xb8]Gh6[0x98]Z[0xf7][0xe6][0x83][0xa9]u[0x8f]:y1[0xc0][0xd1]d>[0x98]j[0xed][0xc1]4[0xef]b1[0x98]&L,[0xcc][0x7]SnB[0x9d]r[0x19][0xe0][0x4]l[0x81]2[0xc7]2[0xd0][0x8e][0x19]LC[0xa7][0x16][0x83][0xa9]:[0x18]L[0xbb]i,[0x6][0xd3][0xac][0x88][0x5][0xea][0xfa]i[0xff][0xe4][0xe4][0xc4][0xd4][0xe4][0xc4][0x92]L[0x85][0xd4][0xc4]"[0x94][0x8d][0xb7][0x85][0xa5][0x99][0x89][\n]"
15:04:36.663 [main] DEBUG org.apache.http.wire -  << "e[0xf9]9[0xa5][0x5]%[0x89][0xc5][\n]"
15:04:36.663 [main] DEBUG org.apache.http.wire -  << "`[0x1e]h[0xfb]o^jn>y[0xd3][0xdc][0x16][0x96][0x83][0xa9][0xec][0xb7][0x1c]L[0x9d]$[0xd4]%[0xd3][0x3][[0xa8]X[0xa2].[0xb5][0x1e]h[0xc7][0xc][0xa2][0x96][0x94][0xa5][0xc1] *[0xfb]-[\r][0x6]Q[0x2][0xb6][0x1c]L3U[0x96][0x83]i[0xc5][0xba][0xa5][0xd1] [0x1a][0x81][0xb6][0x1c]L[0xb3][0xe][0x96]F[0x83]h[0xe][0xcf][0xd2]h0em[0xa3]ATQZ[0x1a][\r][0xa2]6[0xa6][0xa5][0xd1] [0x1a]g[0xb5]D[0x9d]6[0x1b][0xe0][0x8a]r0M[0xbb]Y[0x1a][0xf][0xa6]Z{0M[0xbb]Y[0xe][0xa6][0xad][0xc0][0x96][0xc6][0x83][0xa8][0xc7]f9[0x98][0xa6][0xdd],[0x7][0xd3]I)[0x96][0x83]i[0xa6][0xcb]r0[0x1d][0xdb]b9[0x98][0xa6][0xdd],M[0x6]Sn[0x1a]Ls[0x80][0x96]&[0x83]h4[0xd1]r0MHZ[0x9a][0xe][0xa6][0x8a]r0[0xcd][0x8e]Z[0xe][0xa6][0xbd][0x89][0x96][0x83]i[0xaa][0xd6]r0[0xed]M[0xb4][0x1c]L[0xf3][0xc6][0x96][0xa6][0x83][0xa9][0x4][0x1e]L[0x93][0xd8][0x96][0x83]i[0x12][0xdb]r0m[0x94][0xb4]D[0xdd][0x81][0x17][0x9e][0x98][PZL[0xd6][0xc2]G[0xcb][0xc1]4[0x1d]n[0x89][0xba][0x97]/8[0xa7][0xb2]$#[0xb5](3[0x8f]L[0x9f]Q[0xab][0xfe]N,.[0x5][0x1d][0xd5]B[0xe9]Y[0x9a][0x96][0x83]is[0xa0]%[0xea][0xe6][0xb2][0x1][0x1e][0x6]@[0x9d][0xf7][0xa2]([0xde][\r][\r][0xc][0x6][0xcf]h[0x8b][0xa1][0xc1] [0xda]`h0[0x88][0xf6][0x1f][0x18][0x1a][0xc][0xa2][0xfd][0x7][0x86][0x6][0x86][0x83])[0xcd][0xa0][0xe][0x17]R[0xb4][0xbb][0xd2][0xd0]`[0x10]m[\r]240[0x1c]<[0xe3][0xd5][0x86][0x6][0x83]h[0xec][0xd1][0xd0][0xc0][0x8][0xa5][0xb2][0xca]I-([0xc9]/P[0xc8]--J[0xcc] [0xa7][0xf2]34[0x18]D[0x8b][0x9e][\r][\r][0x6][0xd1][0xb8][0x94][0xa1][0xc1] [0x1a][0x97]24[0x18]D[0xe3]R[0x86][0x6][0x83]h\[0xca][0xd0]`[0x10][0x8d]K[0x19][0x1a][0xc][0xa2]q)C[0x83]A4.eh0[0x88][0xc6][0xa5][0xc][\r][0x6][0xd1][0xb8][0x94][0xa1][0xc1] [0x1a][0x97]24[0x18]D[0xa3]/[0x86][0x6][0x83]h[0x8c][0xc1][0xd0]`[0x10][0x1d]znh0[0x88]z[0x88][0x86][0x6][0x83]h9[0xb8][0xa1][0x81][0xf9][0xe0]Yvah0[0x88][0xd6][0xa6][0x1b][0x1a][0xa0][0x9e]|3[0xa0][0x1d]yC[0x83]A[0xb4][0x1c][0xdc][0xd0][0xc0][0x1c]e[0xad][0x99]cIai*[0xe4][0xf4][0xe5][0xd4][0x8a][0xd4][0xa2]d[0xf0]u0[0xf9]y[0xa9][0xb9][\n]"
15:04:36.663 [main] DEBUG org.apache.http.wire -  << "[0xa9][0x89][\n]"
15:04:36.663 [main] DEBUG org.apache.http.wire -  << "[0xa5]%[\n]"
15:04:36.663 [main] DEBUG org.apache.http.wire -  << "%[0xa9][0xb9][0x5][0xf9]E[0x99]I[0xa5][0xc5][\n]"
15:04:36.663 [main] DEBUG org.apache.http.wire -  << "[0x99]y[\n]"
15:04:36.663 [main] DEBUG org.apache.http.wire -  << "[0xc5][0xa5][0xc5][0xc9][0x99][0x5][0x99][0xe4][0xdd][0xe1]bh0[0x88]V[0xa2][0x1b][0x1a][0xc][0xa2][0xa1][0x1e]C[0x83]At$[0x8e][0xa1][0xc1] Z[0xfc]mh0[0x88][0xce][0xe7]14[0x18]D[0xe7][0xf3][0x18][0x1a]XR6l[0x0][0x0][0x0][0x0][0xff][0xff]"
15:04:36.663 [main] DEBUG org.apache.http.wire -  << "[\r][\n]"
15:04:36.663 [main] DEBUG org.apache.http.wire -  << "56[\r][\n]"
15:04:36.663 [main] DEBUG org.apache.http.wire -  << "[0xa2][0xe6][0x8d]H[0x86][0x6][0x83]h[0xd5][0xb3][0xa1][0xe1] :[0x9f][0xc7][0xd0]p[0x10]-464[0x1c]D[0x87][0x5][0x19][0x1a][0xc][0xa2][0xad][0x14][0x86][0x6][0xa8][)[0x6][0xb8][0xc1]0[0x88]vW[0x18][0x1a]X[0xe][0xa6]Q`[0xd4][0xd3][0xf8][0x7]:[0x9a]P[0x9a]R[0x3][0xeb][0x18][0xc3]A[0xb4][0xd5][0xc3][0xd0][0x10][0xf5]4[0xfd][0x1][0x9][0x99][0xd8]Z.[0x0][0x0][0x0][0x0][0xff][0xff]"
15:04:36.663 [main] DEBUG org.apache.http.wire -  << "[\r][\n]"
15:04:36.663 [main] DEBUG org.apache.http.wire -  << "A[\r][\n]"
15:04:36.663 [main] DEBUG org.apache.http.wire -  << "[0x3][0x0][0xcb] _p[0x19]q[0x0][0x0]"
15:04:36.663 [main] DEBUG org.apache.http.wire -  << "[\r][\n]"
15:04:36.663 [main] DEBUG org.apache.http.wire -  << "0[\r][\n]"
15:04:36.663 [main] DEBUG org.apache.http.wire -  << "[\r][\n]"
15:04:36.663 [main] DEBUG io.restassured.internal.RestAssuredHttpBuilder - Parsed data to instance of: class org.apache.http.conn.EofSensorInputStream
15:04:36.663 [main] DEBUG org.apache.http.impl.conn.BasicClientConnectionManager - Releasing connection org.apache.http.impl.conn.ManagedClientConnectionImpl@75c30a4f
15:04:36.664 [main] DEBUG org.apache.http.impl.conn.BasicClientConnectionManager - Connection can be kept alive indefinitely
15:04:36.667 [main] DEBUG net.thucydides.core.steps.StepInterceptor - STEP DONE: I send GET HTTP request comment
  &amp#27;[32mWhen &amp#27;[0m&amp#27;[32mI send GET HTTP request comment&amp#27;[0m                &amp#27;[90m# starter.stepdefinitions.CommentSteps.sendGetHttpRequestComment()&amp#27;[0m
15:04:36.669 [main] DEBUG net.thucydides.core.steps.StepInterceptor - STARTING STEP: CommentSteps.receiveValidHttp200Rating - I receive valid HTTP response code 200 comment
15:04:36.669 [main] DEBUG net.thucydides.core.steps.StepInterceptor - STEP DONE: I receive valid HTTP response code 200 comment
  &amp#27;[32mThen &amp#27;[0m&amp#27;[32mI receive valid HTTP response code 200 comment&amp#27;[0m &amp#27;[90m# starter.stepdefinitions.CommentSteps.receiveValidHttp200Rating()&amp#27;[0m
15:04:36.670 [main] INFO  - 
  _____   ___   ___   _____     ___     _     ___   ___   ___   ___  
 |_   _| | __| / __| |_   _|   | _ \   /_\   / __| / __| | __| |   \ 
   | |   | _|  \__ \   | |     |  _/  / _ \  \__ \ \__ \ | _|  | |) |
   |_|   |___| |___/   |_|     |_|   /_/ \_\ |___/ |___/ |___| |___/ 

GET - Get comment with correct endpoints
----------------------------------------------------------------------
]]></system-out>
  </testcase>
  <testcase name="Get comment with incorrect endpoints" classname="Comment" time="0.091">
    <system-out><![CDATA[
Scenario: Get comment with incorrect endpoints        &amp#27;[90m# src/test/resources/features/8. Comment.feature:17&amp#27;[0m
15:04:36.672 [main] DEBUG io.cucumber.core.plugin.SerenityReporter - Running feature from file:///E:/APIMinpro/API/minpro/src/test/resources/features/8.%20Comment.feature
15:04:36.673 [main] INFO  - 
  _____   ___   ___   _____     ___   _____     _     ___   _____   ___   ___  
 |_   _| | __| / __| |_   _|   / __| |_   _|   /_\   | _ \ |_   _| | __| |   \ 
   | |   | _|  \__ \   | |     \__ \   | |    / _ \  |   /   | |   | _|  | |) |
   |_|   |___| |___/   |_|     |___/   |_|   /_/ \_\ |_|_\   |_|   |___| |___/ 

Get comment with incorrect endpoints(comment;get-comment-with-incorrect-endpoints)
--------------------------------------------------------------------------------
15:04:36.679 [main] DEBUG net.thucydides.core.steps.StepInterceptor - STARTING STEP: CommentSteps.setGetApiEndpointComment2 - I set GET api endpoints comment2
15:04:36.679 [main] DEBUG net.thucydides.core.steps.StepInterceptor - STEP DONE: I set GET api endpoints comment2
  &amp#27;[32mGiven &amp#27;[0m&amp#27;[32mI set GET api endpoints comment2&amp#27;[0m              &amp#27;[90m# starter.stepdefinitions.CommentSteps.setGetApiEndpointComment2()&amp#27;[0m
15:04:36.682 [main] DEBUG net.thucydides.core.steps.StepInterceptor - STARTING STEP: CommentSteps.sendGetHttpRequestComment2 - I send GET HTTP request comment2
15:04:36.682 [main] DEBUG net.thucydides.core.steps.StepInterceptor - STARTING STEP: Comment.sendGetHttpRequestComment2 - I set GET api endpoints comment2
15:04:36.682 [main] DEBUG net.thucydides.core.steps.StepInterceptor - STEP DONE: I set GET api endpoints comment2
15:04:36.687 [main] DEBUG org.apache.http.impl.conn.BasicClientConnectionManager - Get connection for route {s}->https://altashop-api.fly.dev:443
15:04:36.687 [main] DEBUG org.apache.http.impl.conn.DefaultClientConnectionOperator - Connecting to altashop-api.fly.dev:443
15:04:36.736 [main] DEBUG org.apache.http.client.protocol.RequestAddCookies - CookieSpec selected: ignoreCookies
15:04:36.736 [main] DEBUG org.apache.http.client.protocol.RequestAuthCache - Auth cache not set in the context
15:04:36.736 [main] DEBUG org.apache.http.client.protocol.RequestTargetAuthentication - Target auth state: UNCHALLENGED
15:04:36.736 [main] DEBUG org.apache.http.client.protocol.RequestProxyAuthentication - Proxy auth state: UNCHALLENGED
15:04:36.736 [main] DEBUG org.apache.http.impl.client.DefaultHttpClient - Attempt 1 to execute request
15:04:36.736 [main] DEBUG org.apache.http.impl.conn.DefaultClientConnection - Sending request: GET /api/products/2/comment HTTP/1.1
15:04:36.736 [main] DEBUG org.apache.http.wire -  >> "GET /api/products/2/comment HTTP/1.1[\r][\n]"
15:04:36.736 [main] DEBUG org.apache.http.wire -  >> "Accept: */*[\r][\n]"
15:04:36.736 [main] DEBUG org.apache.http.wire -  >> "Host: altashop-api.fly.dev[\r][\n]"
15:04:36.736 [main] DEBUG org.apache.http.wire -  >> "Connection: Keep-Alive[\r][\n]"
15:04:36.736 [main] DEBUG org.apache.http.wire -  >> "User-Agent: Apache-HttpClient/4.5.13 (Java/11.0.15.1)[\r][\n]"
15:04:36.736 [main] DEBUG org.apache.http.wire -  >> "Accept-Encoding: gzip,deflate[\r][\n]"
15:04:36.736 [main] DEBUG org.apache.http.wire -  >> "[\r][\n]"
15:04:36.736 [main] DEBUG org.apache.http.headers - >> GET /api/products/2/comment HTTP/1.1
15:04:36.736 [main] DEBUG org.apache.http.headers - >> Accept: */*
15:04:36.736 [main] DEBUG org.apache.http.headers - >> Host: altashop-api.fly.dev
15:04:36.736 [main] DEBUG org.apache.http.headers - >> Connection: Keep-Alive
15:04:36.736 [main] DEBUG org.apache.http.headers - >> User-Agent: Apache-HttpClient/4.5.13 (Java/11.0.15.1)
15:04:36.736 [main] DEBUG org.apache.http.headers - >> Accept-Encoding: gzip,deflate
15:04:36.755 [main] DEBUG org.apache.http.wire -  << "HTTP/1.1 404 Not Found[\r][\n]"
15:04:36.755 [main] DEBUG org.apache.http.wire -  << "date: Mon, 08 May 2023 08:04:35 GMT[\r][\n]"
15:04:36.755 [main] DEBUG org.apache.http.wire -  << "content-encoding: gzip[\r][\n]"
15:04:36.755 [main] DEBUG org.apache.http.wire -  << "content-type: text/plain; charset=utf-8[\r][\n]"
15:04:36.755 [main] DEBUG org.apache.http.wire -  << "transfer-encoding: chunked[\r][\n]"
15:04:36.755 [main] DEBUG org.apache.http.wire -  << "server: Fly/3f2597ca (2023-05-03)[\r][\n]"
15:04:36.755 [main] DEBUG org.apache.http.wire -  << "via: 1.1 fly.io[\r][\n]"
15:04:36.755 [main] DEBUG org.apache.http.wire -  << "fly-request-id: 01GZX685GA6WX5A63ZA1D80TN4-sin[\r][\n]"
15:04:36.755 [main] DEBUG org.apache.http.wire -  << "[\r][\n]"
15:04:36.755 [main] DEBUG org.apache.http.impl.conn.DefaultClientConnection - Receiving response: HTTP/1.1 404 Not Found
15:04:36.755 [main] DEBUG org.apache.http.headers - << HTTP/1.1 404 Not Found
15:04:36.755 [main] DEBUG org.apache.http.headers - << date: Mon, 08 May 2023 08:04:35 GMT
15:04:36.755 [main] DEBUG org.apache.http.headers - << content-encoding: gzip
15:04:36.755 [main] DEBUG org.apache.http.headers - << content-type: text/plain; charset=utf-8
15:04:36.755 [main] DEBUG org.apache.http.headers - << transfer-encoding: chunked
15:04:36.755 [main] DEBUG org.apache.http.headers - << server: Fly/3f2597ca (2023-05-03)
15:04:36.755 [main] DEBUG org.apache.http.headers - << via: 1.1 fly.io
15:04:36.755 [main] DEBUG org.apache.http.headers - << fly-request-id: 01GZX685GA6WX5A63ZA1D80TN4-sin
15:04:36.755 [main] DEBUG org.apache.http.impl.client.DefaultHttpClient - Connection can be kept alive indefinitely
15:04:36.755 [main] DEBUG io.restassured.internal.RestAssuredHttpBuilder - Parsing response as: text/plain; charset=utf-8
15:04:36.755 [main] DEBUG org.apache.http.wire -  << "1E[\r][\n]"
15:04:36.755 [main] DEBUG org.apache.http.wire -  << "[0x1f][0x8b][0x8][0x0][0x0][0x0][0x0][0x0][0x4][0xff][0xcb][0xcb]/QH[0xcb]/[0xcd]K[0xe1][0x2][0x0][0xd4]I[0xfa]r[\n]"
15:04:36.755 [main] DEBUG org.apache.http.wire -  << "[0x0][0x0][0x0]"
15:04:36.755 [main] DEBUG org.apache.http.wire -  << "[\r][\n]"
15:04:36.755 [main] DEBUG org.apache.http.wire -  << "0[\r][\n]"
15:04:36.755 [main] DEBUG org.apache.http.wire -  << "[\r][\n]"
15:04:36.755 [main] DEBUG io.restassured.internal.RestAssuredHttpBuilder - Parsed data to instance of: class org.apache.http.conn.EofSensorInputStream
15:04:36.756 [main] DEBUG org.apache.http.impl.conn.BasicClientConnectionManager - Releasing connection org.apache.http.impl.conn.ManagedClientConnectionImpl@53570fff
15:04:36.756 [main] DEBUG org.apache.http.impl.conn.BasicClientConnectionManager - Connection can be kept alive indefinitely
15:04:36.756 [main] DEBUG net.thucydides.core.steps.StepInterceptor - STEP DONE: I send GET HTTP request comment2
  &amp#27;[32mWhen &amp#27;[0m&amp#27;[32mI send GET HTTP request comment2&amp#27;[0m               &amp#27;[90m# starter.stepdefinitions.CommentSteps.sendGetHttpRequestComment2()&amp#27;[0m
15:04:36.758 [main] DEBUG net.thucydides.core.steps.StepInterceptor - STARTING STEP: CommentSteps.receiveValidHttp404Rating - Then I receive valid HTTP response code 404 comment
15:04:36.759 [main] DEBUG net.thucydides.core.steps.StepInterceptor - STEP DONE: Then I receive valid HTTP response code 404 comment
  &amp#27;[32mThen &amp#27;[0m&amp#27;[32mI receive valid HTTP response code 404 comment&amp#27;[0m &amp#27;[90m# starter.stepdefinitions.CommentSteps.receiveValidHttp404Rating()&amp#27;[0m
15:04:36.760 [main] INFO  - 
  _____   ___   ___   _____     ___     _     ___   ___   ___   ___  
 |_   _| | __| / __| |_   _|   | _ \   /_\   / __| / __| | __| |   \ 
   | |   | _|  \__ \   | |     |  _/  / _ \  \__ \ \__ \ | _|  | |) |
   |_|   |___| |___/   |_|     |_|   /_/ \_\ |___/ |___/ |___| |___/ 

Get comment with incorrect endpoints
----------------------------------------------------------------------
]]></system-out>
  </testcase>
  <testcase name="GET - Get hello with correct endpoints" classname="Hello" time="0.102">
    <system-out><![CDATA[15:04:36.761 [main] DEBUG io.cucumber.core.plugin.SerenityReporter - Running feature from file:///E:/APIMinpro/API/minpro/src/test/resources/features/9.%20Hello.feature
15:04:36.763 [main] DEBUG net.thucydides.core.steps.StepEventBus - Test suite started for story net.thucydides.core.model.Story@31ecbffa
15:04:36.763 [main] INFO  - Test Suite Started: Hello

Scenario: GET - Get hello with correct endpoints      &amp#27;[90m# src/test/resources/features/9. Hello.feature:7&amp#27;[0m
15:04:36.766 [main] DEBUG io.cucumber.core.plugin.SerenityReporter - Running feature from file:///E:/APIMinpro/API/minpro/src/test/resources/features/9.%20Hello.feature
15:04:36.767 [main] INFO  - 
  _____   ___   ___   _____     ___   _____     _     ___   _____   ___   ___  
 |_   _| | __| / __| |_   _|   / __| |_   _|   /_\   | _ \ |_   _| | __| |   \ 
   | |   | _|  \__ \   | |     \__ \   | |    / _ \  |   /   | |   | _|  | |) |
   |_|   |___| |___/   |_|     |___/   |_|   /_/ \_\ |_|_\   |_|   |___| |___/ 

GET - Get hello with correct endpoints(hello;get---get-hello-with-correct-endpoints)
--------------------------------------------------------------------------------
15:04:36.779 [main] DEBUG net.thucydides.core.steps.StepInterceptor - STARTING STEP: HelloSteps.setGetApiEndpointHello - I set GET api endpoints hello
15:04:36.779 [main] DEBUG net.thucydides.core.steps.StepInterceptor - STEP DONE: I set GET api endpoints hello
  &amp#27;[32mGiven &amp#27;[0m&amp#27;[32mI set GET api endpoints hello&amp#27;[0m                 &amp#27;[90m# starter.stepdefinitions.HelloSteps.setGetApiEndpointHello()&amp#27;[0m
15:04:36.781 [main] DEBUG net.thucydides.core.steps.StepInterceptor - STARTING STEP: HelloSteps.sendGetHttpRequestHello - I send GET HTTP request hello
15:04:36.781 [main] DEBUG net.thucydides.core.steps.StepInterceptor - STARTING STEP: Hello.sendGetHttpRequestHello - I set GET api endpoints hello
15:04:36.781 [main] DEBUG net.thucydides.core.steps.StepInterceptor - STEP DONE: I set GET api endpoints hello
15:04:36.786 [main] DEBUG org.apache.http.impl.conn.BasicClientConnectionManager - Get connection for route {s}->https://altashop-api.fly.dev:443
15:04:36.786 [main] DEBUG org.apache.http.impl.conn.DefaultClientConnectionOperator - Connecting to altashop-api.fly.dev:443
15:04:36.837 [main] DEBUG org.apache.http.client.protocol.RequestAddCookies - CookieSpec selected: ignoreCookies
15:04:36.837 [main] DEBUG org.apache.http.client.protocol.RequestAuthCache - Auth cache not set in the context
15:04:36.837 [main] DEBUG org.apache.http.client.protocol.RequestTargetAuthentication - Target auth state: UNCHALLENGED
15:04:36.837 [main] DEBUG org.apache.http.client.protocol.RequestProxyAuthentication - Proxy auth state: UNCHALLENGED
15:04:36.837 [main] DEBUG org.apache.http.impl.client.DefaultHttpClient - Attempt 1 to execute request
15:04:36.837 [main] DEBUG org.apache.http.impl.conn.DefaultClientConnection - Sending request: GET /api/hello HTTP/1.1
15:04:36.837 [main] DEBUG org.apache.http.wire -  >> "GET /api/hello HTTP/1.1[\r][\n]"
15:04:36.837 [main] DEBUG org.apache.http.wire -  >> "Accept: */*[\r][\n]"
15:04:36.837 [main] DEBUG org.apache.http.wire -  >> "Host: altashop-api.fly.dev[\r][\n]"
15:04:36.837 [main] DEBUG org.apache.http.wire -  >> "Connection: Keep-Alive[\r][\n]"
15:04:36.837 [main] DEBUG org.apache.http.wire -  >> "User-Agent: Apache-HttpClient/4.5.13 (Java/11.0.15.1)[\r][\n]"
15:04:36.837 [main] DEBUG org.apache.http.wire -  >> "Accept-Encoding: gzip,deflate[\r][\n]"
15:04:36.837 [main] DEBUG org.apache.http.wire -  >> "[\r][\n]"
15:04:36.837 [main] DEBUG org.apache.http.headers - >> GET /api/hello HTTP/1.1
15:04:36.837 [main] DEBUG org.apache.http.headers - >> Accept: */*
15:04:36.837 [main] DEBUG org.apache.http.headers - >> Host: altashop-api.fly.dev
15:04:36.837 [main] DEBUG org.apache.http.headers - >> Connection: Keep-Alive
15:04:36.837 [main] DEBUG org.apache.http.headers - >> User-Agent: Apache-HttpClient/4.5.13 (Java/11.0.15.1)
15:04:36.837 [main] DEBUG org.apache.http.headers - >> Accept-Encoding: gzip,deflate
15:04:36.857 [main] DEBUG org.apache.http.wire -  << "HTTP/1.1 200 OK[\r][\n]"
15:04:36.857 [main] DEBUG org.apache.http.wire -  << "content-type: application/json[\r][\n]"
15:04:36.858 [main] DEBUG org.apache.http.wire -  << "date: Mon, 08 May 2023 08:04:36 GMT[\r][\n]"
15:04:36.858 [main] DEBUG org.apache.http.wire -  << "content-encoding: gzip[\r][\n]"
15:04:36.858 [main] DEBUG org.apache.http.wire -  << "transfer-encoding: chunked[\r][\n]"
15:04:36.858 [main] DEBUG org.apache.http.wire -  << "server: Fly/3f2597ca (2023-05-03)[\r][\n]"
15:04:36.858 [main] DEBUG org.apache.http.wire -  << "via: 1.1 fly.io[\r][\n]"
15:04:36.858 [main] DEBUG org.apache.http.wire -  << "fly-request-id: 01GZX685KGNT4R0NMKWWJGVGJE-sin[\r][\n]"
15:04:36.858 [main] DEBUG org.apache.http.wire -  << "[\r][\n]"
15:04:36.858 [main] DEBUG org.apache.http.impl.conn.DefaultClientConnection - Receiving response: HTTP/1.1 200 OK
15:04:36.858 [main] DEBUG org.apache.http.headers - << HTTP/1.1 200 OK
15:04:36.858 [main] DEBUG org.apache.http.headers - << content-type: application/json
15:04:36.858 [main] DEBUG org.apache.http.headers - << date: Mon, 08 May 2023 08:04:36 GMT
15:04:36.858 [main] DEBUG org.apache.http.headers - << content-encoding: gzip
15:04:36.858 [main] DEBUG org.apache.http.headers - << transfer-encoding: chunked
15:04:36.858 [main] DEBUG org.apache.http.headers - << server: Fly/3f2597ca (2023-05-03)
15:04:36.858 [main] DEBUG org.apache.http.headers - << via: 1.1 fly.io
15:04:36.858 [main] DEBUG org.apache.http.headers - << fly-request-id: 01GZX685KGNT4R0NMKWWJGVGJE-sin
15:04:36.858 [main] DEBUG org.apache.http.impl.client.DefaultHttpClient - Connection can be kept alive indefinitely
15:04:36.858 [main] DEBUG io.restassured.internal.RestAssuredHttpBuilder - Parsing response as: application/json
15:04:36.858 [main] DEBUG org.apache.http.wire -  << "25[\r][\n]"
15:04:36.858 [main] DEBUG org.apache.http.wire -  << "[0x1f][0x8b][0x8][0x0][0x0][0x0][0x0][0x0][0x4][0xff][0xab]VJI,IT[0xb2]R[0xca]H[0xcd][0xc9][0xc9]W[0xaa][0xe5][0x2][0x0][0xfd][0x95][0xfe]N[0x11][0x0][0x0][0x0]"
15:04:36.858 [main] DEBUG org.apache.http.wire -  << "[\r][\n]"
15:04:36.858 [main] DEBUG org.apache.http.wire -  << "0[\r][\n]"
15:04:36.858 [main] DEBUG org.apache.http.wire -  << "[\r][\n]"
15:04:36.858 [main] DEBUG io.restassured.internal.RestAssuredHttpBuilder - Parsed data to instance of: class org.apache.http.conn.EofSensorInputStream
15:04:36.859 [main] DEBUG org.apache.http.impl.conn.BasicClientConnectionManager - Releasing connection org.apache.http.impl.conn.ManagedClientConnectionImpl@85fd4b
15:04:36.859 [main] DEBUG org.apache.http.impl.conn.BasicClientConnectionManager - Connection can be kept alive indefinitely
15:04:36.859 [main] DEBUG net.thucydides.core.steps.StepInterceptor - STEP DONE: I send GET HTTP request hello
  &amp#27;[32mWhen &amp#27;[0m&amp#27;[32mI send GET HTTP request hello&amp#27;[0m                  &amp#27;[90m# starter.stepdefinitions.HelloSteps.sendGetHttpRequestHello()&amp#27;[0m
15:04:36.863 [main] DEBUG net.thucydides.core.steps.StepInterceptor - STARTING STEP: CommentSteps.receiveValidHttp200Rating - I receive valid HTTP response code 200 comment
15:04:36.864 [main] DEBUG net.thucydides.core.steps.StepInterceptor - STEP DONE: I receive valid HTTP response code 200 comment
  &amp#27;[32mThen &amp#27;[0m&amp#27;[32mI receive valid HTTP response code 200 comment&amp#27;[0m &amp#27;[90m# starter.stepdefinitions.CommentSteps.receiveValidHttp200Rating()&amp#27;[0m
15:04:36.865 [main] INFO  - 
  _____   ___   ___   _____     ___     _     ___   ___   ___   ___  
 |_   _| | __| / __| |_   _|   | _ \   /_\   / __| / __| | __| |   \ 
   | |   | _|  \__ \   | |     |  _/  / _ \  \__ \ \__ \ | _|  | |) |
   |_|   |___| |___/   |_|     |_|   /_/ \_\ |___/ |___/ |___| |___/ 

GET - Get hello with correct endpoints
----------------------------------------------------------------------
]]></system-out>
  </testcase>
</testsuite>