<?xml version="1.0" encoding="UTF-8"?>
<testsuite xmlns:xsi="http://www.w3.org/2001/XMLSchema-instance" xsi:noNamespaceSchemaLocation="https://maven.apache.org/surefire/maven-failsafe-plugin/xsd/failsafe-test-report-3.0.xsd" version="3.0" name="starter.CucumberTestSuite" time="12.314" tests="38" errors="0" skipped="0" failures="0">
  <properties>
    <property name="sun.desktop" value="windows"/>
    <property name="awt.toolkit" value="sun.awt.windows.WToolkit"/>
    <property name="java.specification.version" value="11"/>
    <property name="sun.cpu.isalist" value="amd64"/>
    <property name="sun.jnu.encoding" value="Cp1252"/>
    <property name="java.class.path" value="E:\APIMinpro\API\minpro\target\test-classes;C:\Users\user\.m2\repository\net\serenity-bdd\serenity-rest-assured\3.6.22\serenity-rest-assured-3.6.22.jar;C:\Users\user\.m2\repository\org\apache\httpcomponents\httpclient\4.5.13\httpclient-4.5.13.jar;C:\Users\user\.m2\repository\org\apache\httpcomponents\httpcore\4.4.13\httpcore-4.4.13.jar;C:\Users\user\.m2\repository\commons-logging\commons-logging\1.2\commons-logging-1.2.jar;C:\Users\user\.m2\repository\io\rest-assured\rest-assured\5.3.0\rest-assured-5.3.0.jar;C:\Users\user\.m2\repository\org\apache\httpcomponents\httpmime\4.5.13\httpmime-4.5.13.jar;C:\Users\user\.m2\repository\org\ccil\cowan\tagsoup\tagsoup\1.2.1\tagsoup-1.2.1.jar;C:\Users\user\.m2\repository\io\rest-assured\json-path\5.3.0\json-path-5.3.0.jar;C:\Users\user\.m2\repository\io\rest-assured\rest-assured-common\5.3.0\rest-assured-common-5.3.0.jar;C:\Users\user\.m2\repository\io\rest-assured\xml-path\5.3.0\xml-path-5.3.0.jar;C:\Users\user\.m2\repository\org\apache\groovy\groovy-json\4.0.10\groovy-json-4.0.10.jar;C:\Users\user\.m2\repository\org\apache\groovy\groovy-xml\4.0.10\groovy-xml-4.0.10.jar;C:\Users\user\.m2\repository\org\apache\groovy\groovy\4.0.10\groovy-4.0.10.jar;C:\Users\user\.m2\repository\org\opentest4j\opentest4j\1.2.0\opentest4j-1.2.0.jar;C:\Users\user\.m2\repository\net\serenity-bdd\serenity-core\3.6.21\serenity-core-3.6.21.jar;C:\Users\user\.m2\repository\net\serenity-bdd\serenity-model\3.6.21\serenity-model-3.6.21.jar;C:\Users\user\.m2\repository\org\apache\commons\commons-text\1.10.0\commons-text-1.10.0.jar;C:\Users\user\.m2\repository\commons-net\commons-net\3.9.0\commons-net-3.9.0.jar;C:\Users\user\.m2\repository\com\google\guava\guava\31.1-jre\guava-31.1-jre.jar;C:\Users\user\.m2\repository\com\google\guava\failureaccess\1.0.1\failureaccess-1.0.1.jar;C:\Users\user\.m2\repository\com\google\guava\listenablefuture\9999.0-empty-to-avoid-conflict-with-guava\listenablefuture-9999.0-empty-to-avoid-conflict-with-guava.jar;C:\Users\user\.m2\repository\com\google\code\findbugs\jsr305\3.0.2\jsr305-3.0.2.jar;C:\Users\user\.m2\repository\org\checkerframework\checker-qual\3.12.0\checker-qual-3.12.0.jar;C:\Users\user\.m2\repository\com\google\errorprone\error_prone_annotations\2.11.0\error_prone_annotations-2.11.0.jar;C:\Users\user\.m2\repository\com\google\j2objc\j2objc-annotations\1.3\j2objc-annotations-1.3.jar;C:\Users\user\.m2\repository\com\google\inject\guice\5.1.0\guice-5.1.0.jar;C:\Users\user\.m2\repository\javax\inject\javax.inject\1\javax.inject-1.jar;C:\Users\user\.m2\repository\aopalliance\aopalliance\1.0\aopalliance-1.0.jar;C:\Users\user\.m2\repository\org\jsoup\jsoup\1.14.3\jsoup-1.14.3.jar;C:\Users\user\.m2\repository\com\thoughtworks\xstream\xstream\1.4.20\xstream-1.4.20.jar;C:\Users\user\.m2\repository\io\github\x-stream\mxparser\1.2.2\mxparser-1.2.2.jar;C:\Users\user\.m2\repository\xmlpull\xmlpull\1.1.3.1\xmlpull-1.1.3.1.jar;C:\Users\user\.m2\repository\com\typesafe\config\1.4.2\config-1.4.2.jar;C:\Users\user\.m2\repository\org\imgscalr\imgscalr-lib\4.2\imgscalr-lib-4.2.jar;C:\Users\user\.m2\repository\org\awaitility\awaitility\4.2.0\awaitility-4.2.0.jar;C:\Users\user\.m2\repository\org\freemarker\freemarker\2.3.31\freemarker-2.3.31.jar;C:\Users\user\.m2\repository\io\github\classgraph\classgraph\4.8.138\classgraph-4.8.138.jar;C:\Users\user\.m2\repository\net\sourceforge\jexcelapi\jxl\2.6.12\jxl-2.6.12.jar;C:\Users\user\.m2\repository\net\bytebuddy\byte-buddy-agent\1.14.2\byte-buddy-agent-1.14.2.jar;C:\Users\user\.m2\repository\org\objenesis\objenesis\3.3\objenesis-3.3.jar;C:\Users\user\.m2\repository\net\serenity-bdd\serenity-reports\3.6.21\serenity-reports-3.6.21.jar;C:\Users\user\.m2\repository\net\serenity-bdd\serenity-stats\3.6.21\serenity-stats-3.6.21.jar;C:\Users\user\.m2\repository\net\serenity-bdd\serenity-reports-configuration\3.6.21\serenity-reports-configuration-3.6.21.jar;C:\Users\user\.m2\repository\com\vladsch\flexmark\flexmark-all\0.62.2\flexmark-all-0.62.2.jar;C:\Users\user\.m2\repository\com\vladsch\flexmark\flexmark\0.62.2\flexmark-0.62.2.jar;C:\Users\user\.m2\repository\com\vladsch\flexmark\flexmark-ext-abbreviation\0.62.2\flexmark-ext-abbreviation-0.62.2.jar;C:\Users\user\.m2\repository\com\vladsch\flexmark\flexmark-util\0.62.2\flexmark-util-0.62.2.jar;C:\Users\user\.m2\repository\com\vladsch\flexmark\flexmark-ext-admonition\0.62.2\flexmark-ext-admonition-0.62.2.jar;C:\Users\user\.m2\repository\com\vladsch\flexmark\flexmark-ext-anchorlink\0.62.2\flexmark-ext-anchorlink-0.62.2.jar;C:\Users\user\.m2\repository\com\vladsch\flexmark\flexmark-ext-aside\0.62.2\flexmark-ext-aside-0.62.2.jar;C:\Users\user\.m2\repository\com\vladsch\flexmark\flexmark-ext-attributes\0.62.2\flexmark-ext-attributes-0.62.2.jar;C:\Users\user\.m2\repository\com\vladsch\flexmark\flexmark-ext-autolink\0.62.2\flexmark-ext-autolink-0.62.2.jar;C:\Users\user\.m2\repository\org\nibor\autolink\autolink\0.6.0\autolink-0.6.0.jar;C:\Users\user\.m2\repository\com\vladsch\flexmark\flexmark-ext-definition\0.62.2\flexmark-ext-definition-0.62.2.jar;C:\Users\user\.m2\repository\com\vladsch\flexmark\flexmark-ext-emoji\0.62.2\flexmark-ext-emoji-0.62.2.jar;C:\Users\user\.m2\repository\com\vladsch\flexmark\flexmark-ext-enumerated-reference\0.62.2\flexmark-ext-enumerated-reference-0.62.2.jar;C:\Users\user\.m2\repository\com\vladsch\flexmark\flexmark-ext-escaped-character\0.62.2\flexmark-ext-escaped-character-0.62.2.jar;C:\Users\user\.m2\repository\com\vladsch\flexmark\flexmark-ext-footnotes\0.62.2\flexmark-ext-footnotes-0.62.2.jar;C:\Users\user\.m2\repository\com\vladsch\flexmark\flexmark-ext-gfm-issues\0.62.2\flexmark-ext-gfm-issues-0.62.2.jar;C:\Users\user\.m2\repository\com\vladsch\flexmark\flexmark-ext-gfm-strikethrough\0.62.2\flexmark-ext-gfm-strikethrough-0.62.2.jar;C:\Users\user\.m2\repository\com\vladsch\flexmark\flexmark-ext-gfm-tasklist\0.62.2\flexmark-ext-gfm-tasklist-0.62.2.jar;C:\Users\user\.m2\repository\com\vladsch\flexmark\flexmark-ext-gfm-users\0.62.2\flexmark-ext-gfm-users-0.62.2.jar;C:\Users\user\.m2\repository\com\vladsch\flexmark\flexmark-ext-gitlab\0.62.2\flexmark-ext-gitlab-0.62.2.jar;C:\Users\user\.m2\repository\com\vladsch\flexmark\flexmark-ext-jekyll-front-matter\0.62.2\flexmark-ext-jekyll-front-matter-0.62.2.jar;C:\Users\user\.m2\repository\com\vladsch\flexmark\flexmark-ext-jekyll-tag\0.62.2\flexmark-ext-jekyll-tag-0.62.2.jar;C:\Users\user\.m2\repository\com\vladsch\flexmark\flexmark-ext-media-tags\0.62.2\flexmark-ext-media-tags-0.62.2.jar;C:\Users\user\.m2\repository\com\vladsch\flexmark\flexmark-ext-macros\0.62.2\flexmark-ext-macros-0.62.2.jar;C:\Users\user\.m2\repository\com\vladsch\flexmark\flexmark-ext-ins\0.62.2\flexmark-ext-ins-0.62.2.jar;C:\Users\user\.m2\repository\com\vladsch\flexmark\flexmark-ext-xwiki-macros\0.62.2\flexmark-ext-xwiki-macros-0.62.2.jar;C:\Users\user\.m2\repository\com\vladsch\flexmark\flexmark-ext-superscript\0.62.2\flexmark-ext-superscript-0.62.2.jar;C:\Users\user\.m2\repository\com\vladsch\flexmark\flexmark-ext-tables\0.62.2\flexmark-ext-tables-0.62.2.jar;C:\Users\user\.m2\repository\com\vladsch\flexmark\flexmark-ext-toc\0.62.2\flexmark-ext-toc-0.62.2.jar;C:\Users\user\.m2\repository\com\vladsch\flexmark\flexmark-ext-typographic\0.62.2\flexmark-ext-typographic-0.62.2.jar;C:\Users\user\.m2\repository\com\vladsch\flexmark\flexmark-ext-wikilink\0.62.2\flexmark-ext-wikilink-0.62.2.jar;C:\Users\user\.m2\repository\com\vladsch\flexmark\flexmark-ext-yaml-front-matter\0.62.2\flexmark-ext-yaml-front-matter-0.62.2.jar;C:\Users\user\.m2\repository\com\vladsch\flexmark\flexmark-ext-youtube-embedded\0.62.2\flexmark-ext-youtube-embedded-0.62.2.jar;C:\Users\user\.m2\repository\com\vladsch\flexmark\flexmark-html2md-converter\0.62.2\flexmark-html2md-converter-0.62.2.jar;C:\Users\user\.m2\repository\com\vladsch\flexmark\flexmark-jira-converter\0.62.2\flexmark-jira-converter-0.62.2.jar;C:\Users\user\.m2\repository\com\vladsch\flexmark\flexmark-pdf-converter\0.62.2\flexmark-pdf-converter-0.62.2.jar;C:\Users\user\.m2\repository\com\openhtmltopdf\openhtmltopdf-core\1.0.0\openhtmltopdf-core-1.0.0.jar;C:\Users\user\.m2\repository\com\openhtmltopdf\openhtmltopdf-pdfbox\1.0.0\openhtmltopdf-pdfbox-1.0.0.jar;C:\Users\user\.m2\repository\org\apache\pdfbox\pdfbox\2.0.16\pdfbox-2.0.16.jar;C:\Users\user\.m2\repository\org\apache\pdfbox\fontbox\2.0.16\fontbox-2.0.16.jar;C:\Users\user\.m2\repository\org\apache\pdfbox\xmpbox\2.0.16\xmpbox-2.0.16.jar;C:\Users\user\.m2\repository\de\rototor\pdfbox\graphics2d\0.24\graphics2d-0.24.jar;C:\Users\user\.m2\repository\com\openhtmltopdf\openhtmltopdf-rtl-support\1.0.0\openhtmltopdf-rtl-support-1.0.0.jar;C:\Users\user\.m2\repository\com\openhtmltopdf\openhtmltopdf-jsoup-dom-converter\1.0.0\openhtmltopdf-jsoup-dom-converter-1.0.0.jar;C:\Users\user\.m2\repository\com\vladsch\flexmark\flexmark-profile-pegdown\0.62.2\flexmark-profile-pegdown-0.62.2.jar;C:\Users\user\.m2\repository\com\vladsch\flexmark\flexmark-util-ast\0.62.2\flexmark-util-ast-0.62.2.jar;C:\Users\user\.m2\repository\com\vladsch\flexmark\flexmark-util-builder\0.62.2\flexmark-util-builder-0.62.2.jar;C:\Users\user\.m2\repository\com\vladsch\flexmark\flexmark-util-collection\0.62.2\flexmark-util-collection-0.62.2.jar;C:\Users\user\.m2\repository\com\vladsch\flexmark\flexmark-util-data\0.62.2\flexmark-util-data-0.62.2.jar;C:\Users\user\.m2\repository\com\vladsch\flexmark\flexmark-util-dependency\0.62.2\flexmark-util-dependency-0.62.2.jar;C:\Users\user\.m2\repository\com\vladsch\flexmark\flexmark-util-format\0.62.2\flexmark-util-format-0.62.2.jar;C:\Users\user\.m2\repository\com\vladsch\flexmark\flexmark-util-html\0.62.2\flexmark-util-html-0.62.2.jar;C:\Users\user\.m2\repository\com\vladsch\flexmark\flexmark-util-misc\0.62.2\flexmark-util-misc-0.62.2.jar;C:\Users\user\.m2\repository\com\vladsch\flexmark\flexmark-util-options\0.62.2\flexmark-util-options-0.62.2.jar;C:\Users\user\.m2\repository\com\vladsch\flexmark\flexmark-util-sequence\0.62.2\flexmark-util-sequence-0.62.2.jar;C:\Users\user\.m2\repository\com\vladsch\flexmark\flexmark-util-visitor\0.62.2\flexmark-util-visitor-0.62.2.jar;C:\Users\user\.m2\repository\com\vladsch\flexmark\flexmark-youtrack-converter\0.62.2\flexmark-youtrack-converter-0.62.2.jar;C:\Users\user\.m2\repository\com\ibm\icu\icu4j\72.1\icu4j-72.1.jar;C:\Users\user\.m2\repository\es\nitaur\markdown\txtmark\0.16\txtmark-0.16.jar;C:\Users\user\.m2\repository\net\serenity-bdd\serenity-report-resources\3.6.21\serenity-report-resources-3.6.21.jar;C:\Users\user\.m2\repository\com\google\code\gson\gson\2.10.1\gson-2.10.1.jar;C:\Users\user\.m2\repository\com\fasterxml\jackson\core\jackson-core\2.15.0-rc1\jackson-core-2.15.0-rc1.jar;C:\Users\user\.m2\repository\com\fasterxml\jackson\core\jackson-databind\2.15.0-rc1\jackson-databind-2.15.0-rc1.jar;C:\Users\user\.m2\repository\com\fasterxml\jackson\core\jackson-annotations\2.15.0-rc1\jackson-annotations-2.15.0-rc1.jar;C:\Users\user\.m2\repository\commons-codec\commons-codec\1.15\commons-codec-1.15.jar;C:\Users\user\.m2\repository\commons-io\commons-io\2.11.0\commons-io-2.11.0.jar;C:\Users\user\.m2\repository\org\seleniumhq\selenium\selenium-java\4.8.1\selenium-java-4.8.1.jar;C:\Users\user\.m2\repository\org\seleniumhq\selenium\selenium-devtools-v108\4.8.1\selenium-devtools-v108-4.8.1.jar;C:\Users\user\.m2\repository\org\seleniumhq\selenium\selenium-devtools-v109\4.8.1\selenium-devtools-v109-4.8.1.jar;C:\Users\user\.m2\repository\org\seleniumhq\selenium\selenium-devtools-v110\4.8.1\selenium-devtools-v110-4.8.1.jar;C:\Users\user\.m2\repository\org\seleniumhq\selenium\selenium-devtools-v85\4.8.1\selenium-devtools-v85-4.8.1.jar;C:\Users\user\.m2\repository\org\seleniumhq\selenium\selenium-remote-driver\4.8.1\selenium-remote-driver-4.8.1.jar;C:\Users\user\.m2\repository\com\beust\jcommander\1.82\jcommander-1.82.jar;C:\Users\user\.m2\repository\io\netty\netty-buffer\4.1.87.Final\netty-buffer-4.1.87.Final.jar;C:\Users\user\.m2\repository\io\netty\netty-codec-http\4.1.87.Final\netty-codec-http-4.1.87.Final.jar;C:\Users\user\.m2\repository\io\netty\netty-codec\4.1.87.Final\netty-codec-4.1.87.Final.jar;C:\Users\user\.m2\repository\io\netty\netty-handler\4.1.87.Final\netty-handler-4.1.87.Final.jar;C:\Users\user\.m2\repository\io\netty\netty-common\4.1.87.Final\netty-common-4.1.87.Final.jar;C:\Users\user\.m2\repository\io\netty\netty-transport-classes-epoll\4.1.87.Final\netty-transport-classes-epoll-4.1.87.Final.jar;C:\Users\user\.m2\repository\io\netty\netty-transport-classes-kqueue\4.1.87.Final\netty-transport-classes-kqueue-4.1.87.Final.jar;C:\Users\user\.m2\repository\io\netty\netty-transport-native-epoll\4.1.87.Final\netty-transport-native-epoll-4.1.87.Final.jar;C:\Users\user\.m2\repository\io\netty\netty-transport-native-kqueue\4.1.87.Final\netty-transport-native-kqueue-4.1.87.Final.jar;C:\Users\user\.m2\repository\io\netty\netty-transport-native-unix-common\4.1.87.Final\netty-transport-native-unix-common-4.1.87.Final.jar;C:\Users\user\.m2\repository\io\netty\netty-transport\4.1.87.Final\netty-transport-4.1.87.Final.jar;C:\Users\user\.m2\repository\io\netty\netty-resolver\4.1.87.Final\netty-resolver-4.1.87.Final.jar;C:\Users\user\.m2\repository\io\opentelemetry\opentelemetry-api\1.22.0\opentelemetry-api-1.22.0.jar;C:\Users\user\.m2\repository\io\opentelemetry\opentelemetry-context\1.22.0\opentelemetry-context-1.22.0.jar;C:\Users\user\.m2\repository\io\opentelemetry\opentelemetry-exporter-logging\1.22.0\opentelemetry-exporter-logging-1.22.0.jar;C:\Users\user\.m2\repository\io\opentelemetry\opentelemetry-sdk-metrics\1.22.0\opentelemetry-sdk-metrics-1.22.0.jar;C:\Users\user\.m2\repository\io\opentelemetry\opentelemetry-sdk-logs\1.22.0-alpha\opentelemetry-sdk-logs-1.22.0-alpha.jar;C:\Users\user\.m2\repository\io\opentelemetry\opentelemetry-api-logs\1.22.0-alpha\opentelemetry-api-logs-1.22.0-alpha.jar;C:\Users\user\.m2\repository\io\opentelemetry\opentelemetry-sdk-common\1.22.0\opentelemetry-sdk-common-1.22.0.jar;C:\Users\user\.m2\repository\io\opentelemetry\opentelemetry-sdk-extension-autoconfigure-spi\1.22.0\opentelemetry-sdk-extension-autoconfigure-spi-1.22.0.jar;C:\Users\user\.m2\repository\io\opentelemetry\opentelemetry-sdk-extension-autoconfigure\1.22.0-alpha\opentelemetry-sdk-extension-autoconfigure-1.22.0-alpha.jar;C:\Users\user\.m2\repository\io\opentelemetry\opentelemetry-sdk-trace\1.22.0\opentelemetry-sdk-trace-1.22.0.jar;C:\Users\user\.m2\repository\io\opentelemetry\opentelemetry-sdk\1.22.0\opentelemetry-sdk-1.22.0.jar;C:\Users\user\.m2\repository\io\opentelemetry\opentelemetry-semconv\1.22.0-alpha\opentelemetry-semconv-1.22.0-alpha.jar;C:\Users\user\.m2\repository\io\ous\jtoml\2.0.0\jtoml-2.0.0.jar;C:\Users\user\.m2\repository\org\apache\commons\commons-exec\1.3\commons-exec-1.3.jar;C:\Users\user\.m2\repository\org\asynchttpclient\async-http-client\2.12.3\async-http-client-2.12.3.jar;C:\Users\user\.m2\repository\org\asynchttpclient\async-http-client-netty-utils\2.12.3\async-http-client-netty-utils-2.12.3.jar;C:\Users\user\.m2\repository\io\netty\netty-codec-socks\4.1.60.Final\netty-codec-socks-4.1.60.Final.jar;C:\Users\user\.m2\repository\io\netty\netty-handler-proxy\4.1.60.Final\netty-handler-proxy-4.1.60.Final.jar;C:\Users\user\.m2\repository\io\netty\netty-transport-native-epoll\4.1.60.Final\netty-transport-native-epoll-4.1.60.Final-linux-x86_64.jar;C:\Users\user\.m2\repository\io\netty\netty-transport-native-kqueue\4.1.60.Final\netty-transport-native-kqueue-4.1.60.Final-osx-x86_64.jar;C:\Users\user\.m2\repository\org\reactivestreams\reactive-streams\1.0.3\reactive-streams-1.0.3.jar;C:\Users\user\.m2\repository\com\typesafe\netty\netty-reactive-streams\2.0.4\netty-reactive-streams-2.0.4.jar;C:\Users\user\.m2\repository\org\seleniumhq\selenium\selenium-manager\4.8.1\selenium-manager-4.8.1.jar;C:\Users\user\.m2\repository\org\seleniumhq\selenium\selenium-safari-driver\4.8.1\selenium-safari-driver-4.8.1.jar;C:\Users\user\.m2\repository\org\seleniumhq\selenium\selenium-api\4.8.1\selenium-api-4.8.1.jar;C:\Users\user\.m2\repository\org\seleniumhq\selenium\selenium-support\4.8.1\selenium-support-4.8.1.jar;C:\Users\user\.m2\repository\com\google\auto\service\auto-service-annotations\1.0.1\auto-service-annotations-1.0.1.jar;C:\Users\user\.m2\repository\com\google\auto\service\auto-service\1.0.1\auto-service-1.0.1.jar;C:\Users\user\.m2\repository\com\google\auto\auto-common\1.2\auto-common-1.2.jar;C:\Users\user\.m2\repository\org\seleniumhq\selenium\selenium-json\4.8.1\selenium-json-4.8.1.jar;C:\Users\user\.m2\repository\org\seleniumhq\selenium\selenium-chrome-driver\4.8.1\selenium-chrome-driver-4.8.1.jar;C:\Users\user\.m2\repository\org\seleniumhq\selenium\selenium-chromium-driver\4.8.1\selenium-chromium-driver-4.8.1.jar;C:\Users\user\.m2\repository\org\seleniumhq\selenium\selenium-firefox-driver\4.8.1\selenium-firefox-driver-4.8.1.jar;C:\Users\user\.m2\repository\org\seleniumhq\selenium\selenium-http\4.8.1\selenium-http-4.8.1.jar;C:\Users\user\.m2\repository\dev\failsafe\failsafe\3.3.0\failsafe-3.3.0.jar;C:\Users\user\.m2\repository\org\seleniumhq\selenium\selenium-edge-driver\4.8.1\selenium-edge-driver-4.8.1.jar;C:\Users\user\.m2\repository\org\seleniumhq\selenium\selenium-ie-driver\4.8.1\selenium-ie-driver-4.8.1.jar;C:\Users\user\.m2\repository\org\projectlombok\lombok\1.18.20\lombok-1.18.20.jar;C:\Users\user\.m2\repository\io\appium\java-client\8.3.0\java-client-8.3.0.jar;C:\Users\user\.m2\repository\commons-validator\commons-validator\1.7\commons-validator-1.7.jar;C:\Users\user\.m2\repository\commons-digester\commons-digester\2.1\commons-digester-2.1.jar;C:\Users\user\.m2\repository\net\sf\opencsv\opencsv\2.0\opencsv-2.0.jar;C:\Users\user\.m2\repository\commons-beanutils\commons-beanutils\1.9.4\commons-beanutils-1.9.4.jar;C:\Users\user\.m2\repository\org\apache\commons\commons-lang3\3.12.0\commons-lang3-3.12.0.jar;C:\Users\user\.m2\repository\commons-collections\commons-collections\3.2.2\commons-collections-3.2.2.jar;C:\Users\user\.m2\repository\org\fluentlenium\fluentlenium-core\0.10.2\fluentlenium-core-0.10.2.jar;C:\Users\user\.m2\repository\io\github\bonigarcia\webdrivermanager\5.3.0\webdrivermanager-5.3.0.jar;C:\Users\user\.m2\repository\com\github\docker-java\docker-java\3.2.13\docker-java-3.2.13.jar;C:\Users\user\.m2\repository\com\github\docker-java\docker-java-core\3.2.13\docker-java-core-3.2.13.jar;C:\Users\user\.m2\repository\com\github\docker-java\docker-java-api\3.2.13\docker-java-api-3.2.13.jar;C:\Users\user\.m2\repository\org\apache\commons\commons-compress\1.21\commons-compress-1.21.jar;C:\Users\user\.m2\repository\org\bouncycastle\bcpkix-jdk15on\1.64\bcpkix-jdk15on-1.64.jar;C:\Users\user\.m2\repository\org\bouncycastle\bcprov-jdk15on\1.64\bcprov-jdk15on-1.64.jar;C:\Users\user\.m2\repository\org\slf4j\jcl-over-slf4j\1.7.30\jcl-over-slf4j-1.7.30.jar;C:\Users\user\.m2\repository\com\github\docker-java\docker-java-transport-httpclient5\3.2.13\docker-java-transport-httpclient5-3.2.13.jar;C:\Users\user\.m2\repository\com\github\docker-java\docker-java-transport\3.2.13\docker-java-transport-3.2.13.jar;C:\Users\user\.m2\repository\net\java\dev\jna\jna\5.8.0\jna-5.8.0.jar;C:\Users\user\.m2\repository\org\brotli\dec\0.1.2\dec-0.1.2.jar;C:\Users\user\.m2\repository\org\apache\httpcomponents\client5\httpclient5\5.1.3\httpclient5-5.1.3.jar;C:\Users\user\.m2\repository\org\apache\httpcomponents\core5\httpcore5\5.1.3\httpcore5-5.1.3.jar;C:\Users\user\.m2\repository\org\apache\httpcomponents\core5\httpcore5-h2\5.1.3\httpcore5-h2-5.1.3.jar;C:\Users\user\.m2\repository\com\jhlabs\filters\2.0.235\filters-2.0.235.jar;C:\Users\user\.m2\repository\com\paulhammant\ngwebdriver\1.1.6\ngwebdriver-1.1.6.jar;C:\Users\user\.m2\repository\joda-time\joda-time\2.12.2\joda-time-2.12.2.jar;C:\Users\user\.m2\repository\org\hamcrest\hamcrest\2.2\hamcrest-2.2.jar;C:\Users\user\.m2\repository\com\google\jimfs\jimfs\1.2\jimfs-1.2.jar;C:\Users\user\.m2\repository\org\mockito\mockito-core\3.3.3\mockito-core-3.3.3.jar;C:\Users\user\.m2\repository\javax\xml\bind\jaxb-api\2.3.1\jaxb-api-2.3.1.jar;C:\Users\user\.m2\repository\javax\activation\javax.activation-api\1.2.0\javax.activation-api-1.2.0.jar;C:\Users\user\.m2\repository\com\sun\xml\bind\jaxb-core\2.3.0.1\jaxb-core-2.3.0.1.jar;C:\Users\user\.m2\repository\com\sun\xml\bind\jaxb-impl\2.3.3\jaxb-impl-2.3.3.jar;C:\Users\user\.m2\repository\jakarta\xml\bind\jakarta.xml.bind-api\2.3.3\jakarta.xml.bind-api-2.3.3.jar;C:\Users\user\.m2\repository\com\sun\activation\jakarta.activation\1.2.2\jakarta.activation-1.2.2.jar;C:\Users\user\.m2\repository\javax\activation\activation\1.1.1\activation-1.1.1.jar;C:\Users\user\.m2\repository\net\serenity-bdd\serenity-cucumber\3.6.21\serenity-cucumber-3.6.21.jar;C:\Users\user\.m2\repository\io\cucumber\cucumber-core\7.11.0\cucumber-core-7.11.0.jar;C:\Users\user\.m2\repository\io\cucumber\cucumber-gherkin\7.11.0\cucumber-gherkin-7.11.0.jar;C:\Users\user\.m2\repository\io\cucumber\cucumber-gherkin-messages\7.11.0\cucumber-gherkin-messages-7.11.0.jar;C:\Users\user\.m2\repository\io\cucumber\gherkin\26.0.3\gherkin-26.0.3.jar;C:\Users\user\.m2\repository\io\cucumber\messages\21.0.1\messages-21.0.1.jar;C:\Users\user\.m2\repository\io\cucumber\tag-expressions\5.0.1\tag-expressions-5.0.1.jar;C:\Users\user\.m2\repository\io\cucumber\cucumber-expressions\16.1.1\cucumber-expressions-16.1.1.jar;C:\Users\user\.m2\repository\io\cucumber\datatable\7.11.0\datatable-7.11.0.jar;C:\Users\user\.m2\repository\io\cucumber\cucumber-plugin\7.11.0\cucumber-plugin-7.11.0.jar;C:\Users\user\.m2\repository\io\cucumber\docstring\7.11.0\docstring-7.11.0.jar;C:\Users\user\.m2\repository\io\cucumber\html-formatter\20.2.1\html-formatter-20.2.1.jar;C:\Users\user\.m2\repository\io\cucumber\junit-xml-formatter\0.1.0\junit-xml-formatter-0.1.0.jar;C:\Users\user\.m2\repository\io\cucumber\ci-environment\9.1.0\ci-environment-9.1.0.jar;C:\Users\user\.m2\repository\io\cucumber\cucumber-java\7.11.0\cucumber-java-7.11.0.jar;C:\Users\user\.m2\repository\io\cucumber\cucumber-junit\7.11.0\cucumber-junit-7.11.0.jar;C:\Users\user\.m2\repository\org\apache\commons\commons-csv\1.5\commons-csv-1.5.jar;C:\Users\user\.m2\repository\net\serenity-bdd\serenity-screenplay\3.6.21\serenity-screenplay-3.6.21.jar;C:\Users\user\.m2\repository\net\serenity-bdd\serenity-screenplay-webdriver\3.6.21\serenity-screenplay-webdriver-3.6.21.jar;C:\Users\user\.m2\repository\net\serenity-bdd\serenity-ensure\3.6.21\serenity-ensure-3.6.21.jar;C:\Users\user\.m2\repository\net\serenity-bdd\serenity-junit\3.6.21\serenity-junit-3.6.21.jar;C:\Users\user\.m2\repository\org\jetbrains\kotlin\kotlin-stdlib\1.8.10\kotlin-stdlib-1.8.10.jar;C:\Users\user\.m2\repository\org\jetbrains\kotlin\kotlin-stdlib-common\1.8.10\kotlin-stdlib-common-1.8.10.jar;C:\Users\user\.m2\repository\org\jetbrains\annotations\13.0\annotations-13.0.jar;C:\Users\user\.m2\repository\org\junit\platform\junit-platform-launcher\1.8.2\junit-platform-launcher-1.8.2.jar;C:\Users\user\.m2\repository\org\junit\platform\junit-platform-engine\1.8.2\junit-platform-engine-1.8.2.jar;C:\Users\user\.m2\repository\org\junit\platform\junit-platform-commons\1.8.2\junit-platform-commons-1.8.2.jar;C:\Users\user\.m2\repository\org\apiguardian\apiguardian-api\1.1.2\apiguardian-api-1.1.2.jar;C:\Users\user\.m2\repository\org\junit\jupiter\junit-jupiter-engine\5.8.2\junit-jupiter-engine-5.8.2.jar;C:\Users\user\.m2\repository\org\junit\jupiter\junit-jupiter-api\5.8.2\junit-jupiter-api-5.8.2.jar;C:\Users\user\.m2\repository\org\junit\vintage\junit-vintage-engine\5.8.2\junit-vintage-engine-5.8.2.jar;C:\Users\user\.m2\repository\junit\junit\4.13.2\junit-4.13.2.jar;C:\Users\user\.m2\repository\org\hamcrest\hamcrest-core\1.3\hamcrest-core-1.3.jar;C:\Users\user\.m2\repository\ch\qos\logback\logback-classic\1.2.10\logback-classic-1.2.10.jar;C:\Users\user\.m2\repository\ch\qos\logback\logback-core\1.2.10\logback-core-1.2.10.jar;C:\Users\user\.m2\repository\org\slf4j\slf4j-api\1.7.32\slf4j-api-1.7.32.jar;C:\Users\user\.m2\repository\org\assertj\assertj-core\3.23.1\assertj-core-3.23.1.jar;C:\Users\user\.m2\repository\net\bytebuddy\byte-buddy\1.12.10\byte-buddy-1.12.10.jar;C:\Users\user\.m2\repository\com\googlecode\json-simple\json-simple\1.1.1\json-simple-1.1.1.jar;"/>
    <property name="java.vm.vendor" value="Oracle Corporation"/>
    <property name="sun.arch.data.model" value="64"/>
    <property name="user.variant" value=""/>
    <property name="java.vendor.url" value="https://openjdk.java.net/"/>
    <property name="user.timezone" value="Asia/Bangkok"/>
    <property name="java.vm.specification.version" value="11"/>
    <property name="os.name" value="Windows 10"/>
    <property name="sun.java.launcher" value="SUN_STANDARD"/>
    <property name="user.country" value="ID"/>
    <property name="sun.boot.library.path" value="C:\Program Files\Java\jdk-11.0.15.1\bin"/>
    <property name="sun.java.command" value="org.apache.maven.surefire.booter.ForkedBooter C:\Users\user\AppData\Local\Temp\surefire7661318296670736387 2023-05-08T14-49-31_010-jvmRun1 surefire6107448014307305384tmp surefire_02647567698564143145tmp"/>
    <property name="jdk.debug" value="release"/>
    <property name="surefire.test.class.path" value="E:\APIMinpro\API\minpro\target\test-classes;C:\Users\user\.m2\repository\net\serenity-bdd\serenity-rest-assured\3.6.22\serenity-rest-assured-3.6.22.jar;C:\Users\user\.m2\repository\org\apache\httpcomponents\httpclient\4.5.13\httpclient-4.5.13.jar;C:\Users\user\.m2\repository\org\apache\httpcomponents\httpcore\4.4.13\httpcore-4.4.13.jar;C:\Users\user\.m2\repository\commons-logging\commons-logging\1.2\commons-logging-1.2.jar;C:\Users\user\.m2\repository\io\rest-assured\rest-assured\5.3.0\rest-assured-5.3.0.jar;C:\Users\user\.m2\repository\org\apache\httpcomponents\httpmime\4.5.13\httpmime-4.5.13.jar;C:\Users\user\.m2\repository\org\ccil\cowan\tagsoup\tagsoup\1.2.1\tagsoup-1.2.1.jar;C:\Users\user\.m2\repository\io\rest-assured\json-path\5.3.0\json-path-5.3.0.jar;C:\Users\user\.m2\repository\io\rest-assured\rest-assured-common\5.3.0\rest-assured-common-5.3.0.jar;C:\Users\user\.m2\repository\io\rest-assured\xml-path\5.3.0\xml-path-5.3.0.jar;C:\Users\user\.m2\repository\org\apache\groovy\groovy-json\4.0.10\groovy-json-4.0.10.jar;C:\Users\user\.m2\repository\org\apache\groovy\groovy-xml\4.0.10\groovy-xml-4.0.10.jar;C:\Users\user\.m2\repository\org\apache\groovy\groovy\4.0.10\groovy-4.0.10.jar;C:\Users\user\.m2\repository\org\opentest4j\opentest4j\1.2.0\opentest4j-1.2.0.jar;C:\Users\user\.m2\repository\net\serenity-bdd\serenity-core\3.6.21\serenity-core-3.6.21.jar;C:\Users\user\.m2\repository\net\serenity-bdd\serenity-model\3.6.21\serenity-model-3.6.21.jar;C:\Users\user\.m2\repository\org\apache\commons\commons-text\1.10.0\commons-text-1.10.0.jar;C:\Users\user\.m2\repository\commons-net\commons-net\3.9.0\commons-net-3.9.0.jar;C:\Users\user\.m2\repository\com\google\guava\guava\31.1-jre\guava-31.1-jre.jar;C:\Users\user\.m2\repository\com\google\guava\failureaccess\1.0.1\failureaccess-1.0.1.jar;C:\Users\user\.m2\repository\com\google\guava\listenablefuture\9999.0-empty-to-avoid-conflict-with-guava\listenablefuture-9999.0-empty-to-avoid-conflict-with-guava.jar;C:\Users\user\.m2\repository\com\google\code\findbugs\jsr305\3.0.2\jsr305-3.0.2.jar;C:\Users\user\.m2\repository\org\checkerframework\checker-qual\3.12.0\checker-qual-3.12.0.jar;C:\Users\user\.m2\repository\com\google\errorprone\error_prone_annotations\2.11.0\error_prone_annotations-2.11.0.jar;C:\Users\user\.m2\repository\com\google\j2objc\j2objc-annotations\1.3\j2objc-annotations-1.3.jar;C:\Users\user\.m2\repository\com\google\inject\guice\5.1.0\guice-5.1.0.jar;C:\Users\user\.m2\repository\javax\inject\javax.inject\1\javax.inject-1.jar;C:\Users\user\.m2\repository\aopalliance\aopalliance\1.0\aopalliance-1.0.jar;C:\Users\user\.m2\repository\org\jsoup\jsoup\1.14.3\jsoup-1.14.3.jar;C:\Users\user\.m2\repository\com\thoughtworks\xstream\xstream\1.4.20\xstream-1.4.20.jar;C:\Users\user\.m2\repository\io\github\x-stream\mxparser\1.2.2\mxparser-1.2.2.jar;C:\Users\user\.m2\repository\xmlpull\xmlpull\1.1.3.1\xmlpull-1.1.3.1.jar;C:\Users\user\.m2\repository\com\typesafe\config\1.4.2\config-1.4.2.jar;C:\Users\user\.m2\repository\org\imgscalr\imgscalr-lib\4.2\imgscalr-lib-4.2.jar;C:\Users\user\.m2\repository\org\awaitility\awaitility\4.2.0\awaitility-4.2.0.jar;C:\Users\user\.m2\repository\org\freemarker\freemarker\2.3.31\freemarker-2.3.31.jar;C:\Users\user\.m2\repository\io\github\classgraph\classgraph\4.8.138\classgraph-4.8.138.jar;C:\Users\user\.m2\repository\net\sourceforge\jexcelapi\jxl\2.6.12\jxl-2.6.12.jar;C:\Users\user\.m2\repository\net\bytebuddy\byte-buddy-agent\1.14.2\byte-buddy-agent-1.14.2.jar;C:\Users\user\.m2\repository\org\objenesis\objenesis\3.3\objenesis-3.3.jar;C:\Users\user\.m2\repository\net\serenity-bdd\serenity-reports\3.6.21\serenity-reports-3.6.21.jar;C:\Users\user\.m2\repository\net\serenity-bdd\serenity-stats\3.6.21\serenity-stats-3.6.21.jar;C:\Users\user\.m2\repository\net\serenity-bdd\serenity-reports-configuration\3.6.21\serenity-reports-configuration-3.6.21.jar;C:\Users\user\.m2\repository\com\vladsch\flexmark\flexmark-all\0.62.2\flexmark-all-0.62.2.jar;C:\Users\user\.m2\repository\com\vladsch\flexmark\flexmark\0.62.2\flexmark-0.62.2.jar;C:\Users\user\.m2\repository\com\vladsch\flexmark\flexmark-ext-abbreviation\0.62.2\flexmark-ext-abbreviation-0.62.2.jar;C:\Users\user\.m2\repository\com\vladsch\flexmark\flexmark-util\0.62.2\flexmark-util-0.62.2.jar;C:\Users\user\.m2\repository\com\vladsch\flexmark\flexmark-ext-admonition\0.62.2\flexmark-ext-admonition-0.62.2.jar;C:\Users\user\.m2\repository\com\vladsch\flexmark\flexmark-ext-anchorlink\0.62.2\flexmark-ext-anchorlink-0.62.2.jar;C:\Users\user\.m2\repository\com\vladsch\flexmark\flexmark-ext-aside\0.62.2\flexmark-ext-aside-0.62.2.jar;C:\Users\user\.m2\repository\com\vladsch\flexmark\flexmark-ext-attributes\0.62.2\flexmark-ext-attributes-0.62.2.jar;C:\Users\user\.m2\repository\com\vladsch\flexmark\flexmark-ext-autolink\0.62.2\flexmark-ext-autolink-0.62.2.jar;C:\Users\user\.m2\repository\org\nibor\autolink\autolink\0.6.0\autolink-0.6.0.jar;C:\Users\user\.m2\repository\com\vladsch\flexmark\flexmark-ext-definition\0.62.2\flexmark-ext-definition-0.62.2.jar;C:\Users\user\.m2\repository\com\vladsch\flexmark\flexmark-ext-emoji\0.62.2\flexmark-ext-emoji-0.62.2.jar;C:\Users\user\.m2\repository\com\vladsch\flexmark\flexmark-ext-enumerated-reference\0.62.2\flexmark-ext-enumerated-reference-0.62.2.jar;C:\Users\user\.m2\repository\com\vladsch\flexmark\flexmark-ext-escaped-character\0.62.2\flexmark-ext-escaped-character-0.62.2.jar;C:\Users\user\.m2\repository\com\vladsch\flexmark\flexmark-ext-footnotes\0.62.2\flexmark-ext-footnotes-0.62.2.jar;C:\Users\user\.m2\repository\com\vladsch\flexmark\flexmark-ext-gfm-issues\0.62.2\flexmark-ext-gfm-issues-0.62.2.jar;C:\Users\user\.m2\repository\com\vladsch\flexmark\flexmark-ext-gfm-strikethrough\0.62.2\flexmark-ext-gfm-strikethrough-0.62.2.jar;C:\Users\user\.m2\repository\com\vladsch\flexmark\flexmark-ext-gfm-tasklist\0.62.2\flexmark-ext-gfm-tasklist-0.62.2.jar;C:\Users\user\.m2\repository\com\vladsch\flexmark\flexmark-ext-gfm-users\0.62.2\flexmark-ext-gfm-users-0.62.2.jar;C:\Users\user\.m2\repository\com\vladsch\flexmark\flexmark-ext-gitlab\0.62.2\flexmark-ext-gitlab-0.62.2.jar;C:\Users\user\.m2\repository\com\vladsch\flexmark\flexmark-ext-jekyll-front-matter\0.62.2\flexmark-ext-jekyll-front-matter-0.62.2.jar;C:\Users\user\.m2\repository\com\vladsch\flexmark\flexmark-ext-jekyll-tag\0.62.2\flexmark-ext-jekyll-tag-0.62.2.jar;C:\Users\user\.m2\repository\com\vladsch\flexmark\flexmark-ext-media-tags\0.62.2\flexmark-ext-media-tags-0.62.2.jar;C:\Users\user\.m2\repository\com\vladsch\flexmark\flexmark-ext-macros\0.62.2\flexmark-ext-macros-0.62.2.jar;C:\Users\user\.m2\repository\com\vladsch\flexmark\flexmark-ext-ins\0.62.2\flexmark-ext-ins-0.62.2.jar;C:\Users\user\.m2\repository\com\vladsch\flexmark\flexmark-ext-xwiki-macros\0.62.2\flexmark-ext-xwiki-macros-0.62.2.jar;C:\Users\user\.m2\repository\com\vladsch\flexmark\flexmark-ext-superscript\0.62.2\flexmark-ext-superscript-0.62.2.jar;C:\Users\user\.m2\repository\com\vladsch\flexmark\flexmark-ext-tables\0.62.2\flexmark-ext-tables-0.62.2.jar;C:\Users\user\.m2\repository\com\vladsch\flexmark\flexmark-ext-toc\0.62.2\flexmark-ext-toc-0.62.2.jar;C:\Users\user\.m2\repository\com\vladsch\flexmark\flexmark-ext-typographic\0.62.2\flexmark-ext-typographic-0.62.2.jar;C:\Users\user\.m2\repository\com\vladsch\flexmark\flexmark-ext-wikilink\0.62.2\flexmark-ext-wikilink-0.62.2.jar;C:\Users\user\.m2\repository\com\vladsch\flexmark\flexmark-ext-yaml-front-matter\0.62.2\flexmark-ext-yaml-front-matter-0.62.2.jar;C:\Users\user\.m2\repository\com\vladsch\flexmark\flexmark-ext-youtube-embedded\0.62.2\flexmark-ext-youtube-embedded-0.62.2.jar;C:\Users\user\.m2\repository\com\vladsch\flexmark\flexmark-html2md-converter\0.62.2\flexmark-html2md-converter-0.62.2.jar;C:\Users\user\.m2\repository\com\vladsch\flexmark\flexmark-jira-converter\0.62.2\flexmark-jira-converter-0.62.2.jar;C:\Users\user\.m2\repository\com\vladsch\flexmark\flexmark-pdf-converter\0.62.2\flexmark-pdf-converter-0.62.2.jar;C:\Users\user\.m2\repository\com\openhtmltopdf\openhtmltopdf-core\1.0.0\openhtmltopdf-core-1.0.0.jar;C:\Users\user\.m2\repository\com\openhtmltopdf\openhtmltopdf-pdfbox\1.0.0\openhtmltopdf-pdfbox-1.0.0.jar;C:\Users\user\.m2\repository\org\apache\pdfbox\pdfbox\2.0.16\pdfbox-2.0.16.jar;C:\Users\user\.m2\repository\org\apache\pdfbox\fontbox\2.0.16\fontbox-2.0.16.jar;C:\Users\user\.m2\repository\org\apache\pdfbox\xmpbox\2.0.16\xmpbox-2.0.16.jar;C:\Users\user\.m2\repository\de\rototor\pdfbox\graphics2d\0.24\graphics2d-0.24.jar;C:\Users\user\.m2\repository\com\openhtmltopdf\openhtmltopdf-rtl-support\1.0.0\openhtmltopdf-rtl-support-1.0.0.jar;C:\Users\user\.m2\repository\com\openhtmltopdf\openhtmltopdf-jsoup-dom-converter\1.0.0\openhtmltopdf-jsoup-dom-converter-1.0.0.jar;C:\Users\user\.m2\repository\com\vladsch\flexmark\flexmark-profile-pegdown\0.62.2\flexmark-profile-pegdown-0.62.2.jar;C:\Users\user\.m2\repository\com\vladsch\flexmark\flexmark-util-ast\0.62.2\flexmark-util-ast-0.62.2.jar;C:\Users\user\.m2\repository\com\vladsch\flexmark\flexmark-util-builder\0.62.2\flexmark-util-builder-0.62.2.jar;C:\Users\user\.m2\repository\com\vladsch\flexmark\flexmark-util-collection\0.62.2\flexmark-util-collection-0.62.2.jar;C:\Users\user\.m2\repository\com\vladsch\flexmark\flexmark-util-data\0.62.2\flexmark-util-data-0.62.2.jar;C:\Users\user\.m2\repository\com\vladsch\flexmark\flexmark-util-dependency\0.62.2\flexmark-util-dependency-0.62.2.jar;C:\Users\user\.m2\repository\com\vladsch\flexmark\flexmark-util-format\0.62.2\flexmark-util-format-0.62.2.jar;C:\Users\user\.m2\repository\com\vladsch\flexmark\flexmark-util-html\0.62.2\flexmark-util-html-0.62.2.jar;C:\Users\user\.m2\repository\com\vladsch\flexmark\flexmark-util-misc\0.62.2\flexmark-util-misc-0.62.2.jar;C:\Users\user\.m2\repository\com\vladsch\flexmark\flexmark-util-options\0.62.2\flexmark-util-options-0.62.2.jar;C:\Users\user\.m2\repository\com\vladsch\flexmark\flexmark-util-sequence\0.62.2\flexmark-util-sequence-0.62.2.jar;C:\Users\user\.m2\repository\com\vladsch\flexmark\flexmark-util-visitor\0.62.2\flexmark-util-visitor-0.62.2.jar;C:\Users\user\.m2\repository\com\vladsch\flexmark\flexmark-youtrack-converter\0.62.2\flexmark-youtrack-converter-0.62.2.jar;C:\Users\user\.m2\repository\com\ibm\icu\icu4j\72.1\icu4j-72.1.jar;C:\Users\user\.m2\repository\es\nitaur\markdown\txtmark\0.16\txtmark-0.16.jar;C:\Users\user\.m2\repository\net\serenity-bdd\serenity-report-resources\3.6.21\serenity-report-resources-3.6.21.jar;C:\Users\user\.m2\repository\com\google\code\gson\gson\2.10.1\gson-2.10.1.jar;C:\Users\user\.m2\repository\com\fasterxml\jackson\core\jackson-core\2.15.0-rc1\jackson-core-2.15.0-rc1.jar;C:\Users\user\.m2\repository\com\fasterxml\jackson\core\jackson-databind\2.15.0-rc1\jackson-databind-2.15.0-rc1.jar;C:\Users\user\.m2\repository\com\fasterxml\jackson\core\jackson-annotations\2.15.0-rc1\jackson-annotations-2.15.0-rc1.jar;C:\Users\user\.m2\repository\commons-codec\commons-codec\1.15\commons-codec-1.15.jar;C:\Users\user\.m2\repository\commons-io\commons-io\2.11.0\commons-io-2.11.0.jar;C:\Users\user\.m2\repository\org\seleniumhq\selenium\selenium-java\4.8.1\selenium-java-4.8.1.jar;C:\Users\user\.m2\repository\org\seleniumhq\selenium\selenium-devtools-v108\4.8.1\selenium-devtools-v108-4.8.1.jar;C:\Users\user\.m2\repository\org\seleniumhq\selenium\selenium-devtools-v109\4.8.1\selenium-devtools-v109-4.8.1.jar;C:\Users\user\.m2\repository\org\seleniumhq\selenium\selenium-devtools-v110\4.8.1\selenium-devtools-v110-4.8.1.jar;C:\Users\user\.m2\repository\org\seleniumhq\selenium\selenium-devtools-v85\4.8.1\selenium-devtools-v85-4.8.1.jar;C:\Users\user\.m2\repository\org\seleniumhq\selenium\selenium-remote-driver\4.8.1\selenium-remote-driver-4.8.1.jar;C:\Users\user\.m2\repository\com\beust\jcommander\1.82\jcommander-1.82.jar;C:\Users\user\.m2\repository\io\netty\netty-buffer\4.1.87.Final\netty-buffer-4.1.87.Final.jar;C:\Users\user\.m2\repository\io\netty\netty-codec-http\4.1.87.Final\netty-codec-http-4.1.87.Final.jar;C:\Users\user\.m2\repository\io\netty\netty-codec\4.1.87.Final\netty-codec-4.1.87.Final.jar;C:\Users\user\.m2\repository\io\netty\netty-handler\4.1.87.Final\netty-handler-4.1.87.Final.jar;C:\Users\user\.m2\repository\io\netty\netty-common\4.1.87.Final\netty-common-4.1.87.Final.jar;C:\Users\user\.m2\repository\io\netty\netty-transport-classes-epoll\4.1.87.Final\netty-transport-classes-epoll-4.1.87.Final.jar;C:\Users\user\.m2\repository\io\netty\netty-transport-classes-kqueue\4.1.87.Final\netty-transport-classes-kqueue-4.1.87.Final.jar;C:\Users\user\.m2\repository\io\netty\netty-transport-native-epoll\4.1.87.Final\netty-transport-native-epoll-4.1.87.Final.jar;C:\Users\user\.m2\repository\io\netty\netty-transport-native-kqueue\4.1.87.Final\netty-transport-native-kqueue-4.1.87.Final.jar;C:\Users\user\.m2\repository\io\netty\netty-transport-native-unix-common\4.1.87.Final\netty-transport-native-unix-common-4.1.87.Final.jar;C:\Users\user\.m2\repository\io\netty\netty-transport\4.1.87.Final\netty-transport-4.1.87.Final.jar;C:\Users\user\.m2\repository\io\netty\netty-resolver\4.1.87.Final\netty-resolver-4.1.87.Final.jar;C:\Users\user\.m2\repository\io\opentelemetry\opentelemetry-api\1.22.0\opentelemetry-api-1.22.0.jar;C:\Users\user\.m2\repository\io\opentelemetry\opentelemetry-context\1.22.0\opentelemetry-context-1.22.0.jar;C:\Users\user\.m2\repository\io\opentelemetry\opentelemetry-exporter-logging\1.22.0\opentelemetry-exporter-logging-1.22.0.jar;C:\Users\user\.m2\repository\io\opentelemetry\opentelemetry-sdk-metrics\1.22.0\opentelemetry-sdk-metrics-1.22.0.jar;C:\Users\user\.m2\repository\io\opentelemetry\opentelemetry-sdk-logs\1.22.0-alpha\opentelemetry-sdk-logs-1.22.0-alpha.jar;C:\Users\user\.m2\repository\io\opentelemetry\opentelemetry-api-logs\1.22.0-alpha\opentelemetry-api-logs-1.22.0-alpha.jar;C:\Users\user\.m2\repository\io\opentelemetry\opentelemetry-sdk-common\1.22.0\opentelemetry-sdk-common-1.22.0.jar;C:\Users\user\.m2\repository\io\opentelemetry\opentelemetry-sdk-extension-autoconfigure-spi\1.22.0\opentelemetry-sdk-extension-autoconfigure-spi-1.22.0.jar;C:\Users\user\.m2\repository\io\opentelemetry\opentelemetry-sdk-extension-autoconfigure\1.22.0-alpha\opentelemetry-sdk-extension-autoconfigure-1.22.0-alpha.jar;C:\Users\user\.m2\repository\io\opentelemetry\opentelemetry-sdk-trace\1.22.0\opentelemetry-sdk-trace-1.22.0.jar;C:\Users\user\.m2\repository\io\opentelemetry\opentelemetry-sdk\1.22.0\opentelemetry-sdk-1.22.0.jar;C:\Users\user\.m2\repository\io\opentelemetry\opentelemetry-semconv\1.22.0-alpha\opentelemetry-semconv-1.22.0-alpha.jar;C:\Users\user\.m2\repository\io\ous\jtoml\2.0.0\jtoml-2.0.0.jar;C:\Users\user\.m2\repository\org\apache\commons\commons-exec\1.3\commons-exec-1.3.jar;C:\Users\user\.m2\repository\org\asynchttpclient\async-http-client\2.12.3\async-http-client-2.12.3.jar;C:\Users\user\.m2\repository\org\asynchttpclient\async-http-client-netty-utils\2.12.3\async-http-client-netty-utils-2.12.3.jar;C:\Users\user\.m2\repository\io\netty\netty-codec-socks\4.1.60.Final\netty-codec-socks-4.1.60.Final.jar;C:\Users\user\.m2\repository\io\netty\netty-handler-proxy\4.1.60.Final\netty-handler-proxy-4.1.60.Final.jar;C:\Users\user\.m2\repository\io\netty\netty-transport-native-epoll\4.1.60.Final\netty-transport-native-epoll-4.1.60.Final-linux-x86_64.jar;C:\Users\user\.m2\repository\io\netty\netty-transport-native-kqueue\4.1.60.Final\netty-transport-native-kqueue-4.1.60.Final-osx-x86_64.jar;C:\Users\user\.m2\repository\org\reactivestreams\reactive-streams\1.0.3\reactive-streams-1.0.3.jar;C:\Users\user\.m2\repository\com\typesafe\netty\netty-reactive-streams\2.0.4\netty-reactive-streams-2.0.4.jar;C:\Users\user\.m2\repository\org\seleniumhq\selenium\selenium-manager\4.8.1\selenium-manager-4.8.1.jar;C:\Users\user\.m2\repository\org\seleniumhq\selenium\selenium-safari-driver\4.8.1\selenium-safari-driver-4.8.1.jar;C:\Users\user\.m2\repository\org\seleniumhq\selenium\selenium-api\4.8.1\selenium-api-4.8.1.jar;C:\Users\user\.m2\repository\org\seleniumhq\selenium\selenium-support\4.8.1\selenium-support-4.8.1.jar;C:\Users\user\.m2\repository\com\google\auto\service\auto-service-annotations\1.0.1\auto-service-annotations-1.0.1.jar;C:\Users\user\.m2\repository\com\google\auto\service\auto-service\1.0.1\auto-service-1.0.1.jar;C:\Users\user\.m2\repository\com\google\auto\auto-common\1.2\auto-common-1.2.jar;C:\Users\user\.m2\repository\org\seleniumhq\selenium\selenium-json\4.8.1\selenium-json-4.8.1.jar;C:\Users\user\.m2\repository\org\seleniumhq\selenium\selenium-chrome-driver\4.8.1\selenium-chrome-driver-4.8.1.jar;C:\Users\user\.m2\repository\org\seleniumhq\selenium\selenium-chromium-driver\4.8.1\selenium-chromium-driver-4.8.1.jar;C:\Users\user\.m2\repository\org\seleniumhq\selenium\selenium-firefox-driver\4.8.1\selenium-firefox-driver-4.8.1.jar;C:\Users\user\.m2\repository\org\seleniumhq\selenium\selenium-http\4.8.1\selenium-http-4.8.1.jar;C:\Users\user\.m2\repository\dev\failsafe\failsafe\3.3.0\failsafe-3.3.0.jar;C:\Users\user\.m2\repository\org\seleniumhq\selenium\selenium-edge-driver\4.8.1\selenium-edge-driver-4.8.1.jar;C:\Users\user\.m2\repository\org\seleniumhq\selenium\selenium-ie-driver\4.8.1\selenium-ie-driver-4.8.1.jar;C:\Users\user\.m2\repository\org\projectlombok\lombok\1.18.20\lombok-1.18.20.jar;C:\Users\user\.m2\repository\io\appium\java-client\8.3.0\java-client-8.3.0.jar;C:\Users\user\.m2\repository\commons-validator\commons-validator\1.7\commons-validator-1.7.jar;C:\Users\user\.m2\repository\commons-digester\commons-digester\2.1\commons-digester-2.1.jar;C:\Users\user\.m2\repository\net\sf\opencsv\opencsv\2.0\opencsv-2.0.jar;C:\Users\user\.m2\repository\commons-beanutils\commons-beanutils\1.9.4\commons-beanutils-1.9.4.jar;C:\Users\user\.m2\repository\org\apache\commons\commons-lang3\3.12.0\commons-lang3-3.12.0.jar;C:\Users\user\.m2\repository\commons-collections\commons-collections\3.2.2\commons-collections-3.2.2.jar;C:\Users\user\.m2\repository\org\fluentlenium\fluentlenium-core\0.10.2\fluentlenium-core-0.10.2.jar;C:\Users\user\.m2\repository\io\github\bonigarcia\webdrivermanager\5.3.0\webdrivermanager-5.3.0.jar;C:\Users\user\.m2\repository\com\github\docker-java\docker-java\3.2.13\docker-java-3.2.13.jar;C:\Users\user\.m2\repository\com\github\docker-java\docker-java-core\3.2.13\docker-java-core-3.2.13.jar;C:\Users\user\.m2\repository\com\github\docker-java\docker-java-api\3.2.13\docker-java-api-3.2.13.jar;C:\Users\user\.m2\repository\org\apache\commons\commons-compress\1.21\commons-compress-1.21.jar;C:\Users\user\.m2\repository\org\bouncycastle\bcpkix-jdk15on\1.64\bcpkix-jdk15on-1.64.jar;C:\Users\user\.m2\repository\org\bouncycastle\bcprov-jdk15on\1.64\bcprov-jdk15on-1.64.jar;C:\Users\user\.m2\repository\org\slf4j\jcl-over-slf4j\1.7.30\jcl-over-slf4j-1.7.30.jar;C:\Users\user\.m2\repository\com\github\docker-java\docker-java-transport-httpclient5\3.2.13\docker-java-transport-httpclient5-3.2.13.jar;C:\Users\user\.m2\repository\com\github\docker-java\docker-java-transport\3.2.13\docker-java-transport-3.2.13.jar;C:\Users\user\.m2\repository\net\java\dev\jna\jna\5.8.0\jna-5.8.0.jar;C:\Users\user\.m2\repository\org\brotli\dec\0.1.2\dec-0.1.2.jar;C:\Users\user\.m2\repository\org\apache\httpcomponents\client5\httpclient5\5.1.3\httpclient5-5.1.3.jar;C:\Users\user\.m2\repository\org\apache\httpcomponents\core5\httpcore5\5.1.3\httpcore5-5.1.3.jar;C:\Users\user\.m2\repository\org\apache\httpcomponents\core5\httpcore5-h2\5.1.3\httpcore5-h2-5.1.3.jar;C:\Users\user\.m2\repository\com\jhlabs\filters\2.0.235\filters-2.0.235.jar;C:\Users\user\.m2\repository\com\paulhammant\ngwebdriver\1.1.6\ngwebdriver-1.1.6.jar;C:\Users\user\.m2\repository\joda-time\joda-time\2.12.2\joda-time-2.12.2.jar;C:\Users\user\.m2\repository\org\hamcrest\hamcrest\2.2\hamcrest-2.2.jar;C:\Users\user\.m2\repository\com\google\jimfs\jimfs\1.2\jimfs-1.2.jar;C:\Users\user\.m2\repository\org\mockito\mockito-core\3.3.3\mockito-core-3.3.3.jar;C:\Users\user\.m2\repository\javax\xml\bind\jaxb-api\2.3.1\jaxb-api-2.3.1.jar;C:\Users\user\.m2\repository\javax\activation\javax.activation-api\1.2.0\javax.activation-api-1.2.0.jar;C:\Users\user\.m2\repository\com\sun\xml\bind\jaxb-core\2.3.0.1\jaxb-core-2.3.0.1.jar;C:\Users\user\.m2\repository\com\sun\xml\bind\jaxb-impl\2.3.3\jaxb-impl-2.3.3.jar;C:\Users\user\.m2\repository\jakarta\xml\bind\jakarta.xml.bind-api\2.3.3\jakarta.xml.bind-api-2.3.3.jar;C:\Users\user\.m2\repository\com\sun\activation\jakarta.activation\1.2.2\jakarta.activation-1.2.2.jar;C:\Users\user\.m2\repository\javax\activation\activation\1.1.1\activation-1.1.1.jar;C:\Users\user\.m2\repository\net\serenity-bdd\serenity-cucumber\3.6.21\serenity-cucumber-3.6.21.jar;C:\Users\user\.m2\repository\io\cucumber\cucumber-core\7.11.0\cucumber-core-7.11.0.jar;C:\Users\user\.m2\repository\io\cucumber\cucumber-gherkin\7.11.0\cucumber-gherkin-7.11.0.jar;C:\Users\user\.m2\repository\io\cucumber\cucumber-gherkin-messages\7.11.0\cucumber-gherkin-messages-7.11.0.jar;C:\Users\user\.m2\repository\io\cucumber\gherkin\26.0.3\gherkin-26.0.3.jar;C:\Users\user\.m2\repository\io\cucumber\messages\21.0.1\messages-21.0.1.jar;C:\Users\user\.m2\repository\io\cucumber\tag-expressions\5.0.1\tag-expressions-5.0.1.jar;C:\Users\user\.m2\repository\io\cucumber\cucumber-expressions\16.1.1\cucumber-expressions-16.1.1.jar;C:\Users\user\.m2\repository\io\cucumber\datatable\7.11.0\datatable-7.11.0.jar;C:\Users\user\.m2\repository\io\cucumber\cucumber-plugin\7.11.0\cucumber-plugin-7.11.0.jar;C:\Users\user\.m2\repository\io\cucumber\docstring\7.11.0\docstring-7.11.0.jar;C:\Users\user\.m2\repository\io\cucumber\html-formatter\20.2.1\html-formatter-20.2.1.jar;C:\Users\user\.m2\repository\io\cucumber\junit-xml-formatter\0.1.0\junit-xml-formatter-0.1.0.jar;C:\Users\user\.m2\repository\io\cucumber\ci-environment\9.1.0\ci-environment-9.1.0.jar;C:\Users\user\.m2\repository\io\cucumber\cucumber-java\7.11.0\cucumber-java-7.11.0.jar;C:\Users\user\.m2\repository\io\cucumber\cucumber-junit\7.11.0\cucumber-junit-7.11.0.jar;C:\Users\user\.m2\repository\org\apache\commons\commons-csv\1.5\commons-csv-1.5.jar;C:\Users\user\.m2\repository\net\serenity-bdd\serenity-screenplay\3.6.21\serenity-screenplay-3.6.21.jar;C:\Users\user\.m2\repository\net\serenity-bdd\serenity-screenplay-webdriver\3.6.21\serenity-screenplay-webdriver-3.6.21.jar;C:\Users\user\.m2\repository\net\serenity-bdd\serenity-ensure\3.6.21\serenity-ensure-3.6.21.jar;C:\Users\user\.m2\repository\net\serenity-bdd\serenity-junit\3.6.21\serenity-junit-3.6.21.jar;C:\Users\user\.m2\repository\org\jetbrains\kotlin\kotlin-stdlib\1.8.10\kotlin-stdlib-1.8.10.jar;C:\Users\user\.m2\repository\org\jetbrains\kotlin\kotlin-stdlib-common\1.8.10\kotlin-stdlib-common-1.8.10.jar;C:\Users\user\.m2\repository\org\jetbrains\annotations\13.0\annotations-13.0.jar;C:\Users\user\.m2\repository\org\junit\platform\junit-platform-launcher\1.8.2\junit-platform-launcher-1.8.2.jar;C:\Users\user\.m2\repository\org\junit\platform\junit-platform-engine\1.8.2\junit-platform-engine-1.8.2.jar;C:\Users\user\.m2\repository\org\junit\platform\junit-platform-commons\1.8.2\junit-platform-commons-1.8.2.jar;C:\Users\user\.m2\repository\org\apiguardian\apiguardian-api\1.1.2\apiguardian-api-1.1.2.jar;C:\Users\user\.m2\repository\org\junit\jupiter\junit-jupiter-engine\5.8.2\junit-jupiter-engine-5.8.2.jar;C:\Users\user\.m2\repository\org\junit\jupiter\junit-jupiter-api\5.8.2\junit-jupiter-api-5.8.2.jar;C:\Users\user\.m2\repository\org\junit\vintage\junit-vintage-engine\5.8.2\junit-vintage-engine-5.8.2.jar;C:\Users\user\.m2\repository\junit\junit\4.13.2\junit-4.13.2.jar;C:\Users\user\.m2\repository\org\hamcrest\hamcrest-core\1.3\hamcrest-core-1.3.jar;C:\Users\user\.m2\repository\ch\qos\logback\logback-classic\1.2.10\logback-classic-1.2.10.jar;C:\Users\user\.m2\repository\ch\qos\logback\logback-core\1.2.10\logback-core-1.2.10.jar;C:\Users\user\.m2\repository\org\slf4j\slf4j-api\1.7.32\slf4j-api-1.7.32.jar;C:\Users\user\.m2\repository\org\assertj\assertj-core\3.23.1\assertj-core-3.23.1.jar;C:\Users\user\.m2\repository\net\bytebuddy\byte-buddy\1.12.10\byte-buddy-1.12.10.jar;C:\Users\user\.m2\repository\com\googlecode\json-simple\json-simple\1.1.1\json-simple-1.1.1.jar;"/>
    <property name="sun.cpu.endian" value="little"/>
    <property name="user.home" value="C:\Users\user"/>
    <property name="user.language" value="en"/>
    <property name="java.specification.vendor" value="Oracle Corporation"/>
    <property name="jdk.module.path" value="E:\APIMinpro\API\minpro\target\minpro-1.0-SNAPSHOT.jar"/>
    <property name="java.version.date" value="2022-04-22"/>
    <property name="java.home" value="C:\Program Files\Java\jdk-11.0.15.1"/>
    <property name="file.separator" value="\"/>
    <property name="basedir" value="E:\APIMinpro\API\minpro"/>
    <property name="java.vm.compressedOopsMode" value="Zero based"/>
    <property name="line.separator" value="&#10;"/>
    <property name="java.specification.name" value="Java Platform API Specification"/>
    <property name="java.vm.specification.vendor" value="Oracle Corporation"/>
    <property name="java.awt.graphicsenv" value="sun.awt.Win32GraphicsEnvironment"/>
    <property name="surefire.real.class.path" value="C:\Users\user\.m2\repository\org\apache\maven\surefire\surefire-booter\3.0.0-M5\surefire-booter-3.0.0-M5.jar;C:\Users\user\.m2\repository\org\apache\maven\surefire\surefire-api\3.0.0-M5\surefire-api-3.0.0-M5.jar;C:\Users\user\.m2\repository\org\apache\maven\surefire\surefire-logger-api\3.0.0-M5\surefire-logger-api-3.0.0-M5.jar;C:\Users\user\.m2\repository\org\apache\maven\surefire\surefire-shared-utils\3.0.0-M4\surefire-shared-utils-3.0.0-M4.jar;C:\Users\user\.m2\repository\org\apache\maven\surefire\surefire-extensions-spi\3.0.0-M5\surefire-extensions-spi-3.0.0-M5.jar;E:\APIMinpro\API\minpro\target\test-classes;C:\Users\user\.m2\repository\net\serenity-bdd\serenity-rest-assured\3.6.22\serenity-rest-assured-3.6.22.jar;C:\Users\user\.m2\repository\org\apache\httpcomponents\httpclient\4.5.13\httpclient-4.5.13.jar;C:\Users\user\.m2\repository\org\apache\httpcomponents\httpcore\4.4.13\httpcore-4.4.13.jar;C:\Users\user\.m2\repository\commons-logging\commons-logging\1.2\commons-logging-1.2.jar;C:\Users\user\.m2\repository\io\rest-assured\rest-assured\5.3.0\rest-assured-5.3.0.jar;C:\Users\user\.m2\repository\org\apache\httpcomponents\httpmime\4.5.13\httpmime-4.5.13.jar;C:\Users\user\.m2\repository\org\ccil\cowan\tagsoup\tagsoup\1.2.1\tagsoup-1.2.1.jar;C:\Users\user\.m2\repository\io\rest-assured\json-path\5.3.0\json-path-5.3.0.jar;C:\Users\user\.m2\repository\io\rest-assured\rest-assured-common\5.3.0\rest-assured-common-5.3.0.jar;C:\Users\user\.m2\repository\io\rest-assured\xml-path\5.3.0\xml-path-5.3.0.jar;C:\Users\user\.m2\repository\org\apache\groovy\groovy-json\4.0.10\groovy-json-4.0.10.jar;C:\Users\user\.m2\repository\org\apache\groovy\groovy-xml\4.0.10\groovy-xml-4.0.10.jar;C:\Users\user\.m2\repository\org\apache\groovy\groovy\4.0.10\groovy-4.0.10.jar;C:\Users\user\.m2\repository\org\opentest4j\opentest4j\1.2.0\opentest4j-1.2.0.jar;C:\Users\user\.m2\repository\net\serenity-bdd\serenity-core\3.6.21\serenity-core-3.6.21.jar;C:\Users\user\.m2\repository\net\serenity-bdd\serenity-model\3.6.21\serenity-model-3.6.21.jar;C:\Users\user\.m2\repository\org\apache\commons\commons-text\1.10.0\commons-text-1.10.0.jar;C:\Users\user\.m2\repository\commons-net\commons-net\3.9.0\commons-net-3.9.0.jar;C:\Users\user\.m2\repository\com\google\guava\guava\31.1-jre\guava-31.1-jre.jar;C:\Users\user\.m2\repository\com\google\guava\failureaccess\1.0.1\failureaccess-1.0.1.jar;C:\Users\user\.m2\repository\com\google\guava\listenablefuture\9999.0-empty-to-avoid-conflict-with-guava\listenablefuture-9999.0-empty-to-avoid-conflict-with-guava.jar;C:\Users\user\.m2\repository\com\google\code\findbugs\jsr305\3.0.2\jsr305-3.0.2.jar;C:\Users\user\.m2\repository\org\checkerframework\checker-qual\3.12.0\checker-qual-3.12.0.jar;C:\Users\user\.m2\repository\com\google\errorprone\error_prone_annotations\2.11.0\error_prone_annotations-2.11.0.jar;C:\Users\user\.m2\repository\com\google\j2objc\j2objc-annotations\1.3\j2objc-annotations-1.3.jar;C:\Users\user\.m2\repository\com\google\inject\guice\5.1.0\guice-5.1.0.jar;C:\Users\user\.m2\repository\javax\inject\javax.inject\1\javax.inject-1.jar;C:\Users\user\.m2\repository\aopalliance\aopalliance\1.0\aopalliance-1.0.jar;C:\Users\user\.m2\repository\org\jsoup\jsoup\1.14.3\jsoup-1.14.3.jar;C:\Users\user\.m2\repository\com\thoughtworks\xstream\xstream\1.4.20\xstream-1.4.20.jar;C:\Users\user\.m2\repository\io\github\x-stream\mxparser\1.2.2\mxparser-1.2.2.jar;C:\Users\user\.m2\repository\xmlpull\xmlpull\1.1.3.1\xmlpull-1.1.3.1.jar;C:\Users\user\.m2\repository\com\typesafe\config\1.4.2\config-1.4.2.jar;C:\Users\user\.m2\repository\org\imgscalr\imgscalr-lib\4.2\imgscalr-lib-4.2.jar;C:\Users\user\.m2\repository\org\awaitility\awaitility\4.2.0\awaitility-4.2.0.jar;C:\Users\user\.m2\repository\org\freemarker\freemarker\2.3.31\freemarker-2.3.31.jar;C:\Users\user\.m2\repository\io\github\classgraph\classgraph\4.8.138\classgraph-4.8.138.jar;C:\Users\user\.m2\repository\net\sourceforge\jexcelapi\jxl\2.6.12\jxl-2.6.12.jar;C:\Users\user\.m2\repository\net\bytebuddy\byte-buddy-agent\1.14.2\byte-buddy-agent-1.14.2.jar;C:\Users\user\.m2\repository\org\objenesis\objenesis\3.3\objenesis-3.3.jar;C:\Users\user\.m2\repository\net\serenity-bdd\serenity-reports\3.6.21\serenity-reports-3.6.21.jar;C:\Users\user\.m2\repository\net\serenity-bdd\serenity-stats\3.6.21\serenity-stats-3.6.21.jar;C:\Users\user\.m2\repository\net\serenity-bdd\serenity-reports-configuration\3.6.21\serenity-reports-configuration-3.6.21.jar;C:\Users\user\.m2\repository\com\vladsch\flexmark\flexmark-all\0.62.2\flexmark-all-0.62.2.jar;C:\Users\user\.m2\repository\com\vladsch\flexmark\flexmark\0.62.2\flexmark-0.62.2.jar;C:\Users\user\.m2\repository\com\vladsch\flexmark\flexmark-ext-abbreviation\0.62.2\flexmark-ext-abbreviation-0.62.2.jar;C:\Users\user\.m2\repository\com\vladsch\flexmark\flexmark-util\0.62.2\flexmark-util-0.62.2.jar;C:\Users\user\.m2\repository\com\vladsch\flexmark\flexmark-ext-admonition\0.62.2\flexmark-ext-admonition-0.62.2.jar;C:\Users\user\.m2\repository\com\vladsch\flexmark\flexmark-ext-anchorlink\0.62.2\flexmark-ext-anchorlink-0.62.2.jar;C:\Users\user\.m2\repository\com\vladsch\flexmark\flexmark-ext-aside\0.62.2\flexmark-ext-aside-0.62.2.jar;C:\Users\user\.m2\repository\com\vladsch\flexmark\flexmark-ext-attributes\0.62.2\flexmark-ext-attributes-0.62.2.jar;C:\Users\user\.m2\repository\com\vladsch\flexmark\flexmark-ext-autolink\0.62.2\flexmark-ext-autolink-0.62.2.jar;C:\Users\user\.m2\repository\org\nibor\autolink\autolink\0.6.0\autolink-0.6.0.jar;C:\Users\user\.m2\repository\com\vladsch\flexmark\flexmark-ext-definition\0.62.2\flexmark-ext-definition-0.62.2.jar;C:\Users\user\.m2\repository\com\vladsch\flexmark\flexmark-ext-emoji\0.62.2\flexmark-ext-emoji-0.62.2.jar;C:\Users\user\.m2\repository\com\vladsch\flexmark\flexmark-ext-enumerated-reference\0.62.2\flexmark-ext-enumerated-reference-0.62.2.jar;C:\Users\user\.m2\repository\com\vladsch\flexmark\flexmark-ext-escaped-character\0.62.2\flexmark-ext-escaped-character-0.62.2.jar;C:\Users\user\.m2\repository\com\vladsch\flexmark\flexmark-ext-footnotes\0.62.2\flexmark-ext-footnotes-0.62.2.jar;C:\Users\user\.m2\repository\com\vladsch\flexmark\flexmark-ext-gfm-issues\0.62.2\flexmark-ext-gfm-issues-0.62.2.jar;C:\Users\user\.m2\repository\com\vladsch\flexmark\flexmark-ext-gfm-strikethrough\0.62.2\flexmark-ext-gfm-strikethrough-0.62.2.jar;C:\Users\user\.m2\repository\com\vladsch\flexmark\flexmark-ext-gfm-tasklist\0.62.2\flexmark-ext-gfm-tasklist-0.62.2.jar;C:\Users\user\.m2\repository\com\vladsch\flexmark\flexmark-ext-gfm-users\0.62.2\flexmark-ext-gfm-users-0.62.2.jar;C:\Users\user\.m2\repository\com\vladsch\flexmark\flexmark-ext-gitlab\0.62.2\flexmark-ext-gitlab-0.62.2.jar;C:\Users\user\.m2\repository\com\vladsch\flexmark\flexmark-ext-jekyll-front-matter\0.62.2\flexmark-ext-jekyll-front-matter-0.62.2.jar;C:\Users\user\.m2\repository\com\vladsch\flexmark\flexmark-ext-jekyll-tag\0.62.2\flexmark-ext-jekyll-tag-0.62.2.jar;C:\Users\user\.m2\repository\com\vladsch\flexmark\flexmark-ext-media-tags\0.62.2\flexmark-ext-media-tags-0.62.2.jar;C:\Users\user\.m2\repository\com\vladsch\flexmark\flexmark-ext-macros\0.62.2\flexmark-ext-macros-0.62.2.jar;C:\Users\user\.m2\repository\com\vladsch\flexmark\flexmark-ext-ins\0.62.2\flexmark-ext-ins-0.62.2.jar;C:\Users\user\.m2\repository\com\vladsch\flexmark\flexmark-ext-xwiki-macros\0.62.2\flexmark-ext-xwiki-macros-0.62.2.jar;C:\Users\user\.m2\repository\com\vladsch\flexmark\flexmark-ext-superscript\0.62.2\flexmark-ext-superscript-0.62.2.jar;C:\Users\user\.m2\repository\com\vladsch\flexmark\flexmark-ext-tables\0.62.2\flexmark-ext-tables-0.62.2.jar;C:\Users\user\.m2\repository\com\vladsch\flexmark\flexmark-ext-toc\0.62.2\flexmark-ext-toc-0.62.2.jar;C:\Users\user\.m2\repository\com\vladsch\flexmark\flexmark-ext-typographic\0.62.2\flexmark-ext-typographic-0.62.2.jar;C:\Users\user\.m2\repository\com\vladsch\flexmark\flexmark-ext-wikilink\0.62.2\flexmark-ext-wikilink-0.62.2.jar;C:\Users\user\.m2\repository\com\vladsch\flexmark\flexmark-ext-yaml-front-matter\0.62.2\flexmark-ext-yaml-front-matter-0.62.2.jar;C:\Users\user\.m2\repository\com\vladsch\flexmark\flexmark-ext-youtube-embedded\0.62.2\flexmark-ext-youtube-embedded-0.62.2.jar;C:\Users\user\.m2\repository\com\vladsch\flexmark\flexmark-html2md-converter\0.62.2\flexmark-html2md-converter-0.62.2.jar;C:\Users\user\.m2\repository\com\vladsch\flexmark\flexmark-jira-converter\0.62.2\flexmark-jira-converter-0.62.2.jar;C:\Users\user\.m2\repository\com\vladsch\flexmark\flexmark-pdf-converter\0.62.2\flexmark-pdf-converter-0.62.2.jar;C:\Users\user\.m2\repository\com\openhtmltopdf\openhtmltopdf-core\1.0.0\openhtmltopdf-core-1.0.0.jar;C:\Users\user\.m2\repository\com\openhtmltopdf\openhtmltopdf-pdfbox\1.0.0\openhtmltopdf-pdfbox-1.0.0.jar;C:\Users\user\.m2\repository\org\apache\pdfbox\pdfbox\2.0.16\pdfbox-2.0.16.jar;C:\Users\user\.m2\repository\org\apache\pdfbox\fontbox\2.0.16\fontbox-2.0.16.jar;C:\Users\user\.m2\repository\org\apache\pdfbox\xmpbox\2.0.16\xmpbox-2.0.16.jar;C:\Users\user\.m2\repository\de\rototor\pdfbox\graphics2d\0.24\graphics2d-0.24.jar;C:\Users\user\.m2\repository\com\openhtmltopdf\openhtmltopdf-rtl-support\1.0.0\openhtmltopdf-rtl-support-1.0.0.jar;C:\Users\user\.m2\repository\com\openhtmltopdf\openhtmltopdf-jsoup-dom-converter\1.0.0\openhtmltopdf-jsoup-dom-converter-1.0.0.jar;C:\Users\user\.m2\repository\com\vladsch\flexmark\flexmark-profile-pegdown\0.62.2\flexmark-profile-pegdown-0.62.2.jar;C:\Users\user\.m2\repository\com\vladsch\flexmark\flexmark-util-ast\0.62.2\flexmark-util-ast-0.62.2.jar;C:\Users\user\.m2\repository\com\vladsch\flexmark\flexmark-util-builder\0.62.2\flexmark-util-builder-0.62.2.jar;C:\Users\user\.m2\repository\com\vladsch\flexmark\flexmark-util-collection\0.62.2\flexmark-util-collection-0.62.2.jar;C:\Users\user\.m2\repository\com\vladsch\flexmark\flexmark-util-data\0.62.2\flexmark-util-data-0.62.2.jar;C:\Users\user\.m2\repository\com\vladsch\flexmark\flexmark-util-dependency\0.62.2\flexmark-util-dependency-0.62.2.jar;C:\Users\user\.m2\repository\com\vladsch\flexmark\flexmark-util-format\0.62.2\flexmark-util-format-0.62.2.jar;C:\Users\user\.m2\repository\com\vladsch\flexmark\flexmark-util-html\0.62.2\flexmark-util-html-0.62.2.jar;C:\Users\user\.m2\repository\com\vladsch\flexmark\flexmark-util-misc\0.62.2\flexmark-util-misc-0.62.2.jar;C:\Users\user\.m2\repository\com\vladsch\flexmark\flexmark-util-options\0.62.2\flexmark-util-options-0.62.2.jar;C:\Users\user\.m2\repository\com\vladsch\flexmark\flexmark-util-sequence\0.62.2\flexmark-util-sequence-0.62.2.jar;C:\Users\user\.m2\repository\com\vladsch\flexmark\flexmark-util-visitor\0.62.2\flexmark-util-visitor-0.62.2.jar;C:\Users\user\.m2\repository\com\vladsch\flexmark\flexmark-youtrack-converter\0.62.2\flexmark-youtrack-converter-0.62.2.jar;C:\Users\user\.m2\repository\com\ibm\icu\icu4j\72.1\icu4j-72.1.jar;C:\Users\user\.m2\repository\es\nitaur\markdown\txtmark\0.16\txtmark-0.16.jar;C:\Users\user\.m2\repository\net\serenity-bdd\serenity-report-resources\3.6.21\serenity-report-resources-3.6.21.jar;C:\Users\user\.m2\repository\com\google\code\gson\gson\2.10.1\gson-2.10.1.jar;C:\Users\user\.m2\repository\com\fasterxml\jackson\core\jackson-core\2.15.0-rc1\jackson-core-2.15.0-rc1.jar;C:\Users\user\.m2\repository\com\fasterxml\jackson\core\jackson-databind\2.15.0-rc1\jackson-databind-2.15.0-rc1.jar;C:\Users\user\.m2\repository\com\fasterxml\jackson\core\jackson-annotations\2.15.0-rc1\jackson-annotations-2.15.0-rc1.jar;C:\Users\user\.m2\repository\commons-codec\commons-codec\1.15\commons-codec-1.15.jar;C:\Users\user\.m2\repository\commons-io\commons-io\2.11.0\commons-io-2.11.0.jar;C:\Users\user\.m2\repository\org\seleniumhq\selenium\selenium-java\4.8.1\selenium-java-4.8.1.jar;C:\Users\user\.m2\repository\org\seleniumhq\selenium\selenium-devtools-v108\4.8.1\selenium-devtools-v108-4.8.1.jar;C:\Users\user\.m2\repository\org\seleniumhq\selenium\selenium-devtools-v109\4.8.1\selenium-devtools-v109-4.8.1.jar;C:\Users\user\.m2\repository\org\seleniumhq\selenium\selenium-devtools-v110\4.8.1\selenium-devtools-v110-4.8.1.jar;C:\Users\user\.m2\repository\org\seleniumhq\selenium\selenium-devtools-v85\4.8.1\selenium-devtools-v85-4.8.1.jar;C:\Users\user\.m2\repository\org\seleniumhq\selenium\selenium-remote-driver\4.8.1\selenium-remote-driver-4.8.1.jar;C:\Users\user\.m2\repository\com\beust\jcommander\1.82\jcommander-1.82.jar;C:\Users\user\.m2\repository\io\netty\netty-buffer\4.1.87.Final\netty-buffer-4.1.87.Final.jar;C:\Users\user\.m2\repository\io\netty\netty-codec-http\4.1.87.Final\netty-codec-http-4.1.87.Final.jar;C:\Users\user\.m2\repository\io\netty\netty-codec\4.1.87.Final\netty-codec-4.1.87.Final.jar;C:\Users\user\.m2\repository\io\netty\netty-handler\4.1.87.Final\netty-handler-4.1.87.Final.jar;C:\Users\user\.m2\repository\io\netty\netty-common\4.1.87.Final\netty-common-4.1.87.Final.jar;C:\Users\user\.m2\repository\io\netty\netty-transport-classes-epoll\4.1.87.Final\netty-transport-classes-epoll-4.1.87.Final.jar;C:\Users\user\.m2\repository\io\netty\netty-transport-classes-kqueue\4.1.87.Final\netty-transport-classes-kqueue-4.1.87.Final.jar;C:\Users\user\.m2\repository\io\netty\netty-transport-native-epoll\4.1.87.Final\netty-transport-native-epoll-4.1.87.Final.jar;C:\Users\user\.m2\repository\io\netty\netty-transport-native-kqueue\4.1.87.Final\netty-transport-native-kqueue-4.1.87.Final.jar;C:\Users\user\.m2\repository\io\netty\netty-transport-native-unix-common\4.1.87.Final\netty-transport-native-unix-common-4.1.87.Final.jar;C:\Users\user\.m2\repository\io\netty\netty-transport\4.1.87.Final\netty-transport-4.1.87.Final.jar;C:\Users\user\.m2\repository\io\netty\netty-resolver\4.1.87.Final\netty-resolver-4.1.87.Final.jar;C:\Users\user\.m2\repository\io\opentelemetry\opentelemetry-api\1.22.0\opentelemetry-api-1.22.0.jar;C:\Users\user\.m2\repository\io\opentelemetry\opentelemetry-context\1.22.0\opentelemetry-context-1.22.0.jar;C:\Users\user\.m2\repository\io\opentelemetry\opentelemetry-exporter-logging\1.22.0\opentelemetry-exporter-logging-1.22.0.jar;C:\Users\user\.m2\repository\io\opentelemetry\opentelemetry-sdk-metrics\1.22.0\opentelemetry-sdk-metrics-1.22.0.jar;C:\Users\user\.m2\repository\io\opentelemetry\opentelemetry-sdk-logs\1.22.0-alpha\opentelemetry-sdk-logs-1.22.0-alpha.jar;C:\Users\user\.m2\repository\io\opentelemetry\opentelemetry-api-logs\1.22.0-alpha\opentelemetry-api-logs-1.22.0-alpha.jar;C:\Users\user\.m2\repository\io\opentelemetry\opentelemetry-sdk-common\1.22.0\opentelemetry-sdk-common-1.22.0.jar;C:\Users\user\.m2\repository\io\opentelemetry\opentelemetry-sdk-extension-autoconfigure-spi\1.22.0\opentelemetry-sdk-extension-autoconfigure-spi-1.22.0.jar;C:\Users\user\.m2\repository\io\opentelemetry\opentelemetry-sdk-extension-autoconfigure\1.22.0-alpha\opentelemetry-sdk-extension-autoconfigure-1.22.0-alpha.jar;C:\Users\user\.m2\repository\io\opentelemetry\opentelemetry-sdk-trace\1.22.0\opentelemetry-sdk-trace-1.22.0.jar;C:\Users\user\.m2\repository\io\opentelemetry\opentelemetry-sdk\1.22.0\opentelemetry-sdk-1.22.0.jar;C:\Users\user\.m2\repository\io\opentelemetry\opentelemetry-semconv\1.22.0-alpha\opentelemetry-semconv-1.22.0-alpha.jar;C:\Users\user\.m2\repository\io\ous\jtoml\2.0.0\jtoml-2.0.0.jar;C:\Users\user\.m2\repository\org\apache\commons\commons-exec\1.3\commons-exec-1.3.jar;C:\Users\user\.m2\repository\org\asynchttpclient\async-http-client\2.12.3\async-http-client-2.12.3.jar;C:\Users\user\.m2\repository\org\asynchttpclient\async-http-client-netty-utils\2.12.3\async-http-client-netty-utils-2.12.3.jar;C:\Users\user\.m2\repository\io\netty\netty-codec-socks\4.1.60.Final\netty-codec-socks-4.1.60.Final.jar;C:\Users\user\.m2\repository\io\netty\netty-handler-proxy\4.1.60.Final\netty-handler-proxy-4.1.60.Final.jar;C:\Users\user\.m2\repository\io\netty\netty-transport-native-epoll\4.1.60.Final\netty-transport-native-epoll-4.1.60.Final-linux-x86_64.jar;C:\Users\user\.m2\repository\io\netty\netty-transport-native-kqueue\4.1.60.Final\netty-transport-native-kqueue-4.1.60.Final-osx-x86_64.jar;C:\Users\user\.m2\repository\org\reactivestreams\reactive-streams\1.0.3\reactive-streams-1.0.3.jar;C:\Users\user\.m2\repository\com\typesafe\netty\netty-reactive-streams\2.0.4\netty-reactive-streams-2.0.4.jar;C:\Users\user\.m2\repository\org\seleniumhq\selenium\selenium-manager\4.8.1\selenium-manager-4.8.1.jar;C:\Users\user\.m2\repository\org\seleniumhq\selenium\selenium-safari-driver\4.8.1\selenium-safari-driver-4.8.1.jar;C:\Users\user\.m2\repository\org\seleniumhq\selenium\selenium-api\4.8.1\selenium-api-4.8.1.jar;C:\Users\user\.m2\repository\org\seleniumhq\selenium\selenium-support\4.8.1\selenium-support-4.8.1.jar;C:\Users\user\.m2\repository\com\google\auto\service\auto-service-annotations\1.0.1\auto-service-annotations-1.0.1.jar;C:\Users\user\.m2\repository\com\google\auto\service\auto-service\1.0.1\auto-service-1.0.1.jar;C:\Users\user\.m2\repository\com\google\auto\auto-common\1.2\auto-common-1.2.jar;C:\Users\user\.m2\repository\org\seleniumhq\selenium\selenium-json\4.8.1\selenium-json-4.8.1.jar;C:\Users\user\.m2\repository\org\seleniumhq\selenium\selenium-chrome-driver\4.8.1\selenium-chrome-driver-4.8.1.jar;C:\Users\user\.m2\repository\org\seleniumhq\selenium\selenium-chromium-driver\4.8.1\selenium-chromium-driver-4.8.1.jar;C:\Users\user\.m2\repository\org\seleniumhq\selenium\selenium-firefox-driver\4.8.1\selenium-firefox-driver-4.8.1.jar;C:\Users\user\.m2\repository\org\seleniumhq\selenium\selenium-http\4.8.1\selenium-http-4.8.1.jar;C:\Users\user\.m2\repository\dev\failsafe\failsafe\3.3.0\failsafe-3.3.0.jar;C:\Users\user\.m2\repository\org\seleniumhq\selenium\selenium-edge-driver\4.8.1\selenium-edge-driver-4.8.1.jar;C:\Users\user\.m2\repository\org\seleniumhq\selenium\selenium-ie-driver\4.8.1\selenium-ie-driver-4.8.1.jar;C:\Users\user\.m2\repository\org\projectlombok\lombok\1.18.20\lombok-1.18.20.jar;C:\Users\user\.m2\repository\io\appium\java-client\8.3.0\java-client-8.3.0.jar;C:\Users\user\.m2\repository\commons-validator\commons-validator\1.7\commons-validator-1.7.jar;C:\Users\user\.m2\repository\commons-digester\commons-digester\2.1\commons-digester-2.1.jar;C:\Users\user\.m2\repository\net\sf\opencsv\opencsv\2.0\opencsv-2.0.jar;C:\Users\user\.m2\repository\commons-beanutils\commons-beanutils\1.9.4\commons-beanutils-1.9.4.jar;C:\Users\user\.m2\repository\org\apache\commons\commons-lang3\3.12.0\commons-lang3-3.12.0.jar;C:\Users\user\.m2\repository\commons-collections\commons-collections\3.2.2\commons-collections-3.2.2.jar;C:\Users\user\.m2\repository\org\fluentlenium\fluentlenium-core\0.10.2\fluentlenium-core-0.10.2.jar;C:\Users\user\.m2\repository\io\github\bonigarcia\webdrivermanager\5.3.0\webdrivermanager-5.3.0.jar;C:\Users\user\.m2\repository\com\github\docker-java\docker-java\3.2.13\docker-java-3.2.13.jar;C:\Users\user\.m2\repository\com\github\docker-java\docker-java-core\3.2.13\docker-java-core-3.2.13.jar;C:\Users\user\.m2\repository\com\github\docker-java\docker-java-api\3.2.13\docker-java-api-3.2.13.jar;C:\Users\user\.m2\repository\org\apache\commons\commons-compress\1.21\commons-compress-1.21.jar;C:\Users\user\.m2\repository\org\bouncycastle\bcpkix-jdk15on\1.64\bcpkix-jdk15on-1.64.jar;C:\Users\user\.m2\repository\org\bouncycastle\bcprov-jdk15on\1.64\bcprov-jdk15on-1.64.jar;C:\Users\user\.m2\repository\org\slf4j\jcl-over-slf4j\1.7.30\jcl-over-slf4j-1.7.30.jar;C:\Users\user\.m2\repository\com\github\docker-java\docker-java-transport-httpclient5\3.2.13\docker-java-transport-httpclient5-3.2.13.jar;C:\Users\user\.m2\repository\com\github\docker-java\docker-java-transport\3.2.13\docker-java-transport-3.2.13.jar;C:\Users\user\.m2\repository\net\java\dev\jna\jna\5.8.0\jna-5.8.0.jar;C:\Users\user\.m2\repository\org\brotli\dec\0.1.2\dec-0.1.2.jar;C:\Users\user\.m2\repository\org\apache\httpcomponents\client5\httpclient5\5.1.3\httpclient5-5.1.3.jar;C:\Users\user\.m2\repository\org\apache\httpcomponents\core5\httpcore5\5.1.3\httpcore5-5.1.3.jar;C:\Users\user\.m2\repository\org\apache\httpcomponents\core5\httpcore5-h2\5.1.3\httpcore5-h2-5.1.3.jar;C:\Users\user\.m2\repository\com\jhlabs\filters\2.0.235\filters-2.0.235.jar;C:\Users\user\.m2\repository\com\paulhammant\ngwebdriver\1.1.6\ngwebdriver-1.1.6.jar;C:\Users\user\.m2\repository\joda-time\joda-time\2.12.2\joda-time-2.12.2.jar;C:\Users\user\.m2\repository\org\hamcrest\hamcrest\2.2\hamcrest-2.2.jar;C:\Users\user\.m2\repository\com\google\jimfs\jimfs\1.2\jimfs-1.2.jar;C:\Users\user\.m2\repository\org\mockito\mockito-core\3.3.3\mockito-core-3.3.3.jar;C:\Users\user\.m2\repository\javax\xml\bind\jaxb-api\2.3.1\jaxb-api-2.3.1.jar;C:\Users\user\.m2\repository\javax\activation\javax.activation-api\1.2.0\javax.activation-api-1.2.0.jar;C:\Users\user\.m2\repository\com\sun\xml\bind\jaxb-core\2.3.0.1\jaxb-core-2.3.0.1.jar;C:\Users\user\.m2\repository\com\sun\xml\bind\jaxb-impl\2.3.3\jaxb-impl-2.3.3.jar;C:\Users\user\.m2\repository\jakarta\xml\bind\jakarta.xml.bind-api\2.3.3\jakarta.xml.bind-api-2.3.3.jar;C:\Users\user\.m2\repository\com\sun\activation\jakarta.activation\1.2.2\jakarta.activation-1.2.2.jar;C:\Users\user\.m2\repository\javax\activation\activation\1.1.1\activation-1.1.1.jar;C:\Users\user\.m2\repository\net\serenity-bdd\serenity-cucumber\3.6.21\serenity-cucumber-3.6.21.jar;C:\Users\user\.m2\repository\io\cucumber\cucumber-core\7.11.0\cucumber-core-7.11.0.jar;C:\Users\user\.m2\repository\io\cucumber\cucumber-gherkin\7.11.0\cucumber-gherkin-7.11.0.jar;C:\Users\user\.m2\repository\io\cucumber\cucumber-gherkin-messages\7.11.0\cucumber-gherkin-messages-7.11.0.jar;C:\Users\user\.m2\repository\io\cucumber\gherkin\26.0.3\gherkin-26.0.3.jar;C:\Users\user\.m2\repository\io\cucumber\messages\21.0.1\messages-21.0.1.jar;C:\Users\user\.m2\repository\io\cucumber\tag-expressions\5.0.1\tag-expressions-5.0.1.jar;C:\Users\user\.m2\repository\io\cucumber\cucumber-expressions\16.1.1\cucumber-expressions-16.1.1.jar;C:\Users\user\.m2\repository\io\cucumber\datatable\7.11.0\datatable-7.11.0.jar;C:\Users\user\.m2\repository\io\cucumber\cucumber-plugin\7.11.0\cucumber-plugin-7.11.0.jar;C:\Users\user\.m2\repository\io\cucumber\docstring\7.11.0\docstring-7.11.0.jar;C:\Users\user\.m2\repository\io\cucumber\html-formatter\20.2.1\html-formatter-20.2.1.jar;C:\Users\user\.m2\repository\io\cucumber\junit-xml-formatter\0.1.0\junit-xml-formatter-0.1.0.jar;C:\Users\user\.m2\repository\io\cucumber\ci-environment\9.1.0\ci-environment-9.1.0.jar;C:\Users\user\.m2\repository\io\cucumber\cucumber-java\7.11.0\cucumber-java-7.11.0.jar;C:\Users\user\.m2\repository\io\cucumber\cucumber-junit\7.11.0\cucumber-junit-7.11.0.jar;C:\Users\user\.m2\repository\org\apache\commons\commons-csv\1.5\commons-csv-1.5.jar;C:\Users\user\.m2\repository\net\serenity-bdd\serenity-screenplay\3.6.21\serenity-screenplay-3.6.21.jar;C:\Users\user\.m2\repository\net\serenity-bdd\serenity-screenplay-webdriver\3.6.21\serenity-screenplay-webdriver-3.6.21.jar;C:\Users\user\.m2\repository\net\serenity-bdd\serenity-ensure\3.6.21\serenity-ensure-3.6.21.jar;C:\Users\user\.m2\repository\net\serenity-bdd\serenity-junit\3.6.21\serenity-junit-3.6.21.jar;C:\Users\user\.m2\repository\org\jetbrains\kotlin\kotlin-stdlib\1.8.10\kotlin-stdlib-1.8.10.jar;C:\Users\user\.m2\repository\org\jetbrains\kotlin\kotlin-stdlib-common\1.8.10\kotlin-stdlib-common-1.8.10.jar;C:\Users\user\.m2\repository\org\jetbrains\annotations\13.0\annotations-13.0.jar;C:\Users\user\.m2\repository\org\junit\platform\junit-platform-launcher\1.8.2\junit-platform-launcher-1.8.2.jar;C:\Users\user\.m2\repository\org\junit\platform\junit-platform-engine\1.8.2\junit-platform-engine-1.8.2.jar;C:\Users\user\.m2\repository\org\junit\platform\junit-platform-commons\1.8.2\junit-platform-commons-1.8.2.jar;C:\Users\user\.m2\repository\org\apiguardian\apiguardian-api\1.1.2\apiguardian-api-1.1.2.jar;C:\Users\user\.m2\repository\org\junit\jupiter\junit-jupiter-engine\5.8.2\junit-jupiter-engine-5.8.2.jar;C:\Users\user\.m2\repository\org\junit\jupiter\junit-jupiter-api\5.8.2\junit-jupiter-api-5.8.2.jar;C:\Users\user\.m2\repository\org\junit\vintage\junit-vintage-engine\5.8.2\junit-vintage-engine-5.8.2.jar;C:\Users\user\.m2\repository\junit\junit\4.13.2\junit-4.13.2.jar;C:\Users\user\.m2\repository\org\hamcrest\hamcrest-core\1.3\hamcrest-core-1.3.jar;C:\Users\user\.m2\repository\ch\qos\logback\logback-classic\1.2.10\logback-classic-1.2.10.jar;C:\Users\user\.m2\repository\ch\qos\logback\logback-core\1.2.10\logback-core-1.2.10.jar;C:\Users\user\.m2\repository\org\slf4j\slf4j-api\1.7.32\slf4j-api-1.7.32.jar;C:\Users\user\.m2\repository\org\assertj\assertj-core\3.23.1\assertj-core-3.23.1.jar;C:\Users\user\.m2\repository\net\bytebuddy\byte-buddy\1.12.10\byte-buddy-1.12.10.jar;C:\Users\user\.m2\repository\com\googlecode\json-simple\json-simple\1.1.1\json-simple-1.1.1.jar;C:\Users\user\.m2\repository\org\apache\maven\surefire\surefire-junit-platform\3.0.0-M5\surefire-junit-platform-3.0.0-M5.jar;C:\Users\user\.m2\repository\org\apache\maven\surefire\common-java5\3.0.0-M5\common-java5-3.0.0-M5.jar"/>
    <property name="user.script" value=""/>
    <property name="sun.management.compiler" value="HotSpot 64-Bit Tiered Compilers"/>
    <property name="java.runtime.version" value="11.0.15.1+2-LTS-10"/>
    <property name="user.name" value="user"/>
    <property name="path.separator" value=";"/>
    <property name="os.version" value="10.0"/>
    <property name="java.runtime.name" value="Java(TM) SE Runtime Environment"/>
    <property name="file.encoding" value="Cp1252"/>
    <property name="webdriver.base.url" value=""/>
    <property name="java.vm.name" value="Java HotSpot(TM) 64-Bit Server VM"/>
    <property name="java.vendor.version" value="18.9"/>
    <property name="localRepository" value="C:\Users\user\.m2\repository"/>
    <property name="java.vendor.url.bug" value="https://bugreport.java.com/bugreport/"/>
    <property name="java.io.tmpdir" value="C:\Users\user\AppData\Local\Temp\"/>
    <property name="java.version" value="11.0.15.1"/>
    <property name="user.dir" value="E:\APIMinpro\API\minpro"/>
    <property name="os.arch" value="amd64"/>
    <property name="java.vm.specification.name" value="Java Virtual Machine Specification"/>
    <property name="java.awt.printerjob" value="sun.awt.windows.WPrinterJob"/>
    <property name="sun.os.patch.level" value=""/>
    <property name="java.library.path" value="C:\Program Files\Java\jdk-11.0.15.1\bin;C:\Windows\Sun\Java\bin;C:\Windows\system32;C:\Windows;C:\Program Files\Common Files\Oracle\Java\javapath;C:\Program Files (x86)\Common Files\Oracle\Java\javapath;C:\ProgramData\Oracle\Java\javapath;C:\Windows\system32;C:\Windows;C:\Windows\System32\Wbem;C:\Windows\System32\WindowsPowerShell\v1.0\;C:\Windows\System32\OpenSSH\;C:\Program Files\NVIDIA Corporation\NVIDIA NvDLISR;C:\Program Files (x86)\NVIDIA Corporation\PhysX\Common;C:\Program Files (x86)\dotnet\;C:\Program Files\Git\cmd;C:\PROGRA~1\IBM\SQLLIB\BIN;C:\PROGRA~1\IBM\SQLLIB\FUNCTION;C:\PROGRA~1\IBM\SQLLIB\SAMPLES\REPL;C:\xampp\php;C:\composer;C:\hadoop\bin;C:\hadoop\sbin;C:\Program Files\nodejs\;D:\apache-maven-3.9.1\bin;C:\Program Files\Java\jdk-11.0.15.1\bin;C:\Users\user\AppData\Local\Android\Sdk;C:\Users\user\AppData\Local\Android\Sdk\platform-tools;C:\Users\user\scoop\shims;C:\Users\user\AppData\Local\Programs\Python\Python311\Scripts\;C:\Users\user\AppData\Local\Programs\Python\Python311\;C:\Users\user\AppData\Local\Programs\Eclipse Adoptium\jdk-17.0.1.12-hotspot\bin;C:\Users\user\AppData\Local\Microsoft\WindowsApps;E:\Microsoft VS Code\bin;C:\Users\user\AppData\Roaming\Composer\vendor\bin;C:\hadoop\bin;C:\Users\user\OneDrive\Documents\Big Data\spark\bin;C:\Users\user\AppData\Local\GitHubDesktop\bin;C:\Users\user\AppData\Roaming\npm;C:\Users\user\AppData\Local\spicetify;."/>
    <property name="java.vendor" value="Oracle Corporation"/>
    <property name="java.vm.info" value="mixed mode"/>
    <property name="java.vm.version" value="11.0.15.1+2-LTS-10"/>
    <property name="sun.io.unicode.encoding" value="UnicodeLittle"/>
    <property name="java.class.version" value="55.0"/>
  </properties>
  <testcase name="GET - Get hello with correct endpoints" classname="Hello" time="2.573">
    <system-out><![CDATA[14:49:33.599 [main] DEBUG net.thucydides.core.guice.Injectors - Created injector for module net.thucydides.core.guice.ThucydidesModule
14:49:33.821 [main] DEBUG io.cucumber.core.plugin.SerenityReporter - Running feature from file:///E:/APIMinpro/API/minpro/src/test/resources/features/0.%20Hello.feature
14:49:33.926 [main] DEBUG net.thucydides.core.guice.Injectors - Created injector for module net.thucydides.core.guice.webdriver.WebDriverModule
14:49:33.938 [main] INFO  - 

-------------------------------------------------------------------------------------
     _______. _______ .______       _______ .__   __.  __  .___________.____    ____ 
    /       ||   ____||   _  \     |   ____||  \ |  | |  | |           |\   \  /   / 
   |   (----`|  |__   |  |_)  |    |  |__   |   \|  | |  | `---|  |----` \   \/   /  
    \   \    |   __|  |      /     |   __|  |  . `  | |  |     |  |       \_    _/   
.----)   |   |  |____ |  |\  \----.|  |____ |  |\   | |  |     |  |         |  |     
|_______/    |_______|| _| `._____||_______||__| \__| |__|     |__|         |__|    
                                                                                     
 News and tutorials at http://www.serenity-bdd.info                                  
 Documentation at https://wakaleo.gitbooks.io/the-serenity-book/content/             
 Join the Serenity Community on Gitter: https://gitter.im/serenity-bdd/serenity-core 
 Serenity BDD Support and Training at http://serenity-bdd.info/#/trainingandsupport  
-------------------------------------------------------------------------------------

14:49:33.941 [main] DEBUG net.thucydides.core.steps.StepEventBus - Test suite started for story net.thucydides.core.model.Story@48cbcce3
14:49:33.943 [main] INFO  - Test Suite Started: Hello
14:49:33.953 [main] DEBUG io.cucumber.core.plugin.SerenityReporter - Running feature from file:///E:/APIMinpro/API/minpro/src/test/resources/features/1.%20Register.feature
14:49:33.957 [main] DEBUG net.thucydides.core.steps.StepEventBus - Test suite started for story net.thucydides.core.model.Story@773abe6e
14:49:33.957 [main] INFO  - Test Suite Started: Register
14:49:33.957 [main] DEBUG io.cucumber.core.plugin.SerenityReporter - Running feature from file:///E:/APIMinpro/API/minpro/src/test/resources/features/2.%20Login.feature
14:49:33.961 [main] DEBUG net.thucydides.core.steps.StepEventBus - Test suite started for story net.thucydides.core.model.Story@86b1dd01
14:49:33.961 [main] INFO  - Test Suite Started: Login
14:49:33.961 [main] DEBUG io.cucumber.core.plugin.SerenityReporter - Running feature from file:///E:/APIMinpro/API/minpro/src/test/resources/features/3.%20User.feature
14:49:33.964 [main] DEBUG net.thucydides.core.steps.StepEventBus - Test suite started for story net.thucydides.core.model.Story@11e807f1
14:49:33.965 [main] INFO  - Test Suite Started: User Information
14:49:33.965 [main] DEBUG io.cucumber.core.plugin.SerenityReporter - Running feature from file:///E:/APIMinpro/API/minpro/src/test/resources/features/4.%20Categories.feature
14:49:33.968 [main] DEBUG net.thucydides.core.steps.StepEventBus - Test suite started for story net.thucydides.core.model.Story@1b5f86d1
14:49:33.968 [main] INFO  - Test Suite Started: Categories
14:49:33.968 [main] DEBUG io.cucumber.core.plugin.SerenityReporter - Running feature from file:///E:/APIMinpro/API/minpro/src/test/resources/features/5.%20Product.feature
14:49:33.973 [main] DEBUG net.thucydides.core.steps.StepEventBus - Test suite started for story net.thucydides.core.model.Story@5c78189e
14:49:33.973 [main] INFO  - Test Suite Started: Product
14:49:33.973 [main] DEBUG io.cucumber.core.plugin.SerenityReporter - Running feature from file:///E:/APIMinpro/API/minpro/src/test/resources/features/6.%20Order.feature
14:49:33.976 [main] DEBUG net.thucydides.core.steps.StepEventBus - Test suite started for story net.thucydides.core.model.Story@421cad1d
14:49:33.977 [main] INFO  - Test Suite Started: Order
14:49:33.977 [main] DEBUG io.cucumber.core.plugin.SerenityReporter - Running feature from file:///E:/APIMinpro/API/minpro/src/test/resources/features/7.%20Rating.feature
14:49:33.979 [main] DEBUG net.thucydides.core.steps.StepEventBus - Test suite started for story net.thucydides.core.model.Story@a2cc97b4
14:49:33.980 [main] INFO  - Test Suite Started: Rating
14:49:33.980 [main] DEBUG io.cucumber.core.plugin.SerenityReporter - Running feature from file:///E:/APIMinpro/API/minpro/src/test/resources/features/8.%20Comment.feature
14:49:33.982 [main] DEBUG net.thucydides.core.steps.StepEventBus - Test suite started for story net.thucydides.core.model.Story@8ea159bb
14:49:33.983 [main] INFO  - Test Suite Started: Comment
14:49:33.983 [main] DEBUG io.cucumber.core.plugin.SerenityReporter - Running feature from file:///E:/APIMinpro/API/minpro/src/test/resources/features/0.%20Hello.feature
14:49:33.985 [main] DEBUG net.thucydides.core.steps.StepEventBus - Test suite started for story net.thucydides.core.model.Story@48cbcce3
14:49:33.986 [main] INFO  - Test Suite Started: Hello

Scenario: GET - Get hello with correct endpoints      &amp#27;[90m# src/test/resources/features/0. Hello.feature:7&amp#27;[0m
14:49:34.061 [main] DEBUG io.cucumber.core.plugin.SerenityReporter - Running feature from file:///E:/APIMinpro/API/minpro/src/test/resources/features/0.%20Hello.feature
14:49:34.159 [main] INFO  - 
  _____   ___   ___   _____     ___   _____     _     ___   _____   ___   ___  
 |_   _| | __| / __| |_   _|   / __| |_   _|   /_\   | _ \ |_   _| | __| |   \ 
   | |   | _|  \__ \   | |     \__ \   | |    / _ \  |   /   | |   | _|  | |) |
   |_|   |___| |___/   |_|     |___/   |_|   /_/ \_\ |_|_\   |_|   |___| |___/ 

GET - Get hello with correct endpoints(hello;get---get-hello-with-correct-endpoints)
--------------------------------------------------------------------------------
14:49:34.204 [main] DEBUG net.thucydides.core.requirements.model.cucumber.CucumberParser - Loading feature E:\APIMinpro\API\minpro\src\test\resources\features\0. Hello.feature
14:49:34.215 [main] DEBUG net.thucydides.core.requirements.model.cucumber.CucumberParser - Loading feature E:\APIMinpro\API\minpro\src\test\resources\features\1. Register.feature
14:49:34.218 [main] DEBUG net.thucydides.core.requirements.model.cucumber.CucumberParser - Loading feature E:\APIMinpro\API\minpro\src\test\resources\features\2. Login.feature
14:49:34.222 [main] DEBUG net.thucydides.core.requirements.model.cucumber.CucumberParser - Loading feature E:\APIMinpro\API\minpro\src\test\resources\features\3. User.feature
14:49:34.225 [main] DEBUG net.thucydides.core.requirements.model.cucumber.CucumberParser - Loading feature E:\APIMinpro\API\minpro\src\test\resources\features\4. Categories.feature
14:49:34.228 [main] DEBUG net.thucydides.core.requirements.model.cucumber.CucumberParser - Loading feature E:\APIMinpro\API\minpro\src\test\resources\features\5. Product.feature
14:49:34.231 [main] DEBUG net.thucydides.core.requirements.model.cucumber.CucumberParser - Loading feature E:\APIMinpro\API\minpro\src\test\resources\features\6. Order.feature
14:49:34.234 [main] DEBUG net.thucydides.core.requirements.model.cucumber.CucumberParser - Loading feature E:\APIMinpro\API\minpro\src\test\resources\features\7. Rating.feature
14:49:34.236 [main] DEBUG net.thucydides.core.requirements.model.cucumber.CucumberParser - Loading feature E:\APIMinpro\API\minpro\src\test\resources\features\8. Comment.feature
14:49:34.520 [main] DEBUG net.thucydides.core.steps.StepInterceptor - STARTING STEP: HelloSteps.setGetApiEndpointHello - I set GET api endpoints hello
14:49:34.522 [main] DEBUG net.thucydides.core.steps.StepInterceptor - STEP DONE: I set GET api endpoints hello
  &amp#27;[32mGiven &amp#27;[0m&amp#27;[32mI set GET api endpoints hello&amp#27;[0m                 &amp#27;[90m# starter.stepdefinitions.HelloSteps.setGetApiEndpointHello()&amp#27;[0m
14:49:34.534 [main] DEBUG net.thucydides.core.steps.StepInterceptor - STARTING STEP: HelloSteps.sendGetHttpRequestHello - I send GET HTTP request hello
14:49:35.782 [main] DEBUG net.thucydides.core.steps.StepInterceptor - STARTING STEP: Hello.sendGetHttpRequestHello - I set GET api endpoints hello
14:49:35.782 [main] DEBUG net.thucydides.core.steps.StepInterceptor - STEP DONE: I set GET api endpoints hello
14:49:36.262 [main] DEBUG org.apache.http.impl.conn.BasicClientConnectionManager - Get connection for route {s}->https://altashop-api.fly.dev:443
14:49:36.272 [main] DEBUG org.apache.http.impl.conn.DefaultClientConnectionOperator - Connecting to altashop-api.fly.dev:443
14:49:36.416 [main] DEBUG org.apache.http.client.protocol.RequestAddCookies - CookieSpec selected: ignoreCookies
14:49:36.417 [main] DEBUG org.apache.http.client.protocol.RequestAuthCache - Auth cache not set in the context
14:49:36.417 [main] DEBUG org.apache.http.client.protocol.RequestTargetAuthentication - Target auth state: UNCHALLENGED
14:49:36.417 [main] DEBUG org.apache.http.client.protocol.RequestProxyAuthentication - Proxy auth state: UNCHALLENGED
14:49:36.417 [main] DEBUG org.apache.http.impl.client.DefaultHttpClient - Attempt 1 to execute request
14:49:36.417 [main] DEBUG org.apache.http.impl.conn.DefaultClientConnection - Sending request: GET /api/hello HTTP/1.1
14:49:36.418 [main] DEBUG org.apache.http.wire -  >> "GET /api/hello HTTP/1.1[\r][\n]"
14:49:36.418 [main] DEBUG org.apache.http.wire -  >> "Accept: */*[\r][\n]"
14:49:36.418 [main] DEBUG org.apache.http.wire -  >> "Host: altashop-api.fly.dev[\r][\n]"
14:49:36.418 [main] DEBUG org.apache.http.wire -  >> "Connection: Keep-Alive[\r][\n]"
14:49:36.418 [main] DEBUG org.apache.http.wire -  >> "User-Agent: Apache-HttpClient/4.5.13 (Java/11.0.15.1)[\r][\n]"
14:49:36.418 [main] DEBUG org.apache.http.wire -  >> "Accept-Encoding: gzip,deflate[\r][\n]"
14:49:36.419 [main] DEBUG org.apache.http.wire -  >> "[\r][\n]"
14:49:36.419 [main] DEBUG org.apache.http.headers - >> GET /api/hello HTTP/1.1
14:49:36.419 [main] DEBUG org.apache.http.headers - >> Accept: */*
14:49:36.419 [main] DEBUG org.apache.http.headers - >> Host: altashop-api.fly.dev
14:49:36.419 [main] DEBUG org.apache.http.headers - >> Connection: Keep-Alive
14:49:36.419 [main] DEBUG org.apache.http.headers - >> User-Agent: Apache-HttpClient/4.5.13 (Java/11.0.15.1)
14:49:36.419 [main] DEBUG org.apache.http.headers - >> Accept-Encoding: gzip,deflate
14:49:36.445 [main] DEBUG org.apache.http.wire -  << "HTTP/1.1 200 OK[\r][\n]"
14:49:36.446 [main] DEBUG org.apache.http.wire -  << "content-type: application/json[\r][\n]"
14:49:36.446 [main] DEBUG org.apache.http.wire -  << "date: Mon, 08 May 2023 07:49:35 GMT[\r][\n]"
14:49:36.446 [main] DEBUG org.apache.http.wire -  << "content-encoding: gzip[\r][\n]"
14:49:36.446 [main] DEBUG org.apache.http.wire -  << "transfer-encoding: chunked[\r][\n]"
14:49:36.446 [main] DEBUG org.apache.http.wire -  << "server: Fly/3f2597ca (2023-05-03)[\r][\n]"
14:49:36.446 [main] DEBUG org.apache.http.wire -  << "via: 1.1 fly.io[\r][\n]"
14:49:36.446 [main] DEBUG org.apache.http.wire -  << "fly-request-id: 01GZX5CP9FJ9B9XF6NA02FAR1W-sin[\r][\n]"
14:49:36.446 [main] DEBUG org.apache.http.wire -  << "[\r][\n]"
14:49:36.447 [main] DEBUG org.apache.http.impl.conn.DefaultClientConnection - Receiving response: HTTP/1.1 200 OK
14:49:36.447 [main] DEBUG org.apache.http.headers - << HTTP/1.1 200 OK
14:49:36.447 [main] DEBUG org.apache.http.headers - << content-type: application/json
14:49:36.447 [main] DEBUG org.apache.http.headers - << date: Mon, 08 May 2023 07:49:35 GMT
14:49:36.447 [main] DEBUG org.apache.http.headers - << content-encoding: gzip
14:49:36.447 [main] DEBUG org.apache.http.headers - << transfer-encoding: chunked
14:49:36.447 [main] DEBUG org.apache.http.headers - << server: Fly/3f2597ca (2023-05-03)
14:49:36.447 [main] DEBUG org.apache.http.headers - << via: 1.1 fly.io
14:49:36.447 [main] DEBUG org.apache.http.headers - << fly-request-id: 01GZX5CP9FJ9B9XF6NA02FAR1W-sin
14:49:36.450 [main] DEBUG org.apache.http.impl.client.DefaultHttpClient - Connection can be kept alive indefinitely
14:49:36.453 [main] DEBUG io.restassured.internal.RestAssuredHttpBuilder - Parsing response as: application/json
14:49:36.453 [main] DEBUG org.apache.http.wire -  << "25[\r][\n]"
14:49:36.453 [main] DEBUG org.apache.http.wire -  << "[0x1f][0x8b][0x8][0x0][0x0][0x0][0x0][0x0][0x4][0xff][0xab]VJI,IT[0xb2]R[0xca]H[0xcd][0xc9][0xc9]W[0xaa][0xe5][0x2][0x0][0xfd][0x95][0xfe]N[0x11][0x0][0x0][0x0]"
14:49:36.453 [main] DEBUG org.apache.http.wire -  << "[\r][\n]"
14:49:36.453 [main] DEBUG org.apache.http.wire -  << "0[\r][\n]"
14:49:36.454 [main] DEBUG org.apache.http.wire -  << "[\r][\n]"
14:49:36.454 [main] DEBUG io.restassured.internal.RestAssuredHttpBuilder - Parsed data to instance of: class org.apache.http.conn.EofSensorInputStream
14:49:36.479 [main] DEBUG org.apache.http.impl.conn.BasicClientConnectionManager - Releasing connection org.apache.http.impl.conn.ManagedClientConnectionImpl@28dacf31
14:49:36.479 [main] DEBUG org.apache.http.impl.conn.BasicClientConnectionManager - Connection can be kept alive indefinitely
14:49:36.497 [main] DEBUG net.thucydides.core.steps.StepInterceptor - STEP DONE: I send GET HTTP request hello
  &amp#27;[32mWhen &amp#27;[0m&amp#27;[32mI send GET HTTP request hello&amp#27;[0m                  &amp#27;[90m# starter.stepdefinitions.HelloSteps.sendGetHttpRequestHello()&amp#27;[0m
14:49:36.511 [main] DEBUG net.thucydides.core.steps.StepInterceptor - STARTING STEP: CommentSteps.receiveValidHttp200Rating - I receive valid HTTP response code 200 comment
14:49:36.537 [main] DEBUG net.thucydides.core.steps.StepInterceptor - STEP DONE: I receive valid HTTP response code 200 comment
  &amp#27;[32mThen &amp#27;[0m&amp#27;[32mI receive valid HTTP response code 200 comment&amp#27;[0m &amp#27;[90m# starter.stepdefinitions.CommentSteps.receiveValidHttp200Rating()&amp#27;[0m
14:49:36.543 [main] INFO  - 
  _____   ___   ___   _____     ___     _     ___   ___   ___   ___  
 |_   _| | __| / __| |_   _|   | _ \   /_\   / __| / __| | __| |   \ 
   | |   | _|  \__ \   | |     |  _/  / _ \  \__ \ \__ \ | _|  | |) |
   |_|   |___| |___/   |_|     |_|   /_/ \_\ |___/ |___/ |___| |___/ 

GET - Get hello with correct endpoints
----------------------------------------------------------------------
]]></system-out>
  </testcase>
  <testcase name="POST - Register with valid data" classname="Register" time="0.17">
    <system-out><![CDATA[14:49:36.561 [main] DEBUG io.cucumber.core.plugin.SerenityReporter - Running feature from file:///E:/APIMinpro/API/minpro/src/test/resources/features/1.%20Register.feature
14:49:36.564 [main] DEBUG net.thucydides.core.steps.StepEventBus - Test suite started for story net.thucydides.core.model.Story@773abe6e
14:49:36.565 [main] INFO  - Test Suite Started: Register

Scenario: POST - Register with valid data              &amp#27;[90m# src/test/resources/features/1. Register.feature:7&amp#27;[0m
14:49:36.576 [main] DEBUG io.cucumber.core.plugin.SerenityReporter - Running feature from file:///E:/APIMinpro/API/minpro/src/test/resources/features/1.%20Register.feature
14:49:36.577 [main] INFO  - 
  _____   ___   ___   _____     ___   _____     _     ___   _____   ___   ___  
 |_   _| | __| / __| |_   _|   / __| |_   _|   /_\   | _ \ |_   _| | __| |   \ 
   | |   | _|  \__ \   | |     \__ \   | |    / _ \  |   /   | |   | _|  | |) |
   |_|   |___| |___/   |_|     |___/   |_|   /_/ \_\ |_|_\   |_|   |___| |___/ 

POST - Register with valid data(register;post---register-with-valid-data)
--------------------------------------------------------------------------------
14:49:36.592 [main] DEBUG net.thucydides.core.steps.StepInterceptor - STARTING STEP: RegisterSteps.setPostApiEndpointsRegister - I set POST api endpoints register
14:49:36.592 [main] DEBUG net.thucydides.core.steps.StepInterceptor - STEP DONE: I set POST api endpoints register
  &amp#27;[32mGiven &amp#27;[0m&amp#27;[32mI set POST api endpoints register&amp#27;[0m              &amp#27;[90m# starter.stepdefinitions.RegisterSteps.setPostApiEndpointsRegister()&amp#27;[0m
14:49:36.596 [main] DEBUG net.thucydides.core.steps.StepInterceptor - STARTING STEP: RegisterSteps.sendPostHttpRequestRegister - I send POST HTTP request register
14:49:36.602 [main] DEBUG net.thucydides.core.steps.StepInterceptor - STARTING STEP: Register.sendPostHttpRequestRegister - I set POST api endpoints register
14:49:36.602 [main] DEBUG net.thucydides.core.steps.StepInterceptor - STEP DONE: I set POST api endpoints register
14:49:36.628 [main] DEBUG org.apache.http.impl.conn.BasicClientConnectionManager - Get connection for route {s}->https://altashop-api.fly.dev:443
14:49:36.628 [main] DEBUG org.apache.http.impl.conn.DefaultClientConnectionOperator - Connecting to altashop-api.fly.dev:443
14:49:36.704 [main] DEBUG org.apache.http.client.protocol.RequestAddCookies - CookieSpec selected: ignoreCookies
14:49:36.704 [main] DEBUG org.apache.http.client.protocol.RequestAuthCache - Auth cache not set in the context
14:49:36.704 [main] DEBUG org.apache.http.client.protocol.RequestTargetAuthentication - Target auth state: UNCHALLENGED
14:49:36.704 [main] DEBUG org.apache.http.client.protocol.RequestProxyAuthentication - Proxy auth state: UNCHALLENGED
14:49:36.704 [main] DEBUG org.apache.http.impl.client.DefaultHttpClient - Attempt 1 to execute request
14:49:36.704 [main] DEBUG org.apache.http.impl.conn.DefaultClientConnection - Sending request: POST /api/auth/register HTTP/1.1
14:49:36.704 [main] DEBUG org.apache.http.wire -  >> "POST /api/auth/register HTTP/1.1[\r][\n]"
14:49:36.704 [main] DEBUG org.apache.http.wire -  >> "Accept: */*[\r][\n]"
14:49:36.704 [main] DEBUG org.apache.http.wire -  >> "Content-Type: application/json[\r][\n]"
14:49:36.704 [main] DEBUG org.apache.http.wire -  >> "Content-Length: 143[\r][\n]"
14:49:36.704 [main] DEBUG org.apache.http.wire -  >> "Host: altashop-api.fly.dev[\r][\n]"
14:49:36.704 [main] DEBUG org.apache.http.wire -  >> "Connection: Keep-Alive[\r][\n]"
14:49:36.704 [main] DEBUG org.apache.http.wire -  >> "User-Agent: Apache-HttpClient/4.5.13 (Java/11.0.15.1)[\r][\n]"
14:49:36.704 [main] DEBUG org.apache.http.wire -  >> "Accept-Encoding: gzip,deflate[\r][\n]"
14:49:36.704 [main] DEBUG org.apache.http.wire -  >> "[\r][\n]"
14:49:36.704 [main] DEBUG org.apache.http.headers - >> POST /api/auth/register HTTP/1.1
14:49:36.704 [main] DEBUG org.apache.http.headers - >> Accept: */*
14:49:36.704 [main] DEBUG org.apache.http.headers - >> Content-Type: application/json
14:49:36.704 [main] DEBUG org.apache.http.headers - >> Content-Length: 143
14:49:36.704 [main] DEBUG org.apache.http.headers - >> Host: altashop-api.fly.dev
14:49:36.704 [main] DEBUG org.apache.http.headers - >> Connection: Keep-Alive
14:49:36.704 [main] DEBUG org.apache.http.headers - >> User-Agent: Apache-HttpClient/4.5.13 (Java/11.0.15.1)
14:49:36.704 [main] DEBUG org.apache.http.headers - >> Accept-Encoding: gzip,deflate
14:49:36.704 [main] DEBUG org.apache.http.wire -  >> "{"password":"123456","fullname":"aditya nugraha perdana","email":"adityaaaaaaaaaaaaaaaaaaaaaaaaaaaaaaaaaaaaaaaaaaaaaaaaaaaaaaaaaaci@gmail.com"}"
14:49:36.726 [main] DEBUG org.apache.http.wire -  << "HTTP/1.1 200 OK[\r][\n]"
14:49:36.726 [main] DEBUG org.apache.http.wire -  << "content-type: application/json[\r][\n]"
14:49:36.726 [main] DEBUG org.apache.http.wire -  << "date: Mon, 08 May 2023 07:49:35 GMT[\r][\n]"
14:49:36.726 [main] DEBUG org.apache.http.wire -  << "content-encoding: gzip[\r][\n]"
14:49:36.726 [main] DEBUG org.apache.http.wire -  << "transfer-encoding: chunked[\r][\n]"
14:49:36.726 [main] DEBUG org.apache.http.wire -  << "server: Fly/3f2597ca (2023-05-03)[\r][\n]"
14:49:36.726 [main] DEBUG org.apache.http.wire -  << "via: 1.1 fly.io[\r][\n]"
14:49:36.726 [main] DEBUG org.apache.http.wire -  << "fly-request-id: 01GZX5CPJC15CYM48R9CDB3JF6-sin[\r][\n]"
14:49:36.726 [main] DEBUG org.apache.http.wire -  << "[\r][\n]"
14:49:36.726 [main] DEBUG org.apache.http.impl.conn.DefaultClientConnection - Receiving response: HTTP/1.1 200 OK
14:49:36.726 [main] DEBUG org.apache.http.headers - << HTTP/1.1 200 OK
14:49:36.726 [main] DEBUG org.apache.http.headers - << content-type: application/json
14:49:36.726 [main] DEBUG org.apache.http.headers - << date: Mon, 08 May 2023 07:49:35 GMT
14:49:36.726 [main] DEBUG org.apache.http.headers - << content-encoding: gzip
14:49:36.726 [main] DEBUG org.apache.http.headers - << transfer-encoding: chunked
14:49:36.726 [main] DEBUG org.apache.http.headers - << server: Fly/3f2597ca (2023-05-03)
14:49:36.726 [main] DEBUG org.apache.http.headers - << via: 1.1 fly.io
14:49:36.726 [main] DEBUG org.apache.http.headers - << fly-request-id: 01GZX5CPJC15CYM48R9CDB3JF6-sin
14:49:36.726 [main] DEBUG org.apache.http.impl.client.DefaultHttpClient - Connection can be kept alive indefinitely
14:49:36.726 [main] DEBUG io.restassured.internal.RestAssuredHttpBuilder - Parsing response as: application/json
14:49:36.726 [main] DEBUG org.apache.http.wire -  << "79[\r][\n]"
14:49:36.726 [main] DEBUG org.apache.http.wire -  << "[0x1f][0x8b][0x8][0x0][0x0][0x0][0x0][0x0][0x4][0xff][0xab]VJI,IT[0xb2][0xaa]V[0xf2]tQ[0xb2]22403[0xd2]Qr+[0xcd][0xc9][0xc9]K[0xcc]MU[0xb2]RJL[0xc9],[0xa9]LT[0xc8]+M/J[0xcc]HT(H-JI[0xcc]KT[0xd2]Qr[0xcd]M[0xcc][0xcc][0x81]+H$[0x17]$g:[0xa4][0x83]L[0xd2]K[0xce][0xcf]U[0xd2]Q[\n]"
14:49:36.726 [main] DEBUG org.apache.http.wire -  << "H,..[0xcf]/JQ[0xb2]R242615S[0xaa][0xad][0xe5][0x2][0x0][0xd9]!F[0xe4][0xa4][0x0][0x0][0x0]"
14:49:36.726 [main] DEBUG org.apache.http.wire -  << "[\r][\n]"
14:49:36.727 [main] DEBUG org.apache.http.wire -  << "0[\r][\n]"
14:49:36.727 [main] DEBUG org.apache.http.wire -  << "[\r][\n]"
14:49:36.727 [main] DEBUG io.restassured.internal.RestAssuredHttpBuilder - Parsed data to instance of: class org.apache.http.conn.EofSensorInputStream
14:49:36.728 [main] DEBUG org.apache.http.impl.conn.BasicClientConnectionManager - Releasing connection org.apache.http.impl.conn.ManagedClientConnectionImpl@34070bd2
14:49:36.728 [main] DEBUG org.apache.http.impl.conn.BasicClientConnectionManager - Connection can be kept alive indefinitely
14:49:36.729 [main] DEBUG net.thucydides.core.steps.StepInterceptor - STEP DONE: I send POST HTTP request register
  &amp#27;[32mWhen &amp#27;[0m&amp#27;[32mI send POST HTTP request register&amp#27;[0m               &amp#27;[90m# starter.stepdefinitions.RegisterSteps.sendPostHttpRequestRegister()&amp#27;[0m
14:49:36.732 [main] DEBUG net.thucydides.core.steps.StepInterceptor - STARTING STEP: RegisterSteps.receiveValidHttp200Register - I receive valid HTTP response code 200 register
14:49:36.733 [main] DEBUG net.thucydides.core.steps.StepInterceptor - STEP DONE: I receive valid HTTP response code 200 register
  &amp#27;[32mThen &amp#27;[0m&amp#27;[32mI receive valid HTTP response code 200 register&amp#27;[0m &amp#27;[90m# starter.stepdefinitions.RegisterSteps.receiveValidHttp200Register()&amp#27;[0m
14:49:36.735 [main] INFO  - 
  _____   ___   ___   _____     ___     _     ___   ___   ___   ___  
 |_   _| | __| / __| |_   _|   | _ \   /_\   / __| / __| | __| |   \ 
   | |   | _|  \__ \   | |     |  _/  / _ \  \__ \ \__ \ | _|  | |) |
   |_|   |___| |___/   |_|     |_|   /_/ \_\ |___/ |___/ |___| |___/ 

POST - Register with valid data
----------------------------------------------------------------------
]]></system-out>
  </testcase>
  <testcase name="POST - Register without fullname" classname="Register" time="0.128">
    <system-out><![CDATA[
Scenario: POST - Register without fullname             &amp#27;[90m# src/test/resources/features/1. Register.feature:12&amp#27;[0m
14:49:36.744 [main] DEBUG io.cucumber.core.plugin.SerenityReporter - Running feature from file:///E:/APIMinpro/API/minpro/src/test/resources/features/1.%20Register.feature
14:49:36.746 [main] INFO  - 
  _____   ___   ___   _____     ___   _____     _     ___   _____   ___   ___  
 |_   _| | __| / __| |_   _|   / __| |_   _|   /_\   | _ \ |_   _| | __| |   \ 
   | |   | _|  \__ \   | |     \__ \   | |    / _ \  |   /   | |   | _|  | |) |
   |_|   |___| |___/   |_|     |___/   |_|   /_/ \_\ |_|_\   |_|   |___| |___/ 

POST - Register without fullname(register;post---register-without-fullname)
--------------------------------------------------------------------------------
14:49:36.756 [main] DEBUG net.thucydides.core.steps.StepInterceptor - STARTING STEP: RegisterSteps.setPostApiEndpointsRegister - I set POST api endpoints register
14:49:36.757 [main] DEBUG net.thucydides.core.steps.StepInterceptor - STEP DONE: I set POST api endpoints register
  &amp#27;[32mGiven &amp#27;[0m&amp#27;[32mI set POST api endpoints register&amp#27;[0m              &amp#27;[90m# starter.stepdefinitions.RegisterSteps.setPostApiEndpointsRegister()&amp#27;[0m
14:49:36.761 [main] DEBUG net.thucydides.core.steps.StepInterceptor - STARTING STEP: RegisterSteps.sendPostHttpRequestRegister2 - I send POST HTTP request register2
14:49:36.762 [main] DEBUG net.thucydides.core.steps.StepInterceptor - STARTING STEP: Register.sendPostHttpRequestRegister2 - I set POST api endpoints register
14:49:36.762 [main] DEBUG net.thucydides.core.steps.StepInterceptor - STEP DONE: I set POST api endpoints register
14:49:36.778 [main] DEBUG org.apache.http.impl.conn.BasicClientConnectionManager - Get connection for route {s}->https://altashop-api.fly.dev:443
14:49:36.778 [main] DEBUG org.apache.http.impl.conn.DefaultClientConnectionOperator - Connecting to altashop-api.fly.dev:443
14:49:36.835 [main] DEBUG org.apache.http.client.protocol.RequestAddCookies - CookieSpec selected: ignoreCookies
14:49:36.835 [main] DEBUG org.apache.http.client.protocol.RequestAuthCache - Auth cache not set in the context
14:49:36.835 [main] DEBUG org.apache.http.client.protocol.RequestTargetAuthentication - Target auth state: UNCHALLENGED
14:49:36.835 [main] DEBUG org.apache.http.client.protocol.RequestProxyAuthentication - Proxy auth state: UNCHALLENGED
14:49:36.835 [main] DEBUG org.apache.http.impl.client.DefaultHttpClient - Attempt 1 to execute request
14:49:36.835 [main] DEBUG org.apache.http.impl.conn.DefaultClientConnection - Sending request: POST /api/auth/register HTTP/1.1
14:49:36.835 [main] DEBUG org.apache.http.wire -  >> "POST /api/auth/register HTTP/1.1[\r][\n]"
14:49:36.835 [main] DEBUG org.apache.http.wire -  >> "Accept: */*[\r][\n]"
14:49:36.835 [main] DEBUG org.apache.http.wire -  >> "Content-Type: application/json[\r][\n]"
14:49:36.835 [main] DEBUG org.apache.http.wire -  >> "Content-Length: 62[\r][\n]"
14:49:36.835 [main] DEBUG org.apache.http.wire -  >> "Host: altashop-api.fly.dev[\r][\n]"
14:49:36.835 [main] DEBUG org.apache.http.wire -  >> "Connection: Keep-Alive[\r][\n]"
14:49:36.836 [main] DEBUG org.apache.http.wire -  >> "User-Agent: Apache-HttpClient/4.5.13 (Java/11.0.15.1)[\r][\n]"
14:49:36.836 [main] DEBUG org.apache.http.wire -  >> "Accept-Encoding: gzip,deflate[\r][\n]"
14:49:36.836 [main] DEBUG org.apache.http.wire -  >> "[\r][\n]"
14:49:36.836 [main] DEBUG org.apache.http.headers - >> POST /api/auth/register HTTP/1.1
14:49:36.836 [main] DEBUG org.apache.http.headers - >> Accept: */*
14:49:36.836 [main] DEBUG org.apache.http.headers - >> Content-Type: application/json
14:49:36.836 [main] DEBUG org.apache.http.headers - >> Content-Length: 62
14:49:36.836 [main] DEBUG org.apache.http.headers - >> Host: altashop-api.fly.dev
14:49:36.836 [main] DEBUG org.apache.http.headers - >> Connection: Keep-Alive
14:49:36.836 [main] DEBUG org.apache.http.headers - >> User-Agent: Apache-HttpClient/4.5.13 (Java/11.0.15.1)
14:49:36.836 [main] DEBUG org.apache.http.headers - >> Accept-Encoding: gzip,deflate
14:49:36.836 [main] DEBUG org.apache.http.wire -  >> "{"password":"123456","fullname":"","email":"aditya@gmail.com"}"
14:49:36.856 [main] DEBUG org.apache.http.wire -  << "HTTP/1.1 400 Bad Request[\r][\n]"
14:49:36.856 [main] DEBUG org.apache.http.wire -  << "content-type: application/json[\r][\n]"
14:49:36.856 [main] DEBUG org.apache.http.wire -  << "date: Mon, 08 May 2023 07:49:36 GMT[\r][\n]"
14:49:36.856 [main] DEBUG org.apache.http.wire -  << "content-encoding: gzip[\r][\n]"
14:49:36.856 [main] DEBUG org.apache.http.wire -  << "transfer-encoding: chunked[\r][\n]"
14:49:36.856 [main] DEBUG org.apache.http.wire -  << "server: Fly/3f2597ca (2023-05-03)[\r][\n]"
14:49:36.856 [main] DEBUG org.apache.http.wire -  << "via: 1.1 fly.io[\r][\n]"
14:49:36.856 [main] DEBUG org.apache.http.wire -  << "fly-request-id: 01GZX5CPPE0STBZC22B0S810TC-sin[\r][\n]"
14:49:36.856 [main] DEBUG org.apache.http.wire -  << "[\r][\n]"
14:49:36.856 [main] DEBUG org.apache.http.impl.conn.DefaultClientConnection - Receiving response: HTTP/1.1 400 Bad Request
14:49:36.856 [main] DEBUG org.apache.http.headers - << HTTP/1.1 400 Bad Request
14:49:36.856 [main] DEBUG org.apache.http.headers - << content-type: application/json
14:49:36.856 [main] DEBUG org.apache.http.headers - << date: Mon, 08 May 2023 07:49:36 GMT
14:49:36.856 [main] DEBUG org.apache.http.headers - << content-encoding: gzip
14:49:36.856 [main] DEBUG org.apache.http.headers - << transfer-encoding: chunked
14:49:36.856 [main] DEBUG org.apache.http.headers - << server: Fly/3f2597ca (2023-05-03)
14:49:36.856 [main] DEBUG org.apache.http.headers - << via: 1.1 fly.io
14:49:36.856 [main] DEBUG org.apache.http.headers - << fly-request-id: 01GZX5CPPE0STBZC22B0S810TC-sin
14:49:36.856 [main] DEBUG org.apache.http.impl.client.DefaultHttpClient - Connection can be kept alive indefinitely
14:49:36.856 [main] DEBUG io.restassured.internal.RestAssuredHttpBuilder - Parsing response as: application/json
14:49:36.856 [main] DEBUG org.apache.http.wire -  << "35[\r][\n]"
14:49:36.857 [main] DEBUG org.apache.http.wire -  << "[0x1f][0x8b][0x8][0x0][0x0][0x0][0x0][0x0][0x4][0xff][0xab]VJ-*[0xca]/R[0xb2]RJ+[0xcd][0xc9][0xc9]K[0xcc]MU[0xc8],V(J-,[0xcd],JMQ[0xaa][0xe5][0x2][0x0]ok4[0xc9]![0x0][0x0][0x0]"
14:49:36.857 [main] DEBUG org.apache.http.wire -  << "[\r][\n]"
14:49:36.857 [main] DEBUG org.apache.http.wire -  << "0[\r][\n]"
14:49:36.857 [main] DEBUG org.apache.http.wire -  << "[\r][\n]"
14:49:36.857 [main] DEBUG io.restassured.internal.RestAssuredHttpBuilder - Parsed data to instance of: class org.apache.http.conn.EofSensorInputStream
14:49:36.858 [main] DEBUG org.apache.http.impl.conn.BasicClientConnectionManager - Releasing connection org.apache.http.impl.conn.ManagedClientConnectionImpl@af3295f
14:49:36.858 [main] DEBUG org.apache.http.impl.conn.BasicClientConnectionManager - Connection can be kept alive indefinitely
14:49:36.858 [main] DEBUG net.thucydides.core.steps.StepInterceptor - STEP DONE: I send POST HTTP request register2
  &amp#27;[32mWhen &amp#27;[0m&amp#27;[32mI send POST HTTP request register2&amp#27;[0m              &amp#27;[90m# starter.stepdefinitions.RegisterSteps.sendPostHttpRequestRegister2()&amp#27;[0m
14:49:36.861 [main] DEBUG net.thucydides.core.steps.StepInterceptor - STARTING STEP: RegisterSteps.receiveValidHttp400Register - I receive valid HTTP response code 400 register
14:49:36.861 [main] DEBUG net.thucydides.core.steps.StepInterceptor - STEP DONE: I receive valid HTTP response code 400 register
  &amp#27;[32mThen &amp#27;[0m&amp#27;[32mI receive valid HTTP response code 400 register&amp#27;[0m &amp#27;[90m# starter.stepdefinitions.RegisterSteps.receiveValidHttp400Register()&amp#27;[0m
14:49:36.863 [main] INFO  - 
  _____   ___   ___   _____     ___     _     ___   ___   ___   ___  
 |_   _| | __| / __| |_   _|   | _ \   /_\   / __| / __| | __| |   \ 
   | |   | _|  \__ \   | |     |  _/  / _ \  \__ \ \__ \ | _|  | |) |
   |_|   |___| |___/   |_|     |_|   /_/ \_\ |___/ |___/ |___| |___/ 

POST - Register without fullname
----------------------------------------------------------------------
]]></system-out>
  </testcase>
  <testcase name="POST - Register without email" classname="Register" time="0.121">
    <system-out><![CDATA[
Scenario: POST - Register without email                &amp#27;[90m# src/test/resources/features/1. Register.feature:17&amp#27;[0m
14:49:36.870 [main] DEBUG io.cucumber.core.plugin.SerenityReporter - Running feature from file:///E:/APIMinpro/API/minpro/src/test/resources/features/1.%20Register.feature
14:49:36.872 [main] INFO  - 
  _____   ___   ___   _____     ___   _____     _     ___   _____   ___   ___  
 |_   _| | __| / __| |_   _|   / __| |_   _|   /_\   | _ \ |_   _| | __| |   \ 
   | |   | _|  \__ \   | |     \__ \   | |    / _ \  |   /   | |   | _|  | |) |
   |_|   |___| |___/   |_|     |___/   |_|   /_/ \_\ |_|_\   |_|   |___| |___/ 

POST - Register without email(register;post---register-without-email)
--------------------------------------------------------------------------------
14:49:36.880 [main] DEBUG net.thucydides.core.steps.StepInterceptor - STARTING STEP: RegisterSteps.setPostApiEndpointsRegister - I set POST api endpoints register
14:49:36.880 [main] DEBUG net.thucydides.core.steps.StepInterceptor - STEP DONE: I set POST api endpoints register
  &amp#27;[32mGiven &amp#27;[0m&amp#27;[32mI set POST api endpoints register&amp#27;[0m              &amp#27;[90m# starter.stepdefinitions.RegisterSteps.setPostApiEndpointsRegister()&amp#27;[0m
14:49:36.883 [main] DEBUG net.thucydides.core.steps.StepInterceptor - STARTING STEP: RegisterSteps.sendPostHttpRequestRegister3 - I send POST HTTP request register3
14:49:36.884 [main] DEBUG net.thucydides.core.steps.StepInterceptor - STARTING STEP: Register.sendPostHttpRequestRegister3 - I set POST api endpoints register
14:49:36.884 [main] DEBUG net.thucydides.core.steps.StepInterceptor - STEP DONE: I set POST api endpoints register
14:49:36.898 [main] DEBUG org.apache.http.impl.conn.BasicClientConnectionManager - Get connection for route {s}->https://altashop-api.fly.dev:443
14:49:36.898 [main] DEBUG org.apache.http.impl.conn.DefaultClientConnectionOperator - Connecting to altashop-api.fly.dev:443
14:49:36.956 [main] DEBUG org.apache.http.client.protocol.RequestAddCookies - CookieSpec selected: ignoreCookies
14:49:36.956 [main] DEBUG org.apache.http.client.protocol.RequestAuthCache - Auth cache not set in the context
14:49:36.956 [main] DEBUG org.apache.http.client.protocol.RequestTargetAuthentication - Target auth state: UNCHALLENGED
14:49:36.956 [main] DEBUG org.apache.http.client.protocol.RequestProxyAuthentication - Proxy auth state: UNCHALLENGED
14:49:36.956 [main] DEBUG org.apache.http.impl.client.DefaultHttpClient - Attempt 1 to execute request
14:49:36.956 [main] DEBUG org.apache.http.impl.conn.DefaultClientConnection - Sending request: POST /api/auth/register HTTP/1.1
14:49:36.956 [main] DEBUG org.apache.http.wire -  >> "POST /api/auth/register HTTP/1.1[\r][\n]"
14:49:36.956 [main] DEBUG org.apache.http.wire -  >> "Accept: */*[\r][\n]"
14:49:36.956 [main] DEBUG org.apache.http.wire -  >> "Content-Type: application/json[\r][\n]"
14:49:36.956 [main] DEBUG org.apache.http.wire -  >> "Content-Length: 68[\r][\n]"
14:49:36.956 [main] DEBUG org.apache.http.wire -  >> "Host: altashop-api.fly.dev[\r][\n]"
14:49:36.956 [main] DEBUG org.apache.http.wire -  >> "Connection: Keep-Alive[\r][\n]"
14:49:36.956 [main] DEBUG org.apache.http.wire -  >> "User-Agent: Apache-HttpClient/4.5.13 (Java/11.0.15.1)[\r][\n]"
14:49:36.956 [main] DEBUG org.apache.http.wire -  >> "Accept-Encoding: gzip,deflate[\r][\n]"
14:49:36.956 [main] DEBUG org.apache.http.wire -  >> "[\r][\n]"
14:49:36.957 [main] DEBUG org.apache.http.headers - >> POST /api/auth/register HTTP/1.1
14:49:36.957 [main] DEBUG org.apache.http.headers - >> Accept: */*
14:49:36.957 [main] DEBUG org.apache.http.headers - >> Content-Type: application/json
14:49:36.957 [main] DEBUG org.apache.http.headers - >> Content-Length: 68
14:49:36.957 [main] DEBUG org.apache.http.headers - >> Host: altashop-api.fly.dev
14:49:36.957 [main] DEBUG org.apache.http.headers - >> Connection: Keep-Alive
14:49:36.957 [main] DEBUG org.apache.http.headers - >> User-Agent: Apache-HttpClient/4.5.13 (Java/11.0.15.1)
14:49:36.957 [main] DEBUG org.apache.http.headers - >> Accept-Encoding: gzip,deflate
14:49:36.957 [main] DEBUG org.apache.http.wire -  >> "{"password":"123456","fullname":"aditya nugraha perdana","email":""}"
14:49:36.976 [main] DEBUG org.apache.http.wire -  << "HTTP/1.1 400 Bad Request[\r][\n]"
14:49:36.976 [main] DEBUG org.apache.http.wire -  << "content-type: application/json[\r][\n]"
14:49:36.976 [main] DEBUG org.apache.http.wire -  << "date: Mon, 08 May 2023 07:49:36 GMT[\r][\n]"
14:49:36.977 [main] DEBUG org.apache.http.wire -  << "content-encoding: gzip[\r][\n]"
14:49:36.977 [main] DEBUG org.apache.http.wire -  << "transfer-encoding: chunked[\r][\n]"
14:49:36.977 [main] DEBUG org.apache.http.wire -  << "server: Fly/3f2597ca (2023-05-03)[\r][\n]"
14:49:36.977 [main] DEBUG org.apache.http.wire -  << "via: 1.1 fly.io[\r][\n]"
14:49:36.977 [main] DEBUG org.apache.http.wire -  << "fly-request-id: 01GZX5CPT969E8WPVF8WD2QXA2-sin[\r][\n]"
14:49:36.977 [main] DEBUG org.apache.http.wire -  << "[\r][\n]"
14:49:36.977 [main] DEBUG org.apache.http.impl.conn.DefaultClientConnection - Receiving response: HTTP/1.1 400 Bad Request
14:49:36.977 [main] DEBUG org.apache.http.headers - << HTTP/1.1 400 Bad Request
14:49:36.977 [main] DEBUG org.apache.http.headers - << content-type: application/json
14:49:36.977 [main] DEBUG org.apache.http.headers - << date: Mon, 08 May 2023 07:49:36 GMT
14:49:36.977 [main] DEBUG org.apache.http.headers - << content-encoding: gzip
14:49:36.977 [main] DEBUG org.apache.http.headers - << transfer-encoding: chunked
14:49:36.977 [main] DEBUG org.apache.http.headers - << server: Fly/3f2597ca (2023-05-03)
14:49:36.977 [main] DEBUG org.apache.http.headers - << via: 1.1 fly.io
14:49:36.977 [main] DEBUG org.apache.http.headers - << fly-request-id: 01GZX5CPT969E8WPVF8WD2QXA2-sin
14:49:36.977 [main] DEBUG org.apache.http.impl.client.DefaultHttpClient - Connection can be kept alive indefinitely
14:49:36.977 [main] DEBUG io.restassured.internal.RestAssuredHttpBuilder - Parsing response as: application/json
14:49:36.977 [main] DEBUG org.apache.http.wire -  << "32[\r][\n]"
14:49:36.977 [main] DEBUG org.apache.http.wire -  << "[0x1f][0x8b][0x8][0x0][0x0][0x0][0x0][0x0][0x4][0xff][0xab]VJ-*[0xca]/R[0xb2]RJ[0xcd]M[0xcc][0xcc]Q[0xc8],V(J-,[0xcd],JMQ[0xaa][0xe5][0x2][0x0]&[0xe3][0xaa]j[0x1e][0x0][0x0][0x0]"
14:49:36.977 [main] DEBUG org.apache.http.wire -  << "[\r][\n]"
14:49:36.977 [main] DEBUG org.apache.http.wire -  << "0[\r][\n]"
14:49:36.977 [main] DEBUG org.apache.http.wire -  << "[\r][\n]"
14:49:36.977 [main] DEBUG io.restassured.internal.RestAssuredHttpBuilder - Parsed data to instance of: class org.apache.http.conn.EofSensorInputStream
14:49:36.978 [main] DEBUG org.apache.http.impl.conn.BasicClientConnectionManager - Releasing connection org.apache.http.impl.conn.ManagedClientConnectionImpl@399c408c
14:49:36.978 [main] DEBUG org.apache.http.impl.conn.BasicClientConnectionManager - Connection can be kept alive indefinitely
14:49:36.979 [main] DEBUG net.thucydides.core.steps.StepInterceptor - STEP DONE: I send POST HTTP request register3
  &amp#27;[32mWhen &amp#27;[0m&amp#27;[32mI send POST HTTP request register3&amp#27;[0m              &amp#27;[90m# starter.stepdefinitions.RegisterSteps.sendPostHttpRequestRegister3()&amp#27;[0m
14:49:36.981 [main] DEBUG net.thucydides.core.steps.StepInterceptor - STARTING STEP: RegisterSteps.receiveValidHttp400Register - I receive valid HTTP response code 400 register
14:49:36.982 [main] DEBUG net.thucydides.core.steps.StepInterceptor - STEP DONE: I receive valid HTTP response code 400 register
  &amp#27;[32mThen &amp#27;[0m&amp#27;[32mI receive valid HTTP response code 400 register&amp#27;[0m &amp#27;[90m# starter.stepdefinitions.RegisterSteps.receiveValidHttp400Register()&amp#27;[0m
14:49:36.984 [main] INFO  - 
  _____   ___   ___   _____     ___     _     ___   ___   ___   ___  
 |_   _| | __| / __| |_   _|   | _ \   /_\   / __| / __| | __| |   \ 
   | |   | _|  \__ \   | |     |  _/  / _ \  \__ \ \__ \ | _|  | |) |
   |_|   |___| |___/   |_|     |_|   /_/ \_\ |___/ |___/ |___| |___/ 

POST - Register without email
----------------------------------------------------------------------
]]></system-out>
  </testcase>
  <testcase name="POST - Register without password" classname="Register" time="0.105">
    <system-out><![CDATA[
Scenario: POST - Register without password             &amp#27;[90m# src/test/resources/features/1. Register.feature:22&amp#27;[0m
14:49:36.990 [main] DEBUG io.cucumber.core.plugin.SerenityReporter - Running feature from file:///E:/APIMinpro/API/minpro/src/test/resources/features/1.%20Register.feature
14:49:36.993 [main] INFO  - 
  _____   ___   ___   _____     ___   _____     _     ___   _____   ___   ___  
 |_   _| | __| / __| |_   _|   / __| |_   _|   /_\   | _ \ |_   _| | __| |   \ 
   | |   | _|  \__ \   | |     \__ \   | |    / _ \  |   /   | |   | _|  | |) |
   |_|   |___| |___/   |_|     |___/   |_|   /_/ \_\ |_|_\   |_|   |___| |___/ 

POST - Register without password(register;post---register-without-password)
--------------------------------------------------------------------------------
14:49:37.000 [main] DEBUG net.thucydides.core.steps.StepInterceptor - STARTING STEP: RegisterSteps.setPostApiEndpointsRegister - I set POST api endpoints register
14:49:37.000 [main] DEBUG net.thucydides.core.steps.StepInterceptor - STEP DONE: I set POST api endpoints register
  &amp#27;[32mGiven &amp#27;[0m&amp#27;[32mI set POST api endpoints register&amp#27;[0m              &amp#27;[90m# starter.stepdefinitions.RegisterSteps.setPostApiEndpointsRegister()&amp#27;[0m
14:49:37.002 [main] DEBUG net.thucydides.core.steps.StepInterceptor - STARTING STEP: RegisterSteps.sendPostHttpRequest4 - I send POST HTTP request register4
14:49:37.004 [main] DEBUG net.thucydides.core.steps.StepInterceptor - STARTING STEP: Register.sendPostHttpRequestRegister4 - I set POST api endpoints register
14:49:37.004 [main] DEBUG net.thucydides.core.steps.StepInterceptor - STEP DONE: I set POST api endpoints register
14:49:37.014 [main] DEBUG org.apache.http.impl.conn.BasicClientConnectionManager - Get connection for route {s}->https://altashop-api.fly.dev:443
14:49:37.014 [main] DEBUG org.apache.http.impl.conn.DefaultClientConnectionOperator - Connecting to altashop-api.fly.dev:443
14:49:37.061 [main] DEBUG org.apache.http.client.protocol.RequestAddCookies - CookieSpec selected: ignoreCookies
14:49:37.061 [main] DEBUG org.apache.http.client.protocol.RequestAuthCache - Auth cache not set in the context
14:49:37.061 [main] DEBUG org.apache.http.client.protocol.RequestTargetAuthentication - Target auth state: UNCHALLENGED
14:49:37.061 [main] DEBUG org.apache.http.client.protocol.RequestProxyAuthentication - Proxy auth state: UNCHALLENGED
14:49:37.062 [main] DEBUG org.apache.http.impl.client.DefaultHttpClient - Attempt 1 to execute request
14:49:37.062 [main] DEBUG org.apache.http.impl.conn.DefaultClientConnection - Sending request: POST /api/auth/register HTTP/1.1
14:49:37.062 [main] DEBUG org.apache.http.wire -  >> "POST /api/auth/register HTTP/1.1[\r][\n]"
14:49:37.062 [main] DEBUG org.apache.http.wire -  >> "Accept: */*[\r][\n]"
14:49:37.062 [main] DEBUG org.apache.http.wire -  >> "Content-Type: application/json[\r][\n]"
14:49:37.062 [main] DEBUG org.apache.http.wire -  >> "Content-Length: 78[\r][\n]"
14:49:37.062 [main] DEBUG org.apache.http.wire -  >> "Host: altashop-api.fly.dev[\r][\n]"
14:49:37.062 [main] DEBUG org.apache.http.wire -  >> "Connection: Keep-Alive[\r][\n]"
14:49:37.062 [main] DEBUG org.apache.http.wire -  >> "User-Agent: Apache-HttpClient/4.5.13 (Java/11.0.15.1)[\r][\n]"
14:49:37.062 [main] DEBUG org.apache.http.wire -  >> "Accept-Encoding: gzip,deflate[\r][\n]"
14:49:37.062 [main] DEBUG org.apache.http.wire -  >> "[\r][\n]"
14:49:37.062 [main] DEBUG org.apache.http.headers - >> POST /api/auth/register HTTP/1.1
14:49:37.062 [main] DEBUG org.apache.http.headers - >> Accept: */*
14:49:37.062 [main] DEBUG org.apache.http.headers - >> Content-Type: application/json
14:49:37.062 [main] DEBUG org.apache.http.headers - >> Content-Length: 78
14:49:37.062 [main] DEBUG org.apache.http.headers - >> Host: altashop-api.fly.dev
14:49:37.062 [main] DEBUG org.apache.http.headers - >> Connection: Keep-Alive
14:49:37.062 [main] DEBUG org.apache.http.headers - >> User-Agent: Apache-HttpClient/4.5.13 (Java/11.0.15.1)
14:49:37.062 [main] DEBUG org.apache.http.headers - >> Accept-Encoding: gzip,deflate
14:49:37.062 [main] DEBUG org.apache.http.wire -  >> "{"password":"","fullname":"aditya nugraha perdana","email":"aditya@gmail.com"}"
14:49:37.083 [main] DEBUG org.apache.http.wire -  << "HTTP/1.1 400 Bad Request[\r][\n]"
14:49:37.083 [main] DEBUG org.apache.http.wire -  << "content-type: application/json[\r][\n]"
14:49:37.083 [main] DEBUG org.apache.http.wire -  << "date: Mon, 08 May 2023 07:49:36 GMT[\r][\n]"
14:49:37.083 [main] DEBUG org.apache.http.wire -  << "content-encoding: gzip[\r][\n]"
14:49:37.083 [main] DEBUG org.apache.http.wire -  << "transfer-encoding: chunked[\r][\n]"
14:49:37.083 [main] DEBUG org.apache.http.wire -  << "server: Fly/3f2597ca (2023-05-03)[\r][\n]"
14:49:37.083 [main] DEBUG org.apache.http.wire -  << "via: 1.1 fly.io[\r][\n]"
14:49:37.083 [main] DEBUG org.apache.http.wire -  << "fly-request-id: 01GZX5CPXJDKNCDRN8KG99N89H-sin[\r][\n]"
14:49:37.083 [main] DEBUG org.apache.http.wire -  << "[\r][\n]"
14:49:37.083 [main] DEBUG org.apache.http.impl.conn.DefaultClientConnection - Receiving response: HTTP/1.1 400 Bad Request
14:49:37.083 [main] DEBUG org.apache.http.headers - << HTTP/1.1 400 Bad Request
14:49:37.083 [main] DEBUG org.apache.http.headers - << content-type: application/json
14:49:37.083 [main] DEBUG org.apache.http.headers - << date: Mon, 08 May 2023 07:49:36 GMT
14:49:37.083 [main] DEBUG org.apache.http.headers - << content-encoding: gzip
14:49:37.083 [main] DEBUG org.apache.http.headers - << transfer-encoding: chunked
14:49:37.083 [main] DEBUG org.apache.http.headers - << server: Fly/3f2597ca (2023-05-03)
14:49:37.083 [main] DEBUG org.apache.http.headers - << via: 1.1 fly.io
14:49:37.083 [main] DEBUG org.apache.http.headers - << fly-request-id: 01GZX5CPXJDKNCDRN8KG99N89H-sin
14:49:37.084 [main] DEBUG org.apache.http.impl.client.DefaultHttpClient - Connection can be kept alive indefinitely
14:49:37.084 [main] DEBUG io.restassured.internal.RestAssuredHttpBuilder - Parsing response as: application/json
14:49:37.084 [main] DEBUG org.apache.http.wire -  << "35[\r][\n]"
14:49:37.084 [main] DEBUG org.apache.http.wire -  << "[0x1f][0x8b][0x8][0x0][0x0][0x0][0x0][0x0][0x4][0xff][0xab]VJ-*[0xca]/R[0xb2]R*H,..[0xcf]/JQ[0xc8],V(J-,[0xcd],JMQ[0xaa][0xe5][0x2][0x0][0xb9][0x8f][0xe5][0xe0]![0x0][0x0][0x0]"
14:49:37.084 [main] DEBUG org.apache.http.wire -  << "[\r][\n]"
14:49:37.084 [main] DEBUG org.apache.http.wire -  << "0[\r][\n]"
14:49:37.084 [main] DEBUG org.apache.http.wire -  << "[\r][\n]"
14:49:37.084 [main] DEBUG io.restassured.internal.RestAssuredHttpBuilder - Parsed data to instance of: class org.apache.http.conn.EofSensorInputStream
14:49:37.085 [main] DEBUG org.apache.http.impl.conn.BasicClientConnectionManager - Releasing connection org.apache.http.impl.conn.ManagedClientConnectionImpl@7c0ff7a0
14:49:37.085 [main] DEBUG org.apache.http.impl.conn.BasicClientConnectionManager - Connection can be kept alive indefinitely
14:49:37.085 [main] DEBUG net.thucydides.core.steps.StepInterceptor - STEP DONE: I send POST HTTP request register4
  &amp#27;[32mWhen &amp#27;[0m&amp#27;[32mI send POST HTTP request register4&amp#27;[0m              &amp#27;[90m# starter.stepdefinitions.RegisterSteps.sendPostHttpRequest4()&amp#27;[0m
14:49:37.088 [main] DEBUG net.thucydides.core.steps.StepInterceptor - STARTING STEP: RegisterSteps.receiveValidHttp400Register - I receive valid HTTP response code 400 register
14:49:37.088 [main] DEBUG net.thucydides.core.steps.StepInterceptor - STEP DONE: I receive valid HTTP response code 400 register
  &amp#27;[32mThen &amp#27;[0m&amp#27;[32mI receive valid HTTP response code 400 register&amp#27;[0m &amp#27;[90m# starter.stepdefinitions.RegisterSteps.receiveValidHttp400Register()&amp#27;[0m
14:49:37.089 [main] INFO  - 
  _____   ___   ___   _____     ___     _     ___   ___   ___   ___  
 |_   _| | __| / __| |_   _|   | _ \   /_\   / __| / __| | __| |   \ 
   | |   | _|  \__ \   | |     |  _/  / _ \  \__ \ \__ \ | _|  | |) |
   |_|   |___| |___/   |_|     |_|   /_/ \_\ |___/ |___/ |___| |___/ 

POST - Register without password
----------------------------------------------------------------------
]]></system-out>
  </testcase>
  <testcase name="POST - Register with existed account" classname="Register" time="0.104">
    <system-out><![CDATA[
Scenario: POST - Register with existed account         &amp#27;[90m# src/test/resources/features/1. Register.feature:27&amp#27;[0m
14:49:37.095 [main] DEBUG io.cucumber.core.plugin.SerenityReporter - Running feature from file:///E:/APIMinpro/API/minpro/src/test/resources/features/1.%20Register.feature
14:49:37.097 [main] INFO  - 
  _____   ___   ___   _____     ___   _____     _     ___   _____   ___   ___  
 |_   _| | __| / __| |_   _|   / __| |_   _|   /_\   | _ \ |_   _| | __| |   \ 
   | |   | _|  \__ \   | |     \__ \   | |    / _ \  |   /   | |   | _|  | |) |
   |_|   |___| |___/   |_|     |___/   |_|   /_/ \_\ |_|_\   |_|   |___| |___/ 

POST - Register with existed account(register;post---register-with-existed-account)
--------------------------------------------------------------------------------
14:49:37.105 [main] DEBUG net.thucydides.core.steps.StepInterceptor - STARTING STEP: RegisterSteps.setPostApiEndpointsRegister - I set POST api endpoints register
14:49:37.105 [main] DEBUG net.thucydides.core.steps.StepInterceptor - STEP DONE: I set POST api endpoints register
  &amp#27;[32mGiven &amp#27;[0m&amp#27;[32mI set POST api endpoints register&amp#27;[0m              &amp#27;[90m# starter.stepdefinitions.RegisterSteps.setPostApiEndpointsRegister()&amp#27;[0m
14:49:37.108 [main] DEBUG net.thucydides.core.steps.StepInterceptor - STARTING STEP: RegisterSteps.sendPostHttpRequest5 - I send POST HTTP request register5
14:49:37.109 [main] DEBUG net.thucydides.core.steps.StepInterceptor - STARTING STEP: Register.sendPostHttpRequestRegister5 - I set POST api endpoints register
14:49:37.109 [main] DEBUG net.thucydides.core.steps.StepInterceptor - STEP DONE: I set POST api endpoints register
14:49:37.119 [main] DEBUG org.apache.http.impl.conn.BasicClientConnectionManager - Get connection for route {s}->https://altashop-api.fly.dev:443
14:49:37.119 [main] DEBUG org.apache.http.impl.conn.DefaultClientConnectionOperator - Connecting to altashop-api.fly.dev:443
14:49:37.165 [main] DEBUG org.apache.http.client.protocol.RequestAddCookies - CookieSpec selected: ignoreCookies
14:49:37.165 [main] DEBUG org.apache.http.client.protocol.RequestAuthCache - Auth cache not set in the context
14:49:37.165 [main] DEBUG org.apache.http.client.protocol.RequestTargetAuthentication - Target auth state: UNCHALLENGED
14:49:37.165 [main] DEBUG org.apache.http.client.protocol.RequestProxyAuthentication - Proxy auth state: UNCHALLENGED
14:49:37.165 [main] DEBUG org.apache.http.impl.client.DefaultHttpClient - Attempt 1 to execute request
14:49:37.165 [main] DEBUG org.apache.http.impl.conn.DefaultClientConnection - Sending request: POST /api/auth/register HTTP/1.1
14:49:37.165 [main] DEBUG org.apache.http.wire -  >> "POST /api/auth/register HTTP/1.1[\r][\n]"
14:49:37.165 [main] DEBUG org.apache.http.wire -  >> "Accept: */*[\r][\n]"
14:49:37.165 [main] DEBUG org.apache.http.wire -  >> "Content-Type: application/json[\r][\n]"
14:49:37.165 [main] DEBUG org.apache.http.wire -  >> "Content-Length: 65[\r][\n]"
14:49:37.165 [main] DEBUG org.apache.http.wire -  >> "Host: altashop-api.fly.dev[\r][\n]"
14:49:37.165 [main] DEBUG org.apache.http.wire -  >> "Connection: Keep-Alive[\r][\n]"
14:49:37.165 [main] DEBUG org.apache.http.wire -  >> "User-Agent: Apache-HttpClient/4.5.13 (Java/11.0.15.1)[\r][\n]"
14:49:37.165 [main] DEBUG org.apache.http.wire -  >> "Accept-Encoding: gzip,deflate[\r][\n]"
14:49:37.165 [main] DEBUG org.apache.http.wire -  >> "[\r][\n]"
14:49:37.165 [main] DEBUG org.apache.http.headers - >> POST /api/auth/register HTTP/1.1
14:49:37.165 [main] DEBUG org.apache.http.headers - >> Accept: */*
14:49:37.165 [main] DEBUG org.apache.http.headers - >> Content-Type: application/json
14:49:37.165 [main] DEBUG org.apache.http.headers - >> Content-Length: 65
14:49:37.165 [main] DEBUG org.apache.http.headers - >> Host: altashop-api.fly.dev
14:49:37.165 [main] DEBUG org.apache.http.headers - >> Connection: Keep-Alive
14:49:37.165 [main] DEBUG org.apache.http.headers - >> User-Agent: Apache-HttpClient/4.5.13 (Java/11.0.15.1)
14:49:37.165 [main] DEBUG org.apache.http.headers - >> Accept-Encoding: gzip,deflate
14:49:37.165 [main] DEBUG org.apache.http.wire -  >> "{"password":"adit123","fullname":"adit","email":"adit@gmail.com"}"
14:49:37.187 [main] DEBUG org.apache.http.wire -  << "HTTP/1.1 400 Bad Request[\r][\n]"
14:49:37.188 [main] DEBUG org.apache.http.wire -  << "content-type: application/json[\r][\n]"
14:49:37.188 [main] DEBUG org.apache.http.wire -  << "date: Mon, 08 May 2023 07:49:36 GMT[\r][\n]"
14:49:37.188 [main] DEBUG org.apache.http.wire -  << "content-encoding: gzip[\r][\n]"
14:49:37.188 [main] DEBUG org.apache.http.wire -  << "transfer-encoding: chunked[\r][\n]"
14:49:37.188 [main] DEBUG org.apache.http.wire -  << "server: Fly/3f2597ca (2023-05-03)[\r][\n]"
14:49:37.188 [main] DEBUG org.apache.http.wire -  << "via: 1.1 fly.io[\r][\n]"
14:49:37.188 [main] DEBUG org.apache.http.wire -  << "fly-request-id: 01GZX5CQ0SMXD7BBA4RPDTJTEM-sin[\r][\n]"
14:49:37.188 [main] DEBUG org.apache.http.wire -  << "[\r][\n]"
14:49:37.188 [main] DEBUG org.apache.http.impl.conn.DefaultClientConnection - Receiving response: HTTP/1.1 400 Bad Request
14:49:37.188 [main] DEBUG org.apache.http.headers - << HTTP/1.1 400 Bad Request
14:49:37.188 [main] DEBUG org.apache.http.headers - << content-type: application/json
14:49:37.188 [main] DEBUG org.apache.http.headers - << date: Mon, 08 May 2023 07:49:36 GMT
14:49:37.188 [main] DEBUG org.apache.http.headers - << content-encoding: gzip
14:49:37.188 [main] DEBUG org.apache.http.headers - << transfer-encoding: chunked
14:49:37.188 [main] DEBUG org.apache.http.headers - << server: Fly/3f2597ca (2023-05-03)
14:49:37.188 [main] DEBUG org.apache.http.headers - << via: 1.1 fly.io
14:49:37.188 [main] DEBUG org.apache.http.headers - << fly-request-id: 01GZX5CQ0SMXD7BBA4RPDTJTEM-sin
14:49:37.188 [main] DEBUG org.apache.http.impl.client.DefaultHttpClient - Connection can be kept alive indefinitely
14:49:37.188 [main] DEBUG io.restassured.internal.RestAssuredHttpBuilder - Parsing response as: application/json
14:49:37.188 [main] DEBUG org.apache.http.wire -  << "7B[\r][\n]"
14:49:37.188 [main] DEBUG org.apache.http.wire -  << "[0x1f][0x8b][0x8][0x0][0x0][0x0][0x0][0x0][0x4][0xff][0xab]VJ-*[0xca]/R[0xb2]Rr[\r][\n]"
14:49:37.188 [main] DEBUG org.apache.http.wire -  << "[0xf2][0xf][0xb2]RH)-[0xc8][0xc9]LN,IU[0xc8]N[0xad]T(K[0xcc])MU([0xcb][0xcc][0xcf]I,I-V([0xcd][0xcb],,MUH[0xce][0xcf]+.)J[0xcc][0xcc]+Q[0x88]Q*-N-*[0x8e]O[0xcd]M[0xcc][0xcc][0x89][0xcf]N[0xad][0x8c]QR[0xd0][0x8][0xe][0xf4][0x9][0xe]q[0xc]qU02650[0xd5]T[0xaa][0xe5][0x2][0x0][0x1a]G[0x13]pg[0x0][0x0][0x0]"
14:49:37.188 [main] DEBUG org.apache.http.wire -  << "[\r][\n]"
14:49:37.189 [main] DEBUG org.apache.http.wire -  << "0[\r][\n]"
14:49:37.189 [main] DEBUG org.apache.http.wire -  << "[\r][\n]"
14:49:37.189 [main] DEBUG io.restassured.internal.RestAssuredHttpBuilder - Parsed data to instance of: class org.apache.http.conn.EofSensorInputStream
14:49:37.189 [main] DEBUG org.apache.http.impl.conn.BasicClientConnectionManager - Releasing connection org.apache.http.impl.conn.ManagedClientConnectionImpl@378c48c1
14:49:37.189 [main] DEBUG org.apache.http.impl.conn.BasicClientConnectionManager - Connection can be kept alive indefinitely
14:49:37.190 [main] DEBUG net.thucydides.core.steps.StepInterceptor - STEP DONE: I send POST HTTP request register5
  &amp#27;[32mWhen &amp#27;[0m&amp#27;[32mI send POST HTTP request register5&amp#27;[0m              &amp#27;[90m# starter.stepdefinitions.RegisterSteps.sendPostHttpRequest5()&amp#27;[0m
14:49:37.192 [main] DEBUG net.thucydides.core.steps.StepInterceptor - STARTING STEP: RegisterSteps.receiveValidHttp400Register - I receive valid HTTP response code 400 register
14:49:37.192 [main] DEBUG net.thucydides.core.steps.StepInterceptor - STEP DONE: I receive valid HTTP response code 400 register
  &amp#27;[32mThen &amp#27;[0m&amp#27;[32mI receive valid HTTP response code 400 register&amp#27;[0m &amp#27;[90m# starter.stepdefinitions.RegisterSteps.receiveValidHttp400Register()&amp#27;[0m
14:49:37.194 [main] INFO  - 
  _____   ___   ___   _____     ___     _     ___   ___   ___   ___  
 |_   _| | __| / __| |_   _|   | _ \   /_\   / __| / __| | __| |   \ 
   | |   | _|  \__ \   | |     |  _/  / _ \  \__ \ \__ \ | _|  | |) |
   |_|   |___| |___/   |_|     |_|   /_/ \_\ |___/ |___/ |___| |___/ 

POST - Register with existed account
----------------------------------------------------------------------
]]></system-out>
  </testcase>
  <testcase name="POST - Login with valid credential" classname="Login" time="0.104">
    <system-out><![CDATA[14:49:37.194 [main] DEBUG io.cucumber.core.plugin.SerenityReporter - Running feature from file:///E:/APIMinpro/API/minpro/src/test/resources/features/2.%20Login.feature
14:49:37.196 [main] DEBUG net.thucydides.core.steps.StepEventBus - Test suite started for story net.thucydides.core.model.Story@86b1dd01
14:49:37.197 [main] INFO  - Test Suite Started: Login

Scenario: POST - Login with valid credential        &amp#27;[90m# src/test/resources/features/2. Login.feature:7&amp#27;[0m
14:49:37.203 [main] DEBUG io.cucumber.core.plugin.SerenityReporter - Running feature from file:///E:/APIMinpro/API/minpro/src/test/resources/features/2.%20Login.feature
14:49:37.204 [main] INFO  - 
  _____   ___   ___   _____     ___   _____     _     ___   _____   ___   ___  
 |_   _| | __| / __| |_   _|   / __| |_   _|   /_\   | _ \ |_   _| | __| |   \ 
   | |   | _|  \__ \   | |     \__ \   | |    / _ \  |   /   | |   | _|  | |) |
   |_|   |___| |___/   |_|     |___/   |_|   /_/ \_\ |_|_\   |_|   |___| |___/ 

POST - Login with valid credential(login;post---login-with-valid-credential)
--------------------------------------------------------------------------------
14:49:37.217 [main] DEBUG net.thucydides.core.steps.StepInterceptor - STARTING STEP: LoginSteps.setPostApiEndpointsLogin - I set POST api endpoints login
14:49:37.217 [main] DEBUG net.thucydides.core.steps.StepInterceptor - STEP DONE: I set POST api endpoints login
  &amp#27;[32mGiven &amp#27;[0m&amp#27;[32mI set POST api endpoints login&amp#27;[0m              &amp#27;[90m# starter.stepdefinitions.LoginSteps.setPostApiEndpointsLogin()&amp#27;[0m
14:49:37.220 [main] DEBUG net.thucydides.core.steps.StepInterceptor - STARTING STEP: LoginSteps.sendPostHttpRequestLogin - I send POST HTTP request login
14:49:37.221 [main] DEBUG net.thucydides.core.steps.StepInterceptor - STARTING STEP: Login.sendPostHttpRequestLogin - I set POST api endpoints login
14:49:37.221 [main] DEBUG net.thucydides.core.steps.StepInterceptor - STEP DONE: I set POST api endpoints login
14:49:37.231 [main] DEBUG org.apache.http.impl.conn.BasicClientConnectionManager - Get connection for route {s}->https://altashop-api.fly.dev:443
14:49:37.231 [main] DEBUG org.apache.http.impl.conn.DefaultClientConnectionOperator - Connecting to altashop-api.fly.dev:443
14:49:37.273 [main] DEBUG org.apache.http.client.protocol.RequestAddCookies - CookieSpec selected: ignoreCookies
14:49:37.274 [main] DEBUG org.apache.http.client.protocol.RequestAuthCache - Auth cache not set in the context
14:49:37.274 [main] DEBUG org.apache.http.client.protocol.RequestTargetAuthentication - Target auth state: UNCHALLENGED
14:49:37.274 [main] DEBUG org.apache.http.client.protocol.RequestProxyAuthentication - Proxy auth state: UNCHALLENGED
14:49:37.274 [main] DEBUG org.apache.http.impl.client.DefaultHttpClient - Attempt 1 to execute request
14:49:37.274 [main] DEBUG org.apache.http.impl.conn.DefaultClientConnection - Sending request: POST /api/auth/login HTTP/1.1
14:49:37.274 [main] DEBUG org.apache.http.wire -  >> "POST /api/auth/login HTTP/1.1[\r][\n]"
14:49:37.274 [main] DEBUG org.apache.http.wire -  >> "Accept: */*[\r][\n]"
14:49:37.274 [main] DEBUG org.apache.http.wire -  >> "Content-Type: application/json[\r][\n]"
14:49:37.274 [main] DEBUG org.apache.http.wire -  >> "Content-Length: 47[\r][\n]"
14:49:37.274 [main] DEBUG org.apache.http.wire -  >> "Host: altashop-api.fly.dev[\r][\n]"
14:49:37.274 [main] DEBUG org.apache.http.wire -  >> "Connection: Keep-Alive[\r][\n]"
14:49:37.274 [main] DEBUG org.apache.http.wire -  >> "User-Agent: Apache-HttpClient/4.5.13 (Java/11.0.15.1)[\r][\n]"
14:49:37.274 [main] DEBUG org.apache.http.wire -  >> "Accept-Encoding: gzip,deflate[\r][\n]"
14:49:37.274 [main] DEBUG org.apache.http.wire -  >> "[\r][\n]"
14:49:37.274 [main] DEBUG org.apache.http.headers - >> POST /api/auth/login HTTP/1.1
14:49:37.274 [main] DEBUG org.apache.http.headers - >> Accept: */*
14:49:37.274 [main] DEBUG org.apache.http.headers - >> Content-Type: application/json
14:49:37.274 [main] DEBUG org.apache.http.headers - >> Content-Length: 47
14:49:37.274 [main] DEBUG org.apache.http.headers - >> Host: altashop-api.fly.dev
14:49:37.274 [main] DEBUG org.apache.http.headers - >> Connection: Keep-Alive
14:49:37.274 [main] DEBUG org.apache.http.headers - >> User-Agent: Apache-HttpClient/4.5.13 (Java/11.0.15.1)
14:49:37.274 [main] DEBUG org.apache.http.headers - >> Accept-Encoding: gzip,deflate
14:49:37.274 [main] DEBUG org.apache.http.wire -  >> "{"password":"adit123","email":"adit@gmail.com"}"
14:49:37.295 [main] DEBUG org.apache.http.wire -  << "HTTP/1.1 200 OK[\r][\n]"
14:49:37.295 [main] DEBUG org.apache.http.wire -  << "content-type: application/json[\r][\n]"
14:49:37.295 [main] DEBUG org.apache.http.wire -  << "date: Mon, 08 May 2023 07:49:36 GMT[\r][\n]"
14:49:37.295 [main] DEBUG org.apache.http.wire -  << "content-encoding: gzip[\r][\n]"
14:49:37.295 [main] DEBUG org.apache.http.wire -  << "transfer-encoding: chunked[\r][\n]"
14:49:37.295 [main] DEBUG org.apache.http.wire -  << "server: Fly/3f2597ca (2023-05-03)[\r][\n]"
14:49:37.295 [main] DEBUG org.apache.http.wire -  << "via: 1.1 fly.io[\r][\n]"
14:49:37.295 [main] DEBUG org.apache.http.wire -  << "fly-request-id: 01GZX5CQ46CE6JK2G6R1N657B6-sin[\r][\n]"
14:49:37.295 [main] DEBUG org.apache.http.wire -  << "[\r][\n]"
14:49:37.295 [main] DEBUG org.apache.http.impl.conn.DefaultClientConnection - Receiving response: HTTP/1.1 200 OK
14:49:37.295 [main] DEBUG org.apache.http.headers - << HTTP/1.1 200 OK
14:49:37.295 [main] DEBUG org.apache.http.headers - << content-type: application/json
14:49:37.295 [main] DEBUG org.apache.http.headers - << date: Mon, 08 May 2023 07:49:36 GMT
14:49:37.295 [main] DEBUG org.apache.http.headers - << content-encoding: gzip
14:49:37.295 [main] DEBUG org.apache.http.headers - << transfer-encoding: chunked
14:49:37.295 [main] DEBUG org.apache.http.headers - << server: Fly/3f2597ca (2023-05-03)
14:49:37.295 [main] DEBUG org.apache.http.headers - << via: 1.1 fly.io
14:49:37.295 [main] DEBUG org.apache.http.headers - << fly-request-id: 01GZX5CQ46CE6JK2G6R1N657B6-sin
14:49:37.295 [main] DEBUG org.apache.http.impl.client.DefaultHttpClient - Connection can be kept alive indefinitely
14:49:37.295 [main] DEBUG io.restassured.internal.RestAssuredHttpBuilder - Parsing response as: application/json
14:49:37.295 [main] DEBUG org.apache.http.wire -  << "B5[\r][\n]"
14:49:37.295 [main] DEBUG org.apache.http.wire -  << "[0x1f][0x8b][0x8][0x0][0x0][0x0][0x0][0x0][0x4][0xff][0xab]VJI,IT[0xb2]RJ[0xad][0xf4][0xca]HrO[0xce][0xf4][0xcf][0xf4][0xf2][0xc][0xad][0xf2]4[0xf4][0xcb][0xf4],[0xf6][0xcc][0xb]2Mv[0xf6]4[0xf3][0xcc].[0x88][0x8]s[0xf6][0xb2][0xd4]K[0xad][0xf4]rO[0x9][0xaf](N[0xca]u+[0x89][\n]"
14:49:37.295 [main] DEBUG org.apache.http.wire -  << "[0x6]I[0xb8]e'F[0x4][0x99]F[0x6];[0xf9][0xa7][0x84][0xa7]TF[0x86]gdxf[0x96]g[0x6][0x85][0x1b]f$[0x86][0x97][0x83][0xc][0xcb][0x88]r[0xcf]1[0x8]tO)[0x89][0xc][0xcf])[0xf6][0xc9][0xf5]+K[\n]"
14:49:37.295 [main] DEBUG org.apache.http.wire -  << "[0xf6][0xb2][0xd4][0xb][0xf3]5[0xca]q[0xc][0xca][0xce][0xcd][0xcd][0xc9],5,[0x8]/[0xc9]6,[0xcd]H[0xb2][0xa8]2MsOt[0xcd])[0xf3]0[0xcc][0xf2][0xcc][0x8f][0xf4]57[\n]"
14:49:37.295 [main] DEBUG org.apache.http.wire -  << "I5NW[0xaa][0xe5][0x2][0x0]:[0xa7]R[0xe5][0xa5][0x0][0x0][0x0]"
14:49:37.295 [main] DEBUG org.apache.http.wire -  << "[\r][\n]"
14:49:37.295 [main] DEBUG org.apache.http.wire -  << "0[\r][\n]"
14:49:37.295 [main] DEBUG org.apache.http.wire -  << "[\r][\n]"
14:49:37.295 [main] DEBUG io.restassured.internal.RestAssuredHttpBuilder - Parsed data to instance of: class org.apache.http.conn.EofSensorInputStream
14:49:37.296 [main] DEBUG org.apache.http.impl.conn.BasicClientConnectionManager - Releasing connection org.apache.http.impl.conn.ManagedClientConnectionImpl@1eda309d
14:49:37.296 [main] DEBUG org.apache.http.impl.conn.BasicClientConnectionManager - Connection can be kept alive indefinitely
14:49:37.296 [main] DEBUG net.thucydides.core.steps.StepInterceptor - STEP DONE: I send POST HTTP request login
  &amp#27;[32mWhen &amp#27;[0m&amp#27;[32mI send POST HTTP request login&amp#27;[0m               &amp#27;[90m# starter.stepdefinitions.LoginSteps.sendPostHttpRequestLogin()&amp#27;[0m
14:49:37.299 [main] DEBUG net.thucydides.core.steps.StepInterceptor - STARTING STEP: LoginSteps.receiveValidHttp200Login - I receive valid HTTP response code 200 login
14:49:37.299 [main] DEBUG net.thucydides.core.steps.StepInterceptor - STEP DONE: I receive valid HTTP response code 200 login
  &amp#27;[32mThen &amp#27;[0m&amp#27;[32mI receive valid HTTP response code 200 login&amp#27;[0m &amp#27;[90m# starter.stepdefinitions.LoginSteps.receiveValidHttp200Login()&amp#27;[0m
14:49:37.300 [main] INFO  - 
  _____   ___   ___   _____     ___     _     ___   ___   ___   ___  
 |_   _| | __| / __| |_   _|   | _ \   /_\   / __| / __| | __| |   \ 
   | |   | _|  \__ \   | |     |  _/  / _ \  \__ \ \__ \ | _|  | |) |
   |_|   |___| |___/   |_|     |_|   /_/ \_\ |___/ |___/ |___| |___/ 

POST - Login with valid credential
----------------------------------------------------------------------
]]></system-out>
  </testcase>
  <testcase name="POST - Login wrong password" classname="Login" time="0.105">
    <system-out><![CDATA[
Scenario: POST - Login wrong password               &amp#27;[90m# src/test/resources/features/2. Login.feature:12&amp#27;[0m
14:49:37.306 [main] DEBUG io.cucumber.core.plugin.SerenityReporter - Running feature from file:///E:/APIMinpro/API/minpro/src/test/resources/features/2.%20Login.feature
14:49:37.307 [main] INFO  - 
  _____   ___   ___   _____     ___   _____     _     ___   _____   ___   ___  
 |_   _| | __| / __| |_   _|   / __| |_   _|   /_\   | _ \ |_   _| | __| |   \ 
   | |   | _|  \__ \   | |     \__ \   | |    / _ \  |   /   | |   | _|  | |) |
   |_|   |___| |___/   |_|     |___/   |_|   /_/ \_\ |_|_\   |_|   |___| |___/ 

POST - Login wrong password(login;post---login-wrong-password)
--------------------------------------------------------------------------------
14:49:37.315 [main] DEBUG net.thucydides.core.steps.StepInterceptor - STARTING STEP: LoginSteps.setPostApiEndpointsLogin - I set POST api endpoints login
14:49:37.315 [main] DEBUG net.thucydides.core.steps.StepInterceptor - STEP DONE: I set POST api endpoints login
  &amp#27;[32mGiven &amp#27;[0m&amp#27;[32mI set POST api endpoints login&amp#27;[0m              &amp#27;[90m# starter.stepdefinitions.LoginSteps.setPostApiEndpointsLogin()&amp#27;[0m
14:49:37.318 [main] DEBUG net.thucydides.core.steps.StepInterceptor - STARTING STEP: LoginSteps.sendPostHttpRequestLogin1 - I send POST HTTP request login1
14:49:37.320 [main] DEBUG net.thucydides.core.steps.StepInterceptor - STARTING STEP: Login.sendPostHttpRequestLogin1 - I set POST api endpoints login
14:49:37.320 [main] DEBUG net.thucydides.core.steps.StepInterceptor - STEP DONE: I set POST api endpoints login
14:49:37.331 [main] DEBUG org.apache.http.impl.conn.BasicClientConnectionManager - Get connection for route {s}->https://altashop-api.fly.dev:443
14:49:37.331 [main] DEBUG org.apache.http.impl.conn.DefaultClientConnectionOperator - Connecting to altashop-api.fly.dev:443
14:49:37.376 [main] DEBUG org.apache.http.client.protocol.RequestAddCookies - CookieSpec selected: ignoreCookies
14:49:37.376 [main] DEBUG org.apache.http.client.protocol.RequestAuthCache - Auth cache not set in the context
14:49:37.376 [main] DEBUG org.apache.http.client.protocol.RequestTargetAuthentication - Target auth state: UNCHALLENGED
14:49:37.376 [main] DEBUG org.apache.http.client.protocol.RequestProxyAuthentication - Proxy auth state: UNCHALLENGED
14:49:37.376 [main] DEBUG org.apache.http.impl.client.DefaultHttpClient - Attempt 1 to execute request
14:49:37.376 [main] DEBUG org.apache.http.impl.conn.DefaultClientConnection - Sending request: POST /api/auth/login HTTP/1.1
14:49:37.376 [main] DEBUG org.apache.http.wire -  >> "POST /api/auth/login HTTP/1.1[\r][\n]"
14:49:37.377 [main] DEBUG org.apache.http.wire -  >> "Accept: */*[\r][\n]"
14:49:37.377 [main] DEBUG org.apache.http.wire -  >> "Content-Type: application/json[\r][\n]"
14:49:37.377 [main] DEBUG org.apache.http.wire -  >> "Content-Length: 45[\r][\n]"
14:49:37.377 [main] DEBUG org.apache.http.wire -  >> "Host: altashop-api.fly.dev[\r][\n]"
14:49:37.377 [main] DEBUG org.apache.http.wire -  >> "Connection: Keep-Alive[\r][\n]"
14:49:37.377 [main] DEBUG org.apache.http.wire -  >> "User-Agent: Apache-HttpClient/4.5.13 (Java/11.0.15.1)[\r][\n]"
14:49:37.377 [main] DEBUG org.apache.http.wire -  >> "Accept-Encoding: gzip,deflate[\r][\n]"
14:49:37.377 [main] DEBUG org.apache.http.wire -  >> "[\r][\n]"
14:49:37.377 [main] DEBUG org.apache.http.headers - >> POST /api/auth/login HTTP/1.1
14:49:37.377 [main] DEBUG org.apache.http.headers - >> Accept: */*
14:49:37.377 [main] DEBUG org.apache.http.headers - >> Content-Type: application/json
14:49:37.377 [main] DEBUG org.apache.http.headers - >> Content-Length: 45
14:49:37.377 [main] DEBUG org.apache.http.headers - >> Host: altashop-api.fly.dev
14:49:37.377 [main] DEBUG org.apache.http.headers - >> Connection: Keep-Alive
14:49:37.377 [main] DEBUG org.apache.http.headers - >> User-Agent: Apache-HttpClient/4.5.13 (Java/11.0.15.1)
14:49:37.377 [main] DEBUG org.apache.http.headers - >> Accept-Encoding: gzip,deflate
14:49:37.377 [main] DEBUG org.apache.http.wire -  >> "{"password":"adit1","email":"adit@gmail.com"}"
14:49:37.397 [main] DEBUG org.apache.http.wire -  << "HTTP/1.1 400 Bad Request[\r][\n]"
14:49:37.397 [main] DEBUG org.apache.http.wire -  << "content-type: application/json[\r][\n]"
14:49:37.398 [main] DEBUG org.apache.http.wire -  << "date: Mon, 08 May 2023 07:49:36 GMT[\r][\n]"
14:49:37.398 [main] DEBUG org.apache.http.wire -  << "content-encoding: gzip[\r][\n]"
14:49:37.398 [main] DEBUG org.apache.http.wire -  << "transfer-encoding: chunked[\r][\n]"
14:49:37.398 [main] DEBUG org.apache.http.wire -  << "server: Fly/3f2597ca (2023-05-03)[\r][\n]"
14:49:37.398 [main] DEBUG org.apache.http.wire -  << "via: 1.1 fly.io[\r][\n]"
14:49:37.398 [main] DEBUG org.apache.http.wire -  << "fly-request-id: 01GZX5CQ7D6H9T1NHGQE89NA7X-sin[\r][\n]"
14:49:37.398 [main] DEBUG org.apache.http.wire -  << "[\r][\n]"
14:49:37.398 [main] DEBUG org.apache.http.impl.conn.DefaultClientConnection - Receiving response: HTTP/1.1 400 Bad Request
14:49:37.398 [main] DEBUG org.apache.http.headers - << HTTP/1.1 400 Bad Request
14:49:37.398 [main] DEBUG org.apache.http.headers - << content-type: application/json
14:49:37.398 [main] DEBUG org.apache.http.headers - << date: Mon, 08 May 2023 07:49:36 GMT
14:49:37.398 [main] DEBUG org.apache.http.headers - << content-encoding: gzip
14:49:37.398 [main] DEBUG org.apache.http.headers - << transfer-encoding: chunked
14:49:37.398 [main] DEBUG org.apache.http.headers - << server: Fly/3f2597ca (2023-05-03)
14:49:37.398 [main] DEBUG org.apache.http.headers - << via: 1.1 fly.io
14:49:37.398 [main] DEBUG org.apache.http.headers - << fly-request-id: 01GZX5CQ7D6H9T1NHGQE89NA7X-sin
14:49:37.398 [main] DEBUG org.apache.http.impl.client.DefaultHttpClient - Connection can be kept alive indefinitely
14:49:37.398 [main] DEBUG io.restassured.internal.RestAssuredHttpBuilder - Parsing response as: application/json
14:49:37.398 [main] DEBUG org.apache.http.wire -  << "3D[\r][\n]"
14:49:37.398 [main] DEBUG org.apache.http.wire -  << "[0x1f][0x8b][0x8][0x0][0x0][0x0][0x0][0x0][0x4][0xff][0xab]VJ-*[0xca]/R[0xb2]RJ[0xcd]M[0xcc][0xcc]Q[0xc8]/R(H,..[0xcf]/JQ[0xc8],V[0xc8][0xcc]+K[0xcc][0xc9]LQ[0xaa][0xe5][0x2][0x0][0xc0][0xad][0xff][0xb])[0x0][0x0][0x0]"
14:49:37.398 [main] DEBUG org.apache.http.wire -  << "[\r][\n]"
14:49:37.398 [main] DEBUG org.apache.http.wire -  << "0[\r][\n]"
14:49:37.398 [main] DEBUG org.apache.http.wire -  << "[\r][\n]"
14:49:37.398 [main] DEBUG io.restassured.internal.RestAssuredHttpBuilder - Parsed data to instance of: class org.apache.http.conn.EofSensorInputStream
14:49:37.399 [main] DEBUG org.apache.http.impl.conn.BasicClientConnectionManager - Releasing connection org.apache.http.impl.conn.ManagedClientConnectionImpl@33e4068
14:49:37.399 [main] DEBUG org.apache.http.impl.conn.BasicClientConnectionManager - Connection can be kept alive indefinitely
14:49:37.400 [main] DEBUG net.thucydides.core.steps.StepInterceptor - STEP DONE: I send POST HTTP request login1
  &amp#27;[32mWhen &amp#27;[0m&amp#27;[32mI send POST HTTP request login1&amp#27;[0m              &amp#27;[90m# starter.stepdefinitions.LoginSteps.sendPostHttpRequestLogin1()&amp#27;[0m
14:49:37.402 [main] DEBUG net.thucydides.core.steps.StepInterceptor - STARTING STEP: LoginSteps.receiveValidHttp400Login - I receive valid HTTP response code 400 login
14:49:37.404 [main] DEBUG net.thucydides.core.steps.StepInterceptor - STEP DONE: I receive valid HTTP response code 400 login
  &amp#27;[32mThen &amp#27;[0m&amp#27;[32mI receive valid HTTP response code 400 login&amp#27;[0m &amp#27;[90m# starter.stepdefinitions.LoginSteps.receiveValidHttp400Login()&amp#27;[0m
14:49:37.405 [main] INFO  - 
  _____   ___   ___   _____     ___     _     ___   ___   ___   ___  
 |_   _| | __| / __| |_   _|   | _ \   /_\   / __| / __| | __| |   \ 
   | |   | _|  \__ \   | |     |  _/  / _ \  \__ \ \__ \ | _|  | |) |
   |_|   |___| |___/   |_|     |_|   /_/ \_\ |___/ |___/ |___| |___/ 

POST - Login wrong password
----------------------------------------------------------------------
]]></system-out>
  </testcase>
  <testcase name="POST - Login with empty email" classname="Login" time="0.094">
    <system-out><![CDATA[
Scenario: POST - Login with empty email             &amp#27;[90m# src/test/resources/features/2. Login.feature:17&amp#27;[0m
14:49:37.409 [main] DEBUG io.cucumber.core.plugin.SerenityReporter - Running feature from file:///E:/APIMinpro/API/minpro/src/test/resources/features/2.%20Login.feature
14:49:37.411 [main] INFO  - 
  _____   ___   ___   _____     ___   _____     _     ___   _____   ___   ___  
 |_   _| | __| / __| |_   _|   / __| |_   _|   /_\   | _ \ |_   _| | __| |   \ 
   | |   | _|  \__ \   | |     \__ \   | |    / _ \  |   /   | |   | _|  | |) |
   |_|   |___| |___/   |_|     |___/   |_|   /_/ \_\ |_|_\   |_|   |___| |___/ 

POST - Login with empty email(login;post---login-with-empty-email)
--------------------------------------------------------------------------------
14:49:37.417 [main] DEBUG net.thucydides.core.steps.StepInterceptor - STARTING STEP: LoginSteps.setPostApiEndpointsLogin - I set POST api endpoints login
14:49:37.417 [main] DEBUG net.thucydides.core.steps.StepInterceptor - STEP DONE: I set POST api endpoints login
  &amp#27;[32mGiven &amp#27;[0m&amp#27;[32mI set POST api endpoints login&amp#27;[0m              &amp#27;[90m# starter.stepdefinitions.LoginSteps.setPostApiEndpointsLogin()&amp#27;[0m
14:49:37.419 [main] DEBUG net.thucydides.core.steps.StepInterceptor - STARTING STEP: LoginSteps.sendPostHttpRequestLogin2 - I send POST HTTP request login2
14:49:37.420 [main] DEBUG net.thucydides.core.steps.StepInterceptor - STARTING STEP: Login.sendPostHttpRequestLogin2 - I set POST api endpoints login
14:49:37.421 [main] DEBUG net.thucydides.core.steps.StepInterceptor - STEP DONE: I set POST api endpoints login
14:49:37.430 [main] DEBUG org.apache.http.impl.conn.BasicClientConnectionManager - Get connection for route {s}->https://altashop-api.fly.dev:443
14:49:37.431 [main] DEBUG org.apache.http.impl.conn.DefaultClientConnectionOperator - Connecting to altashop-api.fly.dev:443
14:49:37.473 [main] DEBUG org.apache.http.client.protocol.RequestAddCookies - CookieSpec selected: ignoreCookies
14:49:37.473 [main] DEBUG org.apache.http.client.protocol.RequestAuthCache - Auth cache not set in the context
14:49:37.473 [main] DEBUG org.apache.http.client.protocol.RequestTargetAuthentication - Target auth state: UNCHALLENGED
14:49:37.473 [main] DEBUG org.apache.http.client.protocol.RequestProxyAuthentication - Proxy auth state: UNCHALLENGED
14:49:37.473 [main] DEBUG org.apache.http.impl.client.DefaultHttpClient - Attempt 1 to execute request
14:49:37.473 [main] DEBUG org.apache.http.impl.conn.DefaultClientConnection - Sending request: POST /api/auth/login HTTP/1.1
14:49:37.473 [main] DEBUG org.apache.http.wire -  >> "POST /api/auth/login HTTP/1.1[\r][\n]"
14:49:37.473 [main] DEBUG org.apache.http.wire -  >> "Accept: */*[\r][\n]"
14:49:37.473 [main] DEBUG org.apache.http.wire -  >> "Content-Type: application/json[\r][\n]"
14:49:37.473 [main] DEBUG org.apache.http.wire -  >> "Content-Length: 34[\r][\n]"
14:49:37.473 [main] DEBUG org.apache.http.wire -  >> "Host: altashop-api.fly.dev[\r][\n]"
14:49:37.473 [main] DEBUG org.apache.http.wire -  >> "Connection: Keep-Alive[\r][\n]"
14:49:37.473 [main] DEBUG org.apache.http.wire -  >> "User-Agent: Apache-HttpClient/4.5.13 (Java/11.0.15.1)[\r][\n]"
14:49:37.473 [main] DEBUG org.apache.http.wire -  >> "Accept-Encoding: gzip,deflate[\r][\n]"
14:49:37.473 [main] DEBUG org.apache.http.wire -  >> "[\r][\n]"
14:49:37.473 [main] DEBUG org.apache.http.headers - >> POST /api/auth/login HTTP/1.1
14:49:37.473 [main] DEBUG org.apache.http.headers - >> Accept: */*
14:49:37.473 [main] DEBUG org.apache.http.headers - >> Content-Type: application/json
14:49:37.473 [main] DEBUG org.apache.http.headers - >> Content-Length: 34
14:49:37.473 [main] DEBUG org.apache.http.headers - >> Host: altashop-api.fly.dev
14:49:37.473 [main] DEBUG org.apache.http.headers - >> Connection: Keep-Alive
14:49:37.473 [main] DEBUG org.apache.http.headers - >> User-Agent: Apache-HttpClient/4.5.13 (Java/11.0.15.1)
14:49:37.473 [main] DEBUG org.apache.http.headers - >> Accept-Encoding: gzip,deflate
14:49:37.473 [main] DEBUG org.apache.http.wire -  >> "{"password":"adit123","email":" "}"
14:49:37.493 [main] DEBUG org.apache.http.wire -  << "HTTP/1.1 400 Bad Request[\r][\n]"
14:49:37.493 [main] DEBUG org.apache.http.wire -  << "content-type: application/json[\r][\n]"
14:49:37.493 [main] DEBUG org.apache.http.wire -  << "date: Mon, 08 May 2023 07:49:36 GMT[\r][\n]"
14:49:37.493 [main] DEBUG org.apache.http.wire -  << "content-encoding: gzip[\r][\n]"
14:49:37.493 [main] DEBUG org.apache.http.wire -  << "transfer-encoding: chunked[\r][\n]"
14:49:37.493 [main] DEBUG org.apache.http.wire -  << "server: Fly/3f2597ca (2023-05-03)[\r][\n]"
14:49:37.493 [main] DEBUG org.apache.http.wire -  << "via: 1.1 fly.io[\r][\n]"
14:49:37.494 [main] DEBUG org.apache.http.wire -  << "fly-request-id: 01GZX5CQACEGEVXY5XFAK1P7K5-sin[\r][\n]"
14:49:37.494 [main] DEBUG org.apache.http.wire -  << "[\r][\n]"
14:49:37.494 [main] DEBUG org.apache.http.impl.conn.DefaultClientConnection - Receiving response: HTTP/1.1 400 Bad Request
14:49:37.494 [main] DEBUG org.apache.http.headers - << HTTP/1.1 400 Bad Request
14:49:37.494 [main] DEBUG org.apache.http.headers - << content-type: application/json
14:49:37.494 [main] DEBUG org.apache.http.headers - << date: Mon, 08 May 2023 07:49:36 GMT
14:49:37.494 [main] DEBUG org.apache.http.headers - << content-encoding: gzip
14:49:37.494 [main] DEBUG org.apache.http.headers - << transfer-encoding: chunked
14:49:37.494 [main] DEBUG org.apache.http.headers - << server: Fly/3f2597ca (2023-05-03)
14:49:37.494 [main] DEBUG org.apache.http.headers - << via: 1.1 fly.io
14:49:37.494 [main] DEBUG org.apache.http.headers - << fly-request-id: 01GZX5CQACEGEVXY5XFAK1P7K5-sin
14:49:37.494 [main] DEBUG org.apache.http.impl.client.DefaultHttpClient - Connection can be kept alive indefinitely
14:49:37.494 [main] DEBUG io.restassured.internal.RestAssuredHttpBuilder - Parsing response as: application/json
14:49:37.494 [main] DEBUG org.apache.http.wire -  << "3D[\r][\n]"
14:49:37.494 [main] DEBUG org.apache.http.wire -  << "[0x1f][0x8b][0x8][0x0][0x0][0x0][0x0][0x0][0x4][0xff][0xab]VJ-*[0xca]/R[0xb2]RJ[0xcd]M[0xcc][0xcc]Q[0xc8]/R(H,..[0xcf]/JQ[0xc8],V[0xc8][0xcc]+K[0xcc][0xc9]LQ[0xaa][0xe5][0x2][0x0][0xc0][0xad][0xff][0xb])[0x0][0x0][0x0]"
14:49:37.494 [main] DEBUG org.apache.http.wire -  << "[\r][\n]"
14:49:37.494 [main] DEBUG org.apache.http.wire -  << "0[\r][\n]"
14:49:37.494 [main] DEBUG org.apache.http.wire -  << "[\r][\n]"
14:49:37.494 [main] DEBUG io.restassured.internal.RestAssuredHttpBuilder - Parsed data to instance of: class org.apache.http.conn.EofSensorInputStream
14:49:37.495 [main] DEBUG org.apache.http.impl.conn.BasicClientConnectionManager - Releasing connection org.apache.http.impl.conn.ManagedClientConnectionImpl@37c5b8e8
14:49:37.495 [main] DEBUG org.apache.http.impl.conn.BasicClientConnectionManager - Connection can be kept alive indefinitely
14:49:37.495 [main] DEBUG net.thucydides.core.steps.StepInterceptor - STEP DONE: I send POST HTTP request login2
  &amp#27;[32mWhen &amp#27;[0m&amp#27;[32mI send POST HTTP request login2&amp#27;[0m              &amp#27;[90m# starter.stepdefinitions.LoginSteps.sendPostHttpRequestLogin2()&amp#27;[0m
14:49:37.498 [main] DEBUG net.thucydides.core.steps.StepInterceptor - STARTING STEP: LoginSteps.receiveValidHttp400Login - I receive valid HTTP response code 400 login
14:49:37.498 [main] DEBUG net.thucydides.core.steps.StepInterceptor - STEP DONE: I receive valid HTTP response code 400 login
  &amp#27;[32mThen &amp#27;[0m&amp#27;[32mI receive valid HTTP response code 400 login&amp#27;[0m &amp#27;[90m# starter.stepdefinitions.LoginSteps.receiveValidHttp400Login()&amp#27;[0m
14:49:37.499 [main] INFO  - 
  _____   ___   ___   _____     ___     _     ___   ___   ___   ___  
 |_   _| | __| / __| |_   _|   | _ \   /_\   / __| / __| | __| |   \ 
   | |   | _|  \__ \   | |     |  _/  / _ \  \__ \ \__ \ | _|  | |) |
   |_|   |___| |___/   |_|     |_|   /_/ \_\ |___/ |___/ |___| |___/ 

POST - Login with empty email
----------------------------------------------------------------------
]]></system-out>
  </testcase>
  <testcase name="POST - Login with empty password" classname="Login" time="0.094">
    <system-out><![CDATA[
Scenario: POST - Login with empty password          &amp#27;[90m# src/test/resources/features/2. Login.feature:22&amp#27;[0m
14:49:37.503 [main] DEBUG io.cucumber.core.plugin.SerenityReporter - Running feature from file:///E:/APIMinpro/API/minpro/src/test/resources/features/2.%20Login.feature
14:49:37.503 [main] INFO  - 
  _____   ___   ___   _____     ___   _____     _     ___   _____   ___   ___  
 |_   _| | __| / __| |_   _|   / __| |_   _|   /_\   | _ \ |_   _| | __| |   \ 
   | |   | _|  \__ \   | |     \__ \   | |    / _ \  |   /   | |   | _|  | |) |
   |_|   |___| |___/   |_|     |___/   |_|   /_/ \_\ |_|_\   |_|   |___| |___/ 

POST - Login with empty password(login;post---login-with-empty-password)
--------------------------------------------------------------------------------
14:49:37.509 [main] DEBUG net.thucydides.core.steps.StepInterceptor - STARTING STEP: LoginSteps.setPostApiEndpointsLogin - I set POST api endpoints login
14:49:37.510 [main] DEBUG net.thucydides.core.steps.StepInterceptor - STEP DONE: I set POST api endpoints login
  &amp#27;[32mGiven &amp#27;[0m&amp#27;[32mI set POST api endpoints login&amp#27;[0m              &amp#27;[90m# starter.stepdefinitions.LoginSteps.setPostApiEndpointsLogin()&amp#27;[0m
14:49:37.511 [main] DEBUG net.thucydides.core.steps.StepInterceptor - STARTING STEP: LoginSteps.sendPostHttpRequestLogin3 - I send POST HTTP request login3
14:49:37.512 [main] DEBUG net.thucydides.core.steps.StepInterceptor - STARTING STEP: Login.sendPostHttpRequestLogin3 - I set POST api endpoints login
14:49:37.512 [main] DEBUG net.thucydides.core.steps.StepInterceptor - STEP DONE: I set POST api endpoints login
14:49:37.520 [main] DEBUG org.apache.http.impl.conn.BasicClientConnectionManager - Get connection for route {s}->https://altashop-api.fly.dev:443
14:49:37.520 [main] DEBUG org.apache.http.impl.conn.DefaultClientConnectionOperator - Connecting to altashop-api.fly.dev:443
14:49:37.562 [main] DEBUG org.apache.http.client.protocol.RequestAddCookies - CookieSpec selected: ignoreCookies
14:49:37.562 [main] DEBUG org.apache.http.client.protocol.RequestAuthCache - Auth cache not set in the context
14:49:37.562 [main] DEBUG org.apache.http.client.protocol.RequestTargetAuthentication - Target auth state: UNCHALLENGED
14:49:37.562 [main] DEBUG org.apache.http.client.protocol.RequestProxyAuthentication - Proxy auth state: UNCHALLENGED
14:49:37.562 [main] DEBUG org.apache.http.impl.client.DefaultHttpClient - Attempt 1 to execute request
14:49:37.562 [main] DEBUG org.apache.http.impl.conn.DefaultClientConnection - Sending request: POST /api/auth/login HTTP/1.1
14:49:37.562 [main] DEBUG org.apache.http.wire -  >> "POST /api/auth/login HTTP/1.1[\r][\n]"
14:49:37.562 [main] DEBUG org.apache.http.wire -  >> "Accept: */*[\r][\n]"
14:49:37.562 [main] DEBUG org.apache.http.wire -  >> "Content-Type: application/json[\r][\n]"
14:49:37.562 [main] DEBUG org.apache.http.wire -  >> "Content-Length: 43[\r][\n]"
14:49:37.562 [main] DEBUG org.apache.http.wire -  >> "Host: altashop-api.fly.dev[\r][\n]"
14:49:37.562 [main] DEBUG org.apache.http.wire -  >> "Connection: Keep-Alive[\r][\n]"
14:49:37.562 [main] DEBUG org.apache.http.wire -  >> "User-Agent: Apache-HttpClient/4.5.13 (Java/11.0.15.1)[\r][\n]"
14:49:37.562 [main] DEBUG org.apache.http.wire -  >> "Accept-Encoding: gzip,deflate[\r][\n]"
14:49:37.562 [main] DEBUG org.apache.http.wire -  >> "[\r][\n]"
14:49:37.562 [main] DEBUG org.apache.http.headers - >> POST /api/auth/login HTTP/1.1
14:49:37.562 [main] DEBUG org.apache.http.headers - >> Accept: */*
14:49:37.562 [main] DEBUG org.apache.http.headers - >> Content-Type: application/json
14:49:37.562 [main] DEBUG org.apache.http.headers - >> Content-Length: 43
14:49:37.562 [main] DEBUG org.apache.http.headers - >> Host: altashop-api.fly.dev
14:49:37.562 [main] DEBUG org.apache.http.headers - >> Connection: Keep-Alive
14:49:37.562 [main] DEBUG org.apache.http.headers - >> User-Agent: Apache-HttpClient/4.5.13 (Java/11.0.15.1)
14:49:37.562 [main] DEBUG org.apache.http.headers - >> Accept-Encoding: gzip,deflate
14:49:37.562 [main] DEBUG org.apache.http.wire -  >> "{"password":" ","email":"someone@mail.com"}"
14:49:37.583 [main] DEBUG org.apache.http.wire -  << "HTTP/1.1 400 Bad Request[\r][\n]"
14:49:37.583 [main] DEBUG org.apache.http.wire -  << "content-type: application/json[\r][\n]"
14:49:37.583 [main] DEBUG org.apache.http.wire -  << "date: Mon, 08 May 2023 07:49:36 GMT[\r][\n]"
14:49:37.583 [main] DEBUG org.apache.http.wire -  << "content-encoding: gzip[\r][\n]"
14:49:37.583 [main] DEBUG org.apache.http.wire -  << "transfer-encoding: chunked[\r][\n]"
14:49:37.583 [main] DEBUG org.apache.http.wire -  << "server: Fly/3f2597ca (2023-05-03)[\r][\n]"
14:49:37.583 [main] DEBUG org.apache.http.wire -  << "via: 1.1 fly.io[\r][\n]"
14:49:37.583 [main] DEBUG org.apache.http.wire -  << "fly-request-id: 01GZX5CQD5YPSHB1Y2QARDYKZ4-sin[\r][\n]"
14:49:37.583 [main] DEBUG org.apache.http.wire -  << "[\r][\n]"
14:49:37.583 [main] DEBUG org.apache.http.impl.conn.DefaultClientConnection - Receiving response: HTTP/1.1 400 Bad Request
14:49:37.583 [main] DEBUG org.apache.http.headers - << HTTP/1.1 400 Bad Request
14:49:37.583 [main] DEBUG org.apache.http.headers - << content-type: application/json
14:49:37.583 [main] DEBUG org.apache.http.headers - << date: Mon, 08 May 2023 07:49:36 GMT
14:49:37.583 [main] DEBUG org.apache.http.headers - << content-encoding: gzip
14:49:37.583 [main] DEBUG org.apache.http.headers - << transfer-encoding: chunked
14:49:37.583 [main] DEBUG org.apache.http.headers - << server: Fly/3f2597ca (2023-05-03)
14:49:37.583 [main] DEBUG org.apache.http.headers - << via: 1.1 fly.io
14:49:37.583 [main] DEBUG org.apache.http.headers - << fly-request-id: 01GZX5CQD5YPSHB1Y2QARDYKZ4-sin
14:49:37.583 [main] DEBUG org.apache.http.impl.client.DefaultHttpClient - Connection can be kept alive indefinitely
14:49:37.584 [main] DEBUG io.restassured.internal.RestAssuredHttpBuilder - Parsing response as: application/json
14:49:37.584 [main] DEBUG org.apache.http.wire -  << "3D[\r][\n]"
14:49:37.584 [main] DEBUG org.apache.http.wire -  << "[0x1f][0x8b][0x8][0x0][0x0][0x0][0x0][0x0][0x4][0xff][0xab]VJ-*[0xca]/R[0xb2]RJ[0xcd]M[0xcc][0xcc]Q[0xc8]/R(H,..[0xcf]/JQ[0xc8],V[0xc8][0xcc]+K[0xcc][0xc9]LQ[0xaa][0xe5][0x2][0x0][0xc0][0xad][0xff][0xb])[0x0][0x0][0x0]"
14:49:37.584 [main] DEBUG org.apache.http.wire -  << "[\r][\n]"
14:49:37.584 [main] DEBUG org.apache.http.wire -  << "0[\r][\n]"
14:49:37.584 [main] DEBUG org.apache.http.wire -  << "[\r][\n]"
14:49:37.584 [main] DEBUG io.restassured.internal.RestAssuredHttpBuilder - Parsed data to instance of: class org.apache.http.conn.EofSensorInputStream
14:49:37.589 [main] DEBUG org.apache.http.impl.conn.BasicClientConnectionManager - Releasing connection org.apache.http.impl.conn.ManagedClientConnectionImpl@807c1e8
14:49:37.589 [main] DEBUG org.apache.http.impl.conn.BasicClientConnectionManager - Connection can be kept alive indefinitely
14:49:37.589 [main] DEBUG net.thucydides.core.steps.StepInterceptor - STEP DONE: I send POST HTTP request login3
  &amp#27;[32mWhen &amp#27;[0m&amp#27;[32mI send POST HTTP request login3&amp#27;[0m              &amp#27;[90m# starter.stepdefinitions.LoginSteps.sendPostHttpRequestLogin3()&amp#27;[0m
14:49:37.591 [main] DEBUG net.thucydides.core.steps.StepInterceptor - STARTING STEP: LoginSteps.receiveValidHttp400Login - I receive valid HTTP response code 400 login
14:49:37.592 [main] DEBUG net.thucydides.core.steps.StepInterceptor - STEP DONE: I receive valid HTTP response code 400 login
  &amp#27;[32mThen &amp#27;[0m&amp#27;[32mI receive valid HTTP response code 400 login&amp#27;[0m &amp#27;[90m# starter.stepdefinitions.LoginSteps.receiveValidHttp400Login()&amp#27;[0m
14:49:37.593 [main] INFO  - 
  _____   ___   ___   _____     ___     _     ___   ___   ___   ___  
 |_   _| | __| / __| |_   _|   | _ \   /_\   / __| / __| | __| |   \ 
   | |   | _|  \__ \   | |     |  _/  / _ \  \__ \ \__ \ | _|  | |) |
   |_|   |___| |___/   |_|     |_|   /_/ \_\ |___/ |___/ |___| |___/ 

POST - Login with empty password
----------------------------------------------------------------------
]]></system-out>
  </testcase>
  <testcase name="POST - Login without payload" classname="Login" time="0.1">
    <system-out><![CDATA[
Scenario: POST - Login without payload              &amp#27;[90m# src/test/resources/features/2. Login.feature:27&amp#27;[0m
14:49:37.597 [main] DEBUG io.cucumber.core.plugin.SerenityReporter - Running feature from file:///E:/APIMinpro/API/minpro/src/test/resources/features/2.%20Login.feature
14:49:37.599 [main] INFO  - 
  _____   ___   ___   _____     ___   _____     _     ___   _____   ___   ___  
 |_   _| | __| / __| |_   _|   / __| |_   _|   /_\   | _ \ |_   _| | __| |   \ 
   | |   | _|  \__ \   | |     \__ \   | |    / _ \  |   /   | |   | _|  | |) |
   |_|   |___| |___/   |_|     |___/   |_|   /_/ \_\ |_|_\   |_|   |___| |___/ 

POST - Login without payload(login;post---login-without-payload)
--------------------------------------------------------------------------------
14:49:37.606 [main] DEBUG net.thucydides.core.steps.StepInterceptor - STARTING STEP: LoginSteps.setPostApiEndpointsLogin - I set POST api endpoints login
14:49:37.606 [main] DEBUG net.thucydides.core.steps.StepInterceptor - STEP DONE: I set POST api endpoints login
  &amp#27;[32mGiven &amp#27;[0m&amp#27;[32mI set POST api endpoints login&amp#27;[0m              &amp#27;[90m# starter.stepdefinitions.LoginSteps.setPostApiEndpointsLogin()&amp#27;[0m
14:49:37.608 [main] DEBUG net.thucydides.core.steps.StepInterceptor - STARTING STEP: LoginSteps.sendPostHttpRequestLogin4 - I send POST HTTP request login4
14:49:37.609 [main] DEBUG net.thucydides.core.steps.StepInterceptor - STARTING STEP: Login.sendPostHttpRequestLogin4 - I set POST api endpoints login
14:49:37.609 [main] DEBUG net.thucydides.core.steps.StepInterceptor - STEP DONE: I set POST api endpoints login
14:49:37.616 [main] DEBUG org.apache.http.impl.conn.BasicClientConnectionManager - Get connection for route {s}->https://altashop-api.fly.dev:443
14:49:37.616 [main] DEBUG org.apache.http.impl.conn.DefaultClientConnectionOperator - Connecting to altashop-api.fly.dev:443
14:49:37.662 [main] DEBUG org.apache.http.client.protocol.RequestAddCookies - CookieSpec selected: ignoreCookies
14:49:37.662 [main] DEBUG org.apache.http.client.protocol.RequestAuthCache - Auth cache not set in the context
14:49:37.662 [main] DEBUG org.apache.http.client.protocol.RequestTargetAuthentication - Target auth state: UNCHALLENGED
14:49:37.662 [main] DEBUG org.apache.http.client.protocol.RequestProxyAuthentication - Proxy auth state: UNCHALLENGED
14:49:37.662 [main] DEBUG org.apache.http.impl.client.DefaultHttpClient - Attempt 1 to execute request
14:49:37.662 [main] DEBUG org.apache.http.impl.conn.DefaultClientConnection - Sending request: POST /api/auth/login HTTP/1.1
14:49:37.662 [main] DEBUG org.apache.http.wire -  >> "POST /api/auth/login HTTP/1.1[\r][\n]"
14:49:37.662 [main] DEBUG org.apache.http.wire -  >> "Accept: */*[\r][\n]"
14:49:37.662 [main] DEBUG org.apache.http.wire -  >> "Content-Type: application/json[\r][\n]"
14:49:37.662 [main] DEBUG org.apache.http.wire -  >> "Content-Length: 9[\r][\n]"
14:49:37.662 [main] DEBUG org.apache.http.wire -  >> "Host: altashop-api.fly.dev[\r][\n]"
14:49:37.662 [main] DEBUG org.apache.http.wire -  >> "Connection: Keep-Alive[\r][\n]"
14:49:37.662 [main] DEBUG org.apache.http.wire -  >> "User-Agent: Apache-HttpClient/4.5.13 (Java/11.0.15.1)[\r][\n]"
14:49:37.662 [main] DEBUG org.apache.http.wire -  >> "Accept-Encoding: gzip,deflate[\r][\n]"
14:49:37.662 [main] DEBUG org.apache.http.wire -  >> "[\r][\n]"
14:49:37.662 [main] DEBUG org.apache.http.headers - >> POST /api/auth/login HTTP/1.1
14:49:37.662 [main] DEBUG org.apache.http.headers - >> Accept: */*
14:49:37.662 [main] DEBUG org.apache.http.headers - >> Content-Type: application/json
14:49:37.662 [main] DEBUG org.apache.http.headers - >> Content-Length: 9
14:49:37.662 [main] DEBUG org.apache.http.headers - >> Host: altashop-api.fly.dev
14:49:37.662 [main] DEBUG org.apache.http.headers - >> Connection: Keep-Alive
14:49:37.662 [main] DEBUG org.apache.http.headers - >> User-Agent: Apache-HttpClient/4.5.13 (Java/11.0.15.1)
14:49:37.662 [main] DEBUG org.apache.http.headers - >> Accept-Encoding: gzip,deflate
14:49:37.662 [main] DEBUG org.apache.http.wire -  >> "{" ":" "}"
14:49:37.685 [main] DEBUG org.apache.http.wire -  << "HTTP/1.1 400 Bad Request[\r][\n]"
14:49:37.685 [main] DEBUG org.apache.http.wire -  << "content-type: application/json[\r][\n]"
14:49:37.685 [main] DEBUG org.apache.http.wire -  << "date: Mon, 08 May 2023 07:49:36 GMT[\r][\n]"
14:49:37.685 [main] DEBUG org.apache.http.wire -  << "content-encoding: gzip[\r][\n]"
14:49:37.685 [main] DEBUG org.apache.http.wire -  << "transfer-encoding: chunked[\r][\n]"
14:49:37.685 [main] DEBUG org.apache.http.wire -  << "server: Fly/3f2597ca (2023-05-03)[\r][\n]"
14:49:37.685 [main] DEBUG org.apache.http.wire -  << "via: 1.1 fly.io[\r][\n]"
14:49:37.685 [main] DEBUG org.apache.http.wire -  << "fly-request-id: 01GZX5CQGCRA180AT5EYJ55ZCP-sin[\r][\n]"
14:49:37.685 [main] DEBUG org.apache.http.wire -  << "[\r][\n]"
14:49:37.685 [main] DEBUG org.apache.http.impl.conn.DefaultClientConnection - Receiving response: HTTP/1.1 400 Bad Request
14:49:37.685 [main] DEBUG org.apache.http.headers - << HTTP/1.1 400 Bad Request
14:49:37.685 [main] DEBUG org.apache.http.headers - << content-type: application/json
14:49:37.685 [main] DEBUG org.apache.http.headers - << date: Mon, 08 May 2023 07:49:36 GMT
14:49:37.685 [main] DEBUG org.apache.http.headers - << content-encoding: gzip
14:49:37.685 [main] DEBUG org.apache.http.headers - << transfer-encoding: chunked
14:49:37.685 [main] DEBUG org.apache.http.headers - << server: Fly/3f2597ca (2023-05-03)
14:49:37.685 [main] DEBUG org.apache.http.headers - << via: 1.1 fly.io
14:49:37.685 [main] DEBUG org.apache.http.headers - << fly-request-id: 01GZX5CQGCRA180AT5EYJ55ZCP-sin
14:49:37.685 [main] DEBUG org.apache.http.impl.client.DefaultHttpClient - Connection can be kept alive indefinitely
14:49:37.685 [main] DEBUG io.restassured.internal.RestAssuredHttpBuilder - Parsing response as: application/json
14:49:37.685 [main] DEBUG org.apache.http.wire -  << "32[\r][\n]"
14:49:37.685 [main] DEBUG org.apache.http.wire -  << "[0x1f][0x8b][0x8][0x0][0x0][0x0][0x0][0x0][0x4][0xff][0xab]VJ-*[0xca]/R[0xb2]RJ[0xcd]M[0xcc][0xcc]Q[0xc8],V(J-,[0xcd],JMQ[0xaa][0xe5][0x2][0x0]&[0xe3][0xaa]j[0x1e][0x0][0x0][0x0]"
14:49:37.685 [main] DEBUG org.apache.http.wire -  << "[\r][\n]"
14:49:37.685 [main] DEBUG org.apache.http.wire -  << "0[\r][\n]"
14:49:37.685 [main] DEBUG org.apache.http.wire -  << "[\r][\n]"
14:49:37.685 [main] DEBUG io.restassured.internal.RestAssuredHttpBuilder - Parsed data to instance of: class org.apache.http.conn.EofSensorInputStream
14:49:37.686 [main] DEBUG org.apache.http.impl.conn.BasicClientConnectionManager - Releasing connection org.apache.http.impl.conn.ManagedClientConnectionImpl@178ba69f
14:49:37.686 [main] DEBUG org.apache.http.impl.conn.BasicClientConnectionManager - Connection can be kept alive indefinitely
14:49:37.687 [main] DEBUG net.thucydides.core.steps.StepInterceptor - STEP DONE: I send POST HTTP request login4
  &amp#27;[32mWhen &amp#27;[0m&amp#27;[32mI send POST HTTP request login4&amp#27;[0m              &amp#27;[90m# starter.stepdefinitions.LoginSteps.sendPostHttpRequestLogin4()&amp#27;[0m
14:49:37.690 [main] DEBUG net.thucydides.core.steps.StepInterceptor - STARTING STEP: LoginSteps.receiveValidHttp400Login - I receive valid HTTP response code 400 login
14:49:37.691 [main] DEBUG net.thucydides.core.steps.StepInterceptor - STEP DONE: I receive valid HTTP response code 400 login
  &amp#27;[32mThen &amp#27;[0m&amp#27;[32mI receive valid HTTP response code 400 login&amp#27;[0m &amp#27;[90m# starter.stepdefinitions.LoginSteps.receiveValidHttp400Login()&amp#27;[0m
14:49:37.693 [main] INFO  - 
  _____   ___   ___   _____     ___     _     ___   ___   ___   ___  
 |_   _| | __| / __| |_   _|   | _ \   /_\   / __| / __| | __| |   \ 
   | |   | _|  \__ \   | |     |  _/  / _ \  \__ \ \__ \ | _|  | |) |
   |_|   |___| |___/   |_|     |_|   /_/ \_\ |___/ |___/ |___| |___/ 

POST - Login without payload
----------------------------------------------------------------------
]]></system-out>
  </testcase>
  <testcase name="POST - Login with empty body parameter" classname="Login" time="0.093">
    <system-out><![CDATA[
Scenario: POST - Login with empty body parameter    &amp#27;[90m# src/test/resources/features/2. Login.feature:32&amp#27;[0m
14:49:37.698 [main] DEBUG io.cucumber.core.plugin.SerenityReporter - Running feature from file:///E:/APIMinpro/API/minpro/src/test/resources/features/2.%20Login.feature
14:49:37.699 [main] INFO  - 
  _____   ___   ___   _____     ___   _____     _     ___   _____   ___   ___  
 |_   _| | __| / __| |_   _|   / __| |_   _|   /_\   | _ \ |_   _| | __| |   \ 
   | |   | _|  \__ \   | |     \__ \   | |    / _ \  |   /   | |   | _|  | |) |
   |_|   |___| |___/   |_|     |___/   |_|   /_/ \_\ |_|_\   |_|   |___| |___/ 

POST - Login with empty body parameter(login;post---login-with-empty-body-parameter)
--------------------------------------------------------------------------------
14:49:37.704 [main] DEBUG net.thucydides.core.steps.StepInterceptor - STARTING STEP: LoginSteps.setPostApiEndpointsLogin - I set POST api endpoints login
14:49:37.704 [main] DEBUG net.thucydides.core.steps.StepInterceptor - STEP DONE: I set POST api endpoints login
  &amp#27;[32mGiven &amp#27;[0m&amp#27;[32mI set POST api endpoints login&amp#27;[0m              &amp#27;[90m# starter.stepdefinitions.LoginSteps.setPostApiEndpointsLogin()&amp#27;[0m
14:49:37.706 [main] DEBUG net.thucydides.core.steps.StepInterceptor - STARTING STEP: LoginSteps.sendPostHttpRequestLogin5 - I send POST HTTP request login5
14:49:37.707 [main] DEBUG net.thucydides.core.steps.StepInterceptor - STARTING STEP: Login.sendPostHttpRequestLogin5 - I set POST api endpoints login
14:49:37.707 [main] DEBUG net.thucydides.core.steps.StepInterceptor - STEP DONE: I set POST api endpoints login
14:49:37.714 [main] DEBUG org.apache.http.impl.conn.BasicClientConnectionManager - Get connection for route {s}->https://altashop-api.fly.dev:443
14:49:37.714 [main] DEBUG org.apache.http.impl.conn.DefaultClientConnectionOperator - Connecting to altashop-api.fly.dev:443
14:49:37.759 [main] DEBUG org.apache.http.client.protocol.RequestAddCookies - CookieSpec selected: ignoreCookies
14:49:37.759 [main] DEBUG org.apache.http.client.protocol.RequestAuthCache - Auth cache not set in the context
14:49:37.759 [main] DEBUG org.apache.http.client.protocol.RequestTargetAuthentication - Target auth state: UNCHALLENGED
14:49:37.759 [main] DEBUG org.apache.http.client.protocol.RequestProxyAuthentication - Proxy auth state: UNCHALLENGED
14:49:37.759 [main] DEBUG org.apache.http.impl.client.DefaultHttpClient - Attempt 1 to execute request
14:49:37.759 [main] DEBUG org.apache.http.impl.conn.DefaultClientConnection - Sending request: POST /api/auth/login HTTP/1.1
14:49:37.759 [main] DEBUG org.apache.http.wire -  >> "POST /api/auth/login HTTP/1.1[\r][\n]"
14:49:37.759 [main] DEBUG org.apache.http.wire -  >> "Accept: */*[\r][\n]"
14:49:37.759 [main] DEBUG org.apache.http.wire -  >> "Content-Type: application/json[\r][\n]"
14:49:37.760 [main] DEBUG org.apache.http.wire -  >> "Content-Length: 28[\r][\n]"
14:49:37.760 [main] DEBUG org.apache.http.wire -  >> "Host: altashop-api.fly.dev[\r][\n]"
14:49:37.760 [main] DEBUG org.apache.http.wire -  >> "Connection: Keep-Alive[\r][\n]"
14:49:37.760 [main] DEBUG org.apache.http.wire -  >> "User-Agent: Apache-HttpClient/4.5.13 (Java/11.0.15.1)[\r][\n]"
14:49:37.760 [main] DEBUG org.apache.http.wire -  >> "Accept-Encoding: gzip,deflate[\r][\n]"
14:49:37.760 [main] DEBUG org.apache.http.wire -  >> "[\r][\n]"
14:49:37.760 [main] DEBUG org.apache.http.headers - >> POST /api/auth/login HTTP/1.1
14:49:37.760 [main] DEBUG org.apache.http.headers - >> Accept: */*
14:49:37.760 [main] DEBUG org.apache.http.headers - >> Content-Type: application/json
14:49:37.760 [main] DEBUG org.apache.http.headers - >> Content-Length: 28
14:49:37.760 [main] DEBUG org.apache.http.headers - >> Host: altashop-api.fly.dev
14:49:37.760 [main] DEBUG org.apache.http.headers - >> Connection: Keep-Alive
14:49:37.760 [main] DEBUG org.apache.http.headers - >> User-Agent: Apache-HttpClient/4.5.13 (Java/11.0.15.1)
14:49:37.760 [main] DEBUG org.apache.http.headers - >> Accept-Encoding: gzip,deflate
14:49:37.760 [main] DEBUG org.apache.http.wire -  >> "{"password":" ","email":" "}"
14:49:37.781 [main] DEBUG org.apache.http.wire -  << "HTTP/1.1 400 Bad Request[\r][\n]"
14:49:37.781 [main] DEBUG org.apache.http.wire -  << "content-type: application/json[\r][\n]"
14:49:37.781 [main] DEBUG org.apache.http.wire -  << "date: Mon, 08 May 2023 07:49:37 GMT[\r][\n]"
14:49:37.781 [main] DEBUG org.apache.http.wire -  << "content-encoding: gzip[\r][\n]"
14:49:37.781 [main] DEBUG org.apache.http.wire -  << "transfer-encoding: chunked[\r][\n]"
14:49:37.781 [main] DEBUG org.apache.http.wire -  << "server: Fly/3f2597ca (2023-05-03)[\r][\n]"
14:49:37.781 [main] DEBUG org.apache.http.wire -  << "via: 1.1 fly.io[\r][\n]"
14:49:37.781 [main] DEBUG org.apache.http.wire -  << "fly-request-id: 01GZX5CQKANSWX41DBMJFD3E95-sin[\r][\n]"
14:49:37.781 [main] DEBUG org.apache.http.wire -  << "[\r][\n]"
14:49:37.781 [main] DEBUG org.apache.http.impl.conn.DefaultClientConnection - Receiving response: HTTP/1.1 400 Bad Request
14:49:37.781 [main] DEBUG org.apache.http.headers - << HTTP/1.1 400 Bad Request
14:49:37.781 [main] DEBUG org.apache.http.headers - << content-type: application/json
14:49:37.781 [main] DEBUG org.apache.http.headers - << date: Mon, 08 May 2023 07:49:37 GMT
14:49:37.781 [main] DEBUG org.apache.http.headers - << content-encoding: gzip
14:49:37.781 [main] DEBUG org.apache.http.headers - << transfer-encoding: chunked
14:49:37.781 [main] DEBUG org.apache.http.headers - << server: Fly/3f2597ca (2023-05-03)
14:49:37.781 [main] DEBUG org.apache.http.headers - << via: 1.1 fly.io
14:49:37.781 [main] DEBUG org.apache.http.headers - << fly-request-id: 01GZX5CQKANSWX41DBMJFD3E95-sin
14:49:37.781 [main] DEBUG org.apache.http.impl.client.DefaultHttpClient - Connection can be kept alive indefinitely
14:49:37.781 [main] DEBUG io.restassured.internal.RestAssuredHttpBuilder - Parsing response as: application/json
14:49:37.781 [main] DEBUG org.apache.http.wire -  << "3D[\r][\n]"
14:49:37.782 [main] DEBUG org.apache.http.wire -  << "[0x1f][0x8b][0x8][0x0][0x0][0x0][0x0][0x0][0x4][0xff][0xab]VJ-*[0xca]/R[0xb2]RJ[0xcd]M[0xcc][0xcc]Q[0xc8]/R(H,..[0xcf]/JQ[0xc8],V[0xc8][0xcc]+K[0xcc][0xc9]LQ[0xaa][0xe5][0x2][0x0][0xc0][0xad][0xff][0xb])[0x0][0x0][0x0]"
14:49:37.782 [main] DEBUG org.apache.http.wire -  << "[\r][\n]"
14:49:37.782 [main] DEBUG org.apache.http.wire -  << "0[\r][\n]"
14:49:37.782 [main] DEBUG org.apache.http.wire -  << "[\r][\n]"
14:49:37.782 [main] DEBUG io.restassured.internal.RestAssuredHttpBuilder - Parsed data to instance of: class org.apache.http.conn.EofSensorInputStream
14:49:37.782 [main] DEBUG org.apache.http.impl.conn.BasicClientConnectionManager - Releasing connection org.apache.http.impl.conn.ManagedClientConnectionImpl@6de9bba2
14:49:37.782 [main] DEBUG org.apache.http.impl.conn.BasicClientConnectionManager - Connection can be kept alive indefinitely
14:49:37.783 [main] DEBUG net.thucydides.core.steps.StepInterceptor - STEP DONE: I send POST HTTP request login5
  &amp#27;[32mWhen &amp#27;[0m&amp#27;[32mI send POST HTTP request login5&amp#27;[0m              &amp#27;[90m# starter.stepdefinitions.LoginSteps.sendPostHttpRequestLogin5()&amp#27;[0m
14:49:37.785 [main] DEBUG net.thucydides.core.steps.StepInterceptor - STARTING STEP: LoginSteps.receiveValidHttp400Login - I receive valid HTTP response code 400 login
14:49:37.785 [main] DEBUG net.thucydides.core.steps.StepInterceptor - STEP DONE: I receive valid HTTP response code 400 login
  &amp#27;[32mThen &amp#27;[0m&amp#27;[32mI receive valid HTTP response code 400 login&amp#27;[0m &amp#27;[90m# starter.stepdefinitions.LoginSteps.receiveValidHttp400Login()&amp#27;[0m
14:49:37.786 [main] INFO  - 
  _____   ___   ___   _____     ___     _     ___   ___   ___   ___  
 |_   _| | __| / __| |_   _|   | _ \   /_\   / __| / __| | __| |   \ 
   | |   | _|  \__ \   | |     |  _/  / _ \  \__ \ \__ \ | _|  | |) |
   |_|   |___| |___/   |_|     |_|   /_/ \_\ |___/ |___/ |___| |___/ 

POST - Login with empty body parameter
----------------------------------------------------------------------
]]></system-out>
  </testcase>
  <testcase name="GET - Get user information" classname="User Information" time="0.09">
    <system-out><![CDATA[14:49:37.787 [main] DEBUG io.cucumber.core.plugin.SerenityReporter - Running feature from file:///E:/APIMinpro/API/minpro/src/test/resources/features/3.%20User.feature
14:49:37.788 [main] DEBUG net.thucydides.core.steps.StepEventBus - Test suite started for story net.thucydides.core.model.Story@11e807f1
14:49:37.789 [main] INFO  - Test Suite Started: User Information

Scenario: GET - Get user information               &amp#27;[90m# src/test/resources/features/3. User.feature:7&amp#27;[0m
14:49:37.792 [main] DEBUG io.cucumber.core.plugin.SerenityReporter - Running feature from file:///E:/APIMinpro/API/minpro/src/test/resources/features/3.%20User.feature
14:49:37.793 [main] INFO  - 
  _____   ___   ___   _____     ___   _____     _     ___   _____   ___   ___  
 |_   _| | __| / __| |_   _|   / __| |_   _|   /_\   | _ \ |_   _| | __| |   \ 
   | |   | _|  \__ \   | |     \__ \   | |    / _ \  |   /   | |   | _|  | |) |
   |_|   |___| |___/   |_|     |___/   |_|   /_/ \_\ |_|_\   |_|   |___| |___/ 

GET - Get user information(user-information;get---get-user-information)
--------------------------------------------------------------------------------
  &amp#27;[32mGiven &amp#27;[0m&amp#27;[32mI set GET api endpoints user&amp#27;[0m               &amp#27;[90m# starter.stepdefinitions.UserSteps.setGetApiEndpointsUser()&amp#27;[0m
14:49:37.804 [main] DEBUG org.apache.http.impl.conn.BasicClientConnectionManager - Get connection for route {s}->https://altashop-api.fly.dev:443
14:49:37.805 [main] DEBUG org.apache.http.impl.conn.DefaultClientConnectionOperator - Connecting to altashop-api.fly.dev:443
14:49:37.851 [main] DEBUG org.apache.http.client.protocol.RequestAddCookies - CookieSpec selected: ignoreCookies
14:49:37.851 [main] DEBUG org.apache.http.client.protocol.RequestAuthCache - Auth cache not set in the context
14:49:37.851 [main] DEBUG org.apache.http.client.protocol.RequestProxyAuthentication - Proxy auth state: UNCHALLENGED
14:49:37.851 [main] DEBUG org.apache.http.impl.client.DefaultHttpClient - Attempt 1 to execute request
14:49:37.851 [main] DEBUG org.apache.http.impl.conn.DefaultClientConnection - Sending request: GET /api/auth/info HTTP/1.1
14:49:37.851 [main] DEBUG org.apache.http.wire -  >> "GET /api/auth/info HTTP/1.1[\r][\n]"
14:49:37.851 [main] DEBUG org.apache.http.wire -  >> "Authorization: Bearer eyJhbGciOiJIUzI1NiIsInR5cCI6IkpXVCJ9.eyJGdWxsbmFtZSI6IkFkaXR5YSBOdWdyYWhhIiwiRW1haWwiOiJhZGl0QGdtYWlsLmNvbSJ9.VM2lARkmmliu1pWtk1uhb8z5fGaElvH1jIoYM72Te3g[\r][\n]"
14:49:37.851 [main] DEBUG org.apache.http.wire -  >> "Accept: */*[\r][\n]"
14:49:37.851 [main] DEBUG org.apache.http.wire -  >> "Host: altashop-api.fly.dev[\r][\n]"
14:49:37.851 [main] DEBUG org.apache.http.wire -  >> "Connection: Keep-Alive[\r][\n]"
14:49:37.851 [main] DEBUG org.apache.http.wire -  >> "User-Agent: Apache-HttpClient/4.5.13 (Java/11.0.15.1)[\r][\n]"
14:49:37.851 [main] DEBUG org.apache.http.wire -  >> "Accept-Encoding: gzip,deflate[\r][\n]"
14:49:37.851 [main] DEBUG org.apache.http.wire -  >> "[\r][\n]"
14:49:37.852 [main] DEBUG org.apache.http.headers - >> GET /api/auth/info HTTP/1.1
14:49:37.852 [main] DEBUG org.apache.http.headers - >> Authorization: Bearer eyJhbGciOiJIUzI1NiIsInR5cCI6IkpXVCJ9.eyJGdWxsbmFtZSI6IkFkaXR5YSBOdWdyYWhhIiwiRW1haWwiOiJhZGl0QGdtYWlsLmNvbSJ9.VM2lARkmmliu1pWtk1uhb8z5fGaElvH1jIoYM72Te3g
14:49:37.852 [main] DEBUG org.apache.http.headers - >> Accept: */*
14:49:37.852 [main] DEBUG org.apache.http.headers - >> Host: altashop-api.fly.dev
14:49:37.852 [main] DEBUG org.apache.http.headers - >> Connection: Keep-Alive
14:49:37.852 [main] DEBUG org.apache.http.headers - >> User-Agent: Apache-HttpClient/4.5.13 (Java/11.0.15.1)
14:49:37.852 [main] DEBUG org.apache.http.headers - >> Accept-Encoding: gzip,deflate
14:49:37.874 [main] DEBUG org.apache.http.wire -  << "HTTP/1.1 200 OK[\r][\n]"
14:49:37.874 [main] DEBUG org.apache.http.wire -  << "content-type: application/json[\r][\n]"
14:49:37.874 [main] DEBUG org.apache.http.wire -  << "date: Mon, 08 May 2023 07:49:37 GMT[\r][\n]"
14:49:37.874 [main] DEBUG org.apache.http.wire -  << "content-encoding: gzip[\r][\n]"
14:49:37.874 [main] DEBUG org.apache.http.wire -  << "transfer-encoding: chunked[\r][\n]"
14:49:37.874 [main] DEBUG org.apache.http.wire -  << "server: Fly/3f2597ca (2023-05-03)[\r][\n]"
14:49:37.874 [main] DEBUG org.apache.http.wire -  << "via: 1.1 fly.io[\r][\n]"
14:49:37.874 [main] DEBUG org.apache.http.wire -  << "fly-request-id: 01GZX5CQP8WKNHV5AYK7H6QZJ2-sin[\r][\n]"
14:49:37.874 [main] DEBUG org.apache.http.wire -  << "[\r][\n]"
14:49:37.874 [main] DEBUG org.apache.http.impl.conn.DefaultClientConnection - Receiving response: HTTP/1.1 200 OK
14:49:37.874 [main] DEBUG org.apache.http.headers - << HTTP/1.1 200 OK
14:49:37.874 [main] DEBUG org.apache.http.headers - << content-type: application/json
14:49:37.874 [main] DEBUG org.apache.http.headers - << date: Mon, 08 May 2023 07:49:37 GMT
14:49:37.874 [main] DEBUG org.apache.http.headers - << content-encoding: gzip
14:49:37.874 [main] DEBUG org.apache.http.headers - << transfer-encoding: chunked
14:49:37.874 [main] DEBUG org.apache.http.headers - << server: Fly/3f2597ca (2023-05-03)
14:49:37.874 [main] DEBUG org.apache.http.headers - << via: 1.1 fly.io
14:49:37.874 [main] DEBUG org.apache.http.headers - << fly-request-id: 01GZX5CQP8WKNHV5AYK7H6QZJ2-sin
14:49:37.874 [main] DEBUG org.apache.http.impl.client.DefaultHttpClient - Connection can be kept alive indefinitely
14:49:37.874 [main] DEBUG io.restassured.internal.RestAssuredHttpBuilder - Parsing response as: application/json
14:49:37.874 [main] DEBUG org.apache.http.wire -  << "6C[\r][\n]"
14:49:37.874 [main] DEBUG org.apache.http.wire -  << "[0x1f][0x8b][0x8][0x0][0x0][0x0][0x0][0x0][0x4][0xff][0xab]VJI,IT[0xb2][0xaa]V[0xf2]tQ[0xb2]2471[0xb2][0xd4]Qr+[0xcd][0xc9][0xc9]K[0xcc]MU[0xb2]RrL[0xc9],[0xa9]LT[0xf0]+M/J[0xcc]HT[0xd2]Qr[0xcd]M[0xcc][0xcc]Q[0xb2]RJL[0xc9],qH[0x7]q[0xf4][0x92][0xf3]s[0x95]t[0x94][0x2][0x12][0x8b][0x8b][0xcb][0xf3][0x8b]R[0xa0]r[0x86]F[0xc6]J[0xb5][0xb5]\[0x0][0xd4][0xca][0x1]_`[0x0][0x0][0x0]"
14:49:37.874 [main] DEBUG org.apache.http.wire -  << "[\r][\n]"
14:49:37.874 [main] DEBUG org.apache.http.wire -  << "0[\r][\n]"
14:49:37.874 [main] DEBUG org.apache.http.wire -  << "[\r][\n]"
14:49:37.874 [main] DEBUG io.restassured.internal.RestAssuredHttpBuilder - Parsed data to instance of: class org.apache.http.conn.EofSensorInputStream
14:49:37.875 [main] DEBUG org.apache.http.impl.conn.BasicClientConnectionManager - Releasing connection org.apache.http.impl.conn.ManagedClientConnectionImpl@7f8f5d37
14:49:37.875 [main] DEBUG org.apache.http.impl.conn.BasicClientConnectionManager - Connection can be kept alive indefinitely
  &amp#27;[32mWhen &amp#27;[0m&amp#27;[32mI send GET HTTP request user&amp#27;[0m                &amp#27;[90m# starter.stepdefinitions.UserSteps.sentGetHttpRequestUser()&amp#27;[0m
  &amp#27;[32mThen &amp#27;[0m&amp#27;[32mI receive valid HTTP response code 200 user&amp#27;[0m &amp#27;[90m# starter.stepdefinitions.UserSteps.receiveValidHttp200User()&amp#27;[0m
14:49:37.878 [main] INFO  - 
  _____   ___   ___   _____     ___     _     ___   ___   ___   ___  
 |_   _| | __| / __| |_   _|   | _ \   /_\   / __| / __| | __| |   \ 
   | |   | _|  \__ \   | |     |  _/  / _ \  \__ \ \__ \ | _|  | |) |
   |_|   |___| |___/   |_|     |_|   /_/ \_\ |___/ |___/ |___| |___/ 

GET - Get user information
----------------------------------------------------------------------
]]></system-out>
  </testcase>
  <testcase name="GET - Get user information without token" classname="User Information" time="0.088">
    <system-out><![CDATA[
Scenario: GET - Get user information without token &amp#27;[90m# src/test/resources/features/3. User.feature:12&amp#27;[0m
14:49:37.882 [main] DEBUG io.cucumber.core.plugin.SerenityReporter - Running feature from file:///E:/APIMinpro/API/minpro/src/test/resources/features/3.%20User.feature
14:49:37.883 [main] INFO  - 
  _____   ___   ___   _____     ___   _____     _     ___   _____   ___   ___  
 |_   _| | __| / __| |_   _|   / __| |_   _|   /_\   | _ \ |_   _| | __| |   \ 
   | |   | _|  \__ \   | |     \__ \   | |    / _ \  |   /   | |   | _|  | |) |
   |_|   |___| |___/   |_|     |___/   |_|   /_/ \_\ |_|_\   |_|   |___| |___/ 

GET - Get user information without token(user-information;get---get-user-information-without-token)
--------------------------------------------------------------------------------
  &amp#27;[32mGiven &amp#27;[0m&amp#27;[32mI set GET api endpoints user&amp#27;[0m               &amp#27;[90m# starter.stepdefinitions.UserSteps.setGetApiEndpointsUser()&amp#27;[0m
14:49:37.895 [main] DEBUG org.apache.http.impl.conn.BasicClientConnectionManager - Get connection for route {s}->https://altashop-api.fly.dev:443
14:49:37.895 [main] DEBUG org.apache.http.impl.conn.DefaultClientConnectionOperator - Connecting to altashop-api.fly.dev:443
14:49:37.943 [main] DEBUG org.apache.http.client.protocol.RequestAddCookies - CookieSpec selected: ignoreCookies
14:49:37.943 [main] DEBUG org.apache.http.client.protocol.RequestAuthCache - Auth cache not set in the context
14:49:37.943 [main] DEBUG org.apache.http.client.protocol.RequestTargetAuthentication - Target auth state: UNCHALLENGED
14:49:37.943 [main] DEBUG org.apache.http.client.protocol.RequestProxyAuthentication - Proxy auth state: UNCHALLENGED
14:49:37.943 [main] DEBUG org.apache.http.impl.client.DefaultHttpClient - Attempt 1 to execute request
14:49:37.943 [main] DEBUG org.apache.http.impl.conn.DefaultClientConnection - Sending request: GET /api/auth/info HTTP/1.1
14:49:37.943 [main] DEBUG org.apache.http.wire -  >> "GET /api/auth/info HTTP/1.1[\r][\n]"
14:49:37.943 [main] DEBUG org.apache.http.wire -  >> "Accept: */*[\r][\n]"
14:49:37.943 [main] DEBUG org.apache.http.wire -  >> "Host: altashop-api.fly.dev[\r][\n]"
14:49:37.943 [main] DEBUG org.apache.http.wire -  >> "Connection: Keep-Alive[\r][\n]"
14:49:37.943 [main] DEBUG org.apache.http.wire -  >> "User-Agent: Apache-HttpClient/4.5.13 (Java/11.0.15.1)[\r][\n]"
14:49:37.943 [main] DEBUG org.apache.http.wire -  >> "Accept-Encoding: gzip,deflate[\r][\n]"
14:49:37.943 [main] DEBUG org.apache.http.wire -  >> "[\r][\n]"
14:49:37.943 [main] DEBUG org.apache.http.headers - >> GET /api/auth/info HTTP/1.1
14:49:37.943 [main] DEBUG org.apache.http.headers - >> Accept: */*
14:49:37.943 [main] DEBUG org.apache.http.headers - >> Host: altashop-api.fly.dev
14:49:37.943 [main] DEBUG org.apache.http.headers - >> Connection: Keep-Alive
14:49:37.943 [main] DEBUG org.apache.http.headers - >> User-Agent: Apache-HttpClient/4.5.13 (Java/11.0.15.1)
14:49:37.943 [main] DEBUG org.apache.http.headers - >> Accept-Encoding: gzip,deflate
14:49:37.962 [main] DEBUG org.apache.http.wire -  << "HTTP/1.1 401 Unauthorized[\r][\n]"
14:49:37.962 [main] DEBUG org.apache.http.wire -  << "content-type: application/json[\r][\n]"
14:49:37.962 [main] DEBUG org.apache.http.wire -  << "date: Mon, 08 May 2023 07:49:37 GMT[\r][\n]"
14:49:37.962 [main] DEBUG org.apache.http.wire -  << "content-encoding: gzip[\r][\n]"
14:49:37.962 [main] DEBUG org.apache.http.wire -  << "transfer-encoding: chunked[\r][\n]"
14:49:37.962 [main] DEBUG org.apache.http.wire -  << "server: Fly/3f2597ca (2023-05-03)[\r][\n]"
14:49:37.962 [main] DEBUG org.apache.http.wire -  << "via: 1.1 fly.io[\r][\n]"
14:49:37.962 [main] DEBUG org.apache.http.wire -  << "fly-request-id: 01GZX5CQS3GWPSEVF2R7WRY0DY-sin[\r][\n]"
14:49:37.962 [main] DEBUG org.apache.http.wire -  << "[\r][\n]"
14:49:37.962 [main] DEBUG org.apache.http.impl.conn.DefaultClientConnection - Receiving response: HTTP/1.1 401 Unauthorized
14:49:37.962 [main] DEBUG org.apache.http.headers - << HTTP/1.1 401 Unauthorized
14:49:37.962 [main] DEBUG org.apache.http.headers - << content-type: application/json
14:49:37.962 [main] DEBUG org.apache.http.headers - << date: Mon, 08 May 2023 07:49:37 GMT
14:49:37.962 [main] DEBUG org.apache.http.headers - << content-encoding: gzip
14:49:37.962 [main] DEBUG org.apache.http.headers - << transfer-encoding: chunked
14:49:37.962 [main] DEBUG org.apache.http.headers - << server: Fly/3f2597ca (2023-05-03)
14:49:37.962 [main] DEBUG org.apache.http.headers - << via: 1.1 fly.io
14:49:37.962 [main] DEBUG org.apache.http.headers - << fly-request-id: 01GZX5CQS3GWPSEVF2R7WRY0DY-sin
14:49:37.962 [main] DEBUG org.apache.http.impl.client.DefaultHttpClient - Connection can be kept alive indefinitely
14:49:37.962 [main] DEBUG org.apache.http.impl.client.DefaultHttpClient - Authentication required
14:49:37.962 [main] DEBUG org.apache.http.impl.client.DefaultHttpClient - altashop-api.fly.dev:443 requested authentication
14:49:37.963 [main] DEBUG org.apache.http.impl.client.DefaultHttpClient - Response contains no authentication challenges
14:49:37.963 [main] DEBUG io.restassured.internal.RestAssuredHttpBuilder - Parsing response as: application/json
14:49:37.963 [main] DEBUG org.apache.http.wire -  << "2D[\r][\n]"
14:49:37.963 [main] DEBUG org.apache.http.wire -  << "[0x1f][0x8b][0x8][0x0][0x0][0x0][0x0][0x0][0x4][0xff][0xab]VJ-*[0xca]/R[0xb2]R*[0xcd]K,-[0xc9][0xc8]/[0xca][0xac]JMQ[0xaa][0xe5][0x2][0x0]@[0x17]da[0x19][0x0][0x0][0x0]"
14:49:37.963 [main] DEBUG org.apache.http.wire -  << "[\r][\n]"
14:49:37.963 [main] DEBUG org.apache.http.wire -  << "0[\r][\n]"
14:49:37.963 [main] DEBUG org.apache.http.wire -  << "[\r][\n]"
14:49:37.963 [main] DEBUG io.restassured.internal.RestAssuredHttpBuilder - Parsed data to instance of: class org.apache.http.conn.EofSensorInputStream
14:49:37.963 [main] DEBUG org.apache.http.impl.conn.BasicClientConnectionManager - Releasing connection org.apache.http.impl.conn.ManagedClientConnectionImpl@4abdd5e
14:49:37.963 [main] DEBUG org.apache.http.impl.conn.BasicClientConnectionManager - Connection can be kept alive indefinitely
  &amp#27;[32mWhen &amp#27;[0m&amp#27;[32mI send GET HTTP request user2&amp#27;[0m               &amp#27;[90m# starter.stepdefinitions.UserSteps.sendGetHttpRequestUser2()&amp#27;[0m
  &amp#27;[32mThen &amp#27;[0m&amp#27;[32mI receive valid HTTP response code 401 user&amp#27;[0m &amp#27;[90m# starter.stepdefinitions.UserSteps.receiveValidHttp401User()&amp#27;[0m
14:49:37.967 [main] INFO  - 
  _____   ___   ___   _____     ___     _     ___   ___   ___   ___  
 |_   _| | __| / __| |_   _|   | _ \   /_\   / __| / __| | __| |   \ 
   | |   | _|  \__ \   | |     |  _/  / _ \  \__ \ \__ \ | _|  | |) |
   |_|   |___| |___/   |_|     |_|   /_/ \_\ |___/ |___/ |___| |___/ 

GET - Get user information without token
----------------------------------------------------------------------
]]></system-out>
  </testcase>
  <testcase name="POST - Add new category" classname="Categories" time="0.102">
    <system-out><![CDATA[14:49:37.967 [main] DEBUG io.cucumber.core.plugin.SerenityReporter - Running feature from file:///E:/APIMinpro/API/minpro/src/test/resources/features/4.%20Categories.feature
14:49:37.968 [main] DEBUG net.thucydides.core.steps.StepEventBus - Test suite started for story net.thucydides.core.model.Story@1b5f86d1
14:49:37.969 [main] INFO  - Test Suite Started: Categories

Scenario: POST - Add new category                        &amp#27;[90m# src/test/resources/features/4. Categories.feature:7&amp#27;[0m
14:49:37.972 [main] DEBUG io.cucumber.core.plugin.SerenityReporter - Running feature from file:///E:/APIMinpro/API/minpro/src/test/resources/features/4.%20Categories.feature
14:49:37.974 [main] INFO  - 
  _____   ___   ___   _____     ___   _____     _     ___   _____   ___   ___  
 |_   _| | __| / __| |_   _|   / __| |_   _|   /_\   | _ \ |_   _| | __| |   \ 
   | |   | _|  \__ \   | |     \__ \   | |    / _ \  |   /   | |   | _|  | |) |
   |_|   |___| |___/   |_|     |___/   |_|   /_/ \_\ |_|_\   |_|   |___| |___/ 

POST - Add new category(categories;post---add-new-category)
--------------------------------------------------------------------------------
14:49:37.987 [main] DEBUG net.thucydides.core.steps.StepInterceptor - STARTING STEP: CategoriesSteps.setPostApiEndpointsf - I set POST api endpoints categories
14:49:37.987 [main] DEBUG net.thucydides.core.steps.StepInterceptor - STEP DONE: I set POST api endpoints categories
  &amp#27;[32mGiven &amp#27;[0m&amp#27;[32mI set POST api endpoints categories&amp#27;[0m              &amp#27;[90m# starter.stepdefinitions.CategoriesSteps.setPostApiEndpointsf()&amp#27;[0m
14:49:37.989 [main] DEBUG net.thucydides.core.steps.StepInterceptor - STARTING STEP: CategoriesSteps.sendPostHttpRequestCategories - I send POST HTTP request categories
14:49:37.990 [main] DEBUG net.thucydides.core.steps.StepInterceptor - STARTING STEP: Categories.sendPostHttpRequestCategories - I set POST api endpoints categories
14:49:37.990 [main] DEBUG net.thucydides.core.steps.StepInterceptor - STEP DONE: I set POST api endpoints categories
14:49:37.995 [main] DEBUG org.apache.http.impl.conn.BasicClientConnectionManager - Get connection for route {s}->https://altashop-api.fly.dev:443
14:49:37.996 [main] DEBUG org.apache.http.impl.conn.DefaultClientConnectionOperator - Connecting to altashop-api.fly.dev:443
14:49:38.040 [main] DEBUG org.apache.http.client.protocol.RequestAddCookies - CookieSpec selected: ignoreCookies
14:49:38.040 [main] DEBUG org.apache.http.client.protocol.RequestAuthCache - Auth cache not set in the context
14:49:38.040 [main] DEBUG org.apache.http.client.protocol.RequestTargetAuthentication - Target auth state: UNCHALLENGED
14:49:38.040 [main] DEBUG org.apache.http.client.protocol.RequestProxyAuthentication - Proxy auth state: UNCHALLENGED
14:49:38.040 [main] DEBUG org.apache.http.impl.client.DefaultHttpClient - Attempt 1 to execute request
14:49:38.040 [main] DEBUG org.apache.http.impl.conn.DefaultClientConnection - Sending request: POST /api/categories HTTP/1.1
14:49:38.040 [main] DEBUG org.apache.http.wire -  >> "POST /api/categories HTTP/1.1[\r][\n]"
14:49:38.040 [main] DEBUG org.apache.http.wire -  >> "Accept: */*[\r][\n]"
14:49:38.040 [main] DEBUG org.apache.http.wire -  >> "Content-Type: application/json[\r][\n]"
14:49:38.040 [main] DEBUG org.apache.http.wire -  >> "Content-Length: 53[\r][\n]"
14:49:38.040 [main] DEBUG org.apache.http.wire -  >> "Host: altashop-api.fly.dev[\r][\n]"
14:49:38.040 [main] DEBUG org.apache.http.wire -  >> "Connection: Keep-Alive[\r][\n]"
14:49:38.040 [main] DEBUG org.apache.http.wire -  >> "User-Agent: Apache-HttpClient/4.5.13 (Java/11.0.15.1)[\r][\n]"
14:49:38.040 [main] DEBUG org.apache.http.wire -  >> "Accept-Encoding: gzip,deflate[\r][\n]"
14:49:38.040 [main] DEBUG org.apache.http.wire -  >> "[\r][\n]"
14:49:38.040 [main] DEBUG org.apache.http.headers - >> POST /api/categories HTTP/1.1
14:49:38.040 [main] DEBUG org.apache.http.headers - >> Accept: */*
14:49:38.040 [main] DEBUG org.apache.http.headers - >> Content-Type: application/json
14:49:38.040 [main] DEBUG org.apache.http.headers - >> Content-Length: 53
14:49:38.040 [main] DEBUG org.apache.http.headers - >> Host: altashop-api.fly.dev
14:49:38.040 [main] DEBUG org.apache.http.headers - >> Connection: Keep-Alive
14:49:38.040 [main] DEBUG org.apache.http.headers - >> User-Agent: Apache-HttpClient/4.5.13 (Java/11.0.15.1)
14:49:38.040 [main] DEBUG org.apache.http.headers - >> Accept-Encoding: gzip,deflate
14:49:38.040 [main] DEBUG org.apache.http.wire -  >> "{"name":"Gaming","description":"For gaming purposes"}"
14:49:38.063 [main] DEBUG org.apache.http.wire -  << "HTTP/1.1 200 OK[\r][\n]"
14:49:38.063 [main] DEBUG org.apache.http.wire -  << "content-type: application/json[\r][\n]"
14:49:38.063 [main] DEBUG org.apache.http.wire -  << "date: Mon, 08 May 2023 07:49:37 GMT[\r][\n]"
14:49:38.063 [main] DEBUG org.apache.http.wire -  << "content-encoding: gzip[\r][\n]"
14:49:38.063 [main] DEBUG org.apache.http.wire -  << "transfer-encoding: chunked[\r][\n]"
14:49:38.063 [main] DEBUG org.apache.http.wire -  << "server: Fly/3f2597ca (2023-05-03)[\r][\n]"
14:49:38.063 [main] DEBUG org.apache.http.wire -  << "via: 1.1 fly.io[\r][\n]"
14:49:38.063 [main] DEBUG org.apache.http.wire -  << "fly-request-id: 01GZX5CQW5GF6WYZEWYSESTAF3-sin[\r][\n]"
14:49:38.063 [main] DEBUG org.apache.http.wire -  << "[\r][\n]"
14:49:38.063 [main] DEBUG org.apache.http.impl.conn.DefaultClientConnection - Receiving response: HTTP/1.1 200 OK
14:49:38.063 [main] DEBUG org.apache.http.headers - << HTTP/1.1 200 OK
14:49:38.063 [main] DEBUG org.apache.http.headers - << content-type: application/json
14:49:38.063 [main] DEBUG org.apache.http.headers - << date: Mon, 08 May 2023 07:49:37 GMT
14:49:38.063 [main] DEBUG org.apache.http.headers - << content-encoding: gzip
14:49:38.063 [main] DEBUG org.apache.http.headers - << transfer-encoding: chunked
14:49:38.063 [main] DEBUG org.apache.http.headers - << server: Fly/3f2597ca (2023-05-03)
14:49:38.063 [main] DEBUG org.apache.http.headers - << via: 1.1 fly.io
14:49:38.063 [main] DEBUG org.apache.http.headers - << fly-request-id: 01GZX5CQW5GF6WYZEWYSESTAF3-sin
14:49:38.063 [main] DEBUG org.apache.http.impl.client.DefaultHttpClient - Connection can be kept alive indefinitely
14:49:38.063 [main] DEBUG io.restassured.internal.RestAssuredHttpBuilder - Parsing response as: application/json
14:49:38.063 [main] DEBUG org.apache.http.wire -  << "5B[\r][\n]"
14:49:38.063 [main] DEBUG org.apache.http.wire -  << "[0x1f][0x8b][0x8][0x0][0x0][0x0][0x0][0x0][0x4][0xff][0xab]VJI,IT[0xb2][0xaa]V[0xf2]tQ[0xb2]2465[0xb6][0xd0]Q[0xf2]K[0xcc]MU[0xb2]RrO[0xcc][0xcd][0xcc]KW[0xd2]QrI-N.[0xca],([0xc9][0xcc][0xcf]S[0xb2]Rr[0xcb]/RH[0x7]K)[0x14][0x94][0x16][0x15][0xe4][0x17][0xa7][0x16]+[0xd5][0xd6]r[0x1][0x0]%[0x9d][0xc][0x15]J[0x0][0x0][0x0]"
14:49:38.063 [main] DEBUG org.apache.http.wire -  << "[\r][\n]"
14:49:38.065 [main] DEBUG org.apache.http.wire -  << "0[\r][\n]"
14:49:38.065 [main] DEBUG org.apache.http.wire -  << "[\r][\n]"
14:49:38.065 [main] DEBUG io.restassured.internal.RestAssuredHttpBuilder - Parsed data to instance of: class org.apache.http.conn.EofSensorInputStream
14:49:38.066 [main] DEBUG org.apache.http.impl.conn.BasicClientConnectionManager - Releasing connection org.apache.http.impl.conn.ManagedClientConnectionImpl@21d15932
14:49:38.066 [main] DEBUG org.apache.http.impl.conn.BasicClientConnectionManager - Connection can be kept alive indefinitely
14:49:38.066 [main] DEBUG net.thucydides.core.steps.StepInterceptor - STEP DONE: I send POST HTTP request categories
  &amp#27;[32mWhen &amp#27;[0m&amp#27;[32mI send POST HTTP request categories&amp#27;[0m               &amp#27;[90m# starter.stepdefinitions.CategoriesSteps.sendPostHttpRequestCategories()&amp#27;[0m
14:49:38.068 [main] DEBUG net.thucydides.core.steps.StepInterceptor - STARTING STEP: CategoriesSteps.receiveValidHttp200Categories - I receive valid HTTP response code 200 categories
14:49:38.069 [main] DEBUG net.thucydides.core.steps.StepInterceptor - STEP DONE: I receive valid HTTP response code 200 categories
  &amp#27;[32mThen &amp#27;[0m&amp#27;[32mI receive valid HTTP response code 200 categories&amp#27;[0m &amp#27;[90m# starter.stepdefinitions.CategoriesSteps.receiveValidHttp200Categories()&amp#27;[0m
14:49:38.070 [main] INFO  - 
  _____   ___   ___   _____     ___     _     ___   ___   ___   ___  
 |_   _| | __| / __| |_   _|   | _ \   /_\   / __| / __| | __| |   \ 
   | |   | _|  \__ \   | |     |  _/  / _ \  \__ \ \__ \ | _|  | |) |
   |_|   |___| |___/   |_|     |_|   /_/ \_\ |___/ |___/ |___| |___/ 

POST - Add new category
----------------------------------------------------------------------
]]></system-out>
  </testcase>
  <testcase name="POST - Add new category without description data payload" classname="Categories" time="0.097">
    <system-out><![CDATA[
Scenario: POST - Add new category without description data payload &amp#27;[90m# src/test/resources/features/4. Categories.feature:12&amp#27;[0m
14:49:38.073 [main] DEBUG io.cucumber.core.plugin.SerenityReporter - Running feature from file:///E:/APIMinpro/API/minpro/src/test/resources/features/4.%20Categories.feature
14:49:38.074 [main] INFO  - 
  _____   ___   ___   _____     ___   _____     _     ___   _____   ___   ___  
 |_   _| | __| / __| |_   _|   / __| |_   _|   /_\   | _ \ |_   _| | __| |   \ 
   | |   | _|  \__ \   | |     \__ \   | |    / _ \  |   /   | |   | _|  | |) |
   |_|   |___| |___/   |_|     |___/   |_|   /_/ \_\ |_|_\   |_|   |___| |___/ 

POST - Add new category without description data payload(categories;post---add-new-category-without-description-data-payload)
--------------------------------------------------------------------------------
14:49:38.079 [main] DEBUG net.thucydides.core.steps.StepInterceptor - STARTING STEP: CategoriesSteps.setPostApiEndpointsf - I set POST api endpoints categories
14:49:38.079 [main] DEBUG net.thucydides.core.steps.StepInterceptor - STEP DONE: I set POST api endpoints categories
  &amp#27;[32mGiven &amp#27;[0m&amp#27;[32mI set POST api endpoints categories&amp#27;[0m                        &amp#27;[90m# starter.stepdefinitions.CategoriesSteps.setPostApiEndpointsf()&amp#27;[0m
14:49:38.084 [main] DEBUG net.thucydides.core.steps.StepInterceptor - STARTING STEP: CategoriesSteps.sendPostHttpRequestCategories2 - I send POST HTTP request categories2
14:49:38.087 [main] DEBUG net.thucydides.core.steps.StepInterceptor - STARTING STEP: Categories.sendPostHttpRequestCategories2 - I set POST api endpoints categories
14:49:38.087 [main] DEBUG net.thucydides.core.steps.StepInterceptor - STEP DONE: I set POST api endpoints categories
14:49:38.098 [main] DEBUG org.apache.http.impl.conn.BasicClientConnectionManager - Get connection for route {s}->https://altashop-api.fly.dev:443
14:49:38.098 [main] DEBUG org.apache.http.impl.conn.DefaultClientConnectionOperator - Connecting to altashop-api.fly.dev:443
14:49:38.140 [main] DEBUG org.apache.http.client.protocol.RequestAddCookies - CookieSpec selected: ignoreCookies
14:49:38.140 [main] DEBUG org.apache.http.client.protocol.RequestAuthCache - Auth cache not set in the context
14:49:38.140 [main] DEBUG org.apache.http.client.protocol.RequestTargetAuthentication - Target auth state: UNCHALLENGED
14:49:38.140 [main] DEBUG org.apache.http.client.protocol.RequestProxyAuthentication - Proxy auth state: UNCHALLENGED
14:49:38.140 [main] DEBUG org.apache.http.impl.client.DefaultHttpClient - Attempt 1 to execute request
14:49:38.140 [main] DEBUG org.apache.http.impl.conn.DefaultClientConnection - Sending request: POST /api/categories HTTP/1.1
14:49:38.140 [main] DEBUG org.apache.http.wire -  >> "POST /api/categories HTTP/1.1[\r][\n]"
14:49:38.140 [main] DEBUG org.apache.http.wire -  >> "Accept: */*[\r][\n]"
14:49:38.140 [main] DEBUG org.apache.http.wire -  >> "Content-Type: application/json[\r][\n]"
14:49:38.140 [main] DEBUG org.apache.http.wire -  >> "Content-Length: 17[\r][\n]"
14:49:38.140 [main] DEBUG org.apache.http.wire -  >> "Host: altashop-api.fly.dev[\r][\n]"
14:49:38.140 [main] DEBUG org.apache.http.wire -  >> "Connection: Keep-Alive[\r][\n]"
14:49:38.140 [main] DEBUG org.apache.http.wire -  >> "User-Agent: Apache-HttpClient/4.5.13 (Java/11.0.15.1)[\r][\n]"
14:49:38.140 [main] DEBUG org.apache.http.wire -  >> "Accept-Encoding: gzip,deflate[\r][\n]"
14:49:38.140 [main] DEBUG org.apache.http.wire -  >> "[\r][\n]"
14:49:38.140 [main] DEBUG org.apache.http.headers - >> POST /api/categories HTTP/1.1
14:49:38.140 [main] DEBUG org.apache.http.headers - >> Accept: */*
14:49:38.140 [main] DEBUG org.apache.http.headers - >> Content-Type: application/json
14:49:38.140 [main] DEBUG org.apache.http.headers - >> Content-Length: 17
14:49:38.140 [main] DEBUG org.apache.http.headers - >> Host: altashop-api.fly.dev
14:49:38.140 [main] DEBUG org.apache.http.headers - >> Connection: Keep-Alive
14:49:38.140 [main] DEBUG org.apache.http.headers - >> User-Agent: Apache-HttpClient/4.5.13 (Java/11.0.15.1)
14:49:38.140 [main] DEBUG org.apache.http.headers - >> Accept-Encoding: gzip,deflate
14:49:38.140 [main] DEBUG org.apache.http.wire -  >> "{"name":"Gaming"}"
14:49:38.160 [main] DEBUG org.apache.http.wire -  << "HTTP/1.1 200 OK[\r][\n]"
14:49:38.160 [main] DEBUG org.apache.http.wire -  << "content-type: application/json[\r][\n]"
14:49:38.160 [main] DEBUG org.apache.http.wire -  << "date: Mon, 08 May 2023 07:49:37 GMT[\r][\n]"
14:49:38.160 [main] DEBUG org.apache.http.wire -  << "content-encoding: gzip[\r][\n]"
14:49:38.160 [main] DEBUG org.apache.http.wire -  << "transfer-encoding: chunked[\r][\n]"
14:49:38.160 [main] DEBUG org.apache.http.wire -  << "server: Fly/3f2597ca (2023-05-03)[\r][\n]"
14:49:38.160 [main] DEBUG org.apache.http.wire -  << "via: 1.1 fly.io[\r][\n]"
14:49:38.160 [main] DEBUG org.apache.http.wire -  << "fly-request-id: 01GZX5CQZ74HJ78H7SS42Y2Q40-sin[\r][\n]"
14:49:38.160 [main] DEBUG org.apache.http.wire -  << "[\r][\n]"
14:49:38.160 [main] DEBUG org.apache.http.impl.conn.DefaultClientConnection - Receiving response: HTTP/1.1 200 OK
14:49:38.160 [main] DEBUG org.apache.http.headers - << HTTP/1.1 200 OK
14:49:38.160 [main] DEBUG org.apache.http.headers - << content-type: application/json
14:49:38.160 [main] DEBUG org.apache.http.headers - << date: Mon, 08 May 2023 07:49:37 GMT
14:49:38.160 [main] DEBUG org.apache.http.headers - << content-encoding: gzip
14:49:38.160 [main] DEBUG org.apache.http.headers - << transfer-encoding: chunked
14:49:38.160 [main] DEBUG org.apache.http.headers - << server: Fly/3f2597ca (2023-05-03)
14:49:38.160 [main] DEBUG org.apache.http.headers - << via: 1.1 fly.io
14:49:38.160 [main] DEBUG org.apache.http.headers - << fly-request-id: 01GZX5CQZ74HJ78H7SS42Y2Q40-sin
14:49:38.161 [main] DEBUG org.apache.http.impl.client.DefaultHttpClient - Connection can be kept alive indefinitely
14:49:38.161 [main] DEBUG io.restassured.internal.RestAssuredHttpBuilder - Parsing response as: application/json
14:49:38.161 [main] DEBUG org.apache.http.wire -  << "4B[\r][\n]"
14:49:38.161 [main] DEBUG org.apache.http.wire -  << "[0x1f][0x8b][0x8][0x0][0x0][0x0][0x0][0x0][0x4][0xff][0xab]VJI,IT[0xb2][0xaa]V[0xf2]tQ[0xb2]2465[0xb6][0xd4]Q[0xf2]K[0xcc]MU[0xb2]RrO[0xcc][0xcd][0xcc]KW[0xd2]QrI-N.[0xca],([0xc9][0xcc][0xcf]S[0xb2]RR[0xaa][0xad][0xe5][0x2][0x0][0xe5][0xa3][0xcf]h7[0x0][0x0][0x0]"
14:49:38.161 [main] DEBUG org.apache.http.wire -  << "[\r][\n]"
14:49:38.161 [main] DEBUG org.apache.http.wire -  << "0[\r][\n]"
14:49:38.161 [main] DEBUG org.apache.http.wire -  << "[\r][\n]"
14:49:38.161 [main] DEBUG io.restassured.internal.RestAssuredHttpBuilder - Parsed data to instance of: class org.apache.http.conn.EofSensorInputStream
14:49:38.163 [main] DEBUG org.apache.http.impl.conn.BasicClientConnectionManager - Releasing connection org.apache.http.impl.conn.ManagedClientConnectionImpl@de40aa1
14:49:38.163 [main] DEBUG org.apache.http.impl.conn.BasicClientConnectionManager - Connection can be kept alive indefinitely
14:49:38.163 [main] DEBUG net.thucydides.core.steps.StepInterceptor - STEP DONE: I send POST HTTP request categories2
  &amp#27;[32mWhen &amp#27;[0m&amp#27;[32mI send POST HTTP request categories2&amp#27;[0m                        &amp#27;[90m# starter.stepdefinitions.CategoriesSteps.sendPostHttpRequestCategories2()&amp#27;[0m
14:49:38.165 [main] DEBUG net.thucydides.core.steps.StepInterceptor - STARTING STEP: CategoriesSteps.receiveValidHttp200Categories - I receive valid HTTP response code 200 categories
14:49:38.166 [main] DEBUG net.thucydides.core.steps.StepInterceptor - STEP DONE: I receive valid HTTP response code 200 categories
  &amp#27;[32mThen &amp#27;[0m&amp#27;[32mI receive valid HTTP response code 200 categories&amp#27;[0m           &amp#27;[90m# starter.stepdefinitions.CategoriesSteps.receiveValidHttp200Categories()&amp#27;[0m
14:49:38.167 [main] INFO  - 
  _____   ___   ___   _____     ___     _     ___   ___   ___   ___  
 |_   _| | __| / __| |_   _|   | _ \   /_\   / __| / __| | __| |   \ 
   | |   | _|  \__ \   | |     |  _/  / _ \  \__ \ \__ \ | _|  | |) |
   |_|   |___| |___/   |_|     |_|   /_/ \_\ |___/ |___/ |___| |___/ 

POST - Add new category without description data payload
----------------------------------------------------------------------
]]></system-out>
  </testcase>
  <testcase name="POST - Add new category without name data payload" classname="Categories" time="0.09">
    <system-out><![CDATA[
Scenario: POST - Add new category without name data payload &amp#27;[90m# src/test/resources/features/4. Categories.feature:17&amp#27;[0m
14:49:38.170 [main] DEBUG io.cucumber.core.plugin.SerenityReporter - Running feature from file:///E:/APIMinpro/API/minpro/src/test/resources/features/4.%20Categories.feature
14:49:38.172 [main] INFO  - 
  _____   ___   ___   _____     ___   _____     _     ___   _____   ___   ___  
 |_   _| | __| / __| |_   _|   / __| |_   _|   /_\   | _ \ |_   _| | __| |   \ 
   | |   | _|  \__ \   | |     \__ \   | |    / _ \  |   /   | |   | _|  | |) |
   |_|   |___| |___/   |_|     |___/   |_|   /_/ \_\ |_|_\   |_|   |___| |___/ 

POST - Add new category without name data payload(categories;post---add-new-category-without-name-data-payload)
--------------------------------------------------------------------------------
14:49:38.177 [main] DEBUG net.thucydides.core.steps.StepInterceptor - STARTING STEP: CategoriesSteps.setPostApiEndpointsf - I set POST api endpoints categories
14:49:38.178 [main] DEBUG net.thucydides.core.steps.StepInterceptor - STEP DONE: I set POST api endpoints categories
  &amp#27;[32mGiven &amp#27;[0m&amp#27;[32mI set POST api endpoints categories&amp#27;[0m                 &amp#27;[90m# starter.stepdefinitions.CategoriesSteps.setPostApiEndpointsf()&amp#27;[0m
14:49:38.179 [main] DEBUG net.thucydides.core.steps.StepInterceptor - STARTING STEP: CategoriesSteps.sendPostHttpRequestCategories3 - I send POST HTTP request categories3
14:49:38.180 [main] DEBUG net.thucydides.core.steps.StepInterceptor - STARTING STEP: Categories.sendPostHttpRequestCategories3 - I set POST api endpoints categories
14:49:38.180 [main] DEBUG net.thucydides.core.steps.StepInterceptor - STEP DONE: I set POST api endpoints categories
14:49:38.185 [main] DEBUG org.apache.http.impl.conn.BasicClientConnectionManager - Get connection for route {s}->https://altashop-api.fly.dev:443
14:49:38.186 [main] DEBUG org.apache.http.impl.conn.DefaultClientConnectionOperator - Connecting to altashop-api.fly.dev:443
14:49:38.231 [main] DEBUG org.apache.http.client.protocol.RequestAddCookies - CookieSpec selected: ignoreCookies
14:49:38.231 [main] DEBUG org.apache.http.client.protocol.RequestAuthCache - Auth cache not set in the context
14:49:38.231 [main] DEBUG org.apache.http.client.protocol.RequestTargetAuthentication - Target auth state: UNCHALLENGED
14:49:38.231 [main] DEBUG org.apache.http.client.protocol.RequestProxyAuthentication - Proxy auth state: UNCHALLENGED
14:49:38.231 [main] DEBUG org.apache.http.impl.client.DefaultHttpClient - Attempt 1 to execute request
14:49:38.231 [main] DEBUG org.apache.http.impl.conn.DefaultClientConnection - Sending request: POST /api/categories HTTP/1.1
14:49:38.231 [main] DEBUG org.apache.http.wire -  >> "POST /api/categories HTTP/1.1[\r][\n]"
14:49:38.231 [main] DEBUG org.apache.http.wire -  >> "Accept: */*[\r][\n]"
14:49:38.231 [main] DEBUG org.apache.http.wire -  >> "Content-Type: application/json[\r][\n]"
14:49:38.231 [main] DEBUG org.apache.http.wire -  >> "Content-Length: 37[\r][\n]"
14:49:38.231 [main] DEBUG org.apache.http.wire -  >> "Host: altashop-api.fly.dev[\r][\n]"
14:49:38.231 [main] DEBUG org.apache.http.wire -  >> "Connection: Keep-Alive[\r][\n]"
14:49:38.231 [main] DEBUG org.apache.http.wire -  >> "User-Agent: Apache-HttpClient/4.5.13 (Java/11.0.15.1)[\r][\n]"
14:49:38.231 [main] DEBUG org.apache.http.wire -  >> "Accept-Encoding: gzip,deflate[\r][\n]"
14:49:38.231 [main] DEBUG org.apache.http.wire -  >> "[\r][\n]"
14:49:38.231 [main] DEBUG org.apache.http.headers - >> POST /api/categories HTTP/1.1
14:49:38.231 [main] DEBUG org.apache.http.headers - >> Accept: */*
14:49:38.231 [main] DEBUG org.apache.http.headers - >> Content-Type: application/json
14:49:38.231 [main] DEBUG org.apache.http.headers - >> Content-Length: 37
14:49:38.231 [main] DEBUG org.apache.http.headers - >> Host: altashop-api.fly.dev
14:49:38.231 [main] DEBUG org.apache.http.headers - >> Connection: Keep-Alive
14:49:38.231 [main] DEBUG org.apache.http.headers - >> User-Agent: Apache-HttpClient/4.5.13 (Java/11.0.15.1)
14:49:38.231 [main] DEBUG org.apache.http.headers - >> Accept-Encoding: gzip,deflate
14:49:38.231 [main] DEBUG org.apache.http.wire -  >> "{"description":"For gaming purposes"}"
14:49:38.253 [main] DEBUG org.apache.http.wire -  << "HTTP/1.1 500 Internal Server Error[\r][\n]"
14:49:38.253 [main] DEBUG org.apache.http.wire -  << "content-type: application/json[\r][\n]"
14:49:38.253 [main] DEBUG org.apache.http.wire -  << "date: Mon, 08 May 2023 07:49:37 GMT[\r][\n]"
14:49:38.253 [main] DEBUG org.apache.http.wire -  << "content-encoding: gzip[\r][\n]"
14:49:38.253 [main] DEBUG org.apache.http.wire -  << "transfer-encoding: chunked[\r][\n]"
14:49:38.253 [main] DEBUG org.apache.http.wire -  << "server: Fly/3f2597ca (2023-05-03)[\r][\n]"
14:49:38.253 [main] DEBUG org.apache.http.wire -  << "via: 1.1 fly.io[\r][\n]"
14:49:38.253 [main] DEBUG org.apache.http.wire -  << "fly-request-id: 01GZX5CR23T0RA5W1C9T31F13W-sin[\r][\n]"
14:49:38.253 [main] DEBUG org.apache.http.wire -  << "[\r][\n]"
14:49:38.253 [main] DEBUG org.apache.http.impl.conn.DefaultClientConnection - Receiving response: HTTP/1.1 500 Internal Server Error
14:49:38.253 [main] DEBUG org.apache.http.headers - << HTTP/1.1 500 Internal Server Error
14:49:38.253 [main] DEBUG org.apache.http.headers - << content-type: application/json
14:49:38.253 [main] DEBUG org.apache.http.headers - << date: Mon, 08 May 2023 07:49:37 GMT
14:49:38.253 [main] DEBUG org.apache.http.headers - << content-encoding: gzip
14:49:38.253 [main] DEBUG org.apache.http.headers - << transfer-encoding: chunked
14:49:38.253 [main] DEBUG org.apache.http.headers - << server: Fly/3f2597ca (2023-05-03)
14:49:38.253 [main] DEBUG org.apache.http.headers - << via: 1.1 fly.io
14:49:38.253 [main] DEBUG org.apache.http.headers - << fly-request-id: 01GZX5CR23T0RA5W1C9T31F13W-sin
14:49:38.253 [main] DEBUG org.apache.http.impl.client.DefaultHttpClient - Connection can be kept alive indefinitely
14:49:38.253 [main] DEBUG io.restassured.internal.RestAssuredHttpBuilder - Parsing response as: application/json
14:49:38.253 [main] DEBUG org.apache.http.wire -  << "82[\r][\n]"
14:49:38.253 [main] DEBUG org.apache.http.wire -  << "[0x1f][0x8b][0x8][0x0][0x0][0x0][0x0][0x0][0x4][0xff][0xab]VJ-*[0xca]/R[0xb2]Rr[\r][\n]"
14:49:38.253 [main] DEBUG org.apache.http.wire -  << "[0xf2][0xf][0xb2]R[0xc8]K-W([0xca]/WH[0xcb]/R(J[0xcd]I,[0xc9][0xcc][0xcf]S[0x88]QJN,IM[0xcf]/[0xca]L-[0x8e]QR([0xcb][0xcc][0xcf]I,I-VH[0xce]HM[0xce]VH[0xce][0xcf]+.)J[0xcc][0xcc]+AQ[0x18][0x9f][0x97][0x98][0x9b][0x1a][0xf]V[0x12][0xa3][0xa4][0xa0][0x11][0x1c][0xe8][0x13][0x1c][0xe2][0x18][0xe2][0xaa]`dljh[0xa2][0xa9]T[0xcb][0x5][0x0]p%[0xdd]o|[0x0][0x0][0x0]"
14:49:38.253 [main] DEBUG org.apache.http.wire -  << "[\r][\n]"
14:49:38.253 [main] DEBUG org.apache.http.wire -  << "0[\r][\n]"
14:49:38.253 [main] DEBUG org.apache.http.wire -  << "[\r][\n]"
14:49:38.253 [main] DEBUG io.restassured.internal.RestAssuredHttpBuilder - Parsed data to instance of: class org.apache.http.conn.EofSensorInputStream
14:49:38.254 [main] DEBUG org.apache.http.impl.conn.BasicClientConnectionManager - Releasing connection org.apache.http.impl.conn.ManagedClientConnectionImpl@4023d23f
14:49:38.254 [main] DEBUG org.apache.http.impl.conn.BasicClientConnectionManager - Connection can be kept alive indefinitely
14:49:38.254 [main] DEBUG net.thucydides.core.steps.StepInterceptor - STEP DONE: I send POST HTTP request categories3
  &amp#27;[32mWhen &amp#27;[0m&amp#27;[32mI send POST HTTP request categories3&amp#27;[0m                 &amp#27;[90m# starter.stepdefinitions.CategoriesSteps.sendPostHttpRequestCategories3()&amp#27;[0m
14:49:38.256 [main] DEBUG net.thucydides.core.steps.StepInterceptor - STARTING STEP: CategoriesSteps.receiveValidHttp500Categories - I receive valid HTTP response code 500 categories
14:49:38.257 [main] DEBUG net.thucydides.core.steps.StepInterceptor - STEP DONE: I receive valid HTTP response code 500 categories
  &amp#27;[32mThen &amp#27;[0m&amp#27;[32mI receive valid HTTP response code 500 categories&amp#27;[0m    &amp#27;[90m# starter.stepdefinitions.CategoriesSteps.receiveValidHttp500Categories()&amp#27;[0m
14:49:38.258 [main] INFO  - 
  _____   ___   ___   _____     ___     _     ___   ___   ___   ___  
 |_   _| | __| / __| |_   _|   | _ \   /_\   / __| / __| | __| |   \ 
   | |   | _|  \__ \   | |     |  _/  / _ \  \__ \ \__ \ | _|  | |) |
   |_|   |___| |___/   |_|     |_|   /_/ \_\ |___/ |___/ |___| |___/ 

POST - Add new category without name data payload
----------------------------------------------------------------------
]]></system-out>
  </testcase>
  <testcase name="GET - Get list all categories" classname="Categories" time="0.154">
    <system-out><![CDATA[
Scenario: GET - Get list all categories                  &amp#27;[90m# src/test/resources/features/4. Categories.feature:22&amp#27;[0m
14:49:38.260 [main] DEBUG io.cucumber.core.plugin.SerenityReporter - Running feature from file:///E:/APIMinpro/API/minpro/src/test/resources/features/4.%20Categories.feature
14:49:38.261 [main] INFO  - 
  _____   ___   ___   _____     ___   _____     _     ___   _____   ___   ___  
 |_   _| | __| / __| |_   _|   / __| |_   _|   /_\   | _ \ |_   _| | __| |   \ 
   | |   | _|  \__ \   | |     \__ \   | |    / _ \  |   /   | |   | _|  | |) |
   |_|   |___| |___/   |_|     |___/   |_|   /_/ \_\ |_|_\   |_|   |___| |___/ 

GET - Get list all categories(categories;get---get-list-all-categories)
--------------------------------------------------------------------------------
14:49:38.266 [main] DEBUG net.thucydides.core.steps.StepInterceptor - STARTING STEP: CategoriesSteps.setGetApiEndpoints - I set GET api endpoints categories
14:49:38.266 [main] DEBUG net.thucydides.core.steps.StepInterceptor - STEP DONE: I set GET api endpoints categories
  &amp#27;[32mGiven &amp#27;[0m&amp#27;[32mI set GET api endpoints categories&amp#27;[0m               &amp#27;[90m# starter.stepdefinitions.CategoriesSteps.setGetApiEndpoints()&amp#27;[0m
14:49:38.268 [main] DEBUG net.thucydides.core.steps.StepInterceptor - STARTING STEP: CategoriesSteps.sentGetHttpRequestCategories - I send GET HTTP request categories
14:49:38.269 [main] DEBUG net.thucydides.core.steps.StepInterceptor - STARTING STEP: Categories.sendGetHttpRequestCategories - I set GET api endpoints categories
14:49:38.269 [main] DEBUG net.thucydides.core.steps.StepInterceptor - STEP DONE: I set GET api endpoints categories
14:49:38.273 [main] DEBUG org.apache.http.impl.conn.BasicClientConnectionManager - Get connection for route {s}->https://altashop-api.fly.dev:443
14:49:38.273 [main] DEBUG org.apache.http.impl.conn.DefaultClientConnectionOperator - Connecting to altashop-api.fly.dev:443
14:49:38.327 [main] DEBUG org.apache.http.client.protocol.RequestAddCookies - CookieSpec selected: ignoreCookies
14:49:38.328 [main] DEBUG org.apache.http.client.protocol.RequestAuthCache - Auth cache not set in the context
14:49:38.328 [main] DEBUG org.apache.http.client.protocol.RequestTargetAuthentication - Target auth state: UNCHALLENGED
14:49:38.328 [main] DEBUG org.apache.http.client.protocol.RequestProxyAuthentication - Proxy auth state: UNCHALLENGED
14:49:38.328 [main] DEBUG org.apache.http.impl.client.DefaultHttpClient - Attempt 1 to execute request
14:49:38.328 [main] DEBUG org.apache.http.impl.conn.DefaultClientConnection - Sending request: GET /api/categories HTTP/1.1
14:49:38.328 [main] DEBUG org.apache.http.wire -  >> "GET /api/categories HTTP/1.1[\r][\n]"
14:49:38.328 [main] DEBUG org.apache.http.wire -  >> "Accept: */*[\r][\n]"
14:49:38.328 [main] DEBUG org.apache.http.wire -  >> "Host: altashop-api.fly.dev[\r][\n]"
14:49:38.328 [main] DEBUG org.apache.http.wire -  >> "Connection: Keep-Alive[\r][\n]"
14:49:38.328 [main] DEBUG org.apache.http.wire -  >> "User-Agent: Apache-HttpClient/4.5.13 (Java/11.0.15.1)[\r][\n]"
14:49:38.328 [main] DEBUG org.apache.http.wire -  >> "Accept-Encoding: gzip,deflate[\r][\n]"
14:49:38.328 [main] DEBUG org.apache.http.wire -  >> "[\r][\n]"
14:49:38.328 [main] DEBUG org.apache.http.headers - >> GET /api/categories HTTP/1.1
14:49:38.328 [main] DEBUG org.apache.http.headers - >> Accept: */*
14:49:38.328 [main] DEBUG org.apache.http.headers - >> Host: altashop-api.fly.dev
14:49:38.328 [main] DEBUG org.apache.http.headers - >> Connection: Keep-Alive
14:49:38.328 [main] DEBUG org.apache.http.headers - >> User-Agent: Apache-HttpClient/4.5.13 (Java/11.0.15.1)
14:49:38.328 [main] DEBUG org.apache.http.headers - >> Accept-Encoding: gzip,deflate
14:49:38.355 [main] DEBUG org.apache.http.wire -  << "HTTP/1.1 200 OK[\r][\n]"
14:49:38.355 [main] DEBUG org.apache.http.wire -  << "content-type: application/json[\r][\n]"
14:49:38.355 [main] DEBUG org.apache.http.wire -  << "date: Mon, 08 May 2023 07:49:37 GMT[\r][\n]"
14:49:38.355 [main] DEBUG org.apache.http.wire -  << "transfer-encoding: chunked[\r][\n]"
14:49:38.355 [main] DEBUG org.apache.http.wire -  << "content-encoding: gzip[\r][\n]"
14:49:38.355 [main] DEBUG org.apache.http.wire -  << "server: Fly/3f2597ca (2023-05-03)[\r][\n]"
14:49:38.355 [main] DEBUG org.apache.http.wire -  << "via: 1.1 fly.io[\r][\n]"
14:49:38.355 [main] DEBUG org.apache.http.wire -  << "fly-request-id: 01GZX5CR55JNVK5DJMHK56SWHS-sin[\r][\n]"
14:49:38.355 [main] DEBUG org.apache.http.wire -  << "[\r][\n]"
14:49:38.355 [main] DEBUG org.apache.http.impl.conn.DefaultClientConnection - Receiving response: HTTP/1.1 200 OK
14:49:38.355 [main] DEBUG org.apache.http.headers - << HTTP/1.1 200 OK
14:49:38.355 [main] DEBUG org.apache.http.headers - << content-type: application/json
14:49:38.355 [main] DEBUG org.apache.http.headers - << date: Mon, 08 May 2023 07:49:37 GMT
14:49:38.355 [main] DEBUG org.apache.http.headers - << transfer-encoding: chunked
14:49:38.355 [main] DEBUG org.apache.http.headers - << content-encoding: gzip
14:49:38.355 [main] DEBUG org.apache.http.headers - << server: Fly/3f2597ca (2023-05-03)
14:49:38.355 [main] DEBUG org.apache.http.headers - << via: 1.1 fly.io
14:49:38.355 [main] DEBUG org.apache.http.headers - << fly-request-id: 01GZX5CR55JNVK5DJMHK56SWHS-sin
14:49:38.355 [main] DEBUG org.apache.http.impl.client.DefaultHttpClient - Connection can be kept alive indefinitely
14:49:38.355 [main] DEBUG io.restassured.internal.RestAssuredHttpBuilder - Parsing response as: application/json
14:49:38.355 [main] DEBUG org.apache.http.wire -  << "182[\r][\n]"
14:49:38.355 [main] DEBUG org.apache.http.wire -  << "[0x1f][0x8b][0x8][0x0][0x0][0x0][0x0][0x0][0x4][0xff][0xaa]VJI,IT[0xb2][0x8a][0xae]V[0xf2]tQ[0xb2]24250[0xd5]Q[0xf2]K[0xcc]MU[0xb2]Rr+-[0xca][0xcb],)-JU[0xd2]QrI-N.[0xca],([0xc9][0xcc][0xcf]S[0xb2]RJ[0xcb]/RHO[0xcc][0xcd][0xcc]KW((-*[0xc8]/N-V[0xaa][0xd5]A[0x98]aA[0x5]3,[0xe1]f(:([0xab][0xa8][0x92][0xea][0x6]CC[0xb8]~[0x88]KI6[0xc0][0x98]R[0x3][0xcc](5[0xc0][0x9c]R[0x3][0x10]aH^[0x18][0x18][0x19]P[0xe8][0x2]##J[\r]@[0xc4]BXjIjQf^bQ%FT[0xa6][0xe6][0xa4]&[0x97][0x14]e&g&[0xe6]![0xa7]C#DZ[0xf6][0xcd][0x7]%][0x85][0x80][0xcc]dP[0x82].VH[0xcc]KQp[0xcb][0xcc][0xc9][0xc5]0*#1[0xb3]([0xa5]([0xb5][0xb8]8[0xb5][0x8][0xc5](D\x[0x94][0xe6]&[0xe6])[0x4][0xa5][0x16][0xe7][0x97][0x16]%[0xa7][0x16]c[0x98]P[0x9e][0x99][0x97][0x92]_[0xae][0x90][0x9c][0x93][0x9a][0x98][0x87]f[0x8]">\SJ[0x93][0x13][0xc1]N[0xf2]M[0xcc]KLO[0xcd]M[0xcd]+[0xc1]0[0xa9] ?'39U!?--3[0x19][0xd5]$cD[0xea][0xe]J[0xcc][0xcc])[0xca]OLQ[0xf0]M[0xcc]+MK[0x4][0xfb][0xf][0xc3][0xa4][0xc4][0x92][0x92][0xfc][0xa2][0xbc][0xd4]J[0x85][0xc4][0x12][0x85][0x9c][0xc4]rd[0x9f][0x19]#B[0xd8])[0xb1]$1=[0xbf]H!<?[0xbb][0x14][0xc3][0x8][0xe7][0xd4][0xdc][0xcc][0x9c][0xc4]<[0x85][0xe2][0xd4][0xc][0x90]![0xa9]U[0x89]%[\n]"
14:49:38.355 [main] DEBUG org.apache.http.wire -  << "I[0xa9]E[0xe9][0x99]U[0x99]([0xc6][0x99]P[0x18][0xe3][0xc6][0x88]H[0x83]$[0xda]t[0xc][0xa7][0x10](~[0x8c]a[0x19][0xf][0x0][0x0][0x0][0xff][0xff]"
14:49:38.355 [main] DEBUG org.apache.http.wire -  << "[\r][\n]"
14:49:38.355 [main] DEBUG org.apache.http.wire -  << "407[\r][\n]"
14:49:38.355 [main] DEBUG org.apache.http.wire -  << "[0xb2]R*I-.[0xc1][0x12]E([0xe]F[0x14]V[0xe4][0xda][0x87][0x88]V"[0xec]3AD[0x9d];[0xb8][0x8][0xc5][0xf0][0x9e][0x1b][0xfe][0xd2][0xd5][0x4][0x91][0xa7]p[0x18][0x80][0xec]=[0x13]D[0xf4][0x92][0xe9]=[0x13]D[0x8c][0x12][0xe3]=DF![0xc2]u[0xa6][0x88][0xc0][0x80][0xb8][0xe]#0[0x8][0xc4][0xb5])"0[0xc8]4[0x0][0x11]>[0xd4]H[0xfe][0xa6][0x88][0xc0][0xa2][0x8a]q[0x88][0xcc]@[0x15][0xe3][0x10]9[0x83]*[0xc6]![0xe2][0x9a]*[0xc6]!r"U[0x8c]CdKj[0x18]gFi]h[0x86]H[0xeb][0x8e][0xd9]I[0x89]E[\n]"
14:49:38.355 [main] DEBUG org.apache.http.wire -  << "A[0x99]U[0xd9][0x95][\n]"
14:49:38.355 [main] DEBUG org.apache.http.wire -  << "n[0x89][0x19]E[0xa5]E[0xf9]U[0x98][0xb5]Znf^[0xa6]BAQ~Vjr[0x9]r[0x96]6C[0xa4]y[0xaa]x[0xc][0x91][0x3][0xc8][0xcb]Bf[0x88]4O[0xa6][0x1][0xd4]M[0xe5]f[0x88]TN[0xa6]{[0x10][0xe9][0xda]9[0xb1]$5=[0xbf][0xa8]R[0xc1][0xb1]4'3[0x11][0xa3]t[0x2][0xc5]P2LI"X[0x9]R;[0xd8][0xc][0x91][0xa0][0xf3][0x12]s[0x13]Aq[0x99]R[0x9a][0x8d]aH6[0xc4][0x0]p\[0x83][0xe4][0x91]M[0xa0]n[0x1a]6G$A[0xf2]B[0xc6][0x1c][0x91][0xf4][0xc8]4[0x80][0xd2][0xc4]fNib3G$62[0xbd]@i[0xf2]2G$[0xb]2][0x80]H[0x15][0x10][0x3]Hn"Y [\n]"
14:49:38.355 [main] DEBUG org.apache.http.wire -  << "3"[0xea]t[0xb]Jc[0xdd][0x82][0xd2]X[0xb7]@[0xc4]:1[0xee][0xa5]4[0x86],[0x10][0x5][0x0]1[0xd6][0xa1]G[0x7]F[0xe]'[0xd0][0x88][0xb1]D[0xc4]FHj1f?[0xc0]3/S[0x1]$[0x1][0xea]o[0xbb]g[0xa6][0xe6] W[0x6][0x96][0x94]fiKJ#[0xd7][0x92][0xd2][0xc8][0xb5]DD.$9[0x93][0x1c]~[0x94]fiKJ[0x13][0x8c]%"[0xc1][0x90][0xe9][0x5]J[0xcb][0x4]KD"$[0x9c]d[0xcd][0xc](L5f[0x6][0x88]TC[0x8c]u[0x14][0xc6][0xb0][0x19][0xd2][0xa8][0x14]1[0xd6]Q[0x18][0x1b]f[0x6][0x88][0xd8] [0xc2]:[0xa4][0xa1][0xa6][0xdc][0xc4][0xec][0xc4][0xbc][0xc4]<[0x8c][0x4][0xc][0x13]GT[0xed]f[0x86][0x88][0x10]$+[0xc9][0x98][0x19]R[0x98][0xef][0xcc][0xc])[0x8d][0x15]C[\n]"
14:49:38.355 [main] DEBUG org.apache.http.wire -  << "[0xf3][0x9d][0x99]![0x85][0xf9][0xce][0xcc][0x10][0x11][0xd3]Th[\n]"
14:49:38.355 [main] DEBUG org.apache.http.wire -  << "[0x9b][0x19]"[0xe2]=<[0xb3](5'[0xb5][0x18]sx[0xa7] [0xa3][0xb2]839[0xb3][0x18][0xb9]InF[0xe9]@[0x99][0x19][0xa5][0x3]efF[0x94]F[0xa6][0x11][0xa5]qa[0x84][0x8]<[0x1c][0x9]:[0xb1]8[0x5][0xa9][0xea]23B-[0xb2]@[0xb5][AQ~Ji2f[\r]X[0x92][0x91]Y[0xac][0x90]Y[0xac]P[0x92][0x91][\n]"
14:49:38.355 [main] DEBUG org.apache.http.wire -  << "iE'[0x97]([0xa4] [\r]I#[0xe5]+cDe[\n]"
14:49:38.355 [main] DEBUG org.apache.http.wire -  << "[0xca][0xbb][0xd4]2[0x15]Q`[0x12]2[0x15][0xd9][0x8b][0xc6][0x88]LNH[0x1b])^D[0xe4]|B[0xa6][0xa2]8[0x86][0xd2][0xec][0x8a]6[0xb0]F[0xad][0xa0]E[0xe4]aR|[0x83]4[0x8e]FH[0x1b][0x9]A[0x8b]4[0xb8]F[0xc8]T[0xe4][0xa0]E[0x1a]#[0xc3][0x91][0xf6][0xf1]7[0x1][0xcd]L([0xcd]}&[0x4]s[0x1f][0x1][0x17][0x98]"[0xf2][\r]y^[0xa0]t([0xce][0xcc][0x94][0xf8]dMB[0x8c][0x9a]R[0x9a][0xea]M[0x11]Q[0x13][0x90][0x9f][0x93]Y^[0x94]X[0x92][0x81]Q[0xc1][0x7][0xa5][0x16][0x94][0xa6]d&[0xe6][0xa5]$[0xa6]*[0xe4][0xa5][0x16]'g[0x96][0xe6][0x95]([0xa4]V$[0xa7][0x16][0x94][0x94][0x16]e*[0xa4][0xe4][0xe7][0xe4][0x17][0xa5]*[0xa4][0x96][0xe6]*[0x14][0xa7][0x16][0x96]f[0xea]!'[0x1e]SD[0x6][0xf0]ML[0xce][0xc8][0xcf][0xc6][0x9c]p[0xb],M,[0xce]TH+MOT[0xc8][0xcb][0xcf]S(,[0xcd]OQ[0xc8][0xcc]-HM[0xc9],Q(K[0xcd][0xc9],A5[0x90][0xd2][0xb4]@[0xe9]X[0x97][0x19][0xd2][0x10][0x15]$1[0x91][0xda]C53CM[0xc][0xf8][0x7][0xf1][0xcd][0xcc][0x10][0x91]lhd[0xac][0x90][0x98][0x85]9T[0x3]J[0xfe][0xb9][0xa9]E[0xc9][0x19][0xd8][0xa6],[0xcd]([0x1d]323CTf[0x10][0x1f]c$[0x11][0x90][0x3] RX]`Ni[0xfe]3G[0x84][0x18][0xc4][0x1a][0x92]]@i[0x13][0xc2][0x1c][0x91][0x90][0xc9]s[0x1][0xd2][0xb0][0x4][0x99][0x6]P[0x1a][0x6][0x16][0x88][0xcc]N[0xa6][0xb][0x8][0x86][0x1]r[0xd6][0xa7][0xb4][0xf7]nF[0xb8][0xf7][0x8e]b[0x1d][0xa5][0xbe]#[0xdc][0xcf]E[0xb2][0xce][0x9c][0xd2]^[0xa6]9R/[0x93][0xac][0xd8]07[0xa0]0=[0x98][0x1b]P[0x98]'[0xcc][0x91]z[0xae]dz[0x81][0xc2]837 %E[0x9a]#uf[0xc9]s/[0xa5][0xfd]Zs[0xa4]~-[0x8e][0x19]D[0xfc][0x13][0xa4][0xe6]H[0xdd]R2[\r]@[0x84][0x18][0xe][0x3][0x90]S9R[0xa7][0x91][0xcc][0x10]#Xu [g[0x84]H[0xd2]8[0x1c]G x[0x90]z[0x8a]8[0xc]@[0xb1][0x8e][0xd2][0xe4]g[0x84][0x8]L[0x1c][0xc1][0x83]l[0x1d][0xd2][0xc2][0x6][0x1c][0xaa][0xf1]W[0xa3][0xe6]H=[0xae]t[0x0][0x0][0x0][0x0][0xff][0xff]"
14:49:38.355 [main] DEBUG org.apache.http.wire -  << "[\r][\n]"
14:49:38.355 [main] DEBUG org.apache.http.wire -  << "1CE[\r][\n]"
14:49:38.355 [main] DEBUG org.apache.http.wire -  << "[0xc2]>[0xbd][0x8e]b[0x1d][0xa5][0xbe]3&[0xc9]wH}[0x16][0x1c][0x8e]#[0xe0];[0xa4][0xee][0x9][0xe][0x3][0x90]}[0x87][0xd4][0xa9] [0xd4][0x99]![0xbe]Amn[0x82][0xf0]2!SQ[0x1c][0x83]H[0xe5][0x84][0xb4][0x91][0xe0][0x18][0xa4][0x5][0x4]8[0x12]3[0x81][0xdc][0x80][0xd4]k[0xc1]a[0x0][0xb2]'[0x90][0xa6][0xf7]q[0xa8]&d[0x1d][0xa2][0xa1][0x8a][0xc3][0x0][0x14][0xeb][0x10]A[0x8d]#[0xba][0x9][0xa4][0x17]SDO[0x0][0x87]u[0x84][0xdc][0x8b][0x88]5[0x1c][0x6] [0xbb][0x17]i[0x8a][0x9b][\n]"
14:49:38.356 [main] DEBUG org.apache.http.wire -  << "[0xc3]q[0xe6][0x18][0xbd][0x8][0x12][[0xb4][0xe6]H[0x9d][0x8][0xf2][0xc2][0xf]ij[0x1b][0xf7]jH[0xb8][0x8c][0x82]WjAbQ"J[0x88]PZ[0xc0][0x98]Q[0x9a][0x4]([0xed]W[0x98]S:ilN[0xe9][0xa4][0xb1]9R[0xcf][0x6][0x1e][0xd6][0x18]I[0x1].[0x83]%[0x16]([0x9d][0xf3]57GD[0xa3][Qi&[0xe6][0x0]%r[0x9c]S[0xda][\r]2G[0x9a] &[0xc2]6D[0xe][0xc5][0xae]8=??E[0x1]TNd[0xa4]&[0xe6][0x94]d [0xbb][0x94][0xd2][0xfe][0x96][0xb9][0x5]bX[0x94][0xbc][0xc]F[0xe9][0xd4][0xb2]9[0xa5]S[0xcb][0xe6]HS[0xcb]dz[0x1]Q[0xa4][0x93]i[0x0]"q[0x91]i[0x0][0xa5]e[0x84][0x5][0xa2][0x9a] [0xcf][0x5]H3[0xd8]d[0x1a]@iB"[0xdc][0x11][0x6]e[0x1][0x88][0xe3][0xb0][0x8d][0xbf][0x98]#McS[0xa3][0xee][0xa2]tR[0xdb][0xdc][0x92][0xd2]dExR[0x1b][0xb9](@[0xea][0xd9]S[0xc5][0xfb][0x14][0xa7](D[0xb1][0x6][0x89]4[0x8c][0x2][0x1f]|Z[0x18]P8[0x9e]fA[0xe9][0xe8][0x85][0x5]R[0xd7][0x1f]6[0xff][0x8b][0xbe][0x91][0x2]&[0x8e][0x98][0xbf][0xb2]@[0xea][0xae][0xbb];[0xfa]z[0xfa][0xb9][0x93][0xec]qD[0xd0];&'[0xa7][0x16][0x17][0xe7][0x17]eb[0x19]>-[0xc9]WH[0xcd][0xcb]H[0xcc]KNUH,(HM,[0x2]1[0x91]R[0x84][0x85]!"[0x0][0xa9][0x90]",([0x1d]X[0xb0]@[0x1a]X[0xa0][0x8a]{[0x10][0xfd]h[0xaa][0x18][0x87][0xc8][0xae][0x94][0x85]:[0xa2],[0xa7][0xc8][0x1c]#D[0x81]J[0x91]9[0x6][0x94][0xe6]CJ[0xe7][0xf8]-([0x1d]_[0xb1]0[0x84]y[0x1][0x0][0x0][0x0][0xff][0xff]"
14:49:38.356 [main] DEBUG org.apache.http.wire -  << "[\r][\n]"
14:49:38.356 [main] DEBUG org.apache.http.wire -  << "261[\r][\n]"
14:49:38.356 [main] DEBUG org.apache.http.wire -  << "[0xc2]9$@[0xa0]([0xa1]tv[0xdf][0x2]iv[0x9f][0xa2][0xc8]@[0x1a][0xfb]![0xaf]PD[0x1a][0xfb][0xa1][0xcc]!TJ[0xed][0x94].:[0xb0] <[0xba]D(n[0x11][0xa5]%[0x99]AJi[0xea]BZ[0xb0][0x80][0xc3][0x5][0xc8][0xa5]2[0xa5][0x3]d[0x16]H[0x3]d[0x14]%[0x1][0xa4][0xc5][0x0]8[0x9c]M [0xe4][0x91][0x86][0xce](s[0x8][0xa5]1hLi[0xc][0x9a] jJ[0xf2][0x82][0x82][0xd2]qA[0xb][0xc2][0xe3][0x82][0x4]"[0x3]c[0x9b][0x10][0xa9][0xad][0xe]JW@X[0x98] [0x8a][0x14]2[0x3][0x11][0xd1][0x8d][0xa2](=![0x8d]o[0x92][0xe9][0x10]J[0x13][0xa4][0x9][0xa5][0x9][0x92][0xd2][0xb5][0x1c][0x16]H[0xc3][0xaa][0xe4][0xec][0xbe][0xb5]@Z[0xca]A^[0x18]"[\r][0xb4][0x92]i[0x0]"9Q[0x94][0x1a][0x90]VPf[0xe][0xa2]]G[0xa6][0x87][0x10][0xa9][0x8a][0xac](AZ[0xd3]A[0x91]G[0x90][0xc6]x[0xc9][0xf3][0x8][0xa5][0xa3][0xba][0x16][0x94][0x8e][0xea]Z [0x8d][0xea][0x92][0x17][0x94][0x88][0x92][0x86][0xcc] @$[0x6][0xf2][0x1c]@i[0x1][0x81]4(L[0x96][0x3]([0x1d][0xd2][0xb5]@[0x1a][0xd2]%[0xcf][0x1][0x88][0xec]M^[0x14] [0x8d][0xe8][0x92][0xe7][0x0]Dv$[0xd3][0x1][0x88]8$[0xcb][0x1][0x94][0xe][0xbd]Z [\r][0xbd][0x92][0xe7][0x0][\n]"
14:49:38.356 [main] DEBUG org.apache.http.wire -  << "[0x97]FXXP[0x1a][0x87]H[0x8b]u[0xc8][0xf3][0x1][0x85]Q@[0xe9][0xea][0x1d][0xb][0xa4]AK[0xb2]<@[0xe9] [0xa3][0x5][0xd2] #y[0xe]@[0x14]d[0xc9][0xf9]y%[0xf9][0x19][0xba][0xd0][0xdd][0x90][0xd8]F[0x9c][0xdc][0x12][0x8b]32[0xf3][0xf3][0x12][0x93]rR[0x91]{4[0x96][0x88][0x9c]D[0xd8][0xc]L[0x15]HCgH{`[0xc8][0xca][0x93][0x96][0x94][0xe][0xf9]YR[0xba][0xde][0xc8][0x12]i[0xcc][0x90]L/ b[0x84]L[0x3][0x10][0x99][0x2][0xc7][0x8c]/[0xfe])cK[0xa4]qC[0x1c][0x6] [0xc5][0xbe]%[0xd2][0xa8][0x1e][0xe][0xd5][0x84][0xac]C[0x8c][0xe3][0xe1]0[0x0][0xc5]:D[0x99][0x83]C5![0xeb][0x10]u?[0xe][0x3]P[0xac]C[0xa4]m[0xf2]b[0x83][0xd2][0xb1]+KJ[0xc7][0xae],[0x91][0x6][0x12][0xc9][0xf3][0x2][0xd2][0xe0][0x17][0x99][0x6] b[0x98]L[0x3]([0xac][0xa9],[0x91][0x86][0xa9]pD:[0x81]T[0x83]4L[0x85][0xc3][0x0][0xe4]T[0x83][0xb4]1[0x86]<[0xf]S:Hd[0x89]4H[0x84][0xc3][0xbd][0x4]<[0x8c]t[0xaa][0xc][0xe][0x3][0x90]=[0x8c]q[0xe6][0xb][0x89][0xa3][0xf][0x96][0x94][0xe]FY[0x1a]#2*[0xe][0xf7][0x12][0xf2]0[0xc1]b[0x13][0xd9][0xc3]H[0x3]>[0xe4]Y[0x87]4[0xe0][0x83][0xc3][0x0][0x14][0xeb]([0xcd][0x0][0x94][0xe][0xce]X"-E#/IS:*cI[0xe9][0x6][0x19]KJ[0x7]U,[0x91][0x96][0x9a][0x91][0x17][0x6][0x94][0xe][0x8a]XR[0xba][0x17][0xc6][0x12]i4[0x84]L/P[0xda]<AZ[0xd1]F[0x9e][0xb]([0x1d]~[0xb0][0xa4]t[0xf8][0xc1][0x92][0xe4][0xbd]&[0x0][0x0][0x0][0x0][0xff][0xff]"
14:49:38.356 [main] DEBUG org.apache.http.wire -  << "[\r][\n]"
14:49:38.356 [main] DEBUG org.apache.http.wire -  << "447[\r][\n]"
14:49:38.356 [main] DEBUG org.apache.http.wire -  << "B;_[0xcf][0xd2][0x94]`YC[0xa0][0xb0]B[0x1a][0xb]"[0xa2][0xf4]@[0x1a].!3[0xc8][0x11][0x8d].2[\r][0xa0]4[0xd5] [0xed][0xce][0xa1][0xde][0xe2]SK[0xa4]Q[0x14]B[0xa6]"[0x97][0xc6]H[0x83]'[0x84][0xb4][0x11][0xbf][0x12][0xd6][0x92][0xd2][0x83]Q,)]$g[0x89]4[0xa4]B^4S[0xba]p[0xce][0x12]i[0xe1][0x1c][0x99].@[0xe4],[0xf2][0xc][0xa0]tE[0x9d]%[0xd2][0xb0][0x8e]sbJni[0xb1]B@jYjQjN[0xe]F[0x9b][0xc8][0xa3]4--'[0xb5][0xa0]4-[\r]9u![\r][0xeb]8[0x95]&g'[0xa5]&b[0x9e]8[0x14][0x9c]SY[0x92][0x1]:L[0x11]E#[0xa2][0x99][0xed][0x9e][0x9a]_[0x94][0x9e][0xaa][0x10][0x9e][0x9a]X[0x9c][0x93][0x8a]y0UHFi^JjQRf[0x11][0xf2]~nKJW[0xd2]Y"[0x8d][0xe7][0x90][0x19][0xfa][0x88]V[0x1c]y[0x6]P[0xba][0x8e][0xcd][0x12]iD[0x87]L[0x17]P[0xda]TC[0x1a][0xd2]![0xd3][0x5][0x88][0x1e].[0x99][0x6]PZZ#[0x8d][0x8]QtR[0x9a]%[0xd2][0x80][0x10]%[0x6][0x19][0x1b]P[0xb8][0x98][0xcc][0xd8][0x0]i'[@jQfAFjQb[0x8e][0x2][0x8e][0xca][0xd7]7[0xbf][0xb4]8UG[0xc1];[0xb5]2)?[0xb1](EG[0xc1]#51[0xa5] #?/U[0xc1]5[0xc4][0x19][0x91]g[0x8d][\r]([0x1c]o26[0xa0]p[0x9b][0xb1][0x1][0x85][0x3]V[0xc6][0x6][0x6][0x94]%7c[0x3][0xa4][0xc3]Z[0xc8]I[0xaf][0xc6][0x6]H[0x3]Vd[0x1a][0x80]8[0xe5][0x81]L[0x3][0x10][0x99][0x1e]G[0x92][0xc0][0xdb][0xa0]36 [0xbc][0xe5][\r]9[0xd5] [0x9d][0x9a]B[0xa6]{)[0xab]&[0x8d][\r][0x90][0x6][0x95][0xc8][0xf3]0[0xd2][0xa0][0x12][0xe][0x3][0x90]=[0x8c][0xb4][0xec][0x89]<[0xf]#[0x9d]$[0x9c][0x86][0xf3]Tl[0x14][0x1b])+[0x3][0x8d][\r]([0x1c][0x3]26[0xa0]p[0xc][0xc8][0xd8][0x0]i[0xc][0x88][0x9a]E[0x16][0xd2][0xc8][0x10]yqa[0x8c][0xc8],d[0x1a]@Yw[0xc4][0xd8][0x80][0xc2][0xd1]&c[0x3][0xa4][0xa5]Odz[0x81][0xb2][0x86][0x8e][0xb1][0x1][0x85]k[0x9e][0x8c][\r](\[0xf3]dl[0x80]4[0x82]E^[0x18]P[0xb8][0xe2][0xc8][0xd8][0x80][0xc2]1)c[0x3][\n]"
14:49:38.356 [main] DEBUG org.apache.http.wire -  << "[0x87][0x94][0x8c][\r]([0x1c]R26@Z[0xa7]C^ R[0xb8]P[0xc7][0xd8][0x80][0xc2]!%c[0x3][0xa4][0xd3]O[0xc8][0xf4][0x2][0xa5][0x95][0x11][0xd2]h[0x8]y.[0xa0]pH[0xc9][0xd8][0x80][0xc2][0x11][0x16]c[0x3][\n]"
14:49:38.356 [main] DEBUG org.apache.http.wire -  << "[0x87][0x94][0x8c][\r][0x90][0x8e][0xaa]%/[0xc][0x90][0xc6]B[0xc8]4[0x0][0xb1]`[0x9d]L[0x3][0x10][0xfd]W2[\r][0xa0][0xb4]b[0xa1]p[0x4][0xc5][0xd8][0x80][0xc2][0xf1][0xb]c[0x3]sJ[0xf3][0x2][0xd2][0xf0][0x3][0x8e]v[0x15][0x81][0x96]([0xd2][0xf0][0x3][0xe][0x3][0x90][0x9b]IHC[0x6]8T[0x13][0xb2][0xe]Q[0x97][0xe3]0[0x0][0xc5]:D[0xab][0xc][0xbe]][0x14]cX[0x5].[0x83][0xb1][0x91][0xd4][0xd8][0xc0][0x2][0x11][0xbe]pe$[0x19]@[0xe1][0x92][0x11]c[0x3][0xa4]mj[0xe4][0xa5]r[\n]"
14:49:38.356 [main] DEBUG org.apache.http.wire -  << "[0xc7][0x7][0x8c][\r][0x90]v[0x8a][0x91][0xe9][0x2]D [0x92]e[0x80]![0xe1][0xde]8R[0xa4][0x1b]R[0xda][0xc5]5$[0xdc][0xc5]E[0xb1][0x8e]R[0xdf]Q[0xb8]Q[0xca][0xd8][0x10][0xe9][0x0][0x15][0xf2][0xc2][0x17][0xa9]7[0xe9][0xe2][0xe9][0xec][0xef][0xe4][0xa8][0x10][0xe9][0xe8][0x81][0x91][0xcc][0x1d][0x3]<[0x15][0xc2][0xfd][0x83][0xbc][0x83][0x91]}O[0xe1]n[0x1f]cC[0xa4][0xdd]>$[0xdb]Mi[0xc8]#[0xf5]J[0xc9][0xb]8[\n]"
14:49:38.356 [main] DEBUG org.apache.http.wire -  << "[0xf7][0xe7][0x18][0x1b]"[0xf5]3[0xc9]t[0x1][0x85][0xa3])[0x86]H+[0x15][0xc8]t[0x1][0x85]][0x13]C[0xc2][0xfb]a[0xf0][0xee]e06$[0xdc][0xf3]EN[0xb1]Hk[0xf]|S[0xf3][0xcb][0xb1][0x9c][0xed][0xe7][0x9b]X[0x91][0x99][0x9b][\n]"
14:49:38.356 [main] DEBUG org.apache.http.wire -  << ":gO!73[0xaf][0xb4]X!3[0x5]|[\n]"
14:49:38.356 [main] DEBUG org.apache.http.wire -  << "_fAqb[0xae]BY~NiAIbIj[0xae]BqfnfNfai*[0xd2]i|[0xc6][0x86][0x94][0xf6][0x16][\r][0x9][0xf7][0x16][0x91][0xfd][0x83][0xb4][0xb4][0x80][0xbc][0x8]$[0xdc]1C[0xb1][0x8e][0xd2][0x4]Gxb[0x1f][0xd9]:J;<[0x86][0x14]N[0xc2][0x1b][0x1b]R[0xda]c2$<[0x8b][0x8f][0xe2]aJ[0xb3][0x13][0xd2]d1[0x8e][0xf4][0x80]l[0x1d][0xa5]=[0x11]C[0xa4][0x9e][0x8][0xa9][0xe5]7[0x85]G[0x9d][0x18][0x1b]"[0xcd][0xf2][0xe2][0xf0]*[0x81][0x92][0x83][0xc2][0xa3]N[0x8c][\r][0x91][0xa6]v[0xc9]t[0x1][0x85][0x9d][0x18]C[0xc2][0xd3][0xc0][0xc8][0xd1][0x8d][0xd4][0xe1][0xc0][0xd1]|[0xc6][0xdf][0xfe]6D[0xea]p[0xe0]0[0x0][0xd9]:J{[0x17][0x86]$[0xf5].[0xc])[0xed]][0x18]"[0xad]P'[0xc6]w[0x88][0xde][0x5][0xe][0xd5][0x4][0x2][0x13][0xe9][0x18][0xe][0x1c][0x6] [0x7]&[0xd2]\%[0xe][0xd5][0x4][0xac]C[0xea][0x8b][0xe0]0[0x0][0xc5]:D[0xca][0xc4][0xa1][0x9a][0x90]u[0x88][0xee]5[0xe][0x3]P[0xac]C[0xd4]+[0x14][0xdc][0xc1]cl[0x88][0xd4][[0xc1]a+!g#[\n]"
14:49:38.356 [main] DEBUG org.apache.http.wire -  << "`[0x1c][0x6] 9[0xdb][0x8][0xa9]k[0x82]C5~[0xeb][0x8c][0x90][0x96][0xa0][0xe3]0[0x0][0xc5]:[\n]"
14:49:38.356 [main] DEBUG org.apache.http.wire -  << "#[0xc5][0x8][0xa9]sD[0x8c]u[0x88]H[0xc1][0xa1][0x9a][0x90][0xef][0x8]f[0x11][0x14][0xdf]![0x1a][0xf4][0xe4]Y[0x87]4[0xb3][0x7]2[0x0][0x0][0x0][0x0][0xff][0xff]"
14:49:38.356 [main] DEBUG org.apache.http.wire -  << "[\r][\n]"
14:49:38.356 [main] DEBUG org.apache.http.wire -  << "655[\r][\n]"
14:49:38.356 [main] DEBUG org.apache.http.wire -  << "[0xca][0xc3]<[0x85][0x18][0xd9]:[\n]"
14:49:38.356 [main] DEBUG org.apache.http.wire -  << "[0x97][0xa2][0x1b][0x1b]!u[0xbc][0x88][0xb1][0xe]1tAV]a[0x84]4[0x8d][0x87][0xc3]:[0x2][0xb1][0x81][0xd4][0xd7][0xc2]a[0x0]r[0xf0] [0xad]$[0xc7][0xa1][0x9a][0x80]uH[0xdd]+[0x1c][0x6][0xa0]X[0x87]H[0xda][0xc9][0x89][0xd9][0xa9]F[0x18][0xfd]O[0x90][0xa8]BNbA&[0xd2][0xdd][0xb3][0xc6]FHS}d[0x8d][0xd0][0x18]![0xad][0xf5]&[0xd3][0x0]D[0x81]A^[0xbc]"u[0x80][0x82][0xb3]3[0xf3][0x92][0x13][0xb1][0xdc][0xc0][0xb][0x93]P(I-JJ[0xcc][0xcc]V([0xcd]+)[0xcd]V[0xc8]M-J,O,Q(O[0xcc]JD:[0xe9][0xcb][0xd8][0x88]p[0x9f][0x8][0xd3][0xc8][0x88][0xd2]i;#J[0xbb]AF[0x84][0xbb]A[0x84][0xbc]@q[0xc4] [0xca]#[0xf2]b[0x96][0xd2]I3#J;wFH[0xfb][0xfc][0x15]0r[0x14][0x81][0xf0][0xa3]t[0xbe][0xcc][0x88]pW[0x8f][0x90][0xb][0x10][0x11][0x0][0xcb][0x0][0x18][0x9e][0x80]I[0x10][0x9b]3[0x90][0xe6][0xe0][0xc8]9o[0xc9][0xd8][0x88]p[0x97]4[0x1d]t[0x9f]6|[0x9f][0x9a][0xb1][0x11][0xa5]}P#[0xa4].$[0xcc][0xbb][0x94][0x87][0x3][0xa2]:[0xa2][0x9e][0x99][0x88][0xf6][0x2][0xf5][0xcc]D4![0xa8]g&[0xa2]d[0xa0][0x9e][0x99][0x88][0xb4]ZPl[0x8a][0x11]=[0x4]R:[0xa5]s[0x92]F[0x14]n[0xd3]76B[0x9a][0xd4][0xc4]Q[C[0x17]/#W[0xda][0x14][0xae][0x8d]76B[0x1a] cC[0xaa][0xb1][0x11][0xa5]c[0x8]F[0x94]N[0x84][0x1a]![\r]B[0x90][0xe5][0x3][0xa4]1[0x8][0xe2][0xc3][0x1d]i[0xdc][0x81][0x4]M[0x88][0x16][0x16][0x9][0x9a][0x10][0xbd]8[0xf2][0xea]@[0xa4]IR[0xf2][0xc2][0x7][0x91][0xff][0xc9]t[0x0]"[0xb3][0x93][0xe5][0x0][\n]"
14:49:38.356 [main] DEBUG org.apache.http.wire -  << "[0x97]x[0x1b][0x1b]![0x8d][0x82][0x90][0xe7][0x0][0x82][0xf1]F[0xa0]!Nx\[0x4]9OS[0xb8]*[0xdb][0xd8][0x8][0xe9]6M[0xf2][0xfc][0x8b](I[0xc9][0x8b]q[0xa4][0x91][0x12][0xb2][0x1c]@[0xe1][0xa2]nc#[0xa4]I[[0xd7][0xbc][0x92][0xd4][0xa2][0x92][0xc4][0xcc][0xbc][0xdc][0xd4]<[0xcc]c[0x84][0xb][0xf2]s2[0x93]S[0x15][0xf2][0xd3][0xd2]2[0x93]S[0x8b][0x90]c[0xc1][0x12][0x91][0xef][0x9c][0xf3]s[0xb]JKR[0x8b][0x14][0x82][0xf3][0xd3]J[0xca][0xb1][0xf5][0xe][0xb0][0xdc]Qgl[0x84]4[0xf1][0x1b]P[0x9a][0x94][0x93][0x99][0xac][0x0][0xba][0xce]([0x19]syrFj.[0xca][0xfd]v[0xc6]F[0x84][0xcf][0x12]%P[0x9f]![\r][0xc3][0x90][0x19][0x87][0x88]\[0xeb][0xc]r_rb[0xe][0xe6][0xdd]|[0xc5][0xa9][0xc9]E[0xa9]%[0x89]E[0x95](!Ga[0xf2]1F[0x1a][0xd3]qI-[0xce]L[0xc7][0xbc][0xde]1[0xa9][0xb4]83/[0xb5][0xb8]871[0xf][0xc9]fc[0xa4][0xb1][0x1c]j5+[0x8c][0x91][0x16][0x92][0xbb][0x95][0xe6][0xa5][0xe8][0x6]%f[0x16]c[0x1b][0xd8][0xc8]+-*F:f[0xc1][0xd8][0x18]i[0xa9]x@Qf^[0x9]6Mi[0x89][0xc9]%[0xa0][0xcb][0xae][0xcb][0xf3][0x8b][0xb2]Q[0x92][0x9f]1[0xd2]8[0x91]cQI[0xb1]Bb^[0x8a][0x82]sQbZ[0x9]f$[0xa4][0xe6][0xa5]g[0xe6][0xa5][0xa2]i[0xa7]~[0xe3][0xd2][0x18]i[0xe1]xxf^*[0xd8]I[0xc1][0x5][0x99]E[0x99]X[0xdc][0x94][0x93]X^[0x89][0xe6]"Dz[\n]"
14:49:38.356 [main] DEBUG org.apache.http.wire -  << "I[0xcd]IM[0xce][0xcf][0xcd]-[0xcd][0xcb]LN,[0xc9][0xcc][0xcf][0xc3][0xf4]S2[0xe8][0xe8][\n]"
14:49:38.356 [main] DEBUG org.apache.http.wire -  << "4[0x3][0x10][0xc9][0x8a]j[0x91][0x8b]4^EV.1FZ;[0x10]Z[0x92][0x99][0x93]Y[0x82][0xed][0x1c][0x8e][0xd4][0xe4][0xfc][0xbc]|[0xb4][0x1c]n[0x8c]4vE[0xa6][0xd5][0x88][0x2][0x8a]z[0xe1][0x81]H6~[0xa9][0xe5][0xc5][0x5][0x89][0x5][0xa9]E[0x98][0x91][0x93]T[0x9a][0x99][0x93][0x82][0x1a]9HCc[0xae]9[0xa9][0xc9]%E[0x99][0xc9][0x89]9[\n]"
14:49:38.356 [main] DEBUG org.apache.http.wire -  << "[0xfa][\n]"
14:49:38.356 [main] DEBUG org.apache.http.wire -  << "[0x10]N~^f[0xb2][0x82]ob^)([0xbd][0x97][0x16]a[0xcb][0x9][0xc9][0x19][0xa9]H[0xbb][0xaa][0x8c][0x8d][0x91][0x86][0xca][0xa8][0xe7];D[\n]"
14:49:38.356 [main] DEBUG org.apache.http.wire -  << "r[0xcf]/K-[0x2]W[0x9][\n]"
14:49:38.356 [main] DEBUG org.apache.http.wire -  << "[0x8e])[0xb9][0x99]y[0x99][0xc5]%E[0xe0][0xa4][0x88][0xd1]o[0xc8]MM[0xce]H[0xcc][0xcb]LF.g[0x90][0x6][0xd6]<A[0xd5]K[0x1e]Xkb[0x8e]BHQb[\n]"
14:49:38.356 [main] DEBUG org.apache.http.wire -  << "$c[0xb8][0xa4][0x96][0xa5][0xe6][0xe4][0x17]`[0xad]t[0x8a]RA[0xd7][0xd4]e[0xe6][0x83]lE1[0x16][0xb1][0xad][0x81]j~[0xa6]t[0x85][0x84]1[0xa5]+$[0x8c][0x91][0xc6][0xf7][0xc8]K[0xe8][0x94][0xae][0x90]0&|Q*[0xfe][0xca][0xd4][0x98][0xd2][0xbd][0x1][0xc6]H#[0x8c][0xe4][0x85][0x1][0xa5][0xc3][0x89][0xc6]H[0x9b][0xb][0xc8]t[0x1][0xa2][0x11]L[0xa6][0x1][0x88][0xf2][0x8a]L[0x3][0x10][0x85][0x13][0x99][0x6] FG[0xc8]4[0x80][0xc2][0xae][0x90]1[0xd2][0xa9][0x17]y[0xf9][\n]"
14:49:38.356 [main] DEBUG org.apache.http.wire -  << "8[0x1c][0x91][0x97]_[0x2][0xbe]>[0x2][0xcb][0xa9][0xf9][0xc6][0xc6][0x94][0xee]#0[0xa6]tH[0xd4][0x18]iH[0x14]sDS[0x1][0xb9]<C[0x1a][0xfb][0xa4][0xfc][0xc4]occ[0xa4][0xfd][0x7][0x84],F[0xa4][0x14]L[0x95](.D[0xa4][0x8][0xaa][0xb8][0x10][0x91]>[0xa8]b[0x1c][0xa2][0xc9]D[0x15][0xe3][0x10][0xd5][0x1f]5[0x8c]C[0x1a][0xc7][0xc5][0x91][0x90][0x9][0x94][0xaa]H[0xe3][0xb8]T[0xab][0xee][0x90]Fzq[0xc][0xb1][0xe0][0xef][0xaa][0x1b]#[0xad]6[0xc2]a[0x0]r[0xfa][0xa1]t3[0x86]1[0x85][0xe7]{[0x18][0x1b]#[0xed][0xe6][0xc0]L[0xea]([0xb9][0x11][0xe9] [0xf]B*[0x11][0x9][0x85][0x80]J[0xa4]QS[0xaa]E![0xd2]8([0xf5][0xcc]DT^[0xd4]3[0x13]Q[0x9f][0x91]5oi[0x8c][0xb4]r[0x8b]L[0x3][0x10][0xe5][0x3]y9[0x10]i[0xe8][0x94][0xa2][0xed][0xda][0xc6]H[0xa7][0x8b][0xe2][0xc8]5[0x4][0xb2][0x1d][0xd2]**[0x1c][0x6] g;[\n]"
14:49:38.356 [main] DEBUG org.apache.http.wire -  << "[0xcf][0xad]06FZ[0x86]E^[0xc8]![0x8d]I[0x92]x[0x9][0x94][0xb1]1[0xd2]p$[0xe9]z[0x11]][0x4]2[0x1d][0x8e][0xc8][0x9]d[0x1a][0x80]H[0xf6]$[0xae]74FZ[0xdd]E[0xb2]VDEM[0xb2]VD.!Y+[0xa2] $U+[0xd2][0x10]([0xc9]Z[0x11][0x1b][0xb3]p[0xe4][0x5][0x2][0x99][0x9]i[0xf8][0x14][0x87][0x1][0xc8][0x99][0x9]i[0xa0][0x13][0x87]jB[0xd6]!Z[8[0xc]@[0xb1][0xe][0xd1]F[0xc2][0xa1][0x9a][0x90]u[0x88][0xf8][0xc4]a[0x0][0x92]u&Hc[0x89]8T[0xe3][0xb7][0xce][0x4]iL[0x11][0x87][0x1]([0xd6]![0xb2][0x17][0xe][0xd5][0x84][0xac]Cd/[0x1c][0x6][0xa0]X[0x87][0xc8][0x16]d[0xe5]f[0x13][0xa4][0xb3][0x1c]pXG[0xc8][0xbd][0x88],[0x82][0xc3][0x0]d[0xf7]"[\r][0x97][0x91][0xe7]^[0xa4]Q3[0x12][0xb3][0x95][0x89]!"d[0xc9][0xb4][0x1b][0x11][0xd8][0x94][0xac][0x90]4A[0x1a]+[0xa3][0xcc][0x1c]DF [0xcf]CH[0xb][0xcc](r[0x8][0xd2]p[0x18]e[0xe6] *7[0x1c]i[0x89]@bD[0x1a][0xec][0xc2]a[0x0]rbD[0x1a][0xd9][0xc2][0xa1][0x9a][0x90]u[0x88][0x4][0x81][0xc3][0x0][0x14][0xeb][0x10][0xd1][0x85]C5![0xeb]H[0xca]jH#F[0xe4]Y[0x87]4b[0x84][0xc3][0x0]d[0xdf]![0x1d][0x12][0x81]C5[0x1][0xdf]!m[0xb][0xc2]a[0x0][0x8a]u[0x88]Z[0x4][0x92][0xf6]1W[0x9a][0xe2][0xef]}[0x9a] [\r][0xc5][0x80][0xd6]U`[0xb9][0xb0][\r][0xd9]>JGML[0x90]FM [0xe][0xc6][0x18]h&[0xe0]^[0x92]v[0x9][0x99]P[0xba]t[0xcc][0x84][0xf0][0xd2]1[0xe4][0xe0]A[0xea][0xca][0x93][0xe7];[0xa4]~;[0xe][0x3]P[0xac]Cd<[0x1c][0xaa][0x9][0x4]&R[0xaf][0x99]L[0x3][0x10][0x99][0x19][0x87][0x1][0xc8][0xee]E[0xea][0xd2][0xe2]PM[0xc0][0xbd][0x84][0x97][0xf9][0xa0]X[0x87][0x9e]9HMkHkr[0xa8][0xd5]]6A[0xea]k[0x92][0x17][0x6][0x94][0x1e]x`Bx[0xa1][0xf][0x81]"[0x8a][0xf0][0xa2][0x1f][0xe4]X@[0xea][0xd2]R-[0x10][0x91][0xd6][0xf2][0x90][0x19][0x88][0x94][0xe6][0x1c][0xa4][0xae]7[0xf5]|[0x85][0x9e][0x99][0x0][0x0][0x0][0x0][0xff][0xff]"
14:49:38.356 [main] DEBUG org.apache.http.wire -  << "[\r][\n]"
14:49:38.356 [main] DEBUG org.apache.http.wire -  << "1B0[\r][\n]"
14:49:38.356 [main] DEBUG org.apache.http.wire -  << ""5[0xbd]"m[0x8a]"/X[0x90][0xba][0xf3]T[0xf3][0x15]R7[0x9f]LG![0x9a]Cd[0x1a][0x80][0xe8][0x8c]P[0xcf]W[0x88]V4[0x8e]j[0x9a]@&B[0x1a][0x4] [0xd3]W[0x88]$L[0xce][0xe2]"[0x13][0xa4]M_d:[0x0][0xd1][0xe]#[0xcf][0x0][0xa4][0xb1][0x1]2[\r]@[0x8c][0x10][0x90]i[0x0][0xa5]I[0xb]i[0x81][0x15]y[0xc9][0x80][0xd2]Q[0x7][0x13][0xa4][0xd5]U8\[0x80]\[0x18]#-[0x87][0xc2][0xa1][0x9a]@[0xb2]E:"[0x13][0x87][0x1]H[0xd6][0x99]"[0x8d]:[0x90][0x15]A[0xa6]H[0xa3][0xe]d[0x1a][0x80][0x88]a[0x1c][0xee][0xc5][0xef]aS[0xa4][0xe5]K[0xce][0x19][0x89]E[0xb9][0xa9]9[0xa9][0xf9][0x98][0xb][0xb1]B[0xf3]RR[0x15][0xf2][0x93][0x93][0x13]SA+y[0x14][0x12][0x8b][0x92]32KR[0x93]K[0xf2][0x91]w[0xe4][0x9b]"-f"[0xd3]1[0x4][0x87][0x98][0x8][0xf9][0x6]Qh[0x90][0x19][0x9e][0x14][0xb6][0xa9]L[0x91]FZ[0xa8]0[0xfb]fJ[0xe1]5[0xc1][0xc6][0xa6]HK[0x9f][0xc8])FM)[0xdd][0xbc]g[0x8a]4[0x94]C^[0xa2]@[0x1a][0xd0]![0xd3][0x0]D[0xaa][0xa2]h[0xfa][0xc3][0x14][0xe9][0x10][0x16][\n]"
14:49:38.356 [main] DEBUG org.apache.http.wire -  << "[\r][0xa2]4[0x95]!-[0x9b]"/[0x9d]#[0xdd]C^[0xa0]"[\r]*[0x91]i[0x0][0xa2]r#[0xd3][0x0]J[0x8b]>[0xc2][0xc3]H[0x4]J[0x1b][0xa4]=[0x91][0xa4]oE1E[0x1a][0x97]*(6$[0xb1]-l[0x8a][0xb4][0xdc][0x8a][0xcc][0xe0]C[0xa4]A[0x1c][0x6] [0xd7]tHK[0xa3]p[0xa8]&[0x10]VHK[0xa3]p[0x18][0x80]l[0x1d][0xe1]A)B[0xd6]![0xda][0xc4]i[0x99]9[0xb9][\n]"
14:49:38.356 [main] DEBUG org.apache.http.wire -  << "[0x89]y[0x89][0xd9]`[0x2]#[0x9c]sS[0x8b][0xb3]3[0xb]J[0xf3][0x14]P[0xd5][0xe9]([0xe4][0x17][0x95][0x94]*d$[0x16][0x95][0x16]+[0x94][0xa4][0x96]$[0x16]([0xa4]$[0xe6][0x16]d[0xe6][0xa5]g* /[0x83]6[0xa5]tD[0xcc][0x94][0xa4][0x11]1S[0xa4][0xdd][0x9a][0xa8][0xe][0xa6][0xbe][0xc7][0x10][0xdd]5[0x1c]1F([0xe][0x10][\r]h[0x1c][0x6]([0xd5][0xc6][0xd6]r[0x1][0x0][0x0][0x0][0xff][0xff]"
14:49:38.356 [main] DEBUG org.apache.http.wire -  << "[\r][\n]"
14:49:38.356 [main] DEBUG org.apache.http.wire -  << "A[\r][\n]"
14:49:38.356 [main] DEBUG org.apache.http.wire -  << "[0x3][0x0][0xb5][0x89]N[0xf],[0xb3][0x0][0x0]"
14:49:38.356 [main] DEBUG org.apache.http.wire -  << "[\r][\n]"
14:49:38.356 [main] DEBUG org.apache.http.wire -  << "0[\r][\n]"
14:49:38.356 [main] DEBUG org.apache.http.wire -  << "[\r][\n]"
14:49:38.356 [main] DEBUG io.restassured.internal.RestAssuredHttpBuilder - Parsed data to instance of: class org.apache.http.conn.EofSensorInputStream
14:49:38.357 [main] DEBUG org.apache.http.impl.conn.BasicClientConnectionManager - Releasing connection org.apache.http.impl.conn.ManagedClientConnectionImpl@c157abf
14:49:38.357 [main] DEBUG org.apache.http.impl.conn.BasicClientConnectionManager - Connection can be kept alive indefinitely
14:49:38.376 [Finalizer] DEBUG org.apache.http.impl.conn.DefaultClientConnection - Connection 0.0.0.0:65376<->149.248.193.56:443 closed
14:49:38.378 [Finalizer] DEBUG org.apache.http.impl.conn.DefaultClientConnection - Connection 0.0.0.0:65375<->149.248.193.56:443 closed
14:49:38.380 [Finalizer] DEBUG org.apache.http.impl.conn.DefaultClientConnection - Connection 0.0.0.0:65374<->149.248.193.56:443 closed
14:49:38.381 [Finalizer] DEBUG org.apache.http.impl.conn.DefaultClientConnection - Connection 0.0.0.0:65373<->149.248.193.56:443 closed
14:49:38.383 [Finalizer] DEBUG org.apache.http.impl.conn.DefaultClientConnection - Connection 0.0.0.0:65372<->149.248.193.56:443 closed
14:49:38.384 [Finalizer] DEBUG org.apache.http.impl.conn.DefaultClientConnection - Connection 0.0.0.0:65371<->149.248.193.56:443 closed
14:49:38.386 [Finalizer] DEBUG org.apache.http.impl.conn.DefaultClientConnection - Connection 0.0.0.0:65379<->149.248.193.56:443 closed
14:49:38.388 [Finalizer] DEBUG org.apache.http.impl.conn.DefaultClientConnection - Connection 0.0.0.0:65377<->149.248.193.56:443 closed
14:49:38.389 [Finalizer] DEBUG org.apache.http.impl.conn.DefaultClientConnection - Connection 0.0.0.0:65381<->149.248.193.56:443 closed
14:49:38.390 [Finalizer] DEBUG org.apache.http.impl.conn.DefaultClientConnection - Connection 0.0.0.0:65380<->149.248.193.56:443 closed
14:49:38.392 [Finalizer] DEBUG org.apache.http.impl.conn.DefaultClientConnection - Connection 0.0.0.0:65384<->149.248.193.56:443 closed
14:49:38.393 [Finalizer] DEBUG org.apache.http.impl.conn.DefaultClientConnection - Connection 0.0.0.0:65383<->149.248.193.56:443 closed
14:49:38.394 [Finalizer] DEBUG org.apache.http.impl.conn.DefaultClientConnection - Connection 0.0.0.0:65382<->149.248.193.56:443 closed
14:49:38.395 [Finalizer] DEBUG org.apache.http.impl.conn.DefaultClientConnection - Connection 0.0.0.0:65386<->149.248.193.56:443 closed
14:49:38.396 [Finalizer] DEBUG org.apache.http.impl.conn.DefaultClientConnection - Connection 0.0.0.0:65385<->149.248.193.56:443 closed
14:49:38.397 [Finalizer] DEBUG org.apache.http.impl.conn.DefaultClientConnection - Connection 0.0.0.0:65388<->149.248.193.56:443 closed
14:49:38.398 [Finalizer] DEBUG org.apache.http.impl.conn.DefaultClientConnection - Connection 0.0.0.0:65387<->149.248.193.56:443 closed
14:49:38.408 [main] DEBUG net.thucydides.core.steps.StepInterceptor - STEP DONE: I send GET HTTP request categories
  &amp#27;[32mWhen &amp#27;[0m&amp#27;[32mI send GET HTTP request categories&amp#27;[0m                &amp#27;[90m# starter.stepdefinitions.CategoriesSteps.sentGetHttpRequestCategories()&amp#27;[0m
14:49:38.410 [main] DEBUG net.thucydides.core.steps.StepInterceptor - STARTING STEP: CategoriesSteps.receiveValidHttp200Categories - I receive valid HTTP response code 200 categories
14:49:38.410 [main] DEBUG net.thucydides.core.steps.StepInterceptor - STEP DONE: I receive valid HTTP response code 200 categories
  &amp#27;[32mThen &amp#27;[0m&amp#27;[32mI receive valid HTTP response code 200 categories&amp#27;[0m &amp#27;[90m# starter.stepdefinitions.CategoriesSteps.receiveValidHttp200Categories()&amp#27;[0m
14:49:38.411 [main] INFO  - 
  _____   ___   ___   _____     ___     _     ___   ___   ___   ___  
 |_   _| | __| / __| |_   _|   | _ \   /_\   / __| / __| | __| |   \ 
   | |   | _|  \__ \   | |     |  _/  / _ \  \__ \ \__ \ | _|  | |) |
   |_|   |___| |___/   |_|     |_|   /_/ \_\ |___/ |___/ |___| |___/ 

GET - Get list all categories
----------------------------------------------------------------------
]]></system-out>
  </testcase>
  <testcase name="GET - Get categories by ID" classname="Categories" time="0.101">
    <system-out><![CDATA[
Scenario: GET - Get categories by ID                     &amp#27;[90m# src/test/resources/features/4. Categories.feature:27&amp#27;[0m
14:49:38.415 [main] DEBUG io.cucumber.core.plugin.SerenityReporter - Running feature from file:///E:/APIMinpro/API/minpro/src/test/resources/features/4.%20Categories.feature
14:49:38.416 [main] INFO  - 
  _____   ___   ___   _____     ___   _____     _     ___   _____   ___   ___  
 |_   _| | __| / __| |_   _|   / __| |_   _|   /_\   | _ \ |_   _| | __| |   \ 
   | |   | _|  \__ \   | |     \__ \   | |    / _ \  |   /   | |   | _|  | |) |
   |_|   |___| |___/   |_|     |___/   |_|   /_/ \_\ |_|_\   |_|   |___| |___/ 

GET - Get categories by ID(categories;get---get-categories-by-id)
--------------------------------------------------------------------------------
14:49:38.421 [main] DEBUG net.thucydides.core.steps.StepInterceptor - STARTING STEP: CategoriesSteps.setGetApiEndpoints - I set GET api endpoints categories
14:49:38.421 [main] DEBUG net.thucydides.core.steps.StepInterceptor - STEP DONE: I set GET api endpoints categories
  &amp#27;[32mGiven &amp#27;[0m&amp#27;[32mI set GET api endpoints categories&amp#27;[0m               &amp#27;[90m# starter.stepdefinitions.CategoriesSteps.setGetApiEndpoints()&amp#27;[0m
14:49:38.424 [main] DEBUG net.thucydides.core.steps.StepInterceptor - STARTING STEP: CategoriesSteps.sendGetHttpRequestCategories2 - I send GET HTTP request categories2
14:49:38.424 [main] DEBUG net.thucydides.core.steps.StepInterceptor - STARTING STEP: Categories.sendGetHttpRequestCategories2 - I set GET api endpoints categories
14:49:38.424 [main] DEBUG net.thucydides.core.steps.StepInterceptor - STEP DONE: I set GET api endpoints categories
14:49:38.430 [main] DEBUG org.apache.http.impl.conn.BasicClientConnectionManager - Get connection for route {s}->https://altashop-api.fly.dev:443
14:49:38.430 [main] DEBUG org.apache.http.impl.conn.DefaultClientConnectionOperator - Connecting to altashop-api.fly.dev:443
14:49:38.471 [main] DEBUG org.apache.http.client.protocol.RequestAddCookies - CookieSpec selected: ignoreCookies
14:49:38.471 [main] DEBUG org.apache.http.client.protocol.RequestAuthCache - Auth cache not set in the context
14:49:38.471 [main] DEBUG org.apache.http.client.protocol.RequestTargetAuthentication - Target auth state: UNCHALLENGED
14:49:38.471 [main] DEBUG org.apache.http.client.protocol.RequestProxyAuthentication - Proxy auth state: UNCHALLENGED
14:49:38.471 [main] DEBUG org.apache.http.impl.client.DefaultHttpClient - Attempt 1 to execute request
14:49:38.471 [main] DEBUG org.apache.http.impl.conn.DefaultClientConnection - Sending request: GET /api/categories HTTP/1.1
14:49:38.471 [main] DEBUG org.apache.http.wire -  >> "GET /api/categories HTTP/1.1[\r][\n]"
14:49:38.471 [main] DEBUG org.apache.http.wire -  >> "Accept: */*[\r][\n]"
14:49:38.471 [main] DEBUG org.apache.http.wire -  >> "Host: altashop-api.fly.dev[\r][\n]"
14:49:38.471 [main] DEBUG org.apache.http.wire -  >> "Connection: Keep-Alive[\r][\n]"
14:49:38.471 [main] DEBUG org.apache.http.wire -  >> "User-Agent: Apache-HttpClient/4.5.13 (Java/11.0.15.1)[\r][\n]"
14:49:38.471 [main] DEBUG org.apache.http.wire -  >> "Accept-Encoding: gzip,deflate[\r][\n]"
14:49:38.471 [main] DEBUG org.apache.http.wire -  >> "[\r][\n]"
14:49:38.471 [main] DEBUG org.apache.http.headers - >> GET /api/categories HTTP/1.1
14:49:38.471 [main] DEBUG org.apache.http.headers - >> Accept: */*
14:49:38.471 [main] DEBUG org.apache.http.headers - >> Host: altashop-api.fly.dev
14:49:38.471 [main] DEBUG org.apache.http.headers - >> Connection: Keep-Alive
14:49:38.471 [main] DEBUG org.apache.http.headers - >> User-Agent: Apache-HttpClient/4.5.13 (Java/11.0.15.1)
14:49:38.471 [main] DEBUG org.apache.http.headers - >> Accept-Encoding: gzip,deflate
14:49:38.496 [main] DEBUG org.apache.http.wire -  << "HTTP/1.1 200 OK[\r][\n]"
14:49:38.496 [main] DEBUG org.apache.http.wire -  << "content-type: application/json[\r][\n]"
14:49:38.496 [main] DEBUG org.apache.http.wire -  << "date: Mon, 08 May 2023 07:49:37 GMT[\r][\n]"
14:49:38.496 [main] DEBUG org.apache.http.wire -  << "transfer-encoding: chunked[\r][\n]"
14:49:38.496 [main] DEBUG org.apache.http.wire -  << "content-encoding: gzip[\r][\n]"
14:49:38.496 [main] DEBUG org.apache.http.wire -  << "server: Fly/3f2597ca (2023-05-03)[\r][\n]"
14:49:38.496 [main] DEBUG org.apache.http.wire -  << "via: 1.1 fly.io[\r][\n]"
14:49:38.496 [main] DEBUG org.apache.http.wire -  << "fly-request-id: 01GZX5CR9MHVGV481P8J4V0Q9V-sin[\r][\n]"
14:49:38.496 [main] DEBUG org.apache.http.wire -  << "[\r][\n]"
14:49:38.496 [main] DEBUG org.apache.http.impl.conn.DefaultClientConnection - Receiving response: HTTP/1.1 200 OK
14:49:38.496 [main] DEBUG org.apache.http.headers - << HTTP/1.1 200 OK
14:49:38.496 [main] DEBUG org.apache.http.headers - << content-type: application/json
14:49:38.496 [main] DEBUG org.apache.http.headers - << date: Mon, 08 May 2023 07:49:37 GMT
14:49:38.496 [main] DEBUG org.apache.http.headers - << transfer-encoding: chunked
14:49:38.496 [main] DEBUG org.apache.http.headers - << content-encoding: gzip
14:49:38.496 [main] DEBUG org.apache.http.headers - << server: Fly/3f2597ca (2023-05-03)
14:49:38.496 [main] DEBUG org.apache.http.headers - << via: 1.1 fly.io
14:49:38.496 [main] DEBUG org.apache.http.headers - << fly-request-id: 01GZX5CR9MHVGV481P8J4V0Q9V-sin
14:49:38.496 [main] DEBUG org.apache.http.impl.client.DefaultHttpClient - Connection can be kept alive indefinitely
14:49:38.496 [main] DEBUG io.restassured.internal.RestAssuredHttpBuilder - Parsing response as: application/json
14:49:38.496 [main] DEBUG org.apache.http.wire -  << "182[\r][\n]"
14:49:38.496 [main] DEBUG org.apache.http.wire -  << "[0x1f][0x8b][0x8][0x0][0x0][0x0][0x0][0x0][0x4][0xff][0xaa]VJI,IT[0xb2][0x8a][0xae]V[0xf2]tQ[0xb2]24250[0xd5]Q[0xf2]K[0xcc]MU[0xb2]Rr+-[0xca][0xcb],)-JU[0xd2]QrI-N.[0xca],([0xc9][0xcc][0xcf]S[0xb2]RJ[0xcb]/RHO[0xcc][0xcd][0xcc]KW((-*[0xc8]/N-V[0xaa][0xd5]A[0x98]aA[0x5]3,[0xe1]f(:([0xab][0xa8][0x92][0xea][0x6]CC[0xb8]~[0x88]KI6[0xc0][0x98]R[0x3][0xcc](5[0xc0][0x9c]R[0x3][0x10]aH^[0x18][0x18][0x19]P[0xe8][0x2]##J[\r]@[0xc4]BXjIjQf^bQ%FT[0xa6][0xe6][0xa4]&[0x97][0x14]e&g&[0xe6]![0xa7]C#DZ[0xf6][0xcd][0x7]%][0x85][0x80][0xcc]dP[0x82].VH[0xcc]KQp[0xcb][0xcc][0xc9][0xc5]0*#1[0xb3]([0xa5]([0xb5][0xb8]8[0xb5][0x8][0xc5](D\x[0x94][0xe6]&[0xe6])[0x4][0xa5][0x16][0xe7][0x97][0x16]%[0xa7][0x16]c[0x98]P[0x9e][0x99][0x97][0x92]_[0xae][0x90][0x9c][0x93][0x9a][0x98][0x87]f[0x8]">\SJ[0x93][0x13][0xc1]N[0xf2]M[0xcc]KLO[0xcd]M[0xcd]+[0xc1]0[0xa9] ?'39U!?--3[0x19][0xd5]$cD[0xea][0xe]J[0xcc][0xcc])[0xca]OLQ[0xf0]M[0xcc]+MK[0x4][0xfb][0xf][0xc3][0xa4][0xc4][0x92][0x92][0xfc][0xa2][0xbc][0xd4]J[0x85][0xc4][0x12][0x85][0x9c][0xc4]rd[0x9f][0x19]#B[0xd8])[0xb1]$1=[0xbf]H!<?[0xbb][0x14][0xc3][0x8][0xe7][0xd4][0xdc][0xcc][0x9c][0xc4]<[0x85][0xe2][0xd4][0xc][0x90]![0xa9]U[0x89]%[\n]"
14:49:38.496 [main] DEBUG org.apache.http.wire -  << "I[0xa9]E[0xe9][0x99]U[0x99]([0xc6][0x99]P[0x18][0xe3][0xc6][0x88]H[0x83]$[0xda]t[0xc][0xa7][0x10](~[0x8c]a[0x19][0xf][0x0][0x0][0x0][0xff][0xff]"
14:49:38.496 [main] DEBUG org.apache.http.wire -  << "[\r][\n]"
14:49:38.496 [main] DEBUG org.apache.http.wire -  << "407[\r][\n]"
14:49:38.496 [main] DEBUG org.apache.http.wire -  << "[0xb2]R*I-.[0xc1][0x12]E([0xe]F[0x14]V[0xe4][0xda][0x87][0x88]V"[0xec]3AD[0x9d];[0xb8][0x8][0xc5][0xf0][0x9e][0x1b][0xfe][0xd2][0xd5][0x4][0x91][0xa7]p[0x18][0x80][0xec]=[0x13]D[0xf4][0x92][0xe9]=[0x13]D[0x8c][0x12][0xe3]=DF![0xc2]u[0xa6][0x88][0xc0][0x80][0xb8][0xe]#0[0x8][0xc4][0xb5])"0[0xc8]4[0x0][0x11]>[0xd4]H[0xfe][0xa6][0x88][0xc0][0xa2][0x8a]q[0x88][0xcc]@[0x15][0xe3][0x10]9[0x83]*[0xc6]![0xe2][0x9a]*[0xc6]!r"U[0x8c]CdKj[0x18]gFi]h[0x86]H[0xeb][0x8e][0xd9]I[0x89]E[\n]"
14:49:38.496 [main] DEBUG org.apache.http.wire -  << "A[0x99]U[0xd9][0x95][\n]"
14:49:38.496 [main] DEBUG org.apache.http.wire -  << "n[0x89][0x19]E[0xa5]E[0xf9]U[0x98][0xb5]Znf^[0xa6]BAQ~Vjr[0x9]r[0x96]6C[0xa4]y[0xaa]x[0xc][0x91][0x3][0xc8][0xcb]Bf[0x88]4O[0xa6][0x1][0xd4]M[0xe5]f[0x88]TN[0xa6]{[0x10][0xe9][0xda]9[0xb1]$5=[0xbf][0xa8]R[0xc1][0xb1]4'3[0x11][0xa3]t[0x2][0xc5]P2LI"X[0x9]R;[0xd8][0xc][0x91][0xa0][0xf3][0x12]s[0x13]Aq[0x99]R[0x9a][0x8d]aH6[0xc4][0x0]p\[0x83][0xe4][0x91]M[0xa0]n[0x1a]6G$A[0xf2]B[0xc6][0x1c][0x91][0xf4][0xc8]4[0x80][0xd2][0xc4]fNib3G$62[0xbd]@i[0xf2]2G$[0xb]2][0x80]H[0x15][0x10][0x3]Hn"Y [\n]"
14:49:38.496 [main] DEBUG org.apache.http.wire -  << "3"[0xea]t[0xb]Jc[0xdd][0x82][0xd2]X[0xb7]@[0xc4]:1[0xee][0xa5]4[0x86],[0x10][0x5][0x0]1[0xd6][0xa1]G[0x7]F[0xe]'[0xd0][0x88][0xb1]D[0xc4]FHj1f?[0xc0]3/S[0x1]$[0x1][0xea]o[0xbb]g[0xa6][0xe6] W[0x6][0x96][0x94]fiKJ#[0xd7][0x92][0xd2][0xc8][0xb5]DD.$9[0x93][0x1c]~[0x94]fiKJ[0x13][0x8c]%"[0xc1][0x90][0xe9][0x5]J[0xcb][0x4]KD"$[0x9c]d[0xcd][0xc](L5f[0x6][0x88]TC[0x8c]u[0x14][0xc6][0xb0][0x19][0xd2][0xa8][0x14]1[0xd6]Q[0x18][0x1b]f[0x6][0x88][0xd8] [0xc2]:[0xa4][0xa1][0xa6][0xdc][0xc4][0xec][0xc4][0xbc][0xc4]<[0x8c][0x4][0xc][0x13]GT[0xed]f[0x86][0x88][0x10]$+[0xc9][0x98][0x19]R[0x98][0xef][0xcc][0xc])[0x8d][0x15]C[\n]"
14:49:38.496 [main] DEBUG org.apache.http.wire -  << "[0xf3][0x9d][0x99]![0x85][0xf9][0xce][0xcc][0x10][0x11][0xd3]Th[\n]"
14:49:38.496 [main] DEBUG org.apache.http.wire -  << "[0x9b][0x19]"[0xe2]=<[0xb3](5'[0xb5][0x18]sx[0xa7] [0xa3][0xb2]839[0xb3][0x18][0xb9]InF[0xe9]@[0x99][0x19][0xa5][0x3]efF[0x94]F[0xa6][0x11][0xa5]qa[0x84][0x8]<[0x1c][0x9]:[0xb1]8[0x5][0xa9][0xea]23B-[0xb2]@[0xb5][AQ~Ji2f[\r]X[0x92][0x91]Y[0xac][0x90]Y[0xac]P[0x92][0x91][\n]"
14:49:38.496 [main] DEBUG org.apache.http.wire -  << "iE'[0x97]([0xa4] [\r]I#[0xe5]+cDe[\n]"
14:49:38.496 [main] DEBUG org.apache.http.wire -  << "[0xca][0xbb][0xd4]2[0x15]Q`[0x12]2[0x15][0xd9][0x8b][0xc6][0x88]LNH[0x1b])^D[0xe4]|B[0xa6][0xa2]8[0x86][0xd2][0xec][0x8a]6[0xb0]F[0xad][0xa0]E[0xe4]aR|[0x83]4[0x8e]FH[0x1b][0x9]A[0x8b]4[0xb8]F[0xc8]T[0xe4][0xa0]E[0x1a]#[0xc3][0x91][0xf6][0xf1]7[0x1][0xcd]L([0xcd]}&[0x4]s[0x1f][0x1][0x17][0x98]"[0xf2][\r]y^[0xa0]t([0xce][0xcc][0x94][0xf8]dMB[0x8c][0x9a]R[0x9a][0xea]M[0x11]Q[0x13][0x90][0x9f][0x93]Y^[0x94]X[0x92][0x81]Q[0xc1][0x7][0xa5][0x16][0x94][0xa6]d&[0xe6][0xa5]$[0xa6]*[0xe4][0xa5][0x16]'g[0x96][0xe6][0x95]([0xa4]V$[0xa7][0x16][0x94][0x94][0x16]e*[0xa4][0xe4][0xe7][0xe4][0x17][0xa5]*[0xa4][0x96][0xe6]*[0x14][0xa7][0x16][0x96]f[0xea]!'[0x1e]SD[0x6][0xf0]ML[0xce][0xc8][0xcf][0xc6][0x9c]p[0xb],M,[0xce]TH+MOT[0xc8][0xcb][0xcf]S(,[0xcd]OQ[0xc8][0xcc]-HM[0xc9],Q(K[0xcd][0xc9],A5[0x90][0xd2][0xb4]@[0xe9]X[0x97][0x19][0xd2][0x10][0x15]$1[0x91][0xda]C53CM[0xc][0xf8][0x7][0xf1][0xcd][0xcc][0x10][0x91]lhd[0xac][0x90][0x98][0x85]9T[0x3]J[0xfe][0xb9][0xa9]E[0xc9][0x19][0xd8][0xa6],[0xcd]([0x1d]323CTf[0x10][0x1f]c$[0x11][0x90][0x3] RX]`Ni[0xfe]3G[0x84][0x18][0xc4][0x1a][0x92]]@i[0x13][0xc2][0x1c][0x91][0x90][0xc9]s[0x1][0xd2][0xb0][0x4][0x99][0x6]P[0x1a][0x6][0x16][0x88][0xcc]N[0xa6][0xb][0x8][0x86][0x1]r[0xd6][0xa7][0xb4][0xf7]nF[0xb8][0xf7][0x8e]b[0x1d][0xa5][0xbe]#[0xdc][0xcf]E[0xb2][0xce][0x9c][0xd2]^[0xa6]9R/[0x93][0xac][0xd8]07[0xa0]0=[0x98][0x1b]P[0x98]'[0xcc][0x91]z[0xae]dz[0x81][0xc2]837 %E[0x9a]#uf[0xc9]s/[0xa5][0xfd]Zs[0xa4]~-[0x8e][0x19]D[0xfc][0x13][0xa4][0xe6]H[0xdd]R2[\r]@[0x84][0x18][0xe][0x3][0x90]S9R[0xa7][0x91][0xcc][0x10]#Xu [g[0x84]H[0xd2]8[0x1c]G x[0x90]z[0x8a]8[0xc]@[0xb1][0x8e][0xd2][0xe4]g[0x84][0x8]L[0x1c][0xc1][0x83]l[0x1d][0xd2][0xc2][0x6][0x1c][0xaa][0xf1]W[0xa3][0xe6]H=[0xae]t[0x0][0x0][0x0][0x0][0xff][0xff]"
14:49:38.496 [main] DEBUG org.apache.http.wire -  << "[\r][\n]"
14:49:38.496 [main] DEBUG org.apache.http.wire -  << "679[\r][\n]"
14:49:38.496 [main] DEBUG org.apache.http.wire -  << "[0xc2]>[0xbd][0x8e]b[0x1d][0xa5][0xbe]3&[0xc9]wH}[0x16][0x1c][0x8e]#[0xe0];[0xa4][0xee][0x9][0xe][0x3][0x90]}[0x87][0xd4][0xa9] [0xd4][0x99]![0xbe]Amn[0x82][0xf0]2!SQ[0x1c][0x83]H[0xe5][0x84][0xb4][0x91][0xe0][0x18][0xa4][0x5][0x4]8[0x12]3[0x81][0xdc][0x80][0xd4]k[0xc1]a[0x0][0xb2]'[0x90][0xa6][0xf7]q[0xa8]&d[0x1d][0xa2][0xa1][0x8a][0xc3][0x0][0x14][0xeb][0x10]A[0x8d]#[0xba][0x9][0xa4][0x17]SDO[0x0][0x87]u[0x84][0xdc][0x8b][0x88]5[0x1c][0x6] [0xbb][0x17]i[0x8a][0x9b][\n]"
14:49:38.496 [main] DEBUG org.apache.http.wire -  << "[0xc3]q[0xe6][0x18][0xbd][0x8][0x12][[0xb4][0xe6]H[0x9d][0x8][0xf2][0xc2][0xf]ij[0x1b][0xf7]jH[0xb8][0x8c][0x82]WjAbQ"J[0x88]PZ[0xc0][0x98]Q[0x9a][0x4]([0xed]W[0x98]S:ilN[0xe9][0xa4][0xb1]9R[0xcf][0x6][0x1e][0xd6][0x18]I[0x1].[0x83]%[0x16]([0x9d][0xf3]57GD[0xa3][Qi&[0xe6][0x0]%r[0x9c]S[0xda][\r]2G[0x9a] &[0xc2]6D[0xe][0xc5][0xae]8=??E[0x1]TNd[0xa4]&[0xe6][0x94]d [0xbb][0x94][0xd2][0xfe][0x96][0xb9][0x5]bX[0x94][0xbc][0xc]F[0xe9][0xd4][0xb2]9[0xa5]S[0xcb][0xe6]HS[0xcb]dz[0x1]Q[0xa4][0x93]i[0x0]"q[0x91]i[0x0][0xa5]e[0x84][0x5][0xa2][0x9a] [0xcf][0x5]H3[0xd8]d[0x1a]@iB"[0xdc][0x11][0x6]e[0x1][0x88][0xe3][0xb0][0x8d][0xbf][0x98]#McS[0xa3][0xee][0xa2]tR[0xdb][0xdc][0x92][0xd2]dExR[0x1b][0xb9](@[0xea][0xd9]S[0xc5][0xfb][0x14][0xa7](D[0xb1][0x6][0x89]4[0x8c][0x2][0x1f]|Z[0x18]P8[0x9e]fA[0xe9][0xe8][0x85][0x5]R[0xd7][0x1f]6[0xff][0x8b][0xbe][0x91][0x2]&[0x8e][0x98][0xbf][0xb2]@[0xea][0xae][0xbb];[0xfa]z[0xfa][0xb9][0x93][0xec]qD[0xd0];&'[0xa7][0x16][0x17][0xe7][0x17]eb[0x19]>-[0xc9]WH[0xcd][0xcb]H[0xcc]KNUH,(HM,[0x2]1[0x91]R[0x84][0x85]!"[0x0][0xa9][0x90]",([0x1d]X[0xb0]@[0x1a]X[0xa0][0x8a]{[0x10][0xfd]h[0xaa][0x18][0x87][0xc8][0xae][0x94][0x85]:[0xa2],[0xa7][0xc8][0x1c]#D[0x81]J[0x91]9[0x6][0x94][0xe6]CJ[0xe7][0xf8]-([0x1d]_[0xb1]0[0xa4][0xd4][0xb][0x94][0xce][0xee][ [0xcd][0xee]S[0x14][0x19]Hc?[0xe4][0x15][0x8a]Hc?[0x94]9[0x84]J[0xa9][0x9d][0xd2]E[0x7][0x16][0x84]G[0x97][0x8]T[0x13][0x84]W-[0x10]2[0x80][0xd2][0xd4][0x85][0xb4]`[0x1]G[0xa4]"[0x97][0xca][0x94][0xe][0x90]Y [\r][0x90]Q[0x94][0x4][0x90][0x16][0x3][0xe0]p6[0x81][0x80]C[0x1a]:[0xa3][0xcc]![0x88][0xfa][0x8e]L[0x87]P[0x1a][0x83]&[0x88][0x9a][0x92]<[0x17]P:.hAx\[0x90]@d`l[0x13]"[0xb5][0xd5]A[0xe9][\n]"
14:49:38.496 [main] DEBUG org.apache.http.wire -  << "[0x8][0xb][0x13]D[0x91]Bf "[0xba]Q[0x14][0xa5]'[0xa4][0xf1]M2[0x1d]Bi[0x82]4[0xa1]4AR[0xba][0x96][0xc3][0x2]iX[0x95][0x9c][0xdd][0xb7][0x16]HK9[0xc8][0xb]C[0xa4][0x81]V2[\r]@$'[0x8a]R[0x3][0xd2][0xea][0xf][0xca][0xcc]A[0xb4][0xeb][0xc8][0xf4][0x10]"U[0x91][0x15]%Hk:([0xf2][0x8][0xd2][0x18]/y[0x1e][0xa1]tT[0xd7][0x82][0xd2]Q][0xb][0xa4]Q][0xf2][0x82][0x12]Q[0xd2][0x90][0x19][0x4][0x88][0xc4]@[0x9e][0x3](- [0x90][0x6][0x85][0xc9]r[0x0][0xa5]C[0xba][0x16]HC[0xba][0xe4]9[0x0][0x91][0xbd][0xc9][0x8b][0x2][0xa4][0x11]][0xf2][0x1c][0x80][0xc8][0x8e]d:[0x0][0x11][0x87]d9[0x80][0xd2][0xa1]W[0xb][0xa4][0xa1]W[0xf2][0x1c]@[0xe1][0xd2][0x8][0xb][0xb]J[0xe3][0x10]i[0xb1][0xe]y>[0xa0]0[\n]"
14:49:38.496 [main] DEBUG org.apache.http.wire -  << "(][0xbd]c[0x81]4hI[0x96][0x7]([0x1d]d[0xb4]@[0x1a]d$[0xcf][0x1][0x88][0x82],9?[0xaf]$?C[0x17][0xba][0x1b][0x12][0xdb][0x88][0x93][bqFf~^bRN*r[0x8f][0xc6][0x12][0x91][0x93][0x8][0x9b][0x81][0xa9][0x2]i[0xe8][0xc]i[0xf][0xc]Yy[0xd2][0x92][0xd2]!?KJ[0xd7][0x1b]Y"[0x8d][0x19][0x92][0xe9][0x5]D[0x8c][0x90]i[0x0]"S[0xe0][0x98][0xf1][0xc5]?el[0x89]4n[0x88][0xc3][0x0][0xa4][0xd8][0xb7]D[0x1a][0xd5][0xc3][0xa1][0x9a][0x90]u[0x88]q<[0x1c][0x6][0xa0]X[0x87](sp[0xa8]&d[0x1d][0xa2][0xee][0xc7]a[0x0][0x8a]u[0x88][0xb4]M^lP:veI[0xe9][0xd8][0x95]%[0xd2]@"y^@[0x1a][0xfc]"[0xd3][0x0]D[0xc][0x93]i[0x0][0x85]5[0x95]%[0xd2]0[0x15][0x8e]H'[0x90]j[0x90][0x86][0xa9]p[0x18][0x80][0x9c]j[0x90]6[0xc6][0x90][0xe7]aJ[0x7][0x89],[0x91][0x6][0x89]p[0xb8][0x97][0x80][0x87][0x91]N[0x95][0xc1]a[0x0][0xb2][0x87]1[0xce]|!q[0xf4][0xc1][0x92][0xd2][0xc1](KcDF[0xc5][0xe1]^B[0x1e]&Xl"{[0x18]i[0xc0][0x87]<[0xeb][0x90][0x6]|p[0x18][0x80]b[0x1d][0xa5][0x19][0x80][0xd2][0xc1][0x19]K[0xa4][0xa5]h[0xe4]%iJGe,)[0xdd] cI[0xe9][0xa0][0x8a]%[0xd2]R3[0xf2][0xc2][0x80][0xd2]A[0x11]KJ[0xf7][0xc2]X"[0x8d][0x86][0x90][0xe9][0x5]J[0x9b]'H+[0xda][0xc8]s[0x1][0xa5][0xc3][0xf][0x96][0x94][0xe]?XR[0xba][0xd7][0xc4][0xd2][0x94]`YC[0xa0][0xb0]B[0x1a][0xb]"[0xa2][0xf4]@[0x1a].!3[0xc8][0x11][0x8d].2[\r][0xa0]4[0xd5] [0xed][0xce][0xa1][0xde][0xe2]SK[0xa4]Q[0x14]B[0xa6]"[0x97][0xc6]H[0x83]'[0x84][0xb4][0x11][0xbf][0x12][0xd6][0x92][0xd2][0x83]Q,)]$g[0x89]4[0xa4]B^4S[0xba]p[0xce][0x12]i[0xe1][0x1c][0x99].@[0xe4],[0xf2][0xc][0xa0]tE[0x9d]%[0xd2][0xb0][0x8e]sbJni[0xb1]B@jYjQjN[0xe]F[0x9b][0xc8][0xa3]4--'[0xb5][0xa0]4-[\r]9u![\r][0xeb]8[0x95]&g'[0xa5]&b[0x9e]8[0x14][0x9c]SY[0x92][0x1]:L[0x11]E#[0xa2][0x99][0xed][0x9e][0x9a]_[0x94][0x9e][0xaa][0x10][0x9e][0x9a]X[0x9c][0x93][0x8a]y0UHFi^JjQRf[0x11][0xf2]~nKJW[0xd2]Y"[0x8d][0xe7][0x90][0x19][0xfa][0x88]V[0x1c]y[0x6]P[0xba][0x8e][0xcd][0x12]iD[0x87]L[0x17]P[0xda]TC[0x1a][0xd2]![0xd3][0x5][0x88][0x1e].[0x99][0x6]PZZ#[0x8d][0x8]QtR[0x9a]%[0xd2][0x80][0x10]%[0x6][0x19][0x1b]P[0xb8][0x98][0xcc][0xd8][0x0]i'[@jQfAFjQb[0x8e][0x2][0x8e][0xca][0xd7]7[0xbf][0xb4]8UG[0xc1];[0xb5]2)?[0xb1](EG[0xc1]#51[0xa5] #?/U[0xc1]5[0xc4][0x19][0x91]g[0x8d][\r]([0x1c]o26[0xa0]p[0x9b][0xb1][0x1][0x85][0x3]V[0xc6][0x6][0x6][0x94]%7c[0x3][0xa4][0xc3]Z[0xc8]I[0xaf][0xc6][0x6]H[0x3]Vd[0x1a][0x80]8[0xe5][0x81]L[0x3][0x10][0x99][0x1e]G[0x92][0xc0][0xdb][0xa0]36 [0xbc][0xe5][\r]9[0xd5] [0x9d][0x9a]B[0xa6]{)[0xab]&[0x8d][\r][0x90][0x6][0x95][0xc8][0xf3]0[0xd2][0xa0][0x12][0xe][0x3][0x90]=[0x8c][0xb4][0xec][0x89]<[0xf]#[0x9d]$[0x9c][0x86][0xf3]Tl[0x14][0x1b])+[0x3][0x8d][\r]([0x1c][0x3]26[0xa0]p[0xc][0xc8][0xd8][0x0]i[0xc][0x88][0x9a]E[0x16][0xd2][0xc8][0x10]yqa[0x8c][0xc8],d[0x1a]@Yw[0xc4][0xd8][0x80][0xc2][0xd1]&c[0x3][0xa4][0xa5]Odz[0x81][0xb2][0x86][0x8e][0xb1][0x81]1[0xa5]9[0x98][0xc2]5O[0xc6][0x6]H#X[0xe4][0x85][0x1][0x85]+[0x8e][0x8c][\r]([0x1c][0x93]26[0xa0]pH[0xc9][0xd8][0x80][0xc2]!%c[0x3][0xa4]u:[0xe4][0x5]"[0x85][0xb]u[0x8c][\r]([0x1c]R26@:[0xfd][0x84]L/P[0x9a][0x94][0x91]FC[0xc8]s[0x1][0x85]CJ[0xc6][0x6][0x14][0x8e][0xb0][0x18][0x1b]P8[0xa4]dl[0x80]tT-ya[0x80]4[0x16]B[0xa6][0x1][0x88][0x5][0xeb]d[0x1a][0x80][0xe8][0xbf][0x92]i[0x0][0xa5][0x15][0xb][0x85]#([0xc6][0x6][0x14][0x8e]_[0x18][0x1b][0x98]S[0x9a][0x17][0x90][0x86][0x1f]p[0xb4][0xab][0x8][0xb4]D[0x91][0x86][0x1f]p[0x18][0x80][0xdc]LB[0x1a]2[0xc0][0xa1][0x9a][0x90]u[0x88][0xba][0x1c][0xd3][0x0][0x0][0x0][0x0][0x0][0xff][0xff]"
14:49:38.496 [main] DEBUG org.apache.http.wire -  << "[\r][\n]"
14:49:38.497 [main] DEBUG org.apache.http.wire -  << "7BB[\r][\n]"
14:49:38.497 [main] DEBUG org.apache.http.wire -  << "[0x2][0xdf]U[0x82]b[0x1d][0xa2]U[0x6][0xdf].[0x8a]1[0xac][0x2][0x97][0xc1][0xd8]Hjl`[0x81][0x8]_[0xb8]2[0x92][0xc][0xa0]p[0xc9][0x88][0xb1][0x1][0xd2]65[0xf2]R9[0x85][0xe3][0x3][0xc6][0x6]H;[0xc5][0xc8]t[0x1]"[0x10][0xc9]2[0xc0][0x90]po[0x1c])[0xd2][\r])[0xed][0xe2][0x1a][0x12][0xee][0xe2][0xa2]XG[0xa9][0xef]([0xdc](el[0x88]t[0x80][\n]"
14:49:38.497 [main] DEBUG org.apache.http.wire -  << "y[0xe1][0x8b][0xd4][0x9b]t[0xf1]t[0xf6]wrT[0x88]t[0xf4][0xc0]H[0xe6][0x8e][0x1][0x9e][\n]"
14:49:38.497 [main] DEBUG org.apache.http.wire -  << "[0xe1][0xfe]A[0xde][0xc1][0xc8][0xbe][0xa7]p[0xb7][0x8f][0xb1]![0xd2]n[0x1f][0x92][0xed][0xa6]4[0xe4][0x91]z[0xa5][0xe4][0x5][0x1c][0x85][0xfb]s[0x8c][\r][0x91][0xfa][0x99]d[0xba][0x80][0xc2][0xd1][0x14]C[0xa4][0x95][\n]"
14:49:38.497 [main] DEBUG org.apache.http.wire -  << "d[0xba][0x80][0xc2][0xae][0x89]![0xe1][0xfd]0x[0xf7]2[0x18][0x1b][0x12][0xee][0xf9]"[0xa7]X[0xa4][0xb5][0x7][0xbe][0xa9][0xf9][0xe5]X[0xce][0xf6][0xf3]M[0xac][0xc8][0xcc]M[0x5][0x9d][0xb3][0xa7][0x90][0x9b][0x99]WZ[0xac][0x90][0x99][0x2]>[0x85]/[0xb3][0xa0]81W[0xa1],?[0xa7][0xb4][0xa0]$[0xb1]$5W[0xa1]8373'[0xb3][0xb0]4[0x15][0xe9]4>cCJ{[0x8b][0x86][0x84]{[0x8b][0xc8][0xfe]AZZ@^[0x4][0x12][0xee][0x98][0xa1]XGi[0x82]#<[0xb1][0x8f]l[0x1d][0xa5][0x1d][0x1e]C[\n]"
14:49:38.497 [main] DEBUG org.apache.http.wire -  << "'[0xe1][0x8d][\r])[0xed]1[0x19][0x12][0x9e][0xc5]G[0xf1]0[0xa5][0xd9][0x9]i[0xb2][0x18]Gz@[0xb6][0x8e][0xd2][0x9e][0x88]!RO[0x84][0xd4][0xf2][0x9b][0xc2][0xa3]N[0x8c][\r][0x91]fyqx[0x95]@[0xc9]A[0xe1]Q'[0xc6][0x86]HS[0xbb]d[0xba][0x80][0xc2]N[0x8c]![0xe1]i`[0xe4][0xe8]F[0xea]p[0xe0]h>[0xe3]o[0x1b]"u8p[0x18][0x80]l[0x1d][0xa5][0xbd][0xb]C[0x92]z[0x17][0x86][0x94][0xf6].[0xc][0x91]V[0xa8][0x13][0xe3];D[0xef][0x2][0x87]j[0x2][0x81][0x89]t[0xc][0x7][0xe][0x3][0x90][0x3][0x13]i[0xae][0x12][0x87]j[0x2][0xd6]![0xf5]Ep[0x18][0x80]b[0x1d]"e[0xe2]PM[0xc8]:D[0xf7][0x1a][0x87][0x1]([0xd6]![0xea][0x15][\n]"
14:49:38.497 [main] DEBUG org.apache.http.wire -  << "[0xee][0xe0]16D[0xea][0xad][0xe0][0xb0][0x95][0x90][0xb3][0x11][0x5]0[0xe][0x3][0x90][0x9c]m[0x84][0xd4]5[0xc1][0xa1][0x1a][0xbf]uFHK[0xd0]q[0x18][0x80]b[0x1d][0x85][0x91]b[0x84][0xd4]9"[0xc6]:D[0xa4][0xe0]PM[0xc8]w[0x4][0xb3][0x8][0x8a][0xef][0x10][\r]z[0xf2][0xac]C[0x9a][0xd9][0xc3]a[0x0][0xb2]u[0x14].E76B[0xea]x[0x11]c[0x1d]b[0xe8][0x82][0xac][0xba][0xc2][0x8]i[0x1a][0xf][0x87]u[0x4]b[0x3][0xa9][0xaf][0x85][0xc3][0x0][0xe4][0xe0]AZI[0x8e]C5[0x1][0xeb][0x90][0xba]W8[0xc]@[0xb1][0xe][0x91][0xb4][0x93][0x13][0xb3]S[0x8d]0[0xfa][0x9f] Q[0x85][0x9c][0xc4][0x82]L[0xa4][0xbb]g[0x8d][0x8d][0x90][0xa6][0xfa][0xc8][0x1a][0xa1]1BZ[0xeb]M[0xa6][0x1][0x88][0x2][0x83][0xbc]xE[0xea][0x0][0x5]gg[0xe6]%'b[0xb9][0x81][0x17]&[0xa1]P[0x92]Z[0x94][0x94][0x98][0x99][0xad]P[0x9a]WR[0x9a][0xad][0x90][0x9b]Z[0x94]X[0x9e]X[0xa2]P[0x9e][0x98][0x95][0x88]t[0xd2][0x97][0xb1][0x11][0xe1]>[0x11][0xfe][0xa6][0x91][0x11][0xa5][0xd3]vF[0x94]v[0x83][0x8c][0x8]w[0x83][0x8]y[0x81][0xe2][0x88]A[0x94]G[0xe4][0xc5],[0xa5][0x93]fF[0x94]v[0xee][0x8c][0x90][0xf6][0xf9]+`[0xe4]([0x2][0xe1]G[0xe9]|[0x99][0x11][0xe1][0xae][0x1e]![0x17] "[0x0][0x96][0x1]0<[0x1][0x93] 6g [0xcd][0xc1][0x91]s[0xde][0x92][0xb1][0x11][0xe1].i:[0xe8]>m[0xf8]>5c#J[0xfb][0xa0]FH]H[0x98]w)[0xf][0x7]DuD=3[0x11][0xed][0x5][0xea][0x99][0x89]hBP[0xcf]LD[0xc9]@=3[0x11]i[0xb5][0xa0][0xd8][0x14]#z[0x8][0xa4]tJ[0xe7]$[0x8d]([0xdc][0xa6]ol[0x84]4[0xa9][0x89][0xa3][0xb6][0x86].^F[0xae][0xb4])\[0x1b]ol[0x84]4[0xfe]@[0xc6][0x86]Tc#J[0xc7][0x10][0x8c]([0x9d][0x8]5B[0x1a][0x84] [0xcb][0x7]Hc[0x10][0xc4][0x87];[0xd2][0xb8][0x3][0x9][0x9a][0x10]-,[0x12]4!zq[0xe4][0xd5][0x81]H[0x93][0xa4][0xe4][0x85][0xf]"[0xff][0x93][0xe9][0x0]Df'[0xcb][0x1][0x14].[0xf1]66B[0x1a][0x5]![0xcf][0x1][0x4][0xe3][0x8d]@C[0x9c][0xf0][0xb8][0x8]r[0x9e][0xa6]pU[0xb6][0xb1][0x11][0xd2]m[0x9a][0xe4][0xf9][0x17]Q[0x92][0x92][0x17][0xe3]H#%d9[0x80][0xc2]E[0xdd][0xc6]FH[0x93][0xb6][0xae]y%[0xa9]E%[0x89][0x99]y[0xb9][0xa9]y[0x98][0xc7][0x8][0x17][0xe4][0xe7]d&[0xa7]*[0xe4][0xa7][0xa5]e&[0xa7][0x16]![0xc7][0x82]%"[0xdf]9[0xe7][0xe7][0x16][0x94][0x96][0xa4][0x16])[0x4][0xe7][0xa7][0x95][0x94]c[0xeb][0x1d]`[0xb9][0xa3][0xce][0xd8][0x8]i[0xe2]7[0xa0]4)'3Y[0x1]t[0x9d]Q2[0xe6][0xf2][0xfe][0xe4][0x8c][0xd4]\[0x94][0xfb][0xed][0x8c][0x8d][0x8][0x9f]%J[0xa0]>C[0x1a][0x86]!3[0xe][0x11][0xb9][0xd6][0x19][0xe4][0xbe][0xe4][0xc4][0x1c][0xcc][0xbb][0xf9][0x8a]S[0x93][0x8b]RK[0x12][0x8b]*QB[0x8e][0xc2][0xe4]c[0x8c]4[0xa6][0xe3][0x92]Z[0x9c][0x99][0x8e]y[0xbd]cRiqf^jqqnb[0x1e][0x92][0xcd][0xc6]Hc9[0xd4]jV[0x18]#-$w+[0xcd]K[0xd1][\r]J[0xcc],[0xce][0xcc][0xc3][0xbc]^)[0xaf][0xb4][0xa8][0x18][0xe9][0x98][0x5]cc[0xa4][0xa5][0xe2][0x1]E[0x99]y%[0xd8]4[0xa5]%&[0x97][0x80].[0xbb].[0xcf]/[0xca]FI~[0xc6]H[0xe3]D[0x8e]E%[0xc5][\n]"
14:49:38.497 [main] DEBUG org.apache.http.wire -  << "[0x89]y)[\n]"
14:49:38.497 [main] DEBUG org.apache.http.wire -  << "[0xce]E[0x89]i%[0x98][0x91][0x90][0x9a][0x97][0x9e][0x99][0x97][0x8a][0xa6][0x9d][0xfa][0x8d]Kc[0xa4][0x85][0xe3][0xe1][0x99]y[0xa9]`'[0x5][0x17]d[0x16]ebqSNby%[0x9a][0x8b][0x10][0xe9])$5'59?7[0xb7]4/39[0x11][0xb4]j[0x4][0xd3]O[0xc9][0xa0][0xa3]+[0xd0][0xc]@$+[0xaa]E.[0xd2]x[0x15]Y[0xb9][0xc4][0x18]i[0xed]@hIfNf[0x9][0xb6]s8R[0x93][0xf3][0xf3][0xf2][0xd1]r[0xb8]1[0xd2][0xd8][0x15][0x99]V#[\n]"
14:49:38.497 [main] DEBUG org.apache.http.wire -  << "([0xea][0x85][0x7]"[0xd9][0xf8][0xa5][0x96][0x17][0x17]$[0x16][0xa4][0x16]aFNRifN[\n]"
14:49:38.497 [main] DEBUG org.apache.http.wire -  << "j[0xe4] [\r][0x8d][0xb9][0xe6][0xa4]&[0x97][0x14]e&'[0xe6]([0xe8]+@8[0xf9]y[0x99][0xc9][\n]"
14:49:38.497 [main] DEBUG org.apache.http.wire -  << "[0xbe][0x89]y[0xa5][0xa0][0xf4]^Z[0x84]-'$g[0xa4]"[0xed][0xaa]26F[0x1a]*[0xa3][0x9e][0xef][0x10])[0xc8]=[0xbf],[0xb5][0x8]\%(8[0xa6][0xe4]f[0xe6]e[0x16][0x97][0x14][0x81][0x93]"F[0xbf]!759#1/3[0x19][0xb9][0x9c]A[0x1a]X[0xf3][0x4]U/y`[0xad][0x89]9[\n]"
14:49:38.497 [main] DEBUG org.apache.http.wire -  << "!E[0x89])[0x90][0x8c][0xe1][0x92]Z[0x96][0x9a][0x93]_[0x80][0xb5][0xd2])J[0x5]]S[0x97][0x99][0xf][0xb2][0x15][0xc5]X[0xc4][0xb6][0x6][0xaa][0xf9][0x99][0xd2][0x15][0x12][0xc6][0x94][0xae][0x90]0F[0x1a][0xdf]#/[0xa1]S[0xba]B[0xc2][0x98][0xc2]#G[0x8d][0x8d])[0xdd][0x1b]`[0x8c]4[0xc2]H^[0x18]P:[0x9c]h[0x8c][0xb4][0xb9][0x80]L[0x17] [0x1a][0xc1]d[0x1a][0x80]([0xaf][0xc8]4[0x0]Q8[0x91]i[0x0]bt[0x84]L[0x3]([0xec][\n]"
14:49:38.497 [main] DEBUG org.apache.http.wire -  << "[0x19]#[0x9d]z[0x91][0x97][0xaf][0x80][0xc3][0x11]y[0xf9]%[0xe0][0xeb]#[0xb0][0x9c][0x9a]olL[0xe9]>[0x2]cJ[0x87]D[0x8d][0x91][0x86]D1G4[0x15][0x90][0xcb]3[0xa4][0xb1]O[0xca]O[0xfc]66F[0xda]@[0xc8]bDJ[0xc1]T[0x89][0xe2]BD[0x8a][0xa0][0x8a][0xb][0x11][0xe9][0x83]*[0xc6]![0x9a]LT1[0xe]Q[0xfd]Q[0xc3]8[0xa4]q\[0x1c][0x9][0x19][0x17][0xc5][0x18]i[0x1c][0x97]j[0xd5][0x1d][0xd2]H/[0x8e]![0x16][0xfc]]uc[0xa4][0xd5]F8[0xc]@N?[0x94]n[0xc6]0[0xa6][0xf0]|[0xf]cc[0xa4][0xdd][0x1c][0x98]I[0x1d]%7"[0x1d][0xe4]AH%"[0xa1][0x10]P[0x89]4jJ[0xb5](D[0x1a][0x7][0xa5][0x9e][0x99][0x88][0xca][0x8b]zf"[0xea]3[0xb2][0xe6]-[0x8d][0x91]Vn[0x91]i[0x0][0xa2]| /[0x7]"[\r][0x9d]R[0xb4]][0xdb][0x18][0xe9]tQ[0x1c][0xb9][0x86]@[0xb6]CZE[0x85][0xc3][0x0][0xe4]lG[0xe1][0xb9][0x15][0xc6][0xc6]H[0xcb][0xb0][0xc8][0xb]9[0xa4]1I[0x12]/[0x81]26F[0x1a][0x8e]$]/[0xa2][0x8b]@[0xa6][0xc3][0x11]9[0x81]L[0x3][0x10][0xc9][0x9e][0xc4][0xf5][0x86][0xc6]H[0xab][0xbb]H[0xd6][0x8a][0xa8][0xa8]I[0xd6][0x8a][0xc8]%$kE[0x14][0x84][0xa4]jE[0x1a][0x2]%Y+bc[0x16][0x8e][0xbc]@ 3![\r][0x9f][0xe2]0[0x0]93![\r]t[0xe2]PM[0xc8]:Dk[0xb][0x87][0x1]([0xd6]![0xda]H8T[0x13][0xb2][0xe][0x11][0x9f]8[0xc]@[0xb2][0xce][0x4]i,[0x11][0x87]j[0xfc][0xd6][0x99] [0x8d])[0xe2]0[0x0][0xc5]:D[0xf6][0xc2][0xa1][0x9a][0x90]u[0x88][0xec][0x85][0xc3][0x0][0x14][0xeb][0x10][0xd9][0x82][0xac][0xdc]l[0x82]t[0x96][0x3][0xe][0xeb][0x8][0xb9][0x17][0x91]Ep[0x18][0x80][0xec]^[0xa4][0xe1]2[0xf2][0xdc][0x8b]4jFb[0xb6]21D[0x84],[0x99]v#[0x2][0x9b][0x92][0x15][0x92]&Hce[0x94][0x99][0x83][0xc8][0x8][0xe4]y[0x8]i[0x81][0x19]E[0xe]A[0x1a][0xe][0xa3][0xcc][0x1c]D[0xe5][0x86]#-[0x11]H[0x8c]H[0x83]]8[0xc]@N[0x8c]H#[8T[0x13][0xb2][0xe][0x91] p[0x18][0x80]b[0x1d]"[0xba]p[0xa8]&d[0x1d]IY[\r]i[0xc4][0x88]<[0xeb][0x90]F[0x8c]p[0x18][0x80][0xec];[0xa4]C"p[0xa8]&[0xe0];[0xa4]mA8[0xc]@[0xb1][0xe]Q[0x8b]@[0xd2]>[0xe6][0x84][0xc][0xfe][0xde][0xa7][0x9][0xd2]P[0xc]h][0x5][0x96][0xb][0xdb][0x90][0xed][0xc3]>j[0x2][0x0][0x0][0x0][0xff][0xff]"
14:49:38.497 [main] DEBUG org.apache.http.wire -  << "[\r][\n]"
14:49:38.497 [main] DEBUG org.apache.http.wire -  << "1AB[\r][\n]"
14:49:38.497 [main] DEBUG org.apache.http.wire -  << "*N.[0xca][0x84]m{%`[0x1d][0xd2][0xa8][0x9][0xc4][0xc1][0x18][0x3][0xcd][0x84][0xc]@d[0xe][0x1c][0x6][0xa0][0xb8][0x17][0x91]4q[0xa8]&d[0x1d]z[0x0]c[0xb8][0x17][0xd9]:[0xa4][0xae]<y[0xd6]![0xf5][0xdb]q[0x18][0x80]b[0x1d][0xa5][0xbe]C[0xea]5[0xe3][0xb0][0x8e]@[0xf0] u[0xa6]q[0x18][0x80][0xec]^[0xa4].-[0xe][0xd5][0x4][0xac]#[0xbc][0xcc][0x7][0xc5]:[0x82]qG[0xc8]:DQE[0xad][0xee][0xb2][0x9]R_[0x93][0xbc]0[0xa0][0xf4][0xc0][0x3][0x13][0xc2][0xb]}[0x8][0x14]Q[0x84][0x17][0xfd] [0xc7][0x2]R[0x97][0x96]j[0x81][0x88][0xb4][0x96][0x87][0xcc]@[0xa4]4[0xe7] u[0xbd][0xa9][0xe7]+Dr#[0xd3]W[0x88][0x9a][0x91]<[0x3][0x90][0xba][0xf3]T[0xf3][0x15]R7[0x9f]LG[0x11],[0xf1][0x9]dc[0xa4][0xab][0x9a][0xa9][0xe7]+D+[0x1a]G5M [0x13]![\r][0x2][0x90][0x19],[0x88]$L[0xce][0xe2]"[0x13][0xa4]M_d:[0x80][0xd2][0xd4][0x86]46@[0x9e][0xb][0x90]6[0x92][0x91]i[0x0][0xa5]I[0xb]i[0x81][0x15]y[0xc9][0x80][0xd2]Q[0x7][0x13][0xa4][0xd5]U8\[0x80]\[0x18]#-[0x87][0xc2][0xa1][0x9a]@[0xb2]E:"[0x13][0x87][0x1]H[0xd6][0x99]"[0x8d]:[0x90][0x15]A[0xa6]H[0xa3][0xe]d[0x1a][0x80][0x88]a[0x1c][0xee][0xc5][0xef]aS[0xa4][0xe5]K[0xce][0x19][0x89]E[0xb9][0xa9]9[0xa9][0xf9][0x98][0xb][0xb1]B[0xf3]RR[0x15][0xf2][0x93][0x93][0x13]SA+y[0x14][0x12][0x8b][0x92]32KR[0x93]K[0xf2][0x91]w[0xe4][0x9b]"-f"[0xd3]1[0x4][0x87][0x98][0x8][0xf9][0x6]Qh[0x90][0x19][0x9e][0x14][0xb6][0xa9]L[0x91]FZ[0xa8]0[0xfb]fJ[0xe1]5[0xc1][0xc6][0xa6]HK[0x9f][0xc8])FM)[0xdd][0xbc]g[0x8a]4[0x94]C^[0xa2]@[0x1a][0xd0]![0xd3][0x0]D[0xaa][0xa2]h[0xfa][0xc3][0x14][0xe9][0x10][0x16][\n]"
14:49:38.497 [main] DEBUG org.apache.http.wire -  << "[\r][0xa2]4[0x95]!-[0x9b]"/[0x9d]#[0xdd]C^[0xa0]"[\r]*[0x91]i[0x0][0x85][0xc3][0xdf][0xa6][0x84][0x8f]*%PX[0x10][0x1e]FB3[0x0][0x0][0x0][0x0][0xff][0xff]"
14:49:38.497 [main] DEBUG org.apache.http.wire -  << "[\r][\n]"
14:49:38.497 [main] DEBUG org.apache.http.wire -  << "A2[\r][\n]"
14:49:38.497 [main] DEBUG org.apache.http.wire -  << "[0xca]/NE[0xde][0x13]i[0x8a][0xb4]'[0x92][0xf4][0xad]([0xa6]H[0xe3]R[0x5][0xc5][0x86][0x18][0xfd]n[0xfc][0x8d]>S[0xa4][0xe5]Vd[0x86]?"[\r][0xe2]0[0x0][0xb9][0xa6]CZ[0x1a][0x85]C5[0x81][0xb0]BZ[0x1a][0x85][0xc3][0x0]d[0xeb][0x8][0xf]J[0x11][0xb2][0xe]1@[0x9f][0x96][0x99][0x93][0xab][0x90][0x98][0x97][0x98][\r]&0[0xc2]97[0xb5]8;[0xb3][0xa0]4O[0x1]U[0x9d][0x8e]B~QI[0xa9]BFbQi[0xb1]BIjIb[0x81]BJbnAf^z[0xa6][0x2][0xf2]2hSJG[0xc4]LI[0x1a][0x11]3E[0xda][0xad][0x89][0xea]`[0xea]{[0xc][0xd1]][0xc3][0x11]c[0x84][0xe2][0x0][0xd1][0x80][0xc6]a[0x80]Rml-[0x17][0x0][0x0][0x0][0xff][0xff]"
14:49:38.497 [main] DEBUG org.apache.http.wire -  << "[\r][\n]"
14:49:38.497 [main] DEBUG org.apache.http.wire -  << "A[\r][\n]"
14:49:38.497 [main] DEBUG org.apache.http.wire -  << "[0x3][0x0][0xb5][0x89]N[0xf],[0xb3][0x0][0x0]"
14:49:38.497 [main] DEBUG org.apache.http.wire -  << "[\r][\n]"
14:49:38.497 [main] DEBUG org.apache.http.wire -  << "0[\r][\n]"
14:49:38.497 [main] DEBUG org.apache.http.wire -  << "[\r][\n]"
14:49:38.497 [main] DEBUG io.restassured.internal.RestAssuredHttpBuilder - Parsed data to instance of: class org.apache.http.conn.EofSensorInputStream
14:49:38.498 [main] DEBUG org.apache.http.impl.conn.BasicClientConnectionManager - Releasing connection org.apache.http.impl.conn.ManagedClientConnectionImpl@3b3190fd
14:49:38.498 [main] DEBUG org.apache.http.impl.conn.BasicClientConnectionManager - Connection can be kept alive indefinitely
14:49:38.509 [main] DEBUG net.thucydides.core.steps.StepInterceptor - STEP DONE: I send GET HTTP request categories2
  &amp#27;[32mWhen &amp#27;[0m&amp#27;[32mI send GET HTTP request categories2&amp#27;[0m               &amp#27;[90m# starter.stepdefinitions.CategoriesSteps.sendGetHttpRequestCategories2()&amp#27;[0m
14:49:38.511 [main] DEBUG net.thucydides.core.steps.StepInterceptor - STARTING STEP: CategoriesSteps.receiveValidHttp200Categories - I receive valid HTTP response code 200 categories
14:49:38.511 [main] DEBUG net.thucydides.core.steps.StepInterceptor - STEP DONE: I receive valid HTTP response code 200 categories
  &amp#27;[32mThen &amp#27;[0m&amp#27;[32mI receive valid HTTP response code 200 categories&amp#27;[0m &amp#27;[90m# starter.stepdefinitions.CategoriesSteps.receiveValidHttp200Categories()&amp#27;[0m
14:49:38.513 [main] INFO  - 
  _____   ___   ___   _____     ___     _     ___   ___   ___   ___  
 |_   _| | __| / __| |_   _|   | _ \   /_\   / __| / __| | __| |   \ 
   | |   | _|  \__ \   | |     |  _/  / _ \  \__ \ \__ \ | _|  | |) |
   |_|   |___| |___/   |_|     |_|   /_/ \_\ |___/ |___/ |___| |___/ 

GET - Get categories by ID
----------------------------------------------------------------------
]]></system-out>
  </testcase>
  <testcase name="DEL - Delete category with ID" classname="Categories" time="0.158">
    <system-out><![CDATA[
Scenario: DEL - Delete category with ID                  &amp#27;[90m# src/test/resources/features/4. Categories.feature:32&amp#27;[0m
14:49:38.516 [main] DEBUG io.cucumber.core.plugin.SerenityReporter - Running feature from file:///E:/APIMinpro/API/minpro/src/test/resources/features/4.%20Categories.feature
14:49:38.517 [main] INFO  - 
  _____   ___   ___   _____     ___   _____     _     ___   _____   ___   ___  
 |_   _| | __| / __| |_   _|   / __| |_   _|   /_\   | _ \ |_   _| | __| |   \ 
   | |   | _|  \__ \   | |     \__ \   | |    / _ \  |   /   | |   | _|  | |) |
   |_|   |___| |___/   |_|     |___/   |_|   /_/ \_\ |_|_\   |_|   |___| |___/ 

DEL - Delete category with ID(categories;del---delete-category-with-id)
--------------------------------------------------------------------------------
14:49:38.522 [main] DEBUG net.thucydides.core.steps.StepInterceptor - STARTING STEP: CategoriesSteps.setDelApiEndpoints - I set DEL api endpoints categories
14:49:38.522 [main] DEBUG net.thucydides.core.steps.StepInterceptor - STEP DONE: I set DEL api endpoints categories
  &amp#27;[32mGiven &amp#27;[0m&amp#27;[32mI set DEL api endpoints categories&amp#27;[0m               &amp#27;[90m# starter.stepdefinitions.CategoriesSteps.setDelApiEndpoints()&amp#27;[0m
14:49:38.524 [main] DEBUG net.thucydides.core.steps.StepInterceptor - STARTING STEP: CategoriesSteps.sendDelHttpRequestCategoriesDel - I send DEL HTTP request categories
14:49:38.525 [main] DEBUG net.thucydides.core.steps.StepInterceptor - STARTING STEP: Categories.sendDelHttpRequestCategories - I set DEL api endpoints categories
14:49:38.526 [main] DEBUG net.thucydides.core.steps.StepInterceptor - STEP DONE: I set DEL api endpoints categories
14:49:38.532 [main] DEBUG org.apache.http.impl.conn.BasicClientConnectionManager - Get connection for route {s}->https://altashop-api.fly.dev:443
14:49:38.532 [main] DEBUG org.apache.http.impl.conn.DefaultClientConnectionOperator - Connecting to altashop-api.fly.dev:443
14:49:38.639 [main] DEBUG org.apache.http.client.protocol.RequestAddCookies - CookieSpec selected: ignoreCookies
14:49:38.639 [main] DEBUG org.apache.http.client.protocol.RequestAuthCache - Auth cache not set in the context
14:49:38.639 [main] DEBUG org.apache.http.client.protocol.RequestTargetAuthentication - Target auth state: UNCHALLENGED
14:49:38.639 [main] DEBUG org.apache.http.client.protocol.RequestProxyAuthentication - Proxy auth state: UNCHALLENGED
14:49:38.639 [main] DEBUG org.apache.http.impl.client.DefaultHttpClient - Attempt 1 to execute request
14:49:38.639 [main] DEBUG org.apache.http.impl.conn.DefaultClientConnection - Sending request: DELETE /api/categories/12510 HTTP/1.1
14:49:38.639 [main] DEBUG org.apache.http.wire -  >> "DELETE /api/categories/12510 HTTP/1.1[\r][\n]"
14:49:38.639 [main] DEBUG org.apache.http.wire -  >> "Accept: */*[\r][\n]"
14:49:38.639 [main] DEBUG org.apache.http.wire -  >> "Host: altashop-api.fly.dev[\r][\n]"
14:49:38.639 [main] DEBUG org.apache.http.wire -  >> "Connection: Keep-Alive[\r][\n]"
14:49:38.639 [main] DEBUG org.apache.http.wire -  >> "User-Agent: Apache-HttpClient/4.5.13 (Java/11.0.15.1)[\r][\n]"
14:49:38.639 [main] DEBUG org.apache.http.wire -  >> "Accept-Encoding: gzip,deflate[\r][\n]"
14:49:38.639 [main] DEBUG org.apache.http.wire -  >> "[\r][\n]"
14:49:38.639 [main] DEBUG org.apache.http.headers - >> DELETE /api/categories/12510 HTTP/1.1
14:49:38.639 [main] DEBUG org.apache.http.headers - >> Accept: */*
14:49:38.639 [main] DEBUG org.apache.http.headers - >> Host: altashop-api.fly.dev
14:49:38.639 [main] DEBUG org.apache.http.headers - >> Connection: Keep-Alive
14:49:38.639 [main] DEBUG org.apache.http.headers - >> User-Agent: Apache-HttpClient/4.5.13 (Java/11.0.15.1)
14:49:38.639 [main] DEBUG org.apache.http.headers - >> Accept-Encoding: gzip,deflate
14:49:38.662 [main] DEBUG org.apache.http.wire -  << "HTTP/1.1 200 OK[\r][\n]"
14:49:38.662 [main] DEBUG org.apache.http.wire -  << "content-type: application/json[\r][\n]"
14:49:38.662 [main] DEBUG org.apache.http.wire -  << "date: Mon, 08 May 2023 07:49:37 GMT[\r][\n]"
14:49:38.662 [main] DEBUG org.apache.http.wire -  << "content-encoding: gzip[\r][\n]"
14:49:38.662 [main] DEBUG org.apache.http.wire -  << "transfer-encoding: chunked[\r][\n]"
14:49:38.662 [main] DEBUG org.apache.http.wire -  << "server: Fly/3f2597ca (2023-05-03)[\r][\n]"
14:49:38.662 [main] DEBUG org.apache.http.wire -  << "via: 1.1 fly.io[\r][\n]"
14:49:38.662 [main] DEBUG org.apache.http.wire -  << "fly-request-id: 01GZX5CREX0242SZZD5ZQ5DPB8-sin[\r][\n]"
14:49:38.662 [main] DEBUG org.apache.http.wire -  << "[\r][\n]"
14:49:38.662 [main] DEBUG org.apache.http.impl.conn.DefaultClientConnection - Receiving response: HTTP/1.1 200 OK
14:49:38.663 [main] DEBUG org.apache.http.headers - << HTTP/1.1 200 OK
14:49:38.663 [main] DEBUG org.apache.http.headers - << content-type: application/json
14:49:38.663 [main] DEBUG org.apache.http.headers - << date: Mon, 08 May 2023 07:49:37 GMT
14:49:38.663 [main] DEBUG org.apache.http.headers - << content-encoding: gzip
14:49:38.663 [main] DEBUG org.apache.http.headers - << transfer-encoding: chunked
14:49:38.663 [main] DEBUG org.apache.http.headers - << server: Fly/3f2597ca (2023-05-03)
14:49:38.663 [main] DEBUG org.apache.http.headers - << via: 1.1 fly.io
14:49:38.663 [main] DEBUG org.apache.http.headers - << fly-request-id: 01GZX5CREX0242SZZD5ZQ5DPB8-sin
14:49:38.663 [main] DEBUG org.apache.http.impl.client.DefaultHttpClient - Connection can be kept alive indefinitely
14:49:38.663 [main] DEBUG io.restassured.internal.RestAssuredHttpBuilder - Parsing response as: application/json
14:49:38.663 [main] DEBUG org.apache.http.wire -  << "22[\r][\n]"
14:49:38.663 [main] DEBUG org.apache.http.wire -  << "[0x1f][0x8b][0x8][0x0][0x0][0x0][0x0][0x0][0x4][0xff][0xab]VJI,IT[0xb2][0xca]+[0xcd][0xc9][0xa9][0xe5][0x2][0x0][0xa3][0xab][0x8f]W[0xe][0x0][0x0][0x0]"
14:49:38.663 [main] DEBUG org.apache.http.wire -  << "[\r][\n]"
14:49:38.666 [main] DEBUG org.apache.http.wire -  << "0[\r][\n]"
14:49:38.666 [main] DEBUG org.apache.http.wire -  << "[\r][\n]"
14:49:38.666 [main] DEBUG io.restassured.internal.RestAssuredHttpBuilder - Parsed data to instance of: class org.apache.http.conn.EofSensorInputStream
14:49:38.668 [main] DEBUG org.apache.http.impl.conn.BasicClientConnectionManager - Releasing connection org.apache.http.impl.conn.ManagedClientConnectionImpl@6fbfd28b
14:49:38.668 [main] DEBUG org.apache.http.impl.conn.BasicClientConnectionManager - Connection can be kept alive indefinitely
14:49:38.668 [main] DEBUG net.thucydides.core.steps.StepInterceptor - STEP DONE: I send DEL HTTP request categories
  &amp#27;[32mWhen &amp#27;[0m&amp#27;[32mI send DEL HTTP request categories&amp#27;[0m                &amp#27;[90m# starter.stepdefinitions.CategoriesSteps.sendDelHttpRequestCategoriesDel()&amp#27;[0m
14:49:38.670 [main] DEBUG net.thucydides.core.steps.StepInterceptor - STARTING STEP: CategoriesSteps.receiveValidHttp200Categories - I receive valid HTTP response code 200 categories
14:49:38.670 [main] DEBUG net.thucydides.core.steps.StepInterceptor - STEP DONE: I receive valid HTTP response code 200 categories
  &amp#27;[32mThen &amp#27;[0m&amp#27;[32mI receive valid HTTP response code 200 categories&amp#27;[0m &amp#27;[90m# starter.stepdefinitions.CategoriesSteps.receiveValidHttp200Categories()&amp#27;[0m
14:49:38.671 [main] INFO  - 
  _____   ___   ___   _____     ___     _     ___   ___   ___   ___  
 |_   _| | __| / __| |_   _|   | _ \   /_\   / __| / __| | __| |   \ 
   | |   | _|  \__ \   | |     |  _/  / _ \  \__ \ \__ \ | _|  | |) |
   |_|   |___| |___/   |_|     |_|   /_/ \_\ |___/ |___/ |___| |___/ 

DEL - Delete category with ID
----------------------------------------------------------------------
]]></system-out>
  </testcase>
  <testcase name="DEL - Delete category with invalid ID" classname="Categories" time="0.106">
    <system-out><![CDATA[
Scenario: DEL - Delete category with invalid ID          &amp#27;[90m# src/test/resources/features/4. Categories.feature:37&amp#27;[0m
14:49:38.674 [main] DEBUG io.cucumber.core.plugin.SerenityReporter - Running feature from file:///E:/APIMinpro/API/minpro/src/test/resources/features/4.%20Categories.feature
14:49:38.675 [main] INFO  - 
  _____   ___   ___   _____     ___   _____     _     ___   _____   ___   ___  
 |_   _| | __| / __| |_   _|   / __| |_   _|   /_\   | _ \ |_   _| | __| |   \ 
   | |   | _|  \__ \   | |     \__ \   | |    / _ \  |   /   | |   | _|  | |) |
   |_|   |___| |___/   |_|     |___/   |_|   /_/ \_\ |_|_\   |_|   |___| |___/ 

DEL - Delete category with invalid ID(categories;del---delete-category-with-invalid-id)
--------------------------------------------------------------------------------
14:49:38.681 [main] DEBUG net.thucydides.core.steps.StepInterceptor - STARTING STEP: CategoriesSteps.setDelApiEndpoints2 - I set DEL api endpoints categories2
14:49:38.681 [main] DEBUG net.thucydides.core.steps.StepInterceptor - STEP DONE: I set DEL api endpoints categories2
  &amp#27;[32mGiven &amp#27;[0m&amp#27;[32mI set DEL api endpoints categories2&amp#27;[0m              &amp#27;[90m# starter.stepdefinitions.CategoriesSteps.setDelApiEndpoints2()&amp#27;[0m
14:49:38.683 [main] DEBUG net.thucydides.core.steps.StepInterceptor - STARTING STEP: CategoriesSteps.sendDelHttpRequestCategoriesDel2 - I send DEL HTTP request categories2
14:49:38.683 [main] DEBUG net.thucydides.core.steps.StepInterceptor - STARTING STEP: Categories.sendDelHttpRequestCategories2 - I set DEL api endpoints categories2
14:49:38.683 [main] DEBUG net.thucydides.core.steps.StepInterceptor - STEP DONE: I set DEL api endpoints categories2
14:49:38.687 [main] DEBUG org.apache.http.impl.conn.BasicClientConnectionManager - Get connection for route {s}->https://altashop-api.fly.dev:443
14:49:38.688 [main] DEBUG org.apache.http.impl.conn.DefaultClientConnectionOperator - Connecting to altashop-api.fly.dev:443
14:49:38.744 [main] DEBUG org.apache.http.client.protocol.RequestAddCookies - CookieSpec selected: ignoreCookies
14:49:38.744 [main] DEBUG org.apache.http.client.protocol.RequestAuthCache - Auth cache not set in the context
14:49:38.744 [main] DEBUG org.apache.http.client.protocol.RequestTargetAuthentication - Target auth state: UNCHALLENGED
14:49:38.744 [main] DEBUG org.apache.http.client.protocol.RequestProxyAuthentication - Proxy auth state: UNCHALLENGED
14:49:38.744 [main] DEBUG org.apache.http.impl.client.DefaultHttpClient - Attempt 1 to execute request
14:49:38.744 [main] DEBUG org.apache.http.impl.conn.DefaultClientConnection - Sending request: DELETE /api/categories/-12510 HTTP/1.1
14:49:38.744 [main] DEBUG org.apache.http.wire -  >> "DELETE /api/categories/-12510 HTTP/1.1[\r][\n]"
14:49:38.744 [main] DEBUG org.apache.http.wire -  >> "Accept: */*[\r][\n]"
14:49:38.744 [main] DEBUG org.apache.http.wire -  >> "Host: altashop-api.fly.dev[\r][\n]"
14:49:38.744 [main] DEBUG org.apache.http.wire -  >> "Connection: Keep-Alive[\r][\n]"
14:49:38.744 [main] DEBUG org.apache.http.wire -  >> "User-Agent: Apache-HttpClient/4.5.13 (Java/11.0.15.1)[\r][\n]"
14:49:38.744 [main] DEBUG org.apache.http.wire -  >> "Accept-Encoding: gzip,deflate[\r][\n]"
14:49:38.744 [main] DEBUG org.apache.http.wire -  >> "[\r][\n]"
14:49:38.744 [main] DEBUG org.apache.http.headers - >> DELETE /api/categories/-12510 HTTP/1.1
14:49:38.744 [main] DEBUG org.apache.http.headers - >> Accept: */*
14:49:38.744 [main] DEBUG org.apache.http.headers - >> Host: altashop-api.fly.dev
14:49:38.744 [main] DEBUG org.apache.http.headers - >> Connection: Keep-Alive
14:49:38.745 [main] DEBUG org.apache.http.headers - >> User-Agent: Apache-HttpClient/4.5.13 (Java/11.0.15.1)
14:49:38.745 [main] DEBUG org.apache.http.headers - >> Accept-Encoding: gzip,deflate
14:49:38.772 [main] DEBUG org.apache.http.wire -  << "HTTP/1.1 500 Internal Server Error[\r][\n]"
14:49:38.772 [main] DEBUG org.apache.http.wire -  << "content-type: application/json[\r][\n]"
14:49:38.772 [main] DEBUG org.apache.http.wire -  << "date: Mon, 08 May 2023 07:49:37 GMT[\r][\n]"
14:49:38.772 [main] DEBUG org.apache.http.wire -  << "content-encoding: gzip[\r][\n]"
14:49:38.772 [main] DEBUG org.apache.http.wire -  << "transfer-encoding: chunked[\r][\n]"
14:49:38.772 [main] DEBUG org.apache.http.wire -  << "server: Fly/3f2597ca (2023-05-03)[\r][\n]"
14:49:38.772 [main] DEBUG org.apache.http.wire -  << "via: 1.1 fly.io[\r][\n]"
14:49:38.772 [main] DEBUG org.apache.http.wire -  << "fly-request-id: 01GZX5CRJCR5KKHNYJRKEEWG5R-sin[\r][\n]"
14:49:38.772 [main] DEBUG org.apache.http.wire -  << "[\r][\n]"
14:49:38.772 [main] DEBUG org.apache.http.impl.conn.DefaultClientConnection - Receiving response: HTTP/1.1 500 Internal Server Error
14:49:38.772 [main] DEBUG org.apache.http.headers - << HTTP/1.1 500 Internal Server Error
14:49:38.772 [main] DEBUG org.apache.http.headers - << content-type: application/json
14:49:38.772 [main] DEBUG org.apache.http.headers - << date: Mon, 08 May 2023 07:49:37 GMT
14:49:38.772 [main] DEBUG org.apache.http.headers - << content-encoding: gzip
14:49:38.772 [main] DEBUG org.apache.http.headers - << transfer-encoding: chunked
14:49:38.772 [main] DEBUG org.apache.http.headers - << server: Fly/3f2597ca (2023-05-03)
14:49:38.772 [main] DEBUG org.apache.http.headers - << via: 1.1 fly.io
14:49:38.772 [main] DEBUG org.apache.http.headers - << fly-request-id: 01GZX5CRJCR5KKHNYJRKEEWG5R-sin
14:49:38.772 [main] DEBUG org.apache.http.impl.client.DefaultHttpClient - Connection can be kept alive indefinitely
14:49:38.772 [main] DEBUG io.restassured.internal.RestAssuredHttpBuilder - Parsing response as: application/json
14:49:38.772 [main] DEBUG org.apache.http.wire -  << "5C[\r][\n]"
14:49:38.772 [main] DEBUG org.apache.http.wire -  << "[0x1f][0x8b][0x8][0x0][0x0][0x0][0x0][0x0][0x4][0xff][0xab]VJ-*[0xca]/R[0xb2]R2[0xb4]01137110767[0xb0]45[0xb6]440S[0xc8],VH/JM,I-R([0xc9]H[0xcc]S[0xc8]M[0xac][0xc8][0xcc]-[0xcd]U(K[0xcc])MUH[0xcb]/R[0xf0][0xcc]+1Q[0xaa][0xe5][0x2][0x0]g[0xb3][0xb][0x10]H[0x0][0x0][0x0]"
14:49:38.773 [main] DEBUG org.apache.http.wire -  << "[\r][\n]"
14:49:38.773 [main] DEBUG org.apache.http.wire -  << "0[\r][\n]"
14:49:38.773 [main] DEBUG org.apache.http.wire -  << "[\r][\n]"
14:49:38.773 [main] DEBUG io.restassured.internal.RestAssuredHttpBuilder - Parsed data to instance of: class org.apache.http.conn.EofSensorInputStream
14:49:38.774 [main] DEBUG org.apache.http.impl.conn.BasicClientConnectionManager - Releasing connection org.apache.http.impl.conn.ManagedClientConnectionImpl@43cc7951
14:49:38.774 [main] DEBUG org.apache.http.impl.conn.BasicClientConnectionManager - Connection can be kept alive indefinitely
14:49:38.774 [main] DEBUG net.thucydides.core.steps.StepInterceptor - STEP DONE: I send DEL HTTP request categories2
  &amp#27;[32mWhen &amp#27;[0m&amp#27;[32mI send DEL HTTP request categories2&amp#27;[0m               &amp#27;[90m# starter.stepdefinitions.CategoriesSteps.sendDelHttpRequestCategoriesDel2()&amp#27;[0m
14:49:38.776 [main] DEBUG net.thucydides.core.steps.StepInterceptor - STARTING STEP: CategoriesSteps.receiveValidHttp500Categories - I receive valid HTTP response code 500 categories
14:49:38.776 [main] DEBUG net.thucydides.core.steps.StepInterceptor - STEP DONE: I receive valid HTTP response code 500 categories
  &amp#27;[32mThen &amp#27;[0m&amp#27;[32mI receive valid HTTP response code 500 categories&amp#27;[0m &amp#27;[90m# starter.stepdefinitions.CategoriesSteps.receiveValidHttp500Categories()&amp#27;[0m
14:49:38.777 [main] INFO  - 
  _____   ___   ___   _____     ___     _     ___   ___   ___   ___  
 |_   _| | __| / __| |_   _|   | _ \   /_\   / __| / __| | __| |   \ 
   | |   | _|  \__ \   | |     |  _/  / _ \  \__ \ \__ \ | _|  | |) |
   |_|   |___| |___/   |_|     |_|   /_/ \_\ |___/ |___/ |___| |___/ 

DEL - Delete category with invalid ID
----------------------------------------------------------------------
]]></system-out>
  </testcase>
  <testcase name="POST - Add new product product" classname="Product" time="0.186">
    <system-out><![CDATA[14:49:38.778 [main] DEBUG io.cucumber.core.plugin.SerenityReporter - Running feature from file:///E:/APIMinpro/API/minpro/src/test/resources/features/5.%20Product.feature
14:49:38.779 [main] DEBUG net.thucydides.core.steps.StepEventBus - Test suite started for story net.thucydides.core.model.Story@5c78189e
14:49:38.779 [main] INFO  - Test Suite Started: Product

Scenario: POST - Add new product product              &amp#27;[90m# src/test/resources/features/5. Product.feature:7&amp#27;[0m
14:49:38.781 [main] DEBUG io.cucumber.core.plugin.SerenityReporter - Running feature from file:///E:/APIMinpro/API/minpro/src/test/resources/features/5.%20Product.feature
14:49:38.783 [main] INFO  - 
  _____   ___   ___   _____     ___   _____     _     ___   _____   ___   ___  
 |_   _| | __| / __| |_   _|   / __| |_   _|   /_\   | _ \ |_   _| | __| |   \ 
   | |   | _|  \__ \   | |     \__ \   | |    / _ \  |   /   | |   | _|  | |) |
   |_|   |___| |___/   |_|     |___/   |_|   /_/ \_\ |_|_\   |_|   |___| |___/ 

POST - Add new product product(product;post---add-new-product-product)
--------------------------------------------------------------------------------
14:49:38.795 [main] DEBUG net.thucydides.core.steps.StepInterceptor - STARTING STEP: ProductSteps.setPostApiEndpointsProduct - I set POST api endpoints product
14:49:38.795 [main] DEBUG net.thucydides.core.steps.StepInterceptor - STEP DONE: I set POST api endpoints product
  &amp#27;[32mGiven &amp#27;[0m&amp#27;[32mI set POST api endpoints product&amp#27;[0m              &amp#27;[90m# starter.stepdefinitions.ProductSteps.setPostApiEndpointsProduct()&amp#27;[0m
14:49:38.797 [main] DEBUG net.thucydides.core.steps.StepInterceptor - STARTING STEP: ProductSteps.sendPostHttpRequestProduct - I send POST HTTP request product
14:49:38.801 [main] DEBUG net.thucydides.core.steps.StepInterceptor - STARTING STEP: Product.sendPostHttpRequestProduct - I set POST api endpoints product
14:49:38.801 [main] DEBUG net.thucydides.core.steps.StepInterceptor - STEP DONE: I set POST api endpoints product
14:49:38.806 [main] DEBUG org.apache.http.impl.conn.BasicClientConnectionManager - Get connection for route {s}->https://altashop-api.fly.dev:443
14:49:38.806 [main] DEBUG org.apache.http.impl.conn.DefaultClientConnectionOperator - Connecting to altashop-api.fly.dev:443
14:49:38.903 [main] DEBUG org.apache.http.client.protocol.RequestAddCookies - CookieSpec selected: ignoreCookies
14:49:38.903 [main] DEBUG org.apache.http.client.protocol.RequestAuthCache - Auth cache not set in the context
14:49:38.903 [main] DEBUG org.apache.http.client.protocol.RequestTargetAuthentication - Target auth state: UNCHALLENGED
14:49:38.903 [main] DEBUG org.apache.http.client.protocol.RequestProxyAuthentication - Proxy auth state: UNCHALLENGED
14:49:38.903 [main] DEBUG org.apache.http.impl.client.DefaultHttpClient - Attempt 1 to execute request
14:49:38.903 [main] DEBUG org.apache.http.impl.conn.DefaultClientConnection - Sending request: POST /api/products HTTP/1.1
14:49:38.903 [main] DEBUG org.apache.http.wire -  >> "POST /api/products HTTP/1.1[\r][\n]"
14:49:38.903 [main] DEBUG org.apache.http.wire -  >> "Accept: */*[\r][\n]"
14:49:38.903 [main] DEBUG org.apache.http.wire -  >> "Content-Type: application/json[\r][\n]"
14:49:38.903 [main] DEBUG org.apache.http.wire -  >> "Content-Length: 76[\r][\n]"
14:49:38.903 [main] DEBUG org.apache.http.wire -  >> "Host: altashop-api.fly.dev[\r][\n]"
14:49:38.903 [main] DEBUG org.apache.http.wire -  >> "Connection: Keep-Alive[\r][\n]"
14:49:38.903 [main] DEBUG org.apache.http.wire -  >> "User-Agent: Apache-HttpClient/4.5.13 (Java/11.0.15.1)[\r][\n]"
14:49:38.903 [main] DEBUG org.apache.http.wire -  >> "Accept-Encoding: gzip,deflate[\r][\n]"
14:49:38.903 [main] DEBUG org.apache.http.wire -  >> "[\r][\n]"
14:49:38.903 [main] DEBUG org.apache.http.headers - >> POST /api/products HTTP/1.1
14:49:38.903 [main] DEBUG org.apache.http.headers - >> Accept: */*
14:49:38.903 [main] DEBUG org.apache.http.headers - >> Content-Type: application/json
14:49:38.903 [main] DEBUG org.apache.http.headers - >> Content-Length: 76
14:49:38.903 [main] DEBUG org.apache.http.headers - >> Host: altashop-api.fly.dev
14:49:38.903 [main] DEBUG org.apache.http.headers - >> Connection: Keep-Alive
14:49:38.903 [main] DEBUG org.apache.http.headers - >> User-Agent: Apache-HttpClient/4.5.13 (Java/11.0.15.1)
14:49:38.903 [main] DEBUG org.apache.http.headers - >> Accept-Encoding: gzip,deflate
14:49:38.903 [main] DEBUG org.apache.http.wire -  >> "{"price":499,"name":"XBOX1","description":"For gaming","categories":[12541]}"
14:49:38.959 [main] DEBUG org.apache.http.wire -  << "HTTP/1.1 200 OK[\r][\n]"
14:49:38.959 [main] DEBUG org.apache.http.wire -  << "content-type: application/json[\r][\n]"
14:49:38.959 [main] DEBUG org.apache.http.wire -  << "date: Mon, 08 May 2023 07:49:38 GMT[\r][\n]"
14:49:38.959 [main] DEBUG org.apache.http.wire -  << "content-encoding: gzip[\r][\n]"
14:49:38.959 [main] DEBUG org.apache.http.wire -  << "transfer-encoding: chunked[\r][\n]"
14:49:38.959 [main] DEBUG org.apache.http.wire -  << "server: Fly/3f2597ca (2023-05-03)[\r][\n]"
14:49:38.959 [main] DEBUG org.apache.http.wire -  << "via: 1.1 fly.io[\r][\n]"
14:49:38.959 [main] DEBUG org.apache.http.wire -  << "fly-request-id: 01GZX5CRQ1R9WYV5084DF9PXGN-sin[\r][\n]"
14:49:38.959 [main] DEBUG org.apache.http.wire -  << "[\r][\n]"
14:49:38.959 [main] DEBUG org.apache.http.impl.conn.DefaultClientConnection - Receiving response: HTTP/1.1 200 OK
14:49:38.959 [main] DEBUG org.apache.http.headers - << HTTP/1.1 200 OK
14:49:38.959 [main] DEBUG org.apache.http.headers - << content-type: application/json
14:49:38.959 [main] DEBUG org.apache.http.headers - << date: Mon, 08 May 2023 07:49:38 GMT
14:49:38.959 [main] DEBUG org.apache.http.headers - << content-encoding: gzip
14:49:38.959 [main] DEBUG org.apache.http.headers - << transfer-encoding: chunked
14:49:38.959 [main] DEBUG org.apache.http.headers - << server: Fly/3f2597ca (2023-05-03)
14:49:38.959 [main] DEBUG org.apache.http.headers - << via: 1.1 fly.io
14:49:38.959 [main] DEBUG org.apache.http.headers - << fly-request-id: 01GZX5CRQ1R9WYV5084DF9PXGN-sin
14:49:38.959 [main] DEBUG org.apache.http.impl.client.DefaultHttpClient - Connection can be kept alive indefinitely
14:49:38.959 [main] DEBUG io.restassured.internal.RestAssuredHttpBuilder - Parsing response as: application/json
14:49:38.959 [main] DEBUG org.apache.http.wire -  << "94[\r][\n]"
14:49:38.959 [main] DEBUG org.apache.http.wire -  << "[0x1f][0x8b][0x8][0x0][0x0][0x0][0x0][0x0][0x4][0xff][0xab]VJI,IT[0xb2][0xaa]V[0xf2]tQ[0xb2]24127[0xd3]Q[0xf2]K[0xcc]MU[0xb2]R[0x8a]p[0xf2][0x8f]0T[0xd2]QrI-N.[0xca],([0xc9][0xcc][0xcf]S[0xb2]Rr[0xcb]/RHO[0xcc][0xcd][0xcc]KW[0xd2]Q[\n]"
14:49:38.959 [main] DEBUG org.apache.http.wire -  << "([0xca]LNU[0xb2]2[0xb1][0xb4][0xd4]Q[\n]"
14:49:38.959 [main] DEBUG org.apache.http.wire -  << "J,[0xc9][0xcc]K/V[0xb2]2[0xd0]QrN,IM[0xcf]/[0xca]L-V[0xb2][0x8a][0x86][0x9a]mdjb[0x8]7[0xdb][0x1d]f[0x2].[0xc3][0x15][\n]"
14:49:38.959 [main] DEBUG org.apache.http.wire -  << "J[0x8b][\n]"
14:49:38.959 [main] DEBUG org.apache.http.wire -  << "[0xf2][0x8b]S[0x8b][0x95]jckk[0xb9][0x0][0x81][0xd8][0xe2][0xcc][0xa8][0x0][0x0][0x0]"
14:49:38.959 [main] DEBUG org.apache.http.wire -  << "[\r][\n]"
14:49:38.959 [main] DEBUG org.apache.http.wire -  << "0[\r][\n]"
14:49:38.959 [main] DEBUG org.apache.http.wire -  << "[\r][\n]"
14:49:38.959 [main] DEBUG io.restassured.internal.RestAssuredHttpBuilder - Parsed data to instance of: class org.apache.http.conn.EofSensorInputStream
14:49:38.960 [main] DEBUG org.apache.http.impl.conn.BasicClientConnectionManager - Releasing connection org.apache.http.impl.conn.ManagedClientConnectionImpl@6d8096ee
14:49:38.960 [main] DEBUG org.apache.http.impl.conn.BasicClientConnectionManager - Connection can be kept alive indefinitely
14:49:38.960 [main] DEBUG net.thucydides.core.steps.StepInterceptor - STEP DONE: I send POST HTTP request product
  &amp#27;[32mWhen &amp#27;[0m&amp#27;[32mI send POST HTTP request product&amp#27;[0m               &amp#27;[90m# starter.stepdefinitions.ProductSteps.sendPostHttpRequestProduct()&amp#27;[0m
14:49:38.962 [main] DEBUG net.thucydides.core.steps.StepInterceptor - STARTING STEP: ProductSteps.receiveValidHttp200Product - I receive valid HTTP response code 200 product
14:49:38.963 [main] DEBUG net.thucydides.core.steps.StepInterceptor - STEP DONE: I receive valid HTTP response code 200 product
  &amp#27;[32mThen &amp#27;[0m&amp#27;[32mI receive valid HTTP response code 200 product&amp#27;[0m &amp#27;[90m# starter.stepdefinitions.ProductSteps.receiveValidHttp200Product()&amp#27;[0m
14:49:38.964 [main] INFO  - 
  _____   ___   ___   _____     ___     _     ___   ___   ___   ___  
 |_   _| | __| / __| |_   _|   | _ \   /_\   / __| / __| | __| |   \ 
   | |   | _|  \__ \   | |     |  _/  / _ \  \__ \ \__ \ | _|  | |) |
   |_|   |___| |___/   |_|     |_|   /_/ \_\ |___/ |___/ |___| |___/ 

POST - Add new product product
----------------------------------------------------------------------
]]></system-out>
  </testcase>
  <testcase name="POST - Add new product without fill name" classname="Product" time="0.104">
    <system-out><![CDATA[
Scenario: POST - Add new product without fill name    &amp#27;[90m# src/test/resources/features/5. Product.feature:12&amp#27;[0m
14:49:38.967 [main] DEBUG io.cucumber.core.plugin.SerenityReporter - Running feature from file:///E:/APIMinpro/API/minpro/src/test/resources/features/5.%20Product.feature
14:49:38.969 [main] INFO  - 
  _____   ___   ___   _____     ___   _____     _     ___   _____   ___   ___  
 |_   _| | __| / __| |_   _|   / __| |_   _|   /_\   | _ \ |_   _| | __| |   \ 
   | |   | _|  \__ \   | |     \__ \   | |    / _ \  |   /   | |   | _|  | |) |
   |_|   |___| |___/   |_|     |___/   |_|   /_/ \_\ |_|_\   |_|   |___| |___/ 

POST - Add new product without fill name(product;post---add-new-product-without-fill-name)
--------------------------------------------------------------------------------
14:49:38.977 [main] DEBUG net.thucydides.core.steps.StepInterceptor - STARTING STEP: ProductSteps.setPostApiEndpointsProduct - I set POST api endpoints product
14:49:38.977 [main] DEBUG net.thucydides.core.steps.StepInterceptor - STEP DONE: I set POST api endpoints product
  &amp#27;[32mGiven &amp#27;[0m&amp#27;[32mI set POST api endpoints product&amp#27;[0m              &amp#27;[90m# starter.stepdefinitions.ProductSteps.setPostApiEndpointsProduct()&amp#27;[0m
14:49:38.979 [main] DEBUG net.thucydides.core.steps.StepInterceptor - STARTING STEP: ProductSteps.sendPostHttpRequestProduct2 - I send POST HTTP request product2
14:49:38.980 [main] DEBUG net.thucydides.core.steps.StepInterceptor - STARTING STEP: Product.sendPostHttpRequestProduct2 - I set POST api endpoints product
14:49:38.980 [main] DEBUG net.thucydides.core.steps.StepInterceptor - STEP DONE: I set POST api endpoints product
14:49:38.986 [main] DEBUG org.apache.http.impl.conn.BasicClientConnectionManager - Get connection for route {s}->https://altashop-api.fly.dev:443
14:49:38.986 [main] DEBUG org.apache.http.impl.conn.DefaultClientConnectionOperator - Connecting to altashop-api.fly.dev:443
14:49:39.030 [main] DEBUG org.apache.http.client.protocol.RequestAddCookies - CookieSpec selected: ignoreCookies
14:49:39.030 [main] DEBUG org.apache.http.client.protocol.RequestAuthCache - Auth cache not set in the context
14:49:39.030 [main] DEBUG org.apache.http.client.protocol.RequestTargetAuthentication - Target auth state: UNCHALLENGED
14:49:39.030 [main] DEBUG org.apache.http.client.protocol.RequestProxyAuthentication - Proxy auth state: UNCHALLENGED
14:49:39.030 [main] DEBUG org.apache.http.impl.client.DefaultHttpClient - Attempt 1 to execute request
14:49:39.030 [main] DEBUG org.apache.http.impl.conn.DefaultClientConnection - Sending request: POST /api/products HTTP/1.1
14:49:39.030 [main] DEBUG org.apache.http.wire -  >> "POST /api/products HTTP/1.1[\r][\n]"
14:49:39.030 [main] DEBUG org.apache.http.wire -  >> "Accept: */*[\r][\n]"
14:49:39.030 [main] DEBUG org.apache.http.wire -  >> "Content-Type: application/json[\r][\n]"
14:49:39.030 [main] DEBUG org.apache.http.wire -  >> "Content-Length: 71[\r][\n]"
14:49:39.031 [main] DEBUG org.apache.http.wire -  >> "Host: altashop-api.fly.dev[\r][\n]"
14:49:39.031 [main] DEBUG org.apache.http.wire -  >> "Connection: Keep-Alive[\r][\n]"
14:49:39.031 [main] DEBUG org.apache.http.wire -  >> "User-Agent: Apache-HttpClient/4.5.13 (Java/11.0.15.1)[\r][\n]"
14:49:39.031 [main] DEBUG org.apache.http.wire -  >> "Accept-Encoding: gzip,deflate[\r][\n]"
14:49:39.031 [main] DEBUG org.apache.http.wire -  >> "[\r][\n]"
14:49:39.031 [main] DEBUG org.apache.http.headers - >> POST /api/products HTTP/1.1
14:49:39.031 [main] DEBUG org.apache.http.headers - >> Accept: */*
14:49:39.031 [main] DEBUG org.apache.http.headers - >> Content-Type: application/json
14:49:39.031 [main] DEBUG org.apache.http.headers - >> Content-Length: 71
14:49:39.031 [main] DEBUG org.apache.http.headers - >> Host: altashop-api.fly.dev
14:49:39.031 [main] DEBUG org.apache.http.headers - >> Connection: Keep-Alive
14:49:39.031 [main] DEBUG org.apache.http.headers - >> User-Agent: Apache-HttpClient/4.5.13 (Java/11.0.15.1)
14:49:39.031 [main] DEBUG org.apache.http.headers - >> Accept-Encoding: gzip,deflate
14:49:39.031 [main] DEBUG org.apache.http.wire -  >> "{"price":499,"name":"","description":"For gaming","categories":[12541]}"
14:49:39.062 [main] DEBUG org.apache.http.wire -  << "HTTP/1.1 500 Internal Server Error[\r][\n]"
14:49:39.062 [main] DEBUG org.apache.http.wire -  << "content-type: application/json[\r][\n]"
14:49:39.062 [main] DEBUG org.apache.http.wire -  << "date: Mon, 08 May 2023 07:49:38 GMT[\r][\n]"
14:49:39.062 [main] DEBUG org.apache.http.wire -  << "content-encoding: gzip[\r][\n]"
14:49:39.062 [main] DEBUG org.apache.http.wire -  << "transfer-encoding: chunked[\r][\n]"
14:49:39.062 [main] DEBUG org.apache.http.wire -  << "server: Fly/3f2597ca (2023-05-03)[\r][\n]"
14:49:39.062 [main] DEBUG org.apache.http.wire -  << "via: 1.1 fly.io[\r][\n]"
14:49:39.062 [main] DEBUG org.apache.http.wire -  << "fly-request-id: 01GZX5CRV153TT6V5P71WN54VR-sin[\r][\n]"
14:49:39.062 [main] DEBUG org.apache.http.wire -  << "[\r][\n]"
14:49:39.062 [main] DEBUG org.apache.http.impl.conn.DefaultClientConnection - Receiving response: HTTP/1.1 500 Internal Server Error
14:49:39.062 [main] DEBUG org.apache.http.headers - << HTTP/1.1 500 Internal Server Error
14:49:39.062 [main] DEBUG org.apache.http.headers - << content-type: application/json
14:49:39.062 [main] DEBUG org.apache.http.headers - << date: Mon, 08 May 2023 07:49:38 GMT
14:49:39.062 [main] DEBUG org.apache.http.headers - << content-encoding: gzip
14:49:39.062 [main] DEBUG org.apache.http.headers - << transfer-encoding: chunked
14:49:39.062 [main] DEBUG org.apache.http.headers - << server: Fly/3f2597ca (2023-05-03)
14:49:39.062 [main] DEBUG org.apache.http.headers - << via: 1.1 fly.io
14:49:39.062 [main] DEBUG org.apache.http.headers - << fly-request-id: 01GZX5CRV153TT6V5P71WN54VR-sin
14:49:39.062 [main] DEBUG org.apache.http.impl.client.DefaultHttpClient - Connection can be kept alive indefinitely
14:49:39.062 [main] DEBUG io.restassured.internal.RestAssuredHttpBuilder - Parsing response as: application/json
14:49:39.062 [main] DEBUG org.apache.http.wire -  << "80[\r][\n]"
14:49:39.062 [main] DEBUG org.apache.http.wire -  << "[0x1f][0x8b][0x8][0x0][0x0][0x0][0x0][0x0][0x4][0xff][0xab]VJ-*[0xca]/R[0xb2]Rr[\r][\n]"
14:49:39.062 [main] DEBUG org.apache.http.wire -  << "[0xf2][0xf][0xb2]R[0xc8]K-W([0xca]/WH[0xcb]/R(J[0xcd]I,[0xc9][0xcc][0xcf]S[0x88]Q*([0xca]O)M.)[0x8e]QR([0xcb][0xcc][0xcf]I,I-VH[0xce]HM[0xce]VH[0xce][0xcf]+.)J[0xcc][0xcc]+AR[0x16][0x9f][0x97][0x98][0x9b][0x1a][0xf]V[0x10][0xa3][0xa4][0xa0][0x11][0x1c][0xe8][0x13][0x1c][0xe2][0x18][0xe2][0xaa]`dljh[0xa2][0xa9]T[0xcb][0x5][0x0]5m[0xa8][0xef]x[0x0][0x0][0x0]"
14:49:39.062 [main] DEBUG org.apache.http.wire -  << "[\r][\n]"
14:49:39.062 [main] DEBUG org.apache.http.wire -  << "0[\r][\n]"
14:49:39.062 [main] DEBUG org.apache.http.wire -  << "[\r][\n]"
14:49:39.062 [main] DEBUG io.restassured.internal.RestAssuredHttpBuilder - Parsed data to instance of: class org.apache.http.conn.EofSensorInputStream
14:49:39.063 [main] DEBUG org.apache.http.impl.conn.BasicClientConnectionManager - Releasing connection org.apache.http.impl.conn.ManagedClientConnectionImpl@662e5590
14:49:39.063 [main] DEBUG org.apache.http.impl.conn.BasicClientConnectionManager - Connection can be kept alive indefinitely
14:49:39.064 [main] DEBUG net.thucydides.core.steps.StepInterceptor - STEP DONE: I send POST HTTP request product2
  &amp#27;[32mWhen &amp#27;[0m&amp#27;[32mI send POST HTTP request product2&amp#27;[0m              &amp#27;[90m# starter.stepdefinitions.ProductSteps.sendPostHttpRequestProduct2()&amp#27;[0m
14:49:39.066 [main] DEBUG net.thucydides.core.steps.StepInterceptor - STARTING STEP: ProductSteps.receiveValidHttp500Product - I receive valid HTTP response code 500 product
14:49:39.067 [main] DEBUG net.thucydides.core.steps.StepInterceptor - STEP DONE: I receive valid HTTP response code 500 product
  &amp#27;[32mThen &amp#27;[0m&amp#27;[32mI receive valid HTTP response code 500 product&amp#27;[0m &amp#27;[90m# starter.stepdefinitions.ProductSteps.receiveValidHttp500Product()&amp#27;[0m
14:49:39.068 [main] INFO  - 
  _____   ___   ___   _____     ___     _     ___   ___   ___   ___  
 |_   _| | __| / __| |_   _|   | _ \   /_\   / __| / __| | __| |   \ 
   | |   | _|  \__ \   | |     |  _/  / _ \  \__ \ \__ \ | _|  | |) |
   |_|   |___| |___/   |_|     |_|   /_/ \_\ |___/ |___/ |___| |___/ 

POST - Add new product without fill name
----------------------------------------------------------------------
]]></system-out>
  </testcase>
  <testcase name="POST - Add new product without fill description" classname="Product" time="0.088">
    <system-out><![CDATA[
Scenario: POST - Add new product without fill description &amp#27;[90m# src/test/resources/features/5. Product.feature:17&amp#27;[0m
14:49:39.071 [main] DEBUG io.cucumber.core.plugin.SerenityReporter - Running feature from file:///E:/APIMinpro/API/minpro/src/test/resources/features/5.%20Product.feature
14:49:39.072 [main] INFO  - 
  _____   ___   ___   _____     ___   _____     _     ___   _____   ___   ___  
 |_   _| | __| / __| |_   _|   / __| |_   _|   /_\   | _ \ |_   _| | __| |   \ 
   | |   | _|  \__ \   | |     \__ \   | |    / _ \  |   /   | |   | _|  | |) |
   |_|   |___| |___/   |_|     |___/   |_|   /_/ \_\ |_|_\   |_|   |___| |___/ 

POST - Add new product without fill description(product;post---add-new-product-without-fill-description)
--------------------------------------------------------------------------------
14:49:39.077 [main] DEBUG net.thucydides.core.steps.StepInterceptor - STARTING STEP: ProductSteps.setPostApiEndpointsProduct - I set POST api endpoints product
14:49:39.077 [main] DEBUG net.thucydides.core.steps.StepInterceptor - STEP DONE: I set POST api endpoints product
  &amp#27;[32mGiven &amp#27;[0m&amp#27;[32mI set POST api endpoints product&amp#27;[0m                  &amp#27;[90m# starter.stepdefinitions.ProductSteps.setPostApiEndpointsProduct()&amp#27;[0m
14:49:39.079 [main] DEBUG net.thucydides.core.steps.StepInterceptor - STARTING STEP: ProductSteps.sendPostHttpRequestProduct3 - I send POST HTTP request product3
14:49:39.079 [main] DEBUG net.thucydides.core.steps.StepInterceptor - STARTING STEP: Product.sendPostHttpRequestProduct3 - I set POST api endpoints product
14:49:39.079 [main] DEBUG net.thucydides.core.steps.StepInterceptor - STEP DONE: I set POST api endpoints product
14:49:39.084 [main] DEBUG org.apache.http.impl.conn.BasicClientConnectionManager - Get connection for route {s}->https://altashop-api.fly.dev:443
14:49:39.084 [main] DEBUG org.apache.http.impl.conn.DefaultClientConnectionOperator - Connecting to altashop-api.fly.dev:443
14:49:39.130 [main] DEBUG org.apache.http.client.protocol.RequestAddCookies - CookieSpec selected: ignoreCookies
14:49:39.130 [main] DEBUG org.apache.http.client.protocol.RequestAuthCache - Auth cache not set in the context
14:49:39.130 [main] DEBUG org.apache.http.client.protocol.RequestTargetAuthentication - Target auth state: UNCHALLENGED
14:49:39.130 [main] DEBUG org.apache.http.client.protocol.RequestProxyAuthentication - Proxy auth state: UNCHALLENGED
14:49:39.130 [main] DEBUG org.apache.http.impl.client.DefaultHttpClient - Attempt 1 to execute request
14:49:39.130 [main] DEBUG org.apache.http.impl.conn.DefaultClientConnection - Sending request: POST /api/products HTTP/1.1
14:49:39.130 [main] DEBUG org.apache.http.wire -  >> "POST /api/products HTTP/1.1[\r][\n]"
14:49:39.130 [main] DEBUG org.apache.http.wire -  >> "Accept: */*[\r][\n]"
14:49:39.130 [main] DEBUG org.apache.http.wire -  >> "Content-Type: application/json[\r][\n]"
14:49:39.130 [main] DEBUG org.apache.http.wire -  >> "Content-Length: 66[\r][\n]"
14:49:39.130 [main] DEBUG org.apache.http.wire -  >> "Host: altashop-api.fly.dev[\r][\n]"
14:49:39.130 [main] DEBUG org.apache.http.wire -  >> "Connection: Keep-Alive[\r][\n]"
14:49:39.130 [main] DEBUG org.apache.http.wire -  >> "User-Agent: Apache-HttpClient/4.5.13 (Java/11.0.15.1)[\r][\n]"
14:49:39.130 [main] DEBUG org.apache.http.wire -  >> "Accept-Encoding: gzip,deflate[\r][\n]"
14:49:39.130 [main] DEBUG org.apache.http.wire -  >> "[\r][\n]"
14:49:39.130 [main] DEBUG org.apache.http.headers - >> POST /api/products HTTP/1.1
14:49:39.130 [main] DEBUG org.apache.http.headers - >> Accept: */*
14:49:39.130 [main] DEBUG org.apache.http.headers - >> Content-Type: application/json
14:49:39.130 [main] DEBUG org.apache.http.headers - >> Content-Length: 66
14:49:39.130 [main] DEBUG org.apache.http.headers - >> Host: altashop-api.fly.dev
14:49:39.130 [main] DEBUG org.apache.http.headers - >> Connection: Keep-Alive
14:49:39.130 [main] DEBUG org.apache.http.headers - >> User-Agent: Apache-HttpClient/4.5.13 (Java/11.0.15.1)
14:49:39.130 [main] DEBUG org.apache.http.headers - >> Accept-Encoding: gzip,deflate
14:49:39.130 [main] DEBUG org.apache.http.wire -  >> "{"price":499,"name":"XBOX1","description":"","categories":[12541]}"
14:49:39.152 [main] DEBUG org.apache.http.wire -  << "HTTP/1.1 200 OK[\r][\n]"
14:49:39.152 [main] DEBUG org.apache.http.wire -  << "content-type: application/json[\r][\n]"
14:49:39.152 [main] DEBUG org.apache.http.wire -  << "date: Mon, 08 May 2023 07:49:38 GMT[\r][\n]"
14:49:39.152 [main] DEBUG org.apache.http.wire -  << "content-encoding: gzip[\r][\n]"
14:49:39.152 [main] DEBUG org.apache.http.wire -  << "transfer-encoding: chunked[\r][\n]"
14:49:39.152 [main] DEBUG org.apache.http.wire -  << "server: Fly/3f2597ca (2023-05-03)[\r][\n]"
14:49:39.152 [main] DEBUG org.apache.http.wire -  << "via: 1.1 fly.io[\r][\n]"
14:49:39.152 [main] DEBUG org.apache.http.wire -  << "fly-request-id: 01GZX5CRY5JJ59MF9T80HQRE2H-sin[\r][\n]"
14:49:39.152 [main] DEBUG org.apache.http.wire -  << "[\r][\n]"
14:49:39.152 [main] DEBUG org.apache.http.impl.conn.DefaultClientConnection - Receiving response: HTTP/1.1 200 OK
14:49:39.152 [main] DEBUG org.apache.http.headers - << HTTP/1.1 200 OK
14:49:39.152 [main] DEBUG org.apache.http.headers - << content-type: application/json
14:49:39.152 [main] DEBUG org.apache.http.headers - << date: Mon, 08 May 2023 07:49:38 GMT
14:49:39.152 [main] DEBUG org.apache.http.headers - << content-encoding: gzip
14:49:39.152 [main] DEBUG org.apache.http.headers - << transfer-encoding: chunked
14:49:39.152 [main] DEBUG org.apache.http.headers - << server: Fly/3f2597ca (2023-05-03)
14:49:39.152 [main] DEBUG org.apache.http.headers - << via: 1.1 fly.io
14:49:39.152 [main] DEBUG org.apache.http.headers - << fly-request-id: 01GZX5CRY5JJ59MF9T80HQRE2H-sin
14:49:39.152 [main] DEBUG org.apache.http.impl.client.DefaultHttpClient - Connection can be kept alive indefinitely
14:49:39.152 [main] DEBUG io.restassured.internal.RestAssuredHttpBuilder - Parsing response as: application/json
14:49:39.152 [main] DEBUG org.apache.http.wire -  << "94[\r][\n]"
14:49:39.152 [main] DEBUG org.apache.http.wire -  << "[0x1f][0x8b][0x8][0x0][0x0][0x0][0x0][0x0][0x4][0xff][0xab]VJI,IT[0xb2][0xaa]V[0xf2]tQ[0xb2]2412[0xb7][0xd0]Q[0xf2]K[0xcc]MU[0xb2]R[0x8a]p[0xf2][0x8f]0T[0xd2]QrI-N.[0xca],([0xc9][0xcc][0xcf]S[0xb2]RR[0xd2]Q[\n]"
14:49:39.152 [main] DEBUG org.apache.http.wire -  << "([0xca]LNU[0xb2]2[0xb1][0xb4][0xd4]Q[\n]"
14:49:39.152 [main] DEBUG org.apache.http.wire -  << "J,[0xc9][0xcc]K/V[0xb2]2[0xd0]QrN,IM[0xcf]/[0xca]L-V[0xb2][0x8a][0x86][0x9a]hdjb[0x8]7[0xd1]=173/[0x1d][0xc3]H[0xb7][0xfc]"[0x85]t[0xb0][0x94]BAiQA~qj[0xb1]Rmlm-[0x17][0x0][0xf3][0xb8][0xe8][0xf6][0x9e][0x0][0x0][0x0]"
14:49:39.152 [main] DEBUG org.apache.http.wire -  << "[\r][\n]"
14:49:39.152 [main] DEBUG org.apache.http.wire -  << "0[\r][\n]"
14:49:39.152 [main] DEBUG org.apache.http.wire -  << "[\r][\n]"
14:49:39.152 [main] DEBUG io.restassured.internal.RestAssuredHttpBuilder - Parsed data to instance of: class org.apache.http.conn.EofSensorInputStream
14:49:39.153 [main] DEBUG org.apache.http.impl.conn.BasicClientConnectionManager - Releasing connection org.apache.http.impl.conn.ManagedClientConnectionImpl@3cd6d147
14:49:39.153 [main] DEBUG org.apache.http.impl.conn.BasicClientConnectionManager - Connection can be kept alive indefinitely
14:49:39.153 [main] DEBUG net.thucydides.core.steps.StepInterceptor - STEP DONE: I send POST HTTP request product3
  &amp#27;[32mWhen &amp#27;[0m&amp#27;[32mI send POST HTTP request product3&amp#27;[0m                  &amp#27;[90m# starter.stepdefinitions.ProductSteps.sendPostHttpRequestProduct3()&amp#27;[0m
14:49:39.155 [main] DEBUG net.thucydides.core.steps.StepInterceptor - STARTING STEP: ProductSteps.receiveValidHttp200Product - I receive valid HTTP response code 200 product
14:49:39.155 [main] DEBUG net.thucydides.core.steps.StepInterceptor - STEP DONE: I receive valid HTTP response code 200 product
  &amp#27;[32mThen &amp#27;[0m&amp#27;[32mI receive valid HTTP response code 200 product&amp#27;[0m     &amp#27;[90m# starter.stepdefinitions.ProductSteps.receiveValidHttp200Product()&amp#27;[0m
14:49:39.156 [main] INFO  - 
  _____   ___   ___   _____     ___     _     ___   ___   ___   ___  
 |_   _| | __| / __| |_   _|   | _ \   /_\   / __| / __| | __| |   \ 
   | |   | _|  \__ \   | |     |  _/  / _ \  \__ \ \__ \ | _|  | |) |
   |_|   |___| |___/   |_|     |_|   /_/ \_\ |___/ |___/ |___| |___/ 

POST - Add new product without fill description
----------------------------------------------------------------------
]]></system-out>
  </testcase>
  <testcase name="POST - Add new product without fill price" classname="Product" time="0.105">
    <system-out><![CDATA[
Scenario: POST - Add new product without fill price   &amp#27;[90m# src/test/resources/features/5. Product.feature:22&amp#27;[0m
14:49:39.159 [main] DEBUG io.cucumber.core.plugin.SerenityReporter - Running feature from file:///E:/APIMinpro/API/minpro/src/test/resources/features/5.%20Product.feature
14:49:39.160 [main] INFO  - 
  _____   ___   ___   _____     ___   _____     _     ___   _____   ___   ___  
 |_   _| | __| / __| |_   _|   / __| |_   _|   /_\   | _ \ |_   _| | __| |   \ 
   | |   | _|  \__ \   | |     \__ \   | |    / _ \  |   /   | |   | _|  | |) |
   |_|   |___| |___/   |_|     |___/   |_|   /_/ \_\ |_|_\   |_|   |___| |___/ 

POST - Add new product without fill price(product;post---add-new-product-without-fill-price)
--------------------------------------------------------------------------------
14:49:39.164 [main] DEBUG net.thucydides.core.steps.StepInterceptor - STARTING STEP: ProductSteps.setPostApiEndpointsProduct - I set POST api endpoints product
14:49:39.164 [main] DEBUG net.thucydides.core.steps.StepInterceptor - STEP DONE: I set POST api endpoints product
  &amp#27;[32mGiven &amp#27;[0m&amp#27;[32mI set POST api endpoints product&amp#27;[0m              &amp#27;[90m# starter.stepdefinitions.ProductSteps.setPostApiEndpointsProduct()&amp#27;[0m
14:49:39.166 [main] DEBUG net.thucydides.core.steps.StepInterceptor - STARTING STEP: ProductSteps.sendPostHttpRequestProduct4 - I send POST HTTP request product4
14:49:39.167 [main] DEBUG net.thucydides.core.steps.StepInterceptor - STARTING STEP: Product.sendPostHttpRequestProduct4 - I set POST api endpoints product
14:49:39.167 [main] DEBUG net.thucydides.core.steps.StepInterceptor - STEP DONE: I set POST api endpoints product
14:49:39.171 [main] DEBUG org.apache.http.impl.conn.BasicClientConnectionManager - Get connection for route {s}->https://altashop-api.fly.dev:443
14:49:39.171 [main] DEBUG org.apache.http.impl.conn.DefaultClientConnectionOperator - Connecting to altashop-api.fly.dev:443
14:49:39.234 [main] DEBUG org.apache.http.client.protocol.RequestAddCookies - CookieSpec selected: ignoreCookies
14:49:39.234 [main] DEBUG org.apache.http.client.protocol.RequestAuthCache - Auth cache not set in the context
14:49:39.234 [main] DEBUG org.apache.http.client.protocol.RequestTargetAuthentication - Target auth state: UNCHALLENGED
14:49:39.234 [main] DEBUG org.apache.http.client.protocol.RequestProxyAuthentication - Proxy auth state: UNCHALLENGED
14:49:39.234 [main] DEBUG org.apache.http.impl.client.DefaultHttpClient - Attempt 1 to execute request
14:49:39.234 [main] DEBUG org.apache.http.impl.conn.DefaultClientConnection - Sending request: POST /api/products HTTP/1.1
14:49:39.235 [main] DEBUG org.apache.http.wire -  >> "POST /api/products HTTP/1.1[\r][\n]"
14:49:39.235 [main] DEBUG org.apache.http.wire -  >> "Accept: */*[\r][\n]"
14:49:39.235 [main] DEBUG org.apache.http.wire -  >> "Content-Type: application/json[\r][\n]"
14:49:39.235 [main] DEBUG org.apache.http.wire -  >> "Content-Length: 75[\r][\n]"
14:49:39.235 [main] DEBUG org.apache.http.wire -  >> "Host: altashop-api.fly.dev[\r][\n]"
14:49:39.235 [main] DEBUG org.apache.http.wire -  >> "Connection: Keep-Alive[\r][\n]"
14:49:39.235 [main] DEBUG org.apache.http.wire -  >> "User-Agent: Apache-HttpClient/4.5.13 (Java/11.0.15.1)[\r][\n]"
14:49:39.235 [main] DEBUG org.apache.http.wire -  >> "Accept-Encoding: gzip,deflate[\r][\n]"
14:49:39.235 [main] DEBUG org.apache.http.wire -  >> "[\r][\n]"
14:49:39.235 [main] DEBUG org.apache.http.headers - >> POST /api/products HTTP/1.1
14:49:39.235 [main] DEBUG org.apache.http.headers - >> Accept: */*
14:49:39.235 [main] DEBUG org.apache.http.headers - >> Content-Type: application/json
14:49:39.235 [main] DEBUG org.apache.http.headers - >> Content-Length: 75
14:49:39.235 [main] DEBUG org.apache.http.headers - >> Host: altashop-api.fly.dev
14:49:39.235 [main] DEBUG org.apache.http.headers - >> Connection: Keep-Alive
14:49:39.235 [main] DEBUG org.apache.http.headers - >> User-Agent: Apache-HttpClient/4.5.13 (Java/11.0.15.1)
14:49:39.235 [main] DEBUG org.apache.http.headers - >> Accept-Encoding: gzip,deflate
14:49:39.235 [main] DEBUG org.apache.http.wire -  >> "{"price":"","name":"XBOX1","description":"For gaming","categories":[12541]}"
14:49:39.257 [main] DEBUG org.apache.http.wire -  << "HTTP/1.1 400 Bad Request[\r][\n]"
14:49:39.257 [main] DEBUG org.apache.http.wire -  << "content-type: application/json[\r][\n]"
14:49:39.257 [main] DEBUG org.apache.http.wire -  << "date: Mon, 08 May 2023 07:49:38 GMT[\r][\n]"
14:49:39.257 [main] DEBUG org.apache.http.wire -  << "content-encoding: gzip[\r][\n]"
14:49:39.257 [main] DEBUG org.apache.http.wire -  << "transfer-encoding: chunked[\r][\n]"
14:49:39.257 [main] DEBUG org.apache.http.wire -  << "server: Fly/3f2597ca (2023-05-03)[\r][\n]"
14:49:39.257 [main] DEBUG org.apache.http.wire -  << "via: 1.1 fly.io[\r][\n]"
14:49:39.257 [main] DEBUG org.apache.http.wire -  << "fly-request-id: 01GZX5CS1EA934DP6XX8BVQSJ5-sin[\r][\n]"
14:49:39.257 [main] DEBUG org.apache.http.wire -  << "[\r][\n]"
14:49:39.257 [main] DEBUG org.apache.http.impl.conn.DefaultClientConnection - Receiving response: HTTP/1.1 400 Bad Request
14:49:39.257 [main] DEBUG org.apache.http.headers - << HTTP/1.1 400 Bad Request
14:49:39.257 [main] DEBUG org.apache.http.headers - << content-type: application/json
14:49:39.257 [main] DEBUG org.apache.http.headers - << date: Mon, 08 May 2023 07:49:38 GMT
14:49:39.257 [main] DEBUG org.apache.http.headers - << content-encoding: gzip
14:49:39.257 [main] DEBUG org.apache.http.headers - << transfer-encoding: chunked
14:49:39.257 [main] DEBUG org.apache.http.headers - << server: Fly/3f2597ca (2023-05-03)
14:49:39.257 [main] DEBUG org.apache.http.headers - << via: 1.1 fly.io
14:49:39.257 [main] DEBUG org.apache.http.headers - << fly-request-id: 01GZX5CS1EA934DP6XX8BVQSJ5-sin
14:49:39.258 [main] DEBUG org.apache.http.impl.client.DefaultHttpClient - Connection can be kept alive indefinitely
14:49:39.258 [main] DEBUG io.restassured.internal.RestAssuredHttpBuilder - Parsing response as: application/json
14:49:39.258 [main] DEBUG org.apache.http.wire -  << "71[\r][\n]"
14:49:39.258 [main] DEBUG org.apache.http.wire -  << "[0x1f][0x8b][0x8][0x0][0x0][0x0][0x0][0x0][0x4][0xff][0xab]VJ-*[0xca]/R[0xb2]R[0xca]*[0xce][0xcf][0xb3]RHN[0xcc][0xcb][0xcb]/Q([0xcd][0xcb]M,*[0xce]H[0xcc]Q(.)[0xca][0xcc]KW[0xc8][0xcc]+[0xc9]Wp[0xcf][0x7]qK[0x93]K[0x14][0xd2]2SsR[0x14][0x2][0x8a][0xf2]SJ[0x93]K[0x9c][0x8b]R[0x13]KR[0xf5][\n]"
14:49:39.258 [main] DEBUG org.apache.http.wire -  << "[0x8a]2[0x93]S[0x15][0xf2][0xd3][0x14]J*[0xb]R[0x15]J3[0xf3]J[0x94]j[0xb9][0x0][0xd2][0x2]#[0xd6]`[0x0][0x0][0x0]"
14:49:39.258 [main] DEBUG org.apache.http.wire -  << "[\r][\n]"
14:49:39.258 [main] DEBUG org.apache.http.wire -  << "0[\r][\n]"
14:49:39.258 [main] DEBUG org.apache.http.wire -  << "[\r][\n]"
14:49:39.258 [main] DEBUG io.restassured.internal.RestAssuredHttpBuilder - Parsed data to instance of: class org.apache.http.conn.EofSensorInputStream
14:49:39.258 [main] DEBUG org.apache.http.impl.conn.BasicClientConnectionManager - Releasing connection org.apache.http.impl.conn.ManagedClientConnectionImpl@6bb71265
14:49:39.258 [main] DEBUG org.apache.http.impl.conn.BasicClientConnectionManager - Connection can be kept alive indefinitely
14:49:39.259 [main] DEBUG net.thucydides.core.steps.StepInterceptor - STEP DONE: I send POST HTTP request product4
  &amp#27;[32mWhen &amp#27;[0m&amp#27;[32mI send POST HTTP request product4&amp#27;[0m              &amp#27;[90m# starter.stepdefinitions.ProductSteps.sendPostHttpRequestProduct4()&amp#27;[0m
14:49:39.260 [main] DEBUG net.thucydides.core.steps.StepInterceptor - STARTING STEP: ProductSteps.receiveValidHttp400Product - I receive valid HTTP response code 400 product
14:49:39.261 [main] DEBUG net.thucydides.core.steps.StepInterceptor - STEP DONE: I receive valid HTTP response code 400 product
  &amp#27;[32mThen &amp#27;[0m&amp#27;[32mI receive valid HTTP response code 400 product&amp#27;[0m &amp#27;[90m# starter.stepdefinitions.ProductSteps.receiveValidHttp400Product()&amp#27;[0m
14:49:39.262 [main] INFO  - 
  _____   ___   ___   _____     ___     _     ___   ___   ___   ___  
 |_   _| | __| / __| |_   _|   | _ \   /_\   / __| / __| | __| |   \ 
   | |   | _|  \__ \   | |     |  _/  / _ \  \__ \ \__ \ | _|  | |) |
   |_|   |___| |___/   |_|     |_|   /_/ \_\ |___/ |___/ |___| |___/ 

POST - Add new product without fill price
----------------------------------------------------------------------
]]></system-out>
  </testcase>
  <testcase name="GET - Get product by ID" classname="Product" time="0.322">
    <system-out><![CDATA[
Scenario: GET - Get product by ID                     &amp#27;[90m# src/test/resources/features/5. Product.feature:27&amp#27;[0m
14:49:39.265 [main] DEBUG io.cucumber.core.plugin.SerenityReporter - Running feature from file:///E:/APIMinpro/API/minpro/src/test/resources/features/5.%20Product.feature
14:49:39.266 [main] INFO  - 
  _____   ___   ___   _____     ___   _____     _     ___   _____   ___   ___  
 |_   _| | __| / __| |_   _|   / __| |_   _|   /_\   | _ \ |_   _| | __| |   \ 
   | |   | _|  \__ \   | |     \__ \   | |    / _ \  |   /   | |   | _|  | |) |
   |_|   |___| |___/   |_|     |___/   |_|   /_/ \_\ |_|_\   |_|   |___| |___/ 

GET - Get product by ID(product;get---get-product-by-id)
--------------------------------------------------------------------------------
14:49:39.270 [main] DEBUG net.thucydides.core.steps.StepInterceptor - STARTING STEP: ProductSteps.setGetApiEndpointsProduct - I set GET api endpoints product
14:49:39.270 [main] DEBUG net.thucydides.core.steps.StepInterceptor - STEP DONE: I set GET api endpoints product
  &amp#27;[32mGiven &amp#27;[0m&amp#27;[32mI set GET api endpoints product&amp#27;[0m               &amp#27;[90m# starter.stepdefinitions.ProductSteps.setGetApiEndpointsProduct()&amp#27;[0m
14:49:39.272 [main] DEBUG net.thucydides.core.steps.StepInterceptor - STARTING STEP: ProductSteps.sentGetHttpRequestProduct - I send GET HTTP request product
14:49:39.272 [main] DEBUG net.thucydides.core.steps.StepInterceptor - STARTING STEP: Product.sendGetHttpRequestProduct - I set GET api endpoints product
14:49:39.272 [main] DEBUG net.thucydides.core.steps.StepInterceptor - STEP DONE: I set GET api endpoints product
14:49:39.277 [main] DEBUG org.apache.http.impl.conn.BasicClientConnectionManager - Get connection for route {s}->https://altashop-api.fly.dev:443
14:49:39.277 [main] DEBUG org.apache.http.impl.conn.DefaultClientConnectionOperator - Connecting to altashop-api.fly.dev:443
14:49:39.335 [main] DEBUG org.apache.http.client.protocol.RequestAddCookies - CookieSpec selected: ignoreCookies
14:49:39.335 [main] DEBUG org.apache.http.client.protocol.RequestAuthCache - Auth cache not set in the context
14:49:39.336 [main] DEBUG org.apache.http.client.protocol.RequestTargetAuthentication - Target auth state: UNCHALLENGED
14:49:39.336 [main] DEBUG org.apache.http.client.protocol.RequestProxyAuthentication - Proxy auth state: UNCHALLENGED
14:49:39.336 [main] DEBUG org.apache.http.impl.client.DefaultHttpClient - Attempt 1 to execute request
14:49:39.336 [main] DEBUG org.apache.http.impl.conn.DefaultClientConnection - Sending request: GET /api/products HTTP/1.1
14:49:39.336 [main] DEBUG org.apache.http.wire -  >> "GET /api/products HTTP/1.1[\r][\n]"
14:49:39.336 [main] DEBUG org.apache.http.wire -  >> "Accept: */*[\r][\n]"
14:49:39.336 [main] DEBUG org.apache.http.wire -  >> "Host: altashop-api.fly.dev[\r][\n]"
14:49:39.336 [main] DEBUG org.apache.http.wire -  >> "Connection: Keep-Alive[\r][\n]"
14:49:39.336 [main] DEBUG org.apache.http.wire -  >> "User-Agent: Apache-HttpClient/4.5.13 (Java/11.0.15.1)[\r][\n]"
14:49:39.336 [main] DEBUG org.apache.http.wire -  >> "Accept-Encoding: gzip,deflate[\r][\n]"
14:49:39.336 [main] DEBUG org.apache.http.wire -  >> "[\r][\n]"
14:49:39.336 [main] DEBUG org.apache.http.headers - >> GET /api/products HTTP/1.1
14:49:39.336 [main] DEBUG org.apache.http.headers - >> Accept: */*
14:49:39.336 [main] DEBUG org.apache.http.headers - >> Host: altashop-api.fly.dev
14:49:39.336 [main] DEBUG org.apache.http.headers - >> Connection: Keep-Alive
14:49:39.336 [main] DEBUG org.apache.http.headers - >> User-Agent: Apache-HttpClient/4.5.13 (Java/11.0.15.1)
14:49:39.336 [main] DEBUG org.apache.http.headers - >> Accept-Encoding: gzip,deflate
14:49:39.560 [main] DEBUG org.apache.http.wire -  << "HTTP/1.1 200 OK[\r][\n]"
14:49:39.560 [main] DEBUG org.apache.http.wire -  << "content-type: application/json[\r][\n]"
14:49:39.560 [main] DEBUG org.apache.http.wire -  << "date: Mon, 08 May 2023 07:49:38 GMT[\r][\n]"
14:49:39.560 [main] DEBUG org.apache.http.wire -  << "transfer-encoding: chunked[\r][\n]"
14:49:39.560 [main] DEBUG org.apache.http.wire -  << "content-encoding: gzip[\r][\n]"
14:49:39.560 [main] DEBUG org.apache.http.wire -  << "server: Fly/3f2597ca (2023-05-03)[\r][\n]"
14:49:39.560 [main] DEBUG org.apache.http.wire -  << "via: 1.1 fly.io[\r][\n]"
14:49:39.560 [main] DEBUG org.apache.http.wire -  << "fly-request-id: 01GZX5CS4K1ZBK8CSM824JQ6KE-sin[\r][\n]"
14:49:39.560 [main] DEBUG org.apache.http.wire -  << "[\r][\n]"
14:49:39.560 [main] DEBUG org.apache.http.impl.conn.DefaultClientConnection - Receiving response: HTTP/1.1 200 OK
14:49:39.560 [main] DEBUG org.apache.http.headers - << HTTP/1.1 200 OK
14:49:39.560 [main] DEBUG org.apache.http.headers - << content-type: application/json
14:49:39.560 [main] DEBUG org.apache.http.headers - << date: Mon, 08 May 2023 07:49:38 GMT
14:49:39.560 [main] DEBUG org.apache.http.headers - << transfer-encoding: chunked
14:49:39.560 [main] DEBUG org.apache.http.headers - << content-encoding: gzip
14:49:39.560 [main] DEBUG org.apache.http.headers - << server: Fly/3f2597ca (2023-05-03)
14:49:39.560 [main] DEBUG org.apache.http.headers - << via: 1.1 fly.io
14:49:39.560 [main] DEBUG org.apache.http.headers - << fly-request-id: 01GZX5CS4K1ZBK8CSM824JQ6KE-sin
14:49:39.561 [main] DEBUG org.apache.http.impl.client.DefaultHttpClient - Connection can be kept alive indefinitely
14:49:39.561 [main] DEBUG io.restassured.internal.RestAssuredHttpBuilder - Parsing response as: application/json
14:49:39.561 [main] DEBUG org.apache.http.wire -  << "1D6[\r][\n]"
14:49:39.561 [main] DEBUG org.apache.http.wire -  << "[0x1f][0x8b][0x8][0x0][0x0][0x0][0x0][0x0][0x4][0xff][0xaa]VJI,IT[0xb2][0x8a][0xae]V[0xf2]tQ[0xb2]24663[0xd1]Q[0xf2]K[0xcc]MU[0xb2]R[\n]"
14:49:39.561 [main] DEBUG org.apache.http.wire -  << "[0xce][0xcf][0xab]T[0x8][0x8]6U[0xd2]QrI-N.[0xca],([0xc9][0xcc][0xcf]S[0xb2]R*[0xc8]I[0xac]T[0xc8]H,V[0xc8][0xcb]W[0xc8][0xc9][0xcc][0xcd],)V[0xd2]Q[\n]"
14:49:39.561 [main] DEBUG org.apache.http.wire -  << "([0xca]LNU[0xb2]2[0xb2][0xb4][0xd4]Q[\n]"
14:49:39.561 [main] DEBUG org.apache.http.wire -  << "J,[0xc9][0xcc]K/V[0xb2]2[0xd1]QrN,IM[0xcf]/[0xca]L-V[0xb2][0x8a][0x8e][0xad][0xd5]A[0xd8]d[0x9][0xb7][0xa9]$[0xb5][0x18][0xa4]A[0xa1][0xa0](?[0xa5]4[0xb9][0x4][0xc3][0xc2][0x92][0x8c][0xcc]b[0x85][0xcc]b[0x85][0x92][0x8c]T[0x98][0x1a][0x85][0x14]$'[0xc1]m7@[0xb2][0xdb][0x18][0x8f][0xdd][0xe6][0x6]D[0xdb][0x8d][0xf0][0x9a][0xa1][0x81][0x1][0xb2][0xf9]F[0xf8][0xcc]7$[0xda]|[0xa2][0xfd][0x6][0xb2][0x1e][0xd9]~S|[0xf6][0x1b][0xd1][0xc6]~[0xa4][0xe0][0xc5]k="[0x11]Q-jI[0xf2][0xbe][0x19]m[0xbc][0x8f][0x1c][0xfc][0xf8][0x92][0xb6][0xb9]9[0xed][0xed]7[0xc0][0x17][0xfd][0x16][0xb4][0xb7][0x1f][0xaf][0xff]i[0x90][0xb5][0xd1][0xe3][0x1f][0x9f][0xff]-[0x88][0xcf][0xde]dg?|[0xfe][0xb7][0xa0]C[0xf6][0xc7][0xeb][0x1a]e[0xe4][0xf4][0x8f][0xd7]~c[0xda][0xa7]?[0xbc][0xf6]#[0xca][0x1f][0x8f][0x0][0x85][0xdc][0xcc][0x92]|[0x8c]*[0x5]\[0x87][0x95][0xa4][0x16]%%ff#[0x8a]xS3s[0xa4]"[0xe][0xaf][0x15][0x88],[0x1e][0xe1][0xe4][0x1f]a[0x88]a[0x1][0xc2]P[0x13][0x94]*[0x11][0xbd][0xdc][0x84][0xd6][0x87]F[0xa6]&[0x88]D[0xe3][0x9e][0x98][0x9b][0x99][0x97][0x8e]a[0xa4][~[0x91]B:XJ[0xa1][0xa0][0xb4][0xa8] [0xbf]8[0xb5]X[0xa9][0x16][0xb9]J[0xb5]@[0xe4];*T[0xde][0xf8]*PKD[0xc][0x7][0x4]+`6[0x11][0xd2][0x13]sS[0x15]L[0x15][0x8a]K[0x12][0x8b]p[0x5][0x4][0xbe][0xc]d[0x89][0x88]@[0xb7][0xd2][0xa2][0xbc][0xcc][0x92][0xd2][0xa2]T[0x85][0x90][0xfc][0x2][0xcc] [0x81][0xcb][0xa6]$[0x16]e*x[0xa5][0x16]$[0x16]%"l44An[0x8d][0xe0][0x89]O[0x13]P[0xd5]N[0xbd]v[0xf]^[0x9b][0x10][0xf1]L/[0xbf]!"[0x8b][\n]"
14:49:39.561 [main] DEBUG org.apache.http.wire -  << "[0xc9][0xc2][0x0][0x0][0x0][0x0][0xff][0xff]"
14:49:39.561 [main] DEBUG org.apache.http.wire -  << "[\r][\n]"
14:49:39.561 [main] DEBUG org.apache.http.wire -  << "4AD[\r][\n]"
14:49:39.561 [main] DEBUG org.apache.http.wire -  << "[0xc2]][0xf1][0x98][0x18] [0xe2]-[0xa0](1[0xb9]$391G!<??%5O[0xc1];/3-[0x15]#[0x2][0x1d]s2[0x13][0x8b][0x15][0xd2]J[0xd3][0x13][0x15]JK[0xf4][0x90]b[0xe][0x14]![0xf0]v$^;[0x11]9[0xd1][0xb3] #?/U[0xc1][0xd0]P[0xc1][0xcc]D!=[0x9][0xc3]2p[0xa6]'[0xaa][0xe1][0x8a][0xd7]BD.[0x83]YhDS[0xb][\r][0x11][0xd5][0x19][0xcc]B[0xda][0xfa][0xd0][0x10][0x91]D[0xe9]d![0xdd]R[0xa8][0xa1])[0xbc]j[0x82][0xe6][0x5]s[0x1a]%[0x13]CD[0xba][0xc]H[0xcc]I[0xf4][0xc9][0xf7][0x1][0x15]L8zRX[0xba]Q[0xc6][0xc6]HU[0x11][0x9e][0xc2][0xd2][0xc4][0x10][0xd1][0xda]#[0xb7],[0xc6][0x97][0xdc][\r][0x11][0xc9][0x9d][0x16][0xc6][0x1b]![0x12][0xb7]SQbrjN*f[0xff][0xcf]71%U!?M!#3=C[0xa1][0xb0]41'[0xb3][0xa4]R[0xa1] 5[0xb1]([0x7][0xb9][0xe7][0x9]2[0x89][0xa8][0x12][0xc3][0x8][0x91][0xbc]i[0xe2]#D[0xeb][0x8b]&[0xc6]#[0xf2][\n]"
14:49:39.562 [main] DEBUG org.apache.http.wire -  << "[0xdd][0x2][0xc]Q[0xac][0xd3][0xcd]JD>[0xa5][0xa6][0x95][0xf8][0xf2][0x91][0x11][0xa2][0xd7]HM+[0xf1][0xe5]-#D[0x19][0x1]-[0x8d]0[0x9b]R[0xd4][0xa9][0xb4][0x8c][0x10][0xb9][0x98]FMb[0x13]c[0xfa][0xe4]dX[0x83][0xd9][0x2][0xa9](wLNN-.[0x86][0x8c]2[0xa1][0x8f]V[0x95][0xe4]+[0xa4][0xe6]e$[0xe6]%[0xa7]*$[0x16][0x80][\n]"
14:49:39.562 [main] DEBUG org.apache.http.wire -  << "[\r][0x10][0x13][0xa5][0xdd]lb[0x8c]([0x10][0x8a]S[0xb]RS0[0xb][0xea][0xc4][0xcc]J[0x90] l[0x90][0xcb][0x94][0xc8][0x9e][0x90][0x89]1[0xa2],[0xa0]W[0x9a][0x2][0xd5][0x1b][0xd0][0x96],[0xb5]=C[0xff]b[0xc0][0x18]Q[0xc][0x4][0x83]cF[0xc1]'[0xb3][0xb8][0xa4][0x8][0xdc]gC[0xad]J[0xa1][0xd2]9[0x10]i[0x85][0xbc][0xf4][0xd4][0xa4]RPMBz[0x94]![0x8a][0x1][0xa8][0x99]P+[0x15][0x9c][0x12]s[0x12]1[0xbb] PE[0xa8][0x16]+$%[0xe6][0xa5][0x83]k2[0xa8][0xfd][0xa6][0xc4]'[0x19]D[0x99]@[0xb7]$[0x83]hA[0xd0][0xcd]JDyD/+M[0x10][0xe5]SPiqIf2[0xac]g[0xe2][0x94][0x88][0xd9][0xd7][0xe]-QH-*[0xca]/R(JM.-N[0xcc]KILU([0xc8]/.[0xce][0xcc]--V[0xc8][0xcd][0xcf][0x1][0x8d]X'[0xa6]*[0x14][0xa7][0xa6](d[0xe6][0x16][0xa4][0xa6]d[0x92][0xd7]yA[0xea][0xf4]#:L>[0x99]y[0xa9]y[\n]"
14:49:39.562 [main] DEBUG org.apache.http.wire -  << "N[0xf9]%%9X:L[0xa5]%[\n]"
14:49:39.562 [main] DEBUG org.apache.http.wire -  << "[0x5][0xa9]E[0xc5][0x5][0x99][0xc9][0x99][0x89]%[0x99][0xc5][\n]"
14:49:39.562 [main] DEBUG org.apache.http.wire -  << ")[0xf9]9[0xf9]E[0xa9][\n]"
14:49:39.562 [main] DEBUG org.apache.http.wire -  << ")[0x99][0xc9]%[0x89][\n]"
14:49:39.562 [main] DEBUG org.apache.http.wire -  << "[0x5][0xf9]EE[0xf9][\n]"
14:49:39.562 [main] DEBUG org.apache.http.wire -  << "[0x99][0x5][0xc5][0xa5][0xb9][\n]"
14:49:39.562 [main] DEBUG org.apache.http.wire -  << "[0xa9][0x89]d[0xf5][0xa7]L[0xe8]_d[0x99] [0x9a]4[0xc1]9[0xa9][0xa9][0xd9][\n]"
14:49:39.562 [main] DEBUG org.apache.http.wire -  << "[0x90][0x10]p[0xcf][0xc9]/K[0x5][0xb5][0xf0]Ps[0xba]ZZfrff[0xb1]Br~^qjaibIi[0x91]Bb^fn&<b[0x8a][0x15][0xca][0xf2]sJ[0xb]J[0x12]KR[0x15]RRsR[0xf3]2K2[0xc9][0xb][0xc][0xfa][0x17]y&[0x88]"[0xcf]=[0xbf](=5[0xbf][0xb4]X![0xa8]4))[0xb5]H[0xc1][0x19]<[0x9a][0x82][0x16][0x1a])[0x99]%[0x90]4P[0x9a][0xab][0x90][0x8]J[0x1c][0xe0]$[0x90][0x93][0x98][0x94]_[0x94][0x99]_[0x9c][0x98][0xab]PX[0x9a][0xa9][0x90][0x98][0x93]YX[0x9a][0x99][0xa2]PLn:E[0x14][0x8a][0x88]t[0xea]^[0x94][0x98][0x97]Y[0x92][0xaa][0xe0][0x9c][0x9f][0x8]*iQ[0xdd][0xe5]Z[0x2][0xea][0xd5]g&[0x96]([0xe4][0xe7][0xe6]e[0x16]+[0xe4]f[0xe6]e[0xe6]&*[0xe4][0x95][0xe6][0x16][0x96]&[0xe6]*[0x14][0x97][0x16]'g[0x16][0x90][0xeb][0x1a]D[0x11][0x19]\[0x99][0x97]Z[0x94][0x9e][0x9][0xcb][0xce]9[\n]"
14:49:39.562 [main] DEBUG org.apache.http.wire -  << "[0xc1][0x19][0x99]EX][0x93]Z\[0x2]O[0x15][0x99]I[0xa5][0xc5][\n]"
14:49:39.562 [main] DEBUG org.apache.http.wire -  << "[0x5]9[0x89][0xc9][0xa9][0x89]%[\n]"
14:49:39.562 [main] DEBUG org.apache.http.wire -  << "[0xa9][0xe4]e]P[0x81][0xe][0xad]g[0x15]h[0xd4][0x85]4EdE[0xb2][0x9a][0x87][0xc4][0xb6]RL[0x91][0xf2][0x1f][0xe5][0x93]~[0xf8][0x1a][0xbc][0xa6][0xf4][0xcf]O[0xa6][0x88][0xfc]D[0xaf][0x9a][0xc6][0x14][0x91][[0xe8]f%"K[0xd0][0xcd]JD[0xab][0x81][0xac][0xd4][0x89]:U[0x8c]7[0xd5] [0x1a][0xb]4[0xb6][0xc9][0xc][0xd1]F[0x80][0xda][0x84]9[0xb2][0x8f][0xaf]C[0x86]:[0xd6][0x8f][0xee]'X[0xd7][0x85][\n]"
14:49:39.562 [main] DEBUG org.apache.http.wire -  << "c[0xfd]&f[0x88]>[0xb][0xd4][0xa5][0xb4][0xea]:[0x9a]QX[\n]"
14:49:39.562 [main] DEBUG org.apache.http.wire -  << "[0x11][0x1f][0xcf]ft+[0x87][0xa8][0xbb][0xcc][0x1]=[0x9e][0x91][0xe6]dL[0xcc][0x10][0xc5][0xf][0xad][0xe3][0x9]Q[0xea]@m[0x1a][0xb4]i[0x17]QX[0xe1]t)b*[0x0]_-F[0xd5][0x1c][0x85]Q[0x9e]Q[0x12]~4[0x9c][0xe7]31[0xc3]([0xf]1]J[0xff][0xf0]CZT[0x3][0x8d]UZ[0x95]H[0xe6][0x88][0xb2][0xcf]/[0xb1]8S[0xc1]%[0xb1]4O[0xc1]+[0xb5][0xa8][0x14]4[0x95][0x8b][0xda][0xc][0x5][0xcb][0x97][0xa7][0xe6]%fg+[0x94][0xa4][0xe6]%[0xe6])[0xe4][0x96][0x16][0xe5][0xa6]"[0xcd]J[0x1a]Z[0xa2][0xae][0xeb]A[0xcf][0xcc][0xb0]$fa[0x89]H[0xb5][0xc9][0xf9]y%[0xf9][0x19][0xba][0xc9][0x88][0xb5]M[0xe8][0xa3]Nn[0x89][0xc5][0x19][0x99][0xf9]y[0x89]I9[0xa9][0xa8]cM[0xe6][0x88][0xd2][0x14][0xec]6[0x84][0xdb][0x15][0x12]+[0x13]s[0x15][0xd2][0xf3][0x8b]R[0xb1][0xcc][0xfd][0x82][0xd5]R[0xc9][0x1f][0x88]tN[0xd8][0x1f][0x98]*[0x90]g[0x9c]M[0xcc][0xe9]Vb[0x9b][0xd3][0xad][0x1c]EZ[0xbd]C[0xeb]t[0x8c][0x91][0x8f]i[0x95]c[0x90]V[0xa4][0xd0][0xd8]O[0x16][0x88][0x14][0x11][0xe1][0x94]_[0xa1]0[0x18]J&[0xb]D[0xaf][0x3][0x87][0x9b][0x10]K+[0x10][0xe5]&[0xfd][0xda]r[0x16][0x88][0x1c]98[0xdd][0x87][0x92]N[0x1][0x0][0x0][0x0][0xff][0xff]"
14:49:39.562 [main] DEBUG org.apache.http.wire -  << "[\r][\n]"
14:49:39.562 [main] DEBUG org.apache.http.wire -  << "545[\r][\n]"
14:49:39.562 [main] DEBUG org.apache.http.wire -  << "[0xa2]tQ(z[0x1][0x8b][0xdc]Z[0xb2]D[0x94][0xec]8Bb [0xe2][0xc7][0x12]Qf[0xf]&W!r[0x1a][0xad]c[0x5]9[0xff]`[[0xec]4[0xb0][0xd9][0xc7][0x12][0xd1][0xf0]%m-[0x16]zJ[0x84]U[0xf5][0xd4][0xe8][0x9f]Y"[0xe7][0xe9]A[0x17]f[0xa6][0xa0][0xe5]5[0xd0][0xd1]+[0xd2][0xc2][0x8c][0x86][0xed]ZS[0x3]D[0xee][0xa7]m[0x8a]65@[0xe4][0x1d][0xec][0xde][0x1f][0xd0][0x14]mj[0x80]h[0xec]`w[0xde][0x0][0x94][0x82][0xa6][0x6][0x88]lF[0xeb][0xd8][0xa1]<[0xef][0xd0]2[0x99]"[0xad][0xc7][0x1a]<[0xb1][0x83][0xb4]f[0xb][0xbb][0xa3][0x6]6E[0x1b][0x12][0xca]p[0x3][0x91][0xa2][\r][0x11][0xf5][0x1a][0x8d]S4[0xd2]Z[0x5]Z[0xdb]D[0xb7]\[0x8a][0xb4][0xc0][0x8d][0xd6]~B[0x94][0x7]4[0xb6][0x9][0xb4][0x86][0xc]Z-[0xd2][0xda]&D[0x9b][0x92][0xd6]6[0xd1]-[0x95][0x1b]![0xaa]-Z[0xfb][0x89]n[0xa9][0x9c]nK[0xb4]L[0x8d][0xe8][0x97][0xca][0xe9][0xd5][0x9f]3EZ[0x13]F[0xe3][0x14][0x81][0xb4][0x86][0x8b][0xd6]6!r[0xee]`[0xac]i[0x8d][0x11][0xd9][0x1d][0xbb][0xf3][0x6][0xa2][0xa6]E^[0xc7]E[0xd3][0x11][0x4]Sc[0xba][0x95][0xc][0xc6][0x88][0xf1]`[0x8f][0x0][0x5]g[0xd0]"[0x9c]L,[arR[0xb]J[0xf2][0xb][0x14]0[0xf6][0x1a]Y[0x82][0x0][0xd2][0x12]o[0xf4][0xce]([0xd2][0xb0][0x88][0xa9]1[0xdd][0x8a][0x6][0xa4]ER4[0xdb][0xba][0x89][0xee]Sx[0xb7][0x1b][0xa9][0xdb][0x3][0xdf][0x1a][0x83][0xb1][0xb4]"[0x8d][0xc0].([0xe4][0xce];[0xd5][0xbc]@[0xd4][0x1c][0x14][0x95][0x9c][0x8f](^[0x8]9[0x1f][0x91][0x93]A[0xbb]#[0xf1][0xa4]%j[0x87]0[0xa2]1O[0xc8][0x89]d[0xef][0xaf]DO$[0xc8][0xd9][0xc1][0x4]Q[0xc4]Q[0xd5]~<![0x88]b=[0xa2][0x88][0xa1][0xaa][0xf5][0xf4]Ld[0x88][0x2][0x85]f^[0xc0][0xd9][0x5][0xa7]R>A4bh[0xe6][0x5][0xf4]DH[0xe5]|[0x84][0xb4][0x84]l[0xc8]z[0x1]1dG3/[0xa0][0x9f][0xb4]@[0xed]X [0xbe][0xc0][0xa5]ZiFm/[0xc]@[0x81]Lm/[0xd0][0xa8]L[0xa7]c[0xa1][0x8a][0xb4][0xd2][0x90]fy[0x81][0xd6]%[0x12][0xa2]j[0x83][0xf5][0xa2]LMi4)mj[0x8a]h@Sw[0xa7][0x8a][0xa9])[0xa2]z[0xf3][0xcc]+I[0xcd][0xc9][0xc9]LO[0xcd]+Q[0x8].IM[0x5][0xad][0x10][0xce][0xc7][0xb2][0xaa][0xdc]3[0x5][0xb4][0xb3][0xb0]8S!/[0xb1][0xa4][0xb4][0x18][0xb4]h[0x1a]D$[0x16][0x93][0xb5]n[0xdc][0xd4][0x14]Q9[0xc1][0xc2][0x11][0xa3]![0x8b]o[0x1d]![0xd1]k[0xe6]L1W,[0xd2]*[0xba][0xe8][0xb6][0xe2][0xd0][0x94]n+[0xe]M[0xe9][0xb6][0xe][0x10]|[0xb2][0x4]}F[0x16][0xcd][0x10][0x89][0xdf]5/[0xbf]([0x17][0xb4][0x81]  '[0x11][0xbc]D[0xde]9#1[0x13][0xb4][0xf6][0x9]u[0x91]T[0x18]d[0xb3][0x4][0xe8][0x8c][0xa5][0x92]T[0x85][0xbc][0xfc]<[0xd0])Ke[0x99])[0xa0]<[0x93]ZL[0xd6][0xf2]xS[0xa4]5j.[0xa5]E[0xa0]uP[0xa0][0xed]69[\n]"
14:49:39.562 [main] DEBUG org.apache.http.wire -  << "[0xd8]][0x10][0xc][0xdd][0xe][0xa0]PX[0x9a][0xaf][0x80][0xb4]w!3[0x8f][0x9c]m[0x1b][0xa6]t[[0x8a]f[0x8a][0xb4][0x14][0x8d][0xc6][0x19][0x9d]nK[0xad]L[0xe9][0xb6][0xd4][0xca][0x94]nK[0xad]L[0xcd][0xe9]V #[0x1d]>[0x14][0x10]l[0x82]Y[0xea][0x17][0x9b]($%[0x16][0x95]"[0xfa][0xee][0xc6][0xf8][0xd7][0x1f]"[0xf7]<[0xe9][0xb6][0x8c][0xcb][0xd4][0x2][0xd1]([0xa6]q[0xba]FZ0Fk[0x9b][0x10]MLZ[0xdb]D[0xb7][0x89][0x10][0xb][0xcc][0x6][0x1b]f[0x92]#[0xfa][0xbc]>[0xf4][0xd6]%J[0xda]C[0xb4][0xd6]h[0x1d]z[0x88][\n]"
14:49:39.562 [main] DEBUG org.apache.http.wire -  << "[0x8c][0xd6]6[0xd1][0xad]T[0xb0][0xc4][0xd8]XB[0xab]f[0x1a][0xd2][0x12]:[0x1a][0x87][0x1e][0xd2][0xb2]8Z[0xdb][0x84][0xe8][0xdf][0xd2][0xda]&D[0x19]A[0xf5][0xd2][0xdb][0x92]n[0xa5][0x2][0xd2][0x8a]8Z[0x87][0x17][0xbd][0xf2][0xaa][0x19][0xd2][0xe2]0[0xd7][0xa2][0xf4][0xfc][0xbc][0xfc][0xdc][0xcc]d[0x5][0xc7][0x9c][0xd2][0xdc][0xcc][0xbc][0xd2]\[0xac][c[0x1d]KK[0x14][0x92]R[0x13]K[0x12]S[0xe1][0x1b]?Ss[0x15]r[0x13]+2sS[0x15][0xf2]Rs[0xf3][0x15]2srJsA[0x9b]b[0xc1]}?r[0x9a][0x9a]f[0x6][0xf4]*[0x16][0xcd][0xc][0xe8]UX[0x99][\r][0xee][0xb5]Df[0x83]q-[0x91][0x19][0xfd][0xd6][0x12]![0xed]C[0xa1]u[0xe6][0xa6][[0x8a]3[0xa0]Ws[0xd3][0xc][0xe9][0x88]:[0xda][0x86][0x9e][0x19][0xd2]4[0x7][0x8d]m2[0xa4]W#[0xd0][0xc][0xe9][0xac]1[0xec][0x8b][0xb][0x6]t[0x95][0xa1][0x19][0xd2][0xf2]-[0xec][0xce]C[0xf4][0xba][0xe8][0xb6][0xbb][0xc3][0xc][0xe9][0xb8]1[0x1a][0xa7][0x3]#D3) [0xd8][0xd0][0x80][0x82][0x8e][0x0][0xfa]9Y[0xf0][0xc1]~[0xa4][0xaa][0x1]r[0x14])[0x86]%[0x84][0xe6][0xe7][0xcd][0x8c][0x10]M,Z[0x87][0x7]"_dg[0x16]$[0x16]+$[0xe6][0xa5]g[0xe6]a[0xb8]875/=5[0xa7]4[0xb1](;1[0xf][0xa2]D[0xa1]81/=[0xb1]D!;5/9[0x11][0xbc][0x1b][0xf]z[0x8c][0x8f]!h[0xdd]<[0xce]C[0xe6][0xe0][0xa1][0x84]t[0xac][0xb][0x99]g[0xb9][0x9a]![0xad];[0x83][0x1f][0x3][0xe2]T[0x94][0x9f]W[0x95][0x8a]c[0x8][\r]r[0x92]fQjAjNNj^Ji[0xb1]Bb2[0xe8][0xe8][0x1a][0xd0][0x81]5[0x85][0xa5]d[\r]c[0x9b]!-I[0xf3]MM[0xc9][0xcc]O.J[0x5][0x8d][0xe2][0x81][0x8e][0xf3][0xc4]q8[0x8b]#[0xd8][0xce][0xbc][0x92]L[0xd0][0x1]4%[\n]"
14:49:39.562 [main] DEBUG org.apache.http.wire -  << "[0xf9][0xe0][0xb3]Z[0x12][0x15][0xca]Rs2K[0x14][0xf2][0xf2][0x93]2[0x8b][0xc9]je![0x1d]_6[0xe4]b[0x12]i[\r][0xdc][0xd0]s;bzw[0xe8][0xb9][0x1d][0xd1][0xa6][0x18]znG[0x94][0xe4]4.#[0x91][0x96][0xb]z[0xe6]%[0x17][0xa5][0xa6]d&[0xe5][0xa4]*[0xc0]J[0x9a][0x9c][0xfc]d[0xcc]=[0xd5][0xae][0x89][0xf0][0xe3]{[0x14]R[0xf3]2![0x1d][0xa8]bP[0xfe]N-N[0xce],[0xcd]+QH)M[0x6][0x1f][0x94][0x5]9[0x9b]*[0x97][0xac],O[0xb7]%[0x83]fH[0xb][0xf9]h[0x1d][0xd8]tkP#[0x1f][0xa9]E[0xd3][0x5][0x97]f&[0xf4][0x1a][0xd5]03[0xa1]qu[0x8e][0xb3][0xd1]C[0x85][0xea][0xdc][0x84][0xf2]a[0x2]"[0x8f]273[0xa1][0xdb][0x90][0xc][0xd2][0xfa]%[0x1a]g[0x1c]SD=Dk[0x9b][0xe8]V[0xf2]"-[0x17][0xa1][0xb5][0x9f](O|[0xc4]-[0x8d]4[0xa3][0xdb][0xba][0x7]3[0xba][0xad]F0[0xa3][0xdb][0xa9]Dft;+[0xc8][0xc]t[0xcf][0x5][0xb9][0xab][0x11][0x0][0x0][0x0][0x0][0xff][0xff]"
14:49:39.562 [main] DEBUG org.apache.http.wire -  << "[\r][\n]"
14:49:39.562 [main] DEBUG org.apache.http.wire -  << "CEE[\r][\n]"
14:49:39.562 [main] DEBUG org.apache.http.wire -  << "[0xc2][0xbc][0xe6][0x9][0xcf][0xb4][0x91][0x19][0xd2]:[0x0][0x1a][0xa7]r[0xba]M[0xc5][0x9b]!M[0xc5]{[0x14]([0x84]e[0x96][0xe5]+D[0x1a][0x19]a[0xe9]W[0xe6]f[0xe6]dfg*[0x14][0x17][0xa4][0x16]g[0xa6]ef[0x83][0xce][0xaa][0xa9]L[0xcc]KWH,[0x0][0x9f]`[0xb][\r]L[0xd0][0x4]0[0xea][0x1c]0zM[0x84]4[0xf]gfNJ[0xf7][0x19][0xcb][0xb9][0xf2]xr25[0xfb][0xaf]H[0x8b][0x8][0x2] [0xd7]z)8[0x96][0xe6]d&*[0x18]c[0x84]Sf^&h[0xc1][0x9][0xe8][0xea]/[0x85]D[0xb8][0x1a]h[0xe0][0xe0][[0xbf][0x87][0x12],[0x88][0xc6][0x1][0xad][0xd3][0x19][0xa2]~[0xc5]>[0xc8]4[0xb0]c`H[0xeb][0xf][0xb0];[0xf][0xd7][0x18][0x18][0xce][0xf5][0xda]Th[0xfe] -\[0xc0][0xee][0xa8][0x1][0xe]3D[0xa5][0x8f][0xdd]y[0xb8][0xc2][0xc][0xbd][0xe4][0xa3]f[0xe]B:[0xb5][0x6][0x9c][0x83][0xb2][0x15][0xdc]3Ss0rO[0x8][0xe8]([0xe2][0xbc]t[0xd0][0x85]x[0xd9]E[0x99][0x5][0xc5][0x99][0x8][0xb7][0x12][0xbf][0xc3][0xc8][0xcc][0x2][0xd1][0x8a]G[0xb2]L!;U[0x17][0xb3]\[0xa3][0x92][0x8d][0x88][0xc][0x8b]f#f[0x9]A%[0x1b][0x11][0xcd] [0xf8][0xf6]"[0x9a][0xde]*d[0x86]t![0x13][0xd8][0x8f][0xc9]%[0xb4]-[0x4][0x91]V[0x19][0xd0][0xc9][0x87]t[[0x3]`fIJ[0xbd]G[0xf0]fJ[0xf4][0x8c][0x8b]\[0x95][0xd0]m[0xf6][0xdc][0xc][0xe9][0x90][0x18][0xda]VZ[0xe6][0xa0]qk[0xba]4[0xf8][0xcc][0x91][0x8e]V[0xa1][0xb5][0x9f][0x10]%[0x8][0xad]mBT[0xf9]4[0xb6][0x9][0xe9]l[0x11]Z[0xdb][0x84][0x18][0x1e][0xf5][0xc][0xf0][0xf0][0xf7]sU04U[0x8][0x8][0xf2][0xc7][0xa8]`<\[0xfd][0xdc][0x3][0xfc][0xfd][0x10][0xd5][0x8a][0x9][0xa8][0xdf][0x8f]s[0x12][0x4])'[0x99]#[0xcd][0xd4][0xd3][0xda]7[0x88][0xfa][0x8b]v[0xbe][0xa1][zC[0x9a]f[0xa5]q[0xb8]![0xcd][0x98][0xd2][0xda]&Dz[0xa3][0xb5]M[0xf4][0xaa])[0xcc][0x91]&[0xe9][0xdc][0x12][0xf3]J k[0xec]}[0x13][0x8b]@C[0xe8]>[0x89][0xb9][0x98][0x97][0x85][0xb8][0x96](dd&[0x83][0xd6][0x1d][0xe5]#[\r][0x8a][0x83][0xc6]2[0x88][0xca]OH[0xf3]qI[0x89][0xc5][0xa9])Ei[0x99][0x15][0x18][0xf9][0x15],[0x93][0x9a][0x96]X[0x9a]S[0x92][0x2]Z[0xeb][0xf][0xed]H[0x99]Y[0x82][0xba][0xe2][0xc4]YC[0xaf]ajs[0xa4][0xfb]qh[0xd3][0x93][0xc6]S[0xcf][0x9b]#[0xdd][0x94]C[0xe3][0x14]I[0xb7]C[0x9][0xcc][0xe9]6[0x97]aN[0xb7]3[0x9][0xcc][0x91][0xfa][0x9f]4[0x8e]'[0xa4][0x8d][0xe5][0xb4][0xb6][0x9][0xd1][0x17][0xa1][0xb5]M[0x88][0xcc]L[0xb3][0x9a][0x11][0xd4] [0x80][0xb6].[0xe9][0x9f][0x8d][0x91][0xe6][0x6][0x6][0xc0]r[0xba][0xd5]jHWg[0xd0]8[0xc5] ]_1[0x0][0x1][0x8a][0xc8][0x18][0x3]`9[0xa2][0x9d]?[0x0][0x96]#2*[0xfd]-G[0xda]F:[0x0][0x96]#f[0xf7][0x6][0xc0]rD[0xe][0xa6][0xc7][0x18][0x8d]9[0xdd][0xa6][0x93][0xcc][0xe9][0xb6][0xb9][0xd5][0x1c]i:[0x9][0xfb][0xf8][0xe9][0x80][0xe][0xef][0x9a][0x83][0x1a][0xbe][0xd0][0xea][0x9][0xbb][0xf3][0x90][0xfa][0xb6]([0x97][0xb5][0xa3][0xb7][0x1e][0xa9]8[0xbc]kN[0xb7]=[0xaa][0xe6]H[0x13]c[0xd8][0xbd]?[0xb0][0xb1][0x83]4[0x9b][0x86][0xdd]y[0x3][0x12];[0x88]>[0xe4] r[0x14]b[0x0][0x2][0xbb][0xa3][0x6]8"[0x11][0xb5]'v[0xe7][\r]HD"j[0xd5][0xc1][0xe3][0xa8][0xc1]=[0x1d]f[0x8e][0xb4]%w[0x10][0x85][0x19]"G[0xba][0x94]f[0x97]b.[0xe3]F[0xa4].3[0xd4][0xd9]t[0xf4]R[0x1c]y[0x84][0x12]i[0xff],v[0xaf][0xe]l[0x96]B[0xb9][0x19][0x2][0xdb])[0xf2][0x8]O[0xd3]mC[0x83]9[0xd2][0xac][0xd6]`[0xc]3[0xa4][\r][0xb0][0xd8][0x9d]7[0x10]afIh[0x86]y`[0xd3][0x19][0xd2][0xd6][0xd4]A[0x14]f[0x83][0xbb][0xba]C[0x9a][0xbc][0x1b]DaF[0xa8][0xba][0x1b][0xd0]tf[0x81][0xb4][0x89]w[0xd0][0x84][0x99][0x5][0xd2][0xe6][0xc3][0xa1][0xb6]Q[0xc0][0x2]i[0xb6]u[0xe8][0xb9][0x1d]Q[0xa3]cO[0xc][0x3][0x9c]V[0x9][0x15]?[0x3]P[0x8f]X[0xd0]m[0xbb][0xb9][0x5][0xd2]vs[0xba][0xf][0xca]X M[0x83][0xf][0xc6][0xa4]a[0x88][0x18]3[0xc2][0xee][0xbc][0x81]H[0x1a]H[0x93][0xed]C[0xae](@[0xda]=[0x8f]=@[0x7][0xb6](@[0xda]`[0x8d][0xdd]y[0x3][0x12][0xdf][0x88][0x91]r[0xda]N[0x8]X -G[0x18]z)[0xb][0xd1] [0x2][0x87][0x92]cQfzb~[0x9][0xe8][0xfc]-[0xd4]C[0xf0][0xa8]r[0x1c][0xa3][0x5][0xd2]z[0x8a]![0x17]TH[0x1b][0xd5][0xe9][0xb3]z[0xd0][0x2]i[0xc3]:8r[0x2][0x82]it*[0x92][0x5][0xd2][0xa6]sz[0xf9][\r][0xd1]|[0xa0][0xb5][0xdf][0xe8]V[0x10] m[0xc3][0xa6][0xb1][0x9f][0x90]6M[0xd3][0xda]&[0xc4][0xe4][0xd3][0x90][0xcb][0xb1][0xc6]h[0x85][0x1b][0xed][0xf2][0xf][0xd2][0xde]K[0x9c][0xf1][0x81][0xa8][0x4][0x89]>[0xbe][0xd6][0x2]i_[0xa4][0x2][0xc6]J&[0xea][0x14][0xc9]&t[0xb]$[0xa4]e[0x10]C.)![0xad][0xa2][0xc0][0x19][0xc1][0xd4][0x89][0xf]SD[0xe3][0x99][0xd6]6![0x6][0xdd]hm[0x13][0xa2]+Kk[0x9b][0x10][0xb]]im[0x13][0xdd]*0[0xa4][0x83][0xc0]i[0xed]'DY0[0xe4]r([0xd2][0x12][0x8d][0xa1][0xe7][0xf6]!\[0xc9]"[0x9d]F>[0xf4][0xc2][0x1d]Q[0x2][0xe]=[0xb7]#[0xca][0x9f][0xcc][0xbc][0x94][0xfc][0xdc][0xcc]T[0x8c][0x6]Bbv[0xa9]Bqiv[0xa2][0x2]B[0x1]t[0xb5][0xb3][0x11][0xd1]S[0x80][0x16]H[0x8b]W[0xa0][0xa5][0xf][0xe6][0x9d][0xf5][0xf8]j>[0xba]M[0xbc]Y [0x9d][0xec][0x8e][0xd3][0xa5][0x88]F[0x18][0xbe][0x9d][0xb3]T\[0xc8]ba[0x8e]^[0x9f][0x17][0x9b][0x16]c[0xc4][0x14]<[0x0][0xd1]w$[0x9b][0x99][0x99][0xe1][0xd9][0x91][0x8c]4Uk[0x81]4U[0x8b][0x88]n[0xd4]><U[0xd2][0x83][0x5][0xa2];E[{[0x10][0xcb]%hk[0xf][0xa2][0xce][0xa3][0xa9]=H[0xf3][0xae][0xb4][0xb5][0x7][0x91][0xde]hk[0xf]"[0x1d][0x4]W[0xe6][0xa5][0x16][0xa5]g[0x82][0xaf]P[0x80]\"[0x82][0xfd][0x1a][0x3][0xcf][0xa2]|[0xd0][0xba][0x4]X[0x19]d[0x9][0xda]UK[0xcc][0x8e][0xb]K[0xa4][0xed]y[0x88][0xc3]mA[0xa6])8[0xe5][0x97][0x94][0xe4]`[0x96]|[0xce][0xf9][0xa0][0xc3][0x9a]J@[0x12]P[0xdb][0xcc][0xcd]A[0x19][0x91]8[0xdb][0x10][0xb5]qpNjj[0xb6][0x82]{Qb^fI[0xaa]BxbNNj[0x9]F[0xe6][0x85][0x9d][0xb2][0x8b]([L[0xc]@[0xdb][0xcc][0x89][0xb3][0xc][0x11][0x8c]C[0xae][\n]"
14:49:39.562 [main] DEBUG org.apache.http.wire -  << "B[0xda][0x9e][0x2]-pi5>[0x85]t[0xc][0x17][0xad]mB[0x14];[0x8e][0xa9]E[0xf9])[0x95]y[0x89][0xa0][0x93][0x94]a7[0x84][0x84][0x80][0xae][0xea][0xc0]H[0x1][0xae][0x15][0x5][0xa9])[0x99]%[0x89][\n]"
14:49:39.562 [main] DEBUG org.apache.http.wire -  << "[0xa5]%[0xa0][0xb3][0xfc][0x14][0x92][0xf3][0x8b][\n]"
14:49:39.562 [main] DEBUG org.apache.http.wire -  << "[0xf2][0x8b][0xc8];[0xcc][0xcf][0x2][0xe9][0x8e]I[0xe4][0x8c][0xe5][0x93][0x99][0x97][0x9a][0xa7][0xe0][0x94][0x98][0x8e]i{q[0x89]BjQQ~[0x91]B^fFf[0xe][0xc8][0x5][0x99]%[\n]"
14:49:39.562 [main] DEBUG org.apache.http.wire -  << "[0xc5][0x99]y%[\n]"
14:49:39.562 [main] DEBUG org.apache.http.wire -  << "E[0xa9]E[0xa5][0xb9][\n]"
14:49:39.562 [main] DEBUG org.apache.http.wire -  << "[0xa5]99[0x89]d[0x9d]2fA[0xb7][0xbd]%[0x16]&[0x88]b[0x8b][0xc6]1L[0xb7][0xb3][0xbf],[0xe8][0xb6]_[0xc6][0x82]n[0xa7][0x8c]Y [0xdd][0x1d]5[0xe4][0xca]+[0xa4][0x85][0xce][0xd0]46X[0x9b][0xb2][0x98][0xab][0x9f]1][0x8a][0xa8]n[0xe8][0xd6][0x94]E[0xaa][0x18]izj[0x9e][0x5][0xe6])>[0x98][0xfe][0x87][0xb7][0x99][0xb1][0x9c]f@[0xbf]N[0x7][0xd2]A>8[0xd3][0xd4][0x0][0xc4][0x14][0xa2]s[0x88][0xd3]U[0x83]$[0xfc][0x10][0xed][0x1f][0x9c].[0x1d][0x80][0xf0]C[0xb4][0x2][0xb0][0xcf]h[0xf][0xec][0x84];[0xa8]u9[0xd8]vlX [0xad][0xda][0xa6]i[0xc7][0x3][0xf3][0xee][0xa5][0xc1]Z6 -[0x14][0x1f]Di[0xdb][0x2]c0~[0xd0][0x86][0x1f][0xc6]`>[0xa6]K[0xe9]_6 [0x9d][0xb4]C[0xd3]t[0x8e]|[0xce][0xe][0xb8][0x1b][\n]"
14:49:39.562 [main] DEBUG org.apache.http.wire -  << "[0xeb]g*[0x84]'[0x96]$g`t[0x3]|R[0x13]K2R[0x91][0x8e]4[0xb0]0[0x2]mU%[0xa6][0x17]j[0x81][0xb4]X[0x17][0xd2][0xe5][\r][0xcf][0xcf][0xcf]![0xbe][0xbf]kd[0x4]*[0x91][0x88][0xb3][0x9]1[0xdc][0x82][0xdc][0xbb][0x9][0xce][0xcc][0xc9]Vp[0xc6]z[0x9e]2[0xe4][0xb0]eD<[0x1b][0x19][0x81][0x86][0xba][0x88][0xb1][0xcc][0x12]i[0xe9]*[0xe2][0x0][\n]"
14:49:39.562 [main] DEBUG org.apache.http.wire -  << "[0x88]y[\n]"
14:49:39.562 [main] DEBUG org.apache.http.wire -  << "[0xce][0xf9][0x89][0x98]][0xf9][0xe0][0xfc][0x9c][0xd2][0x92]D[0x85][0xd4][0x12][0x85][0xe4][0xd2][0x82]LP[0x97][0xae]$[0x15][0xe9]$[\n]"
14:49:39.562 [main] DEBUG org.apache.http.wire -  << "[0xfc][0xe7][0xdb]#[0x8d][0xc6]Y"[0xdf][0xa3][0x81]4:[0xe2][0x9c]_P[0x90]Z[0xa4][0xe0][0x9d][0x97][0x99][0x6][0x1a][0x9b]@[0x1d][0x9e][0x83]8[0xc][0xe1]Q[0xb]KP[0x7][0x9b]8[0x8f]"r[0xca]Pk[0x95][[0x1a] [0xb5]U[0xc0][0xe9][0x1c]zBH@b^[0x9][0xe6]HiPiR[0x12]r"75[0x3][0xdd][0x92]H\ !*uH"[0x87]g([0xec]VA[0xfb][0xfc][0x88][0x8][0xb1][0xb4][0x0]M[0xce][0x12]g[0x17]"[0x99]#[0xf]#[0xc0]m[0xf4]N[0xad]L[0xca]O,J![0x9c][0x8b][0xcd][0xc0][0xc7][0x4][0x11]e)[0xd2][0xb2][0xd0]![0x97][\n]"
14:49:39.562 [main] DEBUG org.apache.http.wire -  << "[0x90]n[0xce][0x8][0xce]M[0xcc][0xc9]A[0xba][0xbb][\n]"
14:49:39.562 [main] DEBUG org.apache.http.wire -  << "k[0xa9][0x80]%r@[0x9][0x89][0xb8]pB[0x8c]5 [0xdf][0xc][0x19]a[0xc1][0x9e][0x16][0xc0][0xc3][0x9a][0x88][0x94]`nahJ[0xdc][0xb8][0xbc]%[0xd2][0xba]S[0x8f][0xd4][0xc4][0xb2]J[0x5][0x97][0xd2][0x92]J[0x84][0xef]p&[0x4][0xd0][0xf0]&[0xb2][0x85][0xa0][0xa1][0x18][0xe2]|[0x87][0xa8][0xdf][0xe1][0xb7]R8[0xe7][0x97][0x94][0xe4][0xe7][0xe1]*[0xd0]![0x19][0xe]a[0x99][0x89][0xa5][0x81][0x5][0xb1][0xbe]C[0x14]<[0xc8][0xc5]9[0xc8][0xf1][\n]"
14:49:39.562 [main] DEBUG org.apache.http.wire -  << "N[0xa9]yX[0xaa])[0xcc]R[0xe]tc[0x13]q>C[0x94][0x14][0x1]E[0x89][0xc9]%[0x99][0xc9][0x89]9[0xb0][0xb3][0xf8]=[0xb0][0x94][0xe6][0xd0]q[[0x84][0xc7]L[0x8d]A[0xb][0x10][0x89][0xb3][0xb][0xa9]_[0x2]N[0x8f][0x1][0x89][0xa0][0x92][0x1b]{[0xd5][0x8b][0x1e][0x80]F[0xc6][0xa0][0x5]u[0xc4][0xd9][0x83]([0x94][0x82]J[0xc1]#[0xe8][0xd0]:[0x2]k[0xfd][0x4][0x91]Cx[0xc8][0xd2][0x94]x[0x8b][0xb0][0x97]H[0x90][0xf2]T[0x1][[0xf0]A[0xa4][0x10][0x96][0x19][0x99][0x98][0x13][0x9b],@[0xc1][0xc][0xed][0xa0] ][0x9b][0x0][0xc9]`[0xd8]ky[0xf4] 43[0x6]e[0x1c][0xa2][0x82][0xd0][0x8][0x91][0x9d]}2[0xd3]3J[0xca]SA[0xa4][0x2][0xc4]D[0xac]>[0xb][0xcf][0xcf]OIE[0x9a][0x8a]0[0xb5][0x4]-[0xa8]#[0xce]2D[0xee][0x1a]re[0xac][0x11]Rf[0x5][0xa7]i[0xd8]4[0x89][0x2][0xf6]B[0xf][0xa3][0x8c]5[0xb3]05&[0xb2]`0B[0xe4]Ux)[0x4][0xc9]B[0xd8][0x92][0x1a]F[0xdb][0xd5][0xc8][0x14][0xb4][0xe7][0x8e][0xb8][0x18]A[0xe4]T[0xf8][0x85][0xde][0xf0]z[0x16][0xbb][0xc7][0xd0][0xb3][0x91][0x91][0x5][0xe8]hP[0xe2]lC[0xe4]W[0xe4][0x8a][0x1d][0xb7][0xd7]@-[D[0x1e]"[0xfe][0x98]1K[0xa4][0xd5][0xa4][0x8e][0xe5][0xa9][0xc5][0xf9][0xb9][0xa9][\n]"
14:49:39.562 [main] DEBUG org.apache.http.wire -  << "[0xd0]b<8#[0xb3][0x8]K[0xdb][0xb5]$[0x15]|[0xfe]-t[0xc2][0xcb][0xc2][0x92][0xd8]s[0xd3][0xc0][0x89][0x1f][0x9a][[0x11][0xd3]k[0xf0][0xb4][0x81][0xa3] [0x2]U([0x8]YX[0x80][0xe6][0x85][0x89][\n]"
14:49:39.562 [main] DEBUG org.apache.http.wire -  << "Ac[0xc4]("[0xc2]6hQ[0xad][0x10][0x90][0x93][0x8][0x9e][0xb5]Cm[0x19][0x83][0xaa][0x13][0x84]][0xc6][0xc6][0xa0][0xed][0xa2][0xc4][0xd9][0x85]([0x1a][0xa0][0xa5]+$[0xeb][0xe3][0xb0][0x7]#[0xc1][0x9b][0x1b][0x82]F[0x1b][0x88][0xb3][\n]"
14:49:39.562 [main] DEBUG org.apache.http.wire -  << "[0xb1][0x96][0x4][0x9e][0xc][0xa1][0xc9]Z[0x1][0xeb]awP/#[0xfc]eaHtS[0x16][0xe9][0xf6][0x17][0xd8][0xf5][0xf1][0xf0]$[0x8f][0xbd][0xda][0x5]u[0xe8][0x10]V[0x99][0x11]?A[0x89]td[0xda][0x90]+[0xf0][0x90][0xe]aC[0xae][0x19][0xe0]I[0x1b][0xc7]-][0xa8][0xc9][0xcd][0xd4][0x4]47E\[0x1a]@[0xd4][0xb1][0xc8][0xf6][0xc1][0xa3][0x6][[0xd1][0x87][0x1a]1[0xa6][0x86][0xa0][0xed][0xe3]DY[0x86]4O[0x88]l[0x19]4[0x81]c[0x9f][0x81]G[0xaf][0xd2]M[0xc]A[[0xe8][0x89][0xb3][0xe][0x91]m[0x91][0xaa]tp[0xbb][0x18][0xc7][0x95]k`9D[0x9a]32[0x6][0x9d](H[0x9c]][0x88]l[0x8b]d[0x17][0xb4]B[0xc7][0xde]~[0x80][0xc5])[0xc2]>c[0xf0]YB[0xc4][0xd9][0x87][0x94]w[0xe1][0x97][0xe7][0xc2][0xb][0xdb][0xfc]T[0xcc]n(j[0xa9]nnHtm[0x85]<'[0x88]40[0x0][0x8d]5[0x1c][0x9][0x4][0xa5][0xb1]bfItzD[0x9a][0x16][0x84][0xdf][0x92][0x7][0xa9][0xa9][0xb0][0xb7]c[0xd1]c[0xcc][0x4]4[0x82]I\[0x8]"[0xaa]{H[0xf7][\r]Z[0xba][0xe1](h[0xa1][0xb2][0x88][0xc8][0xb2]4[0x5][0x1d][0xfc]D[0x9c]U[0x88][0xfa][0x1e]cP[0x7][[0xf8][0x81][[0x9d][0x8][0x9b][0xcc][0xc][0x88][0x1e]UA^[0x1a][0xf][0x1e][0x99][0x80][0xb4][0x1b][0x88][0xf5][0x93][0xb1])[0xe8]@R[0xa2][0xfc][0x84][0xb4][0xbc]|[0xc8][0x15][0xb2][0xa0]1[0x11]h[0xeb][0x1]:[0xca]M[0xa3]U [0x96][0xa0][0xc6]'[0xd4]&[0xe4][0x12][0xf]Zk+[0xe0]([0xcd]![0x91][0x86]H[0x0][0xa6]&[0xa0][0xc1]9[0xe2][0xa2][0x5][0xd1][0xd8]Gt8a[0x95]:[0xf6]r[0x8]#e[0x9b][0x98][0x82]V&[0x13]g[0x1d][0xa2]}[0x8e]4T[0x0][0xaa][0x8d]p[0x8c][0x18]B}[0x8e][0xf0][0x9b][0x91]![0xb1][0xeb][0x5]-Ac[0xc3]X[0x2][0x13]\[0x4][0xe0][0xe8][0xf][0xa0][0x16]zFfD7[0xc3][0x90]V[0xb0]C[0x9b]a[0xf0]*18[0x3]k[0xf1][0x8a][0xda][0x96][0xb5]4[0x5][\r]m[0x11][0x17][0x86][0x88][0xf6]9[0xd4]*H[0xfc][0xe3][0x18]\[0x6]{[0x17][0x11]~&[0x86][0xa0]Y,[0xe2],[0xc2]^[0xd7][0x83]c[0xb]{[0xe5][0xb].y[0x91][0xec]"[0xbe][0x19][0xb]JA[0xd0][0xb8][0x82]w[0xa6][0xa0][0xde][0xc2][0xde][0xc1][0xc1]H[0x18][0x16]F[0xa0][0xab][0x8][0x88][0xf2][0x18][0xa8][0xdb][0x0][0xb5][0xc]yt[0xc][0xd4]N[0xc1][0x91][0xc][0xd1]JXKCPG[0x93]8[0xbb][0x10][0x15]=J[0x8e][0x86][0x8e][0xb5]`]n[0x87][0x16]e[0xe6][0xe6][0xc4][0xfb][0xc][0x91][0x9d][0x91][0xf2][0x17][0xb4]Y[0x81][0xbd][0xd9][0x8c][0xe6]5[0x12][0x9a]g[0xa0][0x8c][0x8][\r][0xc6]!W[0xa4]c[0xae][0xf9][0xa6]U[0x91][0x8e][0xb9]f[0x9b]f6![0xf2]+[0x8d][0xab])[0xa4][0xc5];[0xb4][0x9c] [0xb4][0x4]-h[0x85][0xa6]0[0xda][0xda][0x83][0xc8]6[0xb4][0xb5][0x7][0x11]C4[0xb5][0x7]T[0xc4][0xd3]#[0xdc]@[0xd3][0x94]P{[0x2][0x82][0x15]0[0xd3]uzbn[0xaa][0x82][0xa9]BqI"[0xd2][0xa4]-[0xfe][0x95]K[0xc8]S[0x8c][0xa0][0x9e][0x1b][0xd4]x[0x1a]'hP[0x97][0x94]>6[0x81][0x86][0xe1][0xe8]d[0x13][0xa2];K[0xe3][0xd0][0x3]UOt[0xf2][0x13][0xa2][0x1b]KS?[0x99][0x18] [0xcf][0xd6][0xd1]r%[0xa0][0x89][0x1][0xd2]Y2[0xb4][0xf6][0x13][0xfd]B[0xf]Q[0xa0][0xd2][0xda]O[0x88][0x1e][0x5][0xad]mB[0x1a][0x0][0xa0]q[0x8a]@[0xf4][0xff]3[0x3]2[0xf2][0xf3]R[\r]1oD[0x3]o[0xa3]JM[0x81][0xdd][0x9b][0x88][0xd4][0xe8][0xc6]{[0x80]1[0xa2]x51@:[0xd5][0x85][0xd6]A[0x87][0xa8][0xf7]hl[0x13][0xd2][0xb4][0x1c][0xad]m[0xa2]S[0xf1]jb[0x80]4[0xfb]Gk?[0xd1][0xad][0x80]@[0xba]8[0x87]x?![0x12]9[0xb1][0xe7]K[0x98][0x18][0x80][0x6][0xa8][0xe8]Q7[0x99][0x18] [0x8d]V[0xe7]f[0xe6]dc[0xac]{A[0xb8][0x1e][0xdf]jv[0xe4][0xc][\n]"
14:49:39.562 [main] DEBUG org.apache.http.wire -  << "Z[0x10][0x1]u;[0xb5]LDD0]N[0xc1]11@:7[0xc4][0xb3][0x0]T[0x96])[0x18][0x1a]*[0x98][0x99]([0xa4]'a[0x4][0x10][0xbe][0xe5][0xda][0xc4]G8[0xd2]5[0x19][0xd8][0x17]6#[0xe2][0x1]K[0x94]z[dM[0xc][0x90][0x86][0xa2]h[0x17][\n]"
14:49:39.562 [main] DEBUG org.apache.http.wire -  << "[0xd4]s[0xb0][0xb1][0xa5]9[0xa2][0xb2][0xa3]iO[0x5][0xb4][0xde][0x2][0x9a][0xc4][0x87][0xdc][0x18][0x2]h[0xea][0x0][0xea]v[0x9a][0xf4]~[0x10]m([0x9a][0x18][0x8f]h8[0xd1][0xc4]xD[0x1b][0x86][0x16][0xc6]#-Q&[0xbe][0xfe][0x0]MrA[0xd7][0xe][0x10][[0x9e][0x18][[0x82][0xe6][0xbd][0xa0][0xb1]Lk[0x9b][0x10]y[0x8e][0xd6]6!"[0x87][0xd6]6![0x6][0xab]im[0x13][0xdd][0xda][0x98]H{[0xb5]i[0xea]'[0x13][0x3][0xa4][0xd3][0x92]im[0x13]b[0x98][0x9a][0xa0]M[0x0][0x0][0x0][0x0][0xff][0xff]"
14:49:39.562 [main] DEBUG org.apache.http.wire -  << "[\r][\n]"
14:49:39.562 [main] DEBUG org.apache.http.wire -  << "74A[\r][\n]"
14:49:39.562 [main] DEBUG org.apache.http.wire -  << "R[0xc0][0xb2][0x1d][0x8d][0xd8][0xfc]db[0x80]t`1[0xad]mB[0x14][0xa0][0xb4][0xb6][0x9]Q[0x96][0xd2][0xda]&D[0x19]1[0xc4][0xea]K[0x13][0x3][0xa4][0xa3][0x8b][0xb1][0xb7][0xcc][0x6]r[0xcb][0x99][0x89][0x1][0xd2]y[0xc7][0xd8][0x9d]7[0x10][\r]G[0xd0][0xac] [0xb4][0xf6][0x19]r[0xf1][\r]Z[0xb8][0xb]u;[0xf1][0xb9][0x2][0x11][0xc8][0xc4][0x17])[0xa0][0xc9]8[0xfa]X4[0x84]s[0x1f][0xd2]b[0xcb]![0x97][0x92]@k[0x97][0xe9][0x12][0xc1]H+7i[0x9b]dA+t[0xa0]>[0xa2]R[0xd7][0x1e][0xb4][0xf4][0x8c][0xca]&"[0xea]Oj[0xb9][0x91][0x9c]z[0x92][0x9c][0x12][0x81][0xac][0xfb]v[0xc9][0xb2][0x8][0xd1][0x92][0x1e]z[0xb9][\n]"
14:49:39.562 [main] DEBUG org.apache.http.wire -  << "[0xd1]6[0xa7][0xd7]`[0x10][0xa2][0x95]I[0xbd]a[0x10]S[0x1d]%[0xe7][0xc4][0x92][0xd4][0xf4][0xfc][0xa2][0xcc][0xd4]b%[0xab]h[0x94][0x11]4D[0x82][0xb][0x8]6[0xc1][0x1c]q*6QHJ,[0x2][0x9d][0x5][0xe][0xed][0x17][0x1a][0x13]{l[0x9c][0x89][0x1][0xd2][0xc9][0xb5][0xb4]-+L[0x10][0xf1]D[0xfd][0xae][0xb4][0x89][0x1][0xf2][0x1a]@[0xda][0xce]k [0x1d][0x8f]K|[0x88][0x91][0xd1]i71@ZmH[0x96]M[0xc4][0x8e][0xd0]"[0xad][0xc][0x84][0xad]R[0x87][0xec][0xfe][0xc2][0xb1][0x8e]([0xb0]43Q!5[0xbf]X[0xa1]([0xb1]$3?/U!/59[0xb5][0xb8]8[0xb3]$[0xb1]$3[0xa9][0xb4]X![0xad]4=3[0xb1]D!1/37[0x13]iW[0xae][0x11][0xa8][0xcb]I[0xc4]r#[0x13][0x3][0xa4][0x5][0x84][0xb4][0xf5]8[0xa2][0xdc]#[0xcb][0x1e][0xe2][0x1b]wH[0xc7][0xf1] [0xad][0x94][0x86].[0xff][0xc2][0xb5]"[0xd2][0xb5]B[0xa1][0xb0]41[0xb5]([0x11]tZU[0x11]8x[0x8b][0x91][0xc2][0x93][0xd8]][0xce]&[0x6][0xa6]t[0x1b]U@Z[0x1][0x7]_[0xc9][0xc]^[0x8][0xa6][0xe0][0x9c][0x9f][PZ[0x2][0xde][0x12][0x8c][0xba]i[0xc4][0xb1][0xb8] [0xb5](3[0xbf]([0xb5][0x18]r[0x16]V~rrbjrbI[0xa6]Ba)y[0xc9][0x7]ye[0x1c][0xcd]F[0xeb][0xa9]7Nmb[0x0]ZS[\r]m[0xf5][0xd0]r[0xaa][0x14][0xe9]&][0x9a]Z[0x83][0xa8][0xae]hj[\r][0xa2][0x1b][0x83][0xb1][0xa5][0x15][0xc7][0x12]c[0xc7][0xd2][0x12][0x85][0x94][0xfc][0x9c][0xfc][0xa2][0xd4]\[0x85][0xa2][0xd4][0x82][0xd4][0x9c][0x9c][0xd4][0xbc][0x94]R[0xe4]<E|[0x19][0x85][0xb4]"[0x8e]F[0x17][0xd2][0x9b][0x18] [0x1d][0x84]E3;[0x90]V[0xc1][0xd1][0xce][0xe][0xc4],3[\r][0xe7]aL[0xc][0x90][0xee][0xe0][0xa5][0xad]=H)[0x9c]vg[0xfa][0x9a][0x18][0x80][0xf6][0x99][0xc1][0xca][0x5]Z[0xda][0x3]:[0x15][0x4]j[0xf][0x8d][0xeb]A[0xa4]5}4Km[0xa0][0xad][0x80]P[0xdf][0xd0][0xce][0xe][0xc4][0x14]4[0xed][0xec]@[0xf4]\[0x7][0xcf]P[0x1e][0xd2]bIZ[0x16][0xee][0xa0]][0xaa][0xd0]8[0x1c]<~G:[0x1a][0x18]g6![0xa7][0xfb]M[0xaf][0x95][0x87]&[0x6][0x96][0x83]1I![0x1f][0xa0]Dt[0xd7][0x8d][0xac]pF4[0xf7][0x7]Q[0xa2]"[0xa7]mN[0x86][0xef][0xc1][0xbd][0x85][0xc1][0x96][0xa5][0xc][0x91]N~[0xc2][0x99][0xa5]0V[0xd4][0x90][0xe5]{D[0x81]M[0xbc]E[0xe4][0xf4][0xda][\r]A[0xbb][0xd6][0x6]_8#5[0x96][0x89][0xce]c[0xe4]y[0x1f][0x91][0xc9]hU3[0x1a][0x82][0x8e][0xbd][0x81][0x6]1[0xad]#[0x13][0x91];[0x3][0x8a][0xf2]SJ[0x93]K[0x14][0x1c]Ks2[0x13][0x15]0[0xd7][0xb2]f[0xe6]e[0xc2][0xd6][0xb1]*$[0xc2][0xd5]@G[0xe4][0x88][0x1c][0x8a]1D[0x9a])[0xa3][0x8f]}[0x88][0x96]9[0x8d]C[0x12]i[0x81]8}|[0x86][0xc8][0xf0][0xf4][0xb1][0xf]Q[0xb5][0xd2][0xc7]>D[0x1f][0x84]>[0xf6]!J[0x10][0xa7][0xa2][0xc4][0xe4]Tl'[0xec][0xfb]&[0xa6][0xa4]*[0xe4][0xa7])dd[0xa6]g[0x80][0x86][0xae]r2K*[0x15][\n]"
14:49:39.562 [main] DEBUG org.apache.http.wire -  << "R[0x13][0x8b]r[0x90][0x8b][0x12][0xd0][0xea]fb[0x86][0x1][\r][\r][0x11]E[0x89]K[0x98][0x8b][0x82]wfnjIq)h[0xe1]FdbfR"[0xc6]@8[0xa2]^042 z[0x8][0xdc][0x10]i[0x5]9[0xc8][0x1a][0xdf][0xd2][0xf4][0xd4]<[0x85][0x90][0xa2][0xc4]L[0xd0][0xc9]C[0xa8]cU[0xe4][0xda][0x80](Ehd[0x3](L[0xa1]%"[0xad]l@[0x94][0x14][0xb4][0xb2][0x1]1[0xaf]2h[0x9a]g[0x86]H[0xd3][0xff][0x83][0xc8]Q[0x88][0xbc]8[0x88][0x1c][0x85][0x98][0xe0][0xa1]qU[0x82][0xb4][0x8][0x0][0xbb][0xf7][0x7]t[0x9][0x8e]![0xd2][0xf4];v[0xe7]!J[0x11][0xba][0xad][0xdd]6D[0x9a][0xaa][0xc7][0xee][0xa8][0x1][0xe]3D[0xed][0x89][0xdd]y[0x3][0x12]f[0x88]*6=173[0xf][0xf3]J[0x8f][0xb4][0xfc]"[0x5][0x88][0x94]BAiQA~1[0xf8][0x8][0x1a]h[0x9b][0x8f][0xe8][0xd9]!C[0xb2]&[0xfa][0x91][0xab]TbwK[0x19]"[0x9d][0x12]E[0x9b][0x8b]JM[0xc][0x91][0xe]s"[0xab][0x1c] [0xb6][0xa9]L[0xaf][cM[0xc][0x91][0xf6][0xc4][0x90][0xe5]#[0xe2][0x13][0x2][0xd2]^[0x19]Z[0xdb][0x84][0xa8]lim[0x13]"[0x17][0xd1][0xda]&[0xba][0xd5]@$[0xcd][0xcc][0x83]79[0x12][0x9d][[0xa9]8[0xaf]h[0x88]4[0xb1]O|[0xd0]#JZ[0xe2][0xd3]-[0xa5][0x13][0xf6]$[0xd8][0x84]h[0xfa][0x10][0xef]%[0xa2][0x3][0x1f]i[0xd5][0x8d]![0xdd]&[0xcd][\r][0x91]&[0xcd]i[0xec]'[0xa4][0x99]q[0xa8]MX[0x96][0x13][0xe5]$V*[0x94]g[0x96]d(d[0xa5][0x16]#[0x96][0xc9]#[0x92][0x5][0xfe]F[0xb]r[0x10]"[0xdd]9[\n]"
14:49:39.562 [main] DEBUG org.apache.http.wire -  << "[0xa9]%1[0xba]lT[0xaa]@[0x91]&[0xd0][0x87][0xda][0x2]6C3R[0xca][0xc7][0x81]+K[0x90][0xce][0xc9][0x81]&[0x1d][0xcc][0x93]2[0xe0]#[0xb5][0x3][0xe8]L[0xc4][0x98][0x1][0xf6][0x86][0xe4][0xc0][0xb6]s[0x91]f[0xf4][0xa1][0xa1]Ht[0x6]D*[0xc4][0x88][0xcf][0x81]H[0xb3][0xfb][0xd8][0x83][0x83][0xd8]lM[0xcd]j[0xc9][0x1c]1[0x94]@j [0x10][0xeb]\[0xe4]R[0x8][0xe9][0xfc][0x9d]!W8 [0xad]h[0x80][0x6][0xd5][0xa0][0xcc]u[0x98][0xf7][0x80][0x11][0x9d][0xac][0xc9][0x8a][0xd1][0xa1]Qd"m?[0x1e]z[0x9][0xf]Q[0x8e][0xe][0xea][0x84]GJ[0x93][0xe0]j%s[0xc4][0x0][0xf0][0x90]K[0x9]$-[0xe][0x1a][0xb8] FZY4[0x98][0x13],[0xd2][0xe2][0xa4][0xa1][0x97][0x12][0x10]Sj4[0x9b][0xda][0xb5]@[0xc][0x4]B[0xa3][0x11][0xf3].1x3[0x13][0xcb][0x16]^[0xfc]M#j[0xb6]b@[0xb7]bC[0xa7]\p[0xba][0x14]Q[0xb9][0xe1][0x1b][0xd5][0xa2][0xaa][0xab][0x10][0xfd]c[0x8f][0x2][0x85][0xb0][0xcc][0xb2]|[0x85]H##[0x8c]~WnjnfNfv[0xa6]BqAjqfZfvbq[0xa6]Beb^[0xba]BbA&[0xe8][0xd4][0x17][0xe8][0x18][0xa6]1h[0x1e][0x8d][0xd8]u[0xfb][0x86]H[0xab][0xb6][0xa0]AB[0xd3]f[0x0][0xe6][0xc9]z[0xb4][0xb5][0xe]Q[0x88]C}[0x87][0xa7]-[0x86]%i[0x12]?[0xc8]A[0xf4][0xf1]z[0xf8][0xba][0xe9][0xc6]D[0xf][\n]"
14:49:39.562 [main] DEBUG org.apache.http.wire -  << "[0x13][0xb3][0xae][\r]_[0x9e]#[0xc1]c[0xa4][0x8c]:[0xe]\][0x2]:0[0x19]5k[0xe3][0x88]i*[0x85]?F[0x99][0x87][0xc3]:[0xd0][0xb1][0x5][0x3][0x18]*[0xc4][0xb6][0xba][0xa9][0x14]*[0x88][0x92][0x8c]pv[0x1b][0xc0]P[0x19][0x1a][\r]e[0xa4][0x9b]#[0xb1][0xf][0x4][0xc][0xe8][0xb8][0x8]x[0xdb][0x5]4[0xc7][\r]J[0xe7]![0xca]-[0xec][0xce]CT[0xf4]tk[0x80][0x18]![0x9d]A[0x82][0xdd]Q[0x3][0x1c][0xa5][0x88][0xe2][0x2][0xbb][0xf3][0x6]$[0xcc][0x86]D[0xa1]b[0x84]t[0xc8][0xc8] .[0xfb][0x8c][0x90][0xd6]ab[0x8f][0xe2][0x81]M[0x81]H[0x8b])![0x97][0x9d]@v"b[0xbb]|[0xc4])'1/%[0xb3]$3[0xb3]X![0xb9]4[0xa7] Q!5/3[0x17][0xb4][0x91]5[0x11]i[0xc3]%[0xe8][0x14]@b[0x16][0xae][0x19]![0x1d][0xbb];([0xc3][0x5][0xd1][0x8f][0xa3][0xcd]R.#CD[0x8b]fP[0x6][0x0][0xb1][0xa5][0x0]UZ2Fh[0xeb][0x18][0xa9][0xbf][0xc0][0xd0][0x8]i[0x9][0xe3]`./[0xc][0x89][0xed]AQ'[0xdc][0x91][0x16]E[0xe2][0xf][0x15]*Y[0x87][0x98][0xd6][0xf0][0x5]-[0x6][0xf][0xce]ON[0xc6][0xb2][0xdf]99?)Q![0xb9](5[0xb1]$[0x15][0xb6]^[0x1c]Q[0x13][0x1a][0x13][0xdb][0xd7]6B:O[0x97]J[0xb6][0x19][0xe2]>[0x82][0xc2][0xc8][0x8]Qd[0xd0][0xe0][0xf4][0x6]#[0xa4]U[0x96][0xa4][0xc6][0x14]9[0xd3]bF[0x98]g-[\r][0xd2]Q&#[0xa4][0xfb]9[0xa1]![0x83][0xe9]RD[0xf2][0xa1][0xd3]([0x93][0x11][0xd1][0x7][0x1f]S)g!F[0xf9][0x7]cuB[0xf4][0xc1]N[0xd4][0x9][\r][0xa4][0xf5][0xa5]4[0xaa][0xbe][0x91][0x16][0x8b][0xd2][0xca][0x6]Dy2(c[0x94]P[0xdf]e`[0x1b][0xb6]H[0xab]8[0xa9]} [0x90][0x11][0xd2][0xf2]M[0xea][0x9b]Ml[0xfd]?[0xa0][0x3]]Ft[[0xef]i[0x84]e[0xbd][0xa7]BpNf.[0xc6]x=U[0x86]_[0x8d]@[0x17]R[0xe][0xe2]Q[0x16][0xe4];7[0xf1]nR[0xa4]N9jJ([0x93]#[0xea]U[0xfa][\r][0xea]`[0xae][0xd0][0xc3]3[0x16]L[0xc9]$[0x83][0x11][0xd2][0x9a]9"
14:49:39.562 [main] DEBUG org.apache.http.wire -  << "[\r][\n]"
14:49:39.562 [main] DEBUG org.apache.http.wire -  << "C2[\r][\n]"
14:49:39.562 [main] DEBUG org.apache.http.wire -  << "h[0xcb][0x2][0x87]M[0xd4][0x9]m[0xa4][0xc3]g[0x6]c[0x89][0x8f]t[0x5][0xeb][0xa0]t[0x1e]b[0x94]yP:[0xf]Q[0xb0][0xf]F[0xe7]!-[0xd7][0x1e][0x94][0xce][0x1b][0xdc][0x8d]![0xa4]k[0x1f][0xe8]QP ]B:(#[0x8b]PR[0x1f][0x90]Z[0xc3]@G[0x9]Z[0xb1][0xe3][0x8f]"P[0xc3][0x8a][0xb2]Z[0x3]1[0x13][0xe2][0x9b]_Z[0x9c]J[0xa3][0x96][\n]"
14:49:39.562 [main] DEBUG org.apache.http.wire -  << "[0xd2]jc[0xd2][0xad][0xc1][0xd7][0xb]FZ[0x18]j[0x84]t}&[\r]-A[0xf4]]i[0xd4][0x97][0xc2]\SL[0xd3][0x8a][0x1c]iIqJjqrQf[0x1][0xe8][0x10]H[0x8c]t[0x80][0xc8][0x6][0xc4]F[0x7][0xd2][0xb2]`*[0x1b][0x8c]H[0xb3][0x83][0xb1]DAZ<[0x8b][0xdd]y[0x88][0xa0][0xa4]_;[0xd4][0x1c][0xd1]8[0xa6]Q[0xb2]EZ[0x1d][0x8b][0xdd][0xdb][0x3][0xdb][0xc7]F[0xba][0xd3][0x7][0xbb][0xf3][0xe8][0x17]+[0xb1][0xb5]\[0x0][0x0][0x0][0x0][0xff][0xff]"
14:49:39.562 [main] DEBUG org.apache.http.wire -  << "[\r][\n]"
14:49:39.563 [main] DEBUG org.apache.http.wire -  << "A[\r][\n]"
14:49:39.563 [main] DEBUG org.apache.http.wire -  << "[0x3][0x0][0xb3][[0xb8][0xd0][0xe3]L[0x1][0x0]"
14:49:39.563 [main] DEBUG org.apache.http.wire -  << "[\r][\n]"
14:49:39.563 [main] DEBUG org.apache.http.wire -  << "0[\r][\n]"
14:49:39.563 [main] DEBUG org.apache.http.wire -  << "[\r][\n]"
14:49:39.563 [main] DEBUG io.restassured.internal.RestAssuredHttpBuilder - Parsed data to instance of: class org.apache.http.conn.EofSensorInputStream
14:49:39.563 [main] DEBUG org.apache.http.impl.conn.BasicClientConnectionManager - Releasing connection org.apache.http.impl.conn.ManagedClientConnectionImpl@e5f05f8
14:49:39.563 [main] DEBUG org.apache.http.impl.conn.BasicClientConnectionManager - Connection can be kept alive indefinitely
14:49:39.581 [main] DEBUG net.thucydides.core.steps.StepInterceptor - STEP DONE: I send GET HTTP request product
  &amp#27;[32mWhen &amp#27;[0m&amp#27;[32mI send GET HTTP request product&amp#27;[0m                &amp#27;[90m# starter.stepdefinitions.ProductSteps.sentGetHttpRequestProduct()&amp#27;[0m
14:49:39.583 [main] DEBUG net.thucydides.core.steps.StepInterceptor - STARTING STEP: ProductSteps.receiveValidHttp200Product - I receive valid HTTP response code 200 product
14:49:39.583 [main] DEBUG net.thucydides.core.steps.StepInterceptor - STEP DONE: I receive valid HTTP response code 200 product
  &amp#27;[32mThen &amp#27;[0m&amp#27;[32mI receive valid HTTP response code 200 product&amp#27;[0m &amp#27;[90m# starter.stepdefinitions.ProductSteps.receiveValidHttp200Product()&amp#27;[0m
14:49:39.584 [main] INFO  - 
  _____   ___   ___   _____     ___     _     ___   ___   ___   ___  
 |_   _| | __| / __| |_   _|   | _ \   /_\   / __| / __| | __| |   \ 
   | |   | _|  \__ \   | |     |  _/  / _ \  \__ \ \__ \ | _|  | |) |
   |_|   |___| |___/   |_|     |_|   /_/ \_\ |___/ |___/ |___| |___/ 

GET - Get product by ID
----------------------------------------------------------------------
]]></system-out>
  </testcase>
  <testcase name="GET - Get all product" classname="Product" time="0.104">
    <system-out><![CDATA[
Scenario: GET - Get all product                       &amp#27;[90m# src/test/resources/features/5. Product.feature:32&amp#27;[0m
14:49:39.590 [main] DEBUG io.cucumber.core.plugin.SerenityReporter - Running feature from file:///E:/APIMinpro/API/minpro/src/test/resources/features/5.%20Product.feature
14:49:39.591 [main] INFO  - 
  _____   ___   ___   _____     ___   _____     _     ___   _____   ___   ___  
 |_   _| | __| / __| |_   _|   / __| |_   _|   /_\   | _ \ |_   _| | __| |   \ 
   | |   | _|  \__ \   | |     \__ \   | |    / _ \  |   /   | |   | _|  | |) |
   |_|   |___| |___/   |_|     |___/   |_|   /_/ \_\ |_|_\   |_|   |___| |___/ 

GET - Get all product(product;get---get-all-product)
--------------------------------------------------------------------------------
14:49:39.598 [main] DEBUG net.thucydides.core.steps.StepInterceptor - STARTING STEP: ProductSteps.setGetApiEndpointsProduct2 - I set GET api endpoints product2
14:49:39.599 [main] DEBUG net.thucydides.core.steps.StepInterceptor - STEP DONE: I set GET api endpoints product2
  &amp#27;[32mGiven &amp#27;[0m&amp#27;[32mI set GET api endpoints product2&amp#27;[0m              &amp#27;[90m# starter.stepdefinitions.ProductSteps.setGetApiEndpointsProduct2()&amp#27;[0m
14:49:39.601 [main] DEBUG net.thucydides.core.steps.StepInterceptor - STARTING STEP: ProductSteps.sendGetHttpRequestProduct2 - I send GET HTTP request product2
14:49:39.602 [main] DEBUG net.thucydides.core.steps.StepInterceptor - STARTING STEP: Product.sendGetHttpRequestProduct2 - I set GET api endpoints product2
14:49:39.602 [main] DEBUG net.thucydides.core.steps.StepInterceptor - STEP DONE: I set GET api endpoints product2
14:49:39.608 [main] DEBUG org.apache.http.impl.conn.BasicClientConnectionManager - Get connection for route {s}->https://altashop-api.fly.dev:443
14:49:39.609 [main] DEBUG org.apache.http.impl.conn.DefaultClientConnectionOperator - Connecting to altashop-api.fly.dev:443
14:49:39.663 [main] DEBUG org.apache.http.client.protocol.RequestAddCookies - CookieSpec selected: ignoreCookies
14:49:39.663 [main] DEBUG org.apache.http.client.protocol.RequestAuthCache - Auth cache not set in the context
14:49:39.663 [main] DEBUG org.apache.http.client.protocol.RequestTargetAuthentication - Target auth state: UNCHALLENGED
14:49:39.663 [main] DEBUG org.apache.http.client.protocol.RequestProxyAuthentication - Proxy auth state: UNCHALLENGED
14:49:39.663 [main] DEBUG org.apache.http.impl.client.DefaultHttpClient - Attempt 1 to execute request
14:49:39.663 [main] DEBUG org.apache.http.impl.conn.DefaultClientConnection - Sending request: GET /api/products/13680 HTTP/1.1
14:49:39.663 [main] DEBUG org.apache.http.wire -  >> "GET /api/products/13680 HTTP/1.1[\r][\n]"
14:49:39.663 [main] DEBUG org.apache.http.wire -  >> "Accept: */*[\r][\n]"
14:49:39.663 [main] DEBUG org.apache.http.wire -  >> "Host: altashop-api.fly.dev[\r][\n]"
14:49:39.663 [main] DEBUG org.apache.http.wire -  >> "Connection: Keep-Alive[\r][\n]"
14:49:39.663 [main] DEBUG org.apache.http.wire -  >> "User-Agent: Apache-HttpClient/4.5.13 (Java/11.0.15.1)[\r][\n]"
14:49:39.663 [main] DEBUG org.apache.http.wire -  >> "Accept-Encoding: gzip,deflate[\r][\n]"
14:49:39.663 [main] DEBUG org.apache.http.wire -  >> "[\r][\n]"
14:49:39.663 [main] DEBUG org.apache.http.headers - >> GET /api/products/13680 HTTP/1.1
14:49:39.663 [main] DEBUG org.apache.http.headers - >> Accept: */*
14:49:39.663 [main] DEBUG org.apache.http.headers - >> Host: altashop-api.fly.dev
14:49:39.663 [main] DEBUG org.apache.http.headers - >> Connection: Keep-Alive
14:49:39.663 [main] DEBUG org.apache.http.headers - >> User-Agent: Apache-HttpClient/4.5.13 (Java/11.0.15.1)
14:49:39.663 [main] DEBUG org.apache.http.headers - >> Accept-Encoding: gzip,deflate
14:49:39.684 [main] DEBUG org.apache.http.wire -  << "HTTP/1.1 200 OK[\r][\n]"
14:49:39.684 [main] DEBUG org.apache.http.wire -  << "content-type: application/json[\r][\n]"
14:49:39.684 [main] DEBUG org.apache.http.wire -  << "date: Mon, 08 May 2023 07:49:38 GMT[\r][\n]"
14:49:39.684 [main] DEBUG org.apache.http.wire -  << "content-encoding: gzip[\r][\n]"
14:49:39.684 [main] DEBUG org.apache.http.wire -  << "transfer-encoding: chunked[\r][\n]"
14:49:39.684 [main] DEBUG org.apache.http.wire -  << "server: Fly/3f2597ca (2023-05-03)[\r][\n]"
14:49:39.684 [main] DEBUG org.apache.http.wire -  << "via: 1.1 fly.io[\r][\n]"
14:49:39.684 [main] DEBUG org.apache.http.wire -  << "fly-request-id: 01GZX5CSETJSTEK05F1G5P60KS-sin[\r][\n]"
14:49:39.684 [main] DEBUG org.apache.http.wire -  << "[\r][\n]"
14:49:39.684 [main] DEBUG org.apache.http.impl.conn.DefaultClientConnection - Receiving response: HTTP/1.1 200 OK
14:49:39.684 [main] DEBUG org.apache.http.headers - << HTTP/1.1 200 OK
14:49:39.684 [main] DEBUG org.apache.http.headers - << content-type: application/json
14:49:39.684 [main] DEBUG org.apache.http.headers - << date: Mon, 08 May 2023 07:49:38 GMT
14:49:39.684 [main] DEBUG org.apache.http.headers - << content-encoding: gzip
14:49:39.684 [main] DEBUG org.apache.http.headers - << transfer-encoding: chunked
14:49:39.684 [main] DEBUG org.apache.http.headers - << server: Fly/3f2597ca (2023-05-03)
14:49:39.684 [main] DEBUG org.apache.http.headers - << via: 1.1 fly.io
14:49:39.684 [main] DEBUG org.apache.http.headers - << fly-request-id: 01GZX5CSETJSTEK05F1G5P60KS-sin
14:49:39.684 [main] DEBUG org.apache.http.impl.client.DefaultHttpClient - Connection can be kept alive indefinitely
14:49:39.684 [main] DEBUG io.restassured.internal.RestAssuredHttpBuilder - Parsing response as: application/json
14:49:39.684 [main] DEBUG org.apache.http.wire -  << "94[\r][\n]"
14:49:39.684 [main] DEBUG org.apache.http.wire -  << "[0x1f][0x8b][0x8][0x0][0x0][0x0][0x0][0x0][0x4][0xff][0xab]VJI,IT[0xb2][0xaa]V[0xf2]tQ[0xb2]246[0xb3]0[0xd0]Q[0xf2]K[0xcc]MU[0xb2]R[0x8a]p[0xf2][0x8f]0T[0xd2]QrI-N.[0xca],([0xc9][0xcc][0xcf]S[0xb2]RR[0xd2]Q[\n]"
14:49:39.684 [main] DEBUG org.apache.http.wire -  << "([0xca]LNU[0xb2]2[0xb1][0xb4][0xd4]Q[\n]"
14:49:39.684 [main] DEBUG org.apache.http.wire -  << "J,[0xc9][0xcc]K/V[0xb2]2[0xd5]QrN,IM[0xcf]/[0xca]L-V[0xb2][0x8a][0x86][0x9a]hdjb[0x8]7[0xd1]=173/[0x1d][0xc3]H[0xb7][0xfc]"[0x85]t[0xb0][0x94]BAiQA~qj[0xb1]Rmlm-[0x17][0x0][0xec][0x81]1[0x94][0x9e][0x0][0x0][0x0]"
14:49:39.684 [main] DEBUG org.apache.http.wire -  << "[\r][\n]"
14:49:39.684 [main] DEBUG org.apache.http.wire -  << "0[\r][\n]"
14:49:39.684 [main] DEBUG org.apache.http.wire -  << "[\r][\n]"
14:49:39.684 [main] DEBUG io.restassured.internal.RestAssuredHttpBuilder - Parsed data to instance of: class org.apache.http.conn.EofSensorInputStream
14:49:39.685 [main] DEBUG org.apache.http.impl.conn.BasicClientConnectionManager - Releasing connection org.apache.http.impl.conn.ManagedClientConnectionImpl@3b18009f
14:49:39.685 [main] DEBUG org.apache.http.impl.conn.BasicClientConnectionManager - Connection can be kept alive indefinitely
14:49:39.686 [main] DEBUG net.thucydides.core.steps.StepInterceptor - STEP DONE: I send GET HTTP request product2
  &amp#27;[32mWhen &amp#27;[0m&amp#27;[32mI send GET HTTP request product2&amp#27;[0m               &amp#27;[90m# starter.stepdefinitions.ProductSteps.sendGetHttpRequestProduct2()&amp#27;[0m
14:49:39.688 [main] DEBUG net.thucydides.core.steps.StepInterceptor - STARTING STEP: ProductSteps.receiveValidHttp200Product - I receive valid HTTP response code 200 product
14:49:39.688 [main] DEBUG net.thucydides.core.steps.StepInterceptor - STEP DONE: I receive valid HTTP response code 200 product
  &amp#27;[32mThen &amp#27;[0m&amp#27;[32mI receive valid HTTP response code 200 product&amp#27;[0m &amp#27;[90m# starter.stepdefinitions.ProductSteps.receiveValidHttp200Product()&amp#27;[0m
14:49:39.690 [main] INFO  - 
  _____   ___   ___   _____     ___     _     ___   ___   ___   ___  
 |_   _| | __| / __| |_   _|   | _ \   /_\   / __| / __| | __| |   \ 
   | |   | _|  \__ \   | |     |  _/  / _ \  \__ \ \__ \ | _|  | |) |
   |_|   |___| |___/   |_|     |_|   /_/ \_\ |___/ |___/ |___| |___/ 

GET - Get all product
----------------------------------------------------------------------
]]></system-out>
  </testcase>
  <testcase name="GET - Get product by invalid ID" classname="Product" time="0.091">
    <system-out><![CDATA[
Scenario: GET - Get product by invalid ID             &amp#27;[90m# src/test/resources/features/5. Product.feature:37&amp#27;[0m
14:49:39.693 [main] DEBUG io.cucumber.core.plugin.SerenityReporter - Running feature from file:///E:/APIMinpro/API/minpro/src/test/resources/features/5.%20Product.feature
14:49:39.694 [main] INFO  - 
  _____   ___   ___   _____     ___   _____     _     ___   _____   ___   ___  
 |_   _| | __| / __| |_   _|   / __| |_   _|   /_\   | _ \ |_   _| | __| |   \ 
   | |   | _|  \__ \   | |     \__ \   | |    / _ \  |   /   | |   | _|  | |) |
   |_|   |___| |___/   |_|     |___/   |_|   /_/ \_\ |_|_\   |_|   |___| |___/ 

GET - Get product by invalid ID(product;get---get-product-by-invalid-id)
--------------------------------------------------------------------------------
14:49:39.699 [main] DEBUG net.thucydides.core.steps.StepInterceptor - STARTING STEP: ProductSteps.setGetApiEndpointsProduct3 - I set GET api endpoints product3
14:49:39.700 [main] DEBUG net.thucydides.core.steps.StepInterceptor - STEP DONE: I set GET api endpoints product3
  &amp#27;[32mGiven &amp#27;[0m&amp#27;[32mI set GET api endpoints product3&amp#27;[0m              &amp#27;[90m# starter.stepdefinitions.ProductSteps.setGetApiEndpointsProduct3()&amp#27;[0m
14:49:39.701 [main] DEBUG net.thucydides.core.steps.StepInterceptor - STARTING STEP: ProductSteps.sendGetHttpRequestProduct3 - I send GET HTTP request product3
14:49:39.703 [main] DEBUG net.thucydides.core.steps.StepInterceptor - STARTING STEP: Product.sendGetHttpRequestProduct3 - I set GET api endpoints product3
14:49:39.703 [main] DEBUG net.thucydides.core.steps.StepInterceptor - STEP DONE: I set GET api endpoints product3
14:49:39.708 [main] DEBUG org.apache.http.impl.conn.BasicClientConnectionManager - Get connection for route {s}->https://altashop-api.fly.dev:443
14:49:39.708 [main] DEBUG org.apache.http.impl.conn.DefaultClientConnectionOperator - Connecting to altashop-api.fly.dev:443
14:49:39.755 [main] DEBUG org.apache.http.client.protocol.RequestAddCookies - CookieSpec selected: ignoreCookies
14:49:39.756 [main] DEBUG org.apache.http.client.protocol.RequestAuthCache - Auth cache not set in the context
14:49:39.756 [main] DEBUG org.apache.http.client.protocol.RequestTargetAuthentication - Target auth state: UNCHALLENGED
14:49:39.756 [main] DEBUG org.apache.http.client.protocol.RequestProxyAuthentication - Proxy auth state: UNCHALLENGED
14:49:39.756 [main] DEBUG org.apache.http.impl.client.DefaultHttpClient - Attempt 1 to execute request
14:49:39.756 [main] DEBUG org.apache.http.impl.conn.DefaultClientConnection - Sending request: GET /api/products/-13000 HTTP/1.1
14:49:39.756 [main] DEBUG org.apache.http.wire -  >> "GET /api/products/-13000 HTTP/1.1[\r][\n]"
14:49:39.756 [main] DEBUG org.apache.http.wire -  >> "Accept: */*[\r][\n]"
14:49:39.756 [main] DEBUG org.apache.http.wire -  >> "Host: altashop-api.fly.dev[\r][\n]"
14:49:39.756 [main] DEBUG org.apache.http.wire -  >> "Connection: Keep-Alive[\r][\n]"
14:49:39.756 [main] DEBUG org.apache.http.wire -  >> "User-Agent: Apache-HttpClient/4.5.13 (Java/11.0.15.1)[\r][\n]"
14:49:39.756 [main] DEBUG org.apache.http.wire -  >> "Accept-Encoding: gzip,deflate[\r][\n]"
14:49:39.756 [main] DEBUG org.apache.http.wire -  >> "[\r][\n]"
14:49:39.756 [main] DEBUG org.apache.http.headers - >> GET /api/products/-13000 HTTP/1.1
14:49:39.756 [main] DEBUG org.apache.http.headers - >> Accept: */*
14:49:39.756 [main] DEBUG org.apache.http.headers - >> Host: altashop-api.fly.dev
14:49:39.756 [main] DEBUG org.apache.http.headers - >> Connection: Keep-Alive
14:49:39.756 [main] DEBUG org.apache.http.headers - >> User-Agent: Apache-HttpClient/4.5.13 (Java/11.0.15.1)
14:49:39.756 [main] DEBUG org.apache.http.headers - >> Accept-Encoding: gzip,deflate
14:49:39.776 [main] DEBUG org.apache.http.wire -  << "HTTP/1.1 500 Internal Server Error[\r][\n]"
14:49:39.776 [main] DEBUG org.apache.http.wire -  << "content-type: application/json[\r][\n]"
14:49:39.776 [main] DEBUG org.apache.http.wire -  << "date: Mon, 08 May 2023 07:49:39 GMT[\r][\n]"
14:49:39.776 [main] DEBUG org.apache.http.wire -  << "content-encoding: gzip[\r][\n]"
14:49:39.776 [main] DEBUG org.apache.http.wire -  << "transfer-encoding: chunked[\r][\n]"
14:49:39.776 [main] DEBUG org.apache.http.wire -  << "server: Fly/3f2597ca (2023-05-03)[\r][\n]"
14:49:39.776 [main] DEBUG org.apache.http.wire -  << "via: 1.1 fly.io[\r][\n]"
14:49:39.776 [main] DEBUG org.apache.http.wire -  << "fly-request-id: 01GZX5CSHQA09EEWG4YGZ0NFSN-sin[\r][\n]"
14:49:39.776 [main] DEBUG org.apache.http.wire -  << "[\r][\n]"
14:49:39.776 [main] DEBUG org.apache.http.impl.conn.DefaultClientConnection - Receiving response: HTTP/1.1 500 Internal Server Error
14:49:39.776 [main] DEBUG org.apache.http.headers - << HTTP/1.1 500 Internal Server Error
14:49:39.776 [main] DEBUG org.apache.http.headers - << content-type: application/json
14:49:39.776 [main] DEBUG org.apache.http.headers - << date: Mon, 08 May 2023 07:49:39 GMT
14:49:39.776 [main] DEBUG org.apache.http.headers - << content-encoding: gzip
14:49:39.776 [main] DEBUG org.apache.http.headers - << transfer-encoding: chunked
14:49:39.776 [main] DEBUG org.apache.http.headers - << server: Fly/3f2597ca (2023-05-03)
14:49:39.776 [main] DEBUG org.apache.http.headers - << via: 1.1 fly.io
14:49:39.776 [main] DEBUG org.apache.http.headers - << fly-request-id: 01GZX5CSHQA09EEWG4YGZ0NFSN-sin
14:49:39.776 [main] DEBUG org.apache.http.impl.client.DefaultHttpClient - Connection can be kept alive indefinitely
14:49:39.776 [main] DEBUG io.restassured.internal.RestAssuredHttpBuilder - Parsing response as: application/json
14:49:39.776 [main] DEBUG org.apache.http.wire -  << "5C[\r][\n]"
14:49:39.776 [main] DEBUG org.apache.http.wire -  << "[0x1f][0x8b][0x8][0x0][0x0][0x0][0x0][0x0][0x4][0xff][0xab]VJ-*[0xca]/R[0xb2]R2[0xb4]01137110767[0xb0]45[0xb6]034S[0xc8],VH/JM,I-R([0xc9]H[0xcc]S[0xc8]M[0xac][0xc8][0xcc]-[0xcd]U(K[0xcc])MUH[0xcb]/R[0xf0][0xcc]+1Q[0xaa][0xe5][0x2][0x0][0xf0][0xc5][0xea][0x99]H[0x0][0x0][0x0]"
14:49:39.776 [main] DEBUG org.apache.http.wire -  << "[\r][\n]"
14:49:39.777 [main] DEBUG org.apache.http.wire -  << "0[\r][\n]"
14:49:39.777 [main] DEBUG org.apache.http.wire -  << "[\r][\n]"
14:49:39.777 [main] DEBUG io.restassured.internal.RestAssuredHttpBuilder - Parsed data to instance of: class org.apache.http.conn.EofSensorInputStream
14:49:39.777 [main] DEBUG org.apache.http.impl.conn.BasicClientConnectionManager - Releasing connection org.apache.http.impl.conn.ManagedClientConnectionImpl@112a50a1
14:49:39.777 [main] DEBUG org.apache.http.impl.conn.BasicClientConnectionManager - Connection can be kept alive indefinitely
14:49:39.778 [main] DEBUG net.thucydides.core.steps.StepInterceptor - STEP DONE: I send GET HTTP request product3
  &amp#27;[32mWhen &amp#27;[0m&amp#27;[32mI send GET HTTP request product3&amp#27;[0m               &amp#27;[90m# starter.stepdefinitions.ProductSteps.sendGetHttpRequestProduct3()&amp#27;[0m
14:49:39.780 [main] DEBUG net.thucydides.core.steps.StepInterceptor - STARTING STEP: ProductSteps.receiveValidHttp500Product - I receive valid HTTP response code 500 product
14:49:39.780 [main] DEBUG net.thucydides.core.steps.StepInterceptor - STEP DONE: I receive valid HTTP response code 500 product
  &amp#27;[32mThen &amp#27;[0m&amp#27;[32mI receive valid HTTP response code 500 product&amp#27;[0m &amp#27;[90m# starter.stepdefinitions.ProductSteps.receiveValidHttp500Product()&amp#27;[0m
14:49:39.782 [main] INFO  - 
  _____   ___   ___   _____     ___     _     ___   ___   ___   ___  
 |_   _| | __| / __| |_   _|   | _ \   /_\   / __| / __| | __| |   \ 
   | |   | _|  \__ \   | |     |  _/  / _ \  \__ \ \__ \ | _|  | |) |
   |_|   |___| |___/   |_|     |_|   /_/ \_\ |___/ |___/ |___| |___/ 

GET - Get product by invalid ID
----------------------------------------------------------------------
]]></system-out>
  </testcase>
  <testcase name="POST - Add new orders" classname="Order" time="0.088">
    <system-out><![CDATA[14:49:39.783 [main] DEBUG io.cucumber.core.plugin.SerenityReporter - Running feature from file:///E:/APIMinpro/API/minpro/src/test/resources/features/6.%20Order.feature
14:49:39.784 [main] DEBUG net.thucydides.core.steps.StepEventBus - Test suite started for story net.thucydides.core.model.Story@421cad1d
14:49:39.784 [main] INFO  - Test Suite Started: Order

Scenario: POST - Add new orders                     &amp#27;[90m# src/test/resources/features/6. Order.feature:7&amp#27;[0m
14:49:39.787 [main] DEBUG io.cucumber.core.plugin.SerenityReporter - Running feature from file:///E:/APIMinpro/API/minpro/src/test/resources/features/6.%20Order.feature
14:49:39.789 [main] INFO  - 
  _____   ___   ___   _____     ___   _____     _     ___   _____   ___   ___  
 |_   _| | __| / __| |_   _|   / __| |_   _|   /_\   | _ \ |_   _| | __| |   \ 
   | |   | _|  \__ \   | |     \__ \   | |    / _ \  |   /   | |   | _|  | |) |
   |_|   |___| |___/   |_|     |___/   |_|   /_/ \_\ |_|_\   |_|   |___| |___/ 

POST - Add new orders(order;post---add-new-orders)
--------------------------------------------------------------------------------
  &amp#27;[32mGiven &amp#27;[0m&amp#27;[32mI set POST api endpoints order&amp#27;[0m              &amp#27;[90m# starter.stepdefinitions.OrderSteps.setPostApiEndpointOrder()&amp#27;[0m
14:49:39.798 [main] DEBUG org.apache.http.impl.conn.BasicClientConnectionManager - Get connection for route {s}->https://altashop-api.fly.dev:443
14:49:39.798 [main] DEBUG org.apache.http.impl.conn.DefaultClientConnectionOperator - Connecting to altashop-api.fly.dev:443
14:49:39.843 [main] DEBUG org.apache.http.client.protocol.RequestAddCookies - CookieSpec selected: ignoreCookies
14:49:39.843 [main] DEBUG org.apache.http.client.protocol.RequestAuthCache - Auth cache not set in the context
14:49:39.844 [main] DEBUG org.apache.http.client.protocol.RequestProxyAuthentication - Proxy auth state: UNCHALLENGED
14:49:39.844 [main] DEBUG org.apache.http.impl.client.DefaultHttpClient - Attempt 1 to execute request
14:49:39.844 [main] DEBUG org.apache.http.impl.conn.DefaultClientConnection - Sending request: GET /api/orders HTTP/1.1
14:49:39.844 [main] DEBUG org.apache.http.wire -  >> "GET /api/orders HTTP/1.1[\r][\n]"
14:49:39.844 [main] DEBUG org.apache.http.wire -  >> "Authorization: Bearer eyJhbGciOiJIUzI1NiIsInR5cCI6IkpXVCJ9.eyJGdWxsbmFtZSI6IkFkaXR5YSBOdWdyYWhhIiwiRW1haWwiOiJhZGl0QGdtYWlsLmNvbSJ9.VM2lARkmmliu1pWtk1uhb8z5fGaElvH1jIoYM72Te3g[\r][\n]"
14:49:39.844 [main] DEBUG org.apache.http.wire -  >> "Accept: */*[\r][\n]"
14:49:39.844 [main] DEBUG org.apache.http.wire -  >> "Host: altashop-api.fly.dev[\r][\n]"
14:49:39.844 [main] DEBUG org.apache.http.wire -  >> "Connection: Keep-Alive[\r][\n]"
14:49:39.844 [main] DEBUG org.apache.http.wire -  >> "User-Agent: Apache-HttpClient/4.5.13 (Java/11.0.15.1)[\r][\n]"
14:49:39.844 [main] DEBUG org.apache.http.wire -  >> "Accept-Encoding: gzip,deflate[\r][\n]"
14:49:39.844 [main] DEBUG org.apache.http.wire -  >> "[\r][\n]"
14:49:39.844 [main] DEBUG org.apache.http.headers - >> GET /api/orders HTTP/1.1
14:49:39.844 [main] DEBUG org.apache.http.headers - >> Authorization: Bearer eyJhbGciOiJIUzI1NiIsInR5cCI6IkpXVCJ9.eyJGdWxsbmFtZSI6IkFkaXR5YSBOdWdyYWhhIiwiRW1haWwiOiJhZGl0QGdtYWlsLmNvbSJ9.VM2lARkmmliu1pWtk1uhb8z5fGaElvH1jIoYM72Te3g
14:49:39.844 [main] DEBUG org.apache.http.headers - >> Accept: */*
14:49:39.844 [main] DEBUG org.apache.http.headers - >> Host: altashop-api.fly.dev
14:49:39.844 [main] DEBUG org.apache.http.headers - >> Connection: Keep-Alive
14:49:39.844 [main] DEBUG org.apache.http.headers - >> User-Agent: Apache-HttpClient/4.5.13 (Java/11.0.15.1)
14:49:39.844 [main] DEBUG org.apache.http.headers - >> Accept-Encoding: gzip,deflate
14:49:39.868 [main] DEBUG org.apache.http.wire -  << "HTTP/1.1 200 OK[\r][\n]"
14:49:39.868 [main] DEBUG org.apache.http.wire -  << "content-type: application/json[\r][\n]"
14:49:39.868 [main] DEBUG org.apache.http.wire -  << "date: Mon, 08 May 2023 07:49:39 GMT[\r][\n]"
14:49:39.868 [main] DEBUG org.apache.http.wire -  << "content-encoding: gzip[\r][\n]"
14:49:39.868 [main] DEBUG org.apache.http.wire -  << "transfer-encoding: chunked[\r][\n]"
14:49:39.868 [main] DEBUG org.apache.http.wire -  << "server: Fly/3f2597ca (2023-05-03)[\r][\n]"
14:49:39.868 [main] DEBUG org.apache.http.wire -  << "via: 1.1 fly.io[\r][\n]"
14:49:39.868 [main] DEBUG org.apache.http.wire -  << "fly-request-id: 01GZX5CSMF3FKXN5DNMYV8RC8Y-sin[\r][\n]"
14:49:39.868 [main] DEBUG org.apache.http.wire -  << "[\r][\n]"
14:49:39.868 [main] DEBUG org.apache.http.impl.conn.DefaultClientConnection - Receiving response: HTTP/1.1 200 OK
14:49:39.868 [main] DEBUG org.apache.http.headers - << HTTP/1.1 200 OK
14:49:39.868 [main] DEBUG org.apache.http.headers - << content-type: application/json
14:49:39.868 [main] DEBUG org.apache.http.headers - << date: Mon, 08 May 2023 07:49:39 GMT
14:49:39.868 [main] DEBUG org.apache.http.headers - << content-encoding: gzip
14:49:39.868 [main] DEBUG org.apache.http.headers - << transfer-encoding: chunked
14:49:39.868 [main] DEBUG org.apache.http.headers - << server: Fly/3f2597ca (2023-05-03)
14:49:39.868 [main] DEBUG org.apache.http.headers - << via: 1.1 fly.io
14:49:39.868 [main] DEBUG org.apache.http.headers - << fly-request-id: 01GZX5CSMF3FKXN5DNMYV8RC8Y-sin
14:49:39.868 [main] DEBUG org.apache.http.impl.client.DefaultHttpClient - Connection can be kept alive indefinitely
14:49:39.868 [main] DEBUG io.restassured.internal.RestAssuredHttpBuilder - Parsing response as: application/json
14:49:39.868 [main] DEBUG org.apache.http.wire -  << "20[\r][\n]"
14:49:39.868 [main] DEBUG org.apache.http.wire -  << "[0x1f][0x8b][0x8][0x0][0x0][0x0][0x0][0x0][0x4][0xff][0xab]VJI,IT[0xb2][0x8a][0x8e][0xad][0xe5][0x2][0x0][0xaa][0xe3][0xeb][0xc5][0xc][0x0][0x0][0x0]"
14:49:39.868 [main] DEBUG org.apache.http.wire -  << "[\r][\n]"
14:49:39.868 [main] DEBUG org.apache.http.wire -  << "0[\r][\n]"
14:49:39.868 [main] DEBUG org.apache.http.wire -  << "[\r][\n]"
14:49:39.868 [main] DEBUG io.restassured.internal.RestAssuredHttpBuilder - Parsed data to instance of: class org.apache.http.conn.EofSensorInputStream
14:49:39.869 [main] DEBUG org.apache.http.impl.conn.BasicClientConnectionManager - Releasing connection org.apache.http.impl.conn.ManagedClientConnectionImpl@48b01607
14:49:39.869 [main] DEBUG org.apache.http.impl.conn.BasicClientConnectionManager - Connection can be kept alive indefinitely
  &amp#27;[32mWhen &amp#27;[0m&amp#27;[32mI send POST HTTP request order&amp#27;[0m               &amp#27;[90m# starter.stepdefinitions.OrderSteps.sentPostHttpRequestOrder()&amp#27;[0m
  &amp#27;[32mThen &amp#27;[0m&amp#27;[32mI receive valid HTTP response code 200 order&amp#27;[0m &amp#27;[90m# starter.stepdefinitions.OrderSteps.receiveValidHttp200Order()&amp#27;[0m
14:49:39.872 [main] INFO  - 
  _____   ___   ___   _____     ___     _     ___   ___   ___   ___  
 |_   _| | __| / __| |_   _|   | _ \   /_\   / __| / __| | __| |   \ 
   | |   | _|  \__ \   | |     |  _/  / _ \  \__ \ \__ \ | _|  | |) |
   |_|   |___| |___/   |_|     |_|   /_/ \_\ |___/ |___/ |___| |___/ 

POST - Add new orders
----------------------------------------------------------------------
]]></system-out>
  </testcase>
  <testcase name="GET - Get all order" classname="Order" time="0.088">
    <system-out><![CDATA[
Scenario: GET - Get all order                       &amp#27;[90m# src/test/resources/features/6. Order.feature:12&amp#27;[0m
14:49:39.876 [main] DEBUG io.cucumber.core.plugin.SerenityReporter - Running feature from file:///E:/APIMinpro/API/minpro/src/test/resources/features/6.%20Order.feature
14:49:39.877 [main] INFO  - 
  _____   ___   ___   _____     ___   _____     _     ___   _____   ___   ___  
 |_   _| | __| / __| |_   _|   / __| |_   _|   /_\   | _ \ |_   _| | __| |   \ 
   | |   | _|  \__ \   | |     \__ \   | |    / _ \  |   /   | |   | _|  | |) |
   |_|   |___| |___/   |_|     |___/   |_|   /_/ \_\ |_|_\   |_|   |___| |___/ 

GET - Get all order(order;get---get-all-order)
--------------------------------------------------------------------------------
  &amp#27;[32mGiven &amp#27;[0m&amp#27;[32mI set GET api endpoints order&amp#27;[0m               &amp#27;[90m# starter.stepdefinitions.OrderSteps.setGetApiEndpointOrder()&amp#27;[0m
14:49:39.887 [main] DEBUG org.apache.http.impl.conn.BasicClientConnectionManager - Get connection for route {s}->https://altashop-api.fly.dev:443
14:49:39.887 [main] DEBUG org.apache.http.impl.conn.DefaultClientConnectionOperator - Connecting to altashop-api.fly.dev:443
14:49:39.932 [main] DEBUG org.apache.http.client.protocol.RequestAddCookies - CookieSpec selected: ignoreCookies
14:49:39.932 [main] DEBUG org.apache.http.client.protocol.RequestAuthCache - Auth cache not set in the context
14:49:39.932 [main] DEBUG org.apache.http.client.protocol.RequestProxyAuthentication - Proxy auth state: UNCHALLENGED
14:49:39.932 [main] DEBUG org.apache.http.impl.client.DefaultHttpClient - Attempt 1 to execute request
14:49:39.932 [main] DEBUG org.apache.http.impl.conn.DefaultClientConnection - Sending request: GET /api/orders HTTP/1.1
14:49:39.932 [main] DEBUG org.apache.http.wire -  >> "GET /api/orders HTTP/1.1[\r][\n]"
14:49:39.932 [main] DEBUG org.apache.http.wire -  >> "Authorization: Bearer eyJhbGciOiJIUzI1NiIsInR5cCI6IkpXVCJ9.eyJGdWxsbmFtZSI6IkFkaXR5YSBOdWdyYWhhIiwiRW1haWwiOiJhZGl0QGdtYWlsLmNvbSJ9.VM2lARkmmliu1pWtk1uhb8z5fGaElvH1jIoYM72Te3g[\r][\n]"
14:49:39.932 [main] DEBUG org.apache.http.wire -  >> "Accept: */*[\r][\n]"
14:49:39.932 [main] DEBUG org.apache.http.wire -  >> "Host: altashop-api.fly.dev[\r][\n]"
14:49:39.932 [main] DEBUG org.apache.http.wire -  >> "Connection: Keep-Alive[\r][\n]"
14:49:39.932 [main] DEBUG org.apache.http.wire -  >> "User-Agent: Apache-HttpClient/4.5.13 (Java/11.0.15.1)[\r][\n]"
14:49:39.932 [main] DEBUG org.apache.http.wire -  >> "Accept-Encoding: gzip,deflate[\r][\n]"
14:49:39.932 [main] DEBUG org.apache.http.wire -  >> "[\r][\n]"
14:49:39.932 [main] DEBUG org.apache.http.headers - >> GET /api/orders HTTP/1.1
14:49:39.932 [main] DEBUG org.apache.http.headers - >> Authorization: Bearer eyJhbGciOiJIUzI1NiIsInR5cCI6IkpXVCJ9.eyJGdWxsbmFtZSI6IkFkaXR5YSBOdWdyYWhhIiwiRW1haWwiOiJhZGl0QGdtYWlsLmNvbSJ9.VM2lARkmmliu1pWtk1uhb8z5fGaElvH1jIoYM72Te3g
14:49:39.932 [main] DEBUG org.apache.http.headers - >> Accept: */*
14:49:39.932 [main] DEBUG org.apache.http.headers - >> Host: altashop-api.fly.dev
14:49:39.932 [main] DEBUG org.apache.http.headers - >> Connection: Keep-Alive
14:49:39.932 [main] DEBUG org.apache.http.headers - >> User-Agent: Apache-HttpClient/4.5.13 (Java/11.0.15.1)
14:49:39.932 [main] DEBUG org.apache.http.headers - >> Accept-Encoding: gzip,deflate
14:49:39.957 [main] DEBUG org.apache.http.wire -  << "HTTP/1.1 200 OK[\r][\n]"
14:49:39.957 [main] DEBUG org.apache.http.wire -  << "content-type: application/json[\r][\n]"
14:49:39.957 [main] DEBUG org.apache.http.wire -  << "date: Mon, 08 May 2023 07:49:39 GMT[\r][\n]"
14:49:39.957 [main] DEBUG org.apache.http.wire -  << "content-encoding: gzip[\r][\n]"
14:49:39.957 [main] DEBUG org.apache.http.wire -  << "transfer-encoding: chunked[\r][\n]"
14:49:39.957 [main] DEBUG org.apache.http.wire -  << "server: Fly/3f2597ca (2023-05-03)[\r][\n]"
14:49:39.957 [main] DEBUG org.apache.http.wire -  << "via: 1.1 fly.io[\r][\n]"
14:49:39.957 [main] DEBUG org.apache.http.wire -  << "fly-request-id: 01GZX5CSQ80KFGHS8T8DXYDBTK-sin[\r][\n]"
14:49:39.957 [main] DEBUG org.apache.http.wire -  << "[\r][\n]"
14:49:39.957 [main] DEBUG org.apache.http.impl.conn.DefaultClientConnection - Receiving response: HTTP/1.1 200 OK
14:49:39.957 [main] DEBUG org.apache.http.headers - << HTTP/1.1 200 OK
14:49:39.957 [main] DEBUG org.apache.http.headers - << content-type: application/json
14:49:39.957 [main] DEBUG org.apache.http.headers - << date: Mon, 08 May 2023 07:49:39 GMT
14:49:39.957 [main] DEBUG org.apache.http.headers - << content-encoding: gzip
14:49:39.957 [main] DEBUG org.apache.http.headers - << transfer-encoding: chunked
14:49:39.957 [main] DEBUG org.apache.http.headers - << server: Fly/3f2597ca (2023-05-03)
14:49:39.957 [main] DEBUG org.apache.http.headers - << via: 1.1 fly.io
14:49:39.957 [main] DEBUG org.apache.http.headers - << fly-request-id: 01GZX5CSQ80KFGHS8T8DXYDBTK-sin
14:49:39.957 [main] DEBUG org.apache.http.impl.client.DefaultHttpClient - Connection can be kept alive indefinitely
14:49:39.957 [main] DEBUG io.restassured.internal.RestAssuredHttpBuilder - Parsing response as: application/json
14:49:39.957 [main] DEBUG org.apache.http.wire -  << "20[\r][\n]"
14:49:39.957 [main] DEBUG org.apache.http.wire -  << "[0x1f][0x8b][0x8][0x0][0x0][0x0][0x0][0x0][0x4][0xff][0xab]VJI,IT[0xb2][0x8a][0x8e][0xad][0xe5][0x2][0x0][0xaa][0xe3][0xeb][0xc5][0xc][0x0][0x0][0x0]"
14:49:39.957 [main] DEBUG org.apache.http.wire -  << "[\r][\n]"
14:49:39.957 [main] DEBUG org.apache.http.wire -  << "0[\r][\n]"
14:49:39.957 [main] DEBUG org.apache.http.wire -  << "[\r][\n]"
14:49:39.957 [main] DEBUG io.restassured.internal.RestAssuredHttpBuilder - Parsed data to instance of: class org.apache.http.conn.EofSensorInputStream
14:49:39.958 [main] DEBUG org.apache.http.impl.conn.BasicClientConnectionManager - Releasing connection org.apache.http.impl.conn.ManagedClientConnectionImpl@38f569d
14:49:39.958 [main] DEBUG org.apache.http.impl.conn.BasicClientConnectionManager - Connection can be kept alive indefinitely
  &amp#27;[32mWhen &amp#27;[0m&amp#27;[32mI send GET HTTP request order&amp#27;[0m                &amp#27;[90m# starter.stepdefinitions.OrderSteps.sendGetHttpRequestOrder()&amp#27;[0m
  &amp#27;[32mThen &amp#27;[0m&amp#27;[32mI receive valid HTTP response code 200 order&amp#27;[0m &amp#27;[90m# starter.stepdefinitions.OrderSteps.receiveValidHttp200Order()&amp#27;[0m
14:49:39.961 [main] INFO  - 
  _____   ___   ___   _____     ___     _     ___   ___   ___   ___  
 |_   _| | __| / __| |_   _|   | _ \   /_\   / __| / __| | __| |   \ 
   | |   | _|  \__ \   | |     |  _/  / _ \  \__ \ \__ \ | _|  | |) |
   |_|   |___| |___/   |_|     |_|   /_/ \_\ |___/ |___/ |___| |___/ 

GET - Get all order
----------------------------------------------------------------------
]]></system-out>
  </testcase>
  <testcase name="GET - Get all order without login" classname="Order" time="0.091">
    <system-out><![CDATA[
Scenario: GET - Get all order without login         &amp#27;[90m# src/test/resources/features/6. Order.feature:17&amp#27;[0m
14:49:39.963 [main] DEBUG io.cucumber.core.plugin.SerenityReporter - Running feature from file:///E:/APIMinpro/API/minpro/src/test/resources/features/6.%20Order.feature
14:49:39.964 [main] INFO  - 
  _____   ___   ___   _____     ___   _____     _     ___   _____   ___   ___  
 |_   _| | __| / __| |_   _|   / __| |_   _|   /_\   | _ \ |_   _| | __| |   \ 
   | |   | _|  \__ \   | |     \__ \   | |    / _ \  |   /   | |   | _|  | |) |
   |_|   |___| |___/   |_|     |___/   |_|   /_/ \_\ |_|_\   |_|   |___| |___/ 

GET - Get all order without login(order;get---get-all-order-without-login)
--------------------------------------------------------------------------------
  &amp#27;[32mGiven &amp#27;[0m&amp#27;[32mI set GET api endpoints order&amp#27;[0m               &amp#27;[90m# starter.stepdefinitions.OrderSteps.setGetApiEndpointOrder()&amp#27;[0m
14:49:39.973 [main] DEBUG org.apache.http.impl.conn.BasicClientConnectionManager - Get connection for route {s}->https://altashop-api.fly.dev:443
14:49:39.973 [main] DEBUG org.apache.http.impl.conn.DefaultClientConnectionOperator - Connecting to altashop-api.fly.dev:443
14:49:40.000 [Finalizer] DEBUG org.apache.http.impl.conn.DefaultClientConnection - Connection 0.0.0.0:65397<->149.248.193.56:443 closed
14:49:40.002 [Finalizer] DEBUG org.apache.http.impl.conn.DefaultClientConnection - Connection 0.0.0.0:65390<->149.248.193.56:443 closed
14:49:40.003 [Finalizer] DEBUG org.apache.http.impl.conn.DefaultClientConnection - Connection 0.0.0.0:65389<->149.248.193.56:443 closed
14:49:40.003 [Finalizer] DEBUG org.apache.http.impl.conn.DefaultClientConnection - Connection 0.0.0.0:65394<->149.248.193.56:443 closed
14:49:40.004 [Finalizer] DEBUG org.apache.http.impl.conn.DefaultClientConnection - Connection 0.0.0.0:65393<->149.248.193.56:443 closed
14:49:40.004 [Finalizer] DEBUG org.apache.http.impl.conn.DefaultClientConnection - Connection 0.0.0.0:65392<->149.248.193.56:443 closed
14:49:40.005 [Finalizer] DEBUG org.apache.http.impl.conn.DefaultClientConnection - Connection 0.0.0.0:65391<->149.248.193.56:443 closed
14:49:40.006 [Finalizer] DEBUG org.apache.http.impl.conn.DefaultClientConnection - Connection 0.0.0.0:65396<->149.248.193.56:443 closed
14:49:40.006 [Finalizer] DEBUG org.apache.http.impl.conn.DefaultClientConnection - Connection 0.0.0.0:65395<->149.248.193.56:443 closed
14:49:40.007 [Finalizer] DEBUG org.apache.http.impl.conn.DefaultClientConnection - Connection 0.0.0.0:65405<->149.248.193.56:443 closed
14:49:40.007 [Finalizer] DEBUG org.apache.http.impl.conn.DefaultClientConnection - Connection 0.0.0.0:65400<->149.248.193.56:443 closed
14:49:40.007 [Finalizer] DEBUG org.apache.http.impl.conn.DefaultClientConnection - Connection 0.0.0.0:65398<->149.248.193.56:443 closed
14:49:40.007 [Finalizer] DEBUG org.apache.http.impl.conn.DefaultClientConnection - Connection 0.0.0.0:65399<->149.248.193.56:443 closed
14:49:40.029 [main] DEBUG org.apache.http.client.protocol.RequestAddCookies - CookieSpec selected: ignoreCookies
14:49:40.029 [main] DEBUG org.apache.http.client.protocol.RequestAuthCache - Auth cache not set in the context
14:49:40.029 [main] DEBUG org.apache.http.client.protocol.RequestTargetAuthentication - Target auth state: UNCHALLENGED
14:49:40.029 [main] DEBUG org.apache.http.client.protocol.RequestProxyAuthentication - Proxy auth state: UNCHALLENGED
14:49:40.029 [main] DEBUG org.apache.http.impl.client.DefaultHttpClient - Attempt 1 to execute request
14:49:40.029 [main] DEBUG org.apache.http.impl.conn.DefaultClientConnection - Sending request: GET /api/orders HTTP/1.1
14:49:40.029 [main] DEBUG org.apache.http.wire -  >> "GET /api/orders HTTP/1.1[\r][\n]"
14:49:40.029 [main] DEBUG org.apache.http.wire -  >> "Accept: */*[\r][\n]"
14:49:40.029 [main] DEBUG org.apache.http.wire -  >> "Host: altashop-api.fly.dev[\r][\n]"
14:49:40.029 [main] DEBUG org.apache.http.wire -  >> "Connection: Keep-Alive[\r][\n]"
14:49:40.029 [main] DEBUG org.apache.http.wire -  >> "User-Agent: Apache-HttpClient/4.5.13 (Java/11.0.15.1)[\r][\n]"
14:49:40.029 [main] DEBUG org.apache.http.wire -  >> "Accept-Encoding: gzip,deflate[\r][\n]"
14:49:40.029 [main] DEBUG org.apache.http.wire -  >> "[\r][\n]"
14:49:40.029 [main] DEBUG org.apache.http.headers - >> GET /api/orders HTTP/1.1
14:49:40.029 [main] DEBUG org.apache.http.headers - >> Accept: */*
14:49:40.029 [main] DEBUG org.apache.http.headers - >> Host: altashop-api.fly.dev
14:49:40.029 [main] DEBUG org.apache.http.headers - >> Connection: Keep-Alive
14:49:40.029 [main] DEBUG org.apache.http.headers - >> User-Agent: Apache-HttpClient/4.5.13 (Java/11.0.15.1)
14:49:40.029 [main] DEBUG org.apache.http.headers - >> Accept-Encoding: gzip,deflate
14:49:40.048 [main] DEBUG org.apache.http.wire -  << "HTTP/1.1 401 Unauthorized[\r][\n]"
14:49:40.048 [main] DEBUG org.apache.http.wire -  << "content-type: application/json[\r][\n]"
14:49:40.048 [main] DEBUG org.apache.http.wire -  << "date: Mon, 08 May 2023 07:49:39 GMT[\r][\n]"
14:49:40.048 [main] DEBUG org.apache.http.wire -  << "content-encoding: gzip[\r][\n]"
14:49:40.048 [main] DEBUG org.apache.http.wire -  << "transfer-encoding: chunked[\r][\n]"
14:49:40.048 [main] DEBUG org.apache.http.wire -  << "server: Fly/3f2597ca (2023-05-03)[\r][\n]"
14:49:40.048 [main] DEBUG org.apache.http.wire -  << "via: 1.1 fly.io[\r][\n]"
14:49:40.048 [main] DEBUG org.apache.http.wire -  << "fly-request-id: 01GZX5CST9BCJSZQ5Y2HM6WYBR-sin[\r][\n]"
14:49:40.048 [main] DEBUG org.apache.http.wire -  << "[\r][\n]"
14:49:40.048 [main] DEBUG org.apache.http.impl.conn.DefaultClientConnection - Receiving response: HTTP/1.1 401 Unauthorized
14:49:40.048 [main] DEBUG org.apache.http.headers - << HTTP/1.1 401 Unauthorized
14:49:40.048 [main] DEBUG org.apache.http.headers - << content-type: application/json
14:49:40.048 [main] DEBUG org.apache.http.headers - << date: Mon, 08 May 2023 07:49:39 GMT
14:49:40.048 [main] DEBUG org.apache.http.headers - << content-encoding: gzip
14:49:40.048 [main] DEBUG org.apache.http.headers - << transfer-encoding: chunked
14:49:40.048 [main] DEBUG org.apache.http.headers - << server: Fly/3f2597ca (2023-05-03)
14:49:40.048 [main] DEBUG org.apache.http.headers - << via: 1.1 fly.io
14:49:40.048 [main] DEBUG org.apache.http.headers - << fly-request-id: 01GZX5CST9BCJSZQ5Y2HM6WYBR-sin
14:49:40.048 [main] DEBUG org.apache.http.impl.client.DefaultHttpClient - Connection can be kept alive indefinitely
14:49:40.048 [main] DEBUG org.apache.http.impl.client.DefaultHttpClient - Authentication required
14:49:40.048 [main] DEBUG org.apache.http.impl.client.DefaultHttpClient - altashop-api.fly.dev:443 requested authentication
14:49:40.048 [main] DEBUG org.apache.http.impl.client.DefaultHttpClient - Response contains no authentication challenges
14:49:40.048 [main] DEBUG io.restassured.internal.RestAssuredHttpBuilder - Parsing response as: application/json
14:49:40.048 [main] DEBUG org.apache.http.wire -  << "2D[\r][\n]"
14:49:40.048 [main] DEBUG org.apache.http.wire -  << "[0x1f][0x8b][0x8][0x0][0x0][0x0][0x0][0x0][0x4][0xff][0xab]VJ-*[0xca]/R[0xb2]R*[0xcd]K,-[0xc9][0xc8]/[0xca][0xac]JMQ[0xaa][0xe5][0x2][0x0]@[0x17]da[0x19][0x0][0x0][0x0]"
14:49:40.048 [main] DEBUG org.apache.http.wire -  << "[\r][\n]"
14:49:40.048 [main] DEBUG org.apache.http.wire -  << "0[\r][\n]"
14:49:40.049 [main] DEBUG org.apache.http.wire -  << "[\r][\n]"
14:49:40.049 [main] DEBUG io.restassured.internal.RestAssuredHttpBuilder - Parsed data to instance of: class org.apache.http.conn.EofSensorInputStream
14:49:40.049 [main] DEBUG org.apache.http.impl.conn.BasicClientConnectionManager - Releasing connection org.apache.http.impl.conn.ManagedClientConnectionImpl@61c4fc34
14:49:40.049 [main] DEBUG org.apache.http.impl.conn.BasicClientConnectionManager - Connection can be kept alive indefinitely
  &amp#27;[32mWhen &amp#27;[0m&amp#27;[32mI send GET HTTP request order2&amp#27;[0m               &amp#27;[90m# starter.stepdefinitions.OrderSteps.sendGetHttpRequestOrder2()&amp#27;[0m
  &amp#27;[32mThen &amp#27;[0m&amp#27;[32mI receive valid HTTP response code 401 order&amp#27;[0m &amp#27;[90m# starter.stepdefinitions.OrderSteps.receiveValidHttp401Order()&amp#27;[0m
14:49:40.052 [main] INFO  - 
  _____   ___   ___   _____     ___     _     ___   ___   ___   ___  
 |_   _| | __| / __| |_   _|   | _ \   /_\   / __| / __| | __| |   \ 
   | |   | _|  \__ \   | |     |  _/  / _ \  \__ \ \__ \ | _|  | |) |
   |_|   |___| |___/   |_|     |_|   /_/ \_\ |___/ |___/ |___| |___/ 

GET - Get all order without login
----------------------------------------------------------------------
]]></system-out>
  </testcase>
  <testcase name="POST - Give product rating" classname="Rating" time="0.11">
    <system-out><![CDATA[14:49:40.052 [main] DEBUG io.cucumber.core.plugin.SerenityReporter - Running feature from file:///E:/APIMinpro/API/minpro/src/test/resources/features/7.%20Rating.feature
14:49:40.054 [main] DEBUG net.thucydides.core.steps.StepEventBus - Test suite started for story net.thucydides.core.model.Story@a2cc97b4
14:49:40.054 [main] INFO  - Test Suite Started: Rating

Scenario: POST - Give product rating                 &amp#27;[90m# src/test/resources/features/7. Rating.feature:7&amp#27;[0m
14:49:40.058 [main] DEBUG io.cucumber.core.plugin.SerenityReporter - Running feature from file:///E:/APIMinpro/API/minpro/src/test/resources/features/7.%20Rating.feature
14:49:40.059 [main] INFO  - 
  _____   ___   ___   _____     ___   _____     _     ___   _____   ___   ___  
 |_   _| | __| / __| |_   _|   / __| |_   _|   /_\   | _ \ |_   _| | __| |   \ 
   | |   | _|  \__ \   | |     \__ \   | |    / _ \  |   /   | |   | _|  | |) |
   |_|   |___| |___/   |_|     |___/   |_|   /_/ \_\ |_|_\   |_|   |___| |___/ 

POST - Give product rating(rating;post---give-product-rating)
--------------------------------------------------------------------------------
14:49:40.069 [main] DEBUG net.thucydides.core.steps.StepInterceptor - STARTING STEP: RatingSteps.setPostApiEndpointRating - I set POST api endpoints rating
14:49:40.069 [main] DEBUG net.thucydides.core.steps.StepInterceptor - STEP DONE: I set POST api endpoints rating
  &amp#27;[32mGiven &amp#27;[0m&amp#27;[32mI set POST api endpoints rating&amp#27;[0m              &amp#27;[90m# starter.stepdefinitions.RatingSteps.setPostApiEndpointRating()&amp#27;[0m
14:49:40.071 [main] DEBUG net.thucydides.core.steps.StepInterceptor - STARTING STEP: RatingSteps.sentPostHttpRequestRating - I send POST HTTP request rating
14:49:40.072 [main] DEBUG net.thucydides.core.steps.StepInterceptor - STARTING STEP: Rating.sendPostHTTPRequestRating - I set POST api endpoints rating
14:49:40.072 [main] DEBUG net.thucydides.core.steps.StepInterceptor - STEP DONE: I set POST api endpoints rating
14:49:40.084 [main] DEBUG org.apache.http.impl.conn.BasicClientConnectionManager - Get connection for route {s}->https://altashop-api.fly.dev:443
14:49:40.084 [main] DEBUG org.apache.http.impl.conn.DefaultClientConnectionOperator - Connecting to altashop-api.fly.dev:443
14:49:40.132 [main] DEBUG org.apache.http.client.protocol.RequestAddCookies - CookieSpec selected: ignoreCookies
14:49:40.132 [main] DEBUG org.apache.http.client.protocol.RequestAuthCache - Auth cache not set in the context
14:49:40.132 [main] DEBUG org.apache.http.client.protocol.RequestProxyAuthentication - Proxy auth state: UNCHALLENGED
14:49:40.132 [main] DEBUG org.apache.http.impl.client.DefaultHttpClient - Attempt 1 to execute request
14:49:40.132 [main] DEBUG org.apache.http.impl.conn.DefaultClientConnection - Sending request: POST /api/products/13680/ratings HTTP/1.1
14:49:40.132 [main] DEBUG org.apache.http.wire -  >> "POST /api/products/13680/ratings HTTP/1.1[\r][\n]"
14:49:40.132 [main] DEBUG org.apache.http.wire -  >> "Authorization: Bearer eyJhbGciOiJIUzI1NiIsInR5cCI6IkpXVCJ9.eyJGdWxsbmFtZSI6IkFkaXR5YSBOdWdyYWhhIiwiRW1haWwiOiJhZGl0QGdtYWlsLmNvbSJ9.VM2lARkmmliu1pWtk1uhb8z5fGaElvH1jIoYM72Te3g[\r][\n]"
14:49:40.132 [main] DEBUG org.apache.http.wire -  >> "Accept: */*[\r][\n]"
14:49:40.132 [main] DEBUG org.apache.http.wire -  >> "Content-Type: text/plain; charset=ISO-8859-1[\r][\n]"
14:49:40.132 [main] DEBUG org.apache.http.wire -  >> "Content-Length: 11[\r][\n]"
14:49:40.132 [main] DEBUG org.apache.http.wire -  >> "Host: altashop-api.fly.dev[\r][\n]"
14:49:40.132 [main] DEBUG org.apache.http.wire -  >> "Connection: Keep-Alive[\r][\n]"
14:49:40.132 [main] DEBUG org.apache.http.wire -  >> "User-Agent: Apache-HttpClient/4.5.13 (Java/11.0.15.1)[\r][\n]"
14:49:40.132 [main] DEBUG org.apache.http.wire -  >> "Accept-Encoding: gzip,deflate[\r][\n]"
14:49:40.132 [main] DEBUG org.apache.http.wire -  >> "[\r][\n]"
14:49:40.132 [main] DEBUG org.apache.http.headers - >> POST /api/products/13680/ratings HTTP/1.1
14:49:40.132 [main] DEBUG org.apache.http.headers - >> Authorization: Bearer eyJhbGciOiJIUzI1NiIsInR5cCI6IkpXVCJ9.eyJGdWxsbmFtZSI6IkFkaXR5YSBOdWdyYWhhIiwiRW1haWwiOiJhZGl0QGdtYWlsLmNvbSJ9.VM2lARkmmliu1pWtk1uhb8z5fGaElvH1jIoYM72Te3g
14:49:40.132 [main] DEBUG org.apache.http.headers - >> Accept: */*
14:49:40.132 [main] DEBUG org.apache.http.headers - >> Content-Type: text/plain; charset=ISO-8859-1
14:49:40.132 [main] DEBUG org.apache.http.headers - >> Content-Length: 11
14:49:40.132 [main] DEBUG org.apache.http.headers - >> Host: altashop-api.fly.dev
14:49:40.132 [main] DEBUG org.apache.http.headers - >> Connection: Keep-Alive
14:49:40.132 [main] DEBUG org.apache.http.headers - >> User-Agent: Apache-HttpClient/4.5.13 (Java/11.0.15.1)
14:49:40.132 [main] DEBUG org.apache.http.headers - >> Accept-Encoding: gzip,deflate
14:49:40.132 [main] DEBUG org.apache.http.wire -  >> "{"count":5}"
14:49:40.159 [main] DEBUG org.apache.http.wire -  << "HTTP/1.1 200 OK[\r][\n]"
14:49:40.159 [main] DEBUG org.apache.http.wire -  << "content-type: application/json[\r][\n]"
14:49:40.159 [main] DEBUG org.apache.http.wire -  << "date: Mon, 08 May 2023 07:49:39 GMT[\r][\n]"
14:49:40.159 [main] DEBUG org.apache.http.wire -  << "content-encoding: gzip[\r][\n]"
14:49:40.159 [main] DEBUG org.apache.http.wire -  << "transfer-encoding: chunked[\r][\n]"
14:49:40.159 [main] DEBUG org.apache.http.wire -  << "server: Fly/3f2597ca (2023-05-03)[\r][\n]"
14:49:40.159 [main] DEBUG org.apache.http.wire -  << "via: 1.1 fly.io[\r][\n]"
14:49:40.159 [main] DEBUG org.apache.http.wire -  << "fly-request-id: 01GZX5CSXGTAKY6AEDHFKZ049K-sin[\r][\n]"
14:49:40.159 [main] DEBUG org.apache.http.wire -  << "[\r][\n]"
14:49:40.159 [main] DEBUG org.apache.http.impl.conn.DefaultClientConnection - Receiving response: HTTP/1.1 200 OK
14:49:40.159 [main] DEBUG org.apache.http.headers - << HTTP/1.1 200 OK
14:49:40.159 [main] DEBUG org.apache.http.headers - << content-type: application/json
14:49:40.159 [main] DEBUG org.apache.http.headers - << date: Mon, 08 May 2023 07:49:39 GMT
14:49:40.159 [main] DEBUG org.apache.http.headers - << content-encoding: gzip
14:49:40.159 [main] DEBUG org.apache.http.headers - << transfer-encoding: chunked
14:49:40.159 [main] DEBUG org.apache.http.headers - << server: Fly/3f2597ca (2023-05-03)
14:49:40.159 [main] DEBUG org.apache.http.headers - << via: 1.1 fly.io
14:49:40.159 [main] DEBUG org.apache.http.headers - << fly-request-id: 01GZX5CSXGTAKY6AEDHFKZ049K-sin
14:49:40.159 [main] DEBUG org.apache.http.impl.client.DefaultHttpClient - Connection can be kept alive indefinitely
14:49:40.159 [main] DEBUG io.restassured.internal.RestAssuredHttpBuilder - Parsing response as: application/json
14:49:40.159 [main] DEBUG org.apache.http.wire -  << "94[\r][\n]"
14:49:40.159 [main] DEBUG org.apache.http.wire -  << "[0x1f][0x8b][0x8][0x0][0x0][0x0][0x0][0x0][0x4][0xff][0xab]VJI,IT[0xb2][0xaa]V[0xf2]tQ[0xb2]246[0xb3]0[0xd0]Q[0xf2]K[0xcc]MU[0xb2]R[0x8a]p[0xf2][0x8f]0T[0xd2]QrI-N.[0xca],([0xc9][0xcc][0xcf]S[0xb2]RR[0xd2]Q[\n]"
14:49:40.159 [main] DEBUG org.apache.http.wire -  << "([0xca]LNU[0xb2]2[0xb1][0xb4][0xd4]Q[\n]"
14:49:40.159 [main] DEBUG org.apache.http.wire -  << "J,[0xc9][0xcc]K/V[0xb2]2[0xd5]QrN,IM[0xcf]/[0xca]L-V[0xb2][0x8a][0x86][0x9a]hdjb[0x8]7[0xd1]=173/[0x1d][0xc3]H[0xb7][0xfc]"[0x85]t[0xb0][0x94]BAiQA~qj[0xb1]Rmlm-[0x17][0x0][0xec][0x81]1[0x94][0x9e][0x0][0x0][0x0]"
14:49:40.159 [main] DEBUG org.apache.http.wire -  << "[\r][\n]"
14:49:40.159 [main] DEBUG org.apache.http.wire -  << "0[\r][\n]"
14:49:40.159 [main] DEBUG org.apache.http.wire -  << "[\r][\n]"
14:49:40.159 [main] DEBUG io.restassured.internal.RestAssuredHttpBuilder - Parsed data to instance of: class org.apache.http.conn.EofSensorInputStream
14:49:40.160 [main] DEBUG org.apache.http.impl.conn.BasicClientConnectionManager - Releasing connection org.apache.http.impl.conn.ManagedClientConnectionImpl@2eb73a42
14:49:40.160 [main] DEBUG org.apache.http.impl.conn.BasicClientConnectionManager - Connection can be kept alive indefinitely
14:49:40.161 [main] DEBUG net.thucydides.core.steps.StepInterceptor - STEP DONE: I send POST HTTP request rating
  &amp#27;[32mWhen &amp#27;[0m&amp#27;[32mI send POST HTTP request rating&amp#27;[0m               &amp#27;[90m# starter.stepdefinitions.RatingSteps.sentPostHttpRequestRating()&amp#27;[0m
14:49:40.163 [main] DEBUG net.thucydides.core.steps.StepInterceptor - STARTING STEP: RatingSteps.receiveValidHttp200Rating - I receive valid HTTP response code 200 rating
14:49:40.163 [main] DEBUG net.thucydides.core.steps.StepInterceptor - STEP DONE: I receive valid HTTP response code 200 rating
  &amp#27;[32mThen &amp#27;[0m&amp#27;[32mI receive valid HTTP response code 200 rating&amp#27;[0m &amp#27;[90m# starter.stepdefinitions.RatingSteps.receiveValidHttp200Rating()&amp#27;[0m
14:49:40.164 [main] INFO  - 
  _____   ___   ___   _____     ___     _     ___   ___   ___   ___  
 |_   _| | __| / __| |_   _|   | _ \   /_\   / __| / __| | __| |   \ 
   | |   | _|  \__ \   | |     |  _/  / _ \  \__ \ \__ \ | _|  | |) |
   |_|   |___| |___/   |_|     |_|   /_/ \_\ |___/ |___/ |___| |___/ 

POST - Give product rating
----------------------------------------------------------------------
]]></system-out>
  </testcase>
  <testcase name="POST - Give product rating out of bond" classname="Rating" time="0.105">
    <system-out><![CDATA[
Scenario: POST - Give product rating out of bond     &amp#27;[90m# src/test/resources/features/7. Rating.feature:12&amp#27;[0m
14:49:40.168 [main] DEBUG io.cucumber.core.plugin.SerenityReporter - Running feature from file:///E:/APIMinpro/API/minpro/src/test/resources/features/7.%20Rating.feature
14:49:40.169 [main] INFO  - 
  _____   ___   ___   _____     ___   _____     _     ___   _____   ___   ___  
 |_   _| | __| / __| |_   _|   / __| |_   _|   /_\   | _ \ |_   _| | __| |   \ 
   | |   | _|  \__ \   | |     \__ \   | |    / _ \  |   /   | |   | _|  | |) |
   |_|   |___| |___/   |_|     |___/   |_|   /_/ \_\ |_|_\   |_|   |___| |___/ 

POST - Give product rating out of bond(rating;post---give-product-rating-out-of-bond)
--------------------------------------------------------------------------------
14:49:40.174 [main] DEBUG net.thucydides.core.steps.StepInterceptor - STARTING STEP: RatingSteps.setPostApiEndpointRating2 - I set POST api endpoints rating2
14:49:40.174 [main] DEBUG net.thucydides.core.steps.StepInterceptor - STEP DONE: I set POST api endpoints rating2
  &amp#27;[32mGiven &amp#27;[0m&amp#27;[32mI set POST api endpoints rating2&amp#27;[0m             &amp#27;[90m# starter.stepdefinitions.RatingSteps.setPostApiEndpointRating2()&amp#27;[0m
14:49:40.175 [main] DEBUG net.thucydides.core.steps.StepInterceptor - STARTING STEP: RatingSteps.sendPostHttpRequestRating2 - I send POST HTTP request rating
14:49:40.176 [main] DEBUG net.thucydides.core.steps.StepInterceptor - STARTING STEP: Rating.sendPostHttpRequestRating2 - I set POST api endpoints rating2
14:49:40.176 [main] DEBUG net.thucydides.core.steps.StepInterceptor - STEP DONE: I set POST api endpoints rating2
14:49:40.180 [main] DEBUG org.apache.http.impl.conn.BasicClientConnectionManager - Get connection for route {s}->https://altashop-api.fly.dev:443
14:49:40.181 [main] DEBUG org.apache.http.impl.conn.DefaultClientConnectionOperator - Connecting to altashop-api.fly.dev:443
14:49:40.237 [main] DEBUG org.apache.http.client.protocol.RequestAddCookies - CookieSpec selected: ignoreCookies
14:49:40.238 [main] DEBUG org.apache.http.client.protocol.RequestAuthCache - Auth cache not set in the context
14:49:40.238 [main] DEBUG org.apache.http.client.protocol.RequestProxyAuthentication - Proxy auth state: UNCHALLENGED
14:49:40.238 [main] DEBUG org.apache.http.impl.client.DefaultHttpClient - Attempt 1 to execute request
14:49:40.238 [main] DEBUG org.apache.http.impl.conn.DefaultClientConnection - Sending request: POST /api/products/13680/ratings HTTP/1.1
14:49:40.238 [main] DEBUG org.apache.http.wire -  >> "POST /api/products/13680/ratings HTTP/1.1[\r][\n]"
14:49:40.238 [main] DEBUG org.apache.http.wire -  >> "Authorization: Bearer eyJhbGciOiJIUzI1NiIsInR5cCI6IkpXVCJ9.eyJGdWxsbmFtZSI6IkFkaXR5YSBOdWdyYWhhIiwiRW1haWwiOiJhZGl0QGdtYWlsLmNvbSJ9.VM2lARkmmliu1pWtk1uhb8z5fGaElvH1jIoYM72Te3g[\r][\n]"
14:49:40.238 [main] DEBUG org.apache.http.wire -  >> "Accept: */*[\r][\n]"
14:49:40.238 [main] DEBUG org.apache.http.wire -  >> "Content-Type: text/plain; charset=ISO-8859-1[\r][\n]"
14:49:40.238 [main] DEBUG org.apache.http.wire -  >> "Content-Length: 12[\r][\n]"
14:49:40.238 [main] DEBUG org.apache.http.wire -  >> "Host: altashop-api.fly.dev[\r][\n]"
14:49:40.238 [main] DEBUG org.apache.http.wire -  >> "Connection: Keep-Alive[\r][\n]"
14:49:40.238 [main] DEBUG org.apache.http.wire -  >> "User-Agent: Apache-HttpClient/4.5.13 (Java/11.0.15.1)[\r][\n]"
14:49:40.238 [main] DEBUG org.apache.http.wire -  >> "Accept-Encoding: gzip,deflate[\r][\n]"
14:49:40.238 [main] DEBUG org.apache.http.wire -  >> "[\r][\n]"
14:49:40.238 [main] DEBUG org.apache.http.headers - >> POST /api/products/13680/ratings HTTP/1.1
14:49:40.238 [main] DEBUG org.apache.http.headers - >> Authorization: Bearer eyJhbGciOiJIUzI1NiIsInR5cCI6IkpXVCJ9.eyJGdWxsbmFtZSI6IkFkaXR5YSBOdWdyYWhhIiwiRW1haWwiOiJhZGl0QGdtYWlsLmNvbSJ9.VM2lARkmmliu1pWtk1uhb8z5fGaElvH1jIoYM72Te3g
14:49:40.238 [main] DEBUG org.apache.http.headers - >> Accept: */*
14:49:40.238 [main] DEBUG org.apache.http.headers - >> Content-Type: text/plain; charset=ISO-8859-1
14:49:40.238 [main] DEBUG org.apache.http.headers - >> Content-Length: 12
14:49:40.238 [main] DEBUG org.apache.http.headers - >> Host: altashop-api.fly.dev
14:49:40.238 [main] DEBUG org.apache.http.headers - >> Connection: Keep-Alive
14:49:40.238 [main] DEBUG org.apache.http.headers - >> User-Agent: Apache-HttpClient/4.5.13 (Java/11.0.15.1)
14:49:40.238 [main] DEBUG org.apache.http.headers - >> Accept-Encoding: gzip,deflate
14:49:40.238 [main] DEBUG org.apache.http.wire -  >> "{"count":10}"
14:49:40.265 [main] DEBUG org.apache.http.wire -  << "HTTP/1.1 500 Internal Server Error[\r][\n]"
14:49:40.265 [main] DEBUG org.apache.http.wire -  << "content-type: application/json[\r][\n]"
14:49:40.265 [main] DEBUG org.apache.http.wire -  << "date: Mon, 08 May 2023 07:49:39 GMT[\r][\n]"
14:49:40.265 [main] DEBUG org.apache.http.wire -  << "content-encoding: gzip[\r][\n]"
14:49:40.265 [main] DEBUG org.apache.http.wire -  << "transfer-encoding: chunked[\r][\n]"
14:49:40.265 [main] DEBUG org.apache.http.wire -  << "server: Fly/3f2597ca (2023-05-03)[\r][\n]"
14:49:40.265 [main] DEBUG org.apache.http.wire -  << "via: 1.1 fly.io[\r][\n]"
14:49:40.265 [main] DEBUG org.apache.http.wire -  << "fly-request-id: 01GZX5CT0SAAA5PF19S8D82531-sin[\r][\n]"
14:49:40.265 [main] DEBUG org.apache.http.wire -  << "[\r][\n]"
14:49:40.265 [main] DEBUG org.apache.http.impl.conn.DefaultClientConnection - Receiving response: HTTP/1.1 500 Internal Server Error
14:49:40.265 [main] DEBUG org.apache.http.headers - << HTTP/1.1 500 Internal Server Error
14:49:40.265 [main] DEBUG org.apache.http.headers - << content-type: application/json
14:49:40.265 [main] DEBUG org.apache.http.headers - << date: Mon, 08 May 2023 07:49:39 GMT
14:49:40.265 [main] DEBUG org.apache.http.headers - << content-encoding: gzip
14:49:40.265 [main] DEBUG org.apache.http.headers - << transfer-encoding: chunked
14:49:40.265 [main] DEBUG org.apache.http.headers - << server: Fly/3f2597ca (2023-05-03)
14:49:40.265 [main] DEBUG org.apache.http.headers - << via: 1.1 fly.io
14:49:40.265 [main] DEBUG org.apache.http.headers - << fly-request-id: 01GZX5CT0SAAA5PF19S8D82531-sin
14:49:40.265 [main] DEBUG org.apache.http.impl.client.DefaultHttpClient - Connection can be kept alive indefinitely
14:49:40.265 [main] DEBUG io.restassured.internal.RestAssuredHttpBuilder - Parsing response as: application/json
14:49:40.265 [main] DEBUG org.apache.http.wire -  << "80[\r][\n]"
14:49:40.265 [main] DEBUG org.apache.http.wire -  << "[0x1f][0x8b][0x8][0x0][0x0][0x0][0x0][0x0][0x4][0xff][0xab]VJ-*[0xca]/R[0xb2]Rr[\r][\n]"
14:49:40.265 [main] DEBUG org.apache.http.wire -  << "[0xf2][0xf][0xb2]R[0xc8]K-W([0xca]/WH[0xcb]/R(J[0xcd]I,[0xc9][0xcc][0xcf]S[0x88]Q*J,[0xc9][0xcc]K/[0x8e]QR([0xcb][0xcc][0xcf]I,I-VH[0xce]HM[0xce]VH[0xce][0xcf]+.)J[0xcc][0xcc]+A[0xa8][0x8a]O[0xce]/[0xcd]+[0x89][0x7]+[0x88]QR[0xd0][0x8][0xe][0xf4][0x9][0xe]q[0xc]qU02654[0xd1]T[0xaa][0xe5][0x2][0x0]t[0xdc]t[0xaa]w[0x0][0x0][0x0]"
14:49:40.265 [main] DEBUG org.apache.http.wire -  << "[\r][\n]"
14:49:40.266 [main] DEBUG org.apache.http.wire -  << "0[\r][\n]"
14:49:40.266 [main] DEBUG org.apache.http.wire -  << "[\r][\n]"
14:49:40.266 [main] DEBUG io.restassured.internal.RestAssuredHttpBuilder - Parsed data to instance of: class org.apache.http.conn.EofSensorInputStream
14:49:40.266 [main] DEBUG org.apache.http.impl.conn.BasicClientConnectionManager - Releasing connection org.apache.http.impl.conn.ManagedClientConnectionImpl@47bbf44d
14:49:40.266 [main] DEBUG org.apache.http.impl.conn.BasicClientConnectionManager - Connection can be kept alive indefinitely
14:49:40.267 [main] DEBUG net.thucydides.core.steps.StepInterceptor - STEP DONE: I send POST HTTP request rating
  &amp#27;[32mWhen &amp#27;[0m&amp#27;[32mI send POST HTTP request rating2&amp#27;[0m              &amp#27;[90m# starter.stepdefinitions.RatingSteps.sendPostHttpRequestRating2()&amp#27;[0m
14:49:40.268 [main] DEBUG net.thucydides.core.steps.StepInterceptor - STARTING STEP: RatingSteps.receiveValidHttp500Rating - Then I receive valid HTTP response code 500 rating
14:49:40.269 [main] DEBUG net.thucydides.core.steps.StepInterceptor - STEP DONE: Then I receive valid HTTP response code 500 rating
  &amp#27;[32mThen &amp#27;[0m&amp#27;[32mI receive valid HTTP response code 500 rating&amp#27;[0m &amp#27;[90m# starter.stepdefinitions.RatingSteps.receiveValidHttp500Rating()&amp#27;[0m
14:49:40.270 [main] INFO  - 
  _____   ___   ___   _____     ___     _     ___   ___   ___   ___  
 |_   _| | __| / __| |_   _|   | _ \   /_\   / __| / __| | __| |   \ 
   | |   | _|  \__ \   | |     |  _/  / _ \  \__ \ \__ \ | _|  | |) |
   |_|   |___| |___/   |_|     |_|   /_/ \_\ |___/ |___/ |___| |___/ 

POST - Give product rating out of bond
----------------------------------------------------------------------
]]></system-out>
  </testcase>
  <testcase name="GET - Get product rating" classname="Rating" time="0.085">
    <system-out><![CDATA[
Scenario: GET - Get product rating                   &amp#27;[90m# src/test/resources/features/7. Rating.feature:17&amp#27;[0m
14:49:40.273 [main] DEBUG io.cucumber.core.plugin.SerenityReporter - Running feature from file:///E:/APIMinpro/API/minpro/src/test/resources/features/7.%20Rating.feature
14:49:40.274 [main] INFO  - 
  _____   ___   ___   _____     ___   _____     _     ___   _____   ___   ___  
 |_   _| | __| / __| |_   _|   / __| |_   _|   /_\   | _ \ |_   _| | __| |   \ 
   | |   | _|  \__ \   | |     \__ \   | |    / _ \  |   /   | |   | _|  | |) |
   |_|   |___| |___/   |_|     |___/   |_|   /_/ \_\ |_|_\   |_|   |___| |___/ 

GET - Get product rating(rating;get---get-product-rating)
--------------------------------------------------------------------------------
14:49:40.279 [main] DEBUG net.thucydides.core.steps.StepInterceptor - STARTING STEP: RatingSteps.setGetApiEndpointRating - I set GET api endpoints rating
14:49:40.279 [main] DEBUG net.thucydides.core.steps.StepInterceptor - STEP DONE: I set GET api endpoints rating
  &amp#27;[32mGiven &amp#27;[0m&amp#27;[32mI set GET api endpoints rating&amp#27;[0m               &amp#27;[90m# starter.stepdefinitions.RatingSteps.setGetApiEndpointRating()&amp#27;[0m
14:49:40.281 [main] DEBUG net.thucydides.core.steps.StepInterceptor - STARTING STEP: RatingSteps.sendGetHttpRequestRating - I send GET HTTP request rating
14:49:40.282 [main] DEBUG net.thucydides.core.steps.StepInterceptor - STARTING STEP: Rating.sendGetHttpRequestRating - I set GET api endpoints rating
14:49:40.282 [main] DEBUG net.thucydides.core.steps.StepInterceptor - STEP DONE: I set GET api endpoints rating
14:49:40.287 [main] DEBUG org.apache.http.impl.conn.BasicClientConnectionManager - Get connection for route {s}->https://altashop-api.fly.dev:443
14:49:40.287 [main] DEBUG org.apache.http.impl.conn.DefaultClientConnectionOperator - Connecting to altashop-api.fly.dev:443
14:49:40.329 [main] DEBUG org.apache.http.client.protocol.RequestAddCookies - CookieSpec selected: ignoreCookies
14:49:40.329 [main] DEBUG org.apache.http.client.protocol.RequestAuthCache - Auth cache not set in the context
14:49:40.329 [main] DEBUG org.apache.http.client.protocol.RequestTargetAuthentication - Target auth state: UNCHALLENGED
14:49:40.329 [main] DEBUG org.apache.http.client.protocol.RequestProxyAuthentication - Proxy auth state: UNCHALLENGED
14:49:40.329 [main] DEBUG org.apache.http.impl.client.DefaultHttpClient - Attempt 1 to execute request
14:49:40.329 [main] DEBUG org.apache.http.impl.conn.DefaultClientConnection - Sending request: GET /api/products/13680/ratings HTTP/1.1
14:49:40.329 [main] DEBUG org.apache.http.wire -  >> "GET /api/products/13680/ratings HTTP/1.1[\r][\n]"
14:49:40.329 [main] DEBUG org.apache.http.wire -  >> "Accept: */*[\r][\n]"
14:49:40.329 [main] DEBUG org.apache.http.wire -  >> "Host: altashop-api.fly.dev[\r][\n]"
14:49:40.329 [main] DEBUG org.apache.http.wire -  >> "Connection: Keep-Alive[\r][\n]"
14:49:40.329 [main] DEBUG org.apache.http.wire -  >> "User-Agent: Apache-HttpClient/4.5.13 (Java/11.0.15.1)[\r][\n]"
14:49:40.329 [main] DEBUG org.apache.http.wire -  >> "Accept-Encoding: gzip,deflate[\r][\n]"
14:49:40.329 [main] DEBUG org.apache.http.wire -  >> "[\r][\n]"
14:49:40.329 [main] DEBUG org.apache.http.headers - >> GET /api/products/13680/ratings HTTP/1.1
14:49:40.329 [main] DEBUG org.apache.http.headers - >> Accept: */*
14:49:40.329 [main] DEBUG org.apache.http.headers - >> Host: altashop-api.fly.dev
14:49:40.329 [main] DEBUG org.apache.http.headers - >> Connection: Keep-Alive
14:49:40.329 [main] DEBUG org.apache.http.headers - >> User-Agent: Apache-HttpClient/4.5.13 (Java/11.0.15.1)
14:49:40.329 [main] DEBUG org.apache.http.headers - >> Accept-Encoding: gzip,deflate
14:49:40.352 [main] DEBUG org.apache.http.wire -  << "HTTP/1.1 200 OK[\r][\n]"
14:49:40.352 [main] DEBUG org.apache.http.wire -  << "content-type: application/json[\r][\n]"
14:49:40.352 [main] DEBUG org.apache.http.wire -  << "date: Mon, 08 May 2023 07:49:39 GMT[\r][\n]"
14:49:40.352 [main] DEBUG org.apache.http.wire -  << "content-encoding: gzip[\r][\n]"
14:49:40.352 [main] DEBUG org.apache.http.wire -  << "transfer-encoding: chunked[\r][\n]"
14:49:40.352 [main] DEBUG org.apache.http.wire -  << "server: Fly/3f2597ca (2023-05-03)[\r][\n]"
14:49:40.352 [main] DEBUG org.apache.http.wire -  << "via: 1.1 fly.io[\r][\n]"
14:49:40.352 [main] DEBUG org.apache.http.wire -  << "fly-request-id: 01GZX5CT3KTS9HX4PJDQJDZ1XB-sin[\r][\n]"
14:49:40.352 [main] DEBUG org.apache.http.wire -  << "[\r][\n]"
14:49:40.352 [main] DEBUG org.apache.http.impl.conn.DefaultClientConnection - Receiving response: HTTP/1.1 200 OK
14:49:40.352 [main] DEBUG org.apache.http.headers - << HTTP/1.1 200 OK
14:49:40.352 [main] DEBUG org.apache.http.headers - << content-type: application/json
14:49:40.352 [main] DEBUG org.apache.http.headers - << date: Mon, 08 May 2023 07:49:39 GMT
14:49:40.352 [main] DEBUG org.apache.http.headers - << content-encoding: gzip
14:49:40.352 [main] DEBUG org.apache.http.headers - << transfer-encoding: chunked
14:49:40.352 [main] DEBUG org.apache.http.headers - << server: Fly/3f2597ca (2023-05-03)
14:49:40.352 [main] DEBUG org.apache.http.headers - << via: 1.1 fly.io
14:49:40.352 [main] DEBUG org.apache.http.headers - << fly-request-id: 01GZX5CT3KTS9HX4PJDQJDZ1XB-sin
14:49:40.352 [main] DEBUG org.apache.http.impl.client.DefaultHttpClient - Connection can be kept alive indefinitely
14:49:40.352 [main] DEBUG io.restassured.internal.RestAssuredHttpBuilder - Parsing response as: application/json
14:49:40.352 [main] DEBUG org.apache.http.wire -  << "1F[\r][\n]"
14:49:40.352 [main] DEBUG org.apache.http.wire -  << "[0x1f][0x8b][0x8][0x0][0x0][0x0][0x0][0x0][0x4][0xff][0xab]VJI,IT[0xb2]2[0xad][0xe5][0x2][0x0][0x83]B[0x1e]G[0xb][0x0][0x0][0x0]"
14:49:40.352 [main] DEBUG org.apache.http.wire -  << "[\r][\n]"
14:49:40.352 [main] DEBUG org.apache.http.wire -  << "0[\r][\n]"
14:49:40.352 [main] DEBUG org.apache.http.wire -  << "[\r][\n]"
14:49:40.352 [main] DEBUG io.restassured.internal.RestAssuredHttpBuilder - Parsed data to instance of: class org.apache.http.conn.EofSensorInputStream
14:49:40.353 [main] DEBUG org.apache.http.impl.conn.BasicClientConnectionManager - Releasing connection org.apache.http.impl.conn.ManagedClientConnectionImpl@775fec4
14:49:40.353 [main] DEBUG org.apache.http.impl.conn.BasicClientConnectionManager - Connection can be kept alive indefinitely
14:49:40.353 [main] DEBUG net.thucydides.core.steps.StepInterceptor - STEP DONE: I send GET HTTP request rating
  &amp#27;[32mWhen &amp#27;[0m&amp#27;[32mI send GET HTTP request rating&amp#27;[0m                &amp#27;[90m# starter.stepdefinitions.RatingSteps.sendGetHttpRequestRating()&amp#27;[0m
14:49:40.354 [main] DEBUG net.thucydides.core.steps.StepInterceptor - STARTING STEP: RatingSteps.receiveValidHttp200Rating - I receive valid HTTP response code 200 rating
14:49:40.355 [main] DEBUG net.thucydides.core.steps.StepInterceptor - STEP DONE: I receive valid HTTP response code 200 rating
  &amp#27;[32mThen &amp#27;[0m&amp#27;[32mI receive valid HTTP response code 200 rating&amp#27;[0m &amp#27;[90m# starter.stepdefinitions.RatingSteps.receiveValidHttp200Rating()&amp#27;[0m
14:49:40.356 [main] INFO  - 
  _____   ___   ___   _____     ___     _     ___   ___   ___   ___  
 |_   _| | __| / __| |_   _|   | _ \   /_\   / __| / __| | __| |   \ 
   | |   | _|  \__ \   | |     |  _/  / _ \  \__ \ \__ \ | _|  | |) |
   |_|   |___| |___/   |_|     |_|   /_/ \_\ |___/ |___/ |___| |___/ 

GET - Get product rating
----------------------------------------------------------------------
]]></system-out>
  </testcase>
  <testcase name="GET - Get product rating with invalid data" classname="Rating" time="0.1">
    <system-out><![CDATA[
Scenario: GET - Get product rating with invalid data &amp#27;[90m# src/test/resources/features/7. Rating.feature:22&amp#27;[0m
14:49:40.359 [main] DEBUG io.cucumber.core.plugin.SerenityReporter - Running feature from file:///E:/APIMinpro/API/minpro/src/test/resources/features/7.%20Rating.feature
14:49:40.360 [main] INFO  - 
  _____   ___   ___   _____     ___   _____     _     ___   _____   ___   ___  
 |_   _| | __| / __| |_   _|   / __| |_   _|   /_\   | _ \ |_   _| | __| |   \ 
   | |   | _|  \__ \   | |     \__ \   | |    / _ \  |   /   | |   | _|  | |) |
   |_|   |___| |___/   |_|     |___/   |_|   /_/ \_\ |_|_\   |_|   |___| |___/ 

GET - Get product rating with invalid data(rating;get---get-product-rating-with-invalid-data)
--------------------------------------------------------------------------------
14:49:40.366 [main] DEBUG net.thucydides.core.steps.StepInterceptor - STARTING STEP: RatingSteps.setGetApiEndpointRating2 - I set GET api endpoints rating2
14:49:40.366 [main] DEBUG net.thucydides.core.steps.StepInterceptor - STEP DONE: I set GET api endpoints rating2
  &amp#27;[32mGiven &amp#27;[0m&amp#27;[32mI set GET api endpoints rating2&amp#27;[0m              &amp#27;[90m# starter.stepdefinitions.RatingSteps.setGetApiEndpointRating2()&amp#27;[0m
14:49:40.369 [main] DEBUG net.thucydides.core.steps.StepInterceptor - STARTING STEP: RatingSteps.sendGetHttpRequestRating2 - I send GET HTTP request rating2
14:49:40.369 [main] DEBUG net.thucydides.core.steps.StepInterceptor - STARTING STEP: Rating.sendGetHttpRequestRating2 - I set GET api endpoints rating2
14:49:40.369 [main] DEBUG net.thucydides.core.steps.StepInterceptor - STEP DONE: I set GET api endpoints rating2
14:49:40.373 [main] DEBUG org.apache.http.impl.conn.BasicClientConnectionManager - Get connection for route {s}->https://altashop-api.fly.dev:443
14:49:40.374 [main] DEBUG org.apache.http.impl.conn.DefaultClientConnectionOperator - Connecting to altashop-api.fly.dev:443
14:49:40.425 [main] DEBUG org.apache.http.client.protocol.RequestAddCookies - CookieSpec selected: ignoreCookies
14:49:40.425 [main] DEBUG org.apache.http.client.protocol.RequestAuthCache - Auth cache not set in the context
14:49:40.425 [main] DEBUG org.apache.http.client.protocol.RequestTargetAuthentication - Target auth state: UNCHALLENGED
14:49:40.425 [main] DEBUG org.apache.http.client.protocol.RequestProxyAuthentication - Proxy auth state: UNCHALLENGED
14:49:40.425 [main] DEBUG org.apache.http.impl.client.DefaultHttpClient - Attempt 1 to execute request
14:49:40.425 [main] DEBUG org.apache.http.impl.conn.DefaultClientConnection - Sending request: GET /api/products/-13000/ratings HTTP/1.1
14:49:40.425 [main] DEBUG org.apache.http.wire -  >> "GET /api/products/-13000/ratings HTTP/1.1[\r][\n]"
14:49:40.425 [main] DEBUG org.apache.http.wire -  >> "Accept: */*[\r][\n]"
14:49:40.425 [main] DEBUG org.apache.http.wire -  >> "Host: altashop-api.fly.dev[\r][\n]"
14:49:40.425 [main] DEBUG org.apache.http.wire -  >> "Connection: Keep-Alive[\r][\n]"
14:49:40.425 [main] DEBUG org.apache.http.wire -  >> "User-Agent: Apache-HttpClient/4.5.13 (Java/11.0.15.1)[\r][\n]"
14:49:40.425 [main] DEBUG org.apache.http.wire -  >> "Accept-Encoding: gzip,deflate[\r][\n]"
14:49:40.425 [main] DEBUG org.apache.http.wire -  >> "[\r][\n]"
14:49:40.425 [main] DEBUG org.apache.http.headers - >> GET /api/products/-13000/ratings HTTP/1.1
14:49:40.425 [main] DEBUG org.apache.http.headers - >> Accept: */*
14:49:40.425 [main] DEBUG org.apache.http.headers - >> Host: altashop-api.fly.dev
14:49:40.425 [main] DEBUG org.apache.http.headers - >> Connection: Keep-Alive
14:49:40.425 [main] DEBUG org.apache.http.headers - >> User-Agent: Apache-HttpClient/4.5.13 (Java/11.0.15.1)
14:49:40.425 [main] DEBUG org.apache.http.headers - >> Accept-Encoding: gzip,deflate
14:49:40.452 [main] DEBUG org.apache.http.wire -  << "HTTP/1.1 500 Internal Server Error[\r][\n]"
14:49:40.452 [main] DEBUG org.apache.http.wire -  << "content-type: application/json[\r][\n]"
14:49:40.452 [main] DEBUG org.apache.http.wire -  << "date: Mon, 08 May 2023 07:49:39 GMT[\r][\n]"
14:49:40.452 [main] DEBUG org.apache.http.wire -  << "content-encoding: gzip[\r][\n]"
14:49:40.452 [main] DEBUG org.apache.http.wire -  << "transfer-encoding: chunked[\r][\n]"
14:49:40.452 [main] DEBUG org.apache.http.wire -  << "server: Fly/3f2597ca (2023-05-03)[\r][\n]"
14:49:40.452 [main] DEBUG org.apache.http.wire -  << "via: 1.1 fly.io[\r][\n]"
14:49:40.452 [main] DEBUG org.apache.http.wire -  << "fly-request-id: 01GZX5CT6NZ6Z7D4X3YZW6ZN2C-sin[\r][\n]"
14:49:40.452 [main] DEBUG org.apache.http.wire -  << "[\r][\n]"
14:49:40.452 [main] DEBUG org.apache.http.impl.conn.DefaultClientConnection - Receiving response: HTTP/1.1 500 Internal Server Error
14:49:40.452 [main] DEBUG org.apache.http.headers - << HTTP/1.1 500 Internal Server Error
14:49:40.452 [main] DEBUG org.apache.http.headers - << content-type: application/json
14:49:40.452 [main] DEBUG org.apache.http.headers - << date: Mon, 08 May 2023 07:49:39 GMT
14:49:40.452 [main] DEBUG org.apache.http.headers - << content-encoding: gzip
14:49:40.452 [main] DEBUG org.apache.http.headers - << transfer-encoding: chunked
14:49:40.452 [main] DEBUG org.apache.http.headers - << server: Fly/3f2597ca (2023-05-03)
14:49:40.452 [main] DEBUG org.apache.http.headers - << via: 1.1 fly.io
14:49:40.452 [main] DEBUG org.apache.http.headers - << fly-request-id: 01GZX5CT6NZ6Z7D4X3YZW6ZN2C-sin
14:49:40.452 [main] DEBUG org.apache.http.impl.client.DefaultHttpClient - Connection can be kept alive indefinitely
14:49:40.452 [main] DEBUG io.restassured.internal.RestAssuredHttpBuilder - Parsing response as: application/json
14:49:40.452 [main] DEBUG org.apache.http.wire -  << "5C[\r][\n]"
14:49:40.452 [main] DEBUG org.apache.http.wire -  << "[0x1f][0x8b][0x8][0x0][0x0][0x0][0x0][0x0][0x4][0xff][0xab]VJ-*[0xca]/R[0xb2]R2[0xb4]01137110767[0xb0]45[0xb6]034S[0xc8],VH/JM,I-R([0xc9]H[0xcc]S[0xc8]M[0xac][0xc8][0xcc]-[0xcd]U(K[0xcc])MUH[0xcb]/R[0xf0][0xcc]+1Q[0xaa][0xe5][0x2][0x0][0xf0][0xc5][0xea][0x99]H[0x0][0x0][0x0]"
14:49:40.452 [main] DEBUG org.apache.http.wire -  << "[\r][\n]"
14:49:40.452 [main] DEBUG org.apache.http.wire -  << "0[\r][\n]"
14:49:40.452 [main] DEBUG org.apache.http.wire -  << "[\r][\n]"
14:49:40.452 [main] DEBUG io.restassured.internal.RestAssuredHttpBuilder - Parsed data to instance of: class org.apache.http.conn.EofSensorInputStream
14:49:40.453 [main] DEBUG org.apache.http.impl.conn.BasicClientConnectionManager - Releasing connection org.apache.http.impl.conn.ManagedClientConnectionImpl@3ba015b1
14:49:40.453 [main] DEBUG org.apache.http.impl.conn.BasicClientConnectionManager - Connection can be kept alive indefinitely
14:49:40.453 [main] DEBUG net.thucydides.core.steps.StepInterceptor - STEP DONE: I send GET HTTP request rating2
  &amp#27;[32mWhen &amp#27;[0m&amp#27;[32mI send GET HTTP request rating2&amp#27;[0m               &amp#27;[90m# starter.stepdefinitions.RatingSteps.sendGetHttpRequestRating2()&amp#27;[0m
14:49:40.455 [main] DEBUG net.thucydides.core.steps.StepInterceptor - STARTING STEP: RatingSteps.receiveValidHttp500Rating - Then I receive valid HTTP response code 500 rating
14:49:40.455 [main] DEBUG net.thucydides.core.steps.StepInterceptor - STEP DONE: Then I receive valid HTTP response code 500 rating
  &amp#27;[32mThen &amp#27;[0m&amp#27;[32mI receive valid HTTP response code 500 rating&amp#27;[0m &amp#27;[90m# starter.stepdefinitions.RatingSteps.receiveValidHttp500Rating()&amp#27;[0m
14:49:40.456 [main] INFO  - 
  _____   ___   ___   _____     ___     _     ___   ___   ___   ___  
 |_   _| | __| / __| |_   _|   | _ \   /_\   / __| / __| | __| |   \ 
   | |   | _|  \__ \   | |     |  _/  / _ \  \__ \ \__ \ | _|  | |) |
   |_|   |___| |___/   |_|     |_|   /_/ \_\ |___/ |___/ |___| |___/ 

GET - Get product rating with invalid data
----------------------------------------------------------------------
]]></system-out>
  </testcase>
  <testcase name="POST - Post comment" classname="Comment" time="0.086">
    <system-out><![CDATA[14:49:40.457 [main] DEBUG io.cucumber.core.plugin.SerenityReporter - Running feature from file:///E:/APIMinpro/API/minpro/src/test/resources/features/8.%20Comment.feature
14:49:40.458 [main] DEBUG net.thucydides.core.steps.StepEventBus - Test suite started for story net.thucydides.core.model.Story@8ea159bb
14:49:40.458 [main] INFO  - Test Suite Started: Comment

Scenario: POST - Post comment                         &amp#27;[90m# src/test/resources/features/8. Comment.feature:7&amp#27;[0m
14:49:40.460 [main] DEBUG io.cucumber.core.plugin.SerenityReporter - Running feature from file:///E:/APIMinpro/API/minpro/src/test/resources/features/8.%20Comment.feature
14:49:40.461 [main] INFO  - 
  _____   ___   ___   _____     ___   _____     _     ___   _____   ___   ___  
 |_   _| | __| / __| |_   _|   / __| |_   _|   /_\   | _ \ |_   _| | __| |   \ 
   | |   | _|  \__ \   | |     \__ \   | |    / _ \  |   /   | |   | _|  | |) |
   |_|   |___| |___/   |_|     |___/   |_|   /_/ \_\ |_|_\   |_|   |___| |___/ 

POST - Post comment(comment;post---post-comment)
--------------------------------------------------------------------------------
14:49:40.466 [main] DEBUG net.thucydides.core.steps.StepInterceptor - STARTING STEP: CommentSteps.setPostApiEndpointComment - I set POST api endpoints 
14:49:40.466 [main] DEBUG net.thucydides.core.steps.StepInterceptor - STEP DONE: I set POST api endpoints 
  &amp#27;[32mGiven &amp#27;[0m&amp#27;[32mI set POST api endpoints comment&amp#27;[0m              &amp#27;[90m# starter.stepdefinitions.CommentSteps.setPostApiEndpointComment()&amp#27;[0m
14:49:40.467 [main] DEBUG net.thucydides.core.steps.StepInterceptor - STARTING STEP: CommentSteps.sentPostHttpRequestComment - I send POST HTTP request comment
14:49:40.468 [main] DEBUG net.thucydides.core.steps.StepInterceptor - STARTING STEP: Comment.sendPostHTTPRequestComment - I set POST api endpoints 
14:49:40.468 [main] DEBUG net.thucydides.core.steps.StepInterceptor - STEP DONE: I set POST api endpoints 
14:49:40.473 [main] DEBUG org.apache.http.impl.conn.BasicClientConnectionManager - Get connection for route {s}->https://altashop-api.fly.dev:443
14:49:40.473 [main] DEBUG org.apache.http.impl.conn.DefaultClientConnectionOperator - Connecting to altashop-api.fly.dev:443
14:49:40.515 [main] DEBUG org.apache.http.client.protocol.RequestAddCookies - CookieSpec selected: ignoreCookies
14:49:40.515 [main] DEBUG org.apache.http.client.protocol.RequestAuthCache - Auth cache not set in the context
14:49:40.515 [main] DEBUG org.apache.http.client.protocol.RequestProxyAuthentication - Proxy auth state: UNCHALLENGED
14:49:40.515 [main] DEBUG org.apache.http.impl.client.DefaultHttpClient - Attempt 1 to execute request
14:49:40.515 [main] DEBUG org.apache.http.impl.conn.DefaultClientConnection - Sending request: POST /api/products/2/comments HTTP/1.1
14:49:40.515 [main] DEBUG org.apache.http.wire -  >> "POST /api/products/2/comments HTTP/1.1[\r][\n]"
14:49:40.515 [main] DEBUG org.apache.http.wire -  >> "Authorization: Bearer eyJhbGciOiJIUzI1NiIsInR5cCI6IkpXVCJ9.eyJGdWxsbmFtZSI6IkFkaXR5YSBOdWdyYWhhIiwiRW1haWwiOiJhZGl0QGdtYWlsLmNvbSJ9.VM2lARkmmliu1pWtk1uhb8z5fGaElvH1jIoYM72Te3g[\r][\n]"
14:49:40.515 [main] DEBUG org.apache.http.wire -  >> "Accept: */*[\r][\n]"
14:49:40.515 [main] DEBUG org.apache.http.wire -  >> "Content-Type: text/plain; charset=ISO-8859-1[\r][\n]"
14:49:40.515 [main] DEBUG org.apache.http.wire -  >> "Content-Length: 87[\r][\n]"
14:49:40.515 [main] DEBUG org.apache.http.wire -  >> "Host: altashop-api.fly.dev[\r][\n]"
14:49:40.515 [main] DEBUG org.apache.http.wire -  >> "Connection: Keep-Alive[\r][\n]"
14:49:40.515 [main] DEBUG org.apache.http.wire -  >> "User-Agent: Apache-HttpClient/4.5.13 (Java/11.0.15.1)[\r][\n]"
14:49:40.515 [main] DEBUG org.apache.http.wire -  >> "Accept-Encoding: gzip,deflate[\r][\n]"
14:49:40.515 [main] DEBUG org.apache.http.wire -  >> "[\r][\n]"
14:49:40.515 [main] DEBUG org.apache.http.headers - >> POST /api/products/2/comments HTTP/1.1
14:49:40.515 [main] DEBUG org.apache.http.headers - >> Authorization: Bearer eyJhbGciOiJIUzI1NiIsInR5cCI6IkpXVCJ9.eyJGdWxsbmFtZSI6IkFkaXR5YSBOdWdyYWhhIiwiRW1haWwiOiJhZGl0QGdtYWlsLmNvbSJ9.VM2lARkmmliu1pWtk1uhb8z5fGaElvH1jIoYM72Te3g
14:49:40.515 [main] DEBUG org.apache.http.headers - >> Accept: */*
14:49:40.515 [main] DEBUG org.apache.http.headers - >> Content-Type: text/plain; charset=ISO-8859-1
14:49:40.515 [main] DEBUG org.apache.http.headers - >> Content-Length: 87
14:49:40.515 [main] DEBUG org.apache.http.headers - >> Host: altashop-api.fly.dev
14:49:40.515 [main] DEBUG org.apache.http.headers - >> Connection: Keep-Alive
14:49:40.515 [main] DEBUG org.apache.http.headers - >> User-Agent: Apache-HttpClient/4.5.13 (Java/11.0.15.1)
14:49:40.515 [main] DEBUG org.apache.http.headers - >> Accept-Encoding: gzip,deflate
14:49:40.515 [main] DEBUG org.apache.http.wire -  >> "{"content":"the games are great including Gran Turismo 7 but sadly GT4 is much better"}"
14:49:40.539 [main] DEBUG org.apache.http.wire -  << "HTTP/1.1 200 OK[\r][\n]"
14:49:40.539 [main] DEBUG org.apache.http.wire -  << "content-type: application/json[\r][\n]"
14:49:40.539 [main] DEBUG org.apache.http.wire -  << "date: Mon, 08 May 2023 07:49:39 GMT[\r][\n]"
14:49:40.539 [main] DEBUG org.apache.http.wire -  << "content-encoding: gzip[\r][\n]"
14:49:40.539 [main] DEBUG org.apache.http.wire -  << "transfer-encoding: chunked[\r][\n]"
14:49:40.539 [main] DEBUG org.apache.http.wire -  << "server: Fly/3f2597ca (2023-05-03)[\r][\n]"
14:49:40.539 [main] DEBUG org.apache.http.wire -  << "via: 1.1 fly.io[\r][\n]"
14:49:40.539 [main] DEBUG org.apache.http.wire -  << "fly-request-id: 01GZX5CT9EK86M990W1AJEFD1K-sin[\r][\n]"
14:49:40.539 [main] DEBUG org.apache.http.wire -  << "[\r][\n]"
14:49:40.539 [main] DEBUG org.apache.http.impl.conn.DefaultClientConnection - Receiving response: HTTP/1.1 200 OK
14:49:40.539 [main] DEBUG org.apache.http.headers - << HTTP/1.1 200 OK
14:49:40.539 [main] DEBUG org.apache.http.headers - << content-type: application/json
14:49:40.539 [main] DEBUG org.apache.http.headers - << date: Mon, 08 May 2023 07:49:39 GMT
14:49:40.539 [main] DEBUG org.apache.http.headers - << content-encoding: gzip
14:49:40.539 [main] DEBUG org.apache.http.headers - << transfer-encoding: chunked
14:49:40.539 [main] DEBUG org.apache.http.headers - << server: Fly/3f2597ca (2023-05-03)
14:49:40.539 [main] DEBUG org.apache.http.headers - << via: 1.1 fly.io
14:49:40.539 [main] DEBUG org.apache.http.headers - << fly-request-id: 01GZX5CT9EK86M990W1AJEFD1K-sin
14:49:40.539 [main] DEBUG org.apache.http.impl.client.DefaultHttpClient - Connection can be kept alive indefinitely
14:49:40.539 [main] DEBUG io.restassured.internal.RestAssuredHttpBuilder - Parsing response as: application/json
14:49:40.539 [main] DEBUG org.apache.http.wire -  << "9E[\r][\n]"
14:49:40.539 [main] DEBUG org.apache.http.wire -  << "[0x1f][0x8b][0x8][0x0][0x0][0x0][0x0][0x0][0x4][0xff][0xab]VJI,IT[0xb2][0xaa]V[0xf2]tQ[0xb2]24440[0xd4]Qr[0xce][0xcf]+I[0xcd]+Q[0xb2]R*[0xc9]HUHO[0xcc]M-VH,JUH/JM,Q[0xc8][0xcc]K[0xce])M[0xc9][0xcc]KWp/J[0xcc]S[0x8])-[0xca],[0xce][0xcd]W0WH*-Q(NL[0xc9][0xa9]Tp[0xf]1Q[0xc8],V[0xc8]-M[0xce]PHJ-)I-R[0xd2]Q[\n]"
14:49:40.539 [main] DEBUG org.apache.http.wire -  << "-N-R[0xb2][0xca]+[0xcd][0xc9][0xd1]Q[\n]"
14:49:40.539 [main] DEBUG org.apache.http.wire -  << "([0xca]O)M.[0x81]q[0x9d][0xf3]ss[0xc1][0x16][0x82]dkk[0xb9][0x0]:[0xed][0xb6][0x1d][0x96][0x0][0x0][0x0]"
14:49:40.539 [main] DEBUG org.apache.http.wire -  << "[\r][\n]"
14:49:40.539 [main] DEBUG org.apache.http.wire -  << "0[\r][\n]"
14:49:40.539 [main] DEBUG org.apache.http.wire -  << "[\r][\n]"
14:49:40.539 [main] DEBUG io.restassured.internal.RestAssuredHttpBuilder - Parsed data to instance of: class org.apache.http.conn.EofSensorInputStream
14:49:40.540 [main] DEBUG org.apache.http.impl.conn.BasicClientConnectionManager - Releasing connection org.apache.http.impl.conn.ManagedClientConnectionImpl@195888a6
14:49:40.540 [main] DEBUG org.apache.http.impl.conn.BasicClientConnectionManager - Connection can be kept alive indefinitely
14:49:40.540 [main] DEBUG net.thucydides.core.steps.StepInterceptor - STEP DONE: I send POST HTTP request comment
  &amp#27;[32mWhen &amp#27;[0m&amp#27;[32mI send POST HTTP request comment&amp#27;[0m               &amp#27;[90m# starter.stepdefinitions.CommentSteps.sentPostHttpRequestComment()&amp#27;[0m
14:49:40.542 [main] DEBUG net.thucydides.core.steps.StepInterceptor - STARTING STEP: CommentSteps.receiveValidHttp200Rating - I receive valid HTTP response code 200 comment
14:49:40.542 [main] DEBUG net.thucydides.core.steps.StepInterceptor - STEP DONE: I receive valid HTTP response code 200 comment
  &amp#27;[32mThen &amp#27;[0m&amp#27;[32mI receive valid HTTP response code 200 comment&amp#27;[0m &amp#27;[90m# starter.stepdefinitions.CommentSteps.receiveValidHttp200Rating()&amp#27;[0m
14:49:40.543 [main] INFO  - 
  _____   ___   ___   _____     ___     _     ___   ___   ___   ___  
 |_   _| | __| / __| |_   _|   | _ \   /_\   / __| / __| | __| |   \ 
   | |   | _|  \__ \   | |     |  _/  / _ \  \__ \ \__ \ | _|  | |) |
   |_|   |___| |___/   |_|     |_|   /_/ \_\ |___/ |___/ |___| |___/ 

POST - Post comment
----------------------------------------------------------------------
]]></system-out>
  </testcase>
  <testcase name="GET - Get comment with correct endpoints" classname="Comment" time="0.093">
    <system-out><![CDATA[
Scenario: GET - Get comment with correct endpoints    &amp#27;[90m# src/test/resources/features/8. Comment.feature:12&amp#27;[0m
14:49:40.546 [main] DEBUG io.cucumber.core.plugin.SerenityReporter - Running feature from file:///E:/APIMinpro/API/minpro/src/test/resources/features/8.%20Comment.feature
14:49:40.547 [main] INFO  - 
  _____   ___   ___   _____     ___   _____     _     ___   _____   ___   ___  
 |_   _| | __| / __| |_   _|   / __| |_   _|   /_\   | _ \ |_   _| | __| |   \ 
   | |   | _|  \__ \   | |     \__ \   | |    / _ \  |   /   | |   | _|  | |) |
   |_|   |___| |___/   |_|     |___/   |_|   /_/ \_\ |_|_\   |_|   |___| |___/ 

GET - Get comment with correct endpoints(comment;get---get-comment-with-correct-endpoints)
--------------------------------------------------------------------------------
14:49:40.552 [main] DEBUG net.thucydides.core.steps.StepInterceptor - STARTING STEP: CommentSteps.setGetApiEndpointComment - I set GET api endpoints comment
14:49:40.552 [main] DEBUG net.thucydides.core.steps.StepInterceptor - STEP DONE: I set GET api endpoints comment
  &amp#27;[32mGiven &amp#27;[0m&amp#27;[32mI set GET api endpoints comment&amp#27;[0m               &amp#27;[90m# starter.stepdefinitions.CommentSteps.setGetApiEndpointComment()&amp#27;[0m
14:49:40.554 [main] DEBUG net.thucydides.core.steps.StepInterceptor - STARTING STEP: CommentSteps.sendGetHttpRequestComment - I send GET HTTP request comment
14:49:40.555 [main] DEBUG net.thucydides.core.steps.StepInterceptor - STARTING STEP: Comment.sendGetHttpRequestComment - I set GET api endpoints comment
14:49:40.555 [main] DEBUG net.thucydides.core.steps.StepInterceptor - STEP DONE: I set GET api endpoints comment
14:49:40.559 [main] DEBUG org.apache.http.impl.conn.BasicClientConnectionManager - Get connection for route {s}->https://altashop-api.fly.dev:443
14:49:40.559 [main] DEBUG org.apache.http.impl.conn.DefaultClientConnectionOperator - Connecting to altashop-api.fly.dev:443
14:49:40.602 [main] DEBUG org.apache.http.client.protocol.RequestAddCookies - CookieSpec selected: ignoreCookies
14:49:40.602 [main] DEBUG org.apache.http.client.protocol.RequestAuthCache - Auth cache not set in the context
14:49:40.602 [main] DEBUG org.apache.http.client.protocol.RequestTargetAuthentication - Target auth state: UNCHALLENGED
14:49:40.602 [main] DEBUG org.apache.http.client.protocol.RequestProxyAuthentication - Proxy auth state: UNCHALLENGED
14:49:40.602 [main] DEBUG org.apache.http.impl.client.DefaultHttpClient - Attempt 1 to execute request
14:49:40.602 [main] DEBUG org.apache.http.impl.conn.DefaultClientConnection - Sending request: GET /api/products/2/comments HTTP/1.1
14:49:40.602 [main] DEBUG org.apache.http.wire -  >> "GET /api/products/2/comments HTTP/1.1[\r][\n]"
14:49:40.602 [main] DEBUG org.apache.http.wire -  >> "Accept: */*[\r][\n]"
14:49:40.602 [main] DEBUG org.apache.http.wire -  >> "Host: altashop-api.fly.dev[\r][\n]"
14:49:40.602 [main] DEBUG org.apache.http.wire -  >> "Connection: Keep-Alive[\r][\n]"
14:49:40.602 [main] DEBUG org.apache.http.wire -  >> "User-Agent: Apache-HttpClient/4.5.13 (Java/11.0.15.1)[\r][\n]"
14:49:40.602 [main] DEBUG org.apache.http.wire -  >> "Accept-Encoding: gzip,deflate[\r][\n]"
14:49:40.602 [main] DEBUG org.apache.http.wire -  >> "[\r][\n]"
14:49:40.602 [main] DEBUG org.apache.http.headers - >> GET /api/products/2/comments HTTP/1.1
14:49:40.602 [main] DEBUG org.apache.http.headers - >> Accept: */*
14:49:40.602 [main] DEBUG org.apache.http.headers - >> Host: altashop-api.fly.dev
14:49:40.602 [main] DEBUG org.apache.http.headers - >> Connection: Keep-Alive
14:49:40.602 [main] DEBUG org.apache.http.headers - >> User-Agent: Apache-HttpClient/4.5.13 (Java/11.0.15.1)
14:49:40.602 [main] DEBUG org.apache.http.headers - >> Accept-Encoding: gzip,deflate
14:49:40.628 [main] DEBUG org.apache.http.wire -  << "HTTP/1.1 200 OK[\r][\n]"
14:49:40.628 [main] DEBUG org.apache.http.wire -  << "content-type: application/json[\r][\n]"
14:49:40.628 [main] DEBUG org.apache.http.wire -  << "date: Mon, 08 May 2023 07:49:39 GMT[\r][\n]"
14:49:40.628 [main] DEBUG org.apache.http.wire -  << "transfer-encoding: chunked[\r][\n]"
14:49:40.628 [main] DEBUG org.apache.http.wire -  << "content-encoding: gzip[\r][\n]"
14:49:40.628 [main] DEBUG org.apache.http.wire -  << "server: Fly/3f2597ca (2023-05-03)[\r][\n]"
14:49:40.628 [main] DEBUG org.apache.http.wire -  << "via: 1.1 fly.io[\r][\n]"
14:49:40.628 [main] DEBUG org.apache.http.wire -  << "fly-request-id: 01GZX5CTC7J61QY47TSDBF0J0A-sin[\r][\n]"
14:49:40.628 [main] DEBUG org.apache.http.wire -  << "[\r][\n]"
14:49:40.628 [main] DEBUG org.apache.http.impl.conn.DefaultClientConnection - Receiving response: HTTP/1.1 200 OK
14:49:40.628 [main] DEBUG org.apache.http.headers - << HTTP/1.1 200 OK
14:49:40.628 [main] DEBUG org.apache.http.headers - << content-type: application/json
14:49:40.628 [main] DEBUG org.apache.http.headers - << date: Mon, 08 May 2023 07:49:39 GMT
14:49:40.628 [main] DEBUG org.apache.http.headers - << transfer-encoding: chunked
14:49:40.628 [main] DEBUG org.apache.http.headers - << content-encoding: gzip
14:49:40.628 [main] DEBUG org.apache.http.headers - << server: Fly/3f2597ca (2023-05-03)
14:49:40.628 [main] DEBUG org.apache.http.headers - << via: 1.1 fly.io
14:49:40.628 [main] DEBUG org.apache.http.headers - << fly-request-id: 01GZX5CTC7J61QY47TSDBF0J0A-sin
14:49:40.628 [main] DEBUG org.apache.http.impl.client.DefaultHttpClient - Connection can be kept alive indefinitely
14:49:40.628 [main] DEBUG io.restassured.internal.RestAssuredHttpBuilder - Parsing response as: application/json
14:49:40.628 [main] DEBUG org.apache.http.wire -  << "153[\r][\n]"
14:49:40.628 [main] DEBUG org.apache.http.wire -  << "[0x1f][0x8b][0x8][0x0][0x0][0x0][0x0][0x0][0x4][0xff][0xaa]VJI,IT[0xb2][0x8a][0xae]V[0xf2]tQ[0xb2]24056[0xd6]Qr[0xce][0xcf]+I[0xcd]+Q[0xb2]Rr[0xcc][0xc9]L,V[0xc8]LQH[0xc9],.[0xc9][0xcc]K.[0xc9][0xcc]W(N-,[0xcd]T(K-[0xca],I,[0xc9],[0xd6]S[0xd2]Q[\n]"
14:49:40.629 [main] DEBUG org.apache.http.wire -  << "-N-R[0xb2][0xca]+[0xcd][0xc9][0xd1]Q[\n]"
14:49:40.629 [main] DEBUG org.apache.http.wire -  << "([0xca]O)M.[0x81]q[0x9d][0xf3]ss[0xc1]f[0x81]dku[0x10][0xf6][0x98] [0xdb][0xe3][0x9c][0x9f][0x7]26[0xb1][0xa4][0xb4]H!'[0xb1]4%1[0xaf]$[0xb3]4W!7?'[0xb5][0xb8]$31U!1E![0xb5][0x84]\[0xab]L[0x91][0xad]*[0xc9]HUHO[0xcc]M-VH,JUH/JM,Q[0xc8][0xcc]K[0xce])M[0xc9][0xcc]KWp/J[0xcc]S[0x8])-[0xca],[0xce][0xcd]W0WH*-Q(NL[0xc9][0xa9]Tp[0xf]1Q[0xc8],V[0xc8]-M[0xce]PHJ-)I-"[0xd3][0xdf][0xe6][0x83][0xc9]1[0x16][0x83][0xc8]1&[0x6][0x83][0xc9]1[0x86][0x83][0xc9]1F[0xc8][0x8e][0xc9]T/)Vp+[0xca]LI[0xac]$/[0x9][0x9a][0xa0]d[0xf1][0x1][0xce][0xf]&[0x83])s[0x9a][0xa1][0x14]J[0x14][0x7][0xb4][0xd9]`[0xf2][0x9b][0xf9]`[0xca]^[0xe6][0x83])[0x9][0x9a][0xf][0xa6]h[0xb2][0xb0]D[0xce][0xeb][0x3][0x9c]9-[0x7]Q)hf0[0x88][0x12][0xb0][0x99][0xc1] [0x8a]&3c[0x94][0xfa][0x81][0xf6]i[0x6][0x0][0x0][0x0][0xff][0xff]"
14:49:40.629 [main] DEBUG org.apache.http.wire -  << "[\r][\n]"
14:49:40.629 [main] DEBUG org.apache.http.wire -  << "2F8[\r][\n]"
14:49:40.629 [main] DEBUG org.apache.http.wire -  << "[0x2][0xb7][0xf3]p4[0xec][0xcc][0xcc][0x6]S4[0x99][\r][0xa6][0x4]l<[0x88][0xca][0x19]3S[0x14][0xc7]PZ[0xd5][0x99][0x99][0x9a]![0x17][[0x94][0x1b][0x87][0xd2]Jv-QH-QH[0xad]HN-()-[0xca]T(,ML-J,Q[0xc8][0xcb][0xcc][0xc8][0xcc]Q[0xc8]O[0xc9],[0x81][0xb][0x81]z[0x11][0x99][0xe4][0xf5][0x13][0xcc]L[0x7]Qk[0xd8][0xcc]t0[0x15]0[0xa8][0xf5][0x80][0x9e][0x9e][0x9e]B[0xa2]Bnf^[0x8a]B^jjJ[0xb1]BR~~v[0xb1]Bb[0xb1]B[0xa2]Bqy~[0x11]L8Q[0xa1]<#[0xb5][0xa4][0xb8]$?/UG!3M![0xb3][0x4][0xd4][0x83]*[0xc9]W[0xc8]NM-P[0xc8],)VHMIO%3[0xb2],Q[0xca][0xbc][0xf0][0xcc][0xbc][0x92][0xd4]"[0x90][0xf1][0xc9][0xf9][0xb9][0x99]y[0xe9][0xe4][0x1a]J[0xdd]Tl[0x89][0x92][0x8a][0x1d][0xf3]R[0x14][0x8a][0xf3][0x15]2R[0x15][0x8a][0xb][0xf2][0xb3]Su[0x14][0x12][0xd1][0x5]J2[0x12]K[0x14]|@[0x1][0x98][0x9f][0xa6][0xe0][0x9c]X\[0x92][0x98][0x9b]Z[0x94][0xaa][0x3][0xee][0x85][0xe6][0xe5][0x97]+[0x80]J[0xf6][0xa2][0xc4][0xcc][0xbc]b[0x85]rP[0x8][0xe6][0xab][0xa7][0x16])dd[0x16]+d$[0xe6][0xe4][0xe8]([0x94]g[0x96]d([0xe4][0xe5]+[0xe4][0xe7][0xa5][0x82]T[0x16][0xa5]*[0x94][0x80]lK,[0xd2]S[0x88]L-[0xd6]Q l[0x2][0xc8]Ay[0xf9]%[0xa0]h[0xcc]/[0xcd][0x81]k'[0xab][0x97]af[0x89][0x92][0x80][0xa9][0x13]A[0xe6][0xa8]m[0x0]P[0x88]z*d$[0x96][0xa5]*$*[0x94][0xa4][0xe6][0xa5][0xa4][0x16][0x81][0xc2][0x16][0xd4][0x9f]W[0xc8][0xad]T[0xc8]HM,*QH[0xcb]/RH.[0xca],([0xc8][0x1]u[0xf9][0xf3]R[0x14][0x92]@[0x1][[0x94]R[0xc][0xe][0xff][0xa4][0xa2][0xfc][0xec][0xd4]<[0x85][0x92][0x8c][0xcc][0xbc]t2[0x87]2[0xcc][\r]P*[0x99][0x90][0x8c]T[0x5][0xbf][0xfc][0xa2][0x92][0xc][0x85][0xa2][0xd4][0xdc][0xd4][0xdc][0xa4][0xd4]"r[0xcd]5D)[0xa2]A[0x91]?p[0xe3][0x16][0xe6][0x86]([0xd1]9[0xc0][0x8e]1A[0xc9][0xfc][0x3][0xed][0x18][0x94]N[0xe3]@;[0x6][0xa5][0x4][0x1b]h[0xc7][0xc][0xa2][\n]"
14:49:40.629 [main] DEBUG org.apache.http.wire -  << "[0xd5][0xdc]t[0x10][0xb5]K[0xcd]M[0x7]S[0x2]6[0x1d]D[0x9d]qs[0xd3][0xc1][0x94][0x9b]P[0x1b][0xc9][0x3][0x9c][0x9b]P[0x9b][0xd8][0x3][0xed][0x18][0x94][0xa6][0xcd]@;f0[0xd5]M[0x83][0xa9][0xff]kn6[0x98][0xca][0x19][0xb3][0xc1]T[0xce][0xa0][0xe][0xf5][0xe]p[0x2]6[0x1b]L[0xb5][0xb6][0xd9]`[0xaa][0xb5][0x7][0xd3][0xa8][0xb5]9[0xea][0xa8][0xb5]Obiz[0x6][0xb4][0xd7]Y[0x90][0x9f]Y[0x9c][0x9f][0x7][0xea]1[0xa5][0xa5]&[0x16][0x91][0xd7][0xfb]4[0x1f]L[0xe3][0xd0][0xe6][0xe6](I211[0x91][0xac]^[0xa0][0xb9][0xf9]`[0xaa]',P[0x9a][0x80][0xc1]%[0xa5][0x5][0xa9]i[0xe4][0xcd][0xa1][0x99][[0xa0][0xf5][0xf9]JA[0x9d][0xcf][0xa4][0xcc][0xa2][0x14][0xf2][0x82][0xc9][0x2][0xa5][0x9c][0xe]J,K[0xcd]K[0xce]I,'[0xd3]0[0x94]r[0xd6][0xbd][0xa8]2--3/%[0x9f][0xbc][0x9]ks[0x8b][0xc1][0xd4] [0xb3]@I[0x95][0x3]\j[[0xc][0xa6][0x82][0xd2][0x12]%m[0xf]p[0xc8][0xa0][0x8e][0x17][0xe][0xb4]c[0x6]Q[0xeb][0xd0][0xc2][0x0]%[0xa3][0xf]l[0xc8]X[0x18][0xc][0xa2][0xac]ma0[0x88]F[0xbb],[0xc][0x6]Q[0xb5]ea8[0x88][0xb2][0xb6][0x85]!J[0xc5]7[0xc0][0x9][0xd8]p0[0xe5]&[0xc3][0xc1][0x94][0x9b][0x6][0xd3][0xd8][0xb1][0x85][0xe1][0xa0][0xca]M[0x83][0xa9]:0[0x1a]L[0xb9][0xc9][0x8]%[0x9a][0x2]J[0xb3][0xcb]KS[0xd2]3S1[0x1b][0xa1][0x0][0x0][0x0][0x0][0xff][0xff]"
14:49:40.629 [main] DEBUG org.apache.http.wire -  << "[\r][\n]"
14:49:40.629 [main] DEBUG org.apache.http.wire -  << "300[\r][\n]"
14:49:40.629 [main] DEBUG org.apache.http.wire -  << ""b}[0xa7][0x85][0xd1] j[0x1c]Y[0x18][0xf][0xa6][0x12]t0[0xad][0xd6][0xb0]0[0x1e]L[0x85][0x96][0xf1] j[0xdd][[0x18][0xf][0xa6][0x4]<[0x98][0xd6][0xc6]Z[0xc][0xa6][0xd9]7[0xb][0x93][0xc1][0x94][0x80]M[0x6]S[0x2]6[0x19]L[0x9]x0[0xcd][0xbe]Y[0xc][0xa6][0xd9]7[0x8b][0xc1]4[0xe1]e1[0x98][0xe6][0x98],[0x6][0xd3]z,[0x8b][0xc1][0xb4][0x1e][0xcb]b0[0xcd][0xa4]X[0x98][0xa1]4[0x1b][0x7][0xb8]Gh6[0x98]Z[0xf7][0xe6][0x83][0xa9]u[0x8f]:y1[0xc0][0xd1]d>[0x98]j[0xed][0xc1]4[0xef]b1[0x98]&L,[0xcc][0x7]SnB[0x9d]r[0x19][0xe0][0x4]l[0x81]2[0xc7]2[0xd0][0x8e][0x19]LC[0xa7][0x16][0x83][0xa9]:[0x18]L[0xbb]i,[0x6][0xd3][0xac][0x88][0x5][0xea][0xfa]i[0xff][0xe4][0xe4][0xc4][0xd4][0xe4][0xc4][0x92]L[0x85][0xd4][0xc4]"[0x94][0x8d][0xb7][0x85][0xa5][0x99][0x89][\n]"
14:49:40.629 [main] DEBUG org.apache.http.wire -  << "e[0xf9]9[0xa5][0x5]%[0x89][0xc5][\n]"
14:49:40.629 [main] DEBUG org.apache.http.wire -  << "`[0x1e]h[0xfb]o^jn>y[0xd3][0xdc][0x16][0x96][0x83][0xa9][0xec][0xb7][0x1c]L[0x9d]$[0xd4]%[0xd3][0x3][[0xa8]X[0xa2].[0xb5][0x1e]h[0xc7][0xc][0xa2][0x96][0x94][0xa5][0xc1] *[0xfb]-[\r][0x6]Q[0x2][0xb6][0x1c]L3U[0x96][0x83]i[0xc5][0xba][0xa5][0xd1] [0x1a][0x81][0xb6][0x1c]L[0xb3][0xe][0x96]F[0x83]h[0xe][0xcf][0xd2]h0em[0xa3]ATQZ[0x1a][\r][0xa2]6[0xa6][0xa5][0xd1] [0x1a]g[0xb5]D[0x9d]6[0x1b][0xe0][0x8a]r0M[0xbb]Y[0x1a][0xf][0xa6]Z{0M[0xbb]Y[0xe][0xa6][0xad][0xc0][0x96][0xc6][0x83][0xa8][0xc7]f9[0x98][0xa6][0xdd],[0x7][0xd3]I)[0x96][0x83]i[0xa6][0xcb]r0[0x1d][0xdb]b9[0x98][0xa6][0xdd],M[0x6]Sn[0x1a]Ls[0x80][0x96]&[0x83]h4[0xd1]r0MHZ[0x9a][0xe][0xa6][0x8a]r0[0xcd][0x8e]Z[0xe][0xa6][0xbd][0x89][0x96][0x83]i[0xaa][0xd6]r0[0xed]M[0xb4][0x1c]L[0xf3][0xc6][0x96][0xa6][0x83][0xa9][0x4][0x1e]L[0x93][0xd8][0x96][0x83]i[0x12][0xdb]r0m[0x94][0xb4]D[0xdd][0x81][0x17][0x9e][0x98][PZL[0xd6][0xc2]G[0xcb][0xc1]4[0x1d]n[0x89][0xba][0x97]/8[0xa7][0xb2]$#[0xb5](3[0x8f]L[0x9f]Q[0xab][0xfe]N,.[0x5][0x1d][0xd5]B[0xe9]Y[0x9a][0x96][0x83]is[0xa0]%[0xea][0xe6][0xb2][0x1][0x1e][0x6]@[0x9d][0xf7][0xa2]([0xde][\r][\r][0xc][0x6][0xcf]h[0x8b][0xa1][0xc1] [0xda]`h0[0x88][0xf6][0x1f][0x18][0x1a][0xc][0xa2][0xfd][0x7][0x86][0x6][0x86][0x83])[0xcd][0xa0][0xe][0x17]R[0xb4][0xbb][0xd2][0xd0]`[0x10]m[\r]240[0x1c]<[0xe3][0xd5][0x86][0x6][0x83]h[0xec][0xd1][0xd0][0xc0][0x8][0xa5][0xb2][0xca]I-([0xc9]/P[0xc8]--J[0xcc] [0xa7][0xf2]34[0x18]D[0x8b][0x9e][\r][\r][0x6][0xd1][0xb8][0x94][0xa1][0xc1] [0x1a][0x97]24[0x18]D[0xe3]R[0x86][0x6][0x83]h\[0xca][0xd0]`[0x10][0x8d]K[0x19][0x1a][0xc][0xa2]q)C[0x83]A4.eh0[0x88][0xc6][0xa5][0xc][\r][0x6][0xd1][0xb8][0x94][0xa1][0xc1] [0x1a][0x97]24[0x18]D[0xa3]/[0x86][0x6][0x83]h[0x8c][0xc1][0xd0]`[0x10][0x1d]znh0[0x88]z[0x88][0x86][0x6][0x83]h9[0xb8][0xa1][0x81][0xf9][0xe0]Yvah0[0x88][0xd6][0xa6][0x1b][0x1a][0xa0][0x9e]|3[0xa0][0x1d]yC[0x83]A[0xb4][0x1c][0xdc][0xd0][0xc0][0x1c]e[0xad][0x99]cIai*[0xe4][0xf4][0xe5][0xd4][0x8a][0xd4][0xa2]d[0xf0]u0[0xf9]y[0xa9][0xb9][\n]"
14:49:40.629 [main] DEBUG org.apache.http.wire -  << "[0xa9][0x89][\n]"
14:49:40.629 [main] DEBUG org.apache.http.wire -  << "[0xa5]%[\n]"
14:49:40.629 [main] DEBUG org.apache.http.wire -  << "%[0xa9][0xb9][0x5][0xf9]E[0x99]I[0xa5][0xc5][\n]"
14:49:40.629 [main] DEBUG org.apache.http.wire -  << "[0x99]y[\n]"
14:49:40.629 [main] DEBUG org.apache.http.wire -  << "[0xc5][0xa5][0xc5][0xc9][0x99][0x5][0x99][0xe4][0xdd][0xe1]bh0[0x88]V[0xa2][0x1b][0x1a][0xc][0xa2][0xa1][0x1e]C[0x83]At$[0x8e][0xa1][0xc1] Z[0xfc]mh0[0x88][0xce][0xe7]14[0x18]D[0xe7][0xf3][0x18][0x1a]XR6l[0x0][0x0][0x0][0x0][0xff][0xff]"
14:49:40.629 [main] DEBUG org.apache.http.wire -  << "[\r][\n]"
14:49:40.629 [main] DEBUG org.apache.http.wire -  << "44[\r][\n]"
14:49:40.629 [main] DEBUG org.apache.http.wire -  << "[0xa2][0xe6][0x8d]H[0x86][0x6][0x83]h[0xd5][0xb3][0xa1][0xc1] Z[0xa3]oh[0x80][0xba]F[0x80]k[0xa2]A[0xb4]l[0xdf][0xd0][0xc0]r0[\r]/[0xa2][0x1e][0xf3]>[0xd0][0xd1][0x84]RG[0xf][0xac]c[0xc][0x7][0xd1][0x1e][0x2]CC[0xd4]c[0xda][0x7]$dbk[0xb9][0x0][0x0][0x0][0x0][0xff][0xff]"
14:49:40.629 [main] DEBUG org.apache.http.wire -  << "[\r][\n]"
14:49:40.629 [main] DEBUG org.apache.http.wire -  << "A[\r][\n]"
14:49:40.629 [main] DEBUG org.apache.http.wire -  << "[0x3][0x0]IJ[0xdd]ro[0x0][0x0]"
14:49:40.629 [main] DEBUG org.apache.http.wire -  << "[\r][\n]"
14:49:40.629 [main] DEBUG org.apache.http.wire -  << "0[\r][\n]"
14:49:40.629 [main] DEBUG org.apache.http.wire -  << "[\r][\n]"
14:49:40.629 [main] DEBUG io.restassured.internal.RestAssuredHttpBuilder - Parsed data to instance of: class org.apache.http.conn.EofSensorInputStream
14:49:40.630 [main] DEBUG org.apache.http.impl.conn.BasicClientConnectionManager - Releasing connection org.apache.http.impl.conn.ManagedClientConnectionImpl@7af2ee23
14:49:40.630 [main] DEBUG org.apache.http.impl.conn.BasicClientConnectionManager - Connection can be kept alive indefinitely
14:49:40.633 [main] DEBUG net.thucydides.core.steps.StepInterceptor - STEP DONE: I send GET HTTP request comment
  &amp#27;[32mWhen &amp#27;[0m&amp#27;[32mI send GET HTTP request comment&amp#27;[0m                &amp#27;[90m# starter.stepdefinitions.CommentSteps.sendGetHttpRequestComment()&amp#27;[0m
14:49:40.635 [main] DEBUG net.thucydides.core.steps.StepInterceptor - STARTING STEP: CommentSteps.receiveValidHttp200Rating - I receive valid HTTP response code 200 comment
14:49:40.635 [main] DEBUG net.thucydides.core.steps.StepInterceptor - STEP DONE: I receive valid HTTP response code 200 comment
  &amp#27;[32mThen &amp#27;[0m&amp#27;[32mI receive valid HTTP response code 200 comment&amp#27;[0m &amp#27;[90m# starter.stepdefinitions.CommentSteps.receiveValidHttp200Rating()&amp#27;[0m
14:49:40.636 [main] INFO  - 
  _____   ___   ___   _____     ___     _     ___   ___   ___   ___  
 |_   _| | __| / __| |_   _|   | _ \   /_\   / __| / __| | __| |   \ 
   | |   | _|  \__ \   | |     |  _/  / _ \  \__ \ \__ \ | _|  | |) |
   |_|   |___| |___/   |_|     |_|   /_/ \_\ |___/ |___/ |___| |___/ 

GET - Get comment with correct endpoints
----------------------------------------------------------------------
]]></system-out>
  </testcase>
  <testcase name="Get comment with incorrect endpoints" classname="Comment" time="0.082">
    <system-out><![CDATA[
Scenario: Get comment with incorrect endpoints        &amp#27;[90m# src/test/resources/features/8. Comment.feature:17&amp#27;[0m
14:49:40.639 [main] DEBUG io.cucumber.core.plugin.SerenityReporter - Running feature from file:///E:/APIMinpro/API/minpro/src/test/resources/features/8.%20Comment.feature
14:49:40.640 [main] INFO  - 
  _____   ___   ___   _____     ___   _____     _     ___   _____   ___   ___  
 |_   _| | __| / __| |_   _|   / __| |_   _|   /_\   | _ \ |_   _| | __| |   \ 
   | |   | _|  \__ \   | |     \__ \   | |    / _ \  |   /   | |   | _|  | |) |
   |_|   |___| |___/   |_|     |___/   |_|   /_/ \_\ |_|_\   |_|   |___| |___/ 

Get comment with incorrect endpoints(comment;get-comment-with-incorrect-endpoints)
--------------------------------------------------------------------------------
14:49:40.644 [main] DEBUG net.thucydides.core.steps.StepInterceptor - STARTING STEP: CommentSteps.setGetApiEndpointComment2 - I set GET api endpoints comment2
14:49:40.645 [main] DEBUG net.thucydides.core.steps.StepInterceptor - STEP DONE: I set GET api endpoints comment2
  &amp#27;[32mGiven &amp#27;[0m&amp#27;[32mI set GET api endpoints comment2&amp#27;[0m              &amp#27;[90m# starter.stepdefinitions.CommentSteps.setGetApiEndpointComment2()&amp#27;[0m
14:49:40.646 [main] DEBUG net.thucydides.core.steps.StepInterceptor - STARTING STEP: CommentSteps.sendGetHttpRequestComment2 - I send GET HTTP request comment2
14:49:40.647 [main] DEBUG net.thucydides.core.steps.StepInterceptor - STARTING STEP: Comment.sendGetHttpRequestComment2 - I set GET api endpoints comment2
14:49:40.647 [main] DEBUG net.thucydides.core.steps.StepInterceptor - STEP DONE: I set GET api endpoints comment2
14:49:40.650 [main] DEBUG org.apache.http.impl.conn.BasicClientConnectionManager - Get connection for route {s}->https://altashop-api.fly.dev:443
14:49:40.650 [main] DEBUG org.apache.http.impl.conn.DefaultClientConnectionOperator - Connecting to altashop-api.fly.dev:443
14:49:40.693 [main] DEBUG org.apache.http.client.protocol.RequestAddCookies - CookieSpec selected: ignoreCookies
14:49:40.693 [main] DEBUG org.apache.http.client.protocol.RequestAuthCache - Auth cache not set in the context
14:49:40.693 [main] DEBUG org.apache.http.client.protocol.RequestTargetAuthentication - Target auth state: UNCHALLENGED
14:49:40.693 [main] DEBUG org.apache.http.client.protocol.RequestProxyAuthentication - Proxy auth state: UNCHALLENGED
14:49:40.693 [main] DEBUG org.apache.http.impl.client.DefaultHttpClient - Attempt 1 to execute request
14:49:40.693 [main] DEBUG org.apache.http.impl.conn.DefaultClientConnection - Sending request: GET /api/products/2/comment HTTP/1.1
14:49:40.693 [main] DEBUG org.apache.http.wire -  >> "GET /api/products/2/comment HTTP/1.1[\r][\n]"
14:49:40.693 [main] DEBUG org.apache.http.wire -  >> "Accept: */*[\r][\n]"
14:49:40.693 [main] DEBUG org.apache.http.wire -  >> "Host: altashop-api.fly.dev[\r][\n]"
14:49:40.693 [main] DEBUG org.apache.http.wire -  >> "Connection: Keep-Alive[\r][\n]"
14:49:40.693 [main] DEBUG org.apache.http.wire -  >> "User-Agent: Apache-HttpClient/4.5.13 (Java/11.0.15.1)[\r][\n]"
14:49:40.693 [main] DEBUG org.apache.http.wire -  >> "Accept-Encoding: gzip,deflate[\r][\n]"
14:49:40.693 [main] DEBUG org.apache.http.wire -  >> "[\r][\n]"
14:49:40.693 [main] DEBUG org.apache.http.headers - >> GET /api/products/2/comment HTTP/1.1
14:49:40.693 [main] DEBUG org.apache.http.headers - >> Accept: */*
14:49:40.693 [main] DEBUG org.apache.http.headers - >> Host: altashop-api.fly.dev
14:49:40.693 [main] DEBUG org.apache.http.headers - >> Connection: Keep-Alive
14:49:40.693 [main] DEBUG org.apache.http.headers - >> User-Agent: Apache-HttpClient/4.5.13 (Java/11.0.15.1)
14:49:40.693 [main] DEBUG org.apache.http.headers - >> Accept-Encoding: gzip,deflate
14:49:40.715 [main] DEBUG org.apache.http.wire -  << "HTTP/1.1 404 Not Found[\r][\n]"
14:49:40.715 [main] DEBUG org.apache.http.wire -  << "date: Mon, 08 May 2023 07:49:39 GMT[\r][\n]"
14:49:40.715 [main] DEBUG org.apache.http.wire -  << "content-encoding: gzip[\r][\n]"
14:49:40.715 [main] DEBUG org.apache.http.wire -  << "content-type: text/plain; charset=utf-8[\r][\n]"
14:49:40.715 [main] DEBUG org.apache.http.wire -  << "transfer-encoding: chunked[\r][\n]"
14:49:40.715 [main] DEBUG org.apache.http.wire -  << "server: Fly/3f2597ca (2023-05-03)[\r][\n]"
14:49:40.715 [main] DEBUG org.apache.http.wire -  << "via: 1.1 fly.io[\r][\n]"
14:49:40.715 [main] DEBUG org.apache.http.wire -  << "fly-request-id: 01GZX5CTF3X6TAT8BJFKK8H546-sin[\r][\n]"
14:49:40.715 [main] DEBUG org.apache.http.wire -  << "[\r][\n]"
14:49:40.715 [main] DEBUG org.apache.http.impl.conn.DefaultClientConnection - Receiving response: HTTP/1.1 404 Not Found
14:49:40.715 [main] DEBUG org.apache.http.headers - << HTTP/1.1 404 Not Found
14:49:40.715 [main] DEBUG org.apache.http.headers - << date: Mon, 08 May 2023 07:49:39 GMT
14:49:40.715 [main] DEBUG org.apache.http.headers - << content-encoding: gzip
14:49:40.715 [main] DEBUG org.apache.http.headers - << content-type: text/plain; charset=utf-8
14:49:40.715 [main] DEBUG org.apache.http.headers - << transfer-encoding: chunked
14:49:40.715 [main] DEBUG org.apache.http.headers - << server: Fly/3f2597ca (2023-05-03)
14:49:40.715 [main] DEBUG org.apache.http.headers - << via: 1.1 fly.io
14:49:40.715 [main] DEBUG org.apache.http.headers - << fly-request-id: 01GZX5CTF3X6TAT8BJFKK8H546-sin
14:49:40.715 [main] DEBUG org.apache.http.impl.client.DefaultHttpClient - Connection can be kept alive indefinitely
14:49:40.715 [main] DEBUG io.restassured.internal.RestAssuredHttpBuilder - Parsing response as: text/plain; charset=utf-8
14:49:40.715 [main] DEBUG org.apache.http.wire -  << "1E[\r][\n]"
14:49:40.715 [main] DEBUG org.apache.http.wire -  << "[0x1f][0x8b][0x8][0x0][0x0][0x0][0x0][0x0][0x4][0xff][0xcb][0xcb]/QH[0xcb]/[0xcd]K[0xe1][0x2][0x0][0xd4]I[0xfa]r[\n]"
14:49:40.715 [main] DEBUG org.apache.http.wire -  << "[0x0][0x0][0x0]"
14:49:40.715 [main] DEBUG org.apache.http.wire -  << "[\r][\n]"
14:49:40.716 [main] DEBUG org.apache.http.wire -  << "0[\r][\n]"
14:49:40.716 [main] DEBUG org.apache.http.wire -  << "[\r][\n]"
14:49:40.716 [main] DEBUG io.restassured.internal.RestAssuredHttpBuilder - Parsed data to instance of: class org.apache.http.conn.EofSensorInputStream
14:49:40.716 [main] DEBUG org.apache.http.impl.conn.BasicClientConnectionManager - Releasing connection org.apache.http.impl.conn.ManagedClientConnectionImpl@7be9e9fc
14:49:40.716 [main] DEBUG org.apache.http.impl.conn.BasicClientConnectionManager - Connection can be kept alive indefinitely
14:49:40.716 [main] DEBUG net.thucydides.core.steps.StepInterceptor - STEP DONE: I send GET HTTP request comment2
  &amp#27;[32mWhen &amp#27;[0m&amp#27;[32mI send GET HTTP request comment2&amp#27;[0m               &amp#27;[90m# starter.stepdefinitions.CommentSteps.sendGetHttpRequestComment2()&amp#27;[0m
14:49:40.717 [main] DEBUG net.thucydides.core.steps.StepInterceptor - STARTING STEP: CommentSteps.receiveValidHttp404Rating - Then I receive valid HTTP response code 404 comment
14:49:40.718 [main] DEBUG net.thucydides.core.steps.StepInterceptor - STEP DONE: Then I receive valid HTTP response code 404 comment
  &amp#27;[32mThen &amp#27;[0m&amp#27;[32mI receive valid HTTP response code 404 comment&amp#27;[0m &amp#27;[90m# starter.stepdefinitions.CommentSteps.receiveValidHttp404Rating()&amp#27;[0m
14:49:40.719 [main] INFO  - 
  _____   ___   ___   _____     ___     _     ___   ___   ___   ___  
 |_   _| | __| / __| |_   _|   | _ \   /_\   / __| / __| | __| |   \ 
   | |   | _|  \__ \   | |     |  _/  / _ \  \__ \ \__ \ | _|  | |) |
   |_|   |___| |___/   |_|     |_|   /_/ \_\ |___/ |___/ |___| |___/ 

Get comment with incorrect endpoints
----------------------------------------------------------------------
]]></system-out>
  </testcase>
</testsuite>